[33mWARN: gym.spaces.Box autodetected dtype as <class 'numpy.float32'>. Please provide explicit dtype.[0m
All para: Epis 1000 memlen 100000 gamma 0.990 epsilon 0.993 alpha 0.00030 batch 30 upfreq 2000
episode: 0 count: 103 score: -201.7553 average_last200: -201.7553 epis: 0.9930 loss: 0.0000 
episode: 1 count: 84 score: -164.3968 average_last200: -183.0761 epis: 0.9860 loss: 0.0000 
episode: 2 count: 132 score: -150.1011 average_last200: -172.0844 epis: 0.9791 loss: 0.0000 
episode: 3 count: 75 score: -148.4693 average_last200: -166.1806 epis: 0.9723 loss: 0.0000 
episode: 4 count: 94 score: -340.2749 average_last200: -200.9995 epis: 0.9655 loss: 0.0000 
episode: 5 count: 85 score: -482.3786 average_last200: -247.8960 epis: 0.9587 loss: 0.0000 
episode: 6 count: 62 score: -104.0794 average_last200: -227.3508 epis: 0.9520 loss: 0.0000 
episode: 7 count: 101 score: -191.6797 average_last200: -222.8919 epis: 0.9454 loss: 0.0000 
episode: 8 count: 92 score: -351.0453 average_last200: -237.1312 epis: 0.9387 loss: 0.0000 
episode: 9 count: 129 score: -448.6276 average_last200: -258.2808 epis: 0.9322 loss: 0.0000 
episode: 10 count: 67 score: -276.9074 average_last200: -259.9741 epis: 0.9256 loss: 21.3169 
episode: 11 count: 104 score: -351.6185 average_last200: -267.6112 epis: 0.9192 loss: 75.5458 
episode: 12 count: 75 score: -322.4809 average_last200: -271.8319 epis: 0.9127 loss: 46.5369 
episode: 13 count: 122 score: -401.6388 average_last200: -281.1038 epis: 0.9063 loss: 60.1405 
episode: 14 count: 110 score: -613.4107 average_last200: -303.2576 epis: 0.9000 loss: 53.2214 
episode: 15 count: 85 score: -290.6234 average_last200: -302.4680 epis: 0.8937 loss: 47.2989 
episode: 16 count: 133 score: -280.9568 average_last200: -301.2026 epis: 0.8874 loss: 63.6515 
episode: 17 count: 106 score: -198.9455 average_last200: -295.5217 epis: 0.8812 loss: 53.8665 
episode: 18 count: 102 score: -198.1611 average_last200: -290.3974 epis: 0.8751 loss: 49.7634 
episode: 19 count: 118 score: -167.2024 average_last200: -284.2377 epis: 0.8689 loss: 47.2519 
episode: 20 count: 101 score: -436.9187 average_last200: -291.5082 epis: 0.8628 loss: 45.1558 
episode: 21 count: 179 score: -199.8516 average_last200: -287.3420 epis: 0.8568 loss: 68.3262 
episode: 22 count: 84 score: -236.8424 average_last200: -285.1464 epis: 0.8508 loss: 29.4839 
episode: 23 count: 80 score: -100.1780 average_last200: -277.4393 epis: 0.8449 loss: 29.0307 
episode: 24 count: 119 score: -419.5756 average_last200: -283.1248 epis: 0.8389 loss: 47.8579 
episode: 25 count: 118 score: -203.0213 average_last200: -280.0439 epis: 0.8331 loss: 42.3707 
episode: 26 count: 126 score: -294.0808 average_last200: -280.5638 epis: 0.8272 loss: 35.4715 
episode: 27 count: 110 score: -271.6509 average_last200: -280.2454 epis: 0.8214 loss: 43.4782 
episode: 28 count: 102 score: -154.3939 average_last200: -275.9057 epis: 0.8157 loss: 35.0818 
episode: 29 count: 97 score: -317.1051 average_last200: -277.2791 epis: 0.8100 loss: 33.0241 
episode: 30 count: 121 score: -159.3335 average_last200: -273.4744 epis: 0.8043 loss: 35.5589 
episode: 31 count: 124 score: -328.2771 average_last200: -275.1869 epis: 0.7987 loss: 39.2189 
episode: 32 count: 93 score: -277.5450 average_last200: -275.2584 epis: 0.7931 loss: 32.6293 
episode: 33 count: 114 score: -164.0967 average_last200: -271.9889 epis: 0.7875 loss: 37.2647 
episode: 34 count: 118 score: -232.0787 average_last200: -270.8486 epis: 0.7820 loss: 49.9640 
episode: 35 count: 84 score: -138.6517 average_last200: -267.1765 epis: 0.7766 loss: 26.3733 
episode: 36 count: 98 score: -148.7423 average_last200: -263.9756 epis: 0.7711 loss: 40.9317 
episode: 37 count: 138 score: -207.1832 average_last200: -262.4810 epis: 0.7657 loss: 52.1674 
episode: 38 count: 103 score: -246.7275 average_last200: -262.0771 epis: 0.7604 loss: 36.8117 
episode: 39 count: 129 score: -94.1824 average_last200: -257.8797 epis: 0.7550 loss: 48.0180 
episode: 40 count: 75 score: -151.6030 average_last200: -255.2876 epis: 0.7498 loss: 25.6205 
episode: 41 count: 77 score: -237.8767 average_last200: -254.8731 epis: 0.7445 loss: 22.1527 
episode: 42 count: 166 score: -369.5295 average_last200: -257.5395 epis: 0.7393 loss: 49.5342 
episode: 43 count: 135 score: -126.7083 average_last200: -254.5661 epis: 0.7341 loss: 51.0224 
episode: 44 count: 109 score: -251.8909 average_last200: -254.5066 epis: 0.7290 loss: 33.1305 
episode: 45 count: 146 score: -261.7996 average_last200: -254.6652 epis: 0.7239 loss: 40.4277 
episode: 46 count: 148 score: -237.0613 average_last200: -254.2906 epis: 0.7188 loss: 56.8430 
episode: 47 count: 123 score: -101.1204 average_last200: -251.0996 epis: 0.7138 loss: 35.2916 
episode: 48 count: 63 score: -197.0964 average_last200: -249.9975 epis: 0.7088 loss: 18.2119 
episode: 49 count: 136 score: -129.4268 average_last200: -247.5861 epis: 0.7038 loss: 39.0965 
episode: 50 count: 113 score: -152.1464 average_last200: -245.7147 epis: 0.6989 loss: 32.6288 
episode: 51 count: 129 score: -136.4323 average_last200: -243.6131 epis: 0.6940 loss: 39.6582 
episode: 52 count: 138 score: -189.0960 average_last200: -242.5845 epis: 0.6891 loss: 46.6954 
episode: 53 count: 96 score: -70.7177 average_last200: -239.4018 epis: 0.6843 loss: 34.0870 
episode: 54 count: 94 score: -75.2017 average_last200: -236.4163 epis: 0.6795 loss: 27.6531 
episode: 55 count: 114 score: -81.3568 average_last200: -233.6474 epis: 0.6748 loss: 39.4374 
episode: 56 count: 137 score: -134.0085 average_last200: -231.8993 epis: 0.6700 loss: 52.6947 
episode: 57 count: 113 score: -176.8986 average_last200: -230.9510 epis: 0.6654 loss: 30.2061 
episode: 58 count: 143 score: -107.7682 average_last200: -228.8632 epis: 0.6607 loss: 46.2843 
episode: 59 count: 162 score: -183.0776 average_last200: -228.1001 epis: 0.6561 loss: 47.5278 
episode: 60 count: 116 score: -180.3467 average_last200: -227.3173 epis: 0.6515 loss: 32.1790 
episode: 61 count: 123 score: -123.7546 average_last200: -225.6469 epis: 0.6469 loss: 36.9261 
episode: 62 count: 66 score: -163.2774 average_last200: -224.6569 epis: 0.6424 loss: 16.3990 
episode: 63 count: 84 score: -111.7177 average_last200: -222.8922 epis: 0.6379 loss: 26.6850 
episode: 64 count: 171 score: -154.0592 average_last200: -221.8333 epis: 0.6334 loss: 44.8701 
episode: 65 count: 91 score: -102.0583 average_last200: -220.0185 epis: 0.6290 loss: 28.3182 
episode: 66 count: 78 score: -118.2442 average_last200: -218.4995 epis: 0.6246 loss: 20.5619 
episode: 67 count: 154 score: -198.9075 average_last200: -218.2114 epis: 0.6202 loss: 36.8127 
episode: 68 count: 104 score: -169.0678 average_last200: -217.4991 epis: 0.6159 loss: 31.5121 
episode: 69 count: 162 score: -76.2823 average_last200: -215.4817 epis: 0.6116 loss: 48.2667 
episode: 70 count: 82 score: -92.7204 average_last200: -213.7527 epis: 0.6073 loss: 25.7739 
episode: 71 count: 110 score: -137.5080 average_last200: -212.6938 epis: 0.6030 loss: 34.0209 
episode: 72 count: 147 score: -201.0304 average_last200: -212.5340 epis: 0.5988 loss: 54.3571 
episode: 73 count: 263 score: -145.2026 average_last200: -211.6241 epis: 0.5946 loss: 77.6463 
episode: 74 count: 101 score: -55.8338 average_last200: -209.5469 epis: 0.5905 loss: 32.1795 
episode: 75 count: 169 score: -167.4107 average_last200: -208.9925 epis: 0.5863 loss: 47.5411 
episode: 76 count: 1000 score: -62.7679 average_last200: -207.0935 epis: 0.5822 loss: 275.0598 
episode: 77 count: 143 score: -139.4941 average_last200: -206.2268 epis: 0.5782 loss: 38.8783 
episode: 78 count: 175 score: -196.9823 average_last200: -206.1098 epis: 0.5741 loss: 49.8424 
episode: 79 count: 1000 score: 18.5492 average_last200: -203.3015 epis: 0.5701 loss: 286.3741 
episode: 80 count: 396 score: -273.9347 average_last200: -204.1736 epis: 0.5661 loss: 120.9997 
episode: 81 count: 388 score: -225.2707 average_last200: -204.4308 epis: 0.5621 loss: 108.1661 
episode: 82 count: 205 score: -100.1795 average_last200: -203.1748 epis: 0.5582 loss: 53.7939 
episode: 83 count: 191 score: -145.2135 average_last200: -202.4848 epis: 0.5543 loss: 57.9630 
episode: 84 count: 216 score: -98.5460 average_last200: -201.2620 epis: 0.5504 loss: 60.8749 
episode: 85 count: 101 score: -70.9820 average_last200: -199.7471 epis: 0.5466 loss: 28.6834 
episode: 86 count: 112 score: -124.7502 average_last200: -198.8851 epis: 0.5427 loss: 34.3411 
episode: 87 count: 137 score: -148.6843 average_last200: -198.3146 epis: 0.5389 loss: 35.0001 
episode: 88 count: 254 score: -139.9268 average_last200: -197.6586 epis: 0.5352 loss: 72.6047 
episode: 89 count: 153 score: -46.9685 average_last200: -195.9842 epis: 0.5314 loss: 38.8961 
episode: 90 count: 291 score: -165.3108 average_last200: -195.6471 epis: 0.5277 loss: 76.8656 
episode: 91 count: 193 score: -77.8838 average_last200: -194.3671 epis: 0.5240 loss: 52.9525 
episode: 92 count: 257 score: -129.1180 average_last200: -193.6655 epis: 0.5203 loss: 69.8615 
episode: 93 count: 260 score: -128.3621 average_last200: -192.9708 epis: 0.5167 loss: 82.2637 
episode: 94 count: 1000 score: 76.1125 average_last200: -190.1383 epis: 0.5131 loss: 281.9443 
episode: 95 count: 426 score: -138.8649 average_last200: -189.6042 epis: 0.5095 loss: 103.6466 
episode: 96 count: 184 score: -148.0970 average_last200: -189.1763 epis: 0.5059 loss: 48.4937 
episode: 97 count: 77 score: -112.7430 average_last200: -188.3964 epis: 0.5024 loss: 20.4813 
episode: 98 count: 1000 score: 68.5377 average_last200: -185.8011 epis: 0.4989 loss: 278.0827 
episode: 99 count: 268 score: -87.8073 average_last200: -184.8212 epis: 0.4954 loss: 75.3337 
episode: 100 count: 1000 score: 55.8541 average_last200: -182.4382 epis: 0.4919 loss: 259.1951 
episode: 101 count: 1000 score: 61.3794 average_last200: -180.0479 epis: 0.4885 loss: 272.2797 
episode: 102 count: 1000 score: 61.6825 average_last200: -177.7010 epis: 0.4850 loss: 257.7289 
episode: 103 count: 98 score: -29.4345 average_last200: -176.2753 epis: 0.4816 loss: 31.6684 
episode: 104 count: 429 score: -199.8716 average_last200: -176.5001 epis: 0.4783 loss: 109.5117 
episode: 105 count: 257 score: -66.2843 average_last200: -175.4603 epis: 0.4749 loss: 66.8501 
episode: 106 count: 268 score: -67.1669 average_last200: -174.4482 epis: 0.4716 loss: 62.7144 
episode: 107 count: 224 score: -105.9251 average_last200: -173.8137 epis: 0.4683 loss: 59.8422 
episode: 108 count: 331 score: -132.8615 average_last200: -173.4380 epis: 0.4650 loss: 88.5269 
episode: 109 count: 133 score: -165.0609 average_last200: -173.3619 epis: 0.4618 loss: 34.4260 
episode: 110 count: 326 score: -87.1889 average_last200: -172.5855 epis: 0.4585 loss: 88.8451 
episode: 111 count: 236 score: -11.3907 average_last200: -171.1463 epis: 0.4553 loss: 63.3769 
episode: 112 count: 267 score: -83.7643 average_last200: -170.3730 epis: 0.4521 loss: 65.2340 
episode: 113 count: 1000 score: 3.9270 average_last200: -168.8441 epis: 0.4490 loss: 259.6922 
episode: 114 count: 470 score: -74.9436 average_last200: -168.0275 epis: 0.4458 loss: 116.3682 
episode: 115 count: 1000 score: 65.6662 average_last200: -166.0129 epis: 0.4427 loss: 267.3086 
episode: 116 count: 190 score: 15.1195 average_last200: -164.4648 epis: 0.4396 loss: 46.8363 
episode: 117 count: 613 score: -146.7701 average_last200: -164.3148 epis: 0.4365 loss: 146.1192 
episode: 118 count: 432 score: -136.6683 average_last200: -164.0825 epis: 0.4335 loss: 120.4899 
episode: 119 count: 194 score: -185.3420 average_last200: -164.2597 epis: 0.4304 loss: 52.7204 
episode: 120 count: 1000 score: -23.4402 average_last200: -163.0959 epis: 0.4274 loss: 260.4974 
episode: 121 count: 306 score: -118.7343 average_last200: -162.7323 epis: 0.4244 loss: 78.6619 
episode: 122 count: 1000 score: -3.6796 average_last200: -161.4391 epis: 0.4215 loss: 271.0175 
episode: 123 count: 122 score: -77.3452 average_last200: -160.7610 epis: 0.4185 loss: 32.4267 
episode: 124 count: 471 score: -80.8594 average_last200: -160.1218 epis: 0.4156 loss: 128.6709 
episode: 125 count: 1000 score: 50.6716 average_last200: -158.4488 epis: 0.4127 loss: 253.1247 
episode: 126 count: 269 score: -40.4007 average_last200: -157.5193 epis: 0.4098 loss: 71.5683 
episode: 127 count: 427 score: -117.8507 average_last200: -157.2094 epis: 0.4069 loss: 105.9611 
episode: 128 count: 128 score: -12.9639 average_last200: -156.0912 epis: 0.4041 loss: 36.6723 
episode: 129 count: 1000 score: 70.8895 average_last200: -154.3452 epis: 0.4012 loss: 267.8957 
episode: 130 count: 152 score: -56.5190 average_last200: -153.5984 epis: 0.3984 loss: 34.6604 
episode: 131 count: 1000 score: -38.3126 average_last200: -152.7250 epis: 0.3956 loss: 261.2230 
episode: 132 count: 1000 score: 49.7766 average_last200: -151.2025 epis: 0.3929 loss: 265.9889 
episode: 133 count: 112 score: 2.1171 average_last200: -150.0583 epis: 0.3901 loss: 30.5304 
episode: 134 count: 149 score: -56.6801 average_last200: -149.3666 epis: 0.3874 loss: 43.4912 
episode: 135 count: 1000 score: -56.6946 average_last200: -148.6852 epis: 0.3847 loss: 249.5269 
episode: 136 count: 292 score: -2.9871 average_last200: -147.6217 epis: 0.3820 loss: 71.1047 
episode: 137 count: 1000 score: 45.9865 average_last200: -146.2187 epis: 0.3793 loss: 276.0028 
episode: 138 count: 1000 score: 2.3920 average_last200: -145.1496 epis: 0.3767 loss: 248.6210 
episode: 139 count: 1000 score: 6.3430 average_last200: -144.0675 epis: 0.3740 loss: 239.1160 
episode: 140 count: 1000 score: 33.9977 average_last200: -142.8046 epis: 0.3714 loss: 249.8869 
episode: 141 count: 1000 score: -95.1708 average_last200: -142.4692 epis: 0.3688 loss: 256.0069 
episode: 142 count: 1000 score: 65.5763 average_last200: -141.0143 epis: 0.3662 loss: 254.1711 
episode: 143 count: 1000 score: 42.9759 average_last200: -139.7366 epis: 0.3637 loss: 244.1844 
episode: 144 count: 1000 score: 52.8767 average_last200: -138.4082 epis: 0.3611 loss: 265.9431 
episode: 145 count: 1000 score: 0.6059 average_last200: -137.4561 epis: 0.3586 loss: 251.1164 
episode: 146 count: 1000 score: -71.9070 average_last200: -137.0102 epis: 0.3561 loss: 246.8149 
episode: 147 count: 1000 score: -152.3410 average_last200: -137.1138 epis: 0.3536 loss: 250.5410 
episode: 148 count: 1000 score: -18.3651 average_last200: -136.3168 epis: 0.3511 loss: 247.4372 
episode: 149 count: 335 score: -57.0045 average_last200: -135.7880 epis: 0.3486 loss: 81.5968 
episode: 150 count: 149 score: -59.0918 average_last200: -135.2801 epis: 0.3462 loss: 43.1274 
episode: 151 count: 1000 score: 55.3191 average_last200: -134.0262 epis: 0.3438 loss: 252.0791 
episode: 152 count: 1000 score: 22.9679 average_last200: -133.0001 epis: 0.3414 loss: 253.0212 
episode: 153 count: 1000 score: -89.2906 average_last200: -132.7163 epis: 0.3390 loss: 239.0127 
episode: 154 count: 243 score: -24.9300 average_last200: -132.0209 epis: 0.3366 loss: 61.6709 
episode: 155 count: 1000 score: -76.8239 average_last200: -131.6670 epis: 0.3343 loss: 254.2663 
episode: 156 count: 1000 score: -67.9645 average_last200: -131.2613 epis: 0.3319 loss: 227.0024 
episode: 157 count: 1000 score: 65.9392 average_last200: -130.0132 epis: 0.3296 loss: 250.4144 
episode: 158 count: 1000 score: -48.7442 average_last200: -129.5021 epis: 0.3273 loss: 234.0707 
episode: 159 count: 1000 score: 49.0952 average_last200: -128.3858 epis: 0.3250 loss: 243.4674 
episode: 160 count: 396 score: -172.7525 average_last200: -128.6614 epis: 0.3227 loss: 91.7157 
episode: 161 count: 1000 score: 3.7713 average_last200: -127.8439 epis: 0.3205 loss: 235.2955 
episode: 162 count: 663 score: -151.6156 average_last200: -127.9897 epis: 0.3182 loss: 178.0951 
episode: 163 count: 1000 score: -91.5505 average_last200: -127.7676 epis: 0.3160 loss: 238.9705 
episode: 164 count: 1000 score: -14.1573 average_last200: -127.0790 epis: 0.3138 loss: 228.3571 
episode: 165 count: 1000 score: -19.9315 average_last200: -126.4335 epis: 0.3116 loss: 234.8844 
episode: 166 count: 921 score: -243.0914 average_last200: -127.1321 epis: 0.3094 loss: 207.4164 
episode: 167 count: 550 score: -102.3672 average_last200: -126.9847 epis: 0.3072 loss: 129.8100 
episode: 168 count: 446 score: -120.5040 average_last200: -126.9463 epis: 0.3051 loss: 106.5866 
episode: 169 count: 1000 score: 15.8391 average_last200: -126.1064 epis: 0.3030 loss: 225.7142 
episode: 170 count: 1000 score: -47.2332 average_last200: -125.6452 epis: 0.3008 loss: 214.4799 
episode: 171 count: 488 score: -157.8811 average_last200: -125.8326 epis: 0.2987 loss: 108.2737 
episode: 172 count: 1000 score: 19.8934 average_last200: -124.9902 epis: 0.2966 loss: 229.7044 
episode: 173 count: 986 score: -262.4083 average_last200: -125.7800 epis: 0.2946 loss: 225.7504 
episode: 174 count: 405 score: -142.5645 average_last200: -125.8759 epis: 0.2925 loss: 104.9991 
episode: 175 count: 1000 score: 26.8188 average_last200: -125.0083 epis: 0.2904 loss: 229.8215 
episode: 176 count: 157 score: -70.4538 average_last200: -124.7001 epis: 0.2884 loss: 33.1480 
episode: 177 count: 1000 score: -122.5502 average_last200: -124.6880 epis: 0.2864 loss: 226.9709 
episode: 178 count: 1000 score: -33.4549 average_last200: -124.1783 epis: 0.2844 loss: 235.3445 
episode: 179 count: 1000 score: -32.7008 average_last200: -123.6701 epis: 0.2824 loss: 245.3163 
episode: 180 count: 197 score: -85.4514 average_last200: -123.4590 epis: 0.2804 loss: 44.3016 
episode: 181 count: 362 score: -104.4746 average_last200: -123.3547 epis: 0.2785 loss: 71.2473 
episode: 182 count: 586 score: -103.3406 average_last200: -123.2453 epis: 0.2765 loss: 142.8139 
episode: 183 count: 1000 score: 57.5015 average_last200: -122.2630 epis: 0.2746 loss: 219.6685 
episode: 184 count: 1000 score: -110.0379 average_last200: -122.1969 epis: 0.2727 loss: 246.1223 
episode: 185 count: 1000 score: -103.7831 average_last200: -122.0979 epis: 0.2707 loss: 224.2940 
episode: 186 count: 546 score: -189.9872 average_last200: -122.4610 epis: 0.2688 loss: 140.4102 
episode: 187 count: 1000 score: -99.5903 average_last200: -122.3393 epis: 0.2670 loss: 223.7626 
episode: 188 count: 1000 score: -40.5512 average_last200: -121.9066 epis: 0.2651 loss: 225.5463 
episode: 189 count: 1000 score: -91.6523 average_last200: -121.7473 epis: 0.2632 loss: 223.9258 
episode: 190 count: 1000 score: -61.3860 average_last200: -121.4313 epis: 0.2614 loss: 208.8585 
episode: 191 count: 1000 score: -9.4317 average_last200: -120.8480 epis: 0.2596 loss: 220.7878 
episode: 192 count: 1000 score: -7.9200 average_last200: -120.2629 epis: 0.2578 loss: 216.8323 
episode: 193 count: 467 score: -177.2178 average_last200: -120.5564 epis: 0.2559 loss: 95.7905 
episode: 194 count: 1000 score: -67.1931 average_last200: -120.2828 epis: 0.2542 loss: 221.6703 
episode: 195 count: 1000 score: -44.3653 average_last200: -119.8954 epis: 0.2524 loss: 210.3149 
episode: 196 count: 534 score: -57.9862 average_last200: -119.5812 epis: 0.2506 loss: 112.6726 
episode: 197 count: 1000 score: -17.8759 average_last200: -119.0675 epis: 0.2489 loss: 222.8812 
episode: 198 count: 1000 score: -32.2550 average_last200: -118.6313 epis: 0.2471 loss: 214.0902 
episode: 199 count: 526 score: 181.5157 average_last200: -117.1305 epis: 0.2454 loss: 112.4403 
episode: 200 count: 1000 score: -102.6109 average_last200: -116.6348 epis: 0.2437 loss: 207.2359 
episode: 201 count: 727 score: -233.9541 average_last200: -116.9826 epis: 0.2420 loss: 153.0643 
episode: 202 count: 126 score: -59.4406 average_last200: -116.5293 epis: 0.2403 loss: 24.5667 
episode: 203 count: 830 score: -164.3747 average_last200: -116.6088 epis: 0.2386 loss: 183.7112 
episode: 204 count: 1000 score: -51.0042 average_last200: -115.1625 epis: 0.2369 loss: 220.5752 
episode: 205 count: 1000 score: -70.5933 average_last200: -113.1035 epis: 0.2353 loss: 208.9147 
episode: 206 count: 1000 score: -69.2665 average_last200: -112.9295 epis: 0.2336 loss: 226.9768 
episode: 207 count: 1000 score: 3.0837 average_last200: -111.9557 epis: 0.2320 loss: 215.3562 
episode: 208 count: 1000 score: -72.0062 average_last200: -110.5605 epis: 0.2304 loss: 206.1699 
episode: 209 count: 1000 score: -61.9110 average_last200: -108.6269 epis: 0.2287 loss: 206.0304 
episode: 210 count: 1000 score: -82.7813 average_last200: -107.6563 epis: 0.2271 loss: 226.3499 
episode: 211 count: 1000 score: -81.0258 average_last200: -106.3033 epis: 0.2255 loss: 216.6086 
episode: 212 count: 1000 score: -56.4773 average_last200: -104.9733 epis: 0.2240 loss: 209.4390 
episode: 213 count: 1000 score: -10.0243 average_last200: -103.0152 epis: 0.2224 loss: 194.7306 
episode: 214 count: 1000 score: -32.4527 average_last200: -100.1104 epis: 0.2208 loss: 196.1178 
episode: 215 count: 1000 score: -1.1443 average_last200: -98.6630 epis: 0.2193 loss: 201.6759 
episode: 216 count: 1000 score: 4.9247 average_last200: -97.2336 epis: 0.2178 loss: 191.6780 
episode: 217 count: 1000 score: -58.9150 average_last200: -96.5335 epis: 0.2162 loss: 192.0712 
episode: 218 count: 1000 score: -84.1357 average_last200: -95.9633 epis: 0.2147 loss: 183.0898 
episode: 219 count: 1000 score: -42.6301 average_last200: -95.3405 epis: 0.2132 loss: 184.4396 
episode: 220 count: 1000 score: -28.6696 average_last200: -93.2992 epis: 0.2117 loss: 175.9949 
episode: 221 count: 1000 score: 75.1543 average_last200: -91.9242 epis: 0.2102 loss: 170.3219 
episode: 222 count: 342 score: 247.1008 average_last200: -89.5045 epis: 0.2088 loss: 54.4511 
episode: 223 count: 1000 score: -39.5466 average_last200: -89.2013 epis: 0.2073 loss: 172.9673 
episode: 224 count: 617 score: 161.9822 average_last200: -86.2935 epis: 0.2059 loss: 102.3718 
episode: 225 count: 1000 score: 15.9936 average_last200: -85.1985 epis: 0.2044 loss: 159.5487 
episode: 226 count: 1000 score: -61.6910 average_last200: -84.0365 epis: 0.2030 loss: 153.6045 
episode: 227 count: 1000 score: -58.3299 average_last200: -82.9699 epis: 0.2016 loss: 149.3794 
episode: 228 count: 1000 score: -39.1835 average_last200: -82.3939 epis: 0.2002 loss: 152.2682 
episode: 229 count: 502 score: 189.2008 average_last200: -79.8623 epis: 0.1988 loss: 78.6922 
episode: 230 count: 312 score: 165.9374 average_last200: -78.2360 epis: 0.1974 loss: 50.3477 
episode: 231 count: 1000 score: -66.3787 average_last200: -76.9265 epis: 0.1960 loss: 156.6043 
episode: 232 count: 142 score: 5.7415 average_last200: -75.5100 epis: 0.1946 loss: 23.5449 
episode: 233 count: 1000 score: 3.7269 average_last200: -74.6709 epis: 0.1933 loss: 147.0711 
episode: 234 count: 1000 score: 10.4234 average_last200: -73.4584 epis: 0.1919 loss: 148.0263 
episode: 235 count: 1000 score: 68.5951 average_last200: -72.4222 epis: 0.1906 loss: 138.7623 
episode: 236 count: 954 score: 131.2041 average_last200: -71.0224 epis: 0.1892 loss: 137.4965 
episode: 237 count: 335 score: 208.9914 average_last200: -68.9416 epis: 0.1879 loss: 42.4269 
episode: 238 count: 492 score: 168.5613 average_last200: -66.8651 epis: 0.1866 loss: 73.1154 
episode: 239 count: 309 score: 220.8998 average_last200: -65.2897 epis: 0.1853 loss: 46.9836 
episode: 240 count: 1000 score: 92.9342 average_last200: -64.0670 epis: 0.1840 loss: 141.1684 
episode: 241 count: 863 score: 208.8628 average_last200: -61.8333 epis: 0.1827 loss: 118.8236 
episode: 242 count: 291 score: 218.7783 average_last200: -58.8918 epis: 0.1814 loss: 41.3758 
episode: 243 count: 942 score: 125.8339 average_last200: -57.6291 epis: 0.1801 loss: 128.0599 
episode: 244 count: 597 score: 158.9671 average_last200: -55.5748 epis: 0.1789 loss: 79.8928 
episode: 245 count: 1000 score: 54.1113 average_last200: -53.9952 epis: 0.1776 loss: 139.2032 
episode: 246 count: 945 score: 141.9758 average_last200: -52.1001 epis: 0.1764 loss: 129.0186 
episode: 247 count: 1000 score: 47.2196 average_last200: -51.3584 epis: 0.1752 loss: 137.1932 
episode: 248 count: 1000 score: 95.2613 average_last200: -49.8966 epis: 0.1739 loss: 130.7965 
episode: 249 count: 359 score: 211.3578 average_last200: -48.1926 epis: 0.1727 loss: 47.6830 
episode: 250 count: 801 score: 162.4496 average_last200: -46.6197 epis: 0.1715 loss: 104.6260 
episode: 251 count: 566 score: 195.6538 average_last200: -44.9592 epis: 0.1703 loss: 73.3016 
episode: 252 count: 509 score: 186.4828 average_last200: -43.0813 epis: 0.1691 loss: 64.4863 
episode: 253 count: 974 score: 149.0785 average_last200: -41.9824 epis: 0.1679 loss: 121.2492 
episode: 254 count: 944 score: 146.4659 average_last200: -40.8740 epis: 0.1667 loss: 117.1793 
episode: 255 count: 785 score: 199.1447 average_last200: -39.4715 epis: 0.1656 loss: 95.8067 
episode: 256 count: 295 score: 184.8662 average_last200: -37.8771 epis: 0.1644 loss: 36.8777 
episode: 257 count: 1000 score: 32.9024 average_last200: -36.8281 epis: 0.1633 loss: 112.2566 
episode: 258 count: 365 score: 235.4837 average_last200: -35.1119 epis: 0.1621 loss: 45.8570 
episode: 259 count: 158 score: -24.4225 average_last200: -34.3186 epis: 0.1610 loss: 19.2025 
episode: 260 count: 1000 score: 65.6111 average_last200: -33.0888 epis: 0.1599 loss: 119.3422 
episode: 261 count: 816 score: 185.3074 average_last200: -31.5435 epis: 0.1587 loss: 94.3476 
episode: 262 count: 234 score: 212.0320 average_last200: -29.6670 epis: 0.1576 loss: 29.2753 
episode: 263 count: 371 score: 210.8730 average_last200: -28.0540 epis: 0.1565 loss: 42.3704 
episode: 264 count: 364 score: 192.4311 average_last200: -26.3215 epis: 0.1554 loss: 49.9824 
episode: 265 count: 557 score: 188.3887 average_last200: -24.8693 epis: 0.1543 loss: 73.2281 
episode: 266 count: 1000 score: 67.9618 average_last200: -23.9383 epis: 0.1533 loss: 120.3443 
episode: 267 count: 186 score: 23.4843 average_last200: -22.8263 epis: 0.1522 loss: 24.7697 
episode: 268 count: 646 score: 177.5972 average_last200: -21.0930 epis: 0.1511 loss: 71.7650 
episode: 269 count: 901 score: 144.0506 average_last200: -19.9913 epis: 0.1501 loss: 104.1058 
episode: 270 count: 360 score: 227.4385 average_last200: -18.3905 epis: 0.1490 loss: 43.9685 
episode: 271 count: 703 score: 159.0351 average_last200: -16.9078 epis: 0.1480 loss: 84.5412 
episode: 272 count: 1000 score: 21.7289 average_last200: -15.7940 epis: 0.1469 loss: 116.3731 
episode: 273 count: 646 score: 176.8297 average_last200: -14.1839 epis: 0.1459 loss: 77.4995 
episode: 274 count: 392 score: 247.2521 average_last200: -12.6684 epis: 0.1449 loss: 50.0186 
episode: 275 count: 526 score: 177.7414 average_last200: -10.9427 epis: 0.1439 loss: 71.4559 
episode: 276 count: 721 score: 184.4086 average_last200: -9.7068 epis: 0.1429 loss: 84.0236 
episode: 277 count: 255 score: 205.3104 average_last200: -7.9828 epis: 0.1419 loss: 34.0116 
episode: 278 count: 298 score: 247.5669 average_last200: -5.7600 epis: 0.1409 loss: 34.3078 
episode: 279 count: 630 score: 225.5265 average_last200: -4.7251 epis: 0.1399 loss: 75.1033 
episode: 280 count: 596 score: 232.5097 average_last200: -2.1929 epis: 0.1389 loss: 71.2903 
episode: 281 count: 486 score: 206.9595 average_last200: -0.0318 epis: 0.1379 loss: 57.0879 
episode: 282 count: 330 score: 236.1644 average_last200: 1.6500 epis: 0.1370 loss: 37.5931 
episode: 283 count: 595 score: 170.1684 average_last200: 3.2269 epis: 0.1360 loss: 80.7254 
episode: 284 count: 603 score: 146.8425 average_last200: 4.4538 epis: 0.1351 loss: 68.4634 
episode: 285 count: 826 score: 206.5844 average_last200: 5.8416 epis: 0.1341 loss: 101.9269 
episode: 286 count: 507 score: 173.4364 average_last200: 7.3326 epis: 0.1332 loss: 61.4953 
episode: 287 count: 678 score: 176.6805 average_last200: 8.9594 epis: 0.1322 loss: 79.2811 
episode: 288 count: 389 score: 200.2822 average_last200: 10.6604 epis: 0.1313 loss: 48.9646 
episode: 289 count: 686 score: 192.4771 average_last200: 11.8577 epis: 0.1304 loss: 91.4451 
episode: 290 count: 360 score: 185.6505 average_last200: 13.6125 epis: 0.1295 loss: 40.0561 
episode: 291 count: 1000 score: 31.6615 average_last200: 14.1602 epis: 0.1286 loss: 119.5109 
episode: 292 count: 727 score: 220.6669 average_last200: 15.9091 epis: 0.1277 loss: 84.5953 
episode: 293 count: 494 score: 178.7529 average_last200: 17.4447 epis: 0.1268 loss: 58.1966 
episode: 294 count: 607 score: 162.2399 average_last200: 17.8753 epis: 0.1259 loss: 71.9820 
episode: 295 count: 431 score: 223.0917 average_last200: 19.6851 epis: 0.1250 loss: 46.3037 
episode: 296 count: 350 score: 222.2538 average_last200: 21.5369 epis: 0.1241 loss: 39.7645 
episode: 297 count: 672 score: 184.9473 average_last200: 23.0253 epis: 0.1233 loss: 85.1563 
episode: 298 count: 458 score: 203.1978 average_last200: 23.6986 epis: 0.1224 loss: 53.1480 
episode: 299 count: 490 score: 208.7379 average_last200: 25.1814 epis: 0.1216 loss: 52.5501 
episode: 300 count: 457 score: 166.4863 average_last200: 25.7345 epis: 0.1207 loss: 45.1694 
episode: 301 count: 371 score: 192.6517 average_last200: 26.3909 epis: 0.1199 loss: 45.0798 
episode: 302 count: 511 score: 174.9966 average_last200: 26.9574 epis: 0.1190 loss: 60.4588 
episode: 303 count: 610 score: 211.8819 average_last200: 28.1640 epis: 0.1182 loss: 70.4559 
episode: 304 count: 426 score: 173.0982 average_last200: 30.0289 epis: 0.1174 loss: 46.7723 
episode: 305 count: 352 score: 188.0387 average_last200: 31.3005 epis: 0.1165 loss: 38.2907 
episode: 306 count: 612 score: 192.3763 average_last200: 32.5982 epis: 0.1157 loss: 74.5172 
episode: 307 count: 365 score: 218.6485 average_last200: 34.2211 epis: 0.1149 loss: 39.7439 
episode: 308 count: 433 score: 196.1068 average_last200: 35.8659 epis: 0.1141 loss: 50.5217 
episode: 309 count: 537 score: 155.2179 average_last200: 37.4673 epis: 0.1133 loss: 61.8587 
episode: 310 count: 514 score: 174.3084 average_last200: 38.7748 epis: 0.1125 loss: 63.0748 
episode: 311 count: 798 score: 172.0447 average_last200: 39.6920 epis: 0.1117 loss: 86.9614 
episode: 312 count: 562 score: 177.6545 average_last200: 40.9991 epis: 0.1109 loss: 60.1419 
episode: 313 count: 424 score: 208.3251 average_last200: 42.0211 epis: 0.1102 loss: 50.8351 
episode: 314 count: 702 score: 150.4941 average_last200: 43.1482 epis: 0.1094 loss: 91.7141 
episode: 315 count: 1000 score: -51.6629 average_last200: 42.5616 epis: 0.1086 loss: 107.1893 
episode: 316 count: 1000 score: -48.5611 average_last200: 42.2432 epis: 0.1079 loss: 118.9726 
episode: 317 count: 786 score: 112.1080 average_last200: 43.5376 epis: 0.1071 loss: 85.7440 
episode: 318 count: 384 score: 197.3424 average_last200: 45.2076 epis: 0.1064 loss: 45.2166 
episode: 319 count: 1000 score: -53.9189 average_last200: 45.8648 epis: 0.1056 loss: 114.9457 
episode: 320 count: 397 score: 198.1712 average_last200: 46.9728 epis: 0.1049 loss: 41.3653 
episode: 321 count: 733 score: 122.3718 average_last200: 48.1783 epis: 0.1041 loss: 78.3252 
episode: 322 count: 1000 score: -25.2970 average_last200: 48.0703 epis: 0.1034 loss: 106.8845 
episode: 323 count: 292 score: 205.7327 average_last200: 49.4856 epis: 0.1027 loss: 36.7321 
episode: 324 count: 466 score: 177.1442 average_last200: 50.7757 epis: 0.1020 loss: 50.1818 
episode: 325 count: 820 score: 132.4807 average_last200: 51.1847 epis: 0.1013 loss: 97.8343 
episode: 326 count: 231 score: 233.7955 average_last200: 52.5557 epis: 0.1006 loss: 24.5964 
episode: 327 count: 309 score: 207.2866 average_last200: 54.1814 epis: 0.0999 loss: 32.2211 
episode: 328 count: 952 score: 133.3608 average_last200: 54.9130 epis: 0.0992 loss: 103.9293 
episode: 329 count: 728 score: 157.7491 average_last200: 55.3473 epis: 0.0985 loss: 73.4674 
episode: 330 count: 857 score: 86.0607 average_last200: 56.0602 epis: 0.0978 loss: 92.5127 
episode: 331 count: 661 score: 158.9180 average_last200: 57.0464 epis: 0.0971 loss: 72.8845 
episode: 332 count: 1000 score: -0.4848 average_last200: 56.7950 epis: 0.0964 loss: 99.7971 
episode: 333 count: 1000 score: -24.7417 average_last200: 56.6608 epis: 0.0957 loss: 108.8224 
episode: 334 count: 1000 score: -11.5381 average_last200: 56.8865 epis: 0.0951 loss: 109.3549 
episode: 335 count: 653 score: 159.1483 average_last200: 57.9657 epis: 0.0944 loss: 72.8880 
episode: 336 count: 946 score: 71.9844 average_last200: 58.3405 epis: 0.0937 loss: 104.1016 
episode: 337 count: 381 score: 164.9596 average_last200: 58.9354 epis: 0.0931 loss: 45.8516 
episode: 338 count: 825 score: 142.7136 average_last200: 59.6370 epis: 0.0924 loss: 88.9649 
episode: 339 count: 1000 score: -65.4067 average_last200: 59.2783 epis: 0.0918 loss: 103.2040 
episode: 340 count: 767 score: 130.6596 average_last200: 59.7616 epis: 0.0911 loss: 85.8292 
episode: 341 count: 356 score: 220.3539 average_last200: 61.3392 epis: 0.0905 loss: 32.4234 
episode: 342 count: 405 score: 165.3719 average_last200: 61.8382 epis: 0.0899 loss: 45.5146 
episode: 343 count: 589 score: 177.9989 average_last200: 62.5133 epis: 0.0892 loss: 64.4592 
episode: 344 count: 651 score: 140.9651 average_last200: 62.9537 epis: 0.0886 loss: 72.8619 
episode: 345 count: 343 score: 198.4054 average_last200: 63.9427 epis: 0.0880 loss: 35.8616 
episode: 346 count: 614 score: 160.6220 average_last200: 65.1054 epis: 0.0874 loss: 67.4146 
episode: 347 count: 444 score: 205.1129 average_last200: 66.8926 epis: 0.0868 loss: 46.2876 
episode: 348 count: 1000 score: -15.0012 average_last200: 66.9095 epis: 0.0862 loss: 110.9459 
episode: 349 count: 1000 score: -93.8897 average_last200: 66.7250 epis: 0.0856 loss: 111.7481 
episode: 350 count: 797 score: 106.1804 average_last200: 67.5514 epis: 0.0850 loss: 86.8678 
episode: 351 count: 438 score: 167.9246 average_last200: 68.1144 epis: 0.0844 loss: 43.7430 
episode: 352 count: 310 score: 188.2135 average_last200: 68.9406 epis: 0.0838 loss: 38.3407 
episode: 353 count: 698 score: 174.0282 average_last200: 70.2572 epis: 0.0832 loss: 77.8738 
episode: 354 count: 981 score: 55.8612 average_last200: 70.6612 epis: 0.0826 loss: 103.4151 
episode: 355 count: 1000 score: -62.8564 average_last200: 70.7310 epis: 0.0820 loss: 100.3775 
episode: 356 count: 236 score: 232.4501 average_last200: 72.2331 epis: 0.0814 loss: 26.3755 
episode: 357 count: 419 score: 226.5322 average_last200: 73.0361 epis: 0.0809 loss: 47.9900 
episode: 358 count: 472 score: 156.0111 average_last200: 74.0599 epis: 0.0803 loss: 50.9959 
episode: 359 count: 884 score: 108.9183 average_last200: 74.3590 epis: 0.0797 loss: 101.1649 
episode: 360 count: 681 score: 168.4270 average_last200: 76.0649 epis: 0.0792 loss: 78.9608 
episode: 361 count: 1000 score: 6.5538 average_last200: 76.0788 epis: 0.0786 loss: 116.1100 
episode: 362 count: 1000 score: -65.4659 average_last200: 76.5095 epis: 0.0781 loss: 105.8563 
episode: 363 count: 943 score: 59.9079 average_last200: 77.2668 epis: 0.0775 loss: 107.7295 
episode: 364 count: 406 score: 162.4050 average_last200: 78.1496 epis: 0.0770 loss: 45.0444 
episode: 365 count: 443 score: 191.4624 average_last200: 79.2066 epis: 0.0765 loss: 48.1128 
episode: 366 count: 549 score: 173.3307 average_last200: 81.2887 epis: 0.0759 loss: 64.6392 
episode: 367 count: 310 score: 171.2930 average_last200: 82.6570 epis: 0.0754 loss: 42.6510 
episode: 368 count: 351 score: 193.5365 average_last200: 84.2272 epis: 0.0749 loss: 39.9263 
episode: 369 count: 587 score: 192.7877 average_last200: 85.1120 epis: 0.0743 loss: 72.6472 
episode: 370 count: 281 score: 177.3983 average_last200: 86.2351 epis: 0.0738 loss: 36.1928 
episode: 371 count: 280 score: 214.1440 average_last200: 88.0952 epis: 0.0733 loss: 30.8759 
episode: 372 count: 553 score: 140.2073 average_last200: 88.6968 epis: 0.0728 loss: 64.7414 
episode: 373 count: 609 score: 141.3500 average_last200: 90.7156 epis: 0.0723 loss: 76.4434 
episode: 374 count: 629 score: 143.5441 average_last200: 92.1461 epis: 0.0718 loss: 68.8148 
episode: 375 count: 489 score: 174.0623 average_last200: 92.8824 epis: 0.0713 loss: 55.4487 
episode: 376 count: 490 score: 204.3241 average_last200: 94.2562 epis: 0.0708 loss: 52.2318 
episode: 377 count: 401 score: 190.7552 average_last200: 95.8228 epis: 0.0703 loss: 52.8009 
episode: 378 count: 372 score: 220.1745 average_last200: 97.0909 epis: 0.0698 loss: 41.2957 
episode: 379 count: 264 score: 203.0606 average_last200: 98.2697 epis: 0.0693 loss: 33.5739 
episode: 380 count: 1000 score: 30.3672 average_last200: 98.8488 epis: 0.0688 loss: 117.5280 
episode: 381 count: 308 score: 225.3601 average_last200: 100.4980 epis: 0.0683 loss: 37.0850 
episode: 382 count: 462 score: 214.6092 average_last200: 102.0877 epis: 0.0679 loss: 56.4358 
episode: 383 count: 337 score: 214.3442 average_last200: 102.8720 epis: 0.0674 loss: 34.8944 
episode: 384 count: 341 score: 218.1126 average_last200: 104.5127 epis: 0.0669 loss: 38.7754 
episode: 385 count: 368 score: 235.7992 average_last200: 106.2106 epis: 0.0664 loss: 47.7461 
episode: 386 count: 340 score: 206.8238 average_last200: 108.1947 epis: 0.0660 loss: 45.3982 
episode: 387 count: 571 score: 159.5674 average_last200: 109.4905 epis: 0.0655 loss: 63.7458 
episode: 388 count: 630 score: 238.8280 average_last200: 110.8874 epis: 0.0651 loss: 82.5778 
episode: 389 count: 303 score: 196.8346 average_last200: 112.3298 epis: 0.0646 loss: 38.9209 
episode: 390 count: 358 score: 196.6928 average_last200: 113.6202 epis: 0.0641 loss: 36.5956 
episode: 391 count: 308 score: 201.5139 average_last200: 114.6749 epis: 0.0637 loss: 35.8885 
episode: 392 count: 285 score: 202.5727 average_last200: 115.7274 epis: 0.0632 loss: 38.9010 
episode: 393 count: 515 score: 163.1528 average_last200: 117.4292 epis: 0.0628 loss: 64.6535 
episode: 394 count: 310 score: 212.4447 average_last200: 118.8274 epis: 0.0624 loss: 40.0382 
episode: 395 count: 484 score: 200.7030 average_last200: 120.0528 epis: 0.0619 loss: 57.0702 
episode: 396 count: 547 score: 183.4739 average_last200: 121.2601 epis: 0.0615 loss: 61.1665 
episode: 397 count: 376 score: 162.2696 average_last200: 122.1608 epis: 0.0611 loss: 42.7134 
episode: 398 count: 316 score: 207.4619 average_last200: 123.3594 epis: 0.0606 loss: 36.8439 
episode: 399 count: 342 score: 208.1832 average_last200: 123.4927 epis: 0.0602 loss: 36.4725 
episode: 400 count: 336 score: 177.0297 average_last200: 124.8909 epis: 0.0598 loss: 40.6200 
episode: 401 count: 437 score: 184.8361 average_last200: 126.9849 epis: 0.0594 loss: 58.0988 
episode: 402 count: 392 score: 192.8797 average_last200: 128.2465 epis: 0.0590 loss: 52.7930 
episode: 403 count: 400 score: 228.2370 average_last200: 130.2095 epis: 0.0585 loss: 48.1523 
episode: 404 count: 435 score: 167.9675 average_last200: 131.3044 epis: 0.0581 loss: 53.5451 
episode: 405 count: 403 score: 197.9666 average_last200: 132.6472 epis: 0.0577 loss: 43.7319 
episode: 406 count: 348 score: 229.8604 average_last200: 134.1428 epis: 0.0573 loss: 42.6542 
episode: 407 count: 314 score: 189.1022 average_last200: 135.0729 epis: 0.0569 loss: 41.6696 
episode: 408 count: 321 score: 171.8594 average_last200: 136.2922 epis: 0.0565 loss: 39.9626 
episode: 409 count: 463 score: 188.3011 average_last200: 137.5433 epis: 0.0561 loss: 60.7722 
episode: 410 count: 547 score: 164.6984 average_last200: 138.7807 epis: 0.0557 loss: 77.1090 
episode: 411 count: 303 score: 203.7858 average_last200: 140.2048 epis: 0.0553 loss: 42.8085 
episode: 412 count: 256 score: 203.5857 average_last200: 141.5051 epis: 0.0550 loss: 27.3034 
episode: 413 count: 323 score: 200.1409 average_last200: 142.5559 epis: 0.0546 loss: 30.8622 
episode: 414 count: 322 score: 215.2383 average_last200: 143.7944 epis: 0.0542 loss: 38.5532 
episode: 415 count: 387 score: 167.5115 average_last200: 144.6376 epis: 0.0538 loss: 38.1575 
episode: 416 count: 319 score: 187.5532 average_last200: 145.5508 epis: 0.0534 loss: 42.6009 
episode: 417 count: 288 score: 218.9394 average_last200: 146.9400 epis: 0.0531 loss: 31.3459 
episode: 418 count: 273 score: 193.5978 average_last200: 148.3287 epis: 0.0527 loss: 31.8363 
episode: 419 count: 303 score: 196.6030 average_last200: 149.5249 epis: 0.0523 loss: 41.6846 
episode: 420 count: 514 score: 141.1638 average_last200: 150.3740 epis: 0.0520 loss: 64.6924 
episode: 421 count: 291 score: 217.5917 average_last200: 151.0862 epis: 0.0516 loss: 39.3697 
episode: 422 count: 551 score: 180.7381 average_last200: 150.7544 epis: 0.0512 loss: 72.9774 
episode: 423 count: 378 score: 224.2030 average_last200: 152.0732 epis: 0.0509 loss: 44.0913 
episode: 424 count: 327 score: 211.6608 average_last200: 152.3216 epis: 0.0505 loss: 36.9825 
episode: 425 count: 279 score: 213.9899 average_last200: 153.3115 epis: 0.0502 loss: 32.7655 
episode: 426 count: 289 score: 224.6644 average_last200: 154.7433 epis: 0.0498 loss: 36.7008 
episode: 427 count: 382 score: 201.9149 average_last200: 156.0445 epis: 0.0495 loss: 44.8967 
episode: 428 count: 324 score: 215.9728 average_last200: 157.3203 epis: 0.0491 loss: 39.5569 
episode: 429 count: 318 score: 172.4930 average_last200: 157.2368 epis: 0.0488 loss: 38.5303 
episode: 430 count: 237 score: 215.2233 average_last200: 157.4832 epis: 0.0484 loss: 31.4799 
episode: 431 count: 493 score: 215.6362 average_last200: 158.8933 epis: 0.0481 loss: 59.8058 
episode: 432 count: 305 score: 226.9245 average_last200: 159.9992 epis: 0.0478 loss: 34.1371 
episode: 433 count: 268 score: 227.8526 average_last200: 161.1198 epis: 0.0474 loss: 30.6603 
episode: 434 count: 441 score: 225.2985 average_last200: 162.1942 epis: 0.0471 loss: 51.5959 
episode: 435 count: 351 score: 226.4325 average_last200: 162.9834 epis: 0.0468 loss: 43.5433 
episode: 436 count: 361 score: 198.6839 average_last200: 163.3208 epis: 0.0464 loss: 41.8748 
episode: 437 count: 362 score: 159.7290 average_last200: 163.0745 epis: 0.0461 loss: 43.8288 
episode: 438 count: 306 score: 205.0182 average_last200: 163.2568 epis: 0.0458 loss: 37.9097 
episode: 439 count: 270 score: 240.0208 average_last200: 163.3524 epis: 0.0455 loss: 30.4536 
episode: 440 count: 326 score: 206.4301 average_last200: 163.9199 epis: 0.0451 loss: 42.1263 
episode: 441 count: 407 score: 216.9319 average_last200: 163.9602 epis: 0.0448 loss: 53.9499 
episode: 442 count: 274 score: 189.2309 average_last200: 163.8125 epis: 0.0445 loss: 34.9579 
episode: 443 count: 164 score: -10.0479 average_last200: 163.1331 epis: 0.0442 loss: 18.3998 
episode: 444 count: 276 score: 234.1843 average_last200: 163.5091 epis: 0.0439 loss: 34.5634 
episode: 445 count: 320 score: 244.4196 average_last200: 164.4607 epis: 0.0436 loss: 30.0234 
episode: 446 count: 409 score: 180.0546 average_last200: 164.6511 epis: 0.0433 loss: 53.0075 
episode: 447 count: 408 score: 169.8561 average_last200: 165.2643 epis: 0.0430 loss: 50.5288 
episode: 448 count: 366 score: 232.1170 average_last200: 165.9485 epis: 0.0427 loss: 46.9385 
episode: 449 count: 721 score: 193.5729 average_last200: 165.8596 epis: 0.0424 loss: 99.1094 
episode: 450 count: 317 score: 206.2816 average_last200: 166.0788 epis: 0.0421 loss: 47.4175 
episode: 451 count: 229 score: 201.9681 average_last200: 166.1103 epis: 0.0418 loss: 27.6077 
episode: 452 count: 378 score: 235.8611 average_last200: 166.3572 epis: 0.0415 loss: 45.0955 
episode: 453 count: 359 score: 210.1855 average_last200: 166.6628 epis: 0.0412 loss: 45.0672 
episode: 454 count: 501 score: 205.6540 average_last200: 166.9587 epis: 0.0409 loss: 54.9301 
episode: 455 count: 321 score: 170.8116 average_last200: 166.8170 epis: 0.0406 loss: 36.1576 
episode: 456 count: 681 score: 171.5198 average_last200: 166.7503 epis: 0.0403 loss: 87.7396 
episode: 457 count: 288 score: 219.0509 average_last200: 167.6811 epis: 0.0401 loss: 33.3087 
episode: 458 count: 274 score: 233.4721 average_last200: 167.6710 epis: 0.0398 loss: 37.0938 
episode: 459 count: 272 score: 211.3735 average_last200: 168.8500 epis: 0.0395 loss: 30.4700 
episode: 460 count: 318 score: 195.8091 average_last200: 169.5010 epis: 0.0392 loss: 42.1683 
episode: 461 count: 305 score: 187.1218 average_last200: 169.5100 epis: 0.0390 loss: 39.5063 
episode: 462 count: 433 score: 169.3084 average_last200: 169.2964 epis: 0.0387 loss: 50.2022 
episode: 463 count: 354 score: 184.7986 average_last200: 169.1660 epis: 0.0384 loss: 46.2474 
episode: 464 count: 360 score: 205.6078 average_last200: 169.2319 epis: 0.0381 loss: 44.2602 
episode: 465 count: 312 score: 238.3555 average_last200: 169.4818 epis: 0.0379 loss: 45.6055 
episode: 466 count: 351 score: 214.6044 average_last200: 170.2150 epis: 0.0376 loss: 41.5186 
episode: 467 count: 392 score: 185.1482 average_last200: 171.0233 epis: 0.0373 loss: 46.9398 
episode: 468 count: 383 score: 211.3598 average_last200: 171.1921 epis: 0.0371 loss: 54.4551 
episode: 469 count: 534 score: 155.0977 average_last200: 171.2473 epis: 0.0368 loss: 66.8282 
episode: 470 count: 417 score: 208.5526 average_last200: 171.1529 epis: 0.0366 loss: 49.4002 
episode: 471 count: 360 score: 162.7091 average_last200: 171.1713 epis: 0.0363 loss: 43.2422 
episode: 472 count: 334 score: 210.2682 average_last200: 172.1140 epis: 0.0361 loss: 43.6524 
episode: 473 count: 361 score: 184.4540 average_last200: 172.1521 epis: 0.0358 loss: 44.4664 
episode: 474 count: 298 score: 208.0607 average_last200: 171.9561 epis: 0.0356 loss: 36.1116 
episode: 475 count: 378 score: 221.0349 average_last200: 172.1726 epis: 0.0353 loss: 41.0024 
episode: 476 count: 406 score: 219.3095 average_last200: 172.3471 epis: 0.0351 loss: 49.2308 
episode: 477 count: 343 score: 223.8824 average_last200: 172.4400 epis: 0.0348 loss: 34.5551 
episode: 478 count: 685 score: 185.6932 average_last200: 172.1306 epis: 0.0346 loss: 87.5094 
episode: 479 count: 454 score: 208.3884 average_last200: 172.0449 epis: 0.0343 loss: 51.2475 
episode: 480 count: 368 score: 212.1603 average_last200: 171.9432 epis: 0.0341 loss: 42.8422 
episode: 481 count: 316 score: 187.3913 average_last200: 171.8453 epis: 0.0338 loss: 44.5468 
episode: 482 count: 477 score: 183.8151 average_last200: 171.5836 epis: 0.0336 loss: 58.8835 
episode: 483 count: 274 score: 214.5840 average_last200: 171.8057 epis: 0.0334 loss: 25.7473 
episode: 484 count: 396 score: 221.6577 average_last200: 172.1797 epis: 0.0331 loss: 45.5031 
episode: 485 count: 431 score: 224.9307 average_last200: 172.2715 epis: 0.0329 loss: 51.5420 
episode: 486 count: 462 score: 175.2552 average_last200: 172.2806 epis: 0.0327 loss: 51.5762 
episode: 487 count: 383 score: 203.3704 average_last200: 172.4140 epis: 0.0325 loss: 39.5325 
episode: 488 count: 236 score: 200.8793 average_last200: 172.4170 epis: 0.0322 loss: 23.7589 
episode: 489 count: 267 score: 229.6743 average_last200: 172.6030 epis: 0.0320 loss: 30.6591 
episode: 490 count: 386 score: 170.4380 average_last200: 172.5269 epis: 0.0318 loss: 41.7553 
episode: 491 count: 252 score: 222.3351 average_last200: 173.4803 epis: 0.0316 loss: 36.1311 
episode: 492 count: 378 score: 189.6778 average_last200: 173.3253 epis: 0.0313 loss: 46.9326 
episode: 493 count: 1000 score: -32.1373 average_last200: 172.2709 epis: 0.0311 loss: 120.1346 
episode: 494 count: 402 score: 193.9715 average_last200: 172.4296 epis: 0.0309 loss: 47.1248 
episode: 495 count: 531 score: 191.4878 average_last200: 172.2715 epis: 0.0307 loss: 66.3309 
episode: 496 count: 1000 score: 6.4626 average_last200: 171.1926 epis: 0.0305 loss: 104.4472 
episode: 497 count: 611 score: 185.6579 average_last200: 171.1961 epis: 0.0303 loss: 65.2441 
episode: 498 count: 611 score: 180.2021 average_last200: 171.0812 epis: 0.0300 loss: 74.0083 
episode: 499 count: 178 score: 233.5297 average_last200: 171.2051 epis: 0.0298 loss: 19.9206 
episode: 500 count: 843 score: 92.5386 average_last200: 170.8354 epis: 0.0296 loss: 98.1689 
episode: 501 count: 480 score: 190.9886 average_last200: 170.8271 epis: 0.0294 loss: 57.3076 
episode: 502 count: 104 score: -71.0701 average_last200: 169.5967 epis: 0.0292 loss: 10.5526 
episode: 503 count: 610 score: 137.8415 average_last200: 169.2265 epis: 0.0290 loss: 68.3612 
episode: 504 count: 383 score: 207.9006 average_last200: 169.4005 epis: 0.0288 loss: 46.5641 
episode: 505 count: 513 score: 152.7281 average_last200: 169.2240 epis: 0.0286 loss: 57.8537 
episode: 506 count: 352 score: 233.6510 average_last200: 169.4304 epis: 0.0284 loss: 45.3495 
episode: 507 count: 603 score: 153.6815 average_last200: 169.1055 epis: 0.0282 loss: 67.2952 
episode: 508 count: 499 score: 198.5417 average_last200: 169.1177 epis: 0.0280 loss: 60.3521 
episode: 509 count: 1000 score: -52.4714 average_last200: 168.0792 epis: 0.0278 loss: 122.5959 
episode: 510 count: 433 score: 194.6537 average_last200: 168.1810 epis: 0.0276 loss: 53.5084 
episode: 511 count: 900 score: 116.0521 average_last200: 167.9010 epis: 0.0274 loss: 109.6353 
episode: 512 count: 365 score: 188.1555 average_last200: 167.9535 epis: 0.0272 loss: 40.5640 
episode: 513 count: 429 score: 224.3816 average_last200: 168.0338 epis: 0.0270 loss: 54.1868 
episode: 514 count: 349 score: 206.7280 average_last200: 168.3150 epis: 0.0268 loss: 41.4886 
episode: 515 count: 664 score: 189.1704 average_last200: 169.5191 epis: 0.0267 loss: 84.2144 
episode: 516 count: 837 score: 141.1785 average_last200: 170.4678 epis: 0.0265 loss: 99.8965 
episode: 517 count: 718 score: 124.0271 average_last200: 170.5274 epis: 0.0263 loss: 82.7587 
episode: 518 count: 559 score: 186.9064 average_last200: 170.4752 epis: 0.0261 loss: 63.8956 
episode: 519 count: 420 score: 150.4773 average_last200: 171.4972 epis: 0.0259 loss: 48.7812 
episode: 520 count: 645 score: 142.0635 average_last200: 171.2167 epis: 0.0257 loss: 73.7242 
episode: 521 count: 376 score: 177.5525 average_last200: 171.4926 epis: 0.0256 loss: 49.4459 
episode: 522 count: 384 score: 164.0845 average_last200: 172.4395 epis: 0.0254 loss: 45.5198 
episode: 523 count: 1000 score: -42.1457 average_last200: 171.2001 epis: 0.0252 loss: 109.5888 
episode: 524 count: 776 score: 150.1942 average_last200: 171.0654 epis: 0.0250 loss: 79.2007 
episode: 525 count: 530 score: 193.1743 average_last200: 171.3688 epis: 0.0248 loss: 66.1249 
episode: 526 count: 662 score: 167.2396 average_last200: 171.0360 epis: 0.0247 loss: 77.1725 
episode: 527 count: 595 score: 127.2084 average_last200: 170.6357 epis: 0.0245 loss: 61.4019 
episode: 528 count: 613 score: 185.7112 average_last200: 170.8974 epis: 0.0243 loss: 64.3250 
episode: 529 count: 349 score: 185.1731 average_last200: 171.0345 epis: 0.0242 loss: 45.6755 
episode: 530 count: 800 score: 142.4172 average_last200: 171.3163 epis: 0.0240 loss: 90.3065 
episode: 531 count: 627 score: 163.7218 average_last200: 171.3403 epis: 0.0238 loss: 67.3311 
episode: 532 count: 873 score: 123.8284 average_last200: 171.9619 epis: 0.0237 loss: 118.5187 
episode: 533 count: 364 score: 161.9204 average_last200: 172.8952 epis: 0.0235 loss: 40.8961 
episode: 534 count: 526 score: 183.8804 average_last200: 173.8723 epis: 0.0233 loss: 57.4488 
episode: 535 count: 317 score: 189.9128 average_last200: 174.0261 epis: 0.0232 loss: 39.8520 
episode: 536 count: 536 score: 170.2271 average_last200: 174.5173 epis: 0.0230 loss: 70.1884 
episode: 537 count: 312 score: 186.8669 average_last200: 174.6269 epis: 0.0228 loss: 34.3663 
episode: 538 count: 346 score: 210.3765 average_last200: 174.9652 epis: 0.0227 loss: 39.7100 
episode: 539 count: 254 score: 218.5002 average_last200: 176.3847 epis: 0.0225 loss: 31.3851 
episode: 540 count: 371 score: 228.3447 average_last200: 176.8731 epis: 0.0224 loss: 43.2288 
episode: 541 count: 403 score: 232.9021 average_last200: 176.9359 epis: 0.0222 loss: 43.9944 
episode: 542 count: 101 score: -321.8385 average_last200: 174.4998 epis: 0.0221 loss: 10.6135 
episode: 543 count: 1000 score: -41.2941 average_last200: 173.4034 epis: 0.0219 loss: 112.2894 
episode: 544 count: 251 score: 254.1715 average_last200: 173.9694 epis: 0.0217 loss: 34.2937 
episode: 545 count: 345 score: 222.9079 average_last200: 174.0919 epis: 0.0216 loss: 38.3837 
episode: 546 count: 371 score: 175.9228 average_last200: 174.1684 epis: 0.0214 loss: 45.1123 
episode: 547 count: 271 score: 204.8428 average_last200: 174.1671 epis: 0.0213 loss: 32.6033 
episode: 548 count: 868 score: 117.0810 average_last200: 174.8275 epis: 0.0211 loss: 109.4144 
episode: 549 count: 864 score: 138.5350 average_last200: 175.9896 epis: 0.0210 loss: 110.4878 
episode: 550 count: 208 score: 270.3139 average_last200: 176.8103 epis: 0.0208 loss: 23.6523 
episode: 551 count: 293 score: 223.9976 average_last200: 177.0906 epis: 0.0207 loss: 39.1459 
episode: 552 count: 245 score: 250.1892 average_last200: 177.4005 epis: 0.0206 loss: 28.4943 
episode: 553 count: 654 score: 128.4243 average_last200: 177.1725 epis: 0.0204 loss: 89.0391 
episode: 554 count: 761 score: 126.0536 average_last200: 177.5235 epis: 0.0203 loss: 92.8800 
episode: 555 count: 803 score: 98.5975 average_last200: 178.3307 epis: 0.0201 loss: 101.6456 
episode: 556 count: 419 score: 162.1431 average_last200: 177.9792 epis: 0.0200 loss: 56.8916 
episode: 557 count: 346 score: 228.8907 average_last200: 177.9910 epis: 0.0198 loss: 44.0017 
episode: 558 count: 785 score: 47.8940 average_last200: 177.4504 epis: 0.0197 loss: 101.5340 
episode: 559 count: 280 score: 247.7540 average_last200: 178.1446 epis: 0.0196 loss: 42.4547 
episode: 560 count: 235 score: 244.9941 average_last200: 178.5274 epis: 0.0194 loss: 36.1092 
episode: 561 count: 564 score: 150.5435 average_last200: 179.2474 epis: 0.0193 loss: 74.0969 
episode: 562 count: 233 score: 226.0918 average_last200: 180.7051 epis: 0.0192 loss: 31.3939 
episode: 563 count: 708 score: 132.4730 average_last200: 181.0680 epis: 0.0190 loss: 100.2474 
episode: 564 count: 381 score: 189.2726 average_last200: 181.2023 epis: 0.0189 loss: 52.0163 
episode: 565 count: 899 score: 112.2561 average_last200: 180.8063 epis: 0.0188 loss: 111.3666 
episode: 566 count: 630 score: 143.9733 average_last200: 180.6595 epis: 0.0186 loss: 83.3919 
episode: 567 count: 233 score: 224.2628 average_last200: 180.9243 epis: 0.0185 loss: 33.7622 
episode: 568 count: 278 score: 193.4380 average_last200: 180.9238 epis: 0.0184 loss: 40.9818 
episode: 569 count: 803 score: 96.2071 average_last200: 180.4409 epis: 0.0182 loss: 86.8197 
episode: 570 count: 232 score: 256.2622 average_last200: 180.8353 epis: 0.0181 loss: 29.0884 
episode: 571 count: 317 score: 231.2665 average_last200: 180.9209 epis: 0.0180 loss: 41.4410 
episode: 572 count: 332 score: 202.9092 average_last200: 181.2344 epis: 0.0179 loss: 37.8334 
episode: 573 count: 772 score: 153.0648 average_last200: 181.2930 epis: 0.0177 loss: 103.7698 
episode: 574 count: 799 score: 129.6908 average_last200: 181.2237 epis: 0.0176 loss: 106.1491 
episode: 575 count: 288 score: 247.7305 average_last200: 181.5920 epis: 0.0175 loss: 42.2065 
episode: 576 count: 555 score: 183.6618 average_last200: 181.4887 epis: 0.0174 loss: 65.0122 
episode: 577 count: 351 score: 219.8795 average_last200: 181.6343 epis: 0.0172 loss: 53.1676 
episode: 578 count: 322 score: 222.5487 average_last200: 181.6462 epis: 0.0171 loss: 42.0937 
episode: 579 count: 261 score: 248.2745 average_last200: 181.8723 epis: 0.0170 loss: 34.5342 
episode: 580 count: 293 score: 251.9630 average_last200: 182.9803 epis: 0.0169 loss: 38.5181 
episode: 581 count: 278 score: 194.8443 average_last200: 182.8277 epis: 0.0168 loss: 41.3391 
episode: 582 count: 498 score: 193.0235 average_last200: 182.7198 epis: 0.0166 loss: 55.4502 
episode: 583 count: 283 score: 237.9179 average_last200: 182.8376 epis: 0.0165 loss: 34.2870 
episode: 584 count: 329 score: 180.3475 average_last200: 182.6488 epis: 0.0164 loss: 41.2420 
episode: 585 count: 571 score: 177.1945 average_last200: 182.3558 epis: 0.0163 loss: 73.9891 
episode: 586 count: 543 score: 198.7392 average_last200: 182.3154 epis: 0.0162 loss: 75.2558 
episode: 587 count: 338 score: 177.0703 average_last200: 182.4029 epis: 0.0161 loss: 46.8579 
episode: 588 count: 435 score: 163.6031 average_last200: 182.0267 epis: 0.0160 loss: 63.8813 
episode: 589 count: 367 score: 208.0325 average_last200: 182.0827 epis: 0.0159 loss: 48.6890 
episode: 590 count: 250 score: 206.8958 average_last200: 182.1337 epis: 0.0157 loss: 36.6032 
episode: 591 count: 268 score: 208.1874 average_last200: 182.1671 epis: 0.0156 loss: 35.7620 
episode: 592 count: 230 score: 186.9366 average_last200: 182.0889 epis: 0.0155 loss: 42.5156 
episode: 593 count: 586 score: 211.6145 average_last200: 182.3312 epis: 0.0154 loss: 77.6948 
episode: 594 count: 279 score: 222.6471 average_last200: 182.3823 epis: 0.0153 loss: 34.4666 
episode: 595 count: 1000 score: -19.8466 average_last200: 181.2795 epis: 0.0152 loss: 127.8519 
episode: 596 count: 820 score: 112.8372 average_last200: 180.9263 epis: 0.0151 loss: 102.5943 
episode: 597 count: 302 score: 182.6023 average_last200: 181.0280 epis: 0.0150 loss: 38.9734 
episode: 598 count: 331 score: 198.7660 average_last200: 180.9845 epis: 0.0149 loss: 39.0439 
episode: 599 count: 515 score: 176.4201 average_last200: 180.8257 epis: 0.0148 loss: 79.2992 
episode: 600 count: 288 score: 215.5643 average_last200: 181.0184 epis: 0.0147 loss: 36.0961 
episode: 601 count: 517 score: 150.2610 average_last200: 180.8455 epis: 0.0146 loss: 63.0666 
episode: 602 count: 311 score: 196.6616 average_last200: 180.8644 epis: 0.0145 loss: 42.0494 
episode: 603 count: 244 score: 222.4308 average_last200: 180.8354 epis: 0.0144 loss: 35.2357 
episode: 604 count: 288 score: 218.4859 average_last200: 181.0880 epis: 0.0143 loss: 39.4815 
episode: 605 count: 304 score: 200.4966 average_last200: 181.1006 epis: 0.0142 loss: 39.5945 
episode: 606 count: 268 score: 241.7160 average_last200: 181.1599 epis: 0.0141 loss: 34.5088 
episode: 607 count: 376 score: 232.6068 average_last200: 181.3774 epis: 0.0140 loss: 50.5030 
episode: 608 count: 261 score: 222.8015 average_last200: 181.6321 epis: 0.0139 loss: 38.0917 
episode: 609 count: 243 score: 244.9289 average_last200: 181.9153 epis: 0.0138 loss: 31.3284 
episode: 610 count: 309 score: 220.0310 average_last200: 182.1919 epis: 0.0137 loss: 39.5083 
episode: 611 count: 275 score: 230.3960 average_last200: 182.3250 epis: 0.0136 loss: 38.4787 
episode: 612 count: 293 score: 188.6676 average_last200: 182.2504 epis: 0.0135 loss: 33.3448 
episode: 613 count: 233 score: 203.8861 average_last200: 182.2691 epis: 0.0134 loss: 34.9997 
episode: 614 count: 287 score: 229.6191 average_last200: 182.3410 epis: 0.0133 loss: 35.0763 
episode: 615 count: 252 score: 190.1666 average_last200: 182.4543 epis: 0.0132 loss: 32.3299 
episode: 616 count: 431 score: 235.8562 average_last200: 182.6958 epis: 0.0131 loss: 59.1766 
episode: 617 count: 311 score: 243.7185 average_last200: 182.8197 epis: 0.0130 loss: 40.3162 
episode: 618 count: 276 score: 219.6070 average_last200: 182.9497 epis: 0.0129 loss: 30.1986 
episode: 619 count: 607 score: 205.8631 average_last200: 182.9960 epis: 0.0128 loss: 72.6872 
episode: 620 count: 1000 score: 44.9407 average_last200: 182.5149 epis: 0.0127 loss: 133.0600 
episode: 621 count: 332 score: 250.9071 average_last200: 182.6815 epis: 0.0127 loss: 44.2303 
episode: 622 count: 275 score: 192.7907 average_last200: 182.7418 epis: 0.0126 loss: 35.0925 
episode: 623 count: 259 score: 241.1442 average_last200: 182.8265 epis: 0.0125 loss: 37.4659 
episode: 624 count: 282 score: 243.8230 average_last200: 182.9873 epis: 0.0124 loss: 32.0080 
episode: 625 count: 254 score: 211.7955 average_last200: 182.9763 epis: 0.0123 loss: 28.2358 
episode: 626 count: 589 score: 199.9885 average_last200: 182.8529 epis: 0.0122 loss: 70.6331 
episode: 627 count: 750 score: 157.1486 average_last200: 182.6291 epis: 0.0121 loss: 91.5900 
episode: 628 count: 327 score: 210.5354 average_last200: 182.6019 epis: 0.0121 loss: 41.9367 
episode: 629 count: 262 score: 227.0785 average_last200: 182.8748 epis: 0.0120 loss: 36.6286 
episode: 630 count: 254 score: 240.4577 average_last200: 183.0010 epis: 0.0119 loss: 34.5981 
episode: 631 count: 345 score: 195.8950 average_last200: 182.9023 epis: 0.0118 loss: 39.0694 
episode: 632 count: 284 score: 214.6418 average_last200: 182.8409 epis: 0.0117 loss: 31.5919 
episode: 633 count: 246 score: 222.6006 average_last200: 182.8146 epis: 0.0116 loss: 32.9523 
episode: 634 count: 273 score: 240.7268 average_last200: 182.8918 epis: 0.0116 loss: 43.9101 
episode: 635 count: 297 score: 231.5137 average_last200: 182.9172 epis: 0.0115 loss: 45.7550 
episode: 636 count: 352 score: 234.3433 average_last200: 183.0955 epis: 0.0114 loss: 47.0038 
episode: 637 count: 420 score: 228.4161 average_last200: 183.4389 epis: 0.0113 loss: 53.5369 
episode: 638 count: 271 score: 234.0158 average_last200: 183.5839 epis: 0.0112 loss: 33.5140 
episode: 639 count: 239 score: 247.2256 average_last200: 183.6199 epis: 0.0112 loss: 24.7346 
episode: 640 count: 380 score: 238.9125 average_last200: 183.7823 epis: 0.0111 loss: 55.3262 
episode: 641 count: 392 score: 251.3294 average_last200: 183.9543 epis: 0.0110 loss: 41.8542 
episode: 642 count: 702 score: 227.7353 average_last200: 184.1469 epis: 0.0109 loss: 94.5132 
episode: 643 count: 388 score: 181.4917 average_last200: 185.1046 epis: 0.0108 loss: 47.9528 
episode: 644 count: 288 score: 235.8572 average_last200: 185.1129 epis: 0.0108 loss: 36.3872 
episode: 645 count: 450 score: 225.5887 average_last200: 185.0188 epis: 0.0107 loss: 61.3052 
episode: 646 count: 276 score: 214.3959 average_last200: 185.1905 epis: 0.0106 loss: 39.3253 
episode: 647 count: 400 score: 218.9348 average_last200: 185.4359 epis: 0.0105 loss: 48.3278 
episode: 648 count: 344 score: 187.6101 average_last200: 185.2133 epis: 0.0105 loss: 44.1586 
episode: 649 count: 541 score: 216.6003 average_last200: 185.3285 epis: 0.0104 loss: 59.0038 
episode: 650 count: 294 score: 213.4797 average_last200: 185.3645 epis: 0.0103 loss: 32.1633 
episode: 651 count: 427 score: 215.7901 average_last200: 185.4336 epis: 0.0103 loss: 51.6485 
episode: 652 count: 273 score: 188.3938 average_last200: 185.1962 epis: 0.0102 loss: 40.4155 
episode: 653 count: 220 score: 225.8018 average_last200: 185.2743 epis: 0.0101 loss: 30.5628 
episode: 654 count: 289 score: 219.0571 average_last200: 185.3413 epis: 0.0100 loss: 36.8983 
episode: 655 count: 556 score: 117.1941 average_last200: 185.0732 epis: 0.0100 loss: 67.7622 
episode: 656 count: 351 score: 234.4653 average_last200: 185.3880 epis: 0.0099 loss: 52.2873 
episode: 657 count: 334 score: 248.7843 average_last200: 185.5366 epis: 0.0098 loss: 41.1609 
episode: 658 count: 223 score: 218.4488 average_last200: 185.4615 epis: 0.0098 loss: 24.5736 
episode: 659 count: 235 score: 228.4966 average_last200: 185.5471 epis: 0.0097 loss: 32.3024 
episode: 660 count: 459 score: 224.3520 average_last200: 185.6898 epis: 0.0096 loss: 53.9328 
episode: 661 count: 341 score: 208.1306 average_last200: 185.7949 epis: 0.0096 loss: 42.9415 
episode: 662 count: 458 score: 210.5743 average_last200: 186.0012 epis: 0.0095 loss: 67.7768 
episode: 663 count: 266 score: 234.6124 average_last200: 186.2503 epis: 0.0094 loss: 36.2680 
episode: 664 count: 267 score: 238.8395 average_last200: 186.4164 epis: 0.0094 loss: 34.9262 
episode: 665 count: 301 score: 227.2176 average_last200: 186.3608 epis: 0.0093 loss: 30.2791 
episode: 666 count: 255 score: 268.8899 average_last200: 186.6322 epis: 0.0092 loss: 27.8021 
episode: 667 count: 215 score: 254.0611 average_last200: 186.9767 epis: 0.0092 loss: 30.4726 
episode: 668 count: 229 score: 222.8623 average_last200: 187.0343 epis: 0.0091 loss: 31.6275 
episode: 669 count: 439 score: 233.6703 average_last200: 187.4271 epis: 0.0090 loss: 49.4877 
episode: 670 count: 273 score: 195.6764 average_last200: 187.3627 epis: 0.0090 loss: 36.8226 
episode: 671 count: 375 score: 233.2817 average_last200: 187.7156 epis: 0.0089 loss: 43.9465 
episode: 672 count: 328 score: 190.4182 average_last200: 187.6164 epis: 0.0088 loss: 44.4597 
episode: 673 count: 316 score: 197.1948 average_last200: 187.6801 epis: 0.0088 loss: 34.9776 
episode: 674 count: 621 score: 197.2637 average_last200: 187.6261 epis: 0.0087 loss: 77.3294 
episode: 675 count: 211 score: 270.3805 average_last200: 187.8728 epis: 0.0087 loss: 25.7971 
episode: 676 count: 283 score: 199.8380 average_last200: 187.7754 epis: 0.0086 loss: 38.1429 
episode: 677 count: 239 score: 241.6095 average_last200: 187.8641 epis: 0.0085 loss: 30.4209 
episode: 678 count: 338 score: 209.4145 average_last200: 187.9827 epis: 0.0085 loss: 42.2019 
episode: 679 count: 432 score: 183.4708 average_last200: 187.8581 epis: 0.0084 loss: 49.0646 
episode: 680 count: 403 score: 209.8935 average_last200: 187.8468 epis: 0.0084 loss: 45.3398 
episode: 681 count: 315 score: 202.5824 average_last200: 187.9227 epis: 0.0083 loss: 41.2279 
episode: 682 count: 317 score: 230.3608 average_last200: 188.1555 epis: 0.0082 loss: 42.1564 
episode: 683 count: 268 score: 200.7911 average_last200: 188.0865 epis: 0.0082 loss: 40.2880 
episode: 684 count: 347 score: 189.1605 average_last200: 187.9240 epis: 0.0081 loss: 42.7667 
episode: 685 count: 259 score: 223.1871 average_last200: 187.9153 epis: 0.0081 loss: 28.3050 
episode: 686 count: 423 score: 220.1851 average_last200: 188.1399 epis: 0.0080 loss: 48.0598 
episode: 687 count: 358 score: 200.6480 average_last200: 188.1263 epis: 0.0080 loss: 48.9238 
episode: 688 count: 396 score: 214.3092 average_last200: 188.1935 epis: 0.0079 loss: 63.3475 
episode: 689 count: 432 score: 189.5153 average_last200: 187.9927 epis: 0.0079 loss: 53.2501 
episode: 690 count: 260 score: 224.9175 average_last200: 188.2651 epis: 0.0078 loss: 29.5673 
episode: 691 count: 341 score: 210.4494 average_last200: 188.2056 epis: 0.0077 loss: 40.9291 
episode: 692 count: 261 score: 241.9264 average_last200: 188.4669 epis: 0.0077 loss: 43.4126 
episode: 693 count: 232 score: 237.6939 average_last200: 189.8160 epis: 0.0076 loss: 33.4286 
episode: 694 count: 273 score: 225.3113 average_last200: 189.9727 epis: 0.0076 loss: 32.6874 
episode: 695 count: 291 score: 221.5089 average_last200: 190.1228 epis: 0.0075 loss: 31.3799 
episode: 696 count: 242 score: 224.3424 average_last200: 191.2122 epis: 0.0075 loss: 31.4568 
episode: 697 count: 293 score: 199.6222 average_last200: 191.2821 epis: 0.0074 loss: 40.4629 
episode: 698 count: 379 score: 227.0728 average_last200: 191.5164 epis: 0.0074 loss: 50.6792 
episode: 699 count: 267 score: 214.4858 average_last200: 191.4212 epis: 0.0073 loss: 33.0155 
episode: 700 count: 317 score: 199.2870 average_last200: 191.9549 epis: 0.0073 loss: 38.7319 
episode: 701 count: 558 score: 167.6869 average_last200: 191.8384 epis: 0.0072 loss: 81.0347 
episode: 702 count: 319 score: 249.0223 average_last200: 193.4389 epis: 0.0072 loss: 42.2801 
episode: 703 count: 302 score: 195.5802 average_last200: 193.7276 epis: 0.0071 loss: 33.8345 
episode: 704 count: 268 score: 247.6471 average_last200: 193.9263 epis: 0.0071 loss: 30.1896 
episode: 705 count: 330 score: 202.9775 average_last200: 194.1776 epis: 0.0070 loss: 43.9464 
episode: 706 count: 269 score: 204.8732 average_last200: 194.0337 epis: 0.0070 loss: 25.9332 
episode: 707 count: 681 score: 177.4762 average_last200: 194.1527 epis: 0.0069 loss: 87.4555 
episode: 708 count: 450 score: 191.7370 average_last200: 194.1186 epis: 0.0069 loss: 48.3240 
episode: 709 count: 567 score: 154.3907 average_last200: 195.1529 epis: 0.0068 loss: 79.9843 
episode: 710 count: 313 score: 236.8629 average_last200: 195.3640 epis: 0.0068 loss: 35.2660 
episode: 711 count: 361 score: 223.5220 average_last200: 195.9013 epis: 0.0067 loss: 45.0693 
episode: 712 count: 467 score: 124.8720 average_last200: 195.5849 epis: 0.0067 loss: 59.8342 
episode: 713 count: 352 score: 216.3005 average_last200: 195.5445 epis: 0.0066 loss: 42.0368 
episode: 714 count: 385 score: 233.3088 average_last200: 195.6774 epis: 0.0066 loss: 50.1388 
episode: 715 count: 322 score: 239.5349 average_last200: 195.9292 epis: 0.0065 loss: 35.0332 
episode: 716 count: 334 score: 196.6457 average_last200: 196.2066 epis: 0.0065 loss: 42.2399 
episode: 717 count: 245 score: 243.4366 average_last200: 196.8036 epis: 0.0065 loss: 24.1925 
episode: 718 count: 469 score: 176.6817 average_last200: 196.7525 epis: 0.0064 loss: 62.4885 
episode: 719 count: 280 score: 203.9833 average_last200: 197.0200 epis: 0.0064 loss: 35.8492 
episode: 720 count: 295 score: 215.9532 average_last200: 197.3895 epis: 0.0063 loss: 44.0760 
episode: 721 count: 656 score: 118.8926 average_last200: 197.0962 epis: 0.0063 loss: 76.0855 
episode: 722 count: 354 score: 230.4962 average_last200: 197.4282 epis: 0.0062 loss: 40.7270 
episode: 723 count: 540 score: 200.1845 average_last200: 198.6399 epis: 0.0062 loss: 67.4434 
episode: 724 count: 249 score: 238.7209 average_last200: 199.0825 epis: 0.0061 loss: 25.4675 
episode: 725 count: 543 score: 187.9674 average_last200: 199.0565 epis: 0.0061 loss: 65.6389 
episode: 726 count: 842 score: 188.4108 average_last200: 199.1623 epis: 0.0061 loss: 101.3293 
episode: 727 count: 239 score: 215.3055 average_last200: 199.6028 epis: 0.0060 loss: 26.3975 
episode: 728 count: 367 score: 217.2477 average_last200: 199.7605 epis: 0.0060 loss: 43.0367 
episode: 729 count: 233 score: 217.1572 average_last200: 199.9204 epis: 0.0059 loss: 31.0181 
episode: 730 count: 652 score: 148.2680 average_last200: 199.9497 epis: 0.0059 loss: 89.3697 
episode: 731 count: 270 score: 209.3646 average_last200: 200.1779 epis: 0.0058 loss: 32.8951 
episode: 732 count: 470 score: 193.4938 average_last200: 200.5262 epis: 0.0058 loss: 66.8799 
episode: 733 count: 597 score: 122.4513 average_last200: 200.3289 epis: 0.0058 loss: 75.8918 
episode: 734 count: 247 score: 211.1551 average_last200: 200.4653 epis: 0.0057 loss: 34.4180 
episode: 735 count: 422 score: 160.0085 average_last200: 200.3157 epis: 0.0057 loss: 49.5141 
episode: 736 count: 353 score: 198.3376 average_last200: 200.4563 epis: 0.0056 loss: 50.3495 
episode: 737 count: 549 score: 181.2115 average_last200: 200.4280 epis: 0.0056 loss: 68.9459 
episode: 738 count: 892 score: 222.4402 average_last200: 200.4883 epis: 0.0056 loss: 106.1263 
episode: 739 count: 233 score: 214.8015 average_last200: 200.4698 epis: 0.0055 loss: 30.3401 
episode: 740 count: 467 score: 179.0929 average_last200: 200.2236 epis: 0.0055 loss: 53.1142 
episode: 741 count: 253 score: 188.5003 average_last200: 200.0016 epis: 0.0054 loss: 30.6388 
episode: 742 count: 376 score: 205.0245 average_last200: 202.6359 epis: 0.0054 loss: 43.0614 
episode: 743 count: 293 score: 219.1370 average_last200: 203.9380 epis: 0.0054 loss: 38.7994 
episode: 744 count: 731 score: 193.8964 average_last200: 203.6367 epis: 0.0053 loss: 86.5985 
episode: 745 count: 417 score: 211.6724 average_last200: 203.5805 epis: 0.0053 loss: 47.0749 
episode: 746 count: 289 score: 199.6852 average_last200: 203.6993 epis: 0.0053 loss: 37.8973 
episode: 747 count: 723 score: 150.2882 average_last200: 203.4265 epis: 0.0052 loss: 86.4021 
episode: 748 count: 204 score: 251.8178 average_last200: 204.1002 epis: 0.0052 loss: 22.1556 
episode: 749 count: 300 score: 239.7743 average_last200: 204.6064 epis: 0.0052 loss: 31.5362 
episode: 750 count: 703 score: 178.9386 average_last200: 204.1495 epis: 0.0051 loss: 82.3493 
episode: 751 count: 817 score: 145.8744 average_last200: 203.7589 epis: 0.0051 loss: 99.4983 
episode: 752 count: 441 score: 147.6794 average_last200: 203.2464 epis: 0.0050 loss: 57.7892 
episode: 753 count: 445 score: 208.0099 average_last200: 203.6443 epis: 0.0050 loss: 58.2519 
episode: 754 count: 200 score: 234.3460 average_last200: 204.1858 epis: 0.0050 loss: 25.8604 
episode: 755 count: 1000 score: -24.8073 average_last200: 203.5687 epis: 0.0049 loss: 114.6092 
episode: 756 count: 601 score: 126.2698 average_last200: 203.3894 epis: 0.0049 loss: 76.3783 
episode: 757 count: 910 score: 151.5446 average_last200: 203.0026 epis: 0.0049 loss: 119.9804 
episode: 758 count: 886 score: 136.6985 average_last200: 203.4467 epis: 0.0048 loss: 116.0602 
episode: 759 count: 709 score: 105.5153 average_last200: 202.7355 epis: 0.0048 loss: 82.4239 
episode: 760 count: 914 score: -163.2313 average_last200: 200.6943 epis: 0.0048 loss: 112.0792 
episode: 761 count: 841 score: 105.6489 average_last200: 200.4699 epis: 0.0047 loss: 89.9354 
episode: 762 count: 375 score: 179.2702 average_last200: 200.2358 epis: 0.0047 loss: 41.0680 
episode: 763 count: 790 score: 123.5543 average_last200: 200.1912 epis: 0.0047 loss: 86.1070 
episode: 764 count: 261 score: 235.0328 average_last200: 200.4200 epis: 0.0046 loss: 32.5008 
episode: 765 count: 748 score: 141.4123 average_last200: 200.5657 epis: 0.0046 loss: 88.1210 
episode: 766 count: 729 score: 118.1816 average_last200: 200.4368 epis: 0.0046 loss: 87.8516 
episode: 767 count: 884 score: 86.2413 average_last200: 199.7467 epis: 0.0045 loss: 105.3372 
episode: 768 count: 207 score: -11.0123 average_last200: 198.7244 epis: 0.0045 loss: 22.2654 
episode: 769 count: 278 score: 215.9043 average_last200: 199.3229 epis: 0.0045 loss: 29.2944 
episode: 770 count: 351 score: 196.1370 average_last200: 199.0223 epis: 0.0044 loss: 50.6722 
episode: 771 count: 270 score: 215.7130 average_last200: 198.9445 epis: 0.0044 loss: 31.9339 
episode: 772 count: 266 score: 220.1396 average_last200: 199.0307 epis: 0.0044 loss: 28.9712 
episode: 773 count: 498 score: 124.7424 average_last200: 198.8891 epis: 0.0044 loss: 63.1119 
episode: 774 count: 298 score: 189.0874 average_last200: 199.1860 epis: 0.0043 loss: 41.0322 
episode: 775 count: 274 score: 204.5208 average_last200: 198.9700 epis: 0.0043 loss: 35.6144 
episode: 776 count: 505 score: 164.2540 average_last200: 198.8730 epis: 0.0043 loss: 58.4031 
episode: 777 count: 460 score: 151.2574 average_last200: 198.5298 epis: 0.0042 loss: 53.0539 
episode: 778 count: 991 score: 105.9396 average_last200: 197.9468 epis: 0.0042 loss: 113.6686 
episode: 779 count: 275 score: 250.9663 average_last200: 197.9603 epis: 0.0042 loss: 34.6551 
episode: 780 count: 387 score: 209.0190 average_last200: 197.7455 epis: 0.0041 loss: 50.0628 
episode: 781 count: 713 score: 134.7600 average_last200: 197.4451 epis: 0.0041 loss: 91.5303 
episode: 782 count: 99 score: -93.9029 average_last200: 196.0105 epis: 0.0041 loss: 7.2964 
episode: 783 count: 178 score: 248.3319 average_last200: 196.0626 epis: 0.0041 loss: 22.7576 
episode: 784 count: 1000 score: -9.6600 average_last200: 195.1125 epis: 0.0040 loss: 123.7506 
episode: 785 count: 475 score: 182.2641 average_last200: 195.1379 epis: 0.0040 loss: 58.5845 
episode: 786 count: 200 score: 252.4987 average_last200: 195.4067 epis: 0.0040 loss: 20.5009 
episode: 787 count: 195 score: 256.2844 average_last200: 195.8027 epis: 0.0039 loss: 26.7806 
episode: 788 count: 932 score: 122.6568 average_last200: 195.5980 epis: 0.0039 loss: 107.5119 
episode: 789 count: 276 score: 222.3238 average_last200: 195.6695 epis: 0.0039 loss: 35.7188 
episode: 790 count: 222 score: 223.0150 average_last200: 195.7501 epis: 0.0039 loss: 29.6052 
episode: 791 count: 299 score: 241.4283 average_last200: 195.9163 epis: 0.0038 loss: 32.1982 
episode: 792 count: 827 score: 155.6154 average_last200: 195.7596 epis: 0.0038 loss: 105.8749 
episode: 793 count: 292 score: 224.1266 average_last200: 195.8222 epis: 0.0038 loss: 35.7740 
episode: 794 count: 617 score: 163.4050 average_last200: 195.5260 epis: 0.0038 loss: 72.7380 
episode: 795 count: 240 score: 223.6458 average_last200: 196.7435 epis: 0.0037 loss: 24.2214 
episode: 796 count: 571 score: 179.0100 average_last200: 197.0743 epis: 0.0037 loss: 68.0333 
episode: 797 count: 265 score: 220.4043 average_last200: 197.2633 epis: 0.0037 loss: 35.3659 
episode: 798 count: 211 score: 237.0727 average_last200: 197.4549 epis: 0.0037 loss: 23.3753 
episode: 799 count: 805 score: 108.8653 average_last200: 197.1171 epis: 0.0036 loss: 91.5233 
episode: 800 count: 294 score: 196.5201 average_last200: 197.0219 epis: 0.0036 loss: 36.2392 
episode: 801 count: 1000 score: -34.5156 average_last200: 196.0980 epis: 0.0036 loss: 116.0046 
episode: 802 count: 332 score: 202.6784 average_last200: 196.1281 epis: 0.0036 loss: 40.6955 
episode: 803 count: 357 score: 216.3860 average_last200: 196.0979 epis: 0.0035 loss: 40.3988 
episode: 804 count: 255 score: 244.5338 average_last200: 196.2281 epis: 0.0035 loss: 30.9254 
episode: 805 count: 1000 score: -53.5197 average_last200: 194.9580 epis: 0.0035 loss: 116.7119 
episode: 806 count: 558 score: 171.9843 average_last200: 194.6094 epis: 0.0035 loss: 64.7646 
episode: 807 count: 426 score: 217.5615 average_last200: 194.5341 epis: 0.0034 loss: 53.2883 
episode: 808 count: 447 score: 208.4979 average_last200: 194.4626 epis: 0.0034 loss: 52.8831 
episode: 809 count: 399 score: 205.7695 average_last200: 194.2668 epis: 0.0034 loss: 39.6823 
episode: 810 count: 783 score: 155.0206 average_last200: 193.9418 epis: 0.0034 loss: 96.0420 
episode: 811 count: 302 score: 191.5873 average_last200: 193.7477 epis: 0.0033 loss: 33.4243 
episode: 812 count: 266 score: 213.4781 average_last200: 193.8718 epis: 0.0033 loss: 32.5288 
episode: 813 count: 364 score: 207.5260 average_last200: 193.8900 epis: 0.0033 loss: 42.1536 
episode: 814 count: 791 score: 184.1320 average_last200: 193.6625 epis: 0.0033 loss: 106.1696 
episode: 815 count: 1000 score: -21.7818 average_last200: 192.6028 epis: 0.0032 loss: 115.8996 
episode: 816 count: 410 score: 186.8218 average_last200: 192.3576 epis: 0.0032 loss: 51.5894 
episode: 817 count: 238 score: 231.3547 average_last200: 192.2958 epis: 0.0032 loss: 28.8511 
episode: 818 count: 286 score: 229.5752 average_last200: 192.3456 epis: 0.0032 loss: 26.9989 
episode: 819 count: 277 score: 208.6472 average_last200: 192.3596 epis: 0.0032 loss: 33.1133 
episode: 820 count: 411 score: 183.4114 average_last200: 193.0519 epis: 0.0031 loss: 38.6312 
episode: 821 count: 321 score: 243.4862 average_last200: 193.0148 epis: 0.0031 loss: 35.3055 
episode: 822 count: 390 score: 213.3051 average_last200: 193.1174 epis: 0.0031 loss: 36.4749 
episode: 823 count: 326 score: 225.0256 average_last200: 193.0368 epis: 0.0031 loss: 40.6943 
episode: 824 count: 217 score: 247.9339 average_last200: 193.0573 epis: 0.0030 loss: 25.7138 
episode: 825 count: 636 score: 212.6852 average_last200: 193.0618 epis: 0.0030 loss: 75.3448 
episode: 826 count: 269 score: 242.5018 average_last200: 193.2744 epis: 0.0030 loss: 23.6633 
episode: 827 count: 359 score: 211.0426 average_last200: 193.5438 epis: 0.0030 loss: 40.2207 
episode: 828 count: 855 score: 151.1213 average_last200: 193.2468 epis: 0.0030 loss: 90.5963 
episode: 829 count: 222 score: 241.2741 average_last200: 193.3177 epis: 0.0029 loss: 28.0665 
episode: 830 count: 1000 score: -66.9391 average_last200: 191.7807 epis: 0.0029 loss: 115.2940 
episode: 831 count: 301 score: 205.0551 average_last200: 191.8265 epis: 0.0029 loss: 31.4929 
episode: 832 count: 351 score: 214.2694 average_last200: 191.8247 epis: 0.0029 loss: 46.9343 
episode: 833 count: 408 score: 217.7398 average_last200: 191.8004 epis: 0.0029 loss: 43.5921 
episode: 834 count: 1000 score: -31.4530 average_last200: 190.4395 epis: 0.0028 loss: 114.5553 
episode: 835 count: 202 score: 236.8513 average_last200: 190.4662 epis: 0.0028 loss: 25.6371 
episode: 836 count: 428 score: 193.8947 average_last200: 190.2639 epis: 0.0028 loss: 58.2896 
episode: 837 count: 224 score: 181.6853 average_last200: 190.0303 epis: 0.0028 loss: 18.9604 
episode: 838 count: 238 score: 229.1404 average_last200: 190.0059 epis: 0.0028 loss: 29.4036 
episode: 839 count: 231 score: 210.1507 average_last200: 189.8205 epis: 0.0027 loss: 26.1428 
episode: 840 count: 584 score: 193.4736 average_last200: 189.5933 epis: 0.0027 loss: 67.1246 
episode: 841 count: 261 score: 224.0203 average_last200: 189.4568 epis: 0.0027 loss: 31.3496 
episode: 842 count: 1000 score: -57.2005 average_last200: 188.0321 epis: 0.0027 loss: 114.8080 
episode: 843 count: 992 score: 98.9969 average_last200: 187.6196 epis: 0.0027 loss: 111.5747 
episode: 844 count: 266 score: 224.4591 average_last200: 187.5626 epis: 0.0026 loss: 30.6048 
episode: 845 count: 292 score: 212.7910 average_last200: 187.4987 epis: 0.0026 loss: 29.2748 
episode: 846 count: 270 score: 227.0631 average_last200: 187.5620 epis: 0.0026 loss: 27.0137 
episode: 847 count: 1000 score: -47.0340 average_last200: 186.2321 epis: 0.0026 loss: 112.7327 
episode: 848 count: 230 score: 241.9749 average_last200: 186.5040 epis: 0.0026 loss: 22.9154 
episode: 849 count: 333 score: 178.9390 average_last200: 186.3157 epis: 0.0026 loss: 36.7596 
episode: 850 count: 244 score: 194.4470 average_last200: 186.2205 epis: 0.0025 loss: 25.9624 
episode: 851 count: 499 score: 217.7165 average_last200: 186.2301 epis: 0.0025 loss: 54.9433 
episode: 852 count: 256 score: 207.3581 average_last200: 186.3250 epis: 0.0025 loss: 24.1791 
episode: 853 count: 1000 score: -55.4401 average_last200: 184.9187 epis: 0.0025 loss: 96.1811 
episode: 854 count: 231 score: 222.7021 average_last200: 184.9370 epis: 0.0025 loss: 26.0227 
episode: 855 count: 623 score: 120.1294 average_last200: 184.9516 epis: 0.0024 loss: 61.7728 
episode: 856 count: 1000 score: -41.0222 average_last200: 183.5742 epis: 0.0024 loss: 102.9627 
episode: 857 count: 1000 score: -2.2627 average_last200: 182.3190 epis: 0.0024 loss: 105.5250 
episode: 858 count: 511 score: 192.3497 average_last200: 182.1885 epis: 0.0024 loss: 43.0069 
episode: 859 count: 362 score: 225.9610 average_last200: 182.1758 epis: 0.0024 loss: 35.1063 
episode: 860 count: 1000 score: 87.8116 average_last200: 181.4931 epis: 0.0024 loss: 94.1350 
episode: 861 count: 1000 score: -10.8182 average_last200: 180.3984 epis: 0.0023 loss: 107.4034 
episode: 862 count: 890 score: 96.8456 average_last200: 179.8297 epis: 0.0023 loss: 96.6455 
episode: 863 count: 736 score: 157.0505 average_last200: 179.4419 epis: 0.0023 loss: 70.9124 
episode: 864 count: 278 score: 222.0259 average_last200: 179.3578 epis: 0.0023 loss: 20.2330 
episode: 865 count: 593 score: 156.7394 average_last200: 179.0054 epis: 0.0023 loss: 54.5565 
episode: 866 count: 302 score: 213.5992 average_last200: 178.7290 epis: 0.0023 loss: 27.7647 
episode: 867 count: 1000 score: 97.6970 average_last200: 177.9472 epis: 0.0022 loss: 102.8520 
episode: 868 count: 666 score: 141.5884 average_last200: 177.5408 epis: 0.0022 loss: 62.1389 
episode: 869 count: 259 score: 191.5245 average_last200: 177.3301 epis: 0.0022 loss: 24.6786 
episode: 870 count: 230 score: 193.1862 average_last200: 177.3176 epis: 0.0022 loss: 30.7540 
episode: 871 count: 856 score: 136.2387 average_last200: 176.8324 epis: 0.0022 loss: 93.0774 
episode: 872 count: 830 score: 162.7017 average_last200: 176.6938 epis: 0.0022 loss: 77.9273 
episode: 873 count: 236 score: 190.6366 average_last200: 176.6610 epis: 0.0022 loss: 22.8081 
episode: 874 count: 230 score: 225.0694 average_last200: 176.8001 epis: 0.0021 loss: 28.0257 
episode: 875 count: 293 score: 218.6647 average_last200: 176.5415 epis: 0.0021 loss: 27.5411 
episode: 876 count: 1000 score: -40.6691 average_last200: 175.3389 epis: 0.0021 loss: 99.4476 
episode: 877 count: 261 score: 221.5169 average_last200: 175.2385 epis: 0.0021 loss: 22.1235 
episode: 878 count: 1000 score: -36.5975 average_last200: 174.0084 epis: 0.0021 loss: 100.4742 
episode: 879 count: 322 score: 188.6275 average_last200: 174.0342 epis: 0.0021 loss: 26.1686 
episode: 880 count: 1000 score: -54.0769 average_last200: 172.7144 epis: 0.0021 loss: 90.9285 
episode: 881 count: 278 score: 218.1377 average_last200: 172.7921 epis: 0.0020 loss: 31.2931 
episode: 882 count: 1000 score: -61.5729 average_last200: 171.3325 epis: 0.0020 loss: 87.5531 
episode: 883 count: 265 score: 194.2276 average_last200: 171.2996 epis: 0.0020 loss: 32.1070 
episode: 884 count: 1000 score: -34.2377 average_last200: 170.1827 epis: 0.0020 loss: 92.8800 
episode: 885 count: 1000 score: -49.8556 average_last200: 168.8174 epis: 0.0020 loss: 96.8637 
episode: 886 count: 1000 score: -21.0168 average_last200: 167.6114 epis: 0.0020 loss: 92.5403 
episode: 887 count: 221 score: 235.1524 average_last200: 167.7839 epis: 0.0020 loss: 25.4336 
episode: 888 count: 273 score: 229.4022 average_last200: 167.8594 epis: 0.0019 loss: 31.2466 
episode: 889 count: 251 score: 240.2604 average_last200: 168.1131 epis: 0.0019 loss: 19.2628 
episode: 890 count: 316 score: 187.4231 average_last200: 167.9257 epis: 0.0019 loss: 33.2494 
episode: 891 count: 263 score: 226.1488 average_last200: 168.0042 epis: 0.0019 loss: 22.0977 
episode: 892 count: 464 score: 179.5064 average_last200: 167.6921 epis: 0.0019 loss: 50.8860 
episode: 893 count: 232 score: 232.2171 average_last200: 167.6647 epis: 0.0019 loss: 21.9550 
episode: 894 count: 237 score: 211.4803 average_last200: 167.5955 epis: 0.0019 loss: 24.2371 
episode: 895 count: 247 score: 235.2810 average_last200: 167.6644 epis: 0.0018 loss: 17.9222 
episode: 896 count: 1000 score: -16.0204 average_last200: 166.4626 epis: 0.0018 loss: 81.4920 
episode: 897 count: 255 score: 187.4742 average_last200: 166.4018 epis: 0.0018 loss: 22.6939 
episode: 898 count: 234 score: 232.4157 average_last200: 166.4285 epis: 0.0018 loss: 22.9675 
episode: 899 count: 246 score: 203.3006 average_last200: 166.3726 epis: 0.0018 loss: 22.6914 
episode: 900 count: 485 score: 183.8084 average_last200: 166.2952 epis: 0.0018 loss: 43.0436 
episode: 901 count: 339 score: 200.3752 average_last200: 166.4587 epis: 0.0018 loss: 27.8135 
episode: 902 count: 1000 score: -24.5613 average_last200: 165.0908 epis: 0.0018 loss: 93.8033 
episode: 903 count: 272 score: 232.9115 average_last200: 165.2774 epis: 0.0017 loss: 23.5453 
episode: 904 count: 888 score: 152.1998 average_last200: 164.8002 epis: 0.0017 loss: 67.0934 
episode: 905 count: 510 score: 221.8256 average_last200: 164.8944 epis: 0.0017 loss: 48.4360 
episode: 906 count: 208 score: 245.2650 average_last200: 165.0964 epis: 0.0017 loss: 19.8100 
episode: 907 count: 232 score: 214.0452 average_last200: 165.2792 epis: 0.0017 loss: 23.7259 
episode: 908 count: 259 score: 239.5887 average_last200: 165.5185 epis: 0.0017 loss: 24.1989 
episode: 909 count: 367 score: 194.7243 average_last200: 165.7201 epis: 0.0017 loss: 33.6648 
episode: 910 count: 275 score: 222.9416 average_last200: 165.6505 epis: 0.0017 loss: 31.3329 
episode: 911 count: 294 score: 193.3685 average_last200: 165.4998 epis: 0.0017 loss: 23.1655 
episode: 912 count: 1000 score: -8.5064 average_last200: 164.8329 epis: 0.0016 loss: 83.9058 
episode: 913 count: 911 score: 128.1936 average_last200: 164.3923 epis: 0.0016 loss: 75.6048 
episode: 914 count: 272 score: 230.4594 average_last200: 164.3781 epis: 0.0016 loss: 28.2843 
episode: 915 count: 214 score: 250.6129 average_last200: 164.4335 epis: 0.0016 loss: 18.6926 
episode: 916 count: 1000 score: -90.9658 average_last200: 162.9954 epis: 0.0016 loss: 89.2538 
episode: 917 count: 363 score: 219.3822 average_last200: 162.8752 epis: 0.0016 loss: 35.2506 
episode: 918 count: 1000 score: -28.2455 average_last200: 161.8505 epis: 0.0016 loss: 88.5834 
episode: 919 count: 1000 score: -33.1745 average_last200: 160.6647 epis: 0.0016 loss: 80.9007 
episode: 920 count: 360 score: 217.8446 average_last200: 160.6742 epis: 0.0015 loss: 29.7219 
episode: 921 count: 695 score: 182.4317 average_last200: 160.9919 epis: 0.0015 loss: 63.3384 
episode: 922 count: 818 score: 123.2008 average_last200: 160.4554 epis: 0.0015 loss: 60.6410 
episode: 923 count: 289 score: 181.0591 average_last200: 160.3598 epis: 0.0015 loss: 27.4677 
episode: 924 count: 321 score: 212.8123 average_last200: 160.2302 epis: 0.0015 loss: 29.4592 
episode: 925 count: 446 score: 228.1994 average_last200: 160.4314 epis: 0.0015 loss: 37.2399 
episode: 926 count: 273 score: 206.1909 average_last200: 160.5203 epis: 0.0015 loss: 21.7669 
episode: 927 count: 220 score: 248.8753 average_last200: 160.6881 epis: 0.0015 loss: 16.7957 
episode: 928 count: 210 score: 248.6896 average_last200: 160.8454 epis: 0.0015 loss: 18.2169 
episode: 929 count: 239 score: 179.5130 average_last200: 160.6571 epis: 0.0015 loss: 20.7335 
episode: 930 count: 362 score: 169.9784 average_last200: 160.7657 epis: 0.0014 loss: 40.5380 
episode: 931 count: 688 score: 167.2073 average_last200: 160.5549 epis: 0.0014 loss: 59.3400 
episode: 932 count: 910 score: 82.5080 average_last200: 160.0000 epis: 0.0014 loss: 77.6961 
episode: 933 count: 317 score: 217.2607 average_last200: 160.4740 epis: 0.0014 loss: 27.5314 
episode: 934 count: 228 score: 231.2300 average_last200: 160.5744 epis: 0.0014 loss: 22.7273 
episode: 935 count: 1000 score: -31.3374 average_last200: 159.6177 epis: 0.0014 loss: 85.7114 
episode: 936 count: 509 score: 149.8845 average_last200: 159.3754 epis: 0.0014 loss: 40.1004 
episode: 937 count: 1000 score: -25.7099 average_last200: 158.3408 epis: 0.0014 loss: 88.8797 
episode: 938 count: 888 score: 119.6061 average_last200: 157.8266 epis: 0.0014 loss: 74.6495 
episode: 939 count: 1000 score: -37.2295 average_last200: 156.5665 epis: 0.0014 loss: 84.0329 
episode: 940 count: 684 score: 162.5129 average_last200: 156.4836 epis: 0.0013 loss: 57.5638 
episode: 941 count: 258 score: 210.3473 average_last200: 156.5928 epis: 0.0013 loss: 20.7343 
episode: 942 count: 246 score: 216.2840 average_last200: 156.6491 epis: 0.0013 loss: 22.7748 
episode: 943 count: 542 score: 200.5811 average_last200: 156.5563 epis: 0.0013 loss: 49.5284 
episode: 944 count: 258 score: 185.9819 average_last200: 156.5167 epis: 0.0013 loss: 19.0903 
episode: 945 count: 1000 score: -56.7221 average_last200: 155.1748 epis: 0.0013 loss: 78.5211 
episode: 946 count: 390 score: 218.2084 average_last200: 155.2674 epis: 0.0013 loss: 26.6758 
episode: 947 count: 208 score: 221.3372 average_last200: 155.6226 epis: 0.0013 loss: 13.9875 
episode: 948 count: 287 score: 203.4197 average_last200: 155.3806 epis: 0.0013 loss: 24.1388 
episode: 949 count: 337 score: 208.0834 average_last200: 155.2222 epis: 0.0013 loss: 31.0010 
episode: 950 count: 264 score: 203.8786 average_last200: 155.3469 epis: 0.0013 loss: 19.9488 
episode: 951 count: 1000 score: -15.4951 average_last200: 154.5400 epis: 0.0012 loss: 87.1532 
episode: 952 count: 266 score: 250.2208 average_last200: 155.0527 epis: 0.0012 loss: 22.4836 
episode: 953 count: 310 score: 220.1327 average_last200: 155.1134 epis: 0.0012 loss: 26.9768 
episode: 954 count: 365 score: 211.4177 average_last200: 154.9987 epis: 0.0012 loss: 28.9603 
episode: 955 count: 1000 score: -89.3222 average_last200: 154.6761 epis: 0.0012 loss: 86.7315 
episode: 956 count: 233 score: 209.6173 average_last200: 155.0929 epis: 0.0012 loss: 16.1963 
episode: 957 count: 304 score: 215.1545 average_last200: 155.4109 epis: 0.0012 loss: 25.7570 
episode: 958 count: 280 score: 222.5632 average_last200: 155.8403 epis: 0.0012 loss: 21.4962 
episode: 959 count: 388 score: 218.0100 average_last200: 156.4027 epis: 0.0012 loss: 32.1910 
episode: 960 count: 359 score: 222.4771 average_last200: 158.3313 epis: 0.0012 loss: 26.9947 
episode: 961 count: 222 score: 248.9430 average_last200: 159.0477 epis: 0.0012 loss: 22.8197 
episode: 962 count: 459 score: 193.3188 average_last200: 159.1180 epis: 0.0012 loss: 41.9142 
episode: 963 count: 231 score: 239.0296 average_last200: 159.6954 epis: 0.0011 loss: 15.3690 
episode: 964 count: 1000 score: -23.7284 average_last200: 158.4016 epis: 0.0011 loss: 84.4068 
episode: 965 count: 317 score: 213.7717 average_last200: 158.7634 epis: 0.0011 loss: 25.7124 
episode: 966 count: 316 score: 216.4777 average_last200: 159.2548 epis: 0.0011 loss: 25.8032 
episode: 967 count: 232 score: 217.2268 average_last200: 159.9098 epis: 0.0011 loss: 22.8698 
episode: 968 count: 350 score: 236.8616 average_last200: 161.1491 epis: 0.0011 loss: 30.1703 
episode: 969 count: 303 score: 185.2829 average_last200: 160.9960 epis: 0.0011 loss: 23.6454 
episode: 970 count: 342 score: 235.7113 average_last200: 161.1939 epis: 0.0011 loss: 30.8093 
episode: 971 count: 1000 score: -87.8093 average_last200: 159.6763 epis: 0.0011 loss: 87.3612 
episode: 972 count: 309 score: 199.8493 average_last200: 159.5748 epis: 0.0011 loss: 26.3876 
episode: 973 count: 640 score: 204.0215 average_last200: 159.9712 epis: 0.0011 loss: 60.5669 
episode: 974 count: 230 score: 252.4010 average_last200: 160.2878 epis: 0.0011 loss: 18.2267 
episode: 975 count: 1000 score: -8.5942 average_last200: 159.2222 epis: 0.0011 loss: 91.4574 
episode: 976 count: 290 score: 199.7195 average_last200: 159.3995 epis: 0.0010 loss: 23.8647 
episode: 977 count: 500 score: 196.9912 average_last200: 159.6282 epis: 0.0010 loss: 36.9436 
episode: 978 count: 309 score: 220.6821 average_last200: 160.2019 epis: 0.0010 loss: 17.3643 
episode: 979 count: 1000 score: -5.4918 average_last200: 158.9196 epis: 0.0010 loss: 84.1660 
episode: 980 count: 1000 score: -100.1704 average_last200: 157.3737 epis: 0.0010 loss: 82.5147 
episode: 981 count: 237 score: 228.3894 average_last200: 157.8418 epis: 0.0010 loss: 20.4290 
episode: 982 count: 1000 score: -72.8684 average_last200: 157.9470 epis: 0.0010 loss: 78.9627 
episode: 983 count: 1000 score: -20.6121 average_last200: 156.6023 epis: 0.0010 loss: 83.3178 
episode: 984 count: 1000 score: -83.3490 average_last200: 156.2338 epis: 0.0010 loss: 71.5083 
episode: 985 count: 420 score: 209.9703 average_last200: 156.3724 epis: 0.0010 loss: 32.3493 
episode: 986 count: 268 score: 201.6333 average_last200: 156.1181 epis: 0.0010 loss: 24.3165 
episode: 987 count: 115 score: 16.5592 average_last200: 154.9194 epis: 0.0010 loss: 8.3305 
episode: 988 count: 1000 score: -18.4300 average_last200: 154.2140 epis: 0.0010 loss: 83.4842 
episode: 989 count: 268 score: 178.2999 average_last200: 153.9939 epis: 0.0010 loss: 19.2415 
episode: 990 count: 675 score: 185.6249 average_last200: 153.8069 epis: 0.0009 loss: 55.3365 
episode: 991 count: 254 score: 240.9478 average_last200: 153.8045 epis: 0.0009 loss: 18.5913 
episode: 992 count: 1000 score: -30.9050 average_last200: 152.8719 epis: 0.0009 loss: 65.3109 
episode: 993 count: 1000 score: -30.1947 average_last200: 151.6003 epis: 0.0009 loss: 88.4823 
episode: 994 count: 510 score: 205.7377 average_last200: 151.8120 epis: 0.0009 loss: 35.5936 
episode: 995 count: 219 score: 252.7899 average_last200: 151.9577 epis: 0.0009 loss: 13.7466 
episode: 996 count: 235 score: 189.7196 average_last200: 152.0112 epis: 0.0009 loss: 13.4206 
episode: 997 count: 1000 score: -20.0558 average_last200: 150.8089 epis: 0.0009 loss: 73.6191 
episode: 998 count: 511 score: 202.2069 average_last200: 150.6346 epis: 0.0009 loss: 47.6781 
episode: 999 count: 231 score: 199.7597 average_last200: 151.0891 epis: 0.0009 loss: 14.2599 
