[33mWARN: gym.spaces.Box autodetected dtype as <class 'numpy.float32'>. Please provide explicit dtype.[0m
All para: Epis 1000 memlen 100000 gamma 0.990 epsilon 0.999 alpha 0.05000 batch 30 upfreq 500
episode: 0 count: 103 score: -201.7553 average_last200: -201.7553 epis: 0.9990 loss: 0.0000 
episode: 1 count: 84 score: -164.3968 average_last200: -183.0761 epis: 0.9980 loss: 0.0000 
episode: 2 count: 132 score: -150.1011 average_last200: -172.0844 epis: 0.9970 loss: 0.0000 
episode: 3 count: 75 score: -146.4896 average_last200: -165.6857 epis: 0.9960 loss: 0.0000 
episode: 4 count: 93 score: -344.2022 average_last200: -201.3890 epis: 0.9950 loss: 0.0000 
episode: 5 count: 88 score: -489.0477 average_last200: -249.3321 epis: 0.9940 loss: 0.0000 
episode: 6 count: 105 score: -465.1571 average_last200: -280.1643 epis: 0.9930 loss: 0.0000 
episode: 7 count: 73 score: -182.3052 average_last200: -267.9319 epis: 0.9920 loss: 0.0000 
episode: 8 count: 128 score: -211.1852 average_last200: -261.6267 epis: 0.9910 loss: 0.0000 
episode: 9 count: 67 score: -113.9512 average_last200: -246.8591 epis: 0.9900 loss: 0.0000 
episode: 10 count: 105 score: -228.5302 average_last200: -245.1929 epis: 0.9891 loss: 28.5166 
episode: 11 count: 1000 score: 46.5584 average_last200: -220.8803 epis: 0.9881 loss: 475.9920 
episode: 12 count: 62 score: -130.1173 average_last200: -213.8985 epis: 0.9871 loss: 32.5696 
episode: 13 count: 100 score: -168.2858 average_last200: -210.6405 epis: 0.9861 loss: 52.0921 
episode: 14 count: 76 score: -395.6797 average_last200: -222.9764 epis: 0.9851 loss: 32.3988 
episode: 15 count: 75 score: -126.8973 average_last200: -216.9715 epis: 0.9841 loss: 40.2682 
episode: 16 count: 63 score: -163.1354 average_last200: -213.8046 epis: 0.9831 loss: 28.1483 
episode: 17 count: 113 score: -280.9169 average_last200: -217.5331 epis: 0.9822 loss: 57.3542 
episode: 18 count: 74 score: -59.9984 average_last200: -209.2418 epis: 0.9812 loss: 36.4175 
episode: 19 count: 101 score: -375.0858 average_last200: -217.5340 epis: 0.9802 loss: 54.2392 
episode: 20 count: 62 score: -161.0977 average_last200: -214.8466 epis: 0.9792 loss: 31.0991 
episode: 21 count: 76 score: -310.0117 average_last200: -219.1722 epis: 0.9782 loss: 33.9764 
episode: 22 count: 1000 score: 11.4098 average_last200: -209.1469 epis: 0.9773 loss: 565.1025 
episode: 23 count: 96 score: -286.4988 average_last200: -212.3699 epis: 0.9763 loss: 51.6767 
episode: 24 count: 111 score: -413.5230 average_last200: -220.4161 epis: 0.9753 loss: 61.9484 
episode: 25 count: 78 score: -188.9813 average_last200: -219.2070 epis: 0.9743 loss: 43.9286 
episode: 26 count: 76 score: -112.0597 average_last200: -215.2386 epis: 0.9733 loss: 38.3295 
episode: 27 count: 130 score: -253.8894 average_last200: -216.6190 epis: 0.9724 loss: 68.7302 
episode: 28 count: 78 score: -406.9542 average_last200: -223.1823 epis: 0.9714 loss: 41.1402 
episode: 29 count: 93 score: -223.2509 average_last200: -223.1846 epis: 0.9704 loss: 50.8671 
episode: 30 count: 83 score: -358.8898 average_last200: -227.5621 epis: 0.9695 loss: 44.8208 
episode: 31 count: 62 score: -122.9428 average_last200: -224.2928 epis: 0.9685 loss: 31.9981 
episode: 32 count: 78 score: -184.0251 average_last200: -223.0726 epis: 0.9675 loss: 39.0579 
episode: 33 count: 112 score: -172.0405 average_last200: -221.5716 epis: 0.9666 loss: 62.7844 
episode: 34 count: 85 score: -125.4389 average_last200: -218.8250 epis: 0.9656 loss: 36.7285 
episode: 35 count: 105 score: -182.5328 average_last200: -217.8169 epis: 0.9646 loss: 64.7416 
episode: 36 count: 119 score: -145.9426 average_last200: -215.8743 epis: 0.9637 loss: 67.1839 
episode: 37 count: 110 score: -324.6827 average_last200: -218.7377 epis: 0.9627 loss: 53.5779 
episode: 38 count: 139 score: -31.2549 average_last200: -213.9304 epis: 0.9617 loss: 71.7882 
episode: 39 count: 98 score: -201.1006 average_last200: -213.6097 epis: 0.9608 loss: 46.6147 
episode: 40 count: 103 score: -260.2138 average_last200: -214.7464 epis: 0.9598 loss: 50.0365 
episode: 41 count: 82 score: -212.3738 average_last200: -214.6899 epis: 0.9588 loss: 36.4895 
episode: 42 count: 80 score: -266.1722 average_last200: -215.8871 epis: 0.9579 loss: 41.6071 
episode: 43 count: 98 score: -148.6637 average_last200: -214.3593 epis: 0.9569 loss: 49.4529 
episode: 44 count: 78 score: -284.8437 average_last200: -215.9257 epis: 0.9560 loss: 42.3220 
episode: 45 count: 59 score: -120.0953 average_last200: -213.8424 epis: 0.9550 loss: 28.2624 
episode: 46 count: 83 score: -232.1189 average_last200: -214.2313 epis: 0.9541 loss: 44.6392 
episode: 47 count: 63 score: -89.7839 average_last200: -211.6386 epis: 0.9531 loss: 37.5416 
episode: 48 count: 87 score: -320.1185 average_last200: -213.8525 epis: 0.9522 loss: 47.8332 
episode: 49 count: 75 score: -178.7306 average_last200: -213.1500 epis: 0.9512 loss: 36.8031 
episode: 50 count: 66 score: -94.6240 average_last200: -210.8260 epis: 0.9503 loss: 33.5942 
episode: 51 count: 123 score: -147.0157 average_last200: -209.5989 epis: 0.9493 loss: 70.6363 
episode: 52 count: 125 score: -155.1691 average_last200: -208.5719 epis: 0.9484 loss: 61.0835 
episode: 53 count: 120 score: -221.5159 average_last200: -208.8116 epis: 0.9474 loss: 59.1823 
episode: 54 count: 79 score: -134.3841 average_last200: -207.4584 epis: 0.9465 loss: 48.9098 
episode: 55 count: 80 score: -435.0027 average_last200: -211.5217 epis: 0.9455 loss: 38.7731 
episode: 56 count: 85 score: -159.1497 average_last200: -210.6029 epis: 0.9446 loss: 40.2956 
episode: 57 count: 78 score: -144.7747 average_last200: -209.4679 epis: 0.9436 loss: 46.9643 
episode: 58 count: 90 score: -147.9268 average_last200: -208.4248 epis: 0.9427 loss: 51.2428 
episode: 59 count: 107 score: -228.0328 average_last200: -208.7516 epis: 0.9417 loss: 56.9733 
episode: 60 count: 120 score: -266.2501 average_last200: -209.6942 epis: 0.9408 loss: 66.3755 
episode: 61 count: 71 score: -244.1312 average_last200: -210.2497 epis: 0.9399 loss: 32.0646 
episode: 62 count: 115 score: -163.1901 average_last200: -209.5027 epis: 0.9389 loss: 66.9368 
episode: 63 count: 99 score: -170.8808 average_last200: -208.8992 epis: 0.9380 loss: 58.7086 
episode: 64 count: 76 score: -142.5639 average_last200: -207.8787 epis: 0.9370 loss: 50.6315 
episode: 65 count: 86 score: -191.7590 average_last200: -207.6344 epis: 0.9361 loss: 55.4473 
episode: 66 count: 96 score: -364.1638 average_last200: -209.9707 epis: 0.9352 loss: 53.2113 
episode: 67 count: 67 score: -172.3086 average_last200: -209.4168 epis: 0.9342 loss: 38.2397 
episode: 68 count: 121 score: -145.6700 average_last200: -208.4930 epis: 0.9333 loss: 69.4178 
episode: 69 count: 88 score: -198.5631 average_last200: -208.3511 epis: 0.9324 loss: 55.3046 
episode: 70 count: 119 score: -105.3918 average_last200: -206.9010 epis: 0.9314 loss: 62.1275 
episode: 71 count: 90 score: -91.1115 average_last200: -205.2928 epis: 0.9305 loss: 55.7082 
episode: 72 count: 58 score: -147.3204 average_last200: -204.4987 epis: 0.9296 loss: 35.3814 
episode: 73 count: 98 score: -126.5646 average_last200: -203.4455 epis: 0.9286 loss: 62.2240 
episode: 74 count: 124 score: -162.2835 average_last200: -202.8967 epis: 0.9277 loss: 77.3616 
episode: 75 count: 68 score: -112.5597 average_last200: -201.7080 epis: 0.9268 loss: 42.5015 
episode: 76 count: 122 score: -167.0789 average_last200: -201.2583 epis: 0.9259 loss: 64.1296 
episode: 77 count: 70 score: -124.3942 average_last200: -200.2729 epis: 0.9249 loss: 36.2042 
episode: 78 count: 104 score: -142.2357 average_last200: -199.5382 epis: 0.9240 loss: 64.4418 
episode: 79 count: 126 score: -193.8032 average_last200: -199.4665 epis: 0.9231 loss: 70.7527 
episode: 80 count: 78 score: -153.4249 average_last200: -198.8981 epis: 0.9222 loss: 44.6559 
episode: 81 count: 107 score: -353.4725 average_last200: -200.7832 epis: 0.9212 loss: 57.3978 
episode: 82 count: 94 score: -196.7359 average_last200: -200.7344 epis: 0.9203 loss: 51.6393 
episode: 83 count: 116 score: -193.6643 average_last200: -200.6502 epis: 0.9194 loss: 57.2214 
episode: 84 count: 89 score: -61.9732 average_last200: -199.0187 epis: 0.9185 loss: 51.8153 
episode: 85 count: 81 score: -143.0734 average_last200: -198.3682 epis: 0.9176 loss: 40.2203 
episode: 86 count: 70 score: -109.7668 average_last200: -197.3498 epis: 0.9166 loss: 43.3467 
episode: 87 count: 95 score: -116.2860 average_last200: -196.4286 epis: 0.9157 loss: 53.5614 
episode: 88 count: 92 score: -246.2853 average_last200: -196.9888 epis: 0.9148 loss: 52.3796 
episode: 89 count: 100 score: -166.8307 average_last200: -196.6537 epis: 0.9139 loss: 51.7642 
episode: 90 count: 96 score: -412.2499 average_last200: -199.0229 epis: 0.9130 loss: 55.3891 
episode: 91 count: 65 score: -158.6179 average_last200: -198.5837 epis: 0.9121 loss: 28.6468 
episode: 92 count: 111 score: -236.8226 average_last200: -198.9949 epis: 0.9112 loss: 62.3317 
episode: 93 count: 101 score: -117.6980 average_last200: -198.1300 epis: 0.9102 loss: 63.6675 
episode: 94 count: 62 score: -120.6477 average_last200: -197.3144 epis: 0.9093 loss: 29.2792 
episode: 95 count: 121 score: -387.2647 average_last200: -199.2931 epis: 0.9084 loss: 65.4361 
episode: 96 count: 106 score: -433.1025 average_last200: -201.7035 epis: 0.9075 loss: 55.8624 
episode: 97 count: 76 score: -138.3138 average_last200: -201.0567 epis: 0.9066 loss: 53.1039 
episode: 98 count: 144 score: -73.2737 average_last200: -199.7659 epis: 0.9057 loss: 76.9239 
episode: 99 count: 106 score: -165.2060 average_last200: -199.4203 epis: 0.9048 loss: 64.4561 
episode: 100 count: 116 score: -180.0440 average_last200: -199.2285 epis: 0.9039 loss: 65.7027 
episode: 101 count: 66 score: -146.0359 average_last200: -198.7070 epis: 0.9030 loss: 38.5500 
episode: 102 count: 85 score: -147.3244 average_last200: -198.2081 epis: 0.9021 loss: 63.4196 
episode: 103 count: 83 score: -134.0306 average_last200: -197.5910 epis: 0.9012 loss: 49.4317 
episode: 104 count: 75 score: -155.5326 average_last200: -197.1905 epis: 0.9003 loss: 44.4934 
episode: 105 count: 119 score: -229.4058 average_last200: -197.4944 epis: 0.8994 loss: 69.7241 
episode: 106 count: 107 score: -420.4942 average_last200: -199.5785 epis: 0.8985 loss: 64.2850 
episode: 107 count: 69 score: -128.6263 average_last200: -198.9215 epis: 0.8976 loss: 49.1640 
episode: 108 count: 134 score: -175.6837 average_last200: -198.7083 epis: 0.8967 loss: 72.3476 
episode: 109 count: 101 score: -182.9004 average_last200: -198.5646 epis: 0.8958 loss: 53.7890 
episode: 110 count: 84 score: -131.6889 average_last200: -197.9621 epis: 0.8949 loss: 51.1662 
episode: 111 count: 67 score: -138.5063 average_last200: -197.4313 epis: 0.8940 loss: 41.3586 
episode: 112 count: 97 score: -228.9440 average_last200: -197.7102 epis: 0.8931 loss: 63.4133 
episode: 113 count: 105 score: -342.1335 average_last200: -198.9770 epis: 0.8922 loss: 69.9489 
episode: 114 count: 78 score: -164.0477 average_last200: -198.6733 epis: 0.8913 loss: 56.9044 
episode: 115 count: 104 score: -215.1110 average_last200: -198.8150 epis: 0.8904 loss: 66.9027 
episode: 116 count: 68 score: -151.2758 average_last200: -198.4087 epis: 0.8895 loss: 42.6817 
episode: 117 count: 76 score: -227.9239 average_last200: -198.6588 epis: 0.8886 loss: 39.7469 
episode: 118 count: 74 score: -86.9150 average_last200: -197.7198 epis: 0.8878 loss: 46.6366 
episode: 119 count: 74 score: -144.6708 average_last200: -197.2777 epis: 0.8869 loss: 44.9068 
episode: 120 count: 67 score: -105.9777 average_last200: -196.5232 epis: 0.8860 loss: 47.5213 
episode: 121 count: 87 score: -164.2701 average_last200: -196.2588 epis: 0.8851 loss: 60.3875 
episode: 122 count: 89 score: -227.4598 average_last200: -196.5125 epis: 0.8842 loss: 58.9653 
episode: 123 count: 73 score: -129.7582 average_last200: -195.9741 epis: 0.8833 loss: 41.5458 
episode: 124 count: 77 score: -129.0257 average_last200: -195.4385 epis: 0.8824 loss: 52.1811 
episode: 125 count: 145 score: -496.7519 average_last200: -197.8299 epis: 0.8816 loss: 95.8174 
episode: 126 count: 73 score: -131.2729 average_last200: -197.3058 epis: 0.8807 loss: 49.3287 
episode: 127 count: 83 score: -166.8289 average_last200: -197.0677 epis: 0.8798 loss: 64.0122 
episode: 128 count: 57 score: -182.1004 average_last200: -196.9517 epis: 0.8789 loss: 43.3695 
episode: 129 count: 72 score: -144.0364 average_last200: -196.5447 epis: 0.8780 loss: 43.1225 
episode: 130 count: 67 score: -244.6108 average_last200: -196.9116 epis: 0.8772 loss: 42.5269 
episode: 131 count: 65 score: -156.2816 average_last200: -196.6038 epis: 0.8763 loss: 48.2757 
episode: 132 count: 77 score: -170.5502 average_last200: -196.4079 epis: 0.8754 loss: 52.1073 
episode: 133 count: 103 score: -191.3447 average_last200: -196.3701 epis: 0.8745 loss: 66.0135 
episode: 134 count: 86 score: -167.6030 average_last200: -196.1570 epis: 0.8737 loss: 58.8487 
episode: 135 count: 79 score: -97.5985 average_last200: -195.4323 epis: 0.8728 loss: 64.7729 
episode: 136 count: 97 score: -147.0847 average_last200: -195.0794 epis: 0.8719 loss: 67.0013 
episode: 137 count: 90 score: -152.6979 average_last200: -194.7723 epis: 0.8710 loss: 54.5362 
episode: 138 count: 118 score: -184.8144 average_last200: -194.7007 epis: 0.8702 loss: 84.2776 
episode: 139 count: 97 score: -171.2000 average_last200: -194.5328 epis: 0.8693 loss: 74.2625 
episode: 140 count: 81 score: -121.4872 average_last200: -194.0148 epis: 0.8684 loss: 59.5350 
episode: 141 count: 100 score: -199.3205 average_last200: -194.0521 epis: 0.8676 loss: 73.4265 
episode: 142 count: 79 score: -109.5337 average_last200: -193.4611 epis: 0.8667 loss: 48.0318 
episode: 143 count: 69 score: -111.0204 average_last200: -192.8886 epis: 0.8658 loss: 42.2127 
episode: 144 count: 97 score: -120.2494 average_last200: -192.3876 epis: 0.8650 loss: 73.9551 
episode: 145 count: 143 score: -137.8321 average_last200: -192.0140 epis: 0.8641 loss: 104.5405 
episode: 146 count: 66 score: -152.6230 average_last200: -191.7460 epis: 0.8632 loss: 62.0225 
episode: 147 count: 75 score: -157.1169 average_last200: -191.5120 epis: 0.8624 loss: 58.4761 
episode: 148 count: 102 score: -225.9819 average_last200: -191.7434 epis: 0.8615 loss: 78.1719 
episode: 149 count: 115 score: -184.9420 average_last200: -191.6980 epis: 0.8606 loss: 85.2431 
episode: 150 count: 100 score: -119.5557 average_last200: -191.2202 epis: 0.8598 loss: 65.1400 
episode: 151 count: 94 score: -304.1002 average_last200: -191.9629 epis: 0.8589 loss: 62.5123 
episode: 152 count: 63 score: -107.0504 average_last200: -191.4079 epis: 0.8581 loss: 49.2596 
episode: 153 count: 59 score: -154.6594 average_last200: -191.1693 epis: 0.8572 loss: 40.1328 
episode: 154 count: 102 score: -187.9047 average_last200: -191.1482 epis: 0.8563 loss: 81.6026 
episode: 155 count: 97 score: -114.6721 average_last200: -190.6580 epis: 0.8555 loss: 73.3965 
episode: 156 count: 87 score: -239.6464 average_last200: -190.9700 epis: 0.8546 loss: 65.2782 
episode: 157 count: 111 score: -158.5278 average_last200: -190.7647 epis: 0.8538 loss: 89.8080 
episode: 158 count: 79 score: -58.7862 average_last200: -189.9346 epis: 0.8529 loss: 57.7651 
episode: 159 count: 133 score: -217.0162 average_last200: -190.1039 epis: 0.8521 loss: 97.7478 
episode: 160 count: 115 score: -112.3636 average_last200: -189.6210 epis: 0.8512 loss: 90.7793 
episode: 161 count: 120 score: -137.9580 average_last200: -189.3021 epis: 0.8504 loss: 82.2196 
episode: 162 count: 111 score: -159.5314 average_last200: -189.1195 epis: 0.8495 loss: 75.8662 
episode: 163 count: 101 score: -130.6646 average_last200: -188.7630 epis: 0.8487 loss: 71.9586 
episode: 164 count: 104 score: -169.8025 average_last200: -188.6481 epis: 0.8478 loss: 70.1358 
episode: 165 count: 115 score: -95.2316 average_last200: -188.0854 epis: 0.8470 loss: 88.9627 
episode: 166 count: 103 score: -146.1370 average_last200: -187.8342 epis: 0.8461 loss: 73.2631 
episode: 167 count: 95 score: -167.4247 average_last200: -187.7127 epis: 0.8453 loss: 70.1518 
episode: 168 count: 66 score: -131.0781 average_last200: -187.3776 epis: 0.8444 loss: 41.0448 
episode: 169 count: 76 score: -100.9320 average_last200: -186.8691 epis: 0.8436 loss: 50.3569 
episode: 170 count: 63 score: -130.7129 average_last200: -186.5407 epis: 0.8427 loss: 48.0517 
episode: 171 count: 109 score: -158.8504 average_last200: -186.3797 epis: 0.8419 loss: 74.6165 
episode: 172 count: 93 score: -157.8634 average_last200: -186.2149 epis: 0.8411 loss: 67.2233 
episode: 173 count: 111 score: -153.6514 average_last200: -186.0277 epis: 0.8402 loss: 83.8388 
episode: 174 count: 114 score: -324.9365 average_last200: -186.8215 epis: 0.8394 loss: 78.6124 
episode: 175 count: 79 score: -132.2913 average_last200: -186.5117 epis: 0.8385 loss: 60.9761 
episode: 176 count: 71 score: -108.3767 average_last200: -186.0702 epis: 0.8377 loss: 53.3259 
episode: 177 count: 87 score: -134.6789 average_last200: -185.7815 epis: 0.8369 loss: 68.4309 
episode: 178 count: 85 score: -133.3802 average_last200: -185.4888 epis: 0.8360 loss: 61.6178 
episode: 179 count: 77 score: -137.8998 average_last200: -185.2244 epis: 0.8352 loss: 60.3258 
episode: 180 count: 84 score: -117.2324 average_last200: -184.8487 epis: 0.8344 loss: 64.0350 
episode: 181 count: 105 score: -159.1815 average_last200: -184.7077 epis: 0.8335 loss: 82.9479 
episode: 182 count: 73 score: -167.7813 average_last200: -184.6152 epis: 0.8327 loss: 52.4210 
episode: 183 count: 118 score: -164.6448 average_last200: -184.5067 epis: 0.8319 loss: 82.7927 
episode: 184 count: 97 score: -150.3511 average_last200: -184.3220 epis: 0.8310 loss: 68.7112 
episode: 185 count: 122 score: -123.6162 average_last200: -183.9957 epis: 0.8302 loss: 86.2710 
episode: 186 count: 137 score: -162.8614 average_last200: -183.8826 epis: 0.8294 loss: 88.3968 
episode: 187 count: 74 score: -116.7203 average_last200: -183.5254 epis: 0.8285 loss: 52.6067 
episode: 188 count: 127 score: -128.6319 average_last200: -183.2350 epis: 0.8277 loss: 87.0194 
episode: 189 count: 70 score: -168.5118 average_last200: -183.1575 epis: 0.8269 loss: 46.1090 
episode: 190 count: 74 score: -184.5782 average_last200: -183.1649 epis: 0.8261 loss: 50.1536 
episode: 191 count: 86 score: -155.4317 average_last200: -183.0205 epis: 0.8252 loss: 70.4491 
episode: 192 count: 71 score: -121.3796 average_last200: -182.7011 epis: 0.8244 loss: 48.0584 
episode: 193 count: 73 score: -134.3258 average_last200: -182.4517 epis: 0.8236 loss: 51.2626 
episode: 194 count: 65 score: -108.6379 average_last200: -182.0732 epis: 0.8228 loss: 49.6270 
episode: 195 count: 110 score: -128.9574 average_last200: -181.8022 epis: 0.8219 loss: 80.8253 
episode: 196 count: 140 score: -180.0900 average_last200: -181.7935 epis: 0.8211 loss: 99.3134 
episode: 197 count: 112 score: -114.3457 average_last200: -181.4529 epis: 0.8203 loss: 74.3663 
episode: 198 count: 92 score: -263.6087 average_last200: -181.8657 epis: 0.8195 loss: 78.5853 
episode: 199 count: 74 score: -124.7056 average_last200: -181.5799 epis: 0.8186 loss: 50.9136 
episode: 200 count: 102 score: -131.3876 average_last200: -181.2281 epis: 0.8178 loss: 72.2532 
episode: 201 count: 69 score: -152.3027 average_last200: -181.1676 epis: 0.8170 loss: 52.5537 
episode: 202 count: 91 score: -71.8467 average_last200: -180.7763 epis: 0.8162 loss: 69.0740 
episode: 203 count: 100 score: -141.2166 average_last200: -180.7500 epis: 0.8154 loss: 72.6362 
episode: 204 count: 80 score: -136.4495 average_last200: -179.7112 epis: 0.8146 loss: 61.5056 
episode: 205 count: 76 score: -128.4098 average_last200: -177.9080 epis: 0.8137 loss: 55.9165 
episode: 206 count: 77 score: -125.9488 average_last200: -176.2120 epis: 0.8129 loss: 57.8800 
episode: 207 count: 93 score: -343.1323 average_last200: -177.0161 epis: 0.8121 loss: 58.8885 
episode: 208 count: 112 score: -91.1567 average_last200: -176.4159 epis: 0.8113 loss: 80.1888 
episode: 209 count: 95 score: -173.2579 average_last200: -176.7125 epis: 0.8105 loss: 62.7700 
episode: 210 count: 118 score: -136.8978 average_last200: -176.2543 epis: 0.8097 loss: 86.9583 
episode: 211 count: 71 score: -102.4003 average_last200: -176.9991 epis: 0.8089 loss: 54.2146 
episode: 212 count: 109 score: -140.3632 average_last200: -177.0503 epis: 0.8081 loss: 81.9791 
episode: 213 count: 119 score: -187.8740 average_last200: -177.1483 epis: 0.8073 loss: 73.0505 
episode: 214 count: 97 score: -241.9351 average_last200: -176.3796 epis: 0.8065 loss: 72.0888 
episode: 215 count: 63 score: -131.8293 average_last200: -176.4042 epis: 0.8056 loss: 41.6979 
episode: 216 count: 71 score: -137.8905 average_last200: -176.2780 epis: 0.8048 loss: 54.2562 
episode: 217 count: 83 score: -110.5733 average_last200: -175.4263 epis: 0.8040 loss: 59.0391 
episode: 218 count: 82 score: -126.6965 average_last200: -175.7598 epis: 0.8032 loss: 54.3304 
episode: 219 count: 66 score: -212.9114 average_last200: -174.9489 epis: 0.8024 loss: 49.1637 
episode: 220 count: 86 score: -115.1194 average_last200: -174.7190 epis: 0.8016 loss: 58.6126 
episode: 221 count: 68 score: -146.1646 average_last200: -173.8998 epis: 0.8008 loss: 46.6065 
episode: 222 count: 63 score: -219.4710 average_last200: -175.0542 epis: 0.8000 loss: 46.7326 
episode: 223 count: 105 score: -298.4840 average_last200: -175.1141 epis: 0.7992 loss: 80.6668 
episode: 224 count: 97 score: -155.0434 average_last200: -173.8217 epis: 0.7984 loss: 67.9990 
episode: 225 count: 76 score: -113.6117 average_last200: -173.4449 epis: 0.7976 loss: 58.1131 
episode: 226 count: 127 score: -218.4867 average_last200: -173.9770 epis: 0.7968 loss: 89.0591 
episode: 227 count: 96 score: -135.4754 average_last200: -173.3849 epis: 0.7960 loss: 72.8808 
episode: 228 count: 140 score: -96.3377 average_last200: -171.8318 epis: 0.7952 loss: 99.9400 
episode: 229 count: 88 score: -166.8353 average_last200: -171.5498 epis: 0.7944 loss: 61.0869 
episode: 230 count: 101 score: -196.5226 average_last200: -170.7379 epis: 0.7936 loss: 72.3051 
episode: 231 count: 140 score: -111.6789 average_last200: -170.6816 epis: 0.7929 loss: 100.8855 
episode: 232 count: 114 score: -128.1944 average_last200: -170.4025 epis: 0.7921 loss: 77.6766 
episode: 233 count: 123 score: -166.7971 average_last200: -170.3762 epis: 0.7913 loss: 82.8028 
episode: 234 count: 110 score: -74.0540 average_last200: -170.1193 epis: 0.7905 loss: 86.9377 
episode: 235 count: 130 score: -133.6436 average_last200: -169.8749 epis: 0.7897 loss: 84.8084 
episode: 236 count: 130 score: -227.7034 average_last200: -170.2837 epis: 0.7889 loss: 80.2215 
episode: 237 count: 111 score: -132.9600 average_last200: -169.3251 epis: 0.7881 loss: 75.4211 
episode: 238 count: 140 score: -120.3271 average_last200: -169.7704 epis: 0.7873 loss: 103.2460 
episode: 239 count: 119 score: -176.4417 average_last200: -169.6471 epis: 0.7865 loss: 85.0343 
episode: 240 count: 109 score: -163.8552 average_last200: -169.1653 epis: 0.7857 loss: 86.2945 
episode: 241 count: 137 score: -195.3721 average_last200: -169.0803 epis: 0.7850 loss: 94.9412 
episode: 242 count: 129 score: -129.2166 average_last200: -168.3955 epis: 0.7842 loss: 83.2453 
episode: 243 count: 105 score: -163.3228 average_last200: -168.4688 epis: 0.7834 loss: 78.2452 
episode: 244 count: 88 score: -148.9654 average_last200: -167.7894 epis: 0.7826 loss: 65.6172 
episode: 245 count: 117 score: -211.3817 average_last200: -168.2459 epis: 0.7818 loss: 88.9377 
episode: 246 count: 144 score: -134.6876 average_last200: -167.7587 epis: 0.7810 loss: 104.0019 
episode: 247 count: 136 score: -101.9079 average_last200: -167.8193 epis: 0.7803 loss: 96.4125 
episode: 248 count: 66 score: -124.8665 average_last200: -166.8431 epis: 0.7795 loss: 41.6414 
episode: 249 count: 122 score: -189.4082 average_last200: -166.8965 epis: 0.7787 loss: 81.1960 
episode: 250 count: 76 score: -119.9502 average_last200: -167.0231 epis: 0.7779 loss: 53.7188 
episode: 251 count: 66 score: -132.4277 average_last200: -166.9502 epis: 0.7771 loss: 46.2944 
episode: 252 count: 96 score: -194.6841 average_last200: -167.1477 epis: 0.7764 loss: 72.5182 
episode: 253 count: 78 score: -133.3341 average_last200: -166.7068 epis: 0.7756 loss: 66.2168 
episode: 254 count: 102 score: -171.2600 average_last200: -166.8912 epis: 0.7748 loss: 72.0721 
episode: 255 count: 74 score: -123.7018 average_last200: -165.3347 epis: 0.7740 loss: 58.7052 
episode: 256 count: 109 score: -162.2216 average_last200: -165.3501 epis: 0.7733 loss: 82.2617 
episode: 257 count: 74 score: -77.3363 average_last200: -165.0129 epis: 0.7725 loss: 55.7642 
episode: 258 count: 99 score: -164.4859 average_last200: -165.0957 epis: 0.7717 loss: 73.5719 
episode: 259 count: 63 score: -121.9812 average_last200: -164.5654 epis: 0.7710 loss: 47.7322 
episode: 260 count: 79 score: -69.4823 average_last200: -163.5816 epis: 0.7702 loss: 65.8191 
episode: 261 count: 100 score: -176.3730 average_last200: -163.2428 epis: 0.7694 loss: 91.5737 
episode: 262 count: 63 score: -94.7286 average_last200: -162.9005 epis: 0.7686 loss: 43.0685 
episode: 263 count: 86 score: -165.4149 average_last200: -162.8731 epis: 0.7679 loss: 61.0624 
episode: 264 count: 108 score: -191.4780 average_last200: -163.1177 epis: 0.7671 loss: 75.9024 
episode: 265 count: 79 score: -103.2856 average_last200: -162.6753 epis: 0.7663 loss: 84.9269 
episode: 266 count: 147 score: -122.7192 average_last200: -161.4681 epis: 0.7656 loss: 119.1428 
episode: 267 count: 75 score: -106.2374 average_last200: -161.1378 epis: 0.7648 loss: 55.8954 
episode: 268 count: 89 score: -177.1765 average_last200: -161.2953 epis: 0.7640 loss: 68.1383 
episode: 269 count: 144 score: -93.1133 average_last200: -160.7680 epis: 0.7633 loss: 122.0581 
episode: 270 count: 101 score: -108.4596 average_last200: -160.7834 epis: 0.7625 loss: 68.9395 
episode: 271 count: 76 score: -162.7831 average_last200: -161.1417 epis: 0.7618 loss: 68.0633 
episode: 272 count: 120 score: -180.3707 average_last200: -161.3070 epis: 0.7610 loss: 82.2160 
episode: 273 count: 75 score: -87.9438 average_last200: -161.1139 epis: 0.7602 loss: 59.6342 
episode: 274 count: 65 score: -136.3626 average_last200: -160.9843 epis: 0.7595 loss: 49.3586 
episode: 275 count: 140 score: -207.3229 average_last200: -161.4581 epis: 0.7587 loss: 98.6986 
episode: 276 count: 108 score: -124.4306 average_last200: -161.2449 epis: 0.7579 loss: 115.8649 
episode: 277 count: 123 score: -95.5362 average_last200: -161.1006 epis: 0.7572 loss: 101.0341 
episode: 278 count: 101 score: -141.6488 average_last200: -161.0976 epis: 0.7564 loss: 94.2939 
episode: 279 count: 69 score: -134.4347 average_last200: -160.8008 epis: 0.7557 loss: 59.7808 
episode: 280 count: 108 score: -49.0060 average_last200: -160.2787 epis: 0.7549 loss: 80.0552 
episode: 281 count: 73 score: -97.9446 average_last200: -159.0011 epis: 0.7542 loss: 60.9717 
episode: 282 count: 103 score: -132.4142 average_last200: -158.6794 epis: 0.7534 loss: 78.2193 
episode: 283 count: 130 score: -104.6777 average_last200: -158.2345 epis: 0.7527 loss: 103.0363 
episode: 284 count: 81 score: -153.0843 average_last200: -158.6901 epis: 0.7519 loss: 71.1201 
episode: 285 count: 87 score: -172.3089 average_last200: -158.8362 epis: 0.7512 loss: 69.8903 
episode: 286 count: 78 score: -155.5151 average_last200: -159.0650 epis: 0.7504 loss: 58.6111 
episode: 287 count: 105 score: -132.0320 average_last200: -159.1437 epis: 0.7497 loss: 75.5544 
episode: 288 count: 103 score: -147.6299 average_last200: -158.6504 epis: 0.7489 loss: 81.8167 
episode: 289 count: 120 score: -163.1489 average_last200: -158.6320 epis: 0.7482 loss: 96.0431 
episode: 290 count: 92 score: -148.7120 average_last200: -157.3143 epis: 0.7474 loss: 68.2244 
episode: 291 count: 67 score: -107.4146 average_last200: -157.0583 epis: 0.7467 loss: 50.3149 
episode: 292 count: 102 score: -198.2364 average_last200: -156.8654 epis: 0.7459 loss: 84.8544 
episode: 293 count: 62 score: -98.5050 average_last200: -156.7694 epis: 0.7452 loss: 48.8000 
episode: 294 count: 90 score: -201.8748 average_last200: -157.1756 epis: 0.7444 loss: 65.1416 
episode: 295 count: 68 score: -242.6815 average_last200: -156.4527 epis: 0.7437 loss: 49.7607 
episode: 296 count: 102 score: -170.4314 average_last200: -155.1393 epis: 0.7429 loss: 71.0240 
episode: 297 count: 112 score: -152.8474 average_last200: -155.2120 epis: 0.7422 loss: 77.1879 
episode: 298 count: 117 score: -183.6046 average_last200: -155.7636 epis: 0.7414 loss: 82.1019 
episode: 299 count: 87 score: -123.1523 average_last200: -155.5533 epis: 0.7407 loss: 67.0623 
episode: 300 count: 153 score: -221.8846 average_last200: -155.7626 epis: 0.7400 loss: 118.8497 
episode: 301 count: 90 score: -173.1581 average_last200: -155.8982 epis: 0.7392 loss: 59.5654 
episode: 302 count: 81 score: -126.7997 average_last200: -155.7955 epis: 0.7385 loss: 54.6853 
episode: 303 count: 95 score: -120.4438 average_last200: -155.7276 epis: 0.7377 loss: 61.2971 
episode: 304 count: 121 score: -118.4185 average_last200: -155.5420 epis: 0.7370 loss: 88.4778 
episode: 305 count: 92 score: -169.0039 average_last200: -155.2400 epis: 0.7363 loss: 61.9653 
episode: 306 count: 109 score: -86.2696 average_last200: -153.5689 epis: 0.7355 loss: 71.2787 
episode: 307 count: 99 score: -140.9083 average_last200: -153.6303 epis: 0.7348 loss: 55.6946 
episode: 308 count: 147 score: -354.5134 average_last200: -154.5245 epis: 0.7341 loss: 93.3863 
episode: 309 count: 103 score: -239.0321 average_last200: -154.8051 epis: 0.7333 loss: 81.0954 
episode: 310 count: 99 score: -167.5425 average_last200: -154.9844 epis: 0.7326 loss: 78.5365 
episode: 311 count: 121 score: -158.9639 average_last200: -155.0867 epis: 0.7319 loss: 88.5709 
episode: 312 count: 76 score: -129.1502 average_last200: -154.5877 epis: 0.7311 loss: 56.4333 
episode: 313 count: 110 score: -76.0747 average_last200: -153.2574 epis: 0.7304 loss: 75.4962 
episode: 314 count: 145 score: -188.9176 average_last200: -153.3818 epis: 0.7297 loss: 104.1492 
episode: 315 count: 70 score: -120.2521 average_last200: -152.9075 epis: 0.7289 loss: 42.6046 
episode: 316 count: 79 score: -144.3900 average_last200: -152.8730 epis: 0.7282 loss: 50.5800 
episode: 317 count: 147 score: -116.3452 average_last200: -152.3151 epis: 0.7275 loss: 101.0234 
episode: 318 count: 121 score: -123.3750 average_last200: -152.4974 epis: 0.7268 loss: 83.5952 
episode: 319 count: 145 score: -112.2200 average_last200: -152.3352 epis: 0.7260 loss: 102.3499 
episode: 320 count: 115 score: -205.2044 average_last200: -152.8313 epis: 0.7253 loss: 72.3740 
episode: 321 count: 102 score: -212.7214 average_last200: -153.0736 epis: 0.7246 loss: 70.3220 
episode: 322 count: 113 score: -159.4235 average_last200: -152.7334 epis: 0.7239 loss: 71.6363 
episode: 323 count: 120 score: -208.7516 average_last200: -153.1284 epis: 0.7231 loss: 78.2980 
episode: 324 count: 143 score: -107.8147 average_last200: -153.0223 epis: 0.7224 loss: 96.8236 
episode: 325 count: 111 score: -193.3199 average_last200: -151.5051 epis: 0.7217 loss: 82.3715 
episode: 326 count: 109 score: -144.2521 average_last200: -151.5700 epis: 0.7210 loss: 81.1075 
episode: 327 count: 83 score: -151.3877 average_last200: -151.4928 epis: 0.7202 loss: 63.3095 
episode: 328 count: 78 score: -120.6358 average_last200: -151.1855 epis: 0.7195 loss: 53.3967 
episode: 329 count: 125 score: -160.6926 average_last200: -151.2688 epis: 0.7188 loss: 90.5731 
episode: 330 count: 140 score: -202.3222 average_last200: -151.0574 epis: 0.7181 loss: 105.1296 
episode: 331 count: 114 score: -184.4762 average_last200: -151.1983 epis: 0.7174 loss: 82.2951 
episode: 332 count: 111 score: -184.0321 average_last200: -151.2657 epis: 0.7167 loss: 69.3787 
episode: 333 count: 87 score: -135.2066 average_last200: -150.9850 epis: 0.7159 loss: 58.6249 
episode: 334 count: 117 score: -147.3604 average_last200: -150.8838 epis: 0.7152 loss: 84.1807 
episode: 335 count: 94 score: -155.7864 average_last200: -151.1748 epis: 0.7145 loss: 62.3654 
episode: 336 count: 156 score: -157.2621 average_last200: -151.2257 epis: 0.7138 loss: 108.9031 
episode: 337 count: 79 score: -72.1054 average_last200: -150.8227 epis: 0.7131 loss: 56.8524 
episode: 338 count: 133 score: -186.4422 average_last200: -150.8308 epis: 0.7124 loss: 93.3135 
episode: 339 count: 130 score: -277.8930 average_last200: -151.3643 epis: 0.7116 loss: 84.4187 
episode: 340 count: 120 score: -126.7695 average_last200: -151.3907 epis: 0.7109 loss: 79.0606 
episode: 341 count: 138 score: -178.1390 average_last200: -151.2848 epis: 0.7102 loss: 83.3376 
episode: 342 count: 105 score: -86.8652 average_last200: -151.1715 epis: 0.7095 loss: 77.4127 
episode: 343 count: 120 score: -327.3714 average_last200: -152.2532 epis: 0.7088 loss: 74.1032 
episode: 344 count: 97 score: -210.2135 average_last200: -152.7030 epis: 0.7081 loss: 68.4726 
episode: 345 count: 128 score: -171.5582 average_last200: -152.8717 epis: 0.7074 loss: 90.7883 
episode: 346 count: 67 score: -98.5928 average_last200: -152.6015 epis: 0.7067 loss: 44.2376 
episode: 347 count: 145 score: -186.8006 average_last200: -152.7499 epis: 0.7060 loss: 107.0327 
episode: 348 count: 85 score: -108.7130 average_last200: -152.1636 epis: 0.7053 loss: 53.9640 
episode: 349 count: 74 score: -45.8996 average_last200: -151.4684 epis: 0.7046 loss: 50.3827 
episode: 350 count: 107 score: -139.0781 average_last200: -151.5660 epis: 0.7039 loss: 65.9910 
episode: 351 count: 102 score: -162.5905 average_last200: -150.8584 epis: 0.7032 loss: 62.2963 
episode: 352 count: 84 score: -133.9686 average_last200: -150.9930 epis: 0.7025 loss: 53.9238 
episode: 353 count: 128 score: -240.9573 average_last200: -151.4245 epis: 0.7018 loss: 96.8670 
episode: 354 count: 65 score: -110.2763 average_last200: -151.0364 epis: 0.7010 loss: 40.9887 
episode: 355 count: 103 score: -124.8956 average_last200: -151.0875 epis: 0.7003 loss: 67.5953 
episode: 356 count: 154 score: -155.8680 average_last200: -150.6686 epis: 0.6996 loss: 108.6633 
episode: 357 count: 147 score: -148.3503 average_last200: -150.6177 epis: 0.6989 loss: 103.3993 
episode: 358 count: 635 score: -377.6673 average_last200: -152.2121 epis: 0.6982 loss: 436.9181 
episode: 359 count: 86 score: -113.4486 average_last200: -151.6943 epis: 0.6976 loss: 60.6860 
episode: 360 count: 96 score: -116.5783 average_last200: -151.7154 epis: 0.6969 loss: 70.1579 
episode: 361 count: 77 score: -119.0500 average_last200: -151.6208 epis: 0.6962 loss: 50.5406 
episode: 362 count: 129 score: -128.8911 average_last200: -151.4676 epis: 0.6955 loss: 80.4361 
episode: 363 count: 140 score: -119.5542 average_last200: -151.4121 epis: 0.6948 loss: 89.3119 
episode: 364 count: 87 score: -151.3517 average_last200: -151.3198 epis: 0.6941 loss: 56.5718 
episode: 365 count: 138 score: -99.2881 average_last200: -151.3401 epis: 0.6934 loss: 97.0507 
episode: 366 count: 71 score: -140.4527 average_last200: -151.3117 epis: 0.6927 loss: 47.6882 
episode: 367 count: 109 score: -84.4568 average_last200: -150.8968 epis: 0.6920 loss: 71.6826 
episode: 368 count: 125 score: -190.2378 average_last200: -151.1926 epis: 0.6913 loss: 78.0519 
episode: 369 count: 158 score: -98.9528 average_last200: -151.1827 epis: 0.6906 loss: 95.4223 
episode: 370 count: 119 score: -200.8904 average_last200: -151.5336 epis: 0.6899 loss: 77.5014 
episode: 371 count: 125 score: -146.1208 average_last200: -151.4700 epis: 0.6892 loss: 75.8632 
episode: 372 count: 85 score: -68.3758 average_last200: -151.0225 epis: 0.6885 loss: 49.3823 
episode: 373 count: 82 score: -154.6530 average_last200: -151.0275 epis: 0.6878 loss: 60.5479 
episode: 374 count: 70 score: -126.6042 average_last200: -150.0359 epis: 0.6872 loss: 44.6686 
episode: 375 count: 139 score: -185.2254 average_last200: -150.3006 epis: 0.6865 loss: 78.1879 
episode: 376 count: 121 score: -49.7156 average_last200: -150.0073 epis: 0.6858 loss: 71.3011 
episode: 377 count: 78 score: -86.1214 average_last200: -149.7645 epis: 0.6851 loss: 54.6523 
episode: 378 count: 154 score: -124.4886 average_last200: -149.7200 epis: 0.6844 loss: 109.2518 
episode: 379 count: 81 score: -107.1745 average_last200: -149.5664 epis: 0.6837 loss: 58.3004 
episode: 380 count: 113 score: -116.5353 average_last200: -149.5629 epis: 0.6830 loss: 75.9612 
episode: 381 count: 108 score: -140.2798 average_last200: -149.4684 epis: 0.6824 loss: 72.9467 
episode: 382 count: 109 score: -159.4701 average_last200: -149.4268 epis: 0.6817 loss: 62.6404 
episode: 383 count: 91 score: -99.4814 average_last200: -149.1010 epis: 0.6810 loss: 59.3034 
episode: 384 count: 76 score: -137.6768 average_last200: -149.0376 epis: 0.6803 loss: 52.9214 
episode: 385 count: 106 score: -85.1438 average_last200: -148.8453 epis: 0.6796 loss: 67.8628 
episode: 386 count: 88 score: -119.9083 average_last200: -148.6305 epis: 0.6790 loss: 52.6099 
episode: 387 count: 139 score: -104.2334 average_last200: -148.5681 epis: 0.6783 loss: 90.9762 
episode: 388 count: 62 score: -136.2407 average_last200: -148.6061 epis: 0.6776 loss: 38.9772 
episode: 389 count: 133 score: -91.9719 average_last200: -148.2234 epis: 0.6769 loss: 96.4671 
episode: 390 count: 89 score: -106.7071 average_last200: -147.8341 epis: 0.6762 loss: 67.8108 
episode: 391 count: 117 score: -126.0103 average_last200: -147.6870 epis: 0.6756 loss: 74.4747 
episode: 392 count: 138 score: -123.9263 average_last200: -147.6997 epis: 0.6749 loss: 91.6418 
episode: 393 count: 101 score: -156.1923 average_last200: -147.8090 epis: 0.6742 loss: 65.6218 
episode: 394 count: 131 score: -49.4345 average_last200: -147.5130 epis: 0.6735 loss: 82.2322 
episode: 395 count: 122 score: -172.7073 average_last200: -147.7318 epis: 0.6729 loss: 80.7491 
episode: 396 count: 91 score: -141.0066 average_last200: -147.5363 epis: 0.6722 loss: 61.3574 
episode: 397 count: 98 score: -112.9830 average_last200: -147.5295 epis: 0.6715 loss: 68.3741 
episode: 398 count: 90 score: -91.8224 average_last200: -146.6706 epis: 0.6709 loss: 57.6575 
episode: 399 count: 101 score: -102.9790 average_last200: -146.5620 epis: 0.6702 loss: 59.4960 
episode: 400 count: 87 score: -147.0109 average_last200: -146.6401 epis: 0.6695 loss: 55.3433 
episode: 401 count: 87 score: -105.9503 average_last200: -146.4083 epis: 0.6688 loss: 54.6828 
episode: 402 count: 118 score: -213.6355 average_last200: -147.1173 epis: 0.6682 loss: 82.5529 
episode: 403 count: 114 score: -54.8208 average_last200: -146.6853 epis: 0.6675 loss: 73.3352 
episode: 404 count: 99 score: -153.0635 average_last200: -146.7684 epis: 0.6668 loss: 63.5273 
episode: 405 count: 81 score: -135.8925 average_last200: -146.8058 epis: 0.6662 loss: 56.1901 
episode: 406 count: 84 score: -106.6918 average_last200: -146.7095 epis: 0.6655 loss: 50.8455 
episode: 407 count: 73 score: -94.5695 average_last200: -145.4667 epis: 0.6648 loss: 52.3531 
episode: 408 count: 78 score: -112.6582 average_last200: -145.5742 epis: 0.6642 loss: 46.1325 
episode: 409 count: 97 score: -62.9841 average_last200: -145.0228 epis: 0.6635 loss: 65.3839 
episode: 410 count: 71 score: -103.8204 average_last200: -144.8574 epis: 0.6629 loss: 42.1924 
episode: 411 count: 87 score: -61.0665 average_last200: -144.6507 epis: 0.6622 loss: 54.1114 
episode: 412 count: 102 score: -186.2949 average_last200: -144.8804 epis: 0.6615 loss: 64.0288 
episode: 413 count: 86 score: -150.2145 average_last200: -144.6921 epis: 0.6609 loss: 63.4262 
episode: 414 count: 64 score: -97.7327 average_last200: -143.9711 epis: 0.6602 loss: 42.5265 
episode: 415 count: 72 score: -130.9200 average_last200: -143.9666 epis: 0.6595 loss: 46.1124 
episode: 416 count: 123 score: -121.9503 average_last200: -143.8869 epis: 0.6589 loss: 93.3375 
episode: 417 count: 97 score: -137.2429 average_last200: -144.0202 epis: 0.6582 loss: 66.6649 
episode: 418 count: 85 score: -143.5102 average_last200: -144.1043 epis: 0.6576 loss: 63.8860 
episode: 419 count: 77 score: -202.3630 average_last200: -144.0515 epis: 0.6569 loss: 49.9112 
episode: 420 count: 134 score: -91.9014 average_last200: -143.9354 epis: 0.6563 loss: 89.9234 
episode: 421 count: 102 score: -101.4926 average_last200: -143.7121 epis: 0.6556 loss: 64.0453 
episode: 422 count: 126 score: -139.1852 average_last200: -143.3106 epis: 0.6549 loss: 93.0303 
episode: 423 count: 82 score: -77.0515 average_last200: -142.2035 epis: 0.6543 loss: 60.3739 
episode: 424 count: 87 score: -80.9611 average_last200: -141.8331 epis: 0.6536 loss: 51.8220 
episode: 425 count: 93 score: -138.2602 average_last200: -141.9563 epis: 0.6530 loss: 59.9501 
episode: 426 count: 97 score: -169.6211 average_last200: -141.7120 epis: 0.6523 loss: 65.8743 
episode: 427 count: 69 score: -129.9146 average_last200: -141.6842 epis: 0.6517 loss: 50.8579 
episode: 428 count: 76 score: -85.3359 average_last200: -141.6292 epis: 0.6510 loss: 44.7864 
episode: 429 count: 99 score: -140.9579 average_last200: -141.4998 epis: 0.6504 loss: 62.0667 
episode: 430 count: 80 score: -88.4010 average_last200: -140.9592 epis: 0.6497 loss: 54.6553 
episode: 431 count: 117 score: -292.3544 average_last200: -141.8626 epis: 0.6491 loss: 87.2846 
episode: 432 count: 73 score: -121.2470 average_last200: -141.8278 epis: 0.6484 loss: 42.6476 
episode: 433 count: 113 score: -207.6065 average_last200: -142.0319 epis: 0.6478 loss: 75.6256 
episode: 434 count: 112 score: -145.3596 average_last200: -142.3884 epis: 0.6471 loss: 80.1759 
episode: 435 count: 122 score: -165.5778 average_last200: -142.5481 epis: 0.6465 loss: 84.3837 
episode: 436 count: 113 score: -130.2918 average_last200: -142.0610 epis: 0.6458 loss: 74.8378 
episode: 437 count: 76 score: -99.6604 average_last200: -141.8945 epis: 0.6452 loss: 55.7654 
episode: 438 count: 80 score: -64.6176 average_last200: -141.6160 epis: 0.6445 loss: 56.1995 
episode: 439 count: 99 score: -67.9844 average_last200: -141.0737 epis: 0.6439 loss: 74.9381 
episode: 440 count: 383 score: -363.7338 average_last200: -142.0731 epis: 0.6433 loss: 279.0679 
episode: 441 count: 140 score: -250.2552 average_last200: -142.3475 epis: 0.6426 loss: 88.8523 
episode: 442 count: 161 score: -135.9221 average_last200: -142.3810 epis: 0.6420 loss: 125.1454 
episode: 443 count: 113 score: -89.3295 average_last200: -142.0110 epis: 0.6413 loss: 82.0555 
episode: 444 count: 77 score: -113.6950 average_last200: -141.8347 epis: 0.6407 loss: 51.4379 
episode: 445 count: 149 score: -299.5208 average_last200: -142.2754 epis: 0.6400 loss: 101.2301 
episode: 446 count: 91 score: -107.8046 average_last200: -142.1410 epis: 0.6394 loss: 62.2889 
episode: 447 count: 104 score: -96.9417 average_last200: -142.1161 epis: 0.6388 loss: 65.4898 
episode: 448 count: 111 score: -35.7022 average_last200: -141.6703 epis: 0.6381 loss: 70.8249 
episode: 449 count: 111 score: -407.5225 average_last200: -142.7609 epis: 0.6375 loss: 87.7294 
episode: 450 count: 176 score: -258.2250 average_last200: -143.4523 epis: 0.6368 loss: 134.9024 
episode: 451 count: 90 score: -117.3257 average_last200: -143.3768 epis: 0.6362 loss: 73.5056 
episode: 452 count: 145 score: -143.7024 average_last200: -143.1218 epis: 0.6356 loss: 109.5605 
episode: 453 count: 84 score: -130.0474 average_last200: -143.1054 epis: 0.6349 loss: 69.3598 
episode: 454 count: 95 score: -115.6481 average_last200: -142.8274 epis: 0.6343 loss: 70.5923 
episode: 455 count: 116 score: -72.9097 average_last200: -142.5734 epis: 0.6337 loss: 87.6598 
episode: 456 count: 105 score: -88.3539 average_last200: -142.2041 epis: 0.6330 loss: 76.2738 
episode: 457 count: 71 score: -173.8363 average_last200: -142.6866 epis: 0.6324 loss: 54.6827 
episode: 458 count: 161 score: -69.3379 average_last200: -142.2108 epis: 0.6318 loss: 128.7111 
episode: 459 count: 105 score: -90.2146 average_last200: -142.0520 epis: 0.6311 loss: 76.6784 
episode: 460 count: 104 score: -156.1626 average_last200: -142.4854 epis: 0.6305 loss: 74.0278 
episode: 461 count: 103 score: -70.9315 average_last200: -141.9582 epis: 0.6299 loss: 71.2981 
episode: 462 count: 95 score: -90.7273 average_last200: -141.9382 epis: 0.6292 loss: 65.0417 
episode: 463 count: 85 score: -136.4190 average_last200: -141.7932 epis: 0.6286 loss: 61.6007 
episode: 464 count: 73 score: -163.9788 average_last200: -141.6557 epis: 0.6280 loss: 57.2227 
episode: 465 count: 70 score: -67.4119 average_last200: -141.4763 epis: 0.6274 loss: 52.9481 
episode: 466 count: 91 score: -144.8641 average_last200: -141.5871 epis: 0.6267 loss: 66.4524 
episode: 467 count: 130 score: -100.1324 average_last200: -141.5565 epis: 0.6261 loss: 89.9376 
episode: 468 count: 111 score: -109.8588 average_last200: -141.2199 epis: 0.6255 loss: 70.6275 
episode: 469 count: 80 score: -101.8310 average_last200: -141.2635 epis: 0.6249 loss: 53.1848 
episode: 470 count: 285 score: -260.9842 average_last200: -142.0262 epis: 0.6242 loss: 212.5161 
episode: 471 count: 98 score: -155.1338 average_last200: -141.9879 epis: 0.6236 loss: 67.5669 
episode: 472 count: 130 score: -378.0080 average_last200: -142.9761 epis: 0.6230 loss: 109.7450 
episode: 473 count: 139 score: -155.0060 average_last200: -143.3114 epis: 0.6224 loss: 106.0800 
episode: 474 count: 113 score: -150.8336 average_last200: -143.3838 epis: 0.6217 loss: 84.9170 
episode: 475 count: 86 score: -104.0528 average_last200: -142.8674 epis: 0.6211 loss: 68.0312 
episode: 476 count: 76 score: -50.9989 average_last200: -142.5002 epis: 0.6205 loss: 56.0173 
episode: 477 count: 92 score: -102.1796 average_last200: -142.5335 epis: 0.6199 loss: 67.6436 
episode: 478 count: 104 score: -153.2352 average_last200: -142.5914 epis: 0.6193 loss: 82.4092 
episode: 479 count: 120 score: -109.3792 average_last200: -142.4661 epis: 0.6186 loss: 95.0190 
episode: 480 count: 82 score: -102.5403 average_last200: -142.7338 epis: 0.6180 loss: 64.0804 
episode: 481 count: 184 score: -319.6522 average_last200: -143.8423 epis: 0.6174 loss: 139.6521 
episode: 482 count: 112 score: -112.5505 average_last200: -143.7430 epis: 0.6168 loss: 82.2423 
episode: 483 count: 119 score: -130.5118 average_last200: -143.8722 epis: 0.6162 loss: 87.5512 
episode: 484 count: 144 score: -214.5304 average_last200: -144.1794 epis: 0.6155 loss: 101.1890 
episode: 485 count: 100 score: -125.1756 average_last200: -143.9437 epis: 0.6149 loss: 76.6530 
episode: 486 count: 144 score: -231.9152 average_last200: -144.3257 epis: 0.6143 loss: 102.0787 
episode: 487 count: 124 score: -104.5408 average_last200: -144.1883 epis: 0.6137 loss: 90.4394 
episode: 488 count: 94 score: -115.4875 average_last200: -144.0276 epis: 0.6131 loss: 59.2735 
episode: 489 count: 109 score: -157.6171 average_last200: -143.9999 epis: 0.6125 loss: 71.4794 
episode: 490 count: 89 score: -118.4171 average_last200: -143.8484 epis: 0.6119 loss: 77.9199 
episode: 491 count: 98 score: -114.5342 average_last200: -143.8840 epis: 0.6113 loss: 69.7494 
episode: 492 count: 157 score: -124.8941 average_last200: -143.5173 epis: 0.6106 loss: 113.3852 
episode: 493 count: 96 score: -138.3029 average_last200: -143.7163 epis: 0.6100 loss: 65.7399 
episode: 494 count: 117 score: -89.1326 average_last200: -143.1526 epis: 0.6094 loss: 89.1246 
episode: 495 count: 167 score: -147.1476 average_last200: -142.6749 epis: 0.6088 loss: 120.0346 
episode: 496 count: 122 score: -152.7691 average_last200: -142.5866 epis: 0.6082 loss: 85.9335 
episode: 497 count: 86 score: -159.7783 average_last200: -142.6213 epis: 0.6076 loss: 64.3816 
episode: 498 count: 82 score: -80.9793 average_last200: -142.1082 epis: 0.6070 loss: 67.0218 
episode: 499 count: 85 score: -140.6203 average_last200: -142.1955 epis: 0.6064 loss: 61.2706 
episode: 500 count: 123 score: -170.1505 average_last200: -141.9368 epis: 0.6058 loss: 93.7517 
episode: 501 count: 101 score: -160.3035 average_last200: -141.8726 epis: 0.6052 loss: 83.9847 
episode: 502 count: 121 score: -120.4339 average_last200: -141.8407 epis: 0.6046 loss: 93.4232 
episode: 503 count: 103 score: -108.5593 average_last200: -141.7813 epis: 0.6040 loss: 98.8942 
episode: 504 count: 109 score: -311.8926 average_last200: -142.7487 epis: 0.6034 loss: 87.1825 
episode: 505 count: 110 score: -168.8180 average_last200: -142.7477 epis: 0.6027 loss: 79.2392 
episode: 506 count: 109 score: -92.6960 average_last200: -142.7799 epis: 0.6021 loss: 93.6336 
episode: 507 count: 125 score: -283.1404 average_last200: -143.4910 epis: 0.6015 loss: 103.0831 
episode: 508 count: 115 score: -176.2224 average_last200: -142.5996 epis: 0.6009 loss: 95.9047 
episode: 509 count: 142 score: -148.5294 average_last200: -142.1471 epis: 0.6003 loss: 131.1373 
episode: 510 count: 83 score: -99.8368 average_last200: -141.8085 epis: 0.5997 loss: 83.2985 
episode: 511 count: 122 score: -24.8819 average_last200: -141.1381 epis: 0.5991 loss: 96.5999 
episode: 512 count: 131 score: -325.0585 average_last200: -142.1177 epis: 0.5985 loss: 95.0815 
episode: 513 count: 104 score: -158.1199 average_last200: -142.5279 epis: 0.5979 loss: 83.4957 
episode: 514 count: 383 score: -319.2643 average_last200: -143.1796 epis: 0.5973 loss: 319.9939 
episode: 515 count: 121 score: -117.2099 average_last200: -143.1644 epis: 0.5967 loss: 113.3215 
episode: 516 count: 127 score: -216.7142 average_last200: -143.5260 epis: 0.5962 loss: 102.2282 
episode: 517 count: 94 score: -60.2217 average_last200: -143.2454 epis: 0.5956 loss: 70.2698 
episode: 518 count: 1000 score: -149.6326 average_last200: -143.3767 epis: 0.5950 loss: 871.2355 
episode: 519 count: 92 score: -104.4726 average_last200: -143.3380 epis: 0.5944 loss: 86.0668 
episode: 520 count: 129 score: -128.2455 average_last200: -142.9532 epis: 0.5938 loss: 111.2206 
episode: 521 count: 144 score: -71.4862 average_last200: -142.2470 epis: 0.5932 loss: 138.4356 
episode: 522 count: 123 score: -234.1961 average_last200: -142.6209 epis: 0.5926 loss: 116.0155 
episode: 523 count: 163 score: -44.8628 average_last200: -141.8014 epis: 0.5920 loss: 146.8792 
episode: 524 count: 174 score: -139.1719 average_last200: -141.9582 epis: 0.5914 loss: 153.9202 
episode: 525 count: 95 score: -143.9958 average_last200: -141.7116 epis: 0.5908 loss: 91.1730 
episode: 526 count: 80 score: -132.5959 average_last200: -141.6533 epis: 0.5902 loss: 73.9437 
episode: 527 count: 78 score: -110.0279 average_last200: -141.4465 epis: 0.5896 loss: 70.9387 
episode: 528 count: 142 score: -75.7868 average_last200: -141.2223 epis: 0.5890 loss: 127.4183 
episode: 529 count: 131 score: -51.8372 average_last200: -140.6780 epis: 0.5884 loss: 128.9183 
episode: 530 count: 96 score: -70.9098 average_last200: -140.0209 epis: 0.5879 loss: 80.2352 
episode: 531 count: 133 score: -73.0919 average_last200: -139.4640 epis: 0.5873 loss: 113.7127 
episode: 532 count: 112 score: -306.2821 average_last200: -140.0753 epis: 0.5867 loss: 100.6358 
episode: 533 count: 85 score: -103.2585 average_last200: -139.9155 epis: 0.5861 loss: 79.1078 
episode: 534 count: 93 score: -77.2226 average_last200: -139.5648 epis: 0.5855 loss: 78.2617 
episode: 535 count: 145 score: -277.9388 average_last200: -140.1756 epis: 0.5849 loss: 122.3000 
episode: 536 count: 71 score: -53.9754 average_last200: -139.6592 epis: 0.5843 loss: 66.8607 
episode: 537 count: 107 score: -83.0619 average_last200: -139.7139 epis: 0.5838 loss: 88.5780 
episode: 538 count: 131 score: -317.7612 average_last200: -140.3705 epis: 0.5832 loss: 118.4970 
episode: 539 count: 115 score: -82.2012 average_last200: -139.3921 epis: 0.5826 loss: 100.4600 
episode: 540 count: 230 score: -339.5189 average_last200: -140.4558 epis: 0.5820 loss: 192.6863 
episode: 541 count: 129 score: -55.9512 average_last200: -139.8449 epis: 0.5814 loss: 111.5480 
episode: 542 count: 280 score: -210.1182 average_last200: -140.4611 epis: 0.5808 loss: 268.9279 
episode: 543 count: 94 score: -135.8732 average_last200: -139.5037 epis: 0.5803 loss: 91.4282 
episode: 544 count: 146 score: -110.1242 average_last200: -139.0032 epis: 0.5797 loss: 133.0191 
episode: 545 count: 134 score: -204.0335 average_last200: -139.1656 epis: 0.5791 loss: 147.4469 
episode: 546 count: 141 score: -145.6712 average_last200: -139.4010 epis: 0.5785 loss: 132.5443 
episode: 547 count: 158 score: -388.6712 average_last200: -140.4103 epis: 0.5779 loss: 146.8253 
episode: 548 count: 102 score: -123.6162 average_last200: -140.4848 epis: 0.5774 loss: 108.7091 
episode: 549 count: 164 score: -80.1802 average_last200: -140.6562 epis: 0.5768 loss: 146.0818 
episode: 550 count: 118 score: -281.7825 average_last200: -141.3698 epis: 0.5762 loss: 104.7234 
episode: 551 count: 118 score: -160.3888 average_last200: -141.3588 epis: 0.5756 loss: 110.8283 
episode: 552 count: 97 score: -134.8235 average_last200: -141.3630 epis: 0.5751 loss: 88.2560 
episode: 553 count: 222 score: -314.8266 average_last200: -141.7324 epis: 0.5745 loss: 210.8925 
episode: 554 count: 98 score: -199.7052 average_last200: -142.1795 epis: 0.5739 loss: 85.0154 
episode: 555 count: 127 score: -87.0774 average_last200: -141.9904 epis: 0.5733 loss: 108.4068 
episode: 556 count: 224 score: -61.5611 average_last200: -141.5189 epis: 0.5728 loss: 225.2316 
episode: 557 count: 186 score: -146.2444 average_last200: -141.5084 epis: 0.5722 loss: 184.4350 
episode: 558 count: 124 score: -81.8662 average_last200: -140.0294 epis: 0.5716 loss: 111.1363 
episode: 559 count: 93 score: -86.6899 average_last200: -139.8956 epis: 0.5710 loss: 102.1855 
episode: 560 count: 110 score: -102.6677 average_last200: -139.8260 epis: 0.5705 loss: 102.4804 
episode: 561 count: 145 score: -108.5630 average_last200: -139.7736 epis: 0.5699 loss: 161.2688 
episode: 562 count: 102 score: -99.7392 average_last200: -139.6278 epis: 0.5693 loss: 90.7240 
episode: 563 count: 131 score: -52.4323 average_last200: -139.2922 epis: 0.5688 loss: 131.4141 
episode: 564 count: 111 score: -69.8182 average_last200: -138.8845 epis: 0.5682 loss: 96.5745 
episode: 565 count: 155 score: -46.5053 average_last200: -138.6206 epis: 0.5676 loss: 169.5054 
episode: 566 count: 128 score: -69.2296 average_last200: -138.2645 epis: 0.5671 loss: 117.0522 
episode: 567 count: 95 score: -86.6017 average_last200: -138.2752 epis: 0.5665 loss: 86.1207 
episode: 568 count: 110 score: -128.6806 average_last200: -137.9675 epis: 0.5659 loss: 105.0880 
episode: 569 count: 111 score: -175.9797 average_last200: -138.3526 epis: 0.5654 loss: 128.6972 
episode: 570 count: 134 score: -62.9831 average_last200: -137.6631 epis: 0.5648 loss: 126.5558 
episode: 571 count: 138 score: -96.3370 average_last200: -137.4141 epis: 0.5642 loss: 140.1805 
episode: 572 count: 145 score: -153.3976 average_last200: -137.8392 epis: 0.5637 loss: 137.5494 
episode: 573 count: 100 score: -130.5316 average_last200: -137.7186 epis: 0.5631 loss: 91.9926 
episode: 574 count: 124 score: -86.5907 average_last200: -137.5186 epis: 0.5625 loss: 137.1034 
episode: 575 count: 164 score: -309.5737 average_last200: -138.1403 epis: 0.5620 loss: 161.9858 
episode: 576 count: 437 score: -425.7983 average_last200: -140.0207 epis: 0.5614 loss: 415.6711 
episode: 577 count: 114 score: -87.5308 average_last200: -140.0278 epis: 0.5609 loss: 101.8954 
episode: 578 count: 164 score: -305.3288 average_last200: -140.9320 epis: 0.5603 loss: 174.6963 
episode: 579 count: 112 score: -118.4224 average_last200: -140.9882 epis: 0.5597 loss: 105.9494 
episode: 580 count: 133 score: -270.4455 average_last200: -141.7578 epis: 0.5592 loss: 128.1226 
episode: 581 count: 145 score: -222.5432 average_last200: -142.1691 epis: 0.5586 loss: 137.2270 
episode: 582 count: 109 score: -107.3329 average_last200: -141.9084 epis: 0.5581 loss: 120.1985 
episode: 583 count: 131 score: -387.8017 average_last200: -143.3500 epis: 0.5575 loss: 149.1038 
episode: 584 count: 193 score: -248.4684 average_last200: -143.9040 epis: 0.5569 loss: 206.3971 
episode: 585 count: 163 score: -81.1695 average_last200: -143.8841 epis: 0.5564 loss: 167.2879 
episode: 586 count: 131 score: -96.4788 average_last200: -143.7669 epis: 0.5558 loss: 132.6947 
episode: 587 count: 165 score: -82.6695 average_last200: -143.6591 epis: 0.5553 loss: 173.4862 
episode: 588 count: 167 score: -10.1027 average_last200: -143.0284 epis: 0.5547 loss: 165.7515 
episode: 589 count: 111 score: -109.8624 average_last200: -143.1179 epis: 0.5542 loss: 114.5270 
episode: 590 count: 149 score: -113.1069 average_last200: -143.1499 epis: 0.5536 loss: 141.9683 
episode: 591 count: 125 score: -96.1236 average_last200: -143.0004 epis: 0.5531 loss: 150.5995 
episode: 592 count: 109 score: -107.8689 average_last200: -142.9202 epis: 0.5525 loss: 134.6781 
episode: 593 count: 163 score: -282.4873 average_last200: -143.5516 epis: 0.5520 loss: 169.8499 
episode: 594 count: 110 score: -174.5709 average_last200: -144.1773 epis: 0.5514 loss: 119.8269 
episode: 595 count: 116 score: -64.0053 average_last200: -143.6338 epis: 0.5508 loss: 136.6527 
episode: 596 count: 172 score: -89.0926 average_last200: -143.3742 epis: 0.5503 loss: 202.5332 
episode: 597 count: 129 score: -181.8050 average_last200: -143.7183 epis: 0.5497 loss: 146.0204 
episode: 598 count: 178 score: -102.3203 average_last200: -143.7708 epis: 0.5492 loss: 219.1281 
episode: 599 count: 109 score: -184.4921 average_last200: -144.1784 epis: 0.5486 loss: 139.4005 
episode: 600 count: 114 score: -103.4250 average_last200: -143.9605 epis: 0.5481 loss: 121.5109 
episode: 601 count: 102 score: -67.3025 average_last200: -143.7672 epis: 0.5476 loss: 128.2912 
episode: 602 count: 133 score: -131.9636 average_last200: -143.3589 epis: 0.5470 loss: 198.1875 
episode: 603 count: 155 score: -91.1002 average_last200: -143.5403 epis: 0.5465 loss: 189.3752 
episode: 604 count: 120 score: -388.6978 average_last200: -144.7184 epis: 0.5459 loss: 151.7165 
episode: 605 count: 111 score: -148.2174 average_last200: -144.7801 epis: 0.5454 loss: 133.5499 
episode: 606 count: 136 score: -66.1839 average_last200: -144.5775 epis: 0.5448 loss: 159.1616 
episode: 607 count: 263 score: -161.9183 average_last200: -144.9143 epis: 0.5443 loss: 320.6729 
episode: 608 count: 146 score: -189.5363 average_last200: -145.2987 epis: 0.5437 loss: 153.5653 
episode: 609 count: 156 score: -53.6624 average_last200: -145.2520 epis: 0.5432 loss: 207.4193 
episode: 610 count: 120 score: -61.7239 average_last200: -145.0416 epis: 0.5426 loss: 124.1631 
episode: 611 count: 161 score: -111.3990 average_last200: -145.2932 epis: 0.5421 loss: 168.2382 
episode: 612 count: 211 score: -156.7161 average_last200: -145.1453 epis: 0.5416 loss: 237.1885 
episode: 613 count: 151 score: -238.6674 average_last200: -145.5876 epis: 0.5410 loss: 189.3964 
episode: 614 count: 118 score: -134.1152 average_last200: -145.7695 epis: 0.5405 loss: 145.9743 
episode: 615 count: 131 score: -86.9477 average_last200: -145.5497 epis: 0.5399 loss: 142.4465 
episode: 616 count: 200 score: -153.6069 average_last200: -145.7079 epis: 0.5394 loss: 220.5495 
episode: 617 count: 148 score: -91.8846 average_last200: -145.4811 epis: 0.5389 loss: 173.5192 
episode: 618 count: 91 score: -109.9245 average_last200: -145.3132 epis: 0.5383 loss: 118.8449 
episode: 619 count: 106 score: -104.9736 average_last200: -144.8263 epis: 0.5378 loss: 118.5271 
episode: 620 count: 236 score: -160.6641 average_last200: -145.1701 epis: 0.5372 loss: 281.1756 
episode: 621 count: 144 score: -76.3215 average_last200: -145.0442 epis: 0.5367 loss: 158.4605 
episode: 622 count: 206 score: -87.0136 average_last200: -144.7834 epis: 0.5362 loss: 266.5692 
episode: 623 count: 170 score: -150.0954 average_last200: -145.1486 epis: 0.5356 loss: 187.4045 
episode: 624 count: 121 score: -125.0008 average_last200: -145.3688 epis: 0.5351 loss: 157.1146 
episode: 625 count: 354 score: -120.2690 average_last200: -145.2788 epis: 0.5346 loss: 400.7980 
episode: 626 count: 156 score: -197.9117 average_last200: -145.4203 epis: 0.5340 loss: 154.2924 
episode: 627 count: 90 score: -89.6188 average_last200: -145.2188 epis: 0.5335 loss: 87.0096 
episode: 628 count: 94 score: -60.5621 average_last200: -145.0949 epis: 0.5330 loss: 112.6856 
episode: 629 count: 85 score: -80.3996 average_last200: -144.7921 epis: 0.5324 loss: 103.2446 
episode: 630 count: 176 score: -268.8877 average_last200: -145.6946 epis: 0.5319 loss: 222.3541 
episode: 631 count: 118 score: -78.6161 average_last200: -144.6259 epis: 0.5314 loss: 135.5175 
episode: 632 count: 142 score: -121.7096 average_last200: -144.6282 epis: 0.5308 loss: 175.8184 
episode: 633 count: 194 score: -167.3258 average_last200: -144.4268 epis: 0.5303 loss: 214.9691 
episode: 634 count: 121 score: -69.7852 average_last200: -144.0489 epis: 0.5298 loss: 146.3605 
episode: 635 count: 120 score: -158.3017 average_last200: -144.0125 epis: 0.5292 loss: 127.1280 
episode: 636 count: 119 score: -119.4983 average_last200: -143.9586 epis: 0.5287 loss: 135.2415 
episode: 637 count: 100 score: -259.6625 average_last200: -144.7586 epis: 0.5282 loss: 113.7382 
episode: 638 count: 133 score: -97.0650 average_last200: -144.9208 epis: 0.5277 loss: 160.7015 
episode: 639 count: 182 score: -109.3784 average_last200: -145.1278 epis: 0.5271 loss: 232.6604 
episode: 640 count: 150 score: -122.4498 average_last200: -143.9214 epis: 0.5266 loss: 222.9789 
episode: 641 count: 123 score: -130.9429 average_last200: -143.3248 epis: 0.5261 loss: 151.3018 
episode: 642 count: 195 score: -103.4964 average_last200: -143.1627 epis: 0.5255 loss: 250.6989 
episode: 643 count: 111 score: -119.2547 average_last200: -143.3123 epis: 0.5250 loss: 151.4534 
episode: 644 count: 156 score: -285.2122 average_last200: -144.1699 epis: 0.5245 loss: 220.1453 
episode: 645 count: 176 score: -78.3643 average_last200: -143.0641 epis: 0.5240 loss: 236.0097 
episode: 646 count: 155 score: -82.4047 average_last200: -142.9371 epis: 0.5234 loss: 181.6691 
episode: 647 count: 128 score: -80.1855 average_last200: -142.8533 epis: 0.5229 loss: 150.4456 
episode: 648 count: 219 score: -164.1663 average_last200: -143.4957 epis: 0.5224 loss: 267.3015 
episode: 649 count: 108 score: -141.2549 average_last200: -142.1643 epis: 0.5219 loss: 125.4634 
episode: 650 count: 84 score: -111.0493 average_last200: -141.4284 epis: 0.5214 loss: 105.9996 
episode: 651 count: 106 score: -119.5547 average_last200: -141.4396 epis: 0.5208 loss: 133.9078 
episode: 652 count: 168 score: -149.4050 average_last200: -141.4681 epis: 0.5203 loss: 219.3272 
episode: 653 count: 149 score: -174.0727 average_last200: -141.6882 epis: 0.5198 loss: 161.8809 
episode: 654 count: 126 score: -194.6718 average_last200: -142.0833 epis: 0.5193 loss: 154.9988 
episode: 655 count: 153 score: -211.7167 average_last200: -142.7774 epis: 0.5188 loss: 220.3127 
episode: 656 count: 210 score: -134.3558 average_last200: -143.0074 epis: 0.5182 loss: 259.8888 
episode: 657 count: 147 score: -96.1380 average_last200: -142.6189 epis: 0.5177 loss: 177.5262 
episode: 658 count: 127 score: -64.9621 average_last200: -142.5970 epis: 0.5172 loss: 182.5014 
episode: 659 count: 119 score: -164.4152 average_last200: -142.9680 epis: 0.5167 loss: 146.0020 
episode: 660 count: 128 score: -115.4282 average_last200: -142.7643 epis: 0.5162 loss: 139.1182 
episode: 661 count: 87 score: -167.0572 average_last200: -143.2450 epis: 0.5156 loss: 111.7420 
episode: 662 count: 134 score: -193.4034 average_last200: -143.7584 epis: 0.5151 loss: 168.5906 
episode: 663 count: 113 score: -81.5105 average_last200: -143.4838 epis: 0.5146 loss: 175.1558 
episode: 664 count: 169 score: -75.7604 average_last200: -143.0427 epis: 0.5141 loss: 246.2646 
episode: 665 count: 207 score: -93.3432 average_last200: -143.1724 epis: 0.5136 loss: 328.5619 
episode: 666 count: 154 score: -172.9766 average_last200: -143.3129 epis: 0.5131 loss: 233.3440 
episode: 667 count: 117 score: -159.4886 average_last200: -143.6097 epis: 0.5126 loss: 180.9764 
episode: 668 count: 139 score: -147.4944 average_last200: -143.7979 epis: 0.5120 loss: 208.0937 
episode: 669 count: 138 score: -160.2697 average_last200: -144.0901 epis: 0.5115 loss: 205.0788 
episode: 670 count: 134 score: -206.0851 average_last200: -143.8156 epis: 0.5110 loss: 159.8979 
episode: 671 count: 122 score: -133.2697 average_last200: -143.7063 epis: 0.5105 loss: 140.1367 
episode: 672 count: 106 score: -160.8861 average_last200: -142.6207 epis: 0.5100 loss: 140.3284 
episode: 673 count: 143 score: -73.2853 average_last200: -142.2121 epis: 0.5095 loss: 178.4719 
episode: 674 count: 101 score: -129.4589 average_last200: -142.1052 epis: 0.5090 loss: 139.3276 
episode: 675 count: 115 score: -213.6371 average_last200: -142.6531 epis: 0.5085 loss: 130.7486 
episode: 676 count: 110 score: -106.6545 average_last200: -142.9314 epis: 0.5080 loss: 115.7630 
episode: 677 count: 139 score: -62.2044 average_last200: -142.7315 epis: 0.5075 loss: 203.6430 
episode: 678 count: 85 score: -143.8849 average_last200: -142.6848 epis: 0.5070 loss: 115.0665 
episode: 679 count: 138 score: -132.8753 average_last200: -142.8022 epis: 0.5064 loss: 157.1712 
episode: 680 count: 356 score: -281.2184 average_last200: -143.6956 epis: 0.5059 loss: 443.7465 
episode: 681 count: 136 score: -171.9895 average_last200: -142.9573 epis: 0.5054 loss: 144.9543 
episode: 682 count: 87 score: -137.8585 average_last200: -143.0839 epis: 0.5049 loss: 113.5365 
episode: 683 count: 106 score: -205.7203 average_last200: -143.4599 epis: 0.5044 loss: 123.7766 
episode: 684 count: 145 score: -41.2727 average_last200: -142.5936 epis: 0.5039 loss: 203.5196 
episode: 685 count: 159 score: -135.7973 average_last200: -142.6467 epis: 0.5034 loss: 239.4468 
episode: 686 count: 124 score: -165.4365 average_last200: -142.3143 epis: 0.5029 loss: 201.3100 
episode: 687 count: 136 score: -198.6650 average_last200: -142.7849 epis: 0.5024 loss: 192.4282 
episode: 688 count: 163 score: -85.4190 average_last200: -142.6346 epis: 0.5019 loss: 200.9078 
episode: 689 count: 216 score: -115.7501 average_last200: -142.4253 epis: 0.5014 loss: 269.5656 
episode: 690 count: 142 score: -116.2774 average_last200: -142.4146 epis: 0.5009 loss: 172.9146 
episode: 691 count: 110 score: -129.0396 average_last200: -142.4871 epis: 0.5004 loss: 127.1709 
episode: 692 count: 165 score: -152.1506 average_last200: -142.6234 epis: 0.4999 loss: 177.5427 
episode: 693 count: 126 score: -79.8424 average_last200: -142.3311 epis: 0.4994 loss: 143.6874 
episode: 694 count: 125 score: -161.4914 average_last200: -142.6929 epis: 0.4989 loss: 159.5832 
episode: 695 count: 134 score: -234.6289 average_last200: -143.1303 epis: 0.4984 loss: 157.3194 
episode: 696 count: 131 score: -83.9871 average_last200: -142.7864 epis: 0.4979 loss: 147.2302 
episode: 697 count: 136 score: -234.4845 average_last200: -143.1599 epis: 0.4974 loss: 167.8459 
episode: 698 count: 141 score: -57.1287 average_last200: -143.0406 epis: 0.4969 loss: 187.0441 
episode: 699 count: 95 score: -176.0257 average_last200: -143.2177 epis: 0.4964 loss: 122.4860 
episode: 700 count: 103 score: -220.5327 average_last200: -143.4696 epis: 0.4959 loss: 122.1733 
episode: 701 count: 82 score: -121.6643 average_last200: -143.2764 epis: 0.4954 loss: 90.8122 
episode: 702 count: 136 score: -100.5413 average_last200: -143.1769 epis: 0.4949 loss: 165.2737 
episode: 703 count: 120 score: -17.9414 average_last200: -142.7238 epis: 0.4944 loss: 140.3253 
episode: 704 count: 183 score: -127.8486 average_last200: -141.8036 epis: 0.4939 loss: 196.6868 
episode: 705 count: 320 score: -96.2286 average_last200: -141.4407 epis: 0.4934 loss: 398.3753 
episode: 706 count: 100 score: -190.7806 average_last200: -141.9311 epis: 0.4929 loss: 102.0462 
episode: 707 count: 125 score: -60.9079 average_last200: -140.8199 epis: 0.4925 loss: 134.7406 
episode: 708 count: 193 score: -113.2938 average_last200: -140.5053 epis: 0.4920 loss: 233.6993 
episode: 709 count: 153 score: -127.0148 average_last200: -140.3977 epis: 0.4915 loss: 161.6196 
episode: 710 count: 157 score: -150.6838 average_last200: -140.6519 epis: 0.4910 loss: 202.5594 
episode: 711 count: 124 score: -247.1576 average_last200: -141.7633 epis: 0.4905 loss: 161.2349 
episode: 712 count: 138 score: -102.7423 average_last200: -140.6517 epis: 0.4900 loss: 192.5371 
episode: 713 count: 121 score: -203.3205 average_last200: -140.8777 epis: 0.4895 loss: 134.1332 
episode: 714 count: 153 score: -265.9367 average_last200: -140.6111 epis: 0.4890 loss: 214.1602 
episode: 715 count: 129 score: -45.2832 average_last200: -140.2515 epis: 0.4885 loss: 158.8992 
episode: 716 count: 130 score: -110.8767 average_last200: -139.7223 epis: 0.4880 loss: 161.8603 
episode: 717 count: 106 score: -211.2382 average_last200: -140.4774 epis: 0.4876 loss: 127.8414 
episode: 718 count: 189 score: -155.3350 average_last200: -140.5059 epis: 0.4871 loss: 250.1628 
episode: 719 count: 103 score: -207.5253 average_last200: -141.0211 epis: 0.4866 loss: 116.8160 
episode: 720 count: 139 score: -234.8186 average_last200: -141.5540 epis: 0.4861 loss: 177.2438 
episode: 721 count: 150 score: -254.4283 average_last200: -142.4687 epis: 0.4856 loss: 225.5247 
episode: 722 count: 153 score: -194.2721 average_last200: -142.2691 epis: 0.4851 loss: 205.1957 
episode: 723 count: 448 score: -123.7907 average_last200: -142.6637 epis: 0.4846 loss: 547.6374 
episode: 724 count: 151 score: -109.5449 average_last200: -142.5156 epis: 0.4841 loss: 202.8757 
episode: 725 count: 147 score: -19.3667 average_last200: -141.8925 epis: 0.4837 loss: 173.0291 
episode: 726 count: 178 score: -32.2057 average_last200: -141.3905 epis: 0.4832 loss: 226.3185 
episode: 727 count: 104 score: -207.3340 average_last200: -141.8770 epis: 0.4827 loss: 126.1671 
episode: 728 count: 154 score: -221.0850 average_last200: -142.6035 epis: 0.4822 loss: 200.2320 
episode: 729 count: 109 score: -109.7933 average_last200: -142.8933 epis: 0.4817 loss: 167.1606 
episode: 730 count: 173 score: -21.4685 average_last200: -142.6461 epis: 0.4813 loss: 237.9034 
episode: 731 count: 158 score: -75.0856 average_last200: -142.6561 epis: 0.4808 loss: 211.7111 
episode: 732 count: 97 score: -166.5536 average_last200: -141.9574 epis: 0.4803 loss: 148.6933 
episode: 733 count: 216 score: -228.0861 average_last200: -142.5816 epis: 0.4798 loss: 275.7021 
episode: 734 count: 145 score: -100.0666 average_last200: -142.6958 epis: 0.4793 loss: 194.4819 
episode: 735 count: 126 score: -68.5880 average_last200: -141.6490 epis: 0.4788 loss: 185.0929 
episode: 736 count: 109 score: -85.4510 average_last200: -141.8064 epis: 0.4784 loss: 131.3447 
episode: 737 count: 141 score: -20.5753 average_last200: -141.4940 epis: 0.4779 loss: 193.5129 
episode: 738 count: 143 score: -52.5966 average_last200: -140.1682 epis: 0.4774 loss: 175.9597 
episode: 739 count: 191 score: -46.5004 average_last200: -139.9897 epis: 0.4769 loss: 217.3290 
episode: 740 count: 175 score: -75.0248 average_last200: -138.6672 epis: 0.4765 loss: 203.4519 
episode: 741 count: 147 score: -194.1725 average_last200: -139.3583 epis: 0.4760 loss: 185.1437 
episode: 742 count: 111 score: -113.6169 average_last200: -138.8758 epis: 0.4755 loss: 125.0178 
episode: 743 count: 82 score: -141.4268 average_last200: -138.9036 epis: 0.4750 loss: 95.9721 
episode: 744 count: 140 score: -92.8876 average_last200: -138.8174 epis: 0.4746 loss: 159.9482 
episode: 745 count: 170 score: -91.6269 average_last200: -138.2553 epis: 0.4741 loss: 187.0747 
episode: 746 count: 161 score: -122.7095 average_last200: -138.1405 epis: 0.4736 loss: 196.2850 
episode: 747 count: 84 score: -142.7791 average_last200: -136.9111 epis: 0.4731 loss: 105.5896 
episode: 748 count: 119 score: -118.5297 average_last200: -136.8856 epis: 0.4727 loss: 145.4934 
episode: 749 count: 102 score: -107.7359 average_last200: -137.0234 epis: 0.4722 loss: 161.9097 
episode: 750 count: 103 score: -131.3844 average_last200: -136.2714 epis: 0.4717 loss: 132.2410 
episode: 751 count: 84 score: -89.0359 average_last200: -135.9147 epis: 0.4712 loss: 91.3777 
episode: 752 count: 103 score: -90.6654 average_last200: -135.6939 epis: 0.4708 loss: 112.7378 
episode: 753 count: 161 score: -57.5783 average_last200: -134.4076 epis: 0.4703 loss: 209.9372 
episode: 754 count: 153 score: -133.5694 average_last200: -134.0769 epis: 0.4698 loss: 203.9128 
episode: 755 count: 95 score: -110.1363 average_last200: -134.1922 epis: 0.4694 loss: 117.1102 
episode: 756 count: 158 score: -120.4457 average_last200: -134.4867 epis: 0.4689 loss: 215.6828 
episode: 757 count: 169 score: -52.0702 average_last200: -134.0158 epis: 0.4684 loss: 213.8145 
episode: 758 count: 408 score: -120.1743 average_last200: -134.2073 epis: 0.4680 loss: 574.1823 
episode: 759 count: 89 score: -186.5484 average_last200: -134.7066 epis: 0.4675 loss: 116.0206 
episode: 760 count: 123 score: -108.4871 average_last200: -134.7357 epis: 0.4670 loss: 142.8629 
episode: 761 count: 104 score: -106.5264 average_last200: -134.7255 epis: 0.4666 loss: 125.7853 
episode: 762 count: 202 score: -103.2009 average_last200: -134.7428 epis: 0.4661 loss: 231.4118 
episode: 763 count: 138 score: -61.9943 average_last200: -134.7907 epis: 0.4656 loss: 193.4885 
episode: 764 count: 76 score: -103.7785 average_last200: -134.9605 epis: 0.4652 loss: 90.0969 
episode: 765 count: 197 score: -111.7437 average_last200: -135.2867 epis: 0.4647 loss: 239.0576 
episode: 766 count: 89 score: -141.9376 average_last200: -135.6502 epis: 0.4642 loss: 123.2346 
episode: 767 count: 134 score: -89.9912 average_last200: -135.6671 epis: 0.4638 loss: 184.2755 
episode: 768 count: 102 score: -71.3930 average_last200: -135.3807 epis: 0.4633 loss: 150.2040 
episode: 769 count: 127 score: -142.9881 average_last200: -135.2157 epis: 0.4628 loss: 143.7110 
episode: 770 count: 115 score: -82.0944 average_last200: -135.3113 epis: 0.4624 loss: 137.5234 
episode: 771 count: 93 score: -127.3060 average_last200: -135.4661 epis: 0.4619 loss: 116.4491 
episode: 772 count: 91 score: -129.9850 average_last200: -135.3491 epis: 0.4614 loss: 85.5904 
episode: 773 count: 104 score: -150.4130 average_last200: -135.4485 epis: 0.4610 loss: 134.9715 
episode: 774 count: 172 score: 1.5434 average_last200: -135.0078 epis: 0.4605 loss: 222.2336 
episode: 775 count: 103 score: -91.0719 average_last200: -133.9153 epis: 0.4601 loss: 134.9073 
episode: 776 count: 109 score: -53.4154 average_last200: -132.0534 epis: 0.4596 loss: 141.5125 
episode: 777 count: 151 score: -100.1806 average_last200: -132.1166 epis: 0.4591 loss: 175.7822 
episode: 778 count: 186 score: -208.9243 average_last200: -131.6346 epis: 0.4587 loss: 228.3004 
episode: 779 count: 82 score: -101.8707 average_last200: -131.5519 epis: 0.4582 loss: 119.8667 
episode: 780 count: 169 score: -117.0450 average_last200: -130.7849 epis: 0.4578 loss: 224.0575 
episode: 781 count: 127 score: -159.3057 average_last200: -130.4687 epis: 0.4573 loss: 156.6185 
episode: 782 count: 216 score: -131.5112 average_last200: -130.5896 epis: 0.4569 loss: 268.4620 
episode: 783 count: 162 score: -134.0246 average_last200: -129.3207 epis: 0.4564 loss: 230.2899 
episode: 784 count: 98 score: -104.0067 average_last200: -128.5984 epis: 0.4559 loss: 100.7148 
episode: 785 count: 536 score: -115.9468 average_last200: -128.7723 epis: 0.4555 loss: 630.5164 
episode: 786 count: 147 score: -64.1103 average_last200: -128.6104 epis: 0.4550 loss: 150.1790 
episode: 787 count: 163 score: -206.4777 average_last200: -129.2295 epis: 0.4546 loss: 190.1336 
episode: 788 count: 95 score: -67.9345 average_last200: -129.5186 epis: 0.4541 loss: 107.6740 
episode: 789 count: 91 score: -89.7026 average_last200: -129.4178 epis: 0.4537 loss: 109.3840 
episode: 790 count: 87 score: -63.8467 average_last200: -129.1715 epis: 0.4532 loss: 100.9494 
episode: 791 count: 82 score: -127.3265 average_last200: -129.3275 epis: 0.4528 loss: 89.7184 
episode: 792 count: 168 score: -161.8061 average_last200: -129.5972 epis: 0.4523 loss: 203.9670 
episode: 793 count: 78 score: -115.1117 average_last200: -128.7603 epis: 0.4519 loss: 112.4838 
episode: 794 count: 306 score: -133.7118 average_last200: -128.5560 epis: 0.4514 loss: 365.8551 
episode: 795 count: 216 score: -116.1091 average_last200: -128.8166 epis: 0.4510 loss: 234.1553 
episode: 796 count: 120 score: -150.3052 average_last200: -129.1226 epis: 0.4505 loss: 148.1263 
episode: 797 count: 174 score: -198.0201 average_last200: -129.2037 epis: 0.4500 loss: 218.6657 
episode: 798 count: 127 score: -49.3470 average_last200: -128.9388 epis: 0.4496 loss: 154.2706 
episode: 799 count: 192 score: -83.1387 average_last200: -128.4321 epis: 0.4491 loss: 237.0985 
episode: 800 count: 104 score: -153.0901 average_last200: -128.6804 epis: 0.4487 loss: 121.1739 
episode: 801 count: 144 score: -72.3743 average_last200: -128.7057 epis: 0.4483 loss: 192.9033 
episode: 802 count: 98 score: -191.7763 average_last200: -129.0048 epis: 0.4478 loss: 115.7175 
episode: 803 count: 179 score: -205.5265 average_last200: -129.5769 epis: 0.4474 loss: 208.6400 
episode: 804 count: 101 score: -136.1352 average_last200: -128.3141 epis: 0.4469 loss: 109.3473 
episode: 805 count: 81 score: -182.8005 average_last200: -128.4870 epis: 0.4465 loss: 96.0705 
episode: 806 count: 126 score: -133.8712 average_last200: -128.8255 epis: 0.4460 loss: 182.9865 
episode: 807 count: 188 score: -154.6135 average_last200: -128.7890 epis: 0.4456 loss: 235.2600 
episode: 808 count: 149 score: -100.1338 average_last200: -128.3419 epis: 0.4451 loss: 177.3428 
episode: 809 count: 135 score: -45.0033 average_last200: -128.2986 epis: 0.4447 loss: 144.1613 
episode: 810 count: 74 score: -109.9024 average_last200: -128.5395 epis: 0.4442 loss: 75.9550 
episode: 811 count: 189 score: -99.6109 average_last200: -128.4806 epis: 0.4438 loss: 216.6203 
episode: 812 count: 102 score: -361.4812 average_last200: -129.5044 epis: 0.4433 loss: 111.9708 
episode: 813 count: 74 score: -102.0244 average_last200: -128.8212 epis: 0.4429 loss: 91.1483 
episode: 814 count: 167 score: -111.1753 average_last200: -128.7065 epis: 0.4425 loss: 200.0232 
episode: 815 count: 171 score: -186.4906 average_last200: -129.2042 epis: 0.4420 loss: 203.6606 
episode: 816 count: 285 score: -56.1299 average_last200: -128.7168 epis: 0.4416 loss: 413.7408 
episode: 817 count: 563 score: -220.9185 average_last200: -129.3620 epis: 0.4411 loss: 810.9081 
episode: 818 count: 167 score: -69.3946 average_last200: -129.1594 epis: 0.4407 loss: 245.2956 
episode: 819 count: 190 score: -39.6451 average_last200: -128.8327 epis: 0.4403 loss: 247.0741 
episode: 820 count: 367 score: -62.0857 average_last200: -128.3398 epis: 0.4398 loss: 441.1552 
episode: 821 count: 86 score: -126.7954 average_last200: -128.5922 epis: 0.4394 loss: 112.7858 
episode: 822 count: 149 score: -343.3996 average_last200: -129.8741 epis: 0.4389 loss: 185.5069 
episode: 823 count: 101 score: -62.8519 average_last200: -129.4379 epis: 0.4385 loss: 140.8504 
episode: 824 count: 102 score: -67.8497 average_last200: -129.1522 epis: 0.4381 loss: 137.6374 
episode: 825 count: 164 score: -94.0783 average_last200: -129.0212 epis: 0.4376 loss: 212.2874 
episode: 826 count: 181 score: -125.3704 average_last200: -128.6585 epis: 0.4372 loss: 212.5147 
episode: 827 count: 122 score: -108.0253 average_last200: -128.7505 epis: 0.4367 loss: 145.6616 
episode: 828 count: 189 score: -135.4441 average_last200: -129.1249 epis: 0.4363 loss: 282.4306 
episode: 829 count: 109 score: -65.7332 average_last200: -129.0516 epis: 0.4359 loss: 137.2126 
episode: 830 count: 225 score: -42.2307 average_last200: -127.9183 epis: 0.4354 loss: 308.1956 
episode: 831 count: 122 score: -138.0975 average_last200: -128.2157 epis: 0.4350 loss: 142.0126 
episode: 832 count: 192 score: -84.2242 average_last200: -128.0283 epis: 0.4346 loss: 245.3872 
episode: 833 count: 100 score: -107.2508 average_last200: -127.7279 epis: 0.4341 loss: 105.3783 
episode: 834 count: 212 score: -50.0664 average_last200: -127.6293 epis: 0.4337 loss: 263.1460 
episode: 835 count: 163 score: -88.3106 average_last200: -127.2794 epis: 0.4333 loss: 181.9025 
episode: 836 count: 166 score: -55.2936 average_last200: -126.9583 epis: 0.4328 loss: 187.6386 
episode: 837 count: 182 score: -132.6553 average_last200: -126.3233 epis: 0.4324 loss: 195.7005 
episode: 838 count: 380 score: -95.8654 average_last200: -126.3173 epis: 0.4320 loss: 454.8227 
episode: 839 count: 559 score: -91.4743 average_last200: -126.2278 epis: 0.4315 loss: 586.3214 
episode: 840 count: 149 score: -76.9900 average_last200: -126.0005 epis: 0.4311 loss: 172.4037 
episode: 841 count: 163 score: -141.4775 average_last200: -126.0532 epis: 0.4307 loss: 176.2342 
episode: 842 count: 110 score: -104.1191 average_last200: -126.0563 epis: 0.4302 loss: 123.0744 
episode: 843 count: 793 score: -410.4218 average_last200: -127.5121 epis: 0.4298 loss: 881.9057 
episode: 844 count: 309 score: -71.7350 average_last200: -126.4447 epis: 0.4294 loss: 343.3669 
episode: 845 count: 206 score: -102.1950 average_last200: -126.5639 epis: 0.4289 loss: 207.8924 
episode: 846 count: 801 score: -139.4012 average_last200: -126.8489 epis: 0.4285 loss: 868.8424 
episode: 847 count: 144 score: -280.7726 average_last200: -127.8518 epis: 0.4281 loss: 135.2569 
episode: 848 count: 115 score: -86.0082 average_last200: -127.4610 epis: 0.4277 loss: 109.8755 
episode: 849 count: 190 score: -49.4539 average_last200: -127.0020 epis: 0.4272 loss: 199.7528 
episode: 850 count: 142 score: -344.8178 average_last200: -128.1708 epis: 0.4268 loss: 150.9547 
episode: 851 count: 144 score: -82.2155 average_last200: -127.9842 epis: 0.4264 loss: 161.6174 
episode: 852 count: 419 score: -124.8549 average_last200: -127.8614 epis: 0.4260 loss: 456.2467 
episode: 853 count: 225 score: -198.9924 average_last200: -127.9860 epis: 0.4255 loss: 238.4843 
episode: 854 count: 375 score: -465.4880 average_last200: -129.3401 epis: 0.4251 loss: 403.5148 
episode: 855 count: 123 score: -152.0695 average_last200: -129.0418 epis: 0.4247 loss: 118.9937 
episode: 856 count: 435 score: -189.5091 average_last200: -129.3176 epis: 0.4243 loss: 438.5294 
episode: 857 count: 136 score: -84.6542 average_last200: -129.2602 epis: 0.4238 loss: 129.8387 
episode: 858 count: 399 score: -172.8913 average_last200: -129.7998 epis: 0.4234 loss: 420.6731 
episode: 859 count: 315 score: -240.7937 average_last200: -130.1817 epis: 0.4230 loss: 328.3525 
episode: 860 count: 117 score: -80.7471 average_last200: -130.0083 epis: 0.4226 loss: 125.1358 
episode: 861 count: 143 score: -72.5260 average_last200: -129.5357 epis: 0.4221 loss: 134.4496 
episode: 862 count: 129 score: -151.7828 average_last200: -129.3276 epis: 0.4217 loss: 130.2512 
episode: 863 count: 144 score: -60.3386 average_last200: -129.2217 epis: 0.4213 loss: 165.8641 
episode: 864 count: 104 score: -92.2612 average_last200: -129.3042 epis: 0.4209 loss: 99.7207 
episode: 865 count: 208 score: -24.8567 average_last200: -128.9618 epis: 0.4204 loss: 238.8448 
episode: 866 count: 225 score: -52.1972 average_last200: -128.3579 epis: 0.4200 loss: 278.8990 
episode: 867 count: 138 score: -138.0729 average_last200: -128.2508 epis: 0.4196 loss: 188.2971 
episode: 868 count: 156 score: -258.4628 average_last200: -128.8056 epis: 0.4192 loss: 182.5677 
episode: 869 count: 185 score: -40.3181 average_last200: -128.2059 epis: 0.4188 loss: 190.2594 
episode: 870 count: 159 score: -195.7601 average_last200: -128.1543 epis: 0.4184 loss: 164.5832 
episode: 871 count: 203 score: -116.2768 average_last200: -128.0693 epis: 0.4179 loss: 199.1897 
episode: 872 count: 270 score: -187.9130 average_last200: -128.2044 epis: 0.4175 loss: 271.1616 
episode: 873 count: 145 score: -276.7266 average_last200: -129.2216 epis: 0.4171 loss: 150.6743 
episode: 874 count: 456 score: -385.5220 average_last200: -130.5020 epis: 0.4167 loss: 442.6202 
episode: 875 count: 136 score: -286.4276 average_last200: -130.8659 epis: 0.4163 loss: 124.7448 
episode: 876 count: 168 score: -221.5745 average_last200: -131.4405 epis: 0.4158 loss: 163.1024 
episode: 877 count: 155 score: -57.3986 average_last200: -131.4165 epis: 0.4154 loss: 149.4739 
episode: 878 count: 158 score: -179.7280 average_last200: -131.5957 epis: 0.4150 loss: 164.5056 
episode: 879 count: 273 score: -314.1768 average_last200: -132.5022 epis: 0.4146 loss: 266.0332 
episode: 880 count: 99 score: -115.5321 average_last200: -131.6738 epis: 0.4142 loss: 98.9702 
episode: 881 count: 196 score: -269.2520 average_last200: -132.1601 epis: 0.4138 loss: 197.3564 
episode: 882 count: 102 score: -80.9498 average_last200: -131.8755 epis: 0.4134 loss: 96.4813 
episode: 883 count: 106 score: -368.9912 average_last200: -132.6919 epis: 0.4129 loss: 105.3894 
episode: 884 count: 151 score: -126.2116 average_last200: -133.1166 epis: 0.4125 loss: 132.4267 
episode: 885 count: 90 score: -428.8750 average_last200: -134.5820 epis: 0.4121 loss: 101.8521 
episode: 886 count: 147 score: -113.9873 average_last200: -134.3247 epis: 0.4117 loss: 153.4802 
episode: 887 count: 188 score: -78.5136 average_last200: -133.7240 epis: 0.4113 loss: 189.0382 
episode: 888 count: 110 score: -62.5388 average_last200: -133.6096 epis: 0.4109 loss: 100.2945 
episode: 889 count: 100 score: -84.6808 average_last200: -133.4542 epis: 0.4105 loss: 99.8309 
episode: 890 count: 187 score: -177.0283 average_last200: -133.7580 epis: 0.4101 loss: 178.3502 
episode: 891 count: 145 score: -85.8043 average_last200: -133.5418 epis: 0.4097 loss: 139.1998 
episode: 892 count: 190 score: -90.1919 average_last200: -133.2320 epis: 0.4092 loss: 187.5908 
episode: 893 count: 168 score: -181.7039 average_last200: -133.7413 epis: 0.4088 loss: 181.0704 
episode: 894 count: 135 score: -147.9413 average_last200: -133.6736 epis: 0.4084 loss: 132.6037 
episode: 895 count: 208 score: -117.5541 average_last200: -133.0882 epis: 0.4080 loss: 205.3865 
episode: 896 count: 101 score: -240.9390 average_last200: -133.8730 epis: 0.4076 loss: 124.1594 
episode: 897 count: 172 score: -76.0869 average_last200: -133.0810 epis: 0.4072 loss: 182.4443 
episode: 898 count: 191 score: -290.9355 average_last200: -134.2500 epis: 0.4068 loss: 214.6980 
episode: 899 count: 139 score: -288.2650 average_last200: -134.8112 epis: 0.4064 loss: 142.5349 
episode: 900 count: 120 score: -281.4795 average_last200: -135.1159 epis: 0.4060 loss: 132.4910 
episode: 901 count: 102 score: -383.8912 average_last200: -136.4271 epis: 0.4056 loss: 108.9599 
episode: 902 count: 98 score: -275.9644 average_last200: -137.3042 epis: 0.4052 loss: 108.7374 
episode: 903 count: 114 score: -272.8591 average_last200: -138.5788 epis: 0.4048 loss: 120.1257 
episode: 904 count: 430 score: -148.1916 average_last200: -138.6805 epis: 0.4044 loss: 525.4899 
episode: 905 count: 115 score: -352.0466 average_last200: -139.9596 epis: 0.4040 loss: 116.8833 
episode: 906 count: 224 score: -66.0256 average_last200: -139.3358 epis: 0.4036 loss: 226.6734 
episode: 907 count: 112 score: -410.9985 average_last200: -141.0863 epis: 0.4031 loss: 118.9004 
episode: 908 count: 166 score: -255.9487 average_last200: -141.7995 epis: 0.4027 loss: 195.1242 
episode: 909 count: 86 score: -118.7677 average_last200: -141.7583 epis: 0.4023 loss: 110.4620 
episode: 910 count: 223 score: -323.4898 average_last200: -142.6223 epis: 0.4019 loss: 229.4967 
episode: 911 count: 107 score: -277.6867 average_last200: -142.7750 epis: 0.4015 loss: 100.5286 
episode: 912 count: 101 score: -70.5242 average_last200: -142.6139 epis: 0.4011 loss: 101.8015 
episode: 913 count: 135 score: -57.1270 average_last200: -141.8829 epis: 0.4007 loss: 139.8841 
episode: 914 count: 352 score: -362.0225 average_last200: -142.3633 epis: 0.4003 loss: 410.9090 
episode: 915 count: 131 score: -304.1402 average_last200: -143.6576 epis: 0.3999 loss: 156.6781 
episode: 916 count: 198 score: -176.5307 average_last200: -143.9859 epis: 0.3995 loss: 183.2464 
episode: 917 count: 219 score: -410.6435 average_last200: -144.9829 epis: 0.3991 loss: 234.2216 
episode: 918 count: 130 score: -148.4065 average_last200: -144.9483 epis: 0.3987 loss: 136.8500 
episode: 919 count: 462 score: -276.2681 average_last200: -145.2920 epis: 0.3983 loss: 546.0773 
episode: 920 count: 121 score: -62.4241 average_last200: -144.4300 epis: 0.3979 loss: 181.7428 
episode: 921 count: 361 score: -418.0678 average_last200: -145.2482 epis: 0.3975 loss: 409.2657 
episode: 922 count: 149 score: -122.9369 average_last200: -144.8915 epis: 0.3971 loss: 173.5120 
episode: 923 count: 259 score: -300.0266 average_last200: -145.7727 epis: 0.3967 loss: 308.8864 
episode: 924 count: 173 score: -285.2577 average_last200: -146.6513 epis: 0.3963 loss: 210.6271 
episode: 925 count: 116 score: -389.8652 average_last200: -148.5038 epis: 0.3960 loss: 142.3402 
episode: 926 count: 95 score: -321.0230 average_last200: -149.9479 epis: 0.3956 loss: 109.7187 
episode: 927 count: 147 score: -318.4983 average_last200: -150.5037 epis: 0.3952 loss: 170.2880 
episode: 928 count: 119 score: -405.5093 average_last200: -151.4258 epis: 0.3948 loss: 129.6549 
episode: 929 count: 148 score: -339.9502 average_last200: -152.5766 epis: 0.3944 loss: 174.0119 
episode: 930 count: 153 score: -36.6128 average_last200: -152.6523 epis: 0.3940 loss: 158.1832 
episode: 931 count: 222 score: -277.1862 average_last200: -153.6628 epis: 0.3936 loss: 233.4134 
episode: 932 count: 83 score: -358.5250 average_last200: -154.6227 epis: 0.3932 loss: 99.5393 
episode: 933 count: 211 score: -57.3818 average_last200: -153.7691 epis: 0.3928 loss: 238.6595 
episode: 934 count: 427 score: -88.2866 average_last200: -153.7102 epis: 0.3924 loss: 474.2379 
episode: 935 count: 161 score: -223.6296 average_last200: -154.4855 epis: 0.3920 loss: 188.0801 
episode: 936 count: 100 score: -254.3387 average_last200: -155.3299 epis: 0.3916 loss: 109.5573 
episode: 937 count: 136 score: -323.6882 average_last200: -156.8455 epis: 0.3912 loss: 143.6726 
episode: 938 count: 138 score: -308.6914 average_last200: -158.1259 epis: 0.3908 loss: 160.5740 
episode: 939 count: 147 score: -21.5161 average_last200: -158.0010 epis: 0.3904 loss: 178.7526 
episode: 940 count: 108 score: -223.5705 average_last200: -158.7437 epis: 0.3901 loss: 106.4895 
episode: 941 count: 57 score: -125.4553 average_last200: -158.4002 epis: 0.3897 loss: 69.8867 
episode: 942 count: 429 score: -332.4565 average_last200: -159.4944 epis: 0.3893 loss: 473.9292 
episode: 943 count: 166 score: -220.8702 average_last200: -159.8916 epis: 0.3889 loss: 222.6486 
episode: 944 count: 196 score: -39.5173 average_last200: -159.6247 epis: 0.3885 loss: 263.6175 
episode: 945 count: 227 score: -152.4556 average_last200: -159.9289 epis: 0.3881 loss: 327.7912 
episode: 946 count: 107 score: -195.0535 average_last200: -160.2906 epis: 0.3877 loss: 105.3936 
episode: 947 count: 160 score: -216.1709 average_last200: -160.6575 epis: 0.3873 loss: 174.3032 
episode: 948 count: 126 score: -294.2560 average_last200: -161.5362 epis: 0.3869 loss: 135.2675 
episode: 949 count: 337 score: -302.4244 average_last200: -162.5096 epis: 0.3866 loss: 298.2150 
episode: 950 count: 126 score: -281.9050 average_last200: -163.2622 epis: 0.3862 loss: 109.3412 
episode: 951 count: 180 score: -277.5388 average_last200: -164.2047 epis: 0.3858 loss: 149.7439 
episode: 952 count: 234 score: -144.7100 average_last200: -164.4750 epis: 0.3854 loss: 239.2278 
episode: 953 count: 283 score: -490.4973 average_last200: -166.6396 epis: 0.3850 loss: 266.2097 
episode: 954 count: 218 score: -247.3391 average_last200: -167.2084 epis: 0.3846 loss: 217.9979 
episode: 955 count: 98 score: -331.6741 average_last200: -168.3161 epis: 0.3842 loss: 90.7098 
episode: 956 count: 341 score: -239.5193 average_last200: -168.9115 epis: 0.3839 loss: 331.9614 
episode: 957 count: 110 score: -440.2251 average_last200: -170.8522 epis: 0.3835 loss: 112.5827 
episode: 958 count: 157 score: -472.8357 average_last200: -172.6155 epis: 0.3831 loss: 146.2190 
episode: 959 count: 100 score: -274.0753 average_last200: -173.0532 epis: 0.3827 loss: 84.6382 
episode: 960 count: 271 score: -243.4842 average_last200: -173.7282 epis: 0.3823 loss: 256.5058 
episode: 961 count: 176 score: -126.7850 average_last200: -173.8295 epis: 0.3819 loss: 164.4282 
episode: 962 count: 665 score: -565.8814 average_last200: -176.1429 epis: 0.3816 loss: 622.0124 
episode: 963 count: 152 score: -258.9110 average_last200: -177.1274 epis: 0.3812 loss: 139.8557 
episode: 964 count: 180 score: -303.3618 average_last200: -178.1254 epis: 0.3808 loss: 169.0767 
episode: 965 count: 167 score: -503.4771 average_last200: -180.0840 epis: 0.3804 loss: 145.2256 
episode: 966 count: 201 score: -192.1466 average_last200: -180.3351 epis: 0.3800 loss: 180.9531 
episode: 967 count: 98 score: -104.4745 average_last200: -180.4075 epis: 0.3797 loss: 88.7591 
episode: 968 count: 122 score: -335.8864 average_last200: -181.7299 epis: 0.3793 loss: 105.3302 
episode: 969 count: 195 score: -369.1617 average_last200: -182.8608 epis: 0.3789 loss: 172.7122 
episode: 970 count: 177 score: -587.4304 average_last200: -185.3875 epis: 0.3785 loss: 147.6182 
episode: 971 count: 343 score: -594.2841 average_last200: -187.7224 epis: 0.3781 loss: 333.1569 
episode: 972 count: 106 score: -91.3788 average_last200: -187.5294 epis: 0.3778 loss: 86.4625 
episode: 973 count: 170 score: -209.0084 average_last200: -187.8223 epis: 0.3774 loss: 150.4141 
episode: 974 count: 151 score: -317.7164 average_last200: -189.4186 epis: 0.3770 loss: 140.4216 
episode: 975 count: 194 score: -324.5928 average_last200: -190.5862 epis: 0.3766 loss: 164.3550 
episode: 976 count: 115 score: -492.6208 average_last200: -192.7823 epis: 0.3763 loss: 100.3331 
episode: 977 count: 123 score: -226.9439 average_last200: -193.4161 epis: 0.3759 loss: 115.4700 
episode: 978 count: 158 score: -335.6241 average_last200: -194.0496 epis: 0.3755 loss: 149.7453 
episode: 979 count: 123 score: -273.3839 average_last200: -194.9071 epis: 0.3751 loss: 125.7658 
episode: 980 count: 191 score: -185.1039 average_last200: -195.2474 epis: 0.3748 loss: 173.0516 
episode: 981 count: 233 score: -215.5248 average_last200: -195.5285 epis: 0.3744 loss: 243.9328 
episode: 982 count: 105 score: -197.9345 average_last200: -195.8607 epis: 0.3740 loss: 106.1020 
episode: 983 count: 328 score: -170.6052 average_last200: -196.0436 epis: 0.3736 loss: 350.0589 
episode: 984 count: 172 score: -331.4839 average_last200: -197.1809 epis: 0.3733 loss: 190.5679 
episode: 985 count: 163 score: -240.0028 average_last200: -197.8012 epis: 0.3729 loss: 173.2548 
episode: 986 count: 153 score: -317.9586 average_last200: -199.0705 epis: 0.3725 loss: 150.1434 
episode: 987 count: 164 score: -234.3509 average_last200: -199.2098 epis: 0.3721 loss: 181.2815 
episode: 988 count: 110 score: -368.5313 average_last200: -200.7128 epis: 0.3718 loss: 108.5263 
episode: 989 count: 257 score: -157.8838 average_last200: -201.0537 epis: 0.3714 loss: 275.3592 
episode: 990 count: 84 score: -114.9634 average_last200: -201.3093 epis: 0.3710 loss: 94.1850 
episode: 991 count: 152 score: -181.0931 average_last200: -201.5781 epis: 0.3707 loss: 183.7849 
episode: 992 count: 307 score: -892.0274 average_last200: -205.2292 epis: 0.3703 loss: 327.7314 
episode: 993 count: 219 score: -386.1064 average_last200: -206.5842 epis: 0.3699 loss: 229.8270 
episode: 994 count: 284 score: -770.6760 average_last200: -209.7690 epis: 0.3695 loss: 279.8466 
episode: 995 count: 258 score: -376.5313 average_last200: -211.0711 epis: 0.3692 loss: 239.6528 
episode: 996 count: 139 score: -302.5959 average_last200: -211.8326 epis: 0.3688 loss: 133.3408 
episode: 997 count: 917 score: -664.9241 average_last200: -214.1671 epis: 0.3684 loss: 885.9280 
episode: 998 count: 215 score: -311.1381 average_last200: -215.4761 epis: 0.3681 loss: 200.0946 
episode: 999 count: 402 score: -360.6510 average_last200: -216.8636 epis: 0.3677 loss: 398.4028 
