[33mWARN: gym.spaces.Box autodetected dtype as <class 'numpy.float32'>. Please provide explicit dtype.[0m
All para: Epis 1000 memlen 100000 gamma 0.990 epsilon 0.988 alpha 0.00500 batch 30 upfreq 500
episode: 0 count: 103 score: -201.7553 average_last200: -201.7553 epis: 0.9880 loss: 0.0000 
episode: 1 count: 84 score: -166.6921 average_last200: -184.2237 epis: 0.9761 loss: 0.0000 
episode: 2 count: 129 score: -105.3876 average_last200: -157.9450 epis: 0.9644 loss: 0.0000 
episode: 3 count: 62 score: -142.0984 average_last200: -153.9833 epis: 0.9529 loss: 0.0000 
episode: 4 count: 114 score: -203.0116 average_last200: -163.7890 epis: 0.9414 loss: 0.0000 
episode: 5 count: 86 score: -407.0033 average_last200: -204.3247 epis: 0.9301 loss: 0.0000 
episode: 6 count: 138 score: -155.8508 average_last200: -197.3999 epis: 0.9190 loss: 0.0000 
episode: 7 count: 104 score: -219.5112 average_last200: -200.1638 epis: 0.9079 loss: 0.0000 
episode: 8 count: 104 score: -176.0612 average_last200: -197.4857 epis: 0.8970 loss: 0.0000 
episode: 9 count: 107 score: -152.6006 average_last200: -192.9972 epis: 0.8863 loss: 14.8262 
episode: 10 count: 90 score: -90.9359 average_last200: -183.7189 epis: 0.8756 loss: 27.7836 
episode: 11 count: 122 score: -215.2742 average_last200: -186.3485 epis: 0.8651 loss: 46.2386 
episode: 12 count: 116 score: -160.7568 average_last200: -184.3799 epis: 0.8548 loss: 32.1876 
episode: 13 count: 129 score: -99.5945 average_last200: -178.3238 epis: 0.8445 loss: 35.5417 
episode: 14 count: 80 score: -218.8309 average_last200: -181.0243 epis: 0.8344 loss: 28.0507 
episode: 15 count: 94 score: -93.9530 average_last200: -175.5823 epis: 0.8243 loss: 28.7456 
episode: 16 count: 109 score: -176.0271 average_last200: -175.6085 epis: 0.8145 loss: 31.7642 
episode: 17 count: 109 score: -176.7960 average_last200: -175.6745 epis: 0.8047 loss: 26.0597 
episode: 18 count: 122 score: -203.7373 average_last200: -177.1515 epis: 0.7950 loss: 31.4310 
episode: 19 count: 96 score: -145.1450 average_last200: -175.5511 epis: 0.7855 loss: 31.7091 
episode: 20 count: 162 score: -120.2882 average_last200: -172.9196 epis: 0.7761 loss: 45.5152 
episode: 21 count: 136 score: -208.3506 average_last200: -174.5301 epis: 0.7667 loss: 34.8624 
episode: 22 count: 213 score: -161.9138 average_last200: -173.9815 epis: 0.7575 loss: 51.5154 
episode: 23 count: 79 score: -119.7815 average_last200: -171.7232 epis: 0.7485 loss: 14.8752 
episode: 24 count: 163 score: -142.1909 average_last200: -170.5419 epis: 0.7395 loss: 49.4402 
episode: 25 count: 89 score: -144.9480 average_last200: -169.5575 epis: 0.7306 loss: 26.3264 
episode: 26 count: 63 score: -170.8708 average_last200: -169.6062 epis: 0.7218 loss: 16.9542 
episode: 27 count: 136 score: -136.8655 average_last200: -168.4369 epis: 0.7132 loss: 37.3574 
episode: 28 count: 115 score: -132.5333 average_last200: -167.1988 epis: 0.7046 loss: 32.5977 
episode: 29 count: 94 score: -132.6540 average_last200: -166.0473 epis: 0.6962 loss: 25.2265 
episode: 30 count: 159 score: -171.1017 average_last200: -166.2104 epis: 0.6878 loss: 39.0919 
episode: 31 count: 125 score: -229.2532 average_last200: -168.1804 epis: 0.6796 loss: 30.3808 
episode: 32 count: 137 score: -76.5970 average_last200: -165.4052 epis: 0.6714 loss: 34.6412 
episode: 33 count: 158 score: -141.4251 average_last200: -164.6999 epis: 0.6633 loss: 44.5973 
episode: 34 count: 107 score: -256.0991 average_last200: -167.3113 epis: 0.6554 loss: 34.5908 
episode: 35 count: 133 score: -114.7468 average_last200: -165.8512 epis: 0.6475 loss: 39.5388 
episode: 36 count: 136 score: -163.4445 average_last200: -165.7861 epis: 0.6397 loss: 37.4028 
episode: 37 count: 177 score: -169.9329 average_last200: -165.8953 epis: 0.6321 loss: 51.4916 
episode: 38 count: 124 score: -116.4348 average_last200: -164.6270 epis: 0.6245 loss: 41.4852 
episode: 39 count: 147 score: -136.8312 average_last200: -163.9321 epis: 0.6170 loss: 44.7342 
episode: 40 count: 169 score: -93.6634 average_last200: -162.2183 epis: 0.6096 loss: 43.1835 
episode: 41 count: 133 score: -100.5174 average_last200: -160.7492 epis: 0.6023 loss: 41.5941 
episode: 42 count: 278 score: -77.7450 average_last200: -158.8189 epis: 0.5950 loss: 86.2065 
episode: 43 count: 149 score: -131.6035 average_last200: -158.2003 epis: 0.5879 loss: 39.2344 
episode: 44 count: 88 score: -140.5360 average_last200: -157.8078 epis: 0.5808 loss: 25.1191 
episode: 45 count: 145 score: -131.3278 average_last200: -157.2321 epis: 0.5739 loss: 41.3946 
episode: 46 count: 135 score: -116.6300 average_last200: -156.3683 epis: 0.5670 loss: 35.2791 
episode: 47 count: 122 score: -67.7667 average_last200: -154.5224 epis: 0.5602 loss: 34.6532 
episode: 48 count: 95 score: -116.2707 average_last200: -153.7418 epis: 0.5535 loss: 25.4927 
episode: 49 count: 233 score: -28.3823 average_last200: -151.2346 epis: 0.5468 loss: 58.7023 
episode: 50 count: 253 score: -67.4006 average_last200: -149.5908 epis: 0.5403 loss: 62.6375 
episode: 51 count: 223 score: -80.2974 average_last200: -148.2582 epis: 0.5338 loss: 55.1110 
episode: 52 count: 141 score: -59.5479 average_last200: -146.5844 epis: 0.5274 loss: 29.3522 
episode: 53 count: 125 score: -94.2810 average_last200: -145.6158 epis: 0.5210 loss: 30.4445 
episode: 54 count: 385 score: -57.1188 average_last200: -144.0068 epis: 0.5148 loss: 113.9765 
episode: 55 count: 171 score: -7.2571 average_last200: -141.5648 epis: 0.5086 loss: 45.7524 
episode: 56 count: 155 score: -98.3113 average_last200: -140.8060 epis: 0.5025 loss: 41.5774 
episode: 57 count: 193 score: -65.8110 average_last200: -139.5130 epis: 0.4965 loss: 48.4074 
episode: 58 count: 101 score: -13.2470 average_last200: -137.3729 epis: 0.4905 loss: 27.2506 
episode: 59 count: 504 score: -56.5346 average_last200: -136.0256 epis: 0.4846 loss: 143.5228 
episode: 60 count: 384 score: -108.4434 average_last200: -135.5734 epis: 0.4788 loss: 108.8347 
episode: 61 count: 168 score: -45.6843 average_last200: -134.1236 epis: 0.4731 loss: 43.3923 
episode: 62 count: 1000 score: 15.6324 average_last200: -131.7465 epis: 0.4674 loss: 297.9985 
episode: 63 count: 158 score: -27.4316 average_last200: -130.1166 epis: 0.4618 loss: 47.4200 
episode: 64 count: 208 score: -58.2627 average_last200: -129.0112 epis: 0.4562 loss: 59.2522 
episode: 65 count: 111 score: -69.3881 average_last200: -128.1078 epis: 0.4508 loss: 31.7940 
episode: 66 count: 509 score: -48.5887 average_last200: -126.9209 epis: 0.4454 loss: 137.0766 
episode: 67 count: 117 score: -124.7840 average_last200: -126.8895 epis: 0.4400 loss: 33.8847 
episode: 68 count: 216 score: -44.7093 average_last200: -125.6985 epis: 0.4347 loss: 58.0898 
episode: 69 count: 514 score: -79.0067 average_last200: -125.0315 epis: 0.4295 loss: 142.5688 
episode: 70 count: 323 score: -20.8336 average_last200: -123.5639 epis: 0.4244 loss: 88.3856 
episode: 71 count: 381 score: -111.8045 average_last200: -123.4006 epis: 0.4193 loss: 100.9037 
episode: 72 count: 592 score: -197.6135 average_last200: -124.4172 epis: 0.4142 loss: 159.0255 
episode: 73 count: 312 score: -36.9354 average_last200: -123.2350 epis: 0.4093 loss: 80.7402 
episode: 74 count: 147 score: -120.4261 average_last200: -123.1975 epis: 0.4044 loss: 37.9541 
episode: 75 count: 1000 score: -60.3529 average_last200: -122.3706 epis: 0.3995 loss: 257.3364 
episode: 76 count: 140 score: -11.9119 average_last200: -120.9361 epis: 0.3947 loss: 38.8139 
episode: 77 count: 1000 score: 51.4534 average_last200: -118.7260 epis: 0.3900 loss: 258.8454 
episode: 78 count: 227 score: -207.3943 average_last200: -119.8484 epis: 0.3853 loss: 60.0040 
episode: 79 count: 1000 score: 53.7668 average_last200: -117.6782 epis: 0.3807 loss: 273.3266 
episode: 80 count: 1000 score: 59.1815 average_last200: -115.4947 epis: 0.3761 loss: 269.2953 
episode: 81 count: 114 score: -56.2663 average_last200: -114.7724 epis: 0.3716 loss: 33.9438 
episode: 82 count: 1000 score: 36.6147 average_last200: -112.9485 epis: 0.3671 loss: 277.5242 
episode: 83 count: 1000 score: 64.3670 average_last200: -110.8376 epis: 0.3627 loss: 277.2586 
episode: 84 count: 1000 score: -41.3483 average_last200: -110.0201 epis: 0.3584 loss: 329.8893 
episode: 85 count: 189 score: -129.6728 average_last200: -110.2486 epis: 0.3541 loss: 61.3077 
episode: 86 count: 1000 score: 20.5134 average_last200: -108.7456 epis: 0.3498 loss: 315.6188 
episode: 87 count: 153 score: -66.8489 average_last200: -108.2695 epis: 0.3456 loss: 45.1312 
episode: 88 count: 92 score: -97.1654 average_last200: -108.1447 epis: 0.3415 loss: 25.2563 
episode: 89 count: 119 score: -224.2205 average_last200: -109.4344 epis: 0.3374 loss: 39.2189 
episode: 90 count: 130 score: -53.6335 average_last200: -108.8212 epis: 0.3333 loss: 43.3045 
episode: 91 count: 1000 score: 51.2963 average_last200: -107.0808 epis: 0.3293 loss: 326.5806 
episode: 92 count: 93 score: -56.9953 average_last200: -106.5423 epis: 0.3254 loss: 33.5009 
episode: 93 count: 169 score: -73.2946 average_last200: -106.1886 epis: 0.3215 loss: 57.0567 
episode: 94 count: 663 score: -261.1622 average_last200: -107.8199 epis: 0.3176 loss: 213.0681 
episode: 95 count: 163 score: -8.0346 average_last200: -106.7804 epis: 0.3138 loss: 53.8271 
episode: 96 count: 1000 score: 87.3500 average_last200: -104.7791 epis: 0.3100 loss: 334.4236 
episode: 97 count: 1000 score: 77.5557 average_last200: -102.9185 epis: 0.3063 loss: 317.5724 
episode: 98 count: 173 score: -121.4472 average_last200: -103.1057 epis: 0.3026 loss: 54.0310 
episode: 99 count: 146 score: -16.7052 average_last200: -102.2417 epis: 0.2990 loss: 42.3243 
episode: 100 count: 1000 score: 126.6387 average_last200: -99.9756 epis: 0.2954 loss: 288.8646 
episode: 101 count: 1000 score: 20.0398 average_last200: -98.7989 epis: 0.2919 loss: 304.9491 
episode: 102 count: 140 score: -12.6790 average_last200: -97.9628 epis: 0.2884 loss: 36.9918 
episode: 103 count: 70 score: -47.8800 average_last200: -97.4813 epis: 0.2849 loss: 21.3754 
episode: 104 count: 89 score: -45.8345 average_last200: -96.9894 epis: 0.2815 loss: 30.0102 
episode: 105 count: 77 score: -46.1014 average_last200: -96.5093 epis: 0.2781 loss: 19.4458 
episode: 106 count: 146 score: -23.1628 average_last200: -95.8238 epis: 0.2748 loss: 38.6712 
episode: 107 count: 1000 score: 54.1024 average_last200: -94.4356 epis: 0.2715 loss: 296.5326 
episode: 108 count: 144 score: -59.5999 average_last200: -94.1160 epis: 0.2682 loss: 46.2873 
episode: 109 count: 97 score: -20.8572 average_last200: -93.4500 epis: 0.2650 loss: 27.2292 
episode: 110 count: 1000 score: 113.1523 average_last200: -91.5888 epis: 0.2618 loss: 300.4532 
episode: 111 count: 1000 score: 55.0218 average_last200: -90.2797 epis: 0.2587 loss: 320.2887 
episode: 112 count: 1000 score: 18.7084 average_last200: -89.3152 epis: 0.2556 loss: 311.6605 
episode: 113 count: 130 score: -54.0655 average_last200: -89.0060 epis: 0.2525 loss: 42.5086 
episode: 114 count: 189 score: -56.9184 average_last200: -88.7270 epis: 0.2495 loss: 60.4596 
episode: 115 count: 129 score: -6.7575 average_last200: -88.0204 epis: 0.2465 loss: 34.8877 
episode: 116 count: 111 score: 22.8284 average_last200: -87.0729 epis: 0.2435 loss: 32.8646 
episode: 117 count: 135 score: -8.3828 average_last200: -86.4061 epis: 0.2406 loss: 43.4423 
episode: 118 count: 1000 score: 41.7589 average_last200: -85.3291 epis: 0.2377 loss: 325.7903 
episode: 119 count: 127 score: -55.2576 average_last200: -85.0785 epis: 0.2349 loss: 37.3965 
episode: 120 count: 100 score: -40.1825 average_last200: -84.7074 epis: 0.2321 loss: 39.7262 
episode: 121 count: 418 score: 225.1029 average_last200: -82.1680 epis: 0.2293 loss: 121.0392 
episode: 122 count: 94 score: -61.4457 average_last200: -81.9995 epis: 0.2265 loss: 26.3990 
episode: 123 count: 617 score: 153.8892 average_last200: -80.0972 epis: 0.2238 loss: 177.3559 
episode: 124 count: 107 score: -93.3396 average_last200: -80.2031 epis: 0.2211 loss: 32.3896 
episode: 125 count: 1000 score: 48.1923 average_last200: -79.1841 epis: 0.2185 loss: 281.2230 
episode: 126 count: 1000 score: 111.6647 average_last200: -77.6814 epis: 0.2158 loss: 293.8836 
episode: 127 count: 112 score: -3.7784 average_last200: -77.1040 epis: 0.2132 loss: 32.1494 
episode: 128 count: 283 score: 238.4852 average_last200: -74.6576 epis: 0.2107 loss: 83.6525 
episode: 129 count: 112 score: -84.2635 average_last200: -74.7315 epis: 0.2082 loss: 35.6212 
episode: 130 count: 135 score: -25.6957 average_last200: -74.3572 epis: 0.2057 loss: 41.5355 
episode: 131 count: 104 score: -25.0118 average_last200: -73.9833 epis: 0.2032 loss: 27.1847 
episode: 132 count: 1000 score: 100.6202 average_last200: -72.6705 epis: 0.2008 loss: 298.1372 
episode: 133 count: 275 score: -47.2915 average_last200: -72.4811 epis: 0.1983 loss: 80.3023 
episode: 134 count: 107 score: -31.1414 average_last200: -72.1749 epis: 0.1960 loss: 32.4917 
episode: 135 count: 1000 score: 114.0431 average_last200: -70.8056 epis: 0.1936 loss: 299.1466 
episode: 136 count: 113 score: -16.0922 average_last200: -70.4063 epis: 0.1913 loss: 33.8049 
episode: 137 count: 1000 score: 90.0278 average_last200: -69.2437 epis: 0.1890 loss: 287.2482 
episode: 138 count: 531 score: 207.8880 average_last200: -67.2500 epis: 0.1867 loss: 146.5449 
episode: 139 count: 548 score: 191.0007 average_last200: -65.4053 epis: 0.1845 loss: 153.3829 
episode: 140 count: 79 score: 2.8192 average_last200: -64.9215 epis: 0.1823 loss: 21.1552 
episode: 141 count: 231 score: -7.0587 average_last200: -64.5140 epis: 0.1801 loss: 67.5372 
episode: 142 count: 481 score: 201.4877 average_last200: -62.6538 epis: 0.1779 loss: 134.0143 
episode: 143 count: 1000 score: 28.1739 average_last200: -62.0231 epis: 0.1758 loss: 290.5104 
episode: 144 count: 114 score: -15.7668 average_last200: -61.7041 epis: 0.1737 loss: 32.4218 
episode: 145 count: 357 score: 190.2269 average_last200: -59.9785 epis: 0.1716 loss: 101.5871 
episode: 146 count: 946 score: 126.8033 average_last200: -58.7079 epis: 0.1695 loss: 270.4727 
episode: 147 count: 158 score: -12.9026 average_last200: -58.3984 epis: 0.1675 loss: 43.0339 
episode: 148 count: 180 score: 257.6170 average_last200: -56.2775 epis: 0.1655 loss: 51.7681 
episode: 149 count: 135 score: 11.6350 average_last200: -55.8247 epis: 0.1635 loss: 48.1336 
episode: 150 count: 90 score: -38.0863 average_last200: -55.7073 epis: 0.1615 loss: 25.9283 
episode: 151 count: 104 score: -29.3652 average_last200: -55.5340 epis: 0.1596 loss: 31.0739 
episode: 152 count: 792 score: 216.3707 average_last200: -53.7568 epis: 0.1577 loss: 242.4466 
episode: 153 count: 1000 score: 94.4906 average_last200: -52.7942 epis: 0.1558 loss: 296.8350 
episode: 154 count: 454 score: 201.7916 average_last200: -51.1517 epis: 0.1539 loss: 129.7960 
episode: 155 count: 132 score: -26.5167 average_last200: -50.9937 epis: 0.1521 loss: 41.3875 
episode: 156 count: 467 score: -55.3040 average_last200: -51.0212 epis: 0.1503 loss: 132.8001 
episode: 157 count: 115 score: -5.4601 average_last200: -50.7328 epis: 0.1485 loss: 32.0234 
episode: 158 count: 517 score: 197.7987 average_last200: -49.1697 epis: 0.1467 loss: 137.7288 
episode: 159 count: 354 score: 196.4852 average_last200: -47.6344 epis: 0.1449 loss: 92.7262 
episode: 160 count: 232 score: -34.6843 average_last200: -47.5540 epis: 0.1432 loss: 66.8833 
episode: 161 count: 111 score: -13.9667 average_last200: -47.3466 epis: 0.1415 loss: 27.0609 
episode: 162 count: 621 score: 186.0142 average_last200: -45.9150 epis: 0.1398 loss: 164.5341 
episode: 163 count: 426 score: 202.5688 average_last200: -44.3998 epis: 0.1381 loss: 111.1785 
episode: 164 count: 363 score: 231.0065 average_last200: -42.7307 epis: 0.1364 loss: 87.5815 
episode: 165 count: 95 score: -16.7897 average_last200: -42.5744 epis: 0.1348 loss: 22.8067 
episode: 166 count: 626 score: -330.1853 average_last200: -44.2967 epis: 0.1332 loss: 154.3106 
episode: 167 count: 930 score: 114.8301 average_last200: -43.3495 epis: 0.1316 loss: 244.6205 
episode: 168 count: 383 score: 235.5852 average_last200: -41.6990 epis: 0.1300 loss: 100.7572 
episode: 169 count: 799 score: 141.9684 average_last200: -40.6186 epis: 0.1284 loss: 200.0155 
episode: 170 count: 564 score: 198.6590 average_last200: -39.2193 epis: 0.1269 loss: 135.0918 
episode: 171 count: 291 score: -59.9055 average_last200: -39.3396 epis: 0.1254 loss: 77.6385 
episode: 172 count: 265 score: -38.4191 average_last200: -39.3342 epis: 0.1239 loss: 67.2863 
episode: 173 count: 231 score: -9.9566 average_last200: -39.1654 epis: 0.1224 loss: 52.3059 
episode: 174 count: 122 score: -8.2703 average_last200: -38.9889 epis: 0.1209 loss: 29.9877 
episode: 175 count: 107 score: -15.6740 average_last200: -38.8564 epis: 0.1195 loss: 25.6539 
episode: 176 count: 221 score: -22.9201 average_last200: -38.7663 epis: 0.1180 loss: 58.5337 
episode: 177 count: 131 score: -58.6173 average_last200: -38.8779 epis: 0.1166 loss: 22.6114 
episode: 178 count: 702 score: 203.2981 average_last200: -37.5249 epis: 0.1152 loss: 185.0923 
episode: 179 count: 345 score: -101.1057 average_last200: -37.8782 epis: 0.1138 loss: 94.3713 
episode: 180 count: 192 score: -13.2306 average_last200: -37.7420 epis: 0.1125 loss: 44.7136 
episode: 181 count: 166 score: 2.3410 average_last200: -37.5217 epis: 0.1111 loss: 43.3737 
episode: 182 count: 116 score: -53.6321 average_last200: -37.6098 epis: 0.1098 loss: 25.7221 
episode: 183 count: 561 score: 217.8165 average_last200: -36.2216 epis: 0.1085 loss: 154.8887 
episode: 184 count: 107 score: -37.9722 average_last200: -36.2311 epis: 0.1072 loss: 22.6069 
episode: 185 count: 514 score: 188.1064 average_last200: -35.0249 epis: 0.1059 loss: 126.3019 
episode: 186 count: 650 score: 134.2202 average_last200: -34.1199 epis: 0.1046 loss: 154.4700 
episode: 187 count: 161 score: -208.6740 average_last200: -35.0484 epis: 0.1033 loss: 40.3699 
episode: 188 count: 336 score: -121.3898 average_last200: -35.5052 epis: 0.1021 loss: 78.3945 
episode: 189 count: 520 score: 212.4325 average_last200: -34.2003 epis: 0.1009 loss: 130.5693 
episode: 190 count: 128 score: -48.6287 average_last200: -34.2758 epis: 0.0997 loss: 36.3308 
episode: 191 count: 113 score: -34.4933 average_last200: -34.2769 epis: 0.0985 loss: 37.2157 
episode: 192 count: 99 score: -55.2965 average_last200: -34.3859 epis: 0.0973 loss: 25.0758 
episode: 193 count: 143 score: -19.3309 average_last200: -34.3082 epis: 0.0961 loss: 37.7099 
episode: 194 count: 323 score: 222.1073 average_last200: -32.9933 epis: 0.0950 loss: 75.4927 
episode: 195 count: 316 score: 194.3833 average_last200: -31.8332 epis: 0.0938 loss: 88.7504 
episode: 196 count: 156 score: 29.0291 average_last200: -31.5243 epis: 0.0927 loss: 37.5338 
episode: 197 count: 149 score: -39.0682 average_last200: -31.5624 epis: 0.0916 loss: 38.5362 
episode: 198 count: 1000 score: -0.2195 average_last200: -31.4049 epis: 0.0905 loss: 256.3879 
episode: 199 count: 206 score: -34.4352 average_last200: -31.4200 epis: 0.0894 loss: 54.1458 
episode: 200 count: 123 score: -20.8367 average_last200: -30.5154 epis: 0.0883 loss: 33.7774 
episode: 201 count: 752 score: 213.9172 average_last200: -28.6124 epis: 0.0873 loss: 186.8937 
episode: 202 count: 468 score: 197.0319 average_last200: -27.1003 epis: 0.0862 loss: 113.9478 
episode: 203 count: 790 score: 134.2759 average_last200: -25.7184 epis: 0.0852 loss: 195.2143 
episode: 204 count: 376 score: 191.3011 average_last200: -23.7468 epis: 0.0842 loss: 94.0542 
episode: 205 count: 99 score: 4.7587 average_last200: -21.6880 epis: 0.0832 loss: 26.5351 
episode: 206 count: 491 score: 175.0834 average_last200: -20.0334 epis: 0.0822 loss: 120.9995 
episode: 207 count: 139 score: 6.9435 average_last200: -18.9011 epis: 0.0812 loss: 32.8008 
episode: 208 count: 296 score: -46.5222 average_last200: -18.2534 epis: 0.0802 loss: 78.2220 
episode: 209 count: 613 score: -364.5748 average_last200: -19.3133 epis: 0.0792 loss: 154.3271 
episode: 210 count: 592 score: 159.7447 average_last200: -18.0599 epis: 0.0783 loss: 151.6782 
episode: 211 count: 160 score: -101.8472 average_last200: -17.4927 epis: 0.0774 loss: 36.5703 
episode: 212 count: 106 score: 9.4151 average_last200: -16.6419 epis: 0.0764 loss: 24.3097 
episode: 213 count: 533 score: 171.5512 average_last200: -15.2861 epis: 0.0755 loss: 145.4754 
episode: 214 count: 610 score: 121.3938 average_last200: -13.5850 epis: 0.0746 loss: 172.8672 
episode: 215 count: 243 score: 229.5004 average_last200: -11.9677 epis: 0.0737 loss: 75.4932 
episode: 216 count: 969 score: 83.7048 average_last200: -10.6691 epis: 0.0728 loss: 266.5018 
episode: 217 count: 438 score: 164.8974 average_last200: -8.9606 epis: 0.0719 loss: 107.6408 
episode: 218 count: 375 score: 192.3437 average_last200: -6.9802 epis: 0.0711 loss: 101.1049 
episode: 219 count: 727 score: 188.6258 average_last200: -5.3114 epis: 0.0702 loss: 197.3492 
episode: 220 count: 142 score: -59.8481 average_last200: -5.0092 epis: 0.0694 loss: 38.5273 
episode: 221 count: 180 score: 236.7084 average_last200: -2.7839 epis: 0.0686 loss: 40.0449 
episode: 222 count: 356 score: 216.7135 average_last200: -0.8907 epis: 0.0677 loss: 83.5960 
episode: 223 count: 447 score: 216.9342 average_last200: 0.7928 epis: 0.0669 loss: 120.8291 
episode: 224 count: 754 score: 112.1342 average_last200: 2.0645 epis: 0.0661 loss: 194.5691 
episode: 225 count: 460 score: 191.9321 average_last200: 3.7489 epis: 0.0653 loss: 118.8154 
episode: 226 count: 460 score: 95.9152 average_last200: 5.0828 epis: 0.0645 loss: 123.7742 
episode: 227 count: 342 score: 192.6225 average_last200: 6.7302 epis: 0.0638 loss: 86.8548 
episode: 228 count: 1000 score: -76.6195 average_last200: 7.0098 epis: 0.0630 loss: 270.0292 
episode: 229 count: 712 score: 128.9890 average_last200: 8.3180 epis: 0.0622 loss: 175.8333 
episode: 230 count: 1000 score: -98.2897 average_last200: 8.6821 epis: 0.0615 loss: 260.2167 
episode: 231 count: 293 score: 194.8691 average_last200: 10.8027 epis: 0.0608 loss: 74.5566 
episode: 232 count: 247 score: 207.4573 average_last200: 12.2230 epis: 0.0600 loss: 78.6126 
episode: 233 count: 324 score: 219.0095 average_last200: 14.0251 epis: 0.0593 loss: 78.9825 
episode: 234 count: 162 score: -24.9601 average_last200: 15.1808 epis: 0.0586 loss: 40.7093 
episode: 235 count: 176 score: -41.2090 average_last200: 15.5485 epis: 0.0579 loss: 37.5165 
episode: 236 count: 682 score: 183.3234 average_last200: 17.2824 epis: 0.0572 loss: 166.5840 
episode: 237 count: 391 score: 226.8323 average_last200: 19.2662 epis: 0.0565 loss: 103.3384 
episode: 238 count: 384 score: 180.0574 average_last200: 20.7487 epis: 0.0558 loss: 98.5925 
episode: 239 count: 299 score: 187.6773 average_last200: 22.3712 epis: 0.0552 loss: 82.6225 
episode: 240 count: 230 score: 196.9835 average_last200: 23.8244 epis: 0.0545 loss: 52.0033 
episode: 241 count: 241 score: 207.9817 average_last200: 25.3669 epis: 0.0538 loss: 61.3986 
episode: 242 count: 673 score: 192.6905 average_last200: 26.7191 epis: 0.0532 loss: 171.0866 
episode: 243 count: 274 score: -90.3763 average_last200: 26.9252 epis: 0.0526 loss: 68.5734 
episode: 244 count: 155 score: -176.1202 average_last200: 26.7473 epis: 0.0519 loss: 40.6000 
episode: 245 count: 237 score: 213.3058 average_last200: 28.4705 epis: 0.0513 loss: 52.3526 
episode: 246 count: 262 score: 218.6498 average_last200: 30.1469 epis: 0.0507 loss: 66.2644 
episode: 247 count: 333 score: -149.5242 average_last200: 29.7381 epis: 0.0501 loss: 87.4705 
episode: 248 count: 287 score: -88.7258 average_last200: 29.8758 epis: 0.0495 loss: 69.8269 
episode: 249 count: 150 score: -35.0009 average_last200: 29.8427 epis: 0.0489 loss: 34.8032 
episode: 250 count: 299 score: 196.1503 average_last200: 31.1605 epis: 0.0483 loss: 72.4624 
episode: 251 count: 489 score: 180.1790 average_last200: 32.4629 epis: 0.0477 loss: 131.2639 
episode: 252 count: 172 score: -39.1310 average_last200: 32.5650 epis: 0.0472 loss: 42.6929 
episode: 253 count: 645 score: 185.7080 average_last200: 33.9649 epis: 0.0466 loss: 153.6214 
episode: 254 count: 504 score: 178.6235 average_last200: 35.1436 epis: 0.0460 loss: 115.0271 
episode: 255 count: 167 score: 240.9170 average_last200: 36.3845 epis: 0.0455 loss: 50.8905 
episode: 256 count: 457 score: 186.9444 average_last200: 37.8108 epis: 0.0449 loss: 134.2946 
episode: 257 count: 384 score: 231.0515 average_last200: 39.2951 epis: 0.0444 loss: 91.6810 
episode: 258 count: 213 score: 189.2424 average_last200: 40.3075 epis: 0.0439 loss: 53.7515 
episode: 259 count: 171 score: -7.8696 average_last200: 40.5508 epis: 0.0433 loss: 43.1904 
episode: 260 count: 623 score: -186.0249 average_last200: 40.1629 epis: 0.0428 loss: 151.6361 
episode: 261 count: 227 score: 204.3146 average_last200: 41.4129 epis: 0.0423 loss: 57.7037 
episode: 262 count: 166 score: 202.0433 average_last200: 42.3450 epis: 0.0418 loss: 36.8079 
episode: 263 count: 292 score: 203.3057 average_last200: 43.4987 epis: 0.0413 loss: 74.9373 
episode: 264 count: 595 score: 188.5156 average_last200: 44.7326 epis: 0.0408 loss: 156.8215 
episode: 265 count: 283 score: 198.4988 average_last200: 46.0720 epis: 0.0403 loss: 74.2738 
episode: 266 count: 284 score: -14.6691 average_last200: 46.2416 epis: 0.0398 loss: 74.4714 
episode: 267 count: 880 score: 108.7287 average_last200: 47.4092 epis: 0.0393 loss: 240.3933 
episode: 268 count: 384 score: 196.0256 average_last200: 48.6128 epis: 0.0389 loss: 94.0142 
episode: 269 count: 344 score: 175.3953 average_last200: 49.8848 epis: 0.0384 loss: 84.7581 
episode: 270 count: 400 score: -99.7919 average_last200: 49.4900 epis: 0.0379 loss: 109.6809 
episode: 271 count: 267 score: 261.8571 average_last200: 51.3584 epis: 0.0375 loss: 65.6997 
episode: 272 count: 429 score: 198.5117 average_last200: 53.3390 epis: 0.0370 loss: 117.0289 
episode: 273 count: 159 score: -10.8222 average_last200: 53.4695 epis: 0.0366 loss: 41.3973 
episode: 274 count: 361 score: 209.2075 average_last200: 55.1177 epis: 0.0362 loss: 93.3732 
episode: 275 count: 194 score: 220.4097 average_last200: 56.5215 epis: 0.0357 loss: 54.2751 
episode: 276 count: 256 score: 191.3105 average_last200: 57.5376 epis: 0.0353 loss: 62.4477 
episode: 277 count: 225 score: 234.6808 average_last200: 58.4538 epis: 0.0349 loss: 54.8838 
episode: 278 count: 252 score: -136.1788 average_last200: 58.8099 epis: 0.0344 loss: 69.1594 
episode: 279 count: 434 score: 209.5443 average_last200: 59.5887 epis: 0.0340 loss: 109.9051 
episode: 280 count: 212 score: 223.9578 average_last200: 60.4126 epis: 0.0336 loss: 63.3536 
episode: 281 count: 360 score: 192.7247 average_last200: 61.6576 epis: 0.0332 loss: 86.2125 
episode: 282 count: 343 score: -79.9343 average_last200: 61.0748 epis: 0.0328 loss: 83.4242 
episode: 283 count: 407 score: 151.0828 average_last200: 61.5084 epis: 0.0324 loss: 107.5975 
episode: 284 count: 482 score: -175.6647 average_last200: 60.8368 epis: 0.0320 loss: 114.8695 
episode: 285 count: 390 score: 192.4380 average_last200: 62.4474 epis: 0.0317 loss: 89.0514 
episode: 286 count: 354 score: 212.7462 average_last200: 63.4086 epis: 0.0313 loss: 99.2010 
episode: 287 count: 1000 score: -86.7334 average_last200: 63.3091 epis: 0.0309 loss: 247.6097 
episode: 288 count: 378 score: 227.7166 average_last200: 64.9335 epis: 0.0305 loss: 90.9233 
episode: 289 count: 279 score: 235.3583 average_last200: 67.2314 epis: 0.0302 loss: 74.5041 
episode: 290 count: 610 score: 189.3386 average_last200: 68.4463 epis: 0.0298 loss: 157.3375 
episode: 291 count: 360 score: 200.6703 average_last200: 69.1932 epis: 0.0294 loss: 93.7848 
episode: 292 count: 292 score: 211.5028 average_last200: 70.5357 epis: 0.0291 loss: 78.1803 
episode: 293 count: 608 score: 201.1165 average_last200: 71.9077 epis: 0.0287 loss: 137.8445 
episode: 294 count: 435 score: 216.0652 average_last200: 74.2938 epis: 0.0284 loss: 106.9195 
episode: 295 count: 522 score: 190.8130 average_last200: 75.2881 epis: 0.0281 loss: 124.4253 
episode: 296 count: 358 score: 231.3094 average_last200: 76.0079 epis: 0.0277 loss: 82.5442 
episode: 297 count: 637 score: 141.4119 average_last200: 76.3272 epis: 0.0274 loss: 145.4957 
episode: 298 count: 254 score: 234.1794 average_last200: 78.1053 epis: 0.0271 loss: 63.6660 
episode: 299 count: 99 score: -31.5298 average_last200: 78.0312 epis: 0.0267 loss: 25.2037 
episode: 300 count: 342 score: 210.7058 average_last200: 78.4515 epis: 0.0264 loss: 87.1114 
episode: 301 count: 299 score: 218.7128 average_last200: 79.4449 epis: 0.0261 loss: 76.0710 
episode: 302 count: 131 score: -69.2493 average_last200: 79.1620 epis: 0.0258 loss: 26.8822 
episode: 303 count: 519 score: 202.9025 average_last200: 80.4159 epis: 0.0255 loss: 111.5909 
episode: 304 count: 412 score: 220.6536 average_last200: 81.7484 epis: 0.0252 loss: 102.5540 
episode: 305 count: 257 score: 253.9476 average_last200: 83.2486 epis: 0.0249 loss: 62.7307 
episode: 306 count: 418 score: 195.8053 average_last200: 84.3435 epis: 0.0246 loss: 105.2260 
episode: 307 count: 349 score: 206.1116 average_last200: 85.1035 epis: 0.0243 loss: 72.6797 
episode: 308 count: 351 score: 179.6232 average_last200: 86.2996 epis: 0.0240 loss: 74.3669 
episode: 309 count: 278 score: 204.2626 average_last200: 87.4252 epis: 0.0237 loss: 64.1914 
episode: 310 count: 349 score: 220.3463 average_last200: 87.9612 epis: 0.0234 loss: 81.2608 
episode: 311 count: 94 score: -17.3391 average_last200: 87.5994 epis: 0.0231 loss: 19.4005 
episode: 312 count: 227 score: 168.4505 average_last200: 88.3481 epis: 0.0229 loss: 49.0097 
episode: 313 count: 136 score: -2.2009 average_last200: 88.6074 epis: 0.0226 loss: 36.7072 
episode: 314 count: 284 score: 197.1413 average_last200: 89.8777 epis: 0.0223 loss: 63.0992 
episode: 315 count: 143 score: 3.5625 average_last200: 89.9293 epis: 0.0220 loss: 32.9325 
episode: 316 count: 193 score: 27.6795 average_last200: 89.9536 epis: 0.0218 loss: 48.2510 
episode: 317 count: 191 score: 218.2099 average_last200: 91.0865 epis: 0.0215 loss: 50.6091 
episode: 318 count: 457 score: 231.3594 average_last200: 92.0345 epis: 0.0213 loss: 111.6276 
episode: 319 count: 747 score: 180.9660 average_last200: 93.2157 epis: 0.0210 loss: 173.8506 
episode: 320 count: 187 score: 256.3394 average_last200: 94.6983 epis: 0.0207 loss: 38.5120 
episode: 321 count: 268 score: 224.7544 average_last200: 94.6965 epis: 0.0205 loss: 59.6119 
episode: 322 count: 282 score: 213.5136 average_last200: 96.0713 epis: 0.0203 loss: 67.6049 
episode: 323 count: 186 score: 164.6039 average_last200: 96.1249 epis: 0.0200 loss: 45.0543 
episode: 324 count: 129 score: -22.3856 average_last200: 96.4797 epis: 0.0198 loss: 23.8817 
episode: 325 count: 113 score: -28.5325 average_last200: 96.0960 epis: 0.0195 loss: 26.1028 
episode: 326 count: 172 score: 232.6647 average_last200: 96.7010 epis: 0.0193 loss: 41.1011 
episode: 327 count: 391 score: 177.3328 average_last200: 97.6066 epis: 0.0191 loss: 79.7060 
episode: 328 count: 316 score: 260.1962 average_last200: 97.7152 epis: 0.0188 loss: 72.6557 
episode: 329 count: 567 score: 164.7088 average_last200: 98.9600 epis: 0.0186 loss: 137.5784 
episode: 330 count: 123 score: 7.0276 average_last200: 99.1236 epis: 0.0184 loss: 28.6581 
episode: 331 count: 321 score: 182.5830 average_last200: 100.1616 epis: 0.0182 loss: 85.3354 
episode: 332 count: 334 score: -86.3398 average_last200: 99.2268 epis: 0.0179 loss: 81.5997 
episode: 333 count: 328 score: 214.4787 average_last200: 100.5357 epis: 0.0177 loss: 86.3973 
episode: 334 count: 104 score: -14.4149 average_last200: 100.6193 epis: 0.0175 loss: 28.3121 
episode: 335 count: 194 score: -7.8856 average_last200: 100.0096 epis: 0.0173 loss: 43.8169 
episode: 336 count: 376 score: 178.1901 average_last200: 100.9811 epis: 0.0171 loss: 89.1239 
episode: 337 count: 259 score: -16.6870 average_last200: 100.4475 epis: 0.0169 loss: 62.7752 
episode: 338 count: 132 score: -80.8555 average_last200: 99.0038 epis: 0.0167 loss: 39.0842 
episode: 339 count: 115 score: -53.2783 average_last200: 97.7824 epis: 0.0165 loss: 21.3387 
episode: 340 count: 251 score: 219.0673 average_last200: 98.8636 epis: 0.0163 loss: 62.4896 
episode: 341 count: 108 score: -63.8831 average_last200: 98.5795 epis: 0.0161 loss: 26.7153 
episode: 342 count: 231 score: 252.8178 average_last200: 98.8361 epis: 0.0159 loss: 51.0545 
episode: 343 count: 214 score: -0.0298 average_last200: 98.6951 epis: 0.0157 loss: 46.0668 
episode: 344 count: 124 score: -31.3576 average_last200: 98.6172 epis: 0.0155 loss: 32.8864 
episode: 345 count: 124 score: 22.7446 average_last200: 97.7798 epis: 0.0153 loss: 33.8855 
episode: 346 count: 232 score: 190.3779 average_last200: 98.0976 epis: 0.0152 loss: 52.3770 
episode: 347 count: 116 score: 3.3325 average_last200: 98.1788 epis: 0.0150 loss: 29.2843 
episode: 348 count: 205 score: -12.5822 average_last200: 96.8278 epis: 0.0148 loss: 46.9665 
episode: 349 count: 368 score: 175.7108 average_last200: 97.6482 epis: 0.0146 loss: 87.4205 
episode: 350 count: 274 score: -24.9563 average_last200: 97.7138 epis: 0.0144 loss: 54.2438 
episode: 351 count: 103 score: -31.4002 average_last200: 97.7037 epis: 0.0143 loss: 22.3926 
episode: 352 count: 160 score: -20.1950 average_last200: 96.5208 epis: 0.0141 loss: 44.7235 
episode: 353 count: 110 score: -30.5379 average_last200: 95.8957 epis: 0.0139 loss: 24.4685 
episode: 354 count: 95 score: -15.7908 average_last200: 94.8078 epis: 0.0138 loss: 26.3971 
episode: 355 count: 116 score: -26.3188 average_last200: 94.8088 epis: 0.0136 loss: 22.9744 
episode: 356 count: 201 score: 189.5888 average_last200: 96.0332 epis: 0.0134 loss: 46.2280 
episode: 357 count: 440 score: 177.4092 average_last200: 96.9476 epis: 0.0133 loss: 105.4154 
episode: 358 count: 185 score: -38.6870 average_last200: 95.7651 epis: 0.0131 loss: 42.2860 
episode: 359 count: 438 score: 227.9788 average_last200: 95.9226 epis: 0.0130 loss: 107.5439 
episode: 360 count: 112 score: -30.4112 average_last200: 95.9440 epis: 0.0128 loss: 22.6303 
episode: 361 count: 132 score: -41.7212 average_last200: 95.8052 epis: 0.0126 loss: 41.0330 
episode: 362 count: 548 score: 200.2900 average_last200: 95.8766 epis: 0.0125 loss: 135.0658 
episode: 363 count: 179 score: -457.5581 average_last200: 92.5760 epis: 0.0123 loss: 43.6660 
episode: 364 count: 365 score: 172.8583 average_last200: 92.2852 epis: 0.0122 loss: 85.4911 
episode: 365 count: 628 score: -144.8505 average_last200: 91.6449 epis: 0.0121 loss: 144.7891 
episode: 366 count: 287 score: 229.0230 average_last200: 94.4409 epis: 0.0119 loss: 72.9790 
episode: 367 count: 215 score: 179.5417 average_last200: 94.7645 epis: 0.0118 loss: 49.5722 
episode: 368 count: 319 score: 241.2595 average_last200: 94.7929 epis: 0.0116 loss: 81.8417 
episode: 369 count: 104 score: -65.3139 average_last200: 93.7565 epis: 0.0115 loss: 23.1617 
episode: 370 count: 119 score: -50.0165 average_last200: 92.5131 epis: 0.0113 loss: 31.7975 
episode: 371 count: 194 score: -47.8254 average_last200: 92.5735 epis: 0.0112 loss: 44.3430 
episode: 372 count: 145 score: -9.6370 average_last200: 92.7174 epis: 0.0111 loss: 37.6339 
episode: 373 count: 326 score: 210.0229 average_last200: 93.8173 epis: 0.0109 loss: 75.2759 
episode: 374 count: 106 score: -19.9545 average_last200: 93.7589 epis: 0.0108 loss: 24.2660 
episode: 375 count: 197 score: 205.2052 average_last200: 94.8633 epis: 0.0107 loss: 43.7175 
episode: 376 count: 171 score: 214.5178 average_last200: 96.0505 epis: 0.0106 loss: 38.6543 
episode: 377 count: 167 score: -7.0263 average_last200: 96.3084 epis: 0.0104 loss: 38.3401 
episode: 378 count: 368 score: 188.4017 average_last200: 96.2339 epis: 0.0103 loss: 82.3085 
episode: 379 count: 591 score: -136.4040 average_last200: 96.0574 epis: 0.0102 loss: 127.4572 
episode: 380 count: 222 score: -57.6057 average_last200: 95.8356 epis: 0.0101 loss: 53.3064 
episode: 381 count: 90 score: -5.4318 average_last200: 95.7967 epis: 0.0099 loss: 20.5031 
episode: 382 count: 242 score: 226.5316 average_last200: 97.1975 epis: 0.0098 loss: 58.3532 
episode: 383 count: 169 score: -65.7298 average_last200: 95.7798 epis: 0.0097 loss: 37.8299 
episode: 384 count: 141 score: -32.4229 average_last200: 95.8075 epis: 0.0096 loss: 36.9841 
episode: 385 count: 666 score: -218.1541 average_last200: 93.7762 epis: 0.0095 loss: 156.1168 
episode: 386 count: 161 score: 1.3694 average_last200: 93.1120 epis: 0.0094 loss: 38.5370 
episode: 387 count: 107 score: 7.4508 average_last200: 94.1926 epis: 0.0092 loss: 25.4859 
episode: 388 count: 340 score: 167.1194 average_last200: 95.6351 epis: 0.0091 loss: 79.7549 
episode: 389 count: 97 score: -46.8750 average_last200: 94.3386 epis: 0.0090 loss: 26.4442 
episode: 390 count: 112 score: -38.6854 average_last200: 94.3883 epis: 0.0089 loss: 24.6903 
episode: 391 count: 205 score: -294.5562 average_last200: 93.0880 epis: 0.0088 loss: 47.5387 
episode: 392 count: 106 score: -20.6411 average_last200: 93.2613 epis: 0.0087 loss: 25.7168 
episode: 393 count: 725 score: 120.9539 average_last200: 93.9627 epis: 0.0086 loss: 181.3999 
episode: 394 count: 193 score: -276.1258 average_last200: 91.4715 epis: 0.0085 loss: 43.6109 
episode: 395 count: 109 score: -37.3867 average_last200: 90.3127 epis: 0.0084 loss: 25.2864 
episode: 396 count: 406 score: -126.2528 average_last200: 89.5363 epis: 0.0083 loss: 100.9172 
episode: 397 count: 330 score: 252.2790 average_last200: 90.9930 epis: 0.0082 loss: 72.3443 
episode: 398 count: 429 score: 207.5415 average_last200: 92.0318 epis: 0.0081 loss: 108.3996 
episode: 399 count: 110 score: -6.7130 average_last200: 92.1704 epis: 0.0080 loss: 25.3451 
episode: 400 count: 154 score: -10.6506 average_last200: 92.2214 epis: 0.0079 loss: 39.7979 
episode: 401 count: 289 score: 209.0993 average_last200: 92.1973 epis: 0.0078 loss: 78.3036 
episode: 402 count: 356 score: 224.4155 average_last200: 92.3342 epis: 0.0077 loss: 85.5848 
episode: 403 count: 127 score: -23.3783 average_last200: 91.5459 epis: 0.0076 loss: 36.9922 
episode: 404 count: 172 score: 207.6098 average_last200: 91.6275 epis: 0.0075 loss: 39.4316 
episode: 405 count: 212 score: 198.2881 average_last200: 92.5951 epis: 0.0074 loss: 55.6936 
episode: 406 count: 162 score: 244.7096 average_last200: 92.9433 epis: 0.0073 loss: 38.9819 
episode: 407 count: 192 score: 249.2902 average_last200: 94.1550 epis: 0.0073 loss: 42.3784 
episode: 408 count: 378 score: 198.5226 average_last200: 95.3802 epis: 0.0072 loss: 90.4655 
episode: 409 count: 398 score: 189.9830 average_last200: 98.1530 epis: 0.0071 loss: 104.5915 
episode: 410 count: 212 score: -39.3065 average_last200: 97.1577 epis: 0.0070 loss: 45.3058 
episode: 411 count: 660 score: 194.0634 average_last200: 98.6373 epis: 0.0069 loss: 161.2230 
episode: 412 count: 209 score: -73.2925 average_last200: 98.2238 epis: 0.0068 loss: 49.0536 
episode: 413 count: 167 score: -58.4458 average_last200: 97.0738 epis: 0.0068 loss: 37.9216 
episode: 414 count: 116 score: -38.9323 average_last200: 96.2721 epis: 0.0067 loss: 25.6116 
episode: 415 count: 218 score: -74.8749 average_last200: 94.7503 epis: 0.0066 loss: 47.1277 
episode: 416 count: 221 score: -31.1365 average_last200: 94.1761 epis: 0.0065 loss: 50.0548 
episode: 417 count: 177 score: -36.7773 average_last200: 93.1677 epis: 0.0064 loss: 33.8036 
episode: 418 count: 190 score: -16.4395 average_last200: 92.1238 epis: 0.0064 loss: 42.5371 
episode: 419 count: 67 score: -85.4059 average_last200: 90.7536 epis: 0.0063 loss: 17.8555 
episode: 420 count: 131 score: 1.4656 average_last200: 91.0602 epis: 0.0062 loss: 27.9468 
episode: 421 count: 214 score: -28.8983 average_last200: 89.7321 epis: 0.0061 loss: 50.6858 
episode: 422 count: 173 score: -75.7274 average_last200: 88.2699 epis: 0.0061 loss: 43.9255 
episode: 423 count: 406 score: 261.7630 average_last200: 88.4941 epis: 0.0060 loss: 99.3878 
episode: 424 count: 214 score: -47.4206 average_last200: 87.6963 epis: 0.0059 loss: 52.7310 
episode: 425 count: 133 score: 9.2813 average_last200: 86.7831 epis: 0.0058 loss: 34.0644 
episode: 426 count: 412 score: 216.7521 average_last200: 87.3872 epis: 0.0058 loss: 92.8247 
episode: 427 count: 340 score: 247.8939 average_last200: 87.6636 epis: 0.0057 loss: 83.3298 
episode: 428 count: 230 score: 254.7782 average_last200: 89.3206 epis: 0.0056 loss: 57.5086 
episode: 429 count: 108 score: -15.9218 average_last200: 88.5960 epis: 0.0056 loss: 25.6787 
episode: 430 count: 989 score: 108.9846 average_last200: 89.6324 epis: 0.0055 loss: 243.8037 
episode: 431 count: 101 score: -51.2751 average_last200: 88.4017 epis: 0.0054 loss: 25.5235 
episode: 432 count: 152 score: -4.4668 average_last200: 87.3421 epis: 0.0054 loss: 35.6657 
episode: 433 count: 616 score: 225.6044 average_last200: 87.3750 epis: 0.0053 loss: 135.2798 
episode: 434 count: 440 score: 204.7085 average_last200: 88.5234 epis: 0.0052 loss: 107.7620 
episode: 435 count: 203 score: 252.5889 average_last200: 89.9924 epis: 0.0052 loss: 49.2128 
episode: 436 count: 165 score: -70.6795 average_last200: 88.7224 epis: 0.0051 loss: 35.4614 
episode: 437 count: 286 score: 240.0146 average_last200: 88.7883 epis: 0.0051 loss: 68.7400 
episode: 438 count: 160 score: -21.9882 average_last200: 87.7780 epis: 0.0050 loss: 44.4897 
episode: 439 count: 387 score: 255.2296 average_last200: 88.1158 epis: 0.0049 loss: 101.3174 
episode: 440 count: 90 score: -64.3748 average_last200: 86.8090 epis: 0.0049 loss: 23.9480 
episode: 441 count: 106 score: -31.8548 average_last200: 85.6098 epis: 0.0048 loss: 25.9781 
episode: 442 count: 176 score: -43.6965 average_last200: 84.4279 epis: 0.0048 loss: 38.5218 
episode: 443 count: 183 score: -9.9105 average_last200: 84.8302 epis: 0.0047 loss: 43.8372 
episode: 444 count: 155 score: -37.7478 average_last200: 85.5221 epis: 0.0046 loss: 37.8265 
episode: 445 count: 83 score: -59.1941 average_last200: 84.1596 epis: 0.0046 loss: 21.1629 
episode: 446 count: 128 score: -40.1800 average_last200: 82.8654 epis: 0.0045 loss: 30.4497 
episode: 447 count: 88 score: -74.0028 average_last200: 83.2430 epis: 0.0045 loss: 18.9322 
episode: 448 count: 76 score: -48.8352 average_last200: 83.4425 epis: 0.0044 loss: 18.6990 
episode: 449 count: 275 score: 208.4218 average_last200: 84.6596 epis: 0.0044 loss: 70.0288 
episode: 450 count: 85 score: -115.2129 average_last200: 83.1028 epis: 0.0043 loss: 22.9166 
episode: 451 count: 194 score: 9.0205 average_last200: 82.2470 epis: 0.0043 loss: 52.3282 
episode: 452 count: 182 score: -52.3360 average_last200: 82.1810 epis: 0.0042 loss: 46.9514 
episode: 453 count: 94 score: -53.7554 average_last200: 80.9837 epis: 0.0042 loss: 24.4502 
episode: 454 count: 107 score: -39.0093 average_last200: 79.8955 epis: 0.0041 loss: 27.7801 
episode: 455 count: 154 score: 1.4313 average_last200: 78.6981 epis: 0.0041 loss: 36.2661 
episode: 456 count: 204 score: -2.5320 average_last200: 77.7507 epis: 0.0040 loss: 59.1898 
episode: 457 count: 320 score: 228.5868 average_last200: 77.7384 epis: 0.0040 loss: 93.3599 
episode: 458 count: 172 score: -33.2712 average_last200: 76.6258 epis: 0.0039 loss: 41.3855 
episode: 459 count: 125 score: -70.1440 average_last200: 76.3144 epis: 0.0039 loss: 30.4792 
episode: 460 count: 190 score: 215.1029 average_last200: 78.3201 epis: 0.0038 loss: 45.1298 
episode: 461 count: 79 score: -49.5424 average_last200: 77.0508 epis: 0.0038 loss: 14.9254 
episode: 462 count: 126 score: -39.0289 average_last200: 75.8454 epis: 0.0037 loss: 32.6195 
episode: 463 count: 133 score: -58.2956 average_last200: 74.5374 epis: 0.0037 loss: 40.8357 
episode: 464 count: 198 score: -36.0886 average_last200: 73.4144 epis: 0.0036 loss: 52.2022 
episode: 465 count: 111 score: -18.2788 average_last200: 72.3305 epis: 0.0036 loss: 33.9363 
episode: 466 count: 96 score: -70.2847 average_last200: 72.0524 epis: 0.0036 loss: 29.0610 
episode: 467 count: 178 score: -186.0156 average_last200: 70.5787 epis: 0.0035 loss: 42.6740 
episode: 468 count: 124 score: -44.0255 average_last200: 69.3784 epis: 0.0035 loss: 32.1190 
episode: 469 count: 232 score: 239.0194 average_last200: 69.6966 epis: 0.0034 loss: 59.8865 
episode: 470 count: 206 score: 214.1794 average_last200: 71.2664 epis: 0.0034 loss: 51.7009 
episode: 471 count: 161 score: -46.6674 average_last200: 69.7238 epis: 0.0034 loss: 48.1066 
episode: 472 count: 126 score: -41.2835 average_last200: 68.5248 epis: 0.0033 loss: 29.4071 
episode: 473 count: 186 score: -20.0326 average_last200: 68.4788 epis: 0.0033 loss: 47.5890 
episode: 474 count: 153 score: -50.5613 average_last200: 67.1799 epis: 0.0032 loss: 43.5564 
episode: 475 count: 138 score: -76.5791 average_last200: 65.6950 epis: 0.0032 loss: 37.8204 
episode: 476 count: 143 score: -43.5192 average_last200: 64.5208 epis: 0.0032 loss: 36.8172 
episode: 477 count: 150 score: -36.6747 average_last200: 63.1641 epis: 0.0031 loss: 44.7186 
episode: 478 count: 145 score: -18.0868 average_last200: 63.7545 epis: 0.0031 loss: 38.3842 
episode: 479 count: 169 score: -9.8047 average_last200: 62.6578 epis: 0.0030 loss: 37.7589 
episode: 480 count: 117 score: -33.4427 average_last200: 61.3708 epis: 0.0030 loss: 31.6907 
episode: 481 count: 151 score: -44.2394 average_last200: 60.1859 epis: 0.0030 loss: 31.3543 
episode: 482 count: 172 score: -34.4296 average_last200: 60.4135 epis: 0.0029 loss: 42.3545 
episode: 483 count: 113 score: 2.9549 average_last200: 59.6728 epis: 0.0029 loss: 32.6667 
episode: 484 count: 117 score: 9.1801 average_last200: 60.5971 epis: 0.0029 loss: 26.3973 
episode: 485 count: 176 score: -10.0157 average_last200: 59.5848 epis: 0.0028 loss: 35.1572 
episode: 486 count: 192 score: 3.2691 average_last200: 58.5374 epis: 0.0028 loss: 45.2740 
episode: 487 count: 103 score: -24.8998 average_last200: 58.8466 epis: 0.0028 loss: 28.6385 
episode: 488 count: 168 score: 0.6854 average_last200: 57.7114 epis: 0.0027 loss: 32.8470 
episode: 489 count: 152 score: -44.9016 average_last200: 56.3101 epis: 0.0027 loss: 44.4694 
episode: 490 count: 108 score: -47.9883 average_last200: 55.1235 epis: 0.0027 loss: 25.9112 
episode: 491 count: 74 score: -61.5906 average_last200: 53.8122 epis: 0.0026 loss: 16.7505 
episode: 492 count: 115 score: -19.6952 average_last200: 52.6562 epis: 0.0026 loss: 24.5474 
episode: 493 count: 134 score: -64.5646 average_last200: 51.3278 epis: 0.0026 loss: 32.3092 
episode: 494 count: 117 score: -19.8278 average_last200: 50.1483 epis: 0.0025 loss: 31.5902 
episode: 495 count: 99 score: -91.5180 average_last200: 48.7367 epis: 0.0025 loss: 24.9197 
episode: 496 count: 126 score: -61.3163 average_last200: 47.2735 epis: 0.0025 loss: 31.2268 
episode: 497 count: 166 score: -52.0075 average_last200: 46.3064 epis: 0.0024 loss: 45.4952 
episode: 498 count: 130 score: -23.7382 average_last200: 45.0168 epis: 0.0024 loss: 40.8515 
episode: 499 count: 112 score: -98.8011 average_last200: 44.6805 epis: 0.0024 loss: 29.8865 
episode: 500 count: 91 score: -88.8471 average_last200: 43.1827 epis: 0.0024 loss: 23.6025 
episode: 501 count: 137 score: -9.8653 average_last200: 42.0398 epis: 0.0023 loss: 35.5648 
episode: 502 count: 75 score: -56.9253 average_last200: 42.1015 epis: 0.0023 loss: 19.8074 
episode: 503 count: 115 score: -18.9472 average_last200: 40.9922 epis: 0.0023 loss: 32.0209 
episode: 504 count: 101 score: -64.6886 average_last200: 39.5655 epis: 0.0023 loss: 27.2741 
episode: 505 count: 97 score: -78.8254 average_last200: 37.9016 epis: 0.0022 loss: 29.9919 
episode: 506 count: 107 score: -69.0511 average_last200: 36.5773 epis: 0.0022 loss: 32.9029 
episode: 507 count: 164 score: -103.0755 average_last200: 35.0314 epis: 0.0022 loss: 46.6770 
episode: 508 count: 198 score: -113.7806 average_last200: 33.5644 epis: 0.0021 loss: 39.8102 
episode: 509 count: 145 score: -20.9101 average_last200: 32.4385 epis: 0.0021 loss: 39.6460 
episode: 510 count: 91 score: -51.9001 average_last200: 31.0773 epis: 0.0021 loss: 27.2635 
episode: 511 count: 127 score: -32.8279 average_last200: 30.9999 epis: 0.0021 loss: 27.6322 
episode: 512 count: 78 score: -53.4831 average_last200: 29.8902 epis: 0.0020 loss: 25.1716 
episode: 513 count: 88 score: -19.9098 average_last200: 29.8016 epis: 0.0020 loss: 25.2905 
episode: 514 count: 93 score: -25.6251 average_last200: 28.6878 epis: 0.0020 loss: 20.7817 
episode: 515 count: 114 score: -45.9026 average_last200: 28.4405 epis: 0.0020 loss: 28.6955 
episode: 516 count: 226 score: -24.9672 average_last200: 28.1773 epis: 0.0019 loss: 63.1243 
episode: 517 count: 105 score: -29.1081 average_last200: 26.9407 epis: 0.0019 loss: 28.6230 
episode: 518 count: 147 score: -53.0925 average_last200: 25.5184 epis: 0.0019 loss: 37.3040 
episode: 519 count: 83 score: -62.7468 average_last200: 24.2998 epis: 0.0019 loss: 21.7993 
episode: 520 count: 120 score: -57.7226 average_last200: 22.7295 epis: 0.0019 loss: 38.0447 
episode: 521 count: 105 score: -70.4760 average_last200: 21.2534 epis: 0.0018 loss: 31.5688 
episode: 522 count: 105 score: -38.5844 average_last200: 19.9929 epis: 0.0018 loss: 26.2252 
episode: 523 count: 134 score: -15.4577 average_last200: 19.0926 epis: 0.0018 loss: 37.6815 
episode: 524 count: 443 score: 196.1506 average_last200: 20.1853 epis: 0.0018 loss: 117.3445 
episode: 525 count: 134 score: -28.1852 average_last200: 20.1870 epis: 0.0017 loss: 33.4231 
episode: 526 count: 110 score: -54.3842 average_last200: 18.7517 epis: 0.0017 loss: 28.3257 
episode: 527 count: 66 score: -57.7417 average_last200: 17.5764 epis: 0.0017 loss: 21.1037 
episode: 528 count: 115 score: -41.2188 average_last200: 16.0693 epis: 0.0017 loss: 34.1922 
episode: 529 count: 96 score: 5.7199 average_last200: 15.2744 epis: 0.0017 loss: 30.1614 
episode: 530 count: 78 score: -60.0722 average_last200: 14.9389 epis: 0.0016 loss: 20.9788 
episode: 531 count: 84 score: -43.8727 average_last200: 13.8066 epis: 0.0016 loss: 19.5957 
episode: 532 count: 105 score: -87.3161 average_last200: 13.8017 epis: 0.0016 loss: 29.5513 
episode: 533 count: 95 score: -100.2478 average_last200: 12.2281 epis: 0.0016 loss: 26.3614 
episode: 534 count: 139 score: -52.6283 average_last200: 12.0370 epis: 0.0016 loss: 36.3233 
episode: 535 count: 71 score: -69.8919 average_last200: 11.7270 epis: 0.0015 loss: 22.3901 
episode: 536 count: 162 score: -27.6944 average_last200: 10.6975 epis: 0.0015 loss: 49.5431 
episode: 537 count: 112 score: -31.1479 average_last200: 10.6252 epis: 0.0015 loss: 30.5122 
episode: 538 count: 110 score: -85.4178 average_last200: 10.6024 epis: 0.0015 loss: 28.1750 
episode: 539 count: 89 score: -77.2391 average_last200: 10.4826 epis: 0.0015 loss: 27.8636 
episode: 540 count: 108 score: -53.2127 average_last200: 9.1212 epis: 0.0015 loss: 34.8086 
episode: 541 count: 66 score: -95.7382 average_last200: 8.9619 epis: 0.0014 loss: 17.7857 
episode: 542 count: 141 score: -107.6517 average_last200: 7.1596 epis: 0.0014 loss: 37.9914 
episode: 543 count: 105 score: -32.0299 average_last200: 6.9996 epis: 0.0014 loss: 31.1539 
episode: 544 count: 127 score: -51.2924 average_last200: 6.8999 epis: 0.0014 loss: 46.3963 
episode: 545 count: 105 score: -64.1908 average_last200: 6.4653 epis: 0.0014 loss: 30.9663 
episode: 546 count: 95 score: -104.9067 average_last200: 4.9888 epis: 0.0014 loss: 22.6270 
episode: 547 count: 84 score: -71.7637 average_last200: 4.6133 epis: 0.0013 loss: 24.7627 
episode: 548 count: 79 score: -137.2754 average_last200: 3.9899 epis: 0.0013 loss: 21.9211 
episode: 549 count: 99 score: -42.4876 average_last200: 2.8989 epis: 0.0013 loss: 30.2984 
episode: 550 count: 111 score: -68.7251 average_last200: 2.6800 epis: 0.0013 loss: 28.3065 
episode: 551 count: 136 score: -24.7443 average_last200: 2.7133 epis: 0.0013 loss: 43.0494 
episode: 552 count: 199 score: -58.8215 average_last200: 2.5202 epis: 0.0013 loss: 49.0437 
episode: 553 count: 74 score: -61.0403 average_last200: 2.3677 epis: 0.0012 loss: 22.9720 
episode: 554 count: 170 score: -15.1160 average_last200: 2.3711 epis: 0.0012 loss: 42.6763 
episode: 555 count: 82 score: -63.5787 average_last200: 2.1848 epis: 0.0012 loss: 22.4698 
episode: 556 count: 76 score: -73.5531 average_last200: 0.8690 epis: 0.0012 loss: 23.0638 
episode: 557 count: 305 score: -57.2401 average_last200: -0.3042 epis: 0.0012 loss: 82.1998 
episode: 558 count: 110 score: -60.7544 average_last200: -0.4145 epis: 0.0012 loss: 30.1692 
episode: 559 count: 106 score: -42.0663 average_last200: -1.7648 epis: 0.0012 loss: 28.2984 
episode: 560 count: 84 score: -102.4141 average_last200: -2.1248 epis: 0.0011 loss: 27.9374 
episode: 561 count: 87 score: -23.2919 average_last200: -2.0326 epis: 0.0011 loss: 22.7873 
episode: 562 count: 86 score: -82.3346 average_last200: -3.4458 epis: 0.0011 loss: 23.6299 
episode: 563 count: 315 score: 172.7062 average_last200: -0.2944 epis: 0.0011 loss: 79.3142 
episode: 564 count: 131 score: -46.2116 average_last200: -1.3898 epis: 0.0011 loss: 37.2358 
episode: 565 count: 88 score: -61.9007 average_last200: -0.9750 epis: 0.0011 loss: 21.9718 
episode: 566 count: 81 score: -52.8215 average_last200: -2.3843 epis: 0.0011 loss: 16.9710 
episode: 567 count: 79 score: -42.2665 average_last200: -3.4933 epis: 0.0011 loss: 22.1994 
episode: 568 count: 110 score: -46.5957 average_last200: -4.9326 epis: 0.0010 loss: 24.4793 
episode: 569 count: 196 score: -23.8699 average_last200: -4.7254 epis: 0.0010 loss: 42.6995 
episode: 570 count: 108 score: -52.9160 average_last200: -4.7399 epis: 0.0010 loss: 31.7876 
episode: 571 count: 152 score: -48.5950 average_last200: -4.7437 epis: 0.0010 loss: 40.5724 
episode: 572 count: 92 score: -55.0216 average_last200: -4.9706 epis: 0.0010 loss: 25.7246 
episode: 573 count: 623 score: 203.1132 average_last200: -5.0052 epis: 0.0010 loss: 187.8330 
episode: 574 count: 100 score: -51.9949 average_last200: -5.1654 epis: 0.0010 loss: 24.1258 
episode: 575 count: 202 score: -27.7730 average_last200: -6.3303 epis: 0.0010 loss: 52.8950 
episode: 576 count: 121 score: -49.4471 average_last200: -7.6501 epis: 0.0009 loss: 32.5573 
episode: 577 count: 98 score: -71.7856 average_last200: -7.9739 epis: 0.0009 loss: 32.6397 
episode: 578 count: 212 score: 221.1181 average_last200: -7.8103 epis: 0.0009 loss: 56.3307 
episode: 579 count: 207 score: -37.2602 average_last200: -7.3146 epis: 0.0009 loss: 51.8973 
episode: 580 count: 90 score: -57.4610 average_last200: -7.3139 epis: 0.0009 loss: 28.1066 
episode: 581 count: 189 score: -27.3032 average_last200: -7.4232 epis: 0.0009 loss: 50.8979 
episode: 582 count: 105 score: -45.1493 average_last200: -8.7816 epis: 0.0009 loss: 26.0426 
episode: 583 count: 101 score: -89.3332 average_last200: -8.8996 epis: 0.0009 loss: 27.1478 
episode: 584 count: 117 score: -27.7375 average_last200: -8.8762 epis: 0.0009 loss: 37.4843 
episode: 585 count: 90 score: -42.3094 average_last200: -7.9970 epis: 0.0008 loss: 20.3139 
episode: 586 count: 132 score: -61.4871 average_last200: -8.3113 epis: 0.0008 loss: 36.4842 
episode: 587 count: 113 score: -29.7827 average_last200: -8.4974 epis: 0.0008 loss: 39.7117 
episode: 588 count: 284 score: -5.5415 average_last200: -9.3607 epis: 0.0008 loss: 87.7930 
episode: 589 count: 100 score: -32.2800 average_last200: -9.2878 epis: 0.0008 loss: 26.7958 
episode: 590 count: 232 score: 240.8030 average_last200: -7.8903 epis: 0.0008 loss: 66.4472 
episode: 591 count: 91 score: -47.8364 average_last200: -6.6567 epis: 0.0008 loss: 20.7388 
episode: 592 count: 82 score: -9.1592 average_last200: -6.5993 epis: 0.0008 loss: 20.6663 
episode: 593 count: 172 score: -21.9432 average_last200: -7.3138 epis: 0.0008 loss: 54.3668 
episode: 594 count: 122 score: -94.2699 average_last200: -6.4045 epis: 0.0008 loss: 29.8231 
episode: 595 count: 186 score: -3.3321 average_last200: -6.2343 epis: 0.0008 loss: 46.3328 
episode: 596 count: 93 score: -59.9500 average_last200: -5.9027 epis: 0.0007 loss: 28.2562 
episode: 597 count: 106 score: -47.5264 average_last200: -7.4018 epis: 0.0007 loss: 31.1123 
episode: 598 count: 160 score: -6.6823 average_last200: -8.4729 epis: 0.0007 loss: 43.5349 
episode: 599 count: 101 score: -75.2142 average_last200: -8.8154 epis: 0.0007 loss: 27.5735 
episode: 600 count: 102 score: -43.8520 average_last200: -8.9814 epis: 0.0007 loss: 23.8765 
episode: 601 count: 130 score: -63.9305 average_last200: -10.3465 epis: 0.0007 loss: 33.7462 
episode: 602 count: 87 score: -40.8162 average_last200: -11.6727 epis: 0.0007 loss: 31.3366 
episode: 603 count: 248 score: -24.4728 average_last200: -11.6782 epis: 0.0007 loss: 80.2346 
episode: 604 count: 151 score: 209.1336 average_last200: -11.6706 epis: 0.0007 loss: 41.3343 
episode: 605 count: 155 score: -36.6104 average_last200: -12.8451 epis: 0.0007 loss: 44.0075 
episode: 606 count: 122 score: -40.0645 average_last200: -14.2689 epis: 0.0007 loss: 41.2882 
episode: 607 count: 100 score: -41.2294 average_last200: -15.7215 epis: 0.0006 loss: 23.6228 
episode: 608 count: 97 score: -2.2708 average_last200: -16.7255 epis: 0.0006 loss: 27.7724 
episode: 609 count: 125 score: -46.0773 average_last200: -17.9058 epis: 0.0006 loss: 36.1695 
episode: 610 count: 148 score: -14.5670 average_last200: -17.7821 epis: 0.0006 loss: 40.0183 
episode: 611 count: 103 score: 12.0075 average_last200: -18.6924 epis: 0.0006 loss: 31.9933 
episode: 612 count: 75 score: -21.5551 average_last200: -18.4337 epis: 0.0006 loss: 23.2962 
episode: 613 count: 126 score: -20.2879 average_last200: -18.2429 epis: 0.0006 loss: 36.7414 
episode: 614 count: 90 score: 0.1373 average_last200: -18.0475 epis: 0.0006 loss: 26.2732 
episode: 615 count: 208 score: 201.0012 average_last200: -16.6682 epis: 0.0006 loss: 62.3365 
episode: 616 count: 110 score: -6.9972 average_last200: -16.5475 epis: 0.0006 loss: 30.8136 
episode: 617 count: 109 score: -17.0528 average_last200: -16.4488 epis: 0.0006 loss: 34.7917 
episode: 618 count: 101 score: -34.7985 average_last200: -16.5406 epis: 0.0006 loss: 30.4592 
episode: 619 count: 228 score: 223.8088 average_last200: -14.9946 epis: 0.0006 loss: 68.1443 
episode: 620 count: 101 score: -48.4881 average_last200: -15.2443 epis: 0.0006 loss: 34.7041 
episode: 621 count: 116 score: -14.8019 average_last200: -15.1739 epis: 0.0005 loss: 33.8988 
episode: 622 count: 142 score: -63.4348 average_last200: -15.1124 epis: 0.0005 loss: 41.9345 
episode: 623 count: 175 score: 8.7702 average_last200: -16.3774 epis: 0.0005 loss: 47.5569 
episode: 624 count: 137 score: -36.1607 average_last200: -16.3211 epis: 0.0005 loss: 35.8868 
episode: 625 count: 115 score: -32.3216 average_last200: -16.5291 epis: 0.0005 loss: 32.4870 
episode: 626 count: 129 score: 7.1569 average_last200: -17.5770 epis: 0.0005 loss: 43.9769 
episode: 627 count: 98 score: -38.4771 average_last200: -19.0089 epis: 0.0005 loss: 31.8937 
episode: 628 count: 96 score: -53.8130 average_last200: -20.5519 epis: 0.0005 loss: 21.6990 
episode: 629 count: 91 score: -2.5473 average_last200: -20.4850 epis: 0.0005 loss: 25.9499 
episode: 630 count: 160 score: -21.9539 average_last200: -21.1397 epis: 0.0005 loss: 42.1422 
episode: 631 count: 104 score: -50.9287 average_last200: -21.1379 epis: 0.0005 loss: 31.0880 
episode: 632 count: 197 score: -26.3706 average_last200: -21.2475 epis: 0.0005 loss: 58.9765 
episode: 633 count: 96 score: -33.5807 average_last200: -22.5434 epis: 0.0005 loss: 29.0918 
episode: 634 count: 100 score: -46.0632 average_last200: -23.7972 epis: 0.0005 loss: 30.8304 
episode: 635 count: 83 score: -69.8287 average_last200: -25.4093 epis: 0.0005 loss: 26.3367 
episode: 636 count: 173 score: 253.5752 average_last200: -23.7881 epis: 0.0005 loss: 54.0661 
episode: 637 count: 94 score: -38.4586 average_last200: -25.1804 epis: 0.0005 loss: 25.5532 
episode: 638 count: 120 score: -31.6815 average_last200: -25.2289 epis: 0.0004 loss: 38.1102 
episode: 639 count: 95 score: -25.6510 average_last200: -26.6333 epis: 0.0004 loss: 29.5233 
episode: 640 count: 186 score: -74.3092 average_last200: -26.6830 epis: 0.0004 loss: 52.0515 
episode: 641 count: 68 score: -75.5525 average_last200: -26.9015 epis: 0.0004 loss: 19.6682 
episode: 642 count: 162 score: 6.4021 average_last200: -26.6510 epis: 0.0004 loss: 48.4544 
episode: 643 count: 391 score: -152.1871 average_last200: -27.3623 epis: 0.0004 loss: 120.4491 
episode: 644 count: 102 score: -18.0914 average_last200: -27.2641 epis: 0.0004 loss: 36.8966 
episode: 645 count: 127 score: -22.5439 average_last200: -27.0808 epis: 0.0004 loss: 42.3117 
episode: 646 count: 164 score: -50.0021 average_last200: -27.1299 epis: 0.0004 loss: 56.7472 
episode: 647 count: 158 score: -60.0988 average_last200: -27.0604 epis: 0.0004 loss: 51.2153 
episode: 648 count: 338 score: 171.1010 average_last200: -25.9607 epis: 0.0004 loss: 104.0255 
episode: 649 count: 80 score: -42.7046 average_last200: -27.2164 epis: 0.0004 loss: 28.5882 
episode: 650 count: 98 score: -27.0104 average_last200: -26.7753 epis: 0.0004 loss: 28.9964 
episode: 651 count: 98 score: -21.9546 average_last200: -26.9302 epis: 0.0004 loss: 33.7364 
episode: 652 count: 172 score: 25.8095 average_last200: -26.5395 epis: 0.0004 loss: 50.0561 
episode: 653 count: 88 score: 2.9773 average_last200: -26.2558 epis: 0.0004 loss: 25.6411 
episode: 654 count: 143 score: -56.0122 average_last200: -26.3408 epis: 0.0004 loss: 52.4506 
episode: 655 count: 92 score: -24.6098 average_last200: -26.4710 epis: 0.0004 loss: 26.0975 
episode: 656 count: 71 score: -11.8038 average_last200: -26.5174 epis: 0.0004 loss: 23.4497 
episode: 657 count: 372 score: -306.4310 average_last200: -29.1925 epis: 0.0004 loss: 119.6136 
episode: 658 count: 1000 score: -15.2193 average_last200: -29.1022 epis: 0.0004 loss: 321.2315 
episode: 659 count: 110 score: 10.0886 average_last200: -28.7011 epis: 0.0003 loss: 34.1063 
episode: 660 count: 284 score: -109.9916 average_last200: -30.3265 epis: 0.0003 loss: 87.2106 
episode: 661 count: 80 score: -46.7233 average_last200: -30.3125 epis: 0.0003 loss: 29.4997 
episode: 662 count: 83 score: -15.3648 average_last200: -30.1941 epis: 0.0003 loss: 29.1718 
episode: 663 count: 159 score: 8.7357 average_last200: -29.8590 epis: 0.0003 loss: 49.2199 
episode: 664 count: 102 score: -32.7571 average_last200: -29.8423 epis: 0.0003 loss: 37.0275 
episode: 665 count: 85 score: -74.4036 average_last200: -30.1229 epis: 0.0003 loss: 23.3465 
episode: 666 count: 199 score: -66.4667 average_last200: -30.1039 epis: 0.0003 loss: 62.6754 
episode: 667 count: 92 score: -95.5225 average_last200: -29.6514 epis: 0.0003 loss: 29.2597 
episode: 668 count: 83 score: -11.6991 average_last200: -29.4898 epis: 0.0003 loss: 30.2921 
episode: 669 count: 460 score: -152.4454 average_last200: -31.4471 epis: 0.0003 loss: 159.7220 
episode: 670 count: 260 score: -14.4265 average_last200: -32.5901 epis: 0.0003 loss: 83.1229 
episode: 671 count: 559 score: 130.0305 average_last200: -31.7066 epis: 0.0003 loss: 185.3945 
episode: 672 count: 94 score: -30.2580 average_last200: -31.6515 epis: 0.0003 loss: 32.5332 
episode: 673 count: 152 score: -8.6205 average_last200: -31.5944 epis: 0.0003 loss: 56.2309 
episode: 674 count: 203 score: -37.4477 average_last200: -31.5289 epis: 0.0003 loss: 84.4137 
episode: 675 count: 162 score: -41.4941 average_last200: -31.3534 epis: 0.0003 loss: 63.1768 
episode: 676 count: 86 score: -51.8242 average_last200: -31.3950 epis: 0.0003 loss: 26.6890 
episode: 677 count: 195 score: -315.0288 average_last200: -32.7867 epis: 0.0003 loss: 74.5847 
episode: 678 count: 557 score: 126.1420 average_last200: -32.0656 epis: 0.0003 loss: 191.2132 
episode: 679 count: 171 score: 5.1274 average_last200: -31.9909 epis: 0.0003 loss: 61.7334 
episode: 680 count: 107 score: -103.5344 average_last200: -32.3414 epis: 0.0003 loss: 36.8466 
episode: 681 count: 130 score: 8.5887 average_last200: -32.0772 epis: 0.0003 loss: 37.8383 
episode: 682 count: 115 score: -33.3422 average_last200: -32.0718 epis: 0.0003 loss: 48.5354 
episode: 683 count: 112 score: -25.7372 average_last200: -32.2153 epis: 0.0003 loss: 32.7753 
episode: 684 count: 94 score: -28.9526 average_last200: -32.4059 epis: 0.0003 loss: 38.0993 
episode: 685 count: 127 score: -48.5752 average_last200: -32.5987 epis: 0.0003 loss: 40.9375 
episode: 686 count: 93 score: -37.2556 average_last200: -32.8014 epis: 0.0003 loss: 39.4804 
episode: 687 count: 156 score: 8.6484 average_last200: -32.6336 epis: 0.0002 loss: 55.4124 
episode: 688 count: 156 score: -46.5494 average_last200: -32.8698 epis: 0.0002 loss: 53.5889 
episode: 689 count: 604 score: 163.2582 average_last200: -31.8290 epis: 0.0002 loss: 223.2787 
episode: 690 count: 100 score: -32.5901 average_last200: -31.7520 epis: 0.0002 loss: 31.7409 
episode: 691 count: 159 score: -33.0285 average_last200: -31.6092 epis: 0.0002 loss: 56.6194 
episode: 692 count: 127 score: 12.8304 average_last200: -31.4466 epis: 0.0002 loss: 56.4013 
episode: 693 count: 303 score: 246.5784 average_last200: -29.8908 epis: 0.0002 loss: 112.6316 
episode: 694 count: 115 score: -27.6893 average_last200: -29.9301 epis: 0.0002 loss: 39.7086 
episode: 695 count: 229 score: 207.6669 average_last200: -28.4342 epis: 0.0002 loss: 85.1989 
episode: 696 count: 82 score: -60.7667 average_last200: -28.4315 epis: 0.0002 loss: 37.2196 
episode: 697 count: 73 score: -25.3806 average_last200: -28.2983 epis: 0.0002 loss: 28.2765 
episode: 698 count: 91 score: -59.5171 average_last200: -28.4772 epis: 0.0002 loss: 39.0995 
episode: 699 count: 144 score: -48.4855 average_last200: -28.2257 epis: 0.0002 loss: 57.4256 
episode: 700 count: 370 score: 140.0704 average_last200: -27.0811 epis: 0.0002 loss: 141.1663 
episode: 701 count: 460 score: 245.2822 average_last200: -25.8053 epis: 0.0002 loss: 165.7873 
episode: 702 count: 105 score: -43.3013 average_last200: -25.7372 epis: 0.0002 loss: 37.6678 
episode: 703 count: 100 score: -44.8721 average_last200: -25.8668 epis: 0.0002 loss: 38.0694 
episode: 704 count: 518 score: 226.3570 average_last200: -24.4116 epis: 0.0002 loss: 190.9787 
episode: 705 count: 172 score: 23.0966 average_last200: -23.9020 epis: 0.0002 loss: 61.9673 
episode: 706 count: 141 score: -80.5974 average_last200: -23.9597 epis: 0.0002 loss: 52.4915 
episode: 707 count: 119 score: -12.7856 average_last200: -23.5083 epis: 0.0002 loss: 39.8441 
episode: 708 count: 225 score: 194.1072 average_last200: -21.9688 epis: 0.0002 loss: 89.6216 
episode: 709 count: 164 score: -45.6210 average_last200: -22.0924 epis: 0.0002 loss: 54.1538 
episode: 710 count: 294 score: 227.1852 average_last200: -20.6970 epis: 0.0002 loss: 113.3880 
episode: 711 count: 529 score: 204.2309 average_last200: -19.5117 epis: 0.0002 loss: 203.9470 
episode: 712 count: 245 score: -55.0366 average_last200: -19.5194 epis: 0.0002 loss: 99.0706 
episode: 713 count: 204 score: 184.1300 average_last200: -18.4992 epis: 0.0002 loss: 88.0511 
episode: 714 count: 133 score: -6.8587 average_last200: -18.4054 epis: 0.0002 loss: 56.5858 
episode: 715 count: 251 score: 223.7065 average_last200: -17.0574 epis: 0.0002 loss: 110.9547 
episode: 716 count: 158 score: 15.7550 average_last200: -16.8538 epis: 0.0002 loss: 61.2657 
episode: 717 count: 182 score: 215.3081 average_last200: -15.6317 epis: 0.0002 loss: 67.5206 
episode: 718 count: 121 score: 4.0065 average_last200: -15.3462 epis: 0.0002 loss: 53.5126 
episode: 719 count: 244 score: 198.5427 average_last200: -14.0397 epis: 0.0002 loss: 113.3677 
episode: 720 count: 222 score: 186.6803 average_last200: -12.8177 epis: 0.0002 loss: 81.5752 
episode: 721 count: 101 score: -36.4044 average_last200: -12.6474 epis: 0.0002 loss: 44.4601 
episode: 722 count: 97 score: -37.9338 average_last200: -12.6441 epis: 0.0002 loss: 37.9720 
episode: 723 count: 481 score: 107.4301 average_last200: -12.0297 epis: 0.0002 loss: 224.1222 
episode: 724 count: 113 score: -21.7260 average_last200: -13.1191 epis: 0.0002 loss: 52.2335 
episode: 725 count: 134 score: -60.2920 average_last200: -13.2796 epis: 0.0002 loss: 59.6938 
episode: 726 count: 156 score: 3.2171 average_last200: -12.9916 epis: 0.0002 loss: 58.9648 
episode: 727 count: 312 score: 224.9777 average_last200: -11.5780 epis: 0.0002 loss: 148.2762 
episode: 728 count: 174 score: -4.5913 average_last200: -11.3948 epis: 0.0002 loss: 67.7174 
episode: 729 count: 320 score: 220.7144 average_last200: -10.3199 epis: 0.0001 loss: 138.7451 
episode: 730 count: 427 score: 220.4628 average_last200: -8.9172 epis: 0.0001 loss: 191.6940 
episode: 731 count: 320 score: 201.1118 average_last200: -7.6923 epis: 0.0001 loss: 155.2326 
episode: 732 count: 608 score: 195.1897 average_last200: -6.2797 epis: 0.0001 loss: 290.9438 
episode: 733 count: 275 score: 167.0007 average_last200: -4.9435 epis: 0.0001 loss: 120.1208 
episode: 734 count: 247 score: 195.0028 average_last200: -3.7053 epis: 0.0001 loss: 103.5982 
episode: 735 count: 183 score: 258.6052 average_last200: -2.0629 epis: 0.0001 loss: 79.1653 
episode: 736 count: 104 score: -36.7465 average_last200: -2.1081 epis: 0.0001 loss: 43.5367 
episode: 737 count: 191 score: 15.9075 average_last200: -1.8728 epis: 0.0001 loss: 74.8534 
episode: 738 count: 505 score: 235.9825 average_last200: -0.2658 epis: 0.0001 loss: 217.7880 
episode: 739 count: 473 score: 194.1670 average_last200: 1.0912 epis: 0.0001 loss: 181.2732 
episode: 740 count: 612 score: 203.5731 average_last200: 2.3751 epis: 0.0001 loss: 251.0715 
episode: 741 count: 456 score: 204.2342 average_last200: 3.8750 epis: 0.0001 loss: 200.5676 
episode: 742 count: 168 score: -21.7313 average_last200: 4.3046 epis: 0.0001 loss: 81.5402 
episode: 743 count: 84 score: -42.2337 average_last200: 4.2536 epis: 0.0001 loss: 29.4899 
episode: 744 count: 1000 score: -17.8278 average_last200: 4.4209 epis: 0.0001 loss: 394.4240 
episode: 745 count: 138 score: -43.7874 average_last200: 4.5229 epis: 0.0001 loss: 56.6495 
episode: 746 count: 183 score: 233.8370 average_last200: 6.2166 epis: 0.0001 loss: 59.3840 
episode: 747 count: 129 score: -15.8769 average_last200: 6.4961 epis: 0.0001 loss: 53.9235 
episode: 748 count: 308 score: 247.9411 average_last200: 8.4221 epis: 0.0001 loss: 127.8551 
episode: 749 count: 79 score: -57.6587 average_last200: 8.3463 epis: 0.0001 loss: 31.9811 
episode: 750 count: 127 score: -8.4035 average_last200: 8.6479 epis: 0.0001 loss: 57.7151 
episode: 751 count: 91 score: -9.7755 average_last200: 8.7227 epis: 0.0001 loss: 33.2734 
episode: 752 count: 726 score: 186.6278 average_last200: 9.9500 epis: 0.0001 loss: 286.1136 
episode: 753 count: 94 score: -11.6054 average_last200: 10.1972 epis: 0.0001 loss: 46.9699 
episode: 754 count: 206 score: 213.2942 average_last200: 11.3392 epis: 0.0001 loss: 81.0104 
episode: 755 count: 193 score: -25.9094 average_last200: 11.5275 epis: 0.0001 loss: 73.5594 
episode: 756 count: 176 score: 244.4812 average_last200: 13.1177 epis: 0.0001 loss: 73.1685 
episode: 757 count: 190 score: -62.6247 average_last200: 13.0908 epis: 0.0001 loss: 74.4974 
episode: 758 count: 152 score: 1.9689 average_last200: 13.4044 epis: 0.0001 loss: 57.4268 
episode: 759 count: 548 score: 206.4595 average_last200: 14.6470 epis: 0.0001 loss: 227.7287 
episode: 760 count: 236 score: 235.8506 average_last200: 16.3384 epis: 0.0001 loss: 95.6188 
episode: 761 count: 309 score: 263.9030 average_last200: 17.7743 epis: 0.0001 loss: 128.9063 
episode: 762 count: 190 score: 254.4745 average_last200: 19.4584 epis: 0.0001 loss: 78.0296 
episode: 763 count: 233 score: 248.7737 average_last200: 19.8387 epis: 0.0001 loss: 107.3466 
episode: 764 count: 173 score: -47.8137 average_last200: 19.8307 epis: 0.0001 loss: 63.6607 
episode: 765 count: 547 score: 177.8552 average_last200: 21.0295 epis: 0.0001 loss: 216.8531 
episode: 766 count: 120 score: -22.1023 average_last200: 21.1831 epis: 0.0001 loss: 47.1133 
episode: 767 count: 90 score: -218.3044 average_last200: 20.3029 epis: 0.0001 loss: 31.6720 
episode: 768 count: 245 score: 223.3776 average_last200: 21.6528 epis: 0.0001 loss: 99.2621 
episode: 769 count: 130 score: -441.7465 average_last200: 19.5634 epis: 0.0001 loss: 44.5388 
episode: 770 count: 147 score: 229.5268 average_last200: 20.9756 epis: 0.0001 loss: 69.7863 
episode: 771 count: 538 score: 183.0647 average_last200: 22.1339 epis: 0.0001 loss: 202.9113 
episode: 772 count: 268 score: 224.0426 average_last200: 23.5292 epis: 0.0001 loss: 102.8362 
episode: 773 count: 258 score: 237.8864 average_last200: 23.7031 epis: 0.0001 loss: 96.6687 
episode: 774 count: 193 score: 248.2859 average_last200: 25.2045 epis: 0.0001 loss: 69.1741 
episode: 775 count: 397 score: 221.0250 average_last200: 26.4485 epis: 0.0001 loss: 154.1876 
episode: 776 count: 411 score: 215.8090 average_last200: 27.7748 epis: 0.0001 loss: 151.7418 
episode: 777 count: 112 score: -81.4077 average_last200: 27.7266 epis: 0.0001 loss: 38.8541 
episode: 778 count: 170 score: 0.1194 average_last200: 26.6217 epis: 0.0001 loss: 65.2622 
episode: 779 count: 101 score: -2.9543 average_last200: 26.7932 epis: 0.0001 loss: 35.4883 
episode: 780 count: 310 score: 208.6531 average_last200: 28.1238 epis: 0.0001 loss: 110.1380 
episode: 781 count: 194 score: 245.1324 average_last200: 29.4859 epis: 0.0001 loss: 75.6942 
episode: 782 count: 192 score: 3.4597 average_last200: 29.7290 epis: 0.0001 loss: 80.6811 
episode: 783 count: 149 score: -42.6526 average_last200: 29.9624 epis: 0.0001 loss: 61.6768 
episode: 784 count: 243 score: 242.9511 average_last200: 31.3158 epis: 0.0001 loss: 97.6469 
episode: 785 count: 249 score: 209.2943 average_last200: 32.5738 epis: 0.0001 loss: 82.9598 
episode: 786 count: 144 score: -25.9635 average_last200: 32.7515 epis: 0.0001 loss: 52.5363 
episode: 787 count: 149 score: -27.1811 average_last200: 32.7645 epis: 0.0001 loss: 67.4275 
episode: 788 count: 151 score: -26.7204 average_last200: 32.6586 epis: 0.0001 loss: 57.0587 
episode: 789 count: 143 score: -30.1595 average_last200: 32.6692 epis: 0.0001 loss: 59.8588 
episode: 790 count: 340 score: 192.5488 average_last200: 32.4279 epis: 0.0001 loss: 126.6662 
episode: 791 count: 154 score: -22.8648 average_last200: 32.5528 epis: 0.0001 loss: 53.6375 
episode: 792 count: 129 score: -20.3057 average_last200: 32.4970 epis: 0.0001 loss: 49.8418 
episode: 793 count: 134 score: -1.9249 average_last200: 32.5971 epis: 0.0001 loss: 61.4617 
episode: 794 count: 230 score: 200.4272 average_last200: 34.0706 epis: 0.0001 loss: 100.0786 
episode: 795 count: 171 score: -10.9905 average_last200: 34.0323 epis: 0.0001 loss: 68.5998 
episode: 796 count: 157 score: -7.8432 average_last200: 34.2928 epis: 0.0001 loss: 69.4305 
episode: 797 count: 149 score: -1.2700 average_last200: 34.5241 epis: 0.0001 loss: 66.1027 
episode: 798 count: 340 score: 223.4852 average_last200: 35.6750 epis: 0.0001 loss: 148.9291 
episode: 799 count: 143 score: -29.6687 average_last200: 35.9027 epis: 0.0001 loss: 58.2349 
episode: 800 count: 193 score: -251.2561 average_last200: 34.8657 epis: 0.0001 loss: 76.5406 
episode: 801 count: 384 score: 215.9048 average_last200: 36.2649 epis: 0.0001 loss: 148.6332 
episode: 802 count: 648 score: 150.1218 average_last200: 37.2195 epis: 0.0001 loss: 248.5976 
episode: 803 count: 303 score: 229.0324 average_last200: 38.4871 epis: 0.0001 loss: 119.4421 
episode: 804 count: 132 score: 7.9419 average_last200: 37.4811 epis: 0.0001 loss: 53.2583 
episode: 805 count: 318 score: 178.7881 average_last200: 38.5581 epis: 0.0001 loss: 137.9402 
episode: 806 count: 305 score: 195.2801 average_last200: 39.7348 epis: 0.0001 loss: 120.6817 
episode: 807 count: 244 score: 198.8992 average_last200: 40.9355 epis: 0.0001 loss: 93.7013 
episode: 808 count: 140 score: 3.8664 average_last200: 40.9662 epis: 0.0001 loss: 46.8873 
episode: 809 count: 254 score: 226.6117 average_last200: 42.3296 epis: 0.0001 loss: 95.4472 
episode: 810 count: 201 score: 225.2010 average_last200: 43.5284 epis: 0.0001 loss: 83.1037 
episode: 811 count: 222 score: 236.5921 average_last200: 44.6514 epis: 0.0001 loss: 92.7479 
episode: 812 count: 354 score: 265.4237 average_last200: 46.0863 epis: 0.0001 loss: 151.1135 
episode: 813 count: 133 score: -14.3523 average_last200: 46.1159 epis: 0.0001 loss: 60.8717 
episode: 814 count: 265 score: 215.3783 average_last200: 47.1921 epis: 0.0001 loss: 106.5252 
episode: 815 count: 149 score: -16.2563 average_last200: 46.1059 epis: 0.0001 loss: 58.0158 
episode: 816 count: 204 score: 197.3394 average_last200: 47.1275 epis: 0.0001 loss: 75.8696 
episode: 817 count: 146 score: -82.2015 average_last200: 46.8018 epis: 0.0001 loss: 49.9119 
episode: 818 count: 316 score: 217.9008 average_last200: 48.0653 epis: 0.0001 loss: 126.8495 
episode: 819 count: 146 score: -0.0558 average_last200: 46.9460 epis: 0.0001 loss: 51.8040 
episode: 820 count: 158 score: 20.8250 average_last200: 47.2925 epis: 0.0000 loss: 74.1530 
episode: 821 count: 291 score: 168.5989 average_last200: 48.2095 epis: 0.0000 loss: 113.6955 
episode: 822 count: 241 score: -54.0425 average_last200: 48.2565 epis: 0.0000 loss: 87.9939 
episode: 823 count: 305 score: 216.0285 average_last200: 49.2928 epis: 0.0000 loss: 123.5219 
episode: 824 count: 230 score: 256.9068 average_last200: 50.7581 epis: 0.0000 loss: 98.3804 
episode: 825 count: 187 score: -72.8481 average_last200: 50.5555 epis: 0.0000 loss: 77.7117 
episode: 826 count: 123 score: -12.4293 average_last200: 50.4576 epis: 0.0000 loss: 42.8306 
episode: 827 count: 206 score: 213.2008 average_last200: 51.7160 epis: 0.0000 loss: 88.9690 
episode: 828 count: 226 score: 195.2061 average_last200: 52.9610 epis: 0.0000 loss: 94.6653 
episode: 829 count: 123 score: -7.5895 average_last200: 52.9358 epis: 0.0000 loss: 54.4718 
episode: 830 count: 189 score: -6.8821 average_last200: 53.0112 epis: 0.0000 loss: 72.6628 
episode: 831 count: 198 score: 224.4295 average_last200: 54.3880 epis: 0.0000 loss: 66.9235 
episode: 832 count: 234 score: 211.7106 average_last200: 55.5784 epis: 0.0000 loss: 89.2407 
episode: 833 count: 173 score: 229.2893 average_last200: 56.8927 epis: 0.0000 loss: 66.0588 
episode: 834 count: 212 score: 232.3114 average_last200: 58.2846 epis: 0.0000 loss: 80.5737 
episode: 835 count: 171 score: 19.5443 average_last200: 58.7315 epis: 0.0000 loss: 71.3253 
episode: 836 count: 125 score: 2.7424 average_last200: 57.4773 epis: 0.0000 loss: 46.7592 
episode: 837 count: 195 score: 202.6792 average_last200: 58.6830 epis: 0.0000 loss: 72.5688 
episode: 838 count: 117 score: -38.2276 average_last200: 58.6503 epis: 0.0000 loss: 45.2706 
episode: 839 count: 218 score: 204.4804 average_last200: 59.8009 epis: 0.0000 loss: 73.6401 
episode: 840 count: 138 score: 6.0973 average_last200: 60.2030 epis: 0.0000 loss: 57.6041 
episode: 841 count: 125 score: -25.2763 average_last200: 60.4543 epis: 0.0000 loss: 43.1638 
episode: 842 count: 134 score: -25.0387 average_last200: 60.2971 epis: 0.0000 loss: 51.1516 
episode: 843 count: 361 score: 211.9742 average_last200: 62.1179 epis: 0.0000 loss: 125.0399 
episode: 844 count: 256 score: 237.3288 average_last200: 63.3950 epis: 0.0000 loss: 91.9960 
episode: 845 count: 203 score: 235.6234 average_last200: 64.6859 epis: 0.0000 loss: 72.6546 
episode: 846 count: 770 score: 177.2077 average_last200: 65.8219 epis: 0.0000 loss: 275.8545 
episode: 847 count: 210 score: -53.5565 average_last200: 65.8546 epis: 0.0000 loss: 86.2436 
episode: 848 count: 166 score: -10.4132 average_last200: 64.9471 epis: 0.0000 loss: 64.0837 
episode: 849 count: 124 score: 5.7317 average_last200: 65.1893 epis: 0.0000 loss: 40.7977 
episode: 850 count: 206 score: 201.5595 average_last200: 66.3321 epis: 0.0000 loss: 74.3538 
episode: 851 count: 400 score: 212.3521 average_last200: 67.5036 epis: 0.0000 loss: 156.3166 
episode: 852 count: 194 score: 214.0795 average_last200: 68.4450 epis: 0.0000 loss: 70.2941 
episode: 853 count: 199 score: 223.7585 average_last200: 69.5489 epis: 0.0000 loss: 85.0405 
episode: 854 count: 277 score: 205.3696 average_last200: 70.8558 epis: 0.0000 loss: 101.1432 
episode: 855 count: 453 score: 200.6641 average_last200: 71.9822 epis: 0.0000 loss: 170.4518 
episode: 856 count: 334 score: 229.3411 average_last200: 73.1879 epis: 0.0000 loss: 136.1795 
episode: 857 count: 130 score: -51.2076 average_last200: 74.4640 epis: 0.0000 loss: 46.4914 
episode: 858 count: 273 score: 243.3913 average_last200: 75.7571 epis: 0.0000 loss: 113.0117 
episode: 859 count: 171 score: 208.6536 average_last200: 76.7499 epis: 0.0000 loss: 53.5464 
episode: 860 count: 191 score: 205.5532 average_last200: 78.3276 epis: 0.0000 loss: 72.3265 
episode: 861 count: 206 score: 248.9375 average_last200: 79.8059 epis: 0.0000 loss: 77.7853 
episode: 862 count: 306 score: 245.8923 average_last200: 81.1122 epis: 0.0000 loss: 101.9393 
episode: 863 count: 87 score: -21.6693 average_last200: 80.9602 epis: 0.0000 loss: 37.1567 
episode: 864 count: 143 score: -10.4262 average_last200: 81.0718 epis: 0.0000 loss: 50.7129 
episode: 865 count: 193 score: 222.8123 average_last200: 82.5579 epis: 0.0000 loss: 72.1651 
episode: 866 count: 448 score: 180.2307 average_last200: 83.7914 epis: 0.0000 loss: 176.0887 
episode: 867 count: 117 score: -2.7791 average_last200: 84.2551 epis: 0.0000 loss: 39.4199 
episode: 868 count: 123 score: 17.8298 average_last200: 84.4028 epis: 0.0000 loss: 47.6671 
episode: 869 count: 146 score: -12.4725 average_last200: 85.1026 epis: 0.0000 loss: 53.3523 
episode: 870 count: 174 score: 241.5798 average_last200: 86.3827 epis: 0.0000 loss: 64.7280 
episode: 871 count: 88 score: -24.5028 average_last200: 85.6100 epis: 0.0000 loss: 34.5841 
episode: 872 count: 107 score: -46.9654 average_last200: 85.5265 epis: 0.0000 loss: 38.7813 
episode: 873 count: 176 score: 207.3892 average_last200: 86.6065 epis: 0.0000 loss: 59.9410 
episode: 874 count: 135 score: -19.0449 average_last200: 86.6985 epis: 0.0000 loss: 41.9489 
episode: 875 count: 146 score: 232.7536 average_last200: 88.0698 epis: 0.0000 loss: 48.0900 
episode: 876 count: 189 score: -60.2862 average_last200: 88.0274 epis: 0.0000 loss: 59.7742 
episode: 877 count: 372 score: -344.6928 average_last200: 87.8791 epis: 0.0000 loss: 125.3057 
episode: 878 count: 216 score: 246.7360 average_last200: 88.4821 epis: 0.0000 loss: 74.1737 
episode: 879 count: 197 score: 251.7833 average_last200: 89.7154 epis: 0.0000 loss: 74.5366 
episode: 880 count: 251 score: 220.1394 average_last200: 91.3337 epis: 0.0000 loss: 82.7303 
episode: 881 count: 199 score: 221.1628 average_last200: 92.3966 epis: 0.0000 loss: 77.3301 
episode: 882 count: 119 score: -17.8502 average_last200: 92.4741 epis: 0.0000 loss: 48.8613 
episode: 883 count: 241 score: 224.9353 average_last200: 93.7274 epis: 0.0000 loss: 88.1094 
episode: 884 count: 239 score: 219.1375 average_last200: 94.9679 epis: 0.0000 loss: 97.1442 
episode: 885 count: 217 score: 229.0752 average_last200: 96.3561 epis: 0.0000 loss: 88.8988 
episode: 886 count: 89 score: -278.0738 average_last200: 95.1520 epis: 0.0000 loss: 28.4542 
episode: 887 count: 223 score: 255.3572 average_last200: 96.3856 epis: 0.0000 loss: 87.4606 
episode: 888 count: 218 score: 237.8848 average_last200: 97.8078 epis: 0.0000 loss: 81.8191 
episode: 889 count: 217 score: 230.9752 average_last200: 98.1463 epis: 0.0000 loss: 76.8318 
episode: 890 count: 459 score: 204.9132 average_last200: 99.3339 epis: 0.0000 loss: 181.9244 
episode: 891 count: 198 score: 198.4289 average_last200: 100.4912 epis: 0.0000 loss: 79.5667 
episode: 892 count: 231 score: 222.0921 average_last200: 101.5375 epis: 0.0000 loss: 91.1151 
episode: 893 count: 229 score: 250.9607 average_last200: 101.5594 epis: 0.0000 loss: 90.5230 
episode: 894 count: 406 score: 198.5417 average_last200: 102.6905 epis: 0.0000 loss: 159.2387 
episode: 895 count: 182 score: 205.2354 average_last200: 102.6784 epis: 0.0000 loss: 64.8977 
episode: 896 count: 154 score: 15.2772 average_last200: 103.0586 epis: 0.0000 loss: 55.0018 
episode: 897 count: 180 score: 22.1681 average_last200: 103.2963 epis: 0.0000 loss: 62.4648 
episode: 898 count: 101 score: -26.7353 average_last200: 103.4602 epis: 0.0000 loss: 34.8542 
episode: 899 count: 276 score: 214.9234 average_last200: 104.7773 epis: 0.0000 loss: 92.3947 
episode: 900 count: 174 score: 230.7185 average_last200: 105.2305 epis: 0.0000 loss: 68.1813 
episode: 901 count: 214 score: 205.2291 average_last200: 105.0303 epis: 0.0000 loss: 81.5321 
episode: 902 count: 89 score: -72.0702 average_last200: 104.8864 epis: 0.0000 loss: 29.1788 
episode: 903 count: 138 score: 0.1929 average_last200: 105.1117 epis: 0.0000 loss: 47.1328 
episode: 904 count: 844 score: 133.0207 average_last200: 104.6451 epis: 0.0000 loss: 312.6152 
episode: 905 count: 679 score: 166.8308 average_last200: 105.3637 epis: 0.0000 loss: 272.5657 
episode: 906 count: 100 score: -9.6605 average_last200: 105.7184 epis: 0.0000 loss: 29.2719 
episode: 907 count: 116 score: -78.0579 average_last200: 105.3921 epis: 0.0000 loss: 45.8941 
episode: 908 count: 406 score: 247.4694 average_last200: 105.6589 epis: 0.0000 loss: 156.3123 
episode: 909 count: 233 score: 261.0159 average_last200: 107.1920 epis: 0.0000 loss: 84.5888 
episode: 910 count: 266 score: 240.3393 average_last200: 107.2578 epis: 0.0000 loss: 95.1663 
episode: 911 count: 233 score: -366.0482 average_last200: 104.4064 epis: 0.0000 loss: 88.4698 
episode: 912 count: 152 score: 222.0454 average_last200: 105.7918 epis: 0.0000 loss: 57.0153 
episode: 913 count: 184 score: 180.5351 average_last200: 105.7739 epis: 0.0000 loss: 63.8370 
episode: 914 count: 118 score: -19.0733 average_last200: 105.7128 epis: 0.0000 loss: 47.1781 
episode: 915 count: 242 score: 250.7017 average_last200: 105.8478 epis: 0.0000 loss: 82.9910 
episode: 916 count: 221 score: 248.8229 average_last200: 107.0131 epis: 0.0000 loss: 91.1700 
episode: 917 count: 175 score: 238.0986 average_last200: 107.1271 epis: 0.0000 loss: 55.1683 
episode: 918 count: 342 score: 197.7810 average_last200: 108.0959 epis: 0.0000 loss: 119.4304 
episode: 919 count: 79 score: -14.8262 average_last200: 107.0291 epis: 0.0000 loss: 23.3902 
episode: 920 count: 219 score: 232.6149 average_last200: 107.2588 epis: 0.0000 loss: 91.0851 
episode: 921 count: 411 score: 231.0989 average_last200: 108.5963 epis: 0.0000 loss: 149.8864 
episode: 922 count: 295 score: 228.6703 average_last200: 109.9293 epis: 0.0000 loss: 121.4027 
episode: 923 count: 380 score: 183.8076 average_last200: 110.3112 epis: 0.0000 loss: 135.7973 
episode: 924 count: 75 score: -60.6852 average_last200: 110.1164 epis: 0.0000 loss: 27.0547 
episode: 925 count: 204 score: -117.7093 average_last200: 109.8293 epis: 0.0000 loss: 79.8516 
episode: 926 count: 196 score: 210.7227 average_last200: 110.8668 epis: 0.0000 loss: 84.6456 
episode: 927 count: 206 score: 222.1479 average_last200: 110.8527 epis: 0.0000 loss: 83.5788 
episode: 928 count: 230 score: 211.3903 average_last200: 111.9326 epis: 0.0000 loss: 93.8921 
episode: 929 count: 157 score: 218.6160 average_last200: 111.9221 epis: 0.0000 loss: 59.4039 
episode: 930 count: 186 score: 238.0815 average_last200: 112.0102 epis: 0.0000 loss: 65.2927 
episode: 931 count: 108 score: 19.3176 average_last200: 111.1012 epis: 0.0000 loss: 39.8728 
episode: 932 count: 195 score: 215.8920 average_last200: 111.2047 epis: 0.0000 loss: 83.5285 
episode: 933 count: 191 score: 212.3645 average_last200: 111.4315 epis: 0.0000 loss: 72.5104 
episode: 934 count: 253 score: 216.2572 average_last200: 111.5378 epis: 0.0000 loss: 105.1914 
episode: 935 count: 279 score: 216.6181 average_last200: 111.3279 epis: 0.0000 loss: 105.8430 
episode: 936 count: 173 score: -50.3358 average_last200: 111.2599 epis: 0.0000 loss: 64.4628 
episode: 937 count: 819 score: -425.5638 average_last200: 109.0526 epis: 0.0000 loss: 304.1755 
episode: 938 count: 267 score: 216.9526 average_last200: 108.9574 epis: 0.0000 loss: 102.0805 
episode: 939 count: 244 score: 194.8072 average_last200: 108.9606 epis: 0.0000 loss: 96.8227 
episode: 940 count: 116 score: -29.6469 average_last200: 107.7945 epis: 0.0000 loss: 57.0027 
episode: 941 count: 225 score: 192.1258 average_last200: 107.7340 epis: 0.0000 loss: 92.4418 
episode: 942 count: 214 score: 253.5694 average_last200: 109.1105 epis: 0.0000 loss: 74.8782 
episode: 943 count: 170 score: 9.2941 average_last200: 109.3681 epis: 0.0000 loss: 57.8571 
episode: 944 count: 206 score: 222.6758 average_last200: 110.5706 epis: 0.0000 loss: 93.1541 
episode: 945 count: 234 score: 220.3339 average_last200: 111.8913 epis: 0.0000 loss: 77.5818 
episode: 946 count: 357 score: 238.3314 average_last200: 111.9137 epis: 0.0000 loss: 125.8112 
episode: 947 count: 267 score: 249.6921 average_last200: 113.2416 epis: 0.0000 loss: 112.7554 
episode: 948 count: 266 score: 180.5941 average_last200: 112.9048 epis: 0.0000 loss: 95.0217 
episode: 949 count: 119 score: -0.1214 average_last200: 113.1925 epis: 0.0000 loss: 59.2001 
episode: 950 count: 318 score: 191.4861 average_last200: 114.1920 epis: 0.0000 loss: 136.9319 
episode: 951 count: 283 score: 222.8274 average_last200: 115.3550 epis: 0.0000 loss: 107.4985 
episode: 952 count: 320 score: 223.9712 average_last200: 115.5417 epis: 0.0000 loss: 121.1926 
episode: 953 count: 233 score: 204.0069 average_last200: 116.6198 epis: 0.0000 loss: 90.5977 
episode: 954 count: 213 score: -7.2140 average_last200: 115.5172 epis: 0.0000 loss: 90.0287 
episode: 955 count: 256 score: 259.1273 average_last200: 116.9424 epis: 0.0000 loss: 99.2274 
episode: 956 count: 469 score: -254.3864 average_last200: 114.4481 epis: 0.0000 loss: 186.2649 
episode: 957 count: 227 score: 9.6722 average_last200: 114.8096 epis: 0.0000 loss: 97.4327 
episode: 958 count: 245 score: 244.9921 average_last200: 116.0247 epis: 0.0000 loss: 92.2907 
episode: 959 count: 615 score: 199.9389 average_last200: 115.9921 epis: 0.0000 loss: 266.1673 
episode: 960 count: 247 score: 252.3844 average_last200: 116.0747 epis: 0.0000 loss: 102.0844 
episode: 961 count: 279 score: 228.9969 average_last200: 115.9002 epis: 0.0000 loss: 106.8499 
episode: 962 count: 245 score: 246.2083 average_last200: 115.8589 epis: 0.0000 loss: 104.9840 
episode: 963 count: 213 score: 237.6935 average_last200: 115.8035 epis: 0.0000 loss: 67.0730 
episode: 964 count: 293 score: 225.7855 average_last200: 117.1715 epis: 0.0000 loss: 101.7329 
episode: 965 count: 231 score: 172.0397 average_last200: 117.1424 epis: 0.0000 loss: 92.7067 
episode: 966 count: 197 score: 240.3735 average_last200: 118.4548 epis: 0.0000 loss: 86.0480 
episode: 967 count: 523 score: 203.3533 average_last200: 120.5631 epis: 0.0000 loss: 214.1222 
episode: 968 count: 297 score: -74.4950 average_last200: 119.0737 epis: 0.0000 loss: 117.4962 
episode: 969 count: 333 score: 217.7884 average_last200: 122.3714 epis: 0.0000 loss: 125.4580 
episode: 970 count: 407 score: 174.5643 average_last200: 122.0966 epis: 0.0000 loss: 155.7212 
episode: 971 count: 600 score: 151.7132 average_last200: 121.9398 epis: 0.0000 loss: 253.2700 
episode: 972 count: 299 score: 236.4508 average_last200: 122.0018 epis: 0.0000 loss: 109.7255 
episode: 973 count: 212 score: 212.2141 average_last200: 121.8735 epis: 0.0000 loss: 88.8428 
episode: 974 count: 221 score: 247.1311 average_last200: 121.8677 epis: 0.0000 loss: 84.0228 
episode: 975 count: 66 score: -618.6647 average_last200: 117.6693 epis: 0.0000 loss: 26.5160 
episode: 976 count: 219 score: 226.9589 average_last200: 117.7250 epis: 0.0000 loss: 81.5214 
episode: 977 count: 649 score: 148.5470 average_last200: 118.8748 epis: 0.0000 loss: 245.8222 
episode: 978 count: 249 score: 220.3319 average_last200: 119.9758 epis: 0.0000 loss: 113.1089 
episode: 979 count: 160 score: 239.9860 average_last200: 121.1905 epis: 0.0000 loss: 56.0707 
episode: 980 count: 68 score: -653.1748 average_last200: 116.8814 epis: 0.0000 loss: 26.8937 
episode: 981 count: 179 score: 224.8760 average_last200: 116.7801 epis: 0.0000 loss: 65.6651 
episode: 982 count: 249 score: 220.1996 average_last200: 117.8638 epis: 0.0000 loss: 90.6766 
episode: 983 count: 261 score: 234.6061 average_last200: 119.2501 epis: 0.0000 loss: 88.5930 
episode: 984 count: 306 score: 229.5379 average_last200: 119.1831 epis: 0.0000 loss: 131.2169 
episode: 985 count: 101 score: -40.1376 average_last200: 117.9359 epis: 0.0000 loss: 39.2867 
episode: 986 count: 236 score: -64.9053 average_last200: 117.7412 epis: 0.0000 loss: 87.5231 
episode: 987 count: 86 score: -31.7407 average_last200: 117.7184 epis: 0.0000 loss: 30.9525 
episode: 988 count: 405 score: 188.5120 average_last200: 118.7945 epis: 0.0000 loss: 162.1494 
episode: 989 count: 231 score: 216.3589 average_last200: 120.0271 epis: 0.0000 loss: 91.5901 
episode: 990 count: 228 score: 201.0932 average_last200: 120.0699 epis: 0.0000 loss: 92.0305 
episode: 991 count: 229 score: 156.7608 average_last200: 120.9680 epis: 0.0000 loss: 93.6064 
episode: 992 count: 238 score: 186.1535 average_last200: 122.0003 epis: 0.0000 loss: 97.2000 
episode: 993 count: 123 score: -3.8768 average_last200: 121.9905 epis: 0.0000 loss: 47.5071 
episode: 994 count: 133 score: 1.7768 average_last200: 120.9973 epis: 0.0000 loss: 44.1931 
episode: 995 count: 318 score: 217.7084 average_last200: 122.1408 epis: 0.0000 loss: 116.4887 
episode: 996 count: 142 score: -339.5748 average_last200: 120.4821 epis: 0.0000 loss: 44.2696 
episode: 997 count: 156 score: 21.4524 average_last200: 120.5957 epis: 0.0000 loss: 71.2222 
episode: 998 count: 598 score: 154.6316 average_last200: 120.2515 epis: 0.0000 loss: 230.6182 
episode: 999 count: 263 score: 213.0274 average_last200: 121.4649 epis: 0.0000 loss: 108.0356 
