[33mWARN: gym.spaces.Box autodetected dtype as <class 'numpy.float32'>. Please provide explicit dtype.[0m
All para: Epis 1000 memlen 100000 gamma 0.990 epsilon 0.994 alpha 0.00500 batch 30 upfreq 500
episode: 0 count: 103 score: -201.7553 average_last200: -201.7553 epis: 0.9940 loss: 0.0000 
episode: 1 count: 84 score: -164.3968 average_last200: -183.0761 epis: 0.9880 loss: 0.0000 
episode: 2 count: 132 score: -150.1011 average_last200: -172.0844 epis: 0.9821 loss: 0.0000 
episode: 3 count: 75 score: -148.4693 average_last200: -166.1806 epis: 0.9762 loss: 0.0000 
episode: 4 count: 94 score: -340.2749 average_last200: -200.9995 epis: 0.9704 loss: 0.0000 
episode: 5 count: 89 score: -446.3863 average_last200: -241.8973 epis: 0.9645 loss: 0.0000 
episode: 6 count: 73 score: -105.7225 average_last200: -222.4438 epis: 0.9587 loss: 0.0000 
episode: 7 count: 65 score: -102.1820 average_last200: -207.4110 epis: 0.9530 loss: 0.0000 
episode: 8 count: 79 score: -152.1169 average_last200: -201.2672 epis: 0.9473 loss: 0.0000 
episode: 9 count: 81 score: -142.3618 average_last200: -195.3767 epis: 0.9416 loss: 0.0000 
episode: 10 count: 79 score: -372.3105 average_last200: -211.4616 epis: 0.9359 loss: 0.0000 
episode: 11 count: 81 score: -128.8373 average_last200: -204.5762 epis: 0.9303 loss: 21.7854 
episode: 12 count: 142 score: -354.8744 average_last200: -216.1376 epis: 0.9247 loss: 59.4843 
episode: 13 count: 95 score: -289.3160 average_last200: -221.3646 epis: 0.9192 loss: 31.1247 
episode: 14 count: 124 score: -164.8251 average_last200: -217.5953 epis: 0.9137 loss: 35.1128 
episode: 15 count: 111 score: -250.4771 average_last200: -219.6504 epis: 0.9082 loss: 32.5105 
episode: 16 count: 115 score: -327.4044 average_last200: -225.9889 epis: 0.9028 loss: 37.5681 
episode: 17 count: 96 score: -165.0813 average_last200: -222.6052 epis: 0.8973 loss: 26.2599 
episode: 18 count: 84 score: -116.6672 average_last200: -217.0295 epis: 0.8920 loss: 26.8026 
episode: 19 count: 123 score: -286.1647 average_last200: -220.4862 epis: 0.8866 loss: 38.1571 
episode: 20 count: 103 score: -152.9495 average_last200: -217.2702 epis: 0.8813 loss: 33.1070 
episode: 21 count: 146 score: -381.4079 average_last200: -224.7310 epis: 0.8760 loss: 40.3431 
episode: 22 count: 98 score: -160.1828 average_last200: -221.9246 epis: 0.8707 loss: 31.6761 
episode: 23 count: 115 score: -175.3491 average_last200: -219.9839 epis: 0.8655 loss: 27.8028 
episode: 24 count: 146 score: -304.2099 average_last200: -223.3530 epis: 0.8603 loss: 43.1785 
episode: 25 count: 58 score: -161.2736 average_last200: -220.9653 epis: 0.8552 loss: 16.6141 
episode: 26 count: 108 score: -203.9548 average_last200: -220.3353 epis: 0.8500 loss: 29.7096 
episode: 27 count: 73 score: -127.4340 average_last200: -217.0174 epis: 0.8449 loss: 19.9018 
episode: 28 count: 112 score: -212.6942 average_last200: -216.8683 epis: 0.8399 loss: 35.1072 
episode: 29 count: 86 score: -322.3421 average_last200: -220.3841 epis: 0.8348 loss: 25.5731 
episode: 30 count: 72 score: -152.9965 average_last200: -218.2103 epis: 0.8298 loss: 22.8188 
episode: 31 count: 78 score: -111.0408 average_last200: -214.8612 epis: 0.8248 loss: 23.3779 
episode: 32 count: 128 score: -360.6368 average_last200: -219.2787 epis: 0.8199 loss: 36.5881 
episode: 33 count: 93 score: -238.4274 average_last200: -219.8419 epis: 0.8150 loss: 28.2473 
episode: 34 count: 110 score: -151.5998 average_last200: -217.8921 epis: 0.8101 loss: 31.0591 
episode: 35 count: 81 score: -113.3229 average_last200: -214.9874 epis: 0.8052 loss: 26.8807 
episode: 36 count: 75 score: -138.2437 average_last200: -212.9133 epis: 0.8004 loss: 22.9938 
episode: 37 count: 124 score: -141.4393 average_last200: -211.0324 epis: 0.7956 loss: 33.0932 
episode: 38 count: 115 score: -154.3862 average_last200: -209.5799 epis: 0.7908 loss: 31.4773 
episode: 39 count: 127 score: -118.5325 average_last200: -207.3037 epis: 0.7861 loss: 33.9247 
episode: 40 count: 80 score: -232.4320 average_last200: -207.9166 epis: 0.7813 loss: 21.2239 
episode: 41 count: 119 score: -209.0214 average_last200: -207.9429 epis: 0.7767 loss: 32.2903 
episode: 42 count: 111 score: -215.7990 average_last200: -208.1256 epis: 0.7720 loss: 26.8792 
episode: 43 count: 177 score: -142.2603 average_last200: -206.6287 epis: 0.7674 loss: 42.9021 
episode: 44 count: 192 score: -146.9670 average_last200: -205.3029 epis: 0.7628 loss: 48.1038 
episode: 45 count: 63 score: -112.1001 average_last200: -203.2767 epis: 0.7582 loss: 16.3956 
episode: 46 count: 112 score: -222.5888 average_last200: -203.6876 epis: 0.7536 loss: 29.2723 
episode: 47 count: 133 score: -136.2566 average_last200: -202.2828 epis: 0.7491 loss: 37.5655 
episode: 48 count: 128 score: -361.1038 average_last200: -205.5240 epis: 0.7446 loss: 37.3738 
episode: 49 count: 71 score: -129.0621 average_last200: -203.9948 epis: 0.7401 loss: 23.7181 
episode: 50 count: 109 score: -151.3091 average_last200: -202.9617 epis: 0.7357 loss: 30.4023 
episode: 51 count: 91 score: -87.8106 average_last200: -200.7473 epis: 0.7313 loss: 27.0369 
episode: 52 count: 126 score: -149.4470 average_last200: -199.7794 epis: 0.7269 loss: 40.3290 
episode: 53 count: 89 score: -122.2779 average_last200: -198.3442 epis: 0.7225 loss: 28.2810 
episode: 54 count: 80 score: -98.0012 average_last200: -196.5197 epis: 0.7182 loss: 23.2153 
episode: 55 count: 83 score: -117.9748 average_last200: -195.1171 epis: 0.7139 loss: 30.5196 
episode: 56 count: 107 score: -139.2601 average_last200: -194.1372 epis: 0.7096 loss: 35.0593 
episode: 57 count: 73 score: -108.0615 average_last200: -192.6531 epis: 0.7054 loss: 26.7244 
episode: 58 count: 127 score: -59.8538 average_last200: -190.4023 epis: 0.7011 loss: 41.8286 
episode: 59 count: 101 score: -168.9691 average_last200: -190.0451 epis: 0.6969 loss: 31.4449 
episode: 60 count: 94 score: -98.9476 average_last200: -188.5517 epis: 0.6927 loss: 29.3838 
episode: 61 count: 123 score: -279.2760 average_last200: -190.0150 epis: 0.6886 loss: 35.7854 
episode: 62 count: 98 score: -157.4482 average_last200: -189.4980 epis: 0.6845 loss: 30.5262 
episode: 63 count: 124 score: -138.2494 average_last200: -188.6973 epis: 0.6803 loss: 42.9519 
episode: 64 count: 153 score: -113.1682 average_last200: -187.5353 epis: 0.6763 loss: 50.5529 
episode: 65 count: 82 score: -118.9453 average_last200: -186.4961 epis: 0.6722 loss: 25.1243 
episode: 66 count: 129 score: -123.9942 average_last200: -185.5632 epis: 0.6682 loss: 42.6596 
episode: 67 count: 179 score: -85.4421 average_last200: -184.0908 epis: 0.6642 loss: 52.2827 
episode: 68 count: 144 score: -118.7421 average_last200: -183.1437 epis: 0.6602 loss: 45.1714 
episode: 69 count: 166 score: -91.7274 average_last200: -181.8378 epis: 0.6562 loss: 48.9960 
episode: 70 count: 171 score: -98.7287 average_last200: -180.6672 epis: 0.6523 loss: 54.7989 
episode: 71 count: 129 score: -84.6063 average_last200: -179.3331 epis: 0.6484 loss: 35.5345 
episode: 72 count: 151 score: -91.0316 average_last200: -178.1234 epis: 0.6445 loss: 55.1263 
episode: 73 count: 90 score: -63.6545 average_last200: -176.5766 epis: 0.6406 loss: 27.7615 
episode: 74 count: 108 score: -75.6366 average_last200: -175.2307 epis: 0.6368 loss: 35.4353 
episode: 75 count: 182 score: -63.4220 average_last200: -173.7595 epis: 0.6329 loss: 58.3769 
episode: 76 count: 517 score: -40.6955 average_last200: -172.0314 epis: 0.6291 loss: 148.6235 
episode: 77 count: 125 score: -95.9948 average_last200: -171.0566 epis: 0.6254 loss: 37.5703 
episode: 78 count: 75 score: -87.5143 average_last200: -169.9991 epis: 0.6216 loss: 15.6573 
episode: 79 count: 76 score: -120.4578 average_last200: -169.3798 epis: 0.6179 loss: 26.1430 
episode: 80 count: 166 score: -221.4581 average_last200: -170.0228 epis: 0.6142 loss: 61.8519 
episode: 81 count: 107 score: -98.8497 average_last200: -169.1548 epis: 0.6105 loss: 38.4771 
episode: 82 count: 113 score: -133.4314 average_last200: -168.7244 epis: 0.6068 loss: 34.6379 
episode: 83 count: 89 score: -118.2421 average_last200: -168.1234 epis: 0.6032 loss: 32.3234 
episode: 84 count: 145 score: -142.8382 average_last200: -167.8260 epis: 0.5996 loss: 49.2799 
episode: 85 count: 130 score: -67.6991 average_last200: -166.6617 epis: 0.5960 loss: 36.9379 
episode: 86 count: 113 score: -52.7582 average_last200: -165.3525 epis: 0.5924 loss: 38.1860 
episode: 87 count: 93 score: -61.3987 average_last200: -164.1712 epis: 0.5888 loss: 26.7226 
episode: 88 count: 1000 score: -32.3095 average_last200: -162.6896 epis: 0.5853 loss: 318.2326 
episode: 89 count: 90 score: -92.1892 average_last200: -161.9062 epis: 0.5818 loss: 34.7318 
episode: 90 count: 83 score: -69.0972 average_last200: -160.8864 epis: 0.5783 loss: 27.1269 
episode: 91 count: 139 score: -40.4615 average_last200: -159.5774 epis: 0.5748 loss: 43.8163 
episode: 92 count: 134 score: -94.5768 average_last200: -158.8785 epis: 0.5714 loss: 45.9439 
episode: 93 count: 221 score: -186.7343 average_last200: -159.1748 epis: 0.5680 loss: 91.0926 
episode: 94 count: 139 score: -82.4344 average_last200: -158.3670 epis: 0.5646 loss: 47.9504 
episode: 95 count: 119 score: -42.9872 average_last200: -157.1651 epis: 0.5612 loss: 42.5711 
episode: 96 count: 134 score: -77.9562 average_last200: -156.3485 epis: 0.5578 loss: 44.5212 
episode: 97 count: 144 score: -38.1832 average_last200: -155.1428 epis: 0.5545 loss: 52.8602 
episode: 98 count: 147 score: -21.5046 average_last200: -153.7929 epis: 0.5511 loss: 47.1285 
episode: 99 count: 195 score: -9.8304 average_last200: -152.3533 epis: 0.5478 loss: 67.6955 
episode: 100 count: 106 score: -278.1180 average_last200: -153.5985 epis: 0.5445 loss: 40.5782 
episode: 101 count: 378 score: -42.6496 average_last200: -152.5107 epis: 0.5413 loss: 150.2650 
episode: 102 count: 82 score: -85.0947 average_last200: -151.8562 epis: 0.5380 loss: 35.2774 
episode: 103 count: 141 score: -68.9773 average_last200: -151.0593 epis: 0.5348 loss: 51.7102 
episode: 104 count: 115 score: -86.5685 average_last200: -150.4451 epis: 0.5316 loss: 43.5337 
episode: 105 count: 113 score: -110.8421 average_last200: -150.0715 epis: 0.5284 loss: 44.8048 
episode: 106 count: 96 score: -79.5085 average_last200: -149.4120 epis: 0.5252 loss: 37.9133 
episode: 107 count: 107 score: -136.4730 average_last200: -149.2922 epis: 0.5221 loss: 37.5618 
episode: 108 count: 84 score: -79.2026 average_last200: -148.6492 epis: 0.5189 loss: 29.9191 
episode: 109 count: 224 score: -9.7175 average_last200: -147.3862 epis: 0.5158 loss: 75.4145 
episode: 110 count: 1000 score: -81.7731 average_last200: -146.7951 epis: 0.5127 loss: 405.3052 
episode: 111 count: 265 score: -38.8531 average_last200: -145.8313 epis: 0.5097 loss: 102.3652 
episode: 112 count: 196 score: -47.3341 average_last200: -144.9596 epis: 0.5066 loss: 84.4237 
episode: 113 count: 139 score: -86.6727 average_last200: -144.4484 epis: 0.5036 loss: 61.8422 
episode: 114 count: 100 score: -87.9537 average_last200: -143.9571 epis: 0.5005 loss: 45.1041 
episode: 115 count: 112 score: -81.4118 average_last200: -143.4179 epis: 0.4975 loss: 40.8518 
episode: 116 count: 118 score: -63.4659 average_last200: -142.7346 epis: 0.4945 loss: 39.5213 
episode: 117 count: 117 score: -37.2841 average_last200: -141.8409 epis: 0.4916 loss: 53.8980 
episode: 118 count: 177 score: -88.2593 average_last200: -141.3906 epis: 0.4886 loss: 60.8326 
episode: 119 count: 168 score: -89.9485 average_last200: -140.9620 epis: 0.4857 loss: 69.7274 
episode: 120 count: 245 score: -240.1588 average_last200: -141.7818 epis: 0.4828 loss: 104.4952 
episode: 121 count: 111 score: -97.4323 average_last200: -141.4183 epis: 0.4799 loss: 53.5633 
episode: 122 count: 119 score: -28.5693 average_last200: -140.5008 epis: 0.4770 loss: 49.7011 
episode: 123 count: 97 score: -95.0995 average_last200: -140.1346 epis: 0.4741 loss: 37.1192 
episode: 124 count: 208 score: 21.0220 average_last200: -138.8454 epis: 0.4713 loss: 85.4985 
episode: 125 count: 124 score: -225.4398 average_last200: -139.5326 epis: 0.4685 loss: 50.3715 
episode: 126 count: 129 score: -100.0958 average_last200: -139.2221 epis: 0.4657 loss: 58.1800 
episode: 127 count: 461 score: -135.8027 average_last200: -139.1954 epis: 0.4629 loss: 189.3300 
episode: 128 count: 160 score: -55.5983 average_last200: -138.5474 epis: 0.4601 loss: 66.0908 
episode: 129 count: 442 score: -63.2971 average_last200: -137.9685 epis: 0.4573 loss: 194.1555 
episode: 130 count: 1000 score: -28.6889 average_last200: -137.1343 epis: 0.4546 loss: 454.2929 
episode: 131 count: 256 score: -233.3394 average_last200: -137.8631 epis: 0.4519 loss: 120.4976 
episode: 132 count: 107 score: -12.2532 average_last200: -136.9187 epis: 0.4491 loss: 53.4001 
episode: 133 count: 378 score: -182.5776 average_last200: -137.2594 epis: 0.4465 loss: 193.6102 
episode: 134 count: 101 score: -72.4274 average_last200: -136.7792 epis: 0.4438 loss: 45.6611 
episode: 135 count: 132 score: -83.2276 average_last200: -136.3855 epis: 0.4411 loss: 56.2823 
episode: 136 count: 115 score: -114.5065 average_last200: -136.2258 epis: 0.4385 loss: 54.0286 
episode: 137 count: 147 score: -101.7775 average_last200: -135.9761 epis: 0.4358 loss: 68.0948 
episode: 138 count: 107 score: -92.4961 average_last200: -135.6633 epis: 0.4332 loss: 54.3678 
episode: 139 count: 76 score: -84.4636 average_last200: -135.2976 epis: 0.4306 loss: 42.9101 
episode: 140 count: 172 score: -135.8372 average_last200: -135.3014 epis: 0.4280 loss: 80.5201 
episode: 141 count: 85 score: -59.8155 average_last200: -134.7698 epis: 0.4255 loss: 43.6572 
episode: 142 count: 143 score: -108.6272 average_last200: -134.5870 epis: 0.4229 loss: 61.2054 
episode: 143 count: 1000 score: -20.8836 average_last200: -133.7974 epis: 0.4204 loss: 532.6778 
episode: 144 count: 158 score: -69.6767 average_last200: -133.3552 epis: 0.4179 loss: 82.1465 
episode: 145 count: 129 score: -10.2164 average_last200: -132.5118 epis: 0.4153 loss: 67.7355 
episode: 146 count: 120 score: -67.0384 average_last200: -132.0664 epis: 0.4129 loss: 60.7579 
episode: 147 count: 129 score: -66.7519 average_last200: -131.6251 epis: 0.4104 loss: 66.8952 
episode: 148 count: 114 score: -86.0348 average_last200: -131.3191 epis: 0.4079 loss: 56.5298 
episode: 149 count: 125 score: 1.7936 average_last200: -130.4317 epis: 0.4055 loss: 64.9495 
episode: 150 count: 169 score: -93.9244 average_last200: -130.1899 epis: 0.4030 loss: 81.5343 
episode: 151 count: 101 score: -62.9281 average_last200: -129.7474 epis: 0.4006 loss: 42.5306 
episode: 152 count: 152 score: -59.3569 average_last200: -129.2873 epis: 0.3982 loss: 72.6373 
episode: 153 count: 171 score: -46.7820 average_last200: -128.7516 epis: 0.3958 loss: 78.8657 
episode: 154 count: 1000 score: -58.5676 average_last200: -128.2988 epis: 0.3935 loss: 541.9829 
episode: 155 count: 108 score: -29.5051 average_last200: -127.6655 epis: 0.3911 loss: 60.5293 
episode: 156 count: 130 score: -58.8147 average_last200: -127.2270 epis: 0.3887 loss: 69.1754 
episode: 157 count: 172 score: -5.6804 average_last200: -126.4577 epis: 0.3864 loss: 99.3055 
episode: 158 count: 157 score: -40.2109 average_last200: -125.9152 epis: 0.3841 loss: 118.4206 
episode: 159 count: 189 score: -0.5792 average_last200: -125.1319 epis: 0.3818 loss: 97.5262 
episode: 160 count: 372 score: -90.5978 average_last200: -124.9174 epis: 0.3795 loss: 231.6760 
episode: 161 count: 81 score: -93.8940 average_last200: -124.7259 epis: 0.3772 loss: 45.0688 
episode: 162 count: 111 score: -24.4464 average_last200: -124.1107 epis: 0.3750 loss: 66.0815 
episode: 163 count: 786 score: -274.0051 average_last200: -125.0247 epis: 0.3727 loss: 464.3838 
episode: 164 count: 111 score: -82.2379 average_last200: -124.7654 epis: 0.3705 loss: 49.3231 
episode: 165 count: 119 score: -83.4682 average_last200: -124.5166 epis: 0.3682 loss: 68.7125 
episode: 166 count: 1000 score: -197.4011 average_last200: -124.9530 epis: 0.3660 loss: 538.7092 
episode: 167 count: 123 score: 0.9990 average_last200: -124.2033 epis: 0.3638 loss: 77.7800 
episode: 168 count: 103 score: 12.5608 average_last200: -123.3940 epis: 0.3617 loss: 56.1434 
episode: 169 count: 1000 score: -10.8219 average_last200: -122.7319 epis: 0.3595 loss: 568.1562 
episode: 170 count: 104 score: -34.0292 average_last200: -122.2131 epis: 0.3573 loss: 55.2335 
episode: 171 count: 206 score: -37.8667 average_last200: -121.7227 epis: 0.3552 loss: 114.7343 
episode: 172 count: 117 score: -46.0255 average_last200: -121.2852 epis: 0.3531 loss: 66.5344 
episode: 173 count: 80 score: -61.7395 average_last200: -120.9430 epis: 0.3509 loss: 37.0886 
episode: 174 count: 157 score: -11.1318 average_last200: -120.3155 epis: 0.3488 loss: 107.1190 
episode: 175 count: 103 score: -82.0804 average_last200: -120.0982 epis: 0.3467 loss: 52.7953 
episode: 176 count: 1000 score: -94.2247 average_last200: -119.9521 epis: 0.3447 loss: 566.8483 
episode: 177 count: 1000 score: -49.7100 average_last200: -119.5574 epis: 0.3426 loss: 564.1003 
episode: 178 count: 1000 score: -2.6440 average_last200: -118.9043 epis: 0.3405 loss: 520.6406 
episode: 179 count: 113 score: -71.6146 average_last200: -118.6416 epis: 0.3385 loss: 49.6062 
episode: 180 count: 156 score: -52.3679 average_last200: -118.2754 epis: 0.3365 loss: 83.7246 
episode: 181 count: 1000 score: 23.0010 average_last200: -117.4992 epis: 0.3344 loss: 545.1383 
episode: 182 count: 102 score: -56.7491 average_last200: -117.1672 epis: 0.3324 loss: 51.5704 
episode: 183 count: 1000 score: -34.3579 average_last200: -116.7171 epis: 0.3304 loss: 564.0606 
episode: 184 count: 1000 score: -46.3266 average_last200: -116.3367 epis: 0.3285 loss: 574.1889 
episode: 185 count: 262 score: -91.8142 average_last200: -116.2048 epis: 0.3265 loss: 150.4616 
episode: 186 count: 1000 score: -15.4298 average_last200: -115.6659 epis: 0.3245 loss: 608.7491 
episode: 187 count: 1000 score: -41.6679 average_last200: -115.2723 epis: 0.3226 loss: 599.3018 
episode: 188 count: 183 score: -49.8797 average_last200: -114.9263 epis: 0.3206 loss: 107.0954 
episode: 189 count: 473 score: -103.0558 average_last200: -114.8638 epis: 0.3187 loss: 257.5373 
episode: 190 count: 128 score: -47.4672 average_last200: -114.5110 epis: 0.3168 loss: 64.4572 
episode: 191 count: 110 score: -91.8867 average_last200: -114.3931 epis: 0.3149 loss: 60.4986 
episode: 192 count: 132 score: 7.1349 average_last200: -113.7635 epis: 0.3130 loss: 78.2812 
episode: 193 count: 103 score: -50.1493 average_last200: -113.4356 epis: 0.3111 loss: 61.9818 
episode: 194 count: 516 score: -220.3036 average_last200: -113.9836 epis: 0.3093 loss: 291.1173 
episode: 195 count: 150 score: -29.5029 average_last200: -113.5526 epis: 0.3074 loss: 82.3700 
episode: 196 count: 1000 score: -1.2965 average_last200: -112.9827 epis: 0.3056 loss: 565.1200 
episode: 197 count: 1000 score: 73.3295 average_last200: -112.0418 epis: 0.3037 loss: 581.0818 
episode: 198 count: 236 score: -22.4191 average_last200: -111.5914 epis: 0.3019 loss: 144.8017 
episode: 199 count: 1000 score: 91.1272 average_last200: -110.5778 epis: 0.3001 loss: 580.3051 
episode: 200 count: 169 score: -94.2623 average_last200: -110.0404 epis: 0.2983 loss: 102.7495 
episode: 201 count: 1000 score: 6.5511 average_last200: -109.1856 epis: 0.2965 loss: 591.5382 
episode: 202 count: 1000 score: 12.2717 average_last200: -108.3737 epis: 0.2947 loss: 527.1854 
episode: 203 count: 1000 score: 61.3954 average_last200: -107.3244 epis: 0.2930 loss: 572.7898 
episode: 204 count: 127 score: -52.7215 average_last200: -105.8867 epis: 0.2912 loss: 67.5080 
episode: 205 count: 1000 score: 29.4360 average_last200: -103.5075 epis: 0.2895 loss: 551.9304 
episode: 206 count: 222 score: -34.1539 average_last200: -103.1497 epis: 0.2877 loss: 98.1158 
episode: 207 count: 82 score: -114.4063 average_last200: -103.2108 epis: 0.2860 loss: 35.1642 
episode: 208 count: 1000 score: 69.7921 average_last200: -102.1013 epis: 0.2843 loss: 486.9354 
episode: 209 count: 1000 score: 47.0598 average_last200: -101.1542 epis: 0.2826 loss: 481.9672 
episode: 210 count: 210 score: -98.6500 average_last200: -99.7859 epis: 0.2809 loss: 101.4782 
episode: 211 count: 221 score: -92.0468 average_last200: -99.6019 epis: 0.2792 loss: 97.8811 
episode: 212 count: 1000 score: 47.5697 average_last200: -97.5897 epis: 0.2775 loss: 502.9835 
episode: 213 count: 112 score: -27.7842 average_last200: -96.2820 epis: 0.2759 loss: 51.5335 
episode: 214 count: 1000 score: 68.9956 average_last200: -95.1129 epis: 0.2742 loss: 501.3823 
episode: 215 count: 1000 score: 79.9005 average_last200: -93.4610 epis: 0.2726 loss: 457.1943 
episode: 216 count: 1000 score: 98.9312 average_last200: -91.3294 epis: 0.2709 loss: 480.9888 
episode: 217 count: 1000 score: 68.0157 average_last200: -90.1639 epis: 0.2693 loss: 466.3751 
episode: 218 count: 1000 score: 42.5790 average_last200: -89.3677 epis: 0.2677 loss: 450.1285 
episode: 219 count: 152 score: -1.7802 average_last200: -87.9457 epis: 0.2661 loss: 69.0428 
episode: 220 count: 208 score: 27.1616 average_last200: -87.0452 epis: 0.2645 loss: 92.5503 
episode: 221 count: 143 score: -54.7899 average_last200: -85.4121 epis: 0.2629 loss: 60.8825 
episode: 222 count: 1000 score: 97.3206 average_last200: -84.1246 epis: 0.2613 loss: 433.9803 
episode: 223 count: 668 score: 182.0896 average_last200: -82.3374 epis: 0.2597 loss: 313.2275 
episode: 224 count: 119 score: -5.9524 average_last200: -80.8461 epis: 0.2582 loss: 58.8176 
episode: 225 count: 1000 score: -124.5224 average_last200: -80.6623 epis: 0.2566 loss: 437.3634 
episode: 226 count: 872 score: 209.9606 average_last200: -78.5928 epis: 0.2551 loss: 393.3723 
episode: 227 count: 119 score: -27.5479 average_last200: -78.0933 epis: 0.2536 loss: 41.6126 
episode: 228 count: 127 score: -59.3103 average_last200: -77.3264 epis: 0.2520 loss: 54.9534 
episode: 229 count: 137 score: -117.0007 average_last200: -76.2997 epis: 0.2505 loss: 53.1610 
episode: 230 count: 125 score: -65.1359 average_last200: -75.8604 epis: 0.2490 loss: 58.5324 
episode: 231 count: 835 score: 183.8449 average_last200: -74.3860 epis: 0.2475 loss: 359.3263 
episode: 232 count: 1000 score: 96.9805 average_last200: -72.0979 epis: 0.2461 loss: 462.2516 
episode: 233 count: 240 score: -65.7732 average_last200: -71.2346 epis: 0.2446 loss: 103.1250 
episode: 234 count: 1000 score: 65.1043 average_last200: -70.1511 epis: 0.2431 loss: 455.9130 
episode: 235 count: 150 score: -51.8418 average_last200: -69.8437 epis: 0.2416 loss: 65.2455 
episode: 236 count: 132 score: -123.1525 average_last200: -69.7682 epis: 0.2402 loss: 60.8767 
episode: 237 count: 833 score: 240.5656 average_last200: -67.8582 epis: 0.2388 loss: 362.9307 
episode: 238 count: 1000 score: 105.0564 average_last200: -66.5610 epis: 0.2373 loss: 420.6024 
episode: 239 count: 180 score: -21.6179 average_last200: -66.0764 epis: 0.2359 loss: 75.1429 
episode: 240 count: 134 score: -77.6004 average_last200: -65.3023 epis: 0.2345 loss: 64.7086 
episode: 241 count: 147 score: -43.4142 average_last200: -64.4742 epis: 0.2331 loss: 71.7700 
episode: 242 count: 490 score: 241.9832 average_last200: -62.1853 epis: 0.2317 loss: 186.7045 
episode: 243 count: 736 score: 237.4794 average_last200: -60.2866 epis: 0.2303 loss: 278.0060 
episode: 244 count: 1000 score: -84.0379 average_last200: -59.9720 epis: 0.2289 loss: 400.0447 
episode: 245 count: 127 score: 8.9638 average_last200: -59.3666 epis: 0.2275 loss: 58.0944 
episode: 246 count: 363 score: 229.4977 average_last200: -57.1062 epis: 0.2262 loss: 129.8821 
episode: 247 count: 101 score: -85.4901 average_last200: -56.8524 epis: 0.2248 loss: 45.9653 
episode: 248 count: 642 score: 224.1562 average_last200: -53.9261 epis: 0.2235 loss: 247.0162 
episode: 249 count: 114 score: -58.1804 average_last200: -53.5717 epis: 0.2221 loss: 47.6826 
episode: 250 count: 131 score: -58.1058 average_last200: -53.1057 epis: 0.2208 loss: 59.8575 
episode: 251 count: 120 score: -92.9680 average_last200: -53.1314 epis: 0.2195 loss: 51.3763 
episode: 252 count: 117 score: -104.2640 average_last200: -52.9055 epis: 0.2182 loss: 47.3952 
episode: 253 count: 156 score: -32.8362 average_last200: -52.4583 epis: 0.2168 loss: 62.6875 
episode: 254 count: 121 score: -21.7093 average_last200: -52.0769 epis: 0.2155 loss: 46.1581 
episode: 255 count: 143 score: -42.5070 average_last200: -51.6995 epis: 0.2142 loss: 70.7387 
episode: 256 count: 1000 score: 109.4567 average_last200: -50.4559 epis: 0.2130 loss: 398.7045 
episode: 257 count: 124 score: -28.2959 average_last200: -50.0571 epis: 0.2117 loss: 42.2617 
episode: 258 count: 1000 score: 111.7256 average_last200: -49.1992 epis: 0.2104 loss: 377.6430 
episode: 259 count: 178 score: -46.7357 average_last200: -48.5880 epis: 0.2092 loss: 64.1503 
episode: 260 count: 1000 score: -1.1226 average_last200: -48.0989 epis: 0.2079 loss: 356.8309 
episode: 261 count: 152 score: -18.6770 average_last200: -46.7959 epis: 0.2066 loss: 60.5570 
episode: 262 count: 1000 score: 142.0156 average_last200: -45.2986 epis: 0.2054 loss: 357.6000 
episode: 263 count: 492 score: 196.5342 average_last200: -43.6247 epis: 0.2042 loss: 177.2217 
episode: 264 count: 194 score: -47.0151 average_last200: -43.2939 epis: 0.2030 loss: 66.6725 
episode: 265 count: 1000 score: 80.6000 average_last200: -42.2962 epis: 0.2017 loss: 340.8120 
episode: 266 count: 114 score: -7.1826 average_last200: -41.7121 epis: 0.2005 loss: 33.6457 
episode: 267 count: 98 score: 5.9225 average_last200: -41.2553 epis: 0.1993 loss: 30.1726 
episode: 268 count: 156 score: -18.7520 average_last200: -40.7554 epis: 0.1981 loss: 51.0750 
episode: 269 count: 1000 score: 76.8064 average_last200: -39.9127 epis: 0.1969 loss: 350.1375 
episode: 270 count: 158 score: -42.3153 average_last200: -39.6306 epis: 0.1958 loss: 52.5251 
episode: 271 count: 1000 score: 87.2345 average_last200: -38.7714 epis: 0.1946 loss: 337.9931 
episode: 272 count: 424 score: -200.2073 average_last200: -39.3173 epis: 0.1934 loss: 147.0932 
episode: 273 count: 690 score: 205.6454 average_last200: -37.9708 epis: 0.1923 loss: 223.0721 
episode: 274 count: 96 score: -54.6432 average_last200: -37.8658 epis: 0.1911 loss: 28.9155 
episode: 275 count: 434 score: 211.5914 average_last200: -36.4908 epis: 0.1900 loss: 131.5959 
episode: 276 count: 206 score: -17.9580 average_last200: -36.3771 epis: 0.1888 loss: 62.1424 
episode: 277 count: 385 score: 202.8571 average_last200: -34.8828 epis: 0.1877 loss: 129.6174 
episode: 278 count: 357 score: 221.7027 average_last200: -33.3367 epis: 0.1866 loss: 113.7231 
episode: 279 count: 640 score: 211.2929 average_last200: -31.6780 epis: 0.1854 loss: 192.9210 
episode: 280 count: 382 score: 205.7143 average_last200: -29.5421 epis: 0.1843 loss: 125.4900 
episode: 281 count: 101 score: -19.1789 average_last200: -29.1438 epis: 0.1832 loss: 33.9539 
episode: 282 count: 807 score: 121.1796 average_last200: -27.8707 epis: 0.1821 loss: 270.7935 
episode: 283 count: 668 score: 204.3773 average_last200: -26.2576 epis: 0.1810 loss: 213.8510 
episode: 284 count: 278 score: 170.2310 average_last200: -24.6923 epis: 0.1799 loss: 82.3957 
episode: 285 count: 98 score: -44.6803 average_last200: -24.5772 epis: 0.1789 loss: 33.0976 
episode: 286 count: 130 score: -51.8534 average_last200: -24.5727 epis: 0.1778 loss: 48.6372 
episode: 287 count: 108 score: -35.5985 average_last200: -24.4437 epis: 0.1767 loss: 39.8960 
episode: 288 count: 352 score: 10.6920 average_last200: -24.2286 epis: 0.1757 loss: 115.6522 
episode: 289 count: 502 score: 224.0587 average_last200: -22.6474 epis: 0.1746 loss: 161.7154 
episode: 290 count: 181 score: 215.8593 average_last200: -21.2226 epis: 0.1736 loss: 60.2467 
episode: 291 count: 1000 score: 123.8658 average_last200: -20.4010 epis: 0.1725 loss: 318.8923 
episode: 292 count: 380 score: -434.7560 average_last200: -22.1019 epis: 0.1715 loss: 125.2775 
episode: 293 count: 163 score: -42.0852 average_last200: -21.3786 epis: 0.1705 loss: 51.7527 
episode: 294 count: 128 score: -36.3782 average_last200: -21.1484 epis: 0.1694 loss: 38.7726 
episode: 295 count: 122 score: -50.2081 average_last200: -21.1845 epis: 0.1684 loss: 33.9618 
episode: 296 count: 225 score: -42.7139 average_last200: -21.0082 epis: 0.1674 loss: 74.0432 
episode: 297 count: 198 score: 260.5430 average_last200: -19.5146 epis: 0.1664 loss: 58.8046 
episode: 298 count: 638 score: 227.6672 average_last200: -18.2688 epis: 0.1654 loss: 208.2645 
episode: 299 count: 596 score: 159.3923 average_last200: -17.4226 epis: 0.1644 loss: 189.7716 
episode: 300 count: 365 score: 167.4494 average_last200: -15.1948 epis: 0.1634 loss: 113.4760 
episode: 301 count: 1000 score: 88.6933 average_last200: -14.5381 epis: 0.1624 loss: 322.3884 
episode: 302 count: 93 score: -15.4441 average_last200: -14.1898 epis: 0.1615 loss: 37.4368 
episode: 303 count: 285 score: 227.8084 average_last200: -12.7059 epis: 0.1605 loss: 92.3602 
episode: 304 count: 824 score: 217.8414 average_last200: -11.1839 epis: 0.1595 loss: 258.2284 
episode: 305 count: 218 score: 215.2975 average_last200: -9.5532 epis: 0.1586 loss: 67.7636 
episode: 306 count: 355 score: 188.1617 average_last200: -8.2148 epis: 0.1576 loss: 104.8472 
episode: 307 count: 450 score: 220.2200 average_last200: -6.4313 epis: 0.1567 loss: 141.1953 
episode: 308 count: 444 score: -125.5124 average_last200: -6.6629 epis: 0.1557 loss: 130.8287 
episode: 309 count: 161 score: -76.0541 average_last200: -6.9946 epis: 0.1548 loss: 52.8757 
episode: 310 count: 186 score: -48.0244 average_last200: -6.8258 epis: 0.1539 loss: 66.4659 
episode: 311 count: 336 score: 168.1419 average_last200: -5.7909 epis: 0.1530 loss: 105.0714 
episode: 312 count: 572 score: 263.3888 average_last200: -4.2372 epis: 0.1520 loss: 176.6990 
episode: 313 count: 411 score: 215.3642 average_last200: -2.7271 epis: 0.1511 loss: 125.9344 
episode: 314 count: 121 score: -95.6410 average_last200: -2.7655 epis: 0.1502 loss: 39.6118 
episode: 315 count: 131 score: -78.9221 average_last200: -2.7531 epis: 0.1493 loss: 35.4923 
episode: 316 count: 122 score: -36.6878 average_last200: -2.6192 epis: 0.1484 loss: 41.2215 
episode: 317 count: 156 score: -38.3918 average_last200: -2.6247 epis: 0.1475 loss: 54.0471 
episode: 318 count: 151 score: -98.0178 average_last200: -2.6735 epis: 0.1466 loss: 51.6690 
episode: 319 count: 317 score: 180.2368 average_last200: -1.3226 epis: 0.1458 loss: 94.3678 
episode: 320 count: 572 score: 234.3634 average_last200: 1.0500 epis: 0.1449 loss: 177.4282 
episode: 321 count: 239 score: 216.9035 average_last200: 2.6217 epis: 0.1440 loss: 68.1382 
episode: 322 count: 463 score: 236.2874 average_last200: 3.9460 epis: 0.1432 loss: 157.3662 
episode: 323 count: 635 score: 215.6556 average_last200: 5.4998 epis: 0.1423 loss: 202.5819 
episode: 324 count: 468 score: 151.2544 average_last200: 6.1509 epis: 0.1414 loss: 148.6225 
episode: 325 count: 291 score: 237.5556 average_last200: 8.4659 epis: 0.1406 loss: 90.2188 
episode: 326 count: 104 score: -79.9592 average_last200: 8.5666 epis: 0.1397 loss: 30.2860 
episode: 327 count: 240 score: -73.1742 average_last200: 8.8798 epis: 0.1389 loss: 74.8607 
episode: 328 count: 599 score: 179.8507 average_last200: 10.0570 epis: 0.1381 loss: 197.1229 
episode: 329 count: 423 score: 227.2354 average_last200: 11.5097 epis: 0.1372 loss: 124.8998 
episode: 330 count: 362 score: 238.6727 average_last200: 12.8465 epis: 0.1364 loss: 114.3517 
episode: 331 count: 136 score: -29.4106 average_last200: 13.8661 epis: 0.1356 loss: 50.9057 
episode: 332 count: 632 score: -336.2965 average_last200: 12.2459 epis: 0.1348 loss: 214.4915 
episode: 333 count: 508 score: 112.8144 average_last200: 13.7229 epis: 0.1340 loss: 156.0897 
episode: 334 count: 908 score: -226.2416 average_last200: 12.9538 epis: 0.1332 loss: 276.7979 
episode: 335 count: 246 score: 226.9815 average_last200: 14.5048 epis: 0.1324 loss: 73.8109 
episode: 336 count: 145 score: -58.1759 average_last200: 14.7865 epis: 0.1316 loss: 46.4247 
episode: 337 count: 963 score: 195.1228 average_last200: 16.2710 epis: 0.1308 loss: 291.8726 
episode: 338 count: 520 score: 188.4676 average_last200: 17.6758 epis: 0.1300 loss: 158.2222 
episode: 339 count: 265 score: 166.6734 average_last200: 18.9315 epis: 0.1292 loss: 81.0801 
episode: 340 count: 130 score: -55.8835 average_last200: 19.3313 epis: 0.1285 loss: 39.8019 
episode: 341 count: 385 score: 207.3444 average_last200: 20.6671 epis: 0.1277 loss: 114.3123 
episode: 342 count: 265 score: 206.7429 average_last200: 22.2439 epis: 0.1269 loss: 76.6057 
episode: 343 count: 232 score: -121.6801 average_last200: 21.7399 epis: 0.1262 loss: 76.3909 
episode: 344 count: 1000 score: -139.9217 average_last200: 21.3887 epis: 0.1254 loss: 307.8210 
episode: 345 count: 539 score: 179.9963 average_last200: 22.3398 epis: 0.1246 loss: 181.8329 
episode: 346 count: 348 score: 209.1623 average_last200: 23.7208 epis: 0.1239 loss: 115.9132 
episode: 347 count: 341 score: 140.3650 average_last200: 24.7563 epis: 0.1232 loss: 103.2358 
episode: 348 count: 623 score: 153.3556 average_last200: 25.9533 epis: 0.1224 loss: 175.1638 
episode: 349 count: 549 score: 212.6917 average_last200: 27.0078 epis: 0.1217 loss: 166.1459 
episode: 350 count: 548 score: 174.8994 average_last200: 28.3519 epis: 0.1210 loss: 168.9681 
episode: 351 count: 94 score: -37.4168 average_last200: 28.4795 epis: 0.1202 loss: 23.7846 
episode: 352 count: 103 score: -35.2263 average_last200: 28.6001 epis: 0.1195 loss: 30.4664 
episode: 353 count: 307 score: 191.5774 average_last200: 29.7919 epis: 0.1188 loss: 87.2906 
episode: 354 count: 791 score: 157.0084 average_last200: 30.8698 epis: 0.1181 loss: 226.9373 
episode: 355 count: 641 score: 236.3998 average_last200: 32.1993 epis: 0.1174 loss: 188.3107 
episode: 356 count: 419 score: 181.5407 average_last200: 33.4011 epis: 0.1167 loss: 119.7488 
episode: 357 count: 297 score: 232.0909 average_last200: 34.5900 epis: 0.1160 loss: 98.1034 
episode: 358 count: 274 score: -43.8961 average_last200: 34.5715 epis: 0.1153 loss: 75.2618 
episode: 359 count: 99 score: -12.6109 average_last200: 34.5114 epis: 0.1146 loss: 28.4866 
episode: 360 count: 310 score: 232.1278 average_last200: 36.1250 epis: 0.1139 loss: 89.2691 
episode: 361 count: 249 score: -59.1130 average_last200: 36.2989 epis: 0.1132 loss: 69.5841 
episode: 362 count: 607 score: 149.5112 average_last200: 37.1687 epis: 0.1125 loss: 193.8195 
episode: 363 count: 227 score: 215.6195 average_last200: 39.6168 epis: 0.1119 loss: 69.7219 
episode: 364 count: 538 score: 200.1199 average_last200: 41.0286 epis: 0.1112 loss: 170.1207 
episode: 365 count: 123 score: -33.0779 average_last200: 41.2806 epis: 0.1105 loss: 40.2980 
episode: 366 count: 402 score: 218.6723 average_last200: 43.3609 epis: 0.1099 loss: 125.2274 
episode: 367 count: 262 score: 200.8458 average_last200: 44.3602 epis: 0.1092 loss: 75.3280 
episode: 368 count: 278 score: 154.9108 average_last200: 45.0719 epis: 0.1085 loss: 83.4379 
episode: 369 count: 511 score: 199.9573 average_last200: 46.1258 epis: 0.1079 loss: 148.6702 
episode: 370 count: 103 score: -169.3508 average_last200: 45.4492 epis: 0.1072 loss: 35.8163 
episode: 371 count: 281 score: 214.8545 average_last200: 46.7128 epis: 0.1066 loss: 82.2156 
episode: 372 count: 110 score: -7.4256 average_last200: 46.9058 epis: 0.1060 loss: 31.3363 
episode: 373 count: 408 score: 227.0594 average_last200: 48.3498 epis: 0.1053 loss: 126.3856 
episode: 374 count: 310 score: 209.3132 average_last200: 49.4520 epis: 0.1047 loss: 92.0110 
episode: 375 count: 117 score: -33.2542 average_last200: 49.6961 epis: 0.1041 loss: 34.8882 
episode: 376 count: 305 score: 218.2681 average_last200: 51.2586 epis: 0.1034 loss: 97.0207 
episode: 377 count: 695 score: 204.7667 average_last200: 52.5310 epis: 0.1028 loss: 187.3262 
episode: 378 count: 773 score: 117.5469 average_last200: 53.1320 epis: 0.1022 loss: 230.7337 
episode: 379 count: 264 score: 221.5553 average_last200: 54.5978 epis: 0.1016 loss: 68.4662 
episode: 380 count: 84 score: -2.9819 average_last200: 54.8447 epis: 0.1010 loss: 20.6128 
episode: 381 count: 463 score: 200.7567 average_last200: 55.7335 epis: 0.1004 loss: 132.6502 
episode: 382 count: 407 score: 158.5774 average_last200: 56.8101 epis: 0.0998 loss: 135.0907 
episode: 383 count: 270 score: 217.3720 average_last200: 58.0688 epis: 0.0992 loss: 85.5400 
episode: 384 count: 202 score: 227.6917 average_last200: 59.4389 epis: 0.0986 loss: 56.4370 
episode: 385 count: 365 score: 213.7091 average_last200: 60.9665 epis: 0.0980 loss: 101.0887 
episode: 386 count: 140 score: -37.0080 average_last200: 60.8586 epis: 0.0974 loss: 40.7369 
episode: 387 count: 363 score: 180.4870 average_last200: 61.9694 epis: 0.0968 loss: 110.8929 
episode: 388 count: 441 score: 220.3101 average_last200: 63.3203 epis: 0.0962 loss: 129.9329 
episode: 389 count: 520 score: 171.7825 average_last200: 64.6945 epis: 0.0957 loss: 145.7098 
episode: 390 count: 236 score: -61.9363 average_last200: 64.6222 epis: 0.0951 loss: 75.8272 
episode: 391 count: 249 score: 239.8640 average_last200: 66.2809 epis: 0.0945 loss: 74.0203 
episode: 392 count: 579 score: 245.0332 average_last200: 67.4704 epis: 0.0939 loss: 177.0685 
episode: 393 count: 355 score: 214.7968 average_last200: 68.7952 epis: 0.0934 loss: 105.3043 
episode: 394 count: 274 score: 200.1165 average_last200: 70.8973 epis: 0.0928 loss: 83.6990 
episode: 395 count: 158 score: -20.7464 average_last200: 70.9410 epis: 0.0923 loss: 45.8782 
episode: 396 count: 388 score: 209.1935 average_last200: 71.9935 epis: 0.0917 loss: 119.4691 
episode: 397 count: 213 score: 207.5285 average_last200: 72.6645 epis: 0.0912 loss: 54.0520 
episode: 398 count: 222 score: 226.0636 average_last200: 73.9069 epis: 0.0906 loss: 64.5808 
episode: 399 count: 149 score: -22.3036 average_last200: 73.3397 epis: 0.0901 loss: 40.1144 
episode: 400 count: 100 score: 16.1061 average_last200: 73.8916 epis: 0.0895 loss: 28.1212 
episode: 401 count: 373 score: 226.2971 average_last200: 74.9903 epis: 0.0890 loss: 95.9073 
episode: 402 count: 321 score: 213.5228 average_last200: 75.9966 epis: 0.0885 loss: 95.2932 
episode: 403 count: 179 score: -30.0748 average_last200: 75.5392 epis: 0.0879 loss: 51.0914 
episode: 404 count: 278 score: 199.9028 average_last200: 76.8023 epis: 0.0874 loss: 79.1803 
episode: 405 count: 213 score: 194.0996 average_last200: 77.6257 epis: 0.0869 loss: 60.7170 
episode: 406 count: 191 score: 236.4644 average_last200: 78.9787 epis: 0.0863 loss: 44.3380 
episode: 407 count: 376 score: 231.6447 average_last200: 80.7090 epis: 0.0858 loss: 100.5298 
episode: 408 count: 134 score: 2.0855 average_last200: 80.3705 epis: 0.0853 loss: 39.6412 
episode: 409 count: 229 score: 251.4591 average_last200: 81.3925 epis: 0.0848 loss: 61.4544 
episode: 410 count: 256 score: 214.4066 average_last200: 82.9578 epis: 0.0843 loss: 65.7636 
episode: 411 count: 213 score: 215.7285 average_last200: 84.4966 epis: 0.0838 loss: 58.8647 
episode: 412 count: 511 score: 212.7038 average_last200: 85.3223 epis: 0.0833 loss: 140.5714 
episode: 413 count: 218 score: -16.8828 average_last200: 85.3768 epis: 0.0828 loss: 54.8013 
episode: 414 count: 276 score: 246.0767 average_last200: 86.2622 epis: 0.0823 loss: 68.8459 
episode: 415 count: 363 score: 228.7908 average_last200: 87.0067 epis: 0.0818 loss: 101.9192 
episode: 416 count: 325 score: 236.2529 average_last200: 87.6933 epis: 0.0813 loss: 89.3262 
episode: 417 count: 267 score: 233.6793 average_last200: 88.5216 epis: 0.0808 loss: 69.6579 
episode: 418 count: 355 score: 231.5341 average_last200: 89.4664 epis: 0.0803 loss: 87.1800 
episode: 419 count: 205 score: 231.2402 average_last200: 90.6315 epis: 0.0799 loss: 51.7689 
episode: 420 count: 98 score: -7.3981 average_last200: 90.4587 epis: 0.0794 loss: 28.9028 
episode: 421 count: 314 score: 225.7011 average_last200: 91.8611 epis: 0.0789 loss: 87.3689 
episode: 422 count: 275 score: 227.8967 average_last200: 92.5140 epis: 0.0784 loss: 87.2780 
episode: 423 count: 381 score: 229.7367 average_last200: 92.7522 epis: 0.0780 loss: 86.5567 
episode: 424 count: 492 score: 182.5086 average_last200: 93.6945 epis: 0.0775 loss: 138.1898 
episode: 425 count: 257 score: 233.0787 average_last200: 95.4825 epis: 0.0770 loss: 60.8241 
episode: 426 count: 316 score: 223.3834 average_last200: 95.5497 epis: 0.0766 loss: 80.5261 
episode: 427 count: 238 score: 245.1219 average_last200: 96.9130 epis: 0.0761 loss: 62.0892 
episode: 428 count: 241 score: 235.0426 average_last200: 98.3848 epis: 0.0756 loss: 71.4475 
episode: 429 count: 97 score: -15.9373 average_last200: 98.8901 epis: 0.0752 loss: 31.7575 
episode: 430 count: 231 score: 246.2850 average_last200: 100.4472 epis: 0.0747 loss: 60.9535 
episode: 431 count: 215 score: 210.2601 average_last200: 100.5793 epis: 0.0743 loss: 53.1929 
episode: 432 count: 294 score: 237.8086 average_last200: 101.2834 epis: 0.0738 loss: 79.0451 
episode: 433 count: 258 score: 264.0126 average_last200: 102.9323 epis: 0.0734 loss: 62.9084 
episode: 434 count: 303 score: 204.3319 average_last200: 103.6285 epis: 0.0730 loss: 73.9975 
episode: 435 count: 170 score: 217.0647 average_last200: 104.9730 epis: 0.0725 loss: 43.1959 
episode: 436 count: 503 score: 93.1219 average_last200: 106.0544 epis: 0.0721 loss: 129.1816 
episode: 437 count: 1000 score: -21.7113 average_last200: 104.7430 epis: 0.0717 loss: 260.3419 
episode: 438 count: 395 score: 213.9013 average_last200: 105.2872 epis: 0.0712 loss: 95.4083 
episode: 439 count: 204 score: 236.2818 average_last200: 106.5767 epis: 0.0708 loss: 52.0291 
episode: 440 count: 114 score: -52.2188 average_last200: 106.7036 epis: 0.0704 loss: 31.6713 
episode: 441 count: 434 score: 210.1728 average_last200: 107.9716 epis: 0.0699 loss: 114.1819 
episode: 442 count: 398 score: 175.7719 average_last200: 107.6405 epis: 0.0695 loss: 115.1627 
episode: 443 count: 437 score: 197.0045 average_last200: 107.4381 epis: 0.0691 loss: 124.3669 
episode: 444 count: 399 score: 186.4872 average_last200: 108.7908 epis: 0.0687 loss: 121.6564 
episode: 445 count: 466 score: 124.0951 average_last200: 109.3664 epis: 0.0683 loss: 130.2384 
episode: 446 count: 216 score: 221.1250 average_last200: 109.3246 epis: 0.0679 loss: 64.6396 
episode: 447 count: 340 score: 236.1038 average_last200: 110.9325 epis: 0.0675 loss: 97.9687 
episode: 448 count: 234 score: 195.5329 average_last200: 110.7894 epis: 0.0671 loss: 57.5197 
episode: 449 count: 278 score: 219.3165 average_last200: 112.1769 epis: 0.0667 loss: 75.4222 
episode: 450 count: 237 score: 252.6750 average_last200: 113.7308 epis: 0.0663 loss: 67.0248 
episode: 451 count: 364 score: 220.8932 average_last200: 115.3001 epis: 0.0659 loss: 101.9558 
episode: 452 count: 263 score: 214.3665 average_last200: 116.8933 epis: 0.0655 loss: 64.0016 
episode: 453 count: 160 score: 15.6610 average_last200: 117.1357 epis: 0.0651 loss: 43.4458 
episode: 454 count: 102 score: -15.7967 average_last200: 117.1653 epis: 0.0647 loss: 21.3727 
episode: 455 count: 268 score: 239.9469 average_last200: 118.5776 epis: 0.0643 loss: 59.0982 
episode: 456 count: 718 score: 107.4309 average_last200: 118.5674 epis: 0.0639 loss: 188.2119 
episode: 457 count: 293 score: 237.4777 average_last200: 119.8963 epis: 0.0635 loss: 76.3574 
episode: 458 count: 120 score: -12.0267 average_last200: 119.2775 epis: 0.0631 loss: 28.5576 
episode: 459 count: 329 score: 244.6104 average_last200: 120.7343 epis: 0.0628 loss: 89.0566 
episode: 460 count: 989 score: 89.6791 average_last200: 121.1883 epis: 0.0624 loss: 269.6081 
episode: 461 count: 406 score: 191.5582 average_last200: 122.2395 epis: 0.0620 loss: 119.4545 
episode: 462 count: 103 score: -28.7404 average_last200: 121.3857 epis: 0.0616 loss: 33.3413 
episode: 463 count: 205 score: 202.2384 average_last200: 121.4142 epis: 0.0613 loss: 53.4793 
episode: 464 count: 281 score: 191.5916 average_last200: 122.6072 epis: 0.0609 loss: 76.6647 
episode: 465 count: 252 score: 242.1921 average_last200: 123.4152 epis: 0.0605 loss: 71.6438 
episode: 466 count: 205 score: 256.8237 average_last200: 124.7352 epis: 0.0602 loss: 67.3672 
episode: 467 count: 305 score: 203.3386 average_last200: 125.7223 epis: 0.0598 loss: 85.2527 
episode: 468 count: 413 score: 182.6581 average_last200: 126.7294 epis: 0.0595 loss: 117.8661 
episode: 469 count: 431 score: 143.6934 average_last200: 127.0638 epis: 0.0591 loss: 122.3267 
episode: 470 count: 406 score: 176.4848 average_last200: 128.1578 epis: 0.0587 loss: 107.6943 
episode: 471 count: 501 score: 206.2733 average_last200: 128.7530 epis: 0.0584 loss: 143.4434 
episode: 472 count: 322 score: 176.8197 average_last200: 130.6381 epis: 0.0580 loss: 94.1682 
episode: 473 count: 390 score: 200.2300 average_last200: 130.6111 epis: 0.0577 loss: 105.4912 
episode: 474 count: 299 score: 239.1226 average_last200: 132.0799 epis: 0.0573 loss: 84.1855 
episode: 475 count: 356 score: 220.9991 average_last200: 132.1269 epis: 0.0570 loss: 121.7945 
episode: 476 count: 301 score: 231.2940 average_last200: 133.3732 epis: 0.0567 loss: 93.0234 
episode: 477 count: 216 score: 239.5042 average_last200: 133.5564 epis: 0.0563 loss: 58.7614 
episode: 478 count: 300 score: 191.1481 average_last200: 133.4036 epis: 0.0560 loss: 82.6812 
episode: 479 count: 340 score: 210.7480 average_last200: 133.4009 epis: 0.0556 loss: 101.1584 
episode: 480 count: 275 score: 208.0895 average_last200: 133.4128 epis: 0.0553 loss: 76.6411 
episode: 481 count: 241 score: 261.4318 average_last200: 134.8158 epis: 0.0550 loss: 59.2313 
episode: 482 count: 367 score: 246.3269 average_last200: 135.4416 epis: 0.0547 loss: 88.3408 
episode: 483 count: 267 score: 239.4245 average_last200: 135.6168 epis: 0.0543 loss: 73.5863 
episode: 484 count: 186 score: -33.7415 average_last200: 134.5970 epis: 0.0540 loss: 63.3565 
episode: 485 count: 409 score: 180.8002 average_last200: 135.7244 epis: 0.0537 loss: 121.7972 
episode: 486 count: 438 score: 226.5510 average_last200: 137.1164 epis: 0.0534 loss: 127.5465 
episode: 487 count: 269 score: 236.4346 average_last200: 138.4765 epis: 0.0530 loss: 79.8796 
episode: 488 count: 138 score: -12.1899 average_last200: 138.3621 epis: 0.0527 loss: 34.4067 
episode: 489 count: 331 score: 151.2905 average_last200: 137.9983 epis: 0.0524 loss: 94.4929 
episode: 490 count: 209 score: 222.3445 average_last200: 138.0307 epis: 0.0521 loss: 66.3243 
episode: 491 count: 278 score: 217.2666 average_last200: 138.4977 epis: 0.0518 loss: 79.9570 
episode: 492 count: 149 score: -23.9109 average_last200: 140.5520 epis: 0.0515 loss: 41.3027 
episode: 493 count: 221 score: 219.9819 average_last200: 141.8623 epis: 0.0512 loss: 58.1383 
episode: 494 count: 324 score: 214.6054 average_last200: 143.1172 epis: 0.0508 loss: 84.9673 
episode: 495 count: 253 score: 246.7718 average_last200: 144.6021 epis: 0.0505 loss: 60.3443 
episode: 496 count: 224 score: 209.1966 average_last200: 145.8617 epis: 0.0502 loss: 51.4003 
episode: 497 count: 264 score: 202.8920 average_last200: 145.5734 epis: 0.0499 loss: 65.5903 
episode: 498 count: 121 score: -9.7643 average_last200: 144.3862 epis: 0.0496 loss: 29.3813 
episode: 499 count: 161 score: -10.4436 average_last200: 143.5371 epis: 0.0493 loss: 40.9651 
episode: 500 count: 113 score: 10.2020 average_last200: 142.7508 epis: 0.0490 loss: 28.6278 
episode: 501 count: 397 score: 181.8613 average_last200: 143.2167 epis: 0.0487 loss: 102.7606 
episode: 502 count: 199 score: 244.4212 average_last200: 144.5160 epis: 0.0485 loss: 54.5939 
episode: 503 count: 120 score: -41.0059 average_last200: 143.1719 epis: 0.0482 loss: 32.9727 
episode: 504 count: 155 score: -13.6390 average_last200: 142.0145 epis: 0.0479 loss: 45.0684 
episode: 505 count: 181 score: -20.8269 average_last200: 140.8339 epis: 0.0476 loss: 53.4250 
episode: 506 count: 108 score: 15.0300 average_last200: 139.9682 epis: 0.0473 loss: 25.7556 
episode: 507 count: 197 score: 222.6795 average_last200: 139.9805 epis: 0.0470 loss: 55.1324 
episode: 508 count: 224 score: 184.9816 average_last200: 141.5330 epis: 0.0467 loss: 53.5710 
episode: 509 count: 133 score: -16.2268 average_last200: 141.8321 epis: 0.0465 loss: 38.5637 
episode: 510 count: 206 score: 197.0682 average_last200: 143.0576 epis: 0.0462 loss: 55.5543 
episode: 511 count: 155 score: -33.0728 average_last200: 142.0515 epis: 0.0459 loss: 44.5081 
episode: 512 count: 429 score: 207.8506 average_last200: 141.7738 epis: 0.0456 loss: 113.6150 
episode: 513 count: 431 score: 132.3014 average_last200: 141.3585 epis: 0.0454 loss: 134.5091 
episode: 514 count: 419 score: 212.6333 average_last200: 142.8999 epis: 0.0451 loss: 117.2879 
episode: 515 count: 149 score: -30.8937 average_last200: 143.1400 epis: 0.0448 loss: 43.6098 
episode: 516 count: 200 score: 214.8683 average_last200: 144.3978 epis: 0.0445 loss: 48.7221 
episode: 517 count: 231 score: 200.2308 average_last200: 145.5909 epis: 0.0443 loss: 58.2092 
episode: 518 count: 214 score: -40.0017 average_last200: 145.8810 epis: 0.0440 loss: 62.7203 
episode: 519 count: 240 score: 234.9127 average_last200: 146.1544 epis: 0.0437 loss: 73.4128 
episode: 520 count: 575 score: -192.2537 average_last200: 144.0213 epis: 0.0435 loss: 149.9632 
episode: 521 count: 80 score: -0.4419 average_last200: 142.9346 epis: 0.0432 loss: 21.2060 
episode: 522 count: 384 score: 198.5123 average_last200: 142.7457 epis: 0.0430 loss: 103.2407 
episode: 523 count: 322 score: 213.6478 average_last200: 142.7357 epis: 0.0427 loss: 83.2445 
episode: 524 count: 394 score: 193.2549 average_last200: 142.9457 epis: 0.0424 loss: 86.6912 
episode: 525 count: 242 score: -37.7508 average_last200: 141.5691 epis: 0.0422 loss: 66.1363 
episode: 526 count: 173 score: -51.6659 average_last200: 141.7106 epis: 0.0419 loss: 43.8798 
episode: 527 count: 390 score: 155.1812 average_last200: 142.8524 epis: 0.0417 loss: 105.0945 
episode: 528 count: 233 score: 249.4272 average_last200: 143.2003 epis: 0.0414 loss: 59.7154 
episode: 529 count: 565 score: 230.4265 average_last200: 143.2162 epis: 0.0412 loss: 150.6886 
episode: 530 count: 289 score: 239.2655 average_last200: 143.2192 epis: 0.0409 loss: 81.4476 
episode: 531 count: 302 score: 225.6060 average_last200: 144.4943 epis: 0.0407 loss: 82.4633 
episode: 532 count: 278 score: 237.7624 average_last200: 147.3646 epis: 0.0405 loss: 74.8951 
episode: 533 count: 264 score: 230.8355 average_last200: 147.9547 epis: 0.0402 loss: 67.7153 
episode: 534 count: 632 score: 136.3399 average_last200: 149.7676 epis: 0.0400 loss: 147.9906 
episode: 535 count: 580 score: 111.1610 average_last200: 149.1885 epis: 0.0397 loss: 150.3670 
episode: 536 count: 210 score: 217.5773 average_last200: 150.5672 epis: 0.0395 loss: 52.8348 
episode: 537 count: 150 score: 31.1320 average_last200: 149.7473 epis: 0.0393 loss: 30.8954 
episode: 538 count: 285 score: 215.7534 average_last200: 149.8837 epis: 0.0390 loss: 70.1194 
episode: 539 count: 191 score: 215.4748 average_last200: 150.1277 epis: 0.0388 loss: 49.1799 
episode: 540 count: 159 score: -54.0073 average_last200: 150.1371 epis: 0.0386 loss: 38.3855 
episode: 541 count: 125 score: -77.5375 average_last200: 148.7127 epis: 0.0383 loss: 36.0306 
episode: 542 count: 431 score: 194.2250 average_last200: 148.6501 epis: 0.0381 loss: 111.5892 
episode: 543 count: 307 score: -262.7025 average_last200: 147.9450 epis: 0.0379 loss: 78.5453 
episode: 544 count: 416 score: 230.8417 average_last200: 149.7988 epis: 0.0376 loss: 111.8263 
episode: 545 count: 233 score: 223.0289 average_last200: 150.0140 epis: 0.0374 loss: 58.3478 
episode: 546 count: 737 score: 117.6027 average_last200: 149.5562 epis: 0.0372 loss: 163.4317 
episode: 547 count: 148 score: -0.7992 average_last200: 148.8504 epis: 0.0370 loss: 39.8974 
episode: 548 count: 274 score: -47.2890 average_last200: 147.8471 epis: 0.0367 loss: 66.9913 
episode: 549 count: 417 score: 212.6810 average_last200: 147.8471 epis: 0.0365 loss: 98.0031 
episode: 550 count: 288 score: 227.5146 average_last200: 148.1102 epis: 0.0363 loss: 62.3289 
episode: 551 count: 252 score: 198.3844 average_last200: 149.2892 epis: 0.0361 loss: 55.7020 
episode: 552 count: 87 score: -3.9670 average_last200: 149.4455 epis: 0.0359 loss: 21.0198 
episode: 553 count: 187 score: 243.9031 average_last200: 149.7071 epis: 0.0356 loss: 43.7433 
episode: 554 count: 107 score: -13.3215 average_last200: 148.8554 epis: 0.0354 loss: 24.4368 
episode: 555 count: 360 score: 212.1276 average_last200: 148.7341 epis: 0.0352 loss: 84.3585 
episode: 556 count: 279 score: -251.7904 average_last200: 146.5674 epis: 0.0350 loss: 62.6787 
episode: 557 count: 93 score: -62.9790 average_last200: 145.0921 epis: 0.0348 loss: 24.1133 
episode: 558 count: 128 score: -175.6777 average_last200: 144.4332 epis: 0.0346 loss: 27.4735 
episode: 559 count: 175 score: -113.6022 average_last200: 143.9282 epis: 0.0344 loss: 38.3409 
episode: 560 count: 356 score: 234.1948 average_last200: 143.9385 epis: 0.0342 loss: 88.2451 
episode: 561 count: 246 score: 196.8369 average_last200: 145.2183 epis: 0.0340 loss: 62.8150 
episode: 562 count: 99 score: -43.4069 average_last200: 144.2537 epis: 0.0338 loss: 21.4962 
episode: 563 count: 86 score: -8.6121 average_last200: 143.1325 epis: 0.0336 loss: 22.3459 
episode: 564 count: 261 score: 261.9784 average_last200: 143.4418 epis: 0.0334 loss: 69.8237 
episode: 565 count: 154 score: -26.5259 average_last200: 143.4746 epis: 0.0332 loss: 31.5419 
episode: 566 count: 259 score: 244.8978 average_last200: 143.6057 epis: 0.0330 loss: 61.3924 
episode: 567 count: 326 score: 206.8312 average_last200: 143.6356 epis: 0.0328 loss: 79.6461 
episode: 568 count: 368 score: 224.0069 average_last200: 143.9811 epis: 0.0326 loss: 96.9174 
episode: 569 count: 303 score: 231.5496 average_last200: 144.1391 epis: 0.0324 loss: 64.9621 
episode: 570 count: 130 score: -9.9323 average_last200: 144.9362 epis: 0.0322 loss: 27.8944 
episode: 571 count: 111 score: 21.8405 average_last200: 143.9711 epis: 0.0320 loss: 29.3113 
episode: 572 count: 518 score: 181.0912 average_last200: 144.9137 epis: 0.0318 loss: 132.4408 
episode: 573 count: 203 score: 256.4724 average_last200: 145.0608 epis: 0.0316 loss: 39.1472 
episode: 574 count: 136 score: -21.2905 average_last200: 143.9077 epis: 0.0314 loss: 33.0035 
episode: 575 count: 397 score: 225.5118 average_last200: 145.2016 epis: 0.0312 loss: 95.5867 
episode: 576 count: 322 score: 214.9183 average_last200: 145.1848 epis: 0.0310 loss: 70.9337 
episode: 577 count: 304 score: 208.2550 average_last200: 145.2023 epis: 0.0309 loss: 68.7535 
episode: 578 count: 258 score: 214.9262 average_last200: 145.6892 epis: 0.0307 loss: 60.7026 
episode: 579 count: 282 score: 243.7898 average_last200: 145.8003 epis: 0.0305 loss: 68.2066 
episode: 580 count: 174 score: -1.4384 average_last200: 145.8080 epis: 0.0303 loss: 39.3192 
episode: 581 count: 209 score: 196.3399 average_last200: 145.7860 epis: 0.0301 loss: 43.2784 
episode: 582 count: 119 score: -39.6235 average_last200: 144.7950 epis: 0.0299 loss: 29.0115 
episode: 583 count: 87 score: -10.7146 average_last200: 143.6545 epis: 0.0298 loss: 21.2039 
episode: 584 count: 259 score: 219.8968 average_last200: 143.6156 epis: 0.0296 loss: 66.7427 
episode: 585 count: 235 score: -5.7179 average_last200: 142.5184 epis: 0.0294 loss: 52.6114 
episode: 586 count: 118 score: -25.8054 average_last200: 142.5744 epis: 0.0292 loss: 27.2692 
episode: 587 count: 194 score: 204.0467 average_last200: 142.6922 epis: 0.0291 loss: 47.0804 
episode: 588 count: 128 score: -9.8245 average_last200: 141.5416 epis: 0.0289 loss: 30.2274 
episode: 589 count: 117 score: 4.3278 average_last200: 140.7043 epis: 0.0287 loss: 33.5170 
episode: 590 count: 192 score: -11.5488 average_last200: 140.9562 epis: 0.0285 loss: 48.1988 
episode: 591 count: 205 score: -12.7318 average_last200: 139.6932 epis: 0.0284 loss: 47.0311 
episode: 592 count: 184 score: 212.9613 average_last200: 139.5329 epis: 0.0282 loss: 43.1373 
episode: 593 count: 158 score: -41.8441 average_last200: 138.2497 epis: 0.0280 loss: 43.2153 
episode: 594 count: 320 score: 201.4312 average_last200: 138.2563 epis: 0.0279 loss: 70.3113 
episode: 595 count: 78 score: -178.1808 average_last200: 137.4691 epis: 0.0277 loss: 18.3156 
episode: 596 count: 103 score: -27.0945 average_last200: 136.2876 epis: 0.0275 loss: 22.5682 
episode: 597 count: 85 score: -10.0491 average_last200: 135.1998 epis: 0.0274 loss: 20.5307 
episode: 598 count: 331 score: 219.5705 average_last200: 135.1673 epis: 0.0272 loss: 82.3008 
episode: 599 count: 120 score: -23.2436 average_last200: 135.1626 epis: 0.0270 loss: 27.9445 
episode: 600 count: 88 score: -20.3982 average_last200: 134.9801 epis: 0.0269 loss: 21.0439 
episode: 601 count: 259 score: 211.8402 average_last200: 134.9078 epis: 0.0267 loss: 65.3418 
episode: 602 count: 175 score: 253.4417 average_last200: 135.1074 epis: 0.0265 loss: 43.4766 
episode: 603 count: 150 score: -14.3865 average_last200: 135.1858 epis: 0.0264 loss: 36.8328 
episode: 604 count: 69 score: -25.9694 average_last200: 134.0565 epis: 0.0262 loss: 20.0737 
episode: 605 count: 316 score: 250.3457 average_last200: 134.3377 epis: 0.0261 loss: 76.1239 
episode: 606 count: 89 score: 2.8198 average_last200: 133.1695 epis: 0.0259 loss: 21.0745 
episode: 607 count: 132 score: -28.7503 average_last200: 131.8675 epis: 0.0258 loss: 28.7379 
episode: 608 count: 152 score: -16.8963 average_last200: 131.7726 epis: 0.0256 loss: 50.1664 
episode: 609 count: 90 score: -71.3416 average_last200: 130.1586 epis: 0.0255 loss: 22.0218 
episode: 610 count: 162 score: 27.3061 average_last200: 129.2231 epis: 0.0253 loss: 53.1831 
episode: 611 count: 515 score: 215.4438 average_last200: 129.2216 epis: 0.0251 loss: 139.1280 
episode: 612 count: 90 score: -429.0739 average_last200: 126.0128 epis: 0.0250 loss: 23.6287 
episode: 613 count: 76 score: -387.3891 average_last200: 124.1602 epis: 0.0248 loss: 18.9552 
episode: 614 count: 323 score: 221.0511 average_last200: 124.0351 epis: 0.0247 loss: 85.1858 
episode: 615 count: 241 score: 237.3925 average_last200: 124.0781 epis: 0.0245 loss: 57.5431 
episode: 616 count: 75 score: -71.3613 average_last200: 122.5400 epis: 0.0244 loss: 21.0555 
episode: 617 count: 478 score: 242.3094 average_last200: 122.5832 epis: 0.0243 loss: 122.3986 
episode: 618 count: 95 score: -35.3014 average_last200: 121.2490 epis: 0.0241 loss: 23.9910 
episode: 619 count: 194 score: 240.8749 average_last200: 121.2972 epis: 0.0240 loss: 57.2393 
episode: 620 count: 169 score: -96.7078 average_last200: 120.8506 epis: 0.0238 loss: 47.8204 
episode: 621 count: 347 score: 248.8559 average_last200: 120.9664 epis: 0.0237 loss: 92.8924 
episode: 622 count: 321 score: 264.7149 average_last200: 121.1505 epis: 0.0235 loss: 82.5568 
episode: 623 count: 324 score: 219.4769 average_last200: 121.0992 epis: 0.0234 loss: 80.1454 
episode: 624 count: 201 score: -36.1304 average_last200: 120.0060 epis: 0.0233 loss: 47.6395 
episode: 625 count: 135 score: 11.9202 average_last200: 118.9002 epis: 0.0231 loss: 32.2926 
episode: 626 count: 133 score: 1.4486 average_last200: 117.7905 epis: 0.0230 loss: 29.1849 
episode: 627 count: 104 score: -53.5910 average_last200: 116.2970 epis: 0.0228 loss: 24.1101 
episode: 628 count: 158 score: -17.8726 average_last200: 115.0324 epis: 0.0227 loss: 37.4278 
episode: 629 count: 102 score: -48.1240 average_last200: 114.8715 epis: 0.0226 loss: 28.9116 
episode: 630 count: 329 score: 245.7514 average_last200: 114.8688 epis: 0.0224 loss: 78.9995 
episode: 631 count: 111 score: -10.4150 average_last200: 113.7654 epis: 0.0223 loss: 27.4348 
episode: 632 count: 156 score: -11.1605 average_last200: 112.5206 epis: 0.0222 loss: 44.1009 
episode: 633 count: 279 score: 238.6019 average_last200: 112.3935 epis: 0.0220 loss: 73.6000 
episode: 634 count: 168 score: 9.5483 average_last200: 111.4196 epis: 0.0219 loss: 43.4481 
episode: 635 count: 112 score: -13.2395 average_last200: 110.2681 epis: 0.0218 loss: 28.5443 
episode: 636 count: 160 score: 24.3673 average_last200: 109.9243 epis: 0.0216 loss: 44.4003 
episode: 637 count: 329 score: 209.3645 average_last200: 111.0797 epis: 0.0215 loss: 86.6609 
episode: 638 count: 126 score: -51.4042 average_last200: 109.7532 epis: 0.0214 loss: 30.6571 
episode: 639 count: 283 score: 161.7034 average_last200: 109.3803 epis: 0.0212 loss: 67.9599 
episode: 640 count: 265 score: 214.9949 average_last200: 110.7163 epis: 0.0211 loss: 71.5933 
episode: 641 count: 1000 score: -170.6933 average_last200: 108.8120 epis: 0.0210 loss: 256.8090 
episode: 642 count: 91 score: -37.9564 average_last200: 107.7434 epis: 0.0209 loss: 24.9698 
episode: 643 count: 76 score: -16.2136 average_last200: 106.6773 epis: 0.0207 loss: 21.9685 
episode: 644 count: 198 score: 222.1664 average_last200: 106.8557 epis: 0.0206 loss: 48.6182 
episode: 645 count: 115 score: 13.7959 average_last200: 106.3042 epis: 0.0205 loss: 30.5187 
episode: 646 count: 254 score: 181.4520 average_last200: 106.1058 epis: 0.0204 loss: 63.3321 
episode: 647 count: 152 score: -69.4144 average_last200: 104.5782 epis: 0.0202 loss: 40.8746 
episode: 648 count: 291 score: 228.6102 average_last200: 104.7436 epis: 0.0201 loss: 79.7823 
episode: 649 count: 117 score: -63.5437 average_last200: 103.3293 epis: 0.0200 loss: 29.3562 
episode: 650 count: 134 score: -41.1886 average_last200: 101.8600 epis: 0.0199 loss: 32.6667 
episode: 651 count: 298 score: 231.5349 average_last200: 101.9132 epis: 0.0198 loss: 86.7745 
episode: 652 count: 217 score: -33.5927 average_last200: 100.6734 epis: 0.0196 loss: 55.7787 
episode: 653 count: 110 score: -43.1006 average_last200: 100.3796 epis: 0.0195 loss: 35.1463 
episode: 654 count: 172 score: -165.9382 average_last200: 99.6289 epis: 0.0194 loss: 55.0110 
episode: 655 count: 73 score: -47.9930 average_last200: 98.1892 epis: 0.0193 loss: 20.0447 
episode: 656 count: 100 score: -20.0765 average_last200: 97.5516 epis: 0.0192 loss: 23.1964 
episode: 657 count: 97 score: -24.1252 average_last200: 96.2436 epis: 0.0191 loss: 23.2054 
episode: 658 count: 89 score: -8.0766 average_last200: 96.2634 epis: 0.0190 loss: 24.4163 
episode: 659 count: 176 score: -42.6274 average_last200: 94.8272 epis: 0.0188 loss: 43.5185 
episode: 660 count: 81 score: -58.0638 average_last200: 94.0885 epis: 0.0187 loss: 21.2650 
episode: 661 count: 356 score: 216.9014 average_last200: 94.2152 epis: 0.0186 loss: 93.0937 
episode: 662 count: 768 score: 156.1965 average_last200: 95.1399 epis: 0.0185 loss: 215.3612 
episode: 663 count: 228 score: -19.8906 average_last200: 94.0292 epis: 0.0184 loss: 54.9528 
episode: 664 count: 210 score: 234.2940 average_last200: 94.2427 epis: 0.0183 loss: 63.0769 
episode: 665 count: 373 score: 213.6313 average_last200: 94.0999 epis: 0.0182 loss: 92.6079 
episode: 666 count: 496 score: 202.1691 average_last200: 93.8267 epis: 0.0181 loss: 135.2683 
episode: 667 count: 252 score: 204.3541 average_last200: 93.8317 epis: 0.0180 loss: 63.7043 
episode: 668 count: 268 score: 240.4338 average_last200: 94.1206 epis: 0.0178 loss: 66.8361 
episode: 669 count: 151 score: -23.3935 average_last200: 93.2852 epis: 0.0177 loss: 42.5515 
episode: 670 count: 187 score: -21.4197 average_last200: 92.2957 epis: 0.0176 loss: 49.8185 
episode: 671 count: 73 score: -1.1225 average_last200: 91.2587 epis: 0.0175 loss: 19.3978 
episode: 672 count: 81 score: -3.1602 average_last200: 90.3588 epis: 0.0174 loss: 25.1397 
episode: 673 count: 185 score: 212.4034 average_last200: 90.4197 epis: 0.0173 loss: 52.7068 
episode: 674 count: 340 score: -82.8987 average_last200: 88.8096 epis: 0.0172 loss: 90.4192 
episode: 675 count: 135 score: -5.4258 average_last200: 87.6774 epis: 0.0171 loss: 37.8595 
episode: 676 count: 119 score: -28.1356 average_last200: 86.3803 epis: 0.0170 loss: 34.9180 
episode: 677 count: 172 score: -176.3242 average_last200: 84.3011 epis: 0.0169 loss: 46.1441 
episode: 678 count: 98 score: -18.8169 average_last200: 83.2513 epis: 0.0168 loss: 23.9958 
episode: 679 count: 546 score: 224.9094 average_last200: 83.3221 epis: 0.0167 loss: 139.4488 
episode: 680 count: 118 score: -44.7989 average_last200: 82.0577 epis: 0.0166 loss: 30.1823 
episode: 681 count: 187 score: -1.5478 average_last200: 80.7428 epis: 0.0165 loss: 57.4270 
episode: 682 count: 64 score: -157.7735 average_last200: 78.7223 epis: 0.0164 loss: 17.4700 
episode: 683 count: 149 score: 20.3043 average_last200: 77.6267 epis: 0.0163 loss: 41.8119 
episode: 684 count: 83 score: -101.7246 average_last200: 77.2868 epis: 0.0162 loss: 23.7696 
episode: 685 count: 84 score: -19.7947 average_last200: 76.2838 epis: 0.0161 loss: 22.6647 
episode: 686 count: 227 score: -122.3541 average_last200: 74.5393 epis: 0.0160 loss: 62.2904 
episode: 687 count: 83 score: -57.3979 average_last200: 73.0701 epis: 0.0159 loss: 19.4517 
episode: 688 count: 249 score: 239.7945 average_last200: 74.3300 epis: 0.0158 loss: 63.8743 
episode: 689 count: 310 score: 205.3543 average_last200: 74.6003 epis: 0.0157 loss: 82.9798 
episode: 690 count: 228 score: -30.8577 average_last200: 73.3343 epis: 0.0156 loss: 61.7171 
episode: 691 count: 647 score: 183.8271 average_last200: 73.1671 epis: 0.0155 loss: 185.9046 
episode: 692 count: 1000 score: 82.1546 average_last200: 73.6975 epis: 0.0154 loss: 269.2554 
episode: 693 count: 451 score: 217.0599 average_last200: 73.6828 epis: 0.0154 loss: 115.6389 
episode: 694 count: 270 score: 209.7844 average_last200: 73.6587 epis: 0.0153 loss: 68.9399 
episode: 695 count: 965 score: 115.4950 average_last200: 73.0024 epis: 0.0152 loss: 248.1328 
episode: 696 count: 591 score: 164.8982 average_last200: 72.7809 epis: 0.0151 loss: 148.2766 
episode: 697 count: 580 score: 183.2441 average_last200: 72.6826 epis: 0.0150 loss: 154.1229 
episode: 698 count: 335 score: 200.5555 average_last200: 73.7342 epis: 0.0149 loss: 88.1686 
episode: 699 count: 186 score: -104.1090 average_last200: 73.2659 epis: 0.0148 loss: 43.9148 
episode: 700 count: 251 score: 152.6424 average_last200: 73.9781 epis: 0.0147 loss: 62.7937 
episode: 701 count: 115 score: -14.8344 average_last200: 72.9946 epis: 0.0146 loss: 30.5412 
episode: 702 count: 278 score: 199.4056 average_last200: 72.7695 epis: 0.0145 loss: 80.4911 
episode: 703 count: 81 score: -39.5738 average_last200: 72.7767 epis: 0.0145 loss: 19.1563 
episode: 704 count: 96 score: -3.0337 average_last200: 72.8297 epis: 0.0144 loss: 21.8948 
episode: 705 count: 1000 score: 9.4626 average_last200: 72.9812 epis: 0.0143 loss: 241.0057 
episode: 706 count: 119 score: -77.4269 average_last200: 72.5189 epis: 0.0142 loss: 31.0905 
episode: 707 count: 104 score: -46.1102 average_last200: 71.1749 epis: 0.0141 loss: 30.3144 
episode: 708 count: 342 score: 209.6906 average_last200: 71.2985 epis: 0.0140 loss: 89.0608 
episode: 709 count: 132 score: -55.8755 average_last200: 71.1002 epis: 0.0139 loss: 30.2131 
episode: 710 count: 101 score: -42.6480 average_last200: 69.9017 epis: 0.0139 loss: 23.2848 
episode: 711 count: 126 score: -70.9031 average_last200: 69.7125 epis: 0.0138 loss: 33.8423 
episode: 712 count: 128 score: -56.6370 average_last200: 68.3901 epis: 0.0137 loss: 30.6717 
episode: 713 count: 107 score: -54.0202 average_last200: 67.4585 epis: 0.0136 loss: 27.7801 
episode: 714 count: 340 score: 214.0385 average_last200: 67.4655 epis: 0.0135 loss: 95.2537 
episode: 715 count: 162 score: 31.0359 average_last200: 67.7751 epis: 0.0134 loss: 34.0653 
episode: 716 count: 142 score: -39.5684 average_last200: 66.5030 epis: 0.0134 loss: 45.3743 
episode: 717 count: 440 score: 195.5005 average_last200: 66.4793 epis: 0.0133 loss: 114.1329 
episode: 718 count: 69 score: -138.1231 average_last200: 65.9887 epis: 0.0132 loss: 14.3057 
episode: 719 count: 130 score: -51.9324 average_last200: 64.5545 epis: 0.0131 loss: 35.1946 
episode: 720 count: 128 score: -90.2331 average_last200: 65.0646 epis: 0.0130 loss: 37.1743 
episode: 721 count: 87 score: -42.6244 average_last200: 64.8537 epis: 0.0130 loss: 24.1855 
episode: 722 count: 673 score: 86.4708 average_last200: 64.2935 epis: 0.0129 loss: 163.3761 
episode: 723 count: 101 score: -50.6076 average_last200: 62.9722 epis: 0.0128 loss: 33.7414 
episode: 724 count: 87 score: 2.2640 average_last200: 62.0172 epis: 0.0127 loss: 21.1416 
episode: 725 count: 260 score: 217.4688 average_last200: 63.2933 epis: 0.0127 loss: 70.0121 
episode: 726 count: 426 score: 204.8054 average_last200: 64.5757 epis: 0.0126 loss: 97.2766 
episode: 727 count: 151 score: -43.0975 average_last200: 63.5843 epis: 0.0125 loss: 40.9012 
episode: 728 count: 99 score: -65.5624 average_last200: 62.0093 epis: 0.0124 loss: 26.0865 
episode: 729 count: 593 score: 155.4732 average_last200: 61.6346 epis: 0.0124 loss: 173.4936 
episode: 730 count: 70 score: -61.4748 average_last200: 60.1309 epis: 0.0123 loss: 13.0691 
episode: 731 count: 346 score: -68.1634 average_last200: 58.6620 epis: 0.0122 loss: 91.5149 
episode: 732 count: 128 score: -8.1026 average_last200: 57.4327 epis: 0.0121 loss: 35.2415 
episode: 733 count: 158 score: -31.2428 average_last200: 56.1223 epis: 0.0121 loss: 42.7993 
episode: 734 count: 456 score: 192.5875 average_last200: 56.4035 epis: 0.0120 loss: 131.6447 
episode: 735 count: 143 score: -51.3357 average_last200: 55.5911 epis: 0.0119 loss: 44.4959 
episode: 736 count: 89 score: -63.3101 average_last200: 54.1866 epis: 0.0119 loss: 25.1906 
episode: 737 count: 113 score: -36.0097 average_last200: 53.8509 epis: 0.0118 loss: 30.8656 
episode: 738 count: 1000 score: -84.1326 average_last200: 52.3515 epis: 0.0117 loss: 242.6417 
episode: 739 count: 126 score: -120.4660 average_last200: 50.6718 epis: 0.0116 loss: 42.5956 
episode: 740 count: 206 score: 185.6013 average_last200: 51.8698 epis: 0.0116 loss: 57.6121 
episode: 741 count: 279 score: 167.2790 average_last200: 53.0939 epis: 0.0115 loss: 79.6266 
episode: 742 count: 70 score: -205.1575 average_last200: 51.0970 epis: 0.0114 loss: 16.9781 
episode: 743 count: 82 score: -107.8156 average_last200: 51.8714 epis: 0.0114 loss: 23.3191 
episode: 744 count: 131 score: -62.8324 average_last200: 50.4031 epis: 0.0113 loss: 31.4393 
episode: 745 count: 1000 score: 86.3804 average_last200: 49.7198 epis: 0.0112 loss: 241.4834 
episode: 746 count: 566 score: 219.9248 average_last200: 50.2314 epis: 0.0112 loss: 142.7144 
episode: 747 count: 454 score: 150.4165 average_last200: 50.9875 epis: 0.0111 loss: 119.0629 
episode: 748 count: 118 score: -69.0246 average_last200: 50.8788 epis: 0.0110 loss: 27.6617 
episode: 749 count: 633 score: 201.1350 average_last200: 50.8211 epis: 0.0110 loss: 153.5555 
episode: 750 count: 110 score: -35.8247 average_last200: 49.5044 epis: 0.0109 loss: 25.9687 
episode: 751 count: 261 score: -59.5758 average_last200: 48.2146 epis: 0.0108 loss: 60.1565 
episode: 752 count: 176 score: 215.9611 average_last200: 49.3142 epis: 0.0108 loss: 44.1915 
episode: 753 count: 101 score: -94.4378 average_last200: 47.6225 epis: 0.0107 loss: 23.2561 
episode: 754 count: 116 score: -61.1133 average_last200: 47.3836 epis: 0.0106 loss: 33.6676 
episode: 755 count: 352 score: 223.1242 average_last200: 47.4386 epis: 0.0106 loss: 85.9331 
episode: 756 count: 360 score: 211.6169 average_last200: 49.7556 epis: 0.0105 loss: 78.5639 
episode: 757 count: 385 score: 247.9866 average_last200: 51.3104 epis: 0.0104 loss: 103.8821 
episode: 758 count: 139 score: -93.7002 average_last200: 51.7203 epis: 0.0104 loss: 32.4493 
episode: 759 count: 638 score: 159.8718 average_last200: 53.0877 epis: 0.0103 loss: 139.4122 
episode: 760 count: 205 score: -7.7384 average_last200: 51.8780 epis: 0.0103 loss: 50.7580 
episode: 761 count: 267 score: 159.2456 average_last200: 51.6901 epis: 0.0102 loss: 58.7897 
episode: 762 count: 291 score: 198.2196 average_last200: 52.8982 epis: 0.0101 loss: 67.9923 
episode: 763 count: 161 score: -81.4516 average_last200: 52.5340 epis: 0.0101 loss: 35.2476 
episode: 764 count: 497 score: 192.8166 average_last200: 52.1882 epis: 0.0100 loss: 127.0438 
episode: 765 count: 460 score: 189.2470 average_last200: 53.2671 epis: 0.0100 loss: 121.8354 
episode: 766 count: 188 score: -37.9435 average_last200: 51.8528 epis: 0.0099 loss: 42.0174 
episode: 767 count: 189 score: -100.1542 average_last200: 50.3179 epis: 0.0098 loss: 54.4908 
episode: 768 count: 258 score: 193.4093 average_last200: 50.1649 epis: 0.0098 loss: 66.6869 
episode: 769 count: 466 score: 170.6242 average_last200: 49.8603 epis: 0.0097 loss: 112.7650 
episode: 770 count: 156 score: 3.5650 average_last200: 49.9278 epis: 0.0097 loss: 40.3576 
episode: 771 count: 473 score: 157.9515 average_last200: 50.6083 epis: 0.0096 loss: 109.2837 
episode: 772 count: 138 score: -6.6558 average_last200: 49.6696 epis: 0.0095 loss: 34.8482 
episode: 773 count: 292 score: 174.6291 average_last200: 49.2604 epis: 0.0095 loss: 76.6187 
episode: 774 count: 608 score: 128.9290 average_last200: 50.0115 epis: 0.0094 loss: 142.4672 
episode: 775 count: 279 score: -0.1666 average_last200: 48.8831 epis: 0.0094 loss: 65.2992 
episode: 776 count: 299 score: 235.3257 average_last200: 48.9851 epis: 0.0093 loss: 75.9506 
episode: 777 count: 116 score: -104.1082 average_last200: 47.4233 epis: 0.0093 loss: 28.5582 
episode: 778 count: 335 score: 187.5809 average_last200: 47.2866 epis: 0.0092 loss: 81.3850 
episode: 779 count: 230 score: 1.0078 average_last200: 46.0727 epis: 0.0091 loss: 61.2267 
episode: 780 count: 623 score: 175.3273 average_last200: 46.9565 epis: 0.0091 loss: 125.8869 
episode: 781 count: 106 score: -55.2580 average_last200: 45.6985 epis: 0.0090 loss: 20.7211 
episode: 782 count: 95 score: -84.4251 average_last200: 45.4745 epis: 0.0090 loss: 21.7654 
episode: 783 count: 604 score: 169.0452 average_last200: 46.3733 epis: 0.0089 loss: 160.6939 
episode: 784 count: 993 score: 140.5808 average_last200: 45.9767 epis: 0.0089 loss: 221.6273 
episode: 785 count: 89 score: -53.9197 average_last200: 45.7357 epis: 0.0088 loss: 20.8958 
episode: 786 count: 400 score: 197.3595 average_last200: 46.8515 epis: 0.0088 loss: 98.8648 
episode: 787 count: 115 score: -13.9612 average_last200: 45.7615 epis: 0.0087 loss: 25.6961 
episode: 788 count: 463 score: 134.0288 average_last200: 46.4808 epis: 0.0087 loss: 102.4639 
episode: 789 count: 202 score: -47.0320 average_last200: 46.2240 epis: 0.0086 loss: 37.3822 
episode: 790 count: 108 score: -35.2111 average_last200: 46.1057 epis: 0.0086 loss: 22.2723 
episode: 791 count: 501 score: 212.5662 average_last200: 47.2322 epis: 0.0085 loss: 109.5120 
episode: 792 count: 89 score: -87.6258 average_last200: 45.7292 epis: 0.0085 loss: 24.4231 
episode: 793 count: 130 score: -588.4801 average_last200: 42.9960 epis: 0.0084 loss: 31.5587 
episode: 794 count: 91 score: -51.9146 average_last200: 41.7293 epis: 0.0084 loss: 18.9408 
episode: 795 count: 412 score: 183.1217 average_last200: 43.5358 epis: 0.0083 loss: 90.2295 
episode: 796 count: 744 score: 160.0508 average_last200: 44.4716 epis: 0.0083 loss: 170.1794 
episode: 797 count: 105 score: -54.0264 average_last200: 44.2517 epis: 0.0082 loss: 27.6172 
episode: 798 count: 122 score: -32.2508 average_last200: 42.9926 epis: 0.0082 loss: 25.3592 
episode: 799 count: 389 score: 201.1056 average_last200: 44.1143 epis: 0.0081 loss: 83.8000 
episode: 800 count: 318 score: -23.0372 average_last200: 44.1011 epis: 0.0081 loss: 82.2203 
episode: 801 count: 287 score: 230.2882 average_last200: 44.1933 epis: 0.0080 loss: 65.2028 
episode: 802 count: 99 score: -42.0560 average_last200: 42.7159 epis: 0.0080 loss: 26.0270 
episode: 803 count: 483 score: 222.3160 average_last200: 43.8994 epis: 0.0079 loss: 120.9312 
episode: 804 count: 722 score: 136.4451 average_last200: 44.7114 epis: 0.0079 loss: 154.9588 
episode: 805 count: 232 score: 207.7123 average_last200: 44.4983 epis: 0.0078 loss: 59.1181 
episode: 806 count: 332 score: 227.4885 average_last200: 45.6216 epis: 0.0078 loss: 80.0455 
episode: 807 count: 140 score: 11.0958 average_last200: 45.8209 epis: 0.0077 loss: 32.9076 
episode: 808 count: 430 score: 199.3550 average_last200: 46.9021 epis: 0.0077 loss: 101.4400 
episode: 809 count: 223 score: 9.1138 average_last200: 47.3044 epis: 0.0076 loss: 51.0624 
episode: 810 count: 195 score: 29.9699 average_last200: 47.3177 epis: 0.0076 loss: 41.6132 
episode: 811 count: 94 score: -38.9296 average_last200: 46.0458 epis: 0.0075 loss: 21.4012 
episode: 812 count: 99 score: 6.4786 average_last200: 48.2236 epis: 0.0075 loss: 20.4169 
episode: 813 count: 102 score: -16.3944 average_last200: 50.0786 epis: 0.0075 loss: 24.0283 
episode: 814 count: 115 score: -5.5441 average_last200: 48.9456 epis: 0.0074 loss: 24.8843 
episode: 815 count: 104 score: -35.9437 average_last200: 47.5789 epis: 0.0074 loss: 23.5835 
episode: 816 count: 766 score: 191.4725 average_last200: 48.8931 epis: 0.0073 loss: 178.3854 
episode: 817 count: 383 score: 194.6626 average_last200: 48.6549 epis: 0.0073 loss: 95.3584 
episode: 818 count: 369 score: 201.5573 average_last200: 49.8391 epis: 0.0072 loss: 87.2028 
episode: 819 count: 117 score: -31.9332 average_last200: 48.4751 epis: 0.0072 loss: 29.3620 
episode: 820 count: 280 score: 222.6934 average_last200: 50.0721 epis: 0.0071 loss: 63.0594 
episode: 821 count: 326 score: 231.0263 average_last200: 49.9830 epis: 0.0071 loss: 83.5186 
episode: 822 count: 169 score: -17.6127 average_last200: 48.5713 epis: 0.0071 loss: 38.5536 
episode: 823 count: 219 score: 180.2406 average_last200: 48.3751 epis: 0.0070 loss: 52.6992 
episode: 824 count: 218 score: 205.7557 average_last200: 49.5846 epis: 0.0070 loss: 48.6580 
episode: 825 count: 93 score: -12.6210 average_last200: 49.4619 epis: 0.0069 loss: 28.5752 
episode: 826 count: 102 score: -28.8596 average_last200: 49.3103 epis: 0.0069 loss: 19.5773 
episode: 827 count: 123 score: -54.4838 average_last200: 49.3059 epis: 0.0069 loss: 28.4945 
episode: 828 count: 99 score: -20.7064 average_last200: 49.2917 epis: 0.0068 loss: 21.2244 
episode: 829 count: 268 score: 225.2411 average_last200: 50.6585 epis: 0.0068 loss: 65.2525 
episode: 830 count: 123 score: -11.5241 average_last200: 49.3721 epis: 0.0067 loss: 28.4916 
episode: 831 count: 204 score: 8.1594 average_last200: 49.4650 epis: 0.0067 loss: 48.8108 
episode: 832 count: 233 score: 222.8014 average_last200: 50.6348 epis: 0.0067 loss: 51.9143 
episode: 833 count: 149 score: -29.3495 average_last200: 49.2951 epis: 0.0066 loss: 38.1784 
episode: 834 count: 91 score: -9.6478 average_last200: 49.1991 epis: 0.0066 loss: 20.5618 
episode: 835 count: 303 score: -9.0054 average_last200: 49.2203 epis: 0.0065 loss: 82.6219 
episode: 836 count: 401 score: -80.5145 average_last200: 48.6959 epis: 0.0065 loss: 92.8251 
episode: 837 count: 194 score: 215.8856 average_last200: 48.7285 epis: 0.0065 loss: 52.3126 
episode: 838 count: 190 score: 217.8333 average_last200: 50.0746 epis: 0.0064 loss: 47.1745 
episode: 839 count: 229 score: 219.7010 average_last200: 50.3646 epis: 0.0064 loss: 51.5561 
episode: 840 count: 218 score: 221.9585 average_last200: 50.3994 epis: 0.0063 loss: 52.3965 
episode: 841 count: 325 score: 252.6642 average_last200: 52.5162 epis: 0.0063 loss: 70.9334 
episode: 842 count: 231 score: 213.0667 average_last200: 53.7714 epis: 0.0063 loss: 53.4108 
episode: 843 count: 91 score: -52.6878 average_last200: 53.5890 epis: 0.0062 loss: 23.7895 
episode: 844 count: 287 score: -0.5012 average_last200: 52.4756 epis: 0.0062 loss: 63.6735 
episode: 845 count: 116 score: -30.8907 average_last200: 52.2522 epis: 0.0062 loss: 26.7422 
episode: 846 count: 234 score: 211.1145 average_last200: 52.4005 epis: 0.0061 loss: 47.9204 
episode: 847 count: 336 score: 204.2905 average_last200: 53.7690 epis: 0.0061 loss: 92.3049 
episode: 848 count: 262 score: 228.2703 average_last200: 53.7673 epis: 0.0060 loss: 68.8875 
episode: 849 count: 365 score: 222.7591 average_last200: 55.1989 epis: 0.0060 loss: 104.0774 
episode: 850 count: 177 score: -1.5344 average_last200: 55.3971 epis: 0.0060 loss: 38.4397 
episode: 851 count: 235 score: 215.1779 average_last200: 55.3153 epis: 0.0059 loss: 59.9097 
episode: 852 count: 668 score: 197.2750 average_last200: 56.4697 epis: 0.0059 loss: 167.5948 
episode: 853 count: 280 score: 224.9368 average_last200: 57.8099 epis: 0.0059 loss: 55.8185 
episode: 854 count: 151 score: 16.3247 average_last200: 58.7212 epis: 0.0058 loss: 37.5563 
episode: 855 count: 261 score: 255.9932 average_last200: 60.2411 epis: 0.0058 loss: 64.5406 
episode: 856 count: 551 score: 208.5233 average_last200: 61.3841 epis: 0.0058 loss: 144.2040 
episode: 857 count: 205 score: 2.3494 average_last200: 61.5165 epis: 0.0057 loss: 45.1668 
episode: 858 count: 168 score: 8.7165 average_last200: 61.6005 epis: 0.0057 loss: 39.8072 
episode: 859 count: 216 score: 204.3672 average_last200: 62.8354 epis: 0.0057 loss: 42.1487 
episode: 860 count: 230 score: 174.6787 average_last200: 63.9991 epis: 0.0056 loss: 55.0709 
episode: 861 count: 300 score: 221.8196 average_last200: 64.0237 epis: 0.0056 loss: 64.6820 
episode: 862 count: 194 score: 228.1623 average_last200: 64.3836 epis: 0.0056 loss: 44.2272 
episode: 863 count: 170 score: 232.7274 average_last200: 65.6467 epis: 0.0055 loss: 46.1535 
episode: 864 count: 332 score: 237.2628 average_last200: 65.6615 epis: 0.0055 loss: 77.5507 
episode: 865 count: 120 score: 3.7133 average_last200: 64.6119 epis: 0.0055 loss: 33.2522 
episode: 866 count: 139 score: -54.2362 average_last200: 63.3299 epis: 0.0054 loss: 40.2557 
episode: 867 count: 218 score: 254.0041 average_last200: 63.5781 epis: 0.0054 loss: 45.4328 
episode: 868 count: 331 score: 208.4876 average_last200: 63.4184 epis: 0.0054 loss: 74.0751 
episode: 869 count: 232 score: 233.7860 average_last200: 64.7043 epis: 0.0053 loss: 49.1238 
episode: 870 count: 330 score: 200.0341 average_last200: 65.8116 epis: 0.0053 loss: 74.6984 
episode: 871 count: 373 score: 217.2504 average_last200: 66.9034 epis: 0.0053 loss: 80.3140 
episode: 872 count: 277 score: 246.9467 average_last200: 68.1540 epis: 0.0052 loss: 66.1250 
episode: 873 count: 102 score: -30.7357 average_last200: 66.9383 epis: 0.0052 loss: 25.8601 
episode: 874 count: 316 score: 208.9578 average_last200: 68.3975 epis: 0.0052 loss: 78.9769 
episode: 875 count: 216 score: 227.0767 average_last200: 69.5601 epis: 0.0051 loss: 59.6768 
episode: 876 count: 282 score: 217.3641 average_last200: 70.7876 epis: 0.0051 loss: 70.2497 
episode: 877 count: 110 score: -9.8972 average_last200: 71.6197 epis: 0.0051 loss: 32.7664 
episode: 878 count: 275 score: 258.2143 average_last200: 73.0049 epis: 0.0050 loss: 60.4367 
episode: 879 count: 208 score: 197.6519 average_last200: 72.8686 epis: 0.0050 loss: 52.5944 
episode: 880 count: 121 score: 14.9000 average_last200: 73.1671 epis: 0.0050 loss: 28.9708 
episode: 881 count: 114 score: -6.6831 average_last200: 73.1414 epis: 0.0050 loss: 23.6199 
episode: 882 count: 195 score: 191.5187 average_last200: 74.8878 epis: 0.0049 loss: 40.4227 
episode: 883 count: 129 score: -5.5899 average_last200: 74.7584 epis: 0.0049 loss: 23.7229 
episode: 884 count: 547 score: 224.9920 average_last200: 76.3920 epis: 0.0049 loss: 136.1573 
episode: 885 count: 242 score: -32.5230 average_last200: 76.3283 epis: 0.0048 loss: 55.3197 
episode: 886 count: 325 score: 251.5277 average_last200: 78.1977 epis: 0.0048 loss: 79.7438 
episode: 887 count: 135 score: -4.2987 average_last200: 78.4632 epis: 0.0048 loss: 37.0347 
episode: 888 count: 429 score: 213.6665 average_last200: 78.3326 epis: 0.0047 loss: 93.8580 
episode: 889 count: 275 score: 226.7855 average_last200: 78.4397 epis: 0.0047 loss: 53.4850 
episode: 890 count: 197 score: 265.7010 average_last200: 79.9225 epis: 0.0047 loss: 40.7699 
episode: 891 count: 284 score: 225.6949 average_last200: 80.1319 epis: 0.0047 loss: 68.9385 
episode: 892 count: 318 score: 256.7921 average_last200: 81.0051 epis: 0.0046 loss: 74.6966 
episode: 893 count: 204 score: 223.8501 average_last200: 81.0390 epis: 0.0046 loss: 55.5990 
episode: 894 count: 310 score: -269.6415 average_last200: 78.6419 epis: 0.0046 loss: 77.3560 
episode: 895 count: 214 score: 213.9208 average_last200: 79.1340 epis: 0.0046 loss: 55.3098 
episode: 896 count: 271 score: -53.0040 average_last200: 78.0445 epis: 0.0045 loss: 72.7374 
episode: 897 count: 314 score: 240.4567 average_last200: 78.3306 epis: 0.0045 loss: 67.7823 
episode: 898 count: 216 score: 228.8303 average_last200: 78.4719 epis: 0.0045 loss: 59.7212 
episode: 899 count: 377 score: 182.8421 average_last200: 79.9067 epis: 0.0044 loss: 81.8256 
episode: 900 count: 507 score: 255.9941 average_last200: 80.4234 epis: 0.0044 loss: 123.6782 
episode: 901 count: 68 score: -144.6931 average_last200: 79.7742 epis: 0.0044 loss: 17.2295 
episode: 902 count: 1000 score: 2.0193 average_last200: 78.7872 epis: 0.0044 loss: 256.3106 
episode: 903 count: 606 score: -448.6600 average_last200: 76.7418 epis: 0.0043 loss: 144.4046 
episode: 904 count: 316 score: 203.1388 average_last200: 77.7727 epis: 0.0043 loss: 72.8373 
episode: 905 count: 382 score: 218.9820 average_last200: 78.8202 epis: 0.0043 loss: 93.7676 
episode: 906 count: 177 score: -54.7865 average_last200: 78.9335 epis: 0.0043 loss: 44.0987 
episode: 907 count: 361 score: 189.8915 average_last200: 80.1135 epis: 0.0042 loss: 91.7282 
episode: 908 count: 104 score: -33.1637 average_last200: 78.8992 epis: 0.0042 loss: 29.0858 
episode: 909 count: 115 score: -8.0587 average_last200: 79.1383 epis: 0.0042 loss: 30.8018 
episode: 910 count: 82 score: -126.9551 average_last200: 78.7167 epis: 0.0042 loss: 15.3305 
episode: 911 count: 313 score: 222.0770 average_last200: 80.1816 epis: 0.0041 loss: 80.6825 
episode: 912 count: 133 score: -42.5878 average_last200: 80.2519 epis: 0.0041 loss: 42.5144 
episode: 913 count: 247 score: 222.7566 average_last200: 81.6358 epis: 0.0041 loss: 65.3072 
episode: 914 count: 166 score: 5.0199 average_last200: 80.5907 epis: 0.0041 loss: 40.1015 
episode: 915 count: 142 score: 10.1784 average_last200: 80.4864 epis: 0.0040 loss: 38.8157 
episode: 916 count: 148 score: -56.3179 average_last200: 80.4026 epis: 0.0040 loss: 38.8634 
episode: 917 count: 636 score: 201.2682 average_last200: 80.4315 epis: 0.0040 loss: 165.0745 
episode: 918 count: 173 score: -3.9581 average_last200: 81.1023 epis: 0.0040 loss: 49.0518 
episode: 919 count: 255 score: 238.7883 average_last200: 82.5559 epis: 0.0039 loss: 67.5373 
episode: 920 count: 130 score: -4.2889 average_last200: 82.9856 epis: 0.0039 loss: 39.8160 
episode: 921 count: 218 score: -54.8892 average_last200: 82.9243 epis: 0.0039 loss: 61.9808 
episode: 922 count: 169 score: -42.5942 average_last200: 82.2790 epis: 0.0039 loss: 47.4447 
episode: 923 count: 306 score: 209.9614 average_last200: 83.5818 epis: 0.0038 loss: 71.1052 
episode: 924 count: 118 score: -7.1744 average_last200: 83.5346 epis: 0.0038 loss: 30.5697 
episode: 925 count: 174 score: -37.6851 average_last200: 82.2589 epis: 0.0038 loss: 45.9546 
episode: 926 count: 135 score: -18.1835 average_last200: 81.1439 epis: 0.0038 loss: 30.5163 
episode: 927 count: 221 score: 210.8297 average_last200: 82.4136 epis: 0.0038 loss: 58.0750 
episode: 928 count: 223 score: 233.9678 average_last200: 83.9112 epis: 0.0037 loss: 72.1543 
episode: 929 count: 154 score: 190.2900 average_last200: 84.0853 epis: 0.0037 loss: 45.9261 
episode: 930 count: 157 score: 228.7203 average_last200: 85.5363 epis: 0.0037 loss: 43.9211 
episode: 931 count: 383 score: 219.2254 average_last200: 86.9732 epis: 0.0037 loss: 105.9382 
episode: 932 count: 450 score: 206.4359 average_last200: 88.0459 epis: 0.0036 loss: 121.0488 
episode: 933 count: 256 score: 209.8391 average_last200: 89.2513 epis: 0.0036 loss: 66.5149 
episode: 934 count: 157 score: 4.6897 average_last200: 88.3118 epis: 0.0036 loss: 42.1629 
episode: 935 count: 222 score: 206.3892 average_last200: 89.6004 epis: 0.0036 loss: 58.1312 
episode: 936 count: 201 score: 222.5772 average_last200: 91.0299 epis: 0.0036 loss: 50.5466 
episode: 937 count: 181 score: 229.0342 average_last200: 92.3551 epis: 0.0035 loss: 49.7570 
episode: 938 count: 154 score: -9.1782 average_last200: 92.7299 epis: 0.0035 loss: 44.6025 
episode: 939 count: 191 score: 232.6626 average_last200: 94.4955 epis: 0.0035 loss: 49.3678 
episode: 940 count: 228 score: 212.6185 average_last200: 94.6306 epis: 0.0035 loss: 61.7102 
episode: 941 count: 232 score: -2.6908 average_last200: 93.7808 epis: 0.0035 loss: 68.8555 
episode: 942 count: 94 score: -44.6799 average_last200: 94.5831 epis: 0.0034 loss: 30.1623 
episode: 943 count: 288 score: 219.2661 average_last200: 96.2185 epis: 0.0034 loss: 80.2717 
episode: 944 count: 107 score: -294.5938 average_last200: 95.0597 epis: 0.0034 loss: 32.7824 
episode: 945 count: 131 score: 9.4229 average_last200: 94.6750 epis: 0.0034 loss: 37.1534 
episode: 946 count: 385 score: 250.5492 average_last200: 94.8281 epis: 0.0033 loss: 111.9141 
episode: 947 count: 432 score: 139.6845 average_last200: 94.7744 epis: 0.0033 loss: 123.6861 
episode: 948 count: 509 score: 199.9679 average_last200: 96.1194 epis: 0.0033 loss: 148.9502 
episode: 949 count: 229 score: 209.1881 average_last200: 96.1596 epis: 0.0033 loss: 63.5714 
episode: 950 count: 223 score: 225.0355 average_last200: 97.4639 epis: 0.0033 loss: 59.7092 
episode: 951 count: 211 score: 220.3225 average_last200: 98.8634 epis: 0.0032 loss: 60.3277 
episode: 952 count: 339 score: 225.8900 average_last200: 98.9131 epis: 0.0032 loss: 98.8469 
episode: 953 count: 193 score: 239.0266 average_last200: 100.5804 epis: 0.0032 loss: 53.1722 
episode: 954 count: 196 score: 240.6189 average_last200: 102.0891 epis: 0.0032 loss: 47.0415 
episode: 955 count: 174 score: -27.2970 average_last200: 100.8370 epis: 0.0032 loss: 53.5311 
episode: 956 count: 238 score: -9.5427 average_last200: 99.7312 epis: 0.0032 loss: 70.6359 
episode: 957 count: 325 score: -59.2131 average_last200: 98.1952 epis: 0.0031 loss: 96.1225 
episode: 958 count: 272 score: 12.0509 average_last200: 98.7239 epis: 0.0031 loss: 83.1882 
episode: 959 count: 200 score: 9.5944 average_last200: 97.9725 epis: 0.0031 loss: 56.0044 
episode: 960 count: 235 score: -1.5808 average_last200: 98.0033 epis: 0.0031 loss: 63.6268 
episode: 961 count: 560 score: 222.6597 average_last200: 98.3204 epis: 0.0031 loss: 151.0096 
episode: 962 count: 318 score: 227.3762 average_last200: 98.4662 epis: 0.0030 loss: 82.8217 
episode: 963 count: 107 score: -18.5803 average_last200: 98.7805 epis: 0.0030 loss: 36.0591 
episode: 964 count: 238 score: 234.8445 average_last200: 98.9907 epis: 0.0030 loss: 62.5190 
episode: 965 count: 241 score: 208.4780 average_last200: 99.0868 epis: 0.0030 loss: 65.6339 
episode: 966 count: 237 score: 197.9113 average_last200: 100.2661 epis: 0.0030 loss: 63.1484 
episode: 967 count: 99 score: -24.8257 average_last200: 100.6427 epis: 0.0030 loss: 26.1195 
episode: 968 count: 97 score: -2.8996 average_last200: 99.6612 epis: 0.0029 loss: 19.7300 
episode: 969 count: 286 score: 190.1647 average_last200: 99.7589 epis: 0.0029 loss: 82.6593 
episode: 970 count: 138 score: -2.2597 average_last200: 99.7298 epis: 0.0029 loss: 38.5225 
episode: 971 count: 210 score: 20.9620 average_last200: 99.0448 epis: 0.0029 loss: 48.1162 
episode: 972 count: 253 score: -558.3034 average_last200: 96.2866 epis: 0.0029 loss: 74.1011 
episode: 973 count: 206 score: 213.2041 average_last200: 96.4795 epis: 0.0028 loss: 57.1040 
episode: 974 count: 123 score: -42.6560 average_last200: 95.6215 epis: 0.0028 loss: 36.4397 
episode: 975 count: 237 score: 229.3594 average_last200: 96.7692 epis: 0.0028 loss: 61.3791 
episode: 976 count: 225 score: 248.1642 average_last200: 96.8334 epis: 0.0028 loss: 60.1953 
episode: 977 count: 244 score: 223.9039 average_last200: 98.4734 epis: 0.0028 loss: 69.3721 
episode: 978 count: 339 score: -110.7067 average_last200: 96.9820 epis: 0.0028 loss: 95.9723 
episode: 979 count: 317 score: 216.3251 average_last200: 98.0586 epis: 0.0027 loss: 91.4303 
episode: 980 count: 592 score: 190.2267 average_last200: 98.1331 epis: 0.0027 loss: 153.7234 
episode: 981 count: 463 score: -82.5092 average_last200: 97.9968 epis: 0.0027 loss: 126.8899 
episode: 982 count: 171 score: 180.1454 average_last200: 99.3197 epis: 0.0027 loss: 40.0365 
episode: 983 count: 321 score: 211.5722 average_last200: 99.5323 epis: 0.0027 loss: 85.2499 
episode: 984 count: 595 score: 150.8291 average_last200: 99.5835 epis: 0.0027 loss: 157.6190 
episode: 985 count: 379 score: 215.8404 average_last200: 100.9323 epis: 0.0026 loss: 103.6479 
episode: 986 count: 212 score: -21.0714 average_last200: 99.8402 epis: 0.0026 loss: 49.3745 
episode: 987 count: 912 score: -185.4637 average_last200: 98.9827 epis: 0.0026 loss: 258.5560 
episode: 988 count: 136 score: -30.1948 average_last200: 98.1616 epis: 0.0026 loss: 43.1151 
episode: 989 count: 545 score: 144.7729 average_last200: 99.1206 epis: 0.0026 loss: 157.6557 
episode: 990 count: 739 score: -148.5325 average_last200: 98.5540 epis: 0.0026 loss: 213.5915 
episode: 991 count: 248 score: 260.2966 average_last200: 98.7926 epis: 0.0026 loss: 62.4100 
episode: 992 count: 1000 score: -143.5069 average_last200: 98.5132 epis: 0.0025 loss: 255.1583 
episode: 993 count: 290 score: 233.2765 average_last200: 102.6220 epis: 0.0025 loss: 85.9503 
episode: 994 count: 152 score: -69.7870 average_last200: 102.5326 epis: 0.0025 loss: 36.7304 
episode: 995 count: 295 score: 210.9990 average_last200: 102.6720 epis: 0.0025 loss: 81.8673 
episode: 996 count: 121 score: -20.0057 average_last200: 101.7717 epis: 0.0025 loss: 34.6396 
episode: 997 count: 583 score: 219.8228 average_last200: 103.1410 epis: 0.0025 loss: 139.9386 
episode: 998 count: 108 score: -24.4614 average_last200: 103.1799 epis: 0.0024 loss: 30.6523 
episode: 999 count: 193 score: 206.6959 average_last200: 103.2079 epis: 0.0024 loss: 50.7343 
