[33mWARN: gym.spaces.Box autodetected dtype as <class 'numpy.float32'>. Please provide explicit dtype.[0m
All para: Epis 1000 memlen 100000 gamma 0.990 epsilon 0.990 alpha 0.00010 batch 30 upfreq 500
episode: 0 count: 103 score: -201.7553 average_last200: -201.7553 epis: 0.9900 loss: 0.0000 
episode: 1 count: 84 score: -166.6921 average_last200: -184.2237 epis: 0.9801 loss: 0.0000 
episode: 2 count: 127 score: -140.9426 average_last200: -169.7967 epis: 0.9703 loss: 0.0000 
episode: 3 count: 98 score: -151.9605 average_last200: -165.3376 epis: 0.9606 loss: 0.0000 
episode: 4 count: 71 score: -305.0290 average_last200: -193.2759 epis: 0.9510 loss: 0.0000 
episode: 5 count: 124 score: -219.4452 average_last200: -197.6374 epis: 0.9415 loss: 0.0000 
episode: 6 count: 136 score: -149.6131 average_last200: -190.7768 epis: 0.9321 loss: 0.0000 
episode: 7 count: 105 score: -416.8472 average_last200: -219.0356 epis: 0.9227 loss: 0.0000 
episode: 8 count: 88 score: -384.5283 average_last200: -237.4237 epis: 0.9135 loss: 0.0000 
episode: 9 count: 101 score: -399.6424 average_last200: -253.6456 epis: 0.9044 loss: 21.2157 
episode: 10 count: 67 score: -175.5396 average_last200: -246.5450 epis: 0.8953 loss: 42.8148 
episode: 11 count: 91 score: -510.2835 average_last200: -268.5232 epis: 0.8864 loss: 56.3381 
episode: 12 count: 64 score: -291.9107 average_last200: -270.3223 epis: 0.8775 loss: 38.2273 
episode: 13 count: 97 score: -279.2350 average_last200: -270.9589 epis: 0.8687 loss: 64.1652 
episode: 14 count: 201 score: -324.5098 average_last200: -274.5289 epis: 0.8601 loss: 118.3272 
episode: 15 count: 81 score: -116.4046 average_last200: -264.6462 epis: 0.8515 loss: 44.7304 
episode: 16 count: 109 score: -148.4716 average_last200: -257.8124 epis: 0.8429 loss: 50.6353 
episode: 17 count: 99 score: -256.4412 average_last200: -257.7362 epis: 0.8345 loss: 49.8118 
episode: 18 count: 83 score: -553.8603 average_last200: -273.3217 epis: 0.8262 loss: 45.1863 
episode: 19 count: 78 score: -201.9321 average_last200: -269.7522 epis: 0.8179 loss: 39.7094 
episode: 20 count: 88 score: -296.6959 average_last200: -271.0352 epis: 0.8097 loss: 49.6924 
episode: 21 count: 123 score: -500.1435 average_last200: -281.4492 epis: 0.8016 loss: 57.0343 
episode: 22 count: 161 score: -240.5689 average_last200: -279.6718 epis: 0.7936 loss: 79.7063 
episode: 23 count: 136 score: -318.2365 average_last200: -281.2787 epis: 0.7857 loss: 56.5932 
episode: 24 count: 104 score: -428.9987 average_last200: -287.1875 epis: 0.7778 loss: 56.8227 
episode: 25 count: 116 score: -229.0466 average_last200: -284.9513 epis: 0.7700 loss: 57.2574 
episode: 26 count: 94 score: -143.2287 average_last200: -279.7023 epis: 0.7623 loss: 42.6396 
episode: 27 count: 80 score: -113.2824 average_last200: -273.7588 epis: 0.7547 loss: 43.7131 
episode: 28 count: 91 score: -132.0909 average_last200: -268.8737 epis: 0.7472 loss: 39.0539 
episode: 29 count: 108 score: -112.7705 average_last200: -263.6702 epis: 0.7397 loss: 53.7631 
episode: 30 count: 98 score: -302.1238 average_last200: -264.9107 epis: 0.7323 loss: 43.8519 
episode: 31 count: 137 score: -134.1427 average_last200: -260.8242 epis: 0.7250 loss: 58.7508 
episode: 32 count: 88 score: -234.9526 average_last200: -260.0402 epis: 0.7177 loss: 41.2873 
episode: 33 count: 154 score: -80.9466 average_last200: -254.7727 epis: 0.7106 loss: 72.5987 
episode: 34 count: 108 score: -226.5810 average_last200: -253.9672 epis: 0.7034 loss: 45.5745 
episode: 35 count: 117 score: -342.8893 average_last200: -256.4373 epis: 0.6964 loss: 47.6021 
episode: 36 count: 89 score: -138.0871 average_last200: -253.2386 epis: 0.6894 loss: 32.8848 
episode: 37 count: 148 score: -152.0828 average_last200: -250.5766 epis: 0.6826 loss: 58.6751 
episode: 38 count: 89 score: -158.4303 average_last200: -248.2139 epis: 0.6757 loss: 36.4247 
episode: 39 count: 96 score: -217.0341 average_last200: -247.4344 epis: 0.6690 loss: 41.6726 
episode: 40 count: 129 score: -298.5373 average_last200: -248.6808 epis: 0.6623 loss: 50.2781 
episode: 41 count: 206 score: -212.7105 average_last200: -247.8244 epis: 0.6557 loss: 84.2104 
episode: 42 count: 154 score: -270.9163 average_last200: -248.3614 epis: 0.6491 loss: 55.0440 
episode: 43 count: 139 score: -74.9308 average_last200: -244.4198 epis: 0.6426 loss: 51.1015 
episode: 44 count: 174 score: -197.9450 average_last200: -243.3870 epis: 0.6362 loss: 56.7115 
episode: 45 count: 150 score: -215.6005 average_last200: -242.7830 epis: 0.6298 loss: 56.5780 
episode: 46 count: 121 score: -194.1578 average_last200: -241.7484 epis: 0.6235 loss: 42.8420 
episode: 47 count: 115 score: -282.4477 average_last200: -242.5963 epis: 0.6173 loss: 34.2091 
episode: 48 count: 152 score: -135.1647 average_last200: -240.4038 epis: 0.6111 loss: 56.5350 
episode: 49 count: 72 score: -136.9981 average_last200: -238.3357 epis: 0.6050 loss: 28.2473 
episode: 50 count: 215 score: -130.6423 average_last200: -236.2241 epis: 0.5990 loss: 75.6453 
episode: 51 count: 135 score: -164.6448 average_last200: -234.8475 epis: 0.5930 loss: 43.1129 
episode: 52 count: 216 score: -217.1183 average_last200: -234.5130 epis: 0.5870 loss: 77.8851 
episode: 53 count: 166 score: -173.1601 average_last200: -233.3769 epis: 0.5812 loss: 56.4103 
episode: 54 count: 264 score: -117.4258 average_last200: -231.2687 epis: 0.5754 loss: 84.4715 
episode: 55 count: 197 score: -205.5875 average_last200: -230.8101 epis: 0.5696 loss: 64.8992 
episode: 56 count: 302 score: -76.5443 average_last200: -228.1037 epis: 0.5639 loss: 102.7143 
episode: 57 count: 148 score: -86.7157 average_last200: -225.6659 epis: 0.5583 loss: 37.4187 
episode: 58 count: 117 score: -170.1558 average_last200: -224.7251 epis: 0.5527 loss: 36.4515 
episode: 59 count: 1000 score: -21.0180 average_last200: -221.3300 epis: 0.5472 loss: 341.8705 
episode: 60 count: 92 score: -89.2312 average_last200: -219.1644 epis: 0.5417 loss: 28.1157 
episode: 61 count: 84 score: -111.4050 average_last200: -217.4264 epis: 0.5363 loss: 22.9774 
episode: 62 count: 166 score: -136.3619 average_last200: -216.1396 epis: 0.5309 loss: 51.8972 
episode: 63 count: 1000 score: 1.9000 average_last200: -212.7327 epis: 0.5256 loss: 339.5936 
episode: 64 count: 168 score: -85.4641 average_last200: -210.7748 epis: 0.5203 loss: 56.7142 
episode: 65 count: 220 score: -69.3676 average_last200: -208.6322 epis: 0.5151 loss: 74.2235 
episode: 66 count: 212 score: -94.4529 average_last200: -206.9281 epis: 0.5100 loss: 65.8771 
episode: 67 count: 217 score: -154.6895 average_last200: -206.1598 epis: 0.5049 loss: 69.6986 
episode: 68 count: 120 score: -104.4921 average_last200: -204.6864 epis: 0.4998 loss: 39.1520 
episode: 69 count: 231 score: 4.5216 average_last200: -201.6977 epis: 0.4948 loss: 78.0110 
episode: 70 count: 262 score: -107.8335 average_last200: -200.3757 epis: 0.4899 loss: 88.2369 
episode: 71 count: 187 score: -140.7077 average_last200: -199.5470 epis: 0.4850 loss: 66.6490 
episode: 72 count: 269 score: -104.9109 average_last200: -198.2506 epis: 0.4801 loss: 95.3366 
episode: 73 count: 96 score: -120.1636 average_last200: -197.1954 epis: 0.4753 loss: 36.2467 
episode: 74 count: 151 score: -99.6199 average_last200: -195.8943 epis: 0.4706 loss: 41.1964 
episode: 75 count: 256 score: -143.9394 average_last200: -195.2107 epis: 0.4659 loss: 83.0065 
episode: 76 count: 179 score: -97.9322 average_last200: -193.9474 epis: 0.4612 loss: 62.0294 
episode: 77 count: 236 score: -91.2706 average_last200: -192.6310 epis: 0.4566 loss: 80.7724 
episode: 78 count: 226 score: -76.8253 average_last200: -191.1651 epis: 0.4520 loss: 74.4648 
episode: 79 count: 372 score: -146.4692 average_last200: -190.6064 epis: 0.4475 loss: 121.7682 
episode: 80 count: 397 score: -96.5544 average_last200: -189.4453 epis: 0.4430 loss: 139.0054 
episode: 81 count: 1000 score: -139.8269 average_last200: -188.8402 epis: 0.4386 loss: 338.2955 
episode: 82 count: 416 score: -79.8804 average_last200: -187.5274 epis: 0.4342 loss: 132.5371 
episode: 83 count: 154 score: -109.0054 average_last200: -186.5926 epis: 0.4299 loss: 46.6437 
episode: 84 count: 117 score: -127.3820 average_last200: -185.8960 epis: 0.4256 loss: 37.3005 
episode: 85 count: 151 score: -89.8783 average_last200: -184.7795 epis: 0.4213 loss: 53.4394 
episode: 86 count: 208 score: -21.2401 average_last200: -182.8998 epis: 0.4171 loss: 65.5615 
episode: 87 count: 171 score: -8.1866 average_last200: -180.9144 epis: 0.4129 loss: 56.8815 
episode: 88 count: 805 score: -185.6702 average_last200: -180.9678 epis: 0.4088 loss: 267.5372 
episode: 89 count: 314 score: -72.0637 average_last200: -179.7578 epis: 0.4047 loss: 109.4243 
episode: 90 count: 1000 score: -37.6232 average_last200: -178.1959 epis: 0.4007 loss: 346.8237 
episode: 91 count: 162 score: -74.1880 average_last200: -177.0653 epis: 0.3967 loss: 59.8788 
episode: 92 count: 1000 score: -128.0914 average_last200: -176.5387 epis: 0.3927 loss: 347.7393 
episode: 93 count: 194 score: -15.1285 average_last200: -174.8216 epis: 0.3888 loss: 65.2891 
episode: 94 count: 148 score: -70.1337 average_last200: -173.7196 epis: 0.3849 loss: 44.3561 
episode: 95 count: 1000 score: 33.0181 average_last200: -171.5661 epis: 0.3810 loss: 342.3317 
episode: 96 count: 928 score: -159.9055 average_last200: -171.4459 epis: 0.3772 loss: 322.0392 
episode: 97 count: 1000 score: 36.4572 average_last200: -169.3244 epis: 0.3735 loss: 361.5508 
episode: 98 count: 302 score: -19.2356 average_last200: -167.8084 epis: 0.3697 loss: 114.6706 
episode: 99 count: 512 score: -172.7825 average_last200: -167.8581 epis: 0.3660 loss: 169.0963 
episode: 100 count: 637 score: -111.8004 average_last200: -167.3031 epis: 0.3624 loss: 217.0946 
episode: 101 count: 317 score: -103.9416 average_last200: -166.6819 epis: 0.3587 loss: 104.4801 
episode: 102 count: 1000 score: 45.5722 average_last200: -164.6212 epis: 0.3552 loss: 367.7238 
episode: 103 count: 939 score: -208.1607 average_last200: -165.0398 epis: 0.3516 loss: 303.7046 
episode: 104 count: 312 score: -67.3151 average_last200: -164.1091 epis: 0.3481 loss: 114.1640 
episode: 105 count: 525 score: -111.0860 average_last200: -163.6089 epis: 0.3446 loss: 185.0692 
episode: 106 count: 676 score: -53.4713 average_last200: -162.5796 epis: 0.3412 loss: 211.7189 
episode: 107 count: 629 score: -104.8237 average_last200: -162.0448 epis: 0.3378 loss: 203.5344 
episode: 108 count: 1000 score: -96.7797 average_last200: -161.4461 epis: 0.3344 loss: 370.5809 
episode: 109 count: 1000 score: -25.3107 average_last200: -160.2085 epis: 0.3310 loss: 344.0536 
episode: 110 count: 559 score: -111.4242 average_last200: -159.7690 epis: 0.3277 loss: 195.0517 
episode: 111 count: 236 score: -128.3869 average_last200: -159.4888 epis: 0.3244 loss: 67.2061 
episode: 112 count: 875 score: 82.2163 average_last200: -157.3498 epis: 0.3212 loss: 297.8955 
episode: 113 count: 1000 score: -139.0559 average_last200: -157.1893 epis: 0.3180 loss: 354.7814 
episode: 114 count: 1000 score: -7.3481 average_last200: -155.8863 epis: 0.3148 loss: 334.9421 
episode: 115 count: 1000 score: -25.2392 average_last200: -154.7601 epis: 0.3117 loss: 344.7775 
episode: 116 count: 1000 score: 44.9513 average_last200: -153.0531 epis: 0.3085 loss: 374.3961 
episode: 117 count: 1000 score: 109.9361 average_last200: -150.8244 epis: 0.3055 loss: 322.8504 
episode: 118 count: 1000 score: 32.3181 average_last200: -149.2854 epis: 0.3024 loss: 337.9408 
episode: 119 count: 541 score: -266.6303 average_last200: -150.2633 epis: 0.2994 loss: 197.2347 
episode: 120 count: 283 score: -45.5847 average_last200: -149.3982 epis: 0.2964 loss: 86.6681 
episode: 121 count: 1000 score: -133.1061 average_last200: -149.2646 epis: 0.2934 loss: 333.9129 
episode: 122 count: 143 score: -116.2863 average_last200: -148.9965 epis: 0.2905 loss: 50.3230 
episode: 123 count: 178 score: -181.1600 average_last200: -149.2559 epis: 0.2876 loss: 60.0958 
episode: 124 count: 1000 score: 18.7039 average_last200: -147.9122 epis: 0.2847 loss: 326.6182 
episode: 125 count: 1000 score: -49.1429 average_last200: -147.1283 epis: 0.2819 loss: 336.5412 
episode: 126 count: 1000 score: 32.4335 average_last200: -145.7145 epis: 0.2790 loss: 316.6500 
episode: 127 count: 1000 score: -35.8597 average_last200: -144.8562 epis: 0.2763 loss: 342.3580 
episode: 128 count: 148 score: -116.9769 average_last200: -144.6401 epis: 0.2735 loss: 60.4260 
episode: 129 count: 1000 score: -91.4237 average_last200: -144.2307 epis: 0.2708 loss: 312.0235 
episode: 130 count: 1000 score: -44.7960 average_last200: -143.4717 epis: 0.2680 loss: 321.5091 
episode: 131 count: 1000 score: -66.2661 average_last200: -142.8868 epis: 0.2654 loss: 309.7427 
episode: 132 count: 1000 score: -40.3635 average_last200: -142.1160 epis: 0.2627 loss: 313.0460 
episode: 133 count: 1000 score: -8.5014 average_last200: -141.1188 epis: 0.2601 loss: 321.5876 
episode: 134 count: 1000 score: -46.5984 average_last200: -140.4187 epis: 0.2575 loss: 292.2659 
episode: 135 count: 987 score: 149.7526 average_last200: -138.2851 epis: 0.2549 loss: 307.0803 
episode: 136 count: 1000 score: -89.3552 average_last200: -137.9279 epis: 0.2524 loss: 295.1679 
episode: 137 count: 235 score: -75.8445 average_last200: -137.4780 epis: 0.2498 loss: 76.8064 
episode: 138 count: 1000 score: -81.8705 average_last200: -137.0780 epis: 0.2473 loss: 302.4557 
episode: 139 count: 1000 score: -63.2588 average_last200: -136.5507 epis: 0.2449 loss: 269.6622 
episode: 140 count: 1000 score: -2.1596 average_last200: -135.5976 epis: 0.2424 loss: 303.3854 
episode: 141 count: 1000 score: -75.9349 average_last200: -135.1774 epis: 0.2400 loss: 289.9865 
episode: 142 count: 1000 score: 5.2158 average_last200: -134.1956 epis: 0.2376 loss: 315.4125 
episode: 143 count: 1000 score: -83.5113 average_last200: -133.8437 epis: 0.2352 loss: 306.9291 
episode: 144 count: 1000 score: -79.2698 average_last200: -133.4673 epis: 0.2329 loss: 281.1185 
episode: 145 count: 1000 score: -116.4669 average_last200: -133.3509 epis: 0.2305 loss: 296.7986 
episode: 146 count: 1000 score: -66.6480 average_last200: -132.8971 epis: 0.2282 loss: 277.4802 
episode: 147 count: 1000 score: -52.4889 average_last200: -132.3538 epis: 0.2259 loss: 309.0347 
episode: 148 count: 1000 score: -67.2404 average_last200: -131.9168 epis: 0.2237 loss: 282.5927 
episode: 149 count: 1000 score: -88.0938 average_last200: -131.6246 epis: 0.2215 loss: 277.9423 
episode: 150 count: 1000 score: -81.9610 average_last200: -131.2957 epis: 0.2192 loss: 325.0466 
episode: 151 count: 1000 score: 49.3479 average_last200: -130.1073 epis: 0.2170 loss: 280.9574 
episode: 152 count: 1000 score: -61.8344 average_last200: -129.6611 epis: 0.2149 loss: 287.5255 
episode: 153 count: 1000 score: -126.6123 average_last200: -129.6413 epis: 0.2127 loss: 287.3656 
episode: 154 count: 1000 score: -143.1209 average_last200: -129.7282 epis: 0.2106 loss: 298.1481 
episode: 155 count: 1000 score: -171.9043 average_last200: -129.9986 epis: 0.2085 loss: 298.0755 
episode: 156 count: 1000 score: -166.7988 average_last200: -130.2330 epis: 0.2064 loss: 278.9542 
episode: 157 count: 1000 score: -169.8049 average_last200: -130.4834 epis: 0.2043 loss: 255.5326 
episode: 158 count: 876 score: -241.9889 average_last200: -131.1847 epis: 0.2023 loss: 248.8421 
episode: 159 count: 1000 score: -167.3221 average_last200: -131.4106 epis: 0.2003 loss: 269.9199 
episode: 160 count: 1000 score: -85.5774 average_last200: -131.1259 epis: 0.1983 loss: 273.8406 
episode: 161 count: 1000 score: -132.1047 average_last200: -131.1320 epis: 0.1963 loss: 267.7489 
episode: 162 count: 469 score: -145.5597 average_last200: -131.2205 epis: 0.1943 loss: 128.1422 
episode: 163 count: 1000 score: -171.4616 average_last200: -131.4658 epis: 0.1924 loss: 270.5074 
episode: 164 count: 626 score: -211.8284 average_last200: -131.9529 epis: 0.1905 loss: 169.4169 
episode: 165 count: 888 score: -257.6984 average_last200: -132.7104 epis: 0.1886 loss: 246.3808 
episode: 166 count: 871 score: -210.9809 average_last200: -133.1791 epis: 0.1867 loss: 255.2344 
episode: 167 count: 861 score: -285.4574 average_last200: -134.0855 epis: 0.1848 loss: 240.7847 
episode: 168 count: 614 score: -220.1866 average_last200: -134.5950 epis: 0.1830 loss: 157.6705 
episode: 169 count: 533 score: -182.2345 average_last200: -134.8752 epis: 0.1811 loss: 142.7020 
episode: 170 count: 990 score: -255.5883 average_last200: -135.5811 epis: 0.1793 loss: 262.4456 
episode: 171 count: 767 score: -225.1776 average_last200: -136.1020 epis: 0.1775 loss: 208.1509 
episode: 172 count: 1000 score: -168.5601 average_last200: -136.2897 epis: 0.1757 loss: 266.7078 
episode: 173 count: 1000 score: -132.5831 average_last200: -136.2684 epis: 0.1740 loss: 281.5699 
episode: 174 count: 675 score: -190.6788 average_last200: -136.5793 epis: 0.1722 loss: 180.3211 
episode: 175 count: 630 score: -215.1839 average_last200: -137.0259 epis: 0.1705 loss: 151.4730 
episode: 176 count: 1000 score: -104.0259 average_last200: -136.8395 epis: 0.1688 loss: 259.0717 
episode: 177 count: 785 score: -219.2809 average_last200: -137.3026 epis: 0.1671 loss: 221.8271 
episode: 178 count: 658 score: -185.7579 average_last200: -137.5733 epis: 0.1655 loss: 183.8806 
episode: 179 count: 1000 score: -94.7705 average_last200: -137.3355 epis: 0.1638 loss: 257.1654 
episode: 180 count: 1000 score: -132.4974 average_last200: -137.3088 epis: 0.1622 loss: 257.7031 
episode: 181 count: 1000 score: -125.8101 average_last200: -137.2456 epis: 0.1605 loss: 247.4031 
episode: 182 count: 1000 score: -151.4280 average_last200: -137.3231 epis: 0.1589 loss: 264.5949 
episode: 183 count: 1000 score: -83.2234 average_last200: -137.0291 epis: 0.1574 loss: 262.1406 
episode: 184 count: 1000 score: -117.4016 average_last200: -136.9230 epis: 0.1558 loss: 263.7491 
episode: 185 count: 1000 score: -152.7470 average_last200: -137.0081 epis: 0.1542 loss: 264.6299 
episode: 186 count: 1000 score: -150.4608 average_last200: -137.0800 epis: 0.1527 loss: 256.9322 
episode: 187 count: 1000 score: -179.8615 average_last200: -137.3076 epis: 0.1512 loss: 253.3898 
episode: 188 count: 1000 score: -189.8524 average_last200: -137.5856 epis: 0.1496 loss: 252.0742 
episode: 189 count: 1000 score: -132.2635 average_last200: -137.5576 epis: 0.1481 loss: 246.8768 
episode: 190 count: 1000 score: -149.4807 average_last200: -137.6200 epis: 0.1467 loss: 250.7510 
episode: 191 count: 1000 score: -69.5822 average_last200: -137.2656 epis: 0.1452 loss: 253.3910 
episode: 192 count: 1000 score: -94.7549 average_last200: -137.0454 epis: 0.1437 loss: 238.0849 
episode: 193 count: 1000 score: -131.6163 average_last200: -137.0174 epis: 0.1423 loss: 237.0143 
episode: 194 count: 1000 score: -111.2320 average_last200: -136.8851 epis: 0.1409 loss: 225.9810 
episode: 195 count: 1000 score: -143.4310 average_last200: -136.9185 epis: 0.1395 loss: 237.4523 
episode: 196 count: 1000 score: -118.6525 average_last200: -136.8258 epis: 0.1381 loss: 217.4771 
episode: 197 count: 1000 score: -157.3081 average_last200: -136.9293 epis: 0.1367 loss: 213.4753 
episode: 198 count: 1000 score: -67.9137 average_last200: -136.5825 epis: 0.1353 loss: 205.9334 
episode: 199 count: 965 score: -256.1732 average_last200: -137.1804 epis: 0.1340 loss: 191.7650 
episode: 200 count: 1000 score: -137.6419 average_last200: -136.8598 epis: 0.1326 loss: 208.1209 
episode: 201 count: 1000 score: -154.2878 average_last200: -136.7978 epis: 0.1313 loss: 197.5861 
episode: 202 count: 1000 score: -69.5928 average_last200: -136.4411 epis: 0.1300 loss: 184.1098 
episode: 203 count: 1000 score: -92.6248 average_last200: -136.1444 epis: 0.1287 loss: 178.8256 
episode: 204 count: 1000 score: -105.4832 average_last200: -135.1467 epis: 0.1274 loss: 175.2075 
episode: 205 count: 1000 score: -138.3852 average_last200: -134.7414 epis: 0.1261 loss: 191.4843 
episode: 206 count: 1000 score: -137.9930 average_last200: -134.6833 epis: 0.1249 loss: 167.7621 
episode: 207 count: 319 score: -193.2417 average_last200: -133.5652 epis: 0.1236 loss: 60.0518 
episode: 208 count: 1000 score: -123.6721 average_last200: -132.2610 epis: 0.1224 loss: 167.4876 
episode: 209 count: 1000 score: -126.7945 average_last200: -130.8967 epis: 0.1212 loss: 177.0903 
episode: 210 count: 1000 score: -107.9104 average_last200: -130.5586 epis: 0.1200 loss: 163.1347 
episode: 211 count: 1000 score: -86.6273 average_last200: -128.4403 epis: 0.1188 loss: 167.3232 
episode: 212 count: 1000 score: -113.3306 average_last200: -127.5474 epis: 0.1176 loss: 165.6401 
episode: 213 count: 1000 score: -146.1749 average_last200: -126.8821 epis: 0.1164 loss: 150.0458 
episode: 214 count: 1000 score: -92.5836 average_last200: -125.7225 epis: 0.1152 loss: 159.1861 
episode: 215 count: 1000 score: -156.6720 average_last200: -125.9238 epis: 0.1141 loss: 144.1423 
episode: 216 count: 1000 score: -93.8438 average_last200: -125.6507 epis: 0.1129 loss: 139.6825 
episode: 217 count: 1000 score: -108.1244 average_last200: -124.9091 epis: 0.1118 loss: 145.4476 
episode: 218 count: 1000 score: -97.0399 average_last200: -122.6250 epis: 0.1107 loss: 141.6655 
episode: 219 count: 1000 score: -138.4375 average_last200: -122.3075 epis: 0.1096 loss: 148.4577 
episode: 220 count: 1000 score: -87.7985 average_last200: -121.2630 epis: 0.1085 loss: 139.6255 
episode: 221 count: 1000 score: -59.8727 average_last200: -119.0617 epis: 0.1074 loss: 128.7828 
episode: 222 count: 1000 score: -131.9465 average_last200: -118.5185 epis: 0.1063 loss: 132.8064 
episode: 223 count: 1000 score: -121.8804 average_last200: -117.5368 epis: 0.1053 loss: 124.9241 
episode: 224 count: 1000 score: -52.2082 average_last200: -115.6528 epis: 0.1042 loss: 131.9841 
episode: 225 count: 129 score: -128.9216 average_last200: -115.1522 epis: 0.1032 loss: 16.1049 
episode: 226 count: 1000 score: -126.8421 average_last200: -115.0703 epis: 0.1021 loss: 127.5409 
episode: 227 count: 1000 score: -63.6042 average_last200: -114.8219 epis: 0.1011 loss: 119.4401 
episode: 228 count: 1000 score: -76.6436 average_last200: -114.5446 epis: 0.1001 loss: 116.4718 
episode: 229 count: 1000 score: -107.5576 average_last200: -114.5186 epis: 0.0991 loss: 112.7976 
episode: 230 count: 1000 score: -75.8438 average_last200: -113.3872 epis: 0.0981 loss: 107.6672 
episode: 231 count: 1000 score: -46.5192 average_last200: -112.9490 epis: 0.0971 loss: 112.0510 
episode: 232 count: 1000 score: -85.9072 average_last200: -112.2038 epis: 0.0962 loss: 105.4682 
episode: 233 count: 1000 score: -85.3772 average_last200: -112.2260 epis: 0.0952 loss: 106.0948 
episode: 234 count: 1000 score: -81.3208 average_last200: -111.4997 epis: 0.0942 loss: 102.0287 
episode: 235 count: 1000 score: -75.7261 average_last200: -110.1639 epis: 0.0933 loss: 95.1058 
episode: 236 count: 1000 score: -78.5512 average_last200: -109.8662 epis: 0.0924 loss: 97.2811 
episode: 237 count: 1000 score: -97.4318 average_last200: -109.5929 epis: 0.0914 loss: 93.2175 
episode: 238 count: 1000 score: -80.8754 average_last200: -109.2051 epis: 0.0905 loss: 92.6470 
episode: 239 count: 1000 score: -75.1613 average_last200: -108.4958 epis: 0.0896 loss: 88.9587 
episode: 240 count: 1000 score: -59.6884 average_last200: -107.3015 epis: 0.0887 loss: 85.3532 
episode: 241 count: 271 score: -121.2823 average_last200: -106.8444 epis: 0.0878 loss: 23.9684 
episode: 242 count: 1000 score: -90.3080 average_last200: -105.9414 epis: 0.0870 loss: 84.3845 
episode: 243 count: 1000 score: -69.5983 average_last200: -105.9147 epis: 0.0861 loss: 86.7405 
episode: 244 count: 1000 score: -78.8727 average_last200: -105.3193 epis: 0.0852 loss: 84.7078 
episode: 245 count: 447 score: -203.1575 average_last200: -105.2571 epis: 0.0844 loss: 34.6688 
episode: 246 count: 1000 score: -65.9371 average_last200: -104.6160 epis: 0.0835 loss: 80.1881 
episode: 247 count: 1000 score: -57.9897 average_last200: -103.4937 epis: 0.0827 loss: 84.9728 
episode: 248 count: 387 score: -154.7238 average_last200: -103.5915 epis: 0.0819 loss: 32.7574 
episode: 249 count: 1000 score: -113.6951 average_last200: -103.4750 epis: 0.0811 loss: 77.0160 
episode: 250 count: 390 score: -204.3890 average_last200: -103.8437 epis: 0.0802 loss: 31.7261 
episode: 251 count: 1000 score: -73.1345 average_last200: -103.3862 epis: 0.0794 loss: 79.3353 
episode: 252 count: 1000 score: -78.9781 average_last200: -102.6955 epis: 0.0787 loss: 77.1232 
episode: 253 count: 1000 score: -85.1098 average_last200: -102.2552 epis: 0.0779 loss: 75.2807 
episode: 254 count: 1000 score: -107.1766 average_last200: -102.2040 epis: 0.0771 loss: 77.1017 
episode: 255 count: 1000 score: -50.5384 average_last200: -101.4287 epis: 0.0763 loss: 72.0761 
episode: 256 count: 1000 score: -75.8667 average_last200: -101.4254 epis: 0.0756 loss: 71.4553 
episode: 257 count: 1000 score: -46.5244 average_last200: -101.2244 epis: 0.0748 loss: 73.8405 
episode: 258 count: 1000 score: -109.2767 average_last200: -100.9200 epis: 0.0740 loss: 80.3358 
episode: 259 count: 1000 score: -74.7009 average_last200: -101.1884 epis: 0.0733 loss: 72.0851 
episode: 260 count: 484 score: -130.8371 average_last200: -101.3964 epis: 0.0726 loss: 35.2065 
episode: 261 count: 1000 score: -70.4501 average_last200: -101.1917 epis: 0.0718 loss: 67.6266 
episode: 262 count: 1000 score: -45.4610 average_last200: -100.7372 epis: 0.0711 loss: 74.7155 
episode: 263 count: 1000 score: -51.5531 average_last200: -101.0044 epis: 0.0704 loss: 69.6114 
episode: 264 count: 1000 score: -68.3626 average_last200: -100.9189 epis: 0.0697 loss: 73.2958 
episode: 265 count: 1000 score: -82.1213 average_last200: -100.9827 epis: 0.0690 loss: 71.4798 
episode: 266 count: 1000 score: -82.4284 average_last200: -100.9226 epis: 0.0683 loss: 74.0777 
episode: 267 count: 1000 score: -69.3082 average_last200: -100.4957 epis: 0.0676 loss: 67.7056 
episode: 268 count: 1000 score: -54.5814 average_last200: -100.2461 epis: 0.0670 loss: 66.1396 
episode: 269 count: 1000 score: -77.3360 average_last200: -100.6554 epis: 0.0663 loss: 70.6832 
episode: 270 count: 1000 score: -94.9721 average_last200: -100.5911 epis: 0.0656 loss: 65.5369 
episode: 271 count: 1000 score: -90.1847 average_last200: -100.3385 epis: 0.0650 loss: 68.5582 
episode: 272 count: 1000 score: -83.9184 average_last200: -100.2335 epis: 0.0643 loss: 65.2605 
episode: 273 count: 1000 score: -85.1442 average_last200: -100.0584 epis: 0.0637 loss: 64.3423 
episode: 274 count: 1000 score: -104.4314 average_last200: -100.0825 epis: 0.0630 loss: 63.7746 
episode: 275 count: 1000 score: -87.0155 average_last200: -99.7979 epis: 0.0624 loss: 64.4587 
episode: 276 count: 1000 score: -60.2386 average_last200: -99.6094 epis: 0.0618 loss: 62.6263 
episode: 277 count: 1000 score: -54.3801 average_last200: -99.4249 epis: 0.0612 loss: 57.8779 
episode: 278 count: 1000 score: -120.4171 average_last200: -99.6429 epis: 0.0606 loss: 60.5786 
episode: 279 count: 1000 score: -111.5215 average_last200: -99.4682 epis: 0.0600 loss: 57.5490 
episode: 280 count: 1000 score: -44.8745 average_last200: -99.2098 epis: 0.0594 loss: 58.0212 
episode: 281 count: 1000 score: 15.1295 average_last200: -98.4350 epis: 0.0588 loss: 56.4887 
episode: 282 count: 1000 score: -84.6934 average_last200: -98.4590 epis: 0.0582 loss: 53.5269 
episode: 283 count: 1000 score: -67.1539 average_last200: -98.2498 epis: 0.0576 loss: 55.5770 
episode: 284 count: 1000 score: -67.4417 average_last200: -97.9501 epis: 0.0570 loss: 53.0807 
episode: 285 count: 1000 score: -85.8688 average_last200: -97.9300 epis: 0.0565 loss: 54.8995 
episode: 286 count: 1000 score: -43.4801 average_last200: -98.0412 epis: 0.0559 loss: 56.4550 
episode: 287 count: 1000 score: -133.4786 average_last200: -98.6677 epis: 0.0553 loss: 52.9713 
episode: 288 count: 1000 score: -83.8554 average_last200: -98.1586 epis: 0.0548 loss: 54.7999 
episode: 289 count: 1000 score: -116.5622 average_last200: -98.3811 epis: 0.0542 loss: 49.3634 
episode: 290 count: 1000 score: -47.5476 average_last200: -98.4307 epis: 0.0537 loss: 47.5799 
episode: 291 count: 1000 score: -96.1319 average_last200: -98.5405 epis: 0.0531 loss: 49.9534 
episode: 292 count: 557 score: 170.6587 average_last200: -97.0467 epis: 0.0526 loss: 30.7200 
episode: 293 count: 1000 score: -72.0361 average_last200: -97.3312 epis: 0.0521 loss: 51.0528 
episode: 294 count: 1000 score: -54.3421 average_last200: -97.2523 epis: 0.0516 loss: 47.6049 
episode: 295 count: 1000 score: -78.6005 average_last200: -97.8104 epis: 0.0511 loss: 45.9388 
episode: 296 count: 1000 score: -78.6396 average_last200: -97.4040 epis: 0.0505 loss: 49.0183 
episode: 297 count: 1000 score: -53.4849 average_last200: -97.8538 epis: 0.0500 loss: 47.9527 
episode: 298 count: 1000 score: 8.9012 average_last200: -97.7131 epis: 0.0495 loss: 47.2664 
episode: 299 count: 218 score: -62.6827 average_last200: -97.1626 epis: 0.0490 loss: 13.4658 
episode: 300 count: 1000 score: -16.9073 average_last200: -96.6881 epis: 0.0486 loss: 56.8461 
episode: 301 count: 561 score: -140.1717 average_last200: -96.8693 epis: 0.0481 loss: 33.0559 
episode: 302 count: 1000 score: -88.7604 average_last200: -97.5409 epis: 0.0476 loss: 61.2258 
episode: 303 count: 1000 score: -84.5352 average_last200: -96.9228 epis: 0.0471 loss: 58.3807 
episode: 304 count: 346 score: -133.0926 average_last200: -97.2517 epis: 0.0466 loss: 19.2677 
episode: 305 count: 164 score: -42.7252 average_last200: -96.9099 epis: 0.0462 loss: 9.1600 
episode: 306 count: 1000 score: -58.6500 average_last200: -96.9358 epis: 0.0457 loss: 60.9165 
episode: 307 count: 1000 score: -87.2668 average_last200: -96.8480 epis: 0.0453 loss: 55.7019 
episode: 308 count: 1000 score: -72.7950 average_last200: -96.7281 epis: 0.0448 loss: 60.2020 
episode: 309 count: 954 score: 53.1848 average_last200: -96.3356 epis: 0.0444 loss: 55.9973 
episode: 310 count: 1000 score: -64.3018 average_last200: -96.1000 epis: 0.0439 loss: 55.8513 
episode: 311 count: 1000 score: -94.6120 average_last200: -95.9311 epis: 0.0435 loss: 54.2211 
episode: 312 count: 981 score: 99.1291 average_last200: -95.8465 epis: 0.0430 loss: 54.9834 
episode: 313 count: 1000 score: -92.4453 average_last200: -95.6135 epis: 0.0426 loss: 58.0456 
episode: 314 count: 1000 score: -85.6215 average_last200: -96.0049 epis: 0.0422 loss: 61.0876 
episode: 315 count: 1000 score: -18.9434 average_last200: -95.9734 epis: 0.0418 loss: 62.5397 
episode: 316 count: 1000 score: -28.7255 average_last200: -96.3418 epis: 0.0413 loss: 62.1493 
episode: 317 count: 1000 score: -58.2436 average_last200: -97.1827 epis: 0.0409 loss: 54.8443 
episode: 318 count: 851 score: 117.0820 average_last200: -96.7588 epis: 0.0405 loss: 49.0881 
episode: 319 count: 939 score: 71.9138 average_last200: -95.0661 epis: 0.0401 loss: 53.5665 
episode: 320 count: 1000 score: -32.6741 average_last200: -95.0016 epis: 0.0397 loss: 58.7779 
episode: 321 count: 1000 score: 4.5378 average_last200: -94.3133 epis: 0.0393 loss: 58.4903 
episode: 322 count: 969 score: 48.9029 average_last200: -93.4874 epis: 0.0389 loss: 59.5717 
episode: 323 count: 1000 score: -0.0646 average_last200: -92.5819 epis: 0.0385 loss: 53.5857 
episode: 324 count: 1000 score: 9.9441 average_last200: -92.6257 epis: 0.0381 loss: 57.7381 
episode: 325 count: 671 score: 131.2594 average_last200: -91.7237 epis: 0.0378 loss: 39.4084 
episode: 326 count: 1000 score: 10.7161 average_last200: -91.8323 epis: 0.0374 loss: 56.4706 
episode: 327 count: 1000 score: 18.6386 average_last200: -91.5598 epis: 0.0370 loss: 62.9229 
episode: 328 count: 808 score: 122.2469 average_last200: -90.3637 epis: 0.0366 loss: 54.2387 
episode: 329 count: 843 score: 100.6568 average_last200: -89.4033 epis: 0.0363 loss: 56.0361 
episode: 330 count: 1000 score: -67.1318 average_last200: -89.5150 epis: 0.0359 loss: 71.4244 
episode: 331 count: 864 score: 102.4860 average_last200: -88.6712 epis: 0.0356 loss: 55.1747 
episode: 332 count: 817 score: 120.5680 average_last200: -87.8665 epis: 0.0352 loss: 56.9955 
episode: 333 count: 1000 score: -20.9084 average_last200: -87.9286 epis: 0.0348 loss: 61.4042 
episode: 334 count: 792 score: 50.0009 average_last200: -87.4456 epis: 0.0345 loss: 55.5895 
episode: 335 count: 1000 score: -52.0011 average_last200: -88.4543 epis: 0.0342 loss: 67.8311 
episode: 336 count: 1000 score: -56.6347 average_last200: -88.2907 epis: 0.0338 loss: 61.9599 
episode: 337 count: 1000 score: -49.8326 average_last200: -88.1607 epis: 0.0335 loss: 75.3799 
episode: 338 count: 906 score: 104.7377 average_last200: -87.2276 epis: 0.0331 loss: 61.9935 
episode: 339 count: 1000 score: -45.7684 average_last200: -87.1402 epis: 0.0328 loss: 67.2844 
episode: 340 count: 1000 score: -87.3734 average_last200: -87.5663 epis: 0.0325 loss: 70.6221 
episode: 341 count: 1000 score: -39.0269 average_last200: -87.3817 epis: 0.0322 loss: 70.5461 
episode: 342 count: 1000 score: -61.7142 average_last200: -87.7164 epis: 0.0318 loss: 65.6517 
episode: 343 count: 1000 score: -65.9509 average_last200: -87.6286 epis: 0.0315 loss: 74.2670 
episode: 344 count: 941 score: 112.0170 average_last200: -86.6721 epis: 0.0312 loss: 70.3397 
episode: 345 count: 906 score: 112.2691 average_last200: -85.5285 epis: 0.0309 loss: 58.1398 
episode: 346 count: 1000 score: -109.3137 average_last200: -85.7418 epis: 0.0306 loss: 73.4488 
episode: 347 count: 717 score: 143.4024 average_last200: -84.7623 epis: 0.0303 loss: 49.5329 
episode: 348 count: 769 score: 67.1846 average_last200: -84.0902 epis: 0.0300 loss: 61.2817 
episode: 349 count: 919 score: 121.5074 average_last200: -83.0422 epis: 0.0297 loss: 59.7372 
episode: 350 count: 686 score: 111.9278 average_last200: -82.0728 epis: 0.0294 loss: 52.8860 
episode: 351 count: 1000 score: -23.3261 average_last200: -82.4361 epis: 0.0291 loss: 75.7705 
episode: 352 count: 635 score: 201.3136 average_last200: -81.1204 epis: 0.0288 loss: 51.3880 
episode: 353 count: 556 score: 189.6802 average_last200: -79.5389 epis: 0.0285 loss: 40.8111 
episode: 354 count: 803 score: 100.4976 average_last200: -78.3208 epis: 0.0282 loss: 61.2313 
episode: 355 count: 597 score: 127.0086 average_last200: -76.8263 epis: 0.0279 loss: 45.3707 
episode: 356 count: 864 score: 131.6100 average_last200: -75.3342 epis: 0.0277 loss: 66.9754 
episode: 357 count: 751 score: 109.1959 average_last200: -73.9392 epis: 0.0274 loss: 57.8270 
episode: 358 count: 766 score: 127.9063 average_last200: -72.0897 epis: 0.0271 loss: 61.6373 
episode: 359 count: 470 score: 178.5035 average_last200: -70.3606 epis: 0.0268 loss: 42.2556 
episode: 360 count: 565 score: 170.6423 average_last200: -69.0795 epis: 0.0266 loss: 47.8436 
episode: 361 count: 620 score: 186.2986 average_last200: -67.4875 epis: 0.0263 loss: 44.6465 
episode: 362 count: 400 score: 173.7405 average_last200: -65.8910 epis: 0.0260 loss: 28.8359 
episode: 363 count: 329 score: 130.6662 average_last200: -64.3804 epis: 0.0258 loss: 30.7891 
episode: 364 count: 844 score: 109.6360 average_last200: -62.7730 epis: 0.0255 loss: 67.0575 
episode: 365 count: 1000 score: -35.7146 average_last200: -61.6631 epis: 0.0253 loss: 90.4385 
episode: 366 count: 626 score: 124.9503 average_last200: -59.9835 epis: 0.0250 loss: 54.5572 
episode: 367 count: 484 score: 169.1688 average_last200: -57.7103 epis: 0.0248 loss: 38.2286 
episode: 368 count: 670 score: 185.1068 average_last200: -55.6839 epis: 0.0245 loss: 57.4141 
episode: 369 count: 354 score: 203.0947 average_last200: -53.7572 epis: 0.0243 loss: 37.0981 
episode: 370 count: 840 score: 120.6266 average_last200: -51.8761 epis: 0.0240 loss: 72.1016 
episode: 371 count: 558 score: 118.1608 average_last200: -50.1594 epis: 0.0238 loss: 45.2884 
episode: 372 count: 785 score: 132.9949 average_last200: -48.6517 epis: 0.0235 loss: 59.9944 
episode: 373 count: 900 score: 130.4524 average_last200: -47.3365 epis: 0.0233 loss: 76.6705 
episode: 374 count: 626 score: 144.9975 average_last200: -45.6581 epis: 0.0231 loss: 58.7762 
episode: 375 count: 760 score: 141.2533 average_last200: -43.8759 epis: 0.0228 loss: 66.6282 
episode: 376 count: 390 score: 187.2332 average_last200: -42.4196 epis: 0.0226 loss: 33.5863 
episode: 377 count: 726 score: 154.5958 average_last200: -40.5503 epis: 0.0224 loss: 63.4553 
episode: 378 count: 650 score: 135.0241 average_last200: -38.9463 epis: 0.0222 loss: 56.1411 
episode: 379 count: 446 score: 183.7512 average_last200: -37.5537 epis: 0.0219 loss: 46.0579 
episode: 380 count: 583 score: 136.5812 average_last200: -36.2083 epis: 0.0217 loss: 49.8100 
episode: 381 count: 729 score: 145.0664 average_last200: -34.8540 epis: 0.0215 loss: 73.7991 
episode: 382 count: 739 score: 113.4303 average_last200: -33.5297 epis: 0.0213 loss: 66.8916 
episode: 383 count: 341 score: 179.2197 average_last200: -32.2175 epis: 0.0211 loss: 29.0787 
episode: 384 count: 575 score: 178.5568 average_last200: -30.7377 epis: 0.0209 loss: 52.9318 
episode: 385 count: 403 score: 160.3876 average_last200: -29.1720 epis: 0.0207 loss: 42.0790 
episode: 386 count: 289 score: 190.9981 average_last200: -27.4647 epis: 0.0205 loss: 28.4995 
episode: 387 count: 1000 score: -30.9359 average_last200: -26.7201 epis: 0.0203 loss: 92.8412 
episode: 388 count: 274 score: 191.1380 average_last200: -24.8151 epis: 0.0200 loss: 20.8078 
episode: 389 count: 716 score: 169.1914 average_last200: -23.3078 epis: 0.0198 loss: 76.0219 
episode: 390 count: 774 score: 117.4656 average_last200: -21.9731 epis: 0.0196 loss: 65.6783 
episode: 391 count: 319 score: 234.8903 average_last200: -20.4507 epis: 0.0195 loss: 32.7270 
episode: 392 count: 422 score: 83.4301 average_last200: -19.5598 epis: 0.0193 loss: 39.1167 
episode: 393 count: 463 score: 145.2523 average_last200: -18.1755 epis: 0.0191 loss: 38.5895 
episode: 394 count: 1000 score: -56.6453 average_last200: -17.9025 epis: 0.0189 loss: 90.2937 
episode: 395 count: 314 score: 193.1857 average_last200: -16.2195 epis: 0.0187 loss: 27.9981 
episode: 396 count: 438 score: 182.0832 average_last200: -14.7158 epis: 0.0185 loss: 37.3886 
episode: 397 count: 1000 score: -42.9731 average_last200: -14.1441 epis: 0.0183 loss: 100.9767 
episode: 398 count: 543 score: 116.1821 average_last200: -13.2236 epis: 0.0181 loss: 50.7294 
episode: 399 count: 349 score: 196.1459 average_last200: -10.9620 epis: 0.0180 loss: 28.6780 
episode: 400 count: 945 score: 51.9404 average_last200: -10.0141 epis: 0.0178 loss: 84.5508 
episode: 401 count: 516 score: 157.1225 average_last200: -8.4571 epis: 0.0176 loss: 52.6502 
episode: 402 count: 1000 score: -175.4795 average_last200: -8.9865 epis: 0.0174 loss: 91.9403 
episode: 403 count: 418 score: 176.0527 average_last200: -7.6431 epis: 0.0172 loss: 37.8198 
episode: 404 count: 290 score: 198.3833 average_last200: -6.1238 epis: 0.0171 loss: 24.4794 
episode: 405 count: 1000 score: -28.8674 average_last200: -5.5762 epis: 0.0169 loss: 91.2186 
episode: 406 count: 709 score: 116.5453 average_last200: -4.3035 epis: 0.0167 loss: 62.0958 
episode: 407 count: 373 score: 232.0210 average_last200: -2.1772 epis: 0.0166 loss: 40.5691 
episode: 408 count: 852 score: 102.3129 average_last200: -1.0473 epis: 0.0164 loss: 86.2725 
episode: 409 count: 313 score: 170.1354 average_last200: 0.4374 epis: 0.0162 loss: 30.5602 
episode: 410 count: 557 score: 190.1035 average_last200: 1.9275 epis: 0.0161 loss: 59.3421 
episode: 411 count: 751 score: 109.1407 average_last200: 2.9063 epis: 0.0159 loss: 80.7824 
episode: 412 count: 877 score: 44.6885 average_last200: 3.6964 epis: 0.0158 loss: 88.6540 
episode: 413 count: 515 score: 182.7135 average_last200: 5.3408 epis: 0.0156 loss: 51.2106 
episode: 414 count: 1000 score: -86.2490 average_last200: 5.3725 epis: 0.0154 loss: 99.1536 
episode: 415 count: 800 score: 131.5122 average_last200: 6.8134 epis: 0.0153 loss: 90.2173 
episode: 416 count: 1000 score: -54.7125 average_last200: 7.0091 epis: 0.0151 loss: 96.4973 
episode: 417 count: 573 score: 171.4952 average_last200: 8.4072 epis: 0.0150 loss: 58.7742 
episode: 418 count: 1000 score: -41.4237 average_last200: 8.6853 epis: 0.0148 loss: 98.8939 
episode: 419 count: 425 score: 215.1526 average_last200: 10.4532 epis: 0.0147 loss: 38.7631 
episode: 420 count: 947 score: 74.6075 average_last200: 11.2652 epis: 0.0145 loss: 91.8872 
episode: 421 count: 426 score: 135.7087 average_last200: 12.2432 epis: 0.0144 loss: 41.7034 
episode: 422 count: 515 score: 134.6764 average_last200: 13.5763 epis: 0.0142 loss: 50.5430 
episode: 423 count: 618 score: 131.2624 average_last200: 14.8420 epis: 0.0141 loss: 63.1819 
episode: 424 count: 348 score: 171.5196 average_last200: 15.9606 epis: 0.0140 loss: 37.6495 
episode: 425 count: 754 score: 152.7509 average_last200: 17.3690 epis: 0.0138 loss: 85.5879 
episode: 426 count: 950 score: 75.4121 average_last200: 18.3803 epis: 0.0137 loss: 92.5743 
episode: 427 count: 767 score: 86.6965 average_last200: 19.1318 epis: 0.0135 loss: 84.8739 
episode: 428 count: 899 score: 136.9035 average_last200: 20.1995 epis: 0.0134 loss: 85.6759 
episode: 429 count: 611 score: 170.1519 average_last200: 21.5880 epis: 0.0133 loss: 57.5517 
episode: 430 count: 608 score: 127.3896 average_last200: 22.6042 epis: 0.0131 loss: 57.5037 
episode: 431 count: 339 score: 229.1556 average_last200: 23.9826 epis: 0.0130 loss: 36.2593 
episode: 432 count: 524 score: 167.9569 average_last200: 25.2519 epis: 0.0129 loss: 52.8264 
episode: 433 count: 617 score: 137.3702 average_last200: 26.3656 epis: 0.0128 loss: 65.7167 
episode: 434 count: 441 score: 212.4054 average_last200: 27.8343 epis: 0.0126 loss: 42.1870 
episode: 435 count: 760 score: 102.3704 average_last200: 28.7248 epis: 0.0125 loss: 64.5024 
episode: 436 count: 794 score: 90.9853 average_last200: 29.5724 epis: 0.0124 loss: 65.4783 
episode: 437 count: 945 score: 115.2048 average_last200: 30.6356 epis: 0.0123 loss: 87.6046 
episode: 438 count: 438 score: 181.8355 average_last200: 31.9492 epis: 0.0121 loss: 37.6478 
episode: 439 count: 558 score: 170.1099 average_last200: 33.1755 epis: 0.0120 loss: 53.2284 
episode: 440 count: 489 score: 198.3501 average_last200: 34.4657 epis: 0.0119 loss: 43.1519 
episode: 441 count: 488 score: 205.2378 average_last200: 36.0983 epis: 0.0118 loss: 48.3973 
episode: 442 count: 530 score: 167.5741 average_last200: 37.3877 epis: 0.0117 loss: 49.9711 
episode: 443 count: 692 score: 152.5392 average_last200: 38.4984 epis: 0.0115 loss: 69.6700 
episode: 444 count: 749 score: 129.7949 average_last200: 39.5418 epis: 0.0114 loss: 65.4341 
episode: 445 count: 874 score: 108.5888 average_last200: 41.1005 epis: 0.0113 loss: 87.0601 
episode: 446 count: 672 score: 156.1963 average_last200: 42.2112 epis: 0.0112 loss: 62.2868 
episode: 447 count: 684 score: 119.6337 average_last200: 43.0993 epis: 0.0111 loss: 63.4096 
episode: 448 count: 708 score: 156.0139 average_last200: 44.6530 epis: 0.0110 loss: 61.6210 
episode: 449 count: 715 score: 86.0913 average_last200: 45.6519 epis: 0.0109 loss: 64.5718 
episode: 450 count: 651 score: 136.3951 average_last200: 47.3558 epis: 0.0108 loss: 61.8417 
episode: 451 count: 881 score: 122.0955 average_last200: 48.3320 epis: 0.0106 loss: 79.9344 
episode: 452 count: 369 score: 231.2810 average_last200: 49.8833 epis: 0.0105 loss: 29.7322 
episode: 453 count: 1000 score: -49.5094 average_last200: 50.0613 epis: 0.0104 loss: 99.8941 
episode: 454 count: 551 score: 168.1039 average_last200: 51.4377 epis: 0.0103 loss: 49.6215 
episode: 455 count: 1000 score: -42.3380 average_last200: 51.4787 epis: 0.0102 loss: 101.5996 
episode: 456 count: 1000 score: -61.4355 average_last200: 51.5508 epis: 0.0101 loss: 99.3307 
episode: 457 count: 544 score: 173.3256 average_last200: 52.6501 epis: 0.0100 loss: 47.4120 
episode: 458 count: 749 score: 143.3007 average_last200: 53.9130 epis: 0.0099 loss: 78.6747 
episode: 459 count: 855 score: 101.7261 average_last200: 54.7951 epis: 0.0098 loss: 73.6081 
episode: 460 count: 1000 score: -70.8736 average_last200: 55.0949 epis: 0.0097 loss: 102.6007 
episode: 461 count: 912 score: 92.8531 average_last200: 55.9114 epis: 0.0096 loss: 82.9734 
episode: 462 count: 1000 score: -13.4917 average_last200: 56.0713 epis: 0.0095 loss: 93.2231 
episode: 463 count: 422 score: 203.5006 average_last200: 57.3465 epis: 0.0094 loss: 41.9914 
episode: 464 count: 600 score: 128.3264 average_last200: 58.3300 epis: 0.0093 loss: 60.3314 
episode: 465 count: 465 score: 148.2515 average_last200: 59.4819 epis: 0.0092 loss: 45.8728 
episode: 466 count: 732 score: 147.2519 average_last200: 60.6303 epis: 0.0092 loss: 72.5919 
episode: 467 count: 864 score: 100.6761 average_last200: 61.4802 epis: 0.0091 loss: 71.9396 
episode: 468 count: 896 score: 106.3659 average_last200: 62.2849 epis: 0.0090 loss: 81.6905 
episode: 469 count: 1000 score: -6.8084 average_last200: 62.6375 epis: 0.0089 loss: 88.4100 
episode: 470 count: 623 score: 123.4376 average_last200: 63.7296 epis: 0.0088 loss: 52.4094 
episode: 471 count: 827 score: 108.9194 average_last200: 64.7251 epis: 0.0087 loss: 75.5116 
episode: 472 count: 442 score: 218.7915 average_last200: 66.2387 epis: 0.0086 loss: 45.1771 
episode: 473 count: 396 score: 241.4474 average_last200: 67.8716 epis: 0.0085 loss: 35.2150 
episode: 474 count: 1000 score: -32.0287 average_last200: 68.2336 epis: 0.0084 loss: 93.5488 
episode: 475 count: 502 score: 179.2260 average_last200: 69.5648 epis: 0.0084 loss: 49.1730 
episode: 476 count: 354 score: 235.0966 average_last200: 71.0415 epis: 0.0083 loss: 35.7526 
episode: 477 count: 723 score: 148.5846 average_last200: 72.0563 epis: 0.0082 loss: 70.0268 
episode: 478 count: 537 score: 162.7030 average_last200: 73.4719 epis: 0.0081 loss: 47.6412 
episode: 479 count: 1000 score: -70.3936 average_last200: 73.6776 epis: 0.0080 loss: 93.3459 
episode: 480 count: 609 score: 160.9254 average_last200: 74.7066 epis: 0.0080 loss: 62.8750 
episode: 481 count: 610 score: 146.8943 average_last200: 75.3654 epis: 0.0079 loss: 56.8156 
episode: 482 count: 809 score: 73.2960 average_last200: 76.1554 epis: 0.0078 loss: 73.8782 
episode: 483 count: 734 score: 163.0476 average_last200: 77.3064 epis: 0.0077 loss: 77.2934 
episode: 484 count: 1000 score: -65.1227 average_last200: 77.3180 epis: 0.0076 loss: 88.5685 
episode: 485 count: 921 score: 115.5221 average_last200: 78.3249 epis: 0.0076 loss: 103.4681 
episode: 486 count: 1000 score: -9.6118 average_last200: 78.4943 epis: 0.0075 loss: 102.8331 
episode: 487 count: 566 score: 115.5708 average_last200: 79.7395 epis: 0.0074 loss: 63.8541 
episode: 488 count: 1000 score: -47.3081 average_last200: 79.9222 epis: 0.0073 loss: 102.4344 
episode: 489 count: 556 score: 185.5722 average_last200: 81.4329 epis: 0.0073 loss: 57.7023 
episode: 490 count: 1000 score: -34.3651 average_last200: 81.4988 epis: 0.0072 loss: 98.0181 
episode: 491 count: 759 score: 113.2923 average_last200: 82.5459 epis: 0.0071 loss: 78.9093 
episode: 492 count: 384 score: 184.9929 average_last200: 82.6176 epis: 0.0070 loss: 41.1571 
episode: 493 count: 451 score: 205.2755 average_last200: 84.0042 epis: 0.0070 loss: 45.6884 
episode: 494 count: 854 score: 99.6477 average_last200: 84.7741 epis: 0.0069 loss: 88.8211 
episode: 495 count: 427 score: 182.3715 average_last200: 86.0790 epis: 0.0068 loss: 47.5967 
episode: 496 count: 1000 score: -66.8956 average_last200: 86.1377 epis: 0.0068 loss: 108.4520 
episode: 497 count: 1000 score: -56.3379 average_last200: 86.1234 epis: 0.0067 loss: 107.4393 
episode: 498 count: 446 score: 200.3987 average_last200: 87.0809 epis: 0.0066 loss: 49.1349 
episode: 499 count: 412 score: 199.8561 average_last200: 88.3936 epis: 0.0066 loss: 42.3423 
episode: 500 count: 503 score: 154.4582 average_last200: 89.2504 epis: 0.0065 loss: 42.9579 
episode: 501 count: 602 score: 117.8201 average_last200: 90.5404 epis: 0.0064 loss: 68.5231 
episode: 502 count: 794 score: 113.3322 average_last200: 91.5509 epis: 0.0064 loss: 82.4225 
episode: 503 count: 826 score: 64.0457 average_last200: 92.2938 epis: 0.0063 loss: 85.8059 
episode: 504 count: 890 score: 130.8340 average_last200: 93.6134 epis: 0.0062 loss: 89.1163 
episode: 505 count: 429 score: 155.4738 average_last200: 94.6044 epis: 0.0062 loss: 41.4688 
episode: 506 count: 964 score: 92.6376 average_last200: 95.3608 epis: 0.0061 loss: 112.6775 
episode: 507 count: 448 score: 179.1459 average_last200: 96.6929 epis: 0.0061 loss: 53.9821 
episode: 508 count: 409 score: 165.6411 average_last200: 97.8851 epis: 0.0060 loss: 47.8089 
episode: 509 count: 456 score: 185.0953 average_last200: 98.5446 epis: 0.0059 loss: 51.2587 
episode: 510 count: 524 score: 175.6694 average_last200: 99.7445 epis: 0.0059 loss: 57.8630 
episode: 511 count: 409 score: 210.5438 average_last200: 101.2703 epis: 0.0058 loss: 39.6307 
episode: 512 count: 801 score: 95.8684 average_last200: 101.2540 epis: 0.0058 loss: 82.1867 
episode: 513 count: 978 score: 63.5029 average_last200: 102.0337 epis: 0.0057 loss: 102.8705 
episode: 514 count: 670 score: 132.4528 average_last200: 103.1241 epis: 0.0057 loss: 72.3344 
episode: 515 count: 852 score: 128.6573 average_last200: 103.8621 epis: 0.0056 loss: 95.3694 
episode: 516 count: 876 score: 176.8057 average_last200: 104.8897 epis: 0.0055 loss: 97.4344 
episode: 517 count: 380 score: 213.2840 average_last200: 106.2474 epis: 0.0055 loss: 45.5768 
episode: 518 count: 421 score: 174.1485 average_last200: 106.5327 epis: 0.0054 loss: 44.2056 
episode: 519 count: 396 score: 184.6462 average_last200: 107.0964 epis: 0.0054 loss: 33.5545 
episode: 520 count: 1000 score: -36.9830 average_last200: 107.0748 epis: 0.0053 loss: 106.1661 
episode: 521 count: 575 score: 198.2520 average_last200: 108.0434 epis: 0.0053 loss: 65.3017 
episode: 522 count: 367 score: 232.2536 average_last200: 108.9601 epis: 0.0052 loss: 37.7213 
episode: 523 count: 395 score: 225.9583 average_last200: 110.0903 epis: 0.0052 loss: 39.0051 
episode: 524 count: 446 score: 190.3834 average_last200: 110.9925 epis: 0.0051 loss: 50.3798 
episode: 525 count: 553 score: 159.5311 average_last200: 111.1338 epis: 0.0051 loss: 64.8952 
episode: 526 count: 472 score: 154.6271 average_last200: 111.8534 epis: 0.0050 loss: 47.9889 
episode: 527 count: 396 score: 166.6644 average_last200: 112.5935 epis: 0.0050 loss: 42.3028 
episode: 528 count: 533 score: 188.5373 average_last200: 112.9250 epis: 0.0049 loss: 58.0820 
episode: 529 count: 1000 score: -41.1544 average_last200: 112.2159 epis: 0.0049 loss: 101.6136 
episode: 530 count: 584 score: 149.9634 average_last200: 113.3014 epis: 0.0048 loss: 65.5595 
episode: 531 count: 604 score: 158.4787 average_last200: 113.5813 epis: 0.0048 loss: 69.9771 
episode: 532 count: 489 score: 165.1992 average_last200: 113.8045 epis: 0.0047 loss: 58.9207 
episode: 533 count: 490 score: 222.4890 average_last200: 115.0215 epis: 0.0047 loss: 47.6144 
episode: 534 count: 450 score: 195.2663 average_last200: 115.7478 epis: 0.0046 loss: 44.3098 
episode: 535 count: 509 score: 165.3914 average_last200: 116.8348 epis: 0.0046 loss: 60.4401 
episode: 536 count: 749 score: 95.8786 average_last200: 117.5973 epis: 0.0045 loss: 75.5886 
episode: 537 count: 690 score: 115.1829 average_last200: 118.4224 epis: 0.0045 loss: 72.4655 
episode: 538 count: 517 score: 144.6832 average_last200: 118.6221 epis: 0.0044 loss: 53.3957 
episode: 539 count: 628 score: 117.8722 average_last200: 119.4403 epis: 0.0044 loss: 68.8727 
episode: 540 count: 672 score: 150.0091 average_last200: 120.6273 epis: 0.0044 loss: 79.0204 
episode: 541 count: 531 score: 168.9625 average_last200: 121.6672 epis: 0.0043 loss: 59.6891 
episode: 542 count: 425 score: 203.3642 average_last200: 122.9926 epis: 0.0043 loss: 43.7088 
episode: 543 count: 518 score: 168.7564 average_last200: 124.1661 epis: 0.0042 loss: 60.3215 
episode: 544 count: 600 score: 144.9134 average_last200: 124.3306 epis: 0.0042 loss: 67.4354 
episode: 545 count: 581 score: 168.2412 average_last200: 124.6105 epis: 0.0041 loss: 66.9567 
episode: 546 count: 863 score: 98.6452 average_last200: 125.6503 epis: 0.0041 loss: 95.0748 
episode: 547 count: 547 score: 163.6933 average_last200: 125.7517 epis: 0.0041 loss: 57.3266 
episode: 548 count: 1000 score: -4.8716 average_last200: 125.3914 epis: 0.0040 loss: 105.4188 
episode: 549 count: 626 score: -84.0073 average_last200: 124.3639 epis: 0.0040 loss: 63.8315 
episode: 550 count: 486 score: 186.8285 average_last200: 124.7384 epis: 0.0039 loss: 51.9685 
episode: 551 count: 497 score: 199.0596 average_last200: 125.8503 epis: 0.0039 loss: 61.7059 
episode: 552 count: 645 score: 158.7613 average_last200: 125.6375 epis: 0.0039 loss: 62.1907 
episode: 553 count: 812 score: 124.8191 average_last200: 125.3132 epis: 0.0038 loss: 94.8096 
episode: 554 count: 1000 score: -24.3692 average_last200: 124.6889 epis: 0.0038 loss: 101.9970 
episode: 555 count: 1000 score: -47.3605 average_last200: 123.8171 epis: 0.0037 loss: 97.1818 
episode: 556 count: 882 score: 177.8590 average_last200: 124.0483 epis: 0.0037 loss: 89.5189 
episode: 557 count: 529 score: 133.0402 average_last200: 124.1675 epis: 0.0037 loss: 48.9277 
episode: 558 count: 774 score: 106.0011 average_last200: 124.0580 epis: 0.0036 loss: 81.9517 
episode: 559 count: 649 score: 130.6195 average_last200: 123.8186 epis: 0.0036 loss: 67.1785 
episode: 560 count: 816 score: 128.1264 average_last200: 123.6060 epis: 0.0036 loss: 82.3171 
episode: 561 count: 886 score: 109.1241 average_last200: 123.2201 epis: 0.0035 loss: 86.5768 
episode: 562 count: 481 score: 199.1314 average_last200: 123.3471 epis: 0.0035 loss: 41.9588 
episode: 563 count: 1000 score: -55.2674 average_last200: 122.4174 epis: 0.0035 loss: 111.1227 
episode: 564 count: 680 score: 171.2778 average_last200: 122.7256 epis: 0.0034 loss: 58.7279 
episode: 565 count: 470 score: 150.1512 average_last200: 123.6549 epis: 0.0034 loss: 35.7826 
episode: 566 count: 500 score: 190.5870 average_last200: 123.9831 epis: 0.0034 loss: 48.1000 
episode: 567 count: 1000 score: -34.3124 average_last200: 122.9657 epis: 0.0033 loss: 95.6532 
episode: 568 count: 629 score: 108.1720 average_last200: 122.5811 epis: 0.0033 loss: 59.2517 
episode: 569 count: 723 score: 191.5459 average_last200: 122.5233 epis: 0.0033 loss: 63.7831 
episode: 570 count: 580 score: 204.7813 average_last200: 122.9441 epis: 0.0032 loss: 53.5730 
episode: 571 count: 935 score: 107.0199 average_last200: 122.8884 epis: 0.0032 loss: 94.5316 
episode: 572 count: 696 score: 151.3030 average_last200: 122.9799 epis: 0.0032 loss: 64.7394 
episode: 573 count: 688 score: 175.3231 average_last200: 123.2043 epis: 0.0031 loss: 58.3622 
episode: 574 count: 574 score: 154.4924 average_last200: 123.2517 epis: 0.0031 loss: 42.9480 
episode: 575 count: 571 score: 199.9644 average_last200: 123.5453 epis: 0.0031 loss: 47.6514 
episode: 576 count: 524 score: 174.5205 average_last200: 123.4817 epis: 0.0030 loss: 46.0505 
episode: 577 count: 855 score: 108.4968 average_last200: 123.2512 epis: 0.0030 loss: 73.1975 
episode: 578 count: 1000 score: -56.6747 average_last200: 122.2927 epis: 0.0030 loss: 93.6781 
episode: 579 count: 519 score: 171.6869 average_last200: 122.2324 epis: 0.0029 loss: 38.5586 
episode: 580 count: 890 score: 133.4673 average_last200: 122.2169 epis: 0.0029 loss: 82.2288 
episode: 581 count: 879 score: 64.5103 average_last200: 121.8141 epis: 0.0029 loss: 78.1396 
episode: 582 count: 1000 score: -45.2237 average_last200: 121.0208 epis: 0.0029 loss: 83.1683 
episode: 583 count: 1000 score: -24.3336 average_last200: 120.0030 epis: 0.0028 loss: 85.7084 
episode: 584 count: 772 score: 147.4606 average_last200: 119.8476 epis: 0.0028 loss: 66.3510 
episode: 585 count: 659 score: 137.3158 average_last200: 119.7322 epis: 0.0028 loss: 56.8537 
episode: 586 count: 921 score: -134.2636 average_last200: 118.1059 epis: 0.0027 loss: 86.2744 
episode: 587 count: 717 score: -131.2185 average_last200: 117.6045 epis: 0.0027 loss: 60.8218 
episode: 588 count: 1000 score: 6.1207 average_last200: 116.6794 epis: 0.0027 loss: 88.3731 
episode: 589 count: 1000 score: -33.6076 average_last200: 115.6654 epis: 0.0027 loss: 82.8642 
episode: 590 count: 970 score: 51.9768 average_last200: 115.3380 epis: 0.0026 loss: 82.5290 
episode: 591 count: 929 score: 97.4426 average_last200: 114.6507 epis: 0.0026 loss: 74.1836 
episode: 592 count: 651 score: 181.1637 average_last200: 115.1394 epis: 0.0026 loss: 51.9911 
episode: 593 count: 1000 score: -57.3360 average_last200: 114.1264 epis: 0.0026 loss: 84.0899 
episode: 594 count: 781 score: 95.9850 average_last200: 114.8896 epis: 0.0025 loss: 67.2833 
episode: 595 count: 642 score: 178.4994 average_last200: 114.8162 epis: 0.0025 loss: 50.7246 
episode: 596 count: 697 score: 176.9231 average_last200: 114.7904 epis: 0.0025 loss: 54.1005 
episode: 597 count: 480 score: 138.8888 average_last200: 115.6997 epis: 0.0025 loss: 36.2184 
episode: 598 count: 1000 score: -38.4206 average_last200: 114.9267 epis: 0.0024 loss: 82.2841 
episode: 599 count: 500 score: 216.2066 average_last200: 115.0270 epis: 0.0024 loss: 41.2718 
episode: 600 count: 587 score: 150.9799 average_last200: 115.5222 epis: 0.0024 loss: 48.9271 
episode: 601 count: 673 score: 94.9799 average_last200: 115.2114 epis: 0.0024 loss: 64.4814 
episode: 602 count: 662 score: 133.7234 average_last200: 116.7575 epis: 0.0023 loss: 54.2945 
episode: 603 count: 717 score: 141.1640 average_last200: 116.5830 epis: 0.0023 loss: 65.1519 
episode: 604 count: 645 score: 172.7962 average_last200: 116.4551 epis: 0.0023 loss: 54.0205 
episode: 605 count: 448 score: 219.0316 average_last200: 117.6946 epis: 0.0023 loss: 33.1634 
episode: 606 count: 1000 score: -31.9708 average_last200: 116.9520 epis: 0.0022 loss: 85.7323 
episode: 607 count: 627 score: 147.1501 average_last200: 116.5276 epis: 0.0022 loss: 57.9677 
episode: 608 count: 651 score: 145.3162 average_last200: 116.7427 epis: 0.0022 loss: 56.2348 
episode: 609 count: 652 score: 142.3991 average_last200: 116.6040 epis: 0.0022 loss: 57.6091 
episode: 610 count: 553 score: 126.5303 average_last200: 116.2861 epis: 0.0022 loss: 46.6029 
episode: 611 count: 382 score: 197.0471 average_last200: 116.7256 epis: 0.0021 loss: 30.5371 
episode: 612 count: 716 score: 138.3139 average_last200: 117.1938 epis: 0.0021 loss: 66.9418 
episode: 613 count: 1000 score: -20.4131 average_last200: 116.1781 epis: 0.0021 loss: 89.5076 
episode: 614 count: 164 score: -52.2616 average_last200: 116.3481 epis: 0.0021 loss: 14.3987 
episode: 615 count: 1000 score: -71.7002 average_last200: 115.3320 epis: 0.0020 loss: 85.2156 
episode: 616 count: 819 score: 131.3797 average_last200: 116.2625 epis: 0.0020 loss: 70.2443 
episode: 617 count: 863 score: 127.4703 average_last200: 116.0423 epis: 0.0020 loss: 73.2177 
episode: 618 count: 465 score: 168.7106 average_last200: 117.0930 epis: 0.0020 loss: 43.2137 
episode: 619 count: 1000 score: 38.7948 average_last200: 116.2112 epis: 0.0020 loss: 85.4469 
episode: 620 count: 1000 score: 0.7421 average_last200: 115.8419 epis: 0.0019 loss: 78.4260 
episode: 621 count: 693 score: 140.1053 average_last200: 115.8639 epis: 0.0019 loss: 62.7331 
episode: 622 count: 732 score: 112.3127 average_last200: 115.7521 epis: 0.0019 loss: 60.9621 
episode: 623 count: 333 score: 212.4033 average_last200: 116.1578 epis: 0.0019 loss: 29.7713 
episode: 624 count: 471 score: 186.2733 average_last200: 116.2315 epis: 0.0019 loss: 44.9298 
episode: 625 count: 1000 score: -33.5868 average_last200: 115.2999 epis: 0.0019 loss: 90.8383 
episode: 626 count: 1000 score: -20.7288 average_last200: 114.8191 epis: 0.0018 loss: 85.8898 
episode: 627 count: 528 score: 136.4624 average_last200: 115.0680 epis: 0.0018 loss: 53.9394 
episode: 628 count: 983 score: 92.9315 average_last200: 114.8481 epis: 0.0018 loss: 73.3825 
episode: 629 count: 648 score: 145.2258 average_last200: 114.7235 epis: 0.0018 loss: 55.5815 
episode: 630 count: 732 score: 98.7199 average_last200: 114.5801 epis: 0.0018 loss: 56.1238 
episode: 631 count: 1000 score: -52.0373 average_last200: 113.1742 epis: 0.0017 loss: 78.7704 
episode: 632 count: 548 score: 140.2458 average_last200: 113.0356 epis: 0.0017 loss: 48.0513 
episode: 633 count: 867 score: 125.9847 average_last200: 112.9787 epis: 0.0017 loss: 75.4304 
episode: 634 count: 876 score: 81.2424 average_last200: 112.3229 epis: 0.0017 loss: 63.0975 
episode: 635 count: 385 score: 192.9306 average_last200: 112.7757 epis: 0.0017 loss: 30.2761 
episode: 636 count: 1000 score: 71.5597 average_last200: 112.6786 epis: 0.0017 loss: 80.4730 
episode: 637 count: 371 score: 189.2627 average_last200: 113.0488 epis: 0.0016 loss: 29.1697 
episode: 638 count: 535 score: 168.2785 average_last200: 112.9811 epis: 0.0016 loss: 41.3427 
episode: 639 count: 336 score: 177.5487 average_last200: 113.0182 epis: 0.0016 loss: 26.6228 
episode: 640 count: 417 score: 202.3779 average_last200: 113.0384 epis: 0.0016 loss: 27.8648 
episode: 641 count: 474 score: 191.1417 average_last200: 112.9679 epis: 0.0016 loss: 34.8369 
episode: 642 count: 1000 score: -49.1520 average_last200: 111.8843 epis: 0.0016 loss: 79.2034 
episode: 643 count: 443 score: 215.2147 average_last200: 112.1977 epis: 0.0015 loss: 40.4644 
episode: 644 count: 549 score: 152.5693 average_last200: 112.3115 epis: 0.0015 loss: 44.0667 
episode: 645 count: 388 score: 228.9818 average_last200: 112.9135 epis: 0.0015 loss: 28.6831 
episode: 646 count: 1000 score: -22.9868 average_last200: 112.0176 epis: 0.0015 loss: 74.4923 
episode: 647 count: 530 score: 160.4458 average_last200: 112.2216 epis: 0.0015 loss: 36.8492 
episode: 648 count: 556 score: 152.0017 average_last200: 112.2016 epis: 0.0015 loss: 50.7771 
episode: 649 count: 449 score: 179.5532 average_last200: 112.6689 epis: 0.0015 loss: 30.2863 
episode: 650 count: 1000 score: -43.6962 average_last200: 111.7684 epis: 0.0014 loss: 79.6717 
episode: 651 count: 728 score: 138.0570 average_last200: 111.8482 epis: 0.0014 loss: 54.4289 
episode: 652 count: 468 score: 189.9912 average_last200: 111.6418 epis: 0.0014 loss: 40.5477 
episode: 653 count: 308 score: 194.5295 average_last200: 112.8620 epis: 0.0014 loss: 24.8180 
episode: 654 count: 967 score: 72.9757 average_last200: 112.3863 epis: 0.0014 loss: 78.5638 
episode: 655 count: 1000 score: -3.0823 average_last200: 112.5826 epis: 0.0014 loss: 88.2788 
episode: 656 count: 822 score: 156.2975 average_last200: 113.6713 epis: 0.0014 loss: 62.0758 
episode: 657 count: 677 score: 148.1847 average_last200: 113.5456 epis: 0.0013 loss: 52.4173 
episode: 658 count: 218 score: 15.7141 average_last200: 112.9076 epis: 0.0013 loss: 14.4634 
episode: 659 count: 582 score: 143.0531 average_last200: 113.1143 epis: 0.0013 loss: 46.1639 
episode: 660 count: 362 score: 199.0801 average_last200: 114.4640 epis: 0.0013 loss: 24.0559 
episode: 661 count: 999 score: 110.8628 average_last200: 114.5541 epis: 0.0013 loss: 80.3598 
episode: 662 count: 361 score: 208.6237 average_last200: 115.6647 epis: 0.0013 loss: 29.3759 
episode: 663 count: 793 score: 128.1560 average_last200: 115.2880 epis: 0.0013 loss: 65.0729 
episode: 664 count: 890 score: 55.2196 average_last200: 114.9224 epis: 0.0013 loss: 67.3643 
episode: 665 count: 329 score: 173.4132 average_last200: 115.0482 epis: 0.0012 loss: 24.9339 
episode: 666 count: 936 score: 66.2699 average_last200: 114.6433 epis: 0.0012 loss: 68.6552 
episode: 667 count: 442 score: 165.4670 average_last200: 114.9673 epis: 0.0012 loss: 32.9905 
episode: 668 count: 1000 score: -45.8247 average_last200: 114.2063 epis: 0.0012 loss: 76.3370 
episode: 669 count: 482 score: 202.9277 average_last200: 115.2550 epis: 0.0012 loss: 39.7931 
episode: 670 count: 506 score: 164.5429 average_last200: 115.4605 epis: 0.0012 loss: 42.7403 
episode: 671 count: 445 score: 208.7803 average_last200: 115.9598 epis: 0.0012 loss: 36.7115 
episode: 672 count: 965 score: 91.2212 average_last200: 115.3220 epis: 0.0012 loss: 73.6931 
episode: 673 count: 551 score: 127.1910 average_last200: 114.7507 epis: 0.0011 loss: 44.2134 
episode: 674 count: 1000 score: -31.3710 average_last200: 114.7540 epis: 0.0011 loss: 72.5297 
episode: 675 count: 539 score: 201.4726 average_last200: 114.8652 epis: 0.0011 loss: 39.8420 
episode: 676 count: 1000 score: -35.3324 average_last200: 113.5131 epis: 0.0011 loss: 72.4756 
episode: 677 count: 1000 score: -37.0300 average_last200: 112.5850 epis: 0.0011 loss: 68.7449 
episode: 678 count: 1000 score: -36.9056 average_last200: 111.5870 epis: 0.0011 loss: 67.5312 
episode: 679 count: 629 score: 118.2366 average_last200: 112.5301 epis: 0.0011 loss: 49.7124 
episode: 680 count: 1000 score: -50.3952 average_last200: 111.4735 epis: 0.0011 loss: 64.8069 
episode: 681 count: 1000 score: -43.4672 average_last200: 110.5217 epis: 0.0011 loss: 69.7113 
episode: 682 count: 363 score: 207.2142 average_last200: 111.1913 epis: 0.0010 loss: 17.9715 
episode: 683 count: 1000 score: 6.5799 average_last200: 110.4090 epis: 0.0010 loss: 64.1166 
episode: 684 count: 410 score: 198.7598 average_last200: 111.7284 epis: 0.0010 loss: 27.0668 
episode: 685 count: 1000 score: -21.3962 average_last200: 111.0438 epis: 0.0010 loss: 71.4942 
episode: 686 count: 1000 score: -54.1884 average_last200: 110.8209 epis: 0.0010 loss: 58.9245 
episode: 687 count: 957 score: 58.6105 average_last200: 110.5361 epis: 0.0010 loss: 60.8222 
episode: 688 count: 400 score: 218.0339 average_last200: 111.8628 epis: 0.0010 loss: 23.1908 
episode: 689 count: 1000 score: -50.3415 average_last200: 110.6832 epis: 0.0010 loss: 69.0743 
episode: 690 count: 929 score: 80.0167 average_last200: 111.2551 epis: 0.0010 loss: 59.9466 
episode: 691 count: 1000 score: -53.7152 average_last200: 110.4201 epis: 0.0010 loss: 70.1072 
episode: 692 count: 1000 score: -20.4843 average_last200: 109.3927 epis: 0.0009 loss: 70.0675 
episode: 693 count: 1000 score: -39.0244 average_last200: 108.1712 epis: 0.0009 loss: 68.1060 
episode: 694 count: 450 score: 190.8381 average_last200: 108.6272 epis: 0.0009 loss: 26.4973 
episode: 695 count: 483 score: 197.9309 average_last200: 108.7050 epis: 0.0009 loss: 27.7603 
episode: 696 count: 1000 score: -40.6463 average_last200: 108.8362 epis: 0.0009 loss: 59.3726 
episode: 697 count: 1000 score: -46.5220 average_last200: 108.8853 epis: 0.0009 loss: 58.7227 
episode: 698 count: 362 score: 210.9495 average_last200: 108.9380 epis: 0.0009 loss: 24.9486 
episode: 699 count: 349 score: 225.0533 average_last200: 109.0640 epis: 0.0009 loss: 25.7473 
episode: 700 count: 900 score: 57.1953 average_last200: 108.5777 epis: 0.0009 loss: 64.6206 
episode: 701 count: 593 score: 209.4353 average_last200: 109.0358 epis: 0.0009 loss: 35.4127 
episode: 702 count: 1000 score: -77.2297 average_last200: 108.0830 epis: 0.0009 loss: 58.2335 
episode: 703 count: 429 score: 170.9190 average_last200: 108.6173 epis: 0.0008 loss: 25.7783 
episode: 704 count: 361 score: 213.2284 average_last200: 109.0293 epis: 0.0008 loss: 24.2941 
episode: 705 count: 1000 score: -37.2696 average_last200: 108.0656 epis: 0.0008 loss: 69.4002 
episode: 706 count: 1000 score: -24.3510 average_last200: 107.4807 epis: 0.0008 loss: 65.6579 
episode: 707 count: 1000 score: -58.7258 average_last200: 106.2913 epis: 0.0008 loss: 56.3121 
episode: 708 count: 414 score: 199.1254 average_last200: 106.4587 epis: 0.0008 loss: 25.7262 
episode: 709 count: 1000 score: -65.8974 average_last200: 105.2038 epis: 0.0008 loss: 58.2833 
episode: 710 count: 1000 score: -23.9104 average_last200: 104.2059 epis: 0.0008 loss: 62.2554 
episode: 711 count: 1000 score: -49.5547 average_last200: 102.9054 epis: 0.0008 loss: 63.3393 
episode: 712 count: 1000 score: -52.1086 average_last200: 102.1655 epis: 0.0008 loss: 53.3575 
episode: 713 count: 521 score: 192.1117 average_last200: 102.8085 epis: 0.0008 loss: 24.7338 
episode: 714 count: 1000 score: -38.7876 average_last200: 101.9523 epis: 0.0008 loss: 62.0751 
episode: 715 count: 1000 score: -71.8020 average_last200: 100.9500 epis: 0.0007 loss: 57.7515 
episode: 716 count: 489 score: 183.8135 average_last200: 100.9851 epis: 0.0007 loss: 25.3467 
episode: 717 count: 297 score: 223.8429 average_last200: 101.0379 epis: 0.0007 loss: 18.0616 
episode: 718 count: 496 score: 181.6624 average_last200: 101.0754 epis: 0.0007 loss: 31.8679 
episode: 719 count: 517 score: 178.7524 average_last200: 101.0460 epis: 0.0007 loss: 26.5816 
episode: 720 count: 1000 score: -62.1919 average_last200: 100.9199 epis: 0.0007 loss: 57.9907 
episode: 721 count: 1000 score: -72.6581 average_last200: 99.5654 epis: 0.0007 loss: 56.7099 
episode: 722 count: 1000 score: -59.8189 average_last200: 98.1050 epis: 0.0007 loss: 64.0771 
episode: 723 count: 340 score: 207.0257 average_last200: 98.0103 epis: 0.0007 loss: 24.7694 
episode: 724 count: 1000 score: -49.5166 average_last200: 96.8108 epis: 0.0007 loss: 60.3408 
episode: 725 count: 335 score: 161.9698 average_last200: 96.8230 epis: 0.0007 loss: 15.6194 
episode: 726 count: 434 score: 185.8948 average_last200: 96.9794 epis: 0.0007 loss: 22.7973 
episode: 727 count: 412 score: 196.8920 average_last200: 97.1305 epis: 0.0007 loss: 21.0269 
episode: 728 count: 361 score: 175.9307 average_last200: 97.0675 epis: 0.0007 loss: 22.0062 
episode: 729 count: 1000 score: -43.8986 average_last200: 97.0538 epis: 0.0007 loss: 54.3547 
episode: 730 count: 638 score: 122.8633 average_last200: 96.9183 epis: 0.0006 loss: 35.0009 
episode: 731 count: 533 score: 174.4045 average_last200: 96.9979 epis: 0.0006 loss: 27.9124 
episode: 732 count: 400 score: 186.6891 average_last200: 97.1053 epis: 0.0006 loss: 20.8781 
episode: 733 count: 942 score: 94.9662 average_last200: 96.4677 epis: 0.0006 loss: 59.2697 
episode: 734 count: 1000 score: 0.8488 average_last200: 95.4956 epis: 0.0006 loss: 61.6847 
episode: 735 count: 319 score: 216.6549 average_last200: 95.7520 epis: 0.0006 loss: 18.9849 
episode: 736 count: 414 score: 172.2744 average_last200: 96.1339 epis: 0.0006 loss: 23.2244 
episode: 737 count: 702 score: 155.8160 average_last200: 96.3371 epis: 0.0006 loss: 41.5028 
episode: 738 count: 284 score: 223.5845 average_last200: 96.7316 epis: 0.0006 loss: 19.1770 
episode: 739 count: 395 score: 193.8128 average_last200: 97.1113 epis: 0.0006 loss: 20.8241 
episode: 740 count: 890 score: 65.6469 average_last200: 96.6895 epis: 0.0006 loss: 49.3856 
episode: 741 count: 1000 score: -46.5463 average_last200: 95.6120 epis: 0.0006 loss: 54.6347 
episode: 742 count: 304 score: 217.0828 average_last200: 95.6805 epis: 0.0006 loss: 16.5243 
episode: 743 count: 1000 score: -34.7792 average_last200: 94.6629 epis: 0.0006 loss: 63.1666 
episode: 744 count: 1000 score: 4.4833 average_last200: 93.9607 epis: 0.0006 loss: 59.2581 
episode: 745 count: 695 score: 146.4635 average_last200: 93.8518 epis: 0.0006 loss: 45.1233 
episode: 746 count: 1000 score: -66.0863 average_last200: 93.0282 epis: 0.0005 loss: 58.5956 
episode: 747 count: 404 score: 179.1223 average_last200: 93.1053 epis: 0.0005 loss: 27.7659 
episode: 748 count: 411 score: 166.8355 average_last200: 93.9639 epis: 0.0005 loss: 20.6943 
episode: 749 count: 488 score: 219.3595 average_last200: 95.4807 epis: 0.0005 loss: 31.8126 
episode: 750 count: 305 score: 236.4283 average_last200: 95.7287 epis: 0.0005 loss: 15.2817 
episode: 751 count: 1000 score: -90.6643 average_last200: 94.2801 epis: 0.0005 loss: 60.5008 
episode: 752 count: 301 score: 231.5977 average_last200: 94.6442 epis: 0.0005 loss: 22.8361 
episode: 753 count: 1000 score: -14.3648 average_last200: 93.9483 epis: 0.0005 loss: 66.1339 
episode: 754 count: 237 score: 222.5145 average_last200: 95.1827 epis: 0.0005 loss: 17.5038 
episode: 755 count: 310 score: 218.4593 average_last200: 96.5118 epis: 0.0005 loss: 15.9042 
episode: 756 count: 317 score: 209.1591 average_last200: 96.6683 epis: 0.0005 loss: 18.3279 
episode: 757 count: 1000 score: -53.4334 average_last200: 95.7360 epis: 0.0005 loss: 52.1306 
episode: 758 count: 1000 score: -41.0661 average_last200: 95.0006 epis: 0.0005 loss: 53.0738 
episode: 759 count: 331 score: 182.0435 average_last200: 95.2578 epis: 0.0005 loss: 18.2750 
episode: 760 count: 1000 score: -40.3813 average_last200: 94.4152 epis: 0.0005 loss: 53.1447 
episode: 761 count: 276 score: 219.0358 average_last200: 94.9648 epis: 0.0005 loss: 13.4905 
episode: 762 count: 220 score: 7.0112 average_last200: 94.0042 epis: 0.0005 loss: 16.2122 
episode: 763 count: 342 score: 236.7044 average_last200: 95.4640 epis: 0.0005 loss: 14.0922 
episode: 764 count: 319 score: 250.2878 average_last200: 95.8591 epis: 0.0005 loss: 15.1611 
episode: 765 count: 731 score: 91.1291 average_last200: 95.5640 epis: 0.0005 loss: 38.0375 
episode: 766 count: 1000 score: -40.7434 average_last200: 94.4073 epis: 0.0004 loss: 56.5500 
episode: 767 count: 1000 score: -16.2851 average_last200: 94.4975 epis: 0.0004 loss: 59.7449 
episode: 768 count: 1000 score: -26.2311 average_last200: 93.8254 epis: 0.0004 loss: 45.2044 
episode: 769 count: 258 score: 205.3993 average_last200: 93.8947 epis: 0.0004 loss: 13.8363 
episode: 770 count: 1000 score: -29.2036 average_last200: 92.7248 epis: 0.0004 loss: 57.0919 
episode: 771 count: 286 score: -26.2710 average_last200: 92.0583 epis: 0.0004 loss: 8.8536 
episode: 772 count: 323 score: 223.8935 average_last200: 92.4213 epis: 0.0004 loss: 20.8785 
episode: 773 count: 328 score: 190.4493 average_last200: 92.4969 epis: 0.0004 loss: 18.4946 
episode: 774 count: 193 score: 202.4965 average_last200: 92.7369 epis: 0.0004 loss: 6.0523 
episode: 775 count: 547 score: 163.7158 average_last200: 92.5557 epis: 0.0004 loss: 29.9548 
episode: 776 count: 1000 score: -32.7597 average_last200: 91.5193 epis: 0.0004 loss: 50.4823 
episode: 777 count: 339 score: 219.6495 average_last200: 92.0751 epis: 0.0004 loss: 21.2183 
episode: 778 count: 360 score: 213.1050 average_last200: 93.4240 epis: 0.0004 loss: 14.6813 
episode: 779 count: 310 score: 188.8225 average_last200: 93.5096 epis: 0.0004 loss: 13.0843 
episode: 780 count: 348 score: 190.6904 average_last200: 93.7957 epis: 0.0004 loss: 18.0903 
episode: 781 count: 402 score: 242.4996 average_last200: 94.6857 epis: 0.0004 loss: 19.0612 
episode: 782 count: 311 score: 222.9678 average_last200: 96.0267 epis: 0.0004 loss: 14.6411 
episode: 783 count: 368 score: 236.1671 average_last200: 97.3292 epis: 0.0004 loss: 18.8153 
episode: 784 count: 390 score: 221.0865 average_last200: 97.6973 epis: 0.0004 loss: 19.3145 
episode: 785 count: 1000 score: -57.1458 average_last200: 96.7250 epis: 0.0004 loss: 64.9008 
episode: 786 count: 277 score: 237.2663 average_last200: 98.5826 epis: 0.0004 loss: 17.5404 
episode: 787 count: 318 score: 212.2927 average_last200: 100.3002 epis: 0.0004 loss: 17.2869 
episode: 788 count: 397 score: 176.3055 average_last200: 101.1511 epis: 0.0004 loss: 22.0830 
episode: 789 count: 375 score: 241.1310 average_last200: 102.5248 epis: 0.0004 loss: 17.6222 
episode: 790 count: 1000 score: -36.9777 average_last200: 102.0800 epis: 0.0004 loss: 54.6226 
episode: 791 count: 287 score: 206.8555 average_last200: 102.6271 epis: 0.0003 loss: 11.6842 
episode: 792 count: 423 score: 194.9115 average_last200: 102.6958 epis: 0.0003 loss: 17.5324 
episode: 793 count: 361 score: 176.8110 average_last200: 103.8666 epis: 0.0003 loss: 21.3723 
episode: 794 count: 403 score: 174.1691 average_last200: 104.2575 epis: 0.0003 loss: 20.8661 
episode: 795 count: 382 score: 215.2629 average_last200: 104.4413 epis: 0.0003 loss: 17.9963 
episode: 796 count: 611 score: 193.2429 average_last200: 104.5229 epis: 0.0003 loss: 38.4706 
episode: 797 count: 318 score: 210.8295 average_last200: 104.8826 epis: 0.0003 loss: 19.7925 
episode: 798 count: 320 score: 229.7704 average_last200: 106.2236 epis: 0.0003 loss: 13.6340 
episode: 799 count: 521 score: 173.7282 average_last200: 106.0112 epis: 0.0003 loss: 28.6681 
episode: 800 count: 427 score: 205.7675 average_last200: 106.2851 epis: 0.0003 loss: 23.7006 
episode: 801 count: 442 score: 145.2723 average_last200: 106.5366 epis: 0.0003 loss: 25.0913 
episode: 802 count: 1000 score: -76.5428 average_last200: 105.4852 epis: 0.0003 loss: 58.8259 
episode: 803 count: 864 score: 149.3253 average_last200: 105.5260 epis: 0.0003 loss: 45.0714 
episode: 804 count: 681 score: 183.9626 average_last200: 105.5819 epis: 0.0003 loss: 37.5958 
episode: 805 count: 1000 score: -47.3750 average_last200: 104.2498 epis: 0.0003 loss: 51.4917 
episode: 806 count: 422 score: 181.6124 average_last200: 105.3178 epis: 0.0003 loss: 19.8759 
episode: 807 count: 1000 score: -31.8603 average_last200: 104.4227 epis: 0.0003 loss: 59.2912 
episode: 808 count: 438 score: 212.8200 average_last200: 104.7602 epis: 0.0003 loss: 26.8578 
episode: 809 count: 1000 score: -34.3340 average_last200: 103.8766 epis: 0.0003 loss: 53.3897 
episode: 810 count: 1000 score: -39.2974 average_last200: 103.0474 epis: 0.0003 loss: 56.7308 
episode: 811 count: 712 score: 100.1009 average_last200: 102.5627 epis: 0.0003 loss: 33.8401 
episode: 812 count: 738 score: 117.6818 average_last200: 102.4595 epis: 0.0003 loss: 41.6881 
episode: 813 count: 339 score: 238.2298 average_last200: 103.7527 epis: 0.0003 loss: 21.7895 
episode: 814 count: 1000 score: -37.3561 average_last200: 103.8273 epis: 0.0003 loss: 46.6172 
episode: 815 count: 342 score: 200.8212 average_last200: 105.1899 epis: 0.0003 loss: 14.6939 
episode: 816 count: 389 score: 171.6742 average_last200: 105.3914 epis: 0.0003 loss: 19.6815 
episode: 817 count: 388 score: 226.3033 average_last200: 105.8855 epis: 0.0003 loss: 23.3042 
episode: 818 count: 214 score: 193.0536 average_last200: 106.0072 epis: 0.0003 loss: 12.3107 
episode: 819 count: 1000 score: -37.3316 average_last200: 105.6266 epis: 0.0003 loss: 48.7401 
episode: 820 count: 459 score: 149.2602 average_last200: 106.3692 epis: 0.0003 loss: 32.4801 
episode: 821 count: 282 score: 243.1980 average_last200: 106.8847 epis: 0.0003 loss: 16.2311 
episode: 822 count: 466 score: 167.7065 average_last200: 107.1616 epis: 0.0003 loss: 21.3832 
episode: 823 count: 1000 score: -0.8624 average_last200: 106.0953 epis: 0.0003 loss: 48.0130 
episode: 824 count: 281 score: 210.3193 average_last200: 106.2155 epis: 0.0003 loss: 16.6194 
episode: 825 count: 1000 score: -74.2210 average_last200: 106.0124 epis: 0.0002 loss: 48.5926 
episode: 826 count: 1000 score: -54.8207 average_last200: 105.8419 epis: 0.0002 loss: 54.0816 
episode: 827 count: 332 score: 190.1188 average_last200: 106.1102 epis: 0.0002 loss: 19.6135 
episode: 828 count: 314 score: 224.4786 average_last200: 106.7679 epis: 0.0002 loss: 13.8117 
episode: 829 count: 1000 score: -69.2657 average_last200: 105.6955 epis: 0.0002 loss: 52.3518 
episode: 830 count: 1000 score: -31.0665 average_last200: 105.0465 epis: 0.0002 loss: 52.4284 
episode: 831 count: 1000 score: -32.3379 average_last200: 105.1450 epis: 0.0002 loss: 49.3830 
episode: 832 count: 365 score: 177.3364 average_last200: 105.3305 epis: 0.0002 loss: 18.9022 
episode: 833 count: 1000 score: -56.7428 average_last200: 104.4168 epis: 0.0002 loss: 55.2980 
episode: 834 count: 360 score: 197.5294 average_last200: 104.9983 epis: 0.0002 loss: 20.5677 
episode: 835 count: 1000 score: -42.6652 average_last200: 103.8203 epis: 0.0002 loss: 52.7959 
episode: 836 count: 289 score: 199.4931 average_last200: 104.4600 epis: 0.0002 loss: 15.1906 
episode: 837 count: 272 score: 225.3985 average_last200: 104.6406 epis: 0.0002 loss: 10.7525 
episode: 838 count: 337 score: 215.8088 average_last200: 104.8783 epis: 0.0002 loss: 19.1505 
episode: 839 count: 413 score: 198.8470 average_last200: 104.9848 epis: 0.0002 loss: 20.4832 
episode: 840 count: 427 score: 222.5567 average_last200: 105.0857 epis: 0.0002 loss: 24.1721 
episode: 841 count: 618 score: 103.1744 average_last200: 104.6458 epis: 0.0002 loss: 35.8306 
episode: 842 count: 1000 score: -34.9752 average_last200: 104.7167 epis: 0.0002 loss: 57.4949 
episode: 843 count: 289 score: 195.1506 average_last200: 104.6164 epis: 0.0002 loss: 16.7499 
episode: 844 count: 460 score: 168.2487 average_last200: 104.6948 epis: 0.0002 loss: 23.9727 
episode: 845 count: 287 score: 193.2680 average_last200: 104.5162 epis: 0.0002 loss: 13.2239 
episode: 846 count: 320 score: 185.6385 average_last200: 105.5594 epis: 0.0002 loss: 18.3440 
episode: 847 count: 241 score: 187.6268 average_last200: 105.6953 epis: 0.0002 loss: 13.3278 
episode: 848 count: 1000 score: -32.7336 average_last200: 104.7716 epis: 0.0002 loss: 50.7701 
episode: 849 count: 1000 score: -24.3692 average_last200: 103.7520 epis: 0.0002 loss: 59.6970 
episode: 850 count: 1000 score: -37.3457 average_last200: 103.7837 epis: 0.0002 loss: 54.8451 
episode: 851 count: 1000 score: -35.7398 average_last200: 102.9147 epis: 0.0002 loss: 58.6214 
episode: 852 count: 1000 score: -36.2875 average_last200: 101.7833 epis: 0.0002 loss: 56.4591 
episode: 853 count: 198 score: 7.4871 average_last200: 100.8481 epis: 0.0002 loss: 13.9421 
episode: 854 count: 1000 score: -49.5921 average_last200: 100.2353 epis: 0.0002 loss: 55.3713 
episode: 855 count: 292 score: 184.2777 average_last200: 101.1721 epis: 0.0002 loss: 12.9927 
episode: 856 count: 294 score: 204.0204 average_last200: 101.4107 epis: 0.0002 loss: 12.9641 
episode: 857 count: 230 score: -46.4764 average_last200: 100.4374 epis: 0.0002 loss: 11.8641 
episode: 858 count: 380 score: 153.2329 average_last200: 101.1250 epis: 0.0002 loss: 22.3299 
episode: 859 count: 196 score: 7.2218 average_last200: 100.4458 epis: 0.0002 loss: 11.1062 
episode: 860 count: 642 score: 221.5178 average_last200: 100.5580 epis: 0.0002 loss: 38.9107 
episode: 861 count: 337 score: 174.5542 average_last200: 100.8765 epis: 0.0002 loss: 18.3936 
episode: 862 count: 1000 score: -37.4440 average_last200: 99.6462 epis: 0.0002 loss: 59.0743 
episode: 863 count: 467 score: 185.7937 average_last200: 99.9343 epis: 0.0002 loss: 33.2249 
episode: 864 count: 754 score: 159.9795 average_last200: 100.4581 epis: 0.0002 loss: 47.4057 
episode: 865 count: 431 score: -56.6534 average_last200: 99.3078 epis: 0.0002 loss: 23.8302 
episode: 866 count: 238 score: 220.8871 average_last200: 100.0809 epis: 0.0002 loss: 18.0403 
episode: 867 count: 385 score: 142.2893 average_last200: 99.9650 epis: 0.0002 loss: 22.0077 
episode: 868 count: 1000 score: -16.2951 average_last200: 100.1127 epis: 0.0002 loss: 54.2201 
episode: 869 count: 298 score: -22.9428 average_last200: 98.9833 epis: 0.0002 loss: 15.7249 
episode: 870 count: 615 score: 208.5212 average_last200: 99.2032 epis: 0.0002 loss: 37.5714 
episode: 871 count: 888 score: 127.4692 average_last200: 98.7966 epis: 0.0002 loss: 56.1662 
episode: 872 count: 287 score: 226.0581 average_last200: 99.4708 epis: 0.0002 loss: 16.8053 
episode: 873 count: 1000 score: 24.5754 average_last200: 98.9577 epis: 0.0002 loss: 59.2402 
episode: 874 count: 1000 score: -32.7940 average_last200: 98.9506 epis: 0.0002 loss: 60.5447 
episode: 875 count: 199 score: -19.3177 average_last200: 97.8467 epis: 0.0002 loss: 13.5848 
episode: 876 count: 968 score: 70.1005 average_last200: 98.3738 epis: 0.0001 loss: 52.0535 
episode: 877 count: 312 score: 240.1654 average_last200: 99.7598 epis: 0.0001 loss: 21.6796 
episode: 878 count: 214 score: -16.4478 average_last200: 99.8621 epis: 0.0001 loss: 13.7109 
episode: 879 count: 284 score: -34.7517 average_last200: 99.0972 epis: 0.0001 loss: 23.4963 
episode: 880 count: 351 score: 187.0074 average_last200: 100.2842 epis: 0.0001 loss: 21.3799 
episode: 881 count: 703 score: 202.9220 average_last200: 101.5161 epis: 0.0001 loss: 37.7307 
episode: 882 count: 234 score: 2.1440 average_last200: 100.4908 epis: 0.0001 loss: 12.1724 
episode: 883 count: 219 score: -19.8577 average_last200: 100.3586 epis: 0.0001 loss: 14.0715 
episode: 884 count: 779 score: 129.4230 average_last200: 100.0119 epis: 0.0001 loss: 51.5039 
episode: 885 count: 1000 score: -39.8973 average_last200: 99.9194 epis: 0.0001 loss: 67.9067 
episode: 886 count: 218 score: -26.4023 average_last200: 100.0583 epis: 0.0001 loss: 13.2063 
episode: 887 count: 844 score: 186.2111 average_last200: 100.6963 epis: 0.0001 loss: 48.3683 
episode: 888 count: 261 score: 190.3770 average_last200: 100.5580 epis: 0.0001 loss: 14.4553 
episode: 889 count: 898 score: 109.2422 average_last200: 101.3560 epis: 0.0001 loss: 59.0775 
episode: 890 count: 234 score: 195.2791 average_last200: 101.9323 epis: 0.0001 loss: 11.9563 
episode: 891 count: 563 score: -67.0430 average_last200: 101.8656 epis: 0.0001 loss: 39.5630 
episode: 892 count: 818 score: 151.8961 average_last200: 102.7275 epis: 0.0001 loss: 44.5029 
episode: 893 count: 301 score: 191.6365 average_last200: 103.8808 epis: 0.0001 loss: 19.2247 
episode: 894 count: 257 score: 213.4375 average_last200: 103.9938 epis: 0.0001 loss: 21.6300 
episode: 895 count: 183 score: -5.6134 average_last200: 102.9761 epis: 0.0001 loss: 13.2440 
episode: 896 count: 207 score: -26.1966 average_last200: 103.0484 epis: 0.0001 loss: 16.3063 
episode: 897 count: 327 score: 237.3087 average_last200: 104.4675 epis: 0.0001 loss: 21.8899 
episode: 898 count: 301 score: 233.6390 average_last200: 104.5810 epis: 0.0001 loss: 22.9789 
episode: 899 count: 155 score: -5.0078 average_last200: 103.4307 epis: 0.0001 loss: 7.8759 
episode: 900 count: 337 score: 196.9576 average_last200: 104.1295 epis: 0.0001 loss: 31.0865 
episode: 901 count: 211 score: -11.3691 average_last200: 103.0254 epis: 0.0001 loss: 14.7930 
episode: 902 count: 395 score: 193.4108 average_last200: 104.3787 epis: 0.0001 loss: 24.5837 
episode: 903 count: 902 score: 115.3988 average_last200: 104.1011 epis: 0.0001 loss: 59.4781 
episode: 904 count: 322 score: 170.4272 average_last200: 103.8870 epis: 0.0001 loss: 25.5389 
episode: 905 count: 887 score: 95.1805 average_last200: 104.5493 epis: 0.0001 loss: 63.6749 
episode: 906 count: 320 score: 214.5677 average_last200: 105.7439 epis: 0.0001 loss: 20.9102 
episode: 907 count: 425 score: 177.3691 average_last200: 106.9244 epis: 0.0001 loss: 28.0632 
episode: 908 count: 194 score: -26.3168 average_last200: 105.7972 epis: 0.0001 loss: 8.8813 
episode: 909 count: 321 score: 223.4372 average_last200: 107.2438 epis: 0.0001 loss: 24.6377 
episode: 910 count: 253 score: 199.0003 average_last200: 108.3584 epis: 0.0001 loss: 16.1909 
episode: 911 count: 219 score: -30.0914 average_last200: 108.4557 epis: 0.0001 loss: 18.7952 
episode: 912 count: 175 score: -10.7060 average_last200: 108.6627 epis: 0.0001 loss: 14.4824 
episode: 913 count: 240 score: 250.4899 average_last200: 108.9546 epis: 0.0001 loss: 16.6263 
episode: 914 count: 199 score: -18.4911 average_last200: 109.0561 epis: 0.0001 loss: 10.6421 
episode: 915 count: 272 score: 202.0573 average_last200: 110.4254 epis: 0.0001 loss: 21.9302 
episode: 916 count: 405 score: 195.7204 average_last200: 110.4849 epis: 0.0001 loss: 25.6144 
episode: 917 count: 264 score: 202.0052 average_last200: 110.3757 epis: 0.0001 loss: 19.3853 
episode: 918 count: 375 score: 209.1509 average_last200: 110.5132 epis: 0.0001 loss: 20.6340 
episode: 919 count: 276 score: 231.7807 average_last200: 110.7783 epis: 0.0001 loss: 19.6230 
episode: 920 count: 374 score: 179.2835 average_last200: 111.9857 epis: 0.0001 loss: 30.2344 
episode: 921 count: 621 score: 189.2032 average_last200: 113.2950 epis: 0.0001 loss: 52.6482 
episode: 922 count: 293 score: -17.5335 average_last200: 113.5064 epis: 0.0001 loss: 20.5741 
episode: 923 count: 591 score: 187.2864 average_last200: 113.4077 epis: 0.0001 loss: 41.0216 
episode: 924 count: 268 score: 221.2754 average_last200: 114.7617 epis: 0.0001 loss: 14.4740 
episode: 925 count: 285 score: 210.3184 average_last200: 115.0034 epis: 0.0001 loss: 20.9829 
episode: 926 count: 268 score: 237.9043 average_last200: 115.2635 epis: 0.0001 loss: 23.8595 
episode: 927 count: 223 score: 208.3362 average_last200: 115.3207 epis: 0.0001 loss: 14.2841 
episode: 928 count: 461 score: 182.2548 average_last200: 115.3523 epis: 0.0001 loss: 35.7955 
episode: 929 count: 752 score: 144.2646 average_last200: 116.2931 epis: 0.0001 loss: 60.3745 
episode: 930 count: 709 score: 201.9222 average_last200: 116.6884 epis: 0.0001 loss: 53.7945 
episode: 931 count: 374 score: 171.4568 average_last200: 116.6737 epis: 0.0001 loss: 25.4232 
episode: 932 count: 182 score: -12.8419 average_last200: 115.6760 epis: 0.0001 loss: 11.3047 
episode: 933 count: 530 score: 154.5977 average_last200: 115.9742 epis: 0.0001 loss: 39.7796 
episode: 934 count: 185 score: -21.1647 average_last200: 115.8641 epis: 0.0001 loss: 16.7495 
episode: 935 count: 844 score: 127.7433 average_last200: 115.4196 epis: 0.0001 loss: 53.7582 
episode: 936 count: 180 score: -7.5906 average_last200: 114.5202 epis: 0.0001 loss: 15.6298 
episode: 937 count: 320 score: 218.3752 average_last200: 114.8330 epis: 0.0001 loss: 21.2554 
episode: 938 count: 683 score: 156.9392 average_last200: 114.4998 epis: 0.0001 loss: 47.2097 
episode: 939 count: 239 score: -18.2547 average_last200: 113.4395 epis: 0.0001 loss: 15.3362 
episode: 940 count: 420 score: 170.4714 average_last200: 113.9636 epis: 0.0001 loss: 34.6585 
episode: 941 count: 322 score: 198.7564 average_last200: 115.1901 epis: 0.0001 loss: 24.3116 
episode: 942 count: 694 score: 129.7241 average_last200: 114.7533 epis: 0.0001 loss: 45.6848 
episode: 943 count: 338 score: 181.1063 average_last200: 115.8327 epis: 0.0001 loss: 30.5226 
episode: 944 count: 739 score: 136.5654 average_last200: 116.4932 epis: 0.0001 loss: 50.9257 
episode: 945 count: 405 score: 213.6937 average_last200: 116.8293 epis: 0.0001 loss: 32.3628 
episode: 946 count: 712 score: 134.9737 average_last200: 117.8346 epis: 0.0001 loss: 56.3922 
episode: 947 count: 757 score: 140.4490 average_last200: 117.6412 epis: 0.0001 loss: 59.4114 
episode: 948 count: 217 score: 3.7841 average_last200: 116.8260 epis: 0.0001 loss: 12.2871 
episode: 949 count: 291 score: 183.5870 average_last200: 116.6471 epis: 0.0001 loss: 21.3458 
episode: 950 count: 282 score: 232.3179 average_last200: 116.6266 epis: 0.0001 loss: 17.1224 
episode: 951 count: 946 score: 112.0635 average_last200: 117.6402 epis: 0.0001 loss: 70.3967 
episode: 952 count: 753 score: 137.1452 average_last200: 117.1679 epis: 0.0001 loss: 52.2177 
episode: 953 count: 259 score: 205.1622 average_last200: 118.2656 epis: 0.0001 loss: 21.3701 
episode: 954 count: 290 score: 208.6077 average_last200: 118.1960 epis: 0.0001 loss: 16.1314 
episode: 955 count: 371 score: 189.1461 average_last200: 118.0495 epis: 0.0001 loss: 25.8124 
episode: 956 count: 297 score: 229.7865 average_last200: 118.1526 epis: 0.0001 loss: 20.3684 
episode: 957 count: 250 score: 201.8956 average_last200: 119.4293 epis: 0.0001 loss: 20.2023 
episode: 958 count: 1000 score: -53.0636 average_last200: 119.3693 epis: 0.0001 loss: 81.6477 
episode: 959 count: 357 score: 181.4300 average_last200: 119.3662 epis: 0.0001 loss: 31.9829 
episode: 960 count: 459 score: 171.5493 average_last200: 120.4259 epis: 0.0001 loss: 41.8505 
episode: 961 count: 908 score: 128.2734 average_last200: 119.9720 epis: 0.0001 loss: 67.3778 
episode: 962 count: 260 score: 6.0693 average_last200: 119.9673 epis: 0.0001 loss: 20.9703 
episode: 963 count: 294 score: 201.5987 average_last200: 119.7918 epis: 0.0001 loss: 21.8393 
episode: 964 count: 347 score: 186.7417 average_last200: 119.4741 epis: 0.0001 loss: 28.4547 
episode: 965 count: 327 score: 229.4665 average_last200: 120.1658 epis: 0.0001 loss: 27.2556 
episode: 966 count: 203 score: -37.7318 average_last200: 120.1808 epis: 0.0001 loss: 17.0468 
episode: 967 count: 1000 score: -45.3642 average_last200: 120.0354 epis: 0.0001 loss: 72.6733 
episode: 968 count: 828 score: 142.0720 average_last200: 120.8769 epis: 0.0001 loss: 67.6947 
episode: 969 count: 213 score: -9.3368 average_last200: 119.8033 epis: 0.0001 loss: 16.8351 
episode: 970 count: 279 score: 229.7763 average_last200: 121.0982 epis: 0.0001 loss: 22.5963 
episode: 971 count: 1000 score: 29.1303 average_last200: 121.3752 epis: 0.0001 loss: 89.2383 
episode: 972 count: 246 score: 9.3453 average_last200: 120.3024 epis: 0.0001 loss: 15.2628 
episode: 973 count: 344 score: 164.2539 average_last200: 120.1714 epis: 0.0001 loss: 33.3729 
episode: 974 count: 286 score: 227.5864 average_last200: 120.2969 epis: 0.0001 loss: 17.9906 
episode: 975 count: 205 score: 11.1881 average_last200: 119.5343 epis: 0.0001 loss: 15.9286 
episode: 976 count: 1000 score: -54.3745 average_last200: 119.4262 epis: 0.0001 loss: 74.9889 
episode: 977 count: 881 score: 109.9587 average_last200: 118.8777 epis: 0.0001 loss: 68.0846 
episode: 978 count: 920 score: 123.3399 average_last200: 118.4289 epis: 0.0001 loss: 72.9202 
episode: 979 count: 603 score: 145.6368 average_last200: 118.2130 epis: 0.0001 loss: 47.2353 
episode: 980 count: 357 score: 206.4897 average_last200: 118.2920 epis: 0.0001 loss: 31.6924 
episode: 981 count: 826 score: 139.0633 average_last200: 117.7748 epis: 0.0001 loss: 67.1289 
episode: 982 count: 354 score: 182.6654 average_last200: 117.5733 epis: 0.0001 loss: 21.9715 
episode: 983 count: 251 score: 229.9826 average_last200: 117.5424 epis: 0.0001 loss: 22.0379 
episode: 984 count: 1000 score: 19.0704 average_last200: 116.5323 epis: 0.0001 loss: 82.8013 
episode: 985 count: 357 score: 231.0230 average_last200: 117.9731 epis: 0.0000 loss: 24.0225 
episode: 986 count: 490 score: 178.7735 average_last200: 117.6807 epis: 0.0000 loss: 45.5371 
episode: 987 count: 1000 score: -48.7163 average_last200: 116.3756 epis: 0.0000 loss: 73.6052 
episode: 988 count: 277 score: 222.5469 average_last200: 116.6068 epis: 0.0000 loss: 17.5136 
episode: 989 count: 1000 score: -45.2322 average_last200: 115.1750 epis: 0.0000 loss: 83.0310 
episode: 990 count: 282 score: 188.5907 average_last200: 116.3028 epis: 0.0000 loss: 19.4521 
episode: 991 count: 570 score: 156.1840 average_last200: 116.0495 epis: 0.0000 loss: 49.9091 
episode: 992 count: 310 score: 237.3393 average_last200: 116.2616 epis: 0.0000 loss: 23.3314 
episode: 993 count: 948 score: 120.4491 average_last200: 115.9798 epis: 0.0000 loss: 70.7061 
episode: 994 count: 479 score: 162.8608 average_last200: 115.9233 epis: 0.0000 loss: 33.9888 
episode: 995 count: 1000 score: -17.5385 average_last200: 114.7593 epis: 0.0000 loss: 70.2969 
episode: 996 count: 603 score: 141.7786 average_last200: 114.5019 epis: 0.0000 loss: 43.1867 
episode: 997 count: 269 score: 192.8011 average_last200: 114.4118 epis: 0.0000 loss: 22.9975 
episode: 998 count: 521 score: 212.6065 average_last200: 114.3260 epis: 0.0000 loss: 38.4727 
episode: 999 count: 730 score: 145.6850 average_last200: 114.1858 epis: 0.0000 loss: 54.7507 
