[33mWARN: gym.spaces.Box autodetected dtype as <class 'numpy.float32'>. Please provide explicit dtype.[0m
All para: Epis 1000 memlen 100000 gamma 0.990 epsilon 0.991 alpha 0.00300 batch 30 upfreq 500
episode: 0 count: 103 score: -201.7553 average_last200: -201.7553 epis: 0.9910 loss: 0.0000 
episode: 1 count: 84 score: -166.6921 average_last200: -184.2237 epis: 0.9821 loss: 0.0000 
episode: 2 count: 127 score: -140.4201 average_last200: -169.6225 epis: 0.9732 loss: 0.0000 
episode: 3 count: 100 score: -156.4664 average_last200: -166.3335 epis: 0.9645 loss: 0.0000 
episode: 4 count: 97 score: -300.7381 average_last200: -193.2144 epis: 0.9558 loss: 0.0000 
episode: 5 count: 93 score: -473.6566 average_last200: -239.9548 epis: 0.9472 loss: 0.0000 
episode: 6 count: 79 score: -131.1940 average_last200: -224.4175 epis: 0.9387 loss: 0.0000 
episode: 7 count: 85 score: -274.8646 average_last200: -230.7234 epis: 0.9302 loss: 0.0000 
episode: 8 count: 105 score: -244.6159 average_last200: -232.2670 epis: 0.9219 loss: 0.0000 
episode: 9 count: 133 score: -292.2536 average_last200: -238.2657 epis: 0.9136 loss: 4.0639 
episode: 10 count: 114 score: -139.5033 average_last200: -229.2873 epis: 0.9053 loss: 49.2046 
episode: 11 count: 78 score: -91.4315 average_last200: -217.7993 epis: 0.8972 loss: 24.7324 
episode: 12 count: 69 score: -187.8704 average_last200: -215.4971 epis: 0.8891 loss: 24.1539 
episode: 13 count: 108 score: -162.0073 average_last200: -211.6764 epis: 0.8811 loss: 34.4467 
episode: 14 count: 138 score: -156.4177 average_last200: -207.9925 epis: 0.8732 loss: 42.5576 
episode: 15 count: 92 score: -169.6939 average_last200: -205.5988 epis: 0.8653 loss: 34.1337 
episode: 16 count: 93 score: -107.3160 average_last200: -199.8175 epis: 0.8575 loss: 28.1307 
episode: 17 count: 129 score: -230.4530 average_last200: -201.5194 epis: 0.8498 loss: 41.9010 
episode: 18 count: 132 score: -308.6621 average_last200: -207.1585 epis: 0.8422 loss: 39.1794 
episode: 19 count: 78 score: -176.1754 average_last200: -205.6094 epis: 0.8346 loss: 20.4982 
episode: 20 count: 122 score: -124.3512 average_last200: -201.7399 epis: 0.8271 loss: 37.5425 
episode: 21 count: 87 score: -154.5541 average_last200: -199.5951 epis: 0.8196 loss: 19.7990 
episode: 22 count: 92 score: -126.1170 average_last200: -196.4004 epis: 0.8123 loss: 29.4180 
episode: 23 count: 82 score: -197.7575 average_last200: -196.4570 epis: 0.8049 loss: 21.5470 
episode: 24 count: 136 score: -214.2548 average_last200: -197.1689 epis: 0.7977 loss: 36.9891 
episode: 25 count: 100 score: -164.3362 average_last200: -195.9061 epis: 0.7905 loss: 20.1787 
episode: 26 count: 121 score: -203.1914 average_last200: -196.1759 epis: 0.7834 loss: 30.5836 
episode: 27 count: 134 score: -168.3531 average_last200: -195.1822 epis: 0.7764 loss: 32.3009 
episode: 28 count: 86 score: -138.7011 average_last200: -193.2346 epis: 0.7694 loss: 20.7478 
episode: 29 count: 90 score: -156.6681 average_last200: -192.0157 epis: 0.7624 loss: 24.6686 
episode: 30 count: 1000 score: 1.7302 average_last200: -185.7659 epis: 0.7556 loss: 499.1354 
episode: 31 count: 126 score: -98.9624 average_last200: -183.0533 epis: 0.7488 loss: 99.3740 
episode: 32 count: 100 score: -175.7435 average_last200: -182.8317 epis: 0.7420 loss: 71.6358 
episode: 33 count: 92 score: -110.2699 average_last200: -180.6976 epis: 0.7354 loss: 55.6782 
episode: 34 count: 96 score: -260.0507 average_last200: -182.9648 epis: 0.7287 loss: 65.5128 
episode: 35 count: 130 score: -122.5456 average_last200: -181.2865 epis: 0.7222 loss: 75.4746 
episode: 36 count: 112 score: -123.7681 average_last200: -179.7319 epis: 0.7157 loss: 79.7945 
episode: 37 count: 146 score: -134.4383 average_last200: -178.5400 epis: 0.7092 loss: 93.7765 
episode: 38 count: 138 score: -101.9632 average_last200: -176.5765 epis: 0.7029 loss: 88.0352 
episode: 39 count: 108 score: -138.5400 average_last200: -175.6256 epis: 0.6965 loss: 66.1702 
episode: 40 count: 106 score: -445.7249 average_last200: -182.2134 epis: 0.6903 loss: 67.4184 
episode: 41 count: 152 score: -130.0808 average_last200: -180.9721 epis: 0.6841 loss: 85.2918 
episode: 42 count: 101 score: -70.1358 average_last200: -178.3945 epis: 0.6779 loss: 55.4605 
episode: 43 count: 136 score: -114.7458 average_last200: -176.9480 epis: 0.6718 loss: 79.2476 
episode: 44 count: 111 score: -96.0600 average_last200: -175.1505 epis: 0.6658 loss: 55.1401 
episode: 45 count: 156 score: -89.9529 average_last200: -173.2983 epis: 0.6598 loss: 76.1404 
episode: 46 count: 176 score: -66.4914 average_last200: -171.0259 epis: 0.6538 loss: 90.6019 
episode: 47 count: 137 score: -86.4266 average_last200: -169.2634 epis: 0.6479 loss: 63.5035 
episode: 48 count: 892 score: -333.8478 average_last200: -172.6222 epis: 0.6421 loss: 444.3174 
episode: 49 count: 83 score: -89.4884 average_last200: -170.9596 epis: 0.6363 loss: 48.1279 
episode: 50 count: 112 score: -116.7375 average_last200: -169.8964 epis: 0.6306 loss: 64.9252 
episode: 51 count: 166 score: -123.7497 average_last200: -169.0089 epis: 0.6249 loss: 87.0505 
episode: 52 count: 189 score: -97.9106 average_last200: -167.6675 epis: 0.6193 loss: 109.8344 
episode: 53 count: 125 score: -94.2434 average_last200: -166.3078 epis: 0.6137 loss: 65.3352 
episode: 54 count: 156 score: -45.2910 average_last200: -164.1075 epis: 0.6082 loss: 84.0758 
episode: 55 count: 139 score: -58.5801 average_last200: -162.2230 epis: 0.6027 loss: 76.1157 
episode: 56 count: 251 score: -159.8386 average_last200: -162.1812 epis: 0.5973 loss: 119.7102 
episode: 57 count: 1000 score: -142.7858 average_last200: -161.8468 epis: 0.5919 loss: 497.4994 
episode: 58 count: 150 score: -57.7143 average_last200: -160.0818 epis: 0.5866 loss: 86.7355 
episode: 59 count: 147 score: -122.9257 average_last200: -159.4626 epis: 0.5813 loss: 78.7670 
episode: 60 count: 144 score: -52.3147 average_last200: -157.7061 epis: 0.5761 loss: 58.0873 
episode: 61 count: 88 score: -88.6762 average_last200: -156.5927 epis: 0.5709 loss: 42.0993 
episode: 62 count: 137 score: -117.3009 average_last200: -155.9690 epis: 0.5658 loss: 62.3759 
episode: 63 count: 187 score: -64.2710 average_last200: -154.5362 epis: 0.5607 loss: 78.4244 
episode: 64 count: 195 score: -87.9647 average_last200: -153.5120 epis: 0.5556 loss: 96.7587 
episode: 65 count: 107 score: -87.3082 average_last200: -152.5089 epis: 0.5506 loss: 43.3706 
episode: 66 count: 185 score: -11.7648 average_last200: -150.4083 epis: 0.5457 loss: 78.0114 
episode: 67 count: 134 score: -58.2915 average_last200: -149.0536 epis: 0.5408 loss: 64.1738 
episode: 68 count: 876 score: -301.6410 average_last200: -151.2650 epis: 0.5359 loss: 356.8378 
episode: 69 count: 204 score: -15.7965 average_last200: -149.3298 epis: 0.5311 loss: 80.6970 
episode: 70 count: 93 score: -89.3908 average_last200: -148.4856 epis: 0.5263 loss: 34.7497 
episode: 71 count: 105 score: -68.8477 average_last200: -147.3795 epis: 0.5216 loss: 45.3045 
episode: 72 count: 1000 score: -65.0739 average_last200: -146.2520 epis: 0.5169 loss: 379.6360 
episode: 73 count: 213 score: -130.6087 average_last200: -146.0406 epis: 0.5122 loss: 84.5754 
episode: 74 count: 82 score: -85.0759 average_last200: -145.2277 epis: 0.5076 loss: 32.7150 
episode: 75 count: 169 score: -86.9711 average_last200: -144.4612 epis: 0.5030 loss: 59.5414 
episode: 76 count: 238 score: -181.5709 average_last200: -144.9432 epis: 0.4985 loss: 83.3968 
episode: 77 count: 114 score: -120.5939 average_last200: -144.6310 epis: 0.4940 loss: 38.3281 
episode: 78 count: 175 score: -105.3162 average_last200: -144.1333 epis: 0.4896 loss: 66.4145 
episode: 79 count: 1000 score: -120.8529 average_last200: -143.8423 epis: 0.4852 loss: 343.5148 
episode: 80 count: 102 score: -81.8644 average_last200: -143.0772 epis: 0.4808 loss: 36.1696 
episode: 81 count: 179 score: -59.9939 average_last200: -142.0640 epis: 0.4765 loss: 59.7485 
episode: 82 count: 1000 score: -117.1081 average_last200: -141.7633 epis: 0.4722 loss: 343.4570 
episode: 83 count: 232 score: -49.2835 average_last200: -140.6623 epis: 0.4679 loss: 82.0506 
episode: 84 count: 701 score: -234.7911 average_last200: -141.7697 epis: 0.4637 loss: 236.4635 
episode: 85 count: 191 score: -68.7955 average_last200: -140.9212 epis: 0.4596 loss: 70.4322 
episode: 86 count: 101 score: -103.6517 average_last200: -140.4928 epis: 0.4554 loss: 37.4747 
episode: 87 count: 1000 score: -29.2972 average_last200: -139.2292 epis: 0.4513 loss: 359.8123 
episode: 88 count: 1000 score: -102.7207 average_last200: -138.8190 epis: 0.4473 loss: 360.1946 
episode: 89 count: 1000 score: -79.9453 average_last200: -138.1649 epis: 0.4432 loss: 363.4830 
episode: 90 count: 177 score: -41.5816 average_last200: -137.1035 epis: 0.4392 loss: 63.9875 
episode: 91 count: 312 score: -66.2544 average_last200: -136.3334 epis: 0.4353 loss: 113.4110 
episode: 92 count: 1000 score: -30.3835 average_last200: -135.1942 epis: 0.4314 loss: 379.9150 
episode: 93 count: 101 score: -75.2694 average_last200: -134.5567 epis: 0.4275 loss: 38.1977 
episode: 94 count: 66 score: -100.6002 average_last200: -134.1992 epis: 0.4236 loss: 26.9217 
episode: 95 count: 106 score: -42.1580 average_last200: -133.2405 epis: 0.4198 loss: 47.3881 
episode: 96 count: 290 score: -221.2546 average_last200: -134.1478 epis: 0.4160 loss: 106.0299 
episode: 97 count: 109 score: -51.5563 average_last200: -133.3051 epis: 0.4123 loss: 44.6713 
episode: 98 count: 122 score: -47.1097 average_last200: -132.4344 epis: 0.4086 loss: 47.9006 
episode: 99 count: 132 score: -53.6706 average_last200: -131.6468 epis: 0.4049 loss: 45.0283 
episode: 100 count: 1000 score: -19.3979 average_last200: -130.5354 epis: 0.4013 loss: 384.5500 
episode: 101 count: 150 score: -53.0907 average_last200: -129.7761 epis: 0.3977 loss: 60.8908 
episode: 102 count: 203 score: -74.5598 average_last200: -129.2400 epis: 0.3941 loss: 87.1501 
episode: 103 count: 120 score: -29.0760 average_last200: -128.2769 epis: 0.3905 loss: 43.5035 
episode: 104 count: 844 score: -213.4667 average_last200: -129.0883 epis: 0.3870 loss: 338.8260 
episode: 105 count: 142 score: -57.8613 average_last200: -128.4163 epis: 0.3835 loss: 58.2618 
episode: 106 count: 1000 score: 2.5808 average_last200: -127.1920 epis: 0.3801 loss: 405.7643 
episode: 107 count: 1000 score: -27.4396 average_last200: -126.2684 epis: 0.3767 loss: 396.5266 
episode: 108 count: 145 score: -23.7477 average_last200: -125.3278 epis: 0.3733 loss: 53.3152 
episode: 109 count: 123 score: -37.4355 average_last200: -124.5288 epis: 0.3699 loss: 41.4659 
episode: 110 count: 424 score: -203.0366 average_last200: -125.2361 epis: 0.3666 loss: 169.3754 
episode: 111 count: 158 score: -48.2111 average_last200: -124.5484 epis: 0.3633 loss: 61.4948 
episode: 112 count: 1000 score: 12.2083 average_last200: -123.3381 epis: 0.3600 loss: 388.2902 
episode: 113 count: 110 score: -92.6715 average_last200: -123.0691 epis: 0.3568 loss: 51.2776 
episode: 114 count: 102 score: -76.7759 average_last200: -122.6666 epis: 0.3536 loss: 39.8183 
episode: 115 count: 1000 score: -47.6429 average_last200: -122.0198 epis: 0.3504 loss: 399.1856 
episode: 116 count: 101 score: -48.8188 average_last200: -121.3942 epis: 0.3472 loss: 37.7971 
episode: 117 count: 1000 score: 0.6925 average_last200: -120.3595 epis: 0.3441 loss: 401.5250 
episode: 118 count: 127 score: -53.9128 average_last200: -119.8012 epis: 0.3410 loss: 51.5922 
episode: 119 count: 1000 score: 69.0487 average_last200: -118.2274 epis: 0.3379 loss: 375.8055 
episode: 120 count: 112 score: -89.9299 average_last200: -117.9936 epis: 0.3349 loss: 45.1638 
episode: 121 count: 1000 score: 12.5324 average_last200: -116.9237 epis: 0.3319 loss: 385.7116 
episode: 122 count: 96 score: -63.3530 average_last200: -116.4881 epis: 0.3289 loss: 33.7530 
episode: 123 count: 1000 score: 93.4593 average_last200: -114.7950 epis: 0.3259 loss: 396.5340 
episode: 124 count: 87 score: -17.8256 average_last200: -114.0193 epis: 0.3230 loss: 33.8962 
episode: 125 count: 1000 score: 76.1539 average_last200: -112.5099 epis: 0.3201 loss: 402.6955 
episode: 126 count: 1000 score: 53.9780 average_last200: -111.1990 epis: 0.3172 loss: 401.6779 
episode: 127 count: 109 score: -80.5823 average_last200: -110.9598 epis: 0.3144 loss: 43.0814 
episode: 128 count: 122 score: -35.0249 average_last200: -110.3712 epis: 0.3115 loss: 49.3858 
episode: 129 count: 1000 score: 88.0947 average_last200: -108.8445 epis: 0.3087 loss: 412.0778 
episode: 130 count: 1000 score: -28.6817 average_last200: -108.2326 epis: 0.3059 loss: 396.5775 
episode: 131 count: 1000 score: 75.7207 average_last200: -106.8390 epis: 0.3032 loss: 401.5581 
episode: 132 count: 1000 score: 13.4105 average_last200: -105.9349 epis: 0.3005 loss: 391.7302 
episode: 133 count: 246 score: -94.7858 average_last200: -105.8517 epis: 0.2978 loss: 94.2792 
episode: 134 count: 301 score: -19.5752 average_last200: -105.2126 epis: 0.2951 loss: 134.6114 
episode: 135 count: 238 score: -46.8806 average_last200: -104.7837 epis: 0.2924 loss: 85.4650 
episode: 136 count: 1000 score: 43.5845 average_last200: -103.7007 epis: 0.2898 loss: 380.8674 
episode: 137 count: 1000 score: 60.4702 average_last200: -102.5111 epis: 0.2872 loss: 407.2680 
episode: 138 count: 1000 score: -4.2044 average_last200: -101.8038 epis: 0.2846 loss: 402.0862 
episode: 139 count: 1000 score: 32.8246 average_last200: -100.8422 epis: 0.2820 loss: 375.5985 
episode: 140 count: 87 score: -19.5377 average_last200: -100.2656 epis: 0.2795 loss: 33.1601 
episode: 141 count: 113 score: -43.0701 average_last200: -99.8628 epis: 0.2770 loss: 41.1905 
episode: 142 count: 1000 score: -3.3031 average_last200: -99.1875 epis: 0.2745 loss: 385.2681 
episode: 143 count: 1000 score: 32.6601 average_last200: -98.2719 epis: 0.2720 loss: 378.0282 
episode: 144 count: 918 score: 159.3457 average_last200: -96.4952 epis: 0.2696 loss: 340.7198 
episode: 145 count: 1000 score: 50.4732 average_last200: -95.4886 epis: 0.2671 loss: 392.8806 
episode: 146 count: 84 score: -59.9302 average_last200: -95.2467 epis: 0.2647 loss: 30.6226 
episode: 147 count: 1000 score: 70.0333 average_last200: -94.1300 epis: 0.2624 loss: 384.3783 
episode: 148 count: 806 score: 191.1489 average_last200: -92.2153 epis: 0.2600 loss: 307.4338 
episode: 149 count: 164 score: -7.5465 average_last200: -91.6509 epis: 0.2577 loss: 61.5774 
episode: 150 count: 1000 score: 5.6508 average_last200: -91.0065 epis: 0.2553 loss: 381.5459 
episode: 151 count: 93 score: -14.8416 average_last200: -90.5054 epis: 0.2530 loss: 36.3142 
episode: 152 count: 146 score: -47.2191 average_last200: -90.2225 epis: 0.2508 loss: 56.7771 
episode: 153 count: 287 score: -48.0906 average_last200: -89.9489 epis: 0.2485 loss: 110.8034 
episode: 154 count: 1000 score: 70.0550 average_last200: -88.9166 epis: 0.2463 loss: 342.7594 
episode: 155 count: 99 score: 0.7092 average_last200: -88.3421 epis: 0.2441 loss: 35.0069 
episode: 156 count: 213 score: -19.5269 average_last200: -87.9038 epis: 0.2419 loss: 77.1001 
episode: 157 count: 1000 score: 133.8888 average_last200: -86.5000 epis: 0.2397 loss: 384.8954 
episode: 158 count: 164 score: -144.8678 average_last200: -86.8671 epis: 0.2375 loss: 59.1841 
episode: 159 count: 719 score: 174.3682 average_last200: -85.2344 epis: 0.2354 loss: 270.4683 
episode: 160 count: 688 score: 205.5735 average_last200: -83.4281 epis: 0.2333 loss: 267.9600 
episode: 161 count: 135 score: 7.4141 average_last200: -82.8674 epis: 0.2312 loss: 51.9955 
episode: 162 count: 1000 score: 110.4834 average_last200: -81.6812 epis: 0.2291 loss: 354.6450 
episode: 163 count: 276 score: -651.1496 average_last200: -85.1536 epis: 0.2270 loss: 98.5791 
episode: 164 count: 1000 score: 102.1649 average_last200: -84.0183 epis: 0.2250 loss: 368.4990 
episode: 165 count: 142 score: -55.4575 average_last200: -83.8462 epis: 0.2230 loss: 55.5221 
episode: 166 count: 982 score: 214.8868 average_last200: -82.0574 epis: 0.2210 loss: 351.9912 
episode: 167 count: 173 score: 234.2967 average_last200: -80.1744 epis: 0.2190 loss: 65.8935 
episode: 168 count: 975 score: 186.2637 average_last200: -78.5978 epis: 0.2170 loss: 368.2915 
episode: 169 count: 157 score: -4.8634 average_last200: -78.1641 epis: 0.2150 loss: 57.5603 
episode: 170 count: 1000 score: -30.9560 average_last200: -77.8880 epis: 0.2131 loss: 367.1063 
episode: 171 count: 96 score: -8.9774 average_last200: -77.4874 epis: 0.2112 loss: 31.9840 
episode: 172 count: 1000 score: 106.2423 average_last200: -76.4253 epis: 0.2093 loss: 344.8918 
episode: 173 count: 1000 score: 62.5286 average_last200: -75.6268 epis: 0.2074 loss: 355.7019 
episode: 174 count: 151 score: 10.3452 average_last200: -75.1355 epis: 0.2055 loss: 53.9275 
episode: 175 count: 155 score: -68.7443 average_last200: -75.0992 epis: 0.2037 loss: 49.2461 
episode: 176 count: 134 score: -36.8622 average_last200: -74.8831 epis: 0.2019 loss: 43.5302 
episode: 177 count: 1000 score: 75.7619 average_last200: -74.0368 epis: 0.2000 loss: 347.6736 
episode: 178 count: 153 score: 3.8795 average_last200: -73.6015 epis: 0.1982 loss: 47.5856 
episode: 179 count: 778 score: 180.1606 average_last200: -72.1917 epis: 0.1965 loss: 265.5589 
episode: 180 count: 252 score: 189.5441 average_last200: -70.7457 epis: 0.1947 loss: 89.3538 
episode: 181 count: 460 score: 207.7020 average_last200: -69.2158 epis: 0.1929 loss: 153.4362 
episode: 182 count: 1000 score: 62.1233 average_last200: -68.4981 epis: 0.1912 loss: 338.6080 
episode: 183 count: 477 score: 187.4318 average_last200: -67.1071 epis: 0.1895 loss: 152.6228 
episode: 184 count: 152 score: -1.5903 average_last200: -66.7530 epis: 0.1878 loss: 49.7987 
episode: 185 count: 194 score: -57.2706 average_last200: -66.7020 epis: 0.1861 loss: 66.1411 
episode: 186 count: 753 score: -269.5095 average_last200: -67.7865 epis: 0.1844 loss: 258.3240 
episode: 187 count: 1000 score: 58.8542 average_last200: -67.1129 epis: 0.1827 loss: 325.0581 
episode: 188 count: 366 score: 197.6213 average_last200: -65.7122 epis: 0.1811 loss: 121.6196 
episode: 189 count: 982 score: 84.3995 average_last200: -64.9222 epis: 0.1795 loss: 309.6007 
episode: 190 count: 122 score: -15.9058 average_last200: -64.6655 epis: 0.1779 loss: 36.2167 
episode: 191 count: 170 score: 2.4759 average_last200: -64.3158 epis: 0.1763 loss: 57.2679 
episode: 192 count: 131 score: -57.2805 average_last200: -64.2794 epis: 0.1747 loss: 41.1982 
episode: 193 count: 160 score: -37.1345 average_last200: -64.1395 epis: 0.1731 loss: 51.5184 
episode: 194 count: 139 score: -72.3912 average_last200: -64.1818 epis: 0.1715 loss: 41.3587 
episode: 195 count: 116 score: -52.4673 average_last200: -64.1220 epis: 0.1700 loss: 40.8760 
episode: 196 count: 879 score: -118.6450 average_last200: -64.3988 epis: 0.1685 loss: 281.2874 
episode: 197 count: 972 score: 214.8045 average_last200: -62.9886 epis: 0.1669 loss: 306.6217 
episode: 198 count: 984 score: 147.5057 average_last200: -61.9309 epis: 0.1654 loss: 318.7515 
episode: 199 count: 118 score: -64.1139 average_last200: -61.9418 epis: 0.1640 loss: 35.1264 
episode: 200 count: 86 score: -51.2241 average_last200: -61.1891 epis: 0.1625 loss: 28.2621 
episode: 201 count: 431 score: 212.2301 average_last200: -59.2945 epis: 0.1610 loss: 123.5142 
episode: 202 count: 145 score: -20.6019 average_last200: -58.6954 epis: 0.1596 loss: 43.7082 
episode: 203 count: 342 score: 218.5285 average_last200: -56.8205 epis: 0.1581 loss: 110.3462 
episode: 204 count: 183 score: -1.0545 average_last200: -55.3221 epis: 0.1567 loss: 51.9897 
episode: 205 count: 755 score: 155.9034 average_last200: -52.1743 epis: 0.1553 loss: 225.7203 
episode: 206 count: 145 score: -46.9504 average_last200: -51.7530 epis: 0.1539 loss: 42.3187 
episode: 207 count: 328 score: 175.6113 average_last200: -49.5007 epis: 0.1525 loss: 94.6641 
episode: 208 count: 392 score: 209.9523 average_last200: -47.2278 epis: 0.1511 loss: 105.1559 
episode: 209 count: 105 score: -87.9537 average_last200: -46.2063 epis: 0.1498 loss: 30.5424 
episode: 210 count: 174 score: -23.5582 average_last200: -45.6266 epis: 0.1484 loss: 48.6178 
episode: 211 count: 117 score: -110.5871 average_last200: -45.7224 epis: 0.1471 loss: 34.3544 
episode: 212 count: 96 score: -105.8620 average_last200: -45.3123 epis: 0.1458 loss: 29.5280 
episode: 213 count: 157 score: 14.6096 average_last200: -44.4292 epis: 0.1445 loss: 45.1907 
episode: 214 count: 74 score: -78.2542 average_last200: -44.0384 epis: 0.1432 loss: 17.0348 
episode: 215 count: 191 score: -46.2772 average_last200: -43.4213 epis: 0.1419 loss: 58.1433 
episode: 216 count: 100 score: -97.5919 average_last200: -43.3727 epis: 0.1406 loss: 27.1659 
episode: 217 count: 120 score: -75.2904 average_last200: -42.5969 epis: 0.1393 loss: 37.3674 
episode: 218 count: 1000 score: 60.0711 average_last200: -40.7532 epis: 0.1381 loss: 289.1909 
episode: 219 count: 161 score: -31.3831 average_last200: -40.0293 epis: 0.1368 loss: 51.2701 
episode: 220 count: 163 score: -20.8067 average_last200: -39.5116 epis: 0.1356 loss: 45.3832 
episode: 221 count: 636 score: 225.5292 average_last200: -37.6111 epis: 0.1344 loss: 188.9459 
episode: 222 count: 138 score: -54.4054 average_last200: -37.2526 epis: 0.1332 loss: 40.8728 
episode: 223 count: 166 score: -7.4805 average_last200: -36.3012 epis: 0.1320 loss: 44.6118 
episode: 224 count: 195 score: 227.9322 average_last200: -34.0903 epis: 0.1308 loss: 71.0848 
episode: 225 count: 131 score: -39.6359 average_last200: -33.4668 epis: 0.1296 loss: 37.6230 
episode: 226 count: 71 score: -80.7036 average_last200: -32.8543 epis: 0.1284 loss: 21.4987 
episode: 227 count: 142 score: -23.2700 average_last200: -32.1289 epis: 0.1273 loss: 49.2060 
episode: 228 count: 161 score: -66.9191 average_last200: -31.7700 epis: 0.1261 loss: 55.2590 
episode: 229 count: 313 score: 257.1980 average_last200: -29.7007 epis: 0.1250 loss: 102.5676 
episode: 230 count: 164 score: -25.6300 average_last200: -29.8375 epis: 0.1239 loss: 52.8072 
episode: 231 count: 336 score: -33.6942 average_last200: -29.5111 epis: 0.1228 loss: 117.2206 
episode: 232 count: 144 score: 5.6067 average_last200: -28.6044 epis: 0.1217 loss: 45.3682 
episode: 233 count: 90 score: -114.3672 average_last200: -28.6249 epis: 0.1206 loss: 28.1667 
episode: 234 count: 148 score: -22.8034 average_last200: -27.4386 epis: 0.1195 loss: 53.2242 
episode: 235 count: 76 score: -33.4732 average_last200: -26.9933 epis: 0.1184 loss: 21.4563 
episode: 236 count: 228 score: 223.3552 average_last200: -25.2576 epis: 0.1173 loss: 67.3335 
episode: 237 count: 88 score: 24.5735 average_last200: -24.4626 epis: 0.1163 loss: 28.9818 
episode: 238 count: 160 score: 244.3973 average_last200: -22.7308 epis: 0.1152 loss: 50.0823 
episode: 239 count: 103 score: 8.1921 average_last200: -21.9971 epis: 0.1142 loss: 29.2401 
episode: 240 count: 183 score: 227.9043 average_last200: -18.6290 epis: 0.1132 loss: 59.9055 
episode: 241 count: 487 score: 183.5334 average_last200: -17.0609 epis: 0.1122 loss: 163.3643 
episode: 242 count: 87 score: -55.8807 average_last200: -16.9896 epis: 0.1111 loss: 30.6048 
episode: 243 count: 84 score: 3.0440 average_last200: -16.4007 epis: 0.1101 loss: 28.7259 
episode: 244 count: 144 score: 14.1944 average_last200: -15.8494 epis: 0.1092 loss: 42.1802 
episode: 245 count: 136 score: 10.4095 average_last200: -15.3476 epis: 0.1082 loss: 51.5690 
episode: 246 count: 115 score: -7.8137 average_last200: -15.0542 epis: 0.1072 loss: 38.3069 
episode: 247 count: 323 score: 179.6902 average_last200: -13.7236 epis: 0.1062 loss: 98.9802 
episode: 248 count: 78 score: -15.5928 average_last200: -12.1324 epis: 0.1053 loss: 23.9196 
episode: 249 count: 331 score: 240.2976 average_last200: -10.4834 epis: 0.1043 loss: 108.4968 
episode: 250 count: 125 score: -2.7976 average_last200: -9.9137 epis: 0.1034 loss: 43.6031 
episode: 251 count: 275 score: 259.9611 average_last200: -7.9952 epis: 0.1025 loss: 90.3297 
episode: 252 count: 196 score: 232.3709 average_last200: -6.3438 epis: 0.1015 loss: 74.8127 
episode: 253 count: 257 score: 231.1664 average_last200: -4.7167 epis: 0.1006 loss: 106.5785 
episode: 254 count: 662 score: 209.6024 average_last200: -3.4422 epis: 0.0997 loss: 245.6906 
episode: 255 count: 347 score: 194.0124 average_last200: -2.1793 epis: 0.0988 loss: 115.2583 
episode: 256 count: 413 score: 229.2636 average_last200: -0.2338 epis: 0.0979 loss: 147.3301 
episode: 257 count: 514 score: 218.0536 average_last200: 1.5704 epis: 0.0971 loss: 190.2982 
episode: 258 count: 238 score: 250.7136 average_last200: 3.1126 epis: 0.0962 loss: 73.0232 
episode: 259 count: 100 score: 4.2110 average_last200: 3.7483 epis: 0.0953 loss: 31.8731 
episode: 260 count: 301 score: 248.6436 average_last200: 5.2530 epis: 0.0945 loss: 94.1346 
episode: 261 count: 191 score: -33.9122 average_last200: 5.5269 epis: 0.0936 loss: 58.6265 
episode: 262 count: 353 score: 223.8148 average_last200: 7.2324 epis: 0.0928 loss: 102.5891 
episode: 263 count: 204 score: 265.4008 average_last200: 8.8808 epis: 0.0919 loss: 58.9883 
episode: 264 count: 382 score: -83.5674 average_last200: 8.9028 epis: 0.0911 loss: 109.1633 
episode: 265 count: 166 score: -79.8913 average_last200: 8.9399 epis: 0.0903 loss: 51.1038 
episode: 266 count: 189 score: 196.3428 average_last200: 9.9804 epis: 0.0895 loss: 56.6848 
episode: 267 count: 243 score: 245.5195 average_last200: 11.4995 epis: 0.0887 loss: 71.9691 
episode: 268 count: 263 score: 231.7336 average_last200: 14.1663 epis: 0.0879 loss: 71.1865 
episode: 269 count: 354 score: 240.1288 average_last200: 15.4460 epis: 0.0871 loss: 105.5863 
episode: 270 count: 211 score: -22.6895 average_last200: 15.7795 epis: 0.0863 loss: 57.3311 
episode: 271 count: 986 score: 184.3966 average_last200: 17.0457 epis: 0.0855 loss: 283.2614 
episode: 272 count: 266 score: 222.3142 average_last200: 18.4826 epis: 0.0847 loss: 73.6680 
episode: 273 count: 124 score: -47.5089 average_last200: 18.8981 epis: 0.0840 loss: 42.9080 
episode: 274 count: 289 score: 258.2306 average_last200: 20.6147 epis: 0.0832 loss: 75.5142 
episode: 275 count: 137 score: -49.9438 average_last200: 20.7998 epis: 0.0825 loss: 36.1613 
episode: 276 count: 618 score: 171.4927 average_last200: 22.5651 epis: 0.0817 loss: 171.7464 
episode: 277 count: 174 score: -12.4506 average_last200: 23.1058 epis: 0.0810 loss: 50.6494 
episode: 278 count: 123 score: -149.8048 average_last200: 22.8834 epis: 0.0803 loss: 35.4813 
episode: 279 count: 410 score: 182.8934 average_last200: 24.4021 epis: 0.0795 loss: 118.6706 
episode: 280 count: 186 score: -36.5680 average_last200: 24.6286 epis: 0.0788 loss: 58.7147 
episode: 281 count: 133 score: -23.0417 average_last200: 24.8134 epis: 0.0781 loss: 35.3353 
episode: 282 count: 297 score: 230.4140 average_last200: 26.5510 epis: 0.0774 loss: 80.1201 
episode: 283 count: 192 score: -33.3430 average_last200: 26.6307 epis: 0.0767 loss: 54.2356 
episode: 284 count: 549 score: 160.7945 average_last200: 28.6086 epis: 0.0760 loss: 156.6627 
episode: 285 count: 99 score: -32.2314 average_last200: 28.7914 epis: 0.0753 loss: 27.9384 
episode: 286 count: 220 score: 197.8971 average_last200: 30.2992 epis: 0.0747 loss: 64.3800 
episode: 287 count: 471 score: 179.4449 average_last200: 31.3429 epis: 0.0740 loss: 131.4537 
episode: 288 count: 134 score: -57.9837 average_last200: 31.5666 epis: 0.0733 loss: 41.2604 
episode: 289 count: 190 score: -238.0642 average_last200: 30.7760 epis: 0.0727 loss: 53.0501 
episode: 290 count: 114 score: -47.2838 average_last200: 30.7475 epis: 0.0720 loss: 28.8090 
episode: 291 count: 110 score: -128.2762 average_last200: 30.4374 epis: 0.0714 loss: 30.0731 
episode: 292 count: 122 score: -9.2371 average_last200: 30.5431 epis: 0.0707 loss: 39.5712 
episode: 293 count: 697 score: 184.7983 average_last200: 31.8434 epis: 0.0701 loss: 192.7259 
episode: 294 count: 166 score: -96.4951 average_last200: 31.8639 epis: 0.0695 loss: 45.5839 
episode: 295 count: 306 score: 223.6495 average_last200: 33.1930 epis: 0.0688 loss: 82.0064 
episode: 296 count: 179 score: -43.9460 average_last200: 34.0795 epis: 0.0682 loss: 52.6833 
episode: 297 count: 77 score: -72.5061 average_last200: 33.9748 epis: 0.0676 loss: 21.0566 
episode: 298 count: 457 score: 147.3685 average_last200: 34.9472 epis: 0.0670 loss: 130.0276 
episode: 299 count: 765 score: 171.6572 average_last200: 36.0738 epis: 0.0664 loss: 216.1119 
episode: 300 count: 102 score: -95.4005 average_last200: 35.6938 epis: 0.0658 loss: 26.7058 
episode: 301 count: 457 score: 162.7860 average_last200: 36.7732 epis: 0.0652 loss: 131.5322 
episode: 302 count: 90 score: -97.7132 average_last200: 36.6574 epis: 0.0646 loss: 26.4032 
episode: 303 count: 103 score: -80.5735 average_last200: 36.3999 epis: 0.0640 loss: 27.2291 
episode: 304 count: 136 score: -29.5289 average_last200: 37.3196 epis: 0.0635 loss: 32.0987 
episode: 305 count: 399 score: 174.0629 average_last200: 38.4792 epis: 0.0629 loss: 111.1092 
episode: 306 count: 368 score: 181.3822 average_last200: 39.3732 epis: 0.0623 loss: 99.8739 
episode: 307 count: 132 score: -27.6882 average_last200: 39.3720 epis: 0.0618 loss: 41.5563 
episode: 308 count: 115 score: -28.1852 average_last200: 39.3498 epis: 0.0612 loss: 33.3229 
episode: 309 count: 141 score: -25.3096 average_last200: 39.4104 epis: 0.0607 loss: 39.4686 
episode: 310 count: 227 score: -15.0984 average_last200: 40.3501 epis: 0.0601 loss: 70.6887 
episode: 311 count: 310 score: 232.5435 average_last200: 41.7539 epis: 0.0596 loss: 83.6087 
episode: 312 count: 171 score: -35.7676 average_last200: 41.5140 epis: 0.0590 loss: 42.6241 
episode: 313 count: 521 score: 172.7026 average_last200: 42.8409 epis: 0.0585 loss: 138.4733 
episode: 314 count: 103 score: -36.7390 average_last200: 43.0411 epis: 0.0580 loss: 27.3844 
episode: 315 count: 369 score: 172.9305 average_last200: 44.1439 epis: 0.0574 loss: 100.5318 
episode: 316 count: 150 score: -13.4643 average_last200: 44.3207 epis: 0.0569 loss: 40.6171 
episode: 317 count: 344 score: 241.3772 average_last200: 45.5241 epis: 0.0564 loss: 97.2516 
episode: 318 count: 292 score: 209.0511 average_last200: 46.8390 epis: 0.0559 loss: 74.1087 
episode: 319 count: 540 score: 239.7912 average_last200: 47.6927 epis: 0.0554 loss: 154.2760 
episode: 320 count: 373 score: 221.5988 average_last200: 49.2503 epis: 0.0549 loss: 91.6992 
episode: 321 count: 127 score: -20.8077 average_last200: 49.0836 epis: 0.0544 loss: 31.7809 
episode: 322 count: 494 score: 214.6370 average_last200: 50.4736 epis: 0.0539 loss: 145.5820 
episode: 323 count: 416 score: 193.1628 average_last200: 50.9721 epis: 0.0534 loss: 109.5910 
episode: 324 count: 444 score: 213.0514 average_last200: 52.1265 epis: 0.0530 loss: 115.7625 
episode: 325 count: 81 score: 8.6568 average_last200: 51.7890 epis: 0.0525 loss: 20.0095 
episode: 326 count: 287 score: 189.9274 average_last200: 52.4687 epis: 0.0520 loss: 73.2145 
episode: 327 count: 128 score: -40.2994 average_last200: 52.6701 epis: 0.0515 loss: 31.4959 
episode: 328 count: 411 score: 178.3193 average_last200: 53.7369 epis: 0.0511 loss: 106.1007 
episode: 329 count: 270 score: -206.2466 average_last200: 52.2652 epis: 0.0506 loss: 71.6845 
episode: 330 count: 165 score: 40.5400 average_last200: 52.6113 epis: 0.0502 loss: 37.2616 
episode: 331 count: 220 score: 227.0139 average_last200: 53.3677 epis: 0.0497 loss: 53.5582 
episode: 332 count: 124 score: -6.8833 average_last200: 53.2663 epis: 0.0493 loss: 36.3962 
episode: 333 count: 119 score: -12.8874 average_last200: 53.6758 epis: 0.0488 loss: 32.7960 
episode: 334 count: 177 score: 25.7991 average_last200: 53.9026 epis: 0.0484 loss: 45.9776 
episode: 335 count: 306 score: 199.0407 average_last200: 55.1322 epis: 0.0479 loss: 76.3589 
episode: 336 count: 255 score: 213.7897 average_last200: 55.9833 epis: 0.0475 loss: 59.5652 
episode: 337 count: 189 score: 231.4521 average_last200: 56.8382 epis: 0.0471 loss: 48.2770 
episode: 338 count: 235 score: 217.1435 average_last200: 57.9449 epis: 0.0467 loss: 56.5284 
episode: 339 count: 202 score: 214.2660 average_last200: 58.8521 epis: 0.0462 loss: 53.3192 
episode: 340 count: 232 score: 230.3797 average_last200: 60.1017 epis: 0.0458 loss: 63.8085 
episode: 341 count: 201 score: 228.7062 average_last200: 61.4606 epis: 0.0454 loss: 47.2550 
episode: 342 count: 109 score: -17.7787 average_last200: 61.3882 epis: 0.0450 loss: 26.6174 
episode: 343 count: 320 score: 233.4785 average_last200: 62.3923 epis: 0.0446 loss: 73.5108 
episode: 344 count: 253 score: 247.7501 average_last200: 62.8343 epis: 0.0442 loss: 61.4233 
episode: 345 count: 411 score: 198.1541 average_last200: 63.5727 epis: 0.0438 loss: 93.3820 
episode: 346 count: 217 score: 207.0143 average_last200: 64.9075 epis: 0.0434 loss: 50.5526 
episode: 347 count: 214 score: 222.5116 average_last200: 65.6698 epis: 0.0430 loss: 53.4942 
episode: 348 count: 104 score: -17.7764 average_last200: 64.6252 epis: 0.0426 loss: 25.4289 
episode: 349 count: 106 score: 9.4723 average_last200: 64.7103 epis: 0.0422 loss: 27.4291 
episode: 350 count: 121 score: -35.1874 average_last200: 64.5061 epis: 0.0419 loss: 32.5859 
episode: 351 count: 184 score: -18.9391 average_last200: 64.4856 epis: 0.0415 loss: 45.7405 
episode: 352 count: 109 score: -18.8307 average_last200: 64.6276 epis: 0.0411 loss: 22.7146 
episode: 353 count: 178 score: -444.9208 average_last200: 62.6434 epis: 0.0407 loss: 41.1017 
episode: 354 count: 230 score: 209.4159 average_last200: 63.3402 epis: 0.0404 loss: 54.7965 
episode: 355 count: 166 score: 217.4357 average_last200: 64.4239 epis: 0.0400 loss: 41.2716 
episode: 356 count: 104 score: -26.8753 average_last200: 64.3871 epis: 0.0397 loss: 28.0622 
episode: 357 count: 107 score: -42.8392 average_last200: 63.5035 epis: 0.0393 loss: 24.2856 
episode: 358 count: 126 score: -84.1346 average_last200: 63.8071 epis: 0.0389 loss: 25.3285 
episode: 359 count: 84 score: -83.6951 average_last200: 62.5168 epis: 0.0386 loss: 21.0009 
episode: 360 count: 204 score: 144.6471 average_last200: 62.2122 epis: 0.0382 loss: 50.2980 
episode: 361 count: 200 score: -21.4262 average_last200: 62.0680 epis: 0.0379 loss: 47.6889 
episode: 362 count: 337 score: 192.9908 average_last200: 62.4805 epis: 0.0376 loss: 86.0869 
episode: 363 count: 477 score: 201.8922 average_last200: 66.7457 epis: 0.0372 loss: 110.4960 
episode: 364 count: 225 score: 183.3403 average_last200: 67.1516 epis: 0.0369 loss: 48.8718 
episode: 365 count: 133 score: 16.5639 average_last200: 67.5117 epis: 0.0366 loss: 32.2910 
episode: 366 count: 124 score: -41.3139 average_last200: 66.2307 epis: 0.0362 loss: 32.2124 
episode: 367 count: 213 score: 261.8246 average_last200: 66.3684 epis: 0.0359 loss: 51.7413 
episode: 368 count: 221 score: 223.8135 average_last200: 66.5561 epis: 0.0356 loss: 44.7221 
episode: 369 count: 186 score: 220.2307 average_last200: 67.6816 epis: 0.0353 loss: 43.4352 
episode: 370 count: 207 score: 215.6193 average_last200: 68.9145 epis: 0.0349 loss: 40.2247 
episode: 371 count: 112 score: -18.8519 average_last200: 68.8651 epis: 0.0346 loss: 33.3210 
episode: 372 count: 156 score: -28.5934 average_last200: 68.1909 epis: 0.0343 loss: 39.8329 
episode: 373 count: 100 score: -28.9016 average_last200: 67.7338 epis: 0.0340 loss: 20.3141 
episode: 374 count: 195 score: 247.2825 average_last200: 68.9184 epis: 0.0337 loss: 51.2874 
episode: 375 count: 216 score: 170.7025 average_last200: 70.1157 epis: 0.0334 loss: 41.9807 
episode: 376 count: 542 score: 184.5769 average_last200: 71.2229 epis: 0.0331 loss: 135.5307 
episode: 377 count: 208 score: 220.5254 average_last200: 71.9467 epis: 0.0328 loss: 45.8236 
episode: 378 count: 108 score: -11.7743 average_last200: 71.8684 epis: 0.0325 loss: 28.7677 
episode: 379 count: 162 score: 240.7175 average_last200: 72.1712 epis: 0.0322 loss: 38.1479 
episode: 380 count: 85 score: -19.4562 average_last200: 71.1262 epis: 0.0319 loss: 15.2681 
episode: 381 count: 192 score: 243.7638 average_last200: 71.3065 epis: 0.0316 loss: 41.3505 
episode: 382 count: 178 score: 221.2152 average_last200: 72.1020 epis: 0.0313 loss: 43.0822 
episode: 383 count: 334 score: 203.0964 average_last200: 72.1803 epis: 0.0311 loss: 80.9285 
episode: 384 count: 201 score: 224.8880 average_last200: 73.3127 epis: 0.0308 loss: 45.0143 
episode: 385 count: 411 score: 156.9587 average_last200: 74.3838 epis: 0.0305 loss: 91.2102 
episode: 386 count: 171 score: -2.8268 average_last200: 75.7172 epis: 0.0302 loss: 41.2476 
episode: 387 count: 410 score: 221.4249 average_last200: 76.5301 epis: 0.0300 loss: 87.2467 
episode: 388 count: 112 score: -36.7865 average_last200: 75.3581 epis: 0.0297 loss: 22.9276 
episode: 389 count: 341 score: 199.3011 average_last200: 75.9326 epis: 0.0294 loss: 77.2675 
episode: 390 count: 232 score: 237.6470 average_last200: 77.2003 epis: 0.0292 loss: 47.1161 
episode: 391 count: 197 score: 216.8087 average_last200: 78.2720 epis: 0.0289 loss: 39.8462 
episode: 392 count: 97 score: -20.1298 average_last200: 78.4577 epis: 0.0286 loss: 19.9537 
episode: 393 count: 273 score: 259.6893 average_last200: 79.9419 epis: 0.0284 loss: 60.1438 
episode: 394 count: 274 score: 253.3361 average_last200: 81.5705 epis: 0.0281 loss: 56.6009 
episode: 395 count: 433 score: 183.5185 average_last200: 82.7504 epis: 0.0279 loss: 106.1111 
episode: 396 count: 149 score: 15.5093 average_last200: 83.4212 epis: 0.0276 loss: 31.6187 
episode: 397 count: 118 score: -11.1719 average_last200: 82.2913 epis: 0.0274 loss: 25.5603 
episode: 398 count: 194 score: -12.8576 average_last200: 81.4895 epis: 0.0271 loss: 40.9126 
episode: 399 count: 166 score: 259.1314 average_last200: 83.1057 epis: 0.0269 loss: 38.8361 
episode: 400 count: 233 score: 232.6882 average_last200: 84.5253 epis: 0.0266 loss: 46.2910 
episode: 401 count: 177 score: 226.3517 average_last200: 84.5959 epis: 0.0264 loss: 42.3911 
episode: 402 count: 117 score: -48.9057 average_last200: 84.4544 epis: 0.0262 loss: 28.5508 
episode: 403 count: 296 score: 202.4753 average_last200: 84.3741 epis: 0.0259 loss: 69.8911 
episode: 404 count: 212 score: 204.9039 average_last200: 85.4039 epis: 0.0257 loss: 56.9048 
episode: 405 count: 264 score: 234.5223 average_last200: 85.7970 epis: 0.0255 loss: 66.0873 
episode: 406 count: 256 score: 236.7992 average_last200: 87.2158 epis: 0.0252 loss: 55.1109 
episode: 407 count: 152 score: -64.1526 average_last200: 86.0169 epis: 0.0250 loss: 32.5118 
episode: 408 count: 220 score: 231.5383 average_last200: 86.1249 epis: 0.0248 loss: 57.4223 
episode: 409 count: 224 score: 210.0501 average_last200: 87.6149 epis: 0.0246 loss: 50.9642 
episode: 410 count: 170 score: 14.2113 average_last200: 87.8037 epis: 0.0243 loss: 32.3143 
episode: 411 count: 122 score: -9.3631 average_last200: 88.3098 epis: 0.0241 loss: 28.4784 
episode: 412 count: 309 score: 209.6966 average_last200: 89.8876 epis: 0.0239 loss: 70.5249 
episode: 413 count: 173 score: 236.1654 average_last200: 90.9954 epis: 0.0237 loss: 41.0845 
episode: 414 count: 173 score: 232.6595 average_last200: 92.5500 epis: 0.0235 loss: 43.2639 
episode: 415 count: 244 score: 209.0896 average_last200: 93.8268 epis: 0.0233 loss: 61.2568 
episode: 416 count: 163 score: -8.0716 average_last200: 94.2744 epis: 0.0231 loss: 33.8219 
episode: 417 count: 318 score: 250.4994 average_last200: 95.9034 epis: 0.0228 loss: 67.7097 
episode: 418 count: 212 score: 183.5602 average_last200: 96.5208 epis: 0.0226 loss: 40.8547 
episode: 419 count: 311 score: 244.8163 average_last200: 97.9018 epis: 0.0224 loss: 73.1253 
episode: 420 count: 205 score: 241.1404 average_last200: 99.2116 epis: 0.0222 loss: 51.4823 
episode: 421 count: 196 score: 212.9629 average_last200: 99.1487 epis: 0.0220 loss: 48.1954 
episode: 422 count: 251 score: 244.2668 average_last200: 100.6421 epis: 0.0218 loss: 50.7869 
episode: 423 count: 261 score: 184.9753 average_last200: 101.6044 epis: 0.0216 loss: 61.9952 
episode: 424 count: 314 score: 212.0811 average_last200: 101.5251 epis: 0.0214 loss: 70.1518 
episode: 425 count: 107 score: -9.4595 average_last200: 101.6760 epis: 0.0213 loss: 26.0898 
episode: 426 count: 178 score: 207.6817 average_last200: 103.1179 epis: 0.0211 loss: 34.7412 
episode: 427 count: 280 score: 223.6435 average_last200: 104.3525 epis: 0.0209 loss: 63.8409 
episode: 428 count: 182 score: 215.8227 average_last200: 105.7662 epis: 0.0207 loss: 40.8622 
episode: 429 count: 388 score: 207.9997 average_last200: 105.5202 epis: 0.0205 loss: 79.6363 
episode: 430 count: 326 score: 145.4545 average_last200: 106.3756 epis: 0.0203 loss: 72.4911 
episode: 431 count: 414 score: 229.3032 average_last200: 107.6906 epis: 0.0201 loss: 90.2054 
episode: 432 count: 232 score: 225.5367 average_last200: 108.7903 epis: 0.0199 loss: 49.7146 
episode: 433 count: 228 score: 218.6154 average_last200: 110.4552 epis: 0.0198 loss: 53.5239 
episode: 434 count: 267 score: 246.6784 average_last200: 111.8026 epis: 0.0196 loss: 49.1288 
episode: 435 count: 205 score: 206.3417 average_last200: 113.0017 epis: 0.0194 loss: 44.4585 
episode: 436 count: 148 score: 225.3100 average_last200: 113.0114 epis: 0.0192 loss: 31.2273 
episode: 437 count: 239 score: 192.5046 average_last200: 113.8511 epis: 0.0191 loss: 47.5206 
episode: 438 count: 261 score: 197.9711 average_last200: 113.6190 epis: 0.0189 loss: 66.3301 
episode: 439 count: 833 score: 191.3921 average_last200: 114.5350 epis: 0.0187 loss: 156.4650 
episode: 440 count: 235 score: 234.7927 average_last200: 114.5694 epis: 0.0186 loss: 37.5588 
episode: 441 count: 201 score: 219.5295 average_last200: 114.7494 epis: 0.0184 loss: 41.1046 
episode: 442 count: 201 score: 249.2639 average_last200: 116.2751 epis: 0.0182 loss: 49.2477 
episode: 443 count: 260 score: 205.7576 average_last200: 117.2887 epis: 0.0181 loss: 58.5562 
episode: 444 count: 520 score: 238.3922 average_last200: 118.4097 epis: 0.0179 loss: 115.4990 
episode: 445 count: 334 score: 213.0503 average_last200: 119.4229 epis: 0.0177 loss: 78.8110 
episode: 446 count: 240 score: 180.0447 average_last200: 120.3622 epis: 0.0176 loss: 44.8221 
episode: 447 count: 205 score: 209.5288 average_last200: 120.5113 epis: 0.0174 loss: 42.6365 
episode: 448 count: 216 score: 200.6893 average_last200: 121.5928 epis: 0.0173 loss: 37.4775 
episode: 449 count: 589 score: 190.4381 average_last200: 121.3435 epis: 0.0171 loss: 110.7655 
episode: 450 count: 230 score: 229.7446 average_last200: 122.5062 epis: 0.0170 loss: 44.3097 
episode: 451 count: 132 score: -14.8756 average_last200: 121.1320 epis: 0.0168 loss: 27.1876 
episode: 452 count: 171 score: 225.4784 average_last200: 121.0975 epis: 0.0166 loss: 31.6412 
episode: 453 count: 375 score: 206.8274 average_last200: 120.9758 epis: 0.0165 loss: 82.5520 
episode: 454 count: 185 score: 231.3403 average_last200: 121.0845 epis: 0.0163 loss: 38.4281 
episode: 455 count: 168 score: -43.1052 average_last200: 119.8989 epis: 0.0162 loss: 35.2715 
episode: 456 count: 295 score: 224.3476 average_last200: 119.8743 epis: 0.0161 loss: 60.7623 
episode: 457 count: 165 score: -5.4586 average_last200: 118.7568 epis: 0.0159 loss: 29.4138 
episode: 458 count: 215 score: 229.3746 average_last200: 118.6501 epis: 0.0158 loss: 45.0623 
episode: 459 count: 338 score: 172.7886 average_last200: 119.4930 epis: 0.0156 loss: 62.0965 
episode: 460 count: 210 score: 206.5518 average_last200: 119.2825 epis: 0.0155 loss: 44.9193 
episode: 461 count: 149 score: -47.8333 average_last200: 119.2129 epis: 0.0153 loss: 29.8168 
episode: 462 count: 195 score: 0.4979 average_last200: 118.0963 epis: 0.0152 loss: 40.2783 
episode: 463 count: 247 score: 193.1873 average_last200: 117.7353 epis: 0.0151 loss: 52.7730 
episode: 464 count: 213 score: 219.1797 average_last200: 119.2490 epis: 0.0149 loss: 37.7049 
episode: 465 count: 290 score: 211.6836 average_last200: 120.7069 epis: 0.0148 loss: 66.1564 
episode: 466 count: 112 score: -14.9262 average_last200: 119.6505 epis: 0.0147 loss: 31.9355 
episode: 467 count: 139 score: -52.0559 average_last200: 118.1627 epis: 0.0145 loss: 30.1383 
episode: 468 count: 259 score: 231.8419 average_last200: 118.1632 epis: 0.0144 loss: 48.3328 
episode: 469 count: 347 score: 214.9550 average_last200: 118.0373 epis: 0.0143 loss: 62.4235 
episode: 470 count: 216 score: 198.8157 average_last200: 119.1449 epis: 0.0141 loss: 36.1775 
episode: 471 count: 252 score: 199.9958 average_last200: 119.2228 epis: 0.0140 loss: 49.7558 
episode: 472 count: 169 score: 13.6815 average_last200: 118.1797 epis: 0.0139 loss: 34.6980 
episode: 473 count: 205 score: 229.1360 average_last200: 119.5629 epis: 0.0138 loss: 43.6099 
episode: 474 count: 225 score: 228.7414 average_last200: 119.4155 epis: 0.0136 loss: 43.2019 
episode: 475 count: 252 score: 242.8330 average_last200: 120.8793 epis: 0.0135 loss: 50.7319 
episode: 476 count: 84 score: 2.9321 average_last200: 120.0365 epis: 0.0134 loss: 19.9677 
episode: 477 count: 293 score: 231.3798 average_last200: 121.2557 epis: 0.0133 loss: 48.0009 
episode: 478 count: 597 score: 228.1425 average_last200: 123.1454 epis: 0.0132 loss: 129.8619 
episode: 479 count: 258 score: 224.5583 average_last200: 123.3538 epis: 0.0130 loss: 51.3920 
episode: 480 count: 80 score: 2.0185 average_last200: 123.5467 epis: 0.0129 loss: 17.3262 
episode: 481 count: 178 score: -0.0704 average_last200: 123.6615 epis: 0.0128 loss: 36.8418 
episode: 482 count: 162 score: -23.2296 average_last200: 122.3933 epis: 0.0127 loss: 33.6553 
episode: 483 count: 264 score: 179.8703 average_last200: 123.4594 epis: 0.0126 loss: 53.6222 
episode: 484 count: 135 score: 20.2270 average_last200: 122.7566 epis: 0.0125 loss: 33.7754 
episode: 485 count: 169 score: 4.2420 average_last200: 122.9389 epis: 0.0124 loss: 36.0873 
episode: 486 count: 245 score: 206.2988 average_last200: 122.9809 epis: 0.0122 loss: 48.4435 
episode: 487 count: 191 score: -49.6588 average_last200: 121.8354 epis: 0.0121 loss: 39.7468 
episode: 488 count: 211 score: 251.6600 average_last200: 123.3836 epis: 0.0120 loss: 44.5997 
episode: 489 count: 167 score: -12.2505 average_last200: 124.5127 epis: 0.0119 loss: 30.0972 
episode: 490 count: 339 score: 207.9416 average_last200: 125.7888 epis: 0.0118 loss: 69.6880 
episode: 491 count: 205 score: 232.6417 average_last200: 127.5934 epis: 0.0117 loss: 42.1040 
episode: 492 count: 235 score: 222.2646 average_last200: 128.7509 epis: 0.0116 loss: 50.1194 
episode: 493 count: 209 score: 202.6526 average_last200: 128.8402 epis: 0.0115 loss: 39.1439 
episode: 494 count: 208 score: 233.7523 average_last200: 130.4914 epis: 0.0114 loss: 48.7886 
episode: 495 count: 208 score: 236.2403 average_last200: 130.5544 epis: 0.0113 loss: 51.3909 
episode: 496 count: 281 score: 234.0978 average_last200: 131.9446 epis: 0.0112 loss: 63.8695 
episode: 497 count: 179 score: 225.5685 average_last200: 133.4350 epis: 0.0111 loss: 35.5685 
episode: 498 count: 206 score: 214.3648 average_last200: 133.7700 epis: 0.0110 loss: 33.7343 
episode: 499 count: 431 score: 200.4290 average_last200: 133.9138 epis: 0.0109 loss: 94.7340 
episode: 500 count: 227 score: 213.3292 average_last200: 135.4575 epis: 0.0108 loss: 45.1673 
episode: 501 count: 461 score: 190.3468 average_last200: 135.5953 epis: 0.0107 loss: 96.7883 
episode: 502 count: 132 score: -7.5174 average_last200: 136.0462 epis: 0.0106 loss: 30.9720 
episode: 503 count: 337 score: 210.7790 average_last200: 137.5030 epis: 0.0105 loss: 67.5027 
episode: 504 count: 211 score: 232.9357 average_last200: 138.8153 epis: 0.0104 loss: 44.1521 
episode: 505 count: 267 score: 216.1793 average_last200: 139.0259 epis: 0.0103 loss: 52.9019 
episode: 506 count: 165 score: 15.5464 average_last200: 138.1967 epis: 0.0102 loss: 41.4545 
episode: 507 count: 154 score: -38.7334 average_last200: 138.1415 epis: 0.0101 loss: 33.4316 
episode: 508 count: 369 score: 223.5055 average_last200: 139.4000 epis: 0.0100 loss: 75.0040 
episode: 509 count: 219 score: 207.1243 average_last200: 140.5621 epis: 0.0099 loss: 45.4134 
episode: 510 count: 137 score: -36.5207 average_last200: 140.4550 epis: 0.0099 loss: 26.2181 
episode: 511 count: 119 score: 16.6590 average_last200: 139.3756 epis: 0.0098 loss: 28.4591 
episode: 512 count: 320 score: 232.4627 average_last200: 140.7168 epis: 0.0097 loss: 72.7843 
episode: 513 count: 64 score: -77.0976 average_last200: 139.4678 epis: 0.0096 loss: 10.3632 
episode: 514 count: 178 score: 244.1746 average_last200: 140.8723 epis: 0.0095 loss: 47.4285 
episode: 515 count: 316 score: 211.0395 average_last200: 141.0629 epis: 0.0094 loss: 59.1120 
episode: 516 count: 236 score: 241.5157 average_last200: 142.3378 epis: 0.0093 loss: 51.3350 
episode: 517 count: 312 score: 226.6990 average_last200: 142.2644 epis: 0.0093 loss: 60.9639 
episode: 518 count: 188 score: -47.1572 average_last200: 140.9833 epis: 0.0092 loss: 39.0333 
episode: 519 count: 325 score: 155.5881 average_last200: 140.5623 epis: 0.0091 loss: 71.8359 
episode: 520 count: 205 score: 203.4631 average_last200: 140.4716 epis: 0.0090 loss: 42.2899 
episode: 521 count: 271 score: 207.0511 average_last200: 141.6109 epis: 0.0089 loss: 53.3419 
episode: 522 count: 548 score: 184.0016 average_last200: 141.4578 epis: 0.0088 loss: 124.7702 
episode: 523 count: 192 score: 193.0688 average_last200: 141.4573 epis: 0.0088 loss: 35.8490 
episode: 524 count: 153 score: 2.4488 average_last200: 140.4043 epis: 0.0087 loss: 24.3846 
episode: 525 count: 327 score: -44.7525 average_last200: 140.1372 epis: 0.0086 loss: 64.2191 
episode: 526 count: 243 score: 258.5969 average_last200: 140.4806 epis: 0.0085 loss: 55.4641 
episode: 527 count: 330 score: 227.3263 average_last200: 141.8187 epis: 0.0085 loss: 67.6172 
episode: 528 count: 262 score: 243.8536 average_last200: 142.1464 epis: 0.0084 loss: 64.4450 
episode: 529 count: 252 score: 209.8823 average_last200: 144.2270 epis: 0.0083 loss: 56.9286 
episode: 530 count: 257 score: 245.0688 average_last200: 145.2497 epis: 0.0082 loss: 60.6283 
episode: 531 count: 136 score: 6.6882 average_last200: 144.1480 epis: 0.0082 loss: 28.6270 
episode: 532 count: 359 score: 209.8790 average_last200: 145.2318 epis: 0.0081 loss: 72.0749 
episode: 533 count: 303 score: 203.4157 average_last200: 146.3134 epis: 0.0080 loss: 64.2943 
episode: 534 count: 120 score: -25.7671 average_last200: 146.0555 epis: 0.0079 loss: 24.4221 
episode: 535 count: 202 score: 227.9114 average_last200: 146.1999 epis: 0.0079 loss: 50.8446 
episode: 536 count: 289 score: 227.8072 average_last200: 146.2700 epis: 0.0078 loss: 54.0511 
episode: 537 count: 183 score: 202.6224 average_last200: 146.1258 epis: 0.0077 loss: 39.5348 
episode: 538 count: 298 score: 257.0152 average_last200: 146.3252 epis: 0.0077 loss: 57.6821 
episode: 539 count: 366 score: 200.7154 average_last200: 146.2574 epis: 0.0076 loss: 65.8420 
episode: 540 count: 126 score: -26.7398 average_last200: 144.9718 epis: 0.0075 loss: 22.6252 
episode: 541 count: 206 score: 223.1631 average_last200: 144.9441 epis: 0.0074 loss: 48.0730 
episode: 542 count: 104 score: -5.5396 average_last200: 145.0053 epis: 0.0074 loss: 27.9418 
episode: 543 count: 210 score: 229.5091 average_last200: 144.9855 epis: 0.0073 loss: 42.0092 
episode: 544 count: 242 score: 216.0906 average_last200: 144.8272 epis: 0.0072 loss: 52.3409 
episode: 545 count: 130 score: -17.4974 average_last200: 143.7489 epis: 0.0072 loss: 28.7809 
episode: 546 count: 166 score: -1.5665 average_last200: 142.7060 epis: 0.0071 loss: 34.8174 
episode: 547 count: 265 score: 246.6714 average_last200: 142.8268 epis: 0.0071 loss: 63.3880 
episode: 548 count: 130 score: 16.5669 average_last200: 142.9985 epis: 0.0070 loss: 29.7008 
episode: 549 count: 204 score: 7.6986 average_last200: 142.9897 epis: 0.0069 loss: 43.6099 
episode: 550 count: 249 score: 240.9004 average_last200: 144.3701 epis: 0.0069 loss: 46.9964 
episode: 551 count: 335 score: 249.8376 average_last200: 145.7140 epis: 0.0068 loss: 76.5214 
episode: 552 count: 167 score: 211.6369 average_last200: 146.8663 epis: 0.0067 loss: 26.7505 
episode: 553 count: 270 score: 200.9752 average_last200: 150.0958 epis: 0.0067 loss: 68.0081 
episode: 554 count: 129 score: 10.7445 average_last200: 149.1024 epis: 0.0066 loss: 26.7387 
episode: 555 count: 141 score: 232.4751 average_last200: 149.1776 epis: 0.0066 loss: 29.8032 
episode: 556 count: 107 score: -2.0669 average_last200: 149.3017 epis: 0.0065 loss: 26.1236 
episode: 557 count: 340 score: 249.1394 average_last200: 150.7616 epis: 0.0064 loss: 64.7232 
episode: 558 count: 136 score: 15.0507 average_last200: 151.2575 epis: 0.0064 loss: 23.4267 
episode: 559 count: 89 score: -32.0681 average_last200: 151.5156 epis: 0.0063 loss: 17.3094 
episode: 560 count: 161 score: 208.3882 average_last200: 151.8343 epis: 0.0063 loss: 35.2865 
episode: 561 count: 190 score: -6.3370 average_last200: 151.9098 epis: 0.0062 loss: 43.9259 
episode: 562 count: 164 score: 3.4549 average_last200: 150.9621 epis: 0.0062 loss: 34.6636 
episode: 563 count: 255 score: 231.8483 average_last200: 151.1119 epis: 0.0061 loss: 54.7489 
episode: 564 count: 233 score: 218.4146 average_last200: 151.2873 epis: 0.0060 loss: 56.3219 
episode: 565 count: 199 score: -46.2338 average_last200: 150.9733 epis: 0.0060 loss: 40.1579 
episode: 566 count: 218 score: 236.0246 average_last200: 152.3600 epis: 0.0059 loss: 49.1590 
episode: 567 count: 131 score: 11.7934 average_last200: 151.1098 epis: 0.0059 loss: 18.5426 
episode: 568 count: 81 score: -44.1632 average_last200: 149.7699 epis: 0.0058 loss: 16.2477 
episode: 569 count: 193 score: 239.5264 average_last200: 149.8664 epis: 0.0058 loss: 42.5526 
episode: 570 count: 131 score: 17.0284 average_last200: 148.8734 epis: 0.0057 loss: 27.2764 
episode: 571 count: 387 score: 202.9547 average_last200: 149.9825 epis: 0.0057 loss: 94.7166 
episode: 572 count: 184 score: 227.9774 average_last200: 151.2653 epis: 0.0056 loss: 34.0258 
episode: 573 count: 178 score: 202.2417 average_last200: 152.4210 epis: 0.0056 loss: 39.2872 
episode: 574 count: 78 score: -24.0051 average_last200: 151.0646 epis: 0.0055 loss: 17.5164 
episode: 575 count: 83 score: 12.2168 average_last200: 150.2722 epis: 0.0055 loss: 19.1518 
episode: 576 count: 197 score: 221.6820 average_last200: 150.4577 epis: 0.0054 loss: 47.2675 
episode: 577 count: 88 score: -45.4775 average_last200: 149.1277 epis: 0.0054 loss: 25.9956 
episode: 578 count: 261 score: 243.7888 average_last200: 150.4055 epis: 0.0053 loss: 51.8786 
episode: 579 count: 192 score: 212.2017 average_last200: 150.2629 epis: 0.0053 loss: 41.5157 
episode: 580 count: 84 score: -22.3273 average_last200: 150.2486 epis: 0.0052 loss: 15.4071 
episode: 581 count: 208 score: 217.1998 average_last200: 150.1157 epis: 0.0052 loss: 47.8632 
episode: 582 count: 78 score: 0.2691 average_last200: 149.0110 epis: 0.0051 loss: 15.5744 
episode: 583 count: 467 score: 241.2909 average_last200: 149.2020 epis: 0.0051 loss: 88.0899 
episode: 584 count: 485 score: 204.3985 average_last200: 149.0995 epis: 0.0050 loss: 95.3940 
episode: 585 count: 124 score: 10.0667 average_last200: 148.3651 epis: 0.0050 loss: 28.0939 
episode: 586 count: 632 score: 246.5408 average_last200: 149.6119 epis: 0.0050 loss: 132.4573 
episode: 587 count: 157 score: 243.5573 average_last200: 149.7226 epis: 0.0049 loss: 36.5428 
episode: 588 count: 274 score: 244.7057 average_last200: 151.1300 epis: 0.0049 loss: 56.2747 
episode: 589 count: 287 score: 228.6932 average_last200: 151.2770 epis: 0.0048 loss: 59.9069 
episode: 590 count: 262 score: 218.9025 average_last200: 151.1833 epis: 0.0048 loss: 58.8057 
episode: 591 count: 107 score: -10.9776 average_last200: 150.0444 epis: 0.0047 loss: 21.8766 
episode: 592 count: 186 score: -7.2615 average_last200: 150.1087 epis: 0.0047 loss: 45.8755 
episode: 593 count: 189 score: 15.1270 average_last200: 148.8859 epis: 0.0047 loss: 39.8391 
episode: 594 count: 234 score: 203.0484 average_last200: 148.6344 epis: 0.0046 loss: 47.4160 
episode: 595 count: 152 score: -55.7129 average_last200: 147.4383 epis: 0.0046 loss: 34.7746 
episode: 596 count: 138 score: 6.9399 average_last200: 147.3954 epis: 0.0045 loss: 28.0992 
episode: 597 count: 230 score: -16.5806 average_last200: 147.3684 epis: 0.0045 loss: 47.6332 
episode: 598 count: 193 score: 216.6365 average_last200: 148.5159 epis: 0.0044 loss: 45.7377 
episode: 599 count: 85 score: -15.1456 average_last200: 147.1445 epis: 0.0044 loss: 18.7329 
episode: 600 count: 200 score: 222.1312 average_last200: 147.0917 epis: 0.0044 loss: 31.7773 
episode: 601 count: 167 score: 5.6757 average_last200: 145.9883 epis: 0.0043 loss: 26.9853 
episode: 602 count: 189 score: 246.9982 average_last200: 147.4678 epis: 0.0043 loss: 34.9965 
episode: 603 count: 94 score: 26.7033 average_last200: 146.5890 epis: 0.0043 loss: 19.3234 
episode: 604 count: 119 score: 6.9516 average_last200: 145.5992 epis: 0.0042 loss: 18.1580 
episode: 605 count: 117 score: -9.7773 average_last200: 144.3777 epis: 0.0042 loss: 24.9540 
episode: 606 count: 290 score: 240.0874 average_last200: 144.3942 epis: 0.0041 loss: 60.0899 
episode: 607 count: 98 score: -3.9661 average_last200: 144.6951 epis: 0.0041 loss: 20.0095 
episode: 608 count: 293 score: 245.9830 average_last200: 144.7673 epis: 0.0041 loss: 49.4535 
episode: 609 count: 100 score: -34.0228 average_last200: 143.5469 epis: 0.0040 loss: 16.5144 
episode: 610 count: 164 score: 45.9978 average_last200: 143.7059 epis: 0.0040 loss: 22.3065 
episode: 611 count: 102 score: -35.3377 average_last200: 143.5760 epis: 0.0040 loss: 19.9446 
episode: 612 count: 316 score: 257.5881 average_last200: 143.8155 epis: 0.0039 loss: 61.1081 
episode: 613 count: 182 score: 42.1874 average_last200: 142.8456 epis: 0.0039 loss: 44.5143 
episode: 614 count: 109 score: -31.8468 average_last200: 141.5230 epis: 0.0038 loss: 32.3357 
episode: 615 count: 162 score: 233.7347 average_last200: 141.6463 epis: 0.0038 loss: 27.7828 
episode: 616 count: 97 score: -49.4717 average_last200: 141.4393 epis: 0.0038 loss: 15.6222 
episode: 617 count: 139 score: -7.7689 average_last200: 140.1479 epis: 0.0037 loss: 27.7428 
episode: 618 count: 216 score: 231.2923 average_last200: 140.3866 epis: 0.0037 loss: 39.6592 
episode: 619 count: 149 score: 3.3029 average_last200: 139.1790 epis: 0.0037 loss: 24.2999 
episode: 620 count: 149 score: -5.4507 average_last200: 137.9461 epis: 0.0036 loss: 30.8958 
episode: 621 count: 137 score: -0.0987 average_last200: 136.8808 epis: 0.0036 loss: 26.9581 
episode: 622 count: 164 score: 234.5704 average_last200: 136.8323 epis: 0.0036 loss: 30.3461 
episode: 623 count: 323 score: 219.9318 average_last200: 137.0071 epis: 0.0035 loss: 55.6192 
episode: 624 count: 96 score: -62.7762 average_last200: 135.6328 epis: 0.0035 loss: 13.4027 
episode: 625 count: 120 score: -14.7623 average_last200: 135.6063 epis: 0.0035 loss: 31.1182 
episode: 626 count: 136 score: -39.7269 average_last200: 134.3692 epis: 0.0035 loss: 31.1729 
episode: 627 count: 276 score: 240.6205 average_last200: 134.4541 epis: 0.0034 loss: 53.9838 
episode: 628 count: 95 score: -87.9553 average_last200: 132.9352 epis: 0.0034 loss: 18.6148 
episode: 629 count: 111 score: -4.2055 average_last200: 131.8742 epis: 0.0034 loss: 23.1860 
episode: 630 count: 156 score: 18.1207 average_last200: 131.2375 epis: 0.0033 loss: 42.7385 
episode: 631 count: 123 score: -0.9172 average_last200: 130.0864 epis: 0.0033 loss: 27.2505 
episode: 632 count: 189 score: 208.8949 average_last200: 130.0032 epis: 0.0033 loss: 41.7537 
episode: 633 count: 254 score: 216.5141 average_last200: 129.9927 epis: 0.0032 loss: 56.6066 
episode: 634 count: 231 score: 252.5683 average_last200: 130.0221 epis: 0.0032 loss: 47.4858 
episode: 635 count: 255 score: 221.3208 average_last200: 130.0970 epis: 0.0032 loss: 51.1795 
episode: 636 count: 159 score: -5.3556 average_last200: 128.9437 epis: 0.0032 loss: 36.0757 
episode: 637 count: 105 score: -41.4312 average_last200: 127.7740 epis: 0.0031 loss: 22.3102 
episode: 638 count: 119 score: 14.5356 average_last200: 126.8569 epis: 0.0031 loss: 25.7022 
episode: 639 count: 89 score: -75.3182 average_last200: 125.5233 epis: 0.0031 loss: 14.5236 
episode: 640 count: 372 score: 263.4714 average_last200: 125.6667 epis: 0.0030 loss: 74.9800 
episode: 641 count: 99 score: -2.3772 average_last200: 124.5572 epis: 0.0030 loss: 23.2107 
episode: 642 count: 145 score: 200.1627 average_last200: 124.3117 epis: 0.0030 loss: 29.6389 
episode: 643 count: 182 score: 209.3334 average_last200: 124.3295 epis: 0.0030 loss: 36.9221 
episode: 644 count: 117 score: -0.4973 average_last200: 123.1351 epis: 0.0029 loss: 20.6214 
episode: 645 count: 146 score: -11.3142 average_last200: 122.0133 epis: 0.0029 loss: 23.1589 
episode: 646 count: 203 score: 230.1215 average_last200: 122.2637 epis: 0.0029 loss: 41.0616 
episode: 647 count: 230 score: 211.2732 average_last200: 122.2724 epis: 0.0029 loss: 46.7006 
episode: 648 count: 93 score: -38.7489 average_last200: 121.0752 epis: 0.0028 loss: 19.0022 
episode: 649 count: 404 score: 236.4841 average_last200: 121.3054 epis: 0.0028 loss: 83.3841 
episode: 650 count: 113 score: 15.7286 average_last200: 120.2353 epis: 0.0028 loss: 26.0728 
episode: 651 count: 101 score: -11.9769 average_last200: 120.2498 epis: 0.0028 loss: 27.2634 
episode: 652 count: 151 score: -42.7880 average_last200: 118.9085 epis: 0.0027 loss: 40.8501 
episode: 653 count: 97 score: -21.4483 average_last200: 117.7671 epis: 0.0027 loss: 23.0282 
episode: 654 count: 427 score: 232.5900 average_last200: 117.7734 epis: 0.0027 loss: 95.0094 
episode: 655 count: 188 score: 235.3159 average_last200: 119.1655 epis: 0.0027 loss: 42.1576 
episode: 656 count: 255 score: 206.6583 average_last200: 119.0770 epis: 0.0026 loss: 48.8444 
episode: 657 count: 342 score: 249.4827 average_last200: 120.3517 epis: 0.0026 loss: 68.8347 
episode: 658 count: 245 score: 172.3431 average_last200: 120.0666 epis: 0.0026 loss: 60.5027 
episode: 659 count: 117 score: -43.0448 average_last200: 118.9874 epis: 0.0026 loss: 24.0368 
episode: 660 count: 84 score: -17.4295 average_last200: 117.8675 epis: 0.0025 loss: 17.4645 
episode: 661 count: 90 score: 9.5003 average_last200: 118.1542 epis: 0.0025 loss: 18.3465 
episode: 662 count: 197 score: 208.0402 average_last200: 119.1919 epis: 0.0025 loss: 49.8912 
episode: 663 count: 143 score: 212.0022 average_last200: 119.2860 epis: 0.0025 loss: 42.4164 
episode: 664 count: 121 score: 6.2860 average_last200: 118.2215 epis: 0.0024 loss: 25.8994 
episode: 665 count: 91 score: -2.0029 average_last200: 117.1531 epis: 0.0024 loss: 20.7634 
episode: 666 count: 110 score: 5.0324 average_last200: 117.2528 epis: 0.0024 loss: 26.2652 
episode: 667 count: 156 score: 13.0519 average_last200: 117.5784 epis: 0.0024 loss: 33.8857 
episode: 668 count: 158 score: 231.5613 average_last200: 117.5770 epis: 0.0024 loss: 32.2383 
episode: 669 count: 464 score: 185.9667 average_last200: 117.4320 epis: 0.0023 loss: 110.1505 
episode: 670 count: 174 score: 8.5862 average_last200: 116.4809 epis: 0.0023 loss: 41.6588 
episode: 671 count: 333 score: 217.1895 average_last200: 116.5669 epis: 0.0023 loss: 69.0190 
episode: 672 count: 302 score: 224.8719 average_last200: 117.6228 epis: 0.0023 loss: 63.6551 
episode: 673 count: 355 score: -131.5459 average_last200: 115.8194 epis: 0.0023 loss: 72.2382 
episode: 674 count: 114 score: 24.6872 average_last200: 114.7991 epis: 0.0022 loss: 24.0616 
episode: 675 count: 214 score: 244.4945 average_last200: 114.8074 epis: 0.0022 loss: 47.6268 
episode: 676 count: 294 score: 210.2211 average_last200: 115.8439 epis: 0.0022 loss: 63.0924 
episode: 677 count: 245 score: 270.3258 average_last200: 116.0386 epis: 0.0022 loss: 56.3941 
episode: 678 count: 249 score: 181.6446 average_last200: 115.8061 epis: 0.0022 loss: 55.3233 
episode: 679 count: 150 score: -6.0352 average_last200: 114.6532 epis: 0.0021 loss: 41.7918 
episode: 680 count: 293 score: 259.5574 average_last200: 115.9409 epis: 0.0021 loss: 63.1163 
episode: 681 count: 155 score: 3.7868 average_last200: 115.9601 epis: 0.0021 loss: 33.7961 
episode: 682 count: 169 score: 2.9192 average_last200: 116.0909 epis: 0.0021 loss: 43.9985 
episode: 683 count: 165 score: 20.9514 average_last200: 115.2963 epis: 0.0021 loss: 37.3471 
episode: 684 count: 219 score: 260.7048 average_last200: 116.4987 epis: 0.0020 loss: 51.7413 
episode: 685 count: 337 score: 203.3637 average_last200: 117.4943 epis: 0.0020 loss: 81.7288 
episode: 686 count: 1000 score: -29.2209 average_last200: 116.3167 epis: 0.0020 loss: 197.8878 
episode: 687 count: 163 score: 9.2357 average_last200: 116.6112 epis: 0.0020 loss: 39.5403 
episode: 688 count: 312 score: 238.1343 average_last200: 116.5435 epis: 0.0020 loss: 62.7885 
episode: 689 count: 128 score: -30.7708 average_last200: 116.4509 epis: 0.0020 loss: 31.1633 
episode: 690 count: 172 score: 223.6775 average_last200: 116.5296 epis: 0.0019 loss: 34.0228 
episode: 691 count: 98 score: 10.5888 average_last200: 115.4193 epis: 0.0019 loss: 18.1742 
episode: 692 count: 176 score: 232.6831 average_last200: 115.4714 epis: 0.0019 loss: 37.3841 
episode: 693 count: 253 score: 198.7422 average_last200: 115.4519 epis: 0.0019 loss: 58.5292 
episode: 694 count: 133 score: 0.2632 average_last200: 114.2844 epis: 0.0019 loss: 27.6650 
episode: 695 count: 322 score: 201.2699 average_last200: 114.1096 epis: 0.0019 loss: 74.9508 
episode: 696 count: 267 score: 241.3846 average_last200: 114.1460 epis: 0.0018 loss: 59.1866 
episode: 697 count: 259 score: 203.8226 average_last200: 114.0373 epis: 0.0018 loss: 60.6965 
episode: 698 count: 161 score: -64.4005 average_last200: 112.6435 epis: 0.0018 loss: 34.5125 
episode: 699 count: 79 score: -17.9512 average_last200: 111.5516 epis: 0.0018 loss: 15.7233 
episode: 700 count: 214 score: 221.6996 average_last200: 111.5934 epis: 0.0018 loss: 38.7433 
episode: 701 count: 119 score: -41.1180 average_last200: 110.4361 epis: 0.0018 loss: 28.7906 
episode: 702 count: 123 score: 19.3666 average_last200: 110.5705 epis: 0.0017 loss: 24.0858 
episode: 703 count: 122 score: -22.7612 average_last200: 109.4028 epis: 0.0017 loss: 28.2747 
episode: 704 count: 98 score: -9.1632 average_last200: 108.1923 epis: 0.0017 loss: 17.3873 
episode: 705 count: 286 score: 236.0500 average_last200: 108.2917 epis: 0.0017 loss: 72.4247 
episode: 706 count: 95 score: -21.8486 average_last200: 108.1047 epis: 0.0017 loss: 28.4630 
episode: 707 count: 319 score: 179.4419 average_last200: 109.1956 epis: 0.0017 loss: 72.4333 
episode: 708 count: 126 score: -2.3318 average_last200: 108.0664 epis: 0.0016 loss: 28.5672 
episode: 709 count: 120 score: -16.8792 average_last200: 106.9464 epis: 0.0016 loss: 30.0318 
episode: 710 count: 341 score: 200.9978 average_last200: 108.1340 epis: 0.0016 loss: 69.9013 
episode: 711 count: 75 score: -21.3967 average_last200: 107.9437 epis: 0.0016 loss: 16.6903 
episode: 712 count: 85 score: -38.0028 average_last200: 106.5914 epis: 0.0016 loss: 21.3324 
episode: 713 count: 137 score: -48.7724 average_last200: 106.7330 epis: 0.0016 loss: 30.5373 
episode: 714 count: 369 score: 188.7928 average_last200: 106.4561 epis: 0.0016 loss: 83.4730 
episode: 715 count: 149 score: 15.0025 average_last200: 105.4759 epis: 0.0015 loss: 33.3694 
episode: 716 count: 225 score: 255.2217 average_last200: 105.5444 epis: 0.0015 loss: 52.4180 
episode: 717 count: 81 score: -108.9321 average_last200: 103.8663 epis: 0.0015 loss: 24.4077 
episode: 718 count: 405 score: 180.2648 average_last200: 105.0034 epis: 0.0015 loss: 98.1396 
episode: 719 count: 166 score: 234.2967 average_last200: 105.3969 epis: 0.0015 loss: 40.1981 
episode: 720 count: 240 score: 266.5044 average_last200: 105.7121 epis: 0.0015 loss: 58.2206 
episode: 721 count: 181 score: 251.8156 average_last200: 105.9359 epis: 0.0015 loss: 40.6451 
episode: 722 count: 211 score: 214.5881 average_last200: 106.0889 epis: 0.0014 loss: 46.4476 
episode: 723 count: 111 score: -11.2550 average_last200: 105.0673 epis: 0.0014 loss: 24.4837 
episode: 724 count: 128 score: -35.2651 average_last200: 104.8787 epis: 0.0014 loss: 32.4943 
episode: 725 count: 225 score: 230.6713 average_last200: 106.2558 epis: 0.0014 loss: 45.6437 
episode: 726 count: 96 score: -71.4829 average_last200: 104.6054 epis: 0.0014 loss: 14.5684 
episode: 727 count: 183 score: -63.7041 average_last200: 103.1503 epis: 0.0014 loss: 41.5220 
episode: 728 count: 289 score: 228.4201 average_last200: 103.0731 epis: 0.0014 loss: 56.7835 
episode: 729 count: 142 score: -8.5750 average_last200: 101.9808 epis: 0.0014 loss: 33.6642 
episode: 730 count: 103 score: -37.9453 average_last200: 100.5657 epis: 0.0013 loss: 32.3075 
episode: 731 count: 92 score: -4.0625 average_last200: 100.5120 epis: 0.0013 loss: 17.1785 
episode: 732 count: 190 score: 223.3288 average_last200: 100.5792 epis: 0.0013 loss: 43.4644 
episode: 733 count: 138 score: 14.7861 average_last200: 99.6361 epis: 0.0013 loss: 33.1914 
episode: 734 count: 202 score: 227.9210 average_last200: 100.9045 epis: 0.0013 loss: 53.7070 
episode: 735 count: 187 score: 222.5344 average_last200: 100.8776 epis: 0.0013 loss: 46.4081 
episode: 736 count: 114 score: 8.4757 average_last200: 99.7810 epis: 0.0013 loss: 21.5521 
episode: 737 count: 381 score: 253.0793 average_last200: 100.0333 epis: 0.0013 loss: 83.0249 
episode: 738 count: 200 score: 203.1759 average_last200: 99.7641 epis: 0.0013 loss: 44.0077 
episode: 739 count: 99 score: -20.1523 average_last200: 98.6597 epis: 0.0012 loss: 24.9734 
episode: 740 count: 156 score: -12.2621 average_last200: 98.7321 epis: 0.0012 loss: 37.5956 
episode: 741 count: 180 score: 239.0555 average_last200: 98.8116 epis: 0.0012 loss: 44.1398 
episode: 742 count: 233 score: 244.3081 average_last200: 100.0608 epis: 0.0012 loss: 52.9017 
episode: 743 count: 294 score: 185.5397 average_last200: 99.8410 epis: 0.0012 loss: 52.5963 
episode: 744 count: 203 score: -10.1500 average_last200: 98.7098 epis: 0.0012 loss: 45.5058 
episode: 745 count: 136 score: -52.8823 average_last200: 98.5328 epis: 0.0012 loss: 39.2041 
episode: 746 count: 83 score: -31.8597 average_last200: 98.3814 epis: 0.0012 loss: 15.5663 
episode: 747 count: 146 score: -34.3439 average_last200: 96.9763 epis: 0.0012 loss: 35.6265 
episode: 748 count: 196 score: 242.8326 average_last200: 98.1076 epis: 0.0011 loss: 41.4412 
episode: 749 count: 187 score: -9.1677 average_last200: 98.0233 epis: 0.0011 loss: 46.8807 
episode: 750 count: 234 score: 223.4188 average_last200: 97.9359 epis: 0.0011 loss: 48.9751 
episode: 751 count: 367 score: 194.8129 average_last200: 97.6608 epis: 0.0011 loss: 68.3333 
episode: 752 count: 325 score: 160.3453 average_last200: 97.4043 epis: 0.0011 loss: 73.0032 
episode: 753 count: 128 score: -32.5894 average_last200: 96.2365 epis: 0.0011 loss: 26.8467 
episode: 754 count: 344 score: 253.4702 average_last200: 97.4501 epis: 0.0011 loss: 73.5328 
episode: 755 count: 213 score: 226.8501 average_last200: 97.4220 epis: 0.0011 loss: 51.4142 
episode: 756 count: 213 score: 244.0659 average_last200: 98.6527 epis: 0.0011 loss: 51.5598 
episode: 757 count: 91 score: 0.8847 average_last200: 97.4114 epis: 0.0011 loss: 22.5702 
episode: 758 count: 193 score: 227.7025 average_last200: 98.4746 epis: 0.0010 loss: 46.1039 
episode: 759 count: 133 score: 13.0501 average_last200: 98.7002 epis: 0.0010 loss: 21.9913 
episode: 760 count: 141 score: -14.7321 average_last200: 97.5846 epis: 0.0010 loss: 31.8417 
episode: 761 count: 244 score: 231.1586 average_last200: 98.7721 epis: 0.0010 loss: 50.9634 
episode: 762 count: 121 score: -62.4065 average_last200: 98.4428 epis: 0.0010 loss: 29.4427 
episode: 763 count: 261 score: 216.2751 average_last200: 98.3649 epis: 0.0010 loss: 43.0441 
episode: 764 count: 121 score: -0.7082 average_last200: 97.2693 epis: 0.0010 loss: 29.2563 
episode: 765 count: 531 score: 169.6854 average_last200: 98.3489 epis: 0.0010 loss: 124.2666 
episode: 766 count: 328 score: 195.3211 average_last200: 98.1454 epis: 0.0010 loss: 85.4274 
episode: 767 count: 116 score: -244.5224 average_last200: 96.8638 epis: 0.0010 loss: 27.4779 
episode: 768 count: 132 score: -47.7877 average_last200: 96.8457 epis: 0.0010 loss: 30.6031 
episode: 769 count: 77 score: -48.2720 average_last200: 95.4067 epis: 0.0009 loss: 21.8191 
episode: 770 count: 153 score: 10.3688 average_last200: 95.3734 epis: 0.0009 loss: 37.0331 
episode: 771 count: 142 score: -16.3267 average_last200: 94.2770 epis: 0.0009 loss: 31.3636 
episode: 772 count: 90 score: -154.1495 average_last200: 92.3664 epis: 0.0009 loss: 21.9546 
episode: 773 count: 176 score: 232.9985 average_last200: 92.5201 epis: 0.0009 loss: 43.4882 
episode: 774 count: 136 score: -14.3979 average_last200: 92.5682 epis: 0.0009 loss: 27.2272 
episode: 775 count: 122 score: 1.8789 average_last200: 92.5165 epis: 0.0009 loss: 22.8623 
episode: 776 count: 114 score: -15.0991 average_last200: 91.3326 epis: 0.0009 loss: 30.0498 
episode: 777 count: 179 score: -31.5855 average_last200: 91.4020 epis: 0.0009 loss: 35.2524 
episode: 778 count: 239 score: 218.9870 average_last200: 91.2780 epis: 0.0009 loss: 52.2077 
episode: 779 count: 67 score: -115.4361 average_last200: 89.6399 epis: 0.0009 loss: 17.1906 
episode: 780 count: 138 score: 15.7081 average_last200: 89.8300 epis: 0.0009 loss: 31.2101 
episode: 781 count: 109 score: 0.9951 average_last200: 88.7490 epis: 0.0009 loss: 24.7865 
episode: 782 count: 123 score: -9.7240 average_last200: 88.6990 epis: 0.0008 loss: 24.9808 
episode: 783 count: 241 score: 196.0293 average_last200: 88.4727 epis: 0.0008 loss: 50.8864 
episode: 784 count: 179 score: 244.7954 average_last200: 88.6747 epis: 0.0008 loss: 43.4709 
episode: 785 count: 141 score: -35.6627 average_last200: 88.4461 epis: 0.0008 loss: 27.8373 
episode: 786 count: 409 score: 221.3929 average_last200: 88.3203 epis: 0.0008 loss: 91.4118 
episode: 787 count: 260 score: 198.5682 average_last200: 88.0954 epis: 0.0008 loss: 46.9284 
episode: 788 count: 320 score: 200.8283 average_last200: 87.8760 epis: 0.0008 loss: 67.0755 
episode: 789 count: 197 score: 242.6931 average_last200: 87.9460 epis: 0.0008 loss: 39.6718 
episode: 790 count: 190 score: -29.2087 average_last200: 86.7054 epis: 0.0008 loss: 38.8031 
episode: 791 count: 213 score: 269.7422 average_last200: 88.1090 epis: 0.0008 loss: 58.3950 
episode: 792 count: 152 score: -41.8450 average_last200: 87.9361 epis: 0.0008 loss: 31.2602 
episode: 793 count: 167 score: 237.8874 average_last200: 89.0499 epis: 0.0008 loss: 38.7594 
episode: 794 count: 278 score: 232.2414 average_last200: 89.1959 epis: 0.0008 loss: 67.7610 
episode: 795 count: 121 score: -68.3233 average_last200: 89.1328 epis: 0.0007 loss: 21.9056 
episode: 796 count: 127 score: -23.0141 average_last200: 88.9831 epis: 0.0007 loss: 32.4741 
episode: 797 count: 105 score: -53.3985 average_last200: 88.7990 epis: 0.0007 loss: 28.4104 
episode: 798 count: 302 score: 221.7803 average_last200: 88.8247 epis: 0.0007 loss: 64.3987 
episode: 799 count: 75 score: -60.8404 average_last200: 88.5962 epis: 0.0007 loss: 16.5702 
episode: 800 count: 140 score: 0.3236 average_last200: 87.4872 epis: 0.0007 loss: 30.8304 
episode: 801 count: 190 score: -67.5238 average_last200: 87.1212 epis: 0.0007 loss: 42.0028 
episode: 802 count: 96 score: -34.8010 average_last200: 85.7122 epis: 0.0007 loss: 20.9322 
episode: 803 count: 533 score: 182.2697 average_last200: 86.4900 epis: 0.0007 loss: 122.2267 
episode: 804 count: 215 score: 241.0622 average_last200: 87.6606 epis: 0.0007 loss: 44.3474 
episode: 805 count: 104 score: -31.1953 average_last200: 87.5535 epis: 0.0007 loss: 23.5445 
episode: 806 count: 103 score: -154.7014 average_last200: 85.5795 epis: 0.0007 loss: 23.5805 
episode: 807 count: 117 score: -78.2924 average_last200: 85.2079 epis: 0.0007 loss: 25.5315 
episode: 808 count: 101 score: -25.6247 average_last200: 83.8499 epis: 0.0007 loss: 22.8302 
episode: 809 count: 221 score: 228.7900 average_last200: 85.1639 epis: 0.0007 loss: 58.3273 
episode: 810 count: 528 score: 170.4767 average_last200: 85.7863 epis: 0.0007 loss: 123.3980 
episode: 811 count: 483 score: 222.0480 average_last200: 87.0733 epis: 0.0006 loss: 107.2623 
episode: 812 count: 234 score: 255.7522 average_last200: 87.0641 epis: 0.0006 loss: 54.5963 
episode: 813 count: 112 score: -85.5685 average_last200: 86.4253 epis: 0.0006 loss: 25.0827 
episode: 814 count: 427 score: 206.5310 average_last200: 87.6172 epis: 0.0006 loss: 91.5979 
episode: 815 count: 85 score: -75.1074 average_last200: 86.0730 epis: 0.0006 loss: 26.6653 
episode: 816 count: 542 score: 206.1883 average_last200: 87.3513 epis: 0.0006 loss: 117.3038 
episode: 817 count: 490 score: 213.6457 average_last200: 88.4583 epis: 0.0006 loss: 117.2963 
episode: 818 count: 213 score: -29.1613 average_last200: 87.1561 epis: 0.0006 loss: 45.5222 
episode: 819 count: 289 score: 222.4505 average_last200: 88.2518 epis: 0.0006 loss: 70.5874 
episode: 820 count: 239 score: 220.4067 average_last200: 89.3811 epis: 0.0006 loss: 56.0793 
episode: 821 count: 114 score: -34.5557 average_last200: 89.2088 epis: 0.0006 loss: 25.0906 
episode: 822 count: 115 score: -33.5033 average_last200: 87.8685 epis: 0.0006 loss: 26.2288 
episode: 823 count: 762 score: -98.8653 average_last200: 86.2745 epis: 0.0006 loss: 171.3579 
episode: 824 count: 264 score: 224.0385 average_last200: 87.7085 epis: 0.0006 loss: 65.0747 
episode: 825 count: 395 score: 191.6959 average_last200: 88.7408 epis: 0.0006 loss: 85.7719 
episode: 826 count: 474 score: 181.4961 average_last200: 89.8469 epis: 0.0006 loss: 107.7159 
episode: 827 count: 440 score: 211.4264 average_last200: 89.7010 epis: 0.0006 loss: 95.4923 
episode: 828 count: 200 score: -17.2772 average_last200: 90.0544 epis: 0.0006 loss: 49.9222 
episode: 829 count: 113 score: -18.5400 average_last200: 89.9827 epis: 0.0006 loss: 22.5993 
episode: 830 count: 243 score: 210.0887 average_last200: 90.9425 epis: 0.0005 loss: 58.3422 
episode: 831 count: 641 score: 193.4328 average_last200: 91.9143 epis: 0.0005 loss: 125.2370 
episode: 832 count: 202 score: 244.8550 average_last200: 92.0941 epis: 0.0005 loss: 46.8811 
episode: 833 count: 171 score: -21.2737 average_last200: 90.9051 epis: 0.0005 loss: 44.5181 
episode: 834 count: 95 score: -46.5457 average_last200: 89.4096 epis: 0.0005 loss: 20.7393 
episode: 835 count: 717 score: 178.9339 average_last200: 89.1976 epis: 0.0005 loss: 168.4327 
episode: 836 count: 134 score: -35.0381 average_last200: 89.0492 epis: 0.0005 loss: 32.5124 
episode: 837 count: 147 score: -22.2993 average_last200: 89.1449 epis: 0.0005 loss: 35.4685 
episode: 838 count: 132 score: -30.1144 average_last200: 88.9216 epis: 0.0005 loss: 27.4209 
episode: 839 count: 345 score: 206.4842 average_last200: 90.3306 epis: 0.0005 loss: 85.6181 
episode: 840 count: 952 score: 108.4116 average_last200: 89.5554 epis: 0.0005 loss: 216.5610 
episode: 841 count: 209 score: 251.0674 average_last200: 90.8226 epis: 0.0005 loss: 45.4738 
episode: 842 count: 577 score: 161.5423 average_last200: 90.6295 epis: 0.0005 loss: 139.2750 
episode: 843 count: 187 score: 244.9303 average_last200: 90.8075 epis: 0.0005 loss: 37.9396 
episode: 844 count: 1000 score: 131.7411 average_last200: 91.4686 epis: 0.0005 loss: 233.5535 
episode: 845 count: 100 score: -15.6469 average_last200: 91.4470 epis: 0.0005 loss: 26.1269 
episode: 846 count: 270 score: 221.5503 average_last200: 91.4041 epis: 0.0005 loss: 68.7996 
episode: 847 count: 333 score: 252.7716 average_last200: 91.6116 epis: 0.0005 loss: 82.9957 
episode: 848 count: 134 score: -16.7703 average_last200: 91.7215 epis: 0.0005 loss: 27.6258 
episode: 849 count: 103 score: 12.7482 average_last200: 90.6028 epis: 0.0005 loss: 23.6761 
episode: 850 count: 117 score: 14.7987 average_last200: 90.5982 epis: 0.0005 loss: 25.8853 
episode: 851 count: 266 score: 235.6750 average_last200: 91.8364 epis: 0.0005 loss: 58.7258 
episode: 852 count: 277 score: 225.3321 average_last200: 93.1770 epis: 0.0004 loss: 59.3075 
episode: 853 count: 228 score: -35.4863 average_last200: 93.1069 epis: 0.0004 loss: 50.0121 
episode: 854 count: 240 score: 246.5286 average_last200: 93.1765 epis: 0.0004 loss: 53.9899 
episode: 855 count: 481 score: 209.4983 average_last200: 93.0475 epis: 0.0004 loss: 113.5463 
episode: 856 count: 257 score: 216.0218 average_last200: 93.0943 epis: 0.0004 loss: 49.7518 
episode: 857 count: 209 score: -91.4534 average_last200: 91.3896 epis: 0.0004 loss: 44.0532 
episode: 858 count: 196 score: 203.1464 average_last200: 91.5436 epis: 0.0004 loss: 43.4329 
episode: 859 count: 353 score: 191.1175 average_last200: 92.7144 epis: 0.0004 loss: 79.3941 
episode: 860 count: 251 score: 220.3657 average_last200: 93.9034 epis: 0.0004 loss: 62.7435 
episode: 861 count: 194 score: 223.8227 average_last200: 94.9750 epis: 0.0004 loss: 40.6180 
episode: 862 count: 118 score: -249.0707 average_last200: 92.6895 epis: 0.0004 loss: 19.9044 
episode: 863 count: 223 score: 215.0808 average_last200: 92.7049 epis: 0.0004 loss: 43.4759 
episode: 864 count: 143 score: 10.3787 average_last200: 92.7253 epis: 0.0004 loss: 27.1192 
episode: 865 count: 101 score: -3.2671 average_last200: 92.7190 epis: 0.0004 loss: 20.5782 
episode: 866 count: 228 score: 186.8751 average_last200: 93.6282 epis: 0.0004 loss: 50.7268 
episode: 867 count: 87 score: -26.8409 average_last200: 93.4287 epis: 0.0004 loss: 23.4421 
episode: 868 count: 246 score: 224.6929 average_last200: 93.3944 epis: 0.0004 loss: 68.5833 
episode: 869 count: 131 score: -11.1629 average_last200: 92.4088 epis: 0.0004 loss: 28.7283 
episode: 870 count: 208 score: 197.3086 average_last200: 93.3524 epis: 0.0004 loss: 48.5851 
episode: 871 count: 168 score: -20.3240 average_last200: 92.1648 epis: 0.0004 loss: 35.9702 
episode: 872 count: 215 score: 219.2279 average_last200: 92.1366 epis: 0.0004 loss: 40.3489 
episode: 873 count: 125 score: 13.5654 average_last200: 92.8621 epis: 0.0004 loss: 30.1341 
episode: 874 count: 197 score: 248.8688 average_last200: 93.9830 epis: 0.0004 loss: 53.2416 
episode: 875 count: 130 score: 14.4330 average_last200: 92.8327 epis: 0.0004 loss: 31.2947 
episode: 876 count: 120 score: -2.0174 average_last200: 91.7715 epis: 0.0004 loss: 24.0116 
episode: 877 count: 156 score: -27.9864 average_last200: 90.2800 epis: 0.0004 loss: 44.4172 
episode: 878 count: 188 score: 251.0326 average_last200: 90.6269 epis: 0.0004 loss: 40.2276 
episode: 879 count: 162 score: 5.6025 average_last200: 90.6851 epis: 0.0004 loss: 32.2690 
episode: 880 count: 185 score: 238.3211 average_last200: 90.5789 epis: 0.0003 loss: 41.3084 
episode: 881 count: 192 score: 221.6870 average_last200: 91.6684 epis: 0.0003 loss: 39.5716 
episode: 882 count: 222 score: 193.0024 average_last200: 92.6188 epis: 0.0003 loss: 46.2676 
episode: 883 count: 106 score: -65.9582 average_last200: 92.1843 epis: 0.0003 loss: 28.7981 
episode: 884 count: 302 score: 238.6517 average_last200: 92.0740 epis: 0.0003 loss: 57.2245 
episode: 885 count: 263 score: 211.9646 average_last200: 92.1170 epis: 0.0003 loss: 49.3200 
episode: 886 count: 204 score: 232.2591 average_last200: 93.4244 epis: 0.0003 loss: 48.0573 
episode: 887 count: 183 score: -108.7277 average_last200: 92.8346 epis: 0.0003 loss: 43.5105 
episode: 888 count: 103 score: -669.1646 average_last200: 88.2981 epis: 0.0003 loss: 29.6978 
episode: 889 count: 234 score: 229.4192 average_last200: 89.5991 epis: 0.0003 loss: 46.1381 
episode: 890 count: 112 score: -177.7833 average_last200: 87.5918 epis: 0.0003 loss: 19.1664 
episode: 891 count: 296 score: 218.2959 average_last200: 88.6303 epis: 0.0003 loss: 60.0535 
episode: 892 count: 116 score: -30.8472 average_last200: 87.3127 epis: 0.0003 loss: 25.5151 
episode: 893 count: 165 score: -52.8671 average_last200: 86.0546 epis: 0.0003 loss: 28.9588 
episode: 894 count: 471 score: 213.5021 average_last200: 87.1208 epis: 0.0003 loss: 91.2935 
episode: 895 count: 385 score: 177.7060 average_last200: 87.0030 epis: 0.0003 loss: 77.1842 
episode: 896 count: 144 score: 4.8371 average_last200: 85.8202 epis: 0.0003 loss: 27.4842 
episode: 897 count: 247 score: 195.9195 average_last200: 85.7807 epis: 0.0003 loss: 58.9571 
episode: 898 count: 179 score: 190.8075 average_last200: 87.0568 epis: 0.0003 loss: 41.1868 
episode: 899 count: 427 score: 167.3603 average_last200: 87.9833 epis: 0.0003 loss: 93.7550 
episode: 900 count: 115 score: -18.1537 average_last200: 86.7841 epis: 0.0003 loss: 25.4820 
episode: 901 count: 142 score: 6.9680 average_last200: 87.0245 epis: 0.0003 loss: 30.4641 
episode: 902 count: 81 score: -37.0827 average_last200: 86.7422 epis: 0.0003 loss: 16.8032 
episode: 903 count: 411 score: 190.0257 average_last200: 87.8062 epis: 0.0003 loss: 91.6969 
episode: 904 count: 176 score: 252.8371 average_last200: 89.1162 epis: 0.0003 loss: 36.6221 
episode: 905 count: 373 score: 160.7708 average_last200: 88.7398 epis: 0.0003 loss: 95.9775 
episode: 906 count: 304 score: 246.7770 average_last200: 90.0829 epis: 0.0003 loss: 68.7584 
episode: 907 count: 205 score: 200.9757 average_last200: 90.1906 epis: 0.0003 loss: 43.6108 
episode: 908 count: 93 score: -76.9438 average_last200: 89.8175 epis: 0.0003 loss: 22.0184 
episode: 909 count: 220 score: 227.8358 average_last200: 91.0411 epis: 0.0003 loss: 55.8118 
episode: 910 count: 94 score: 3.0290 average_last200: 90.0513 epis: 0.0003 loss: 24.7036 
episode: 911 count: 260 score: 227.8205 average_last200: 91.2973 epis: 0.0003 loss: 57.5097 
episode: 912 count: 96 score: -59.3822 average_last200: 91.1904 epis: 0.0003 loss: 23.2131 
episode: 913 count: 206 score: 234.0950 average_last200: 92.6048 epis: 0.0003 loss: 44.4092 
episode: 914 count: 169 score: -19.3341 average_last200: 91.5641 epis: 0.0003 loss: 46.6145 
episode: 915 count: 182 score: 213.7975 average_last200: 92.5581 epis: 0.0003 loss: 43.3769 
episode: 916 count: 93 score: -12.3942 average_last200: 91.2200 epis: 0.0003 loss: 20.2456 
episode: 917 count: 222 score: 240.3058 average_last200: 92.9662 epis: 0.0002 loss: 50.9108 
episode: 918 count: 238 score: 254.5476 average_last200: 93.3376 epis: 0.0002 loss: 52.8607 
episode: 919 count: 152 score: 12.7227 average_last200: 92.2298 epis: 0.0002 loss: 33.7957 
episode: 920 count: 152 score: -34.1013 average_last200: 90.7267 epis: 0.0002 loss: 36.0152 
episode: 921 count: 80 score: 20.9539 average_last200: 89.5724 epis: 0.0002 loss: 15.3693 
episode: 922 count: 86 score: -87.5012 average_last200: 88.0620 epis: 0.0002 loss: 15.6118 
episode: 923 count: 146 score: 35.4725 average_last200: 88.2956 epis: 0.0002 loss: 28.5451 
episode: 924 count: 140 score: 6.5492 average_last200: 88.5047 epis: 0.0002 loss: 38.8538 
episode: 925 count: 246 score: 188.3949 average_last200: 88.2933 epis: 0.0002 loss: 54.5655 
episode: 926 count: 146 score: 0.6179 average_last200: 88.6538 epis: 0.0002 loss: 35.3242 
episode: 927 count: 208 score: 175.9886 average_last200: 89.8523 epis: 0.0002 loss: 50.2918 
episode: 928 count: 229 score: 231.2385 average_last200: 89.8664 epis: 0.0002 loss: 63.2247 
episode: 929 count: 220 score: 220.1433 average_last200: 91.0100 epis: 0.0002 loss: 58.7690 
episode: 930 count: 193 score: 239.7397 average_last200: 92.3984 epis: 0.0002 loss: 44.1941 
episode: 931 count: 95 score: -32.8159 average_last200: 92.2546 epis: 0.0002 loss: 27.6576 
episode: 932 count: 231 score: -32.8643 average_last200: 90.9737 epis: 0.0002 loss: 49.0409 
episode: 933 count: 243 score: 227.0010 average_last200: 92.0347 epis: 0.0002 loss: 65.1110 
episode: 934 count: 175 score: 221.9454 average_last200: 92.0049 epis: 0.0002 loss: 44.5175 
episode: 935 count: 62 score: -55.0942 average_last200: 90.6167 epis: 0.0002 loss: 14.9039 
episode: 936 count: 121 score: 20.2691 average_last200: 90.6757 epis: 0.0002 loss: 31.4771 
episode: 937 count: 178 score: -11.2566 average_last200: 89.3540 epis: 0.0002 loss: 47.6887 
episode: 938 count: 242 score: -29.0822 average_last200: 88.1927 epis: 0.0002 loss: 59.8417 
episode: 939 count: 275 score: 255.7914 average_last200: 89.5724 epis: 0.0002 loss: 75.3871 
episode: 940 count: 397 score: -111.3084 average_last200: 89.0772 epis: 0.0002 loss: 88.1825 
episode: 941 count: 238 score: -201.7483 average_last200: 86.8732 epis: 0.0002 loss: 54.0636 
episode: 942 count: 307 score: 204.6778 average_last200: 86.6750 epis: 0.0002 loss: 74.6666 
episode: 943 count: 113 score: -19.0691 average_last200: 85.6520 epis: 0.0002 loss: 26.1696 
episode: 944 count: 241 score: 7.1390 average_last200: 85.7384 epis: 0.0002 loss: 55.1591 
episode: 945 count: 524 score: 143.0735 average_last200: 86.7182 epis: 0.0002 loss: 111.3446 
episode: 946 count: 223 score: 223.3479 average_last200: 87.9942 epis: 0.0002 loss: 48.1926 
episode: 947 count: 169 score: -18.6800 average_last200: 88.0726 epis: 0.0002 loss: 48.2024 
episode: 948 count: 176 score: -82.7960 average_last200: 86.4444 epis: 0.0002 loss: 44.2964 
episode: 949 count: 493 score: 199.8238 average_last200: 87.4894 epis: 0.0002 loss: 126.9476 
episode: 950 count: 181 score: -25.1244 average_last200: 86.2467 epis: 0.0002 loss: 41.1940 
episode: 951 count: 193 score: 183.2558 average_last200: 86.1889 epis: 0.0002 loss: 37.1874 
episode: 952 count: 265 score: -6.8128 average_last200: 85.3531 epis: 0.0002 loss: 66.9171 
episode: 953 count: 118 score: -22.6876 average_last200: 85.4026 epis: 0.0002 loss: 27.0121 
episode: 954 count: 234 score: -137.9948 average_last200: 83.4453 epis: 0.0002 loss: 53.3322 
episode: 955 count: 129 score: 11.8963 average_last200: 82.3705 epis: 0.0002 loss: 32.7053 
episode: 956 count: 310 score: -88.1052 average_last200: 80.7096 epis: 0.0002 loss: 69.7104 
episode: 957 count: 399 score: 232.6723 average_last200: 81.8686 epis: 0.0002 loss: 97.0525 
episode: 958 count: 223 score: 237.2719 average_last200: 81.9164 epis: 0.0002 loss: 60.7183 
episode: 959 count: 813 score: 207.4628 average_last200: 82.8885 epis: 0.0002 loss: 192.6851 
episode: 960 count: 93 score: -393.7485 average_last200: 80.9934 epis: 0.0002 loss: 24.7799 
episode: 961 count: 102 score: -445.5750 average_last200: 77.6097 epis: 0.0002 loss: 26.1931 
episode: 962 count: 119 score: -16.2418 average_last200: 77.8406 epis: 0.0002 loss: 32.2827 
episode: 963 count: 82 score: 10.6592 average_last200: 76.8125 epis: 0.0002 loss: 20.5926 
episode: 964 count: 173 score: -13.4520 average_last200: 76.7488 epis: 0.0002 loss: 40.9793 
episode: 965 count: 165 score: -20.5425 average_last200: 75.7976 epis: 0.0002 loss: 42.2030 
episode: 966 count: 97 score: -65.3046 average_last200: 74.4945 epis: 0.0002 loss: 20.1032 
episode: 967 count: 158 score: -16.8402 average_last200: 75.6329 epis: 0.0002 loss: 41.3283 
episode: 968 count: 377 score: 237.7539 average_last200: 77.0606 epis: 0.0002 loss: 87.8795 
episode: 969 count: 259 score: 219.5270 average_last200: 78.3996 epis: 0.0002 loss: 66.3381 
episode: 970 count: 129 score: -43.2542 average_last200: 78.1315 epis: 0.0002 loss: 28.0306 
episode: 971 count: 165 score: 5.8175 average_last200: 78.2422 epis: 0.0002 loss: 44.8284 
episode: 972 count: 101 score: -30.9380 average_last200: 78.8583 epis: 0.0002 loss: 26.2175 
episode: 973 count: 184 score: -38.1166 average_last200: 77.5027 epis: 0.0001 loss: 35.9724 
episode: 974 count: 112 score: -28.1160 average_last200: 77.4341 epis: 0.0001 loss: 29.8929 
episode: 975 count: 288 score: 248.6129 average_last200: 78.6678 epis: 0.0001 loss: 73.7224 
episode: 976 count: 107 score: -42.0480 average_last200: 78.5330 epis: 0.0001 loss: 35.1038 
episode: 977 count: 117 score: -37.4720 average_last200: 78.5036 epis: 0.0001 loss: 27.6592 
episode: 978 count: 252 score: 230.5084 average_last200: 78.5612 epis: 0.0001 loss: 66.3488 
episode: 979 count: 122 score: -22.6498 average_last200: 79.0251 epis: 0.0001 loss: 32.2689 
episode: 980 count: 126 score: -25.5500 average_last200: 78.8189 epis: 0.0001 loss: 32.1861 
episode: 981 count: 148 score: -11.2107 average_last200: 78.7578 epis: 0.0001 loss: 36.0937 
episode: 982 count: 109 score: -68.6832 average_last200: 78.4630 epis: 0.0001 loss: 25.2118 
episode: 983 count: 144 score: -34.7378 average_last200: 77.3092 epis: 0.0001 loss: 39.6179 
episode: 984 count: 227 score: 236.1596 average_last200: 77.2660 epis: 0.0001 loss: 59.6965 
episode: 985 count: 145 score: -49.9055 average_last200: 77.1948 epis: 0.0001 loss: 44.0758 
episode: 986 count: 89 score: -7.2838 average_last200: 76.0514 epis: 0.0001 loss: 25.9172 
episode: 987 count: 149 score: -18.6654 average_last200: 74.9652 epis: 0.0001 loss: 44.9346 
episode: 988 count: 143 score: -11.0348 average_last200: 73.9059 epis: 0.0001 loss: 26.4541 
episode: 989 count: 128 score: -33.5995 average_last200: 72.5245 epis: 0.0001 loss: 35.6621 
episode: 990 count: 95 score: 6.1940 average_last200: 72.7015 epis: 0.0001 loss: 27.4557 
episode: 991 count: 140 score: -18.3113 average_last200: 71.2612 epis: 0.0001 loss: 41.3003 
episode: 992 count: 330 score: 180.6058 average_last200: 72.3735 epis: 0.0001 loss: 82.7403 
episode: 993 count: 209 score: 236.0605 average_last200: 72.3643 epis: 0.0001 loss: 53.6268 
episode: 994 count: 160 score: 12.4828 average_last200: 71.2655 epis: 0.0001 loss: 46.0021 
episode: 995 count: 139 score: -39.0250 average_last200: 71.4120 epis: 0.0001 loss: 36.4105 
episode: 996 count: 128 score: -7.4591 average_last200: 71.4898 epis: 0.0001 loss: 29.4723 
episode: 997 count: 167 score: 5.3291 average_last200: 71.7834 epis: 0.0001 loss: 37.9156 
episode: 998 count: 117 score: 20.0442 average_last200: 70.7748 epis: 0.0001 loss: 30.0638 
episode: 999 count: 286 score: 223.0043 average_last200: 72.1940 epis: 0.0001 loss: 68.4985 
