[33mWARN: gym.spaces.Box autodetected dtype as <class 'numpy.float32'>. Please provide explicit dtype.[0m
All para: Epis 1000 memlen 100000 gamma 0.990 epsilon 0.985 alpha 0.00070 batch 30 upfreq 500
episode: 0 count: 103 score: -201.7553 average_last200: -201.7553 epis: 0.9850 loss: 0.0000 
episode: 1 count: 84 score: -166.6921 average_last200: -184.2237 epis: 0.9702 loss: 0.0000 
episode: 2 count: 127 score: -118.8301 average_last200: -162.4258 epis: 0.9557 loss: 0.0000 
episode: 3 count: 101 score: -232.4902 average_last200: -179.9419 epis: 0.9413 loss: 0.0000 
episode: 4 count: 73 score: -174.7380 average_last200: -178.9011 epis: 0.9272 loss: 0.0000 
episode: 5 count: 90 score: -457.1922 average_last200: -225.2830 epis: 0.9133 loss: 0.0000 
episode: 6 count: 117 score: -126.5500 average_last200: -211.1783 epis: 0.8996 loss: 0.0000 
episode: 7 count: 62 score: -138.7121 average_last200: -202.1200 epis: 0.8861 loss: 0.0000 
episode: 8 count: 113 score: -280.3096 average_last200: -210.8077 epis: 0.8728 loss: 0.0000 
episode: 9 count: 108 score: -598.0638 average_last200: -249.5333 epis: 0.8597 loss: 0.0000 
episode: 10 count: 81 score: -347.0084 average_last200: -258.3947 epis: 0.8468 loss: 41.6001 
episode: 11 count: 128 score: -222.8887 average_last200: -255.4359 epis: 0.8341 loss: 70.2796 
episode: 12 count: 92 score: -133.8831 average_last200: -246.0857 epis: 0.8216 loss: 42.5556 
episode: 13 count: 98 score: -302.5216 average_last200: -250.1168 epis: 0.8093 loss: 36.4578 
episode: 14 count: 119 score: -96.0325 average_last200: -239.8445 epis: 0.7972 loss: 51.8185 
episode: 15 count: 85 score: -215.0679 average_last200: -238.2960 epis: 0.7852 loss: 37.0681 
episode: 16 count: 128 score: -244.2728 average_last200: -238.6475 epis: 0.7734 loss: 42.4489 
episode: 17 count: 101 score: -82.2043 average_last200: -229.9563 epis: 0.7618 loss: 38.9127 
episode: 18 count: 87 score: -155.9846 average_last200: -226.0630 epis: 0.7504 loss: 31.3291 
episode: 19 count: 118 score: -102.5608 average_last200: -219.8879 epis: 0.7391 loss: 41.6154 
episode: 20 count: 145 score: -82.3920 average_last200: -213.3405 epis: 0.7280 loss: 47.9828 
episode: 21 count: 142 score: -68.4103 average_last200: -206.7527 epis: 0.7171 loss: 36.9455 
episode: 22 count: 115 score: -134.5187 average_last200: -203.6121 epis: 0.7064 loss: 41.5371 
episode: 23 count: 176 score: -293.4436 average_last200: -207.3551 epis: 0.6958 loss: 57.3073 
episode: 24 count: 142 score: -327.3698 average_last200: -212.1557 epis: 0.6853 loss: 47.0709 
episode: 25 count: 161 score: -371.4696 average_last200: -218.2832 epis: 0.6751 loss: 50.4313 
episode: 26 count: 123 score: -239.4124 average_last200: -219.0657 epis: 0.6649 loss: 49.0304 
episode: 27 count: 140 score: -201.7743 average_last200: -218.4482 epis: 0.6550 loss: 41.3777 
episode: 28 count: 100 score: -114.5880 average_last200: -214.8668 epis: 0.6451 loss: 25.2647 
episode: 29 count: 119 score: -51.1236 average_last200: -209.4087 epis: 0.6355 loss: 36.8540 
episode: 30 count: 158 score: -150.5733 average_last200: -207.5108 epis: 0.6259 loss: 55.9688 
episode: 31 count: 215 score: -142.4526 average_last200: -205.4777 epis: 0.6165 loss: 58.8016 
episode: 32 count: 90 score: -77.3056 average_last200: -201.5937 epis: 0.6073 loss: 28.2771 
episode: 33 count: 157 score: -123.7583 average_last200: -199.3044 epis: 0.5982 loss: 44.2875 
episode: 34 count: 214 score: -177.1612 average_last200: -198.6718 epis: 0.5892 loss: 57.4536 
episode: 35 count: 179 score: -237.5392 average_last200: -199.7514 epis: 0.5804 loss: 56.4894 
episode: 36 count: 130 score: -142.6352 average_last200: -198.2077 epis: 0.5717 loss: 41.0457 
episode: 37 count: 510 score: -52.7919 average_last200: -194.3810 epis: 0.5631 loss: 145.8268 
episode: 38 count: 153 score: -83.1960 average_last200: -191.5301 epis: 0.5546 loss: 42.0553 
episode: 39 count: 79 score: -95.4268 average_last200: -189.1275 epis: 0.5463 loss: 21.0672 
episode: 40 count: 116 score: -75.7965 average_last200: -186.3633 epis: 0.5381 loss: 29.0186 
episode: 41 count: 101 score: -79.9932 average_last200: -183.8307 epis: 0.5301 loss: 27.6030 
episode: 42 count: 216 score: -131.1427 average_last200: -182.6054 epis: 0.5221 loss: 67.0350 
episode: 43 count: 123 score: -87.9588 average_last200: -180.4544 epis: 0.5143 loss: 36.3130 
episode: 44 count: 126 score: -66.6218 average_last200: -177.9247 epis: 0.5066 loss: 37.1932 
episode: 45 count: 138 score: -73.4724 average_last200: -175.6540 epis: 0.4990 loss: 50.2686 
episode: 46 count: 122 score: -18.8293 average_last200: -172.3173 epis: 0.4915 loss: 36.1132 
episode: 47 count: 519 score: -178.6543 average_last200: -172.4494 epis: 0.4841 loss: 143.6846 
episode: 48 count: 223 score: -85.7371 average_last200: -170.6797 epis: 0.4768 loss: 64.8218 
episode: 49 count: 365 score: -71.6408 average_last200: -168.6990 epis: 0.4697 loss: 106.3436 
episode: 50 count: 201 score: -91.1318 average_last200: -167.1780 epis: 0.4626 loss: 49.4248 
episode: 51 count: 94 score: -78.4298 average_last200: -165.4713 epis: 0.4557 loss: 33.3932 
episode: 52 count: 188 score: -5.5658 average_last200: -162.4542 epis: 0.4489 loss: 51.0813 
episode: 53 count: 325 score: -74.9727 average_last200: -160.8342 epis: 0.4421 loss: 89.6737 
episode: 54 count: 311 score: -67.2996 average_last200: -159.1336 epis: 0.4355 loss: 97.0657 
episode: 55 count: 622 score: -138.8351 average_last200: -158.7711 epis: 0.4290 loss: 186.4061 
episode: 56 count: 416 score: -95.4390 average_last200: -157.6600 epis: 0.4225 loss: 123.0295 
episode: 57 count: 236 score: -14.5785 average_last200: -155.1931 epis: 0.4162 loss: 71.2529 
episode: 58 count: 133 score: -80.4989 average_last200: -153.9271 epis: 0.4100 loss: 29.8573 
episode: 59 count: 1000 score: -103.8742 average_last200: -153.0929 epis: 0.4038 loss: 281.3676 
episode: 60 count: 118 score: -71.9350 average_last200: -151.7624 epis: 0.3977 loss: 33.1828 
episode: 61 count: 202 score: -38.7088 average_last200: -149.9390 epis: 0.3918 loss: 53.7195 
episode: 62 count: 1000 score: -115.4607 average_last200: -149.3917 epis: 0.3859 loss: 292.6279 
episode: 63 count: 584 score: -197.3222 average_last200: -150.1406 epis: 0.3801 loss: 161.3103 
episode: 64 count: 535 score: -143.2382 average_last200: -150.0344 epis: 0.3744 loss: 154.1413 
episode: 65 count: 156 score: -54.6330 average_last200: -148.5890 epis: 0.3688 loss: 45.2182 
episode: 66 count: 135 score: -41.4939 average_last200: -146.9905 epis: 0.3633 loss: 41.4957 
episode: 67 count: 1000 score: -12.3653 average_last200: -145.0107 epis: 0.3578 loss: 293.6518 
episode: 68 count: 720 score: -95.4293 average_last200: -144.2922 epis: 0.3525 loss: 225.0945 
episode: 69 count: 248 score: -80.1948 average_last200: -143.3765 epis: 0.3472 loss: 71.1307 
episode: 70 count: 1000 score: -75.8086 average_last200: -142.4248 epis: 0.3420 loss: 298.7404 
episode: 71 count: 395 score: -52.6181 average_last200: -141.1775 epis: 0.3368 loss: 122.5278 
episode: 72 count: 376 score: -41.6250 average_last200: -139.8138 epis: 0.3318 loss: 117.0400 
episode: 73 count: 928 score: -293.5710 average_last200: -141.8916 epis: 0.3268 loss: 286.0084 
episode: 74 count: 1000 score: -126.7943 average_last200: -141.6903 epis: 0.3219 loss: 308.8514 
episode: 75 count: 1000 score: -120.9661 average_last200: -141.4176 epis: 0.3171 loss: 307.1242 
episode: 76 count: 1000 score: -54.9170 average_last200: -140.2942 epis: 0.3123 loss: 308.4154 
episode: 77 count: 649 score: -236.9926 average_last200: -141.5339 epis: 0.3076 loss: 194.5684 
episode: 78 count: 1000 score: -109.3819 average_last200: -141.1269 epis: 0.3030 loss: 315.7314 
episode: 79 count: 1000 score: -180.1327 average_last200: -141.6145 epis: 0.2985 loss: 313.0599 
episode: 80 count: 820 score: -323.7625 average_last200: -143.8633 epis: 0.2940 loss: 231.8679 
episode: 81 count: 1000 score: -73.4041 average_last200: -143.0040 epis: 0.2896 loss: 296.2935 
episode: 82 count: 1000 score: -31.4209 average_last200: -141.6596 epis: 0.2852 loss: 310.4199 
episode: 83 count: 111 score: -31.3017 average_last200: -140.3458 epis: 0.2810 loss: 31.0944 
episode: 84 count: 1000 score: -58.7339 average_last200: -139.3857 epis: 0.2767 loss: 302.4823 
episode: 85 count: 1000 score: -73.6074 average_last200: -138.6208 epis: 0.2726 loss: 294.7580 
episode: 86 count: 182 score: -149.4844 average_last200: -138.7457 epis: 0.2685 loss: 49.3759 
episode: 87 count: 1000 score: -14.1250 average_last200: -137.3296 epis: 0.2645 loss: 278.6528 
episode: 88 count: 103 score: -40.4136 average_last200: -136.2406 epis: 0.2605 loss: 22.9195 
episode: 89 count: 1000 score: -85.2673 average_last200: -135.6742 epis: 0.2566 loss: 284.1105 
episode: 90 count: 124 score: -66.6721 average_last200: -134.9160 epis: 0.2528 loss: 39.0479 
episode: 91 count: 1000 score: -43.4293 average_last200: -133.9216 epis: 0.2490 loss: 287.0026 
episode: 92 count: 1000 score: -64.6632 average_last200: -133.1768 epis: 0.2452 loss: 284.1500 
episode: 93 count: 122 score: -67.5520 average_last200: -132.4787 epis: 0.2415 loss: 40.9206 
episode: 94 count: 1000 score: -82.8063 average_last200: -131.9558 epis: 0.2379 loss: 285.4001 
episode: 95 count: 1000 score: -82.6951 average_last200: -131.4427 epis: 0.2344 loss: 275.4936 
episode: 96 count: 1000 score: -35.9914 average_last200: -130.4587 epis: 0.2308 loss: 299.4583 
episode: 97 count: 1000 score: -52.5243 average_last200: -129.6634 epis: 0.2274 loss: 281.9492 
episode: 98 count: 1000 score: -73.1840 average_last200: -129.0929 epis: 0.2240 loss: 279.4412 
episode: 99 count: 1000 score: -29.6829 average_last200: -128.0988 epis: 0.2206 loss: 269.6350 
episode: 100 count: 1000 score: -71.3424 average_last200: -127.5369 epis: 0.2173 loss: 277.9903 
episode: 101 count: 1000 score: -29.5074 average_last200: -126.5758 epis: 0.2140 loss: 274.1295 
episode: 102 count: 1000 score: -44.8775 average_last200: -125.7826 epis: 0.2108 loss: 263.3111 
episode: 103 count: 1000 score: -44.2345 average_last200: -124.9985 epis: 0.2077 loss: 265.5815 
episode: 104 count: 1000 score: -42.7490 average_last200: -124.2152 epis: 0.2046 loss: 287.5928 
episode: 105 count: 1000 score: -39.6948 average_last200: -123.4178 epis: 0.2015 loss: 280.7055 
episode: 106 count: 1000 score: -56.9799 average_last200: -122.7969 epis: 0.1985 loss: 282.0168 
episode: 107 count: 1000 score: -66.2102 average_last200: -122.2730 epis: 0.1955 loss: 246.5735 
episode: 108 count: 1000 score: -55.7974 average_last200: -121.6631 epis: 0.1926 loss: 276.9982 
episode: 109 count: 1000 score: -47.2157 average_last200: -120.9863 epis: 0.1897 loss: 270.8977 
episode: 110 count: 1000 score: -59.7377 average_last200: -120.4345 epis: 0.1868 loss: 261.9807 
episode: 111 count: 1000 score: -62.2975 average_last200: -119.9154 epis: 0.1840 loss: 257.6376 
episode: 112 count: 1000 score: -69.8060 average_last200: -119.4720 epis: 0.1813 loss: 269.8893 
episode: 113 count: 1000 score: -53.9437 average_last200: -118.8972 epis: 0.1785 loss: 235.3760 
episode: 114 count: 1000 score: -74.8294 average_last200: -118.5140 epis: 0.1759 loss: 248.8712 
episode: 115 count: 1000 score: -70.2184 average_last200: -118.0976 epis: 0.1732 loss: 237.3569 
episode: 116 count: 1000 score: -55.8090 average_last200: -117.5652 epis: 0.1706 loss: 268.4672 
episode: 117 count: 1000 score: -69.0291 average_last200: -117.1539 epis: 0.1681 loss: 235.3585 
episode: 118 count: 1000 score: -87.5968 average_last200: -116.9055 epis: 0.1655 loss: 249.3071 
episode: 119 count: 1000 score: -68.4492 average_last200: -116.5017 epis: 0.1631 loss: 238.1214 
episode: 120 count: 1000 score: -50.9433 average_last200: -115.9599 epis: 0.1606 loss: 245.5252 
episode: 121 count: 1000 score: -92.5418 average_last200: -115.7680 epis: 0.1582 loss: 264.3733 
episode: 122 count: 1000 score: -61.4662 average_last200: -115.3265 epis: 0.1558 loss: 267.8505 
episode: 123 count: 1000 score: -86.2424 average_last200: -115.0920 epis: 0.1535 loss: 252.5010 
episode: 124 count: 1000 score: -78.5364 average_last200: -114.7995 epis: 0.1512 loss: 265.0303 
episode: 125 count: 1000 score: -85.3149 average_last200: -114.5655 epis: 0.1489 loss: 256.9916 
episode: 126 count: 1000 score: -92.9334 average_last200: -114.3952 epis: 0.1467 loss: 265.1551 
episode: 127 count: 1000 score: -63.4116 average_last200: -113.9969 epis: 0.1445 loss: 243.5595 
episode: 128 count: 1000 score: -48.2309 average_last200: -113.4871 epis: 0.1423 loss: 239.0401 
episode: 129 count: 1000 score: -21.9156 average_last200: -112.7827 epis: 0.1402 loss: 220.1543 
episode: 130 count: 1000 score: -41.8801 average_last200: -112.2414 epis: 0.1381 loss: 243.9263 
episode: 131 count: 1000 score: -30.1282 average_last200: -111.6193 epis: 0.1360 loss: 228.2407 
episode: 132 count: 1000 score: -39.9384 average_last200: -111.0804 epis: 0.1340 loss: 251.5432 
episode: 133 count: 1000 score: -46.4708 average_last200: -110.5982 epis: 0.1320 loss: 250.2035 
episode: 134 count: 1000 score: -43.5883 average_last200: -110.1019 epis: 0.1300 loss: 221.7254 
episode: 135 count: 1000 score: -36.3297 average_last200: -109.5594 epis: 0.1280 loss: 244.9152 
episode: 136 count: 1000 score: -65.1512 average_last200: -109.2353 epis: 0.1261 loss: 230.2908 
episode: 137 count: 1000 score: -43.0467 average_last200: -108.7556 epis: 0.1242 loss: 222.9978 
episode: 138 count: 1000 score: -30.6307 average_last200: -108.1936 epis: 0.1224 loss: 223.3317 
episode: 139 count: 1000 score: -54.8120 average_last200: -107.8123 epis: 0.1205 loss: 225.1108 
episode: 140 count: 1000 score: -108.5471 average_last200: -107.8175 epis: 0.1187 loss: 220.7505 
episode: 141 count: 1000 score: -81.2660 average_last200: -107.6305 epis: 0.1169 loss: 228.3262 
episode: 142 count: 1000 score: -80.7737 average_last200: -107.4427 epis: 0.1152 loss: 237.9855 
episode: 143 count: 1000 score: -63.2258 average_last200: -107.1357 epis: 0.1135 loss: 215.6706 
episode: 144 count: 1000 score: -15.7924 average_last200: -106.5057 epis: 0.1118 loss: 206.2520 
episode: 145 count: 1000 score: -41.9050 average_last200: -106.0632 epis: 0.1101 loss: 222.4312 
episode: 146 count: 1000 score: -64.1132 average_last200: -105.7779 epis: 0.1084 loss: 205.5196 
episode: 147 count: 1000 score: -67.0868 average_last200: -105.5164 epis: 0.1068 loss: 225.6629 
episode: 148 count: 1000 score: -62.7042 average_last200: -105.2291 epis: 0.1052 loss: 220.5332 
episode: 149 count: 1000 score: -37.3311 average_last200: -104.7764 epis: 0.1036 loss: 218.4457 
episode: 150 count: 1000 score: -44.6810 average_last200: -104.3785 epis: 0.1021 loss: 235.7648 
episode: 151 count: 1000 score: -68.1963 average_last200: -104.1404 epis: 0.1005 loss: 231.3578 
episode: 152 count: 1000 score: -12.8050 average_last200: -103.5435 epis: 0.0990 loss: 193.7161 
episode: 153 count: 1000 score: -37.3092 average_last200: -103.1134 epis: 0.0975 loss: 210.1093 
episode: 154 count: 1000 score: -71.6245 average_last200: -102.9102 epis: 0.0961 loss: 213.7147 
episode: 155 count: 1000 score: -64.9107 average_last200: -102.6666 epis: 0.0946 loss: 221.1513 
episode: 156 count: 1000 score: -65.6774 average_last200: -102.4310 epis: 0.0932 loss: 202.8103 
episode: 157 count: 1000 score: -15.0713 average_last200: -101.8781 epis: 0.0918 loss: 209.7652 
episode: 158 count: 1000 score: -62.1136 average_last200: -101.6280 epis: 0.0904 loss: 213.1340 
episode: 159 count: 1000 score: -15.7679 average_last200: -101.0914 epis: 0.0891 loss: 214.7885 
episode: 160 count: 1000 score: -79.5806 average_last200: -100.9578 epis: 0.0877 loss: 204.9829 
episode: 161 count: 1000 score: -86.4430 average_last200: -100.8682 epis: 0.0864 loss: 200.5159 
episode: 162 count: 1000 score: -69.3849 average_last200: -100.6750 epis: 0.0851 loss: 188.7901 
episode: 163 count: 1000 score: -42.9659 average_last200: -100.3232 epis: 0.0839 loss: 177.0069 
episode: 164 count: 453 score: 173.2123 average_last200: -98.6654 epis: 0.0826 loss: 96.9824 
episode: 165 count: 1000 score: -0.1492 average_last200: -98.0719 epis: 0.0814 loss: 186.1913 
episode: 166 count: 318 score: 188.8469 average_last200: -96.3538 epis: 0.0801 loss: 63.0304 
episode: 167 count: 1000 score: -63.6076 average_last200: -96.1589 epis: 0.0789 loss: 187.0494 
episode: 168 count: 1000 score: -46.0796 average_last200: -95.8626 epis: 0.0778 loss: 176.3966 
episode: 169 count: 1000 score: -56.1465 average_last200: -95.6290 epis: 0.0766 loss: 193.5326 
episode: 170 count: 1000 score: -42.1859 average_last200: -95.3164 epis: 0.0754 loss: 170.1532 
episode: 171 count: 1000 score: -47.2066 average_last200: -95.0367 epis: 0.0743 loss: 168.9651 
episode: 172 count: 1000 score: -30.6356 average_last200: -94.6644 epis: 0.0732 loss: 177.8750 
episode: 173 count: 1000 score: -16.9655 average_last200: -94.2179 epis: 0.0721 loss: 178.9063 
episode: 174 count: 1000 score: -87.1257 average_last200: -94.1774 epis: 0.0710 loss: 166.2438 
episode: 175 count: 1000 score: -46.5334 average_last200: -93.9067 epis: 0.0699 loss: 170.5369 
episode: 176 count: 1000 score: -8.2691 average_last200: -93.4228 epis: 0.0689 loss: 146.7729 
episode: 177 count: 1000 score: -60.0449 average_last200: -93.2353 epis: 0.0679 loss: 145.0032 
episode: 178 count: 1000 score: -47.7414 average_last200: -92.9812 epis: 0.0668 loss: 152.1921 
episode: 179 count: 1000 score: -20.8185 average_last200: -92.5803 epis: 0.0658 loss: 143.9115 
episode: 180 count: 1000 score: -205.2330 average_last200: -93.2027 epis: 0.0649 loss: 128.0751 
episode: 181 count: 573 score: 152.7882 average_last200: -91.8511 epis: 0.0639 loss: 71.6997 
episode: 182 count: 1000 score: -88.9525 average_last200: -91.8352 epis: 0.0629 loss: 118.6992 
episode: 183 count: 1000 score: -19.5209 average_last200: -91.4422 epis: 0.0620 loss: 127.6387 
episode: 184 count: 518 score: 201.0135 average_last200: -89.8614 epis: 0.0611 loss: 64.4337 
episode: 185 count: 620 score: 104.4563 average_last200: -88.8166 epis: 0.0601 loss: 78.3932 
episode: 186 count: 598 score: 167.8745 average_last200: -87.4440 epis: 0.0592 loss: 73.8656 
episode: 187 count: 1000 score: -40.0798 average_last200: -87.1920 epis: 0.0583 loss: 123.0002 
episode: 188 count: 782 score: 136.6686 average_last200: -86.0076 epis: 0.0575 loss: 93.0981 
episode: 189 count: 1000 score: -63.4069 average_last200: -85.8886 epis: 0.0566 loss: 119.4213 
episode: 190 count: 1000 score: -63.9157 average_last200: -85.7736 epis: 0.0558 loss: 118.8890 
episode: 191 count: 990 score: -144.9124 average_last200: -86.0816 epis: 0.0549 loss: 112.2170 
episode: 192 count: 1000 score: -15.6869 average_last200: -85.7169 epis: 0.0541 loss: 103.1475 
episode: 193 count: 1000 score: -22.1772 average_last200: -85.3893 epis: 0.0533 loss: 101.2318 
episode: 194 count: 1000 score: -65.6177 average_last200: -85.2880 epis: 0.0525 loss: 97.8134 
episode: 195 count: 1000 score: -163.4371 average_last200: -85.6867 epis: 0.0517 loss: 100.8875 
episode: 196 count: 1000 score: -65.8252 average_last200: -85.5859 epis: 0.0509 loss: 96.6836 
episode: 197 count: 191 score: -49.5233 average_last200: -85.4037 epis: 0.0502 loss: 14.9480 
episode: 198 count: 1000 score: -69.6095 average_last200: -85.3243 epis: 0.0494 loss: 101.1000 
episode: 199 count: 220 score: -105.4405 average_last200: -85.4249 epis: 0.0487 loss: 20.1689 
episode: 200 count: 669 score: 153.1306 average_last200: -83.6505 epis: 0.0479 loss: 65.6885 
episode: 201 count: 266 score: -52.1414 average_last200: -83.0777 epis: 0.0472 loss: 25.3251 
episode: 202 count: 161 score: -39.7496 average_last200: -82.6823 epis: 0.0465 loss: 14.6419 
episode: 203 count: 132 score: -55.8490 average_last200: -81.7991 epis: 0.0458 loss: 12.6903 
episode: 204 count: 300 score: 157.9009 average_last200: -80.1359 epis: 0.0451 loss: 24.9685 
episode: 205 count: 984 score: 145.5602 average_last200: -77.1222 epis: 0.0444 loss: 90.4380 
episode: 206 count: 757 score: 103.1740 average_last200: -75.9736 epis: 0.0438 loss: 74.6873 
episode: 207 count: 312 score: 203.5574 average_last200: -74.2622 epis: 0.0431 loss: 36.2664 
episode: 208 count: 720 score: 189.1211 average_last200: -71.9151 epis: 0.0425 loss: 72.2238 
episode: 209 count: 215 score: -9.9400 average_last200: -68.9744 epis: 0.0418 loss: 18.1457 
episode: 210 count: 516 score: 187.0123 average_last200: -66.3043 epis: 0.0412 loss: 49.3205 
episode: 211 count: 373 score: 166.5342 average_last200: -64.3572 epis: 0.0406 loss: 36.0121 
episode: 212 count: 386 score: 161.8532 average_last200: -62.8785 epis: 0.0400 loss: 39.7958 
episode: 213 count: 250 score: -22.2081 average_last200: -61.4770 epis: 0.0394 loss: 26.5632 
episode: 214 count: 218 score: -61.9340 average_last200: -61.3065 epis: 0.0388 loss: 21.0132 
episode: 215 count: 290 score: -67.2256 average_last200: -60.5673 epis: 0.0382 loss: 30.0649 
episode: 216 count: 1000 score: -77.0464 average_last200: -59.7311 epis: 0.0376 loss: 112.2241 
episode: 217 count: 610 score: 151.6915 average_last200: -58.5617 epis: 0.0371 loss: 65.0630 
episode: 218 count: 582 score: 153.6137 average_last200: -57.0137 epis: 0.0365 loss: 61.7944 
episode: 219 count: 441 score: 129.6088 average_last200: -55.8528 epis: 0.0360 loss: 41.5839 
episode: 220 count: 659 score: 182.7264 average_last200: -54.5272 epis: 0.0354 loss: 71.8213 
episode: 221 count: 630 score: 88.8692 average_last200: -53.7408 epis: 0.0349 loss: 66.9334 
episode: 222 count: 601 score: 141.2380 average_last200: -52.3620 epis: 0.0344 loss: 59.2577 
episode: 223 count: 636 score: 209.3303 average_last200: -49.8482 epis: 0.0339 loss: 64.5307 
episode: 224 count: 940 score: 129.2164 average_last200: -47.5652 epis: 0.0334 loss: 105.5132 
episode: 225 count: 501 score: 133.9866 average_last200: -45.0380 epis: 0.0329 loss: 52.4248 
episode: 226 count: 531 score: -51.5916 average_last200: -44.0989 epis: 0.0324 loss: 47.9821 
episode: 227 count: 746 score: 81.6352 average_last200: -42.6818 epis: 0.0319 loss: 79.7454 
episode: 228 count: 505 score: 197.3682 average_last200: -41.1220 epis: 0.0314 loss: 55.0139 
episode: 229 count: 670 score: 90.5540 average_last200: -40.4136 epis: 0.0309 loss: 68.9337 
episode: 230 count: 1000 score: -1.8308 average_last200: -39.6699 epis: 0.0305 loss: 103.0277 
episode: 231 count: 517 score: 175.9693 average_last200: -38.0778 epis: 0.0300 loss: 53.4579 
episode: 232 count: 526 score: 220.5649 average_last200: -36.5885 epis: 0.0296 loss: 59.2291 
episode: 233 count: 1000 score: -118.0526 average_last200: -36.5599 epis: 0.0291 loss: 104.5480 
episode: 234 count: 497 score: 144.2094 average_last200: -34.9531 epis: 0.0287 loss: 56.7865 
episode: 235 count: 106 score: -248.9230 average_last200: -35.0100 epis: 0.0282 loss: 10.3021 
episode: 236 count: 647 score: 151.0167 average_last200: -33.5417 epis: 0.0278 loss: 71.4749 
episode: 237 count: 568 score: 134.3193 average_last200: -32.6062 epis: 0.0274 loss: 55.9753 
episode: 238 count: 368 score: 231.6716 average_last200: -31.0319 epis: 0.0270 loss: 37.8377 
episode: 239 count: 302 score: 230.8023 average_last200: -29.4007 epis: 0.0266 loss: 35.3758 
episode: 240 count: 510 score: 145.9201 average_last200: -28.2921 epis: 0.0262 loss: 53.4726 
episode: 241 count: 350 score: 152.4796 average_last200: -27.1298 epis: 0.0258 loss: 38.8417 
episode: 242 count: 294 score: 162.5056 average_last200: -25.6615 epis: 0.0254 loss: 30.1015 
episode: 243 count: 362 score: 203.6777 average_last200: -24.2033 epis: 0.0250 loss: 36.4862 
episode: 244 count: 273 score: 188.8728 average_last200: -22.9259 epis: 0.0247 loss: 27.8442 
episode: 245 count: 233 score: 229.4614 average_last200: -21.4112 epis: 0.0243 loss: 29.5334 
episode: 246 count: 507 score: 192.1034 average_last200: -20.3565 epis: 0.0239 loss: 52.8709 
episode: 247 count: 301 score: -6.2092 average_last200: -19.4943 epis: 0.0236 loss: 33.8421 
episode: 248 count: 716 score: 175.8407 average_last200: -18.1864 epis: 0.0232 loss: 76.3094 
episode: 249 count: 176 score: -17.5165 average_last200: -17.9158 epis: 0.0229 loss: 19.5344 
episode: 250 count: 365 score: 211.9008 average_last200: -16.4006 epis: 0.0225 loss: 39.7663 
episode: 251 count: 385 score: 227.9712 average_last200: -14.8686 epis: 0.0222 loss: 45.4994 
episode: 252 count: 265 score: 194.7967 average_last200: -13.8668 epis: 0.0218 loss: 30.9390 
episode: 253 count: 189 score: -60.7753 average_last200: -13.7958 epis: 0.0215 loss: 17.5204 
episode: 254 count: 492 score: 88.3587 average_last200: -13.0175 epis: 0.0212 loss: 53.4364 
episode: 255 count: 282 score: 201.4841 average_last200: -11.3159 epis: 0.0209 loss: 29.2929 
episode: 256 count: 273 score: 169.2803 average_last200: -9.9923 epis: 0.0206 loss: 33.0187 
episode: 257 count: 212 score: -70.0174 average_last200: -10.2695 epis: 0.0203 loss: 27.5437 
episode: 258 count: 285 score: 177.4444 average_last200: -8.9798 epis: 0.0200 loss: 35.9979 
episode: 259 count: 586 score: 163.2257 average_last200: -7.6443 epis: 0.0197 loss: 69.5273 
episode: 260 count: 594 score: 191.8070 average_last200: -6.3256 epis: 0.0194 loss: 71.0461 
episode: 261 count: 609 score: 189.1898 average_last200: -5.1861 epis: 0.0191 loss: 73.7663 
episode: 262 count: 378 score: 157.5362 average_last200: -3.8211 epis: 0.0188 loss: 41.2987 
episode: 263 count: 375 score: 233.9184 average_last200: -1.6649 epis: 0.0185 loss: 49.7231 
episode: 264 count: 316 score: 211.6789 average_last200: 0.1097 epis: 0.0182 loss: 39.3538 
episode: 265 count: 327 score: 214.6823 average_last200: 1.4562 epis: 0.0179 loss: 37.2838 
episode: 266 count: 324 score: 239.5719 average_last200: 2.8616 epis: 0.0177 loss: 43.0440 
episode: 267 count: 177 score: 5.0827 average_last200: 2.9488 epis: 0.0174 loss: 21.7625 
episode: 268 count: 1000 score: -60.0878 average_last200: 3.1255 epis: 0.0172 loss: 120.5444 
episode: 269 count: 168 score: -34.5739 average_last200: 3.3536 epis: 0.0169 loss: 20.6221 
episode: 270 count: 1000 score: -18.1857 average_last200: 3.6417 epis: 0.0166 loss: 129.3565 
episode: 271 count: 1000 score: -12.3099 average_last200: 3.8433 epis: 0.0164 loss: 130.6022 
episode: 272 count: 391 score: 237.3414 average_last200: 5.2381 epis: 0.0161 loss: 42.8333 
episode: 273 count: 263 score: 181.1368 average_last200: 7.6116 epis: 0.0159 loss: 29.2262 
episode: 274 count: 203 score: 256.8976 average_last200: 9.5301 epis: 0.0157 loss: 25.8677 
episode: 275 count: 1000 score: -33.9651 average_last200: 9.9651 epis: 0.0154 loss: 123.4960 
episode: 276 count: 310 score: 192.3825 average_last200: 11.2016 epis: 0.0152 loss: 42.0768 
episode: 277 count: 1000 score: -59.6980 average_last200: 12.0881 epis: 0.0150 loss: 133.6879 
episode: 278 count: 1000 score: -17.6455 average_last200: 12.5468 epis: 0.0147 loss: 137.3800 
episode: 279 count: 415 score: 212.9707 average_last200: 14.5123 epis: 0.0145 loss: 48.8135 
episode: 280 count: 1000 score: -40.5243 average_last200: 15.9285 epis: 0.0143 loss: 143.1433 
episode: 281 count: 803 score: 147.6420 average_last200: 17.0337 epis: 0.0141 loss: 111.4414 
episode: 282 count: 277 score: 213.6374 average_last200: 18.2590 epis: 0.0139 loss: 38.9181 
episode: 283 count: 396 score: 216.7657 average_last200: 19.4993 epis: 0.0137 loss: 49.6311 
episode: 284 count: 264 score: -11.7636 average_last200: 19.7342 epis: 0.0135 loss: 38.4658 
episode: 285 count: 279 score: 231.8400 average_last200: 21.2614 epis: 0.0133 loss: 35.0039 
episode: 286 count: 343 score: 218.8281 average_last200: 23.1030 epis: 0.0131 loss: 49.9929 
episode: 287 count: 675 score: 162.8836 average_last200: 23.9880 epis: 0.0129 loss: 93.7667 
episode: 288 count: 635 score: 130.0199 average_last200: 24.8402 epis: 0.0127 loss: 77.2745 
episode: 289 count: 611 score: 163.1683 average_last200: 26.0824 epis: 0.0125 loss: 85.4960 
episode: 290 count: 821 score: 88.6753 average_last200: 26.8591 epis: 0.0123 loss: 104.6825 
episode: 291 count: 382 score: 193.9458 average_last200: 28.0460 epis: 0.0121 loss: 55.2107 
episode: 292 count: 404 score: 171.0571 average_last200: 29.2246 epis: 0.0119 loss: 48.6247 
episode: 293 count: 459 score: 198.0697 average_last200: 30.5527 epis: 0.0118 loss: 59.3791 
episode: 294 count: 323 score: 131.0798 average_last200: 31.6221 epis: 0.0116 loss: 46.4038 
episode: 295 count: 231 score: -66.1672 average_last200: 31.7048 epis: 0.0114 loss: 34.3693 
episode: 296 count: 280 score: 216.6961 average_last200: 32.9682 epis: 0.0112 loss: 41.0620 
episode: 297 count: 367 score: 233.0980 average_last200: 34.3963 epis: 0.0111 loss: 56.6900 
episode: 298 count: 198 score: -13.3468 average_last200: 34.6955 epis: 0.0109 loss: 35.3750 
episode: 299 count: 202 score: -61.0116 average_last200: 34.5388 epis: 0.0107 loss: 24.0541 
episode: 300 count: 383 score: 169.2687 average_last200: 35.7419 epis: 0.0106 loss: 51.2927 
episode: 301 count: 217 score: -20.6677 average_last200: 35.7861 epis: 0.0104 loss: 26.3520 
episode: 302 count: 146 score: -51.6427 average_last200: 35.7523 epis: 0.0103 loss: 23.1812 
episode: 303 count: 403 score: 189.9040 average_last200: 36.9230 epis: 0.0101 loss: 60.1454 
episode: 304 count: 296 score: 224.7887 average_last200: 38.2607 epis: 0.0100 loss: 41.2079 
episode: 305 count: 463 score: 175.6973 average_last200: 39.3376 epis: 0.0098 loss: 72.3666 
episode: 306 count: 294 score: -30.4511 average_last200: 39.4703 epis: 0.0097 loss: 44.8404 
episode: 307 count: 373 score: -49.5613 average_last200: 39.5535 epis: 0.0095 loss: 58.7927 
episode: 308 count: 395 score: 203.8054 average_last200: 40.8515 epis: 0.0094 loss: 58.1102 
episode: 309 count: 194 score: -40.3857 average_last200: 40.8857 epis: 0.0092 loss: 27.9688 
episode: 310 count: 489 score: 170.4267 average_last200: 42.0365 epis: 0.0091 loss: 67.1115 
episode: 311 count: 426 score: 193.7963 average_last200: 43.3170 epis: 0.0090 loss: 64.0763 
episode: 312 count: 259 score: -48.9000 average_last200: 43.4215 epis: 0.0088 loss: 38.1801 
episode: 313 count: 366 score: 194.7744 average_last200: 44.6651 epis: 0.0087 loss: 53.5833 
episode: 314 count: 283 score: -51.9782 average_last200: 44.7793 epis: 0.0086 loss: 41.3059 
episode: 315 count: 341 score: 199.5679 average_last200: 46.1283 epis: 0.0084 loss: 49.0031 
episode: 316 count: 352 score: 217.0900 average_last200: 47.4928 epis: 0.0083 loss: 51.6703 
episode: 317 count: 360 score: -31.1857 average_last200: 47.6820 epis: 0.0082 loss: 50.5251 
episode: 318 count: 125 score: 11.2687 average_last200: 48.1763 epis: 0.0081 loss: 16.4459 
episode: 319 count: 493 score: 149.3452 average_last200: 49.2653 epis: 0.0079 loss: 70.8888 
episode: 320 count: 389 score: 189.6305 average_last200: 50.4681 epis: 0.0078 loss: 57.1545 
episode: 321 count: 292 score: 190.6828 average_last200: 51.8843 epis: 0.0077 loss: 51.0742 
episode: 322 count: 847 score: 110.1047 average_last200: 52.7421 epis: 0.0076 loss: 126.6402 
episode: 323 count: 424 score: 188.0971 average_last200: 54.1138 epis: 0.0075 loss: 66.4976 
episode: 324 count: 541 score: 182.9770 average_last200: 55.4214 epis: 0.0074 loss: 78.4900 
episode: 325 count: 122 score: -24.7696 average_last200: 55.7241 epis: 0.0072 loss: 20.5012 
episode: 326 count: 402 score: 156.6023 average_last200: 56.9718 epis: 0.0071 loss: 59.3126 
episode: 327 count: 431 score: 229.2959 average_last200: 58.4353 epis: 0.0070 loss: 66.8529 
episode: 328 count: 404 score: 181.9225 average_last200: 59.5861 epis: 0.0069 loss: 61.6048 
episode: 329 count: 225 score: 214.3990 average_last200: 60.7677 epis: 0.0068 loss: 34.4282 
episode: 330 count: 118 score: -17.2870 average_last200: 60.8906 epis: 0.0067 loss: 20.0526 
episode: 331 count: 290 score: 259.2635 average_last200: 62.3376 epis: 0.0066 loss: 46.3847 
episode: 332 count: 111 score: 4.3474 average_last200: 62.5590 epis: 0.0065 loss: 14.4829 
episode: 333 count: 231 score: 210.7808 average_last200: 63.8453 epis: 0.0064 loss: 32.3517 
episode: 334 count: 287 score: -40.5109 average_last200: 63.8607 epis: 0.0063 loss: 39.6880 
episode: 335 count: 345 score: 198.7771 average_last200: 65.0362 epis: 0.0062 loss: 54.0129 
episode: 336 count: 456 score: -55.5409 average_last200: 65.0843 epis: 0.0061 loss: 72.1718 
episode: 337 count: 439 score: -68.3446 average_last200: 64.9578 epis: 0.0060 loss: 60.4857 
episode: 338 count: 1000 score: -62.6134 average_last200: 64.7979 epis: 0.0060 loss: 157.8594 
episode: 339 count: 589 score: -118.7050 average_last200: 64.4784 epis: 0.0059 loss: 93.5849 
episode: 340 count: 1000 score: -34.2168 average_last200: 64.8500 epis: 0.0058 loss: 148.1824 
episode: 341 count: 234 score: -32.6353 average_last200: 65.0932 epis: 0.0057 loss: 34.4883 
episode: 342 count: 539 score: 171.6585 average_last200: 66.3554 epis: 0.0056 loss: 72.9363 
episode: 343 count: 332 score: 213.5055 average_last200: 67.7390 epis: 0.0055 loss: 52.3131 
episode: 344 count: 168 score: -41.0178 average_last200: 67.6129 epis: 0.0054 loss: 28.2086 
episode: 345 count: 313 score: -24.0350 average_last200: 67.7022 epis: 0.0054 loss: 47.4302 
episode: 346 count: 296 score: -28.9889 average_last200: 67.8779 epis: 0.0053 loss: 39.6273 
episode: 347 count: 175 score: -23.9413 average_last200: 68.0936 epis: 0.0052 loss: 27.6586 
episode: 348 count: 302 score: 199.2631 average_last200: 69.4034 epis: 0.0051 loss: 40.2389 
episode: 349 count: 782 score: 149.3336 average_last200: 70.3367 epis: 0.0050 loss: 108.9803 
episode: 350 count: 821 score: -98.0792 average_last200: 70.0698 epis: 0.0050 loss: 123.8102 
episode: 351 count: 314 score: 6.8754 average_last200: 70.4451 epis: 0.0049 loss: 46.6009 
episode: 352 count: 177 score: 16.1461 average_last200: 70.5899 epis: 0.0048 loss: 24.7118 
episode: 353 count: 261 score: 195.4574 average_last200: 71.7537 epis: 0.0047 loss: 38.0697 
episode: 354 count: 1000 score: -80.0308 average_last200: 71.7117 epis: 0.0047 loss: 137.4709 
episode: 355 count: 374 score: 182.3872 average_last200: 72.9482 epis: 0.0046 loss: 55.4335 
episode: 356 count: 948 score: -154.5085 average_last200: 72.5040 epis: 0.0045 loss: 132.0484 
episode: 357 count: 540 score: 171.4182 average_last200: 73.4364 epis: 0.0045 loss: 68.5657 
episode: 358 count: 1000 score: -67.7274 average_last200: 73.4084 epis: 0.0044 loss: 120.5440 
episode: 359 count: 232 score: 211.8491 average_last200: 74.5465 epis: 0.0043 loss: 27.9768 
episode: 360 count: 251 score: 185.7574 average_last200: 75.8732 epis: 0.0043 loss: 32.5141 
episode: 361 count: 246 score: 183.3929 average_last200: 77.2223 epis: 0.0042 loss: 39.4845 
episode: 362 count: 556 score: -97.0733 average_last200: 77.0839 epis: 0.0041 loss: 57.6560 
episode: 363 count: 274 score: 224.0238 average_last200: 78.4188 epis: 0.0041 loss: 31.4217 
episode: 364 count: 225 score: 196.8192 average_last200: 78.5369 epis: 0.0040 loss: 33.2406 
episode: 365 count: 151 score: -545.2229 average_last200: 75.8115 epis: 0.0040 loss: 17.6626 
episode: 366 count: 630 score: 168.0140 average_last200: 75.7073 epis: 0.0039 loss: 81.3160 
episode: 367 count: 271 score: 227.8249 average_last200: 77.1645 epis: 0.0038 loss: 39.5679 
episode: 368 count: 175 score: 12.4643 average_last200: 77.4572 epis: 0.0038 loss: 19.3269 
episode: 369 count: 151 score: -35.1566 average_last200: 77.5622 epis: 0.0037 loss: 21.9414 
episode: 370 count: 269 score: 174.4041 average_last200: 78.6451 epis: 0.0037 loss: 35.1019 
episode: 371 count: 157 score: -35.6956 average_last200: 78.7027 epis: 0.0036 loss: 21.7301 
episode: 372 count: 355 score: 183.2181 average_last200: 79.7719 epis: 0.0036 loss: 50.9153 
episode: 373 count: 413 score: 154.7761 average_last200: 80.6307 epis: 0.0035 loss: 53.0657 
episode: 374 count: 371 score: 218.6142 average_last200: 82.1594 epis: 0.0035 loss: 55.3324 
episode: 375 count: 300 score: 238.6375 average_last200: 83.5852 epis: 0.0034 loss: 40.3586 
episode: 376 count: 502 score: 173.9568 average_last200: 84.4963 epis: 0.0034 loss: 73.6123 
episode: 377 count: 318 score: -21.8518 average_last200: 84.6873 epis: 0.0033 loss: 45.1643 
episode: 378 count: 482 score: 225.1671 average_last200: 86.0518 epis: 0.0033 loss: 76.7299 
episode: 379 count: 169 score: -33.8222 average_last200: 85.9868 epis: 0.0032 loss: 21.4087 
episode: 380 count: 274 score: 223.1151 average_last200: 88.1286 epis: 0.0032 loss: 36.7889 
episode: 381 count: 266 score: 247.6232 average_last200: 88.6027 epis: 0.0031 loss: 40.9122 
episode: 382 count: 395 score: 240.4339 average_last200: 90.2497 epis: 0.0031 loss: 53.8047 
episode: 383 count: 222 score: 207.3406 average_last200: 91.3840 epis: 0.0030 loss: 33.8793 
episode: 384 count: 996 score: -273.5704 average_last200: 89.0111 epis: 0.0030 loss: 142.4015 
episode: 385 count: 293 score: 234.5923 average_last200: 89.6617 epis: 0.0029 loss: 29.7750 
episode: 386 count: 430 score: 197.2278 average_last200: 89.8085 epis: 0.0029 loss: 71.6701 
episode: 387 count: 1000 score: -134.3217 average_last200: 89.3373 epis: 0.0028 loss: 145.3763 
episode: 388 count: 214 score: 195.2836 average_last200: 89.6304 epis: 0.0028 loss: 31.8459 
episode: 389 count: 1000 score: -121.3815 average_last200: 89.3405 epis: 0.0028 loss: 131.3886 
episode: 390 count: 209 score: 4.5283 average_last200: 89.6827 epis: 0.0027 loss: 28.1783 
episode: 391 count: 646 score: -217.7803 average_last200: 89.3184 epis: 0.0027 loss: 95.7907 
episode: 392 count: 153 score: -0.9623 average_last200: 89.3920 epis: 0.0026 loss: 20.8680 
episode: 393 count: 1000 score: -103.9415 average_last200: 88.9832 epis: 0.0026 loss: 145.6571 
episode: 394 count: 208 score: -36.0823 average_last200: 89.1309 epis: 0.0026 loss: 29.4442 
episode: 395 count: 176 score: -48.0930 average_last200: 89.7076 epis: 0.0025 loss: 26.8837 
episode: 396 count: 167 score: -22.2785 average_last200: 89.9253 epis: 0.0025 loss: 20.5749 
episode: 397 count: 154 score: -17.1374 average_last200: 90.0872 epis: 0.0024 loss: 23.5301 
episode: 398 count: 181 score: -15.5482 average_last200: 90.3576 epis: 0.0024 loss: 24.8543 
episode: 399 count: 958 score: -301.5513 average_last200: 89.3770 epis: 0.0024 loss: 112.0582 
episode: 400 count: 253 score: 214.4847 average_last200: 89.6838 epis: 0.0023 loss: 32.7940 
episode: 401 count: 188 score: -28.5953 average_last200: 89.8015 epis: 0.0023 loss: 25.1308 
episode: 402 count: 326 score: 232.5777 average_last200: 91.1631 epis: 0.0023 loss: 42.5779 
episode: 403 count: 186 score: 216.7192 average_last200: 92.5260 epis: 0.0022 loss: 25.1473 
episode: 404 count: 242 score: 34.2249 average_last200: 91.9076 epis: 0.0022 loss: 33.6808 
episode: 405 count: 190 score: -33.8997 average_last200: 91.0103 epis: 0.0022 loss: 22.9805 
episode: 406 count: 206 score: -17.9683 average_last200: 90.4046 epis: 0.0021 loss: 29.5700 
episode: 407 count: 217 score: -19.1955 average_last200: 89.2908 epis: 0.0021 loss: 32.1509 
episode: 408 count: 565 score: -190.1540 average_last200: 87.3944 epis: 0.0021 loss: 75.8944 
episode: 409 count: 625 score: -225.4865 average_last200: 86.3167 epis: 0.0020 loss: 80.9441 
episode: 410 count: 259 score: 194.9254 average_last200: 86.3563 epis: 0.0020 loss: 38.5964 
episode: 411 count: 541 score: -211.3006 average_last200: 84.4671 epis: 0.0020 loss: 70.5249 
episode: 412 count: 181 score: -22.1690 average_last200: 83.5470 epis: 0.0019 loss: 24.1739 
episode: 413 count: 294 score: -5.8148 average_last200: 83.6290 epis: 0.0019 loss: 36.2611 
episode: 414 count: 1000 score: -114.0868 average_last200: 83.3682 epis: 0.0019 loss: 131.2605 
episode: 415 count: 169 score: -31.7087 average_last200: 83.5458 epis: 0.0019 loss: 23.1953 
episode: 416 count: 357 score: 204.8091 average_last200: 84.9551 epis: 0.0018 loss: 46.3523 
episode: 417 count: 118 score: -33.0019 average_last200: 84.0316 epis: 0.0018 loss: 16.8748 
episode: 418 count: 481 score: -158.1343 average_last200: 82.4728 epis: 0.0018 loss: 64.6864 
episode: 419 count: 436 score: 207.0361 average_last200: 82.8600 epis: 0.0018 loss: 55.1674 
episode: 420 count: 327 score: 225.6682 average_last200: 83.0747 epis: 0.0017 loss: 43.3028 
episode: 421 count: 347 score: 216.2752 average_last200: 83.7117 epis: 0.0017 loss: 56.5918 
episode: 422 count: 454 score: 166.6994 average_last200: 83.8390 epis: 0.0017 loss: 56.5554 
episode: 423 count: 242 score: -4.6318 average_last200: 82.7692 epis: 0.0016 loss: 27.6524 
episode: 424 count: 375 score: 226.4549 average_last200: 83.2554 epis: 0.0016 loss: 51.5940 
episode: 425 count: 1000 score: -46.0730 average_last200: 82.3551 epis: 0.0016 loss: 130.3286 
episode: 426 count: 542 score: 180.8699 average_last200: 83.5174 epis: 0.0016 loss: 74.7243 
episode: 427 count: 411 score: 153.8232 average_last200: 83.8784 epis: 0.0016 loss: 57.6369 
episode: 428 count: 329 score: 229.9984 average_last200: 84.0415 epis: 0.0015 loss: 38.9651 
episode: 429 count: 405 score: 194.4785 average_last200: 84.5611 epis: 0.0015 loss: 48.9281 
episode: 430 count: 279 score: 212.3376 average_last200: 85.6320 epis: 0.0015 loss: 41.5042 
episode: 431 count: 134 score: -30.5035 average_last200: 84.5996 epis: 0.0015 loss: 21.5257 
episode: 432 count: 213 score: 244.9688 average_last200: 84.7216 epis: 0.0014 loss: 28.0280 
episode: 433 count: 216 score: 23.1406 average_last200: 85.4276 epis: 0.0014 loss: 33.5948 
episode: 434 count: 174 score: 231.1466 average_last200: 85.8623 epis: 0.0014 loss: 29.0715 
episode: 435 count: 346 score: 198.4354 average_last200: 88.0991 epis: 0.0014 loss: 51.5725 
episode: 436 count: 1000 score: -66.4523 average_last200: 87.0117 epis: 0.0014 loss: 140.5198 
episode: 437 count: 235 score: 243.7836 average_last200: 87.5591 epis: 0.0013 loss: 35.0842 
episode: 438 count: 303 score: 223.5029 average_last200: 87.5182 epis: 0.0013 loss: 44.3304 
episode: 439 count: 367 score: -55.2645 average_last200: 86.0879 epis: 0.0013 loss: 43.3814 
episode: 440 count: 205 score: 242.8909 average_last200: 86.5727 epis: 0.0013 loss: 30.6244 
episode: 441 count: 449 score: 191.7357 average_last200: 86.7690 epis: 0.0013 loss: 59.3672 
episode: 442 count: 108 score: -50.3326 average_last200: 85.7048 epis: 0.0012 loss: 18.7308 
episode: 443 count: 223 score: 20.7033 average_last200: 84.7900 epis: 0.0012 loss: 29.6951 
episode: 444 count: 100 score: -10.2852 average_last200: 83.7942 epis: 0.0012 loss: 16.0643 
episode: 445 count: 194 score: 19.2179 average_last200: 82.7429 epis: 0.0012 loss: 26.6813 
episode: 446 count: 262 score: -21.4670 average_last200: 81.6751 epis: 0.0012 loss: 30.1263 
episode: 447 count: 255 score: 241.2859 average_last200: 82.9126 epis: 0.0011 loss: 39.4167 
episode: 448 count: 145 score: 0.2072 average_last200: 82.0344 epis: 0.0011 loss: 18.5376 
episode: 449 count: 314 score: 197.4443 average_last200: 83.1092 epis: 0.0011 loss: 48.6344 
episode: 450 count: 248 score: 255.6819 average_last200: 83.3281 epis: 0.0011 loss: 36.8666 
episode: 451 count: 377 score: 226.7420 average_last200: 83.3220 epis: 0.0011 loss: 53.4496 
episode: 452 count: 175 score: -32.3596 average_last200: 82.1862 epis: 0.0011 loss: 22.5975 
episode: 453 count: 158 score: 14.0089 average_last200: 82.5601 epis: 0.0010 loss: 15.4393 
episode: 454 count: 124 score: -26.1700 average_last200: 81.9875 epis: 0.0010 loss: 20.7794 
episode: 455 count: 237 score: -12.6405 average_last200: 80.9168 epis: 0.0010 loss: 27.7678 
episode: 456 count: 104 score: -0.5853 average_last200: 80.0675 epis: 0.0010 loss: 10.1792 
episode: 457 count: 253 score: 236.7975 average_last200: 81.6016 epis: 0.0010 loss: 34.4948 
episode: 458 count: 106 score: -14.9134 average_last200: 80.6398 epis: 0.0010 loss: 13.5122 
episode: 459 count: 210 score: -36.2299 average_last200: 79.6425 epis: 0.0010 loss: 27.5701 
episode: 460 count: 356 score: 171.5528 average_last200: 79.5412 epis: 0.0009 loss: 40.8473 
episode: 461 count: 207 score: 204.9146 average_last200: 79.6199 epis: 0.0009 loss: 31.6586 
episode: 462 count: 237 score: 13.2109 average_last200: 78.8982 epis: 0.0009 loss: 35.6216 
episode: 463 count: 217 score: 6.4852 average_last200: 77.7611 epis: 0.0009 loss: 26.2189 
episode: 464 count: 180 score: -0.0350 average_last200: 76.7025 epis: 0.0009 loss: 19.5361 
episode: 465 count: 247 score: -42.3481 average_last200: 75.4174 epis: 0.0009 loss: 29.8397 
episode: 466 count: 141 score: -26.3642 average_last200: 74.0877 epis: 0.0009 loss: 15.3535 
episode: 467 count: 125 score: -20.7113 average_last200: 73.9587 epis: 0.0008 loss: 17.4633 
episode: 468 count: 274 score: 246.0556 average_last200: 75.4894 epis: 0.0008 loss: 36.8092 
episode: 469 count: 438 score: 210.2275 average_last200: 76.7134 epis: 0.0008 loss: 56.2728 
episode: 470 count: 92 score: -41.8858 average_last200: 76.5949 epis: 0.0008 loss: 14.4492 
episode: 471 count: 122 score: -65.6535 average_last200: 76.3282 epis: 0.0008 loss: 19.2011 
episode: 472 count: 111 score: -42.4115 average_last200: 74.9294 epis: 0.0008 loss: 15.4867 
episode: 473 count: 100 score: -29.7482 average_last200: 73.8750 epis: 0.0008 loss: 15.5364 
episode: 474 count: 329 score: 237.4830 average_last200: 73.7779 epis: 0.0008 loss: 47.5921 
episode: 475 count: 360 score: 184.7050 average_last200: 74.8713 epis: 0.0008 loss: 47.9675 
episode: 476 count: 176 score: -16.3680 average_last200: 73.8275 epis: 0.0007 loss: 25.6018 
episode: 477 count: 257 score: -51.1435 average_last200: 73.8703 epis: 0.0007 loss: 34.1671 
episode: 478 count: 215 score: -7.8947 average_last200: 73.9191 epis: 0.0007 loss: 30.4004 
episode: 479 count: 204 score: 0.4484 average_last200: 72.8565 epis: 0.0007 loss: 21.0456 
episode: 480 count: 104 score: 2.0386 average_last200: 73.0693 epis: 0.0007 loss: 10.2088 
episode: 481 count: 119 score: 18.1619 average_last200: 72.4219 epis: 0.0007 loss: 12.9244 
episode: 482 count: 263 score: -35.3014 average_last200: 71.1772 epis: 0.0007 loss: 38.2266 
episode: 483 count: 246 score: 222.1949 average_last200: 71.2043 epis: 0.0007 loss: 35.0451 
episode: 484 count: 198 score: 1.2572 average_last200: 71.2694 epis: 0.0007 loss: 28.3069 
episode: 485 count: 220 score: -10.4712 average_last200: 70.0579 epis: 0.0006 loss: 31.6714 
episode: 486 count: 206 score: -3.8053 average_last200: 68.9447 epis: 0.0006 loss: 23.6117 
episode: 487 count: 246 score: -2.8036 average_last200: 68.1163 epis: 0.0006 loss: 32.2442 
episode: 488 count: 393 score: 209.0511 average_last200: 68.5114 epis: 0.0006 loss: 68.4767 
episode: 489 count: 217 score: -31.5383 average_last200: 67.5379 epis: 0.0006 loss: 31.9186 
episode: 490 count: 465 score: 234.4609 average_last200: 68.2668 epis: 0.0006 loss: 62.7335 
episode: 491 count: 212 score: -2.2063 average_last200: 67.2861 epis: 0.0006 loss: 31.9004 
episode: 492 count: 165 score: -73.7386 average_last200: 66.0621 epis: 0.0006 loss: 25.4378 
episode: 493 count: 296 score: 194.0470 average_last200: 66.0420 epis: 0.0006 loss: 36.5354 
episode: 494 count: 283 score: 220.5006 average_last200: 66.4891 epis: 0.0006 loss: 39.4699 
episode: 495 count: 398 score: 185.0600 average_last200: 67.7452 epis: 0.0006 loss: 63.5247 
episode: 496 count: 277 score: 202.4489 average_last200: 67.6740 epis: 0.0005 loss: 40.8322 
episode: 497 count: 323 score: -46.5575 average_last200: 66.2757 epis: 0.0005 loss: 52.8515 
episode: 498 count: 677 score: 183.5642 average_last200: 67.2602 epis: 0.0005 loss: 89.3306 
episode: 499 count: 299 score: 237.5489 average_last200: 68.7531 epis: 0.0005 loss: 45.0754 
episode: 500 count: 311 score: 195.3571 average_last200: 68.8835 epis: 0.0005 loss: 46.2988 
episode: 501 count: 377 score: 183.7623 average_last200: 69.9056 epis: 0.0005 loss: 49.6359 
episode: 502 count: 247 score: -0.1218 average_last200: 70.1632 epis: 0.0005 loss: 33.8483 
episode: 503 count: 267 score: 236.0384 average_last200: 70.3939 epis: 0.0005 loss: 36.6208 
episode: 504 count: 427 score: 186.1657 average_last200: 70.2008 epis: 0.0005 loss: 62.7974 
episode: 505 count: 226 score: 201.8776 average_last200: 70.3317 epis: 0.0005 loss: 36.4365 
episode: 506 count: 424 score: 188.7635 average_last200: 71.4278 epis: 0.0005 loss: 63.1585 
episode: 507 count: 103 score: -37.6553 average_last200: 71.4873 epis: 0.0005 loss: 16.1024 
episode: 508 count: 404 score: 211.9752 average_last200: 71.5282 epis: 0.0005 loss: 74.8962 
episode: 509 count: 292 score: 215.5208 average_last200: 72.8077 epis: 0.0004 loss: 49.9937 
episode: 510 count: 577 score: 190.8985 average_last200: 72.9100 epis: 0.0004 loss: 90.2280 
episode: 511 count: 351 score: 197.2064 average_last200: 72.9271 epis: 0.0004 loss: 52.3305 
episode: 512 count: 168 score: 261.7691 average_last200: 74.4804 epis: 0.0004 loss: 23.3313 
episode: 513 count: 296 score: 258.2328 average_last200: 74.7977 epis: 0.0004 loss: 46.9528 
episode: 514 count: 373 score: 166.1515 average_last200: 75.8884 epis: 0.0004 loss: 47.9599 
episode: 515 count: 273 score: 202.1444 average_last200: 75.9013 epis: 0.0004 loss: 45.0573 
episode: 516 count: 1000 score: -49.4940 average_last200: 74.5683 epis: 0.0004 loss: 154.8391 
episode: 517 count: 239 score: 221.7593 average_last200: 75.8331 epis: 0.0004 loss: 34.7840 
episode: 518 count: 416 score: 185.4952 average_last200: 76.7042 epis: 0.0004 loss: 52.3726 
episode: 519 count: 477 score: 169.1438 average_last200: 76.8032 epis: 0.0004 loss: 69.8669 
episode: 520 count: 432 score: 181.3328 average_last200: 76.7617 epis: 0.0004 loss: 68.4297 
episode: 521 count: 265 score: 212.5935 average_last200: 76.8713 epis: 0.0004 loss: 38.1997 
episode: 522 count: 278 score: 227.5388 average_last200: 77.4584 epis: 0.0004 loss: 37.7306 
episode: 523 count: 242 score: 255.9440 average_last200: 77.7977 epis: 0.0004 loss: 36.9081 
episode: 524 count: 773 score: 170.7601 average_last200: 77.7366 epis: 0.0004 loss: 93.5595 
episode: 525 count: 1000 score: -56.0786 average_last200: 77.5800 epis: 0.0004 loss: 140.7293 
episode: 526 count: 354 score: 234.5627 average_last200: 77.9698 epis: 0.0003 loss: 49.6678 
episode: 527 count: 462 score: -58.6142 average_last200: 76.5303 epis: 0.0003 loss: 65.5976 
episode: 528 count: 275 score: 234.8612 average_last200: 76.7950 epis: 0.0003 loss: 38.2589 
episode: 529 count: 359 score: 239.9327 average_last200: 76.9227 epis: 0.0003 loss: 46.3933 
episode: 530 count: 369 score: 204.5365 average_last200: 78.0318 epis: 0.0003 loss: 52.5136 
episode: 531 count: 110 score: -27.3462 average_last200: 76.5987 epis: 0.0003 loss: 11.8259 
episode: 532 count: 479 score: 189.4207 average_last200: 77.5241 epis: 0.0003 loss: 74.6099 
episode: 533 count: 533 score: 169.5507 average_last200: 77.3179 epis: 0.0003 loss: 63.0748 
episode: 534 count: 358 score: 193.3155 average_last200: 78.4871 epis: 0.0003 loss: 40.2054 
episode: 535 count: 459 score: 208.7822 average_last200: 78.5371 epis: 0.0003 loss: 60.9317 
episode: 536 count: 551 score: 215.7878 average_last200: 79.8937 epis: 0.0003 loss: 81.9903 
episode: 537 count: 288 score: 216.0904 average_last200: 81.3159 epis: 0.0003 loss: 39.5289 
episode: 538 count: 567 score: 171.4593 average_last200: 82.4863 epis: 0.0003 loss: 76.9599 
episode: 539 count: 542 score: 229.2365 average_last200: 84.2260 epis: 0.0003 loss: 68.6056 
episode: 540 count: 115 score: 18.8534 average_last200: 84.4913 epis: 0.0003 loss: 11.9263 
episode: 541 count: 125 score: -4.4632 average_last200: 84.6322 epis: 0.0003 loss: 19.5404 
episode: 542 count: 312 score: 218.6318 average_last200: 84.8671 epis: 0.0003 loss: 48.1272 
episode: 543 count: 329 score: 194.2845 average_last200: 84.7710 epis: 0.0003 loss: 47.1398 
episode: 544 count: 406 score: 167.1818 average_last200: 85.8120 epis: 0.0003 loss: 48.4129 
episode: 545 count: 236 score: 222.1771 average_last200: 87.0430 epis: 0.0003 loss: 33.3053 
episode: 546 count: 138 score: 5.2560 average_last200: 87.2142 epis: 0.0003 loss: 12.7691 
episode: 547 count: 377 score: 174.2351 average_last200: 88.2051 epis: 0.0003 loss: 47.5866 
episode: 548 count: 225 score: 197.1402 average_last200: 88.1945 epis: 0.0002 loss: 28.4798 
episode: 549 count: 201 score: 247.1154 average_last200: 88.6834 epis: 0.0002 loss: 28.1483 
episode: 550 count: 643 score: 181.2343 average_last200: 90.0800 epis: 0.0002 loss: 92.8187 
episode: 551 count: 557 score: -75.9161 average_last200: 89.6660 epis: 0.0002 loss: 84.0918 
episode: 552 count: 416 score: 191.6402 average_last200: 90.5435 epis: 0.0002 loss: 53.6988 
episode: 553 count: 608 score: 175.9444 average_last200: 90.4459 epis: 0.0002 loss: 81.2146 
episode: 554 count: 307 score: 162.5197 average_last200: 91.6587 epis: 0.0002 loss: 41.5169 
episode: 555 count: 219 score: 253.9980 average_last200: 92.0167 epis: 0.0002 loss: 34.4165 
episode: 556 count: 101 score: -63.6167 average_last200: 92.4712 epis: 0.0002 loss: 14.6182 
episode: 557 count: 501 score: 179.8555 average_last200: 92.5134 epis: 0.0002 loss: 69.2176 
episode: 558 count: 646 score: 160.9051 average_last200: 93.6565 epis: 0.0002 loss: 80.9163 
episode: 559 count: 485 score: 172.9042 average_last200: 93.4618 epis: 0.0002 loss: 65.9303 
episode: 560 count: 290 score: 202.2130 average_last200: 93.5441 epis: 0.0002 loss: 41.5418 
episode: 561 count: 265 score: 221.3550 average_last200: 93.7339 epis: 0.0002 loss: 34.0272 
episode: 562 count: 252 score: -73.1074 average_last200: 93.8537 epis: 0.0002 loss: 33.4168 
episode: 563 count: 301 score: 212.6426 average_last200: 93.7968 epis: 0.0002 loss: 45.2399 
episode: 564 count: 280 score: 226.9105 average_last200: 93.9473 epis: 0.0002 loss: 31.1763 
episode: 565 count: 351 score: 196.1911 average_last200: 97.6544 epis: 0.0002 loss: 51.9971 
episode: 566 count: 292 score: 224.7158 average_last200: 97.9379 epis: 0.0002 loss: 40.2306 
episode: 567 count: 204 score: 261.1796 average_last200: 98.1046 epis: 0.0002 loss: 28.6614 
episode: 568 count: 563 score: 212.9645 average_last200: 99.1071 epis: 0.0002 loss: 77.7287 
episode: 569 count: 289 score: -55.9908 average_last200: 99.0030 epis: 0.0002 loss: 42.7510 
episode: 570 count: 276 score: -24.0211 average_last200: 98.0108 epis: 0.0002 loss: 31.8454 
episode: 571 count: 371 score: 222.6966 average_last200: 99.3028 epis: 0.0002 loss: 42.8033 
episode: 572 count: 420 score: 171.7921 average_last200: 99.2457 epis: 0.0002 loss: 48.2614 
episode: 573 count: 129 score: 22.3342 average_last200: 98.5835 epis: 0.0002 loss: 15.6614 
episode: 574 count: 318 score: 234.5734 average_last200: 98.6633 epis: 0.0002 loss: 38.3534 
episode: 575 count: 503 score: 209.1355 average_last200: 98.5158 epis: 0.0002 loss: 70.5663 
episode: 576 count: 981 score: 86.2635 average_last200: 98.0773 epis: 0.0002 loss: 137.3216 
episode: 577 count: 718 score: -76.2939 average_last200: 97.8051 epis: 0.0002 loss: 87.6127 
episode: 578 count: 321 score: 222.6066 average_last200: 97.7923 epis: 0.0002 loss: 43.2687 
episode: 579 count: 532 score: -39.4932 average_last200: 97.7639 epis: 0.0002 loss: 70.6925 
episode: 580 count: 80 score: -77.4902 average_last200: 96.2609 epis: 0.0002 loss: 9.7987 
episode: 581 count: 667 score: 150.8304 average_last200: 95.7769 epis: 0.0002 loss: 87.6289 
episode: 582 count: 219 score: 261.2114 average_last200: 95.8808 epis: 0.0001 loss: 32.3445 
episode: 583 count: 283 score: 205.8409 average_last200: 95.8733 epis: 0.0001 loss: 29.3314 
episode: 584 count: 931 score: 112.9224 average_last200: 97.8058 epis: 0.0001 loss: 146.6629 
episode: 585 count: 355 score: 193.2503 average_last200: 97.5991 epis: 0.0001 loss: 48.9641 
episode: 586 count: 399 score: 214.0975 average_last200: 97.6834 epis: 0.0001 loss: 57.9659 
episode: 587 count: 464 score: 172.4614 average_last200: 99.2173 epis: 0.0001 loss: 59.3597 
episode: 588 count: 735 score: 158.9946 average_last200: 99.0359 epis: 0.0001 loss: 87.7218 
episode: 589 count: 1000 score: -29.6685 average_last200: 99.4945 epis: 0.0001 loss: 120.6255 
episode: 590 count: 182 score: -29.5385 average_last200: 99.3241 epis: 0.0001 loss: 30.3453 
episode: 591 count: 1000 score: -61.1814 average_last200: 100.1071 epis: 0.0001 loss: 140.9785 
episode: 592 count: 1000 score: -67.3702 average_last200: 99.7751 epis: 0.0001 loss: 128.4881 
episode: 593 count: 158 score: 10.6620 average_last200: 100.3481 epis: 0.0001 loss: 28.1113 
episode: 594 count: 298 score: 187.6993 average_last200: 101.4670 epis: 0.0001 loss: 36.4367 
episode: 595 count: 803 score: 88.4406 average_last200: 102.1497 epis: 0.0001 loss: 110.8657 
episode: 596 count: 1000 score: -31.8529 average_last200: 102.1018 epis: 0.0001 loss: 119.0209 
episode: 597 count: 1000 score: -33.4112 average_last200: 102.0204 epis: 0.0001 loss: 129.1752 
episode: 598 count: 1000 score: -76.4553 average_last200: 101.7159 epis: 0.0001 loss: 123.0139 
episode: 599 count: 237 score: 219.4279 average_last200: 104.3208 epis: 0.0001 loss: 30.8875 
episode: 600 count: 1000 score: -21.5523 average_last200: 103.1406 epis: 0.0001 loss: 118.9371 
episode: 601 count: 1000 score: -32.0210 average_last200: 103.1235 epis: 0.0001 loss: 129.1945 
episode: 602 count: 256 score: 193.1088 average_last200: 102.9261 epis: 0.0001 loss: 31.6138 
episode: 603 count: 1000 score: -65.4447 average_last200: 101.5153 epis: 0.0001 loss: 120.8722 
episode: 604 count: 1000 score: -47.3054 average_last200: 101.1077 epis: 0.0001 loss: 118.7938 
episode: 605 count: 1000 score: -71.2309 average_last200: 100.9210 epis: 0.0001 loss: 143.0730 
episode: 606 count: 1000 score: -38.1907 average_last200: 100.8199 epis: 0.0001 loss: 123.6603 
episode: 607 count: 1000 score: -41.3760 average_last200: 100.7090 epis: 0.0001 loss: 114.8618 
episode: 608 count: 1000 score: -28.5652 average_last200: 101.5169 epis: 0.0001 loss: 123.6482 
episode: 609 count: 1000 score: -3.3632 average_last200: 102.6276 epis: 0.0001 loss: 118.9307 
episode: 610 count: 314 score: 251.6724 average_last200: 102.9113 epis: 0.0001 loss: 41.2076 
episode: 611 count: 141 score: -25.2571 average_last200: 103.8415 epis: 0.0001 loss: 17.1438 
episode: 612 count: 1000 score: -43.7261 average_last200: 103.7337 epis: 0.0001 loss: 118.3365 
episode: 613 count: 1000 score: -37.8035 average_last200: 103.5738 epis: 0.0001 loss: 110.1983 
episode: 614 count: 621 score: 146.4396 average_last200: 104.8764 epis: 0.0001 loss: 71.6745 
episode: 615 count: 1000 score: -47.4586 average_last200: 104.7977 epis: 0.0001 loss: 116.1076 
episode: 616 count: 305 score: 220.5815 average_last200: 104.8765 epis: 0.0001 loss: 36.3130 
episode: 617 count: 1000 score: -26.0714 average_last200: 104.9112 epis: 0.0001 loss: 114.5835 
episode: 618 count: 1000 score: -22.6458 average_last200: 105.5886 epis: 0.0001 loss: 131.0949 
episode: 619 count: 1000 score: -86.6997 average_last200: 104.1199 epis: 0.0001 loss: 120.8257 
episode: 620 count: 1000 score: -54.8833 average_last200: 102.7172 epis: 0.0001 loss: 121.6667 
episode: 621 count: 352 score: 199.2106 average_last200: 102.6319 epis: 0.0001 loss: 43.1161 
episode: 622 count: 1000 score: -50.8572 average_last200: 101.5441 epis: 0.0001 loss: 124.7680 
episode: 623 count: 738 score: 139.6498 average_last200: 102.2655 epis: 0.0001 loss: 76.2300 
episode: 624 count: 1000 score: -78.4387 average_last200: 100.7410 epis: 0.0001 loss: 118.6433 
episode: 625 count: 793 score: 146.5283 average_last200: 101.7040 epis: 0.0001 loss: 85.6374 
episode: 626 count: 137 score: -77.1864 average_last200: 100.4137 epis: 0.0001 loss: 16.3209 
episode: 627 count: 167 score: -60.2324 average_last200: 99.3435 epis: 0.0001 loss: 13.2519 
episode: 628 count: 1000 score: -74.6877 average_last200: 97.8200 epis: 0.0001 loss: 113.9198 
episode: 629 count: 398 score: 232.1591 average_last200: 98.0084 epis: 0.0001 loss: 45.4277 
episode: 630 count: 361 score: 192.8137 average_last200: 97.9108 epis: 0.0001 loss: 48.5333 
episode: 631 count: 1000 score: -65.6078 average_last200: 97.7353 epis: 0.0001 loss: 114.9319 
episode: 632 count: 856 score: 82.9895 average_last200: 96.9254 epis: 0.0001 loss: 96.3496 
episode: 633 count: 344 score: 229.9555 average_last200: 97.9595 epis: 0.0001 loss: 37.1110 
episode: 634 count: 394 score: 217.7135 average_last200: 97.8923 epis: 0.0001 loss: 37.9658 
episode: 635 count: 348 score: 190.2676 average_last200: 97.8515 epis: 0.0001 loss: 43.5316 
episode: 636 count: 601 score: 144.5005 average_last200: 98.9062 epis: 0.0001 loss: 71.7735 
episode: 637 count: 239 score: 241.2640 average_last200: 98.8936 epis: 0.0001 loss: 30.4126 
episode: 638 count: 1000 score: -34.4319 average_last200: 97.6040 epis: 0.0001 loss: 101.1443 
episode: 639 count: 1000 score: 95.3379 average_last200: 98.3570 epis: 0.0001 loss: 108.3959 
episode: 640 count: 1000 score: -60.9521 average_last200: 96.8378 epis: 0.0001 loss: 102.5073 
episode: 641 count: 223 score: 199.9408 average_last200: 96.8788 epis: 0.0001 loss: 22.5204 
episode: 642 count: 294 score: 197.4237 average_last200: 98.1176 epis: 0.0001 loss: 36.0265 
episode: 643 count: 216 score: 237.9523 average_last200: 99.2038 epis: 0.0001 loss: 20.7242 
episode: 644 count: 341 score: 178.9186 average_last200: 100.1498 epis: 0.0001 loss: 34.5891 
episode: 645 count: 736 score: 153.2219 average_last200: 100.8198 epis: 0.0001 loss: 87.2441 
episode: 646 count: 440 score: 165.9417 average_last200: 101.7569 epis: 0.0001 loss: 42.7728 
episode: 647 count: 413 score: 182.8754 average_last200: 101.4648 epis: 0.0001 loss: 46.4082 
episode: 648 count: 637 score: 128.8888 average_last200: 102.1082 epis: 0.0001 loss: 63.9335 
episode: 649 count: 565 score: 171.1565 average_last200: 101.9768 epis: 0.0001 loss: 56.8193 
episode: 650 count: 574 score: 213.4279 average_last200: 101.7655 epis: 0.0001 loss: 62.3405 
episode: 651 count: 492 score: 157.0144 average_last200: 101.4169 epis: 0.0001 loss: 50.9719 
episode: 652 count: 400 score: 165.6641 average_last200: 102.4070 epis: 0.0001 loss: 38.9678 
episode: 653 count: 843 score: 129.0298 average_last200: 102.9821 epis: 0.0001 loss: 102.5033 
episode: 654 count: 275 score: 222.7065 average_last200: 104.2265 epis: 0.0001 loss: 31.9512 
episode: 655 count: 463 score: 209.2457 average_last200: 105.3359 epis: 0.0000 loss: 50.4986 
episode: 656 count: 441 score: 147.1757 average_last200: 106.0747 epis: 0.0000 loss: 51.2704 
episode: 657 count: 460 score: 198.3697 average_last200: 105.8826 epis: 0.0000 loss: 55.9458 
episode: 658 count: 305 score: 242.1920 average_last200: 107.1681 epis: 0.0000 loss: 32.2394 
episode: 659 count: 1000 score: -60.1078 average_last200: 107.0487 epis: 0.0000 loss: 112.8588 
episode: 660 count: 1000 score: -59.2801 average_last200: 105.8946 epis: 0.0000 loss: 113.0949 
episode: 661 count: 1000 score: -68.9469 average_last200: 104.5253 epis: 0.0000 loss: 103.1551 
episode: 662 count: 658 score: 133.2603 average_last200: 105.1255 epis: 0.0000 loss: 72.8442 
episode: 663 count: 318 score: 206.3158 average_last200: 106.1247 epis: 0.0000 loss: 35.0549 
episode: 664 count: 296 score: 203.6635 average_last200: 107.1432 epis: 0.0000 loss: 39.2255 
episode: 665 count: 375 score: 198.2755 average_last200: 108.3463 epis: 0.0000 loss: 38.9222 
episode: 666 count: 283 score: 222.4300 average_last200: 109.5902 epis: 0.0000 loss: 24.6632 
episode: 667 count: 437 score: 217.0918 average_last200: 110.7793 epis: 0.0000 loss: 41.2319 
episode: 668 count: 370 score: 245.2416 average_last200: 110.7752 epis: 0.0000 loss: 35.8585 
episode: 669 count: 381 score: 198.8627 average_last200: 110.7184 epis: 0.0000 loss: 38.7515 
episode: 670 count: 315 score: 215.9062 average_last200: 112.0073 epis: 0.0000 loss: 29.7864 
episode: 671 count: 375 score: 225.7908 average_last200: 113.4645 epis: 0.0000 loss: 33.8269 
episode: 672 count: 471 score: 203.2518 average_last200: 114.6929 epis: 0.0000 loss: 47.9380 
episode: 673 count: 367 score: 226.7581 average_last200: 115.9754 epis: 0.0000 loss: 43.4678 
episode: 674 count: 319 score: 241.2787 average_last200: 115.9944 epis: 0.0000 loss: 34.8878 
episode: 675 count: 405 score: 195.1730 average_last200: 116.0467 epis: 0.0000 loss: 37.9748 
episode: 676 count: 1000 score: 5.0209 average_last200: 116.1537 epis: 0.0000 loss: 108.4018 
episode: 677 count: 271 score: 227.8644 average_last200: 117.5487 epis: 0.0000 loss: 24.0277 
episode: 678 count: 457 score: 218.3791 average_last200: 118.6801 epis: 0.0000 loss: 44.8780 
episode: 679 count: 289 score: 207.1261 average_last200: 119.7135 epis: 0.0000 loss: 27.7041 
episode: 680 count: 307 score: 212.9850 average_last200: 120.7682 epis: 0.0000 loss: 29.6474 
episode: 681 count: 350 score: 174.6856 average_last200: 121.5508 epis: 0.0000 loss: 35.1654 
episode: 682 count: 305 score: 197.9958 average_last200: 122.7173 epis: 0.0000 loss: 31.1764 
episode: 683 count: 264 score: 241.2204 average_last200: 122.8124 epis: 0.0000 loss: 25.8926 
episode: 684 count: 242 score: 215.5453 average_last200: 123.8839 epis: 0.0000 loss: 25.2505 
episode: 685 count: 430 score: 178.1882 average_last200: 124.8272 epis: 0.0000 loss: 35.6641 
episode: 686 count: 181 score: 262.5641 average_last200: 126.1590 epis: 0.0000 loss: 17.6600 
episode: 687 count: 309 score: 216.8819 average_last200: 127.2574 epis: 0.0000 loss: 26.0412 
episode: 688 count: 261 score: 236.8572 average_last200: 127.3965 epis: 0.0000 loss: 26.2379 
episode: 689 count: 358 score: 207.0159 average_last200: 128.5892 epis: 0.0000 loss: 29.2100 
episode: 690 count: 274 score: 231.1136 average_last200: 128.5725 epis: 0.0000 loss: 31.7681 
episode: 691 count: 364 score: 218.2848 average_last200: 129.6750 epis: 0.0000 loss: 31.0883 
episode: 692 count: 375 score: 190.6734 average_last200: 130.9970 epis: 0.0000 loss: 38.5179 
episode: 693 count: 282 score: 216.1002 average_last200: 131.1073 epis: 0.0000 loss: 25.1184 
episode: 694 count: 371 score: 186.3246 average_last200: 130.9364 epis: 0.0000 loss: 31.3609 
episode: 695 count: 378 score: 222.3613 average_last200: 131.1229 epis: 0.0000 loss: 30.1034 
episode: 696 count: 304 score: 225.4482 average_last200: 131.2379 epis: 0.0000 loss: 36.4695 
episode: 697 count: 321 score: 226.9570 average_last200: 132.6055 epis: 0.0000 loss: 31.6160 
episode: 698 count: 326 score: 225.4091 average_last200: 132.8147 epis: 0.0000 loss: 22.9869 
episode: 699 count: 306 score: 224.3108 average_last200: 132.7485 epis: 0.0000 loss: 32.8615 
episode: 700 count: 264 score: 236.2302 average_last200: 132.9529 epis: 0.0000 loss: 29.1354 
episode: 701 count: 576 score: 195.5765 average_last200: 133.0119 epis: 0.0000 loss: 57.4797 
episode: 702 count: 268 score: 222.6654 average_last200: 134.1259 epis: 0.0000 loss: 23.7058 
episode: 703 count: 533 score: 159.9490 average_last200: 133.7454 epis: 0.0000 loss: 45.4469 
episode: 704 count: 385 score: 192.1687 average_last200: 133.7755 epis: 0.0000 loss: 31.9737 
episode: 705 count: 289 score: 236.3220 average_last200: 133.9477 epis: 0.0000 loss: 25.6590 
episode: 706 count: 284 score: 215.4634 average_last200: 134.0812 epis: 0.0000 loss: 24.7932 
episode: 707 count: 480 score: 151.9478 average_last200: 135.0292 epis: 0.0000 loss: 48.2562 
episode: 708 count: 306 score: 213.9896 average_last200: 135.0393 epis: 0.0000 loss: 30.8501 
episode: 709 count: 285 score: 218.5750 average_last200: 135.0545 epis: 0.0000 loss: 26.7242 
episode: 710 count: 865 score: 126.0288 average_last200: 134.7302 epis: 0.0000 loss: 81.3527 
episode: 711 count: 845 score: 76.7021 average_last200: 134.1277 epis: 0.0000 loss: 86.3815 
episode: 712 count: 790 score: 157.7759 average_last200: 133.6077 epis: 0.0000 loss: 73.0070 
episode: 713 count: 481 score: 196.9155 average_last200: 133.3011 epis: 0.0000 loss: 50.4845 
episode: 714 count: 383 score: 227.3330 average_last200: 133.6070 epis: 0.0000 loss: 35.5401 
episode: 715 count: 266 score: 208.8152 average_last200: 133.6404 epis: 0.0000 loss: 25.1817 
episode: 716 count: 313 score: 233.7200 average_last200: 135.0564 epis: 0.0000 loss: 34.4874 
episode: 717 count: 801 score: 140.1042 average_last200: 134.6482 epis: 0.0000 loss: 82.3872 
episode: 718 count: 315 score: 202.2507 average_last200: 134.7319 epis: 0.0000 loss: 24.9948 
episode: 719 count: 665 score: 190.8273 average_last200: 134.8404 epis: 0.0000 loss: 69.0879 
episode: 720 count: 286 score: 246.2770 average_last200: 135.1651 epis: 0.0000 loss: 29.4367 
episode: 721 count: 379 score: 213.4443 average_last200: 135.1693 epis: 0.0000 loss: 35.1104 
episode: 722 count: 265 score: 239.7419 average_last200: 135.2304 epis: 0.0000 loss: 25.5492 
episode: 723 count: 201 score: 217.3683 average_last200: 135.0375 epis: 0.0000 loss: 16.8577 
episode: 724 count: 354 score: 173.1376 average_last200: 135.0494 epis: 0.0000 loss: 27.9726 
episode: 725 count: 308 score: 217.7671 average_last200: 136.4186 epis: 0.0000 loss: 20.9936 
episode: 726 count: 95 score: 2.6656 average_last200: 135.2591 epis: 0.0000 loss: 9.0023 
episode: 727 count: 400 score: 193.7381 average_last200: 136.5209 epis: 0.0000 loss: 30.9612 
episode: 728 count: 264 score: 234.3718 average_last200: 136.5184 epis: 0.0000 loss: 24.9539 
episode: 729 count: 251 score: 227.7396 average_last200: 136.4575 epis: 0.0000 loss: 21.1090 
episode: 730 count: 358 score: 199.7072 average_last200: 136.4333 epis: 0.0000 loss: 35.8658 
episode: 731 count: 391 score: 225.8559 average_last200: 137.6993 epis: 0.0000 loss: 34.0036 
episode: 732 count: 112 score: -12.8656 average_last200: 136.6879 epis: 0.0000 loss: 8.7120 
episode: 733 count: 243 score: 228.1397 average_last200: 136.9808 epis: 0.0000 loss: 19.6813 
episode: 734 count: 1000 score: 81.0772 average_last200: 136.4196 epis: 0.0000 loss: 90.2790 
episode: 735 count: 164 score: 25.4765 average_last200: 135.5031 epis: 0.0000 loss: 18.7962 
episode: 736 count: 389 score: 234.0625 average_last200: 135.5945 epis: 0.0000 loss: 44.9455 
episode: 737 count: 193 score: 24.1587 average_last200: 134.6348 epis: 0.0000 loss: 20.0173 
episode: 738 count: 572 score: 156.9273 average_last200: 134.5622 epis: 0.0000 loss: 60.6465 
episode: 739 count: 339 score: 218.4456 average_last200: 134.5082 epis: 0.0000 loss: 25.3538 
episode: 740 count: 395 score: 203.1036 average_last200: 135.4295 epis: 0.0000 loss: 31.1595 
episode: 741 count: 322 score: 217.2140 average_last200: 136.5378 epis: 0.0000 loss: 34.4585 
episode: 742 count: 362 score: 209.2268 average_last200: 136.4908 epis: 0.0000 loss: 34.0570 
episode: 743 count: 631 score: 182.4049 average_last200: 136.4314 epis: 0.0000 loss: 62.2030 
episode: 744 count: 337 score: 195.6267 average_last200: 136.5736 epis: 0.0000 loss: 31.3625 
episode: 745 count: 364 score: 207.6504 average_last200: 136.5010 epis: 0.0000 loss: 44.3627 
episode: 746 count: 467 score: 222.9868 average_last200: 137.5897 epis: 0.0000 loss: 45.0716 
episode: 747 count: 419 score: 180.8429 average_last200: 137.6227 epis: 0.0000 loss: 36.7783 
episode: 748 count: 400 score: 241.5497 average_last200: 137.8448 epis: 0.0000 loss: 38.0222 
episode: 749 count: 314 score: 201.9558 average_last200: 137.6190 epis: 0.0000 loss: 18.6121 
episode: 750 count: 284 score: 244.7254 average_last200: 137.9364 epis: 0.0000 loss: 20.1547 
episode: 751 count: 532 score: 206.3879 average_last200: 139.3479 epis: 0.0000 loss: 51.3197 
episode: 752 count: 487 score: 220.3903 average_last200: 139.4917 epis: 0.0000 loss: 44.9411 
episode: 753 count: 360 score: 225.4941 average_last200: 139.7394 epis: 0.0000 loss: 29.2892 
episode: 754 count: 302 score: 260.2392 average_last200: 140.2280 epis: 0.0000 loss: 26.3536 
episode: 755 count: 680 score: 151.2650 average_last200: 139.7144 epis: 0.0000 loss: 63.0045 
episode: 756 count: 200 score: 265.9646 average_last200: 141.3623 epis: 0.0000 loss: 16.9967 
episode: 757 count: 646 score: 169.5185 average_last200: 141.3106 epis: 0.0000 loss: 65.1485 
episode: 758 count: 357 score: 201.2511 average_last200: 141.5123 epis: 0.0000 loss: 27.1281 
episode: 759 count: 684 score: 155.1832 average_last200: 141.4237 epis: 0.0000 loss: 56.5239 
episode: 760 count: 310 score: 195.5744 average_last200: 141.3905 epis: 0.0000 loss: 30.0027 
episode: 761 count: 307 score: 210.7549 average_last200: 141.3375 epis: 0.0000 loss: 33.8359 
episode: 762 count: 372 score: 213.2817 average_last200: 142.7695 epis: 0.0000 loss: 33.8866 
episode: 763 count: 227 score: 254.5483 average_last200: 142.9790 epis: 0.0000 loss: 22.9486 
episode: 764 count: 1000 score: -15.3153 average_last200: 141.7679 epis: 0.0000 loss: 90.4406 
episode: 765 count: 380 score: 197.4275 average_last200: 141.7740 epis: 0.0000 loss: 31.0891 
episode: 766 count: 241 score: 226.3862 average_last200: 141.7824 epis: 0.0000 loss: 26.0631 
episode: 767 count: 279 score: 191.1565 average_last200: 141.4323 epis: 0.0000 loss: 22.5042 
episode: 768 count: 262 score: 232.4843 average_last200: 141.5299 epis: 0.0000 loss: 20.9619 
episode: 769 count: 643 score: 187.3524 average_last200: 142.7466 epis: 0.0000 loss: 60.2305 
episode: 770 count: 310 score: 214.0011 average_last200: 143.9367 epis: 0.0000 loss: 26.2932 
episode: 771 count: 519 score: 135.6118 average_last200: 143.5013 epis: 0.0000 loss: 43.7082 
episode: 772 count: 627 score: 151.4713 average_last200: 143.3997 epis: 0.0000 loss: 52.3131 
episode: 773 count: 1000 score: 60.5670 average_last200: 143.5908 epis: 0.0000 loss: 86.3047 
episode: 774 count: 774 score: 159.3933 average_last200: 143.2149 epis: 0.0000 loss: 67.3588 
episode: 775 count: 395 score: 189.8324 average_last200: 143.1184 epis: 0.0000 loss: 35.9113 
episode: 776 count: 298 score: 221.7930 average_last200: 143.7961 epis: 0.0000 loss: 31.5460 
episode: 777 count: 327 score: 234.2688 average_last200: 145.3489 epis: 0.0000 loss: 29.3468 
episode: 778 count: 696 score: -160.0560 average_last200: 143.4356 epis: 0.0000 loss: 69.1157 
episode: 779 count: 312 score: 239.3245 average_last200: 144.8297 epis: 0.0000 loss: 25.3063 
episode: 780 count: 261 score: 233.5922 average_last200: 146.3851 epis: 0.0000 loss: 26.5982 
episode: 781 count: 456 score: 222.2951 average_last200: 146.7424 epis: 0.0000 loss: 38.5011 
episode: 782 count: 165 score: 12.3271 average_last200: 145.4980 epis: 0.0000 loss: 14.2943 
episode: 783 count: 527 score: 236.7592 average_last200: 145.6526 epis: 0.0000 loss: 55.3779 
episode: 784 count: 238 score: 13.6606 average_last200: 145.1563 epis: 0.0000 loss: 24.2036 
episode: 785 count: 244 score: -33.0948 average_last200: 144.0245 epis: 0.0000 loss: 24.7126 
episode: 786 count: 269 score: 192.5423 average_last200: 143.9168 epis: 0.0000 loss: 27.3448 
episode: 787 count: 213 score: 2.0657 average_last200: 143.0648 epis: 0.0000 loss: 19.2871 
episode: 788 count: 231 score: -12.0995 average_last200: 142.2093 epis: 0.0000 loss: 23.8409 
episode: 789 count: 266 score: 218.1386 average_last200: 143.4483 epis: 0.0000 loss: 21.5370 
episode: 790 count: 249 score: 226.7893 average_last200: 144.7300 epis: 0.0000 loss: 24.1501 
episode: 791 count: 415 score: 221.9995 average_last200: 146.1459 epis: 0.0000 loss: 38.8771 
episode: 792 count: 212 score: 260.2894 average_last200: 147.7842 epis: 0.0000 loss: 17.7120 
episode: 793 count: 895 score: 109.3972 average_last200: 148.2779 epis: 0.0000 loss: 77.1670 
episode: 794 count: 388 score: 221.8658 average_last200: 148.4487 epis: 0.0000 loss: 36.0924 
episode: 795 count: 504 score: 229.0547 average_last200: 149.1518 epis: 0.0000 loss: 50.5736 
episode: 796 count: 291 score: 221.6375 average_last200: 150.4192 epis: 0.0000 loss: 29.3172 
episode: 797 count: 450 score: 157.2759 average_last200: 151.3727 epis: 0.0000 loss: 38.5991 
episode: 798 count: 253 score: 205.0519 average_last200: 152.7802 epis: 0.0000 loss: 25.4113 
episode: 799 count: 480 score: 199.0713 average_last200: 152.6784 epis: 0.0000 loss: 55.0576 
episode: 800 count: 272 score: 225.8490 average_last200: 153.9154 epis: 0.0000 loss: 24.7171 
episode: 801 count: 460 score: 189.4034 average_last200: 155.0225 epis: 0.0000 loss: 39.9760 
episode: 802 count: 264 score: 200.2103 average_last200: 155.0580 epis: 0.0000 loss: 23.4099 
episode: 803 count: 299 score: 190.6729 average_last200: 156.3386 epis: 0.0000 loss: 29.8251 
episode: 804 count: 257 score: 201.0935 average_last200: 157.5806 epis: 0.0000 loss: 23.2543 
episode: 805 count: 565 score: 248.8091 average_last200: 159.1808 epis: 0.0000 loss: 50.9726 
episode: 806 count: 158 score: 1.5517 average_last200: 159.3795 epis: 0.0000 loss: 21.8853 
episode: 807 count: 652 score: 225.7103 average_last200: 160.7150 epis: 0.0000 loss: 63.3391 
episode: 808 count: 271 score: 219.6736 average_last200: 161.9562 epis: 0.0000 loss: 26.4215 
episode: 809 count: 279 score: 256.8842 average_last200: 163.2574 epis: 0.0000 loss: 25.3272 
episode: 810 count: 135 score: 10.6180 average_last200: 162.0521 epis: 0.0000 loss: 15.7221 
episode: 811 count: 178 score: 220.8981 average_last200: 163.2829 epis: 0.0000 loss: 13.7051 
episode: 812 count: 224 score: 236.0397 average_last200: 164.6817 epis: 0.0000 loss: 24.6143 
episode: 813 count: 905 score: 72.4220 average_last200: 165.2329 epis: 0.0000 loss: 83.9079 
episode: 814 count: 242 score: 231.0891 average_last200: 165.6561 epis: 0.0000 loss: 22.5877 
episode: 815 count: 273 score: 198.1458 average_last200: 166.8841 epis: 0.0000 loss: 24.9515 
episode: 816 count: 228 score: 222.3494 average_last200: 166.8930 epis: 0.0000 loss: 21.0542 
episode: 817 count: 324 score: 251.5792 average_last200: 168.2812 epis: 0.0000 loss: 36.5768 
episode: 818 count: 190 score: -7.4657 average_last200: 168.3571 epis: 0.0000 loss: 19.0996 
episode: 819 count: 397 score: 224.7349 average_last200: 169.9143 epis: 0.0000 loss: 36.1866 
episode: 820 count: 356 score: 187.5045 average_last200: 171.1262 epis: 0.0000 loss: 33.8329 
episode: 821 count: 233 score: 225.9814 average_last200: 171.2601 epis: 0.0000 loss: 18.3506 
episode: 822 count: 352 score: 197.7092 average_last200: 172.5029 epis: 0.0000 loss: 37.7035 
episode: 823 count: 295 score: 222.3662 average_last200: 172.9165 epis: 0.0000 loss: 33.1057 
episode: 824 count: 115 score: -340.5413 average_last200: 171.6060 epis: 0.0000 loss: 8.1378 
episode: 825 count: 431 score: 152.2958 average_last200: 171.6348 epis: 0.0000 loss: 35.6994 
episode: 826 count: 532 score: 165.0389 average_last200: 172.8460 epis: 0.0000 loss: 49.9293 
episode: 827 count: 338 score: 209.7423 average_last200: 174.1958 epis: 0.0000 loss: 30.4106 
episode: 828 count: 259 score: 216.0784 average_last200: 175.6497 epis: 0.0000 loss: 30.1094 
episode: 829 count: 332 score: 200.5600 average_last200: 175.4917 epis: 0.0000 loss: 33.3232 
episode: 830 count: 227 score: 244.9275 average_last200: 175.7522 epis: 0.0000 loss: 24.0338 
episode: 831 count: 560 score: 174.4058 average_last200: 176.9523 epis: 0.0000 loss: 65.0723 
episode: 832 count: 353 score: 162.6692 average_last200: 177.3507 epis: 0.0000 loss: 39.7708 
episode: 833 count: 464 score: 224.5555 average_last200: 177.3237 epis: 0.0000 loss: 48.6176 
episode: 834 count: 388 score: 220.7094 average_last200: 177.3387 epis: 0.0000 loss: 42.1825 
episode: 835 count: 391 score: 223.7325 average_last200: 177.5060 epis: 0.0000 loss: 49.7659 
episode: 836 count: 1000 score: -20.0201 average_last200: 176.6834 epis: 0.0000 loss: 108.9663 
episode: 837 count: 350 score: 208.3084 average_last200: 176.5186 epis: 0.0000 loss: 38.0482 
episode: 838 count: 241 score: 223.2796 average_last200: 177.8072 epis: 0.0000 loss: 27.3595 
episode: 839 count: 475 score: 164.9091 average_last200: 178.1550 epis: 0.0000 loss: 52.7198 
episode: 840 count: 562 score: 194.1606 average_last200: 179.4306 epis: 0.0000 loss: 58.9568 
episode: 841 count: 665 score: -184.9042 average_last200: 177.5064 epis: 0.0000 loss: 61.7034 
episode: 842 count: 348 score: 203.0059 average_last200: 177.5343 epis: 0.0000 loss: 32.3092 
episode: 843 count: 706 score: 147.2329 average_last200: 177.0807 epis: 0.0000 loss: 72.6759 
episode: 844 count: 578 score: 139.2412 average_last200: 176.8823 epis: 0.0000 loss: 61.5473 
episode: 845 count: 747 score: 125.0666 average_last200: 176.7415 epis: 0.0000 loss: 81.1079 
episode: 846 count: 1000 score: -64.4000 average_last200: 175.5898 epis: 0.0000 loss: 113.0271 
episode: 847 count: 735 score: 124.2428 average_last200: 175.2967 epis: 0.0000 loss: 83.2221 
episode: 848 count: 586 score: 164.9400 average_last200: 175.4769 epis: 0.0000 loss: 57.4245 
episode: 849 count: 967 score: 116.1824 average_last200: 175.2020 epis: 0.0000 loss: 102.1630 
episode: 850 count: 364 score: 210.9514 average_last200: 175.1897 epis: 0.0000 loss: 43.1099 
episode: 851 count: 380 score: 228.8845 average_last200: 175.5490 epis: 0.0000 loss: 38.8925 
episode: 852 count: 304 score: 240.6038 average_last200: 175.9237 epis: 0.0000 loss: 38.2882 
episode: 853 count: 257 score: 223.7945 average_last200: 176.3975 epis: 0.0000 loss: 32.0471 
episode: 854 count: 918 score: 114.0335 average_last200: 175.8542 epis: 0.0000 loss: 95.2924 
episode: 855 count: 276 score: 203.1816 average_last200: 175.8238 epis: 0.0000 loss: 36.3158 
episode: 856 count: 518 score: 143.1987 average_last200: 175.8040 epis: 0.0000 loss: 46.7244 
episode: 857 count: 477 score: 192.0689 average_last200: 175.7725 epis: 0.0000 loss: 65.5332 
episode: 858 count: 217 score: 238.4808 average_last200: 175.7539 epis: 0.0000 loss: 23.5852 
episode: 859 count: 521 score: 242.8525 average_last200: 177.2687 epis: 0.0000 loss: 55.5634 
episode: 860 count: 623 score: 194.4483 average_last200: 178.5373 epis: 0.0000 loss: 64.9370 
episode: 861 count: 298 score: 173.1594 average_last200: 179.7479 epis: 0.0000 loss: 33.9077 
episode: 862 count: 297 score: -36.0680 average_last200: 178.9012 epis: 0.0000 loss: 33.2272 
episode: 863 count: 372 score: 175.8933 average_last200: 178.7491 epis: 0.0000 loss: 46.9914 
episode: 864 count: 614 score: 143.7226 average_last200: 178.4494 epis: 0.0000 loss: 58.6935 
episode: 865 count: 343 score: 235.9645 average_last200: 178.6379 epis: 0.0000 loss: 36.3386 
episode: 866 count: 365 score: 221.5622 average_last200: 178.6335 epis: 0.0000 loss: 38.8078 
episode: 867 count: 169 score: -10.8338 average_last200: 177.4939 epis: 0.0000 loss: 17.0053 
episode: 868 count: 888 score: 174.5342 average_last200: 177.1404 epis: 0.0000 loss: 93.4878 
episode: 869 count: 366 score: 190.9875 average_last200: 177.1010 epis: 0.0000 loss: 51.0294 
episode: 870 count: 658 score: 130.7978 average_last200: 176.6754 epis: 0.0000 loss: 75.2116 
episode: 871 count: 267 score: 259.7468 average_last200: 176.8452 epis: 0.0000 loss: 29.4879 
episode: 872 count: 426 score: 173.3889 average_last200: 176.6959 epis: 0.0000 loss: 46.8620 
episode: 873 count: 324 score: 238.2893 average_last200: 176.7536 epis: 0.0000 loss: 38.0222 
episode: 874 count: 275 score: 261.3978 average_last200: 176.8542 epis: 0.0000 loss: 30.8115 
episode: 875 count: 317 score: 217.6210 average_last200: 176.9664 epis: 0.0000 loss: 32.8596 
episode: 876 count: 276 score: 219.4826 average_last200: 178.0387 epis: 0.0000 loss: 38.6158 
episode: 877 count: 720 score: 161.7422 average_last200: 177.7081 epis: 0.0000 loss: 70.8849 
episode: 878 count: 196 score: 4.2045 average_last200: 176.6372 epis: 0.0000 loss: 22.8735 
episode: 879 count: 263 score: 185.7011 average_last200: 176.5301 epis: 0.0000 loss: 30.4617 
episode: 880 count: 393 score: 206.3851 average_last200: 176.4971 epis: 0.0000 loss: 42.2355 
episode: 881 count: 342 score: 214.2846 average_last200: 176.6951 epis: 0.0000 loss: 40.0676 
episode: 882 count: 257 score: -24.4702 average_last200: 175.5828 epis: 0.0000 loss: 27.4920 
episode: 883 count: 280 score: 218.3800 average_last200: 175.4686 epis: 0.0000 loss: 30.8796 
episode: 884 count: 169 score: -5.0503 average_last200: 174.3656 epis: 0.0000 loss: 21.3392 
episode: 885 count: 779 score: 168.7019 average_last200: 174.3181 epis: 0.0000 loss: 87.5654 
episode: 886 count: 583 score: -46.0494 average_last200: 172.7751 epis: 0.0000 loss: 64.7791 
episode: 887 count: 422 score: 230.3962 average_last200: 172.8427 epis: 0.0000 loss: 40.4361 
episode: 888 count: 406 score: 222.0075 average_last200: 172.7684 epis: 0.0000 loss: 46.5281 
episode: 889 count: 604 score: -32.1980 average_last200: 171.5723 epis: 0.0000 loss: 75.7901 
episode: 890 count: 1000 score: 82.3918 average_last200: 170.8287 epis: 0.0000 loss: 108.7762 
episode: 891 count: 414 score: 199.9513 average_last200: 170.7371 epis: 0.0000 loss: 45.0869 
episode: 892 count: 355 score: 233.7361 average_last200: 170.9524 epis: 0.0000 loss: 45.6562 
episode: 893 count: 292 score: 218.6758 average_last200: 170.9652 epis: 0.0000 loss: 29.3408 
episode: 894 count: 400 score: 199.3620 average_last200: 171.0304 epis: 0.0000 loss: 49.0803 
episode: 895 count: 193 score: 33.5374 average_last200: 170.0863 epis: 0.0000 loss: 23.0956 
episode: 896 count: 150 score: -22.6737 average_last200: 168.8457 epis: 0.0000 loss: 15.8204 
episode: 897 count: 168 score: 17.6501 average_last200: 167.7992 epis: 0.0000 loss: 18.5905 
episode: 898 count: 280 score: 201.4680 average_last200: 167.6795 epis: 0.0000 loss: 25.8593 
episode: 899 count: 333 score: 182.5938 average_last200: 167.4709 epis: 0.0000 loss: 38.2658 
episode: 900 count: 356 score: 217.8009 average_last200: 167.3787 epis: 0.0000 loss: 47.7248 
episode: 901 count: 197 score: 206.6244 average_last200: 167.4340 epis: 0.0000 loss: 22.5749 
episode: 902 count: 432 score: 196.5920 average_last200: 167.3036 epis: 0.0000 loss: 39.0881 
episode: 903 count: 385 score: 217.5850 average_last200: 167.5918 epis: 0.0000 loss: 40.2750 
episode: 904 count: 309 score: 210.2757 average_last200: 167.6823 epis: 0.0000 loss: 30.0426 
episode: 905 count: 367 score: 252.5501 average_last200: 167.7635 epis: 0.0000 loss: 44.5308 
episode: 906 count: 478 score: 206.0665 average_last200: 167.7165 epis: 0.0000 loss: 46.2141 
episode: 907 count: 165 score: -3.3684 average_last200: 166.9399 epis: 0.0000 loss: 26.8909 
episode: 908 count: 344 score: 238.7980 average_last200: 167.0639 epis: 0.0000 loss: 40.5303 
episode: 909 count: 242 score: 245.4480 average_last200: 167.1983 epis: 0.0000 loss: 31.4245 
episode: 910 count: 289 score: 213.6251 average_last200: 167.6363 epis: 0.0000 loss: 34.1772 
episode: 911 count: 202 score: 254.9858 average_last200: 168.5277 epis: 0.0000 loss: 23.1529 
episode: 912 count: 166 score: -13.3998 average_last200: 167.6718 epis: 0.0000 loss: 15.4869 
episode: 913 count: 325 score: 235.4969 average_last200: 167.8647 epis: 0.0000 loss: 36.9447 
episode: 914 count: 360 score: 237.1734 average_last200: 167.9139 epis: 0.0000 loss: 42.0344 
episode: 915 count: 267 score: 224.9752 average_last200: 167.9947 epis: 0.0000 loss: 37.9785 
episode: 916 count: 220 score: 227.4964 average_last200: 167.9636 epis: 0.0000 loss: 31.6599 
episode: 917 count: 211 score: 3.3584 average_last200: 167.2799 epis: 0.0000 loss: 19.2206 
episode: 918 count: 261 score: 237.6050 average_last200: 167.4567 epis: 0.0000 loss: 25.5464 
episode: 919 count: 130 score: 20.9521 average_last200: 166.6073 epis: 0.0000 loss: 17.9445 
episode: 920 count: 151 score: 2.1496 average_last200: 165.3866 epis: 0.0000 loss: 12.5376 
episode: 921 count: 211 score: 222.3772 average_last200: 165.4313 epis: 0.0000 loss: 18.4145 
episode: 922 count: 129 score: 27.1045 average_last200: 164.3681 epis: 0.0000 loss: 18.2788 
episode: 923 count: 642 score: 193.9807 average_last200: 164.2512 epis: 0.0000 loss: 78.6368 
episode: 924 count: 112 score: -221.0669 average_last200: 162.2802 epis: 0.0000 loss: 14.5714 
episode: 925 count: 485 score: 224.3124 average_last200: 162.3129 epis: 0.0000 loss: 50.5973 
episode: 926 count: 602 score: 161.0358 average_last200: 163.1047 epis: 0.0000 loss: 72.2196 
episode: 927 count: 164 score: 5.3558 average_last200: 162.1628 epis: 0.0000 loss: 20.1596 
episode: 928 count: 490 score: 193.8078 average_last200: 161.9600 epis: 0.0000 loss: 67.2644 
episode: 929 count: 394 score: 200.7419 average_last200: 161.8250 epis: 0.0000 loss: 49.8462 
episode: 930 count: 278 score: 195.9095 average_last200: 161.8060 epis: 0.0000 loss: 30.5435 
episode: 931 count: 177 score: -6.1287 average_last200: 160.6461 epis: 0.0000 loss: 22.0877 
episode: 932 count: 267 score: 207.0384 average_last200: 161.7456 epis: 0.0000 loss: 31.2639 
episode: 933 count: 385 score: 169.2481 average_last200: 161.4512 epis: 0.0000 loss: 40.6563 
episode: 934 count: 301 score: -3.6148 average_last200: 161.0277 epis: 0.0000 loss: 36.2114 
episode: 935 count: 208 score: 277.7958 average_last200: 162.2893 epis: 0.0000 loss: 25.4498 
episode: 936 count: 163 score: 11.6181 average_last200: 161.1771 epis: 0.0000 loss: 23.1437 
episode: 937 count: 758 score: 159.2514 average_last200: 161.8525 epis: 0.0000 loss: 86.0554 
episode: 938 count: 273 score: 203.9790 average_last200: 162.0878 epis: 0.0000 loss: 33.6706 
episode: 939 count: 197 score: 262.2387 average_last200: 162.3068 epis: 0.0000 loss: 27.3050 
episode: 940 count: 146 score: -15.3180 average_last200: 161.2147 epis: 0.0000 loss: 13.7443 
episode: 941 count: 245 score: -17.9420 average_last200: 160.0389 epis: 0.0000 loss: 28.7427 
episode: 942 count: 351 score: 237.5048 average_last200: 160.1803 epis: 0.0000 loss: 45.9729 
episode: 943 count: 225 score: 196.8091 average_last200: 160.2523 epis: 0.0000 loss: 24.7516 
episode: 944 count: 252 score: -29.2982 average_last200: 159.1277 epis: 0.0000 loss: 25.5330 
episode: 945 count: 80 score: -66.8733 average_last200: 157.7551 epis: 0.0000 loss: 9.6349 
episode: 946 count: 340 score: 218.7735 average_last200: 157.7340 epis: 0.0000 loss: 36.5114 
episode: 947 count: 390 score: 204.2463 average_last200: 157.8510 epis: 0.0000 loss: 46.3096 
episode: 948 count: 216 score: 248.9912 average_last200: 157.8882 epis: 0.0000 loss: 27.4478 
episode: 949 count: 199 score: 2.6413 average_last200: 156.8916 epis: 0.0000 loss: 25.9152 
episode: 950 count: 159 score: -15.9804 average_last200: 155.5881 epis: 0.0000 loss: 21.9567 
episode: 951 count: 231 score: 215.8432 average_last200: 155.6354 epis: 0.0000 loss: 26.4460 
episode: 952 count: 151 score: 16.9770 average_last200: 154.6183 epis: 0.0000 loss: 13.4540 
episode: 953 count: 329 score: -24.1623 average_last200: 153.3700 epis: 0.0000 loss: 43.6806 
episode: 954 count: 281 score: 206.6098 average_last200: 153.1019 epis: 0.0000 loss: 30.3474 
episode: 955 count: 436 score: 220.5437 average_last200: 153.4483 epis: 0.0000 loss: 64.5968 
episode: 956 count: 268 score: 208.9205 average_last200: 153.1631 epis: 0.0000 loss: 37.8996 
episode: 957 count: 207 score: 248.0628 average_last200: 153.5558 epis: 0.0000 loss: 21.7404 
episode: 958 count: 145 score: -20.0112 average_last200: 152.4495 epis: 0.0000 loss: 18.0592 
episode: 959 count: 221 score: 1.0059 average_last200: 151.6786 epis: 0.0000 loss: 28.7535 
episode: 960 count: 515 score: 198.2443 average_last200: 151.6919 epis: 0.0000 loss: 67.4970 
episode: 961 count: 126 score: 3.2581 average_last200: 150.6545 epis: 0.0000 loss: 12.8585 
episode: 962 count: 194 score: 212.6603 average_last200: 150.6513 epis: 0.0000 loss: 25.3083 
episode: 963 count: 389 score: 191.4128 average_last200: 150.3357 epis: 0.0000 loss: 47.7890 
episode: 964 count: 139 score: -238.0957 average_last200: 149.2218 epis: 0.0000 loss: 16.1009 
episode: 965 count: 190 score: -8.0358 average_last200: 148.1944 epis: 0.0000 loss: 31.4458 
episode: 966 count: 274 score: 218.8579 average_last200: 148.1568 epis: 0.0000 loss: 35.8793 
episode: 967 count: 160 score: 20.8686 average_last200: 147.3054 epis: 0.0000 loss: 16.9917 
episode: 968 count: 256 score: 2.7491 average_last200: 146.1567 epis: 0.0000 loss: 38.0098 
episode: 969 count: 237 score: 40.1904 average_last200: 145.4209 epis: 0.0000 loss: 27.4937 
episode: 970 count: 362 score: 223.3101 average_last200: 145.4674 epis: 0.0000 loss: 43.5066 
episode: 971 count: 483 score: 231.0701 average_last200: 145.9447 epis: 0.0000 loss: 55.5002 
episode: 972 count: 232 score: 266.3205 average_last200: 146.5190 epis: 0.0000 loss: 22.0111 
episode: 973 count: 196 score: 27.9752 average_last200: 146.3560 epis: 0.0000 loss: 28.6389 
episode: 974 count: 190 score: 250.2889 average_last200: 146.8105 epis: 0.0000 loss: 25.2088 
episode: 975 count: 150 score: -1.5263 average_last200: 145.8537 epis: 0.0000 loss: 19.5835 
episode: 976 count: 273 score: 228.6997 average_last200: 145.8882 epis: 0.0000 loss: 33.8931 
episode: 977 count: 194 score: 208.3958 average_last200: 145.7589 epis: 0.0000 loss: 22.1483 
episode: 978 count: 225 score: 246.6039 average_last200: 147.7922 epis: 0.0000 loss: 27.2130 
episode: 979 count: 240 score: 239.3004 average_last200: 147.7920 epis: 0.0000 loss: 26.7470 
episode: 980 count: 426 score: 190.0680 average_last200: 147.5744 epis: 0.0000 loss: 48.4125 
episode: 981 count: 334 score: -42.0058 average_last200: 146.2529 epis: 0.0000 loss: 46.5961 
episode: 982 count: 171 score: 10.4383 average_last200: 146.2435 epis: 0.0000 loss: 23.7009 
episode: 983 count: 422 score: 222.1850 average_last200: 146.1706 epis: 0.0000 loss: 49.8868 
episode: 984 count: 156 score: 12.4963 average_last200: 146.1648 epis: 0.0000 loss: 19.5459 
episode: 985 count: 177 score: -42.3644 average_last200: 146.1184 epis: 0.0000 loss: 20.9044 
episode: 986 count: 434 score: 248.1727 average_last200: 146.3966 epis: 0.0000 loss: 49.6809 
episode: 987 count: 201 score: -14.5005 average_last200: 146.3138 epis: 0.0000 loss: 23.2574 
episode: 988 count: 276 score: 17.5772 average_last200: 146.4621 epis: 0.0000 loss: 41.0675 
episode: 989 count: 370 score: 169.4284 average_last200: 146.2186 epis: 0.0000 loss: 51.4672 
episode: 990 count: 396 score: 184.1979 average_last200: 146.0056 epis: 0.0000 loss: 46.8670 
episode: 991 count: 518 score: 174.1670 average_last200: 145.7665 epis: 0.0000 loss: 59.6758 
episode: 992 count: 354 score: 241.6688 average_last200: 145.6734 epis: 0.0000 loss: 52.4270 
episode: 993 count: 735 score: 169.0091 average_last200: 145.9714 epis: 0.0000 loss: 80.5295 
episode: 994 count: 230 score: 197.7339 average_last200: 145.8508 epis: 0.0000 loss: 31.7744 
episode: 995 count: 129 score: 43.9693 average_last200: 144.9253 epis: 0.0000 loss: 21.2101 
episode: 996 count: 143 score: -50.8691 average_last200: 143.5628 epis: 0.0000 loss: 11.4392 
episode: 997 count: 200 score: -71.2934 average_last200: 142.4200 epis: 0.0000 loss: 27.1923 
episode: 998 count: 144 score: -50.3714 average_last200: 141.1428 epis: 0.0000 loss: 11.0616 
episode: 999 count: 522 score: 199.6778 average_last200: 141.1459 epis: 0.0000 loss: 62.2494 
