[33mWARN: gym.spaces.Box autodetected dtype as <class 'numpy.float32'>. Please provide explicit dtype.[0m
All para: Epis 1000 memlen 100000 gamma 0.990 epsilon 0.995 alpha 0.00060 batch 30 upfreq 500
episode: 0 count: 103 score: -201.7553 average_last200: -201.7553 epis: 0.9950 loss: 0.0000 
episode: 1 count: 84 score: -164.3968 average_last200: -183.0761 epis: 0.9900 loss: 0.0000 
episode: 2 count: 132 score: -150.1011 average_last200: -172.0844 epis: 0.9851 loss: 0.0000 
episode: 3 count: 75 score: -148.4693 average_last200: -166.1806 epis: 0.9801 loss: 0.0000 
episode: 4 count: 94 score: -337.7600 average_last200: -200.4965 epis: 0.9752 loss: 0.0000 
episode: 5 count: 90 score: -444.9525 average_last200: -241.2392 epis: 0.9704 loss: 0.0000 
episode: 6 count: 145 score: -57.0352 average_last200: -214.9243 epis: 0.9655 loss: 0.0000 
episode: 7 count: 87 score: -133.1031 average_last200: -204.6967 epis: 0.9607 loss: 0.0000 
episode: 8 count: 86 score: -291.9827 average_last200: -214.3951 epis: 0.9559 loss: 0.0000 
episode: 9 count: 95 score: -478.0249 average_last200: -240.7581 epis: 0.9511 loss: 0.0000 
episode: 10 count: 99 score: -439.9449 average_last200: -258.8660 epis: 0.9464 loss: 57.3859 
episode: 11 count: 65 score: -94.0489 average_last200: -245.1312 epis: 0.9416 loss: 36.4360 
episode: 12 count: 82 score: -207.7616 average_last200: -242.2567 epis: 0.9369 loss: 48.0059 
episode: 13 count: 125 score: -157.2842 average_last200: -236.1872 epis: 0.9322 loss: 56.1493 
episode: 14 count: 117 score: -438.9153 average_last200: -249.7024 epis: 0.9276 loss: 41.5093 
episode: 15 count: 68 score: -82.7297 average_last200: -239.2666 epis: 0.9229 loss: 34.7759 
episode: 16 count: 103 score: -210.6030 average_last200: -237.5805 epis: 0.9183 loss: 45.8965 
episode: 17 count: 119 score: -97.2631 average_last200: -229.7851 epis: 0.9137 loss: 45.2361 
episode: 18 count: 109 score: -294.3991 average_last200: -233.1858 epis: 0.9092 loss: 46.1995 
episode: 19 count: 75 score: -130.5150 average_last200: -228.0523 epis: 0.9046 loss: 26.5981 
episode: 20 count: 73 score: -229.3876 average_last200: -228.1159 epis: 0.9001 loss: 29.5957 
episode: 21 count: 97 score: -121.9551 average_last200: -223.2904 epis: 0.8956 loss: 43.7191 
episode: 22 count: 89 score: -150.1739 average_last200: -220.1114 epis: 0.8911 loss: 34.8069 
episode: 23 count: 93 score: -301.8765 average_last200: -223.5183 epis: 0.8867 loss: 32.4785 
episode: 24 count: 81 score: -168.5393 average_last200: -221.3191 epis: 0.8822 loss: 28.4531 
episode: 25 count: 138 score: -232.9831 average_last200: -221.7677 epis: 0.8778 loss: 59.8460 
episode: 26 count: 113 score: -252.0046 average_last200: -222.8876 epis: 0.8734 loss: 42.3758 
episode: 27 count: 98 score: -242.9042 average_last200: -223.6025 epis: 0.8691 loss: 31.0361 
episode: 28 count: 96 score: -155.9736 average_last200: -221.2705 epis: 0.8647 loss: 34.4645 
episode: 29 count: 96 score: -134.8657 average_last200: -218.3903 epis: 0.8604 loss: 28.9685 
episode: 30 count: 94 score: -160.4355 average_last200: -216.5208 epis: 0.8561 loss: 31.2611 
episode: 31 count: 129 score: -184.8630 average_last200: -215.5315 epis: 0.8518 loss: 54.8527 
episode: 32 count: 118 score: -178.8745 average_last200: -214.4207 epis: 0.8475 loss: 39.6659 
episode: 33 count: 72 score: -262.9456 average_last200: -215.8479 epis: 0.8433 loss: 20.8827 
episode: 34 count: 80 score: -131.3711 average_last200: -213.4343 epis: 0.8391 loss: 26.6236 
episode: 35 count: 94 score: -89.1964 average_last200: -209.9832 epis: 0.8349 loss: 28.0689 
episode: 36 count: 113 score: -246.9496 average_last200: -210.9823 epis: 0.8307 loss: 40.5790 
episode: 37 count: 165 score: -122.5085 average_last200: -208.6540 epis: 0.8266 loss: 54.0655 
episode: 38 count: 141 score: -198.8536 average_last200: -208.4028 epis: 0.8224 loss: 43.3894 
episode: 39 count: 81 score: -136.0035 average_last200: -206.5928 epis: 0.8183 loss: 24.5262 
episode: 40 count: 89 score: -173.9669 average_last200: -205.7970 epis: 0.8142 loss: 25.3215 
episode: 41 count: 65 score: -113.8070 average_last200: -203.6068 epis: 0.8102 loss: 21.0876 
episode: 42 count: 68 score: -140.9441 average_last200: -202.1495 epis: 0.8061 loss: 16.7901 
episode: 43 count: 78 score: -142.6426 average_last200: -200.7971 epis: 0.8021 loss: 23.5952 
episode: 44 count: 151 score: -114.2325 average_last200: -198.8734 epis: 0.7981 loss: 47.4296 
episode: 45 count: 122 score: -147.4353 average_last200: -197.7552 epis: 0.7941 loss: 41.4457 
episode: 46 count: 83 score: -96.1406 average_last200: -195.5932 epis: 0.7901 loss: 19.6384 
episode: 47 count: 71 score: -100.2409 average_last200: -193.6067 epis: 0.7862 loss: 22.2153 
episode: 48 count: 68 score: -158.7804 average_last200: -192.8959 epis: 0.7822 loss: 23.4714 
episode: 49 count: 57 score: -180.1095 average_last200: -192.6402 epis: 0.7783 loss: 18.1655 
episode: 50 count: 120 score: -120.8842 average_last200: -191.2332 epis: 0.7744 loss: 32.9075 
episode: 51 count: 98 score: -155.4629 average_last200: -190.5453 epis: 0.7705 loss: 41.6545 
episode: 52 count: 126 score: -161.0443 average_last200: -189.9887 epis: 0.7667 loss: 42.3246 
episode: 53 count: 89 score: -167.2104 average_last200: -189.5669 epis: 0.7629 loss: 27.9996 
episode: 54 count: 132 score: -134.5425 average_last200: -188.5665 epis: 0.7590 loss: 40.6408 
episode: 55 count: 73 score: -108.4717 average_last200: -187.1362 epis: 0.7553 loss: 23.5572 
episode: 56 count: 83 score: -127.2366 average_last200: -186.0853 epis: 0.7515 loss: 28.5611 
episode: 57 count: 90 score: -131.9460 average_last200: -185.1519 epis: 0.7477 loss: 27.9852 
episode: 58 count: 121 score: -149.4581 average_last200: -184.5469 epis: 0.7440 loss: 43.6162 
episode: 59 count: 135 score: -134.3984 average_last200: -183.7111 epis: 0.7403 loss: 40.0611 
episode: 60 count: 114 score: -141.9548 average_last200: -183.0266 epis: 0.7366 loss: 39.1611 
episode: 61 count: 172 score: -141.0835 average_last200: -182.3501 epis: 0.7329 loss: 54.6467 
episode: 62 count: 136 score: -123.8445 average_last200: -181.4214 epis: 0.7292 loss: 43.7966 
episode: 63 count: 133 score: -132.9058 average_last200: -180.6633 epis: 0.7256 loss: 40.4654 
episode: 64 count: 135 score: -59.9278 average_last200: -178.8059 epis: 0.7219 loss: 45.8312 
episode: 65 count: 117 score: -151.9963 average_last200: -178.3997 epis: 0.7183 loss: 41.6847 
episode: 66 count: 100 score: -128.6312 average_last200: -177.6569 epis: 0.7147 loss: 30.9381 
episode: 67 count: 91 score: -121.3136 average_last200: -176.8283 epis: 0.7112 loss: 28.4136 
episode: 68 count: 85 score: -120.8553 average_last200: -176.0171 epis: 0.7076 loss: 24.1894 
episode: 69 count: 175 score: -88.7904 average_last200: -174.7710 epis: 0.7041 loss: 59.9837 
episode: 70 count: 66 score: -104.1822 average_last200: -173.7768 epis: 0.7005 loss: 23.7164 
episode: 71 count: 114 score: -130.3217 average_last200: -173.1732 epis: 0.6970 loss: 42.3966 
episode: 72 count: 121 score: -115.6698 average_last200: -172.3855 epis: 0.6936 loss: 35.0438 
episode: 73 count: 109 score: -176.1931 average_last200: -172.4370 epis: 0.6901 loss: 35.4976 
episode: 74 count: 194 score: -81.0304 average_last200: -171.2182 epis: 0.6866 loss: 57.8467 
episode: 75 count: 101 score: -77.9525 average_last200: -169.9910 epis: 0.6832 loss: 30.6396 
episode: 76 count: 142 score: -18.3745 average_last200: -168.0220 epis: 0.6798 loss: 48.0798 
episode: 77 count: 101 score: -107.1674 average_last200: -167.2418 epis: 0.6764 loss: 36.0244 
episode: 78 count: 73 score: -83.7964 average_last200: -166.1855 epis: 0.6730 loss: 24.2080 
episode: 79 count: 241 score: -186.3155 average_last200: -166.4372 epis: 0.6696 loss: 64.3646 
episode: 80 count: 86 score: -64.1417 average_last200: -165.1742 epis: 0.6663 loss: 28.1383 
episode: 81 count: 107 score: -96.6420 average_last200: -164.3385 epis: 0.6630 loss: 40.9887 
episode: 82 count: 107 score: -79.8360 average_last200: -163.3204 epis: 0.6597 loss: 36.8419 
episode: 83 count: 95 score: -103.1560 average_last200: -162.6041 epis: 0.6564 loss: 28.7674 
episode: 84 count: 141 score: -79.3038 average_last200: -161.6241 epis: 0.6531 loss: 47.2868 
episode: 85 count: 127 score: -64.6450 average_last200: -160.4965 epis: 0.6498 loss: 41.0588 
episode: 86 count: 126 score: -108.0364 average_last200: -159.8935 epis: 0.6466 loss: 37.9984 
episode: 87 count: 92 score: -72.8945 average_last200: -158.9049 epis: 0.6433 loss: 32.9640 
episode: 88 count: 108 score: -127.5988 average_last200: -158.5531 epis: 0.6401 loss: 33.2571 
episode: 89 count: 112 score: -117.6235 average_last200: -158.0983 epis: 0.6369 loss: 33.0429 
episode: 90 count: 142 score: -93.4328 average_last200: -157.3877 epis: 0.6337 loss: 41.4514 
episode: 91 count: 124 score: -84.4739 average_last200: -156.5952 epis: 0.6306 loss: 41.2415 
episode: 92 count: 175 score: -79.1220 average_last200: -155.7621 epis: 0.6274 loss: 50.8489 
episode: 93 count: 148 score: -49.3710 average_last200: -154.6303 epis: 0.6243 loss: 45.8190 
episode: 94 count: 144 score: -58.0605 average_last200: -153.6138 epis: 0.6211 loss: 44.9485 
episode: 95 count: 187 score: -107.7466 average_last200: -153.1360 epis: 0.6180 loss: 62.2323 
episode: 96 count: 103 score: -42.5629 average_last200: -151.9961 epis: 0.6149 loss: 34.8000 
episode: 97 count: 100 score: -156.0898 average_last200: -152.0379 epis: 0.6119 loss: 28.8918 
episode: 98 count: 119 score: -75.4122 average_last200: -151.2639 epis: 0.6088 loss: 29.9297 
episode: 99 count: 86 score: -58.9199 average_last200: -150.3404 epis: 0.6058 loss: 31.5784 
episode: 100 count: 213 score: -85.1715 average_last200: -149.6952 epis: 0.6027 loss: 55.2724 
episode: 101 count: 88 score: -112.9794 average_last200: -149.3352 epis: 0.5997 loss: 30.3480 
episode: 102 count: 115 score: -73.5720 average_last200: -148.5997 epis: 0.5967 loss: 36.1186 
episode: 103 count: 229 score: -31.4926 average_last200: -147.4736 epis: 0.5937 loss: 79.2087 
episode: 104 count: 118 score: -111.8972 average_last200: -147.1348 epis: 0.5908 loss: 45.5159 
episode: 105 count: 146 score: -29.2598 average_last200: -146.0228 epis: 0.5878 loss: 49.4576 
episode: 106 count: 84 score: -83.8616 average_last200: -145.4418 epis: 0.5849 loss: 34.6262 
episode: 107 count: 186 score: -93.2063 average_last200: -144.9582 epis: 0.5820 loss: 58.3096 
episode: 108 count: 155 score: -92.0002 average_last200: -144.4723 epis: 0.5790 loss: 51.9184 
episode: 109 count: 292 score: -107.8831 average_last200: -144.1397 epis: 0.5762 loss: 87.4564 
episode: 110 count: 90 score: -90.7260 average_last200: -143.6585 epis: 0.5733 loss: 35.6143 
episode: 111 count: 74 score: -89.5885 average_last200: -143.1757 epis: 0.5704 loss: 32.6695 
episode: 112 count: 336 score: -74.9194 average_last200: -142.5717 epis: 0.5676 loss: 103.7627 
episode: 113 count: 194 score: -55.0107 average_last200: -141.8036 epis: 0.5647 loss: 56.5647 
episode: 114 count: 125 score: -98.0784 average_last200: -141.4234 epis: 0.5619 loss: 32.4458 
episode: 115 count: 276 score: -121.1894 average_last200: -141.2489 epis: 0.5591 loss: 70.1839 
episode: 116 count: 213 score: -104.9766 average_last200: -140.9389 epis: 0.5563 loss: 66.6062 
episode: 117 count: 168 score: -177.3522 average_last200: -141.2475 epis: 0.5535 loss: 56.8172 
episode: 118 count: 113 score: -140.4999 average_last200: -141.2412 epis: 0.5507 loss: 31.9342 
episode: 119 count: 223 score: -39.3165 average_last200: -140.3919 epis: 0.5480 loss: 69.2000 
episode: 120 count: 1000 score: -148.1160 average_last200: -140.4557 epis: 0.5452 loss: 311.9252 
episode: 121 count: 169 score: -105.1706 average_last200: -140.1665 epis: 0.5425 loss: 52.4746 
episode: 122 count: 67 score: -75.2174 average_last200: -139.6384 epis: 0.5398 loss: 21.4097 
episode: 123 count: 195 score: -189.9387 average_last200: -140.0441 epis: 0.5371 loss: 69.5718 
episode: 124 count: 93 score: -174.2176 average_last200: -140.3175 epis: 0.5344 loss: 36.5767 
episode: 125 count: 198 score: -128.7451 average_last200: -140.2256 epis: 0.5318 loss: 54.4099 
episode: 126 count: 195 score: -99.3360 average_last200: -139.9037 epis: 0.5291 loss: 50.2028 
episode: 127 count: 197 score: -257.5357 average_last200: -140.8227 epis: 0.5264 loss: 59.2084 
episode: 128 count: 207 score: -64.8707 average_last200: -140.2339 epis: 0.5238 loss: 76.6154 
episode: 129 count: 114 score: -185.6819 average_last200: -140.5835 epis: 0.5212 loss: 41.9803 
episode: 130 count: 180 score: -72.1295 average_last200: -140.0609 epis: 0.5186 loss: 59.9615 
episode: 131 count: 111 score: -32.7141 average_last200: -139.2477 epis: 0.5160 loss: 36.9242 
episode: 132 count: 176 score: -80.5318 average_last200: -138.8062 epis: 0.5134 loss: 47.3574 
episode: 133 count: 152 score: -84.9642 average_last200: -138.4044 epis: 0.5108 loss: 52.4163 
episode: 134 count: 396 score: -239.9319 average_last200: -139.1565 epis: 0.5083 loss: 125.6495 
episode: 135 count: 139 score: -90.9180 average_last200: -138.8018 epis: 0.5058 loss: 42.1254 
episode: 136 count: 152 score: -100.9227 average_last200: -138.5253 epis: 0.5032 loss: 43.4907 
episode: 137 count: 171 score: -101.2558 average_last200: -138.2552 epis: 0.5007 loss: 48.9050 
episode: 138 count: 301 score: -84.1277 average_last200: -137.8658 epis: 0.4982 loss: 90.1481 
episode: 139 count: 143 score: -161.2044 average_last200: -138.0325 epis: 0.4957 loss: 46.1567 
episode: 140 count: 126 score: -217.1093 average_last200: -138.5933 epis: 0.4932 loss: 41.1616 
episode: 141 count: 144 score: -96.5992 average_last200: -138.2976 epis: 0.4908 loss: 40.8562 
episode: 142 count: 112 score: -52.8521 average_last200: -137.7001 epis: 0.4883 loss: 37.7999 
episode: 143 count: 338 score: -237.8733 average_last200: -138.3957 epis: 0.4859 loss: 96.9406 
episode: 144 count: 160 score: -20.5665 average_last200: -137.5831 epis: 0.4834 loss: 43.1097 
episode: 145 count: 257 score: -211.0019 average_last200: -138.0860 epis: 0.4810 loss: 75.7958 
episode: 146 count: 129 score: -70.1406 average_last200: -137.6238 epis: 0.4786 loss: 37.6202 
episode: 147 count: 1000 score: -65.4728 average_last200: -137.1363 epis: 0.4762 loss: 304.8766 
episode: 148 count: 832 score: -265.9014 average_last200: -138.0005 epis: 0.4738 loss: 244.3784 
episode: 149 count: 139 score: -104.2533 average_last200: -137.7755 epis: 0.4715 loss: 48.9490 
episode: 150 count: 129 score: -51.1475 average_last200: -137.2018 epis: 0.4691 loss: 40.8653 
episode: 151 count: 155 score: -59.7116 average_last200: -136.6920 epis: 0.4668 loss: 45.6291 
episode: 152 count: 78 score: -54.7643 average_last200: -136.1565 epis: 0.4644 loss: 24.5431 
episode: 153 count: 159 score: -67.3197 average_last200: -135.7095 epis: 0.4621 loss: 51.6120 
episode: 154 count: 237 score: -176.4362 average_last200: -135.9723 epis: 0.4598 loss: 71.1581 
episode: 155 count: 112 score: -90.3059 average_last200: -135.6795 epis: 0.4575 loss: 36.6027 
episode: 156 count: 75 score: -103.0126 average_last200: -135.4715 epis: 0.4552 loss: 24.6706 
episode: 157 count: 87 score: -92.4905 average_last200: -135.1994 epis: 0.4529 loss: 31.1015 
episode: 158 count: 833 score: -367.5111 average_last200: -136.6605 epis: 0.4507 loss: 248.3738 
episode: 159 count: 101 score: -27.4639 average_last200: -135.9780 epis: 0.4484 loss: 28.8283 
episode: 160 count: 96 score: -30.2754 average_last200: -135.3215 epis: 0.4462 loss: 28.6350 
episode: 161 count: 206 score: -242.9913 average_last200: -135.9861 epis: 0.4440 loss: 67.2090 
episode: 162 count: 180 score: -41.6051 average_last200: -135.4071 epis: 0.4417 loss: 51.5905 
episode: 163 count: 97 score: -70.5410 average_last200: -135.0116 epis: 0.4395 loss: 30.2876 
episode: 164 count: 323 score: -73.9249 average_last200: -134.6414 epis: 0.4373 loss: 103.9088 
episode: 165 count: 123 score: -180.0974 average_last200: -134.9152 epis: 0.4351 loss: 38.3812 
episode: 166 count: 131 score: -150.0611 average_last200: -135.0059 epis: 0.4330 loss: 45.2978 
episode: 167 count: 86 score: -56.0609 average_last200: -134.5360 epis: 0.4308 loss: 26.9790 
episode: 168 count: 134 score: -25.7872 average_last200: -133.8925 epis: 0.4286 loss: 37.9965 
episode: 169 count: 542 score: -261.7479 average_last200: -134.6446 epis: 0.4265 loss: 154.7773 
episode: 170 count: 90 score: -71.3890 average_last200: -134.2747 epis: 0.4244 loss: 29.0404 
episode: 171 count: 175 score: -74.7051 average_last200: -133.9283 epis: 0.4223 loss: 62.1111 
episode: 172 count: 260 score: -70.2987 average_last200: -133.5605 epis: 0.4201 loss: 79.7378 
episode: 173 count: 102 score: -69.0224 average_last200: -133.1896 epis: 0.4180 loss: 27.3290 
episode: 174 count: 326 score: -234.7588 average_last200: -133.7700 epis: 0.4159 loss: 108.5574 
episode: 175 count: 69 score: -82.4052 average_last200: -133.4782 epis: 0.4139 loss: 18.8093 
episode: 176 count: 202 score: -172.7480 average_last200: -133.7000 epis: 0.4118 loss: 68.7723 
episode: 177 count: 1000 score: -118.3649 average_last200: -133.6139 epis: 0.4097 loss: 337.5565 
episode: 178 count: 112 score: -79.0687 average_last200: -133.3092 epis: 0.4077 loss: 38.7552 
episode: 179 count: 447 score: -220.4981 average_last200: -133.7935 epis: 0.4057 loss: 149.9058 
episode: 180 count: 130 score: -182.9326 average_last200: -134.0650 epis: 0.4036 loss: 51.9398 
episode: 181 count: 1000 score: -194.2718 average_last200: -134.3958 epis: 0.4016 loss: 360.5511 
episode: 182 count: 353 score: -250.2399 average_last200: -135.0289 epis: 0.3996 loss: 140.6843 
episode: 183 count: 164 score: -39.3802 average_last200: -134.5090 epis: 0.3976 loss: 64.0740 
episode: 184 count: 182 score: -131.1127 average_last200: -134.4907 epis: 0.3956 loss: 61.0964 
episode: 185 count: 99 score: -77.9629 average_last200: -134.1868 epis: 0.3936 loss: 39.4324 
episode: 186 count: 114 score: -63.9291 average_last200: -133.8111 epis: 0.3917 loss: 44.8223 
episode: 187 count: 168 score: -70.6282 average_last200: -133.4750 epis: 0.3897 loss: 60.9187 
episode: 188 count: 202 score: -17.5829 average_last200: -132.8618 epis: 0.3878 loss: 70.3312 
episode: 189 count: 127 score: -222.9818 average_last200: -133.3361 epis: 0.3858 loss: 48.2445 
episode: 190 count: 1000 score: -62.5497 average_last200: -132.9655 epis: 0.3839 loss: 385.5012 
episode: 191 count: 143 score: -14.4771 average_last200: -132.3484 epis: 0.3820 loss: 47.2078 
episode: 192 count: 145 score: -148.4976 average_last200: -132.4320 epis: 0.3801 loss: 49.4611 
episode: 193 count: 1000 score: -94.0328 average_last200: -132.2341 epis: 0.3782 loss: 390.5189 
episode: 194 count: 105 score: -91.8166 average_last200: -132.0268 epis: 0.3763 loss: 41.3798 
episode: 195 count: 88 score: -22.4131 average_last200: -131.4676 epis: 0.3744 loss: 30.2977 
episode: 196 count: 136 score: -18.6566 average_last200: -130.8949 epis: 0.3725 loss: 50.0285 
episode: 197 count: 111 score: -73.9231 average_last200: -130.6072 epis: 0.3707 loss: 39.1901 
episode: 198 count: 1000 score: -71.4057 average_last200: -130.3097 epis: 0.3688 loss: 392.7912 
episode: 199 count: 1000 score: -118.0874 average_last200: -130.2486 epis: 0.3670 loss: 408.4221 
episode: 200 count: 544 score: -215.4894 average_last200: -130.3173 epis: 0.3651 loss: 209.0030 
episode: 201 count: 85 score: -55.0370 average_last200: -129.7705 epis: 0.3633 loss: 46.7619 
episode: 202 count: 144 score: -221.3624 average_last200: -130.1268 epis: 0.3615 loss: 54.1156 
episode: 203 count: 203 score: -46.2457 average_last200: -129.6157 epis: 0.3597 loss: 86.0344 
episode: 204 count: 639 score: -258.3429 average_last200: -129.2186 epis: 0.3579 loss: 265.2759 
episode: 205 count: 86 score: -72.5864 average_last200: -127.3567 epis: 0.3561 loss: 29.6824 
episode: 206 count: 1000 score: -102.6795 average_last200: -127.5850 epis: 0.3543 loss: 388.3396 
episode: 207 count: 91 score: -12.6529 average_last200: -126.9827 epis: 0.3525 loss: 34.9117 
episode: 208 count: 93 score: -60.9665 average_last200: -125.8276 epis: 0.3508 loss: 31.5262 
episode: 209 count: 134 score: -21.9279 average_last200: -123.5471 epis: 0.3490 loss: 52.0263 
episode: 210 count: 1000 score: -124.1263 average_last200: -121.9681 epis: 0.3473 loss: 407.4543 
episode: 211 count: 819 score: -264.9003 average_last200: -122.8223 epis: 0.3455 loss: 310.7548 
episode: 212 count: 111 score: -49.3680 average_last200: -122.0303 epis: 0.3438 loss: 41.0145 
episode: 213 count: 115 score: -30.9203 average_last200: -121.3985 epis: 0.3421 loss: 47.6435 
episode: 214 count: 111 score: -36.0117 average_last200: -119.3840 epis: 0.3404 loss: 40.8152 
episode: 215 count: 1000 score: -38.3084 average_last200: -119.1619 epis: 0.3387 loss: 424.4464 
episode: 216 count: 101 score: -47.1700 average_last200: -118.3447 epis: 0.3370 loss: 42.3387 
episode: 217 count: 1000 score: -126.2445 average_last200: -118.4896 epis: 0.3353 loss: 394.5685 
episode: 218 count: 1000 score: -147.5216 average_last200: -117.7553 epis: 0.3336 loss: 425.7168 
episode: 219 count: 1000 score: -120.7059 average_last200: -117.7062 epis: 0.3320 loss: 434.5575 
episode: 220 count: 1000 score: -28.5263 average_last200: -116.7019 epis: 0.3303 loss: 411.9075 
episode: 221 count: 1000 score: -131.7044 average_last200: -116.7506 epis: 0.3286 loss: 424.6344 
episode: 222 count: 1000 score: -135.5843 average_last200: -116.6777 epis: 0.3270 loss: 426.3121 
episode: 223 count: 120 score: -12.7559 average_last200: -115.2321 epis: 0.3254 loss: 52.4579 
episode: 224 count: 1000 score: -45.0899 average_last200: -114.6148 epis: 0.3237 loss: 430.8001 
episode: 225 count: 1000 score: -94.6173 average_last200: -113.9230 epis: 0.3221 loss: 434.1622 
episode: 226 count: 1000 score: -36.4530 average_last200: -112.8453 epis: 0.3205 loss: 474.1947 
episode: 227 count: 173 score: -5.2239 average_last200: -111.6569 epis: 0.3189 loss: 86.4548 
episode: 228 count: 1000 score: -60.5698 average_last200: -111.1798 epis: 0.3173 loss: 446.9111 
episode: 229 count: 1000 score: -73.3717 average_last200: -110.8724 epis: 0.3157 loss: 453.7182 
episode: 230 count: 1000 score: -120.1627 average_last200: -110.6710 epis: 0.3141 loss: 456.9587 
episode: 231 count: 1000 score: -101.8131 average_last200: -110.2558 epis: 0.3126 loss: 441.6806 
episode: 232 count: 1000 score: -105.6672 average_last200: -109.8897 epis: 0.3110 loss: 460.9606 
episode: 233 count: 117 score: -52.2175 average_last200: -108.8361 epis: 0.3095 loss: 52.2345 
episode: 234 count: 1000 score: -77.4043 average_last200: -108.5662 epis: 0.3079 loss: 438.9047 
episode: 235 count: 96 score: -18.8719 average_last200: -108.2146 epis: 0.3064 loss: 38.3685 
episode: 236 count: 1000 score: -80.5436 average_last200: -107.3826 epis: 0.3048 loss: 426.4455 
episode: 237 count: 1000 score: -58.1606 average_last200: -107.0609 epis: 0.3033 loss: 436.3991 
episode: 238 count: 146 score: -73.5149 average_last200: -106.4342 epis: 0.3018 loss: 60.1918 
episode: 239 count: 1000 score: -53.3472 average_last200: -106.0209 epis: 0.3003 loss: 456.1722 
episode: 240 count: 1000 score: -31.8279 average_last200: -105.3102 epis: 0.2988 loss: 421.1019 
episode: 241 count: 1000 score: -31.1421 average_last200: -104.8969 epis: 0.2973 loss: 405.3552 
episode: 242 count: 1000 score: 15.0052 average_last200: -104.1171 epis: 0.2958 loss: 460.8828 
episode: 243 count: 274 score: -247.0690 average_last200: -104.6392 epis: 0.2943 loss: 118.9663 
episode: 244 count: 93 score: 5.0143 average_last200: -104.0430 epis: 0.2929 loss: 44.3729 
episode: 245 count: 1000 score: -17.1995 average_last200: -103.3918 epis: 0.2914 loss: 451.8158 
episode: 246 count: 168 score: -11.2947 average_last200: -102.9676 epis: 0.2899 loss: 75.4562 
episode: 247 count: 1000 score: 41.0457 average_last200: -102.2612 epis: 0.2885 loss: 453.3279 
episode: 248 count: 92 score: -92.0972 average_last200: -101.9278 epis: 0.2870 loss: 43.1278 
episode: 249 count: 1000 score: -38.6005 average_last200: -101.2202 epis: 0.2856 loss: 510.1324 
episode: 250 count: 1000 score: 29.9744 average_last200: -100.4659 epis: 0.2842 loss: 457.1964 
episode: 251 count: 1000 score: 0.6788 average_last200: -99.6852 epis: 0.2828 loss: 464.3550 
episode: 252 count: 79 score: -60.6100 average_last200: -99.1830 epis: 0.2813 loss: 35.8320 
episode: 253 count: 124 score: -14.9769 average_last200: -98.4219 epis: 0.2799 loss: 63.1747 
episode: 254 count: 1000 score: 21.8669 average_last200: -97.6398 epis: 0.2785 loss: 459.1789 
episode: 255 count: 140 score: -45.7383 average_last200: -97.3262 epis: 0.2771 loss: 66.6016 
episode: 256 count: 1000 score: 34.2517 average_last200: -96.5187 epis: 0.2758 loss: 502.9496 
episode: 257 count: 1000 score: -31.7715 average_last200: -96.0178 epis: 0.2744 loss: 490.9791 
episode: 258 count: 97 score: -14.4145 average_last200: -95.3426 epis: 0.2730 loss: 53.6852 
episode: 259 count: 475 score: 225.7274 average_last200: -93.5420 epis: 0.2716 loss: 245.1946 
episode: 260 count: 1000 score: 50.3604 average_last200: -92.5804 epis: 0.2703 loss: 484.5098 
episode: 261 count: 848 score: 133.8682 average_last200: -91.2057 epis: 0.2689 loss: 418.9055 
episode: 262 count: 82 score: -59.1322 average_last200: -90.8821 epis: 0.2676 loss: 41.7705 
episode: 263 count: 1000 score: -43.0124 average_last200: -90.4326 epis: 0.2663 loss: 502.1261 
episode: 264 count: 1000 score: 7.4386 average_last200: -90.0958 epis: 0.2649 loss: 528.1160 
episode: 265 count: 1000 score: -14.6167 average_last200: -89.4089 epis: 0.2636 loss: 476.9237 
episode: 266 count: 138 score: -38.7077 average_last200: -88.9593 epis: 0.2623 loss: 77.7400 
episode: 267 count: 1000 score: 20.3166 average_last200: -88.2511 epis: 0.2610 loss: 476.0326 
episode: 268 count: 1000 score: 20.1665 average_last200: -87.5460 epis: 0.2597 loss: 470.5067 
episode: 269 count: 1000 score: 49.8284 average_last200: -86.8529 epis: 0.2584 loss: 462.9667 
episode: 270 count: 1000 score: 52.8459 average_last200: -86.0678 epis: 0.2571 loss: 497.8810 
episode: 271 count: 1000 score: 60.6086 average_last200: -85.1131 epis: 0.2558 loss: 493.9727 
episode: 272 count: 1000 score: 1.4891 average_last200: -84.5273 epis: 0.2545 loss: 501.3370 
episode: 273 count: 1000 score: -7.4496 average_last200: -83.6836 epis: 0.2532 loss: 488.0455 
episode: 274 count: 1000 score: 17.7767 average_last200: -83.1896 epis: 0.2520 loss: 490.3590 
episode: 275 count: 615 score: 200.3377 average_last200: -81.7981 epis: 0.2507 loss: 304.4703 
episode: 276 count: 471 score: 223.8161 average_last200: -80.5872 epis: 0.2495 loss: 221.9271 
episode: 277 count: 1000 score: 54.1999 average_last200: -79.7803 epis: 0.2482 loss: 515.9517 
episode: 278 count: 1000 score: 114.1456 average_last200: -78.7906 epis: 0.2470 loss: 518.5648 
episode: 279 count: 1000 score: 89.5242 average_last200: -77.4114 epis: 0.2457 loss: 517.5241 
episode: 280 count: 774 score: 202.9958 average_last200: -76.0758 epis: 0.2445 loss: 386.7585 
episode: 281 count: 1000 score: 116.9733 average_last200: -75.0077 epis: 0.2433 loss: 501.9165 
episode: 282 count: 347 score: 240.0063 average_last200: -73.4085 epis: 0.2421 loss: 150.7510 
episode: 283 count: 174 score: -123.4229 average_last200: -73.5098 epis: 0.2409 loss: 87.9160 
episode: 284 count: 1000 score: 110.9221 average_last200: -72.5587 epis: 0.2397 loss: 536.9294 
episode: 285 count: 198 score: -27.4490 average_last200: -72.3727 epis: 0.2385 loss: 117.9748 
episode: 286 count: 770 score: 195.1274 average_last200: -70.8569 epis: 0.2373 loss: 383.0224 
episode: 287 count: 1000 score: 104.7829 average_last200: -69.9685 epis: 0.2361 loss: 492.8491 
episode: 288 count: 1000 score: 94.4733 average_last200: -68.8581 epis: 0.2349 loss: 476.3798 
episode: 289 count: 1000 score: 71.9483 average_last200: -67.9103 epis: 0.2337 loss: 503.1241 
episode: 290 count: 1000 score: 1.6433 average_last200: -67.4349 epis: 0.2326 loss: 487.0034 
episode: 291 count: 1000 score: 120.0427 average_last200: -66.4123 epis: 0.2314 loss: 448.4271 
episode: 292 count: 905 score: 175.9028 average_last200: -65.1372 epis: 0.2302 loss: 454.1688 
episode: 293 count: 1000 score: 89.7352 average_last200: -64.4416 epis: 0.2291 loss: 472.6643 
episode: 294 count: 399 score: 236.8148 average_last200: -62.9673 epis: 0.2279 loss: 172.5172 
episode: 295 count: 1000 score: 87.7439 average_last200: -61.9898 epis: 0.2268 loss: 446.1691 
episode: 296 count: 1000 score: 97.1899 average_last200: -61.2911 epis: 0.2257 loss: 467.8688 
episode: 297 count: 1000 score: 84.7358 average_last200: -60.0869 epis: 0.2245 loss: 442.7830 
episode: 298 count: 774 score: 222.7572 average_last200: -58.5961 epis: 0.2234 loss: 348.9386 
episode: 299 count: 1000 score: 86.9822 average_last200: -57.8666 epis: 0.2223 loss: 456.2942 
episode: 300 count: 1000 score: 98.1608 average_last200: -56.9499 epis: 0.2212 loss: 420.7628 
episode: 301 count: 408 score: 224.8818 average_last200: -55.2606 epis: 0.2201 loss: 176.2902 
episode: 302 count: 554 score: 212.2135 average_last200: -53.8317 epis: 0.2190 loss: 250.2530 
episode: 303 count: 1000 score: 108.8101 average_last200: -53.1302 epis: 0.2179 loss: 406.6680 
episode: 304 count: 151 score: -181.9079 average_last200: -53.4802 epis: 0.2168 loss: 71.2608 
episode: 305 count: 359 score: 215.0858 average_last200: -52.2585 epis: 0.2157 loss: 137.7705 
episode: 306 count: 1000 score: 109.5230 average_last200: -51.2916 epis: 0.2146 loss: 436.3091 
episode: 307 count: 1000 score: 99.5834 average_last200: -50.3276 epis: 0.2136 loss: 430.2133 
episode: 308 count: 1000 score: 100.9583 average_last200: -49.3628 epis: 0.2125 loss: 388.9203 
episode: 309 count: 971 score: 151.1940 average_last200: -48.0674 epis: 0.2114 loss: 380.2601 
episode: 310 count: 1000 score: 36.7629 average_last200: -47.4300 epis: 0.2104 loss: 385.8957 
episode: 311 count: 481 score: 192.6892 average_last200: -46.0186 epis: 0.2093 loss: 182.3794 
episode: 312 count: 1000 score: 93.2968 average_last200: -45.1775 epis: 0.2083 loss: 374.0131 
episode: 313 count: 894 score: 163.8359 average_last200: -44.0833 epis: 0.2072 loss: 294.8690 
episode: 314 count: 1000 score: 99.1392 average_last200: -43.0972 epis: 0.2062 loss: 363.0232 
episode: 315 count: 1000 score: 81.3822 average_last200: -42.0843 epis: 0.2052 loss: 355.8746 
episode: 316 count: 900 score: 178.4753 average_last200: -40.6671 epis: 0.2041 loss: 280.0854 
episode: 317 count: 447 score: 204.3417 average_last200: -38.7586 epis: 0.2031 loss: 147.4376 
episode: 318 count: 410 score: 199.0261 average_last200: -37.0610 epis: 0.2021 loss: 135.3953 
episode: 319 count: 923 score: 214.1800 average_last200: -35.7935 epis: 0.2011 loss: 298.3346 
episode: 320 count: 697 score: 217.3597 average_last200: -33.9661 epis: 0.2001 loss: 232.6541 
episode: 321 count: 703 score: 188.7882 average_last200: -32.4963 epis: 0.1991 loss: 202.4457 
episode: 322 count: 776 score: 232.5651 average_last200: -30.9574 epis: 0.1981 loss: 231.7604 
episode: 323 count: 302 score: 198.2513 average_last200: -29.0165 epis: 0.1971 loss: 84.9759 
episode: 324 count: 312 score: 223.2176 average_last200: -27.0293 epis: 0.1961 loss: 81.8450 
episode: 325 count: 1000 score: 76.9688 average_last200: -26.0007 epis: 0.1951 loss: 263.6699 
episode: 326 count: 132 score: 4.9444 average_last200: -25.4793 epis: 0.1942 loss: 29.0054 
episode: 327 count: 700 score: 186.6878 average_last200: -23.2582 epis: 0.1932 loss: 187.5148 
episode: 328 count: 1000 score: 87.4972 average_last200: -22.4964 epis: 0.1922 loss: 240.7194 
episode: 329 count: 413 score: 241.0389 average_last200: -20.3628 epis: 0.1913 loss: 110.1983 
episode: 330 count: 1000 score: 97.5006 average_last200: -19.5146 epis: 0.1903 loss: 255.4599 
episode: 331 count: 577 score: 203.8563 average_last200: -18.3318 epis: 0.1893 loss: 131.4373 
episode: 332 count: 437 score: 217.4122 average_last200: -16.8420 epis: 0.1884 loss: 103.6921 
episode: 333 count: 261 score: 194.2771 average_last200: -15.4458 epis: 0.1875 loss: 64.9056 
episode: 334 count: 239 score: 219.1862 average_last200: -13.1502 epis: 0.1865 loss: 56.6805 
episode: 335 count: 1000 score: -45.4102 average_last200: -12.9227 epis: 0.1856 loss: 252.5842 
episode: 336 count: 1000 score: 99.6517 average_last200: -11.9198 epis: 0.1847 loss: 242.6097 
episode: 337 count: 535 score: 179.6834 average_last200: -10.5151 epis: 0.1837 loss: 124.0641 
episode: 338 count: 459 score: 173.2502 average_last200: -9.2282 epis: 0.1828 loss: 105.0478 
episode: 339 count: 710 score: 164.7930 average_last200: -7.5983 epis: 0.1819 loss: 155.7001 
episode: 340 count: 1000 score: 109.2578 average_last200: -5.9664 epis: 0.1810 loss: 218.0723 
episode: 341 count: 831 score: 140.6601 average_last200: -4.7801 epis: 0.1801 loss: 188.9511 
episode: 342 count: 385 score: 204.5253 average_last200: -3.4932 epis: 0.1792 loss: 78.7610 
episode: 343 count: 796 score: 165.0996 average_last200: -1.4784 epis: 0.1783 loss: 159.3936 
episode: 344 count: 1000 score: 57.7255 average_last200: -1.0869 epis: 0.1774 loss: 216.6349 
episode: 345 count: 1000 score: 84.5909 average_last200: 0.3911 epis: 0.1765 loss: 193.4518 
episode: 346 count: 1000 score: 80.7463 average_last200: 1.1455 epis: 0.1756 loss: 198.9104 
episode: 347 count: 938 score: 123.4406 average_last200: 2.0901 epis: 0.1748 loss: 190.8507 
episode: 348 count: 514 score: 175.0102 average_last200: 4.2946 epis: 0.1739 loss: 97.5780 
episode: 349 count: 210 score: -69.9110 average_last200: 4.4663 epis: 0.1730 loss: 38.8172 
episode: 350 count: 470 score: 219.0472 average_last200: 5.8173 epis: 0.1721 loss: 96.6911 
episode: 351 count: 218 score: 208.2887 average_last200: 7.1573 epis: 0.1713 loss: 36.4206 
episode: 352 count: 476 score: 150.8406 average_last200: 8.1853 epis: 0.1704 loss: 95.9547 
episode: 353 count: 698 score: 213.9634 average_last200: 9.5917 epis: 0.1696 loss: 154.1623 
episode: 354 count: 985 score: 182.0566 average_last200: 11.3842 epis: 0.1687 loss: 193.5090 
episode: 355 count: 716 score: 183.2995 average_last200: 12.7522 epis: 0.1679 loss: 143.7065 
episode: 356 count: 953 score: 208.3678 average_last200: 14.3091 epis: 0.1670 loss: 193.8002 
episode: 357 count: 1000 score: 3.1989 average_last200: 14.7876 epis: 0.1662 loss: 191.1754 
episode: 358 count: 872 score: 97.6343 average_last200: 17.1133 epis: 0.1654 loss: 183.6867 
episode: 359 count: 1000 score: 63.0648 average_last200: 17.5660 epis: 0.1646 loss: 202.0910 
episode: 360 count: 168 score: 20.1749 average_last200: 17.8182 epis: 0.1637 loss: 31.5549 
episode: 361 count: 159 score: -42.0544 average_last200: 18.8229 epis: 0.1629 loss: 29.2244 
episode: 362 count: 432 score: 228.2219 average_last200: 20.1720 epis: 0.1621 loss: 86.8825 
episode: 363 count: 168 score: -6.2372 average_last200: 20.4935 epis: 0.1613 loss: 35.7906 
episode: 364 count: 151 score: 13.5964 average_last200: 20.9311 epis: 0.1605 loss: 28.4924 
episode: 365 count: 105 score: 12.3141 average_last200: 21.8932 epis: 0.1597 loss: 24.2940 
episode: 366 count: 83 score: -45.0588 average_last200: 22.4182 epis: 0.1589 loss: 16.0455 
episode: 367 count: 153 score: 0.8711 average_last200: 22.7029 epis: 0.1581 loss: 33.9344 
episode: 368 count: 775 score: 175.7858 average_last200: 23.7107 epis: 0.1573 loss: 158.8155 
episode: 369 count: 859 score: 129.8059 average_last200: 25.6685 epis: 0.1565 loss: 172.7690 
episode: 370 count: 137 score: -1.3643 average_last200: 26.0186 epis: 0.1557 loss: 34.0184 
episode: 371 count: 110 score: -10.9688 average_last200: 26.3373 epis: 0.1549 loss: 17.4951 
episode: 372 count: 116 score: -37.2965 average_last200: 26.5023 epis: 0.1542 loss: 27.9197 
episode: 373 count: 1000 score: 69.8511 average_last200: 27.1967 epis: 0.1534 loss: 206.0924 
episode: 374 count: 638 score: 225.5551 average_last200: 29.4983 epis: 0.1526 loss: 135.8929 
episode: 375 count: 706 score: 201.0616 average_last200: 30.9156 epis: 0.1519 loss: 167.1564 
episode: 376 count: 384 score: 230.6143 average_last200: 32.9324 epis: 0.1511 loss: 83.7658 
episode: 377 count: 89 score: -15.9317 average_last200: 33.4446 epis: 0.1504 loss: 16.2851 
episode: 378 count: 89 score: -34.2689 average_last200: 33.6686 epis: 0.1496 loss: 17.6097 
episode: 379 count: 93 score: 2.6193 average_last200: 34.7842 epis: 0.1489 loss: 16.0485 
episode: 380 count: 409 score: -43.3751 average_last200: 35.4819 epis: 0.1481 loss: 89.1534 
episode: 381 count: 105 score: 2.4880 average_last200: 36.4657 epis: 0.1474 loss: 22.7233 
episode: 382 count: 278 score: 207.9708 average_last200: 38.7568 epis: 0.1466 loss: 54.0878 
episode: 383 count: 107 score: -40.7273 average_last200: 38.7501 epis: 0.1459 loss: 25.4477 
episode: 384 count: 121 score: -13.1508 average_last200: 39.3399 epis: 0.1452 loss: 21.6109 
episode: 385 count: 110 score: -49.5649 average_last200: 39.4819 epis: 0.1444 loss: 20.8844 
episode: 386 count: 106 score: -99.3463 average_last200: 39.3048 epis: 0.1437 loss: 21.3005 
episode: 387 count: 1000 score: 97.4530 average_last200: 40.1452 epis: 0.1430 loss: 204.5630 
episode: 388 count: 112 score: -20.7948 average_last200: 40.1291 epis: 0.1423 loss: 21.3141 
episode: 389 count: 92 score: -23.1955 average_last200: 41.1281 epis: 0.1416 loss: 20.8422 
episode: 390 count: 86 score: -35.2319 average_last200: 41.2646 epis: 0.1409 loss: 19.4060 
episode: 391 count: 136 score: -43.5502 average_last200: 41.1193 epis: 0.1402 loss: 24.4798 
episode: 392 count: 116 score: -73.1250 average_last200: 41.4961 epis: 0.1395 loss: 23.9521 
episode: 393 count: 418 score: 238.6179 average_last200: 43.1594 epis: 0.1388 loss: 90.1395 
episode: 394 count: 664 score: 238.8208 average_last200: 44.8126 epis: 0.1381 loss: 133.4644 
episode: 395 count: 116 score: -85.3261 average_last200: 44.4980 epis: 0.1374 loss: 21.8599 
episode: 396 count: 97 score: -11.5281 average_last200: 44.5337 epis: 0.1367 loss: 22.3320 
episode: 397 count: 527 score: -119.7827 average_last200: 44.3044 epis: 0.1360 loss: 111.4234 
episode: 398 count: 387 score: 211.2846 average_last200: 45.7178 epis: 0.1353 loss: 93.1981 
episode: 399 count: 126 score: -34.4145 average_last200: 46.1362 epis: 0.1347 loss: 26.8135 
episode: 400 count: 201 score: -208.0100 average_last200: 46.1736 epis: 0.1340 loss: 43.7821 
episode: 401 count: 809 score: 129.6906 average_last200: 47.0972 epis: 0.1333 loss: 182.3596 
episode: 402 count: 331 score: 177.4365 average_last200: 49.0912 epis: 0.1326 loss: 75.2905 
episode: 403 count: 442 score: 193.2334 average_last200: 50.2886 epis: 0.1320 loss: 95.6851 
episode: 404 count: 272 score: 173.6158 average_last200: 52.4484 epis: 0.1313 loss: 64.1309 
episode: 405 count: 91 score: 11.7258 average_last200: 52.8700 epis: 0.1307 loss: 17.5186 
episode: 406 count: 735 score: 146.0396 average_last200: 54.1136 epis: 0.1300 loss: 160.8172 
episode: 407 count: 136 score: -13.2389 average_last200: 54.1106 epis: 0.1294 loss: 34.5466 
episode: 408 count: 113 score: -51.3083 average_last200: 54.1589 epis: 0.1287 loss: 27.1270 
episode: 409 count: 115 score: -36.7942 average_last200: 54.0846 epis: 0.1281 loss: 25.1534 
episode: 410 count: 184 score: 215.2748 average_last200: 55.7816 epis: 0.1274 loss: 47.7099 
episode: 411 count: 143 score: -11.9803 average_last200: 57.0462 epis: 0.1268 loss: 27.2578 
episode: 412 count: 152 score: -25.3734 average_last200: 57.1662 epis: 0.1262 loss: 37.3605 
episode: 413 count: 121 score: -16.6890 average_last200: 57.2373 epis: 0.1255 loss: 25.9858 
episode: 414 count: 93 score: -16.2832 average_last200: 57.3360 epis: 0.1249 loss: 21.5908 
episode: 415 count: 137 score: -41.8296 average_last200: 57.3184 epis: 0.1243 loss: 29.1886 
episode: 416 count: 388 score: 208.2849 average_last200: 58.5956 epis: 0.1237 loss: 89.4638 
episode: 417 count: 271 score: 231.1002 average_last200: 60.3824 epis: 0.1230 loss: 54.3630 
episode: 418 count: 116 score: -19.8342 average_last200: 61.0208 epis: 0.1224 loss: 22.6583 
episode: 419 count: 1000 score: 100.3657 average_last200: 62.1261 epis: 0.1218 loss: 215.9718 
episode: 420 count: 119 score: -212.6177 average_last200: 61.2057 epis: 0.1212 loss: 26.3089 
episode: 421 count: 189 score: 42.1531 average_last200: 62.0750 epis: 0.1206 loss: 44.4243 
episode: 422 count: 226 score: 241.3393 average_last200: 63.9596 epis: 0.1200 loss: 68.5153 
episode: 423 count: 489 score: 203.5005 average_last200: 65.0409 epis: 0.1194 loss: 101.5161 
episode: 424 count: 90 score: -22.7173 average_last200: 65.1527 epis: 0.1188 loss: 23.5626 
episode: 425 count: 126 score: -43.5502 average_last200: 65.4081 epis: 0.1182 loss: 29.1625 
episode: 426 count: 114 score: -43.3422 average_last200: 65.3736 epis: 0.1176 loss: 24.3252 
episode: 427 count: 110 score: -27.3889 average_last200: 65.2628 epis: 0.1170 loss: 28.2657 
episode: 428 count: 141 score: -7.4316 average_last200: 65.5285 epis: 0.1164 loss: 28.7838 
episode: 429 count: 123 score: -24.6307 average_last200: 65.7722 epis: 0.1159 loss: 26.1695 
episode: 430 count: 122 score: -53.0223 average_last200: 66.1079 epis: 0.1153 loss: 29.3854 
episode: 431 count: 1000 score: 65.4540 average_last200: 66.9442 epis: 0.1147 loss: 229.2370 
episode: 432 count: 119 score: -42.7189 average_last200: 67.2590 epis: 0.1141 loss: 22.2025 
episode: 433 count: 134 score: -187.7123 average_last200: 66.5815 epis: 0.1136 loss: 38.3870 
episode: 434 count: 103 score: 22.6168 average_last200: 67.0816 epis: 0.1130 loss: 25.8639 
episode: 435 count: 105 score: 16.7947 average_last200: 67.2599 epis: 0.1124 loss: 23.9516 
episode: 436 count: 438 score: 181.7194 average_last200: 68.5713 epis: 0.1119 loss: 104.0000 
episode: 437 count: 131 score: -300.8800 average_last200: 67.3577 epis: 0.1113 loss: 39.6727 
episode: 438 count: 115 score: -40.6689 average_last200: 67.5219 epis: 0.1107 loss: 27.4411 
episode: 439 count: 449 score: 233.2522 average_last200: 68.9549 epis: 0.1102 loss: 111.2160 
episode: 440 count: 138 score: -0.8885 average_last200: 69.1096 epis: 0.1096 loss: 31.8178 
episode: 441 count: 550 score: 200.0130 average_last200: 70.2654 epis: 0.1091 loss: 133.2632 
episode: 442 count: 102 score: 26.9148 average_last200: 70.3249 epis: 0.1085 loss: 22.7350 
episode: 443 count: 278 score: 162.9027 average_last200: 72.3748 epis: 0.1080 loss: 72.7717 
episode: 444 count: 373 score: 207.7379 average_last200: 73.3884 epis: 0.1075 loss: 94.4619 
episode: 445 count: 102 score: -95.2411 average_last200: 72.9982 epis: 0.1069 loss: 30.2355 
episode: 446 count: 406 score: 241.1775 average_last200: 74.2605 epis: 0.1064 loss: 102.4265 
episode: 447 count: 385 score: 239.0157 average_last200: 75.2504 epis: 0.1059 loss: 82.1413 
episode: 448 count: 164 score: -136.1927 average_last200: 75.0299 epis: 0.1053 loss: 38.5578 
episode: 449 count: 235 score: 248.8477 average_last200: 76.4672 epis: 0.1048 loss: 68.1357 
episode: 450 count: 105 score: -47.9473 average_last200: 76.0775 epis: 0.1043 loss: 18.8280 
episode: 451 count: 329 score: 237.6196 average_last200: 77.2622 epis: 0.1038 loss: 78.1118 
episode: 452 count: 224 score: 170.2211 average_last200: 78.4164 epis: 0.1032 loss: 51.3153 
episode: 453 count: 416 score: 192.4601 average_last200: 79.4536 epis: 0.1027 loss: 110.7067 
episode: 454 count: 476 score: 76.1668 average_last200: 79.7251 epis: 0.1022 loss: 104.8557 
episode: 455 count: 1000 score: 102.6659 average_last200: 80.4671 epis: 0.1017 loss: 247.0414 
episode: 456 count: 349 score: 226.4175 average_last200: 81.4279 epis: 0.1012 loss: 102.9367 
episode: 457 count: 187 score: -0.3656 average_last200: 81.5850 epis: 0.1007 loss: 47.0588 
episode: 458 count: 158 score: -133.1169 average_last200: 80.9915 epis: 0.1002 loss: 43.4471 
episode: 459 count: 111 score: -40.1600 average_last200: 79.6620 epis: 0.0997 loss: 25.3975 
episode: 460 count: 534 score: 156.5809 average_last200: 80.1931 epis: 0.0992 loss: 146.6990 
episode: 461 count: 412 score: 224.4854 average_last200: 80.6462 epis: 0.0987 loss: 107.3722 
episode: 462 count: 359 score: 192.5107 average_last200: 81.9044 epis: 0.0982 loss: 89.3354 
episode: 463 count: 372 score: -156.9070 average_last200: 81.3350 epis: 0.0977 loss: 92.9634 
episode: 464 count: 388 score: -172.2652 average_last200: 80.4364 epis: 0.0972 loss: 91.1253 
episode: 465 count: 447 score: 184.6092 average_last200: 81.4326 epis: 0.0967 loss: 113.6011 
episode: 466 count: 590 score: 184.1425 average_last200: 82.5468 epis: 0.0962 loss: 131.6335 
episode: 467 count: 300 score: 188.4605 average_last200: 83.3875 epis: 0.0958 loss: 76.3165 
episode: 468 count: 440 score: 186.0868 average_last200: 84.2171 epis: 0.0953 loss: 97.5449 
episode: 469 count: 142 score: -79.0894 average_last200: 83.5725 epis: 0.0948 loss: 34.7682 
episode: 470 count: 203 score: 231.3327 average_last200: 84.4650 epis: 0.0943 loss: 48.2630 
episode: 471 count: 580 score: 130.8032 average_last200: 84.8160 epis: 0.0939 loss: 146.9916 
episode: 472 count: 800 score: -251.0975 average_last200: 83.5530 epis: 0.0934 loss: 204.8980 
episode: 473 count: 987 score: -229.4866 average_last200: 82.4428 epis: 0.0929 loss: 249.8039 
episode: 474 count: 504 score: -178.3354 average_last200: 81.4623 epis: 0.0925 loss: 117.1320 
episode: 475 count: 750 score: -230.2509 average_last200: 79.3093 epis: 0.0920 loss: 176.1872 
episode: 476 count: 477 score: 223.4865 average_last200: 79.3077 epis: 0.0915 loss: 113.8534 
episode: 477 count: 789 score: 81.2804 average_last200: 79.4431 epis: 0.0911 loss: 171.9998 
episode: 478 count: 184 score: -16.3660 average_last200: 78.7905 epis: 0.0906 loss: 47.9254 
episode: 479 count: 225 score: 223.5195 average_last200: 79.4605 epis: 0.0902 loss: 61.7177 
episode: 480 count: 533 score: -111.7924 average_last200: 77.8866 epis: 0.0897 loss: 138.1663 
episode: 481 count: 319 score: 253.9836 average_last200: 78.5716 epis: 0.0893 loss: 81.0228 
episode: 482 count: 290 score: 255.7473 average_last200: 78.6503 epis: 0.0888 loss: 69.3588 
episode: 483 count: 291 score: 119.2870 average_last200: 79.8639 epis: 0.0884 loss: 74.7796 
episode: 484 count: 298 score: -86.2088 average_last200: 78.8782 epis: 0.0879 loss: 78.8504 
episode: 485 count: 389 score: 141.4913 average_last200: 79.7229 epis: 0.0875 loss: 96.6329 
episode: 486 count: 429 score: 151.8691 average_last200: 79.5066 epis: 0.0871 loss: 107.2393 
episode: 487 count: 264 score: 251.8067 average_last200: 80.2417 epis: 0.0866 loss: 69.3667 
episode: 488 count: 227 score: 227.0299 average_last200: 80.9045 epis: 0.0862 loss: 63.4702 
episode: 489 count: 428 score: 220.6597 average_last200: 81.6481 epis: 0.0858 loss: 110.9566 
episode: 490 count: 185 score: -14.8492 average_last200: 81.5656 epis: 0.0853 loss: 46.1495 
episode: 491 count: 395 score: 175.7517 average_last200: 81.8442 epis: 0.0849 loss: 103.5188 
episode: 492 count: 246 score: 230.8249 average_last200: 82.1188 epis: 0.0845 loss: 64.0249 
episode: 493 count: 1000 score: 1.4887 average_last200: 81.6775 epis: 0.0841 loss: 238.2606 
episode: 494 count: 706 score: 82.0408 average_last200: 80.9037 epis: 0.0836 loss: 191.6120 
episode: 495 count: 385 score: 221.3467 average_last200: 81.5717 epis: 0.0832 loss: 101.2045 
episode: 496 count: 1000 score: -156.3822 average_last200: 80.3038 epis: 0.0828 loss: 268.3903 
episode: 497 count: 315 score: 209.8099 average_last200: 80.9292 epis: 0.0824 loss: 82.0327 
episode: 498 count: 453 score: 98.5711 average_last200: 80.3083 epis: 0.0820 loss: 104.4848 
episode: 499 count: 910 score: 150.9243 average_last200: 80.6280 epis: 0.0816 loss: 233.6797 
episode: 500 count: 289 score: -48.6117 average_last200: 79.8941 epis: 0.0812 loss: 64.5183 
episode: 501 count: 1000 score: 54.6152 average_last200: 79.0428 epis: 0.0808 loss: 229.2671 
episode: 502 count: 1000 score: -111.3049 average_last200: 77.4252 epis: 0.0804 loss: 252.9391 
episode: 503 count: 546 score: 233.1842 average_last200: 78.0471 epis: 0.0800 loss: 135.8380 
episode: 504 count: 704 score: -138.4921 average_last200: 78.2641 epis: 0.0796 loss: 177.4106 
episode: 505 count: 643 score: 166.4231 average_last200: 78.0208 epis: 0.0792 loss: 155.2814 
episode: 506 count: 1000 score: -76.0228 average_last200: 77.0931 epis: 0.0788 loss: 257.1171 
episode: 507 count: 1000 score: 16.7765 average_last200: 76.6791 epis: 0.0784 loss: 251.4792 
episode: 508 count: 1000 score: -107.9530 average_last200: 75.6345 epis: 0.0780 loss: 270.0654 
episode: 509 count: 1000 score: -95.1282 average_last200: 74.4029 epis: 0.0776 loss: 236.2352 
episode: 510 count: 552 score: 209.8695 average_last200: 75.2684 epis: 0.0772 loss: 137.9348 
episode: 511 count: 727 score: 99.2137 average_last200: 74.8010 epis: 0.0768 loss: 192.4368 
episode: 512 count: 1000 score: -119.8089 average_last200: 73.7355 epis: 0.0764 loss: 259.7352 
episode: 513 count: 1000 score: -136.4144 average_last200: 72.2343 epis: 0.0760 loss: 258.9186 
episode: 514 count: 1000 score: -111.6585 average_last200: 71.1803 epis: 0.0757 loss: 249.9324 
episode: 515 count: 1000 score: -72.5161 average_last200: 70.4108 epis: 0.0753 loss: 254.9712 
episode: 516 count: 220 score: 259.5106 average_last200: 70.8160 epis: 0.0749 loss: 53.2234 
episode: 517 count: 1000 score: -78.7737 average_last200: 69.4004 epis: 0.0745 loss: 241.3464 
episode: 518 count: 1000 score: -38.6979 average_last200: 68.2118 epis: 0.0742 loss: 237.2295 
episode: 519 count: 1000 score: -83.4056 average_last200: 66.7238 epis: 0.0738 loss: 267.0110 
episode: 520 count: 1000 score: -76.9031 average_last200: 65.2525 epis: 0.0734 loss: 284.0440 
episode: 521 count: 1000 score: -111.2671 average_last200: 63.7523 epis: 0.0731 loss: 283.3488 
episode: 522 count: 1000 score: -69.9447 average_last200: 62.2397 epis: 0.0727 loss: 259.3416 
episode: 523 count: 388 score: 202.1916 average_last200: 62.2594 epis: 0.0723 loss: 109.4166 
episode: 524 count: 919 score: 137.7563 average_last200: 61.8321 epis: 0.0720 loss: 241.0925 
episode: 525 count: 959 score: 110.8414 average_last200: 62.0015 epis: 0.0716 loss: 246.6040 
episode: 526 count: 346 score: 187.9565 average_last200: 62.9165 epis: 0.0712 loss: 82.3509 
episode: 527 count: 471 score: 180.2605 average_last200: 62.8844 epis: 0.0709 loss: 122.9257 
episode: 528 count: 362 score: 211.3523 average_last200: 63.5037 epis: 0.0705 loss: 86.3790 
episode: 529 count: 1000 score: -25.5626 average_last200: 62.1707 epis: 0.0702 loss: 250.9516 
episode: 530 count: 1000 score: -30.4275 average_last200: 61.5310 epis: 0.0698 loss: 264.4137 
episode: 531 count: 1000 score: 78.0592 average_last200: 60.9020 epis: 0.0695 loss: 275.4885 
episode: 532 count: 1000 score: 33.5940 average_last200: 59.9829 epis: 0.0691 loss: 264.9992 
episode: 533 count: 577 score: 132.7519 average_last200: 59.6753 epis: 0.0688 loss: 148.6106 
episode: 534 count: 1000 score: 80.0394 average_last200: 58.9796 epis: 0.0684 loss: 257.3578 
episode: 535 count: 783 score: 174.3130 average_last200: 60.0782 epis: 0.0681 loss: 204.4905 
episode: 536 count: 785 score: 92.2949 average_last200: 60.0414 epis: 0.0678 loss: 214.2102 
episode: 537 count: 360 score: 236.6324 average_last200: 60.3262 epis: 0.0674 loss: 86.9642 
episode: 538 count: 299 score: 206.9331 average_last200: 60.4946 epis: 0.0671 loss: 76.5853 
episode: 539 count: 466 score: 152.7372 average_last200: 60.4343 epis: 0.0668 loss: 115.2661 
episode: 540 count: 340 score: 243.3327 average_last200: 61.1047 epis: 0.0664 loss: 92.3801 
episode: 541 count: 369 score: 180.7637 average_last200: 61.3052 epis: 0.0661 loss: 85.6493 
episode: 542 count: 527 score: 180.0686 average_last200: 61.1829 epis: 0.0658 loss: 133.3872 
episode: 543 count: 484 score: 184.5515 average_last200: 61.2802 epis: 0.0654 loss: 120.7205 
episode: 544 count: 1000 score: -25.7683 average_last200: 60.8627 epis: 0.0651 loss: 271.3155 
episode: 545 count: 388 score: 198.3817 average_last200: 61.4316 epis: 0.0648 loss: 94.4630 
episode: 546 count: 351 score: 182.4033 average_last200: 61.9399 epis: 0.0645 loss: 84.8237 
episode: 547 count: 270 score: 209.7376 average_last200: 62.3714 epis: 0.0641 loss: 61.1670 
episode: 548 count: 560 score: 193.4513 average_last200: 62.4636 epis: 0.0638 loss: 133.3827 
episode: 549 count: 518 score: 197.8764 average_last200: 63.8026 epis: 0.0635 loss: 124.7194 
episode: 550 count: 175 score: 235.2876 average_last200: 63.8838 epis: 0.0632 loss: 41.7545 
episode: 551 count: 299 score: 198.7468 average_last200: 63.8360 epis: 0.0629 loss: 76.7133 
episode: 552 count: 414 score: 184.7960 average_last200: 64.0058 epis: 0.0625 loss: 112.4986 
episode: 553 count: 524 score: 179.3098 average_last200: 63.8326 epis: 0.0622 loss: 135.3332 
episode: 554 count: 406 score: 191.2563 average_last200: 63.8786 epis: 0.0619 loss: 110.5880 
episode: 555 count: 569 score: 191.2671 average_last200: 63.9184 epis: 0.0616 loss: 161.3436 
episode: 556 count: 364 score: 213.2880 average_last200: 63.9430 epis: 0.0613 loss: 90.6072 
episode: 557 count: 310 score: 191.1452 average_last200: 64.8827 epis: 0.0610 loss: 83.4225 
episode: 558 count: 656 score: 170.2326 average_last200: 65.2457 epis: 0.0607 loss: 172.4192 
episode: 559 count: 490 score: 236.0480 average_last200: 66.1106 epis: 0.0604 loss: 125.4323 
episode: 560 count: 335 score: 229.5465 average_last200: 67.1575 epis: 0.0601 loss: 89.0567 
episode: 561 count: 448 score: 200.5494 average_last200: 68.3705 epis: 0.0598 loss: 97.3665 
episode: 562 count: 437 score: 179.0021 average_last200: 68.1244 epis: 0.0595 loss: 101.2713 
episode: 563 count: 594 score: 180.4361 average_last200: 69.0578 epis: 0.0592 loss: 170.6137 
episode: 564 count: 488 score: 198.1983 average_last200: 69.9808 epis: 0.0589 loss: 129.2869 
episode: 565 count: 434 score: 182.1403 average_last200: 70.8299 epis: 0.0586 loss: 102.8786 
episode: 566 count: 220 score: 240.7085 average_last200: 72.2588 epis: 0.0583 loss: 57.8267 
episode: 567 count: 391 score: 211.6379 average_last200: 73.3126 epis: 0.0580 loss: 100.7059 
episode: 568 count: 324 score: 187.7124 average_last200: 73.3722 epis: 0.0577 loss: 97.1080 
episode: 569 count: 500 score: 178.9663 average_last200: 73.6180 epis: 0.0574 loss: 123.0446 
episode: 570 count: 300 score: 189.5654 average_last200: 74.5727 epis: 0.0571 loss: 86.1395 
episode: 571 count: 376 score: 180.8979 average_last200: 75.5320 epis: 0.0569 loss: 99.9157 
episode: 572 count: 420 score: 198.2352 average_last200: 76.7097 epis: 0.0566 loss: 114.1193 
episode: 573 count: 193 score: 224.8948 average_last200: 77.4849 epis: 0.0563 loss: 48.9816 
episode: 574 count: 516 score: 159.0278 average_last200: 77.1522 epis: 0.0560 loss: 122.3471 
episode: 575 count: 292 score: 211.8898 average_last200: 77.2064 epis: 0.0557 loss: 81.8213 
episode: 576 count: 121 score: -19.3551 average_last200: 75.9565 epis: 0.0555 loss: 30.2535 
episode: 577 count: 489 score: 194.4071 average_last200: 77.0082 epis: 0.0552 loss: 130.7060 
episode: 578 count: 469 score: 188.6938 average_last200: 78.1230 epis: 0.0549 loss: 105.3825 
episode: 579 count: 323 score: 231.0491 average_last200: 79.2652 epis: 0.0546 loss: 89.3569 
episode: 580 count: 404 score: 211.7901 average_last200: 80.5410 epis: 0.0544 loss: 104.2177 
episode: 581 count: 713 score: 159.7221 average_last200: 81.3272 epis: 0.0541 loss: 163.0223 
episode: 582 count: 460 score: 173.6793 average_last200: 81.1557 epis: 0.0538 loss: 125.7587 
episode: 583 count: 262 score: 248.2914 average_last200: 82.6008 epis: 0.0535 loss: 66.1451 
episode: 584 count: 1000 score: 31.8741 average_last200: 82.8260 epis: 0.0533 loss: 224.3807 
episode: 585 count: 469 score: 209.9191 average_last200: 84.1234 epis: 0.0530 loss: 106.5230 
episode: 586 count: 180 score: -293.0660 average_last200: 83.1548 epis: 0.0527 loss: 39.9302 
episode: 587 count: 411 score: 195.9481 average_last200: 83.6472 epis: 0.0525 loss: 93.7714 
episode: 588 count: 751 score: 143.4853 average_last200: 84.4687 epis: 0.0522 loss: 169.3839 
episode: 589 count: 416 score: 219.2003 average_last200: 85.6806 epis: 0.0520 loss: 101.6185 
episode: 590 count: 452 score: 183.0765 average_last200: 86.7722 epis: 0.0517 loss: 115.3169 
episode: 591 count: 414 score: 170.3460 average_last200: 87.8417 epis: 0.0514 loss: 101.5396 
episode: 592 count: 358 score: 161.7031 average_last200: 89.0158 epis: 0.0512 loss: 86.1974 
episode: 593 count: 365 score: 208.0092 average_last200: 88.8627 epis: 0.0509 loss: 82.8350 
episode: 594 count: 435 score: 215.5478 average_last200: 88.7464 epis: 0.0507 loss: 107.6544 
episode: 595 count: 386 score: 198.2262 average_last200: 90.1641 epis: 0.0504 loss: 86.1410 
episode: 596 count: 460 score: 205.8946 average_last200: 91.2513 epis: 0.0502 loss: 106.0165 
episode: 597 count: 532 score: 206.6460 average_last200: 92.8834 epis: 0.0499 loss: 120.8436 
episode: 598 count: 409 score: 196.2618 average_last200: 92.8083 epis: 0.0497 loss: 92.4972 
episode: 599 count: 315 score: 193.0596 average_last200: 93.9457 epis: 0.0494 loss: 69.4714 
episode: 600 count: 398 score: 206.0687 average_last200: 96.0161 epis: 0.0492 loss: 95.0125 
episode: 601 count: 307 score: 206.1869 average_last200: 96.3985 epis: 0.0489 loss: 65.1701 
episode: 602 count: 407 score: 214.3948 average_last200: 96.5833 epis: 0.0487 loss: 88.9226 
episode: 603 count: 537 score: 177.1061 average_last200: 96.5027 epis: 0.0484 loss: 124.1176 
episode: 604 count: 360 score: 176.9904 average_last200: 96.5196 epis: 0.0482 loss: 77.7315 
episode: 605 count: 567 score: 143.0370 average_last200: 97.1761 epis: 0.0479 loss: 127.8181 
episode: 606 count: 402 score: 174.2282 average_last200: 97.3171 epis: 0.0477 loss: 79.5848 
episode: 607 count: 385 score: 203.1641 average_last200: 98.3991 epis: 0.0475 loss: 84.2090 
episode: 608 count: 631 score: 168.3254 average_last200: 99.4972 epis: 0.0472 loss: 129.8433 
episode: 609 count: 533 score: 224.2390 average_last200: 100.8024 epis: 0.0470 loss: 98.5260 
episode: 610 count: 1000 score: -3.9702 average_last200: 99.7062 epis: 0.0468 loss: 196.2954 
episode: 611 count: 257 score: 215.9922 average_last200: 100.8460 epis: 0.0465 loss: 51.4933 
episode: 612 count: 364 score: -246.2282 average_last200: 99.7418 epis: 0.0463 loss: 63.4443 
episode: 613 count: 611 score: 150.0336 average_last200: 100.5754 epis: 0.0461 loss: 120.3358 
episode: 614 count: 911 score: 80.2089 average_last200: 101.0578 epis: 0.0458 loss: 182.8167 
episode: 615 count: 502 score: 182.6695 average_last200: 102.1803 epis: 0.0456 loss: 92.6864 
episode: 616 count: 227 score: 198.4378 average_last200: 102.1311 epis: 0.0454 loss: 42.8724 
episode: 617 count: 418 score: 216.6248 average_last200: 102.0587 epis: 0.0452 loss: 85.3050 
episode: 618 count: 326 score: 257.3031 average_last200: 103.4444 epis: 0.0449 loss: 53.1296 
episode: 619 count: 246 score: 252.0101 average_last200: 104.2026 epis: 0.0447 loss: 44.4780 
episode: 620 count: 321 score: 185.3633 average_last200: 106.1925 epis: 0.0445 loss: 56.9609 
episode: 621 count: 1000 score: -68.3168 average_last200: 105.6402 epis: 0.0443 loss: 201.0128 
episode: 622 count: 281 score: 205.2893 average_last200: 105.4599 epis: 0.0440 loss: 52.2093 
episode: 623 count: 199 score: 213.5109 average_last200: 105.5100 epis: 0.0438 loss: 39.7115 
episode: 624 count: 624 score: 158.7286 average_last200: 106.4172 epis: 0.0436 loss: 118.7456 
episode: 625 count: 517 score: 183.0748 average_last200: 107.5503 epis: 0.0434 loss: 84.3286 
episode: 626 count: 365 score: 238.3342 average_last200: 108.9587 epis: 0.0432 loss: 61.1297 
episode: 627 count: 625 score: 130.7324 average_last200: 109.7493 epis: 0.0429 loss: 112.0886 
episode: 628 count: 718 score: 155.3236 average_last200: 110.5631 epis: 0.0427 loss: 116.3450 
episode: 629 count: 293 score: 218.3131 average_last200: 111.7778 epis: 0.0425 loss: 51.5859 
episode: 630 count: 1000 score: 12.6817 average_last200: 112.1064 epis: 0.0423 loss: 169.6914 
episode: 631 count: 582 score: 208.0990 average_last200: 112.8196 epis: 0.0421 loss: 97.7765 
episode: 632 count: 262 score: 198.2229 average_last200: 114.0243 epis: 0.0419 loss: 37.6810 
episode: 633 count: 376 score: 220.6887 average_last200: 116.0663 epis: 0.0417 loss: 64.3507 
episode: 634 count: 933 score: 89.1735 average_last200: 116.3991 epis: 0.0415 loss: 147.7669 
episode: 635 count: 1000 score: -99.7706 average_last200: 115.8162 epis: 0.0413 loss: 160.3739 
episode: 636 count: 606 score: 127.7527 average_last200: 115.5464 epis: 0.0410 loss: 95.5457 
episode: 637 count: 349 score: 235.9924 average_last200: 118.2308 epis: 0.0408 loss: 56.2341 
episode: 638 count: 757 score: 222.8110 average_last200: 119.5482 epis: 0.0406 loss: 109.6564 
episode: 639 count: 270 score: 268.0885 average_last200: 119.7224 epis: 0.0404 loss: 36.7473 
episode: 640 count: 427 score: 216.8258 average_last200: 120.8109 epis: 0.0402 loss: 68.6322 
episode: 641 count: 566 score: 197.9636 average_last200: 120.8007 epis: 0.0400 loss: 78.7376 
episode: 642 count: 804 score: 110.0848 average_last200: 121.2165 epis: 0.0398 loss: 113.8502 
episode: 643 count: 611 score: 232.8201 average_last200: 121.5661 epis: 0.0396 loss: 81.2101 
episode: 644 count: 292 score: 218.0551 average_last200: 121.6177 epis: 0.0394 loss: 45.8034 
episode: 645 count: 443 score: 189.1645 average_last200: 123.0397 epis: 0.0392 loss: 69.7090 
episode: 646 count: 356 score: 187.6535 average_last200: 122.7721 epis: 0.0390 loss: 50.7179 
episode: 647 count: 242 score: 240.2632 average_last200: 122.7784 epis: 0.0388 loss: 33.9893 
episode: 648 count: 312 score: 236.2456 average_last200: 124.6405 epis: 0.0387 loss: 49.1083 
episode: 649 count: 325 score: 237.9065 average_last200: 124.5858 epis: 0.0385 loss: 47.1239 
episode: 650 count: 1000 score: 66.6509 average_last200: 125.1588 epis: 0.0383 loss: 138.3165 
episode: 651 count: 320 score: 217.6662 average_last200: 125.0591 epis: 0.0381 loss: 49.6104 
episode: 652 count: 272 score: 232.6496 average_last200: 125.3712 epis: 0.0379 loss: 33.7753 
episode: 653 count: 331 score: 215.2272 average_last200: 125.4850 epis: 0.0377 loss: 39.7183 
episode: 654 count: 606 score: 161.1252 average_last200: 125.9098 epis: 0.0375 loss: 83.9836 
episode: 655 count: 535 score: 177.4252 average_last200: 126.2836 epis: 0.0373 loss: 73.9603 
episode: 656 count: 266 score: 238.4489 average_last200: 126.3438 epis: 0.0371 loss: 35.8548 
episode: 657 count: 416 score: 168.3535 average_last200: 127.1874 epis: 0.0369 loss: 55.7921 
episode: 658 count: 329 score: 189.9663 average_last200: 128.8028 epis: 0.0368 loss: 47.3688 
episode: 659 count: 792 score: 162.8152 average_last200: 129.8177 epis: 0.0366 loss: 112.5162 
episode: 660 count: 470 score: 167.3643 average_last200: 129.8716 epis: 0.0364 loss: 65.2530 
episode: 661 count: 326 score: 253.1298 average_last200: 130.0148 epis: 0.0362 loss: 44.9920 
episode: 662 count: 490 score: 178.8262 average_last200: 129.9464 epis: 0.0360 loss: 64.4676 
episode: 663 count: 279 score: 222.5586 average_last200: 131.8437 epis: 0.0359 loss: 33.6654 
episode: 664 count: 281 score: 229.4051 average_last200: 133.8521 epis: 0.0357 loss: 45.5659 
episode: 665 count: 301 score: 225.9220 average_last200: 134.0586 epis: 0.0355 loss: 41.7616 
episode: 666 count: 1000 score: 87.3514 average_last200: 133.5747 epis: 0.0353 loss: 140.8333 
episode: 667 count: 294 score: 214.4693 average_last200: 133.7047 epis: 0.0351 loss: 43.3254 
episode: 668 count: 622 score: 184.4277 average_last200: 133.6964 epis: 0.0350 loss: 86.4935 
episode: 669 count: 807 score: 142.0311 average_last200: 134.8020 epis: 0.0348 loss: 117.1714 
episode: 670 count: 242 score: 225.1478 average_last200: 134.7711 epis: 0.0346 loss: 32.2377 
episode: 671 count: 216 score: 198.2200 average_last200: 135.1082 epis: 0.0344 loss: 26.3004 
episode: 672 count: 163 score: -140.4731 average_last200: 135.6613 epis: 0.0343 loss: 22.1462 
episode: 673 count: 503 score: 214.7499 average_last200: 137.8825 epis: 0.0341 loss: 66.6167 
episode: 674 count: 285 score: 220.7998 average_last200: 139.8782 epis: 0.0339 loss: 46.7407 
episode: 675 count: 226 score: 231.6302 average_last200: 142.1876 epis: 0.0338 loss: 30.2196 
episode: 676 count: 725 score: 208.2488 average_last200: 142.1114 epis: 0.0336 loss: 104.4754 
episode: 677 count: 422 score: 187.8076 average_last200: 142.6440 epis: 0.0334 loss: 53.8426 
episode: 678 count: 251 score: 209.0501 average_last200: 143.7711 epis: 0.0333 loss: 34.6547 
episode: 679 count: 606 score: 164.1809 average_last200: 143.4744 epis: 0.0331 loss: 80.1107 
episode: 680 count: 225 score: 180.3652 average_last200: 144.9352 epis: 0.0329 loss: 33.1653 
episode: 681 count: 253 score: 222.9278 average_last200: 144.7799 epis: 0.0328 loss: 35.8558 
episode: 682 count: 452 score: 209.0855 average_last200: 144.5466 epis: 0.0326 loss: 61.3368 
episode: 683 count: 190 score: -137.7618 average_last200: 143.2614 epis: 0.0324 loss: 20.0831 
episode: 684 count: 405 score: 152.9416 average_last200: 144.4571 epis: 0.0323 loss: 49.1124 
episode: 685 count: 523 score: 200.3126 average_last200: 144.7512 epis: 0.0321 loss: 72.4547 
episode: 686 count: 759 score: 189.3644 average_last200: 144.9387 epis: 0.0319 loss: 99.8253 
episode: 687 count: 474 score: 160.7271 average_last200: 144.4833 epis: 0.0318 loss: 64.0823 
episode: 688 count: 585 score: 194.6864 average_last200: 144.3216 epis: 0.0316 loss: 64.3999 
episode: 689 count: 438 score: 161.4677 average_last200: 144.0256 epis: 0.0315 loss: 56.6579 
episode: 690 count: 196 score: 222.7912 average_last200: 145.2138 epis: 0.0313 loss: 22.7297 
episode: 691 count: 511 score: 150.1045 average_last200: 145.0856 epis: 0.0312 loss: 57.0932 
episode: 692 count: 351 score: 174.4459 average_last200: 144.8037 epis: 0.0310 loss: 41.0100 
episode: 693 count: 344 score: 172.4263 average_last200: 145.6584 epis: 0.0308 loss: 43.4470 
episode: 694 count: 263 score: 258.8518 average_last200: 146.5424 epis: 0.0307 loss: 35.5917 
episode: 695 count: 272 score: 219.5193 average_last200: 146.5333 epis: 0.0305 loss: 31.7856 
episode: 696 count: 391 score: 175.9745 average_last200: 148.1951 epis: 0.0304 loss: 52.1408 
episode: 697 count: 676 score: -211.0688 average_last200: 146.0907 epis: 0.0302 loss: 78.1517 
episode: 698 count: 289 score: 254.5745 average_last200: 146.8707 epis: 0.0301 loss: 36.3276 
episode: 699 count: 397 score: 232.7066 average_last200: 147.2796 epis: 0.0299 loss: 52.8720 
episode: 700 count: 327 score: 175.9206 average_last200: 148.4023 epis: 0.0298 loss: 44.8604 
episode: 701 count: 290 score: 179.1660 average_last200: 149.0250 epis: 0.0296 loss: 42.3344 
episode: 702 count: 323 score: 197.1721 average_last200: 150.5674 epis: 0.0295 loss: 45.6639 
episode: 703 count: 242 score: 237.6015 average_last200: 150.5895 epis: 0.0293 loss: 33.8641 
episode: 704 count: 368 score: 171.6965 average_last200: 152.1404 epis: 0.0292 loss: 47.9667 
episode: 705 count: 431 score: 207.5092 average_last200: 152.3459 epis: 0.0290 loss: 57.1552 
episode: 706 count: 625 score: 145.2054 average_last200: 153.4520 epis: 0.0289 loss: 87.4930 
episode: 707 count: 481 score: 170.6066 average_last200: 154.2212 epis: 0.0288 loss: 55.3396 
episode: 708 count: 350 score: 204.3990 average_last200: 155.7829 epis: 0.0286 loss: 42.3898 
episode: 709 count: 215 score: 236.1576 average_last200: 157.4394 epis: 0.0285 loss: 27.7498 
episode: 710 count: 532 score: 171.9318 average_last200: 157.2497 epis: 0.0283 loss: 64.2678 
episode: 711 count: 456 score: 179.0910 average_last200: 157.6491 epis: 0.0282 loss: 60.9105 
episode: 712 count: 301 score: 201.0365 average_last200: 159.2533 epis: 0.0280 loss: 30.0986 
episode: 713 count: 633 score: 164.5381 average_last200: 160.7580 epis: 0.0279 loss: 84.7313 
episode: 714 count: 243 score: 214.5506 average_last200: 162.3891 epis: 0.0278 loss: 30.5617 
episode: 715 count: 377 score: 173.0164 average_last200: 163.6168 epis: 0.0276 loss: 48.3882 
episode: 716 count: 483 score: 207.9754 average_last200: 163.3591 epis: 0.0275 loss: 61.2800 
episode: 717 count: 320 score: 194.6181 average_last200: 164.7260 epis: 0.0274 loss: 39.9921 
episode: 718 count: 568 score: 172.3185 average_last200: 165.7811 epis: 0.0272 loss: 70.2095 
episode: 719 count: 563 score: 192.1608 average_last200: 167.1590 epis: 0.0271 loss: 76.6627 
episode: 720 count: 527 score: 162.3356 average_last200: 168.3551 epis: 0.0269 loss: 63.4599 
episode: 721 count: 283 score: 242.0504 average_last200: 170.1217 epis: 0.0268 loss: 38.3301 
episode: 722 count: 385 score: 240.4818 average_last200: 171.6739 epis: 0.0267 loss: 46.7843 
episode: 723 count: 526 score: 141.9543 average_last200: 171.3727 epis: 0.0265 loss: 71.7260 
episode: 724 count: 267 score: 223.7188 average_last200: 171.8025 epis: 0.0264 loss: 28.6691 
episode: 725 count: 481 score: 189.2988 average_last200: 172.1948 epis: 0.0263 loss: 55.7828 
episode: 726 count: 233 score: 193.3194 average_last200: 172.2216 epis: 0.0261 loss: 29.6986 
episode: 727 count: 122 score: -60.2858 average_last200: 171.0189 epis: 0.0260 loss: 19.4554 
episode: 728 count: 313 score: 192.9878 average_last200: 170.9270 epis: 0.0259 loss: 39.2293 
episode: 729 count: 300 score: 208.9082 average_last200: 172.0994 epis: 0.0258 loss: 34.1479 
episode: 730 count: 137 score: -1.2325 average_last200: 172.2454 epis: 0.0256 loss: 16.0031 
episode: 731 count: 311 score: 231.6260 average_last200: 173.0132 epis: 0.0255 loss: 43.2374 
episode: 732 count: 162 score: -7.6469 average_last200: 172.8070 epis: 0.0254 loss: 23.0077 
episode: 733 count: 446 score: 193.7186 average_last200: 173.1118 epis: 0.0252 loss: 51.4392 
episode: 734 count: 318 score: 233.1147 average_last200: 173.8772 epis: 0.0251 loss: 43.4820 
episode: 735 count: 176 score: -15.9585 average_last200: 172.9259 epis: 0.0250 loss: 23.6736 
episode: 736 count: 235 score: 156.6021 average_last200: 173.2474 epis: 0.0249 loss: 29.7465 
episode: 737 count: 186 score: -12.5623 average_last200: 172.0014 epis: 0.0247 loss: 25.1173 
episode: 738 count: 299 score: 215.6392 average_last200: 172.0449 epis: 0.0246 loss: 40.1406 
episode: 739 count: 456 score: 182.0980 average_last200: 172.1917 epis: 0.0245 loss: 59.8714 
episode: 740 count: 604 score: 165.0337 average_last200: 171.8003 epis: 0.0244 loss: 68.6496 
episode: 741 count: 554 score: 159.0738 average_last200: 171.6918 epis: 0.0243 loss: 68.1571 
episode: 742 count: 537 score: 169.3102 average_last200: 171.6380 epis: 0.0241 loss: 71.4511 
episode: 743 count: 385 score: 244.1577 average_last200: 171.9360 epis: 0.0240 loss: 55.0490 
episode: 744 count: 243 score: -161.4157 average_last200: 171.2578 epis: 0.0239 loss: 29.5488 
episode: 745 count: 463 score: 213.7246 average_last200: 171.3345 epis: 0.0238 loss: 52.7763 
episode: 746 count: 1000 score: 1.2752 average_last200: 170.4289 epis: 0.0237 loss: 129.7721 
episode: 747 count: 1000 score: -4.5706 average_last200: 169.3573 epis: 0.0235 loss: 134.3826 
episode: 748 count: 1000 score: 1.4309 average_last200: 168.3972 epis: 0.0234 loss: 130.5289 
episode: 749 count: 597 score: 145.0090 average_last200: 168.1329 epis: 0.0233 loss: 87.8582 
episode: 750 count: 665 score: 122.9771 average_last200: 167.5713 epis: 0.0232 loss: 82.4709 
episode: 751 count: 684 score: 149.0392 average_last200: 167.3228 epis: 0.0231 loss: 93.8024 
episode: 752 count: 951 score: 107.6171 average_last200: 166.9369 epis: 0.0229 loss: 129.1120 
episode: 753 count: 409 score: 163.7322 average_last200: 166.8590 epis: 0.0228 loss: 55.8300 
episode: 754 count: 765 score: 111.2672 average_last200: 166.4591 epis: 0.0227 loss: 90.4145 
episode: 755 count: 468 score: 155.2559 average_last200: 166.2790 epis: 0.0226 loss: 56.5438 
episode: 756 count: 559 score: 191.4297 average_last200: 166.1697 epis: 0.0225 loss: 77.3217 
episode: 757 count: 358 score: 235.3608 average_last200: 166.3908 epis: 0.0224 loss: 46.4785 
episode: 758 count: 399 score: 231.8305 average_last200: 166.6988 epis: 0.0223 loss: 43.7947 
episode: 759 count: 382 score: 210.8015 average_last200: 166.5726 epis: 0.0222 loss: 57.8031 
episode: 760 count: 442 score: 181.6346 average_last200: 166.3330 epis: 0.0220 loss: 57.7276 
episode: 761 count: 470 score: 212.5183 average_last200: 166.3929 epis: 0.0219 loss: 66.1302 
episode: 762 count: 420 score: 230.1045 average_last200: 166.6484 epis: 0.0218 loss: 51.2347 
episode: 763 count: 382 score: 200.5491 average_last200: 166.7489 epis: 0.0217 loss: 50.3494 
episode: 764 count: 415 score: 165.2774 average_last200: 166.5843 epis: 0.0216 loss: 55.4949 
episode: 765 count: 420 score: 218.8596 average_last200: 166.7679 epis: 0.0215 loss: 50.7571 
episode: 766 count: 382 score: 209.6042 average_last200: 166.6124 epis: 0.0214 loss: 57.0166 
episode: 767 count: 275 score: 178.3128 average_last200: 166.4458 epis: 0.0213 loss: 32.1428 
episode: 768 count: 373 score: 221.5318 average_last200: 166.6149 epis: 0.0212 loss: 50.1985 
episode: 769 count: 746 score: 178.8748 average_last200: 166.6144 epis: 0.0211 loss: 101.7036 
episode: 770 count: 381 score: 235.9446 average_last200: 166.8463 epis: 0.0210 loss: 60.2345 
episode: 771 count: 412 score: 217.8420 average_last200: 167.0310 epis: 0.0209 loss: 58.0138 
episode: 772 count: 480 score: 202.0444 average_last200: 167.0501 epis: 0.0208 loss: 59.5682 
episode: 773 count: 191 score: -1.5935 average_last200: 165.9176 epis: 0.0207 loss: 29.4669 
episode: 774 count: 621 score: 169.9283 average_last200: 165.9721 epis: 0.0206 loss: 82.0159 
episode: 775 count: 436 score: 212.2435 average_last200: 165.9739 epis: 0.0205 loss: 52.5567 
episode: 776 count: 428 score: 173.9700 average_last200: 166.9405 epis: 0.0203 loss: 60.9658 
episode: 777 count: 509 score: 161.0937 average_last200: 166.7740 epis: 0.0202 loss: 66.2655 
episode: 778 count: 687 score: 131.7906 average_last200: 166.4894 epis: 0.0201 loss: 95.3166 
episode: 779 count: 283 score: 196.6729 average_last200: 166.3176 epis: 0.0200 loss: 36.3360 
episode: 780 count: 353 score: 203.5503 average_last200: 166.2764 epis: 0.0199 loss: 43.3782 
episode: 781 count: 312 score: 202.9659 average_last200: 166.4926 epis: 0.0198 loss: 42.3504 
episode: 782 count: 296 score: 190.2050 average_last200: 166.5752 epis: 0.0197 loss: 34.7315 
episode: 783 count: 532 score: 211.4561 average_last200: 166.3910 epis: 0.0196 loss: 70.6721 
episode: 784 count: 329 score: 212.7239 average_last200: 167.2953 epis: 0.0195 loss: 45.8945 
episode: 785 count: 319 score: 231.7276 average_last200: 167.4043 epis: 0.0195 loss: 34.9959 
episode: 786 count: 408 score: 207.7822 average_last200: 169.9086 epis: 0.0194 loss: 66.0929 
episode: 787 count: 510 score: 206.7701 average_last200: 169.9627 epis: 0.0193 loss: 73.5362 
episode: 788 count: 293 score: 238.8048 average_last200: 170.4393 epis: 0.0192 loss: 36.6833 
episode: 789 count: 464 score: 155.7734 average_last200: 170.1221 epis: 0.0191 loss: 58.4948 
episode: 790 count: 309 score: 198.5664 average_last200: 170.1996 epis: 0.0190 loss: 34.9553 
episode: 791 count: 367 score: 208.7967 average_last200: 170.3918 epis: 0.0189 loss: 44.8456 
episode: 792 count: 352 score: 212.0597 average_last200: 170.6436 epis: 0.0188 loss: 44.5861 
episode: 793 count: 112 score: -8.0803 average_last200: 169.5632 epis: 0.0187 loss: 12.7556 
episode: 794 count: 470 score: 176.8494 average_last200: 169.3697 epis: 0.0186 loss: 62.6461 
episode: 795 count: 296 score: 224.8280 average_last200: 169.5027 epis: 0.0185 loss: 36.3929 
episode: 796 count: 544 score: 216.4313 average_last200: 169.5554 epis: 0.0184 loss: 62.5568 
episode: 797 count: 512 score: 200.5085 average_last200: 169.5247 epis: 0.0183 loss: 66.6005 
episode: 798 count: 284 score: 216.4437 average_last200: 169.6256 epis: 0.0182 loss: 36.4391 
episode: 799 count: 149 score: -18.5694 average_last200: 168.5675 epis: 0.0181 loss: 16.6429 
episode: 800 count: 143 score: 6.5319 average_last200: 167.5698 epis: 0.0180 loss: 19.5809 
episode: 801 count: 344 score: 180.1679 average_last200: 167.4397 epis: 0.0180 loss: 50.1459 
episode: 802 count: 261 score: 187.5184 average_last200: 167.3053 epis: 0.0179 loss: 39.8116 
episode: 803 count: 285 score: 212.6724 average_last200: 167.4831 epis: 0.0178 loss: 31.2127 
episode: 804 count: 112 score: -50.1835 average_last200: 166.3473 epis: 0.0177 loss: 12.8242 
episode: 805 count: 543 score: 201.6128 average_last200: 166.6401 epis: 0.0176 loss: 65.6259 
episode: 806 count: 251 score: 237.4863 average_last200: 166.9564 epis: 0.0175 loss: 33.2469 
episode: 807 count: 337 score: 201.6820 average_last200: 166.9490 epis: 0.0174 loss: 44.6764 
episode: 808 count: 335 score: 181.8681 average_last200: 167.0167 epis: 0.0173 loss: 45.4462 
episode: 809 count: 384 score: 213.3392 average_last200: 166.9622 epis: 0.0172 loss: 41.0722 
episode: 810 count: 405 score: 201.9512 average_last200: 167.9918 epis: 0.0172 loss: 62.4460 
episode: 811 count: 529 score: 182.0692 average_last200: 167.8222 epis: 0.0171 loss: 68.3840 
episode: 812 count: 527 score: 185.6872 average_last200: 169.9818 epis: 0.0170 loss: 69.3605 
episode: 813 count: 405 score: 205.3756 average_last200: 170.2585 epis: 0.0169 loss: 58.3903 
episode: 814 count: 339 score: 179.7513 average_last200: 170.7562 epis: 0.0168 loss: 44.1207 
episode: 815 count: 285 score: 184.6782 average_last200: 170.7663 epis: 0.0167 loss: 34.0349 
episode: 816 count: 485 score: 212.2403 average_last200: 170.8353 epis: 0.0167 loss: 68.2647 
episode: 817 count: 270 score: 219.6187 average_last200: 170.8503 epis: 0.0166 loss: 37.8207 
episode: 818 count: 530 score: -97.3858 average_last200: 169.0768 epis: 0.0165 loss: 79.7966 
episode: 819 count: 380 score: 231.8466 average_last200: 168.9760 epis: 0.0164 loss: 45.7410 
episode: 820 count: 349 score: 195.2891 average_last200: 169.0256 epis: 0.0163 loss: 49.0540 
episode: 821 count: 565 score: 183.3038 average_last200: 170.2837 epis: 0.0162 loss: 75.5142 
episode: 822 count: 291 score: 213.4495 average_last200: 170.3245 epis: 0.0162 loss: 36.0085 
episode: 823 count: 274 score: 244.4008 average_last200: 170.4790 epis: 0.0161 loss: 36.0152 
episode: 824 count: 566 score: 159.3221 average_last200: 170.4819 epis: 0.0160 loss: 74.3060 
episode: 825 count: 599 score: 153.4938 average_last200: 170.3340 epis: 0.0159 loss: 69.2854 
episode: 826 count: 432 score: 231.3774 average_last200: 170.2993 epis: 0.0158 loss: 56.1667 
episode: 827 count: 285 score: 214.5954 average_last200: 170.7186 epis: 0.0158 loss: 35.9841 
episode: 828 count: 397 score: 195.1257 average_last200: 170.9176 epis: 0.0157 loss: 52.4207 
episode: 829 count: 368 score: 185.0777 average_last200: 170.7514 epis: 0.0156 loss: 44.0524 
episode: 830 count: 438 score: 214.2344 average_last200: 171.7592 epis: 0.0155 loss: 55.1900 
episode: 831 count: 399 score: 232.2448 average_last200: 171.8799 epis: 0.0154 loss: 53.5046 
episode: 832 count: 255 score: 201.2967 average_last200: 171.8953 epis: 0.0154 loss: 37.7355 
episode: 833 count: 338 score: 211.5851 average_last200: 171.8497 epis: 0.0153 loss: 40.4796 
episode: 834 count: 275 score: 220.4573 average_last200: 172.5062 epis: 0.0152 loss: 35.1898 
episode: 835 count: 465 score: 189.4094 average_last200: 173.9521 epis: 0.0151 loss: 64.7295 
episode: 836 count: 116 score: -36.2863 average_last200: 173.1319 epis: 0.0151 loss: 14.4721 
episode: 837 count: 295 score: 243.9154 average_last200: 173.1715 epis: 0.0150 loss: 36.5963 
episode: 838 count: 271 score: 258.9281 average_last200: 173.3521 epis: 0.0149 loss: 41.8719 
episode: 839 count: 301 score: 226.2023 average_last200: 173.1426 epis: 0.0148 loss: 43.9163 
episode: 840 count: 281 score: 207.2600 average_last200: 173.0948 epis: 0.0148 loss: 39.0990 
episode: 841 count: 380 score: 235.4055 average_last200: 173.2820 epis: 0.0147 loss: 44.9362 
episode: 842 count: 503 score: 176.4774 average_last200: 173.6140 epis: 0.0146 loss: 74.6117 
episode: 843 count: 167 score: -52.9459 average_last200: 172.1852 epis: 0.0145 loss: 21.7294 
episode: 844 count: 374 score: 175.3123 average_last200: 171.9714 epis: 0.0145 loss: 46.2750 
episode: 845 count: 623 score: 99.9878 average_last200: 171.5256 epis: 0.0144 loss: 88.3471 
episode: 846 count: 353 score: 201.9540 average_last200: 171.5971 epis: 0.0143 loss: 43.3124 
episode: 847 count: 848 score: -101.2708 average_last200: 169.8894 epis: 0.0143 loss: 132.1668 
episode: 848 count: 434 score: 232.0766 average_last200: 169.8685 epis: 0.0142 loss: 62.1837 
episode: 849 count: 563 score: 215.0561 average_last200: 169.7543 epis: 0.0141 loss: 76.2811 
episode: 850 count: 272 score: 247.8083 average_last200: 170.6601 epis: 0.0140 loss: 37.6192 
episode: 851 count: 1000 score: -63.0096 average_last200: 169.2567 epis: 0.0140 loss: 139.3995 
episode: 852 count: 1000 score: -49.2969 average_last200: 167.8470 epis: 0.0139 loss: 146.1161 
episode: 853 count: 447 score: 183.7773 average_last200: 167.6897 epis: 0.0138 loss: 57.4611 
episode: 854 count: 405 score: 198.2248 average_last200: 167.8752 epis: 0.0138 loss: 64.2955 
episode: 855 count: 462 score: 169.4065 average_last200: 167.8351 epis: 0.0137 loss: 66.9717 
episode: 856 count: 516 score: 158.4923 average_last200: 167.4353 epis: 0.0136 loss: 68.9844 
episode: 857 count: 677 score: 133.1273 average_last200: 167.2592 epis: 0.0136 loss: 92.5118 
episode: 858 count: 1000 score: -49.3353 average_last200: 166.0627 epis: 0.0135 loss: 121.7663 
episode: 859 count: 363 score: 164.5004 average_last200: 166.0711 epis: 0.0134 loss: 41.1630 
episode: 860 count: 490 score: 179.7259 average_last200: 166.1329 epis: 0.0134 loss: 70.7019 
episode: 861 count: 624 score: 146.9283 average_last200: 165.6019 epis: 0.0133 loss: 85.8487 
episode: 862 count: 1000 score: -54.7632 average_last200: 164.4340 epis: 0.0132 loss: 128.5849 
episode: 863 count: 745 score: 133.4867 average_last200: 163.9886 epis: 0.0132 loss: 100.8698 
episode: 864 count: 435 score: 188.9419 average_last200: 163.7863 epis: 0.0131 loss: 54.9442 
episode: 865 count: 817 score: 95.7887 average_last200: 163.1356 epis: 0.0130 loss: 107.6274 
episode: 866 count: 547 score: 134.7711 average_last200: 163.3727 epis: 0.0130 loss: 71.7884 
episode: 867 count: 1000 score: -19.1689 average_last200: 162.2045 epis: 0.0129 loss: 134.6501 
episode: 868 count: 389 score: 212.2757 average_last200: 162.3438 epis: 0.0128 loss: 54.9807 
episode: 869 count: 1000 score: -44.2635 average_last200: 161.4123 epis: 0.0128 loss: 134.5945 
episode: 870 count: 276 score: -19.2573 average_last200: 160.1903 epis: 0.0127 loss: 32.2630 
episode: 871 count: 696 score: 154.8657 average_last200: 159.9735 epis: 0.0126 loss: 88.7728 
episode: 872 count: 517 score: 215.6589 average_last200: 161.7542 epis: 0.0126 loss: 68.5831 
episode: 873 count: 622 score: 198.9552 average_last200: 161.6752 epis: 0.0125 loss: 83.6424 
episode: 874 count: 492 score: -28.8456 average_last200: 160.4270 epis: 0.0125 loss: 70.4217 
episode: 875 count: 407 score: 232.3865 average_last200: 160.4308 epis: 0.0124 loss: 41.3909 
episode: 876 count: 382 score: 169.8118 average_last200: 160.2386 epis: 0.0123 loss: 51.4534 
episode: 877 count: 282 score: 198.7373 average_last200: 160.2932 epis: 0.0123 loss: 31.9701 
episode: 878 count: 1000 score: -11.2004 average_last200: 159.1920 epis: 0.0122 loss: 120.9197 
episode: 879 count: 1000 score: -28.1814 average_last200: 158.2302 epis: 0.0121 loss: 126.6174 
episode: 880 count: 181 score: 17.3749 average_last200: 157.4152 epis: 0.0121 loss: 26.9400 
episode: 881 count: 526 score: 184.4659 average_last200: 157.2229 epis: 0.0120 loss: 72.5999 
episode: 882 count: 497 score: -48.6886 average_last200: 155.9340 epis: 0.0120 loss: 57.6384 
episode: 883 count: 1000 score: -31.5839 average_last200: 156.4649 epis: 0.0119 loss: 119.2690 
episode: 884 count: 447 score: -11.5996 average_last200: 155.6422 epis: 0.0118 loss: 54.7879 
episode: 885 count: 429 score: -64.7353 average_last200: 154.3170 epis: 0.0118 loss: 56.1345 
episode: 886 count: 192 score: -19.4132 average_last200: 153.2731 epis: 0.0117 loss: 32.2491 
episode: 887 count: 238 score: 237.0614 average_last200: 153.6547 epis: 0.0117 loss: 30.5742 
episode: 888 count: 655 score: -97.9229 average_last200: 152.1917 epis: 0.0116 loss: 74.0698 
episode: 889 count: 440 score: -57.0596 average_last200: 151.0991 epis: 0.0115 loss: 44.7211 
episode: 890 count: 597 score: -73.0609 average_last200: 149.6198 epis: 0.0115 loss: 76.7948 
episode: 891 count: 190 score: -78.0798 average_last200: 148.4789 epis: 0.0114 loss: 18.3527 
episode: 892 count: 236 score: -68.1124 average_last200: 147.2661 epis: 0.0114 loss: 29.9842 
episode: 893 count: 1000 score: -58.3830 average_last200: 146.1120 epis: 0.0113 loss: 113.0051 
episode: 894 count: 520 score: -48.4776 average_last200: 144.5754 epis: 0.0113 loss: 55.2591 
episode: 895 count: 698 score: -125.8986 average_last200: 142.8483 epis: 0.0112 loss: 77.7753 
episode: 896 count: 265 score: -78.1227 average_last200: 141.5778 epis: 0.0112 loss: 22.5075 
episode: 897 count: 235 score: -23.2851 average_last200: 142.5167 epis: 0.0111 loss: 31.2590 
episode: 898 count: 1000 score: -61.2646 average_last200: 140.9375 epis: 0.0110 loss: 114.1871 
episode: 899 count: 180 score: -94.8379 average_last200: 139.2998 epis: 0.0110 loss: 22.9983 
episode: 900 count: 179 score: -76.3718 average_last200: 138.0384 epis: 0.0109 loss: 18.7878 
episode: 901 count: 167 score: -65.7113 average_last200: 136.8140 epis: 0.0109 loss: 19.1276 
episode: 902 count: 150 score: -58.5975 average_last200: 135.5351 epis: 0.0108 loss: 14.0555 
episode: 903 count: 298 score: -17.0547 average_last200: 134.2618 epis: 0.0108 loss: 37.8204 
episode: 904 count: 497 score: -97.2688 average_last200: 132.9170 epis: 0.0107 loss: 55.7386 
episode: 905 count: 1000 score: -117.7639 average_last200: 131.2907 epis: 0.0107 loss: 108.1865 
episode: 906 count: 162 score: -68.9439 average_last200: 130.2199 epis: 0.0106 loss: 15.3558 
episode: 907 count: 183 score: -32.2067 average_last200: 129.2058 epis: 0.0106 loss: 19.9799 
episode: 908 count: 1000 score: -82.3742 average_last200: 127.7720 epis: 0.0105 loss: 127.4207 
episode: 909 count: 467 score: 97.9950 average_last200: 127.0812 epis: 0.0104 loss: 49.0273 
episode: 910 count: 1000 score: -51.1678 average_last200: 125.9657 epis: 0.0104 loss: 121.4040 
episode: 911 count: 1000 score: -73.7302 average_last200: 124.7016 epis: 0.0103 loss: 123.9567 
episode: 912 count: 143 score: 12.9406 average_last200: 123.7611 epis: 0.0103 loss: 19.4211 
episode: 913 count: 1000 score: -46.6599 average_last200: 122.7051 epis: 0.0102 loss: 122.1970 
episode: 914 count: 154 score: -33.0640 average_last200: 121.4670 epis: 0.0102 loss: 22.3393 
episode: 915 count: 378 score: -91.3004 average_last200: 120.1454 epis: 0.0101 loss: 43.4174 
episode: 916 count: 1000 score: 77.9460 average_last200: 119.4953 epis: 0.0101 loss: 115.1491 
episode: 917 count: 245 score: -14.6119 average_last200: 118.4491 epis: 0.0100 loss: 30.9644 
episode: 918 count: 144 score: -23.7381 average_last200: 117.4689 epis: 0.0100 loss: 14.7450 
episode: 919 count: 394 score: -83.4257 average_last200: 116.0909 epis: 0.0099 loss: 46.7328 
episode: 920 count: 360 score: -82.0305 average_last200: 114.8691 epis: 0.0099 loss: 37.4126 
episode: 921 count: 287 score: -60.4319 average_last200: 113.3567 epis: 0.0098 loss: 38.3689 
episode: 922 count: 277 score: -67.4829 average_last200: 111.8169 epis: 0.0098 loss: 34.9329 
episode: 923 count: 213 score: -57.4715 average_last200: 110.8197 epis: 0.0097 loss: 30.1283 
episode: 924 count: 209 score: -2.0801 average_last200: 109.6907 epis: 0.0097 loss: 27.4541 
episode: 925 count: 182 score: -48.1933 average_last200: 108.5033 epis: 0.0096 loss: 21.5851 
episode: 926 count: 174 score: -17.8030 average_last200: 107.4477 epis: 0.0096 loss: 22.8199 
episode: 927 count: 146 score: -105.9138 average_last200: 107.2195 epis: 0.0095 loss: 14.6839 
episode: 928 count: 829 score: 217.8815 average_last200: 107.3440 epis: 0.0095 loss: 104.7925 
episode: 929 count: 191 score: -22.1320 average_last200: 106.1888 epis: 0.0095 loss: 20.8994 
episode: 930 count: 323 score: -40.4834 average_last200: 105.9925 epis: 0.0094 loss: 44.4433 
episode: 931 count: 144 score: -10.9008 average_last200: 104.7799 epis: 0.0094 loss: 20.6110 
episode: 932 count: 159 score: -22.6740 average_last200: 104.7048 epis: 0.0093 loss: 16.7070 
episode: 933 count: 237 score: 209.1297 average_last200: 104.7818 epis: 0.0093 loss: 27.4560 
episode: 934 count: 155 score: -41.3567 average_last200: 103.4095 epis: 0.0092 loss: 17.8768 
episode: 935 count: 346 score: -33.0039 average_last200: 103.3242 epis: 0.0092 loss: 45.0162 
episode: 936 count: 611 score: 157.4992 average_last200: 103.3287 epis: 0.0091 loss: 71.0359 
episode: 937 count: 183 score: 1.6975 average_last200: 103.4000 epis: 0.0091 loss: 23.4031 
episode: 938 count: 339 score: 193.0815 average_last200: 103.2872 epis: 0.0090 loss: 41.2173 
episode: 939 count: 334 score: -48.4399 average_last200: 102.1345 epis: 0.0090 loss: 41.4567 
episode: 940 count: 231 score: 4.0406 average_last200: 101.3296 epis: 0.0089 loss: 29.3922 
episode: 941 count: 474 score: 177.4300 average_last200: 101.4214 epis: 0.0089 loss: 67.1799 
episode: 942 count: 167 score: -22.2489 average_last200: 100.4636 epis: 0.0089 loss: 18.4744 
episode: 943 count: 181 score: -38.3946 average_last200: 99.0508 epis: 0.0088 loss: 21.5275 
episode: 944 count: 198 score: 22.4704 average_last200: 99.9702 epis: 0.0088 loss: 27.3985 
episode: 945 count: 144 score: -15.1210 average_last200: 98.8260 epis: 0.0087 loss: 24.0006 
episode: 946 count: 197 score: 224.8349 average_last200: 99.9438 epis: 0.0087 loss: 26.0029 
episode: 947 count: 232 score: -44.9561 average_last200: 99.7419 epis: 0.0086 loss: 32.6043 
episode: 948 count: 236 score: -51.7773 average_last200: 99.4758 epis: 0.0086 loss: 32.1118 
episode: 949 count: 249 score: 193.4636 average_last200: 99.7181 epis: 0.0085 loss: 36.9733 
episode: 950 count: 255 score: 202.3299 average_last200: 100.1149 epis: 0.0085 loss: 33.7793 
episode: 951 count: 186 score: -12.3766 average_last200: 99.3078 epis: 0.0085 loss: 30.1778 
episode: 952 count: 281 score: 2.2979 average_last200: 98.7812 epis: 0.0084 loss: 39.4685 
episode: 953 count: 214 score: 195.9074 average_last200: 98.9421 epis: 0.0084 loss: 28.7234 
episode: 954 count: 216 score: -62.7223 average_last200: 98.0721 epis: 0.0083 loss: 35.9112 
episode: 955 count: 211 score: -47.3489 average_last200: 97.0591 epis: 0.0083 loss: 30.9260 
episode: 956 count: 221 score: -44.3190 average_last200: 95.8804 epis: 0.0083 loss: 24.7502 
episode: 957 count: 329 score: 178.1210 average_last200: 95.5942 epis: 0.0082 loss: 45.9052 
episode: 958 count: 262 score: 231.5098 average_last200: 95.5926 epis: 0.0082 loss: 36.5377 
episode: 959 count: 220 score: 38.0781 average_last200: 94.7289 epis: 0.0081 loss: 34.2231 
episode: 960 count: 269 score: 238.6671 average_last200: 95.0141 epis: 0.0081 loss: 33.2849 
episode: 961 count: 176 score: -21.3759 average_last200: 93.8446 epis: 0.0081 loss: 23.0999 
episode: 962 count: 330 score: -27.5147 average_last200: 92.5565 epis: 0.0080 loss: 46.4934 
episode: 963 count: 233 score: 237.1269 average_last200: 92.7394 epis: 0.0080 loss: 28.2723 
episode: 964 count: 268 score: 239.4129 average_last200: 93.1101 epis: 0.0079 loss: 45.7153 
episode: 965 count: 263 score: 229.3901 average_last200: 93.1627 epis: 0.0079 loss: 37.0330 
episode: 966 count: 331 score: 214.2168 average_last200: 93.1858 epis: 0.0079 loss: 48.3262 
episode: 967 count: 135 score: 1.8101 average_last200: 92.3033 epis: 0.0078 loss: 22.8564 
episode: 968 count: 214 score: -96.2101 average_last200: 90.7146 epis: 0.0078 loss: 34.6978 
episode: 969 count: 280 score: 213.5901 average_last200: 90.8882 epis: 0.0077 loss: 42.0064 
episode: 970 count: 140 score: 21.7590 average_last200: 89.8172 epis: 0.0077 loss: 19.9313 
episode: 971 count: 282 score: 217.3834 average_last200: 89.8149 epis: 0.0077 loss: 36.4363 
episode: 972 count: 274 score: 141.1381 average_last200: 89.5104 epis: 0.0076 loss: 46.8020 
episode: 973 count: 132 score: -13.4170 average_last200: 89.4513 epis: 0.0076 loss: 21.4896 
episode: 974 count: 125 score: -53.7291 average_last200: 88.3330 epis: 0.0075 loss: 18.1073 
episode: 975 count: 206 score: -18.7454 average_last200: 87.1781 epis: 0.0075 loss: 33.0728 
episode: 976 count: 518 score: 210.9795 average_last200: 87.3631 epis: 0.0075 loss: 78.6046 
episode: 977 count: 642 score: 191.1940 average_last200: 87.5136 epis: 0.0074 loss: 98.2827 
episode: 978 count: 217 score: 218.0800 average_last200: 87.9451 epis: 0.0074 loss: 38.0917 
episode: 979 count: 110 score: -63.8042 average_last200: 86.6427 epis: 0.0074 loss: 11.3348 
episode: 980 count: 246 score: 258.3901 average_last200: 86.9169 epis: 0.0073 loss: 36.2594 
episode: 981 count: 212 score: 259.6369 average_last200: 87.2002 epis: 0.0073 loss: 31.6872 
episode: 982 count: 165 score: 10.1701 average_last200: 86.3001 epis: 0.0072 loss: 22.9318 
episode: 983 count: 383 score: 118.7532 average_last200: 85.8365 epis: 0.0072 loss: 67.5329 
episode: 984 count: 130 score: -12.4751 average_last200: 84.7105 epis: 0.0072 loss: 23.7825 
episode: 985 count: 115 score: -21.4837 average_last200: 83.4445 epis: 0.0071 loss: 20.9308 
episode: 986 count: 135 score: -79.5599 average_last200: 82.0078 epis: 0.0071 loss: 23.7109 
episode: 987 count: 204 score: 197.1041 average_last200: 81.9594 epis: 0.0071 loss: 33.8281 
episode: 988 count: 144 score: 16.4726 average_last200: 80.8478 epis: 0.0070 loss: 27.1035 
episode: 989 count: 211 score: 195.8645 average_last200: 81.0482 epis: 0.0070 loss: 29.0547 
episode: 990 count: 221 score: 230.2691 average_last200: 81.2068 epis: 0.0070 loss: 26.6339 
episode: 991 count: 249 score: 237.8644 average_last200: 81.3521 epis: 0.0069 loss: 34.1998 
episode: 992 count: 263 score: 235.5106 average_last200: 81.4693 epis: 0.0069 loss: 39.3204 
episode: 993 count: 116 score: -19.2455 average_last200: 81.4135 epis: 0.0069 loss: 15.7440 
episode: 994 count: 197 score: -14.4157 average_last200: 80.4572 epis: 0.0068 loss: 33.3842 
episode: 995 count: 296 score: 236.2854 average_last200: 80.5145 epis: 0.0068 loss: 47.9407 
episode: 996 count: 116 score: -29.4073 average_last200: 79.2853 epis: 0.0068 loss: 17.0490 
episode: 997 count: 531 score: 197.1689 average_last200: 79.2686 epis: 0.0067 loss: 82.7126 
episode: 998 count: 332 score: 222.2964 average_last200: 79.2979 epis: 0.0067 loss: 53.3599 
episode: 999 count: 112 score: 8.3798 average_last200: 79.4326 epis: 0.0067 loss: 18.1528 
