[33mWARN: gym.spaces.Box autodetected dtype as <class 'numpy.float32'>. Please provide explicit dtype.[0m
All para: Epis 1000 memlen 100000 gamma 0.990 epsilon 0.997 alpha 0.00070 batch 30 upfreq 500
episode: 0 count: 103 score: -201.7553 average_last200: -201.7553 epis: 0.9970 loss: 0.0000 
episode: 1 count: 84 score: -164.3968 average_last200: -183.0761 epis: 0.9940 loss: 0.0000 
episode: 2 count: 132 score: -150.1011 average_last200: -172.0844 epis: 0.9910 loss: 0.0000 
episode: 3 count: 75 score: -148.4693 average_last200: -166.1806 epis: 0.9881 loss: 0.0000 
episode: 4 count: 97 score: -351.3352 average_last200: -203.2116 epis: 0.9851 loss: 0.0000 
episode: 5 count: 92 score: -516.4013 average_last200: -255.4099 epis: 0.9821 loss: 0.0000 
episode: 6 count: 121 score: -457.6962 average_last200: -284.3079 epis: 0.9792 loss: 0.0000 
episode: 7 count: 130 score: -217.6365 average_last200: -275.9740 epis: 0.9763 loss: 0.0000 
episode: 8 count: 80 score: -166.9096 average_last200: -263.8557 epis: 0.9733 loss: 0.0000 
episode: 9 count: 95 score: -148.6625 average_last200: -252.3364 epis: 0.9704 loss: 9.5091 
episode: 10 count: 61 score: -116.5738 average_last200: -239.9943 epis: 0.9675 loss: 34.5604 
episode: 11 count: 84 score: -54.4426 average_last200: -224.5317 epis: 0.9646 loss: 44.9210 
episode: 12 count: 92 score: -298.9197 average_last200: -230.2538 epis: 0.9617 loss: 52.8309 
episode: 13 count: 111 score: -374.3751 average_last200: -240.5482 epis: 0.9588 loss: 47.3796 
episode: 14 count: 80 score: -149.0271 average_last200: -234.4468 epis: 0.9559 loss: 41.3720 
episode: 15 count: 66 score: -260.2755 average_last200: -236.0611 epis: 0.9531 loss: 32.0210 
episode: 16 count: 88 score: -210.7644 average_last200: -234.5731 epis: 0.9502 loss: 41.5116 
episode: 17 count: 91 score: -234.9980 average_last200: -234.5967 epis: 0.9474 loss: 40.8098 
episode: 18 count: 92 score: -282.2857 average_last200: -237.1066 epis: 0.9445 loss: 36.3553 
episode: 19 count: 102 score: -159.7455 average_last200: -233.2386 epis: 0.9417 loss: 38.2942 
episode: 20 count: 124 score: -177.3753 average_last200: -230.5784 epis: 0.9389 loss: 40.7577 
episode: 21 count: 117 score: -177.9073 average_last200: -228.1843 epis: 0.9360 loss: 44.9357 
episode: 22 count: 108 score: -172.5891 average_last200: -225.7671 epis: 0.9332 loss: 38.1111 
episode: 23 count: 79 score: -347.6102 average_last200: -230.8439 epis: 0.9304 loss: 24.4883 
episode: 24 count: 101 score: -195.4869 average_last200: -229.4296 epis: 0.9276 loss: 30.7410 
episode: 25 count: 100 score: -378.8899 average_last200: -235.1781 epis: 0.9249 loss: 27.9246 
episode: 26 count: 78 score: -240.3121 average_last200: -235.3682 epis: 0.9221 loss: 26.7785 
episode: 27 count: 89 score: -307.5973 average_last200: -237.9478 epis: 0.9193 loss: 31.7102 
episode: 28 count: 106 score: -162.8802 average_last200: -235.3593 epis: 0.9166 loss: 34.7266 
episode: 29 count: 160 score: -186.7628 average_last200: -233.7394 epis: 0.9138 loss: 61.4028 
episode: 30 count: 133 score: -494.2965 average_last200: -242.1445 epis: 0.9111 loss: 41.7730 
episode: 31 count: 109 score: -194.1897 average_last200: -240.6459 epis: 0.9083 loss: 33.6293 
episode: 32 count: 103 score: -180.8748 average_last200: -238.8347 epis: 0.9056 loss: 35.1259 
episode: 33 count: 113 score: -350.6299 average_last200: -242.1227 epis: 0.9029 loss: 34.0607 
episode: 34 count: 61 score: -106.2690 average_last200: -238.2412 epis: 0.9002 loss: 17.9621 
episode: 35 count: 160 score: -274.6426 average_last200: -239.2524 epis: 0.8975 loss: 54.8754 
episode: 36 count: 100 score: -136.1022 average_last200: -236.4645 epis: 0.8948 loss: 37.8973 
episode: 37 count: 95 score: -146.7287 average_last200: -234.1030 epis: 0.8921 loss: 39.9764 
episode: 38 count: 115 score: -99.6166 average_last200: -230.6547 epis: 0.8894 loss: 34.3824 
episode: 39 count: 92 score: -168.6161 average_last200: -229.1037 epis: 0.8868 loss: 28.1405 
episode: 40 count: 89 score: -178.1122 average_last200: -227.8600 epis: 0.8841 loss: 30.5641 
episode: 41 count: 114 score: -160.4341 average_last200: -226.2546 epis: 0.8814 loss: 40.3751 
episode: 42 count: 118 score: -144.3081 average_last200: -224.3489 epis: 0.8788 loss: 35.7671 
episode: 43 count: 112 score: -274.8768 average_last200: -225.4973 epis: 0.8762 loss: 37.1352 
episode: 44 count: 120 score: -138.9985 average_last200: -223.5751 epis: 0.8735 loss: 43.3197 
episode: 45 count: 143 score: -0.2643 average_last200: -218.7205 epis: 0.8709 loss: 49.2214 
episode: 46 count: 120 score: -311.4568 average_last200: -220.6936 epis: 0.8683 loss: 47.2165 
episode: 47 count: 82 score: -187.2176 average_last200: -219.9962 epis: 0.8657 loss: 25.6276 
episode: 48 count: 143 score: -171.9156 average_last200: -219.0149 epis: 0.8631 loss: 55.0923 
episode: 49 count: 81 score: -203.4329 average_last200: -218.7033 epis: 0.8605 loss: 34.4366 
episode: 50 count: 74 score: -54.3571 average_last200: -215.4808 epis: 0.8579 loss: 26.1462 
episode: 51 count: 92 score: -94.2388 average_last200: -213.1493 epis: 0.8554 loss: 36.7076 
episode: 52 count: 85 score: -133.3742 average_last200: -211.6441 epis: 0.8528 loss: 25.9225 
episode: 53 count: 100 score: -257.7433 average_last200: -212.4978 epis: 0.8502 loss: 34.9887 
episode: 54 count: 83 score: -175.1064 average_last200: -211.8179 epis: 0.8477 loss: 35.0605 
episode: 55 count: 64 score: -202.4766 average_last200: -211.6511 epis: 0.8451 loss: 23.3548 
episode: 56 count: 112 score: -59.0878 average_last200: -208.9746 epis: 0.8426 loss: 37.1284 
episode: 57 count: 113 score: -261.8831 average_last200: -209.8868 epis: 0.8401 loss: 35.3214 
episode: 58 count: 110 score: -277.2835 average_last200: -211.0291 epis: 0.8376 loss: 39.7959 
episode: 59 count: 159 score: -453.4402 average_last200: -215.0693 epis: 0.8350 loss: 63.3028 
episode: 60 count: 81 score: -171.7809 average_last200: -214.3596 epis: 0.8325 loss: 28.4166 
episode: 61 count: 117 score: -167.6375 average_last200: -213.6060 epis: 0.8300 loss: 44.5650 
episode: 62 count: 124 score: -134.6569 average_last200: -212.3529 epis: 0.8276 loss: 46.4444 
episode: 63 count: 129 score: -204.6300 average_last200: -212.2322 epis: 0.8251 loss: 52.2863 
episode: 64 count: 132 score: -114.8000 average_last200: -210.7333 epis: 0.8226 loss: 46.1532 
episode: 65 count: 78 score: -219.8256 average_last200: -210.8710 epis: 0.8201 loss: 26.0263 
episode: 66 count: 84 score: -249.3148 average_last200: -211.4448 epis: 0.8177 loss: 28.2363 
episode: 67 count: 99 score: -154.1254 average_last200: -210.6019 epis: 0.8152 loss: 34.8531 
episode: 68 count: 107 score: -77.5739 average_last200: -208.6739 epis: 0.8128 loss: 46.3727 
episode: 69 count: 88 score: -131.1806 average_last200: -207.5669 epis: 0.8103 loss: 38.7480 
episode: 70 count: 100 score: -116.7151 average_last200: -206.2873 epis: 0.8079 loss: 31.9515 
episode: 71 count: 78 score: -120.9717 average_last200: -205.1023 epis: 0.8055 loss: 25.5772 
episode: 72 count: 127 score: -49.7348 average_last200: -202.9740 epis: 0.8031 loss: 57.1662 
episode: 73 count: 73 score: -106.8475 average_last200: -201.6750 epis: 0.8006 loss: 30.3253 
episode: 74 count: 75 score: -119.9538 average_last200: -200.5854 epis: 0.7982 loss: 26.9801 
episode: 75 count: 99 score: -170.4611 average_last200: -200.1890 epis: 0.7959 loss: 36.4010 
episode: 76 count: 80 score: -133.7061 average_last200: -199.3256 epis: 0.7935 loss: 26.8587 
episode: 77 count: 117 score: -89.4609 average_last200: -197.9171 epis: 0.7911 loss: 42.1338 
episode: 78 count: 96 score: -80.1900 average_last200: -196.4269 epis: 0.7887 loss: 37.2332 
episode: 79 count: 92 score: -159.1176 average_last200: -195.9605 epis: 0.7863 loss: 31.0267 
episode: 80 count: 75 score: -125.9625 average_last200: -195.0963 epis: 0.7840 loss: 27.0110 
episode: 81 count: 157 score: -99.4405 average_last200: -193.9298 epis: 0.7816 loss: 62.7583 
episode: 82 count: 125 score: -140.5494 average_last200: -193.2867 epis: 0.7793 loss: 51.8595 
episode: 83 count: 89 score: -132.8111 average_last200: -192.5667 epis: 0.7770 loss: 32.1034 
episode: 84 count: 76 score: -91.2720 average_last200: -191.3750 epis: 0.7746 loss: 32.6714 
episode: 85 count: 99 score: -102.3501 average_last200: -190.3398 epis: 0.7723 loss: 31.9881 
episode: 86 count: 83 score: -151.0920 average_last200: -189.8887 epis: 0.7700 loss: 38.3895 
episode: 87 count: 90 score: -101.0520 average_last200: -188.8792 epis: 0.7677 loss: 29.4658 
episode: 88 count: 74 score: -103.9195 average_last200: -187.9246 epis: 0.7654 loss: 28.7969 
episode: 89 count: 75 score: -101.9637 average_last200: -186.9695 epis: 0.7631 loss: 27.5257 
episode: 90 count: 143 score: -114.1457 average_last200: -186.1692 epis: 0.7608 loss: 68.2604 
episode: 91 count: 160 score: -157.0455 average_last200: -185.8527 epis: 0.7585 loss: 58.0990 
episode: 92 count: 71 score: -155.7487 average_last200: -185.5290 epis: 0.7562 loss: 31.5766 
episode: 93 count: 147 score: -44.4949 average_last200: -184.0286 epis: 0.7540 loss: 64.2358 
episode: 94 count: 116 score: -116.2167 average_last200: -183.3148 epis: 0.7517 loss: 48.5082 
episode: 95 count: 102 score: -96.2808 average_last200: -182.4082 epis: 0.7494 loss: 39.5762 
episode: 96 count: 82 score: -115.4311 average_last200: -181.7177 epis: 0.7472 loss: 27.2061 
episode: 97 count: 63 score: -118.9477 average_last200: -181.0772 epis: 0.7449 loss: 28.1445 
episode: 98 count: 138 score: -86.8247 average_last200: -180.1251 epis: 0.7427 loss: 58.3219 
episode: 99 count: 167 score: -164.9573 average_last200: -179.9735 epis: 0.7405 loss: 73.0870 
episode: 100 count: 109 score: -97.3526 average_last200: -179.1554 epis: 0.7383 loss: 42.1883 
episode: 101 count: 84 score: -167.3018 average_last200: -179.0392 epis: 0.7360 loss: 31.5820 
episode: 102 count: 100 score: -88.9358 average_last200: -178.1644 epis: 0.7338 loss: 33.7585 
episode: 103 count: 129 score: -106.4794 average_last200: -177.4752 epis: 0.7316 loss: 42.4575 
episode: 104 count: 101 score: -128.8842 average_last200: -177.0124 epis: 0.7294 loss: 41.0558 
episode: 105 count: 76 score: -119.4488 average_last200: -176.4693 epis: 0.7273 loss: 24.0912 
episode: 106 count: 79 score: -101.6562 average_last200: -175.7701 epis: 0.7251 loss: 24.5802 
episode: 107 count: 68 score: -111.0298 average_last200: -175.1707 epis: 0.7229 loss: 19.4547 
episode: 108 count: 192 score: -49.7740 average_last200: -174.0203 epis: 0.7207 loss: 70.5703 
episode: 109 count: 150 score: -114.5349 average_last200: -173.4795 epis: 0.7186 loss: 57.7577 
episode: 110 count: 98 score: -120.5807 average_last200: -173.0029 epis: 0.7164 loss: 38.5694 
episode: 111 count: 83 score: -137.8952 average_last200: -172.6895 epis: 0.7143 loss: 31.2984 
episode: 112 count: 114 score: -115.2119 average_last200: -172.1808 epis: 0.7121 loss: 48.0972 
episode: 113 count: 131 score: -179.9182 average_last200: -172.2487 epis: 0.7100 loss: 46.3349 
episode: 114 count: 79 score: -123.0701 average_last200: -171.8210 epis: 0.7079 loss: 32.2331 
episode: 115 count: 141 score: -91.2869 average_last200: -171.1268 epis: 0.7057 loss: 66.7273 
episode: 116 count: 78 score: -128.1177 average_last200: -170.7592 epis: 0.7036 loss: 37.0787 
episode: 117 count: 102 score: -163.1613 average_last200: -170.6948 epis: 0.7015 loss: 44.1163 
episode: 118 count: 116 score: -110.3390 average_last200: -170.1876 epis: 0.6994 loss: 44.9477 
episode: 119 count: 113 score: -71.5926 average_last200: -169.3660 epis: 0.6973 loss: 45.7840 
episode: 120 count: 150 score: -146.4272 average_last200: -169.1764 epis: 0.6952 loss: 62.1166 
episode: 121 count: 81 score: -127.8240 average_last200: -168.8375 epis: 0.6931 loss: 30.2706 
episode: 122 count: 89 score: -104.6973 average_last200: -168.3160 epis: 0.6910 loss: 35.9957 
episode: 123 count: 122 score: -96.2969 average_last200: -167.7352 epis: 0.6890 loss: 36.2237 
episode: 124 count: 124 score: -60.1237 average_last200: -166.8743 epis: 0.6869 loss: 53.0476 
episode: 125 count: 107 score: -125.5795 average_last200: -166.5466 epis: 0.6848 loss: 46.8974 
episode: 126 count: 146 score: -105.7445 average_last200: -166.0678 epis: 0.6828 loss: 58.8127 
episode: 127 count: 94 score: -130.7968 average_last200: -165.7922 epis: 0.6807 loss: 36.8984 
episode: 128 count: 56 score: -118.2940 average_last200: -165.4240 epis: 0.6787 loss: 26.0172 
episode: 129 count: 90 score: -64.5376 average_last200: -164.6480 epis: 0.6767 loss: 34.0650 
episode: 130 count: 114 score: -123.9907 average_last200: -164.3376 epis: 0.6746 loss: 46.4003 
episode: 131 count: 155 score: -110.7943 average_last200: -163.9320 epis: 0.6726 loss: 73.9258 
episode: 132 count: 103 score: -120.3781 average_last200: -163.6045 epis: 0.6706 loss: 35.5529 
episode: 133 count: 99 score: -47.0998 average_last200: -162.7351 epis: 0.6686 loss: 35.0003 
episode: 134 count: 120 score: -52.3688 average_last200: -161.9176 epis: 0.6666 loss: 53.7020 
episode: 135 count: 144 score: -70.2044 average_last200: -161.2432 epis: 0.6646 loss: 52.5175 
episode: 136 count: 99 score: -104.0946 average_last200: -160.8261 epis: 0.6626 loss: 36.3909 
episode: 137 count: 189 score: -95.0383 average_last200: -160.3493 epis: 0.6606 loss: 89.2000 
episode: 138 count: 115 score: -91.1245 average_last200: -159.8513 epis: 0.6586 loss: 44.1797 
episode: 139 count: 180 score: -47.2540 average_last200: -159.0470 epis: 0.6566 loss: 75.5318 
episode: 140 count: 154 score: -105.2124 average_last200: -158.6652 epis: 0.6547 loss: 57.2479 
episode: 141 count: 125 score: -134.9650 average_last200: -158.4983 epis: 0.6527 loss: 52.2813 
episode: 142 count: 111 score: -110.3212 average_last200: -158.1614 epis: 0.6507 loss: 48.6396 
episode: 143 count: 158 score: -65.6028 average_last200: -157.5187 epis: 0.6488 loss: 62.7260 
episode: 144 count: 132 score: -72.0375 average_last200: -156.9291 epis: 0.6468 loss: 65.8881 
episode: 145 count: 86 score: -119.6416 average_last200: -156.6737 epis: 0.6449 loss: 35.5581 
episode: 146 count: 130 score: -47.9455 average_last200: -155.9341 epis: 0.6430 loss: 49.1846 
episode: 147 count: 69 score: -103.0652 average_last200: -155.5769 epis: 0.6410 loss: 22.7933 
episode: 148 count: 93 score: -92.6810 average_last200: -155.1548 epis: 0.6391 loss: 36.9421 
episode: 149 count: 124 score: -102.3440 average_last200: -154.8027 epis: 0.6372 loss: 48.4425 
episode: 150 count: 132 score: -91.8324 average_last200: -154.3857 epis: 0.6353 loss: 63.7362 
episode: 151 count: 200 score: -72.6143 average_last200: -153.8477 epis: 0.6334 loss: 76.3270 
episode: 152 count: 120 score: -154.2038 average_last200: -153.8500 epis: 0.6315 loss: 52.8738 
episode: 153 count: 103 score: -117.7343 average_last200: -153.6155 epis: 0.6296 loss: 40.0881 
episode: 154 count: 113 score: -91.2672 average_last200: -153.2133 epis: 0.6277 loss: 46.8894 
episode: 155 count: 99 score: -87.6990 average_last200: -152.7933 epis: 0.6258 loss: 40.1917 
episode: 156 count: 146 score: -72.3974 average_last200: -152.2812 epis: 0.6239 loss: 51.9160 
episode: 157 count: 123 score: -103.2119 average_last200: -151.9707 epis: 0.6221 loss: 40.5837 
episode: 158 count: 121 score: -108.5079 average_last200: -151.6973 epis: 0.6202 loss: 46.1394 
episode: 159 count: 86 score: -127.7990 average_last200: -151.5479 epis: 0.6183 loss: 30.1967 
episode: 160 count: 108 score: -114.5055 average_last200: -151.3179 epis: 0.6165 loss: 37.9127 
episode: 161 count: 191 score: -50.6806 average_last200: -150.6966 epis: 0.6146 loss: 81.1990 
episode: 162 count: 264 score: -105.2543 average_last200: -150.4179 epis: 0.6128 loss: 124.5241 
episode: 163 count: 125 score: -138.9091 average_last200: -150.3477 epis: 0.6110 loss: 45.6046 
episode: 164 count: 122 score: -98.6109 average_last200: -150.0341 epis: 0.6091 loss: 54.9833 
episode: 165 count: 118 score: -155.2470 average_last200: -150.0655 epis: 0.6073 loss: 47.3703 
episode: 166 count: 290 score: -26.4699 average_last200: -149.3254 epis: 0.6055 loss: 125.5299 
episode: 167 count: 124 score: -71.2353 average_last200: -148.8606 epis: 0.6037 loss: 44.8129 
episode: 168 count: 142 score: -105.8476 average_last200: -148.6061 epis: 0.6018 loss: 68.5159 
episode: 169 count: 114 score: -66.2325 average_last200: -148.1215 epis: 0.6000 loss: 54.2117 
episode: 170 count: 107 score: -120.6780 average_last200: -147.9611 epis: 0.5982 loss: 46.7491 
episode: 171 count: 97 score: -96.2143 average_last200: -147.6602 epis: 0.5964 loss: 36.5112 
episode: 172 count: 143 score: -76.9031 average_last200: -147.2512 epis: 0.5947 loss: 57.6837 
episode: 173 count: 98 score: -86.3268 average_last200: -146.9011 epis: 0.5929 loss: 41.5021 
episode: 174 count: 129 score: -285.3085 average_last200: -147.6920 epis: 0.5911 loss: 45.1375 
episode: 175 count: 139 score: -62.6555 average_last200: -147.2088 epis: 0.5893 loss: 51.3447 
episode: 176 count: 144 score: -70.0871 average_last200: -146.7731 epis: 0.5875 loss: 87.2709 
episode: 177 count: 139 score: -107.7769 average_last200: -146.5540 epis: 0.5858 loss: 64.5406 
episode: 178 count: 107 score: -134.6585 average_last200: -146.4876 epis: 0.5840 loss: 41.3186 
episode: 179 count: 113 score: -105.3174 average_last200: -146.2588 epis: 0.5823 loss: 32.8010 
episode: 180 count: 122 score: -182.0587 average_last200: -146.4566 epis: 0.5805 loss: 48.5890 
episode: 181 count: 166 score: -46.8597 average_last200: -145.9094 epis: 0.5788 loss: 64.5788 
episode: 182 count: 138 score: -45.0221 average_last200: -145.3581 epis: 0.5771 loss: 59.4551 
episode: 183 count: 102 score: -140.9211 average_last200: -145.3340 epis: 0.5753 loss: 46.7550 
episode: 184 count: 104 score: -132.7996 average_last200: -145.2662 epis: 0.5736 loss: 46.5052 
episode: 185 count: 117 score: -36.2078 average_last200: -144.6799 epis: 0.5719 loss: 55.6847 
episode: 186 count: 103 score: -57.8220 average_last200: -144.2154 epis: 0.5702 loss: 47.1006 
episode: 187 count: 88 score: -101.7003 average_last200: -143.9893 epis: 0.5684 loss: 56.7954 
episode: 188 count: 77 score: -91.0395 average_last200: -143.7091 epis: 0.5667 loss: 32.3987 
episode: 189 count: 74 score: -119.7867 average_last200: -143.5832 epis: 0.5650 loss: 29.5882 
episode: 190 count: 68 score: -99.6412 average_last200: -143.3531 epis: 0.5633 loss: 20.4457 
episode: 191 count: 118 score: -117.5768 average_last200: -143.2189 epis: 0.5617 loss: 53.9640 
episode: 192 count: 125 score: -7.0565 average_last200: -142.5134 epis: 0.5600 loss: 52.3669 
episode: 193 count: 122 score: -93.8831 average_last200: -142.2627 epis: 0.5583 loss: 53.2574 
episode: 194 count: 128 score: -65.8103 average_last200: -141.8706 epis: 0.5566 loss: 70.4525 
episode: 195 count: 77 score: -79.7083 average_last200: -141.5535 epis: 0.5549 loss: 37.4645 
episode: 196 count: 133 score: -119.8471 average_last200: -141.4433 epis: 0.5533 loss: 74.5356 
episode: 197 count: 126 score: -102.0632 average_last200: -141.2444 epis: 0.5516 loss: 61.9032 
episode: 198 count: 184 score: -33.9097 average_last200: -140.7050 epis: 0.5500 loss: 94.0464 
episode: 199 count: 151 score: -109.1036 average_last200: -140.5470 epis: 0.5483 loss: 52.5696 
episode: 200 count: 105 score: -125.2490 average_last200: -140.1645 epis: 0.5467 loss: 36.4374 
episode: 201 count: 143 score: -87.6356 average_last200: -139.7807 epis: 0.5450 loss: 71.1039 
episode: 202 count: 79 score: -108.5695 average_last200: -139.5730 epis: 0.5434 loss: 32.7559 
episode: 203 count: 103 score: -56.9038 average_last200: -139.1152 epis: 0.5418 loss: 49.1540 
episode: 204 count: 114 score: -9.3994 average_last200: -137.4055 epis: 0.5401 loss: 51.2473 
episode: 205 count: 96 score: -99.0396 average_last200: -135.3187 epis: 0.5385 loss: 35.1328 
episode: 206 count: 95 score: -93.5285 average_last200: -133.4979 epis: 0.5369 loss: 36.9872 
episode: 207 count: 1000 score: -65.0922 average_last200: -132.7352 epis: 0.5353 loss: 431.8008 
episode: 208 count: 97 score: -69.2794 average_last200: -132.2470 epis: 0.5337 loss: 42.4325 
episode: 209 count: 1000 score: -117.4542 average_last200: -132.0910 epis: 0.5321 loss: 497.4183 
episode: 210 count: 117 score: -156.9227 average_last200: -132.2927 epis: 0.5305 loss: 45.5468 
episode: 211 count: 177 score: -224.8253 average_last200: -133.1446 epis: 0.5289 loss: 69.5905 
episode: 212 count: 102 score: -132.4926 average_last200: -132.3125 epis: 0.5273 loss: 55.9234 
episode: 213 count: 131 score: -64.6179 average_last200: -130.7637 epis: 0.5257 loss: 49.5940 
episode: 214 count: 157 score: -30.8522 average_last200: -130.1728 epis: 0.5242 loss: 63.3974 
episode: 215 count: 63 score: -103.4433 average_last200: -129.3887 epis: 0.5226 loss: 20.8470 
episode: 216 count: 1000 score: -112.2633 average_last200: -128.8962 epis: 0.5210 loss: 444.6783 
episode: 217 count: 1000 score: 8.2175 average_last200: -127.6801 epis: 0.5195 loss: 460.5695 
episode: 218 count: 82 score: -111.2774 average_last200: -126.8250 epis: 0.5179 loss: 40.9689 
episode: 219 count: 1000 score: -12.6584 average_last200: -126.0896 epis: 0.5163 loss: 495.8565 
episode: 220 count: 122 score: -58.5374 average_last200: -125.4954 epis: 0.5148 loss: 61.3144 
episode: 221 count: 100 score: -26.2398 average_last200: -124.7371 epis: 0.5132 loss: 49.4873 
episode: 222 count: 88 score: -69.8898 average_last200: -124.2236 epis: 0.5117 loss: 33.7445 
episode: 223 count: 71 score: -99.2820 average_last200: -122.9819 epis: 0.5102 loss: 37.4880 
episode: 224 count: 107 score: -105.3121 average_last200: -122.5311 epis: 0.5086 loss: 56.6524 
episode: 225 count: 99 score: -53.1103 average_last200: -120.9022 epis: 0.5071 loss: 52.1624 
episode: 226 count: 109 score: -82.6643 average_last200: -120.1139 epis: 0.5056 loss: 46.0033 
episode: 227 count: 91 score: -138.4049 average_last200: -119.2680 epis: 0.5041 loss: 48.9448 
episode: 228 count: 91 score: -142.5463 average_last200: -119.1663 epis: 0.5026 loss: 48.4247 
episode: 229 count: 92 score: -36.3858 average_last200: -118.4144 epis: 0.5011 loss: 37.1919 
episode: 230 count: 132 score: -49.8894 average_last200: -116.1924 epis: 0.4996 loss: 63.8877 
episode: 231 count: 145 score: -48.8773 average_last200: -115.4658 epis: 0.4981 loss: 57.0619 
episode: 232 count: 87 score: -107.2956 average_last200: -115.0979 epis: 0.4966 loss: 38.6627 
episode: 233 count: 117 score: -52.2837 average_last200: -113.6062 epis: 0.4951 loss: 53.3249 
episode: 234 count: 99 score: -92.7275 average_last200: -113.5385 epis: 0.4936 loss: 51.0038 
episode: 235 count: 101 score: -30.8026 average_last200: -112.3193 epis: 0.4921 loss: 42.5625 
episode: 236 count: 126 score: -82.1979 average_last200: -112.0498 epis: 0.4906 loss: 49.3321 
episode: 237 count: 137 score: -63.1150 average_last200: -111.6317 epis: 0.4892 loss: 56.1380 
episode: 238 count: 133 score: -82.8401 average_last200: -111.5478 epis: 0.4877 loss: 68.4544 
episode: 239 count: 96 score: -72.1074 average_last200: -111.0653 epis: 0.4862 loss: 49.6306 
episode: 240 count: 122 score: -100.2202 average_last200: -110.6758 epis: 0.4848 loss: 53.5550 
episode: 241 count: 92 score: -151.7997 average_last200: -110.6326 epis: 0.4833 loss: 39.5743 
episode: 242 count: 107 score: -61.0154 average_last200: -110.2162 epis: 0.4819 loss: 53.9598 
episode: 243 count: 117 score: -17.0546 average_last200: -108.9271 epis: 0.4804 loss: 57.5241 
episode: 244 count: 138 score: -51.5159 average_last200: -108.4897 epis: 0.4790 loss: 63.2461 
episode: 245 count: 1000 score: -84.5473 average_last200: -108.9111 epis: 0.4775 loss: 476.0245 
episode: 246 count: 85 score: -50.3366 average_last200: -107.6055 epis: 0.4761 loss: 42.1460 
episode: 247 count: 113 score: -60.2636 average_last200: -106.9707 epis: 0.4747 loss: 53.0966 
episode: 248 count: 129 score: -40.0764 average_last200: -106.3115 epis: 0.4733 loss: 56.1570 
episode: 249 count: 1000 score: -37.7093 average_last200: -105.4829 epis: 0.4718 loss: 516.5631 
episode: 250 count: 123 score: -38.1176 average_last200: -105.4017 epis: 0.4704 loss: 66.5832 
episode: 251 count: 103 score: -17.4448 average_last200: -105.0177 epis: 0.4690 loss: 48.9065 
episode: 252 count: 137 score: -59.4679 average_last200: -104.6482 epis: 0.4676 loss: 65.8375 
episode: 253 count: 80 score: -58.5857 average_last200: -103.6524 epis: 0.4662 loss: 37.3679 
episode: 254 count: 154 score: -76.7943 average_last200: -103.1608 epis: 0.4648 loss: 76.9492 
episode: 255 count: 103 score: -88.6348 average_last200: -102.5916 epis: 0.4634 loss: 49.0718 
episode: 256 count: 89 score: -35.8182 average_last200: -102.4753 epis: 0.4620 loss: 42.7676 
episode: 257 count: 133 score: -78.8366 average_last200: -101.5600 epis: 0.4606 loss: 88.1595 
episode: 258 count: 91 score: -59.8648 average_last200: -100.4729 epis: 0.4592 loss: 40.5051 
episode: 259 count: 111 score: -29.8207 average_last200: -98.3549 epis: 0.4579 loss: 62.5976 
episode: 260 count: 95 score: -64.6135 average_last200: -97.8190 epis: 0.4565 loss: 43.0300 
episode: 261 count: 150 score: -56.5530 average_last200: -97.2636 epis: 0.4551 loss: 86.3282 
episode: 262 count: 90 score: -13.3427 average_last200: -96.6570 epis: 0.4538 loss: 42.7514 
episode: 263 count: 149 score: -43.1413 average_last200: -95.8496 epis: 0.4524 loss: 65.6971 
episode: 264 count: 108 score: -86.1853 average_last200: -95.7065 epis: 0.4510 loss: 64.4519 
episode: 265 count: 93 score: -70.2433 average_last200: -94.9586 epis: 0.4497 loss: 41.8354 
episode: 266 count: 80 score: -111.5616 average_last200: -94.2698 epis: 0.4483 loss: 40.0556 
episode: 267 count: 89 score: -28.7438 average_last200: -93.6429 epis: 0.4470 loss: 42.1187 
episode: 268 count: 102 score: -18.5943 average_last200: -93.3480 epis: 0.4457 loss: 60.7404 
episode: 269 count: 447 score: -57.3543 average_last200: -92.9789 epis: 0.4443 loss: 225.5904 
episode: 270 count: 90 score: -80.5115 average_last200: -92.7979 epis: 0.4430 loss: 42.1536 
episode: 271 count: 1000 score: -55.5833 average_last200: -92.4709 epis: 0.4417 loss: 535.3523 
episode: 272 count: 110 score: -7.5187 average_last200: -92.2598 epis: 0.4403 loss: 54.1031 
episode: 273 count: 102 score: -52.3226 average_last200: -91.9872 epis: 0.4390 loss: 47.6817 
episode: 274 count: 147 score: -37.8096 average_last200: -91.5765 epis: 0.4377 loss: 89.1320 
episode: 275 count: 496 score: -111.3305 average_last200: -91.2809 epis: 0.4364 loss: 264.8109 
episode: 276 count: 136 score: -27.4991 average_last200: -90.7498 epis: 0.4351 loss: 73.7761 
episode: 277 count: 1000 score: -181.6191 average_last200: -91.2106 epis: 0.4338 loss: 553.0907 
episode: 278 count: 84 score: -116.0820 average_last200: -91.3901 epis: 0.4325 loss: 68.9871 
episode: 279 count: 85 score: -103.5043 average_last200: -91.1120 epis: 0.4312 loss: 42.3693 
episode: 280 count: 118 score: -22.0044 average_last200: -90.5922 epis: 0.4299 loss: 57.0666 
episode: 281 count: 83 score: -85.7354 average_last200: -90.5237 epis: 0.4286 loss: 38.5605 
episode: 282 count: 141 score: -52.9938 average_last200: -90.0859 epis: 0.4273 loss: 68.1349 
episode: 283 count: 117 score: -10.6835 average_last200: -89.4753 epis: 0.4260 loss: 65.6072 
episode: 284 count: 1000 score: -70.4506 average_last200: -89.3712 epis: 0.4247 loss: 540.3172 
episode: 285 count: 1000 score: -68.6148 average_last200: -89.2025 epis: 0.4235 loss: 536.0389 
episode: 286 count: 100 score: -66.4324 average_last200: -88.7792 epis: 0.4222 loss: 61.2108 
episode: 287 count: 1000 score: -65.2869 average_last200: -88.6004 epis: 0.4209 loss: 536.6336 
episode: 288 count: 120 score: -66.8014 average_last200: -88.4148 epis: 0.4197 loss: 57.4420 
episode: 289 count: 96 score: -71.6098 average_last200: -88.2630 epis: 0.4184 loss: 52.9156 
episode: 290 count: 98 score: -10.0700 average_last200: -87.7426 epis: 0.4171 loss: 64.7219 
episode: 291 count: 1000 score: -75.9125 average_last200: -87.3370 epis: 0.4159 loss: 548.5654 
episode: 292 count: 148 score: -29.4484 average_last200: -86.7055 epis: 0.4146 loss: 79.7433 
episode: 293 count: 202 score: 18.5990 average_last200: -86.3900 epis: 0.4134 loss: 111.5406 
episode: 294 count: 163 score: -1.5283 average_last200: -85.8165 epis: 0.4122 loss: 92.4011 
episode: 295 count: 1000 score: -30.4613 average_last200: -85.4874 epis: 0.4109 loss: 529.8104 
episode: 296 count: 198 score: -35.7623 average_last200: -85.0891 epis: 0.4097 loss: 112.2450 
episode: 297 count: 1000 score: -64.1902 average_last200: -84.8153 epis: 0.4085 loss: 629.9638 
episode: 298 count: 114 score: -31.1032 average_last200: -84.5367 epis: 0.4072 loss: 68.3304 
episode: 299 count: 1000 score: 67.8274 average_last200: -83.3728 epis: 0.4060 loss: 612.9706 
episode: 300 count: 138 score: -86.1890 average_last200: -83.3170 epis: 0.4048 loss: 96.5912 
episode: 301 count: 86 score: -49.9620 average_last200: -82.7303 epis: 0.4036 loss: 64.3088 
episode: 302 count: 120 score: -46.4813 average_last200: -82.5180 epis: 0.4024 loss: 85.8997 
episode: 303 count: 173 score: -22.3055 average_last200: -82.0971 epis: 0.4012 loss: 103.1933 
episode: 304 count: 111 score: -5.1019 average_last200: -81.4782 epis: 0.4000 loss: 57.8665 
episode: 305 count: 120 score: -26.8157 average_last200: -81.0150 epis: 0.3988 loss: 71.3891 
episode: 306 count: 181 score: 4.7797 average_last200: -80.4829 epis: 0.3976 loss: 117.6351 
episode: 307 count: 1000 score: -16.6167 average_last200: -80.0108 epis: 0.3964 loss: 587.4392 
episode: 308 count: 114 score: -27.3207 average_last200: -79.8985 epis: 0.3952 loss: 77.2371 
episode: 309 count: 155 score: -81.8184 average_last200: -79.7350 epis: 0.3940 loss: 105.9334 
episode: 310 count: 1000 score: -16.1524 average_last200: -79.2128 epis: 0.3928 loss: 633.3776 
episode: 311 count: 131 score: -52.2871 average_last200: -78.7848 epis: 0.3916 loss: 79.8080 
episode: 312 count: 1000 score: 21.4119 average_last200: -78.1017 epis: 0.3905 loss: 636.8373 
episode: 313 count: 1000 score: -18.4490 average_last200: -77.2943 epis: 0.3893 loss: 617.4940 
episode: 314 count: 1000 score: -107.9931 average_last200: -77.2189 epis: 0.3881 loss: 619.6949 
episode: 315 count: 127 score: -75.3793 average_last200: -77.1394 epis: 0.3870 loss: 71.5771 
episode: 316 count: 1000 score: -132.7095 average_last200: -77.1623 epis: 0.3858 loss: 606.6638 
episode: 317 count: 1000 score: -33.4146 average_last200: -76.5136 epis: 0.3846 loss: 639.3530 
episode: 318 count: 104 score: -56.7355 average_last200: -76.2456 epis: 0.3835 loss: 75.1686 
episode: 319 count: 113 score: -55.4496 average_last200: -76.1649 epis: 0.3823 loss: 71.3053 
episode: 320 count: 103 score: -47.5173 average_last200: -75.6703 epis: 0.3812 loss: 55.7289 
episode: 321 count: 168 score: -6.9514 average_last200: -75.0660 epis: 0.3801 loss: 98.4300 
episode: 322 count: 92 score: -65.7154 average_last200: -74.8711 epis: 0.3789 loss: 49.3345 
episode: 323 count: 114 score: -1.8519 average_last200: -74.3988 epis: 0.3778 loss: 78.8867 
episode: 324 count: 100 score: -15.4739 average_last200: -74.1756 epis: 0.3766 loss: 56.1590 
episode: 325 count: 80 score: -61.6616 average_last200: -73.8560 epis: 0.3755 loss: 62.2913 
episode: 326 count: 100 score: -63.3516 average_last200: -73.6440 epis: 0.3744 loss: 52.2846 
episode: 327 count: 117 score: -105.0265 average_last200: -73.5152 epis: 0.3733 loss: 73.7807 
episode: 328 count: 1000 score: 7.9532 average_last200: -72.8839 epis: 0.3721 loss: 647.8981 
episode: 329 count: 100 score: -33.0680 average_last200: -72.7266 epis: 0.3710 loss: 65.3072 
episode: 330 count: 82 score: -67.3046 average_last200: -72.4432 epis: 0.3699 loss: 45.0821 
episode: 331 count: 90 score: -47.8207 average_last200: -72.1283 epis: 0.3688 loss: 61.7076 
episode: 332 count: 132 score: -7.8349 average_last200: -71.5656 epis: 0.3677 loss: 78.6127 
episode: 333 count: 1000 score: -59.2232 average_last200: -71.6262 epis: 0.3666 loss: 676.0870 
episode: 334 count: 1000 score: 30.6497 average_last200: -71.2111 epis: 0.3655 loss: 640.7597 
episode: 335 count: 119 score: -88.9751 average_last200: -71.3050 epis: 0.3644 loss: 72.9479 
episode: 336 count: 91 score: -1.9111 average_last200: -70.7940 epis: 0.3633 loss: 46.2142 
episode: 337 count: 154 score: -39.1706 average_last200: -70.5147 epis: 0.3622 loss: 87.5150 
episode: 338 count: 101 score: 1.0687 average_last200: -70.0537 epis: 0.3611 loss: 60.3569 
episode: 339 count: 387 score: 198.1852 average_last200: -68.8265 epis: 0.3600 loss: 263.0260 
episode: 340 count: 1000 score: 20.9497 average_last200: -68.1957 epis: 0.3590 loss: 621.0168 
episode: 341 count: 1000 score: 23.2783 average_last200: -67.4045 epis: 0.3579 loss: 597.4966 
episode: 342 count: 1000 score: 41.7897 average_last200: -66.6440 epis: 0.3568 loss: 638.3004 
episode: 343 count: 143 score: 1.7291 average_last200: -66.3073 epis: 0.3557 loss: 86.0716 
episode: 344 count: 1000 score: 63.1071 average_last200: -65.6316 epis: 0.3547 loss: 635.5273 
episode: 345 count: 134 score: -36.4776 average_last200: -65.2158 epis: 0.3536 loss: 84.2127 
episode: 346 count: 106 score: -45.6465 average_last200: -65.2043 epis: 0.3525 loss: 67.8937 
episode: 347 count: 132 score: -16.7650 average_last200: -64.7728 epis: 0.3515 loss: 71.5642 
episode: 348 count: 89 score: -75.7444 average_last200: -64.6881 epis: 0.3504 loss: 60.6683 
episode: 349 count: 1000 score: 17.8080 average_last200: -64.0873 epis: 0.3494 loss: 615.5296 
episode: 350 count: 562 score: -79.9360 average_last200: -64.0278 epis: 0.3483 loss: 348.9833 
episode: 351 count: 94 score: 13.6496 average_last200: -63.5965 epis: 0.3473 loss: 63.7116 
episode: 352 count: 156 score: -10.3726 average_last200: -62.8774 epis: 0.3463 loss: 94.2905 
episode: 353 count: 1000 score: 39.8438 average_last200: -62.0895 epis: 0.3452 loss: 632.7392 
episode: 354 count: 1000 score: 32.1879 average_last200: -61.4722 epis: 0.3442 loss: 659.1006 
episode: 355 count: 128 score: -23.5517 average_last200: -61.1515 epis: 0.3431 loss: 81.8974 
episode: 356 count: 1000 score: 55.7003 average_last200: -60.5110 epis: 0.3421 loss: 602.0389 
episode: 357 count: 1000 score: -7.4195 average_last200: -60.0320 epis: 0.3411 loss: 629.9686 
episode: 358 count: 1000 score: 88.1684 average_last200: -59.0486 epis: 0.3401 loss: 606.6556 
episode: 359 count: 1000 score: 89.3412 average_last200: -57.9629 epis: 0.3390 loss: 626.7876 
episode: 360 count: 108 score: -27.8634 average_last200: -57.5297 epis: 0.3380 loss: 63.7675 
episode: 361 count: 204 score: 220.1541 average_last200: -56.1755 epis: 0.3370 loss: 124.7497 
episode: 362 count: 117 score: -20.8930 average_last200: -55.7537 epis: 0.3360 loss: 82.4189 
episode: 363 count: 94 score: -27.8117 average_last200: -55.1982 epis: 0.3350 loss: 61.8842 
episode: 364 count: 124 score: -25.6144 average_last200: -54.8333 epis: 0.3340 loss: 61.3939 
episode: 365 count: 127 score: -96.7725 average_last200: -54.5409 epis: 0.3330 loss: 74.7842 
episode: 366 count: 108 score: -66.5220 average_last200: -54.7411 epis: 0.3320 loss: 72.6009 
episode: 367 count: 146 score: -3.0252 average_last200: -54.4001 epis: 0.3310 loss: 84.4617 
episode: 368 count: 92 score: -53.4889 average_last200: -54.1383 epis: 0.3300 loss: 52.5406 
episode: 369 count: 1000 score: 55.1942 average_last200: -53.5312 epis: 0.3290 loss: 615.3876 
episode: 370 count: 111 score: -54.1978 average_last200: -53.1988 epis: 0.3280 loss: 72.7484 
episode: 371 count: 1000 score: 33.0317 average_last200: -52.5525 epis: 0.3270 loss: 580.6011 
episode: 372 count: 107 score: -7.6025 average_last200: -52.2060 epis: 0.3261 loss: 64.7595 
episode: 373 count: 100 score: -106.2474 average_last200: -52.3056 epis: 0.3251 loss: 57.5820 
episode: 374 count: 77 score: -49.7555 average_last200: -51.1279 epis: 0.3241 loss: 49.0273 
episode: 375 count: 1000 score: 71.9205 average_last200: -50.4550 epis: 0.3231 loss: 592.3159 
episode: 376 count: 1000 score: -100.0635 average_last200: -50.6049 epis: 0.3222 loss: 582.3390 
episode: 377 count: 1000 score: 93.2514 average_last200: -49.5997 epis: 0.3212 loss: 586.6814 
episode: 378 count: 116 score: -28.5118 average_last200: -49.0690 epis: 0.3202 loss: 57.1574 
episode: 379 count: 86 score: -72.2442 average_last200: -48.9036 epis: 0.3193 loss: 56.9636 
episode: 380 count: 124 score: -37.3051 average_last200: -48.1799 epis: 0.3183 loss: 79.4578 
episode: 381 count: 108 score: -59.8341 average_last200: -48.2447 epis: 0.3174 loss: 54.1165 
episode: 382 count: 1000 score: 85.9504 average_last200: -47.5899 epis: 0.3164 loss: 572.5610 
episode: 383 count: 102 score: 1.9442 average_last200: -46.8755 epis: 0.3155 loss: 52.8652 
episode: 384 count: 1000 score: 28.6243 average_last200: -46.0684 epis: 0.3145 loss: 553.7259 
episode: 385 count: 1000 score: 44.8706 average_last200: -45.6630 epis: 0.3136 loss: 586.7161 
episode: 386 count: 1000 score: 65.5843 average_last200: -45.0460 epis: 0.3126 loss: 548.3401 
episode: 387 count: 162 score: -47.3688 average_last200: -44.7743 epis: 0.3117 loss: 99.7353 
episode: 388 count: 1000 score: 80.9683 average_last200: -43.9143 epis: 0.3108 loss: 539.1215 
episode: 389 count: 122 score: -77.8264 average_last200: -43.7045 epis: 0.3098 loss: 60.9294 
episode: 390 count: 190 score: -289.4440 average_last200: -44.6535 epis: 0.3089 loss: 110.1894 
episode: 391 count: 921 score: 180.1305 average_last200: -43.1650 epis: 0.3080 loss: 489.1036 
episode: 392 count: 87 score: -93.7128 average_last200: -43.5983 epis: 0.3070 loss: 45.7498 
episode: 393 count: 1000 score: 99.1125 average_last200: -42.6333 epis: 0.3061 loss: 520.8997 
episode: 394 count: 1000 score: 115.5286 average_last200: -41.7266 epis: 0.3052 loss: 528.3318 
episode: 395 count: 1000 score: 119.8290 average_last200: -40.7289 epis: 0.3043 loss: 529.4096 
episode: 396 count: 109 score: -91.6561 average_last200: -40.5880 epis: 0.3034 loss: 73.2308 
episode: 397 count: 145 score: -51.5716 average_last200: -40.3355 epis: 0.3025 loss: 80.5406 
episode: 398 count: 117 score: -14.5160 average_last200: -40.2385 epis: 0.3016 loss: 52.9835 
episode: 399 count: 1000 score: 39.6587 average_last200: -39.4947 epis: 0.3007 loss: 509.0828 
episode: 400 count: 99 score: -15.2638 average_last200: -38.9448 epis: 0.2997 loss: 61.1946 
episode: 401 count: 1000 score: 133.4781 average_last200: -37.8392 epis: 0.2989 loss: 484.4202 
episode: 402 count: 108 score: -51.8084 average_last200: -37.5554 epis: 0.2980 loss: 61.1014 
episode: 403 count: 100 score: -83.3694 average_last200: -37.6877 epis: 0.2971 loss: 59.2983 
episode: 404 count: 1000 score: 69.2018 average_last200: -37.2947 epis: 0.2962 loss: 485.4238 
episode: 405 count: 132 score: -3.1709 average_last200: -36.8154 epis: 0.2953 loss: 76.4316 
episode: 406 count: 1000 score: 101.0854 average_last200: -35.8423 epis: 0.2944 loss: 488.4525 
episode: 407 count: 1000 score: 117.9094 average_last200: -34.9273 epis: 0.2935 loss: 490.7433 
episode: 408 count: 86 score: -12.7642 average_last200: -34.6447 epis: 0.2926 loss: 45.2344 
episode: 409 count: 1000 score: 119.8305 average_last200: -33.4583 epis: 0.2918 loss: 466.4975 
episode: 410 count: 106 score: -91.9209 average_last200: -33.1333 epis: 0.2909 loss: 50.6836 
episode: 411 count: 84 score: -12.4814 average_last200: -32.0716 epis: 0.2900 loss: 42.3630 
episode: 412 count: 139 score: -25.7338 average_last200: -31.5378 epis: 0.2891 loss: 61.6643 
episode: 413 count: 170 score: -191.0270 average_last200: -32.1698 epis: 0.2883 loss: 93.9014 
episode: 414 count: 88 score: -40.6492 average_last200: -32.2188 epis: 0.2874 loss: 40.1999 
episode: 415 count: 79 score: -14.0505 average_last200: -31.7719 epis: 0.2865 loss: 35.9446 
episode: 416 count: 1000 score: 91.5315 average_last200: -30.7529 epis: 0.2857 loss: 488.1131 
episode: 417 count: 1000 score: 101.5104 average_last200: -30.2864 epis: 0.2848 loss: 504.6463 
episode: 418 count: 109 score: -70.9626 average_last200: -30.0848 epis: 0.2840 loss: 48.9073 
episode: 419 count: 1000 score: 51.3114 average_last200: -29.7650 epis: 0.2831 loss: 463.9184 
episode: 420 count: 1000 score: 9.3617 average_last200: -29.4255 epis: 0.2823 loss: 500.0603 
episode: 421 count: 1000 score: 55.3097 average_last200: -29.0178 epis: 0.2814 loss: 480.0664 
episode: 422 count: 1000 score: 115.6508 average_last200: -28.0901 epis: 0.2806 loss: 473.2856 
episode: 423 count: 1000 score: 96.8330 average_last200: -27.1095 epis: 0.2797 loss: 459.7249 
episode: 424 count: 124 score: -91.8129 average_last200: -27.0420 epis: 0.2789 loss: 56.2508 
episode: 425 count: 89 score: -50.9022 average_last200: -27.0309 epis: 0.2781 loss: 45.4956 
episode: 426 count: 96 score: -65.4990 average_last200: -26.9451 epis: 0.2772 loss: 37.8829 
episode: 427 count: 1000 score: 67.7442 average_last200: -25.9144 epis: 0.2764 loss: 442.0030 
episode: 428 count: 97 score: -70.4738 average_last200: -25.5540 epis: 0.2756 loss: 40.6530 
episode: 429 count: 1000 score: 11.4441 average_last200: -25.3149 epis: 0.2747 loss: 476.1576 
episode: 430 count: 263 score: -234.9393 average_last200: -26.2401 epis: 0.2739 loss: 134.5431 
episode: 431 count: 263 score: 220.3409 average_last200: -24.8940 epis: 0.2731 loss: 125.0901 
episode: 432 count: 96 score: -5.3346 average_last200: -24.3842 epis: 0.2723 loss: 41.3641 
episode: 433 count: 106 score: -48.0184 average_last200: -24.3629 epis: 0.2715 loss: 53.1147 
episode: 434 count: 101 score: 10.6438 average_last200: -23.8460 epis: 0.2706 loss: 43.9131 
episode: 435 count: 113 score: 12.7660 average_last200: -23.6282 epis: 0.2698 loss: 63.0483 
episode: 436 count: 1000 score: 97.3811 average_last200: -22.7303 epis: 0.2690 loss: 472.8448 
episode: 437 count: 150 score: 7.0889 average_last200: -22.3793 epis: 0.2682 loss: 69.6016 
episode: 438 count: 1000 score: 66.3747 average_last200: -21.6332 epis: 0.2674 loss: 504.1049 
episode: 439 count: 104 score: -43.0850 average_last200: -21.4881 epis: 0.2666 loss: 56.9549 
episode: 440 count: 91 score: -32.8782 average_last200: -21.1514 epis: 0.2658 loss: 58.0034 
episode: 441 count: 119 score: -18.8251 average_last200: -20.4865 epis: 0.2650 loss: 55.7980 
episode: 442 count: 110 score: -63.3281 average_last200: -20.4981 epis: 0.2642 loss: 55.2497 
episode: 443 count: 92 score: -97.4528 average_last200: -20.9001 epis: 0.2634 loss: 38.1105 
episode: 444 count: 1000 score: 96.3550 average_last200: -20.1607 epis: 0.2626 loss: 499.6837 
episode: 445 count: 102 score: -29.6604 average_last200: -19.8863 epis: 0.2618 loss: 55.2859 
episode: 446 count: 1000 score: 13.9550 average_last200: -19.5648 epis: 0.2611 loss: 484.9876 
episode: 447 count: 402 score: 214.4049 average_last200: -18.1915 epis: 0.2603 loss: 185.8536 
episode: 448 count: 1000 score: 69.5459 average_last200: -17.6434 epis: 0.2595 loss: 495.9247 
episode: 449 count: 1000 score: 106.4051 average_last200: -16.9228 epis: 0.2587 loss: 467.8969 
episode: 450 count: 102 score: -80.1770 average_last200: -17.1331 epis: 0.2579 loss: 50.3357 
episode: 451 count: 1000 score: 105.4857 average_last200: -16.5184 epis: 0.2572 loss: 485.3278 
episode: 452 count: 417 score: -187.6362 average_last200: -17.1593 epis: 0.2564 loss: 194.7954 
episode: 453 count: 1000 score: -2.1081 average_last200: -16.8769 epis: 0.2556 loss: 478.5344 
episode: 454 count: 132 score: -37.7313 average_last200: -16.6816 epis: 0.2549 loss: 76.5075 
episode: 455 count: 1000 score: 72.2542 average_last200: -15.8771 epis: 0.2541 loss: 443.8380 
episode: 456 count: 738 score: 202.8491 average_last200: -14.6838 epis: 0.2533 loss: 326.7397 
episode: 457 count: 1000 score: 72.7489 average_last200: -13.9259 epis: 0.2526 loss: 443.7709 
episode: 458 count: 106 score: -30.2588 average_last200: -13.7778 epis: 0.2518 loss: 50.3828 
episode: 459 count: 781 score: 139.5492 average_last200: -12.9310 epis: 0.2511 loss: 362.8658 
episode: 460 count: 103 score: -50.9941 average_last200: -12.8629 epis: 0.2503 loss: 47.7211 
episode: 461 count: 772 score: 218.2332 average_last200: -11.4890 epis: 0.2496 loss: 333.4337 
episode: 462 count: 209 score: 181.3497 average_last200: -10.5155 epis: 0.2488 loss: 81.9318 
episode: 463 count: 135 score: -15.8338 average_last200: -10.3790 epis: 0.2481 loss: 54.9239 
episode: 464 count: 1000 score: 110.9575 average_last200: -9.3932 epis: 0.2473 loss: 404.3586 
episode: 465 count: 871 score: 201.8026 average_last200: -8.0330 epis: 0.2466 loss: 351.9265 
episode: 466 count: 1000 score: 99.3675 average_last200: -6.9784 epis: 0.2458 loss: 407.1986 
episode: 467 count: 106 score: -17.2587 average_last200: -6.9209 epis: 0.2451 loss: 41.4350 
episode: 468 count: 1000 score: 103.9817 average_last200: -6.3081 epis: 0.2444 loss: 421.4024 
episode: 469 count: 265 score: 164.0543 average_last200: -5.2010 epis: 0.2436 loss: 112.3124 
episode: 470 count: 1000 score: 96.3039 average_last200: -4.3169 epis: 0.2429 loss: 406.4709 
episode: 471 count: 1000 score: 101.1533 average_last200: -3.5333 epis: 0.2422 loss: 403.1016 
episode: 472 count: 91 score: -11.9172 average_last200: -3.5552 epis: 0.2414 loss: 35.1294 
episode: 473 count: 218 score: 18.8576 average_last200: -3.1993 epis: 0.2407 loss: 80.1005 
episode: 474 count: 114 score: -32.4079 average_last200: -3.1723 epis: 0.2400 loss: 46.2008 
episode: 475 count: 158 score: -13.8433 average_last200: -2.6849 epis: 0.2393 loss: 69.6520 
episode: 476 count: 87 score: -15.0365 average_last200: -2.6226 epis: 0.2386 loss: 33.4181 
episode: 477 count: 136 score: -10.7311 average_last200: -1.7681 epis: 0.2378 loss: 52.4818 
episode: 478 count: 418 score: 221.5146 average_last200: -0.0802 epis: 0.2371 loss: 158.3285 
episode: 479 count: 954 score: 170.4252 average_last200: 1.2895 epis: 0.2364 loss: 371.1371 
episode: 480 count: 878 score: 185.3518 average_last200: 2.3263 epis: 0.2357 loss: 329.6098 
episode: 481 count: 288 score: 227.6593 average_last200: 3.8932 epis: 0.2350 loss: 103.4291 
episode: 482 count: 1000 score: 74.1404 average_last200: 4.5289 epis: 0.2343 loss: 350.1970 
episode: 483 count: 658 score: 245.5924 average_last200: 5.8103 epis: 0.2336 loss: 234.0696 
episode: 484 count: 147 score: 15.2675 average_last200: 6.2389 epis: 0.2329 loss: 61.3973 
episode: 485 count: 1000 score: 85.1377 average_last200: 7.0076 epis: 0.2322 loss: 336.3195 
episode: 486 count: 124 score: -191.4172 average_last200: 6.3827 epis: 0.2315 loss: 42.1413 
episode: 487 count: 123 score: -262.9485 average_last200: 5.3944 epis: 0.2308 loss: 45.6788 
episode: 488 count: 807 score: 215.0930 average_last200: 6.8039 epis: 0.2301 loss: 260.9904 
episode: 489 count: 803 score: 224.3543 average_last200: 8.2837 epis: 0.2294 loss: 261.2984 
episode: 490 count: 386 score: 205.0313 average_last200: 9.3592 epis: 0.2287 loss: 130.8592 
episode: 491 count: 460 score: -133.9046 average_last200: 9.0692 epis: 0.2280 loss: 141.0398 
episode: 492 count: 482 score: 225.6324 average_last200: 10.3447 epis: 0.2274 loss: 158.2152 
episode: 493 count: 166 score: -165.7964 average_last200: 9.4227 epis: 0.2267 loss: 64.9916 
episode: 494 count: 218 score: 225.3435 average_last200: 10.5570 epis: 0.2260 loss: 59.8228 
episode: 495 count: 115 score: -32.7043 average_last200: 10.5458 epis: 0.2253 loss: 30.3568 
episode: 496 count: 521 score: 228.0683 average_last200: 11.8650 epis: 0.2246 loss: 173.1176 
episode: 497 count: 729 score: 204.6190 average_last200: 13.2090 epis: 0.2240 loss: 241.1426 
episode: 498 count: 1000 score: 91.0371 average_last200: 13.8197 epis: 0.2233 loss: 315.9172 
episode: 499 count: 317 score: 214.0758 average_last200: 14.5510 epis: 0.2226 loss: 99.1441 
episode: 500 count: 97 score: -8.0285 average_last200: 14.9418 epis: 0.2220 loss: 31.5609 
episode: 501 count: 1000 score: 88.9132 average_last200: 15.6361 epis: 0.2213 loss: 284.7664 
episode: 502 count: 187 score: -31.0569 average_last200: 15.7133 epis: 0.2206 loss: 56.9378 
episode: 503 count: 1000 score: 89.9639 average_last200: 16.2746 epis: 0.2200 loss: 296.1149 
episode: 504 count: 94 score: -6.4828 average_last200: 16.2677 epis: 0.2193 loss: 33.9933 
episode: 505 count: 115 score: -25.0257 average_last200: 16.2767 epis: 0.2187 loss: 24.9621 
episode: 506 count: 1000 score: 21.5910 average_last200: 16.3607 epis: 0.2180 loss: 303.6919 
episode: 507 count: 754 score: 238.2722 average_last200: 17.6352 epis: 0.2173 loss: 238.8555 
episode: 508 count: 133 score: -4.0611 average_last200: 17.7515 epis: 0.2167 loss: 41.5095 
episode: 509 count: 470 score: 182.7774 average_last200: 19.0744 epis: 0.2160 loss: 136.1290 
episode: 510 count: 91 score: 15.8204 average_last200: 19.2343 epis: 0.2154 loss: 23.8614 
episode: 511 count: 1000 score: 72.7066 average_last200: 19.8593 epis: 0.2147 loss: 293.6426 
episode: 512 count: 124 score: -1.1293 average_last200: 19.7466 epis: 0.2141 loss: 38.0997 
episode: 513 count: 647 score: 189.4539 average_last200: 20.7861 epis: 0.2135 loss: 202.0356 
episode: 514 count: 1000 score: 108.4784 average_last200: 21.8684 epis: 0.2128 loss: 295.3714 
episode: 515 count: 122 score: -65.1109 average_last200: 21.9198 epis: 0.2122 loss: 40.4260 
episode: 516 count: 199 score: 29.9010 average_last200: 22.7328 epis: 0.2115 loss: 56.4388 
episode: 517 count: 173 score: 3.8473 average_last200: 22.9191 epis: 0.2109 loss: 43.8994 
episode: 518 count: 73 score: -33.5382 average_last200: 23.0351 epis: 0.2103 loss: 15.5457 
episode: 519 count: 71 score: -38.0164 average_last200: 23.1223 epis: 0.2096 loss: 17.0898 
episode: 520 count: 76 score: -55.6409 average_last200: 23.0817 epis: 0.2090 loss: 23.0623 
episode: 521 count: 686 score: 197.3838 average_last200: 24.1033 epis: 0.2084 loss: 189.0035 
episode: 522 count: 1000 score: 96.9804 average_last200: 24.9168 epis: 0.2078 loss: 283.1811 
episode: 523 count: 98 score: -4.9268 average_last200: 24.9014 epis: 0.2071 loss: 24.0102 
episode: 524 count: 176 score: -66.0883 average_last200: 24.6484 epis: 0.2065 loss: 50.3859 
episode: 525 count: 302 score: 235.2816 average_last200: 26.1331 epis: 0.2059 loss: 83.4191 
episode: 526 count: 1000 score: 100.4362 average_last200: 26.9520 epis: 0.2053 loss: 277.7895 
episode: 527 count: 117 score: -10.3715 average_last200: 27.4253 epis: 0.2047 loss: 27.1691 
episode: 528 count: 157 score: -25.7374 average_last200: 27.2569 epis: 0.2041 loss: 40.0867 
episode: 529 count: 286 score: 229.3121 average_last200: 28.5688 epis: 0.2034 loss: 76.8517 
episode: 530 count: 815 score: 225.8972 average_last200: 30.0348 epis: 0.2028 loss: 240.6024 
episode: 531 count: 121 score: 24.2243 average_last200: 30.3950 epis: 0.2022 loss: 25.7816 
episode: 532 count: 134 score: -2.8981 average_last200: 30.4197 epis: 0.2016 loss: 32.5096 
episode: 533 count: 178 score: -37.6281 average_last200: 30.5276 epis: 0.2010 loss: 40.8380 
episode: 534 count: 1000 score: 86.7829 average_last200: 30.8083 epis: 0.2004 loss: 267.8642 
episode: 535 count: 1000 score: 104.9714 average_last200: 31.7780 epis: 0.1998 loss: 266.9016 
episode: 536 count: 1000 score: 93.4518 average_last200: 32.2549 epis: 0.1992 loss: 264.8480 
episode: 537 count: 85 score: -79.0454 average_last200: 32.0555 epis: 0.1986 loss: 20.0324 
episode: 538 count: 95 score: -73.5458 average_last200: 31.6824 epis: 0.1980 loss: 21.3914 
episode: 539 count: 439 score: 223.1390 average_last200: 31.8072 epis: 0.1974 loss: 113.1273 
episode: 540 count: 257 score: 194.4773 average_last200: 32.6748 epis: 0.1968 loss: 55.2372 
episode: 541 count: 563 score: 204.8737 average_last200: 33.5828 epis: 0.1962 loss: 131.0430 
episode: 542 count: 117 score: -1.3745 average_last200: 33.3670 epis: 0.1956 loss: 25.4294 
episode: 543 count: 1000 score: 84.2881 average_last200: 33.7798 epis: 0.1951 loss: 245.6075 
episode: 544 count: 111 score: 3.5864 average_last200: 33.4822 epis: 0.1945 loss: 21.5962 
episode: 545 count: 1000 score: 85.0639 average_last200: 34.0899 epis: 0.1939 loss: 243.2849 
episode: 546 count: 858 score: 210.5039 average_last200: 35.3706 epis: 0.1933 loss: 220.3513 
episode: 547 count: 320 score: 183.6727 average_last200: 36.3728 epis: 0.1927 loss: 81.3340 
episode: 548 count: 131 score: -5.0149 average_last200: 36.7265 epis: 0.1922 loss: 32.7860 
episode: 549 count: 543 score: 201.4507 average_last200: 37.6447 epis: 0.1916 loss: 130.2675 
episode: 550 count: 146 score: -12.3630 average_last200: 37.9825 epis: 0.1910 loss: 36.7599 
episode: 551 count: 735 score: 188.6132 average_last200: 38.8574 epis: 0.1904 loss: 170.4040 
episode: 552 count: 992 score: 204.1050 average_last200: 39.9297 epis: 0.1899 loss: 237.3855 
episode: 553 count: 630 score: 249.1080 average_last200: 40.9761 epis: 0.1893 loss: 167.2469 
episode: 554 count: 123 score: -20.4540 average_last200: 40.7129 epis: 0.1887 loss: 25.9525 
episode: 555 count: 99 score: -21.1934 average_last200: 40.7247 epis: 0.1882 loss: 23.6130 
episode: 556 count: 170 score: 1.0639 average_last200: 40.4515 epis: 0.1876 loss: 38.1045 
episode: 557 count: 1000 score: 122.1947 average_last200: 41.0995 epis: 0.1870 loss: 223.4669 
episode: 558 count: 360 score: 232.8844 average_last200: 41.8231 epis: 0.1865 loss: 75.3520 
episode: 559 count: 147 score: 4.2381 average_last200: 41.3976 epis: 0.1859 loss: 32.0336 
episode: 560 count: 375 score: 211.8015 average_last200: 42.5959 epis: 0.1853 loss: 96.8347 
episode: 561 count: 361 score: 234.7162 average_last200: 42.6687 epis: 0.1848 loss: 82.6684 
episode: 562 count: 151 score: -3.2450 average_last200: 42.7570 epis: 0.1842 loss: 37.8165 
episode: 563 count: 1000 score: 96.3938 average_last200: 43.3780 epis: 0.1837 loss: 224.9556 
episode: 564 count: 422 score: 215.6987 average_last200: 44.5846 epis: 0.1831 loss: 96.5790 
episode: 565 count: 715 score: 212.4826 average_last200: 46.1308 epis: 0.1826 loss: 158.5507 
episode: 566 count: 635 score: 219.8450 average_last200: 47.5627 epis: 0.1820 loss: 137.3008 
episode: 567 count: 646 score: 201.4879 average_last200: 48.5852 epis: 0.1815 loss: 126.7720 
episode: 568 count: 161 score: -15.6739 average_last200: 48.7743 epis: 0.1809 loss: 40.3108 
episode: 569 count: 1000 score: 79.5937 average_last200: 48.8963 epis: 0.1804 loss: 224.6962 
episode: 570 count: 477 score: 210.7469 average_last200: 50.2210 epis: 0.1799 loss: 106.4464 
episode: 571 count: 1000 score: 141.2774 average_last200: 50.7623 epis: 0.1793 loss: 224.4835 
episode: 572 count: 1000 score: 113.5503 average_last200: 51.3680 epis: 0.1788 loss: 209.8721 
episode: 573 count: 1000 score: 139.6326 average_last200: 52.5974 epis: 0.1782 loss: 198.7650 
episode: 574 count: 834 score: 181.4950 average_last200: 53.7537 epis: 0.1777 loss: 160.0528 
episode: 575 count: 1000 score: -42.6516 average_last200: 53.1808 epis: 0.1772 loss: 194.1666 
episode: 576 count: 120 score: -0.4939 average_last200: 53.6787 epis: 0.1766 loss: 21.4609 
episode: 577 count: 759 score: 229.2613 average_last200: 54.3587 epis: 0.1761 loss: 173.0844 
episode: 578 count: 144 score: -17.3235 average_last200: 54.4147 epis: 0.1756 loss: 33.4806 
episode: 579 count: 1000 score: 106.3817 average_last200: 55.3078 epis: 0.1751 loss: 221.7351 
episode: 580 count: 448 score: 229.3410 average_last200: 56.6410 epis: 0.1745 loss: 76.1649 
episode: 581 count: 1000 score: 90.9537 average_last200: 57.3950 epis: 0.1740 loss: 223.4792 
episode: 582 count: 77 score: -14.9420 average_last200: 56.8905 epis: 0.1735 loss: 19.0822 
episode: 583 count: 284 score: 229.4011 average_last200: 58.0278 epis: 0.1730 loss: 53.3916 
episode: 584 count: 152 score: -18.7949 average_last200: 57.7907 epis: 0.1725 loss: 34.1452 
episode: 585 count: 138 score: -17.5255 average_last200: 57.4787 epis: 0.1719 loss: 29.2180 
episode: 586 count: 706 score: 176.0101 average_last200: 58.0308 epis: 0.1714 loss: 146.3820 
episode: 587 count: 72 score: -33.0038 average_last200: 58.1027 epis: 0.1709 loss: 15.1525 
episode: 588 count: 128 score: -0.8911 average_last200: 57.6934 epis: 0.1704 loss: 32.1390 
episode: 589 count: 572 score: 209.3351 average_last200: 59.1292 epis: 0.1699 loss: 119.2836 
episode: 590 count: 316 score: 206.6295 average_last200: 61.6095 epis: 0.1694 loss: 66.1093 
episode: 591 count: 307 score: 181.2147 average_last200: 61.6150 epis: 0.1689 loss: 71.2830 
episode: 592 count: 784 score: -147.3091 average_last200: 61.3470 epis: 0.1684 loss: 180.1020 
episode: 593 count: 629 score: 192.5117 average_last200: 61.8140 epis: 0.1679 loss: 155.2685 
episode: 594 count: 119 score: -38.3674 average_last200: 61.0445 epis: 0.1673 loss: 20.2676 
episode: 595 count: 1000 score: 217.7886 average_last200: 61.5343 epis: 0.1668 loss: 216.7678 
episode: 596 count: 173 score: 11.3515 average_last200: 62.0493 epis: 0.1663 loss: 44.1408 
episode: 597 count: 106 score: -13.5733 average_last200: 62.2393 epis: 0.1658 loss: 20.9843 
episode: 598 count: 629 score: 151.1914 average_last200: 63.0679 epis: 0.1653 loss: 136.8383 
episode: 599 count: 503 score: 238.3879 average_last200: 64.0615 epis: 0.1649 loss: 105.6764 
episode: 600 count: 85 score: -13.1442 average_last200: 64.0721 epis: 0.1644 loss: 27.1284 
episode: 601 count: 107 score: -25.2788 average_last200: 63.2783 epis: 0.1639 loss: 24.8878 
episode: 602 count: 116 score: -10.4027 average_last200: 63.4854 epis: 0.1634 loss: 28.5653 
episode: 603 count: 1000 score: 71.9259 average_last200: 64.2618 epis: 0.1629 loss: 226.1098 
episode: 604 count: 141 score: 17.2277 average_last200: 64.0020 epis: 0.1624 loss: 29.8716 
episode: 605 count: 109 score: -3.1830 average_last200: 64.0019 epis: 0.1619 loss: 27.8955 
episode: 606 count: 101 score: -11.3288 average_last200: 63.4398 epis: 0.1614 loss: 23.1415 
episode: 607 count: 93 score: -46.1851 average_last200: 62.6194 epis: 0.1609 loss: 16.8519 
episode: 608 count: 607 score: 209.4473 average_last200: 63.7304 epis: 0.1605 loss: 122.2847 
episode: 609 count: 210 score: 10.6096 average_last200: 63.1843 epis: 0.1600 loss: 55.0510 
episode: 610 count: 131 score: -25.3370 average_last200: 63.5172 epis: 0.1595 loss: 25.1718 
episode: 611 count: 435 score: 222.1390 average_last200: 64.6903 epis: 0.1590 loss: 117.5959 
episode: 612 count: 123 score: 1.0213 average_last200: 64.8241 epis: 0.1585 loss: 28.9169 
episode: 613 count: 1000 score: 111.9395 average_last200: 66.3389 epis: 0.1581 loss: 252.8239 
episode: 614 count: 303 score: 232.0536 average_last200: 67.7024 epis: 0.1576 loss: 73.5277 
episode: 615 count: 140 score: 14.0386 average_last200: 67.8429 epis: 0.1571 loss: 29.5269 
episode: 616 count: 1000 score: 106.0432 average_last200: 67.9155 epis: 0.1566 loss: 225.8505 
episode: 617 count: 147 score: 2.2409 average_last200: 67.4191 epis: 0.1562 loss: 39.9974 
episode: 618 count: 448 score: 241.3981 average_last200: 68.9809 epis: 0.1557 loss: 113.8107 
episode: 619 count: 143 score: -30.0855 average_last200: 68.5739 epis: 0.1552 loss: 32.3986 
episode: 620 count: 137 score: -6.3460 average_last200: 68.4954 epis: 0.1548 loss: 32.3766 
episode: 621 count: 471 score: 258.2562 average_last200: 69.5101 epis: 0.1543 loss: 112.2139 
episode: 622 count: 244 score: -253.6261 average_last200: 67.6637 epis: 0.1538 loss: 71.7056 
episode: 623 count: 498 score: 228.0897 average_last200: 68.3200 epis: 0.1534 loss: 107.4801 
episode: 624 count: 110 score: -5.4774 average_last200: 68.7517 epis: 0.1529 loss: 23.3049 
episode: 625 count: 408 score: 195.5066 average_last200: 69.9837 epis: 0.1525 loss: 105.3927 
episode: 626 count: 631 score: 206.5337 average_last200: 71.3439 epis: 0.1520 loss: 147.4885 
episode: 627 count: 1000 score: 56.1953 average_last200: 71.2862 epis: 0.1516 loss: 234.5756 
episode: 628 count: 560 score: 172.4071 average_last200: 72.5006 epis: 0.1511 loss: 116.0217 
episode: 629 count: 122 score: 15.4136 average_last200: 72.5204 epis: 0.1506 loss: 21.3470 
episode: 630 count: 144 score: -33.6124 average_last200: 73.5270 epis: 0.1502 loss: 26.2018 
episode: 631 count: 596 score: 216.2300 average_last200: 73.5065 epis: 0.1497 loss: 119.9522 
episode: 632 count: 795 score: 161.0977 average_last200: 74.3387 epis: 0.1493 loss: 175.4357 
episode: 633 count: 415 score: 214.9182 average_last200: 75.6533 epis: 0.1488 loss: 99.0440 
episode: 634 count: 142 score: 11.1316 average_last200: 75.6558 epis: 0.1484 loss: 31.7268 
episode: 635 count: 216 score: 222.2673 average_last200: 76.7033 epis: 0.1480 loss: 43.0856 
episode: 636 count: 752 score: 211.9972 average_last200: 77.2764 epis: 0.1475 loss: 155.5422 
episode: 637 count: 467 score: 240.3960 average_last200: 78.4429 epis: 0.1471 loss: 95.9203 
episode: 638 count: 503 score: 214.4579 average_last200: 79.1833 epis: 0.1466 loss: 96.1094 
episode: 639 count: 518 score: 208.5815 average_last200: 80.4416 epis: 0.1462 loss: 113.7494 
episode: 640 count: 336 score: 247.6948 average_last200: 81.8445 epis: 0.1457 loss: 59.3059 
episode: 641 count: 665 score: 225.5523 average_last200: 83.0664 epis: 0.1453 loss: 134.3020 
episode: 642 count: 702 score: 163.8354 average_last200: 84.2022 epis: 0.1449 loss: 133.7849 
episode: 643 count: 426 score: 184.1242 average_last200: 85.6101 epis: 0.1444 loss: 93.7875 
episode: 644 count: 285 score: 196.0076 average_last200: 86.1084 epis: 0.1440 loss: 49.9107 
episode: 645 count: 148 score: 14.5955 average_last200: 86.3296 epis: 0.1436 loss: 33.8267 
episode: 646 count: 202 score: 202.6471 average_last200: 87.2731 epis: 0.1431 loss: 41.8570 
episode: 647 count: 85 score: -81.5288 average_last200: 85.7934 epis: 0.1427 loss: 15.0545 
episode: 648 count: 508 score: 234.0499 average_last200: 86.6160 epis: 0.1423 loss: 113.0963 
episode: 649 count: 116 score: -291.3080 average_last200: 84.6274 epis: 0.1419 loss: 30.0821 
episode: 650 count: 179 score: -126.6512 average_last200: 84.3950 epis: 0.1414 loss: 42.4006 
episode: 651 count: 124 score: -10.1440 average_last200: 83.8169 epis: 0.1410 loss: 20.7333 
episode: 652 count: 96 score: 1.1155 average_last200: 84.7606 epis: 0.1406 loss: 17.7587 
episode: 653 count: 270 score: 193.8397 average_last200: 85.7404 epis: 0.1402 loss: 51.3222 
episode: 654 count: 250 score: 190.4360 average_last200: 86.8812 epis: 0.1397 loss: 43.4940 
episode: 655 count: 129 score: 4.4079 average_last200: 86.5420 epis: 0.1393 loss: 19.7132 
episode: 656 count: 166 score: -72.7114 average_last200: 85.1642 epis: 0.1389 loss: 33.2470 
episode: 657 count: 462 score: 183.7011 average_last200: 85.7189 epis: 0.1385 loss: 88.8346 
episode: 658 count: 90 score: -76.6737 average_last200: 85.4869 epis: 0.1381 loss: 16.1834 
episode: 659 count: 497 score: 243.6673 average_last200: 86.0074 epis: 0.1377 loss: 89.7232 
episode: 660 count: 748 score: 194.3937 average_last200: 87.2344 epis: 0.1372 loss: 147.8269 
episode: 661 count: 88 score: -92.0701 average_last200: 85.6829 epis: 0.1368 loss: 17.0857 
episode: 662 count: 307 score: 221.3191 average_last200: 85.8827 epis: 0.1364 loss: 58.9992 
episode: 663 count: 128 score: 7.5566 average_last200: 85.9997 epis: 0.1360 loss: 23.4579 
episode: 664 count: 1000 score: 124.6831 average_last200: 86.0683 epis: 0.1356 loss: 188.4152 
episode: 665 count: 819 score: 205.9760 average_last200: 86.0892 epis: 0.1352 loss: 149.0175 
episode: 666 count: 504 score: 212.7127 average_last200: 86.6559 epis: 0.1348 loss: 84.4414 
episode: 667 count: 451 score: 209.2900 average_last200: 87.7886 epis: 0.1344 loss: 81.3497 
episode: 668 count: 242 score: 258.3210 average_last200: 88.5603 epis: 0.1340 loss: 40.9405 
episode: 669 count: 666 score: 192.1425 average_last200: 88.7008 epis: 0.1336 loss: 129.2351 
episode: 670 count: 125 score: -15.9724 average_last200: 88.1394 epis: 0.1332 loss: 24.5981 
episode: 671 count: 92 score: -1.1030 average_last200: 87.6281 epis: 0.1328 loss: 12.6493 
episode: 672 count: 200 score: 227.5785 average_last200: 88.8256 epis: 0.1324 loss: 37.2644 
episode: 673 count: 382 score: 174.2340 average_last200: 89.6025 epis: 0.1320 loss: 68.2758 
episode: 674 count: 789 score: 250.0061 average_last200: 91.0145 epis: 0.1316 loss: 146.8408 
episode: 675 count: 303 score: 197.1287 average_last200: 92.0694 epis: 0.1312 loss: 50.6312 
episode: 676 count: 147 score: -29.4894 average_last200: 91.9971 epis: 0.1308 loss: 26.3400 
episode: 677 count: 443 score: 199.4603 average_last200: 93.0481 epis: 0.1304 loss: 84.8111 
episode: 678 count: 309 score: 223.3042 average_last200: 93.0570 epis: 0.1300 loss: 58.7624 
episode: 679 count: 214 score: 263.2846 average_last200: 93.5213 epis: 0.1296 loss: 35.1838 
episode: 680 count: 117 score: -24.0559 average_last200: 92.4743 epis: 0.1292 loss: 21.7021 
episode: 681 count: 129 score: -34.7836 average_last200: 91.1621 epis: 0.1289 loss: 19.8074 
episode: 682 count: 837 score: 201.7346 average_last200: 91.8001 epis: 0.1285 loss: 153.2341 
episode: 683 count: 236 score: 238.5396 average_last200: 91.7648 epis: 0.1281 loss: 35.6182 
episode: 684 count: 129 score: -36.3356 average_last200: 91.5068 epis: 0.1277 loss: 28.5951 
episode: 685 count: 153 score: -14.9199 average_last200: 91.0065 epis: 0.1273 loss: 25.1437 
episode: 686 count: 261 score: 236.0494 average_last200: 93.1438 epis: 0.1269 loss: 42.6250 
episode: 687 count: 392 score: -50.3790 average_last200: 94.2067 epis: 0.1266 loss: 68.4698 
episode: 688 count: 90 score: -24.9407 average_last200: 93.0065 epis: 0.1262 loss: 23.0715 
episode: 689 count: 453 score: 203.9920 average_last200: 92.9047 epis: 0.1258 loss: 85.9351 
episode: 690 count: 126 score: 1.6833 average_last200: 91.8879 epis: 0.1254 loss: 23.3211 
episode: 691 count: 405 score: 209.9661 average_last200: 93.6073 epis: 0.1250 loss: 72.0763 
episode: 692 count: 133 score: -46.4732 average_last200: 92.2468 epis: 0.1247 loss: 22.7319 
episode: 693 count: 363 score: 228.0625 average_last200: 94.2161 epis: 0.1243 loss: 60.5072 
episode: 694 count: 732 score: 217.5696 average_last200: 94.1772 epis: 0.1239 loss: 135.8318 
episode: 695 count: 77 score: -20.0659 average_last200: 94.2404 epis: 0.1235 loss: 13.2425 
episode: 696 count: 617 score: 216.4487 average_last200: 94.1823 epis: 0.1232 loss: 121.5380 
episode: 697 count: 393 score: 201.5858 average_last200: 94.1671 epis: 0.1228 loss: 78.0178 
episode: 698 count: 131 score: -9.2837 average_last200: 93.6655 epis: 0.1224 loss: 28.3268 
episode: 699 count: 185 score: 224.3884 average_last200: 93.7171 epis: 0.1221 loss: 30.8618 
episode: 700 count: 339 score: 225.8121 average_last200: 94.8863 epis: 0.1217 loss: 68.5018 
episode: 701 count: 844 score: 208.5124 average_last200: 95.4843 epis: 0.1213 loss: 156.9754 
episode: 702 count: 198 score: 202.1519 average_last200: 96.6503 epis: 0.1210 loss: 32.8947 
episode: 703 count: 542 score: 209.1399 average_last200: 97.2462 epis: 0.1206 loss: 106.0764 
episode: 704 count: 293 score: 270.2255 average_last200: 98.6297 epis: 0.1203 loss: 46.4828 
episode: 705 count: 376 score: 244.5591 average_last200: 99.9777 epis: 0.1199 loss: 65.9861 
episode: 706 count: 246 score: 258.1997 average_last200: 101.1607 epis: 0.1195 loss: 48.4109 
episode: 707 count: 289 score: 211.2766 average_last200: 101.0257 epis: 0.1192 loss: 52.0086 
episode: 708 count: 351 score: 249.3274 average_last200: 102.2927 epis: 0.1188 loss: 53.9176 
episode: 709 count: 457 score: 159.2765 average_last200: 102.1752 epis: 0.1185 loss: 85.5607 
episode: 710 count: 673 score: 179.0443 average_last200: 102.9913 epis: 0.1181 loss: 115.7340 
episode: 711 count: 76 score: -4.0861 average_last200: 102.6073 epis: 0.1177 loss: 12.1235 
episode: 712 count: 74 score: -36.3391 average_last200: 102.4313 epis: 0.1174 loss: 12.7482 
episode: 713 count: 870 score: 144.0487 average_last200: 102.2043 epis: 0.1170 loss: 153.9962 
episode: 714 count: 337 score: 203.1264 average_last200: 102.6775 epis: 0.1167 loss: 61.8424 
episode: 715 count: 88 score: -41.7872 average_last200: 102.7941 epis: 0.1163 loss: 13.1710 
episode: 716 count: 519 score: 190.7464 average_last200: 103.5983 epis: 0.1160 loss: 83.6548 
episode: 717 count: 1000 score: -8.8656 average_last200: 103.5348 epis: 0.1156 loss: 172.7234 
episode: 718 count: 154 score: 232.4469 average_last200: 104.8647 epis: 0.1153 loss: 26.8046 
episode: 719 count: 81 score: -48.4942 average_last200: 104.8123 epis: 0.1150 loss: 17.4133 
episode: 720 count: 87 score: -25.9382 average_last200: 104.9608 epis: 0.1146 loss: 20.0923 
episode: 721 count: 568 score: 167.4914 average_last200: 104.8114 epis: 0.1143 loss: 98.9029 
episode: 722 count: 895 score: 168.0857 average_last200: 105.1669 epis: 0.1139 loss: 154.1665 
episode: 723 count: 317 score: 190.5903 average_last200: 106.1445 epis: 0.1136 loss: 54.1506 
episode: 724 count: 519 score: 162.5511 average_last200: 107.2877 epis: 0.1132 loss: 93.5320 
episode: 725 count: 510 score: 202.4484 average_last200: 107.1235 epis: 0.1129 loss: 84.0487 
episode: 726 count: 416 score: 190.2134 average_last200: 107.5724 epis: 0.1126 loss: 64.9703 
episode: 727 count: 555 score: 165.4893 average_last200: 108.4517 epis: 0.1122 loss: 97.1333 
episode: 728 count: 295 score: 194.4612 average_last200: 109.5527 epis: 0.1119 loss: 53.1724 
episode: 729 count: 467 score: 233.1001 average_last200: 109.5716 epis: 0.1115 loss: 80.4083 
episode: 730 count: 784 score: 180.6410 average_last200: 109.3454 epis: 0.1112 loss: 136.4460 
episode: 731 count: 379 score: 221.7944 average_last200: 110.3332 epis: 0.1109 loss: 54.9616 
episode: 732 count: 333 score: 213.8053 average_last200: 111.4167 epis: 0.1105 loss: 54.4284 
episode: 733 count: 609 score: 232.4457 average_last200: 112.7671 epis: 0.1102 loss: 114.1364 
episode: 734 count: 342 score: 236.8053 average_last200: 113.5172 epis: 0.1099 loss: 56.6837 
episode: 735 count: 388 score: 246.7982 average_last200: 114.2263 epis: 0.1096 loss: 57.6650 
episode: 736 count: 113 score: -57.7577 average_last200: 113.4703 epis: 0.1092 loss: 18.8584 
episode: 737 count: 396 score: 229.1841 average_last200: 115.0114 epis: 0.1089 loss: 65.6492 
episode: 738 count: 430 score: 222.9577 average_last200: 116.4939 epis: 0.1086 loss: 87.3075 
episode: 739 count: 387 score: 190.6779 average_last200: 116.3316 epis: 0.1082 loss: 71.0868 
episode: 740 count: 665 score: 185.0005 average_last200: 116.2843 epis: 0.1079 loss: 117.5487 
episode: 741 count: 553 score: 185.0351 average_last200: 116.1851 epis: 0.1076 loss: 97.0622 
episode: 742 count: 509 score: 230.1991 average_last200: 117.3429 epis: 0.1073 loss: 84.9874 
episode: 743 count: 433 score: 224.4774 average_last200: 118.0439 epis: 0.1070 loss: 87.5062 
episode: 744 count: 769 score: 153.8160 average_last200: 118.7950 epis: 0.1066 loss: 138.5125 
episode: 745 count: 138 score: -16.2979 average_last200: 118.2882 epis: 0.1063 loss: 21.4657 
episode: 746 count: 275 score: 200.2491 average_last200: 118.2369 epis: 0.1060 loss: 55.3909 
episode: 747 count: 255 score: 214.6763 average_last200: 118.3920 epis: 0.1057 loss: 40.7884 
episode: 748 count: 407 score: 213.5370 average_last200: 119.4847 epis: 0.1054 loss: 77.2558 
episode: 749 count: 260 score: 187.4171 average_last200: 119.4146 epis: 0.1050 loss: 48.5119 
episode: 750 count: 154 score: -22.7511 average_last200: 119.3626 epis: 0.1047 loss: 26.5562 
episode: 751 count: 347 score: 230.3347 average_last200: 119.5712 epis: 0.1044 loss: 62.5769 
episode: 752 count: 1000 score: 115.5695 average_last200: 119.1285 epis: 0.1041 loss: 174.0078 
episode: 753 count: 782 score: 209.7902 average_last200: 118.9320 epis: 0.1038 loss: 134.7385 
episode: 754 count: 150 score: -5.7735 average_last200: 119.0054 epis: 0.1035 loss: 32.5048 
episode: 755 count: 913 score: 174.5144 average_last200: 119.9839 epis: 0.1032 loss: 150.0417 
episode: 756 count: 177 score: 218.9354 average_last200: 121.0733 epis: 0.1029 loss: 38.2765 
episode: 757 count: 751 score: 219.2068 average_last200: 121.5583 epis: 0.1025 loss: 137.2186 
episode: 758 count: 315 score: 203.6713 average_last200: 121.4122 epis: 0.1022 loss: 52.2988 
episode: 759 count: 253 score: 218.3609 average_last200: 122.4829 epis: 0.1019 loss: 37.0388 
episode: 760 count: 300 score: 229.1338 average_last200: 122.5695 epis: 0.1016 loss: 59.6743 
episode: 761 count: 109 score: -43.9590 average_last200: 121.1761 epis: 0.1013 loss: 20.2821 
episode: 762 count: 212 score: 201.9398 average_last200: 122.2021 epis: 0.1010 loss: 37.8322 
episode: 763 count: 104 score: -22.8815 average_last200: 121.6057 epis: 0.1007 loss: 23.2382 
episode: 764 count: 387 score: 234.4780 average_last200: 121.6996 epis: 0.1004 loss: 62.7707 
episode: 765 count: 84 score: -13.5776 average_last200: 120.5693 epis: 0.1001 loss: 14.0491 
episode: 766 count: 292 score: 221.9834 average_last200: 120.5800 epis: 0.0998 loss: 52.5424 
episode: 767 count: 615 score: 180.8122 average_last200: 120.4766 epis: 0.0995 loss: 109.9492 
episode: 768 count: 621 score: 57.5582 average_last200: 120.8428 epis: 0.0992 loss: 110.8104 
episode: 769 count: 213 score: -15.2523 average_last200: 120.3685 epis: 0.0989 loss: 40.6528 
episode: 770 count: 490 score: 227.4858 average_last200: 120.4522 epis: 0.0986 loss: 84.2622 
episode: 771 count: 122 score: -55.3341 average_last200: 119.4692 epis: 0.0983 loss: 21.7143 
episode: 772 count: 664 score: 209.8773 average_last200: 119.9508 epis: 0.0980 loss: 132.2134 
episode: 773 count: 246 score: 207.5638 average_last200: 120.2905 epis: 0.0977 loss: 47.4277 
episode: 774 count: 544 score: 226.3243 average_last200: 120.5146 epis: 0.0974 loss: 84.3089 
episode: 775 count: 468 score: 208.5616 average_last200: 121.7707 epis: 0.0972 loss: 94.8671 
episode: 776 count: 260 score: 214.3603 average_last200: 122.8449 epis: 0.0969 loss: 43.9494 
episode: 777 count: 283 score: 209.7735 average_last200: 122.7475 epis: 0.0966 loss: 55.4898 
episode: 778 count: 584 score: 241.9305 average_last200: 124.0438 epis: 0.0963 loss: 114.3944 
episode: 779 count: 608 score: 172.4569 average_last200: 124.3742 epis: 0.0960 loss: 126.8350 
episode: 780 count: 415 score: 207.4108 average_last200: 124.2645 epis: 0.0957 loss: 79.9130 
episode: 781 count: 119 score: -46.4226 average_last200: 123.5776 epis: 0.0954 loss: 20.4616 
episode: 782 count: 134 score: -3.8044 average_last200: 123.6333 epis: 0.0951 loss: 18.9887 
episode: 783 count: 846 score: 147.6673 average_last200: 123.2246 epis: 0.0948 loss: 159.6913 
episode: 784 count: 257 score: 205.7136 average_last200: 124.3472 epis: 0.0946 loss: 42.7110 
episode: 785 count: 238 score: 235.4767 average_last200: 125.6122 epis: 0.0943 loss: 52.0922 
episode: 786 count: 181 score: -23.5212 average_last200: 124.6145 epis: 0.0940 loss: 33.3774 
episode: 787 count: 331 score: 203.0877 average_last200: 125.7950 epis: 0.0937 loss: 70.1339 
episode: 788 count: 545 score: 179.4467 average_last200: 126.6967 epis: 0.0934 loss: 108.1168 
episode: 789 count: 140 score: -52.5952 average_last200: 125.3870 epis: 0.0931 loss: 26.9937 
episode: 790 count: 163 score: -3.3125 average_last200: 124.3373 epis: 0.0929 loss: 33.0112 
episode: 791 count: 439 score: 179.2588 average_last200: 124.3275 epis: 0.0926 loss: 88.6527 
episode: 792 count: 328 score: 229.8392 average_last200: 126.2133 epis: 0.0923 loss: 55.3422 
episode: 793 count: 135 score: 12.3337 average_last200: 125.3124 epis: 0.0920 loss: 24.8223 
episode: 794 count: 303 score: 217.9229 average_last200: 126.5938 epis: 0.0918 loss: 47.8780 
episode: 795 count: 309 score: 237.4805 average_last200: 126.6923 epis: 0.0915 loss: 56.9487 
episode: 796 count: 318 score: 214.6258 average_last200: 127.7087 epis: 0.0912 loss: 63.6395 
episode: 797 count: 124 score: -51.7935 average_last200: 127.5176 epis: 0.0909 loss: 23.2151 
episode: 798 count: 372 score: 200.6126 average_last200: 127.7647 epis: 0.0907 loss: 73.9086 
episode: 799 count: 287 score: 180.3355 average_last200: 127.4744 epis: 0.0904 loss: 59.4588 
episode: 800 count: 440 score: 197.6484 average_last200: 128.5284 epis: 0.0901 loss: 94.5897 
episode: 801 count: 286 score: 199.8655 average_last200: 129.6541 epis: 0.0898 loss: 56.5005 
episode: 802 count: 232 score: 243.5111 average_last200: 130.9237 epis: 0.0896 loss: 43.2127 
episode: 803 count: 591 score: 161.0761 average_last200: 131.3694 epis: 0.0893 loss: 128.7488 
episode: 804 count: 455 score: 169.0034 average_last200: 132.1283 epis: 0.0890 loss: 85.7725 
episode: 805 count: 352 score: 200.3047 average_last200: 133.1457 epis: 0.0888 loss: 68.6159 
episode: 806 count: 449 score: 148.7246 average_last200: 133.9460 epis: 0.0885 loss: 86.9098 
episode: 807 count: 379 score: 228.2026 average_last200: 135.3179 epis: 0.0882 loss: 74.7940 
episode: 808 count: 144 score: -31.9952 average_last200: 134.1107 epis: 0.0880 loss: 24.8534 
episode: 809 count: 508 score: -162.2002 average_last200: 133.2467 epis: 0.0877 loss: 108.9632 
episode: 810 count: 776 score: 190.6810 average_last200: 134.3268 epis: 0.0875 loss: 173.1934 
episode: 811 count: 328 score: 221.8528 average_last200: 134.3253 epis: 0.0872 loss: 62.8681 
episode: 812 count: 471 score: 183.6216 average_last200: 135.2383 epis: 0.0869 loss: 88.5167 
episode: 813 count: 305 score: 191.9302 average_last200: 135.6383 epis: 0.0867 loss: 60.0318 
episode: 814 count: 454 score: 226.2970 average_last200: 135.6095 epis: 0.0864 loss: 82.0451 
episode: 815 count: 489 score: 167.3680 average_last200: 136.3762 epis: 0.0861 loss: 104.8557 
episode: 816 count: 326 score: 181.5533 average_last200: 136.7537 epis: 0.0859 loss: 62.9139 
episode: 817 count: 449 score: 206.8272 average_last200: 137.7766 epis: 0.0856 loss: 101.7958 
episode: 818 count: 396 score: -154.8378 average_last200: 135.7955 epis: 0.0854 loss: 83.1717 
episode: 819 count: 201 score: -234.1707 average_last200: 134.7750 epis: 0.0851 loss: 46.5476 
episode: 820 count: 89 score: -31.0650 average_last200: 134.6514 epis: 0.0849 loss: 32.2470 
episode: 821 count: 372 score: 243.8046 average_last200: 134.5792 epis: 0.0846 loss: 73.7929 
episode: 822 count: 621 score: 233.8158 average_last200: 137.0164 epis: 0.0844 loss: 131.1071 
episode: 823 count: 260 score: 187.0396 average_last200: 136.8111 epis: 0.0841 loss: 56.5970 
episode: 824 count: 233 score: 237.5362 average_last200: 138.0262 epis: 0.0839 loss: 56.2121 
episode: 825 count: 264 score: -109.3539 average_last200: 136.5019 epis: 0.0836 loss: 58.8391 
episode: 826 count: 244 score: 206.3717 average_last200: 136.5011 epis: 0.0833 loss: 59.2962 
episode: 827 count: 199 score: 226.8639 average_last200: 137.3544 epis: 0.0831 loss: 45.4484 
episode: 828 count: 207 score: -65.9566 average_last200: 136.1626 epis: 0.0828 loss: 42.0144 
episode: 829 count: 224 score: 193.7161 average_last200: 137.0541 epis: 0.0826 loss: 46.7016 
episode: 830 count: 616 score: 155.1404 average_last200: 137.9979 epis: 0.0824 loss: 126.4037 
episode: 831 count: 1000 score: 60.4090 average_last200: 137.2188 epis: 0.0821 loss: 211.9374 
episode: 832 count: 424 score: 155.6025 average_last200: 137.1913 epis: 0.0819 loss: 87.9700 
episode: 833 count: 169 score: -15.5258 average_last200: 136.0391 epis: 0.0816 loss: 29.2833 
episode: 834 count: 208 score: 220.7173 average_last200: 137.0870 epis: 0.0814 loss: 39.9881 
episode: 835 count: 244 score: 197.8882 average_last200: 136.9651 epis: 0.0811 loss: 54.7006 
episode: 836 count: 324 score: 207.9413 average_last200: 136.9449 epis: 0.0809 loss: 68.7607 
episode: 837 count: 252 score: 208.8826 average_last200: 136.7873 epis: 0.0806 loss: 55.7506 
episode: 838 count: 271 score: 232.6007 average_last200: 136.8780 epis: 0.0804 loss: 54.9975 
episode: 839 count: 323 score: 247.8499 average_last200: 137.0743 epis: 0.0802 loss: 71.5477 
episode: 840 count: 199 score: 221.4369 average_last200: 136.9431 epis: 0.0799 loss: 50.1200 
episode: 841 count: 393 score: 193.0196 average_last200: 136.7804 epis: 0.0797 loss: 93.2678 
episode: 842 count: 477 score: 184.6025 average_last200: 136.8842 epis: 0.0794 loss: 106.3967 
episode: 843 count: 514 score: 226.1332 average_last200: 137.0943 epis: 0.0792 loss: 104.6356 
episode: 844 count: 193 score: 232.9027 average_last200: 137.2787 epis: 0.0790 loss: 41.9039 
episode: 845 count: 180 score: -12.1150 average_last200: 137.1452 epis: 0.0787 loss: 38.4850 
episode: 846 count: 415 score: 201.9116 average_last200: 137.1415 epis: 0.0785 loss: 76.8813 
episode: 847 count: 290 score: 215.1284 average_last200: 138.6248 epis: 0.0783 loss: 64.9569 
episode: 848 count: 161 score: -25.9777 average_last200: 137.3247 epis: 0.0780 loss: 35.6114 
episode: 849 count: 414 score: 211.8607 average_last200: 139.8405 epis: 0.0778 loss: 90.6186 
episode: 850 count: 550 score: 228.4684 average_last200: 141.6161 epis: 0.0775 loss: 110.1787 
episode: 851 count: 409 score: 100.2243 average_last200: 142.1679 epis: 0.0773 loss: 78.5628 
episode: 852 count: 294 score: 267.9376 average_last200: 143.5021 epis: 0.0771 loss: 67.9526 
episode: 853 count: 354 score: 134.0742 average_last200: 143.2032 epis: 0.0769 loss: 80.3507 
episode: 854 count: 462 score: 165.4496 average_last200: 143.0783 epis: 0.0766 loss: 106.8092 
episode: 855 count: 384 score: -222.0734 average_last200: 141.9459 epis: 0.0764 loss: 92.4185 
episode: 856 count: 343 score: 226.2244 average_last200: 143.4406 epis: 0.0762 loss: 71.1273 
episode: 857 count: 540 score: 193.4005 average_last200: 143.4891 epis: 0.0759 loss: 111.6048 
episode: 858 count: 351 score: 238.7874 average_last200: 145.0664 epis: 0.0757 loss: 79.7162 
episode: 859 count: 430 score: 198.7045 average_last200: 144.8416 epis: 0.0755 loss: 98.1803 
episode: 860 count: 575 score: 228.2389 average_last200: 145.0108 epis: 0.0753 loss: 129.2994 
episode: 861 count: 121 score: -92.7840 average_last200: 145.0072 epis: 0.0750 loss: 29.4040 
episode: 862 count: 747 score: 172.0911 average_last200: 144.7611 epis: 0.0748 loss: 181.9741 
episode: 863 count: 312 score: 266.3767 average_last200: 146.0552 epis: 0.0746 loss: 73.7869 
episode: 864 count: 1000 score: 11.9213 average_last200: 145.4914 epis: 0.0744 loss: 212.3179 
episode: 865 count: 501 score: 208.8853 average_last200: 145.5059 epis: 0.0741 loss: 111.3861 
episode: 866 count: 879 score: 159.6655 average_last200: 145.2407 epis: 0.0739 loss: 192.2268 
episode: 867 count: 478 score: 90.0244 average_last200: 144.6444 epis: 0.0737 loss: 90.8596 
episode: 868 count: 404 score: 197.6220 average_last200: 144.3409 epis: 0.0735 loss: 75.7373 
episode: 869 count: 434 score: 235.2273 average_last200: 144.5563 epis: 0.0732 loss: 104.9766 
episode: 870 count: 454 score: 254.9829 average_last200: 145.9111 epis: 0.0730 loss: 87.5755 
episode: 871 count: 418 score: 199.8322 average_last200: 146.9157 epis: 0.0728 loss: 101.1622 
episode: 872 count: 284 score: 219.0287 average_last200: 146.8730 epis: 0.0726 loss: 59.4769 
episode: 873 count: 381 score: 202.4479 average_last200: 147.0141 epis: 0.0724 loss: 77.9441 
episode: 874 count: 502 score: 168.2839 average_last200: 146.6054 epis: 0.0722 loss: 118.6245 
episode: 875 count: 446 score: 230.7202 average_last200: 146.7734 epis: 0.0719 loss: 96.9421 
episode: 876 count: 162 score: -78.8979 average_last200: 146.5264 epis: 0.0717 loss: 33.8554 
episode: 877 count: 664 score: 49.9377 average_last200: 145.7787 epis: 0.0715 loss: 143.7154 
episode: 878 count: 494 score: -166.2542 average_last200: 143.8310 epis: 0.0713 loss: 106.0141 
episode: 879 count: 495 score: 192.2906 average_last200: 143.4760 epis: 0.0711 loss: 103.1545 
episode: 880 count: 346 score: 203.3439 average_last200: 144.6130 epis: 0.0709 loss: 68.5320 
episode: 881 count: 627 score: 183.4420 average_last200: 145.7041 epis: 0.0707 loss: 146.4767 
episode: 882 count: 426 score: 194.8828 average_last200: 145.6699 epis: 0.0704 loss: 90.4874 
episode: 883 count: 186 score: -22.6673 average_last200: 144.3638 epis: 0.0702 loss: 38.6603 
episode: 884 count: 173 score: -9.0599 average_last200: 144.5002 epis: 0.0700 loss: 44.6083 
episode: 885 count: 545 score: 227.4992 average_last200: 145.7123 epis: 0.0698 loss: 117.5402 
episode: 886 count: 190 score: -16.2137 average_last200: 144.4510 epis: 0.0696 loss: 39.0846 
episode: 887 count: 241 score: 218.3616 average_last200: 145.7947 epis: 0.0694 loss: 53.5503 
episode: 888 count: 709 score: 198.2916 average_last200: 146.9108 epis: 0.0692 loss: 137.7235 
episode: 889 count: 345 score: -213.2940 average_last200: 144.8244 epis: 0.0690 loss: 72.4318 
episode: 890 count: 154 score: -11.3952 average_last200: 144.7590 epis: 0.0688 loss: 36.5091 
episode: 891 count: 554 score: 139.9672 average_last200: 144.4090 epis: 0.0686 loss: 115.5825 
episode: 892 count: 407 score: 198.4310 average_last200: 145.6335 epis: 0.0684 loss: 97.8535 
episode: 893 count: 231 score: 244.1158 average_last200: 145.7138 epis: 0.0682 loss: 46.6837 
episode: 894 count: 429 score: -215.7547 average_last200: 143.5472 epis: 0.0679 loss: 106.3779 
episode: 895 count: 156 score: -23.6693 average_last200: 143.5292 epis: 0.0677 loss: 32.6332 
episode: 896 count: 249 score: 227.9038 average_last200: 143.5864 epis: 0.0675 loss: 59.6933 
episode: 897 count: 914 score: 126.3472 average_last200: 143.2103 epis: 0.0673 loss: 211.6590 
episode: 898 count: 464 score: 178.9714 average_last200: 144.1515 epis: 0.0671 loss: 103.9102 
episode: 899 count: 87 score: -75.5582 average_last200: 142.6518 epis: 0.0669 loss: 12.3325 
episode: 900 count: 343 score: 224.7453 average_last200: 142.6465 epis: 0.0667 loss: 74.9233 
episode: 901 count: 61 score: -68.2863 average_last200: 141.2625 epis: 0.0665 loss: 15.6828 
episode: 902 count: 286 score: 226.9348 average_last200: 141.3864 epis: 0.0663 loss: 76.7588 
episode: 903 count: 499 score: 204.1078 average_last200: 141.3612 epis: 0.0661 loss: 114.7642 
episode: 904 count: 614 score: 169.0866 average_last200: 140.8555 epis: 0.0659 loss: 124.3009 
episode: 905 count: 1000 score: 30.7333 average_last200: 139.7864 epis: 0.0657 loss: 210.0885 
episode: 906 count: 64 score: -40.6428 average_last200: 138.2922 epis: 0.0655 loss: 16.3592 
episode: 907 count: 103 score: -55.0374 average_last200: 136.9606 epis: 0.0653 loss: 21.6343 
episode: 908 count: 238 score: 219.0491 average_last200: 136.8092 epis: 0.0651 loss: 56.8258 
episode: 909 count: 143 score: -76.9444 average_last200: 135.6281 epis: 0.0650 loss: 28.9938 
episode: 910 count: 873 score: 165.2935 average_last200: 135.5594 epis: 0.0648 loss: 160.2815 
episode: 911 count: 278 score: 204.1999 average_last200: 136.6008 epis: 0.0646 loss: 55.7408 
episode: 912 count: 86 score: -41.0930 average_last200: 136.5770 epis: 0.0644 loss: 14.9034 
episode: 913 count: 131 score: -17.7979 average_last200: 135.7678 epis: 0.0642 loss: 26.9228 
episode: 914 count: 122 score: -59.0129 average_last200: 134.4571 epis: 0.0640 loss: 26.6860 
episode: 915 count: 78 score: -95.7286 average_last200: 134.1874 epis: 0.0638 loss: 19.1903 
episode: 916 count: 326 score: 205.1401 average_last200: 134.2594 epis: 0.0636 loss: 70.7940 
episode: 917 count: 310 score: 206.8172 average_last200: 135.3378 epis: 0.0634 loss: 67.2664 
episode: 918 count: 469 score: 204.0468 average_last200: 135.1958 epis: 0.0632 loss: 90.3366 
episode: 919 count: 336 score: 194.6606 average_last200: 136.4115 epis: 0.0630 loss: 63.9715 
episode: 920 count: 274 score: 243.8953 average_last200: 137.7607 epis: 0.0628 loss: 55.3178 
episode: 921 count: 104 score: -44.9818 average_last200: 136.6984 epis: 0.0627 loss: 22.9525 
episode: 922 count: 860 score: 184.4704 average_last200: 136.7803 epis: 0.0625 loss: 179.6536 
episode: 923 count: 191 score: 187.5928 average_last200: 136.7653 epis: 0.0623 loss: 34.0638 
episode: 924 count: 85 score: 14.0927 average_last200: 136.0230 epis: 0.0621 loss: 16.4086 
episode: 925 count: 677 score: 209.7844 average_last200: 136.0597 epis: 0.0619 loss: 139.0979 
episode: 926 count: 384 score: 223.1949 average_last200: 136.2246 epis: 0.0617 loss: 83.4208 
episode: 927 count: 224 score: 239.1327 average_last200: 136.5928 epis: 0.0615 loss: 41.1968 
episode: 928 count: 415 score: 192.3169 average_last200: 136.5821 epis: 0.0613 loss: 83.9965 
episode: 929 count: 473 score: 175.7654 average_last200: 136.2954 epis: 0.0612 loss: 101.3387 
episode: 930 count: 1000 score: 139.7803 average_last200: 136.0911 epis: 0.0610 loss: 216.1281 
episode: 931 count: 227 score: 238.1914 average_last200: 136.1731 epis: 0.0608 loss: 42.8801 
episode: 932 count: 537 score: 220.1031 average_last200: 136.2046 epis: 0.0606 loss: 117.3127 
episode: 933 count: 116 score: 19.5104 average_last200: 135.1399 epis: 0.0604 loss: 27.0043 
episode: 934 count: 284 score: 234.3947 average_last200: 135.1278 epis: 0.0603 loss: 53.1447 
episode: 935 count: 237 score: 191.1249 average_last200: 134.8495 epis: 0.0601 loss: 35.2907 
episode: 936 count: 350 score: 242.3560 average_last200: 136.3500 epis: 0.0599 loss: 74.1804 
episode: 937 count: 110 score: -9.9643 average_last200: 135.1543 epis: 0.0597 loss: 25.5972 
episode: 938 count: 136 score: -18.5058 average_last200: 133.9470 epis: 0.0595 loss: 23.3565 
episode: 939 count: 501 score: 217.5505 average_last200: 134.0814 epis: 0.0594 loss: 104.1581 
episode: 940 count: 370 score: 181.2694 average_last200: 134.0627 epis: 0.0592 loss: 75.4673 
episode: 941 count: 452 score: 188.1194 average_last200: 134.0781 epis: 0.0590 loss: 89.1558 
episode: 942 count: 419 score: 196.3952 average_last200: 133.9091 epis: 0.0588 loss: 95.5444 
episode: 943 count: 605 score: 203.8474 average_last200: 133.8059 epis: 0.0586 loss: 122.4059 
episode: 944 count: 490 score: 201.2847 average_last200: 134.0433 epis: 0.0585 loss: 89.8233 
episode: 945 count: 807 score: 148.2820 average_last200: 134.8662 epis: 0.0583 loss: 155.2665 
episode: 946 count: 215 score: 224.4919 average_last200: 134.9874 epis: 0.0581 loss: 41.2770 
episode: 947 count: 224 score: 222.0127 average_last200: 135.0241 epis: 0.0579 loss: 43.6638 
episode: 948 count: 362 score: 210.0194 average_last200: 135.0065 epis: 0.0578 loss: 74.8493 
episode: 949 count: 142 score: 2.7030 average_last200: 134.0829 epis: 0.0576 loss: 23.8863 
episode: 950 count: 406 score: 222.3107 average_last200: 135.3082 epis: 0.0574 loss: 77.1794 
episode: 951 count: 512 score: 180.8427 average_last200: 135.0608 epis: 0.0573 loss: 106.1554 
episode: 952 count: 272 score: 221.5960 average_last200: 135.5909 epis: 0.0571 loss: 56.0580 
episode: 953 count: 242 score: 259.1284 average_last200: 135.8376 epis: 0.0569 loss: 53.3448 
episode: 954 count: 189 score: 232.6846 average_last200: 137.0299 epis: 0.0567 loss: 35.0918 
episode: 955 count: 389 score: 209.9804 average_last200: 137.2072 epis: 0.0566 loss: 83.5871 
episode: 956 count: 269 score: 249.4076 average_last200: 137.3596 epis: 0.0564 loss: 50.1542 
episode: 957 count: 341 score: 178.9142 average_last200: 137.1581 epis: 0.0562 loss: 68.5111 
episode: 958 count: 90 score: -95.6078 average_last200: 135.6617 epis: 0.0561 loss: 15.7924 
episode: 959 count: 821 score: 248.4744 average_last200: 135.8123 epis: 0.0559 loss: 160.3487 
episode: 960 count: 84 score: -99.1649 average_last200: 134.1708 epis: 0.0557 loss: 15.7585 
episode: 961 count: 370 score: 104.4766 average_last200: 134.9130 epis: 0.0556 loss: 74.0277 
episode: 962 count: 158 score: -3.8396 average_last200: 133.8841 epis: 0.0554 loss: 28.4204 
episode: 963 count: 227 score: 218.7092 average_last200: 135.0920 epis: 0.0552 loss: 40.7646 
episode: 964 count: 254 score: 201.7814 average_last200: 134.9286 epis: 0.0551 loss: 50.3988 
episode: 965 count: 200 score: -6.3887 average_last200: 134.9645 epis: 0.0549 loss: 39.2368 
episode: 966 count: 120 score: -30.3400 average_last200: 133.7029 epis: 0.0547 loss: 26.8273 
episode: 967 count: 320 score: 249.0818 average_last200: 134.0442 epis: 0.0546 loss: 60.4003 
episode: 968 count: 141 score: -44.2122 average_last200: 133.5354 epis: 0.0544 loss: 25.0931 
episode: 969 count: 209 score: 199.6310 average_last200: 134.6098 epis: 0.0542 loss: 35.4388 
episode: 970 count: 277 score: 226.1644 average_last200: 134.6032 epis: 0.0541 loss: 57.0312 
episode: 971 count: 220 score: 254.4078 average_last200: 136.1519 epis: 0.0539 loss: 48.5252 
episode: 972 count: 462 score: 177.1616 average_last200: 135.9883 epis: 0.0538 loss: 102.3314 
episode: 973 count: 487 score: 199.9655 average_last200: 135.9503 epis: 0.0536 loss: 100.1527 
episode: 974 count: 180 score: -27.8766 average_last200: 134.6793 epis: 0.0534 loss: 29.5437 
episode: 975 count: 307 score: 223.2926 average_last200: 134.7530 epis: 0.0533 loss: 53.5611 
episode: 976 count: 374 score: 221.2652 average_last200: 134.7875 epis: 0.0531 loss: 76.0195 
episode: 977 count: 261 score: 244.7895 average_last200: 134.9626 epis: 0.0529 loss: 50.7436 
episode: 978 count: 355 score: 203.1272 average_last200: 134.7686 epis: 0.0528 loss: 79.7963 
episode: 979 count: 460 score: 176.1568 average_last200: 134.7871 epis: 0.0526 loss: 92.9998 
episode: 980 count: 261 score: 244.3044 average_last200: 134.9715 epis: 0.0525 loss: 55.6404 
episode: 981 count: 195 score: 222.1829 average_last200: 136.3146 epis: 0.0523 loss: 36.9345 
episode: 982 count: 262 score: 175.0680 average_last200: 137.2089 epis: 0.0522 loss: 53.3532 
episode: 983 count: 85 score: 9.4825 average_last200: 136.5180 epis: 0.0520 loss: 15.6074 
episode: 984 count: 716 score: 118.2056 average_last200: 136.0805 epis: 0.0518 loss: 137.3225 
episode: 985 count: 289 score: 224.8742 average_last200: 136.0274 epis: 0.0517 loss: 64.6989 
episode: 986 count: 297 score: 226.9461 average_last200: 137.2798 epis: 0.0515 loss: 52.8925 
episode: 987 count: 324 score: 200.8432 average_last200: 137.2686 epis: 0.0514 loss: 60.6907 
episode: 988 count: 211 score: 235.8471 average_last200: 137.5506 epis: 0.0512 loss: 43.1276 
episode: 989 count: 121 score: 9.3710 average_last200: 137.8604 epis: 0.0511 loss: 21.1387 
episode: 990 count: 214 score: 232.2324 average_last200: 139.0381 epis: 0.0509 loss: 36.2125 
episode: 991 count: 298 score: 255.9810 average_last200: 139.4217 epis: 0.0508 loss: 58.4864 
episode: 992 count: 256 score: 231.1032 average_last200: 139.4280 epis: 0.0506 loss: 45.8555 
episode: 993 count: 131 score: -3.6196 average_last200: 139.3483 epis: 0.0505 loss: 20.6218 
episode: 994 count: 112 score: -30.5410 average_last200: 138.1060 epis: 0.0503 loss: 21.5715 
episode: 995 count: 140 score: -21.4968 average_last200: 136.8111 epis: 0.0502 loss: 26.9890 
episode: 996 count: 232 score: 225.1322 average_last200: 136.8636 epis: 0.0500 loss: 34.7861 
episode: 997 count: 171 score: 233.5893 average_last200: 138.2905 epis: 0.0499 loss: 27.8059 
episode: 998 count: 363 score: 192.4124 average_last200: 138.2495 epis: 0.0497 loss: 61.9254 
episode: 999 count: 297 score: 212.0492 average_last200: 138.4081 epis: 0.0496 loss: 52.6181 
