[33mWARN: gym.spaces.Box autodetected dtype as <class 'numpy.float32'>. Please provide explicit dtype.[0m
All para: Epis 1000 memlen 100000 gamma 0.990 epsilon 0.993 alpha 0.00040 batch 30 upfreq 500
episode: 0 count: 103 score: -201.7553 average_last200: -201.7553 epis: 0.9930 loss: 0.0000 
episode: 1 count: 84 score: -164.3968 average_last200: -183.0761 epis: 0.9860 loss: 0.0000 
episode: 2 count: 132 score: -150.1011 average_last200: -172.0844 epis: 0.9791 loss: 0.0000 
episode: 3 count: 75 score: -148.4693 average_last200: -166.1806 epis: 0.9723 loss: 0.0000 
episode: 4 count: 94 score: -340.2749 average_last200: -200.9995 epis: 0.9655 loss: 0.0000 
episode: 5 count: 85 score: -482.3786 average_last200: -247.8960 epis: 0.9587 loss: 0.0000 
episode: 6 count: 62 score: -104.0794 average_last200: -227.3508 epis: 0.9520 loss: 0.0000 
episode: 7 count: 101 score: -191.6797 average_last200: -222.8919 epis: 0.9454 loss: 0.0000 
episode: 8 count: 92 score: -351.0453 average_last200: -237.1312 epis: 0.9387 loss: 0.0000 
episode: 9 count: 129 score: -448.6276 average_last200: -258.2808 epis: 0.9322 loss: 0.0000 
episode: 10 count: 67 score: -276.9074 average_last200: -259.9741 epis: 0.9256 loss: 21.2588 
episode: 11 count: 104 score: -351.6185 average_last200: -267.6112 epis: 0.9192 loss: 73.0108 
episode: 12 count: 75 score: -322.4809 average_last200: -271.8319 epis: 0.9127 loss: 43.5927 
episode: 13 count: 121 score: -381.9289 average_last200: -279.6960 epis: 0.9063 loss: 56.7686 
episode: 14 count: 106 score: -486.0322 average_last200: -293.4517 epis: 0.9000 loss: 49.3477 
episode: 15 count: 70 score: -125.8646 average_last200: -282.9775 epis: 0.8937 loss: 38.8075 
episode: 16 count: 96 score: -265.1104 average_last200: -281.9265 epis: 0.8874 loss: 49.2743 
episode: 17 count: 95 score: -139.0899 average_last200: -273.9912 epis: 0.8812 loss: 46.2351 
episode: 18 count: 92 score: -196.1861 average_last200: -269.8962 epis: 0.8751 loss: 39.4424 
episode: 19 count: 116 score: -282.9203 average_last200: -270.5474 epis: 0.8689 loss: 52.1910 
episode: 20 count: 70 score: -135.3916 average_last200: -264.1114 epis: 0.8628 loss: 25.6302 
episode: 21 count: 68 score: -174.6875 average_last200: -260.0466 epis: 0.8568 loss: 29.5752 
episode: 22 count: 135 score: -144.6727 average_last200: -255.0304 epis: 0.8508 loss: 53.6192 
episode: 23 count: 110 score: -199.4286 average_last200: -252.7136 epis: 0.8449 loss: 36.9156 
episode: 24 count: 151 score: -311.7240 average_last200: -255.0741 epis: 0.8389 loss: 60.6703 
episode: 25 count: 111 score: -251.2982 average_last200: -254.9288 epis: 0.8331 loss: 39.6244 
episode: 26 count: 75 score: -134.4102 average_last200: -250.4652 epis: 0.8272 loss: 25.9795 
episode: 27 count: 123 score: -220.8570 average_last200: -249.4078 epis: 0.8214 loss: 43.5582 
episode: 28 count: 99 score: -159.0298 average_last200: -246.2913 epis: 0.8157 loss: 37.3721 
episode: 29 count: 119 score: -108.6451 average_last200: -241.7031 epis: 0.8100 loss: 42.6388 
episode: 30 count: 110 score: -261.8776 average_last200: -242.3539 epis: 0.8043 loss: 45.6744 
episode: 31 count: 77 score: -189.8013 average_last200: -240.7116 epis: 0.7987 loss: 21.2058 
episode: 32 count: 1000 score: 25.1556 average_last200: -232.6550 epis: 0.7931 loss: 385.3657 
episode: 33 count: 80 score: -167.6122 average_last200: -230.7420 epis: 0.7875 loss: 28.9910 
episode: 34 count: 78 score: -118.9231 average_last200: -227.5472 epis: 0.7820 loss: 31.3970 
episode: 35 count: 245 score: -256.9096 average_last200: -228.3628 epis: 0.7766 loss: 89.2949 
episode: 36 count: 124 score: -71.9826 average_last200: -224.1363 epis: 0.7711 loss: 46.9876 
episode: 37 count: 79 score: -134.6293 average_last200: -221.7808 epis: 0.7657 loss: 27.9734 
episode: 38 count: 128 score: -265.9878 average_last200: -222.9144 epis: 0.7604 loss: 45.8197 
episode: 39 count: 125 score: -135.3995 average_last200: -220.7265 epis: 0.7550 loss: 48.2628 
episode: 40 count: 128 score: -196.4609 average_last200: -220.1346 epis: 0.7498 loss: 54.1896 
episode: 41 count: 107 score: -190.5359 average_last200: -219.4299 epis: 0.7445 loss: 39.2407 
episode: 42 count: 72 score: -108.2058 average_last200: -216.8433 epis: 0.7393 loss: 27.0024 
episode: 43 count: 150 score: -237.6591 average_last200: -217.3164 epis: 0.7341 loss: 53.7942 
episode: 44 count: 76 score: -95.9216 average_last200: -214.6187 epis: 0.7290 loss: 25.6077 
episode: 45 count: 73 score: -136.1474 average_last200: -212.9128 epis: 0.7239 loss: 24.0187 
episode: 46 count: 63 score: -116.8821 average_last200: -210.8696 epis: 0.7188 loss: 25.7059 
episode: 47 count: 177 score: -135.8878 average_last200: -209.3075 epis: 0.7138 loss: 67.2892 
episode: 48 count: 64 score: -104.8989 average_last200: -207.1767 epis: 0.7088 loss: 25.0650 
episode: 49 count: 126 score: -151.2067 average_last200: -206.0573 epis: 0.7038 loss: 58.6635 
episode: 50 count: 122 score: -94.9241 average_last200: -203.8782 epis: 0.6989 loss: 49.5592 
episode: 51 count: 143 score: -143.0641 average_last200: -202.7087 epis: 0.6940 loss: 58.6321 
episode: 52 count: 140 score: -64.8788 average_last200: -200.1082 epis: 0.6891 loss: 47.3744 
episode: 53 count: 189 score: -105.9606 average_last200: -198.3647 epis: 0.6843 loss: 72.2504 
episode: 54 count: 105 score: -148.9056 average_last200: -197.4654 epis: 0.6795 loss: 45.4270 
episode: 55 count: 113 score: -153.4494 average_last200: -196.6794 epis: 0.6748 loss: 40.1274 
episode: 56 count: 171 score: -69.6073 average_last200: -194.4501 epis: 0.6700 loss: 56.4351 
episode: 57 count: 139 score: -121.3987 average_last200: -193.1906 epis: 0.6654 loss: 52.9997 
episode: 58 count: 118 score: -161.8833 average_last200: -192.6600 epis: 0.6607 loss: 40.4460 
episode: 59 count: 148 score: -131.4985 average_last200: -191.6406 epis: 0.6561 loss: 52.9344 
episode: 60 count: 192 score: -96.6433 average_last200: -190.0833 epis: 0.6515 loss: 73.4636 
episode: 61 count: 101 score: -99.9430 average_last200: -188.6294 epis: 0.6469 loss: 35.6470 
episode: 62 count: 132 score: -57.2460 average_last200: -186.5439 epis: 0.6424 loss: 37.7656 
episode: 63 count: 175 score: -54.1816 average_last200: -184.4758 epis: 0.6379 loss: 63.3511 
episode: 64 count: 114 score: -74.7645 average_last200: -182.7879 epis: 0.6334 loss: 40.1492 
episode: 65 count: 137 score: -132.1145 average_last200: -182.0201 epis: 0.6290 loss: 46.7753 
episode: 66 count: 216 score: -63.1548 average_last200: -180.2460 epis: 0.6246 loss: 78.2412 
episode: 67 count: 144 score: -128.6601 average_last200: -179.4874 epis: 0.6202 loss: 56.8220 
episode: 68 count: 118 score: -111.0431 average_last200: -178.4955 epis: 0.6159 loss: 45.0205 
episode: 69 count: 165 score: -47.4810 average_last200: -176.6238 epis: 0.6116 loss: 59.7822 
episode: 70 count: 163 score: -105.4004 average_last200: -175.6207 epis: 0.6073 loss: 54.3613 
episode: 71 count: 157 score: -147.0864 average_last200: -175.2244 epis: 0.6030 loss: 57.3930 
episode: 72 count: 106 score: -158.7903 average_last200: -174.9992 epis: 0.5988 loss: 39.3822 
episode: 73 count: 135 score: -107.2750 average_last200: -174.0841 epis: 0.5946 loss: 42.8313 
episode: 74 count: 194 score: -202.1647 average_last200: -174.4585 epis: 0.5905 loss: 59.4442 
episode: 75 count: 128 score: -92.2980 average_last200: -173.3774 epis: 0.5863 loss: 51.5762 
episode: 76 count: 300 score: -118.6227 average_last200: -172.6663 epis: 0.5822 loss: 113.5740 
episode: 77 count: 134 score: -114.8537 average_last200: -171.9251 epis: 0.5782 loss: 46.2937 
episode: 78 count: 114 score: -84.4073 average_last200: -170.8173 epis: 0.5741 loss: 35.6225 
episode: 79 count: 143 score: -73.4565 average_last200: -169.6003 epis: 0.5701 loss: 44.1098 
episode: 80 count: 177 score: -75.2256 average_last200: -168.4352 epis: 0.5661 loss: 62.3470 
episode: 81 count: 79 score: -91.5881 average_last200: -167.4980 epis: 0.5621 loss: 30.7508 
episode: 82 count: 139 score: -93.4881 average_last200: -166.6063 epis: 0.5582 loss: 42.5880 
episode: 83 count: 203 score: -55.1568 average_last200: -165.2795 epis: 0.5543 loss: 75.5476 
episode: 84 count: 116 score: -162.8461 average_last200: -165.2509 epis: 0.5504 loss: 39.5835 
episode: 85 count: 161 score: -132.3157 average_last200: -164.8679 epis: 0.5466 loss: 49.3534 
episode: 86 count: 197 score: -106.8705 average_last200: -164.2013 epis: 0.5427 loss: 56.1415 
episode: 87 count: 137 score: -59.3140 average_last200: -163.0094 epis: 0.5389 loss: 48.3676 
episode: 88 count: 88 score: -74.7645 average_last200: -162.0179 epis: 0.5352 loss: 24.8248 
episode: 89 count: 119 score: -54.6374 average_last200: -160.8248 epis: 0.5314 loss: 33.1333 
episode: 90 count: 127 score: -105.8510 average_last200: -160.2207 epis: 0.5277 loss: 48.6004 
episode: 91 count: 156 score: -107.2106 average_last200: -159.6445 epis: 0.5240 loss: 47.7363 
episode: 92 count: 142 score: -40.2241 average_last200: -158.3604 epis: 0.5203 loss: 48.4996 
episode: 93 count: 146 score: -94.6823 average_last200: -157.6830 epis: 0.5167 loss: 46.6790 
episode: 94 count: 229 score: -37.2849 average_last200: -156.4156 epis: 0.5131 loss: 78.5899 
episode: 95 count: 227 score: -83.9552 average_last200: -155.6608 epis: 0.5095 loss: 74.7300 
episode: 96 count: 265 score: -230.2024 average_last200: -156.4293 epis: 0.5059 loss: 87.0086 
episode: 97 count: 176 score: -18.9318 average_last200: -155.0262 epis: 0.5024 loss: 57.2379 
episode: 98 count: 153 score: -38.1786 average_last200: -153.8460 epis: 0.4989 loss: 48.1045 
episode: 99 count: 128 score: -59.3163 average_last200: -152.9007 epis: 0.4954 loss: 45.4502 
episode: 100 count: 180 score: -86.4138 average_last200: -152.2424 epis: 0.4919 loss: 58.3308 
episode: 101 count: 394 score: -180.0543 average_last200: -152.5151 epis: 0.4885 loss: 114.7745 
episode: 102 count: 98 score: -53.0805 average_last200: -151.5497 epis: 0.4850 loss: 27.4391 
episode: 103 count: 97 score: -83.8116 average_last200: -150.8983 epis: 0.4816 loss: 27.8311 
episode: 104 count: 105 score: -46.2907 average_last200: -149.9021 epis: 0.4783 loss: 37.9168 
episode: 105 count: 176 score: -84.3200 average_last200: -149.2834 epis: 0.4749 loss: 64.1632 
episode: 106 count: 325 score: -223.9493 average_last200: -149.9812 epis: 0.4716 loss: 108.2555 
episode: 107 count: 223 score: -36.9881 average_last200: -148.9350 epis: 0.4683 loss: 74.2049 
episode: 108 count: 294 score: -67.3826 average_last200: -148.1868 epis: 0.4650 loss: 87.3675 
episode: 109 count: 168 score: -95.5676 average_last200: -147.7084 epis: 0.4618 loss: 65.0871 
episode: 110 count: 112 score: -79.4287 average_last200: -147.0933 epis: 0.4585 loss: 36.6464 
episode: 111 count: 392 score: -78.4629 average_last200: -146.4805 epis: 0.4553 loss: 125.2472 
episode: 112 count: 387 score: -231.4234 average_last200: -147.2322 epis: 0.4521 loss: 128.7410 
episode: 113 count: 128 score: -27.9804 average_last200: -146.1861 epis: 0.4490 loss: 36.2435 
episode: 114 count: 355 score: -90.3378 average_last200: -145.7005 epis: 0.4458 loss: 123.2514 
episode: 115 count: 203 score: -68.3972 average_last200: -145.0341 epis: 0.4427 loss: 59.0955 
episode: 116 count: 147 score: -80.7891 average_last200: -144.4850 epis: 0.4396 loss: 49.9858 
episode: 117 count: 365 score: -63.9658 average_last200: -143.8026 epis: 0.4365 loss: 113.8116 
episode: 118 count: 243 score: -59.1746 average_last200: -143.0915 epis: 0.4335 loss: 76.7990 
episode: 119 count: 647 score: -332.9932 average_last200: -144.6740 epis: 0.4304 loss: 195.7170 
episode: 120 count: 141 score: -139.7872 average_last200: -144.6336 epis: 0.4274 loss: 45.0983 
episode: 121 count: 200 score: -39.1100 average_last200: -143.7687 epis: 0.4244 loss: 67.7140 
episode: 122 count: 141 score: -115.2490 average_last200: -143.5368 epis: 0.4215 loss: 55.2897 
episode: 123 count: 356 score: -96.1293 average_last200: -143.1545 epis: 0.4185 loss: 104.1142 
episode: 124 count: 275 score: -118.3824 average_last200: -142.9563 epis: 0.4156 loss: 88.9953 
episode: 125 count: 1000 score: -44.5587 average_last200: -142.1754 epis: 0.4127 loss: 314.8448 
episode: 126 count: 334 score: -62.2012 average_last200: -141.5456 epis: 0.4098 loss: 107.9458 
episode: 127 count: 224 score: -163.3579 average_last200: -141.7160 epis: 0.4069 loss: 59.5619 
episode: 128 count: 1000 score: -19.3166 average_last200: -140.7672 epis: 0.4041 loss: 312.9213 
episode: 129 count: 446 score: -94.4076 average_last200: -140.4106 epis: 0.4012 loss: 120.3109 
episode: 130 count: 242 score: -97.9273 average_last200: -140.0863 epis: 0.3984 loss: 75.2593 
episode: 131 count: 148 score: -21.7634 average_last200: -139.1899 epis: 0.3956 loss: 38.8610 
episode: 132 count: 124 score: -65.2926 average_last200: -138.6343 epis: 0.3929 loss: 34.6292 
episode: 133 count: 410 score: -106.9916 average_last200: -138.3982 epis: 0.3901 loss: 126.6183 
episode: 134 count: 130 score: -27.3365 average_last200: -137.5755 epis: 0.3874 loss: 34.7941 
episode: 135 count: 1000 score: -117.4157 average_last200: -137.4272 epis: 0.3847 loss: 303.7250 
episode: 136 count: 136 score: -62.4863 average_last200: -136.8802 epis: 0.3820 loss: 35.3010 
episode: 137 count: 346 score: -11.1473 average_last200: -135.9691 epis: 0.3793 loss: 115.6964 
episode: 138 count: 108 score: -83.2907 average_last200: -135.5901 epis: 0.3767 loss: 29.4055 
episode: 139 count: 756 score: -162.3410 average_last200: -135.7812 epis: 0.3740 loss: 221.5868 
episode: 140 count: 86 score: -76.0216 average_last200: -135.3574 epis: 0.3714 loss: 30.8756 
episode: 141 count: 1000 score: -32.4792 average_last200: -134.6329 epis: 0.3688 loss: 289.0817 
episode: 142 count: 210 score: -112.7053 average_last200: -134.4796 epis: 0.3662 loss: 60.2525 
episode: 143 count: 337 score: -143.7501 average_last200: -134.5439 epis: 0.3637 loss: 105.0928 
episode: 144 count: 367 score: -46.2863 average_last200: -133.9353 epis: 0.3611 loss: 106.4555 
episode: 145 count: 295 score: -59.0447 average_last200: -133.4223 epis: 0.3586 loss: 89.9475 
episode: 146 count: 1000 score: -103.2587 average_last200: -133.2171 epis: 0.3561 loss: 294.8695 
episode: 147 count: 1000 score: -60.9659 average_last200: -132.7289 epis: 0.3536 loss: 279.2653 
episode: 148 count: 692 score: -298.0230 average_last200: -133.8383 epis: 0.3511 loss: 192.9039 
episode: 149 count: 117 score: -32.1956 average_last200: -133.1607 epis: 0.3486 loss: 36.1461 
episode: 150 count: 1000 score: -158.0611 average_last200: -133.3256 epis: 0.3462 loss: 302.6209 
episode: 151 count: 114 score: -21.4303 average_last200: -132.5894 epis: 0.3438 loss: 36.3468 
episode: 152 count: 934 score: -292.6338 average_last200: -133.6355 epis: 0.3414 loss: 280.6471 
episode: 153 count: 177 score: -143.5538 average_last200: -133.6999 epis: 0.3390 loss: 53.7019 
episode: 154 count: 1000 score: -32.8222 average_last200: -133.0490 epis: 0.3366 loss: 283.3805 
episode: 155 count: 90 score: -54.9162 average_last200: -132.5482 epis: 0.3343 loss: 25.9526 
episode: 156 count: 1000 score: -7.7299 average_last200: -131.7532 epis: 0.3319 loss: 320.9374 
episode: 157 count: 1000 score: -107.3782 average_last200: -131.5989 epis: 0.3296 loss: 297.0127 
episode: 158 count: 1000 score: -51.1404 average_last200: -131.0929 epis: 0.3273 loss: 314.9729 
episode: 159 count: 1000 score: -89.2475 average_last200: -130.8313 epis: 0.3250 loss: 332.1702 
episode: 160 count: 1000 score: -23.1201 average_last200: -130.1623 epis: 0.3227 loss: 318.7947 
episode: 161 count: 1000 score: -1.6144 average_last200: -129.3688 epis: 0.3205 loss: 312.7351 
episode: 162 count: 146 score: -71.2471 average_last200: -129.0122 epis: 0.3182 loss: 44.3950 
episode: 163 count: 1000 score: -32.2963 average_last200: -128.4225 epis: 0.3160 loss: 328.1570 
episode: 164 count: 1000 score: -24.2548 average_last200: -127.7912 epis: 0.3138 loss: 333.1043 
episode: 165 count: 1000 score: -25.6103 average_last200: -127.1757 epis: 0.3116 loss: 337.9876 
episode: 166 count: 1000 score: -34.6878 average_last200: -126.6218 epis: 0.3094 loss: 347.5102 
episode: 167 count: 1000 score: -19.7480 average_last200: -125.9857 epis: 0.3072 loss: 345.7796 
episode: 168 count: 1000 score: -17.2409 average_last200: -125.3422 epis: 0.3051 loss: 325.5188 
episode: 169 count: 1000 score: 40.7983 average_last200: -124.3649 epis: 0.3030 loss: 353.2501 
episode: 170 count: 151 score: -55.3566 average_last200: -123.9614 epis: 0.3008 loss: 64.6795 
episode: 171 count: 352 score: -137.1785 average_last200: -124.0382 epis: 0.2987 loss: 134.5220 
episode: 172 count: 1000 score: -55.4927 average_last200: -123.6420 epis: 0.2966 loss: 335.0442 
episode: 173 count: 1000 score: -5.6563 average_last200: -122.9639 epis: 0.2946 loss: 386.7890 
episode: 174 count: 664 score: -171.2801 average_last200: -123.2400 epis: 0.2925 loss: 264.1703 
episode: 175 count: 1000 score: -44.1831 average_last200: -122.7908 epis: 0.2904 loss: 371.6162 
episode: 176 count: 1000 score: 19.2848 average_last200: -121.9881 epis: 0.2884 loss: 398.4036 
episode: 177 count: 1000 score: 35.4457 average_last200: -121.1037 epis: 0.2864 loss: 405.5566 
episode: 178 count: 1000 score: 60.9685 average_last200: -120.0865 epis: 0.2844 loss: 417.6613 
episode: 179 count: 1000 score: 35.8742 average_last200: -119.2201 epis: 0.2824 loss: 376.4889 
episode: 180 count: 1000 score: 28.4040 average_last200: -118.4045 epis: 0.2804 loss: 410.8103 
episode: 181 count: 1000 score: 9.0127 average_last200: -117.7044 epis: 0.2785 loss: 406.4697 
episode: 182 count: 153 score: -28.6065 average_last200: -117.2175 epis: 0.2765 loss: 57.7243 
episode: 183 count: 1000 score: 48.2437 average_last200: -116.3182 epis: 0.2746 loss: 424.1633 
episode: 184 count: 1000 score: 93.2148 average_last200: -115.1856 epis: 0.2727 loss: 432.9104 
episode: 185 count: 92 score: -42.0229 average_last200: -114.7923 epis: 0.2707 loss: 35.8202 
episode: 186 count: 1000 score: 9.4178 average_last200: -114.1281 epis: 0.2688 loss: 432.1699 
episode: 187 count: 1000 score: 44.0558 average_last200: -113.2867 epis: 0.2670 loss: 409.6752 
episode: 188 count: 1000 score: 28.6418 average_last200: -112.5357 epis: 0.2651 loss: 432.4215 
episode: 189 count: 1000 score: 68.7077 average_last200: -111.5818 epis: 0.2632 loss: 421.4038 
episode: 190 count: 1000 score: 112.6275 average_last200: -110.4079 epis: 0.2614 loss: 439.3224 
episode: 191 count: 1000 score: 48.5564 average_last200: -109.5800 epis: 0.2596 loss: 422.7776 
episode: 192 count: 1000 score: 19.2207 average_last200: -108.9126 epis: 0.2578 loss: 442.9648 
episode: 193 count: 186 score: -44.3200 average_last200: -108.5797 epis: 0.2559 loss: 78.5506 
episode: 194 count: 1000 score: 31.4277 average_last200: -107.8617 epis: 0.2542 loss: 428.5977 
episode: 195 count: 1000 score: 39.8661 average_last200: -107.1080 epis: 0.2524 loss: 444.0089 
episode: 196 count: 1000 score: 49.4982 average_last200: -106.3130 epis: 0.2506 loss: 423.3286 
episode: 197 count: 538 score: -247.4081 average_last200: -107.0256 epis: 0.2489 loss: 242.5753 
episode: 198 count: 1000 score: 83.7160 average_last200: -106.0671 epis: 0.2471 loss: 431.4146 
episode: 199 count: 1000 score: -36.4051 average_last200: -105.7188 epis: 0.2454 loss: 439.5170 
episode: 200 count: 1000 score: 35.1211 average_last200: -104.5344 epis: 0.2437 loss: 429.6544 
episode: 201 count: 1000 score: 96.7460 average_last200: -103.2287 epis: 0.2420 loss: 420.5901 
episode: 202 count: 1000 score: 67.5021 average_last200: -102.1407 epis: 0.2403 loss: 433.9564 
episode: 203 count: 1000 score: 43.1618 average_last200: -101.1825 epis: 0.2386 loss: 427.6890 
episode: 204 count: 1000 score: 49.6080 average_last200: -99.2331 epis: 0.2369 loss: 444.4657 
episode: 205 count: 668 score: 179.2474 average_last200: -95.9250 epis: 0.2353 loss: 269.4296 
episode: 206 count: 1000 score: 29.2657 average_last200: -95.2583 epis: 0.2336 loss: 420.2685 
episode: 207 count: 1000 score: 87.4415 average_last200: -93.8627 epis: 0.2320 loss: 431.5772 
episode: 208 count: 363 score: 186.3648 average_last200: -91.1756 epis: 0.2304 loss: 147.0673 
episode: 209 count: 363 score: 174.4279 average_last200: -88.0603 epis: 0.2287 loss: 149.3333 
episode: 210 count: 952 score: 166.5540 average_last200: -85.8430 epis: 0.2271 loss: 396.8140 
episode: 211 count: 1000 score: 35.9986 average_last200: -83.9049 epis: 0.2255 loss: 423.7548 
episode: 212 count: 744 score: 159.9416 average_last200: -81.4928 epis: 0.2240 loss: 319.9550 
episode: 213 count: 422 score: 223.8226 average_last200: -78.4641 epis: 0.2224 loss: 171.4379 
episode: 214 count: 1000 score: 58.0457 average_last200: -75.7437 epis: 0.2208 loss: 383.0505 
episode: 215 count: 278 score: -122.4503 average_last200: -75.7266 epis: 0.2193 loss: 117.0940 
episode: 216 count: 190 score: -23.6272 average_last200: -74.5192 epis: 0.2178 loss: 86.1601 
episode: 217 count: 1000 score: 57.1801 average_last200: -73.5378 epis: 0.2162 loss: 390.3578 
episode: 218 count: 1000 score: 109.4552 average_last200: -72.0096 epis: 0.2147 loss: 415.1470 
episode: 219 count: 449 score: 203.8074 average_last200: -69.5760 epis: 0.2132 loss: 184.5279 
episode: 220 count: 1000 score: 27.9637 average_last200: -68.7592 epis: 0.2117 loss: 411.2760 
episode: 221 count: 1000 score: 52.7005 average_last200: -67.6223 epis: 0.2102 loss: 399.9421 
episode: 222 count: 1000 score: 55.7807 average_last200: -66.6200 epis: 0.2088 loss: 374.8816 
episode: 223 count: 418 score: 242.6362 average_last200: -64.4097 epis: 0.2073 loss: 149.0353 
episode: 224 count: 1000 score: 112.9476 average_last200: -62.2863 epis: 0.2059 loss: 390.5200 
episode: 225 count: 1000 score: 105.0200 average_last200: -60.5047 epis: 0.2044 loss: 368.5483 
episode: 226 count: 1000 score: 38.5278 average_last200: -59.6401 epis: 0.2030 loss: 390.1851 
episode: 227 count: 1000 score: 27.9713 average_last200: -58.3959 epis: 0.2016 loss: 379.4339 
episode: 228 count: 390 score: 222.5242 average_last200: -56.4881 epis: 0.2002 loss: 153.1500 
episode: 229 count: 1000 score: 58.0653 average_last200: -55.6546 epis: 0.1988 loss: 369.4721 
episode: 230 count: 497 score: 184.2833 average_last200: -53.4238 epis: 0.1974 loss: 210.4890 
episode: 231 count: 771 score: 235.7352 average_last200: -51.2961 epis: 0.1960 loss: 290.8869 
episode: 232 count: 1000 score: 19.6982 average_last200: -51.3234 epis: 0.1946 loss: 382.8280 
episode: 233 count: 229 score: -141.4710 average_last200: -51.1927 epis: 0.1933 loss: 96.0624 
episode: 234 count: 1000 score: 106.3426 average_last200: -50.0664 epis: 0.1919 loss: 372.3263 
episode: 235 count: 171 score: -46.2756 average_last200: -49.0132 epis: 0.1906 loss: 63.2045 
episode: 236 count: 363 score: 168.4290 average_last200: -47.8111 epis: 0.1892 loss: 128.3758 
episode: 237 count: 723 score: 139.7354 average_last200: -46.4393 epis: 0.1879 loss: 261.5296 
episode: 238 count: 639 score: 168.1316 average_last200: -44.2687 epis: 0.1866 loss: 228.5800 
episode: 239 count: 1000 score: -76.9385 average_last200: -43.9764 epis: 0.1853 loss: 351.9198 
episode: 240 count: 148 score: -38.0732 average_last200: -43.1845 epis: 0.1840 loss: 53.8520 
episode: 241 count: 140 score: 11.0245 average_last200: -42.1767 epis: 0.1827 loss: 46.1002 
episode: 242 count: 1000 score: 59.3585 average_last200: -41.3388 epis: 0.1814 loss: 365.5145 
episode: 243 count: 706 score: 243.0161 average_last200: -38.9355 epis: 0.1801 loss: 243.5015 
episode: 244 count: 266 score: 225.7146 average_last200: -37.3273 epis: 0.1789 loss: 104.4385 
episode: 245 count: 1000 score: 63.9470 average_last200: -36.3268 epis: 0.1776 loss: 364.7407 
episode: 246 count: 178 score: -101.3060 average_last200: -36.2489 epis: 0.1764 loss: 64.8796 
episode: 247 count: 435 score: 181.9025 average_last200: -34.6600 epis: 0.1752 loss: 145.9713 
episode: 248 count: 1000 score: 32.4011 average_last200: -33.9735 epis: 0.1739 loss: 329.0680 
episode: 249 count: 346 score: 238.5436 average_last200: -32.0247 epis: 0.1727 loss: 118.9948 
episode: 250 count: 172 score: -17.6860 average_last200: -31.6385 epis: 0.1715 loss: 53.8161 
episode: 251 count: 580 score: 228.2591 average_last200: -29.7819 epis: 0.1703 loss: 192.4698 
episode: 252 count: 922 score: 205.2865 average_last200: -28.4311 epis: 0.1691 loss: 318.6807 
episode: 253 count: 399 score: 193.6195 average_last200: -26.9332 epis: 0.1679 loss: 125.8407 
episode: 254 count: 1000 score: 46.9301 average_last200: -25.9540 epis: 0.1667 loss: 327.1382 
episode: 255 count: 1000 score: 74.8693 average_last200: -24.8124 epis: 0.1656 loss: 314.3234 
episode: 256 count: 446 score: 223.8768 average_last200: -23.3450 epis: 0.1644 loss: 149.6639 
episode: 257 count: 1000 score: 54.8514 average_last200: -22.4638 epis: 0.1633 loss: 315.7511 
episode: 258 count: 344 score: 199.8089 average_last200: -20.6553 epis: 0.1621 loss: 118.9562 
episode: 259 count: 1000 score: 72.9417 average_last200: -19.6331 epis: 0.1610 loss: 321.0890 
episode: 260 count: 439 score: 183.4552 average_last200: -18.2326 epis: 0.1599 loss: 137.4841 
episode: 261 count: 1000 score: 27.0837 average_last200: -17.5975 epis: 0.1587 loss: 326.6773 
episode: 262 count: 859 score: 172.3725 average_last200: -16.4494 epis: 0.1576 loss: 263.9305 
episode: 263 count: 787 score: 140.4431 average_last200: -15.4763 epis: 0.1565 loss: 242.9761 
episode: 264 count: 1000 score: 89.2214 average_last200: -14.6563 epis: 0.1554 loss: 309.1727 
episode: 265 count: 704 score: 202.0907 average_last200: -12.9853 epis: 0.1543 loss: 208.4405 
episode: 266 count: 553 score: 210.1166 average_last200: -11.6189 epis: 0.1533 loss: 161.0799 
episode: 267 count: 837 score: 152.7839 average_last200: -10.2117 epis: 0.1522 loss: 252.0819 
episode: 268 count: 429 score: 192.3794 average_last200: -8.6946 epis: 0.1511 loss: 121.1650 
episode: 269 count: 764 score: 226.0810 average_last200: -7.3268 epis: 0.1501 loss: 212.7339 
episode: 270 count: 1000 score: 7.8951 average_last200: -6.7603 epis: 0.1490 loss: 281.4063 
episode: 271 count: 773 score: 208.3273 average_last200: -4.9832 epis: 0.1480 loss: 215.5584 
episode: 272 count: 908 score: 177.2610 average_last200: -3.3030 epis: 0.1469 loss: 252.4474 
episode: 273 count: 552 score: 166.1486 average_last200: -1.9359 epis: 0.1459 loss: 162.0950 
episode: 274 count: 385 score: 263.2120 average_last200: 0.3910 epis: 0.1449 loss: 106.5652 
episode: 275 count: 298 score: 147.3566 average_last200: 1.5893 epis: 0.1439 loss: 84.5898 
episode: 276 count: 1000 score: 19.6774 average_last200: 2.2808 epis: 0.1429 loss: 281.9848 
episode: 277 count: 1000 score: 69.8516 average_last200: 3.2043 epis: 0.1419 loss: 274.6421 
episode: 278 count: 1000 score: 41.0165 average_last200: 3.8314 epis: 0.1409 loss: 289.7973 
episode: 279 count: 1000 score: 16.2447 average_last200: 4.2799 epis: 0.1399 loss: 293.1861 
episode: 280 count: 788 score: 174.6339 average_last200: 5.5292 epis: 0.1389 loss: 202.4614 
episode: 281 count: 770 score: 138.8744 average_last200: 6.6815 epis: 0.1379 loss: 211.8948 
episode: 282 count: 968 score: 160.0073 average_last200: 7.9490 epis: 0.1370 loss: 252.1245 
episode: 283 count: 1000 score: -69.8720 average_last200: 7.8754 epis: 0.1360 loss: 255.1612 
episode: 284 count: 1000 score: -6.9444 average_last200: 8.6550 epis: 0.1351 loss: 254.6524 
episode: 285 count: 823 score: 67.1249 average_last200: 9.6522 epis: 0.1341 loss: 219.2659 
episode: 286 count: 943 score: 150.0389 average_last200: 10.9367 epis: 0.1332 loss: 246.1357 
episode: 287 count: 299 score: -105.2537 average_last200: 10.7070 epis: 0.1322 loss: 81.7927 
episode: 288 count: 520 score: 119.9916 average_last200: 11.6808 epis: 0.1313 loss: 127.4017 
episode: 289 count: 1000 score: 25.7656 average_last200: 12.0828 epis: 0.1304 loss: 260.7772 
episode: 290 count: 1000 score: -64.6830 average_last200: 12.2886 epis: 0.1295 loss: 260.8758 
episode: 291 count: 632 score: 175.7310 average_last200: 13.7033 epis: 0.1286 loss: 163.3038 
episode: 292 count: 447 score: -120.6244 average_last200: 13.3013 epis: 0.1277 loss: 110.3970 
episode: 293 count: 363 score: 207.0216 average_last200: 14.8099 epis: 0.1268 loss: 91.3114 
episode: 294 count: 1000 score: 2.1327 average_last200: 15.0070 epis: 0.1259 loss: 260.4683 
episode: 295 count: 642 score: 166.9202 average_last200: 16.2613 epis: 0.1250 loss: 164.3391 
episode: 296 count: 1000 score: 32.1272 average_last200: 17.5730 epis: 0.1241 loss: 255.2734 
episode: 297 count: 685 score: 200.3337 average_last200: 18.6693 epis: 0.1233 loss: 166.5599 
episode: 298 count: 613 score: 154.0344 average_last200: 19.6304 epis: 0.1224 loss: 148.1884 
episode: 299 count: 791 score: 139.5609 average_last200: 20.6248 epis: 0.1216 loss: 198.8642 
episode: 300 count: 140 score: -38.5421 average_last200: 20.8641 epis: 0.1207 loss: 35.9153 
episode: 301 count: 1000 score: -13.9998 average_last200: 21.6944 epis: 0.1199 loss: 236.9770 
episode: 302 count: 1000 score: 22.9766 average_last200: 22.0747 epis: 0.1190 loss: 244.0237 
episode: 303 count: 685 score: 178.1200 average_last200: 23.3843 epis: 0.1182 loss: 154.1244 
episode: 304 count: 1000 score: -76.7122 average_last200: 23.2322 epis: 0.1174 loss: 230.8278 
episode: 305 count: 1000 score: -22.2435 average_last200: 23.5426 epis: 0.1165 loss: 218.4762 
episode: 306 count: 296 score: 255.2122 average_last200: 25.9384 epis: 0.1157 loss: 62.6883 
episode: 307 count: 1000 score: 40.6327 average_last200: 26.3265 epis: 0.1149 loss: 223.1992 
episode: 308 count: 482 score: 190.1003 average_last200: 27.6139 epis: 0.1141 loss: 107.9288 
episode: 309 count: 502 score: 176.7375 average_last200: 28.9755 epis: 0.1133 loss: 105.6120 
episode: 310 count: 1000 score: 24.1635 average_last200: 29.4934 epis: 0.1125 loss: 218.4410 
episode: 311 count: 547 score: 182.0122 average_last200: 30.7958 epis: 0.1117 loss: 121.2288 
episode: 312 count: 454 score: 200.7645 average_last200: 32.9567 epis: 0.1109 loss: 102.4416 
episode: 313 count: 633 score: 125.8806 average_last200: 33.7260 epis: 0.1102 loss: 135.7002 
episode: 314 count: 1000 score: 43.3571 average_last200: 34.3945 epis: 0.1094 loss: 211.3456 
episode: 315 count: 452 score: 211.6755 average_last200: 35.7949 epis: 0.1086 loss: 93.0140 
episode: 316 count: 824 score: 141.0461 average_last200: 36.9041 epis: 0.1079 loss: 159.9416 
episode: 317 count: 741 score: 166.1552 average_last200: 38.0547 epis: 0.1071 loss: 140.6122 
episode: 318 count: 539 score: 186.5691 average_last200: 39.2834 epis: 0.1064 loss: 109.3535 
episode: 319 count: 467 score: 180.9804 average_last200: 41.8532 epis: 0.1056 loss: 86.4792 
episode: 320 count: 435 score: 148.2472 average_last200: 43.2934 epis: 0.1049 loss: 86.6617 
episode: 321 count: 640 score: 199.0693 average_last200: 44.4843 epis: 0.1041 loss: 123.7558 
episode: 322 count: 1000 score: 14.9884 average_last200: 45.1355 epis: 0.1034 loss: 183.1871 
episode: 323 count: 640 score: 190.4133 average_last200: 46.5682 epis: 0.1027 loss: 124.0941 
episode: 324 count: 392 score: 200.5941 average_last200: 48.1631 epis: 0.1020 loss: 69.5597 
episode: 325 count: 959 score: 137.4790 average_last200: 49.0733 epis: 0.1013 loss: 164.9099 
episode: 326 count: 808 score: 126.6665 average_last200: 50.0176 epis: 0.1006 loss: 154.2984 
episode: 327 count: 154 score: 16.5933 average_last200: 50.9174 epis: 0.0999 loss: 29.7392 
episode: 328 count: 581 score: 213.1022 average_last200: 52.0795 epis: 0.0992 loss: 101.6959 
episode: 329 count: 1000 score: 79.8916 average_last200: 52.9510 epis: 0.0985 loss: 191.3750 
episode: 330 count: 639 score: 215.8737 average_last200: 54.5200 epis: 0.0978 loss: 118.4824 
episode: 331 count: 352 score: 179.3738 average_last200: 55.5257 epis: 0.0971 loss: 67.0536 
episode: 332 count: 534 score: 193.1921 average_last200: 56.8181 epis: 0.0964 loss: 108.4066 
episode: 333 count: 483 score: 180.5114 average_last200: 58.2556 epis: 0.0957 loss: 86.4873 
episode: 334 count: 584 score: 152.7174 average_last200: 59.1559 epis: 0.0951 loss: 102.2371 
episode: 335 count: 448 score: 187.8164 average_last200: 60.6820 epis: 0.0944 loss: 84.5502 
episode: 336 count: 566 score: 189.3215 average_last200: 61.9411 epis: 0.0937 loss: 102.9880 
episode: 337 count: 429 score: 220.7130 average_last200: 63.1004 epis: 0.0931 loss: 82.7852 
episode: 338 count: 436 score: 171.6725 average_last200: 64.3752 epis: 0.0924 loss: 73.8038 
episode: 339 count: 131 score: -2.3843 average_last200: 65.1750 epis: 0.0918 loss: 22.9853 
episode: 340 count: 572 score: 152.3432 average_last200: 66.3168 epis: 0.0911 loss: 103.8072 
episode: 341 count: 519 score: 217.5641 average_last200: 67.5670 epis: 0.0905 loss: 89.0896 
episode: 342 count: 378 score: 209.3578 average_last200: 69.1773 epis: 0.0899 loss: 69.1471 
episode: 343 count: 671 score: 147.5976 average_last200: 70.6341 epis: 0.0892 loss: 122.3102 
episode: 344 count: 457 score: 167.8442 average_last200: 71.7047 epis: 0.0886 loss: 88.2588 
episode: 345 count: 679 score: 151.2092 average_last200: 72.7560 epis: 0.0880 loss: 112.1886 
episode: 346 count: 429 score: 184.3597 average_last200: 74.1941 epis: 0.0874 loss: 72.2468 
episode: 347 count: 636 score: -126.2952 average_last200: 73.8674 epis: 0.0868 loss: 113.6705 
episode: 348 count: 475 score: 173.7814 average_last200: 76.2265 epis: 0.0862 loss: 82.5609 
episode: 349 count: 1000 score: 82.9638 average_last200: 76.8023 epis: 0.0856 loss: 157.4326 
episode: 350 count: 449 score: 187.2575 average_last200: 78.5288 epis: 0.0850 loss: 79.9139 
episode: 351 count: 496 score: 216.4045 average_last200: 79.7180 epis: 0.0844 loss: 85.4928 
episode: 352 count: 548 score: 129.2450 average_last200: 81.8274 epis: 0.0838 loss: 86.1784 
episode: 353 count: 484 score: 232.5751 average_last200: 83.7081 epis: 0.0832 loss: 80.6816 
episode: 354 count: 377 score: 173.8848 average_last200: 84.7416 epis: 0.0826 loss: 58.8159 
episode: 355 count: 404 score: 183.0204 average_last200: 85.9313 epis: 0.0820 loss: 63.6611 
episode: 356 count: 187 score: -3.2166 average_last200: 85.9538 epis: 0.0814 loss: 29.8167 
episode: 357 count: 474 score: 211.7645 average_last200: 87.5496 epis: 0.0809 loss: 77.3935 
episode: 358 count: 442 score: 184.5108 average_last200: 88.7278 epis: 0.0803 loss: 75.4591 
episode: 359 count: 630 score: 109.4666 average_last200: 89.7214 epis: 0.0797 loss: 92.6177 
episode: 360 count: 336 score: 193.8669 average_last200: 90.8063 epis: 0.0792 loss: 50.2323 
episode: 361 count: 750 score: 160.0971 average_last200: 91.6149 epis: 0.0786 loss: 118.4141 
episode: 362 count: 468 score: 204.9645 average_last200: 92.9959 epis: 0.0781 loss: 70.7228 
episode: 363 count: 607 score: 191.9668 average_last200: 94.1172 epis: 0.0775 loss: 100.4891 
episode: 364 count: 421 score: 184.1955 average_last200: 95.1595 epis: 0.0770 loss: 59.5461 
episode: 365 count: 572 score: 177.4467 average_last200: 96.1748 epis: 0.0765 loss: 93.3380 
episode: 366 count: 606 score: 166.2203 average_last200: 97.1793 epis: 0.0759 loss: 91.1035 
episode: 367 count: 956 score: 117.0458 average_last200: 97.8633 epis: 0.0754 loss: 147.5788 
episode: 368 count: 154 score: -19.8446 average_last200: 97.8503 epis: 0.0749 loss: 23.5522 
episode: 369 count: 250 score: 251.1163 average_last200: 98.9019 epis: 0.0743 loss: 36.1781 
episode: 370 count: 572 score: 198.3555 average_last200: 100.1704 epis: 0.0738 loss: 85.4610 
episode: 371 count: 604 score: 124.9959 average_last200: 101.4813 epis: 0.0733 loss: 90.9721 
episode: 372 count: 894 score: 98.8368 average_last200: 102.2529 epis: 0.0728 loss: 125.8987 
episode: 373 count: 761 score: 145.3500 average_last200: 103.0080 epis: 0.0723 loss: 114.2078 
episode: 374 count: 537 score: 190.1017 average_last200: 104.8149 epis: 0.0718 loss: 78.8458 
episode: 375 count: 693 score: 210.9084 average_last200: 106.0903 epis: 0.0713 loss: 108.9388 
episode: 376 count: 676 score: 128.3555 average_last200: 106.6357 epis: 0.0708 loss: 101.4475 
episode: 377 count: 181 score: -18.1313 average_last200: 106.3678 epis: 0.0703 loss: 24.0491 
episode: 378 count: 764 score: 133.2657 average_last200: 106.7293 epis: 0.0698 loss: 109.6689 
episode: 379 count: 337 score: 184.4791 average_last200: 107.4723 epis: 0.0693 loss: 50.0696 
episode: 380 count: 565 score: 170.5962 average_last200: 108.1833 epis: 0.0688 loss: 81.3229 
episode: 381 count: 170 score: 3.1037 average_last200: 108.1537 epis: 0.0683 loss: 21.8484 
episode: 382 count: 345 score: 196.1395 average_last200: 109.2775 epis: 0.0679 loss: 48.4127 
episode: 383 count: 653 score: 181.7333 average_last200: 109.9449 epis: 0.0674 loss: 85.5560 
episode: 384 count: 402 score: 210.6659 average_last200: 110.5322 epis: 0.0669 loss: 58.8733 
episode: 385 count: 1000 score: 92.3113 average_last200: 111.2038 epis: 0.0664 loss: 145.9590 
episode: 386 count: 306 score: 242.0348 average_last200: 112.3669 epis: 0.0660 loss: 42.6262 
episode: 387 count: 355 score: 229.3797 average_last200: 113.2935 epis: 0.0655 loss: 53.3042 
episode: 388 count: 828 score: 115.7850 average_last200: 113.7293 epis: 0.0651 loss: 126.6062 
episode: 389 count: 396 score: 189.1691 average_last200: 114.3316 epis: 0.0646 loss: 56.2175 
episode: 390 count: 398 score: 162.0622 average_last200: 114.5787 epis: 0.0641 loss: 60.3110 
episode: 391 count: 497 score: 228.3736 average_last200: 115.4778 epis: 0.0637 loss: 69.5565 
episode: 392 count: 515 score: 173.0476 average_last200: 116.2470 epis: 0.0632 loss: 70.1505 
episode: 393 count: 424 score: 191.1358 average_last200: 117.4242 epis: 0.0628 loss: 59.7308 
episode: 394 count: 257 score: 192.5353 average_last200: 118.2298 epis: 0.0624 loss: 35.1689 
episode: 395 count: 518 score: 203.9658 average_last200: 119.0503 epis: 0.0619 loss: 82.8466 
episode: 396 count: 439 score: 171.5562 average_last200: 119.6606 epis: 0.0615 loss: 59.5327 
episode: 397 count: 302 score: 255.0566 average_last200: 122.1729 epis: 0.0611 loss: 38.7344 
episode: 398 count: 411 score: 210.8469 average_last200: 122.8085 epis: 0.0606 loss: 59.8571 
episode: 399 count: 367 score: 232.6053 average_last200: 124.1536 epis: 0.0602 loss: 49.0614 
episode: 400 count: 679 score: 134.3420 average_last200: 124.6497 epis: 0.0598 loss: 95.3611 
episode: 401 count: 1000 score: -54.1533 average_last200: 123.8952 epis: 0.0594 loss: 142.4854 
episode: 402 count: 470 score: 177.7863 average_last200: 124.4466 epis: 0.0590 loss: 67.2109 
episode: 403 count: 582 score: 186.2541 average_last200: 125.1621 epis: 0.0585 loss: 77.6273 
episode: 404 count: 325 score: 189.8539 average_last200: 125.8633 epis: 0.0581 loss: 44.4058 
episode: 405 count: 546 score: 194.8322 average_last200: 125.9412 epis: 0.0577 loss: 74.9410 
episode: 406 count: 780 score: 138.3716 average_last200: 126.4868 epis: 0.0573 loss: 111.7862 
episode: 407 count: 220 score: -20.5265 average_last200: 125.9469 epis: 0.0569 loss: 28.4360 
episode: 408 count: 639 score: 151.5790 average_last200: 125.7730 epis: 0.0565 loss: 90.5355 
episode: 409 count: 637 score: 136.3064 average_last200: 125.5824 epis: 0.0561 loss: 94.8272 
episode: 410 count: 247 score: 246.5912 average_last200: 125.9826 epis: 0.0557 loss: 30.3679 
episode: 411 count: 543 score: 174.7582 average_last200: 126.6764 epis: 0.0553 loss: 78.1429 
episode: 412 count: 498 score: 141.7376 average_last200: 126.5854 epis: 0.0550 loss: 62.4334 
episode: 413 count: 452 score: 226.4828 average_last200: 126.5987 epis: 0.0546 loss: 59.4150 
episode: 414 count: 623 score: 156.7413 average_last200: 127.0921 epis: 0.0542 loss: 86.0985 
episode: 415 count: 622 score: 187.4837 average_last200: 128.6418 epis: 0.0538 loss: 86.8771 
episode: 416 count: 490 score: 192.3468 average_last200: 129.7217 epis: 0.0534 loss: 67.1914 
episode: 417 count: 1000 score: 83.5043 average_last200: 129.8533 epis: 0.0531 loss: 130.4680 
episode: 418 count: 362 score: 214.1083 average_last200: 130.3766 epis: 0.0527 loss: 46.4794 
episode: 419 count: 404 score: 188.7582 average_last200: 130.3013 epis: 0.0523 loss: 53.9053 
episode: 420 count: 379 score: 202.9612 average_last200: 131.1763 epis: 0.0520 loss: 48.6872 
episode: 421 count: 447 score: 180.9658 average_last200: 131.8176 epis: 0.0516 loss: 60.7292 
episode: 422 count: 377 score: 204.6742 average_last200: 132.5621 epis: 0.0512 loss: 46.4133 
episode: 423 count: 377 score: 213.2023 average_last200: 132.4149 epis: 0.0509 loss: 49.2378 
episode: 424 count: 323 score: 213.7965 average_last200: 132.9192 epis: 0.0505 loss: 47.1184 
episode: 425 count: 376 score: 223.7324 average_last200: 133.5127 epis: 0.0502 loss: 47.5770 
episode: 426 count: 377 score: 186.9160 average_last200: 134.2547 epis: 0.0498 loss: 54.5390 
episode: 427 count: 368 score: 215.6129 average_last200: 135.1929 epis: 0.0495 loss: 49.6889 
episode: 428 count: 676 score: 131.4009 average_last200: 134.7373 epis: 0.0491 loss: 95.9232 
episode: 429 count: 343 score: 214.2392 average_last200: 135.5181 epis: 0.0488 loss: 41.4127 
episode: 430 count: 280 score: 252.3244 average_last200: 135.8583 epis: 0.0484 loss: 33.8901 
episode: 431 count: 378 score: 206.5058 average_last200: 135.7122 epis: 0.0481 loss: 52.5395 
episode: 432 count: 417 score: 186.8591 average_last200: 136.5480 epis: 0.0478 loss: 57.2332 
episode: 433 count: 356 score: 167.0452 average_last200: 138.0906 epis: 0.0474 loss: 46.1759 
episode: 434 count: 546 score: 206.1929 average_last200: 138.5898 epis: 0.0471 loss: 76.4533 
episode: 435 count: 456 score: 177.5158 average_last200: 139.7088 epis: 0.0468 loss: 58.0188 
episode: 436 count: 577 score: 151.3905 average_last200: 139.6236 epis: 0.0464 loss: 72.7276 
episode: 437 count: 422 score: 162.3320 average_last200: 139.7366 epis: 0.0461 loss: 52.7550 
episode: 438 count: 427 score: 159.2029 average_last200: 139.6919 epis: 0.0458 loss: 56.4205 
episode: 439 count: 497 score: 179.5819 average_last200: 140.9745 epis: 0.0455 loss: 61.8285 
episode: 440 count: 423 score: 190.1969 average_last200: 142.1159 epis: 0.0451 loss: 56.4098 
episode: 441 count: 396 score: 178.6464 average_last200: 142.9540 epis: 0.0448 loss: 56.5021 
episode: 442 count: 354 score: 181.9227 average_last200: 143.5668 epis: 0.0445 loss: 40.9369 
episode: 443 count: 390 score: 245.8528 average_last200: 143.5810 epis: 0.0442 loss: 50.1747 
episode: 444 count: 459 score: 130.2178 average_last200: 143.1035 epis: 0.0439 loss: 64.8454 
episode: 445 count: 616 score: 152.7103 average_last200: 143.5473 epis: 0.0436 loss: 75.7089 
episode: 446 count: 357 score: 235.5596 average_last200: 145.2317 epis: 0.0433 loss: 51.9588 
episode: 447 count: 605 score: 165.2695 average_last200: 145.1485 epis: 0.0430 loss: 88.2042 
episode: 448 count: 769 score: 157.9354 average_last200: 145.7762 epis: 0.0427 loss: 110.5354 
episode: 449 count: 529 score: 180.8281 average_last200: 145.4876 epis: 0.0424 loss: 67.1625 
episode: 450 count: 521 score: 184.3302 average_last200: 146.4977 epis: 0.0421 loss: 72.1034 
episode: 451 count: 352 score: 213.7833 average_last200: 146.4253 epis: 0.0418 loss: 39.7909 
episode: 452 count: 396 score: 184.1370 average_last200: 146.3196 epis: 0.0415 loss: 54.2699 
episode: 453 count: 596 score: 137.1584 average_last200: 146.0372 epis: 0.0412 loss: 71.3937 
episode: 454 count: 490 score: 173.2147 average_last200: 146.6687 epis: 0.0409 loss: 64.8473 
episode: 455 count: 358 score: 231.6121 average_last200: 147.4524 epis: 0.0406 loss: 41.9901 
episode: 456 count: 581 score: 205.1268 average_last200: 147.3586 epis: 0.0403 loss: 80.0740 
episode: 457 count: 367 score: 173.3013 average_last200: 147.9509 epis: 0.0401 loss: 43.8304 
episode: 458 count: 355 score: 229.5083 average_last200: 148.0994 epis: 0.0398 loss: 51.7662 
episode: 459 count: 729 score: 141.6449 average_last200: 148.4429 epis: 0.0395 loss: 90.0850 
episode: 460 count: 561 score: 165.1177 average_last200: 148.3512 epis: 0.0392 loss: 75.7654 
episode: 461 count: 515 score: 188.3578 average_last200: 149.1576 epis: 0.0390 loss: 74.2095 
episode: 462 count: 1000 score: -50.0480 average_last200: 148.0455 epis: 0.0387 loss: 125.1847 
episode: 463 count: 522 score: 217.4414 average_last200: 148.4305 epis: 0.0384 loss: 60.9344 
episode: 464 count: 546 score: 182.7654 average_last200: 148.8982 epis: 0.0381 loss: 67.1204 
episode: 465 count: 359 score: 222.5028 average_last200: 149.0002 epis: 0.0379 loss: 46.9876 
episode: 466 count: 443 score: 149.3594 average_last200: 148.6965 epis: 0.0376 loss: 49.6233 
episode: 467 count: 326 score: 223.5922 average_last200: 149.0505 epis: 0.0373 loss: 38.9658 
episode: 468 count: 319 score: 214.4021 average_last200: 149.1606 epis: 0.0371 loss: 42.5493 
episode: 469 count: 466 score: 144.4701 average_last200: 148.7526 epis: 0.0368 loss: 58.3507 
episode: 470 count: 656 score: 164.5240 average_last200: 149.5357 epis: 0.0366 loss: 73.0374 
episode: 471 count: 451 score: 163.3996 average_last200: 149.3111 epis: 0.0363 loss: 50.0594 
episode: 472 count: 431 score: 192.2194 average_last200: 149.3859 epis: 0.0361 loss: 52.2183 
episode: 473 count: 510 score: 197.4071 average_last200: 149.5422 epis: 0.0358 loss: 62.6643 
episode: 474 count: 841 score: 125.3012 average_last200: 148.8526 epis: 0.0356 loss: 103.4487 
episode: 475 count: 452 score: 195.3252 average_last200: 149.0924 epis: 0.0353 loss: 58.9447 
episode: 476 count: 360 score: 181.0374 average_last200: 149.8992 epis: 0.0351 loss: 41.9937 
episode: 477 count: 372 score: 218.0728 average_last200: 150.6403 epis: 0.0348 loss: 43.6590 
episode: 478 count: 394 score: 189.2818 average_last200: 151.3817 epis: 0.0346 loss: 51.4687 
episode: 479 count: 653 score: 181.7159 average_last200: 152.2090 epis: 0.0343 loss: 77.2992 
episode: 480 count: 291 score: 241.1685 average_last200: 152.5417 epis: 0.0341 loss: 33.6802 
episode: 481 count: 477 score: 135.1925 average_last200: 152.5233 epis: 0.0338 loss: 59.8588 
episode: 482 count: 433 score: 184.9281 average_last200: 152.6479 epis: 0.0336 loss: 56.0998 
episode: 483 count: 452 score: 189.0509 average_last200: 153.9425 epis: 0.0334 loss: 60.2541 
episode: 484 count: 594 score: 151.1744 average_last200: 154.7331 epis: 0.0331 loss: 71.7305 
episode: 485 count: 440 score: 179.0569 average_last200: 155.2928 epis: 0.0329 loss: 49.6017 
episode: 486 count: 1000 score: 1.0197 average_last200: 154.5477 epis: 0.0327 loss: 123.1924 
episode: 487 count: 698 score: 131.3178 average_last200: 155.7305 epis: 0.0325 loss: 78.5426 
episode: 488 count: 521 score: 189.3928 average_last200: 156.0775 epis: 0.0322 loss: 72.7587 
episode: 489 count: 692 score: 165.3846 average_last200: 156.7756 epis: 0.0320 loss: 89.9403 
episode: 490 count: 436 score: 193.1009 average_last200: 158.0645 epis: 0.0318 loss: 46.7569 
episode: 491 count: 285 score: 266.5479 average_last200: 158.5186 epis: 0.0316 loss: 40.7917 
episode: 492 count: 670 score: 112.1799 average_last200: 159.6827 epis: 0.0313 loss: 89.8049 
episode: 493 count: 404 score: 185.4949 average_last200: 159.5750 epis: 0.0311 loss: 47.7173 
episode: 494 count: 540 score: 228.6399 average_last200: 160.7076 epis: 0.0309 loss: 66.2490 
episode: 495 count: 514 score: 190.8029 average_last200: 160.8270 epis: 0.0307 loss: 60.5562 
episode: 496 count: 475 score: 171.5326 average_last200: 161.5240 epis: 0.0305 loss: 57.9096 
episode: 497 count: 650 score: 154.6046 average_last200: 161.2954 epis: 0.0303 loss: 92.5135 
episode: 498 count: 626 score: 98.0734 average_last200: 161.0155 epis: 0.0300 loss: 70.1662 
episode: 499 count: 402 score: 160.5723 average_last200: 161.1206 epis: 0.0298 loss: 48.3178 
episode: 500 count: 501 score: 134.6929 average_last200: 161.9868 epis: 0.0296 loss: 66.8581 
episode: 501 count: 380 score: 198.8196 average_last200: 163.0509 epis: 0.0294 loss: 53.7589 
episode: 502 count: 463 score: 177.4692 average_last200: 163.8233 epis: 0.0292 loss: 56.2573 
episode: 503 count: 520 score: 166.2652 average_last200: 163.7641 epis: 0.0290 loss: 64.6684 
episode: 504 count: 430 score: 163.9216 average_last200: 164.9672 epis: 0.0288 loss: 52.2916 
episode: 505 count: 459 score: 190.0380 average_last200: 166.0286 epis: 0.0286 loss: 53.5973 
episode: 506 count: 505 score: 205.0451 average_last200: 165.7778 epis: 0.0284 loss: 63.4817 
episode: 507 count: 440 score: 186.0965 average_last200: 166.5051 epis: 0.0282 loss: 56.0823 
episode: 508 count: 493 score: 209.7584 average_last200: 166.6034 epis: 0.0280 loss: 61.2966 
episode: 509 count: 191 score: 30.1563 average_last200: 165.8705 epis: 0.0278 loss: 25.8539 
episode: 510 count: 505 score: 170.0089 average_last200: 166.5997 epis: 0.0276 loss: 66.6213 
episode: 511 count: 483 score: 196.9744 average_last200: 166.6745 epis: 0.0274 loss: 61.1293 
episode: 512 count: 418 score: 171.7745 average_last200: 166.5296 epis: 0.0272 loss: 49.0477 
episode: 513 count: 445 score: 171.2468 average_last200: 166.7564 epis: 0.0270 loss: 57.9475 
episode: 514 count: 446 score: 225.7303 average_last200: 167.6683 epis: 0.0268 loss: 53.4231 
episode: 515 count: 296 score: -24.8935 average_last200: 166.4854 epis: 0.0267 loss: 35.8633 
episode: 516 count: 176 score: 26.2441 average_last200: 165.9114 epis: 0.0265 loss: 20.1709 
episode: 517 count: 371 score: 166.5605 average_last200: 165.9135 epis: 0.0263 loss: 37.0550 
episode: 518 count: 448 score: 193.4854 average_last200: 165.9480 epis: 0.0261 loss: 49.2588 
episode: 519 count: 448 score: 161.8481 average_last200: 165.8524 epis: 0.0259 loss: 48.6102 
episode: 520 count: 594 score: 185.7759 average_last200: 166.0400 epis: 0.0257 loss: 67.8870 
episode: 521 count: 436 score: 176.4424 average_last200: 165.9269 epis: 0.0256 loss: 51.7551 
episode: 522 count: 517 score: 189.5229 average_last200: 166.7996 epis: 0.0254 loss: 64.6603 
episode: 523 count: 468 score: 213.0376 average_last200: 166.9127 epis: 0.0252 loss: 58.2776 
episode: 524 count: 429 score: 181.5347 average_last200: 166.8174 epis: 0.0250 loss: 50.2091 
episode: 525 count: 432 score: 183.2695 average_last200: 167.0463 epis: 0.0248 loss: 49.2390 
episode: 526 count: 445 score: 179.8827 average_last200: 167.3124 epis: 0.0247 loss: 50.4076 
episode: 527 count: 371 score: 191.4335 average_last200: 168.1866 epis: 0.0245 loss: 43.5203 
episode: 528 count: 493 score: 175.8929 average_last200: 168.0006 epis: 0.0243 loss: 58.1704 
episode: 529 count: 608 score: 181.7371 average_last200: 168.5098 epis: 0.0242 loss: 70.8400 
episode: 530 count: 148 score: 48.8015 average_last200: 167.6744 epis: 0.0240 loss: 20.1364 
episode: 531 count: 576 score: 164.8355 average_last200: 167.6018 epis: 0.0238 loss: 75.8433 
episode: 532 count: 617 score: 154.6020 average_last200: 167.4088 epis: 0.0237 loss: 74.9073 
episode: 533 count: 570 score: 187.3806 average_last200: 167.4431 epis: 0.0235 loss: 72.1507 
episode: 534 count: 428 score: 202.1784 average_last200: 167.6905 epis: 0.0233 loss: 60.2385 
episode: 535 count: 663 score: 185.8132 average_last200: 167.6804 epis: 0.0232 loss: 72.3829 
episode: 536 count: 520 score: 185.0879 average_last200: 167.6593 epis: 0.0230 loss: 71.4618 
episode: 537 count: 613 score: 163.0059 average_last200: 167.3707 epis: 0.0228 loss: 72.0251 
episode: 538 count: 640 score: 165.6899 average_last200: 167.3408 epis: 0.0227 loss: 84.3462 
episode: 539 count: 195 score: -5.0216 average_last200: 167.3276 epis: 0.0225 loss: 24.2849 
episode: 540 count: 512 score: 201.1946 average_last200: 167.5719 epis: 0.0224 loss: 55.5551 
episode: 541 count: 577 score: 201.9147 average_last200: 167.4936 epis: 0.0222 loss: 67.7904 
episode: 542 count: 464 score: 218.9827 average_last200: 167.5418 epis: 0.0221 loss: 51.9708 
episode: 543 count: 673 score: 148.4292 average_last200: 167.5459 epis: 0.0219 loss: 73.3210 
episode: 544 count: 243 score: 224.9898 average_last200: 167.8317 epis: 0.0217 loss: 27.2709 
episode: 545 count: 213 score: -16.7556 average_last200: 166.9918 epis: 0.0216 loss: 25.7124 
episode: 546 count: 620 score: 202.0385 average_last200: 167.0802 epis: 0.0214 loss: 72.3445 
episode: 547 count: 409 score: 207.1146 average_last200: 168.7473 epis: 0.0213 loss: 46.5657 
episode: 548 count: 298 score: 196.4829 average_last200: 168.8608 epis: 0.0211 loss: 28.6460 
episode: 549 count: 380 score: 200.1393 average_last200: 169.4467 epis: 0.0210 loss: 41.7226 
episode: 550 count: 188 score: -1.1623 average_last200: 168.5046 epis: 0.0208 loss: 17.6669 
episode: 551 count: 379 score: 205.0401 average_last200: 168.4477 epis: 0.0207 loss: 40.1257 
episode: 552 count: 729 score: 165.2552 average_last200: 168.6278 epis: 0.0206 loss: 90.2519 
episode: 553 count: 161 score: 6.4607 average_last200: 167.4972 epis: 0.0204 loss: 13.8235 
episode: 554 count: 699 score: 176.4686 average_last200: 167.5101 epis: 0.0203 loss: 88.4057 
episode: 555 count: 369 score: 208.7978 average_last200: 167.6390 epis: 0.0201 loss: 44.4491 
episode: 556 count: 509 score: 169.7440 average_last200: 168.5038 epis: 0.0200 loss: 62.8311 
episode: 557 count: 437 score: 202.4341 average_last200: 168.4572 epis: 0.0198 loss: 59.3896 
episode: 558 count: 382 score: 221.5904 average_last200: 168.6426 epis: 0.0197 loss: 47.3530 
episode: 559 count: 343 score: 250.9304 average_last200: 169.3499 epis: 0.0196 loss: 37.5800 
episode: 560 count: 336 score: 211.3896 average_last200: 169.4375 epis: 0.0194 loss: 36.7286 
episode: 561 count: 448 score: 156.0437 average_last200: 169.4172 epis: 0.0193 loss: 49.0933 
episode: 562 count: 333 score: 196.4138 average_last200: 169.3745 epis: 0.0192 loss: 45.4763 
episode: 563 count: 395 score: 212.0087 average_last200: 169.4747 epis: 0.0190 loss: 47.0728 
episode: 564 count: 309 score: 188.2104 average_last200: 169.4948 epis: 0.0189 loss: 37.0838 
episode: 565 count: 291 score: 201.9486 average_last200: 169.6173 epis: 0.0188 loss: 32.5549 
episode: 566 count: 363 score: 227.0606 average_last200: 169.9215 epis: 0.0186 loss: 32.4319 
episode: 567 count: 272 score: 191.8516 average_last200: 170.2955 epis: 0.0185 loss: 33.6076 
episode: 568 count: 358 score: 187.4239 average_last200: 171.3319 epis: 0.0184 loss: 37.5995 
episode: 569 count: 537 score: 217.0705 average_last200: 171.1616 epis: 0.0182 loss: 64.3570 
episode: 570 count: 354 score: 185.8195 average_last200: 171.0989 epis: 0.0181 loss: 47.2968 
episode: 571 count: 235 score: -30.2177 average_last200: 170.3229 epis: 0.0180 loss: 20.3986 
episode: 572 count: 372 score: 193.2494 average_last200: 170.7949 epis: 0.0179 loss: 42.0362 
episode: 573 count: 202 score: 15.2692 average_last200: 170.1445 epis: 0.0177 loss: 19.8225 
episode: 574 count: 381 score: 231.9171 average_last200: 170.3536 epis: 0.0176 loss: 45.5899 
episode: 575 count: 372 score: 203.5353 average_last200: 170.3167 epis: 0.0175 loss: 50.9834 
episode: 576 count: 344 score: 202.3752 average_last200: 170.6868 epis: 0.0174 loss: 36.0869 
episode: 577 count: 280 score: 229.1407 average_last200: 171.9232 epis: 0.0172 loss: 35.6999 
episode: 578 count: 201 score: -8.8224 average_last200: 171.2128 epis: 0.0171 loss: 25.4064 
episode: 579 count: 170 score: -28.8110 average_last200: 170.1463 epis: 0.0170 loss: 17.6557 
episode: 580 count: 433 score: 188.7515 average_last200: 170.2371 epis: 0.0169 loss: 50.6172 
episode: 581 count: 335 score: 191.2094 average_last200: 171.1776 epis: 0.0168 loss: 29.9598 
episode: 582 count: 291 score: 232.9111 average_last200: 171.3615 epis: 0.0166 loss: 34.8854 
episode: 583 count: 425 score: 239.7320 average_last200: 171.6515 epis: 0.0165 loss: 50.8063 
episode: 584 count: 344 score: 216.2606 average_last200: 171.6794 epis: 0.0164 loss: 38.3073 
episode: 585 count: 310 score: 208.1202 average_last200: 172.2585 epis: 0.0163 loss: 41.1995 
episode: 586 count: 297 score: 192.7656 average_last200: 172.0121 epis: 0.0162 loss: 39.9504 
episode: 587 count: 204 score: -40.7810 average_last200: 170.6613 epis: 0.0161 loss: 29.9017 
episode: 588 count: 479 score: 164.0768 average_last200: 170.9028 epis: 0.0160 loss: 56.8418 
episode: 589 count: 532 score: 209.0940 average_last200: 171.0024 epis: 0.0159 loss: 66.5371 
episode: 590 count: 383 score: 197.7659 average_last200: 171.1809 epis: 0.0157 loss: 43.5886 
episode: 591 count: 383 score: 169.6010 average_last200: 170.8871 epis: 0.0156 loss: 42.7538 
episode: 592 count: 408 score: 184.2841 average_last200: 170.9433 epis: 0.0155 loss: 47.3176 
episode: 593 count: 371 score: 198.6013 average_last200: 170.9806 epis: 0.0154 loss: 52.2997 
episode: 594 count: 293 score: 210.5366 average_last200: 171.0706 epis: 0.0153 loss: 36.4175 
episode: 595 count: 402 score: 175.5526 average_last200: 170.9285 epis: 0.0152 loss: 56.6469 
episode: 596 count: 587 score: 151.2218 average_last200: 170.8269 epis: 0.0151 loss: 66.7509 
episode: 597 count: 297 score: 247.7651 average_last200: 170.7904 epis: 0.0150 loss: 35.4796 
episode: 598 count: 378 score: 203.2700 average_last200: 170.7525 epis: 0.0149 loss: 43.5353 
episode: 599 count: 306 score: 220.0008 average_last200: 170.6895 epis: 0.0148 loss: 39.0381 
episode: 600 count: 426 score: 204.8070 average_last200: 171.0418 epis: 0.0147 loss: 55.3703 
episode: 601 count: 340 score: 172.2431 average_last200: 172.1738 epis: 0.0146 loss: 39.4126 
episode: 602 count: 316 score: 229.9265 average_last200: 172.4345 epis: 0.0145 loss: 39.0145 
episode: 603 count: 332 score: 201.8681 average_last200: 172.5126 epis: 0.0144 loss: 39.7676 
episode: 604 count: 360 score: 232.3174 average_last200: 172.7249 epis: 0.0143 loss: 42.2985 
episode: 605 count: 419 score: 208.0484 average_last200: 172.7910 epis: 0.0142 loss: 46.7392 
episode: 606 count: 315 score: 239.7054 average_last200: 173.2976 epis: 0.0141 loss: 32.1139 
episode: 607 count: 337 score: 190.8850 average_last200: 174.3547 epis: 0.0140 loss: 39.0972 
episode: 608 count: 329 score: 205.5543 average_last200: 174.6246 epis: 0.0139 loss: 45.6011 
episode: 609 count: 365 score: 258.8302 average_last200: 175.2372 epis: 0.0138 loss: 41.9283 
episode: 610 count: 313 score: 221.1112 average_last200: 175.1098 epis: 0.0137 loss: 37.6276 
episode: 611 count: 511 score: 206.7630 average_last200: 175.2698 epis: 0.0136 loss: 51.7860 
episode: 612 count: 173 score: -52.4543 average_last200: 174.2989 epis: 0.0135 loss: 21.2302 
episode: 613 count: 289 score: 231.0773 average_last200: 174.3218 epis: 0.0134 loss: 34.5552 
episode: 614 count: 446 score: 207.2152 average_last200: 174.5742 epis: 0.0133 loss: 52.4299 
episode: 615 count: 364 score: 241.4528 average_last200: 174.8440 epis: 0.0132 loss: 45.8220 
episode: 616 count: 419 score: 179.6182 average_last200: 174.7804 epis: 0.0131 loss: 48.1745 
episode: 617 count: 368 score: 174.1277 average_last200: 175.2335 epis: 0.0130 loss: 43.3097 
episode: 618 count: 345 score: 200.3173 average_last200: 175.1646 epis: 0.0129 loss: 36.5094 
episode: 619 count: 346 score: 170.7576 average_last200: 175.0746 epis: 0.0128 loss: 38.2498 
episode: 620 count: 372 score: 179.3272 average_last200: 174.9564 epis: 0.0127 loss: 44.2090 
episode: 621 count: 418 score: 184.6923 average_last200: 174.9750 epis: 0.0127 loss: 51.3216 
episode: 622 count: 535 score: 201.3070 average_last200: 174.9582 epis: 0.0126 loss: 62.6593 
episode: 623 count: 418 score: 203.7223 average_last200: 174.9108 epis: 0.0125 loss: 47.2026 
episode: 624 count: 290 score: 204.7728 average_last200: 174.8657 epis: 0.0124 loss: 31.6928 
episode: 625 count: 331 score: 156.8082 average_last200: 174.5310 epis: 0.0123 loss: 35.1797 
episode: 626 count: 371 score: 193.8016 average_last200: 174.5655 epis: 0.0122 loss: 49.2518 
episode: 627 count: 281 score: 174.9064 average_last200: 174.3619 epis: 0.0121 loss: 28.9228 
episode: 628 count: 368 score: 212.2597 average_last200: 174.7662 epis: 0.0121 loss: 42.2730 
episode: 629 count: 299 score: 241.3272 average_last200: 174.9017 epis: 0.0120 loss: 34.1208 
episode: 630 count: 357 score: 200.4519 average_last200: 174.6423 epis: 0.0119 loss: 47.2228 
episode: 631 count: 288 score: 217.7833 average_last200: 174.6987 epis: 0.0118 loss: 34.1767 
episode: 632 count: 542 score: 189.6517 average_last200: 174.7127 epis: 0.0117 loss: 64.7859 
episode: 633 count: 316 score: 207.7047 average_last200: 174.9160 epis: 0.0116 loss: 39.9633 
episode: 634 count: 292 score: 200.0281 average_last200: 174.8851 epis: 0.0116 loss: 34.3905 
episode: 635 count: 842 score: 211.5821 average_last200: 175.0555 epis: 0.0115 loss: 98.3337 
episode: 636 count: 999 score: 163.8554 average_last200: 175.1178 epis: 0.0114 loss: 124.6293 
episode: 637 count: 504 score: 175.0428 average_last200: 175.1813 epis: 0.0113 loss: 58.0678 
episode: 638 count: 618 score: 192.0868 average_last200: 175.3458 epis: 0.0112 loss: 71.0833 
episode: 639 count: 448 score: 154.5115 average_last200: 175.2204 epis: 0.0112 loss: 50.8116 
episode: 640 count: 1000 score: 125.1104 average_last200: 174.8950 epis: 0.0111 loss: 113.5141 
episode: 641 count: 338 score: 176.3546 average_last200: 174.8835 epis: 0.0110 loss: 38.8098 
episode: 642 count: 420 score: 176.1698 average_last200: 174.8548 epis: 0.0109 loss: 45.7595 
episode: 643 count: 300 score: 227.2412 average_last200: 174.7617 epis: 0.0108 loss: 32.0770 
episode: 644 count: 415 score: 167.6973 average_last200: 174.9491 epis: 0.0108 loss: 51.5149 
episode: 645 count: 384 score: 248.1403 average_last200: 175.4262 epis: 0.0107 loss: 40.7794 
episode: 646 count: 395 score: -35.7096 average_last200: 174.0699 epis: 0.0106 loss: 43.5157 
episode: 647 count: 232 score: -4.8508 average_last200: 173.2193 epis: 0.0105 loss: 29.1295 
episode: 648 count: 369 score: 183.4879 average_last200: 173.3471 epis: 0.0105 loss: 40.4107 
episode: 649 count: 349 score: 180.0805 average_last200: 173.3433 epis: 0.0104 loss: 37.7688 
episode: 650 count: 336 score: 211.4487 average_last200: 173.4789 epis: 0.0103 loss: 40.0352 
episode: 651 count: 372 score: 173.5753 average_last200: 173.2779 epis: 0.0103 loss: 44.6335 
episode: 652 count: 459 score: 169.6450 average_last200: 173.2054 epis: 0.0102 loss: 52.2070 
episode: 653 count: 313 score: 203.3265 average_last200: 173.5363 epis: 0.0101 loss: 32.0625 
episode: 654 count: 752 score: 192.3616 average_last200: 173.6320 epis: 0.0100 loss: 95.4809 
episode: 655 count: 388 score: 215.6950 average_last200: 173.5524 epis: 0.0100 loss: 42.3310 
episode: 656 count: 320 score: 212.8732 average_last200: 173.5911 epis: 0.0099 loss: 37.8433 
episode: 657 count: 422 score: 228.7812 average_last200: 173.8685 epis: 0.0098 loss: 45.9371 
episode: 658 count: 367 score: 170.5263 average_last200: 173.5736 epis: 0.0098 loss: 38.8050 
episode: 659 count: 243 score: 259.1347 average_last200: 174.1611 epis: 0.0097 loss: 32.4257 
episode: 660 count: 294 score: 215.2581 average_last200: 174.4118 epis: 0.0096 loss: 35.5801 
episode: 661 count: 248 score: 192.9600 average_last200: 174.4348 epis: 0.0096 loss: 29.9326 
episode: 662 count: 341 score: 192.2286 average_last200: 175.6462 epis: 0.0095 loss: 30.4056 
episode: 663 count: 251 score: 224.4277 average_last200: 175.6811 epis: 0.0094 loss: 25.0761 
episode: 664 count: 351 score: 204.3951 average_last200: 175.7893 epis: 0.0094 loss: 36.0886 
episode: 665 count: 262 score: 4.9137 average_last200: 174.7013 epis: 0.0093 loss: 31.1323 
episode: 666 count: 479 score: 228.7148 average_last200: 175.0981 epis: 0.0092 loss: 56.1678 
episode: 667 count: 274 score: 234.6756 average_last200: 175.1535 epis: 0.0092 loss: 36.7484 
episode: 668 count: 456 score: 187.8477 average_last200: 175.0207 epis: 0.0091 loss: 60.8786 
episode: 669 count: 421 score: 175.5055 average_last200: 175.1759 epis: 0.0090 loss: 46.5330 
episode: 670 count: 561 score: 150.1765 average_last200: 175.1042 epis: 0.0090 loss: 61.3514 
episode: 671 count: 320 score: 202.5821 average_last200: 175.3001 epis: 0.0089 loss: 45.7945 
episode: 672 count: 318 score: 210.4955 average_last200: 175.3915 epis: 0.0088 loss: 37.1585 
episode: 673 count: 1000 score: 81.5922 average_last200: 174.8124 epis: 0.0088 loss: 115.6991 
episode: 674 count: 296 score: 203.2363 average_last200: 175.2021 epis: 0.0087 loss: 38.7932 
episode: 675 count: 340 score: 177.6330 average_last200: 175.1136 epis: 0.0087 loss: 32.7460 
episode: 676 count: 310 score: 200.0454 average_last200: 175.2086 epis: 0.0086 loss: 35.1898 
episode: 677 count: 340 score: 186.7379 average_last200: 175.0520 epis: 0.0085 loss: 36.7142 
episode: 678 count: 657 score: 115.4849 average_last200: 174.6830 epis: 0.0085 loss: 78.2936 
episode: 679 count: 307 score: 223.1381 average_last200: 174.8901 epis: 0.0084 loss: 46.2305 
episode: 680 count: 297 score: 248.5063 average_last200: 174.9268 epis: 0.0084 loss: 35.5104 
episode: 681 count: 1000 score: 35.5292 average_last200: 174.4285 epis: 0.0083 loss: 126.8057 
episode: 682 count: 282 score: 227.4151 average_last200: 174.6409 epis: 0.0082 loss: 26.1994 
episode: 683 count: 291 score: 218.4479 average_last200: 174.7879 epis: 0.0082 loss: 40.3498 
episode: 684 count: 251 score: 246.5410 average_last200: 175.2647 epis: 0.0081 loss: 28.1897 
episode: 685 count: 369 score: 248.5048 average_last200: 175.6120 epis: 0.0081 loss: 46.0238 
episode: 686 count: 518 score: 179.8274 average_last200: 176.5060 epis: 0.0080 loss: 58.6875 
episode: 687 count: 271 score: 228.4251 average_last200: 176.9915 epis: 0.0080 loss: 35.2944 
episode: 688 count: 347 score: 201.4233 average_last200: 177.0517 epis: 0.0079 loss: 44.8811 
episode: 689 count: 338 score: 193.0348 average_last200: 177.1899 epis: 0.0079 loss: 39.7914 
episode: 690 count: 699 score: 149.3083 average_last200: 176.9710 epis: 0.0078 loss: 83.6657 
episode: 691 count: 462 score: 207.0592 average_last200: 176.6735 epis: 0.0077 loss: 58.3981 
episode: 692 count: 350 score: 210.1255 average_last200: 177.1633 epis: 0.0077 loss: 41.8357 
episode: 693 count: 282 score: 228.3774 average_last200: 177.3777 epis: 0.0076 loss: 40.2853 
episode: 694 count: 504 score: 159.9242 average_last200: 177.0341 epis: 0.0076 loss: 63.3182 
episode: 695 count: 300 score: 202.7159 average_last200: 177.0937 epis: 0.0075 loss: 27.5380 
episode: 696 count: 365 score: 172.4645 average_last200: 177.0983 epis: 0.0075 loss: 38.6991 
episode: 697 count: 324 score: 223.6331 average_last200: 177.4435 epis: 0.0074 loss: 39.8505 
episode: 698 count: 230 score: -30.7617 average_last200: 176.7993 epis: 0.0074 loss: 28.2428 
episode: 699 count: 237 score: 257.6071 average_last200: 177.2845 epis: 0.0073 loss: 34.9501 
episode: 700 count: 336 score: 176.6104 average_last200: 177.4940 epis: 0.0073 loss: 47.4023 
episode: 701 count: 432 score: 205.6663 average_last200: 177.5283 epis: 0.0072 loss: 48.1670 
episode: 702 count: 404 score: 221.9912 average_last200: 177.7509 epis: 0.0072 loss: 47.3497 
episode: 703 count: 297 score: 205.4068 average_last200: 177.9466 epis: 0.0071 loss: 39.7836 
episode: 704 count: 297 score: 215.0092 average_last200: 178.2020 epis: 0.0071 loss: 32.8710 
episode: 705 count: 507 score: 166.7699 average_last200: 178.0857 epis: 0.0070 loss: 59.8704 
episode: 706 count: 1000 score: 49.7534 average_last200: 177.3092 epis: 0.0070 loss: 128.7591 
episode: 707 count: 155 score: -10.0371 average_last200: 176.3286 epis: 0.0069 loss: 16.3352 
episode: 708 count: 466 score: 134.2396 average_last200: 175.9510 epis: 0.0069 loss: 55.8612 
episode: 709 count: 337 score: 177.9242 average_last200: 176.6898 epis: 0.0068 loss: 37.8958 
episode: 710 count: 440 score: 176.2217 average_last200: 176.7209 epis: 0.0068 loss: 47.0284 
episode: 711 count: 240 score: -14.8741 average_last200: 175.6616 epis: 0.0067 loss: 26.4165 
episode: 712 count: 779 score: 174.6637 average_last200: 175.6761 epis: 0.0067 loss: 92.9581 
episode: 713 count: 444 score: 171.5290 average_last200: 175.6775 epis: 0.0066 loss: 63.9250 
episode: 714 count: 304 score: 247.7013 average_last200: 175.7873 epis: 0.0066 loss: 41.1475 
episode: 715 count: 310 score: 226.5641 average_last200: 177.0446 epis: 0.0065 loss: 39.6964 
episode: 716 count: 163 score: 1.6716 average_last200: 176.9218 epis: 0.0065 loss: 20.0667 
episode: 717 count: 369 score: 206.5798 average_last200: 177.1219 epis: 0.0065 loss: 56.1121 
episode: 718 count: 268 score: 236.7080 average_last200: 177.3380 epis: 0.0064 loss: 33.0077 
episode: 719 count: 438 score: 181.6531 average_last200: 177.4370 epis: 0.0064 loss: 63.5365 
episode: 720 count: 234 score: 245.7559 average_last200: 177.7369 epis: 0.0063 loss: 27.1759 
episode: 721 count: 676 score: 154.1172 average_last200: 177.6253 epis: 0.0063 loss: 94.2018 
episode: 722 count: 421 score: 173.9626 average_last200: 177.5475 epis: 0.0062 loss: 49.1388 
episode: 723 count: 455 score: 162.9797 average_last200: 177.2972 epis: 0.0062 loss: 61.9693 
episode: 724 count: 214 score: 243.1068 average_last200: 177.6050 epis: 0.0061 loss: 29.1295 
episode: 725 count: 334 score: 173.0654 average_last200: 177.5540 epis: 0.0061 loss: 39.1070 
episode: 726 count: 715 score: 116.6053 average_last200: 177.2376 epis: 0.0061 loss: 102.2534 
episode: 727 count: 498 score: 169.5966 average_last200: 177.1285 epis: 0.0060 loss: 55.8660 
episode: 728 count: 245 score: 227.4397 average_last200: 177.3862 epis: 0.0060 loss: 27.8974 
episode: 729 count: 357 score: 159.3167 average_last200: 177.2741 epis: 0.0059 loss: 54.5438 
episode: 730 count: 472 score: 238.3704 average_last200: 178.2219 epis: 0.0059 loss: 62.1908 
episode: 731 count: 303 score: 218.3910 average_last200: 178.4897 epis: 0.0058 loss: 36.6876 
episode: 732 count: 389 score: 198.9547 average_last200: 178.7115 epis: 0.0058 loss: 54.6429 
episode: 733 count: 442 score: 190.4976 average_last200: 178.7271 epis: 0.0058 loss: 65.4357 
episode: 734 count: 459 score: 214.5207 average_last200: 178.7888 epis: 0.0057 loss: 63.1559 
episode: 735 count: 342 score: 204.5928 average_last200: 178.8827 epis: 0.0057 loss: 49.1316 
episode: 736 count: 440 score: 184.2693 average_last200: 178.8786 epis: 0.0056 loss: 63.8780 
episode: 737 count: 373 score: 209.3325 average_last200: 179.1102 epis: 0.0056 loss: 44.6325 
episode: 738 count: 355 score: 202.1011 average_last200: 179.2923 epis: 0.0056 loss: 48.2226 
episode: 739 count: 328 score: 196.5058 average_last200: 180.2999 epis: 0.0055 loss: 46.2217 
episode: 740 count: 521 score: 176.3292 average_last200: 180.1756 epis: 0.0055 loss: 62.5663 
episode: 741 count: 337 score: 222.0278 average_last200: 180.2761 epis: 0.0054 loss: 50.7278 
episode: 742 count: 374 score: 210.1555 average_last200: 180.2320 epis: 0.0054 loss: 44.1313 
episode: 743 count: 183 score: -18.0974 average_last200: 179.3994 epis: 0.0054 loss: 23.8415 
episode: 744 count: 389 score: 169.4656 average_last200: 179.1218 epis: 0.0053 loss: 58.0639 
episode: 745 count: 339 score: 178.2010 average_last200: 180.0965 epis: 0.0053 loss: 49.8954 
episode: 746 count: 292 score: 235.5281 average_last200: 180.2640 epis: 0.0053 loss: 34.1195 
episode: 747 count: 212 score: 243.6690 average_last200: 180.4468 epis: 0.0052 loss: 29.0382 
episode: 748 count: 351 score: 199.5347 average_last200: 180.4620 epis: 0.0052 loss: 42.7330 
episode: 749 count: 333 score: 222.4236 average_last200: 180.5734 epis: 0.0052 loss: 43.6003 
episode: 750 count: 352 score: 227.7113 average_last200: 181.7178 epis: 0.0051 loss: 48.9355 
episode: 751 count: 271 score: 233.7490 average_last200: 181.8613 epis: 0.0051 loss: 26.3852 
episode: 752 count: 355 score: 184.2592 average_last200: 181.9564 epis: 0.0050 loss: 53.8251 
episode: 753 count: 407 score: 190.7821 average_last200: 182.8780 epis: 0.0050 loss: 57.7511 
episode: 754 count: 465 score: 137.7051 average_last200: 182.6842 epis: 0.0050 loss: 53.8262 
episode: 755 count: 459 score: 138.6268 average_last200: 182.3333 epis: 0.0049 loss: 59.9395 
episode: 756 count: 317 score: 217.8604 average_last200: 182.5739 epis: 0.0049 loss: 41.4916 
episode: 757 count: 385 score: 172.9304 average_last200: 182.4264 epis: 0.0049 loss: 56.5675 
episode: 758 count: 543 score: 215.1953 average_last200: 182.3944 epis: 0.0048 loss: 70.9726 
episode: 759 count: 218 score: 1.1286 average_last200: 181.1454 epis: 0.0048 loss: 26.0574 
episode: 760 count: 305 score: 172.2063 average_last200: 180.9495 epis: 0.0048 loss: 39.2161 
episode: 761 count: 506 score: 165.2455 average_last200: 180.9955 epis: 0.0047 loss: 69.4411 
episode: 762 count: 347 score: 212.6570 average_last200: 181.0767 epis: 0.0047 loss: 51.5383 
episode: 763 count: 575 score: 228.6196 average_last200: 181.1597 epis: 0.0047 loss: 75.6273 
episode: 764 count: 1000 score: 107.9625 average_last200: 180.7585 epis: 0.0046 loss: 129.2351 
episode: 765 count: 462 score: 177.1908 average_last200: 180.6347 epis: 0.0046 loss: 65.2687 
episode: 766 count: 306 score: 184.2936 average_last200: 180.4209 epis: 0.0046 loss: 32.2483 
episode: 767 count: 381 score: 207.3014 average_last200: 180.4981 epis: 0.0045 loss: 56.8004 
episode: 768 count: 309 score: 209.0787 average_last200: 180.6064 epis: 0.0045 loss: 46.7947 
episode: 769 count: 287 score: 190.8446 average_last200: 180.4753 epis: 0.0045 loss: 37.8345 
episode: 770 count: 357 score: 168.1709 average_last200: 180.3870 epis: 0.0044 loss: 44.0342 
episode: 771 count: 390 score: 166.2197 average_last200: 181.3692 epis: 0.0044 loss: 50.3173 
episode: 772 count: 470 score: 194.7268 average_last200: 181.3766 epis: 0.0044 loss: 61.7989 
episode: 773 count: 300 score: 231.8572 average_last200: 182.4595 epis: 0.0044 loss: 38.4917 
episode: 774 count: 322 score: 194.2477 average_last200: 182.2712 epis: 0.0043 loss: 46.3876 
episode: 775 count: 403 score: 173.1441 average_last200: 182.1192 epis: 0.0043 loss: 62.0870 
episode: 776 count: 304 score: 217.0352 average_last200: 182.1925 epis: 0.0043 loss: 37.5007 
episode: 777 count: 480 score: 181.2873 average_last200: 181.9533 epis: 0.0042 loss: 55.5142 
episode: 778 count: 249 score: 243.4054 average_last200: 183.2144 epis: 0.0042 loss: 33.7627 
episode: 779 count: 440 score: 188.9274 average_last200: 184.3031 epis: 0.0042 loss: 48.4819 
episode: 780 count: 370 score: 207.4421 average_last200: 184.3966 epis: 0.0041 loss: 52.3262 
episode: 781 count: 428 score: 231.2846 average_last200: 184.5969 epis: 0.0041 loss: 50.2403 
episode: 782 count: 355 score: 237.0338 average_last200: 184.6176 epis: 0.0041 loss: 46.0616 
episode: 783 count: 472 score: 179.2651 average_last200: 184.3152 epis: 0.0041 loss: 60.4292 
episode: 784 count: 413 score: 186.7929 average_last200: 184.1679 epis: 0.0040 loss: 59.5764 
episode: 785 count: 302 score: 217.2719 average_last200: 184.2136 epis: 0.0040 loss: 40.9936 
episode: 786 count: 354 score: 180.4362 average_last200: 184.1520 epis: 0.0040 loss: 51.5443 
episode: 787 count: 566 score: 177.9181 average_last200: 185.2455 epis: 0.0039 loss: 63.8028 
episode: 788 count: 201 score: 244.4338 average_last200: 185.6473 epis: 0.0039 loss: 29.9677 
episode: 789 count: 439 score: 189.0933 average_last200: 185.5473 epis: 0.0039 loss: 60.5562 
episode: 790 count: 184 score: 15.5634 average_last200: 184.6363 epis: 0.0039 loss: 19.2336 
episode: 791 count: 272 score: 149.7439 average_last200: 184.5370 epis: 0.0038 loss: 29.5415 
episode: 792 count: 319 score: 269.3539 average_last200: 184.9623 epis: 0.0038 loss: 44.2734 
episode: 793 count: 398 score: 186.0146 average_last200: 184.8994 epis: 0.0038 loss: 52.1171 
episode: 794 count: 389 score: 226.6745 average_last200: 184.9801 epis: 0.0038 loss: 42.8927 
episode: 795 count: 290 score: 225.7579 average_last200: 185.2311 epis: 0.0037 loss: 30.8820 
episode: 796 count: 308 score: 247.8555 average_last200: 185.7143 epis: 0.0037 loss: 45.2055 
episode: 797 count: 324 score: 191.4757 average_last200: 185.4328 epis: 0.0037 loss: 45.0479 
episode: 798 count: 311 score: 211.8968 average_last200: 185.4760 epis: 0.0037 loss: 33.9806 
episode: 799 count: 378 score: 171.9192 average_last200: 185.2355 epis: 0.0036 loss: 52.8847 
episode: 800 count: 401 score: 185.1407 average_last200: 185.1372 epis: 0.0036 loss: 56.2009 
episode: 801 count: 324 score: 200.4136 average_last200: 185.2781 epis: 0.0036 loss: 45.5728 
episode: 802 count: 113 score: 5.4167 average_last200: 184.1555 epis: 0.0036 loss: 18.4534 
episode: 803 count: 323 score: 227.8481 average_last200: 184.2854 epis: 0.0035 loss: 48.2381 
episode: 804 count: 311 score: 196.7455 average_last200: 184.1076 epis: 0.0035 loss: 38.0230 
episode: 805 count: 746 score: 161.8986 average_last200: 183.8768 epis: 0.0035 loss: 84.9464 
episode: 806 count: 362 score: 168.0053 average_last200: 183.5183 epis: 0.0035 loss: 54.4222 
episode: 807 count: 316 score: 202.1139 average_last200: 183.5745 epis: 0.0034 loss: 40.7412 
episode: 808 count: 367 score: 209.6973 average_last200: 183.5952 epis: 0.0034 loss: 44.9476 
episode: 809 count: 354 score: 220.2248 average_last200: 183.4021 epis: 0.0034 loss: 47.3935 
episode: 810 count: 397 score: 206.9407 average_last200: 183.3313 epis: 0.0034 loss: 55.6882 
episode: 811 count: 342 score: 206.4141 average_last200: 183.3295 epis: 0.0033 loss: 45.4719 
episode: 812 count: 276 score: 230.2258 average_last200: 184.7429 epis: 0.0033 loss: 38.2955 
episode: 813 count: 601 score: 201.8030 average_last200: 184.5966 epis: 0.0033 loss: 81.9199 
episode: 814 count: 382 score: 181.2067 average_last200: 184.4665 epis: 0.0033 loss: 53.1799 
episode: 815 count: 397 score: 206.5306 average_last200: 184.2919 epis: 0.0032 loss: 61.9033 
episode: 816 count: 301 score: 199.1129 average_last200: 184.3894 epis: 0.0032 loss: 42.7092 
episode: 817 count: 465 score: 196.4247 average_last200: 184.5009 epis: 0.0032 loss: 54.9158 
episode: 818 count: 354 score: 198.6090 average_last200: 184.4923 epis: 0.0032 loss: 48.9234 
episode: 819 count: 503 score: 160.9892 average_last200: 184.4435 epis: 0.0032 loss: 81.6281 
episode: 820 count: 379 score: 189.5112 average_last200: 184.4944 epis: 0.0031 loss: 58.0848 
episode: 821 count: 377 score: 197.1990 average_last200: 184.5569 epis: 0.0031 loss: 49.6333 
episode: 822 count: 381 score: 220.6942 average_last200: 184.6539 epis: 0.0031 loss: 55.9379 
episode: 823 count: 351 score: 208.3245 average_last200: 184.6769 epis: 0.0031 loss: 54.2753 
episode: 824 count: 325 score: 205.2508 average_last200: 184.6793 epis: 0.0030 loss: 46.4704 
episode: 825 count: 316 score: 222.8687 average_last200: 185.0096 epis: 0.0030 loss: 46.0450 
episode: 826 count: 344 score: 209.4815 average_last200: 185.0880 epis: 0.0030 loss: 49.1526 
episode: 827 count: 371 score: 165.7806 average_last200: 185.0424 epis: 0.0030 loss: 49.5588 
episode: 828 count: 263 score: 213.3364 average_last200: 185.0477 epis: 0.0030 loss: 34.7055 
episode: 829 count: 473 score: 173.0164 average_last200: 184.7062 epis: 0.0029 loss: 57.8037 
episode: 830 count: 328 score: -34.5574 average_last200: 183.5311 epis: 0.0029 loss: 42.1797 
episode: 831 count: 398 score: 226.7398 average_last200: 183.5759 epis: 0.0029 loss: 58.0171 
episode: 832 count: 346 score: 204.4503 average_last200: 183.6499 epis: 0.0029 loss: 40.7550 
episode: 833 count: 389 score: 198.3542 average_last200: 183.6032 epis: 0.0029 loss: 56.3041 
episode: 834 count: 414 score: 192.2271 average_last200: 183.5642 epis: 0.0028 loss: 48.3777 
episode: 835 count: 428 score: 234.5678 average_last200: 183.6791 epis: 0.0028 loss: 51.7293 
episode: 836 count: 187 score: -9.2676 average_last200: 182.8135 epis: 0.0028 loss: 17.5908 
episode: 837 count: 344 score: 194.1475 average_last200: 182.9090 epis: 0.0028 loss: 49.7069 
episode: 838 count: 324 score: 181.7136 average_last200: 182.8571 epis: 0.0028 loss: 40.3362 
episode: 839 count: 273 score: 228.7303 average_last200: 183.2282 epis: 0.0027 loss: 39.7280 
episode: 840 count: 717 score: 179.6209 average_last200: 183.5008 epis: 0.0027 loss: 108.5899 
episode: 841 count: 378 score: 215.2511 average_last200: 183.6953 epis: 0.0027 loss: 54.4887 
episode: 842 count: 279 score: 221.7953 average_last200: 183.9234 epis: 0.0027 loss: 47.0647 
episode: 843 count: 290 score: 216.3042 average_last200: 183.8687 epis: 0.0027 loss: 41.6353 
episode: 844 count: 392 score: 211.3005 average_last200: 184.0867 epis: 0.0026 loss: 48.6943 
episode: 845 count: 1000 score: 82.9482 average_last200: 183.2608 epis: 0.0026 loss: 128.7871 
episode: 846 count: 364 score: 195.5655 average_last200: 184.4171 epis: 0.0026 loss: 54.5324 
episode: 847 count: 328 score: 221.5323 average_last200: 185.5490 epis: 0.0026 loss: 46.7483 
episode: 848 count: 317 score: 168.5649 average_last200: 185.4744 epis: 0.0026 loss: 36.4706 
episode: 849 count: 932 score: 213.0546 average_last200: 185.6393 epis: 0.0026 loss: 124.3893 
episode: 850 count: 329 score: 200.0882 average_last200: 185.5825 epis: 0.0025 loss: 39.1626 
episode: 851 count: 416 score: 201.7343 average_last200: 185.7233 epis: 0.0025 loss: 57.8300 
episode: 852 count: 566 score: 194.6839 average_last200: 185.8485 epis: 0.0025 loss: 79.0382 
episode: 853 count: 271 score: 218.4224 average_last200: 185.9240 epis: 0.0025 loss: 47.2439 
episode: 854 count: 354 score: 213.9586 average_last200: 186.0320 epis: 0.0025 loss: 49.8574 
episode: 855 count: 349 score: 211.6967 average_last200: 186.0120 epis: 0.0024 loss: 56.8249 
episode: 856 count: 399 score: 173.4538 average_last200: 185.8149 epis: 0.0024 loss: 48.8519 
episode: 857 count: 403 score: 180.5994 average_last200: 185.5740 epis: 0.0024 loss: 49.7823 
episode: 858 count: 352 score: 207.1115 average_last200: 185.7569 epis: 0.0024 loss: 47.5487 
episode: 859 count: 363 score: 209.7067 average_last200: 185.5097 epis: 0.0024 loss: 48.2350 
episode: 860 count: 329 score: 257.4444 average_last200: 185.7207 epis: 0.0024 loss: 50.6148 
episode: 861 count: 337 score: 203.6623 average_last200: 185.7742 epis: 0.0023 loss: 42.0331 
episode: 862 count: 315 score: 195.3034 average_last200: 185.7896 epis: 0.0023 loss: 36.8959 
episode: 863 count: 342 score: 213.9717 average_last200: 185.7373 epis: 0.0023 loss: 51.6703 
episode: 864 count: 90 score: -71.5353 average_last200: 184.3576 epis: 0.0023 loss: 7.7848 
episode: 865 count: 113 score: -14.3684 average_last200: 184.2612 epis: 0.0023 loss: 15.8274 
episode: 866 count: 361 score: 220.1561 average_last200: 184.2184 epis: 0.0023 loss: 48.8643 
episode: 867 count: 327 score: 173.2543 average_last200: 183.9113 epis: 0.0022 loss: 43.0312 
episode: 868 count: 401 score: 208.1797 average_last200: 184.0130 epis: 0.0022 loss: 59.9428 
episode: 869 count: 355 score: 175.5781 average_last200: 184.0133 epis: 0.0022 loss: 40.7869 
episode: 870 count: 336 score: 217.3575 average_last200: 184.3492 epis: 0.0022 loss: 44.3963 
episode: 871 count: 298 score: 217.5101 average_last200: 184.4239 epis: 0.0022 loss: 44.5570 
episode: 872 count: 297 score: 189.3013 average_last200: 184.3179 epis: 0.0022 loss: 36.6725 
episode: 873 count: 132 score: 16.2835 average_last200: 183.9914 epis: 0.0022 loss: 19.5419 
episode: 874 count: 211 score: -10.3378 average_last200: 182.9235 epis: 0.0021 loss: 30.0754 
episode: 875 count: 347 score: 196.9049 average_last200: 183.0199 epis: 0.0021 loss: 48.9659 
episode: 876 count: 432 score: 225.8284 average_last200: 183.1488 epis: 0.0021 loss: 52.3871 
episode: 877 count: 128 score: -40.5994 average_last200: 182.0121 epis: 0.0021 loss: 17.9283 
episode: 878 count: 322 score: 178.4223 average_last200: 182.3268 epis: 0.0021 loss: 43.2835 
episode: 879 count: 358 score: 183.7325 average_last200: 182.1297 epis: 0.0021 loss: 45.4996 
episode: 880 count: 338 score: 207.7518 average_last200: 181.9260 epis: 0.0021 loss: 44.8909 
episode: 881 count: 409 score: 214.3822 average_last200: 182.8202 epis: 0.0020 loss: 57.7401 
episode: 882 count: 363 score: 199.0734 average_last200: 182.6785 epis: 0.0020 loss: 49.2193 
episode: 883 count: 289 score: 202.7510 average_last200: 182.6000 epis: 0.0020 loss: 36.1787 
episode: 884 count: 300 score: 228.1573 average_last200: 182.5081 epis: 0.0020 loss: 51.1515 
episode: 885 count: 344 score: 218.3401 average_last200: 182.3573 epis: 0.0020 loss: 42.9946 
episode: 886 count: 908 score: 129.6963 average_last200: 182.1066 epis: 0.0020 loss: 114.7876 
episode: 887 count: 334 score: 220.4609 average_last200: 182.0668 epis: 0.0020 loss: 45.5541 
episode: 888 count: 337 score: 209.9686 average_last200: 182.1096 epis: 0.0019 loss: 43.0927 
episode: 889 count: 311 score: 191.9205 average_last200: 182.1040 epis: 0.0019 loss: 45.1994 
episode: 890 count: 258 score: 220.7919 average_last200: 182.4614 epis: 0.0019 loss: 33.6031 
episode: 891 count: 387 score: 245.4544 average_last200: 182.6534 epis: 0.0019 loss: 56.8847 
episode: 892 count: 315 score: 221.8556 average_last200: 182.7120 epis: 0.0019 loss: 41.2290 
episode: 893 count: 230 score: 256.4880 average_last200: 182.8526 epis: 0.0019 loss: 24.8446 
episode: 894 count: 311 score: 208.7056 average_last200: 183.0965 epis: 0.0019 loss: 40.6710 
episode: 895 count: 329 score: 213.0023 average_last200: 183.1479 epis: 0.0018 loss: 36.6672 
episode: 896 count: 324 score: 185.8170 average_last200: 183.2147 epis: 0.0018 loss: 45.7386 
episode: 897 count: 431 score: 195.7184 average_last200: 183.0751 epis: 0.0018 loss: 72.1024 
episode: 898 count: 361 score: 214.6406 average_last200: 184.3021 epis: 0.0018 loss: 50.6226 
episode: 899 count: 158 score: 8.4886 average_last200: 183.0565 epis: 0.0018 loss: 25.3804 
episode: 900 count: 130 score: -88.1281 average_last200: 181.7328 epis: 0.0018 loss: 16.8947 
episode: 901 count: 353 score: 202.0734 average_last200: 181.7149 epis: 0.0018 loss: 45.8734 
episode: 902 count: 476 score: 187.0369 average_last200: 181.5401 epis: 0.0018 loss: 66.3822 
episode: 903 count: 377 score: 186.1065 average_last200: 181.4436 epis: 0.0017 loss: 54.5357 
episode: 904 count: 414 score: 220.9131 average_last200: 181.4731 epis: 0.0017 loss: 59.6263 
episode: 905 count: 424 score: 172.9810 average_last200: 181.5042 epis: 0.0017 loss: 49.6940 
episode: 906 count: 324 score: 209.9479 average_last200: 182.3051 epis: 0.0017 loss: 41.2568 
episode: 907 count: 339 score: 198.2047 average_last200: 183.3464 epis: 0.0017 loss: 45.6045 
episode: 908 count: 264 score: 189.4507 average_last200: 183.6224 epis: 0.0017 loss: 36.7153 
episode: 909 count: 334 score: 218.8704 average_last200: 183.8271 epis: 0.0017 loss: 55.0084 
episode: 910 count: 309 score: 231.4201 average_last200: 184.1031 epis: 0.0017 loss: 46.0902 
episode: 911 count: 285 score: 182.1428 average_last200: 185.0882 epis: 0.0017 loss: 45.2083 
episode: 912 count: 365 score: 181.8418 average_last200: 185.1241 epis: 0.0016 loss: 42.7687 
episode: 913 count: 360 score: 178.3195 average_last200: 185.1581 epis: 0.0016 loss: 52.1988 
episode: 914 count: 460 score: 207.0268 average_last200: 184.9547 epis: 0.0016 loss: 60.7498 
episode: 915 count: 427 score: -134.4508 average_last200: 183.1496 epis: 0.0016 loss: 52.9618 
episode: 916 count: 332 score: 224.0917 average_last200: 184.2617 epis: 0.0016 loss: 43.9762 
episode: 917 count: 356 score: 202.2499 average_last200: 184.2401 epis: 0.0016 loss: 48.0466 
episode: 918 count: 398 score: 216.7258 average_last200: 184.1402 epis: 0.0016 loss: 50.9291 
episode: 919 count: 310 score: 171.9195 average_last200: 184.0915 epis: 0.0016 loss: 52.8608 
episode: 920 count: 348 score: 219.8860 average_last200: 183.9621 epis: 0.0015 loss: 54.6733 
episode: 921 count: 902 score: 149.7023 average_last200: 183.9401 epis: 0.0015 loss: 130.6279 
episode: 922 count: 317 score: 178.8911 average_last200: 183.9647 epis: 0.0015 loss: 45.4206 
episode: 923 count: 344 score: 211.9634 average_last200: 184.2096 epis: 0.0015 loss: 41.8758 
episode: 924 count: 307 score: 202.1888 average_last200: 184.0050 epis: 0.0015 loss: 39.7592 
episode: 925 count: 414 score: 166.6202 average_last200: 183.9728 epis: 0.0015 loss: 52.4957 
episode: 926 count: 399 score: 202.6729 average_last200: 184.4031 epis: 0.0015 loss: 52.0359 
episode: 927 count: 335 score: 212.3676 average_last200: 184.6170 epis: 0.0015 loss: 59.7972 
episode: 928 count: 402 score: 187.0807 average_last200: 184.4152 epis: 0.0015 loss: 59.2067 
episode: 929 count: 387 score: 186.0886 average_last200: 184.5491 epis: 0.0015 loss: 49.3791 
episode: 930 count: 492 score: 203.7505 average_last200: 184.3760 epis: 0.0014 loss: 58.3205 
episode: 931 count: 365 score: 191.1842 average_last200: 184.2399 epis: 0.0014 loss: 58.2849 
episode: 932 count: 342 score: 163.5700 average_last200: 184.0630 epis: 0.0014 loss: 49.5339 
episode: 933 count: 369 score: 237.4919 average_last200: 184.2980 epis: 0.0014 loss: 52.6620 
episode: 934 count: 148 score: 2.1135 average_last200: 183.2359 epis: 0.0014 loss: 24.2986 
episode: 935 count: 398 score: 192.2139 average_last200: 183.1741 epis: 0.0014 loss: 61.3510 
episode: 936 count: 382 score: 236.4796 average_last200: 183.4351 epis: 0.0014 loss: 55.6857 
episode: 937 count: 332 score: 212.7326 average_last200: 183.4521 epis: 0.0014 loss: 48.4894 
episode: 938 count: 399 score: 234.8243 average_last200: 183.6157 epis: 0.0014 loss: 59.7432 
episode: 939 count: 293 score: 225.3511 average_last200: 183.7599 epis: 0.0014 loss: 44.5289 
episode: 940 count: 389 score: 168.3625 average_last200: 183.7201 epis: 0.0013 loss: 58.1285 
episode: 941 count: 354 score: 167.8428 average_last200: 183.4492 epis: 0.0013 loss: 46.7806 
episode: 942 count: 290 score: 241.7699 average_last200: 183.6073 epis: 0.0013 loss: 46.0338 
episode: 943 count: 430 score: 194.5337 average_last200: 184.6704 epis: 0.0013 loss: 61.6351 
episode: 944 count: 420 score: 218.7071 average_last200: 184.9166 epis: 0.0013 loss: 54.8011 
episode: 945 count: 267 score: 237.7785 average_last200: 185.2145 epis: 0.0013 loss: 37.4701 
episode: 946 count: 355 score: 186.6477 average_last200: 184.9701 epis: 0.0013 loss: 50.3530 
episode: 947 count: 408 score: 205.8275 average_last200: 184.7809 epis: 0.0013 loss: 47.9595 
episode: 948 count: 426 score: 203.8044 average_last200: 184.8022 epis: 0.0013 loss: 57.7564 
episode: 949 count: 468 score: 166.8627 average_last200: 184.5244 epis: 0.0013 loss: 66.5356 
episode: 950 count: 393 score: 234.5620 average_last200: 184.5587 epis: 0.0013 loss: 63.7456 
episode: 951 count: 482 score: 201.9976 average_last200: 184.3999 epis: 0.0012 loss: 70.6842 
episode: 952 count: 349 score: 175.9572 average_last200: 184.3584 epis: 0.0012 loss: 43.5757 
episode: 953 count: 364 score: 179.3051 average_last200: 184.3010 epis: 0.0012 loss: 60.0240 
episode: 954 count: 326 score: 234.8169 average_last200: 184.7866 epis: 0.0012 loss: 40.2432 
episode: 955 count: 372 score: 195.3934 average_last200: 185.0704 epis: 0.0012 loss: 66.1083 
episode: 956 count: 432 score: 206.3324 average_last200: 185.0128 epis: 0.0012 loss: 66.5617 
episode: 957 count: 421 score: 186.2855 average_last200: 185.0796 epis: 0.0012 loss: 66.4721 
episode: 958 count: 393 score: 171.6134 average_last200: 184.8617 epis: 0.0012 loss: 55.1126 
episode: 959 count: 474 score: 218.9481 average_last200: 185.9508 epis: 0.0012 loss: 63.6140 
episode: 960 count: 375 score: 185.8001 average_last200: 186.0187 epis: 0.0012 loss: 50.2221 
episode: 961 count: 315 score: 186.2476 average_last200: 186.1237 epis: 0.0012 loss: 38.9786 
episode: 962 count: 278 score: 238.1604 average_last200: 186.2513 epis: 0.0012 loss: 31.9759 
episode: 963 count: 446 score: 199.9739 average_last200: 186.1080 epis: 0.0011 loss: 64.3088 
episode: 964 count: 354 score: 206.9893 average_last200: 186.6032 epis: 0.0011 loss: 52.0392 
episode: 965 count: 497 score: 198.9177 average_last200: 186.7118 epis: 0.0011 loss: 72.3942 
episode: 966 count: 358 score: 233.1428 average_last200: 186.9560 epis: 0.0011 loss: 49.7362 
episode: 967 count: 311 score: 210.0685 average_last200: 186.9699 epis: 0.0011 loss: 47.6436 
episode: 968 count: 314 score: 213.7150 average_last200: 186.9931 epis: 0.0011 loss: 39.6943 
episode: 969 count: 359 score: 210.2458 average_last200: 187.0901 epis: 0.0011 loss: 41.9927 
episode: 970 count: 360 score: 187.1891 average_last200: 187.1852 epis: 0.0011 loss: 47.0109 
episode: 971 count: 470 score: 184.4540 average_last200: 187.2763 epis: 0.0011 loss: 65.2786 
episode: 972 count: 367 score: 209.4468 average_last200: 187.3499 epis: 0.0011 loss: 46.4357 
episode: 973 count: 382 score: 197.9034 average_last200: 187.1802 epis: 0.0011 loss: 50.5069 
episode: 974 count: 590 score: 167.0844 average_last200: 187.0443 epis: 0.0011 loss: 80.4752 
episode: 975 count: 416 score: 205.2865 average_last200: 187.2051 epis: 0.0011 loss: 52.7879 
episode: 976 count: 485 score: 161.9452 average_last200: 186.9296 epis: 0.0010 loss: 60.3998 
episode: 977 count: 132 score: 7.6417 average_last200: 186.0614 epis: 0.0010 loss: 16.7164 
episode: 978 count: 321 score: 197.9318 average_last200: 185.8340 epis: 0.0010 loss: 44.5369 
episode: 979 count: 331 score: 217.1268 average_last200: 185.9750 epis: 0.0010 loss: 47.3651 
episode: 980 count: 401 score: 200.1870 average_last200: 185.9387 epis: 0.0010 loss: 53.3156 
episode: 981 count: 326 score: 191.8411 average_last200: 185.7415 epis: 0.0010 loss: 41.3560 
episode: 982 count: 508 score: 194.4699 average_last200: 185.5287 epis: 0.0010 loss: 61.7860 
episode: 983 count: 349 score: 201.1541 average_last200: 185.6381 epis: 0.0010 loss: 41.4394 
episode: 984 count: 339 score: 208.4357 average_last200: 185.7463 epis: 0.0010 loss: 43.9365 
episode: 985 count: 457 score: 185.6720 average_last200: 185.5884 epis: 0.0010 loss: 58.7911 
episode: 986 count: 324 score: 236.9432 average_last200: 185.8709 epis: 0.0010 loss: 45.6638 
episode: 987 count: 300 score: 174.6659 average_last200: 185.8546 epis: 0.0010 loss: 40.3036 
episode: 988 count: 456 score: 190.3244 average_last200: 185.5841 epis: 0.0010 loss: 58.7067 
episode: 989 count: 369 score: 238.0760 average_last200: 185.8290 epis: 0.0010 loss: 47.6281 
episode: 990 count: 319 score: 219.4343 average_last200: 186.8483 epis: 0.0009 loss: 37.0271 
episode: 991 count: 431 score: 217.2928 average_last200: 187.1861 epis: 0.0009 loss: 54.6893 
episode: 992 count: 439 score: 188.3120 average_last200: 186.7809 epis: 0.0009 loss: 52.6507 
episode: 993 count: 432 score: 188.3837 average_last200: 186.7927 epis: 0.0009 loss: 61.9451 
episode: 994 count: 314 score: 183.0423 average_last200: 186.5746 epis: 0.0009 loss: 41.8683 
episode: 995 count: 341 score: 195.3940 average_last200: 186.4227 epis: 0.0009 loss: 43.5267 
episode: 996 count: 382 score: 217.3978 average_last200: 186.2705 epis: 0.0009 loss: 53.9365 
episode: 997 count: 415 score: 201.7443 average_last200: 186.3218 epis: 0.0009 loss: 47.5437 
episode: 998 count: 321 score: 222.2044 average_last200: 186.3733 epis: 0.0009 loss: 49.5020 
episode: 999 count: 346 score: 194.4758 average_last200: 186.4861 epis: 0.0009 loss: 53.3408 
