[33mWARN: gym.spaces.Box autodetected dtype as <class 'numpy.float32'>. Please provide explicit dtype.[0m
All para: Epis 1000 memlen 100000 gamma 0.990 epsilon 0.980 alpha 0.00030 batch 30 upfreq 500
episode: 0 count: 103 score: -201.7553 average_last200: -201.7553 epis: 0.9800 loss: 0.0000 
episode: 1 count: 87 score: -167.0691 average_last200: -184.4122 epis: 0.9604 loss: 0.0000 
episode: 2 count: 64 score: -115.5286 average_last200: -161.4510 epis: 0.9412 loss: 0.0000 
episode: 3 count: 114 score: -415.9997 average_last200: -225.0882 epis: 0.9224 loss: 0.0000 
episode: 4 count: 91 score: -324.0343 average_last200: -244.8774 epis: 0.9039 loss: 0.0000 
episode: 5 count: 62 score: -167.2240 average_last200: -231.9352 epis: 0.8858 loss: 0.0000 
episode: 6 count: 71 score: -411.2547 average_last200: -257.5522 epis: 0.8681 loss: 0.0000 
episode: 7 count: 83 score: -194.9794 average_last200: -249.7306 epis: 0.8508 loss: 0.0000 
episode: 8 count: 103 score: -161.4276 average_last200: -239.9192 epis: 0.8337 loss: 0.0000 
episode: 9 count: 81 score: -107.0291 average_last200: -226.6302 epis: 0.8171 loss: 0.0000 
episode: 10 count: 57 score: -146.2411 average_last200: -219.3221 epis: 0.8007 loss: 0.0000 
episode: 11 count: 66 score: -409.0481 average_last200: -235.1326 epis: 0.7847 loss: 0.0000 
episode: 12 count: 153 score: -270.2102 average_last200: -237.8309 epis: 0.7690 loss: 88.7174 
episode: 13 count: 146 score: -295.1980 average_last200: -241.9285 epis: 0.7536 loss: 77.9555 
episode: 14 count: 108 score: -155.6278 average_last200: -236.1751 epis: 0.7386 loss: 56.6840 
episode: 15 count: 135 score: -297.0881 average_last200: -239.9822 epis: 0.7238 loss: 63.5153 
episode: 16 count: 117 score: -326.5230 average_last200: -245.0728 epis: 0.7093 loss: 55.0158 
episode: 17 count: 139 score: -360.5566 average_last200: -251.4886 epis: 0.6951 loss: 58.8568 
episode: 18 count: 205 score: -297.5813 average_last200: -253.9145 epis: 0.6812 loss: 79.7285 
episode: 19 count: 129 score: -143.7138 average_last200: -248.4045 epis: 0.6676 loss: 48.6573 
episode: 20 count: 136 score: -364.2992 average_last200: -253.9233 epis: 0.6543 loss: 47.8606 
episode: 21 count: 127 score: -252.8013 average_last200: -253.8723 epis: 0.6412 loss: 53.8015 
episode: 22 count: 137 score: -158.2165 average_last200: -249.7133 epis: 0.6283 loss: 59.1455 
episode: 23 count: 119 score: -247.3328 average_last200: -249.6141 epis: 0.6158 loss: 42.3631 
episode: 24 count: 175 score: -159.8299 average_last200: -246.0228 epis: 0.6035 loss: 63.4007 
episode: 25 count: 90 score: -128.9217 average_last200: -241.5189 epis: 0.5914 loss: 26.0223 
episode: 26 count: 134 score: -182.6527 average_last200: -239.3387 epis: 0.5796 loss: 46.7649 
episode: 27 count: 123 score: -176.9549 average_last200: -237.1107 epis: 0.5680 loss: 38.4789 
episode: 28 count: 122 score: -109.2360 average_last200: -232.7012 epis: 0.5566 loss: 40.6570 
episode: 29 count: 222 score: -110.7754 average_last200: -228.6370 epis: 0.5455 loss: 78.4684 
episode: 30 count: 156 score: -107.1320 average_last200: -224.7175 epis: 0.5346 loss: 57.5684 
episode: 31 count: 228 score: -57.6439 average_last200: -219.4964 epis: 0.5239 loss: 81.1423 
episode: 32 count: 199 score: -81.5031 average_last200: -215.3148 epis: 0.5134 loss: 62.9523 
episode: 33 count: 93 score: -77.5804 average_last200: -211.2638 epis: 0.5031 loss: 27.7702 
episode: 34 count: 112 score: -115.8966 average_last200: -208.5390 epis: 0.4931 loss: 30.9660 
episode: 35 count: 160 score: -75.5614 average_last200: -204.8452 epis: 0.4832 loss: 51.7900 
episode: 36 count: 1000 score: 42.0327 average_last200: -198.1728 epis: 0.4735 loss: 304.8116 
episode: 37 count: 204 score: -174.9460 average_last200: -197.5616 epis: 0.4641 loss: 59.7472 
episode: 38 count: 93 score: -108.4835 average_last200: -195.2775 epis: 0.4548 loss: 34.1592 
episode: 39 count: 137 score: -61.1537 average_last200: -191.9245 epis: 0.4457 loss: 44.4643 
episode: 40 count: 140 score: -35.4752 average_last200: -188.1086 epis: 0.4368 loss: 40.7809 
episode: 41 count: 290 score: -103.7417 average_last200: -186.0999 epis: 0.4281 loss: 100.4639 
episode: 42 count: 603 score: -102.8709 average_last200: -184.1643 epis: 0.4195 loss: 188.8226 
episode: 43 count: 285 score: 3.6473 average_last200: -179.8959 epis: 0.4111 loss: 97.2834 
episode: 44 count: 437 score: -103.1335 average_last200: -178.1900 epis: 0.4029 loss: 131.2724 
episode: 45 count: 1000 score: -150.6634 average_last200: -177.5916 epis: 0.3948 loss: 306.3304 
episode: 46 count: 1000 score: -76.7189 average_last200: -175.4454 epis: 0.3869 loss: 295.9403 
episode: 47 count: 1000 score: -154.4505 average_last200: -175.0080 epis: 0.3792 loss: 272.2031 
episode: 48 count: 1000 score: -107.9471 average_last200: -173.6394 epis: 0.3716 loss: 264.9399 
episode: 49 count: 1000 score: -45.9318 average_last200: -171.0853 epis: 0.3642 loss: 251.9964 
episode: 50 count: 1000 score: 9.4826 average_last200: -167.5447 epis: 0.3569 loss: 259.4726 
episode: 51 count: 164 score: -49.0547 average_last200: -165.2661 epis: 0.3497 loss: 42.7101 
episode: 52 count: 337 score: -99.7433 average_last200: -164.0298 epis: 0.3428 loss: 95.0680 
episode: 53 count: 1000 score: -124.3042 average_last200: -163.2941 epis: 0.3359 loss: 264.8913 
episode: 54 count: 697 score: -180.3188 average_last200: -163.6037 epis: 0.3292 loss: 174.7129 
episode: 55 count: 1000 score: -125.7535 average_last200: -162.9278 epis: 0.3226 loss: 248.2663 
episode: 56 count: 1000 score: -2.0846 average_last200: -160.1060 epis: 0.3161 loss: 246.0348 
episode: 57 count: 424 score: -97.4561 average_last200: -159.0258 epis: 0.3098 loss: 99.6776 
episode: 58 count: 293 score: -97.0737 average_last200: -157.9758 epis: 0.3036 loss: 71.1725 
episode: 59 count: 1000 score: -180.9349 average_last200: -158.3584 epis: 0.2976 loss: 232.6258 
episode: 60 count: 603 score: -126.1016 average_last200: -157.8296 epis: 0.2916 loss: 151.2443 
episode: 61 count: 1000 score: -115.7627 average_last200: -157.1511 epis: 0.2858 loss: 234.9929 
episode: 62 count: 1000 score: -133.2515 average_last200: -156.7718 epis: 0.2801 loss: 227.7589 
episode: 63 count: 1000 score: -138.1507 average_last200: -156.4808 epis: 0.2745 loss: 226.7322 
episode: 64 count: 1000 score: -111.2986 average_last200: -155.7857 epis: 0.2690 loss: 226.1423 
episode: 65 count: 1000 score: -79.4598 average_last200: -154.6292 epis: 0.2636 loss: 228.0398 
episode: 66 count: 188 score: -69.5803 average_last200: -153.3599 epis: 0.2583 loss: 45.5075 
episode: 67 count: 1000 score: -109.7687 average_last200: -152.7188 epis: 0.2531 loss: 213.5587 
episode: 68 count: 1000 score: -130.5503 average_last200: -152.3975 epis: 0.2481 loss: 211.6556 
episode: 69 count: 419 score: -205.9804 average_last200: -153.1630 epis: 0.2431 loss: 86.6074 
episode: 70 count: 1000 score: 11.7051 average_last200: -150.8409 epis: 0.2383 loss: 219.5701 
episode: 71 count: 1000 score: -124.2117 average_last200: -150.4711 epis: 0.2335 loss: 218.0197 
episode: 72 count: 716 score: -238.1001 average_last200: -151.6715 epis: 0.2288 loss: 141.7407 
episode: 73 count: 316 score: -145.1388 average_last200: -151.5832 epis: 0.2242 loss: 71.5135 
episode: 74 count: 1000 score: -109.7095 average_last200: -151.0249 epis: 0.2198 loss: 196.2836 
episode: 75 count: 884 score: -250.0689 average_last200: -152.3281 epis: 0.2154 loss: 176.7156 
episode: 76 count: 1000 score: -118.6402 average_last200: -151.8906 epis: 0.2111 loss: 197.0943 
episode: 77 count: 1000 score: -92.9544 average_last200: -151.1350 epis: 0.2068 loss: 200.6494 
episode: 78 count: 1000 score: -112.5090 average_last200: -150.6460 epis: 0.2027 loss: 202.7754 
episode: 79 count: 1000 score: -146.3294 average_last200: -150.5921 epis: 0.1986 loss: 198.8562 
episode: 80 count: 1000 score: -54.4987 average_last200: -149.4057 epis: 0.1947 loss: 185.8723 
episode: 81 count: 1000 score: -70.2283 average_last200: -148.4402 epis: 0.1908 loss: 195.9057 
episode: 82 count: 1000 score: -30.4424 average_last200: -147.0185 epis: 0.1870 loss: 198.8043 
episode: 83 count: 1000 score: -109.8088 average_last200: -146.5755 epis: 0.1832 loss: 186.3394 
episode: 84 count: 1000 score: -101.7037 average_last200: -146.0476 epis: 0.1796 loss: 173.0210 
episode: 85 count: 1000 score: -100.3977 average_last200: -145.5168 epis: 0.1760 loss: 177.1087 
episode: 86 count: 1000 score: -140.8636 average_last200: -145.4633 epis: 0.1725 loss: 185.7123 
episode: 87 count: 1000 score: -108.8371 average_last200: -145.0471 epis: 0.1690 loss: 187.1241 
episode: 88 count: 1000 score: -68.3180 average_last200: -144.1850 epis: 0.1656 loss: 174.4599 
episode: 89 count: 1000 score: -62.3721 average_last200: -143.2760 epis: 0.1623 loss: 169.7610 
episode: 90 count: 1000 score: -71.8095 average_last200: -142.4906 epis: 0.1591 loss: 169.2170 
episode: 91 count: 1000 score: -94.1162 average_last200: -141.9648 epis: 0.1559 loss: 171.7658 
episode: 92 count: 1000 score: -117.0980 average_last200: -141.6974 epis: 0.1528 loss: 161.5296 
episode: 93 count: 1000 score: -67.4847 average_last200: -140.9079 epis: 0.1497 loss: 165.4416 
episode: 94 count: 1000 score: -85.2469 average_last200: -140.3220 epis: 0.1467 loss: 155.3922 
episode: 95 count: 1000 score: -87.7908 average_last200: -139.7748 epis: 0.1438 loss: 154.9507 
episode: 96 count: 1000 score: -101.8445 average_last200: -139.3838 epis: 0.1409 loss: 168.4706 
episode: 97 count: 1000 score: -87.6365 average_last200: -138.8558 epis: 0.1381 loss: 157.2002 
episode: 98 count: 1000 score: -74.6318 average_last200: -138.2070 epis: 0.1353 loss: 164.3082 
episode: 99 count: 1000 score: -112.6433 average_last200: -137.9514 epis: 0.1326 loss: 152.5985 
episode: 100 count: 1000 score: -69.6207 average_last200: -137.2749 epis: 0.1300 loss: 150.5962 
episode: 101 count: 1000 score: -98.9649 average_last200: -136.8993 epis: 0.1274 loss: 150.5581 
episode: 102 count: 1000 score: -62.7983 average_last200: -136.1798 epis: 0.1248 loss: 150.5273 
episode: 103 count: 1000 score: -92.5217 average_last200: -135.7600 epis: 0.1223 loss: 130.2118 
episode: 104 count: 1000 score: -88.4833 average_last200: -135.3098 epis: 0.1199 loss: 147.8597 
episode: 105 count: 1000 score: -113.2087 average_last200: -135.1013 epis: 0.1175 loss: 140.2321 
episode: 106 count: 1000 score: -51.5598 average_last200: -134.3205 epis: 0.1151 loss: 142.0791 
episode: 107 count: 1000 score: -59.7308 average_last200: -133.6299 epis: 0.1128 loss: 136.3709 
episode: 108 count: 1000 score: -105.9105 average_last200: -133.3756 epis: 0.1106 loss: 140.7499 
episode: 109 count: 1000 score: -84.4500 average_last200: -132.9308 epis: 0.1084 loss: 149.3778 
episode: 110 count: 1000 score: -94.2315 average_last200: -132.5822 epis: 0.1062 loss: 137.6302 
episode: 111 count: 1000 score: -115.8312 average_last200: -132.4326 epis: 0.1041 loss: 140.0384 
episode: 112 count: 1000 score: -53.1976 average_last200: -131.7314 epis: 0.1020 loss: 122.8702 
episode: 113 count: 1000 score: -96.2659 average_last200: -131.4203 epis: 0.0999 loss: 134.5711 
episode: 114 count: 1000 score: -89.1989 average_last200: -131.0532 epis: 0.0979 loss: 133.9084 
episode: 115 count: 1000 score: -110.1964 average_last200: -130.8734 epis: 0.0960 loss: 135.4866 
episode: 116 count: 1000 score: -76.0438 average_last200: -130.4047 epis: 0.0941 loss: 146.1839 
episode: 117 count: 1000 score: -45.1457 average_last200: -129.6822 epis: 0.0922 loss: 149.0712 
episode: 118 count: 1000 score: -45.3917 average_last200: -128.9739 epis: 0.0903 loss: 133.7167 
episode: 119 count: 1000 score: -53.6609 average_last200: -128.3463 epis: 0.0885 loss: 126.2342 
episode: 120 count: 1000 score: -12.1550 average_last200: -127.3860 epis: 0.0868 loss: 151.3108 
episode: 121 count: 1000 score: -23.2264 average_last200: -126.5322 epis: 0.0850 loss: 138.0169 
episode: 122 count: 1000 score: -23.9099 average_last200: -125.6979 epis: 0.0833 loss: 131.9450 
episode: 123 count: 1000 score: -14.8324 average_last200: -124.8038 epis: 0.0817 loss: 145.5030 
episode: 124 count: 1000 score: -57.9118 average_last200: -124.2687 epis: 0.0800 loss: 130.0401 
episode: 125 count: 1000 score: -71.6994 average_last200: -123.8515 epis: 0.0784 loss: 135.7615 
episode: 126 count: 1000 score: -46.0166 average_last200: -123.2386 epis: 0.0769 loss: 119.2412 
episode: 127 count: 1000 score: -42.3593 average_last200: -122.6067 epis: 0.0753 loss: 133.5532 
episode: 128 count: 147 score: -409.4430 average_last200: -124.8303 epis: 0.0738 loss: 17.0075 
episode: 129 count: 1000 score: -44.7998 average_last200: -124.2147 epis: 0.0723 loss: 137.7586 
episode: 130 count: 704 score: 146.5099 average_last200: -122.1481 epis: 0.0709 loss: 92.3208 
episode: 131 count: 1000 score: -77.4404 average_last200: -121.8094 epis: 0.0695 loss: 135.0268 
episode: 132 count: 814 score: 154.5776 average_last200: -119.7313 epis: 0.0681 loss: 108.3062 
episode: 133 count: 1000 score: -18.7454 average_last200: -118.9776 epis: 0.0667 loss: 132.5006 
episode: 134 count: 786 score: 141.5245 average_last200: -117.0480 epis: 0.0654 loss: 103.7687 
episode: 135 count: 1000 score: -86.0896 average_last200: -116.8204 epis: 0.0641 loss: 140.5435 
episode: 136 count: 1000 score: -69.1791 average_last200: -116.4726 epis: 0.0628 loss: 134.8310 
episode: 137 count: 766 score: 126.6793 average_last200: -114.7106 epis: 0.0615 loss: 97.0807 
episode: 138 count: 1000 score: -96.7440 average_last200: -114.5814 epis: 0.0603 loss: 136.4805 
episode: 139 count: 1000 score: -51.6902 average_last200: -114.1322 epis: 0.0591 loss: 124.4088 
episode: 140 count: 1000 score: -44.8017 average_last200: -113.6405 epis: 0.0579 loss: 132.4301 
episode: 141 count: 1000 score: -80.2777 average_last200: -113.4055 epis: 0.0568 loss: 123.0957 
episode: 142 count: 1000 score: -34.6109 average_last200: -112.8545 epis: 0.0556 loss: 129.5970 
episode: 143 count: 1000 score: -54.4537 average_last200: -112.4489 epis: 0.0545 loss: 127.5591 
episode: 144 count: 1000 score: -52.0277 average_last200: -112.0322 epis: 0.0534 loss: 128.0661 
episode: 145 count: 1000 score: -47.6999 average_last200: -111.5916 epis: 0.0524 loss: 119.6651 
episode: 146 count: 1000 score: -97.9144 average_last200: -111.4986 epis: 0.0513 loss: 118.3188 
episode: 147 count: 1000 score: 13.9553 average_last200: -110.6509 epis: 0.0503 loss: 114.3425 
episode: 148 count: 1000 score: -98.3261 average_last200: -110.5682 epis: 0.0493 loss: 110.8103 
episode: 149 count: 767 score: 169.8774 average_last200: -108.6985 epis: 0.0483 loss: 69.9452 
episode: 150 count: 1000 score: -109.8782 average_last200: -108.7064 epis: 0.0473 loss: 91.3769 
episode: 151 count: 575 score: -216.1885 average_last200: -109.4135 epis: 0.0464 loss: 48.1572 
episode: 152 count: 974 score: -266.6868 average_last200: -110.4414 epis: 0.0455 loss: 77.8829 
episode: 153 count: 1000 score: -98.3231 average_last200: -110.3627 epis: 0.0445 loss: 83.6881 
episode: 154 count: 729 score: 82.9773 average_last200: -109.1154 epis: 0.0437 loss: 56.2041 
episode: 155 count: 1000 score: -123.3370 average_last200: -109.2065 epis: 0.0428 loss: 91.1872 
episode: 156 count: 1000 score: -121.7472 average_last200: -109.2864 epis: 0.0419 loss: 84.4207 
episode: 157 count: 1000 score: -127.7384 average_last200: -109.4032 epis: 0.0411 loss: 82.6834 
episode: 158 count: 834 score: 134.9681 average_last200: -107.8663 epis: 0.0403 loss: 74.9137 
episode: 159 count: 1000 score: -87.9333 average_last200: -107.7417 epis: 0.0395 loss: 77.9757 
episode: 160 count: 1000 score: -88.2522 average_last200: -107.6206 epis: 0.0387 loss: 76.5675 
episode: 161 count: 598 score: 145.0142 average_last200: -106.0612 epis: 0.0379 loss: 44.4128 
episode: 162 count: 406 score: 161.2221 average_last200: -104.4214 epis: 0.0371 loss: 26.5997 
episode: 163 count: 487 score: 208.6496 average_last200: -102.5124 epis: 0.0364 loss: 39.8557 
episode: 164 count: 504 score: 217.6663 average_last200: -100.5719 epis: 0.0357 loss: 39.1006 
episode: 165 count: 492 score: 177.5559 average_last200: -98.8965 epis: 0.0350 loss: 37.0659 
episode: 166 count: 509 score: 175.1120 average_last200: -97.2557 epis: 0.0343 loss: 30.1897 
episode: 167 count: 1000 score: -93.6781 average_last200: -97.2344 epis: 0.0336 loss: 75.1605 
episode: 168 count: 650 score: 184.7320 average_last200: -95.5660 epis: 0.0329 loss: 45.3624 
episode: 169 count: 415 score: 211.6949 average_last200: -93.7585 epis: 0.0322 loss: 26.9952 
episode: 170 count: 338 score: 172.5923 average_last200: -92.2009 epis: 0.0316 loss: 24.6591 
episode: 171 count: 559 score: 191.8450 average_last200: -90.5495 epis: 0.0310 loss: 34.6920 
episode: 172 count: 340 score: 188.3070 average_last200: -88.9376 epis: 0.0303 loss: 25.0792 
episode: 173 count: 463 score: 140.0685 average_last200: -87.6215 epis: 0.0297 loss: 31.5445 
episode: 174 count: 373 score: 187.4049 average_last200: -86.0499 epis: 0.0291 loss: 28.9406 
episode: 175 count: 298 score: 205.1906 average_last200: -84.3951 epis: 0.0286 loss: 24.5487 
episode: 176 count: 341 score: 184.1662 average_last200: -82.8778 epis: 0.0280 loss: 24.2092 
episode: 177 count: 371 score: 152.0415 average_last200: -81.5581 epis: 0.0274 loss: 28.5281 
episode: 178 count: 392 score: 194.4065 average_last200: -80.0164 epis: 0.0269 loss: 29.7064 
episode: 179 count: 361 score: 198.8600 average_last200: -78.4671 epis: 0.0263 loss: 26.1916 
episode: 180 count: 329 score: 206.4328 average_last200: -76.8930 epis: 0.0258 loss: 21.1389 
episode: 181 count: 305 score: 199.5564 average_last200: -75.3741 epis: 0.0253 loss: 22.6924 
episode: 182 count: 327 score: 213.1308 average_last200: -73.7975 epis: 0.0248 loss: 23.1188 
episode: 183 count: 424 score: 204.4441 average_last200: -72.2854 epis: 0.0243 loss: 34.5339 
episode: 184 count: 526 score: 219.0929 average_last200: -70.7103 epis: 0.0238 loss: 47.4019 
episode: 185 count: 259 score: -71.5604 average_last200: -70.7149 epis: 0.0233 loss: 18.0132 
episode: 186 count: 505 score: 148.4633 average_last200: -69.5428 epis: 0.0229 loss: 33.9745 
episode: 187 count: 377 score: 185.8111 average_last200: -68.1846 epis: 0.0224 loss: 29.4671 
episode: 188 count: 430 score: 133.9488 average_last200: -67.1151 epis: 0.0220 loss: 36.3593 
episode: 189 count: 340 score: 188.3417 average_last200: -65.7706 epis: 0.0215 loss: 27.3804 
episode: 190 count: 336 score: 188.6125 average_last200: -64.4387 epis: 0.0211 loss: 26.7853 
episode: 191 count: 442 score: 179.6189 average_last200: -63.1676 epis: 0.0207 loss: 34.8582 
episode: 192 count: 393 score: 174.3580 average_last200: -61.9369 epis: 0.0203 loss: 33.2374 
episode: 193 count: 336 score: 177.0428 average_last200: -60.7050 epis: 0.0199 loss: 28.5206 
episode: 194 count: 340 score: 203.8966 average_last200: -59.3481 epis: 0.0195 loss: 22.8101 
episode: 195 count: 540 score: 147.9463 average_last200: -58.2905 epis: 0.0191 loss: 39.0150 
episode: 196 count: 406 score: 149.1528 average_last200: -57.2375 epis: 0.0187 loss: 32.2588 
episode: 197 count: 443 score: 170.2207 average_last200: -56.0887 epis: 0.0183 loss: 34.0661 
episode: 198 count: 400 score: 198.6904 average_last200: -54.8084 epis: 0.0179 loss: 28.8365 
episode: 199 count: 438 score: 223.0090 average_last200: -53.4193 epis: 0.0176 loss: 31.8616 
episode: 200 count: 416 score: 187.3540 average_last200: -51.4738 epis: 0.0172 loss: 31.7584 
episode: 201 count: 428 score: 167.9672 average_last200: -49.7986 epis: 0.0169 loss: 35.1279 
episode: 202 count: 427 score: 208.5335 average_last200: -48.1783 epis: 0.0166 loss: 36.3272 
episode: 203 count: 564 score: 167.7307 average_last200: -45.2596 epis: 0.0162 loss: 45.9224 
episode: 204 count: 505 score: 171.1566 average_last200: -42.7837 epis: 0.0159 loss: 38.4071 
episode: 205 count: 542 score: 176.5698 average_last200: -41.0647 epis: 0.0156 loss: 38.1769 
episode: 206 count: 532 score: 164.7333 average_last200: -38.1847 epis: 0.0153 loss: 34.5795 
episode: 207 count: 606 score: 138.2861 average_last200: -36.5184 epis: 0.0150 loss: 42.2462 
episode: 208 count: 899 score: 93.7028 average_last200: -35.2428 epis: 0.0147 loss: 68.6878 
episode: 209 count: 1000 score: -52.4712 average_last200: -34.9700 epis: 0.0144 loss: 75.5490 
episode: 210 count: 1000 score: -38.6425 average_last200: -34.4320 epis: 0.0141 loss: 71.8337 
episode: 211 count: 1000 score: -48.3240 average_last200: -32.6284 epis: 0.0138 loss: 67.6942 
episode: 212 count: 390 score: 216.4754 average_last200: -30.1949 epis: 0.0135 loss: 29.2044 
episode: 213 count: 1000 score: -79.5665 average_last200: -29.1168 epis: 0.0133 loss: 77.1723 
episode: 214 count: 1000 score: -87.3943 average_last200: -28.7756 epis: 0.0130 loss: 70.7263 
episode: 215 count: 1000 score: -30.0445 average_last200: -27.4404 epis: 0.0127 loss: 77.0650 
episode: 216 count: 1000 score: -108.0321 average_last200: -26.3479 epis: 0.0125 loss: 68.3934 
episode: 217 count: 1000 score: -52.3753 average_last200: -24.8070 epis: 0.0122 loss: 72.2616 
episode: 218 count: 1000 score: -50.3193 average_last200: -23.5707 epis: 0.0120 loss: 80.3628 
episode: 219 count: 843 score: 94.9830 average_last200: -22.3772 epis: 0.0117 loss: 61.4965 
episode: 220 count: 1000 score: -65.5525 average_last200: -20.8835 epis: 0.0115 loss: 77.7984 
episode: 221 count: 697 score: 108.9625 average_last200: -19.0747 epis: 0.0113 loss: 56.1790 
episode: 222 count: 449 score: 176.1024 average_last200: -17.4031 epis: 0.0111 loss: 30.3575 
episode: 223 count: 690 score: 183.4370 average_last200: -15.2492 epis: 0.0108 loss: 56.3658 
episode: 224 count: 1000 score: -36.1645 average_last200: -14.6309 epis: 0.0106 loss: 76.6378 
episode: 225 count: 539 score: 179.0975 average_last200: -13.0908 epis: 0.0104 loss: 40.7268 
episode: 226 count: 822 score: 54.7450 average_last200: -11.9038 epis: 0.0102 loss: 70.3848 
episode: 227 count: 1000 score: 2.8014 average_last200: -11.0051 epis: 0.0100 loss: 78.0677 
episode: 228 count: 1000 score: -18.0196 average_last200: -10.5490 epis: 0.0098 loss: 78.6612 
episode: 229 count: 748 score: 130.2291 average_last200: -9.3439 epis: 0.0096 loss: 57.7787 
episode: 230 count: 637 score: 170.7568 average_last200: -7.9545 epis: 0.0094 loss: 46.0631 
episode: 231 count: 795 score: 116.7447 average_last200: -7.0826 epis: 0.0092 loss: 60.7381 
episode: 232 count: 571 score: 131.4353 average_last200: -6.0179 epis: 0.0090 loss: 47.2829 
episode: 233 count: 600 score: 134.3838 average_last200: -4.9580 epis: 0.0088 loss: 56.3658 
episode: 234 count: 730 score: 143.1390 average_last200: -3.6629 epis: 0.0087 loss: 57.0820 
episode: 235 count: 841 score: 114.7883 average_last200: -2.7111 epis: 0.0085 loss: 62.6227 
episode: 236 count: 671 score: 153.0313 average_last200: -2.1561 epis: 0.0083 loss: 57.8938 
episode: 237 count: 628 score: 162.9998 average_last200: -0.4664 epis: 0.0082 loss: 46.6290 
episode: 238 count: 714 score: 126.8701 average_last200: 0.7104 epis: 0.0080 loss: 49.4542 
episode: 239 count: 618 score: 137.8854 average_last200: 1.7056 epis: 0.0078 loss: 45.6090 
episode: 240 count: 404 score: 172.4448 average_last200: 2.7452 epis: 0.0077 loss: 30.7263 
episode: 241 count: 844 score: 92.1093 average_last200: 3.7244 epis: 0.0075 loss: 66.3353 
episode: 242 count: 1000 score: -39.5064 average_last200: 4.0412 epis: 0.0074 loss: 85.7929 
episode: 243 count: 918 score: 122.8097 average_last200: 4.6371 epis: 0.0072 loss: 64.1102 
episode: 244 count: 355 score: 233.9928 average_last200: 6.3227 epis: 0.0071 loss: 29.2980 
episode: 245 count: 429 score: 221.7787 average_last200: 8.1849 epis: 0.0069 loss: 34.5277 
episode: 246 count: 428 score: 164.9584 average_last200: 9.3933 epis: 0.0068 loss: 32.2519 
episode: 247 count: 332 score: 175.2278 average_last200: 11.0417 epis: 0.0067 loss: 25.0073 
episode: 248 count: 1000 score: -39.2963 average_last200: 11.3849 epis: 0.0065 loss: 75.3533 
episode: 249 count: 1000 score: -32.2400 average_last200: 11.4534 epis: 0.0064 loss: 76.1146 
episode: 250 count: 227 score: -24.5049 average_last200: 11.2835 epis: 0.0063 loss: 17.8174 
episode: 251 count: 373 score: 203.7941 average_last200: 12.5477 epis: 0.0062 loss: 28.5203 
episode: 252 count: 575 score: 147.5076 average_last200: 13.7839 epis: 0.0060 loss: 42.9371 
episode: 253 count: 830 score: 188.0542 average_last200: 15.3457 epis: 0.0059 loss: 64.7126 
episode: 254 count: 395 score: 162.8133 average_last200: 17.0614 epis: 0.0058 loss: 24.6560 
episode: 255 count: 318 score: 225.1126 average_last200: 18.8157 epis: 0.0057 loss: 25.0093 
episode: 256 count: 383 score: 203.6751 average_last200: 19.8445 epis: 0.0056 loss: 29.3164 
episode: 257 count: 431 score: 211.9111 average_last200: 21.3914 epis: 0.0054 loss: 33.9083 
episode: 258 count: 477 score: 174.4356 average_last200: 22.7489 epis: 0.0053 loss: 36.3788 
episode: 259 count: 421 score: 185.7874 average_last200: 24.5825 epis: 0.0052 loss: 38.1101 
episode: 260 count: 680 score: 156.9940 average_last200: 25.9980 epis: 0.0051 loss: 54.1865 
episode: 261 count: 471 score: 190.5598 average_last200: 27.5296 epis: 0.0050 loss: 35.3002 
episode: 262 count: 431 score: 144.3193 average_last200: 28.9175 epis: 0.0049 loss: 32.7618 
episode: 263 count: 274 score: 201.4880 average_last200: 30.6157 epis: 0.0048 loss: 20.2123 
episode: 264 count: 222 score: -21.3776 average_last200: 31.0653 epis: 0.0047 loss: 18.6825 
episode: 265 count: 444 score: -23.1628 average_last200: 31.3468 epis: 0.0046 loss: 36.2372 
episode: 266 count: 366 score: 163.6326 average_last200: 32.5128 epis: 0.0045 loss: 36.3068 
episode: 267 count: 349 score: 199.9134 average_last200: 34.0612 epis: 0.0045 loss: 29.8246 
episode: 268 count: 316 score: 227.7630 average_last200: 35.8528 epis: 0.0044 loss: 26.0362 
episode: 269 count: 284 score: -81.1236 average_last200: 36.4771 epis: 0.0043 loss: 22.0673 
episode: 270 count: 325 score: 214.3546 average_last200: 37.4903 epis: 0.0042 loss: 25.4014 
episode: 271 count: 381 score: 178.9153 average_last200: 39.0060 epis: 0.0041 loss: 35.1449 
episode: 272 count: 390 score: 185.0858 average_last200: 41.1219 epis: 0.0040 loss: 32.1526 
episode: 273 count: 658 score: 192.6765 average_last200: 42.8110 epis: 0.0039 loss: 61.8138 
episode: 274 count: 290 score: 175.5110 average_last200: 44.2371 epis: 0.0039 loss: 21.2900 
episode: 275 count: 275 score: 252.3935 average_last200: 46.7494 epis: 0.0038 loss: 23.0914 
episode: 276 count: 299 score: -38.2624 average_last200: 47.1513 epis: 0.0037 loss: 24.4414 
episode: 277 count: 285 score: 3.2738 average_last200: 47.6324 epis: 0.0036 loss: 24.4102 
episode: 278 count: 332 score: -18.6263 average_last200: 48.1018 epis: 0.0036 loss: 27.8567 
episode: 279 count: 383 score: 178.8481 average_last200: 49.7277 epis: 0.0035 loss: 31.0608 
episode: 280 count: 388 score: 209.2495 average_last200: 51.0465 epis: 0.0034 loss: 27.5996 
episode: 281 count: 446 score: 188.0622 average_last200: 52.3379 epis: 0.0034 loss: 37.0606 
episode: 282 count: 333 score: 175.2207 average_last200: 53.3662 epis: 0.0033 loss: 32.7163 
episode: 283 count: 373 score: 184.1898 average_last200: 54.8362 epis: 0.0032 loss: 32.3302 
episode: 284 count: 271 score: -10.3592 average_last200: 55.2929 epis: 0.0032 loss: 23.7405 
episode: 285 count: 438 score: 153.3440 average_last200: 56.5616 epis: 0.0031 loss: 42.0918 
episode: 286 count: 462 score: 177.6903 average_last200: 58.1544 epis: 0.0030 loss: 46.6744 
episode: 287 count: 305 score: 7.0873 average_last200: 58.7340 epis: 0.0030 loss: 29.8199 
episode: 288 count: 333 score: 218.7685 average_last200: 60.1695 epis: 0.0029 loss: 31.3156 
episode: 289 count: 303 score: 222.9585 average_last200: 61.5961 epis: 0.0029 loss: 34.2094 
episode: 290 count: 330 score: 202.2230 average_last200: 62.9663 epis: 0.0028 loss: 29.9454 
episode: 291 count: 401 score: 220.6627 average_last200: 64.5402 epis: 0.0027 loss: 42.5748 
episode: 292 count: 262 score: -9.2792 average_last200: 65.0793 epis: 0.0027 loss: 16.4373 
episode: 293 count: 265 score: -18.5098 average_last200: 65.3241 epis: 0.0026 loss: 23.2535 
episode: 294 count: 1000 score: 85.0574 average_last200: 66.1757 epis: 0.0026 loss: 88.5316 
episode: 295 count: 188 score: 5.9887 average_last200: 66.6446 epis: 0.0025 loss: 14.5412 
episode: 296 count: 184 score: -57.8445 average_last200: 66.8646 epis: 0.0025 loss: 18.2794 
episode: 297 count: 173 score: 7.0530 average_last200: 67.3380 epis: 0.0024 loss: 14.5802 
episode: 298 count: 480 score: 189.9574 average_last200: 68.6610 epis: 0.0024 loss: 40.5562 
episode: 299 count: 348 score: 214.6760 average_last200: 70.2976 epis: 0.0023 loss: 31.4993 
episode: 300 count: 237 score: 6.8109 average_last200: 70.6797 epis: 0.0023 loss: 23.9498 
episode: 301 count: 254 score: -47.3421 average_last200: 70.9378 epis: 0.0022 loss: 22.1256 
episode: 302 count: 283 score: 2.3104 average_last200: 71.2634 epis: 0.0022 loss: 27.7822 
episode: 303 count: 742 score: 166.0581 average_last200: 72.5563 epis: 0.0022 loss: 66.4123 
episode: 304 count: 200 score: -18.8588 average_last200: 72.9044 epis: 0.0021 loss: 21.5398 
episode: 305 count: 247 score: 0.0607 average_last200: 73.4707 epis: 0.0021 loss: 22.4141 
episode: 306 count: 373 score: 190.2542 average_last200: 74.6798 epis: 0.0020 loss: 37.1524 
episode: 307 count: 202 score: -3.7004 average_last200: 74.9600 epis: 0.0020 loss: 18.9005 
episode: 308 count: 414 score: -50.9196 average_last200: 75.2349 epis: 0.0019 loss: 40.9906 
episode: 309 count: 184 score: -23.5822 average_last200: 75.5393 epis: 0.0019 loss: 16.6582 
episode: 310 count: 569 score: 167.1218 average_last200: 76.8460 epis: 0.0019 loss: 47.5742 
episode: 311 count: 357 score: 219.7514 average_last200: 78.5239 epis: 0.0018 loss: 33.6139 
episode: 312 count: 422 score: 153.4823 average_last200: 79.5573 epis: 0.0018 loss: 42.6794 
episode: 313 count: 1000 score: 90.9433 average_last200: 80.4934 epis: 0.0018 loss: 98.4101 
episode: 314 count: 281 score: 174.3361 average_last200: 81.8111 epis: 0.0017 loss: 26.4016 
episode: 315 count: 279 score: 239.7023 average_last200: 83.5606 epis: 0.0017 loss: 31.9987 
episode: 316 count: 250 score: 215.3008 average_last200: 85.0173 epis: 0.0017 loss: 28.4987 
episode: 317 count: 511 score: 174.9476 average_last200: 86.1177 epis: 0.0016 loss: 52.7054 
episode: 318 count: 333 score: 233.6686 average_last200: 87.5130 epis: 0.0016 loss: 26.9067 
episode: 319 count: 221 score: 182.3866 average_last200: 88.6933 epis: 0.0016 loss: 25.2287 
episode: 320 count: 174 score: -45.3565 average_last200: 88.5273 epis: 0.0015 loss: 24.8509 
episode: 321 count: 232 score: -28.5374 average_last200: 88.5007 epis: 0.0015 loss: 29.6934 
episode: 322 count: 400 score: 210.1509 average_last200: 89.6710 epis: 0.0015 loss: 39.4898 
episode: 323 count: 291 score: 248.1454 average_last200: 90.9859 epis: 0.0014 loss: 26.7137 
episode: 324 count: 140 score: -39.8809 average_last200: 91.0761 epis: 0.0014 loss: 19.1424 
episode: 325 count: 260 score: 11.5621 average_last200: 91.4924 epis: 0.0014 loss: 27.9869 
episode: 326 count: 356 score: 218.1426 average_last200: 92.8132 epis: 0.0014 loss: 39.1096 
episode: 327 count: 286 score: -80.4296 average_last200: 92.6228 epis: 0.0013 loss: 32.5296 
episode: 328 count: 296 score: 241.4791 average_last200: 95.8774 epis: 0.0013 loss: 29.8640 
episode: 329 count: 556 score: 177.6025 average_last200: 96.9894 epis: 0.0013 loss: 62.4044 
episode: 330 count: 510 score: 179.1609 average_last200: 97.1527 epis: 0.0012 loss: 67.2622 
episode: 331 count: 272 score: -10.2714 average_last200: 97.4885 epis: 0.0012 loss: 36.0650 
episode: 332 count: 377 score: 182.0746 average_last200: 97.6260 epis: 0.0012 loss: 47.3195 
episode: 333 count: 174 score: -20.1557 average_last200: 97.6190 epis: 0.0012 loss: 20.1188 
episode: 334 count: 180 score: -23.2552 average_last200: 96.7951 epis: 0.0012 loss: 27.0436 
episode: 335 count: 310 score: 229.7628 average_last200: 98.3743 epis: 0.0011 loss: 33.6208 
episode: 336 count: 329 score: 243.1626 average_last200: 99.9360 epis: 0.0011 loss: 30.1541 
episode: 337 count: 319 score: -38.0131 average_last200: 99.1126 epis: 0.0011 loss: 40.4026 
episode: 338 count: 390 score: -20.0568 average_last200: 99.4960 epis: 0.0011 loss: 43.4068 
episode: 339 count: 163 score: -31.2010 average_last200: 99.5985 epis: 0.0010 loss: 23.4691 
episode: 340 count: 157 score: -21.0864 average_last200: 99.7170 epis: 0.0010 loss: 21.5039 
episode: 341 count: 149 score: -37.5461 average_last200: 99.9307 epis: 0.0010 loss: 20.6802 
episode: 342 count: 221 score: 186.6000 average_last200: 101.0368 epis: 0.0010 loss: 26.4707 
episode: 343 count: 276 score: -51.7704 average_last200: 101.0502 epis: 0.0010 loss: 29.5781 
episode: 344 count: 1000 score: -28.5285 average_last200: 101.1677 epis: 0.0009 loss: 124.7547 
episode: 345 count: 565 score: 214.4701 average_last200: 102.4785 epis: 0.0009 loss: 68.8385 
episode: 346 count: 337 score: 172.7627 average_last200: 103.8319 epis: 0.0009 loss: 43.4380 
episode: 347 count: 780 score: 134.4257 average_last200: 104.4343 epis: 0.0009 loss: 100.3073 
episode: 348 count: 737 score: 174.5950 average_last200: 105.7989 epis: 0.0009 loss: 82.3557 
episode: 349 count: 171 score: -41.7552 average_last200: 104.7407 epis: 0.0008 loss: 18.9067 
episode: 350 count: 153 score: -30.8457 average_last200: 105.1359 epis: 0.0008 loss: 17.4483 
episode: 351 count: 252 score: 27.0984 average_last200: 106.3523 epis: 0.0008 loss: 30.8478 
episode: 352 count: 847 score: 145.9423 average_last200: 108.4154 epis: 0.0008 loss: 103.5379 
episode: 353 count: 289 score: 223.2267 average_last200: 110.0232 epis: 0.0008 loss: 41.2128 
episode: 354 count: 376 score: -70.3392 average_last200: 109.2566 epis: 0.0008 loss: 45.7155 
episode: 355 count: 242 score: 0.0510 average_last200: 109.8735 epis: 0.0008 loss: 31.8240 
episode: 356 count: 303 score: 240.0954 average_last200: 111.6828 epis: 0.0007 loss: 42.1762 
episode: 357 count: 506 score: 222.9450 average_last200: 113.4362 epis: 0.0007 loss: 65.1164 
episode: 358 count: 284 score: 221.2335 average_last200: 113.8675 epis: 0.0007 loss: 35.2972 
episode: 359 count: 192 score: -3.7120 average_last200: 114.2886 epis: 0.0007 loss: 23.2887 
episode: 360 count: 137 score: -20.3571 average_last200: 114.6281 epis: 0.0007 loss: 14.6081 
episode: 361 count: 174 score: 7.5181 average_last200: 113.9406 epis: 0.0007 loss: 22.2187 
episode: 362 count: 175 score: -4.6476 average_last200: 113.1113 epis: 0.0007 loss: 22.6408 
episode: 363 count: 238 score: 228.4824 average_last200: 113.2104 epis: 0.0006 loss: 25.6750 
episode: 364 count: 194 score: -2.0648 average_last200: 112.1118 epis: 0.0006 loss: 24.5359 
episode: 365 count: 135 score: -13.9004 average_last200: 111.1545 epis: 0.0006 loss: 18.4787 
episode: 366 count: 304 score: 188.7644 average_last200: 111.2227 epis: 0.0006 loss: 39.3812 
episode: 367 count: 280 score: -14.2702 average_last200: 111.6198 epis: 0.0006 loss: 40.5859 
episode: 368 count: 146 score: -32.3706 average_last200: 110.5343 epis: 0.0006 loss: 19.8849 
episode: 369 count: 200 score: -14.2394 average_last200: 109.4046 epis: 0.0006 loss: 22.2031 
episode: 370 count: 323 score: 236.1324 average_last200: 109.7223 epis: 0.0006 loss: 35.6708 
episode: 371 count: 759 score: 91.3297 average_last200: 109.2197 epis: 0.0005 loss: 80.6805 
episode: 372 count: 681 score: 171.2289 average_last200: 109.1343 epis: 0.0005 loss: 79.9833 
episode: 373 count: 249 score: 191.4472 average_last200: 109.3912 epis: 0.0005 loss: 34.4541 
episode: 374 count: 683 score: 141.2915 average_last200: 109.1607 epis: 0.0005 loss: 90.3574 
episode: 375 count: 201 score: 247.6854 average_last200: 109.3731 epis: 0.0005 loss: 24.6368 
episode: 376 count: 656 score: 144.6831 average_last200: 109.1757 epis: 0.0005 loss: 86.9628 
episode: 377 count: 632 score: 138.7509 average_last200: 109.1093 epis: 0.0005 loss: 74.4286 
episode: 378 count: 311 score: -37.3023 average_last200: 107.9507 epis: 0.0005 loss: 46.6923 
episode: 379 count: 390 score: 196.4936 average_last200: 107.9389 epis: 0.0005 loss: 47.0391 
episode: 380 count: 188 score: -31.6321 average_last200: 106.7486 epis: 0.0005 loss: 24.2640 
episode: 381 count: 492 score: 144.3739 average_last200: 106.4727 epis: 0.0004 loss: 61.8102 
episode: 382 count: 227 score: 232.8391 average_last200: 106.5712 epis: 0.0004 loss: 25.2128 
episode: 383 count: 949 score: 108.1491 average_last200: 106.0897 epis: 0.0004 loss: 127.3538 
episode: 384 count: 351 score: 208.0992 average_last200: 106.0347 epis: 0.0004 loss: 48.6723 
episode: 385 count: 532 score: 206.8852 average_last200: 107.4270 epis: 0.0004 loss: 76.1039 
episode: 386 count: 371 score: 228.9153 average_last200: 107.8292 epis: 0.0004 loss: 49.3864 
episode: 387 count: 485 score: 196.8562 average_last200: 107.8845 epis: 0.0004 loss: 62.3594 
episode: 388 count: 623 score: 144.7669 average_last200: 107.9386 epis: 0.0004 loss: 81.4379 
episode: 389 count: 319 score: -18.2549 average_last200: 106.9056 epis: 0.0004 loss: 45.1534 
episode: 390 count: 447 score: 187.1216 average_last200: 106.8981 epis: 0.0004 loss: 53.9823 
episode: 391 count: 433 score: 206.0491 average_last200: 107.0303 epis: 0.0004 loss: 64.0431 
episode: 392 count: 664 score: 153.5811 average_last200: 106.9264 epis: 0.0004 loss: 89.8231 
episode: 393 count: 397 score: -67.3113 average_last200: 105.7046 epis: 0.0003 loss: 47.4853 
episode: 394 count: 185 score: 8.3050 average_last200: 104.7267 epis: 0.0003 loss: 19.8521 
episode: 395 count: 363 score: 195.6177 average_last200: 104.9650 epis: 0.0003 loss: 43.0198 
episode: 396 count: 196 score: 17.7603 average_last200: 104.3080 epis: 0.0003 loss: 23.2984 
episode: 397 count: 284 score: 220.1639 average_last200: 104.5578 epis: 0.0003 loss: 31.8022 
episode: 398 count: 465 score: 193.8784 average_last200: 104.5337 epis: 0.0003 loss: 57.7060 
episode: 399 count: 224 score: -31.2926 average_last200: 103.2622 epis: 0.0003 loss: 22.7533 
episode: 400 count: 279 score: 222.5404 average_last200: 103.4381 epis: 0.0003 loss: 33.2088 
episode: 401 count: 323 score: 187.8248 average_last200: 103.5374 epis: 0.0003 loss: 40.3534 
episode: 402 count: 419 score: 228.9549 average_last200: 103.6395 epis: 0.0003 loss: 48.7825 
episode: 403 count: 701 score: 151.3871 average_last200: 103.5578 epis: 0.0003 loss: 73.4922 
episode: 404 count: 344 score: 233.0556 average_last200: 103.8673 epis: 0.0003 loss: 32.9949 
episode: 405 count: 450 score: 159.8308 average_last200: 103.7836 epis: 0.0003 loss: 53.5573 
episode: 406 count: 82 score: -62.4657 average_last200: 102.6476 epis: 0.0003 loss: 14.3937 
episode: 407 count: 504 score: 188.8168 average_last200: 102.9003 epis: 0.0003 loss: 62.0884 
episode: 408 count: 608 score: 186.1114 average_last200: 103.3623 epis: 0.0003 loss: 67.4375 
episode: 409 count: 492 score: 189.0348 average_last200: 104.5698 epis: 0.0003 loss: 59.0238 
episode: 410 count: 253 score: 224.6263 average_last200: 105.8862 epis: 0.0002 loss: 30.8167 
episode: 411 count: 293 score: 237.3569 average_last200: 107.3146 epis: 0.0002 loss: 41.5171 
episode: 412 count: 623 score: 165.3192 average_last200: 107.0588 epis: 0.0002 loss: 75.4744 
episode: 413 count: 266 score: 246.5197 average_last200: 108.6892 epis: 0.0002 loss: 22.4344 
episode: 414 count: 264 score: -25.6944 average_last200: 108.9977 epis: 0.0002 loss: 34.4330 
episode: 415 count: 386 score: 176.4842 average_last200: 110.0304 epis: 0.0002 loss: 45.7137 
episode: 416 count: 354 score: 224.9308 average_last200: 111.6952 epis: 0.0002 loss: 37.4852 
episode: 417 count: 344 score: -33.2114 average_last200: 111.7910 epis: 0.0002 loss: 39.3594 
episode: 418 count: 426 score: 190.8614 average_last200: 112.9969 epis: 0.0002 loss: 48.5991 
episode: 419 count: 281 score: 235.3277 average_last200: 113.6986 epis: 0.0002 loss: 33.4061 
episode: 420 count: 432 score: 203.6989 average_last200: 115.0449 epis: 0.0002 loss: 53.8715 
episode: 421 count: 360 score: 192.6250 average_last200: 115.4632 epis: 0.0002 loss: 43.2056 
episode: 422 count: 312 score: 24.1282 average_last200: 114.7033 epis: 0.0002 loss: 38.7883 
episode: 423 count: 343 score: 214.5974 average_last200: 114.8591 epis: 0.0002 loss: 43.1164 
episode: 424 count: 183 score: 224.1658 average_last200: 116.1608 epis: 0.0002 loss: 17.0648 
episode: 425 count: 283 score: -21.8525 average_last200: 115.1560 epis: 0.0002 loss: 38.4026 
episode: 426 count: 357 score: -13.0202 average_last200: 114.8172 epis: 0.0002 loss: 41.5066 
episode: 427 count: 297 score: 188.9498 average_last200: 115.7480 epis: 0.0002 loss: 38.8512 
episode: 428 count: 466 score: 175.8346 average_last200: 116.7172 epis: 0.0002 loss: 52.9690 
episode: 429 count: 289 score: 181.0711 average_last200: 116.9714 epis: 0.0002 loss: 38.7670 
episode: 430 count: 308 score: 209.6259 average_last200: 117.1658 epis: 0.0002 loss: 31.2050 
episode: 431 count: 245 score: 238.3817 average_last200: 117.7740 epis: 0.0002 loss: 33.8150 
episode: 432 count: 404 score: 223.3041 average_last200: 118.2333 epis: 0.0002 loss: 48.0523 
episode: 433 count: 315 score: -6.4138 average_last200: 117.5293 epis: 0.0002 loss: 37.2064 
episode: 434 count: 301 score: 209.3903 average_last200: 117.8606 epis: 0.0002 loss: 29.0304 
episode: 435 count: 351 score: 192.1997 average_last200: 118.2476 epis: 0.0001 loss: 45.5886 
episode: 436 count: 375 score: 168.2449 average_last200: 118.3237 epis: 0.0001 loss: 52.2190 
episode: 437 count: 463 score: 192.0842 average_last200: 118.4691 epis: 0.0001 loss: 50.4715 
episode: 438 count: 110 score: -42.7546 average_last200: 117.6210 epis: 0.0001 loss: 12.1415 
episode: 439 count: 185 score: 15.4761 average_last200: 117.0090 epis: 0.0001 loss: 19.1918 
episode: 440 count: 289 score: 228.2719 average_last200: 117.2881 epis: 0.0001 loss: 32.8782 
episode: 441 count: 389 score: 167.2243 average_last200: 117.6637 epis: 0.0001 loss: 46.0711 
episode: 442 count: 139 score: -8.5124 average_last200: 117.8186 epis: 0.0001 loss: 15.9185 
episode: 443 count: 282 score: 222.4877 average_last200: 118.3170 epis: 0.0001 loss: 28.9561 
episode: 444 count: 106 score: 8.7372 average_last200: 117.1908 epis: 0.0001 loss: 14.6919 
episode: 445 count: 223 score: 5.4296 average_last200: 116.1090 epis: 0.0001 loss: 29.5733 
episode: 446 count: 171 score: -46.6708 average_last200: 115.0509 epis: 0.0001 loss: 20.1124 
episode: 447 count: 338 score: 195.6897 average_last200: 115.1532 epis: 0.0001 loss: 43.2787 
episode: 448 count: 233 score: -62.1270 average_last200: 115.0390 epis: 0.0001 loss: 27.4770 
episode: 449 count: 403 score: 218.1144 average_last200: 116.2908 epis: 0.0001 loss: 58.4758 
episode: 450 count: 191 score: -16.0218 average_last200: 116.3332 epis: 0.0001 loss: 23.5433 
episode: 451 count: 302 score: 186.8462 average_last200: 116.2485 epis: 0.0001 loss: 35.9705 
episode: 452 count: 138 score: -25.4276 average_last200: 115.3838 epis: 0.0001 loss: 16.1295 
episode: 453 count: 463 score: 185.2254 average_last200: 115.3696 epis: 0.0001 loss: 59.6866 
episode: 454 count: 386 score: 213.6415 average_last200: 115.6238 epis: 0.0001 loss: 51.2151 
episode: 455 count: 140 score: -13.2284 average_last200: 114.4321 epis: 0.0001 loss: 13.9714 
episode: 456 count: 351 score: 233.5525 average_last200: 114.5815 epis: 0.0001 loss: 52.0516 
episode: 457 count: 422 score: 216.5689 average_last200: 114.6048 epis: 0.0001 loss: 47.4977 
episode: 458 count: 763 score: 145.7494 average_last200: 114.4613 epis: 0.0001 loss: 98.8923 
episode: 459 count: 187 score: 15.3555 average_last200: 113.6092 epis: 0.0001 loss: 27.0374 
episode: 460 count: 127 score: -25.3279 average_last200: 112.6976 epis: 0.0001 loss: 13.3900 
episode: 461 count: 541 score: 202.0232 average_last200: 112.7549 epis: 0.0001 loss: 64.7221 
episode: 462 count: 401 score: 168.6951 average_last200: 112.8768 epis: 0.0001 loss: 49.4504 
episode: 463 count: 258 score: -8.9096 average_last200: 111.8248 epis: 0.0001 loss: 26.1395 
episode: 464 count: 123 score: -45.2003 average_last200: 111.7057 epis: 0.0001 loss: 15.2633 
episode: 465 count: 541 score: 183.5860 average_last200: 112.7394 epis: 0.0001 loss: 80.4976 
episode: 466 count: 305 score: 213.0508 average_last200: 112.9865 epis: 0.0001 loss: 41.9013 
episode: 467 count: 248 score: 214.3374 average_last200: 113.0586 epis: 0.0001 loss: 36.3686 
episode: 468 count: 334 score: 229.5203 average_last200: 113.0674 epis: 0.0001 loss: 39.1760 
episode: 469 count: 391 score: 166.0397 average_last200: 114.3032 epis: 0.0001 loss: 54.4436 
episode: 470 count: 366 score: 202.4277 average_last200: 114.2436 epis: 0.0001 loss: 47.7729 
episode: 471 count: 427 score: 181.5730 average_last200: 114.2569 epis: 0.0001 loss: 63.6214 
episode: 472 count: 497 score: 202.2631 average_last200: 114.3428 epis: 0.0001 loss: 69.0179 
episode: 473 count: 464 score: 209.2149 average_last200: 114.4254 epis: 0.0001 loss: 61.7270 
episode: 474 count: 243 score: 196.2836 average_last200: 114.5293 epis: 0.0001 loss: 31.3876 
episode: 475 count: 354 score: 213.1015 average_last200: 114.3328 epis: 0.0001 loss: 47.7615 
episode: 476 count: 294 score: 203.9384 average_last200: 115.5438 epis: 0.0001 loss: 43.3926 
episode: 477 count: 359 score: 215.2291 average_last200: 116.6036 epis: 0.0001 loss: 47.1886 
episode: 478 count: 272 score: 218.1037 average_last200: 117.7873 epis: 0.0001 loss: 37.4551 
episode: 479 count: 386 score: 227.2899 average_last200: 118.0295 epis: 0.0001 loss: 53.8249 
episode: 480 count: 277 score: 206.3126 average_last200: 118.0148 epis: 0.0001 loss: 36.2192 
episode: 481 count: 377 score: 229.7080 average_last200: 118.2230 epis: 0.0001 loss: 47.2217 
episode: 482 count: 399 score: 215.2394 average_last200: 118.4231 epis: 0.0001 loss: 60.9293 
episode: 483 count: 307 score: 241.7561 average_last200: 118.7110 epis: 0.0001 loss: 36.2300 
episode: 484 count: 407 score: 181.7832 average_last200: 119.6717 epis: 0.0001 loss: 56.4442 
episode: 485 count: 351 score: 183.8405 average_last200: 119.8241 epis: 0.0001 loss: 56.0206 
episode: 486 count: 268 score: 184.1112 average_last200: 119.8563 epis: 0.0001 loss: 37.2063 
episode: 487 count: 581 score: 192.6582 average_last200: 120.7841 epis: 0.0001 loss: 73.2206 
episode: 488 count: 207 score: 228.0216 average_last200: 120.8304 epis: 0.0001 loss: 20.8135 
episode: 489 count: 102 score: -59.6333 average_last200: 119.4174 epis: 0.0001 loss: 19.5597 
episode: 490 count: 190 score: 25.0616 average_last200: 118.5316 epis: 0.0000 loss: 20.7441 
episode: 491 count: 367 score: 193.9975 average_last200: 118.3983 epis: 0.0000 loss: 55.7555 
episode: 492 count: 391 score: 201.6459 average_last200: 119.4529 epis: 0.0000 loss: 59.2580 
episode: 493 count: 514 score: 172.8251 average_last200: 120.4096 epis: 0.0000 loss: 66.1981 
episode: 494 count: 851 score: 188.7704 average_last200: 120.9281 epis: 0.0000 loss: 130.6517 
episode: 495 count: 326 score: 177.7361 average_last200: 121.7869 epis: 0.0000 loss: 46.6411 
episode: 496 count: 337 score: 214.8401 average_last200: 123.1503 epis: 0.0000 loss: 45.5143 
episode: 497 count: 310 score: 221.3198 average_last200: 124.2216 epis: 0.0000 loss: 42.0590 
episode: 498 count: 339 score: 217.3346 average_last200: 124.3585 epis: 0.0000 loss: 50.8150 
episode: 499 count: 206 score: 237.5987 average_last200: 124.4731 epis: 0.0000 loss: 37.6972 
episode: 500 count: 93 score: 0.2316 average_last200: 124.4402 epis: 0.0000 loss: 11.1548 
episode: 501 count: 201 score: 232.7351 average_last200: 125.8406 epis: 0.0000 loss: 31.4419 
episode: 502 count: 233 score: 187.9130 average_last200: 126.7686 epis: 0.0000 loss: 34.3097 
episode: 503 count: 201 score: -62.0922 average_last200: 125.6279 epis: 0.0000 loss: 23.7627 
episode: 504 count: 237 score: 215.1073 average_last200: 126.7977 epis: 0.0000 loss: 36.4428 
episode: 505 count: 254 score: 184.2232 average_last200: 127.7185 epis: 0.0000 loss: 31.1276 
episode: 506 count: 300 score: 180.9874 average_last200: 127.6722 epis: 0.0000 loss: 45.7743 
episode: 507 count: 298 score: -8.6516 average_last200: 127.6474 epis: 0.0000 loss: 50.6420 
episode: 508 count: 191 score: -17.4337 average_last200: 127.8149 epis: 0.0000 loss: 28.8086 
episode: 509 count: 367 score: -104.2781 average_last200: 127.4114 epis: 0.0000 loss: 42.9809 
episode: 510 count: 394 score: 198.9416 average_last200: 127.5705 epis: 0.0000 loss: 45.3988 
episode: 511 count: 353 score: 188.8414 average_last200: 127.4159 epis: 0.0000 loss: 50.7146 
episode: 512 count: 394 score: -13.0717 average_last200: 126.5832 epis: 0.0000 loss: 59.9835 
episode: 513 count: 361 score: 160.8201 average_last200: 126.9326 epis: 0.0000 loss: 45.0228 
episode: 514 count: 588 score: 153.2957 average_last200: 126.8274 epis: 0.0000 loss: 82.0530 
episode: 515 count: 433 score: 174.8897 average_last200: 126.5033 epis: 0.0000 loss: 60.6586 
episode: 516 count: 224 score: 191.3248 average_last200: 126.3834 epis: 0.0000 loss: 32.8069 
episode: 517 count: 340 score: 182.9424 average_last200: 126.4234 epis: 0.0000 loss: 57.0129 
episode: 518 count: 168 score: 14.1950 average_last200: 125.3260 epis: 0.0000 loss: 27.9070 
episode: 519 count: 324 score: 194.5115 average_last200: 125.3866 epis: 0.0000 loss: 46.3415 
episode: 520 count: 335 score: 176.9915 average_last200: 126.4984 epis: 0.0000 loss: 45.2663 
episode: 521 count: 273 score: 242.6900 average_last200: 127.8545 epis: 0.0000 loss: 43.5261 
episode: 522 count: 361 score: 215.2788 average_last200: 127.8802 epis: 0.0000 loss: 49.4511 
episode: 523 count: 502 score: 194.0810 average_last200: 127.6098 epis: 0.0000 loss: 61.7437 
episode: 524 count: 386 score: 207.5091 average_last200: 128.8468 epis: 0.0000 loss: 51.5766 
episode: 525 count: 273 score: 214.2342 average_last200: 129.8601 epis: 0.0000 loss: 39.7033 
episode: 526 count: 296 score: 209.2340 average_last200: 129.8156 epis: 0.0000 loss: 34.1255 
episode: 527 count: 225 score: 191.7044 average_last200: 131.1763 epis: 0.0000 loss: 39.2269 
episode: 528 count: 899 score: 200.7948 average_last200: 130.9729 epis: 0.0000 loss: 131.1491 
episode: 529 count: 232 score: 207.4625 average_last200: 131.1222 epis: 0.0000 loss: 29.8911 
episode: 530 count: 341 score: 210.6679 average_last200: 131.2797 epis: 0.0000 loss: 47.1781 
episode: 531 count: 352 score: 187.8122 average_last200: 132.2701 epis: 0.0000 loss: 49.7326 
episode: 532 count: 502 score: 213.4390 average_last200: 132.4269 epis: 0.0000 loss: 82.0637 
episode: 533 count: 334 score: 192.7765 average_last200: 133.4916 epis: 0.0000 loss: 48.7669 
episode: 534 count: 366 score: 203.5187 average_last200: 134.6255 epis: 0.0000 loss: 53.4915 
episode: 535 count: 259 score: 185.0861 average_last200: 134.4021 epis: 0.0000 loss: 34.7171 
episode: 536 count: 328 score: 247.5393 average_last200: 134.4240 epis: 0.0000 loss: 50.4661 
episode: 537 count: 393 score: 199.3148 average_last200: 135.6106 epis: 0.0000 loss: 53.1693 
episode: 538 count: 607 score: 134.5943 average_last200: 136.3839 epis: 0.0000 loss: 79.7983 
episode: 539 count: 155 score: 4.1121 average_last200: 136.5604 epis: 0.0000 loss: 21.7710 
episode: 540 count: 207 score: 227.4236 average_last200: 137.8030 epis: 0.0000 loss: 28.9644 
episode: 541 count: 439 score: 158.4856 average_last200: 138.7831 epis: 0.0000 loss: 73.0785 
episode: 542 count: 307 score: 184.2311 average_last200: 138.7713 epis: 0.0000 loss: 45.3242 
episode: 543 count: 1000 score: 62.4029 average_last200: 139.3421 epis: 0.0000 loss: 149.2117 
episode: 544 count: 453 score: 182.3784 average_last200: 140.3967 epis: 0.0000 loss: 80.0527 
episode: 545 count: 544 score: 202.1408 average_last200: 140.3350 epis: 0.0000 loss: 83.2685 
episode: 546 count: 442 score: 181.6174 average_last200: 140.3793 epis: 0.0000 loss: 60.3304 
episode: 547 count: 334 score: 198.6113 average_last200: 140.7002 epis: 0.0000 loss: 52.4615 
episode: 548 count: 341 score: 197.6518 average_last200: 140.8155 epis: 0.0000 loss: 46.7033 
episode: 549 count: 1000 score: 40.4109 average_last200: 141.2264 epis: 0.0000 loss: 149.3559 
episode: 550 count: 646 score: 136.8550 average_last200: 142.0649 epis: 0.0000 loss: 96.2085 
episode: 551 count: 253 score: 257.2387 average_last200: 143.2156 epis: 0.0000 loss: 32.6750 
episode: 552 count: 437 score: 207.7708 average_last200: 143.5247 epis: 0.0000 loss: 70.6957 
episode: 553 count: 187 score: -59.3817 average_last200: 142.1117 epis: 0.0000 loss: 25.9319 
episode: 554 count: 369 score: 198.0245 average_last200: 143.4535 epis: 0.0000 loss: 57.6538 
episode: 555 count: 368 score: 178.9381 average_last200: 144.3479 epis: 0.0000 loss: 52.2311 
episode: 556 count: 437 score: 164.4827 average_last200: 143.9698 epis: 0.0000 loss: 56.4743 
episode: 557 count: 356 score: 190.9515 average_last200: 143.8099 epis: 0.0000 loss: 55.3507 
episode: 558 count: 348 score: 167.5151 average_last200: 143.5413 epis: 0.0000 loss: 51.4087 
episode: 559 count: 356 score: 183.2889 average_last200: 144.4763 epis: 0.0000 loss: 53.9688 
episode: 560 count: 376 score: 191.9768 average_last200: 145.5380 epis: 0.0000 loss: 53.1816 
episode: 561 count: 419 score: 191.4009 average_last200: 146.4574 epis: 0.0000 loss: 57.2870 
episode: 562 count: 485 score: 149.5109 average_last200: 147.2282 epis: 0.0000 loss: 70.4568 
episode: 563 count: 398 score: 149.3563 average_last200: 146.8325 epis: 0.0000 loss: 59.8865 
episode: 564 count: 414 score: 220.3742 average_last200: 147.9447 epis: 0.0000 loss: 72.7963 
episode: 565 count: 498 score: 169.4405 average_last200: 148.8614 epis: 0.0000 loss: 77.1022 
episode: 566 count: 246 score: 1.6787 average_last200: 147.9260 epis: 0.0000 loss: 29.2161 
episode: 567 count: 309 score: 216.7616 average_last200: 149.0812 epis: 0.0000 loss: 39.3278 
episode: 568 count: 273 score: 222.9617 average_last200: 150.3578 epis: 0.0000 loss: 39.8436 
episode: 569 count: 250 score: -40.0065 average_last200: 150.2290 epis: 0.0000 loss: 37.6408 
episode: 570 count: 327 score: 206.1836 average_last200: 150.0793 epis: 0.0000 loss: 43.9697 
episode: 571 count: 399 score: -128.7067 average_last200: 148.9791 epis: 0.0000 loss: 64.5865 
episode: 572 count: 395 score: 169.1713 average_last200: 148.9688 epis: 0.0000 loss: 56.1348 
episode: 573 count: 533 score: 180.6788 average_last200: 148.9149 epis: 0.0000 loss: 69.6324 
episode: 574 count: 249 score: 204.5016 average_last200: 149.2310 epis: 0.0000 loss: 35.6020 
episode: 575 count: 197 score: -57.8075 average_last200: 147.7035 epis: 0.0000 loss: 33.4759 
episode: 576 count: 256 score: 189.3252 average_last200: 147.9267 epis: 0.0000 loss: 36.6134 
episode: 577 count: 383 score: 225.1115 average_last200: 148.3585 epis: 0.0000 loss: 54.4180 
episode: 578 count: 353 score: 232.1723 average_last200: 149.7059 epis: 0.0000 loss: 47.3571 
episode: 579 count: 202 score: -49.3265 average_last200: 148.4768 epis: 0.0000 loss: 27.2187 
episode: 580 count: 566 score: 208.1900 average_last200: 149.6759 epis: 0.0000 loss: 85.9747 
episode: 581 count: 1000 score: -48.9539 average_last200: 148.7093 epis: 0.0000 loss: 138.3364 
episode: 582 count: 411 score: 218.9728 average_last200: 148.6400 epis: 0.0000 loss: 58.7147 
episode: 583 count: 325 score: 217.9563 average_last200: 149.1890 epis: 0.0000 loss: 52.4597 
episode: 584 count: 420 score: 233.3810 average_last200: 149.3154 epis: 0.0000 loss: 63.3573 
episode: 585 count: 653 score: 118.1852 average_last200: 148.8719 epis: 0.0000 loss: 99.2986 
episode: 586 count: 349 score: -113.5614 average_last200: 147.1595 epis: 0.0000 loss: 47.9453 
episode: 587 count: 617 score: 175.7147 average_last200: 147.0538 epis: 0.0000 loss: 81.7411 
episode: 588 count: 461 score: 170.3952 average_last200: 147.1819 epis: 0.0000 loss: 64.8560 
episode: 589 count: 562 score: 227.9156 average_last200: 148.4128 epis: 0.0000 loss: 73.6010 
episode: 590 count: 430 score: 129.3028 average_last200: 148.1237 epis: 0.0000 loss: 63.5816 
episode: 591 count: 571 score: 133.2691 average_last200: 147.7598 epis: 0.0000 loss: 86.5743 
episode: 592 count: 682 score: 156.6335 average_last200: 147.7751 epis: 0.0000 loss: 98.5528 
episode: 593 count: 453 score: 171.2885 average_last200: 148.9681 epis: 0.0000 loss: 64.7293 
episode: 594 count: 551 score: 182.3187 average_last200: 149.8381 epis: 0.0000 loss: 75.1911 
episode: 595 count: 287 score: -12.1401 average_last200: 148.7993 epis: 0.0000 loss: 36.9273 
episode: 596 count: 408 score: 205.2732 average_last200: 149.7369 epis: 0.0000 loss: 51.2919 
episode: 597 count: 549 score: 160.4595 average_last200: 149.4384 epis: 0.0000 loss: 75.2624 
episode: 598 count: 539 score: 134.0402 average_last200: 149.1392 epis: 0.0000 loss: 69.3464 
episode: 599 count: 311 score: -82.1639 average_last200: 148.8848 epis: 0.0000 loss: 40.5506 
episode: 600 count: 749 score: 141.6398 average_last200: 148.4803 epis: 0.0000 loss: 114.5438 
episode: 601 count: 693 score: 147.3899 average_last200: 148.2782 epis: 0.0000 loss: 88.8567 
episode: 602 count: 510 score: 190.9507 average_last200: 148.0881 epis: 0.0000 loss: 62.4121 
episode: 603 count: 545 score: 138.3691 average_last200: 148.0231 epis: 0.0000 loss: 68.7131 
episode: 604 count: 501 score: 186.3051 average_last200: 147.7893 epis: 0.0000 loss: 65.3213 
episode: 605 count: 522 score: 144.7153 average_last200: 147.7137 epis: 0.0000 loss: 74.7715 
episode: 606 count: 438 score: 214.5242 average_last200: 149.0987 epis: 0.0000 loss: 59.1615 
episode: 607 count: 314 score: 193.7838 average_last200: 149.1235 epis: 0.0000 loss: 42.3202 
episode: 608 count: 452 score: 175.8797 average_last200: 149.0723 epis: 0.0000 loss: 58.4701 
episode: 609 count: 1000 score: -49.4824 average_last200: 147.8798 epis: 0.0000 loss: 127.5877 
episode: 610 count: 501 score: 165.8726 average_last200: 147.5860 epis: 0.0000 loss: 69.8500 
episode: 611 count: 590 score: 202.1147 average_last200: 147.4098 epis: 0.0000 loss: 82.4311 
episode: 612 count: 407 score: 187.0117 average_last200: 147.5182 epis: 0.0000 loss: 64.3582 
episode: 613 count: 546 score: 131.2098 average_last200: 146.9417 epis: 0.0000 loss: 70.1205 
episode: 614 count: 555 score: 188.7860 average_last200: 148.0141 epis: 0.0000 loss: 64.6613 
episode: 615 count: 525 score: 154.8054 average_last200: 147.9057 epis: 0.0000 loss: 74.1121 
episode: 616 count: 672 score: 124.7157 average_last200: 147.4046 epis: 0.0000 loss: 90.2897 
episode: 617 count: 302 score: 213.2436 average_last200: 148.6369 epis: 0.0000 loss: 36.3119 
episode: 618 count: 260 score: -88.8049 average_last200: 147.2386 epis: 0.0000 loss: 40.7718 
episode: 619 count: 502 score: 156.8072 average_last200: 146.8460 epis: 0.0000 loss: 67.1805 
episode: 620 count: 437 score: 194.0959 average_last200: 146.7980 epis: 0.0000 loss: 55.8825 
episode: 621 count: 412 score: 225.0815 average_last200: 146.9602 epis: 0.0000 loss: 52.1965 
episode: 622 count: 568 score: 153.9778 average_last200: 147.6095 epis: 0.0000 loss: 78.8017 
episode: 623 count: 471 score: 178.8739 average_last200: 147.4309 epis: 0.0000 loss: 70.5047 
episode: 624 count: 377 score: 214.8704 average_last200: 147.3844 epis: 0.0000 loss: 45.3372 
episode: 625 count: 916 score: 98.0143 average_last200: 147.9837 epis: 0.0000 loss: 111.9414 
episode: 626 count: 396 score: 220.2625 average_last200: 149.1501 epis: 0.0000 loss: 55.1491 
episode: 627 count: 391 score: 158.5662 average_last200: 148.9982 epis: 0.0000 loss: 45.5922 
episode: 628 count: 399 score: 155.4752 average_last200: 148.8964 epis: 0.0000 loss: 51.7221 
episode: 629 count: 464 score: 189.9044 average_last200: 148.9406 epis: 0.0000 loss: 61.0348 
episode: 630 count: 376 score: 198.3020 average_last200: 148.8840 epis: 0.0000 loss: 58.0863 
episode: 631 count: 291 score: 242.7374 average_last200: 148.9058 epis: 0.0000 loss: 38.3259 
episode: 632 count: 347 score: 230.4746 average_last200: 148.9416 epis: 0.0000 loss: 53.1910 
episode: 633 count: 412 score: 196.8294 average_last200: 149.9578 epis: 0.0000 loss: 63.2815 
episode: 634 count: 320 score: 208.8105 average_last200: 149.9549 epis: 0.0000 loss: 46.7683 
episode: 635 count: 308 score: 169.9920 average_last200: 149.8439 epis: 0.0000 loss: 44.9490 
episode: 636 count: 341 score: 235.2956 average_last200: 150.1791 epis: 0.0000 loss: 36.8976 
episode: 637 count: 468 score: 180.6619 average_last200: 150.1220 epis: 0.0000 loss: 57.5312 
episode: 638 count: 709 score: 175.5680 average_last200: 151.2136 epis: 0.0000 loss: 94.7704 
episode: 639 count: 452 score: 218.4253 average_last200: 152.2284 epis: 0.0000 loss: 52.3143 
episode: 640 count: 245 score: 260.5597 average_last200: 152.3898 epis: 0.0000 loss: 32.7480 
episode: 641 count: 421 score: 179.6760 average_last200: 152.4521 epis: 0.0000 loss: 55.5474 
episode: 642 count: 713 score: 131.8934 average_last200: 153.1541 epis: 0.0000 loss: 83.6377 
episode: 643 count: 514 score: 161.3919 average_last200: 152.8486 epis: 0.0000 loss: 72.7111 
episode: 644 count: 273 score: 215.9300 average_last200: 153.8846 epis: 0.0000 loss: 34.6917 
episode: 645 count: 370 score: 178.2575 average_last200: 154.7487 epis: 0.0000 loss: 48.2468 
episode: 646 count: 543 score: 179.4932 average_last200: 155.8796 epis: 0.0000 loss: 71.3635 
episode: 647 count: 704 score: 158.3006 average_last200: 155.6926 epis: 0.0000 loss: 83.8198 
episode: 648 count: 426 score: 192.6960 average_last200: 156.9667 epis: 0.0000 loss: 55.3206 
episode: 649 count: 443 score: 206.8547 average_last200: 156.9104 epis: 0.0000 loss: 57.7121 
episode: 650 count: 441 score: 188.3641 average_last200: 157.9324 epis: 0.0000 loss: 48.8674 
episode: 651 count: 492 score: 164.3596 average_last200: 157.8199 epis: 0.0000 loss: 60.1662 
episode: 652 count: 856 score: 100.8208 average_last200: 158.4512 epis: 0.0000 loss: 113.5428 
episode: 653 count: 818 score: 136.3238 average_last200: 158.2067 epis: 0.0000 loss: 104.4799 
episode: 654 count: 446 score: 194.1490 average_last200: 158.1092 epis: 0.0000 loss: 63.5302 
episode: 655 count: 814 score: 137.6106 average_last200: 158.8634 epis: 0.0000 loss: 115.5777 
episode: 656 count: 732 score: 148.6280 average_last200: 158.4388 epis: 0.0000 loss: 98.9222 
episode: 657 count: 739 score: 110.2433 average_last200: 157.9071 epis: 0.0000 loss: 103.5918 
episode: 658 count: 452 score: 176.8100 average_last200: 158.0624 epis: 0.0000 loss: 62.1653 
episode: 659 count: 375 score: 212.9155 average_last200: 159.0502 epis: 0.0000 loss: 52.1958 
episode: 660 count: 504 score: 186.3459 average_last200: 160.1086 epis: 0.0000 loss: 59.2698 
episode: 661 count: 544 score: 192.2642 average_last200: 160.0598 epis: 0.0000 loss: 65.1977 
episode: 662 count: 708 score: 178.8773 average_last200: 160.1107 epis: 0.0000 loss: 97.6386 
episode: 663 count: 450 score: 222.5865 average_last200: 161.2682 epis: 0.0000 loss: 60.2217 
episode: 664 count: 481 score: 162.6557 average_last200: 162.3075 epis: 0.0000 loss: 61.5129 
episode: 665 count: 386 score: 151.0467 average_last200: 162.1448 epis: 0.0000 loss: 42.5402 
episode: 666 count: 956 score: 120.0860 average_last200: 161.6800 epis: 0.0000 loss: 115.2927 
episode: 667 count: 599 score: 156.0503 average_last200: 161.3885 epis: 0.0000 loss: 81.4208 
episode: 668 count: 423 score: 188.3808 average_last200: 161.1828 epis: 0.0000 loss: 52.6262 
episode: 669 count: 753 score: 117.0962 average_last200: 160.9381 epis: 0.0000 loss: 99.2391 
episode: 670 count: 313 score: 227.4256 average_last200: 161.0631 epis: 0.0000 loss: 37.7646 
episode: 671 count: 555 score: 219.2636 average_last200: 161.2516 epis: 0.0000 loss: 69.0081 
episode: 672 count: 382 score: 171.3955 average_last200: 161.0972 epis: 0.0000 loss: 47.0012 
episode: 673 count: 278 score: 217.3789 average_last200: 161.1380 epis: 0.0000 loss: 37.9716 
episode: 674 count: 607 score: 208.9675 average_last200: 161.2015 epis: 0.0000 loss: 75.0187 
episode: 675 count: 728 score: 152.5420 average_last200: 160.8987 epis: 0.0000 loss: 85.9262 
episode: 676 count: 219 score: -61.3874 average_last200: 159.5720 epis: 0.0000 loss: 29.6176 
episode: 677 count: 417 score: 199.9248 average_last200: 159.4955 epis: 0.0000 loss: 52.1375 
episode: 678 count: 311 score: 175.7161 average_last200: 159.2836 epis: 0.0000 loss: 40.5157 
episode: 679 count: 569 score: 202.7741 average_last200: 159.1610 epis: 0.0000 loss: 71.9713 
episode: 680 count: 226 score: 18.9493 average_last200: 158.2242 epis: 0.0000 loss: 28.8546 
episode: 681 count: 536 score: 177.7017 average_last200: 157.9641 epis: 0.0000 loss: 62.6249 
episode: 682 count: 412 score: 181.5502 average_last200: 157.7957 epis: 0.0000 loss: 50.9568 
episode: 683 count: 605 score: 178.6136 average_last200: 157.4800 epis: 0.0000 loss: 73.8696 
episode: 684 count: 432 score: -15.9196 average_last200: 156.4915 epis: 0.0000 loss: 45.8303 
episode: 685 count: 328 score: 213.8427 average_last200: 156.6415 epis: 0.0000 loss: 42.0195 
episode: 686 count: 211 score: 228.3563 average_last200: 156.8627 epis: 0.0000 loss: 21.0278 
episode: 687 count: 491 score: 210.7099 average_last200: 156.9530 epis: 0.0000 loss: 55.4215 
episode: 688 count: 301 score: -218.8159 average_last200: 154.7188 epis: 0.0000 loss: 41.0301 
episode: 689 count: 341 score: 241.7186 average_last200: 156.2255 epis: 0.0000 loss: 49.2713 
episode: 690 count: 239 score: 240.2000 average_last200: 157.3012 epis: 0.0000 loss: 23.3457 
episode: 691 count: 386 score: 162.5856 average_last200: 157.1442 epis: 0.0000 loss: 43.6569 
episode: 692 count: 551 score: 179.1431 average_last200: 157.0317 epis: 0.0000 loss: 65.6277 
episode: 693 count: 239 score: 198.4515 average_last200: 157.1598 epis: 0.0000 loss: 27.5538 
episode: 694 count: 507 score: 186.2061 average_last200: 157.1470 epis: 0.0000 loss: 51.4592 
episode: 695 count: 625 score: 166.2865 average_last200: 157.0897 epis: 0.0000 loss: 78.0614 
episode: 696 count: 655 score: 191.3073 average_last200: 156.9721 epis: 0.0000 loss: 75.6597 
episode: 697 count: 338 score: 212.6306 average_last200: 156.9286 epis: 0.0000 loss: 43.1846 
episode: 698 count: 433 score: 221.2301 average_last200: 156.9481 epis: 0.0000 loss: 52.1546 
episode: 699 count: 431 score: 181.0928 average_last200: 156.6656 epis: 0.0000 loss: 42.5586 
episode: 700 count: 722 score: 177.4819 average_last200: 157.5518 epis: 0.0000 loss: 94.3779 
episode: 701 count: 355 score: 142.2052 average_last200: 157.0992 epis: 0.0000 loss: 41.7986 
episode: 702 count: 540 score: 199.5588 average_last200: 157.1574 epis: 0.0000 loss: 63.8561 
episode: 703 count: 413 score: 195.8645 average_last200: 158.4472 epis: 0.0000 loss: 51.1021 
episode: 704 count: 341 score: 167.3699 average_last200: 158.2085 epis: 0.0000 loss: 36.2883 
episode: 705 count: 366 score: 208.0723 average_last200: 158.3277 epis: 0.0000 loss: 44.8110 
episode: 706 count: 239 score: -81.5474 average_last200: 157.0151 epis: 0.0000 loss: 33.0292 
episode: 707 count: 224 score: -60.0954 average_last200: 156.7578 epis: 0.0000 loss: 34.9894 
episode: 708 count: 221 score: -50.7461 average_last200: 156.5913 epis: 0.0000 loss: 26.3053 
episode: 709 count: 263 score: -14.6541 average_last200: 157.0394 epis: 0.0000 loss: 27.4667 
episode: 710 count: 458 score: 216.1418 average_last200: 157.1254 epis: 0.0000 loss: 71.7850 
episode: 711 count: 341 score: 176.3453 average_last200: 157.0629 epis: 0.0000 loss: 38.3921 
episode: 712 count: 803 score: 109.0404 average_last200: 157.6735 epis: 0.0000 loss: 99.4269 
episode: 713 count: 430 score: 217.2430 average_last200: 157.9556 epis: 0.0000 loss: 50.3160 
episode: 714 count: 314 score: 215.5033 average_last200: 158.2666 epis: 0.0000 loss: 41.5479 
episode: 715 count: 308 score: 252.6184 average_last200: 158.6553 epis: 0.0000 loss: 34.8222 
episode: 716 count: 322 score: 204.7673 average_last200: 158.7225 epis: 0.0000 loss: 48.7249 
episode: 717 count: 477 score: 169.9330 average_last200: 158.6574 epis: 0.0000 loss: 60.2382 
episode: 718 count: 371 score: 229.5054 average_last200: 159.7340 epis: 0.0000 loss: 48.6397 
episode: 719 count: 260 score: 252.3770 average_last200: 160.0233 epis: 0.0000 loss: 32.7901 
episode: 720 count: 353 score: 187.1896 average_last200: 160.0743 epis: 0.0000 loss: 39.7615 
episode: 721 count: 336 score: 210.7314 average_last200: 159.9145 epis: 0.0000 loss: 40.0905 
episode: 722 count: 312 score: 218.8301 average_last200: 159.9323 epis: 0.0000 loss: 39.0025 
episode: 723 count: 544 score: 156.4218 average_last200: 159.7440 epis: 0.0000 loss: 71.9316 
episode: 724 count: 411 score: 150.5974 average_last200: 159.4594 epis: 0.0000 loss: 61.4216 
episode: 725 count: 521 score: 196.2146 average_last200: 159.3693 epis: 0.0000 loss: 68.9768 
episode: 726 count: 268 score: 209.5188 average_last200: 159.3707 epis: 0.0000 loss: 33.0108 
episode: 727 count: 313 score: 240.2996 average_last200: 159.6137 epis: 0.0000 loss: 33.4620 
episode: 728 count: 278 score: 233.5686 average_last200: 159.7776 epis: 0.0000 loss: 35.8032 
episode: 729 count: 379 score: 206.5050 average_last200: 159.7728 epis: 0.0000 loss: 48.3323 
episode: 730 count: 331 score: 237.6998 average_last200: 159.9080 epis: 0.0000 loss: 42.8252 
episode: 731 count: 364 score: 193.7880 average_last200: 159.9378 epis: 0.0000 loss: 45.7009 
episode: 732 count: 230 score: 226.5332 average_last200: 160.0033 epis: 0.0000 loss: 29.4637 
episode: 733 count: 207 score: 214.1384 average_last200: 160.1101 epis: 0.0000 loss: 26.3977 
episode: 734 count: 823 score: 118.9369 average_last200: 159.6872 epis: 0.0000 loss: 107.1324 
episode: 735 count: 289 score: 207.4568 average_last200: 159.7991 epis: 0.0000 loss: 37.4884 
episode: 736 count: 177 score: 221.1704 average_last200: 159.6672 epis: 0.0000 loss: 21.7981 
episode: 737 count: 261 score: 223.9832 average_last200: 159.7906 epis: 0.0000 loss: 29.1107 
episode: 738 count: 218 score: 199.4427 average_last200: 160.1148 epis: 0.0000 loss: 27.6790 
episode: 739 count: 330 score: 240.9650 average_last200: 161.2991 epis: 0.0000 loss: 42.9053 
episode: 740 count: 249 score: 189.3749 average_last200: 161.1088 epis: 0.0000 loss: 31.3614 
episode: 741 count: 329 score: 225.1529 average_last200: 161.4422 epis: 0.0000 loss: 38.1200 
episode: 742 count: 243 score: 208.4705 average_last200: 161.5634 epis: 0.0000 loss: 29.4344 
episode: 743 count: 288 score: 190.8680 average_last200: 162.2057 epis: 0.0000 loss: 34.2223 
episode: 744 count: 286 score: 232.7811 average_last200: 162.4577 epis: 0.0000 loss: 40.5108 
episode: 745 count: 355 score: 228.6501 average_last200: 162.5902 epis: 0.0000 loss: 44.7115 
episode: 746 count: 294 score: 229.7643 average_last200: 162.8310 epis: 0.0000 loss: 36.3756 
episode: 747 count: 389 score: 202.3284 average_last200: 162.8496 epis: 0.0000 loss: 48.4106 
episode: 748 count: 1000 score: -53.6241 average_last200: 161.5932 epis: 0.0000 loss: 127.1271 
episode: 749 count: 1000 score: -115.3137 average_last200: 160.8146 epis: 0.0000 loss: 132.1704 
episode: 750 count: 603 score: 168.0900 average_last200: 160.9707 epis: 0.0000 loss: 72.8417 
episode: 751 count: 196 score: 229.4968 average_last200: 160.8320 epis: 0.0000 loss: 18.5099 
episode: 752 count: 290 score: 187.6171 average_last200: 160.7313 epis: 0.0000 loss: 27.6812 
episode: 753 count: 442 score: 218.7610 average_last200: 162.1220 epis: 0.0000 loss: 55.0887 
episode: 754 count: 1000 score: -42.0684 average_last200: 160.9215 epis: 0.0000 loss: 120.9686 
episode: 755 count: 323 score: 237.3797 average_last200: 161.2137 epis: 0.0000 loss: 39.4907 
episode: 756 count: 376 score: 186.5035 average_last200: 161.3238 epis: 0.0000 loss: 44.9012 
episode: 757 count: 1000 score: -85.1544 average_last200: 159.9433 epis: 0.0000 loss: 113.4049 
episode: 758 count: 560 score: 174.9274 average_last200: 159.9804 epis: 0.0000 loss: 68.7639 
episode: 759 count: 334 score: 243.0123 average_last200: 160.2790 epis: 0.0000 loss: 35.2840 
episode: 760 count: 278 score: 198.6707 average_last200: 160.3124 epis: 0.0000 loss: 28.1653 
episode: 761 count: 261 score: 207.3773 average_last200: 160.3923 epis: 0.0000 loss: 32.6348 
episode: 762 count: 789 score: 143.6645 average_last200: 160.3631 epis: 0.0000 loss: 88.8817 
episode: 763 count: 248 score: 209.7011 average_last200: 160.6648 epis: 0.0000 loss: 29.6147 
episode: 764 count: 433 score: 174.4516 average_last200: 160.4352 epis: 0.0000 loss: 48.7210 
episode: 765 count: 267 score: 208.7624 average_last200: 160.6318 epis: 0.0000 loss: 37.6113 
episode: 766 count: 152 score: 14.8218 average_last200: 160.6975 epis: 0.0000 loss: 22.7553 
episode: 767 count: 277 score: 183.9947 average_last200: 160.5337 epis: 0.0000 loss: 37.1166 
episode: 768 count: 478 score: 140.1253 average_last200: 160.1195 epis: 0.0000 loss: 57.6781 
episode: 769 count: 326 score: 216.9907 average_last200: 161.4045 epis: 0.0000 loss: 40.5177 
episode: 770 count: 277 score: 223.4926 average_last200: 161.4910 epis: 0.0000 loss: 34.5091 
episode: 771 count: 204 score: 194.8392 average_last200: 163.1088 epis: 0.0000 loss: 18.3827 
episode: 772 count: 315 score: 217.4195 average_last200: 163.3500 epis: 0.0000 loss: 31.8025 
episode: 773 count: 303 score: 249.7715 average_last200: 163.6955 epis: 0.0000 loss: 33.2556 
episode: 774 count: 268 score: -7.9184 average_last200: 162.6334 epis: 0.0000 loss: 22.0139 
episode: 775 count: 309 score: 204.2403 average_last200: 163.9436 epis: 0.0000 loss: 34.2113 
episode: 776 count: 296 score: 182.8280 average_last200: 163.9111 epis: 0.0000 loss: 33.1106 
episode: 777 count: 277 score: 230.5100 average_last200: 163.9381 epis: 0.0000 loss: 36.0173 
episode: 778 count: 342 score: 248.6976 average_last200: 164.0207 epis: 0.0000 loss: 42.3710 
episode: 779 count: 1000 score: -63.3332 average_last200: 163.9507 epis: 0.0000 loss: 120.7294 
episode: 780 count: 204 score: 198.3483 average_last200: 163.9015 epis: 0.0000 loss: 18.3515 
episode: 781 count: 285 score: 246.3493 average_last200: 165.3780 epis: 0.0000 loss: 36.1888 
episode: 782 count: 304 score: 214.3827 average_last200: 165.3551 epis: 0.0000 loss: 32.9748 
episode: 783 count: 314 score: 228.5459 average_last200: 165.4080 epis: 0.0000 loss: 39.3090 
episode: 784 count: 327 score: 214.9759 average_last200: 165.3160 epis: 0.0000 loss: 34.6023 
episode: 785 count: 509 score: 206.9868 average_last200: 165.7600 epis: 0.0000 loss: 61.4569 
episode: 786 count: 527 score: 173.9549 average_last200: 167.1976 epis: 0.0000 loss: 56.0820 
episode: 787 count: 255 score: 196.4589 average_last200: 167.3013 epis: 0.0000 loss: 17.8435 
episode: 788 count: 238 score: 211.5035 average_last200: 167.5068 epis: 0.0000 loss: 31.3472 
episode: 789 count: 420 score: 205.3829 average_last200: 167.3942 epis: 0.0000 loss: 49.2097 
episode: 790 count: 228 score: 202.4227 average_last200: 167.7598 epis: 0.0000 loss: 29.7996 
episode: 791 count: 447 score: 179.8740 average_last200: 167.9928 epis: 0.0000 loss: 49.2555 
episode: 792 count: 443 score: 224.0472 average_last200: 168.3299 epis: 0.0000 loss: 56.5592 
episode: 793 count: 387 score: 212.1370 average_last200: 168.5341 epis: 0.0000 loss: 45.6272 
episode: 794 count: 382 score: 223.0630 average_last200: 168.7378 epis: 0.0000 loss: 45.5696 
episode: 795 count: 1000 score: -26.2946 average_last200: 168.6671 epis: 0.0000 loss: 117.1292 
episode: 796 count: 448 score: 191.7389 average_last200: 168.5994 epis: 0.0000 loss: 45.8513 
episode: 797 count: 429 score: 182.5480 average_last200: 168.7098 epis: 0.0000 loss: 45.9503 
episode: 798 count: 489 score: 200.1461 average_last200: 169.0404 epis: 0.0000 loss: 52.6779 
episode: 799 count: 328 score: 168.2119 average_last200: 170.2922 epis: 0.0000 loss: 31.2165 
episode: 800 count: 580 score: 187.1583 average_last200: 170.5198 epis: 0.0000 loss: 66.7333 
episode: 801 count: 246 score: 213.2253 average_last200: 170.8490 epis: 0.0000 loss: 31.2764 
episode: 802 count: 215 score: 196.9980 average_last200: 170.8792 epis: 0.0000 loss: 18.3968 
episode: 803 count: 238 score: 231.9848 average_last200: 171.3473 epis: 0.0000 loss: 28.2292 
episode: 804 count: 406 score: 210.4417 average_last200: 171.4680 epis: 0.0000 loss: 46.6983 
episode: 805 count: 305 score: 231.7829 average_last200: 171.9033 epis: 0.0000 loss: 40.1987 
episode: 806 count: 235 score: 216.8805 average_last200: 171.9151 epis: 0.0000 loss: 21.2846 
episode: 807 count: 690 score: 121.6342 average_last200: 171.5544 epis: 0.0000 loss: 84.2480 
episode: 808 count: 367 score: 211.4166 average_last200: 171.7321 epis: 0.0000 loss: 36.8060 
episode: 809 count: 200 score: 231.0209 average_last200: 173.1346 epis: 0.0000 loss: 31.4089 
episode: 810 count: 292 score: 204.0117 average_last200: 173.3253 epis: 0.0000 loss: 32.4605 
episode: 811 count: 337 score: 10.5089 average_last200: 172.3672 epis: 0.0000 loss: 36.6405 
episode: 812 count: 452 score: 152.5738 average_last200: 172.1951 epis: 0.0000 loss: 49.9834 
episode: 813 count: 382 score: 216.1640 average_last200: 172.6198 epis: 0.0000 loss: 39.0732 
episode: 814 count: 256 score: 225.0519 average_last200: 172.8012 epis: 0.0000 loss: 26.5564 
episode: 815 count: 251 score: 207.7589 average_last200: 173.0659 epis: 0.0000 loss: 26.7649 
episode: 816 count: 191 score: 223.2969 average_last200: 173.5588 epis: 0.0000 loss: 24.8263 
episode: 817 count: 377 score: 202.6083 average_last200: 173.5057 epis: 0.0000 loss: 36.0549 
episode: 818 count: 274 score: 222.8718 average_last200: 175.0640 epis: 0.0000 loss: 30.0783 
episode: 819 count: 442 score: 212.6956 average_last200: 175.3435 epis: 0.0000 loss: 48.6027 
episode: 820 count: 213 score: 224.1601 average_last200: 175.4938 epis: 0.0000 loss: 21.4910 
episode: 821 count: 221 score: 221.1450 average_last200: 175.4741 epis: 0.0000 loss: 30.8303 
episode: 822 count: 328 score: 207.3386 average_last200: 175.7409 epis: 0.0000 loss: 35.3320 
episode: 823 count: 289 score: 225.1085 average_last200: 175.9721 epis: 0.0000 loss: 36.4808 
episode: 824 count: 259 score: 197.0782 average_last200: 175.8831 epis: 0.0000 loss: 29.4565 
episode: 825 count: 276 score: 18.7540 average_last200: 175.4868 epis: 0.0000 loss: 30.8830 
episode: 826 count: 535 score: 203.2718 average_last200: 175.4019 epis: 0.0000 loss: 55.4267 
episode: 827 count: 180 score: -2.1526 average_last200: 174.5983 epis: 0.0000 loss: 22.4814 
episode: 828 count: 241 score: 249.1678 average_last200: 175.0667 epis: 0.0000 loss: 24.4536 
episode: 829 count: 295 score: 223.0895 average_last200: 175.2327 epis: 0.0000 loss: 31.2487 
episode: 830 count: 265 score: 211.4238 average_last200: 175.2983 epis: 0.0000 loss: 29.1706 
episode: 831 count: 207 score: -20.6286 average_last200: 173.9815 epis: 0.0000 loss: 22.8887 
episode: 832 count: 211 score: 208.1668 average_last200: 173.8699 epis: 0.0000 loss: 21.7184 
episode: 833 count: 245 score: 219.5596 average_last200: 173.9836 epis: 0.0000 loss: 24.0795 
episode: 834 count: 184 score: -43.0420 average_last200: 172.7243 epis: 0.0000 loss: 22.9007 
episode: 835 count: 365 score: 199.0790 average_last200: 172.8697 epis: 0.0000 loss: 40.1822 
episode: 836 count: 215 score: 220.9493 average_last200: 172.7980 epis: 0.0000 loss: 19.7887 
episode: 837 count: 214 score: 201.2987 average_last200: 172.9012 epis: 0.0000 loss: 24.3408 
episode: 838 count: 457 score: 206.1763 average_last200: 173.0542 epis: 0.0000 loss: 61.0153 
episode: 839 count: 205 score: 216.8361 average_last200: 173.0463 epis: 0.0000 loss: 26.5258 
episode: 840 count: 336 score: 259.3973 average_last200: 173.0405 epis: 0.0000 loss: 38.9215 
episode: 841 count: 491 score: 209.3574 average_last200: 173.1889 epis: 0.0000 loss: 59.4290 
episode: 842 count: 389 score: 238.8279 average_last200: 173.7236 epis: 0.0000 loss: 48.2647 
episode: 843 count: 184 score: 210.7707 average_last200: 173.9704 epis: 0.0000 loss: 17.2206 
episode: 844 count: 204 score: 203.7013 average_last200: 173.9093 epis: 0.0000 loss: 30.8437 
episode: 845 count: 377 score: 206.1395 average_last200: 174.0487 epis: 0.0000 loss: 42.3160 
episode: 846 count: 202 score: 196.0866 average_last200: 174.1317 epis: 0.0000 loss: 26.0889 
episode: 847 count: 248 score: 236.1127 average_last200: 174.5207 epis: 0.0000 loss: 31.8545 
episode: 848 count: 395 score: 216.3361 average_last200: 174.6389 epis: 0.0000 loss: 43.0368 
episode: 849 count: 229 score: 224.1932 average_last200: 174.7256 epis: 0.0000 loss: 24.5580 
episode: 850 count: 450 score: 211.9515 average_last200: 174.8436 epis: 0.0000 loss: 50.2966 
episode: 851 count: 255 score: 183.4501 average_last200: 174.9390 epis: 0.0000 loss: 24.9939 
episode: 852 count: 112 score: -43.6432 average_last200: 174.2167 epis: 0.0000 loss: 8.4071 
episode: 853 count: 290 score: 202.5828 average_last200: 174.5480 epis: 0.0000 loss: 43.8734 
episode: 854 count: 266 score: 222.5097 average_last200: 174.6898 epis: 0.0000 loss: 36.3620 
episode: 855 count: 183 score: 204.8730 average_last200: 175.0261 epis: 0.0000 loss: 24.3704 
episode: 856 count: 244 score: 219.5128 average_last200: 175.3805 epis: 0.0000 loss: 27.8263 
episode: 857 count: 634 score: 190.6656 average_last200: 175.7826 epis: 0.0000 loss: 65.9609 
episode: 858 count: 247 score: 204.0848 average_last200: 175.9190 epis: 0.0000 loss: 25.1458 
episode: 859 count: 289 score: 215.4834 average_last200: 175.9319 epis: 0.0000 loss: 29.7009 
episode: 860 count: 337 score: 221.9504 average_last200: 176.1099 epis: 0.0000 loss: 37.9366 
episode: 861 count: 380 score: 215.0590 average_last200: 176.2239 epis: 0.0000 loss: 40.7668 
episode: 862 count: 285 score: 209.0590 average_last200: 176.3748 epis: 0.0000 loss: 26.8304 
episode: 863 count: 520 score: 200.4789 average_last200: 176.2642 epis: 0.0000 loss: 54.2000 
episode: 864 count: 340 score: 231.8569 average_last200: 176.6102 epis: 0.0000 loss: 39.8709 
episode: 865 count: 306 score: 248.4663 average_last200: 177.0973 epis: 0.0000 loss: 36.2176 
episode: 866 count: 300 score: 180.6905 average_last200: 177.4004 epis: 0.0000 loss: 36.2855 
episode: 867 count: 268 score: 185.1944 average_last200: 177.5461 epis: 0.0000 loss: 32.2927 
episode: 868 count: 711 score: 157.7094 average_last200: 177.3927 epis: 0.0000 loss: 77.5835 
episode: 869 count: 876 score: -83.3986 average_last200: 176.3902 epis: 0.0000 loss: 104.3680 
episode: 870 count: 384 score: 215.2339 average_last200: 176.3293 epis: 0.0000 loss: 47.3319 
episode: 871 count: 642 score: 134.4039 average_last200: 175.9050 epis: 0.0000 loss: 84.0353 
episode: 872 count: 268 score: 213.5988 average_last200: 176.1160 epis: 0.0000 loss: 26.6199 
episode: 873 count: 281 score: 209.2308 average_last200: 176.0753 epis: 0.0000 loss: 30.8201 
episode: 874 count: 292 score: 233.0574 average_last200: 176.1957 epis: 0.0000 loss: 35.7541 
episode: 875 count: 263 score: 226.8439 average_last200: 176.5672 epis: 0.0000 loss: 32.4494 
episode: 876 count: 258 score: 219.0497 average_last200: 177.9694 epis: 0.0000 loss: 29.3659 
episode: 877 count: 338 score: 220.3029 average_last200: 178.0713 epis: 0.0000 loss: 33.7747 
episode: 878 count: 217 score: 208.3406 average_last200: 178.2344 epis: 0.0000 loss: 26.3260 
episode: 879 count: 151 score: -13.6197 average_last200: 177.1525 epis: 0.0000 loss: 17.3704 
episode: 880 count: 536 score: 162.0039 average_last200: 177.8677 epis: 0.0000 loss: 77.7775 
episode: 881 count: 235 score: 186.2953 average_last200: 177.9107 epis: 0.0000 loss: 31.1399 
episode: 882 count: 306 score: 176.4888 average_last200: 177.8854 epis: 0.0000 loss: 33.4844 
episode: 883 count: 239 score: 233.5065 average_last200: 178.1599 epis: 0.0000 loss: 25.1686 
episode: 884 count: 303 score: 202.8653 average_last200: 179.2538 epis: 0.0000 loss: 35.6776 
episode: 885 count: 484 score: 227.9932 average_last200: 179.3245 epis: 0.0000 loss: 55.6793 
episode: 886 count: 374 score: 205.5841 average_last200: 179.2107 epis: 0.0000 loss: 42.2919 
episode: 887 count: 312 score: 227.4143 average_last200: 179.2942 epis: 0.0000 loss: 40.0465 
episode: 888 count: 220 score: 211.8140 average_last200: 181.4473 epis: 0.0000 loss: 30.1270 
episode: 889 count: 238 score: 259.6392 average_last200: 181.5369 epis: 0.0000 loss: 38.5359 
episode: 890 count: 287 score: -29.1342 average_last200: 180.1903 epis: 0.0000 loss: 40.7067 
episode: 891 count: 320 score: 235.2332 average_last200: 180.5535 epis: 0.0000 loss: 40.2314 
episode: 892 count: 845 score: 206.9092 average_last200: 180.6923 epis: 0.0000 loss: 104.5904 
episode: 893 count: 307 score: 217.3850 average_last200: 180.7870 epis: 0.0000 loss: 35.1670 
episode: 894 count: 340 score: 251.7945 average_last200: 181.1149 epis: 0.0000 loss: 40.6085 
episode: 895 count: 260 score: 209.9871 average_last200: 181.3335 epis: 0.0000 loss: 29.8761 
episode: 896 count: 236 score: 194.0371 average_last200: 181.3471 epis: 0.0000 loss: 29.8618 
episode: 897 count: 321 score: 239.7243 average_last200: 181.4826 epis: 0.0000 loss: 37.0910 
episode: 898 count: 235 score: 220.7903 average_last200: 181.4804 epis: 0.0000 loss: 34.0516 
episode: 899 count: 405 score: 213.1493 average_last200: 181.6407 epis: 0.0000 loss: 44.2369 
episode: 900 count: 219 score: 29.1300 average_last200: 180.8989 epis: 0.0000 loss: 20.8251 
episode: 901 count: 142 score: 31.5693 average_last200: 180.3457 epis: 0.0000 loss: 21.9216 
episode: 902 count: 354 score: 164.4498 average_last200: 180.1702 epis: 0.0000 loss: 50.9238 
episode: 903 count: 311 score: 237.4098 average_last200: 180.3779 epis: 0.0000 loss: 35.9110 
episode: 904 count: 635 score: 198.8019 average_last200: 180.5351 epis: 0.0000 loss: 81.0633 
episode: 905 count: 326 score: 246.2865 average_last200: 180.7261 epis: 0.0000 loss: 44.6912 
episode: 906 count: 290 score: 226.6777 average_last200: 182.2673 epis: 0.0000 loss: 35.7527 
episode: 907 count: 373 score: 163.9169 average_last200: 183.3873 epis: 0.0000 loss: 48.0798 
episode: 908 count: 339 score: 216.9562 average_last200: 184.7258 epis: 0.0000 loss: 42.1213 
episode: 909 count: 230 score: 224.4462 average_last200: 185.9213 epis: 0.0000 loss: 38.7933 
episode: 910 count: 291 score: 208.2324 average_last200: 185.8818 epis: 0.0000 loss: 38.3979 
episode: 911 count: 208 score: 19.8190 average_last200: 185.0991 epis: 0.0000 loss: 26.5296 
episode: 912 count: 352 score: 211.1880 average_last200: 185.6099 epis: 0.0000 loss: 45.2328 
episode: 913 count: 288 score: 231.9769 average_last200: 185.6836 epis: 0.0000 loss: 34.1024 
episode: 914 count: 588 score: 208.5720 average_last200: 185.6489 epis: 0.0000 loss: 69.9208 
episode: 915 count: 255 score: 216.9973 average_last200: 185.4708 epis: 0.0000 loss: 23.0317 
episode: 916 count: 381 score: 210.8971 average_last200: 185.5014 epis: 0.0000 loss: 56.0642 
episode: 917 count: 481 score: 213.4215 average_last200: 185.7189 epis: 0.0000 loss: 49.5543 
episode: 918 count: 242 score: 240.8392 average_last200: 185.7756 epis: 0.0000 loss: 40.8825 
episode: 919 count: 286 score: 213.2598 average_last200: 185.5800 epis: 0.0000 loss: 31.2008 
episode: 920 count: 319 score: 225.5232 average_last200: 185.7716 epis: 0.0000 loss: 40.0847 
episode: 921 count: 414 score: 185.3151 average_last200: 185.6446 epis: 0.0000 loss: 60.4735 
episode: 922 count: 161 score: -25.2300 average_last200: 184.4243 epis: 0.0000 loss: 21.8309 
episode: 923 count: 284 score: 241.3481 average_last200: 184.8489 epis: 0.0000 loss: 28.9584 
episode: 924 count: 376 score: 220.5324 average_last200: 185.1986 epis: 0.0000 loss: 44.9035 
episode: 925 count: 250 score: 211.4670 average_last200: 185.2748 epis: 0.0000 loss: 26.2311 
episode: 926 count: 203 score: 234.3153 average_last200: 185.3988 epis: 0.0000 loss: 27.7703 
episode: 927 count: 263 score: 214.5647 average_last200: 185.2701 epis: 0.0000 loss: 34.7289 
episode: 928 count: 247 score: 232.5676 average_last200: 185.2651 epis: 0.0000 loss: 40.0076 
episode: 929 count: 371 score: 173.1620 average_last200: 185.0984 epis: 0.0000 loss: 53.2336 
episode: 930 count: 381 score: 232.1585 average_last200: 185.0707 epis: 0.0000 loss: 51.5023 
episode: 931 count: 290 score: 225.7102 average_last200: 185.2303 epis: 0.0000 loss: 37.8567 
episode: 932 count: 352 score: 220.7987 average_last200: 185.2016 epis: 0.0000 loss: 49.3720 
episode: 933 count: 314 score: 193.7554 average_last200: 185.0997 epis: 0.0000 loss: 41.5204 
episode: 934 count: 350 score: 224.7096 average_last200: 185.6286 epis: 0.0000 loss: 43.2140 
episode: 935 count: 443 score: 235.6626 average_last200: 185.7696 epis: 0.0000 loss: 57.8333 
episode: 936 count: 286 score: 211.1645 average_last200: 185.7196 epis: 0.0000 loss: 35.1458 
episode: 937 count: 354 score: 233.5662 average_last200: 185.7675 epis: 0.0000 loss: 47.7439 
episode: 938 count: 493 score: 207.5112 average_last200: 185.8078 epis: 0.0000 loss: 62.3057 
episode: 939 count: 286 score: 214.0162 average_last200: 185.6731 epis: 0.0000 loss: 34.2981 
episode: 940 count: 371 score: 202.4745 average_last200: 185.7386 epis: 0.0000 loss: 49.2172 
episode: 941 count: 330 score: 237.3350 average_last200: 185.7995 epis: 0.0000 loss: 52.0654 
episode: 942 count: 431 score: 241.0124 average_last200: 185.9622 epis: 0.0000 loss: 60.8383 
episode: 943 count: 351 score: 213.4954 average_last200: 186.0754 epis: 0.0000 loss: 45.9528 
episode: 944 count: 345 score: 213.2448 average_last200: 185.9777 epis: 0.0000 loss: 47.1852 
episode: 945 count: 290 score: 214.7064 average_last200: 185.9080 epis: 0.0000 loss: 43.2308 
episode: 946 count: 430 score: 186.0315 average_last200: 185.6893 epis: 0.0000 loss: 58.3095 
episode: 947 count: 427 score: 231.9218 average_last200: 185.8373 epis: 0.0000 loss: 61.3068 
episode: 948 count: 423 score: 179.5122 average_last200: 187.0029 epis: 0.0000 loss: 55.6131 
episode: 949 count: 345 score: 243.0331 average_last200: 188.7947 epis: 0.0000 loss: 42.7570 
episode: 950 count: 295 score: 236.9158 average_last200: 189.1388 epis: 0.0000 loss: 45.2102 
episode: 951 count: 396 score: 181.3303 average_last200: 188.8980 epis: 0.0000 loss: 62.5241 
episode: 952 count: 387 score: 223.1861 average_last200: 189.0758 epis: 0.0000 loss: 51.7487 
episode: 953 count: 376 score: 231.1409 average_last200: 189.1377 epis: 0.0000 loss: 51.9918 
episode: 954 count: 462 score: 198.9277 average_last200: 190.3427 epis: 0.0000 loss: 66.7040 
episode: 955 count: 349 score: 226.6145 average_last200: 190.2889 epis: 0.0000 loss: 43.4930 
episode: 956 count: 426 score: 231.6687 average_last200: 190.5147 epis: 0.0000 loss: 62.7513 
episode: 957 count: 261 score: 213.2750 average_last200: 192.0068 epis: 0.0000 loss: 30.0464 
episode: 958 count: 559 score: 223.8625 average_last200: 192.2515 epis: 0.0000 loss: 77.1035 
episode: 959 count: 347 score: 214.0765 average_last200: 192.1068 epis: 0.0000 loss: 41.1551 
episode: 960 count: 367 score: 223.9947 average_last200: 192.2335 epis: 0.0000 loss: 51.4748 
episode: 961 count: 518 score: 181.6148 average_last200: 192.1046 epis: 0.0000 loss: 70.4345 
episode: 962 count: 562 score: 191.1005 average_last200: 192.3418 epis: 0.0000 loss: 68.7397 
episode: 963 count: 326 score: 215.2368 average_last200: 192.3695 epis: 0.0000 loss: 50.6624 
episode: 964 count: 238 score: 253.7957 average_last200: 192.7662 epis: 0.0000 loss: 34.6930 
episode: 965 count: 298 score: 216.9785 average_last200: 192.8073 epis: 0.0000 loss: 39.9769 
episode: 966 count: 258 score: 213.2920 average_last200: 193.7997 epis: 0.0000 loss: 36.7346 
episode: 967 count: 201 score: 208.1395 average_last200: 193.9204 epis: 0.0000 loss: 29.1828 
episode: 968 count: 278 score: 255.5837 average_last200: 194.4977 epis: 0.0000 loss: 39.4226 
episode: 969 count: 324 score: 221.3210 average_last200: 194.5193 epis: 0.0000 loss: 47.8413 
episode: 970 count: 315 score: 215.7569 average_last200: 194.4806 epis: 0.0000 loss: 35.8298 
episode: 971 count: 327 score: 238.6923 average_last200: 194.6999 epis: 0.0000 loss: 43.2429 
episode: 972 count: 293 score: 251.3615 average_last200: 194.8696 epis: 0.0000 loss: 39.9163 
episode: 973 count: 413 score: 209.3025 average_last200: 194.6673 epis: 0.0000 loss: 70.4783 
episode: 974 count: 307 score: 250.9541 average_last200: 195.9616 epis: 0.0000 loss: 40.4203 
episode: 975 count: 317 score: 205.7773 average_last200: 195.9693 epis: 0.0000 loss: 53.3937 
episode: 976 count: 317 score: 243.2327 average_last200: 196.2713 epis: 0.0000 loss: 44.4034 
episode: 977 count: 309 score: 236.6936 average_last200: 196.3023 epis: 0.0000 loss: 45.9123 
episode: 978 count: 384 score: 222.7475 average_last200: 196.1725 epis: 0.0000 loss: 51.0262 
episode: 979 count: 269 score: 230.5695 average_last200: 197.6420 epis: 0.0000 loss: 40.7821 
episode: 980 count: 268 score: 219.8513 average_last200: 197.7495 epis: 0.0000 loss: 30.6803 
episode: 981 count: 482 score: 215.6689 average_last200: 197.5961 epis: 0.0000 loss: 64.5072 
episode: 982 count: 252 score: 215.9857 average_last200: 197.6042 epis: 0.0000 loss: 28.9415 
episode: 983 count: 450 score: 233.4744 average_last200: 197.6288 epis: 0.0000 loss: 61.7526 
episode: 984 count: 295 score: 210.8640 average_last200: 197.6082 epis: 0.0000 loss: 35.5088 
episode: 985 count: 274 score: 184.4519 average_last200: 197.4956 epis: 0.0000 loss: 35.0122 
episode: 986 count: 307 score: 237.7121 average_last200: 197.8144 epis: 0.0000 loss: 39.3386 
episode: 987 count: 228 score: 232.8499 average_last200: 197.9963 epis: 0.0000 loss: 32.0482 
episode: 988 count: 185 score: -8.2887 average_last200: 196.8973 epis: 0.0000 loss: 22.1900 
episode: 989 count: 246 score: -43.5412 average_last200: 195.6527 epis: 0.0000 loss: 32.5508 
episode: 990 count: 325 score: 243.5766 average_last200: 195.8585 epis: 0.0000 loss: 48.7746 
episode: 991 count: 233 score: 195.7790 average_last200: 195.9380 epis: 0.0000 loss: 27.5837 
episode: 992 count: 371 score: 218.1658 average_last200: 195.9086 epis: 0.0000 loss: 51.5608 
episode: 993 count: 225 score: 219.1556 average_last200: 195.9437 epis: 0.0000 loss: 32.3584 
episode: 994 count: 304 score: 250.2764 average_last200: 196.0798 epis: 0.0000 loss: 37.8863 
episode: 995 count: 238 score: 238.0428 average_last200: 197.4015 epis: 0.0000 loss: 35.4515 
episode: 996 count: 315 score: 223.8113 average_last200: 197.5618 epis: 0.0000 loss: 45.7371 
episode: 997 count: 375 score: 245.5781 average_last200: 197.8770 epis: 0.0000 loss: 53.0129 
episode: 998 count: 314 score: 213.3902 average_last200: 197.9432 epis: 0.0000 loss: 41.7467 
episode: 999 count: 263 score: 249.5012 average_last200: 198.3496 epis: 0.0000 loss: 36.2680 
