[33mWARN: gym.spaces.Box autodetected dtype as <class 'numpy.float32'>. Please provide explicit dtype.[0m
All para: Epis 1000 memlen 100000 gamma 0.990 epsilon 0.993 alpha 0.00200 batch 30 upfreq 500
episode: 0 count: 103 score: -201.7553 average_last200: -201.7553 epis: 0.9930 loss: 0.0000 
episode: 1 count: 84 score: -164.3968 average_last200: -183.0761 epis: 0.9860 loss: 0.0000 
episode: 2 count: 132 score: -150.1011 average_last200: -172.0844 epis: 0.9791 loss: 0.0000 
episode: 3 count: 75 score: -148.4693 average_last200: -166.1806 epis: 0.9723 loss: 0.0000 
episode: 4 count: 94 score: -340.2749 average_last200: -200.9995 epis: 0.9655 loss: 0.0000 
episode: 5 count: 85 score: -482.3786 average_last200: -247.8960 epis: 0.9587 loss: 0.0000 
episode: 6 count: 62 score: -104.0794 average_last200: -227.3508 epis: 0.9520 loss: 0.0000 
episode: 7 count: 101 score: -191.6797 average_last200: -222.8919 epis: 0.9454 loss: 0.0000 
episode: 8 count: 92 score: -351.0453 average_last200: -237.1312 epis: 0.9387 loss: 0.0000 
episode: 9 count: 129 score: -448.6276 average_last200: -258.2808 epis: 0.9322 loss: 0.0000 
episode: 10 count: 77 score: -186.0332 average_last200: -251.7128 epis: 0.9256 loss: 25.1182 
episode: 11 count: 92 score: -383.2374 average_last200: -262.6732 epis: 0.9192 loss: 50.5442 
episode: 12 count: 126 score: -397.3937 average_last200: -273.0363 epis: 0.9127 loss: 55.5246 
episode: 13 count: 76 score: -209.5696 average_last200: -268.5030 epis: 0.9063 loss: 24.1029 
episode: 14 count: 63 score: -287.4228 average_last200: -269.7643 epis: 0.9000 loss: 27.4876 
episode: 15 count: 98 score: -153.0248 average_last200: -262.4681 epis: 0.8937 loss: 42.0126 
episode: 16 count: 137 score: -121.3782 average_last200: -254.1687 epis: 0.8874 loss: 57.1995 
episode: 17 count: 111 score: -156.5596 average_last200: -248.7460 epis: 0.8812 loss: 38.6349 
episode: 18 count: 109 score: -176.5833 average_last200: -244.9479 epis: 0.8751 loss: 41.7872 
episode: 19 count: 106 score: -160.8212 average_last200: -240.7416 epis: 0.8689 loss: 33.8619 
episode: 20 count: 104 score: -150.2854 average_last200: -236.4342 epis: 0.8628 loss: 42.4094 
episode: 21 count: 137 score: -350.4910 average_last200: -241.6186 epis: 0.8568 loss: 44.4983 
episode: 22 count: 70 score: -165.2856 average_last200: -238.2997 epis: 0.8508 loss: 22.7959 
episode: 23 count: 129 score: -188.0867 average_last200: -236.2075 epis: 0.8449 loss: 35.1507 
episode: 24 count: 104 score: -168.8710 average_last200: -233.5141 epis: 0.8389 loss: 41.2627 
episode: 25 count: 116 score: -130.1328 average_last200: -229.5379 epis: 0.8331 loss: 35.1968 
episode: 26 count: 137 score: -234.1003 average_last200: -229.7068 epis: 0.8272 loss: 40.2769 
episode: 27 count: 100 score: -172.2235 average_last200: -227.6539 epis: 0.8214 loss: 34.1816 
episode: 28 count: 115 score: -114.9669 average_last200: -223.7681 epis: 0.8157 loss: 30.5786 
episode: 29 count: 124 score: -336.2425 average_last200: -227.5173 epis: 0.8100 loss: 40.9902 
episode: 30 count: 113 score: -106.6108 average_last200: -223.6170 epis: 0.8043 loss: 23.8592 
episode: 31 count: 80 score: -113.0651 average_last200: -220.1623 epis: 0.7987 loss: 21.3174 
episode: 32 count: 137 score: -234.9401 average_last200: -220.6101 epis: 0.7931 loss: 47.1295 
episode: 33 count: 158 score: -62.5078 average_last200: -215.9600 epis: 0.7875 loss: 45.7891 
episode: 34 count: 139 score: -150.4963 average_last200: -214.0897 epis: 0.7820 loss: 44.7771 
episode: 35 count: 79 score: -113.3146 average_last200: -211.2903 epis: 0.7766 loss: 24.9462 
episode: 36 count: 106 score: -135.1900 average_last200: -209.2336 epis: 0.7711 loss: 37.2623 
episode: 37 count: 116 score: -126.0281 average_last200: -207.0440 epis: 0.7657 loss: 35.5265 
episode: 38 count: 169 score: -124.7004 average_last200: -204.9326 epis: 0.7604 loss: 54.9460 
episode: 39 count: 111 score: -151.6484 average_last200: -203.6005 epis: 0.7550 loss: 35.8093 
episode: 40 count: 64 score: -161.7158 average_last200: -202.5789 epis: 0.7498 loss: 16.8640 
episode: 41 count: 106 score: -16.4368 average_last200: -198.1470 epis: 0.7445 loss: 29.3906 
episode: 42 count: 99 score: -69.3805 average_last200: -195.1524 epis: 0.7393 loss: 36.2499 
episode: 43 count: 147 score: -123.6974 average_last200: -193.5284 epis: 0.7341 loss: 40.6920 
episode: 44 count: 119 score: -134.6754 average_last200: -192.2206 epis: 0.7290 loss: 31.6654 
episode: 45 count: 147 score: -106.3061 average_last200: -190.3529 epis: 0.7239 loss: 43.6218 
episode: 46 count: 99 score: -142.0366 average_last200: -189.3249 epis: 0.7188 loss: 28.5952 
episode: 47 count: 93 score: -134.6953 average_last200: -188.1867 epis: 0.7138 loss: 29.5634 
episode: 48 count: 69 score: -116.5903 average_last200: -186.7256 epis: 0.7088 loss: 23.9056 
episode: 49 count: 137 score: -118.3624 average_last200: -185.3583 epis: 0.7038 loss: 34.5733 
episode: 50 count: 89 score: -128.8389 average_last200: -184.2501 epis: 0.6989 loss: 23.3350 
episode: 51 count: 122 score: -139.5709 average_last200: -183.3909 epis: 0.6940 loss: 38.9464 
episode: 52 count: 118 score: -223.4809 average_last200: -184.1473 epis: 0.6891 loss: 40.9532 
episode: 53 count: 88 score: -103.3115 average_last200: -182.6503 epis: 0.6843 loss: 26.4002 
episode: 54 count: 79 score: -84.3898 average_last200: -180.8638 epis: 0.6795 loss: 29.1286 
episode: 55 count: 167 score: -86.2902 average_last200: -179.1750 epis: 0.6748 loss: 48.6824 
episode: 56 count: 74 score: -92.3618 average_last200: -177.6519 epis: 0.6700 loss: 23.3016 
episode: 57 count: 109 score: -122.9976 average_last200: -176.7096 epis: 0.6654 loss: 34.8898 
episode: 58 count: 185 score: -110.0065 average_last200: -175.5791 epis: 0.6607 loss: 52.3473 
episode: 59 count: 137 score: -123.7367 average_last200: -174.7150 epis: 0.6561 loss: 38.3489 
episode: 60 count: 109 score: -133.3928 average_last200: -174.0376 epis: 0.6515 loss: 37.2096 
episode: 61 count: 162 score: -168.0630 average_last200: -173.9412 epis: 0.6469 loss: 42.9092 
episode: 62 count: 141 score: -170.5117 average_last200: -173.8868 epis: 0.6424 loss: 42.5124 
episode: 63 count: 122 score: -70.1922 average_last200: -172.2666 epis: 0.6379 loss: 35.8213 
episode: 64 count: 148 score: -46.8344 average_last200: -170.3368 epis: 0.6334 loss: 45.4999 
episode: 65 count: 100 score: -82.0774 average_last200: -168.9996 epis: 0.6290 loss: 35.2160 
episode: 66 count: 146 score: -107.4711 average_last200: -168.0812 epis: 0.6246 loss: 41.9957 
episode: 67 count: 67 score: -110.9364 average_last200: -167.2409 epis: 0.6202 loss: 18.6108 
episode: 68 count: 99 score: -101.0445 average_last200: -166.2815 epis: 0.6159 loss: 27.6660 
episode: 69 count: 150 score: -160.5483 average_last200: -166.1996 epis: 0.6116 loss: 39.0276 
episode: 70 count: 183 score: -39.5067 average_last200: -164.4152 epis: 0.6073 loss: 65.2400 
episode: 71 count: 88 score: -55.4544 average_last200: -162.9019 epis: 0.6030 loss: 22.3044 
episode: 72 count: 211 score: -34.7133 average_last200: -161.1459 epis: 0.5988 loss: 59.4774 
episode: 73 count: 86 score: -118.9382 average_last200: -160.5755 epis: 0.5946 loss: 25.4288 
episode: 74 count: 149 score: -83.2659 average_last200: -159.5447 epis: 0.5905 loss: 41.9577 
episode: 75 count: 1000 score: 41.3693 average_last200: -156.9011 epis: 0.5863 loss: 434.7759 
episode: 76 count: 166 score: -75.7274 average_last200: -155.8469 epis: 0.5822 loss: 79.6823 
episode: 77 count: 131 score: -73.9490 average_last200: -154.7969 epis: 0.5782 loss: 66.1276 
episode: 78 count: 622 score: -75.2637 average_last200: -153.7902 epis: 0.5741 loss: 332.5195 
episode: 79 count: 155 score: -59.8061 average_last200: -152.6154 epis: 0.5701 loss: 71.3732 
episode: 80 count: 166 score: -64.0062 average_last200: -151.5214 epis: 0.5661 loss: 70.8148 
episode: 81 count: 165 score: -64.1670 average_last200: -150.4561 epis: 0.5621 loss: 76.9123 
episode: 82 count: 129 score: -40.5029 average_last200: -149.1314 epis: 0.5582 loss: 53.3170 
episode: 83 count: 114 score: -98.0082 average_last200: -148.5228 epis: 0.5543 loss: 50.8599 
episode: 84 count: 139 score: -45.3277 average_last200: -147.3087 epis: 0.5504 loss: 62.1425 
episode: 85 count: 135 score: -40.7768 average_last200: -146.0700 epis: 0.5466 loss: 55.5099 
episode: 86 count: 100 score: -101.5840 average_last200: -145.5586 epis: 0.5427 loss: 36.7799 
episode: 87 count: 162 score: -75.8180 average_last200: -144.7661 epis: 0.5389 loss: 59.9316 
episode: 88 count: 125 score: -37.7175 average_last200: -143.5633 epis: 0.5352 loss: 50.2522 
episode: 89 count: 199 score: -15.7895 average_last200: -142.1436 epis: 0.5314 loss: 76.8474 
episode: 90 count: 75 score: -126.3831 average_last200: -141.9704 epis: 0.5277 loss: 32.6289 
episode: 91 count: 114 score: -163.1019 average_last200: -142.2001 epis: 0.5240 loss: 49.1188 
episode: 92 count: 171 score: -19.5132 average_last200: -140.8809 epis: 0.5203 loss: 72.2351 
episode: 93 count: 107 score: -104.5800 average_last200: -140.4947 epis: 0.5167 loss: 46.4297 
episode: 94 count: 153 score: -13.3552 average_last200: -139.1564 epis: 0.5131 loss: 55.6783 
episode: 95 count: 194 score: -10.1838 average_last200: -137.8129 epis: 0.5095 loss: 76.4384 
episode: 96 count: 1000 score: 19.1637 average_last200: -136.1946 epis: 0.5059 loss: 414.3563 
episode: 97 count: 240 score: -41.2709 average_last200: -135.2260 epis: 0.5024 loss: 89.8315 
episode: 98 count: 175 score: -100.1494 average_last200: -134.8717 epis: 0.4989 loss: 61.3140 
episode: 99 count: 168 score: -63.2561 average_last200: -134.1556 epis: 0.4954 loss: 65.9081 
episode: 100 count: 92 score: -43.4806 average_last200: -133.2578 epis: 0.4919 loss: 39.1266 
episode: 101 count: 85 score: -53.3306 average_last200: -132.4742 epis: 0.4885 loss: 33.2092 
episode: 102 count: 132 score: -111.3837 average_last200: -132.2694 epis: 0.4850 loss: 50.1041 
episode: 103 count: 213 score: -70.2767 average_last200: -131.6733 epis: 0.4816 loss: 85.1626 
episode: 104 count: 220 score: -44.0872 average_last200: -130.8392 epis: 0.4783 loss: 78.6594 
episode: 105 count: 115 score: -90.4237 average_last200: -130.4579 epis: 0.4749 loss: 50.8519 
episode: 106 count: 1000 score: 25.3308 average_last200: -129.0019 epis: 0.4716 loss: 383.3931 
episode: 107 count: 246 score: -37.6916 average_last200: -128.1565 epis: 0.4683 loss: 96.5486 
episode: 108 count: 175 score: -31.7500 average_last200: -127.2720 epis: 0.4650 loss: 72.1221 
episode: 109 count: 169 score: -9.9268 average_last200: -126.2052 epis: 0.4618 loss: 62.4884 
episode: 110 count: 1000 score: 34.1269 average_last200: -124.7608 epis: 0.4585 loss: 327.3404 
episode: 111 count: 1000 score: 15.2257 average_last200: -123.5109 epis: 0.4553 loss: 351.6531 
episode: 112 count: 103 score: -106.8523 average_last200: -123.3635 epis: 0.4521 loss: 36.4715 
episode: 113 count: 130 score: -57.6257 average_last200: -122.7869 epis: 0.4490 loss: 40.9533 
episode: 114 count: 99 score: -54.4272 average_last200: -122.1924 epis: 0.4458 loss: 28.9848 
episode: 115 count: 113 score: -20.1026 average_last200: -121.3123 epis: 0.4427 loss: 36.6199 
episode: 116 count: 1000 score: -30.2307 average_last200: -120.5339 epis: 0.4396 loss: 328.2495 
episode: 117 count: 102 score: -108.5120 average_last200: -120.4320 epis: 0.4365 loss: 29.7812 
episode: 118 count: 122 score: -185.5005 average_last200: -120.9788 epis: 0.4335 loss: 38.6754 
episode: 119 count: 79 score: -83.1298 average_last200: -120.6634 epis: 0.4304 loss: 26.7304 
episode: 120 count: 168 score: -38.1724 average_last200: -119.9816 epis: 0.4274 loss: 52.0884 
episode: 121 count: 1000 score: -7.4942 average_last200: -119.0596 epis: 0.4244 loss: 326.2444 
episode: 122 count: 108 score: -32.6897 average_last200: -118.3574 epis: 0.4215 loss: 26.7626 
episode: 123 count: 268 score: -121.7327 average_last200: -118.3846 epis: 0.4185 loss: 101.0744 
episode: 124 count: 129 score: -19.6781 average_last200: -117.5950 epis: 0.4156 loss: 42.6196 
episode: 125 count: 114 score: -69.6757 average_last200: -117.2147 epis: 0.4127 loss: 47.1688 
episode: 126 count: 123 score: -62.2918 average_last200: -116.7822 epis: 0.4098 loss: 40.6787 
episode: 127 count: 93 score: -91.4729 average_last200: -116.5845 epis: 0.4069 loss: 29.2690 
episode: 128 count: 126 score: -70.2282 average_last200: -116.2251 epis: 0.4041 loss: 41.3277 
episode: 129 count: 118 score: -30.7636 average_last200: -115.5677 epis: 0.4012 loss: 40.8476 
episode: 130 count: 118 score: -59.5787 average_last200: -115.1403 epis: 0.3984 loss: 54.0337 
episode: 131 count: 137 score: -58.1161 average_last200: -114.7083 epis: 0.3956 loss: 42.8263 
episode: 132 count: 124 score: -62.4050 average_last200: -114.3151 epis: 0.3929 loss: 37.3916 
episode: 133 count: 1000 score: -47.0703 average_last200: -113.8132 epis: 0.3901 loss: 329.3803 
episode: 134 count: 107 score: -66.1523 average_last200: -113.4602 epis: 0.3874 loss: 35.7853 
episode: 135 count: 1000 score: -33.8792 average_last200: -112.8750 epis: 0.3847 loss: 335.3494 
episode: 136 count: 109 score: -83.2434 average_last200: -112.6587 epis: 0.3820 loss: 33.2753 
episode: 137 count: 1000 score: -50.9704 average_last200: -112.2117 epis: 0.3793 loss: 329.5714 
episode: 138 count: 136 score: -30.4093 average_last200: -111.6232 epis: 0.3767 loss: 46.7791 
episode: 139 count: 88 score: -22.6116 average_last200: -110.9874 epis: 0.3740 loss: 33.1506 
episode: 140 count: 149 score: -32.4644 average_last200: -110.4305 epis: 0.3714 loss: 56.1821 
episode: 141 count: 153 score: -13.5407 average_last200: -109.7482 epis: 0.3688 loss: 46.9277 
episode: 142 count: 101 score: -94.3045 average_last200: -109.6402 epis: 0.3662 loss: 34.8334 
episode: 143 count: 130 score: -68.8912 average_last200: -109.3572 epis: 0.3637 loss: 39.2246 
episode: 144 count: 1000 score: -68.9635 average_last200: -109.0786 epis: 0.3611 loss: 329.0063 
episode: 145 count: 1000 score: -46.4700 average_last200: -108.6498 epis: 0.3586 loss: 323.7773 
episode: 146 count: 1000 score: -50.9218 average_last200: -108.2571 epis: 0.3561 loss: 339.1309 
episode: 147 count: 87 score: -12.9290 average_last200: -107.6130 epis: 0.3536 loss: 27.8316 
episode: 148 count: 103 score: -40.1192 average_last200: -107.1600 epis: 0.3511 loss: 28.9574 
episode: 149 count: 1000 score: 30.0408 average_last200: -106.2454 epis: 0.3486 loss: 346.4701 
episode: 150 count: 151 score: -22.6124 average_last200: -105.6915 epis: 0.3462 loss: 51.1986 
episode: 151 count: 1000 score: -9.9541 average_last200: -105.0616 epis: 0.3438 loss: 316.6547 
episode: 152 count: 106 score: -14.4264 average_last200: -104.4693 epis: 0.3414 loss: 34.5876 
episode: 153 count: 121 score: -68.4284 average_last200: -104.2352 epis: 0.3390 loss: 41.0717 
episode: 154 count: 95 score: -80.4623 average_last200: -104.0818 epis: 0.3366 loss: 33.7085 
episode: 155 count: 1000 score: -86.1105 average_last200: -103.9666 epis: 0.3343 loss: 340.9854 
episode: 156 count: 119 score: -57.7690 average_last200: -103.6724 epis: 0.3319 loss: 33.1071 
episode: 157 count: 94 score: -37.3087 average_last200: -103.2524 epis: 0.3296 loss: 33.2049 
episode: 158 count: 176 score: -85.3302 average_last200: -103.1397 epis: 0.3273 loss: 64.3573 
episode: 159 count: 156 score: -24.5709 average_last200: -102.6486 epis: 0.3250 loss: 46.1534 
episode: 160 count: 1000 score: 48.7386 average_last200: -101.7083 epis: 0.3227 loss: 336.4755 
episode: 161 count: 131 score: -45.7713 average_last200: -101.3630 epis: 0.3205 loss: 44.5760 
episode: 162 count: 159 score: -32.4750 average_last200: -100.9404 epis: 0.3182 loss: 48.6979 
episode: 163 count: 165 score: -10.7229 average_last200: -100.3903 epis: 0.3160 loss: 53.7893 
episode: 164 count: 98 score: -30.5774 average_last200: -99.9672 epis: 0.3138 loss: 28.8111 
episode: 165 count: 1000 score: 48.5574 average_last200: -99.0724 epis: 0.3116 loss: 320.6435 
episode: 166 count: 1000 score: 49.3398 average_last200: -98.1838 epis: 0.3094 loss: 339.4662 
episode: 167 count: 108 score: -39.2060 average_last200: -97.8327 epis: 0.3072 loss: 32.3234 
episode: 168 count: 1000 score: 17.1825 average_last200: -97.1521 epis: 0.3051 loss: 311.9340 
episode: 169 count: 92 score: -18.0839 average_last200: -96.6870 epis: 0.3030 loss: 27.5885 
episode: 170 count: 120 score: -44.4140 average_last200: -96.3813 epis: 0.3008 loss: 39.5566 
episode: 171 count: 1000 score: 18.7372 average_last200: -95.7120 epis: 0.2987 loss: 330.2512 
episode: 172 count: 107 score: 2.0546 average_last200: -95.1469 epis: 0.2966 loss: 36.8198 
episode: 173 count: 115 score: -21.3325 average_last200: -94.7227 epis: 0.2946 loss: 39.8053 
episode: 174 count: 1000 score: -70.1581 average_last200: -94.5823 epis: 0.2925 loss: 316.7685 
episode: 175 count: 1000 score: 44.5075 average_last200: -93.7920 epis: 0.2904 loss: 320.6677 
episode: 176 count: 1000 score: 106.1601 average_last200: -92.6624 epis: 0.2884 loss: 362.0467 
episode: 177 count: 146 score: 10.7255 average_last200: -92.0815 epis: 0.2864 loss: 55.0940 
episode: 178 count: 1000 score: 64.5238 average_last200: -91.2066 epis: 0.2844 loss: 328.7875 
episode: 179 count: 1000 score: 47.8331 average_last200: -90.4342 epis: 0.2824 loss: 327.1649 
episode: 180 count: 1000 score: 84.0306 average_last200: -89.4703 epis: 0.2804 loss: 328.6959 
episode: 181 count: 1000 score: 80.2743 average_last200: -88.5376 epis: 0.2785 loss: 312.6492 
episode: 182 count: 122 score: -14.5716 average_last200: -88.1335 epis: 0.2765 loss: 35.3195 
episode: 183 count: 1000 score: 36.3804 average_last200: -87.4568 epis: 0.2746 loss: 313.5549 
episode: 184 count: 102 score: -17.2852 average_last200: -87.0774 epis: 0.2727 loss: 31.0400 
episode: 185 count: 118 score: -46.5877 average_last200: -86.8598 epis: 0.2707 loss: 32.4678 
episode: 186 count: 127 score: -34.2918 average_last200: -86.5787 epis: 0.2688 loss: 42.7888 
episode: 187 count: 138 score: -14.3893 average_last200: -86.1947 epis: 0.2670 loss: 38.3084 
episode: 188 count: 134 score: -17.5747 average_last200: -85.8316 epis: 0.2651 loss: 41.6681 
episode: 189 count: 1000 score: 67.3193 average_last200: -85.0255 epis: 0.2632 loss: 321.8723 
episode: 190 count: 134 score: -59.0807 average_last200: -84.8897 epis: 0.2614 loss: 43.6104 
episode: 191 count: 1000 score: 30.2922 average_last200: -84.2898 epis: 0.2596 loss: 291.2363 
episode: 192 count: 126 score: -35.4035 average_last200: -84.0365 epis: 0.2578 loss: 36.0305 
episode: 193 count: 157 score: -9.2668 average_last200: -83.6511 epis: 0.2559 loss: 43.2610 
episode: 194 count: 195 score: -22.9963 average_last200: -83.3400 epis: 0.2542 loss: 63.6469 
episode: 195 count: 1000 score: 107.5680 average_last200: -82.3660 epis: 0.2524 loss: 323.3733 
episode: 196 count: 953 score: 248.5365 average_last200: -80.6863 epis: 0.2506 loss: 287.4816 
episode: 197 count: 562 score: 178.0511 average_last200: -79.3796 epis: 0.2489 loss: 181.3138 
episode: 198 count: 1000 score: 86.0829 average_last200: -78.5481 epis: 0.2471 loss: 313.0966 
episode: 199 count: 541 score: 219.5296 average_last200: -77.0577 epis: 0.2454 loss: 170.2169 
episode: 200 count: 150 score: 1.8812 average_last200: -76.0395 epis: 0.2437 loss: 45.0440 
episode: 201 count: 1000 score: 88.1952 average_last200: -74.7766 epis: 0.2420 loss: 310.1074 
episode: 202 count: 792 score: 143.9662 average_last200: -73.3062 epis: 0.2403 loss: 259.1565 
episode: 203 count: 118 score: -13.8301 average_last200: -72.6330 epis: 0.2386 loss: 35.9538 
episode: 204 count: 169 score: -16.3189 average_last200: -71.0132 epis: 0.2369 loss: 60.7242 
episode: 205 count: 144 score: -18.2690 average_last200: -68.6927 epis: 0.2353 loss: 40.8282 
episode: 206 count: 1000 score: -11.2840 average_last200: -68.2287 epis: 0.2336 loss: 331.6915 
episode: 207 count: 987 score: 192.7706 average_last200: -66.3065 epis: 0.2320 loss: 310.5048 
episode: 208 count: 584 score: -35.1883 average_last200: -64.7272 epis: 0.2304 loss: 184.2198 
episode: 209 count: 1000 score: 71.8172 average_last200: -62.1250 epis: 0.2287 loss: 280.9363 
episode: 210 count: 116 score: -43.5751 average_last200: -61.4127 epis: 0.2271 loss: 36.5229 
episode: 211 count: 171 score: -4.1205 average_last200: -59.5171 epis: 0.2255 loss: 47.9138 
episode: 212 count: 336 score: 216.2447 average_last200: -56.4489 epis: 0.2240 loss: 93.3020 
episode: 213 count: 1000 score: 77.8820 average_last200: -55.0116 epis: 0.2224 loss: 314.8319 
episode: 214 count: 1000 score: -13.5113 average_last200: -53.6421 epis: 0.2208 loss: 291.6664 
episode: 215 count: 1000 score: 71.9686 average_last200: -52.5171 epis: 0.2193 loss: 283.7859 
episode: 216 count: 298 score: -46.8555 average_last200: -52.1445 epis: 0.2178 loss: 91.7421 
episode: 217 count: 258 score: -60.3477 average_last200: -51.6634 epis: 0.2162 loss: 72.1158 
episode: 218 count: 240 score: -15.1819 average_last200: -50.8564 epis: 0.2147 loss: 67.9294 
episode: 219 count: 1000 score: 77.5654 average_last200: -49.6645 epis: 0.2132 loss: 304.2814 
episode: 220 count: 1000 score: 87.9167 average_last200: -48.4735 epis: 0.2117 loss: 275.0075 
episode: 221 count: 396 score: 185.9219 average_last200: -45.7914 epis: 0.2102 loss: 119.9999 
episode: 222 count: 1000 score: 108.4734 average_last200: -44.4226 epis: 0.2088 loss: 273.8897 
episode: 223 count: 240 score: 179.0615 average_last200: -42.5869 epis: 0.2073 loss: 60.6969 
episode: 224 count: 1000 score: 136.4786 average_last200: -41.0601 epis: 0.2059 loss: 287.8232 
episode: 225 count: 1000 score: 106.7605 average_last200: -39.8757 epis: 0.2044 loss: 278.7246 
episode: 226 count: 760 score: 202.8895 average_last200: -37.6907 epis: 0.2030 loss: 197.3805 
episode: 227 count: 128 score: -1.8831 average_last200: -36.8390 epis: 0.2016 loss: 35.6664 
episode: 228 count: 126 score: 2.8371 average_last200: -36.2500 epis: 0.2002 loss: 35.8871 
episode: 229 count: 1000 score: 104.9891 average_last200: -34.0438 epis: 0.1988 loss: 266.6053 
episode: 230 count: 505 score: 166.1211 average_last200: -32.6802 epis: 0.1974 loss: 136.2202 
episode: 231 count: 1000 score: 40.7653 average_last200: -31.9110 epis: 0.1960 loss: 274.1566 
episode: 232 count: 121 score: 16.2431 average_last200: -30.6551 epis: 0.1946 loss: 29.0824 
episode: 233 count: 560 score: 224.8773 average_last200: -29.2182 epis: 0.1933 loss: 157.6781 
episode: 234 count: 187 score: 198.9007 average_last200: -27.4712 epis: 0.1919 loss: 44.8273 
episode: 235 count: 1000 score: 88.7789 average_last200: -26.4607 epis: 0.1906 loss: 265.4414 
episode: 236 count: 1000 score: 106.9003 average_last200: -25.2503 epis: 0.1892 loss: 253.1622 
episode: 237 count: 110 score: 24.0445 average_last200: -24.4999 epis: 0.1879 loss: 23.6615 
episode: 238 count: 116 score: 1.0195 average_last200: -23.8713 epis: 0.1866 loss: 30.6263 
episode: 239 count: 627 score: 137.0364 average_last200: -22.4279 epis: 0.1853 loss: 149.9140 
episode: 240 count: 174 score: 2.2573 average_last200: -21.6080 epis: 0.1840 loss: 40.5067 
episode: 241 count: 116 score: -6.0832 average_last200: -21.5563 epis: 0.1827 loss: 27.6217 
episode: 242 count: 157 score: -18.7698 average_last200: -21.3032 epis: 0.1814 loss: 44.3239 
episode: 243 count: 1000 score: 85.5598 average_last200: -20.2569 epis: 0.1801 loss: 248.3084 
episode: 244 count: 103 score: 18.5120 average_last200: -19.4910 epis: 0.1789 loss: 31.3447 
episode: 245 count: 361 score: 197.9041 average_last200: -17.9699 epis: 0.1776 loss: 95.8435 
episode: 246 count: 303 score: 192.1727 average_last200: -16.2989 epis: 0.1764 loss: 69.7407 
episode: 247 count: 747 score: 219.9440 average_last200: -14.5257 epis: 0.1752 loss: 194.1287 
episode: 248 count: 363 score: 228.6694 average_last200: -12.7994 epis: 0.1739 loss: 87.0640 
episode: 249 count: 168 score: 3.0838 average_last200: -12.1922 epis: 0.1727 loss: 47.0447 
episode: 250 count: 598 score: 235.7311 average_last200: -10.3693 epis: 0.1715 loss: 147.3153 
episode: 251 count: 305 score: 205.7215 average_last200: -8.6428 epis: 0.1703 loss: 74.3823 
episode: 252 count: 1000 score: 105.4064 average_last200: -6.9984 epis: 0.1691 loss: 248.5957 
episode: 253 count: 498 score: 197.5549 average_last200: -5.4941 epis: 0.1679 loss: 117.5018 
episode: 254 count: 1000 score: -45.6952 average_last200: -5.3006 epis: 0.1667 loss: 241.6133 
episode: 255 count: 1000 score: 89.5215 average_last200: -4.4215 epis: 0.1656 loss: 239.2654 
episode: 256 count: 1000 score: -54.1276 average_last200: -4.2304 epis: 0.1644 loss: 245.0626 
episode: 257 count: 1000 score: 33.2541 average_last200: -3.4491 epis: 0.1633 loss: 267.0760 
episode: 258 count: 96 score: -49.6414 average_last200: -3.1473 epis: 0.1621 loss: 21.1871 
episode: 259 count: 203 score: 40.5828 average_last200: -2.3257 epis: 0.1610 loss: 50.8334 
episode: 260 count: 403 score: 210.3504 average_last200: -0.6070 epis: 0.1599 loss: 90.5459 
episode: 261 count: 109 score: 10.8944 average_last200: 0.2878 epis: 0.1587 loss: 24.9159 
episode: 262 count: 549 score: 202.5476 average_last200: 2.1531 epis: 0.1576 loss: 127.9044 
episode: 263 count: 347 score: 238.2078 average_last200: 3.6951 epis: 0.1565 loss: 81.0638 
episode: 264 count: 252 score: 204.5784 average_last200: 4.9522 epis: 0.1554 loss: 59.8507 
episode: 265 count: 609 score: 189.3025 average_last200: 6.3091 epis: 0.1543 loss: 152.8458 
episode: 266 count: 103 score: -39.4509 average_last200: 6.6492 epis: 0.1533 loss: 24.6533 
episode: 267 count: 67 score: -48.2679 average_last200: 6.9625 epis: 0.1522 loss: 16.1968 
episode: 268 count: 99 score: -6.9479 average_last200: 7.4330 epis: 0.1511 loss: 21.6086 
episode: 269 count: 221 score: 21.8299 average_last200: 8.3449 epis: 0.1501 loss: 52.9345 
episode: 270 count: 113 score: -48.1139 average_last200: 8.3018 epis: 0.1490 loss: 25.0461 
episode: 271 count: 137 score: -73.4767 average_last200: 8.2117 epis: 0.1480 loss: 40.8046 
episode: 272 count: 484 score: 240.8194 average_last200: 9.5894 epis: 0.1469 loss: 122.3152 
episode: 273 count: 1000 score: 9.3172 average_last200: 10.2307 epis: 0.1459 loss: 237.0177 
episode: 274 count: 1000 score: -45.2208 average_last200: 10.4209 epis: 0.1449 loss: 222.2867 
episode: 275 count: 350 score: 222.5663 average_last200: 11.3269 epis: 0.1439 loss: 77.9595 
episode: 276 count: 133 score: -67.2276 average_last200: 11.3694 epis: 0.1429 loss: 23.9242 
episode: 277 count: 496 score: 220.4804 average_last200: 12.8415 epis: 0.1419 loss: 118.5476 
episode: 278 count: 126 score: -123.0983 average_last200: 12.6024 epis: 0.1409 loss: 27.1076 
episode: 279 count: 661 score: 121.3456 average_last200: 13.5081 epis: 0.1399 loss: 144.5513 
episode: 280 count: 493 score: 237.9348 average_last200: 15.0178 epis: 0.1389 loss: 107.3267 
episode: 281 count: 479 score: 178.3577 average_last200: 16.2304 epis: 0.1379 loss: 124.7625 
episode: 282 count: 386 score: 196.7993 average_last200: 17.4170 epis: 0.1370 loss: 99.0293 
episode: 283 count: 746 score: 146.9944 average_last200: 18.6420 epis: 0.1360 loss: 163.9583 
episode: 284 count: 134 score: -121.3490 average_last200: 18.2619 epis: 0.1351 loss: 31.0688 
episode: 285 count: 1000 score: -40.7713 average_last200: 18.2619 epis: 0.1341 loss: 223.8045 
episode: 286 count: 505 score: 167.2377 average_last200: 19.6060 epis: 0.1332 loss: 119.6871 
episode: 287 count: 160 score: -95.6860 average_last200: 19.5067 epis: 0.1322 loss: 31.2536 
episode: 288 count: 323 score: 172.2525 average_last200: 20.5565 epis: 0.1313 loss: 77.3752 
episode: 289 count: 260 score: 249.4231 average_last200: 21.8826 epis: 0.1304 loss: 54.4423 
episode: 290 count: 290 score: -67.3901 average_last200: 22.1775 epis: 0.1295 loss: 65.0302 
episode: 291 count: 1000 score: -4.7442 average_last200: 22.9693 epis: 0.1286 loss: 219.1689 
episode: 292 count: 486 score: 141.9035 average_last200: 23.7764 epis: 0.1277 loss: 93.8999 
episode: 293 count: 525 score: 175.6720 average_last200: 25.1777 epis: 0.1268 loss: 115.0846 
episode: 294 count: 1000 score: 83.3027 average_last200: 25.6610 epis: 0.1259 loss: 196.6343 
episode: 295 count: 169 score: 9.1712 average_last200: 25.7577 epis: 0.1250 loss: 32.7784 
episode: 296 count: 179 score: 156.1316 average_last200: 26.4426 epis: 0.1241 loss: 31.5109 
episode: 297 count: 455 score: 95.9926 average_last200: 27.1289 epis: 0.1233 loss: 91.9749 
episode: 298 count: 468 score: 151.7493 average_last200: 28.3884 epis: 0.1224 loss: 90.0699 
episode: 299 count: 814 score: 133.6264 average_last200: 29.3728 epis: 0.1216 loss: 162.3826 
episode: 300 count: 403 score: 170.8980 average_last200: 30.4447 epis: 0.1207 loss: 79.9419 
episode: 301 count: 130 score: 10.2278 average_last200: 30.7625 epis: 0.1199 loss: 27.9238 
episode: 302 count: 132 score: 2.0922 average_last200: 31.3299 epis: 0.1190 loss: 28.7065 
episode: 303 count: 361 score: 207.4925 average_last200: 32.7187 epis: 0.1182 loss: 71.8367 
episode: 304 count: 315 score: 207.6321 average_last200: 33.9773 epis: 0.1174 loss: 56.2893 
episode: 305 count: 79 score: 1.3144 average_last200: 34.4360 epis: 0.1165 loss: 17.6608 
episode: 306 count: 1000 score: -88.1917 average_last200: 33.8684 epis: 0.1157 loss: 210.5356 
episode: 307 count: 195 score: 203.0461 average_last200: 35.0721 epis: 0.1149 loss: 41.2126 
episode: 308 count: 283 score: 189.4245 average_last200: 36.1779 epis: 0.1141 loss: 54.6510 
episode: 309 count: 126 score: -77.3988 average_last200: 35.8406 epis: 0.1133 loss: 26.7108 
episode: 310 count: 523 score: 135.7776 average_last200: 36.3488 epis: 0.1125 loss: 101.9194 
episode: 311 count: 90 score: -24.3931 average_last200: 36.1507 epis: 0.1117 loss: 15.2252 
episode: 312 count: 1000 score: 1.0196 average_last200: 36.6901 epis: 0.1109 loss: 193.7248 
episode: 313 count: 182 score: 202.2258 average_last200: 37.9894 epis: 0.1102 loss: 38.3650 
episode: 314 count: 375 score: 228.0061 average_last200: 39.4015 epis: 0.1094 loss: 72.5923 
episode: 315 count: 457 score: 207.3783 average_last200: 40.5389 epis: 0.1086 loss: 95.1446 
episode: 316 count: 343 score: 218.2533 average_last200: 41.7814 epis: 0.1079 loss: 68.1273 
episode: 317 count: 271 score: 189.9682 average_last200: 43.2738 epis: 0.1071 loss: 53.2589 
episode: 318 count: 265 score: -434.0547 average_last200: 42.0310 epis: 0.1064 loss: 54.1387 
episode: 319 count: 173 score: 231.3070 average_last200: 43.6032 epis: 0.1056 loss: 30.9587 
episode: 320 count: 158 score: 13.3717 average_last200: 43.8609 epis: 0.1049 loss: 25.7942 
episode: 321 count: 336 score: 190.5929 average_last200: 44.8513 epis: 0.1041 loss: 62.9561 
episode: 322 count: 349 score: 241.6278 average_last200: 46.2229 epis: 0.1034 loss: 63.6316 
episode: 323 count: 345 score: 233.1867 average_last200: 47.9975 epis: 0.1027 loss: 65.9702 
episode: 324 count: 293 score: 237.0463 average_last200: 49.2811 epis: 0.1020 loss: 57.2041 
episode: 325 count: 319 score: 204.8611 average_last200: 50.6538 epis: 0.1013 loss: 56.4798 
episode: 326 count: 253 score: 240.4256 average_last200: 52.1674 epis: 0.1006 loss: 44.2258 
episode: 327 count: 947 score: 181.0253 average_last200: 53.5299 epis: 0.0999 loss: 175.5519 
episode: 328 count: 222 score: 197.1688 average_last200: 54.8669 epis: 0.0992 loss: 42.7697 
episode: 329 count: 518 score: 222.4579 average_last200: 56.1330 epis: 0.0985 loss: 85.9687 
episode: 330 count: 413 score: 221.9004 average_last200: 57.5404 epis: 0.0978 loss: 76.5465 
episode: 331 count: 360 score: 254.0124 average_last200: 59.1010 epis: 0.0971 loss: 73.0087 
episode: 332 count: 218 score: 194.9798 average_last200: 60.3879 epis: 0.0964 loss: 41.0462 
episode: 333 count: 908 score: 128.0007 average_last200: 61.2633 epis: 0.0957 loss: 148.1878 
episode: 334 count: 591 score: -198.3809 average_last200: 60.6022 epis: 0.0951 loss: 107.0607 
episode: 335 count: 919 score: 218.2776 average_last200: 61.8629 epis: 0.0944 loss: 175.7258 
episode: 336 count: 253 score: 224.2669 average_last200: 63.4005 epis: 0.0937 loss: 47.2200 
episode: 337 count: 286 score: 230.9069 average_last200: 64.8099 epis: 0.0931 loss: 52.1994 
episode: 338 count: 385 score: 190.4233 average_last200: 65.9140 epis: 0.0924 loss: 66.0639 
episode: 339 count: 841 score: 174.4270 average_last200: 66.8992 epis: 0.0918 loss: 157.8108 
episode: 340 count: 229 score: 225.8770 average_last200: 68.1909 epis: 0.0911 loss: 44.6802 
episode: 341 count: 924 score: 181.6878 average_last200: 69.1671 epis: 0.0905 loss: 153.2783 
episode: 342 count: 159 score: -80.5977 average_last200: 69.2356 epis: 0.0899 loss: 28.3033 
episode: 343 count: 130 score: 0.9749 average_last200: 69.5850 epis: 0.0892 loss: 22.0380 
episode: 344 count: 311 score: 182.5453 average_last200: 70.8425 epis: 0.0886 loss: 50.9090 
episode: 345 count: 350 score: 212.2624 average_last200: 72.1362 epis: 0.0880 loss: 67.2856 
episode: 346 count: 315 score: 253.8893 average_last200: 73.6602 epis: 0.0874 loss: 62.3644 
episode: 347 count: 749 score: 178.6983 average_last200: 74.6183 epis: 0.0868 loss: 130.3047 
episode: 348 count: 308 score: 233.4827 average_last200: 75.9864 epis: 0.0862 loss: 57.4142 
episode: 349 count: 512 score: 251.8268 average_last200: 77.0953 epis: 0.0856 loss: 88.8421 
episode: 350 count: 283 score: 193.5039 average_last200: 78.1759 epis: 0.0850 loss: 52.7826 
episode: 351 count: 424 score: 199.3899 average_last200: 79.2226 epis: 0.0844 loss: 71.0518 
episode: 352 count: 342 score: 254.5509 average_last200: 80.5675 epis: 0.0838 loss: 72.5953 
episode: 353 count: 211 score: 222.0575 average_last200: 82.0199 epis: 0.0832 loss: 35.4424 
episode: 354 count: 397 score: 257.9578 average_last200: 83.7120 epis: 0.0826 loss: 77.9231 
episode: 355 count: 266 score: 240.5316 average_last200: 85.3452 epis: 0.0820 loss: 46.2731 
episode: 356 count: 304 score: 210.9346 average_last200: 86.6887 epis: 0.0814 loss: 58.4927 
episode: 357 count: 247 score: 245.6898 average_last200: 88.1037 epis: 0.0809 loss: 45.9210 
episode: 358 count: 306 score: 215.7296 average_last200: 89.6090 epis: 0.0803 loss: 53.9878 
episode: 359 count: 87 score: -36.8886 average_last200: 89.5474 epis: 0.0797 loss: 17.1128 
episode: 360 count: 292 score: 198.7610 average_last200: 90.2975 epis: 0.0792 loss: 54.7903 
episode: 361 count: 385 score: 202.5808 average_last200: 91.5393 epis: 0.0786 loss: 65.8066 
episode: 362 count: 417 score: 211.4967 average_last200: 92.7592 epis: 0.0781 loss: 77.5490 
episode: 363 count: 246 score: 241.8289 average_last200: 94.0219 epis: 0.0775 loss: 41.2595 
episode: 364 count: 469 score: 201.7735 average_last200: 95.1837 epis: 0.0770 loss: 85.3257 
episode: 365 count: 209 score: 218.6394 average_last200: 96.0341 epis: 0.0765 loss: 33.0180 
episode: 366 count: 200 score: 205.1519 average_last200: 96.8132 epis: 0.0759 loss: 39.3332 
episode: 367 count: 158 score: -15.8236 average_last200: 96.9301 epis: 0.0754 loss: 29.0267 
episode: 368 count: 205 score: 219.3161 average_last200: 97.9407 epis: 0.0749 loss: 35.5560 
episode: 369 count: 311 score: 236.0848 average_last200: 99.2116 epis: 0.0743 loss: 53.5556 
episode: 370 count: 244 score: 187.0352 average_last200: 100.3688 epis: 0.0738 loss: 43.5386 
episode: 371 count: 741 score: 85.0799 average_last200: 100.7005 epis: 0.0733 loss: 127.0029 
episode: 372 count: 403 score: 205.3187 average_last200: 101.7169 epis: 0.0728 loss: 71.9926 
episode: 373 count: 191 score: 200.5283 average_last200: 102.8262 epis: 0.0723 loss: 41.9525 
episode: 374 count: 287 score: 227.4168 average_last200: 104.3140 epis: 0.0718 loss: 51.2379 
episode: 375 count: 379 score: 221.0260 average_last200: 105.1966 epis: 0.0713 loss: 66.2533 
episode: 376 count: 499 score: 187.8412 average_last200: 105.6050 epis: 0.0708 loss: 84.2294 
episode: 377 count: 197 score: 258.4340 average_last200: 106.8436 epis: 0.0703 loss: 31.3023 
episode: 378 count: 283 score: 248.1292 average_last200: 107.7616 epis: 0.0698 loss: 54.3162 
episode: 379 count: 206 score: 224.5706 average_last200: 108.6453 epis: 0.0693 loss: 29.8155 
episode: 380 count: 341 score: 239.1337 average_last200: 109.4208 epis: 0.0688 loss: 54.6302 
episode: 381 count: 236 score: 197.7202 average_last200: 110.0080 epis: 0.0683 loss: 41.0537 
episode: 382 count: 258 score: 246.2988 average_last200: 111.3124 epis: 0.0679 loss: 45.5679 
episode: 383 count: 235 score: 227.4538 average_last200: 112.2678 epis: 0.0674 loss: 39.5283 
episode: 384 count: 531 score: 207.2099 average_last200: 113.3902 epis: 0.0669 loss: 87.1392 
episode: 385 count: 190 score: 217.1731 average_last200: 114.7090 epis: 0.0664 loss: 30.7890 
episode: 386 count: 249 score: 217.3848 average_last200: 115.9674 epis: 0.0660 loss: 39.1048 
episode: 387 count: 222 score: 223.1646 average_last200: 117.1552 epis: 0.0655 loss: 37.4578 
episode: 388 count: 336 score: 236.2696 average_last200: 118.4244 epis: 0.0651 loss: 55.9485 
episode: 389 count: 197 score: 190.1463 average_last200: 119.0385 epis: 0.0646 loss: 33.9150 
episode: 390 count: 278 score: 207.2864 average_last200: 120.3704 epis: 0.0641 loss: 43.2978 
episode: 391 count: 359 score: 244.8667 average_last200: 121.4432 epis: 0.0637 loss: 61.1712 
episode: 392 count: 258 score: 262.3517 average_last200: 122.9320 epis: 0.0632 loss: 42.3131 
episode: 393 count: 313 score: 218.8531 average_last200: 124.0726 epis: 0.0628 loss: 45.8969 
episode: 394 count: 153 score: 19.3891 average_last200: 124.2846 epis: 0.0624 loss: 25.9380 
episode: 395 count: 215 score: 208.9393 average_last200: 124.7914 epis: 0.0619 loss: 33.9017 
episode: 396 count: 214 score: 233.3318 average_last200: 124.7154 epis: 0.0615 loss: 34.7918 
episode: 397 count: 226 score: 250.2194 average_last200: 125.0762 epis: 0.0611 loss: 41.3991 
episode: 398 count: 294 score: 230.5707 average_last200: 125.7987 epis: 0.0606 loss: 49.5040 
episode: 399 count: 277 score: 255.6212 average_last200: 125.9791 epis: 0.0602 loss: 54.5297 
episode: 400 count: 275 score: 228.2905 average_last200: 127.1112 epis: 0.0598 loss: 35.2057 
episode: 401 count: 211 score: -18.4786 average_last200: 126.5778 epis: 0.0594 loss: 35.1415 
episode: 402 count: 279 score: 211.2189 average_last200: 126.9141 epis: 0.0590 loss: 50.6300 
episode: 403 count: 287 score: 197.7017 average_last200: 127.9717 epis: 0.0585 loss: 51.1439 
episode: 404 count: 167 score: 23.2562 average_last200: 128.1696 epis: 0.0581 loss: 25.7407 
episode: 405 count: 221 score: 232.4540 average_last200: 129.4232 epis: 0.0577 loss: 40.7315 
episode: 406 count: 217 score: 184.8007 average_last200: 130.4036 epis: 0.0573 loss: 39.0523 
episode: 407 count: 214 score: 230.5422 average_last200: 130.5925 epis: 0.0569 loss: 37.1309 
episode: 408 count: 340 score: 196.2543 average_last200: 131.7497 epis: 0.0565 loss: 55.0428 
episode: 409 count: 187 score: 229.7051 average_last200: 132.5391 epis: 0.0561 loss: 32.7395 
episode: 410 count: 272 score: 254.5863 average_last200: 134.0300 epis: 0.0557 loss: 47.5212 
episode: 411 count: 242 score: 184.9923 average_last200: 134.9755 epis: 0.0553 loss: 49.9049 
episode: 412 count: 257 score: 237.3053 average_last200: 135.0808 epis: 0.0550 loss: 49.6160 
episode: 413 count: 670 score: 195.7367 average_last200: 135.6701 epis: 0.0546 loss: 120.1781 
episode: 414 count: 205 score: 216.0853 average_last200: 136.8181 epis: 0.0542 loss: 38.6441 
episode: 415 count: 238 score: 241.5031 average_last200: 137.6658 epis: 0.0538 loss: 41.1103 
episode: 416 count: 348 score: 240.0640 average_last200: 139.1003 epis: 0.0534 loss: 62.8104 
episode: 417 count: 251 score: 212.7651 average_last200: 140.4659 epis: 0.0531 loss: 36.7371 
episode: 418 count: 134 score: 33.8005 average_last200: 140.7108 epis: 0.0527 loss: 21.4384 
episode: 419 count: 182 score: 217.0281 average_last200: 141.4081 epis: 0.0523 loss: 30.2644 
episode: 420 count: 224 score: 230.0384 average_last200: 142.1187 epis: 0.0520 loss: 35.7618 
episode: 421 count: 251 score: 227.8274 average_last200: 142.3283 epis: 0.0516 loss: 38.1838 
episode: 422 count: 102 score: -24.5088 average_last200: 141.6634 epis: 0.0512 loss: 17.1935 
episode: 423 count: 235 score: 232.2939 average_last200: 141.9295 epis: 0.0509 loss: 41.5619 
episode: 424 count: 447 score: 259.6513 average_last200: 142.5454 epis: 0.0505 loss: 76.3786 
episode: 425 count: 417 score: 184.0040 average_last200: 142.9316 epis: 0.0502 loss: 79.5862 
episode: 426 count: 193 score: 214.7129 average_last200: 142.9907 epis: 0.0498 loss: 37.5393 
episode: 427 count: 213 score: 218.0074 average_last200: 144.0902 epis: 0.0495 loss: 36.2672 
episode: 428 count: 107 score: 15.6707 average_last200: 144.1543 epis: 0.0491 loss: 14.1707 
episode: 429 count: 275 score: 253.3741 average_last200: 144.8963 epis: 0.0488 loss: 44.7897 
episode: 430 count: 193 score: 193.7809 average_last200: 145.0346 epis: 0.0484 loss: 33.0262 
episode: 431 count: 209 score: 232.0725 average_last200: 145.9911 epis: 0.0481 loss: 34.9126 
episode: 432 count: 206 score: 215.6941 average_last200: 146.9884 epis: 0.0478 loss: 43.6461 
episode: 433 count: 235 score: -4.2614 average_last200: 145.8427 epis: 0.0474 loss: 37.9216 
episode: 434 count: 159 score: 12.1948 average_last200: 144.9091 epis: 0.0471 loss: 27.2189 
episode: 435 count: 171 score: -25.2057 average_last200: 144.3392 epis: 0.0468 loss: 32.3948 
episode: 436 count: 220 score: 221.6990 average_last200: 144.9132 epis: 0.0464 loss: 38.7999 
episode: 437 count: 231 score: 224.3517 average_last200: 145.9147 epis: 0.0461 loss: 36.7895 
episode: 438 count: 198 score: 213.7597 average_last200: 146.9784 epis: 0.0458 loss: 40.0195 
episode: 439 count: 446 score: 164.0807 average_last200: 147.1137 epis: 0.0455 loss: 87.6452 
episode: 440 count: 187 score: 229.6977 average_last200: 148.2509 epis: 0.0451 loss: 33.7025 
episode: 441 count: 177 score: 241.2982 average_last200: 149.4878 epis: 0.0448 loss: 34.9651 
episode: 442 count: 159 score: 217.0399 average_last200: 150.6668 epis: 0.0445 loss: 30.7795 
episode: 443 count: 204 score: 236.2334 average_last200: 151.4202 epis: 0.0442 loss: 42.5778 
episode: 444 count: 191 score: 235.0348 average_last200: 152.5028 epis: 0.0439 loss: 37.8316 
episode: 445 count: 762 score: 209.5722 average_last200: 152.5611 epis: 0.0436 loss: 131.4092 
episode: 446 count: 101 score: -23.5610 average_last200: 151.4825 epis: 0.0433 loss: 18.6430 
episode: 447 count: 178 score: 237.0825 average_last200: 151.5682 epis: 0.0430 loss: 30.4177 
episode: 448 count: 1000 score: 75.3759 average_last200: 150.8017 epis: 0.0427 loss: 162.6929 
episode: 449 count: 265 score: 197.7022 average_last200: 151.7748 epis: 0.0424 loss: 49.8078 
episode: 450 count: 147 score: -21.0933 average_last200: 150.4907 epis: 0.0421 loss: 25.2172 
episode: 451 count: 126 score: -24.9479 average_last200: 149.3373 epis: 0.0418 loss: 18.4981 
episode: 452 count: 97 score: -5.5517 average_last200: 148.7825 epis: 0.0415 loss: 15.6589 
episode: 453 count: 240 score: 233.7759 average_last200: 148.9636 epis: 0.0412 loss: 43.0114 
episode: 454 count: 159 score: -34.3269 average_last200: 149.0205 epis: 0.0409 loss: 23.7213 
episode: 455 count: 75 score: -70.9843 average_last200: 148.2180 epis: 0.0406 loss: 11.2397 
episode: 456 count: 140 score: -10.6938 average_last200: 148.4351 epis: 0.0403 loss: 22.6862 
episode: 457 count: 115 score: -57.9574 average_last200: 147.9791 epis: 0.0401 loss: 15.8855 
episode: 458 count: 89 score: -44.8685 average_last200: 148.0029 epis: 0.0398 loss: 12.1129 
episode: 459 count: 209 score: 258.7140 average_last200: 149.0936 epis: 0.0395 loss: 33.8772 
episode: 460 count: 96 score: -64.6206 average_last200: 147.7187 epis: 0.0392 loss: 23.1016 
episode: 461 count: 105 score: -75.3795 average_last200: 147.2874 epis: 0.0390 loss: 15.2112 
episode: 462 count: 330 score: 218.0926 average_last200: 147.3651 epis: 0.0387 loss: 46.3682 
episode: 463 count: 101 score: -48.0434 average_last200: 145.9338 epis: 0.0384 loss: 24.2238 
episode: 464 count: 301 score: 227.0548 average_last200: 146.0462 epis: 0.0381 loss: 49.8033 
episode: 465 count: 210 score: 244.1712 average_last200: 146.3206 epis: 0.0379 loss: 37.0395 
episode: 466 count: 306 score: 180.5728 average_last200: 147.4207 epis: 0.0376 loss: 45.0452 
episode: 467 count: 107 score: -16.9716 average_last200: 147.5772 epis: 0.0373 loss: 23.5537 
episode: 468 count: 185 score: 218.0905 average_last200: 148.7023 epis: 0.0371 loss: 34.6761 
episode: 469 count: 207 score: 226.4992 average_last200: 149.7257 epis: 0.0368 loss: 30.7386 
episode: 470 count: 175 score: 231.7969 average_last200: 151.1252 epis: 0.0366 loss: 28.1572 
episode: 471 count: 194 score: 197.8377 average_last200: 152.4818 epis: 0.0363 loss: 28.7866 
episode: 472 count: 272 score: 220.5391 average_last200: 152.3804 epis: 0.0361 loss: 48.2995 
episode: 473 count: 278 score: 213.1340 average_last200: 153.3995 epis: 0.0358 loss: 43.0546 
episode: 474 count: 306 score: 237.5066 average_last200: 154.8131 epis: 0.0356 loss: 50.4880 
episode: 475 count: 157 score: 190.5637 average_last200: 154.6531 epis: 0.0353 loss: 23.1494 
episode: 476 count: 234 score: 234.3720 average_last200: 156.1611 epis: 0.0351 loss: 29.5579 
episode: 477 count: 221 score: 183.8127 average_last200: 155.9778 epis: 0.0348 loss: 41.0826 
episode: 478 count: 235 score: 227.9033 average_last200: 157.7328 epis: 0.0346 loss: 45.3624 
episode: 479 count: 193 score: 213.9864 average_last200: 158.1960 epis: 0.0343 loss: 31.9052 
episode: 480 count: 236 score: 208.2564 average_last200: 158.0476 epis: 0.0341 loss: 39.0266 
episode: 481 count: 200 score: 239.6524 average_last200: 158.3541 epis: 0.0338 loss: 30.0963 
episode: 482 count: 98 score: -28.8308 average_last200: 157.2259 epis: 0.0336 loss: 14.1821 
episode: 483 count: 171 score: 221.7477 average_last200: 157.5997 epis: 0.0334 loss: 30.8148 
episode: 484 count: 362 score: 250.6477 average_last200: 159.4597 epis: 0.0331 loss: 54.7187 
episode: 485 count: 186 score: 240.9803 average_last200: 160.8684 epis: 0.0329 loss: 30.7682 
episode: 486 count: 109 score: -36.1774 average_last200: 159.8514 epis: 0.0327 loss: 18.8650 
episode: 487 count: 295 score: 220.6434 average_last200: 161.4330 epis: 0.0325 loss: 43.3243 
episode: 488 count: 216 score: 220.0130 average_last200: 161.6718 epis: 0.0322 loss: 32.4273 
episode: 489 count: 275 score: 236.6750 average_last200: 161.6081 epis: 0.0320 loss: 44.8561 
episode: 490 count: 94 score: -8.8309 average_last200: 161.9009 epis: 0.0318 loss: 17.3921 
episode: 491 count: 165 score: 12.0489 average_last200: 161.9848 epis: 0.0316 loss: 33.5491 
episode: 492 count: 227 score: 209.4167 average_last200: 162.3224 epis: 0.0313 loss: 35.4701 
episode: 493 count: 252 score: 252.5619 average_last200: 162.7068 epis: 0.0311 loss: 44.7852 
episode: 494 count: 420 score: 195.4404 average_last200: 163.2675 epis: 0.0309 loss: 79.8824 
episode: 495 count: 203 score: 227.1699 average_last200: 164.3575 epis: 0.0307 loss: 31.1532 
episode: 496 count: 226 score: 195.8596 average_last200: 164.5562 epis: 0.0305 loss: 41.3242 
episode: 497 count: 197 score: 235.2356 average_last200: 165.2524 epis: 0.0303 loss: 37.5988 
episode: 498 count: 155 score: 246.4111 average_last200: 165.7257 epis: 0.0300 loss: 30.9509 
episode: 499 count: 253 score: 240.3494 average_last200: 166.2593 epis: 0.0298 loss: 40.7680 
episode: 500 count: 178 score: 211.4831 average_last200: 166.4622 epis: 0.0296 loss: 28.3272 
episode: 501 count: 228 score: 201.5593 average_last200: 167.4189 epis: 0.0294 loss: 41.0813 
episode: 502 count: 263 score: 247.3993 average_last200: 168.6454 epis: 0.0292 loss: 43.1445 
episode: 503 count: 258 score: 211.1660 average_last200: 168.6638 epis: 0.0290 loss: 46.2986 
episode: 504 count: 257 score: 265.4522 average_last200: 168.9529 epis: 0.0288 loss: 40.8470 
episode: 505 count: 207 score: -24.9441 average_last200: 168.8216 epis: 0.0286 loss: 32.4100 
episode: 506 count: 137 score: -47.4759 average_last200: 169.0252 epis: 0.0284 loss: 20.8288 
episode: 507 count: 181 score: 190.7265 average_last200: 168.9636 epis: 0.0282 loss: 28.0170 
episode: 508 count: 430 score: 196.1884 average_last200: 168.9974 epis: 0.0280 loss: 74.2415 
episode: 509 count: 125 score: -67.0998 average_last200: 169.0489 epis: 0.0278 loss: 18.3795 
episode: 510 count: 342 score: 131.8777 average_last200: 169.0294 epis: 0.0276 loss: 56.4838 
episode: 511 count: 367 score: 211.4977 average_last200: 170.2089 epis: 0.0274 loss: 73.9976 
episode: 512 count: 235 score: 203.4889 average_last200: 171.2212 epis: 0.0272 loss: 39.8058 
episode: 513 count: 147 score: 1.7697 average_last200: 170.2189 epis: 0.0270 loss: 26.8236 
episode: 514 count: 220 score: 192.1094 average_last200: 170.0394 epis: 0.0268 loss: 43.0382 
episode: 515 count: 208 score: 206.7211 average_last200: 170.0361 epis: 0.0267 loss: 40.6340 
episode: 516 count: 215 score: 199.1709 average_last200: 169.9407 epis: 0.0265 loss: 35.1387 
episode: 517 count: 184 score: 265.0297 average_last200: 170.3160 epis: 0.0263 loss: 35.3863 
episode: 518 count: 250 score: 211.8798 average_last200: 173.5457 epis: 0.0261 loss: 44.3142 
episode: 519 count: 194 score: 233.3522 average_last200: 173.5559 epis: 0.0259 loss: 34.6130 
episode: 520 count: 568 score: 231.9328 average_last200: 174.6487 epis: 0.0257 loss: 114.5995 
episode: 521 count: 235 score: 225.6666 average_last200: 174.8241 epis: 0.0256 loss: 45.9462 
episode: 522 count: 306 score: 233.6006 average_last200: 174.7840 epis: 0.0254 loss: 50.5482 
episode: 523 count: 281 score: 196.9855 average_last200: 174.6030 epis: 0.0252 loss: 66.0839 
episode: 524 count: 254 score: 217.8881 average_last200: 174.5072 epis: 0.0250 loss: 42.2174 
episode: 525 count: 338 score: 225.4520 average_last200: 174.6101 epis: 0.0248 loss: 66.4556 
episode: 526 count: 344 score: 227.1210 average_last200: 174.5436 epis: 0.0247 loss: 59.4396 
episode: 527 count: 218 score: 224.2810 average_last200: 174.7599 epis: 0.0245 loss: 38.4413 
episode: 528 count: 293 score: 186.6337 average_last200: 174.7072 epis: 0.0243 loss: 52.1945 
episode: 529 count: 124 score: -20.2170 average_last200: 173.4938 epis: 0.0242 loss: 19.5947 
episode: 530 count: 209 score: 205.9287 average_last200: 173.4140 epis: 0.0240 loss: 35.9336 
episode: 531 count: 235 score: 227.9106 average_last200: 173.2835 epis: 0.0238 loss: 44.4105 
episode: 532 count: 101 score: -73.7426 average_last200: 171.9399 epis: 0.0237 loss: 19.7822 
episode: 533 count: 380 score: 198.7744 average_last200: 172.2937 epis: 0.0235 loss: 72.4929 
episode: 534 count: 703 score: 150.0331 average_last200: 174.0358 epis: 0.0233 loss: 147.4043 
episode: 535 count: 455 score: 247.4704 average_last200: 174.1818 epis: 0.0232 loss: 83.3193 
episode: 536 count: 231 score: 229.5288 average_last200: 174.2081 epis: 0.0230 loss: 47.2033 
episode: 537 count: 309 score: 225.1866 average_last200: 174.1795 epis: 0.0228 loss: 61.7036 
episode: 538 count: 240 score: 222.3882 average_last200: 174.3393 epis: 0.0227 loss: 47.6836 
episode: 539 count: 259 score: 261.0569 average_last200: 174.7724 epis: 0.0225 loss: 43.8947 
episode: 540 count: 253 score: 198.0287 average_last200: 174.6332 epis: 0.0224 loss: 50.0245 
episode: 541 count: 187 score: 193.7643 average_last200: 174.6936 epis: 0.0222 loss: 42.5628 
episode: 542 count: 352 score: 196.9778 average_last200: 176.0815 epis: 0.0221 loss: 62.1308 
episode: 543 count: 160 score: 201.0244 average_last200: 177.0817 epis: 0.0219 loss: 31.4392 
episode: 544 count: 241 score: 240.6706 average_last200: 177.3723 epis: 0.0217 loss: 49.7391 
episode: 545 count: 364 score: 194.7925 average_last200: 177.2850 epis: 0.0216 loss: 68.9750 
episode: 546 count: 136 score: -3.5437 average_last200: 175.9978 epis: 0.0214 loss: 29.0155 
episode: 547 count: 230 score: 217.2624 average_last200: 176.1906 epis: 0.0213 loss: 51.8427 
episode: 548 count: 443 score: 198.5289 average_last200: 176.0159 epis: 0.0211 loss: 78.3386 
episode: 549 count: 87 score: -68.3886 average_last200: 174.4148 epis: 0.0210 loss: 16.5867 
episode: 550 count: 135 score: -48.9983 average_last200: 173.2023 epis: 0.0208 loss: 27.5446 
episode: 551 count: 272 score: 193.0729 average_last200: 173.1707 epis: 0.0207 loss: 48.1893 
episode: 552 count: 248 score: 254.3378 average_last200: 173.1696 epis: 0.0206 loss: 43.1308 
episode: 553 count: 187 score: 250.6757 average_last200: 173.3127 epis: 0.0204 loss: 32.3532 
episode: 554 count: 251 score: 235.3900 average_last200: 173.1999 epis: 0.0203 loss: 47.4706 
episode: 555 count: 253 score: 233.9874 average_last200: 173.1672 epis: 0.0201 loss: 52.5245 
episode: 556 count: 128 score: 2.9368 average_last200: 172.1272 epis: 0.0200 loss: 30.1175 
episode: 557 count: 206 score: 193.8092 average_last200: 171.8678 epis: 0.0198 loss: 42.1351 
episode: 558 count: 134 score: 5.0683 average_last200: 170.8145 epis: 0.0197 loss: 28.3641 
episode: 559 count: 410 score: 260.3598 average_last200: 172.3007 epis: 0.0196 loss: 77.6097 
episode: 560 count: 243 score: 234.7546 average_last200: 172.4807 epis: 0.0194 loss: 49.2878 
episode: 561 count: 267 score: 235.1140 average_last200: 172.6433 epis: 0.0193 loss: 53.5262 
episode: 562 count: 274 score: 253.7747 average_last200: 172.8547 epis: 0.0192 loss: 55.6075 
episode: 563 count: 205 score: 230.0906 average_last200: 172.7960 epis: 0.0190 loss: 42.1656 
episode: 564 count: 273 score: 218.5732 average_last200: 172.8800 epis: 0.0189 loss: 46.0773 
episode: 565 count: 232 score: 251.8933 average_last200: 173.0463 epis: 0.0188 loss: 42.1881 
episode: 566 count: 218 score: 250.0595 average_last200: 173.2708 epis: 0.0186 loss: 35.3191 
episode: 567 count: 209 score: 250.6279 average_last200: 174.6031 epis: 0.0185 loss: 41.4941 
episode: 568 count: 165 score: 225.5996 average_last200: 174.6345 epis: 0.0184 loss: 35.5843 
episode: 569 count: 240 score: 199.9507 average_last200: 174.4539 epis: 0.0182 loss: 47.5161 
episode: 570 count: 168 score: 219.4491 average_last200: 174.6159 epis: 0.0181 loss: 42.6662 
episode: 571 count: 223 score: 208.1882 average_last200: 175.2315 epis: 0.0180 loss: 43.7033 
episode: 572 count: 255 score: 250.4378 average_last200: 175.4571 epis: 0.0179 loss: 45.1893 
episode: 573 count: 206 score: 223.1845 average_last200: 175.5703 epis: 0.0177 loss: 33.8259 
episode: 574 count: 227 score: 228.2888 average_last200: 175.5747 epis: 0.0176 loss: 47.3445 
episode: 575 count: 223 score: 261.5603 average_last200: 175.7774 epis: 0.0175 loss: 36.2366 
episode: 576 count: 204 score: 213.9508 average_last200: 175.9079 epis: 0.0174 loss: 38.3444 
episode: 577 count: 252 score: 226.4734 average_last200: 175.7481 epis: 0.0172 loss: 55.6161 
episode: 578 count: 326 score: 217.5898 average_last200: 175.5954 epis: 0.0171 loss: 58.6274 
episode: 579 count: 224 score: 231.2418 average_last200: 175.6288 epis: 0.0170 loss: 40.6443 
episode: 580 count: 251 score: 215.5268 average_last200: 175.5107 epis: 0.0169 loss: 56.6565 
episode: 581 count: 120 score: -39.5661 average_last200: 174.3243 epis: 0.0168 loss: 20.3914 
episode: 582 count: 457 score: 208.0837 average_last200: 174.1332 epis: 0.0166 loss: 99.5469 
episode: 583 count: 222 score: 19.4739 average_last200: 173.0933 epis: 0.0165 loss: 54.2722 
episode: 584 count: 231 score: 219.5953 average_last200: 173.1553 epis: 0.0164 loss: 52.2457 
episode: 585 count: 259 score: 228.2277 average_last200: 173.2105 epis: 0.0163 loss: 49.5131 
episode: 586 count: 105 score: -41.6725 average_last200: 171.9153 epis: 0.0162 loss: 18.8052 
episode: 587 count: 222 score: 249.9247 average_last200: 172.0491 epis: 0.0161 loss: 45.4293 
episode: 588 count: 358 score: 219.7738 average_last200: 171.9666 epis: 0.0160 loss: 74.4389 
episode: 589 count: 244 score: 241.6240 average_last200: 172.2240 epis: 0.0159 loss: 50.3913 
episode: 590 count: 237 score: 237.6947 average_last200: 172.3760 epis: 0.0157 loss: 44.1924 
episode: 591 count: 550 score: 214.2780 average_last200: 172.2231 epis: 0.0156 loss: 106.4474 
episode: 592 count: 255 score: 237.8689 average_last200: 172.1006 epis: 0.0155 loss: 53.0834 
episode: 593 count: 253 score: 260.0592 average_last200: 172.3067 epis: 0.0154 loss: 51.1925 
episode: 594 count: 398 score: 250.7686 average_last200: 173.4636 epis: 0.0153 loss: 82.0301 
episode: 595 count: 561 score: 257.5618 average_last200: 173.7067 epis: 0.0152 loss: 102.0728 
episode: 596 count: 165 score: -2.8458 average_last200: 172.5258 epis: 0.0151 loss: 35.0940 
episode: 597 count: 417 score: 237.7494 average_last200: 172.4634 epis: 0.0150 loss: 86.2857 
episode: 598 count: 252 score: 257.9007 average_last200: 172.6001 epis: 0.0149 loss: 48.7059 
episode: 599 count: 282 score: 207.6698 average_last200: 172.3603 epis: 0.0148 loss: 48.5262 
episode: 600 count: 272 score: 242.2421 average_last200: 172.4301 epis: 0.0147 loss: 52.3569 
episode: 601 count: 289 score: 207.9919 average_last200: 173.5624 epis: 0.0146 loss: 53.5476 
episode: 602 count: 202 score: 235.4037 average_last200: 173.6834 epis: 0.0145 loss: 41.5871 
episode: 603 count: 216 score: 210.9222 average_last200: 173.7495 epis: 0.0144 loss: 33.2702 
episode: 604 count: 451 score: 258.2832 average_last200: 174.9246 epis: 0.0143 loss: 79.5536 
episode: 605 count: 321 score: 235.1668 average_last200: 174.9382 epis: 0.0142 loss: 60.1697 
episode: 606 count: 332 score: 201.1284 average_last200: 175.0198 epis: 0.0141 loss: 61.9152 
episode: 607 count: 180 score: 8.5384 average_last200: 173.9098 epis: 0.0140 loss: 31.0615 
episode: 608 count: 689 score: 237.0226 average_last200: 174.1136 epis: 0.0139 loss: 135.5965 
episode: 609 count: 248 score: 266.7929 average_last200: 174.2991 epis: 0.0138 loss: 50.0826 
episode: 610 count: 215 score: -51.7254 average_last200: 172.7675 epis: 0.0137 loss: 36.9652 
episode: 611 count: 234 score: 218.7479 average_last200: 172.9363 epis: 0.0136 loss: 51.5417 
episode: 612 count: 281 score: 221.2589 average_last200: 172.8561 epis: 0.0135 loss: 53.4707 
episode: 613 count: 266 score: 228.8301 average_last200: 173.0215 epis: 0.0134 loss: 52.9353 
episode: 614 count: 164 score: 13.7002 average_last200: 172.0096 epis: 0.0133 loss: 36.0711 
episode: 615 count: 243 score: 245.8829 average_last200: 172.0315 epis: 0.0132 loss: 41.6006 
episode: 616 count: 147 score: -1.3020 average_last200: 170.8247 epis: 0.0131 loss: 29.1256 
episode: 617 count: 164 score: 196.7815 average_last200: 170.7448 epis: 0.0130 loss: 24.4814 
episode: 618 count: 152 score: 13.4884 average_last200: 170.6432 epis: 0.0129 loss: 25.9903 
episode: 619 count: 173 score: -51.7018 average_last200: 169.2995 epis: 0.0128 loss: 38.8322 
episode: 620 count: 200 score: -15.1055 average_last200: 168.0738 epis: 0.0127 loss: 40.6512 
episode: 621 count: 189 score: 215.4259 average_last200: 168.0118 epis: 0.0127 loss: 35.9121 
episode: 622 count: 410 score: 234.6126 average_last200: 169.3074 epis: 0.0126 loss: 74.5287 
episode: 623 count: 232 score: 192.9505 average_last200: 169.1107 epis: 0.0125 loss: 53.3159 
episode: 624 count: 180 score: 12.8398 average_last200: 167.8766 epis: 0.0124 loss: 30.3074 
episode: 625 count: 157 score: -26.5772 average_last200: 166.8237 epis: 0.0123 loss: 29.8826 
episode: 626 count: 184 score: -56.0323 average_last200: 165.4700 epis: 0.0122 loss: 32.4614 
episode: 627 count: 285 score: 204.8338 average_last200: 165.4041 epis: 0.0121 loss: 49.7086 
episode: 628 count: 167 score: 203.6304 average_last200: 166.3439 epis: 0.0121 loss: 35.6802 
episode: 629 count: 167 score: 202.3052 average_last200: 166.0886 epis: 0.0120 loss: 32.6144 
episode: 630 count: 153 score: 33.0791 average_last200: 165.2851 epis: 0.0119 loss: 21.1527 
episode: 631 count: 365 score: 227.2967 average_last200: 165.2612 epis: 0.0118 loss: 72.5948 
episode: 632 count: 358 score: 187.3828 average_last200: 165.1197 epis: 0.0117 loss: 79.1271 
episode: 633 count: 495 score: 219.7822 average_last200: 166.2399 epis: 0.0116 loss: 99.8604 
episode: 634 count: 163 score: 230.3128 average_last200: 167.3305 epis: 0.0116 loss: 28.3899 
episode: 635 count: 224 score: 210.4805 average_last200: 168.5089 epis: 0.0115 loss: 36.7840 
episode: 636 count: 262 score: 259.2489 average_last200: 168.6966 epis: 0.0114 loss: 53.0712 
episode: 637 count: 204 score: 234.1523 average_last200: 168.7457 epis: 0.0113 loss: 43.5367 
episode: 638 count: 166 score: 31.6452 average_last200: 167.8351 epis: 0.0112 loss: 33.9278 
episode: 639 count: 285 score: 215.9672 average_last200: 168.0945 epis: 0.0112 loss: 52.3513 
episode: 640 count: 224 score: 257.0491 average_last200: 168.2313 epis: 0.0111 loss: 34.3563 
episode: 641 count: 203 score: 233.3060 average_last200: 168.1913 epis: 0.0110 loss: 37.7735 
episode: 642 count: 252 score: 220.9926 average_last200: 168.2111 epis: 0.0109 loss: 58.3166 
episode: 643 count: 205 score: 184.2873 average_last200: 167.9513 epis: 0.0108 loss: 30.8827 
episode: 644 count: 256 score: 246.3305 average_last200: 168.0078 epis: 0.0108 loss: 43.1905 
episode: 645 count: 172 score: -82.0326 average_last200: 166.5498 epis: 0.0107 loss: 36.0253 
episode: 646 count: 235 score: -37.0315 average_last200: 166.4824 epis: 0.0106 loss: 47.0943 
episode: 647 count: 220 score: 195.6657 average_last200: 166.2754 epis: 0.0105 loss: 33.6012 
episode: 648 count: 493 score: 226.7675 average_last200: 167.0323 epis: 0.0105 loss: 91.8740 
episode: 649 count: 260 score: 231.8824 average_last200: 167.2032 epis: 0.0104 loss: 50.9744 
episode: 650 count: 169 score: 21.5655 average_last200: 167.4165 epis: 0.0103 loss: 32.9995 
episode: 651 count: 264 score: -43.9869 average_last200: 167.3213 epis: 0.0103 loss: 57.9932 
episode: 652 count: 419 score: 190.6256 average_last200: 168.3022 epis: 0.0102 loss: 70.9996 
episode: 653 count: 141 score: -62.4710 average_last200: 166.8210 epis: 0.0101 loss: 34.1415 
episode: 654 count: 537 score: 198.5730 average_last200: 167.9855 epis: 0.0100 loss: 104.7859 
episode: 655 count: 220 score: 239.7920 average_last200: 169.5393 epis: 0.0100 loss: 39.1880 
episode: 656 count: 104 score: -60.7832 average_last200: 169.2889 epis: 0.0099 loss: 14.7421 
episode: 657 count: 169 score: -23.6536 average_last200: 169.4604 epis: 0.0098 loss: 33.8349 
episode: 658 count: 276 score: 185.1931 average_last200: 170.6107 epis: 0.0098 loss: 57.8808 
episode: 659 count: 190 score: -125.7993 average_last200: 168.6882 epis: 0.0097 loss: 29.1981 
episode: 660 count: 202 score: 238.8762 average_last200: 170.2056 epis: 0.0096 loss: 43.7090 
episode: 661 count: 193 score: 214.6971 average_last200: 171.6560 epis: 0.0096 loss: 30.6742 
episode: 662 count: 186 score: 242.4213 average_last200: 171.7777 epis: 0.0095 loss: 28.2023 
episode: 663 count: 338 score: 245.5009 average_last200: 173.2454 epis: 0.0094 loss: 67.2561 
episode: 664 count: 154 score: -10.9613 average_last200: 172.0553 epis: 0.0094 loss: 30.9011 
episode: 665 count: 204 score: 213.3207 average_last200: 171.9011 epis: 0.0093 loss: 38.2397 
episode: 666 count: 273 score: 220.2705 average_last200: 172.0996 epis: 0.0092 loss: 51.8456 
episode: 667 count: 199 score: 214.9911 average_last200: 173.2594 epis: 0.0092 loss: 38.0518 
episode: 668 count: 148 score: 0.7626 average_last200: 172.1727 epis: 0.0091 loss: 26.2782 
episode: 669 count: 250 score: 193.8246 average_last200: 172.0094 epis: 0.0090 loss: 47.9495 
episode: 670 count: 199 score: 212.8813 average_last200: 171.9148 epis: 0.0090 loss: 43.5437 
episode: 671 count: 239 score: 201.6109 average_last200: 171.9336 epis: 0.0089 loss: 42.5286 
episode: 672 count: 198 score: 20.2587 average_last200: 170.9322 epis: 0.0088 loss: 37.4426 
episode: 673 count: 224 score: 231.0817 average_last200: 171.0220 epis: 0.0088 loss: 35.5860 
episode: 674 count: 176 score: 233.4207 average_last200: 171.0015 epis: 0.0087 loss: 33.3887 
episode: 675 count: 194 score: -9.8726 average_last200: 169.9994 epis: 0.0087 loss: 35.0633 
episode: 676 count: 256 score: 233.0402 average_last200: 169.9927 epis: 0.0086 loss: 45.2211 
episode: 677 count: 196 score: 231.6841 average_last200: 170.2321 epis: 0.0085 loss: 38.3663 
episode: 678 count: 243 score: 214.4460 average_last200: 170.1648 epis: 0.0085 loss: 51.6206 
episode: 679 count: 243 score: 226.6350 average_last200: 170.2280 epis: 0.0084 loss: 44.6803 
episode: 680 count: 292 score: 204.4808 average_last200: 170.2091 epis: 0.0084 loss: 59.2417 
episode: 681 count: 177 score: 240.2608 average_last200: 170.2122 epis: 0.0083 loss: 32.9022 
episode: 682 count: 142 score: 41.2446 average_last200: 170.5626 epis: 0.0082 loss: 26.6804 
episode: 683 count: 167 score: 192.9780 average_last200: 170.4187 epis: 0.0082 loss: 38.8705 
episode: 684 count: 265 score: 204.8440 average_last200: 170.1897 epis: 0.0081 loss: 53.6484 
episode: 685 count: 316 score: 232.5057 average_last200: 170.1473 epis: 0.0081 loss: 65.2433 
episode: 686 count: 288 score: 233.6585 average_last200: 171.4965 epis: 0.0080 loss: 59.3294 
episode: 687 count: 378 score: 221.4335 average_last200: 171.5005 epis: 0.0080 loss: 77.2728 
episode: 688 count: 180 score: 233.5333 average_last200: 171.5681 epis: 0.0079 loss: 35.8168 
episode: 689 count: 168 score: 15.0446 average_last200: 170.4599 epis: 0.0079 loss: 30.2273 
episode: 690 count: 485 score: 226.0332 average_last200: 171.6342 epis: 0.0078 loss: 114.0033 
episode: 691 count: 403 score: 211.5045 average_last200: 172.6315 epis: 0.0077 loss: 81.3933 
episode: 692 count: 154 score: 7.9664 average_last200: 171.6242 epis: 0.0077 loss: 28.4899 
episode: 693 count: 190 score: 240.2675 average_last200: 171.5628 epis: 0.0076 loss: 37.0458 
episode: 694 count: 320 score: 225.8213 average_last200: 171.7147 epis: 0.0076 loss: 69.4985 
episode: 695 count: 257 score: 202.7021 average_last200: 171.5923 epis: 0.0075 loss: 58.6651 
episode: 696 count: 183 score: 208.2042 average_last200: 171.6541 epis: 0.0075 loss: 31.5957 
episode: 697 count: 413 score: 219.9337 average_last200: 171.5776 epis: 0.0074 loss: 81.8304 
episode: 698 count: 94 score: -25.5847 average_last200: 170.2176 epis: 0.0074 loss: 13.6291 
episode: 699 count: 173 score: 21.3204 average_last200: 169.1224 epis: 0.0073 loss: 31.2039 
episode: 700 count: 217 score: 249.4842 average_last200: 169.3124 epis: 0.0073 loss: 47.2645 
episode: 701 count: 1000 score: 117.0623 average_last200: 168.8899 epis: 0.0072 loss: 180.8001 
episode: 702 count: 594 score: 200.6726 average_last200: 168.6563 epis: 0.0072 loss: 130.8695 
episode: 703 count: 201 score: 248.4636 average_last200: 168.8428 epis: 0.0071 loss: 40.6280 
episode: 704 count: 238 score: 253.2208 average_last200: 168.7816 epis: 0.0071 loss: 52.9419 
episode: 705 count: 199 score: 234.9671 average_last200: 170.0812 epis: 0.0070 loss: 39.3672 
episode: 706 count: 511 score: 226.6103 average_last200: 171.4516 epis: 0.0070 loss: 88.3034 
episode: 707 count: 193 score: 221.7939 average_last200: 171.6070 epis: 0.0069 loss: 32.2727 
episode: 708 count: 170 score: 217.5241 average_last200: 171.7136 epis: 0.0069 loss: 32.5419 
episode: 709 count: 335 score: 216.9246 average_last200: 173.1338 epis: 0.0068 loss: 55.6750 
episode: 710 count: 195 score: 217.9664 average_last200: 173.5642 epis: 0.0068 loss: 35.3969 
episode: 711 count: 227 score: 216.8138 average_last200: 173.5908 epis: 0.0067 loss: 45.1031 
episode: 712 count: 163 score: 243.0491 average_last200: 173.7886 epis: 0.0067 loss: 34.9958 
episode: 713 count: 176 score: 239.6571 average_last200: 174.9780 epis: 0.0066 loss: 35.1411 
episode: 714 count: 138 score: 13.0071 average_last200: 174.0825 epis: 0.0066 loss: 19.2062 
episode: 715 count: 181 score: 251.5045 average_last200: 174.3064 epis: 0.0065 loss: 30.0742 
episode: 716 count: 317 score: 213.5375 average_last200: 174.3783 epis: 0.0065 loss: 60.5826 
episode: 717 count: 405 score: 204.2908 average_last200: 174.0746 epis: 0.0065 loss: 74.0239 
episode: 718 count: 263 score: 225.6906 average_last200: 174.1436 epis: 0.0064 loss: 45.2370 
episode: 719 count: 357 score: 181.6360 average_last200: 173.8850 epis: 0.0064 loss: 60.9042 
episode: 720 count: 122 score: -19.3712 average_last200: 172.6285 epis: 0.0063 loss: 17.8248 
episode: 721 count: 158 score: 217.2799 average_last200: 172.5866 epis: 0.0063 loss: 25.4653 
episode: 722 count: 198 score: 207.4546 average_last200: 172.4559 epis: 0.0062 loss: 36.5805 
episode: 723 count: 237 score: 260.1802 average_last200: 172.7718 epis: 0.0062 loss: 45.9007 
episode: 724 count: 241 score: 187.5733 average_last200: 172.6203 epis: 0.0061 loss: 53.6403 
episode: 725 count: 324 score: 233.0813 average_last200: 172.6584 epis: 0.0061 loss: 62.8098 
episode: 726 count: 141 score: 0.7111 average_last200: 171.5264 epis: 0.0061 loss: 25.5487 
episode: 727 count: 184 score: 208.9082 average_last200: 171.4495 epis: 0.0060 loss: 30.2807 
episode: 728 count: 187 score: -1.8060 average_last200: 170.5073 epis: 0.0060 loss: 34.9256 
episode: 729 count: 207 score: 253.1440 average_last200: 171.8741 epis: 0.0059 loss: 42.7335 
episode: 730 count: 158 score: 8.8310 average_last200: 170.8886 epis: 0.0059 loss: 27.7799 
episode: 731 count: 237 score: 220.9620 average_last200: 170.8539 epis: 0.0058 loss: 39.1370 
episode: 732 count: 473 score: 194.0949 average_last200: 172.1931 epis: 0.0058 loss: 102.0820 
episode: 733 count: 166 score: 204.3449 average_last200: 172.2209 epis: 0.0058 loss: 38.2019 
episode: 734 count: 350 score: 217.8127 average_last200: 172.5598 epis: 0.0057 loss: 71.9040 
episode: 735 count: 132 score: 223.4505 average_last200: 172.4397 epis: 0.0057 loss: 28.7802 
episode: 736 count: 240 score: 235.2018 average_last200: 172.4681 epis: 0.0056 loss: 47.4271 
episode: 737 count: 151 score: 231.7005 average_last200: 172.5006 epis: 0.0056 loss: 30.1390 
episode: 738 count: 103 score: -24.8095 average_last200: 171.2647 epis: 0.0056 loss: 20.5719 
episode: 739 count: 294 score: 204.9169 average_last200: 170.9840 epis: 0.0055 loss: 58.2715 
episode: 740 count: 387 score: 172.6764 average_last200: 170.8572 epis: 0.0055 loss: 69.5717 
episode: 741 count: 157 score: -23.7759 average_last200: 169.7695 epis: 0.0054 loss: 30.1683 
episode: 742 count: 132 score: -36.0788 average_last200: 168.6042 epis: 0.0054 loss: 22.9595 
episode: 743 count: 128 score: -13.8951 average_last200: 167.5296 epis: 0.0054 loss: 28.1303 
episode: 744 count: 244 score: 228.9088 average_last200: 167.4708 epis: 0.0053 loss: 48.2859 
episode: 745 count: 238 score: 247.4763 average_last200: 167.7342 epis: 0.0053 loss: 47.1548 
episode: 746 count: 249 score: 237.2540 average_last200: 168.9382 epis: 0.0053 loss: 43.6426 
episode: 747 count: 552 score: 227.9092 average_last200: 168.9914 epis: 0.0052 loss: 114.7877 
episode: 748 count: 282 score: 182.8632 average_last200: 168.9131 epis: 0.0052 loss: 57.6927 
episode: 749 count: 175 score: 218.2018 average_last200: 170.3461 epis: 0.0052 loss: 27.9618 
episode: 750 count: 135 score: -11.8060 average_last200: 170.5320 epis: 0.0051 loss: 26.9982 
episode: 751 count: 220 score: 232.8963 average_last200: 170.7311 epis: 0.0051 loss: 43.7068 
episode: 752 count: 213 score: 267.0716 average_last200: 170.7948 epis: 0.0050 loss: 39.3552 
episode: 753 count: 75 score: -27.0622 average_last200: 169.4061 epis: 0.0050 loss: 12.4104 
episode: 754 count: 100 score: 30.8925 average_last200: 168.3836 epis: 0.0050 loss: 21.6614 
episode: 755 count: 439 score: 196.0560 average_last200: 168.1940 epis: 0.0049 loss: 78.8106 
episode: 756 count: 227 score: 253.5024 average_last200: 169.4468 epis: 0.0049 loss: 44.2189 
episode: 757 count: 704 score: 218.8091 average_last200: 169.5718 epis: 0.0049 loss: 137.9294 
episode: 758 count: 245 score: 226.0861 average_last200: 170.6769 epis: 0.0048 loss: 49.5394 
episode: 759 count: 119 score: 7.2112 average_last200: 169.4112 epis: 0.0048 loss: 24.6579 
episode: 760 count: 128 score: 2.3479 average_last200: 168.2491 epis: 0.0048 loss: 30.9931 
episode: 761 count: 217 score: 254.0944 average_last200: 168.3440 epis: 0.0047 loss: 37.9877 
episode: 762 count: 165 score: 206.0369 average_last200: 168.1053 epis: 0.0047 loss: 39.2874 
episode: 763 count: 182 score: 237.6882 average_last200: 168.1433 epis: 0.0047 loss: 43.0257 
episode: 764 count: 248 score: 225.2624 average_last200: 168.1768 epis: 0.0046 loss: 47.5860 
episode: 765 count: 137 score: 19.0781 average_last200: 167.0127 epis: 0.0046 loss: 26.1238 
episode: 766 count: 347 score: 211.1240 average_last200: 166.8180 epis: 0.0046 loss: 69.0783 
episode: 767 count: 136 score: -26.4741 average_last200: 165.4325 epis: 0.0045 loss: 21.3991 
episode: 768 count: 215 score: 218.4314 average_last200: 165.3967 epis: 0.0045 loss: 38.9847 
episode: 769 count: 204 score: 213.6421 average_last200: 165.4651 epis: 0.0045 loss: 43.4331 
episode: 770 count: 222 score: 219.7742 average_last200: 165.4667 epis: 0.0044 loss: 46.0875 
episode: 771 count: 93 score: -37.2641 average_last200: 164.2395 epis: 0.0044 loss: 21.5428 
episode: 772 count: 172 score: 245.6052 average_last200: 164.2153 epis: 0.0044 loss: 32.4264 
episode: 773 count: 1000 score: 87.9484 average_last200: 163.5391 epis: 0.0044 loss: 202.2883 
episode: 774 count: 219 score: 265.0010 average_last200: 163.7227 epis: 0.0043 loss: 47.2423 
episode: 775 count: 186 score: 239.3254 average_last200: 163.6115 epis: 0.0043 loss: 37.1017 
episode: 776 count: 309 score: 240.8840 average_last200: 163.7462 epis: 0.0043 loss: 65.1833 
episode: 777 count: 210 score: 220.6750 average_last200: 163.7172 epis: 0.0042 loss: 43.2505 
episode: 778 count: 176 score: 29.3683 average_last200: 162.7761 epis: 0.0042 loss: 36.6488 
episode: 779 count: 158 score: 12.8841 average_last200: 161.6843 epis: 0.0042 loss: 29.8267 
episode: 780 count: 172 score: 230.8234 average_last200: 161.7608 epis: 0.0041 loss: 33.4002 
episode: 781 count: 193 score: 246.3910 average_last200: 163.1906 epis: 0.0041 loss: 30.5173 
episode: 782 count: 206 score: 227.2115 average_last200: 163.2862 epis: 0.0041 loss: 35.5858 
episode: 783 count: 221 score: 217.5284 average_last200: 164.2765 epis: 0.0041 loss: 40.1822 
episode: 784 count: 291 score: 226.1874 average_last200: 164.3095 epis: 0.0040 loss: 51.7393 
episode: 785 count: 256 score: 211.6531 average_last200: 164.2266 epis: 0.0040 loss: 50.4506 
episode: 786 count: 218 score: 225.1141 average_last200: 165.5605 epis: 0.0040 loss: 39.6515 
episode: 787 count: 147 score: 11.0639 average_last200: 164.3662 epis: 0.0039 loss: 23.6168 
episode: 788 count: 157 score: 3.0382 average_last200: 163.2825 epis: 0.0039 loss: 40.8569 
episode: 789 count: 262 score: -14.9702 average_last200: 161.9996 epis: 0.0039 loss: 58.0397 
episode: 790 count: 163 score: -13.8040 average_last200: 160.7421 epis: 0.0039 loss: 30.6497 
episode: 791 count: 467 score: 215.9375 average_last200: 160.7504 epis: 0.0038 loss: 90.6335 
episode: 792 count: 197 score: 217.7446 average_last200: 160.6497 epis: 0.0038 loss: 40.9983 
episode: 793 count: 214 score: 184.9968 average_last200: 160.2744 epis: 0.0038 loss: 40.6476 
episode: 794 count: 142 score: 8.3428 average_last200: 159.0623 epis: 0.0038 loss: 25.9615 
episode: 795 count: 242 score: -0.8382 average_last200: 157.7703 epis: 0.0037 loss: 48.9826 
episode: 796 count: 167 score: -32.4450 average_last200: 157.6223 epis: 0.0037 loss: 28.0073 
episode: 797 count: 171 score: -2.4429 average_last200: 156.4213 epis: 0.0037 loss: 25.4512 
episode: 798 count: 111 score: -10.7452 average_last200: 155.0781 epis: 0.0037 loss: 20.0007 
episode: 799 count: 168 score: 205.3139 average_last200: 155.0663 epis: 0.0036 loss: 29.2993 
episode: 800 count: 213 score: 205.5541 average_last200: 154.8829 epis: 0.0036 loss: 43.9393 
episode: 801 count: 274 score: 222.0445 average_last200: 154.9532 epis: 0.0036 loss: 53.1901 
episode: 802 count: 260 score: 252.6174 average_last200: 155.0392 epis: 0.0036 loss: 43.9780 
episode: 803 count: 249 score: 243.3313 average_last200: 155.2013 epis: 0.0035 loss: 50.4473 
episode: 804 count: 231 score: 211.3447 average_last200: 154.9666 epis: 0.0035 loss: 35.4749 
episode: 805 count: 145 score: 17.9857 average_last200: 153.8807 epis: 0.0035 loss: 22.4293 
episode: 806 count: 150 score: 213.2430 average_last200: 153.9412 epis: 0.0035 loss: 21.5332 
episode: 807 count: 220 score: 237.3551 average_last200: 155.0853 epis: 0.0034 loss: 41.0337 
episode: 808 count: 224 score: 205.8538 average_last200: 154.9295 epis: 0.0034 loss: 39.6331 
episode: 809 count: 176 score: 1.1258 average_last200: 153.6011 epis: 0.0034 loss: 31.0894 
episode: 810 count: 182 score: 212.4369 average_last200: 154.9220 epis: 0.0034 loss: 29.7720 
episode: 811 count: 222 score: 254.8086 average_last200: 155.1023 epis: 0.0033 loss: 31.1632 
episode: 812 count: 325 score: 220.8835 average_last200: 155.1004 epis: 0.0033 loss: 62.2199 
episode: 813 count: 157 score: -1.1378 average_last200: 153.9505 epis: 0.0033 loss: 26.6860 
episode: 814 count: 281 score: 231.4492 average_last200: 155.0393 epis: 0.0033 loss: 61.1678 
episode: 815 count: 80 score: -5.5047 average_last200: 153.7824 epis: 0.0032 loss: 19.7499 
episode: 816 count: 214 score: 219.3537 average_last200: 154.8856 epis: 0.0032 loss: 38.0575 
episode: 817 count: 174 score: -15.3481 average_last200: 153.8250 epis: 0.0032 loss: 33.9961 
episode: 818 count: 125 score: -47.2041 average_last200: 153.5215 epis: 0.0032 loss: 23.1175 
episode: 819 count: 174 score: 216.2369 average_last200: 154.8612 epis: 0.0032 loss: 30.7907 
episode: 820 count: 102 score: -41.3305 average_last200: 154.7301 epis: 0.0031 loss: 21.7038 
episode: 821 count: 81 score: 19.5380 average_last200: 153.7507 epis: 0.0031 loss: 13.7848 
episode: 822 count: 342 score: 239.7202 average_last200: 153.7762 epis: 0.0031 loss: 66.7169 
episode: 823 count: 732 score: 232.0572 average_last200: 153.9717 epis: 0.0031 loss: 144.8637 
episode: 824 count: 110 score: -47.7750 average_last200: 153.6686 epis: 0.0030 loss: 19.6963 
episode: 825 count: 247 score: 257.7859 average_last200: 155.0905 epis: 0.0030 loss: 58.8869 
episode: 826 count: 182 score: 225.6745 average_last200: 156.4990 epis: 0.0030 loss: 33.0116 
episode: 827 count: 108 score: -47.8522 average_last200: 155.2356 epis: 0.0030 loss: 27.5862 
episode: 828 count: 173 score: 15.5935 average_last200: 154.2954 epis: 0.0030 loss: 32.2636 
episode: 829 count: 124 score: -4.2304 average_last200: 153.2627 epis: 0.0029 loss: 23.2443 
episode: 830 count: 102 score: -7.8698 average_last200: 153.0580 epis: 0.0029 loss: 23.8954 
episode: 831 count: 219 score: 224.9716 average_last200: 153.0463 epis: 0.0029 loss: 44.3150 
episode: 832 count: 140 score: 1.4521 average_last200: 152.1167 epis: 0.0029 loss: 25.5695 
episode: 833 count: 243 score: 231.2354 average_last200: 152.1739 epis: 0.0029 loss: 57.3527 
episode: 834 count: 115 score: -27.7102 average_last200: 150.8838 epis: 0.0028 loss: 16.7836 
episode: 835 count: 177 score: 217.6268 average_last200: 150.9196 epis: 0.0028 loss: 36.8698 
episode: 836 count: 114 score: -9.9410 average_last200: 149.5736 epis: 0.0028 loss: 23.5964 
episode: 837 count: 250 score: 208.3035 average_last200: 149.4444 epis: 0.0028 loss: 42.6445 
episode: 838 count: 116 score: -14.7165 average_last200: 149.2126 epis: 0.0028 loss: 25.8448 
episode: 839 count: 133 score: 0.9222 average_last200: 148.1373 epis: 0.0027 loss: 25.9642 
episode: 840 count: 386 score: 224.5809 average_last200: 147.9750 epis: 0.0027 loss: 73.5462 
episode: 841 count: 143 score: 35.9650 average_last200: 146.9883 epis: 0.0027 loss: 19.0832 
episode: 842 count: 154 score: -18.1927 average_last200: 145.7924 epis: 0.0027 loss: 32.2558 
episode: 843 count: 112 score: -14.8241 average_last200: 144.7968 epis: 0.0027 loss: 18.5901 
episode: 844 count: 234 score: 252.8179 average_last200: 144.8292 epis: 0.0026 loss: 35.9636 
episode: 845 count: 179 score: -40.3526 average_last200: 145.0376 epis: 0.0026 loss: 31.3927 
episode: 846 count: 99 score: -10.8673 average_last200: 145.1685 epis: 0.0026 loss: 24.6730 
episode: 847 count: 206 score: 236.3769 average_last200: 145.3720 epis: 0.0026 loss: 34.8770 
episode: 848 count: 100 score: 9.4440 average_last200: 144.2854 epis: 0.0026 loss: 16.5669 
episode: 849 count: 308 score: 268.5052 average_last200: 144.4685 epis: 0.0026 loss: 46.2135 
episode: 850 count: 91 score: -14.3113 average_last200: 144.2891 epis: 0.0025 loss: 12.5605 
episode: 851 count: 125 score: -15.9841 average_last200: 144.4291 epis: 0.0025 loss: 22.3598 
episode: 852 count: 110 score: 11.6889 average_last200: 143.5345 epis: 0.0025 loss: 22.4678 
episode: 853 count: 154 score: -16.6633 average_last200: 143.7635 epis: 0.0025 loss: 23.9087 
episode: 854 count: 111 score: -41.6445 average_last200: 142.5624 epis: 0.0025 loss: 25.0285 
episode: 855 count: 432 score: 223.3426 average_last200: 142.4802 epis: 0.0024 loss: 68.7342 
episode: 856 count: 138 score: -42.1019 average_last200: 142.5736 epis: 0.0024 loss: 21.4428 
episode: 857 count: 196 score: 255.3502 average_last200: 143.9686 epis: 0.0024 loss: 38.2749 
episode: 858 count: 105 score: -26.5325 average_last200: 142.9100 epis: 0.0024 loss: 15.9753 
episode: 859 count: 397 score: 197.0521 average_last200: 144.5242 epis: 0.0024 loss: 69.5461 
episode: 860 count: 120 score: -16.1393 average_last200: 143.2491 epis: 0.0024 loss: 22.2241 
episode: 861 count: 154 score: -14.4655 average_last200: 142.1033 epis: 0.0023 loss: 36.6380 
episode: 862 count: 225 score: 232.2420 average_last200: 142.0524 epis: 0.0023 loss: 47.1449 
episode: 863 count: 202 score: -20.1716 average_last200: 140.7241 epis: 0.0023 loss: 40.3545 
episode: 864 count: 203 score: 249.3066 average_last200: 142.0254 epis: 0.0023 loss: 29.6643 
episode: 865 count: 188 score: 27.1271 average_last200: 141.0944 epis: 0.0023 loss: 35.9846 
episode: 866 count: 132 score: -25.2085 average_last200: 139.8670 epis: 0.0023 loss: 33.4814 
episode: 867 count: 104 score: -4.6331 average_last200: 138.7689 epis: 0.0022 loss: 21.2075 
episode: 868 count: 201 score: 254.9193 average_last200: 140.0397 epis: 0.0022 loss: 33.4308 
episode: 869 count: 312 score: 261.2363 average_last200: 140.3768 epis: 0.0022 loss: 65.4772 
episode: 870 count: 130 score: 3.5372 average_last200: 139.3301 epis: 0.0022 loss: 19.3720 
episode: 871 count: 143 score: 15.4698 average_last200: 138.3993 epis: 0.0022 loss: 20.2318 
episode: 872 count: 192 score: 1.3442 average_last200: 138.3048 epis: 0.0022 loss: 40.4723 
episode: 873 count: 183 score: -20.7525 average_last200: 137.0456 epis: 0.0022 loss: 32.2640 
episode: 874 count: 301 score: -16.4927 average_last200: 135.7960 epis: 0.0021 loss: 68.5818 
episode: 875 count: 255 score: 259.5096 average_last200: 137.1429 epis: 0.0021 loss: 53.3238 
episode: 876 count: 237 score: 235.6954 average_last200: 137.1562 epis: 0.0021 loss: 53.0297 
episode: 877 count: 145 score: 8.8727 average_last200: 136.0422 epis: 0.0021 loss: 26.3750 
episode: 878 count: 530 score: 251.2250 average_last200: 136.2261 epis: 0.0021 loss: 90.8364 
episode: 879 count: 162 score: -40.1517 average_last200: 134.8921 epis: 0.0021 loss: 33.1676 
episode: 880 count: 94 score: 10.6980 average_last200: 133.9232 epis: 0.0021 loss: 17.0591 
episode: 881 count: 78 score: -53.1596 average_last200: 132.4561 epis: 0.0020 loss: 14.2148 
episode: 882 count: 158 score: 7.5617 average_last200: 132.2877 epis: 0.0020 loss: 27.6937 
episode: 883 count: 133 score: -24.9963 average_last200: 131.1978 epis: 0.0020 loss: 20.9903 
episode: 884 count: 194 score: 229.4637 average_last200: 131.3209 epis: 0.0020 loss: 39.2638 
episode: 885 count: 129 score: 11.1302 average_last200: 130.2140 epis: 0.0020 loss: 23.6456 
episode: 886 count: 164 score: -19.2522 average_last200: 128.9495 epis: 0.0020 loss: 27.3233 
episode: 887 count: 213 score: 254.1444 average_last200: 129.1130 epis: 0.0020 loss: 40.4974 
episode: 888 count: 93 score: -13.9525 average_last200: 127.8756 epis: 0.0019 loss: 16.2686 
episode: 889 count: 248 score: 237.0304 average_last200: 128.9855 epis: 0.0019 loss: 42.0791 
episode: 890 count: 162 score: -27.1611 average_last200: 127.7196 epis: 0.0019 loss: 29.1865 
episode: 891 count: 229 score: 260.5701 average_last200: 127.9649 epis: 0.0019 loss: 39.5546 
episode: 892 count: 97 score: -38.8097 average_last200: 127.7310 epis: 0.0019 loss: 22.6760 
episode: 893 count: 131 score: -54.9093 average_last200: 126.2551 epis: 0.0019 loss: 28.1292 
episode: 894 count: 99 score: -56.0547 average_last200: 124.8458 epis: 0.0019 loss: 17.3231 
episode: 895 count: 135 score: -16.3598 average_last200: 123.7504 epis: 0.0018 loss: 27.1576 
episode: 896 count: 105 score: -47.4309 average_last200: 122.4723 epis: 0.0018 loss: 17.3023 
episode: 897 count: 76 score: -13.7067 average_last200: 121.3041 epis: 0.0018 loss: 12.1368 
episode: 898 count: 249 score: -38.4592 average_last200: 121.2397 epis: 0.0018 loss: 42.1361 
episode: 899 count: 209 score: 231.4416 average_last200: 122.2903 epis: 0.0018 loss: 46.9361 
episode: 900 count: 91 score: -5.4146 average_last200: 121.0158 epis: 0.0018 loss: 13.4858 
episode: 901 count: 119 score: -4.8826 average_last200: 120.4061 epis: 0.0018 loss: 30.1709 
episode: 902 count: 209 score: 238.6702 average_last200: 120.5961 epis: 0.0018 loss: 38.2369 
episode: 903 count: 147 score: -1.2022 average_last200: 119.3477 epis: 0.0017 loss: 20.6477 
episode: 904 count: 252 score: 254.1684 average_last200: 119.3525 epis: 0.0017 loss: 46.9943 
episode: 905 count: 131 score: -31.2481 average_last200: 118.0214 epis: 0.0017 loss: 23.6102 
episode: 906 count: 264 score: 225.0816 average_last200: 118.0138 epis: 0.0017 loss: 48.2877 
episode: 907 count: 184 score: -33.6733 average_last200: 116.7364 epis: 0.0017 loss: 36.3267 
episode: 908 count: 104 score: -36.1768 average_last200: 115.4679 epis: 0.0017 loss: 16.5164 
episode: 909 count: 157 score: 26.9767 average_last200: 114.5182 epis: 0.0017 loss: 31.7916 
episode: 910 count: 185 score: 9.5339 average_last200: 113.4760 epis: 0.0017 loss: 36.5169 
episode: 911 count: 132 score: -30.1417 average_last200: 112.2412 epis: 0.0017 loss: 28.2074 
episode: 912 count: 245 score: 226.5572 average_last200: 112.1588 epis: 0.0016 loss: 46.1073 
episode: 913 count: 126 score: -20.5161 average_last200: 110.8579 epis: 0.0016 loss: 24.5741 
episode: 914 count: 156 score: -32.3157 average_last200: 110.6313 epis: 0.0016 loss: 24.1487 
episode: 915 count: 133 score: 16.7137 average_last200: 109.4573 epis: 0.0016 loss: 19.2836 
episode: 916 count: 149 score: 12.2285 average_last200: 108.4508 epis: 0.0016 loss: 26.7125 
episode: 917 count: 139 score: -1.5562 average_last200: 107.4216 epis: 0.0016 loss: 23.6974 
episode: 918 count: 309 score: 241.1067 average_last200: 107.4986 epis: 0.0016 loss: 50.1405 
episode: 919 count: 101 score: -10.1333 average_last200: 106.5398 epis: 0.0016 loss: 15.5181 
episode: 920 count: 253 score: 254.6524 average_last200: 107.9099 epis: 0.0015 loss: 45.5332 
episode: 921 count: 94 score: -40.5433 average_last200: 106.6208 epis: 0.0015 loss: 15.2106 
episode: 922 count: 95 score: -4.5160 average_last200: 105.5610 epis: 0.0015 loss: 13.1644 
episode: 923 count: 108 score: -12.9389 average_last200: 104.1954 epis: 0.0015 loss: 21.1455 
episode: 924 count: 328 score: 252.8358 average_last200: 104.5217 epis: 0.0015 loss: 55.6109 
episode: 925 count: 228 score: 173.8507 average_last200: 104.2255 epis: 0.0015 loss: 44.2892 
episode: 926 count: 98 score: 10.1328 average_last200: 104.2726 epis: 0.0015 loss: 18.4241 
episode: 927 count: 111 score: 13.4531 average_last200: 103.2953 epis: 0.0015 loss: 23.7212 
episode: 928 count: 441 score: 208.0546 average_last200: 104.3447 epis: 0.0015 loss: 80.5852 
episode: 929 count: 113 score: -19.9291 average_last200: 102.9793 epis: 0.0015 loss: 22.4477 
episode: 930 count: 89 score: -51.6785 average_last200: 102.6767 epis: 0.0014 loss: 16.4716 
episode: 931 count: 117 score: 14.2982 average_last200: 101.6434 epis: 0.0014 loss: 24.9638 
episode: 932 count: 354 score: 221.1666 average_last200: 101.7788 epis: 0.0014 loss: 66.4529 
episode: 933 count: 113 score: 20.0519 average_last200: 100.8573 epis: 0.0014 loss: 16.2400 
episode: 934 count: 108 score: -97.3756 average_last200: 99.2814 epis: 0.0014 loss: 20.8479 
episode: 935 count: 284 score: 239.4951 average_last200: 99.3616 epis: 0.0014 loss: 59.8032 
episode: 936 count: 249 score: 251.5520 average_last200: 99.4433 epis: 0.0014 loss: 37.2807 
episode: 937 count: 100 score: 8.1683 average_last200: 98.3257 epis: 0.0014 loss: 18.3852 
episode: 938 count: 223 score: 220.2339 average_last200: 99.5509 epis: 0.0014 loss: 31.8327 
episode: 939 count: 132 score: 1.7392 average_last200: 98.5350 epis: 0.0014 loss: 28.3985 
episode: 940 count: 448 score: 235.0272 average_last200: 98.8468 epis: 0.0013 loss: 79.7868 
episode: 941 count: 84 score: -13.5879 average_last200: 98.8977 epis: 0.0013 loss: 14.1975 
episode: 942 count: 104 score: -35.0584 average_last200: 98.9028 epis: 0.0013 loss: 23.7965 
episode: 943 count: 272 score: 267.6351 average_last200: 100.3105 epis: 0.0013 loss: 57.1715 
episode: 944 count: 97 score: 28.2395 average_last200: 99.3071 epis: 0.0013 loss: 19.4249 
episode: 945 count: 129 score: 3.1638 average_last200: 98.0856 epis: 0.0013 loss: 26.6679 
episode: 946 count: 250 score: 251.4662 average_last200: 98.1566 epis: 0.0013 loss: 64.5427 
episode: 947 count: 154 score: -0.4860 average_last200: 97.0146 epis: 0.0013 loss: 32.6227 
episode: 948 count: 109 score: -1.4018 average_last200: 96.0933 epis: 0.0013 loss: 18.8092 
episode: 949 count: 143 score: -31.9740 average_last200: 94.8424 epis: 0.0013 loss: 28.4087 
episode: 950 count: 179 score: 9.6529 average_last200: 94.9497 epis: 0.0013 loss: 30.7204 
episode: 951 count: 247 score: 264.2557 average_last200: 95.1065 epis: 0.0012 loss: 47.6816 
episode: 952 count: 263 score: 225.7340 average_last200: 94.8998 epis: 0.0012 loss: 49.5790 
episode: 953 count: 108 score: 24.1478 average_last200: 95.1559 epis: 0.0012 loss: 24.0088 
episode: 954 count: 160 score: 29.2495 average_last200: 95.1477 epis: 0.0012 loss: 30.8823 
episode: 955 count: 219 score: 195.2561 average_last200: 95.1437 epis: 0.0012 loss: 49.3255 
episode: 956 count: 146 score: -14.4903 average_last200: 93.8037 epis: 0.0012 loss: 29.3893 
episode: 957 count: 126 score: -7.1872 average_last200: 92.6737 epis: 0.0012 loss: 18.6707 
episode: 958 count: 171 score: -22.9168 average_last200: 91.4287 epis: 0.0012 loss: 22.5762 
episode: 959 count: 149 score: 16.2600 average_last200: 91.4740 epis: 0.0012 loss: 33.9486 
episode: 960 count: 95 score: 2.8758 average_last200: 91.4766 epis: 0.0012 loss: 16.5170 
episode: 961 count: 311 score: 202.7169 average_last200: 91.2197 epis: 0.0012 loss: 51.8296 
episode: 962 count: 185 score: 217.1587 average_last200: 91.2753 epis: 0.0012 loss: 30.9688 
episode: 963 count: 209 score: 226.6754 average_last200: 91.2203 epis: 0.0011 loss: 36.6808 
episode: 964 count: 312 score: 218.7795 average_last200: 91.1878 epis: 0.0011 loss: 62.5233 
episode: 965 count: 307 score: 242.0482 average_last200: 92.3027 epis: 0.0011 loss: 49.1925 
episode: 966 count: 96 score: 6.2974 average_last200: 91.2786 epis: 0.0011 loss: 14.8729 
episode: 967 count: 135 score: -7.0352 average_last200: 91.3758 epis: 0.0011 loss: 21.9903 
episode: 968 count: 204 score: 245.6583 average_last200: 91.5119 epis: 0.0011 loss: 37.1636 
episode: 969 count: 123 score: -15.9978 average_last200: 90.3637 epis: 0.0011 loss: 27.0576 
episode: 970 count: 101 score: 13.2868 average_last200: 89.3312 epis: 0.0011 loss: 18.2679 
episode: 971 count: 253 score: 234.6345 average_last200: 90.6907 epis: 0.0011 loss: 50.6503 
episode: 972 count: 114 score: -19.3834 average_last200: 89.3658 epis: 0.0011 loss: 19.0090 
episode: 973 count: 252 score: 250.6097 average_last200: 90.1791 epis: 0.0011 loss: 38.7377 
episode: 974 count: 118 score: -9.5888 average_last200: 88.8062 epis: 0.0011 loss: 24.5319 
episode: 975 count: 372 score: 239.8136 average_last200: 88.8086 epis: 0.0011 loss: 69.0679 
episode: 976 count: 121 score: 19.0104 average_last200: 87.6992 epis: 0.0010 loss: 20.2312 
episode: 977 count: 118 score: -8.0226 average_last200: 86.5557 epis: 0.0010 loss: 22.3989 
episode: 978 count: 172 score: 210.1466 average_last200: 87.4596 epis: 0.0010 loss: 25.8414 
episode: 979 count: 192 score: -42.7271 average_last200: 87.1816 epis: 0.0010 loss: 43.7094 
episode: 980 count: 277 score: 229.5022 average_last200: 87.1750 epis: 0.0010 loss: 49.0112 
episode: 981 count: 208 score: -12.6395 average_last200: 85.8798 epis: 0.0010 loss: 49.5821 
episode: 982 count: 219 score: 250.2603 average_last200: 85.9951 epis: 0.0010 loss: 44.5880 
episode: 983 count: 103 score: -23.6864 average_last200: 84.7890 epis: 0.0010 loss: 20.0038 
episode: 984 count: 293 score: 196.5837 average_last200: 84.6410 epis: 0.0010 loss: 47.6177 
episode: 985 count: 261 score: 250.4635 average_last200: 84.8350 epis: 0.0010 loss: 46.8962 
episode: 986 count: 277 score: 205.8312 average_last200: 84.7386 epis: 0.0010 loss: 51.2027 
episode: 987 count: 222 score: 202.5146 average_last200: 85.6959 epis: 0.0010 loss: 48.5779 
episode: 988 count: 162 score: 231.7354 average_last200: 86.8393 epis: 0.0010 loss: 27.5554 
episode: 989 count: 201 score: 211.0825 average_last200: 87.9696 epis: 0.0010 loss: 40.3147 
episode: 990 count: 119 score: 9.4614 average_last200: 88.0859 epis: 0.0009 loss: 26.6741 
episode: 991 count: 186 score: 214.1025 average_last200: 88.0768 epis: 0.0009 loss: 27.9836 
episode: 992 count: 188 score: 252.2732 average_last200: 88.2494 epis: 0.0009 loss: 28.1802 
episode: 993 count: 110 score: -4.3919 average_last200: 87.3025 epis: 0.0009 loss: 20.5832 
episode: 994 count: 636 score: 218.8057 average_last200: 88.3548 epis: 0.0009 loss: 116.1652 
episode: 995 count: 216 score: 230.9723 average_last200: 89.5138 epis: 0.0009 loss: 41.4928 
episode: 996 count: 140 score: 10.8963 average_last200: 89.7305 epis: 0.0009 loss: 24.7469 
episode: 997 count: 152 score: 2.8559 average_last200: 89.7570 epis: 0.0009 loss: 33.1493 
episode: 998 count: 176 score: -9.0201 average_last200: 89.7657 epis: 0.0009 loss: 35.9281 
episode: 999 count: 194 score: 230.7421 average_last200: 89.8928 epis: 0.0009 loss: 39.7525 
