[33mWARN: gym.spaces.Box autodetected dtype as <class 'numpy.float32'>. Please provide explicit dtype.[0m
All para: Epis 1000 memlen 100000 gamma 0.990 epsilon 0.999 alpha 0.00005 batch 30 upfreq 500
episode: 0 count: 103 score: -201.7553 average_last200: -201.7553 epis: 0.9990 loss: 0.0000 
episode: 1 count: 84 score: -164.3968 average_last200: -183.0761 epis: 0.9980 loss: 0.0000 
episode: 2 count: 132 score: -150.1011 average_last200: -172.0844 epis: 0.9970 loss: 0.0000 
episode: 3 count: 75 score: -146.4896 average_last200: -165.6857 epis: 0.9960 loss: 0.0000 
episode: 4 count: 93 score: -344.2022 average_last200: -201.3890 epis: 0.9950 loss: 0.0000 
episode: 5 count: 88 score: -489.0477 average_last200: -249.3321 epis: 0.9940 loss: 0.0000 
episode: 6 count: 105 score: -465.1571 average_last200: -280.1643 epis: 0.9930 loss: 0.0000 
episode: 7 count: 73 score: -182.3052 average_last200: -267.9319 epis: 0.9920 loss: 0.0000 
episode: 8 count: 128 score: -211.1852 average_last200: -261.6267 epis: 0.9910 loss: 0.0000 
episode: 9 count: 67 score: -113.9512 average_last200: -246.8591 epis: 0.9900 loss: 0.0000 
episode: 10 count: 105 score: -228.5302 average_last200: -245.1929 epis: 0.9891 loss: 39.9541 
episode: 11 count: 1000 score: 48.7684 average_last200: -220.6961 epis: 0.9881 loss: 669.3848 
episode: 12 count: 62 score: -130.1173 average_last200: -213.7285 epis: 0.9871 loss: 43.4295 
episode: 13 count: 100 score: -168.2858 average_last200: -210.4826 epis: 0.9861 loss: 62.5159 
episode: 14 count: 76 score: -401.3340 average_last200: -223.2060 epis: 0.9851 loss: 43.2883 
episode: 15 count: 75 score: -126.8973 average_last200: -217.1867 epis: 0.9841 loss: 47.5542 
episode: 16 count: 63 score: -163.1354 average_last200: -214.0072 epis: 0.9831 loss: 36.8838 
episode: 17 count: 121 score: -337.9878 average_last200: -220.8951 epis: 0.9822 loss: 70.1169 
episode: 18 count: 65 score: -171.5064 average_last200: -218.2957 epis: 0.9812 loss: 39.1242 
episode: 19 count: 94 score: -113.9845 average_last200: -213.0801 epis: 0.9802 loss: 59.9906 
episode: 20 count: 84 score: -172.7005 average_last200: -211.1573 epis: 0.9792 loss: 45.0167 
episode: 21 count: 106 score: -279.0878 average_last200: -214.2450 epis: 0.9782 loss: 60.1773 
episode: 22 count: 70 score: -166.4785 average_last200: -212.1682 epis: 0.9773 loss: 49.6145 
episode: 23 count: 57 score: -132.8709 average_last200: -208.8641 epis: 0.9763 loss: 30.7006 
episode: 24 count: 91 score: -213.9875 average_last200: -209.0691 epis: 0.9753 loss: 60.0525 
episode: 25 count: 149 score: -156.2031 average_last200: -207.0358 epis: 0.9743 loss: 90.5918 
episode: 26 count: 136 score: -120.6299 average_last200: -203.8356 epis: 0.9733 loss: 80.9595 
episode: 27 count: 89 score: -239.3340 average_last200: -205.1034 epis: 0.9724 loss: 50.9164 
episode: 28 count: 92 score: -343.0978 average_last200: -209.8618 epis: 0.9714 loss: 55.2393 
episode: 29 count: 100 score: -167.6507 average_last200: -208.4547 epis: 0.9704 loss: 52.0477 
episode: 30 count: 134 score: -167.8206 average_last200: -207.1440 epis: 0.9695 loss: 76.3853 
episode: 31 count: 78 score: -216.9496 average_last200: -207.4504 epis: 0.9685 loss: 45.1561 
episode: 32 count: 99 score: -179.9630 average_last200: -206.6174 epis: 0.9675 loss: 51.3132 
episode: 33 count: 78 score: -151.6099 average_last200: -204.9996 epis: 0.9666 loss: 40.9034 
episode: 34 count: 107 score: -369.8533 average_last200: -209.7097 epis: 0.9656 loss: 52.4411 
episode: 35 count: 75 score: -263.1955 average_last200: -211.1954 epis: 0.9646 loss: 40.7509 
episode: 36 count: 72 score: -143.7026 average_last200: -209.3713 epis: 0.9637 loss: 35.4998 
episode: 37 count: 65 score: -98.2803 average_last200: -206.4478 epis: 0.9627 loss: 33.6167 
episode: 38 count: 78 score: -350.3195 average_last200: -210.1368 epis: 0.9617 loss: 37.1252 
episode: 39 count: 107 score: -138.8668 average_last200: -208.3551 epis: 0.9608 loss: 52.7094 
episode: 40 count: 70 score: -99.4060 average_last200: -205.6978 epis: 0.9598 loss: 44.2123 
episode: 41 count: 96 score: -126.9844 average_last200: -203.8237 epis: 0.9588 loss: 47.9888 
episode: 42 count: 80 score: -151.9218 average_last200: -202.6166 epis: 0.9579 loss: 46.6381 
episode: 43 count: 127 score: -308.9843 average_last200: -205.0341 epis: 0.9569 loss: 70.9222 
episode: 44 count: 104 score: -161.9919 average_last200: -204.0776 epis: 0.9560 loss: 56.0338 
episode: 45 count: 80 score: -113.4081 average_last200: -202.1065 epis: 0.9550 loss: 43.9945 
episode: 46 count: 67 score: -224.2231 average_last200: -202.5771 epis: 0.9541 loss: 35.6604 
episode: 47 count: 75 score: -361.8810 average_last200: -205.8959 epis: 0.9531 loss: 35.9424 
episode: 48 count: 70 score: -413.8839 average_last200: -210.1406 epis: 0.9522 loss: 38.3610 
episode: 49 count: 116 score: -240.0948 average_last200: -210.7397 epis: 0.9512 loss: 67.0776 
episode: 50 count: 110 score: -310.5882 average_last200: -212.6975 epis: 0.9503 loss: 50.9666 
episode: 51 count: 103 score: -499.8162 average_last200: -218.2190 epis: 0.9493 loss: 49.8148 
episode: 52 count: 118 score: -417.3338 average_last200: -221.9759 epis: 0.9484 loss: 65.2817 
episode: 53 count: 58 score: -140.1472 average_last200: -220.4605 epis: 0.9474 loss: 26.0175 
episode: 54 count: 78 score: -159.0286 average_last200: -219.3436 epis: 0.9465 loss: 38.9863 
episode: 55 count: 77 score: -324.2175 average_last200: -221.2163 epis: 0.9455 loss: 45.9646 
episode: 56 count: 76 score: -293.2639 average_last200: -222.4803 epis: 0.9446 loss: 40.2528 
episode: 57 count: 86 score: -545.0019 average_last200: -228.0410 epis: 0.9436 loss: 46.7168 
episode: 58 count: 103 score: -174.1379 average_last200: -227.1274 epis: 0.9427 loss: 46.8266 
episode: 59 count: 78 score: -125.4062 average_last200: -225.4321 epis: 0.9417 loss: 41.6984 
episode: 60 count: 81 score: -114.6623 average_last200: -223.6162 epis: 0.9408 loss: 49.5261 
episode: 61 count: 99 score: -251.2669 average_last200: -224.0622 epis: 0.9399 loss: 51.1247 
episode: 62 count: 125 score: -446.5679 average_last200: -227.5940 epis: 0.9389 loss: 71.9857 
episode: 63 count: 63 score: -107.8469 average_last200: -225.7229 epis: 0.9380 loss: 33.2729 
episode: 64 count: 100 score: -349.7071 average_last200: -227.6304 epis: 0.9370 loss: 58.9159 
episode: 65 count: 95 score: -337.6288 average_last200: -229.2970 epis: 0.9361 loss: 57.7909 
episode: 66 count: 85 score: -131.3279 average_last200: -227.8348 epis: 0.9352 loss: 48.3107 
episode: 67 count: 64 score: -160.1841 average_last200: -226.8399 epis: 0.9342 loss: 34.0200 
episode: 68 count: 77 score: -211.4482 average_last200: -226.6169 epis: 0.9333 loss: 42.1007 
episode: 69 count: 81 score: -165.0895 average_last200: -225.7379 epis: 0.9324 loss: 35.0741 
episode: 70 count: 80 score: -126.2626 average_last200: -224.3368 epis: 0.9314 loss: 51.7188 
episode: 71 count: 92 score: -138.1381 average_last200: -223.1396 epis: 0.9305 loss: 44.6649 
episode: 72 count: 88 score: -195.6487 average_last200: -222.7631 epis: 0.9296 loss: 50.8146 
episode: 73 count: 121 score: -182.3496 average_last200: -222.2169 epis: 0.9286 loss: 61.6951 
episode: 74 count: 95 score: -192.9585 average_last200: -221.8268 epis: 0.9277 loss: 48.1110 
episode: 75 count: 124 score: -344.3048 average_last200: -223.4384 epis: 0.9268 loss: 66.8112 
episode: 76 count: 100 score: -329.5098 average_last200: -224.8159 epis: 0.9259 loss: 54.1950 
episode: 77 count: 100 score: -172.5568 average_last200: -224.1459 epis: 0.9249 loss: 52.0398 
episode: 78 count: 105 score: -544.1204 average_last200: -228.1962 epis: 0.9240 loss: 61.5076 
episode: 79 count: 65 score: -139.4650 average_last200: -227.0871 epis: 0.9231 loss: 38.1135 
episode: 80 count: 156 score: -144.8577 average_last200: -226.0719 epis: 0.9222 loss: 81.9254 
episode: 81 count: 104 score: -364.1229 average_last200: -227.7555 epis: 0.9212 loss: 55.6041 
episode: 82 count: 66 score: -307.6039 average_last200: -228.7175 epis: 0.9203 loss: 27.5344 
episode: 83 count: 88 score: -15.0543 average_last200: -226.1739 epis: 0.9194 loss: 51.0062 
episode: 84 count: 109 score: -196.7475 average_last200: -225.8277 epis: 0.9185 loss: 61.2797 
episode: 85 count: 101 score: -366.2614 average_last200: -227.4606 epis: 0.9176 loss: 59.4185 
episode: 86 count: 77 score: -105.7845 average_last200: -226.0621 epis: 0.9166 loss: 36.3104 
episode: 87 count: 83 score: -129.8584 average_last200: -224.9688 epis: 0.9157 loss: 41.2947 
episode: 88 count: 75 score: -231.4722 average_last200: -225.0419 epis: 0.9148 loss: 41.8819 
episode: 89 count: 76 score: -199.5336 average_last200: -224.7585 epis: 0.9139 loss: 45.6121 
episode: 90 count: 144 score: -159.1424 average_last200: -224.0374 epis: 0.9130 loss: 75.0788 
episode: 91 count: 74 score: -137.3293 average_last200: -223.0950 epis: 0.9121 loss: 41.5021 
episode: 92 count: 125 score: -152.2666 average_last200: -222.3334 epis: 0.9112 loss: 71.2619 
episode: 93 count: 70 score: -132.5298 average_last200: -221.3780 epis: 0.9102 loss: 40.3539 
episode: 94 count: 1000 score: -8.1179 average_last200: -219.1332 epis: 0.9093 loss: 523.3519 
episode: 95 count: 106 score: -159.8118 average_last200: -218.5152 epis: 0.9084 loss: 63.0233 
episode: 96 count: 60 score: -169.3616 average_last200: -218.0085 epis: 0.9075 loss: 31.2363 
episode: 97 count: 116 score: -173.8237 average_last200: -217.5576 epis: 0.9066 loss: 60.4172 
episode: 98 count: 98 score: -131.5673 average_last200: -216.6890 epis: 0.9057 loss: 55.2370 
episode: 99 count: 89 score: -90.6385 average_last200: -215.4285 epis: 0.9048 loss: 48.0670 
episode: 100 count: 86 score: -146.2374 average_last200: -214.7435 epis: 0.9039 loss: 56.2129 
episode: 101 count: 86 score: -155.1899 average_last200: -214.1596 epis: 0.9030 loss: 45.1529 
episode: 102 count: 128 score: -201.3249 average_last200: -214.0350 epis: 0.9021 loss: 68.4208 
episode: 103 count: 67 score: -189.4787 average_last200: -213.7989 epis: 0.9012 loss: 38.4536 
episode: 104 count: 71 score: -150.1264 average_last200: -213.1925 epis: 0.9003 loss: 46.9384 
episode: 105 count: 64 score: -144.8479 average_last200: -212.5477 epis: 0.8994 loss: 32.8218 
episode: 106 count: 95 score: -170.3800 average_last200: -212.1536 epis: 0.8985 loss: 51.8550 
episode: 107 count: 121 score: -202.7886 average_last200: -212.0669 epis: 0.8976 loss: 68.7338 
episode: 108 count: 119 score: -135.4399 average_last200: -211.3639 epis: 0.8967 loss: 57.0601 
episode: 109 count: 83 score: -104.5389 average_last200: -210.3928 epis: 0.8958 loss: 47.4164 
episode: 110 count: 77 score: -145.2290 average_last200: -209.8057 epis: 0.8949 loss: 35.9610 
episode: 111 count: 87 score: -138.9493 average_last200: -209.1731 epis: 0.8940 loss: 42.0637 
episode: 112 count: 143 score: -399.2106 average_last200: -210.8548 epis: 0.8931 loss: 74.5098 
episode: 113 count: 96 score: -222.8601 average_last200: -210.9601 epis: 0.8922 loss: 49.5629 
episode: 114 count: 74 score: -129.0339 average_last200: -210.2477 epis: 0.8913 loss: 40.8676 
episode: 115 count: 112 score: -153.5915 average_last200: -209.7593 epis: 0.8904 loss: 53.9505 
episode: 116 count: 73 score: -171.1253 average_last200: -209.4291 epis: 0.8895 loss: 39.4118 
episode: 117 count: 106 score: -239.1320 average_last200: -209.6808 epis: 0.8886 loss: 53.4955 
episode: 118 count: 92 score: -162.8709 average_last200: -209.2875 epis: 0.8878 loss: 50.4326 
episode: 119 count: 90 score: -197.9397 average_last200: -209.1929 epis: 0.8869 loss: 47.1136 
episode: 120 count: 147 score: -126.4433 average_last200: -208.5090 epis: 0.8860 loss: 73.8860 
episode: 121 count: 70 score: -292.1710 average_last200: -209.1948 epis: 0.8851 loss: 38.7021 
episode: 122 count: 91 score: -155.6690 average_last200: -208.7596 epis: 0.8842 loss: 45.8518 
episode: 123 count: 76 score: -158.3208 average_last200: -208.3528 epis: 0.8833 loss: 38.1361 
episode: 124 count: 74 score: -162.8524 average_last200: -207.9888 epis: 0.8824 loss: 34.0247 
episode: 125 count: 72 score: -123.9651 average_last200: -207.3220 epis: 0.8816 loss: 33.8006 
episode: 126 count: 126 score: -163.7137 average_last200: -206.9786 epis: 0.8807 loss: 74.9082 
episode: 127 count: 77 score: -126.3727 average_last200: -206.3489 epis: 0.8798 loss: 46.0652 
episode: 128 count: 132 score: -196.1901 average_last200: -206.2701 epis: 0.8789 loss: 66.1935 
episode: 129 count: 75 score: -147.2122 average_last200: -205.8158 epis: 0.8780 loss: 40.7401 
episode: 130 count: 107 score: -176.4922 average_last200: -205.5920 epis: 0.8772 loss: 43.5082 
episode: 131 count: 93 score: -291.1205 average_last200: -206.2399 epis: 0.8763 loss: 41.5916 
episode: 132 count: 124 score: -287.1997 average_last200: -206.8486 epis: 0.8754 loss: 65.3103 
episode: 133 count: 110 score: -171.5843 average_last200: -206.5855 epis: 0.8745 loss: 48.7472 
episode: 134 count: 81 score: -137.2518 average_last200: -206.0719 epis: 0.8737 loss: 38.3378 
episode: 135 count: 90 score: -91.7548 average_last200: -205.2313 epis: 0.8728 loss: 40.6965 
episode: 136 count: 105 score: -85.5807 average_last200: -204.3580 epis: 0.8719 loss: 51.1581 
episode: 137 count: 106 score: -143.0100 average_last200: -203.9134 epis: 0.8710 loss: 43.3029 
episode: 138 count: 132 score: -171.8426 average_last200: -203.6827 epis: 0.8702 loss: 70.9575 
episode: 139 count: 87 score: -183.2634 average_last200: -203.5368 epis: 0.8693 loss: 43.3387 
episode: 140 count: 72 score: -153.7599 average_last200: -203.1838 epis: 0.8684 loss: 35.3960 
episode: 141 count: 65 score: -214.5531 average_last200: -203.2639 epis: 0.8676 loss: 40.0145 
episode: 142 count: 79 score: -269.0196 average_last200: -203.7237 epis: 0.8667 loss: 44.2927 
episode: 143 count: 99 score: -106.7269 average_last200: -203.0501 epis: 0.8658 loss: 53.2992 
episode: 144 count: 111 score: -298.5900 average_last200: -203.7090 epis: 0.8650 loss: 62.6329 
episode: 145 count: 103 score: -177.0599 average_last200: -203.5265 epis: 0.8641 loss: 47.9519 
episode: 146 count: 104 score: -220.7500 average_last200: -203.6437 epis: 0.8632 loss: 50.4250 
episode: 147 count: 149 score: -284.0214 average_last200: -204.1867 epis: 0.8624 loss: 79.5818 
episode: 148 count: 114 score: -180.9917 average_last200: -204.0311 epis: 0.8615 loss: 55.4317 
episode: 149 count: 67 score: -262.7923 average_last200: -204.4228 epis: 0.8606 loss: 33.1863 
episode: 150 count: 129 score: -155.6428 average_last200: -204.0998 epis: 0.8598 loss: 62.4350 
episode: 151 count: 137 score: -295.9435 average_last200: -204.7040 epis: 0.8589 loss: 89.6513 
episode: 152 count: 119 score: -248.5037 average_last200: -204.9903 epis: 0.8581 loss: 58.2613 
episode: 153 count: 81 score: -121.3632 average_last200: -204.4472 epis: 0.8572 loss: 36.4352 
episode: 154 count: 111 score: -185.9606 average_last200: -204.3280 epis: 0.8563 loss: 53.0171 
episode: 155 count: 112 score: -164.4960 average_last200: -204.0726 epis: 0.8555 loss: 61.2052 
episode: 156 count: 74 score: -102.8673 average_last200: -203.4280 epis: 0.8546 loss: 32.7611 
episode: 157 count: 107 score: -198.9661 average_last200: -203.3998 epis: 0.8538 loss: 60.0524 
episode: 158 count: 135 score: -78.2245 average_last200: -202.6125 epis: 0.8529 loss: 78.9220 
episode: 159 count: 134 score: -294.9753 average_last200: -203.1898 epis: 0.8521 loss: 74.4453 
episode: 160 count: 71 score: -75.0515 average_last200: -202.3939 epis: 0.8512 loss: 35.8971 
episode: 161 count: 133 score: -272.2594 average_last200: -202.8252 epis: 0.8504 loss: 62.0220 
episode: 162 count: 114 score: -189.3222 average_last200: -202.7423 epis: 0.8495 loss: 55.6817 
episode: 163 count: 63 score: -114.1799 average_last200: -202.2023 epis: 0.8487 loss: 36.0555 
episode: 164 count: 94 score: -127.9731 average_last200: -201.7524 epis: 0.8478 loss: 60.5188 
episode: 165 count: 89 score: -130.0208 average_last200: -201.3203 epis: 0.8470 loss: 51.5608 
episode: 166 count: 78 score: -168.8344 average_last200: -201.1258 epis: 0.8461 loss: 46.0844 
episode: 167 count: 64 score: -132.7000 average_last200: -200.7185 epis: 0.8453 loss: 41.3747 
episode: 168 count: 107 score: -102.3835 average_last200: -200.1366 epis: 0.8444 loss: 50.8734 
episode: 169 count: 89 score: -162.0395 average_last200: -199.9125 epis: 0.8436 loss: 49.4777 
episode: 170 count: 100 score: -273.9740 average_last200: -200.3456 epis: 0.8427 loss: 45.7955 
episode: 171 count: 105 score: -154.9450 average_last200: -200.0817 epis: 0.8419 loss: 56.2080 
episode: 172 count: 69 score: -67.8911 average_last200: -199.3176 epis: 0.8411 loss: 33.9512 
episode: 173 count: 108 score: -101.4096 average_last200: -198.7549 epis: 0.8402 loss: 55.5955 
episode: 174 count: 90 score: -121.6283 average_last200: -198.3142 epis: 0.8394 loss: 41.5954 
episode: 175 count: 132 score: -143.3078 average_last200: -198.0016 epis: 0.8385 loss: 69.7621 
episode: 176 count: 138 score: -285.1891 average_last200: -198.4942 epis: 0.8377 loss: 69.0674 
episode: 177 count: 121 score: -174.3990 average_last200: -198.3588 epis: 0.8369 loss: 56.1389 
episode: 178 count: 67 score: -124.7391 average_last200: -197.9476 epis: 0.8360 loss: 40.2235 
episode: 179 count: 59 score: -184.0521 average_last200: -197.8704 epis: 0.8352 loss: 30.6932 
episode: 180 count: 112 score: -122.0366 average_last200: -197.4514 epis: 0.8344 loss: 60.4078 
episode: 181 count: 65 score: -114.4085 average_last200: -196.9951 epis: 0.8335 loss: 35.3805 
episode: 182 count: 127 score: -174.5264 average_last200: -196.8723 epis: 0.8327 loss: 77.1916 
episode: 183 count: 117 score: -149.1022 average_last200: -196.6127 epis: 0.8319 loss: 59.1460 
episode: 184 count: 78 score: -164.8388 average_last200: -196.4410 epis: 0.8310 loss: 33.4512 
episode: 185 count: 94 score: -184.6423 average_last200: -196.3775 epis: 0.8302 loss: 48.6464 
episode: 186 count: 76 score: -162.5833 average_last200: -196.1968 epis: 0.8294 loss: 38.1676 
episode: 187 count: 99 score: -301.2730 average_last200: -196.7557 epis: 0.8285 loss: 52.6762 
episode: 188 count: 96 score: -221.7456 average_last200: -196.8879 epis: 0.8277 loss: 44.4935 
episode: 189 count: 107 score: -137.4465 average_last200: -196.5751 epis: 0.8269 loss: 62.1483 
episode: 190 count: 141 score: -81.0370 average_last200: -195.9702 epis: 0.8261 loss: 64.7688 
episode: 191 count: 84 score: -49.0911 average_last200: -195.2052 epis: 0.8252 loss: 42.9403 
episode: 192 count: 78 score: -146.1155 average_last200: -194.9508 epis: 0.8244 loss: 38.4314 
episode: 193 count: 92 score: -243.8137 average_last200: -195.2027 epis: 0.8236 loss: 46.4923 
episode: 194 count: 92 score: -129.5070 average_last200: -194.8658 epis: 0.8228 loss: 36.8624 
episode: 195 count: 121 score: -219.2128 average_last200: -194.9900 epis: 0.8219 loss: 57.4275 
episode: 196 count: 120 score: -53.6475 average_last200: -194.2726 epis: 0.8211 loss: 68.5388 
episode: 197 count: 95 score: -184.7069 average_last200: -194.2242 epis: 0.8203 loss: 55.0464 
episode: 198 count: 74 score: -104.1363 average_last200: -193.7715 epis: 0.8195 loss: 38.0660 
episode: 199 count: 110 score: -139.8415 average_last200: -193.5019 epis: 0.8186 loss: 52.6560 
episode: 200 count: 91 score: -83.4084 average_last200: -192.9102 epis: 0.8178 loss: 48.6234 
episode: 201 count: 85 score: -155.3343 average_last200: -192.8648 epis: 0.8170 loss: 42.1428 
episode: 202 count: 73 score: -75.0176 average_last200: -192.4894 epis: 0.8162 loss: 42.2876 
episode: 203 count: 88 score: -197.8391 average_last200: -192.7462 epis: 0.8154 loss: 48.5124 
episode: 204 count: 117 score: -162.6759 average_last200: -191.8385 epis: 0.8146 loss: 59.5719 
episode: 205 count: 79 score: -149.7669 average_last200: -190.1421 epis: 0.8137 loss: 47.8515 
episode: 206 count: 74 score: -149.8092 average_last200: -188.5654 epis: 0.8129 loss: 36.4598 
episode: 207 count: 90 score: -119.8392 average_last200: -188.2531 epis: 0.8121 loss: 45.3597 
episode: 208 count: 79 score: -140.1960 average_last200: -187.8981 epis: 0.8113 loss: 39.6298 
episode: 209 count: 85 score: -101.1157 average_last200: -187.8339 epis: 0.8105 loss: 42.9723 
episode: 210 count: 65 score: -142.0270 average_last200: -187.4014 epis: 0.8097 loss: 40.6166 
episode: 211 count: 112 score: -170.9895 average_last200: -188.5002 epis: 0.8089 loss: 59.5999 
episode: 212 count: 114 score: -204.0342 average_last200: -188.8698 epis: 0.8081 loss: 57.3779 
episode: 213 count: 90 score: -183.1226 average_last200: -188.9440 epis: 0.8073 loss: 43.4167 
episode: 214 count: 100 score: -130.7258 average_last200: -187.5909 epis: 0.8065 loss: 65.0218 
episode: 215 count: 87 score: -141.3695 average_last200: -187.6633 epis: 0.8056 loss: 55.8724 
episode: 216 count: 97 score: -142.7218 average_last200: -187.5612 epis: 0.8048 loss: 53.1995 
episode: 217 count: 84 score: -159.9265 average_last200: -186.6709 epis: 0.8040 loss: 38.6005 
episode: 218 count: 124 score: -17.8652 average_last200: -185.9027 epis: 0.8032 loss: 74.2523 
episode: 219 count: 82 score: -151.9391 average_last200: -186.0925 epis: 0.8024 loss: 43.1341 
episode: 220 count: 105 score: -120.3810 average_last200: -185.8309 epis: 0.8016 loss: 51.0315 
episode: 221 count: 155 score: -68.6605 average_last200: -184.7788 epis: 0.8008 loss: 81.2212 
episode: 222 count: 85 score: -148.8140 average_last200: -184.6904 epis: 0.8000 loss: 45.3062 
episode: 223 count: 135 score: -143.0474 average_last200: -184.7413 epis: 0.7992 loss: 66.0797 
episode: 224 count: 116 score: -194.3881 average_last200: -184.6433 epis: 0.7984 loss: 67.1108 
episode: 225 count: 96 score: -143.2164 average_last200: -184.5784 epis: 0.7976 loss: 51.7141 
episode: 226 count: 132 score: -79.6559 average_last200: -184.3735 epis: 0.7968 loss: 60.2068 
episode: 227 count: 87 score: -227.5843 average_last200: -184.3148 epis: 0.7960 loss: 49.0980 
episode: 228 count: 130 score: -110.6417 average_last200: -183.1525 epis: 0.7952 loss: 66.8080 
episode: 229 count: 133 score: -151.8908 average_last200: -183.0737 epis: 0.7944 loss: 74.0255 
episode: 230 count: 116 score: -40.8672 average_last200: -182.4389 epis: 0.7936 loss: 56.1662 
episode: 231 count: 84 score: -80.9490 average_last200: -181.7589 epis: 0.7929 loss: 37.9831 
episode: 232 count: 85 score: -120.1452 average_last200: -181.4598 epis: 0.7921 loss: 38.0834 
episode: 233 count: 79 score: -54.7245 average_last200: -180.9754 epis: 0.7913 loss: 40.0376 
episode: 234 count: 134 score: -127.3572 average_last200: -179.7629 epis: 0.7905 loss: 62.5099 
episode: 235 count: 116 score: -130.3153 average_last200: -179.0985 epis: 0.7897 loss: 60.0277 
episode: 236 count: 81 score: -94.0974 average_last200: -178.8505 epis: 0.7889 loss: 40.9449 
episode: 237 count: 88 score: -123.6667 average_last200: -178.9774 epis: 0.7881 loss: 45.5436 
episode: 238 count: 122 score: -271.9819 average_last200: -178.5857 epis: 0.7873 loss: 73.6188 
episode: 239 count: 73 score: -56.1065 average_last200: -178.1719 epis: 0.7865 loss: 47.4805 
episode: 240 count: 115 score: -152.9109 average_last200: -178.4395 epis: 0.7857 loss: 67.1476 
episode: 241 count: 135 score: -75.6455 average_last200: -178.1828 epis: 0.7850 loss: 71.5423 
episode: 242 count: 133 score: -144.4039 average_last200: -178.1452 epis: 0.7842 loss: 77.2827 
episode: 243 count: 91 score: -137.6987 average_last200: -177.2888 epis: 0.7834 loss: 52.4400 
episode: 244 count: 82 score: -172.6555 average_last200: -177.3421 epis: 0.7826 loss: 46.4269 
episode: 245 count: 110 score: -159.2971 average_last200: -177.5715 epis: 0.7818 loss: 61.4773 
episode: 246 count: 81 score: -133.1379 average_last200: -177.1161 epis: 0.7810 loss: 43.3212 
episode: 247 count: 84 score: -128.2233 average_last200: -175.9478 epis: 0.7803 loss: 47.3766 
episode: 248 count: 99 score: -123.7847 average_last200: -174.4973 epis: 0.7795 loss: 53.8438 
episode: 249 count: 139 score: -109.1556 average_last200: -173.8426 epis: 0.7787 loss: 87.4514 
episode: 250 count: 89 score: -153.3405 average_last200: -173.0564 epis: 0.7779 loss: 46.6376 
episode: 251 count: 150 score: -303.0994 average_last200: -172.0728 epis: 0.7771 loss: 83.0290 
episode: 252 count: 87 score: -170.5378 average_last200: -170.8388 epis: 0.7764 loss: 54.3394 
episode: 253 count: 86 score: -101.8405 average_last200: -170.6473 epis: 0.7756 loss: 41.8517 
episode: 254 count: 93 score: -129.5582 average_last200: -170.4999 epis: 0.7748 loss: 48.0594 
episode: 255 count: 103 score: -93.8979 average_last200: -169.3483 epis: 0.7740 loss: 53.3022 
episode: 256 count: 101 score: -112.8021 average_last200: -168.4460 epis: 0.7733 loss: 57.2788 
episode: 257 count: 78 score: -78.4779 average_last200: -166.1134 epis: 0.7725 loss: 37.2566 
episode: 258 count: 82 score: -161.6767 average_last200: -166.0511 epis: 0.7717 loss: 44.9270 
episode: 259 count: 80 score: -156.6098 average_last200: -166.2071 epis: 0.7710 loss: 44.0577 
episode: 260 count: 101 score: -115.1332 average_last200: -166.2095 epis: 0.7702 loss: 60.2770 
episode: 261 count: 101 score: -151.6544 average_last200: -165.7114 epis: 0.7694 loss: 51.2651 
episode: 262 count: 68 score: -99.2077 average_last200: -163.9746 epis: 0.7686 loss: 45.3875 
episode: 263 count: 88 score: -215.1968 average_last200: -164.5114 epis: 0.7679 loss: 45.2706 
episode: 264 count: 149 score: -106.4098 average_last200: -163.2949 epis: 0.7671 loss: 74.3528 
episode: 265 count: 108 score: -157.4004 average_last200: -162.3937 epis: 0.7663 loss: 61.9302 
episode: 266 count: 103 score: -156.3399 average_last200: -162.5188 epis: 0.7656 loss: 66.6134 
episode: 267 count: 108 score: -164.0209 average_last200: -162.5380 epis: 0.7648 loss: 67.3720 
episode: 268 count: 120 score: -130.3784 average_last200: -162.1326 epis: 0.7640 loss: 68.2838 
episode: 269 count: 92 score: -119.6071 average_last200: -161.9052 epis: 0.7633 loss: 48.1125 
episode: 270 count: 126 score: -105.3189 average_last200: -161.8005 epis: 0.7625 loss: 61.7536 
episode: 271 count: 100 score: -140.9667 average_last200: -161.8146 epis: 0.7618 loss: 56.5426 
episode: 272 count: 88 score: -109.0174 average_last200: -161.3815 epis: 0.7610 loss: 54.1745 
episode: 273 count: 98 score: -124.5019 average_last200: -161.0922 epis: 0.7602 loss: 47.6226 
episode: 274 count: 86 score: -113.7465 average_last200: -160.6962 epis: 0.7595 loss: 41.0552 
episode: 275 count: 149 score: -133.9058 average_last200: -159.6442 epis: 0.7587 loss: 86.0361 
episode: 276 count: 105 score: -122.6836 average_last200: -158.6101 epis: 0.7579 loss: 60.6169 
episode: 277 count: 84 score: -138.4172 average_last200: -158.4394 epis: 0.7572 loss: 44.8784 
episode: 278 count: 80 score: -111.7240 average_last200: -156.2774 epis: 0.7564 loss: 45.9389 
episode: 279 count: 83 score: -87.5585 average_last200: -156.0178 epis: 0.7557 loss: 43.9256 
episode: 280 count: 131 score: -141.1735 average_last200: -155.9994 epis: 0.7549 loss: 68.8141 
episode: 281 count: 124 score: -127.4532 average_last200: -154.8161 epis: 0.7542 loss: 64.8984 
episode: 282 count: 113 score: -176.7857 average_last200: -154.1620 epis: 0.7534 loss: 51.3228 
episode: 283 count: 129 score: -163.8733 average_last200: -154.9061 epis: 0.7527 loss: 70.0197 
episode: 284 count: 106 score: -251.0872 average_last200: -155.1778 epis: 0.7519 loss: 57.8828 
episode: 285 count: 69 score: -130.7443 average_last200: -154.0002 epis: 0.7512 loss: 44.0711 
episode: 286 count: 121 score: -144.8341 average_last200: -154.1954 epis: 0.7504 loss: 69.3943 
episode: 287 count: 63 score: -124.8995 average_last200: -154.1706 epis: 0.7497 loss: 28.0440 
episode: 288 count: 127 score: -68.3100 average_last200: -153.3548 epis: 0.7489 loss: 66.3921 
episode: 289 count: 90 score: -127.9300 average_last200: -152.9968 epis: 0.7482 loss: 41.4698 
episode: 290 count: 102 score: -110.6468 average_last200: -152.7543 epis: 0.7474 loss: 53.7766 
episode: 291 count: 77 score: -78.4831 average_last200: -152.4601 epis: 0.7467 loss: 42.2528 
episode: 292 count: 164 score: -65.5155 average_last200: -152.0263 epis: 0.7459 loss: 102.1016 
episode: 293 count: 93 score: -145.0694 average_last200: -152.0890 epis: 0.7452 loss: 40.3873 
episode: 294 count: 152 score: -85.0361 average_last200: -152.4736 epis: 0.7444 loss: 82.6608 
episode: 295 count: 117 score: -120.4903 average_last200: -152.2770 epis: 0.7437 loss: 62.5861 
episode: 296 count: 121 score: -142.9702 average_last200: -152.1451 epis: 0.7429 loss: 69.2223 
episode: 297 count: 96 score: -95.8521 average_last200: -151.7552 epis: 0.7422 loss: 53.3210 
episode: 298 count: 123 score: -337.4098 average_last200: -152.7844 epis: 0.7414 loss: 59.2972 
episode: 299 count: 127 score: -109.9414 average_last200: -152.8809 epis: 0.7407 loss: 76.4562 
episode: 300 count: 122 score: -197.6561 average_last200: -153.1380 epis: 0.7400 loss: 68.2801 
episode: 301 count: 144 score: -117.1373 average_last200: -152.9478 epis: 0.7392 loss: 77.8916 
episode: 302 count: 102 score: -166.0158 average_last200: -152.7712 epis: 0.7385 loss: 52.7795 
episode: 303 count: 145 score: -88.7411 average_last200: -152.2675 epis: 0.7377 loss: 82.9149 
episode: 304 count: 132 score: -119.7495 average_last200: -152.1157 epis: 0.7370 loss: 66.2324 
episode: 305 count: 114 score: -229.3581 average_last200: -152.5382 epis: 0.7363 loss: 61.3345 
episode: 306 count: 148 score: -138.2502 average_last200: -152.3776 epis: 0.7355 loss: 83.8268 
episode: 307 count: 114 score: -136.2271 average_last200: -152.0447 epis: 0.7348 loss: 51.7438 
episode: 308 count: 115 score: -112.1275 average_last200: -151.9282 epis: 0.7341 loss: 56.5576 
episode: 309 count: 99 score: -138.6212 average_last200: -152.0986 epis: 0.7333 loss: 59.9636 
episode: 310 count: 73 score: -154.1862 average_last200: -152.1434 epis: 0.7326 loss: 34.4401 
episode: 311 count: 140 score: -160.4418 average_last200: -152.2508 epis: 0.7319 loss: 71.7695 
episode: 312 count: 136 score: -118.3284 average_last200: -150.8464 epis: 0.7311 loss: 64.5042 
episode: 313 count: 116 score: -87.2757 average_last200: -150.1685 epis: 0.7304 loss: 63.2799 
episode: 314 count: 126 score: -178.7877 average_last200: -150.4173 epis: 0.7297 loss: 87.5991 
episode: 315 count: 67 score: -133.0496 average_last200: -150.3146 epis: 0.7289 loss: 40.8214 
episode: 316 count: 125 score: -171.9133 average_last200: -150.3185 epis: 0.7282 loss: 62.7319 
episode: 317 count: 145 score: -119.8264 average_last200: -149.7220 epis: 0.7275 loss: 89.6962 
episode: 318 count: 161 score: -163.5990 average_last200: -149.7256 epis: 0.7268 loss: 92.0078 
episode: 319 count: 122 score: -165.0682 average_last200: -149.5613 epis: 0.7260 loss: 70.0286 
episode: 320 count: 104 score: -134.9751 average_last200: -149.6039 epis: 0.7253 loss: 51.0161 
episode: 321 count: 105 score: -137.3292 average_last200: -148.8297 epis: 0.7246 loss: 52.8648 
episode: 322 count: 141 score: -121.0328 average_last200: -148.6565 epis: 0.7239 loss: 97.1213 
episode: 323 count: 76 score: -193.3634 average_last200: -148.8317 epis: 0.7231 loss: 40.6218 
episode: 324 count: 83 score: -30.9381 average_last200: -148.1722 epis: 0.7224 loss: 41.7627 
episode: 325 count: 64 score: -128.9097 average_last200: -148.1969 epis: 0.7217 loss: 34.6500 
episode: 326 count: 88 score: -91.5234 average_last200: -147.8359 epis: 0.7210 loss: 55.4552 
episode: 327 count: 89 score: -37.0704 average_last200: -147.3894 epis: 0.7202 loss: 50.6984 
episode: 328 count: 135 score: -144.3008 average_last200: -147.1300 epis: 0.7195 loss: 71.1688 
episode: 329 count: 96 score: -112.3902 average_last200: -146.9559 epis: 0.7188 loss: 51.8525 
episode: 330 count: 105 score: -152.9327 average_last200: -146.8381 epis: 0.7181 loss: 56.0987 
episode: 331 count: 102 score: -165.6603 average_last200: -146.2108 epis: 0.7174 loss: 52.4316 
episode: 332 count: 86 score: -127.3059 average_last200: -145.4113 epis: 0.7167 loss: 44.0978 
episode: 333 count: 93 score: -117.9566 average_last200: -145.1432 epis: 0.7159 loss: 49.8399 
episode: 334 count: 112 score: -135.9481 average_last200: -145.1367 epis: 0.7152 loss: 53.3115 
episode: 335 count: 155 score: -76.1267 average_last200: -145.0585 epis: 0.7145 loss: 78.8360 
episode: 336 count: 173 score: -100.0669 average_last200: -145.1309 epis: 0.7138 loss: 104.2749 
episode: 337 count: 81 score: -112.2242 average_last200: -144.9770 epis: 0.7131 loss: 56.5075 
episode: 338 count: 75 score: -131.6997 average_last200: -144.7763 epis: 0.7124 loss: 28.9295 
episode: 339 count: 179 score: -117.3986 average_last200: -144.4470 epis: 0.7116 loss: 104.2914 
episode: 340 count: 105 score: -73.5707 average_last200: -144.0460 epis: 0.7109 loss: 53.1401 
episode: 341 count: 180 score: -169.8489 average_last200: -143.8225 epis: 0.7102 loss: 101.6473 
episode: 342 count: 193 score: -68.0970 average_last200: -142.8179 epis: 0.7095 loss: 113.1684 
episode: 343 count: 127 score: -168.3670 average_last200: -143.1261 epis: 0.7088 loss: 88.4367 
episode: 344 count: 101 score: -138.2513 average_last200: -142.3244 epis: 0.7081 loss: 59.5948 
episode: 345 count: 98 score: -128.8739 average_last200: -142.0835 epis: 0.7074 loss: 56.9873 
episode: 346 count: 118 score: -145.3970 average_last200: -141.7067 epis: 0.7067 loss: 63.3617 
episode: 347 count: 74 score: -105.5572 average_last200: -140.8144 epis: 0.7060 loss: 35.0826 
episode: 348 count: 156 score: -122.9103 average_last200: -140.5240 epis: 0.7053 loss: 98.1267 
episode: 349 count: 110 score: -61.9977 average_last200: -139.5200 epis: 0.7046 loss: 57.8029 
episode: 350 count: 156 score: -129.6864 average_last200: -139.3902 epis: 0.7039 loss: 91.1153 
episode: 351 count: 84 score: -133.9974 average_last200: -138.5805 epis: 0.7032 loss: 51.4844 
episode: 352 count: 119 score: -128.7365 average_last200: -137.9817 epis: 0.7025 loss: 64.4281 
episode: 353 count: 122 score: -149.3948 average_last200: -138.1218 epis: 0.7018 loss: 58.9986 
episode: 354 count: 118 score: -127.0210 average_last200: -137.8271 epis: 0.7010 loss: 65.9875 
episode: 355 count: 82 score: -144.0767 average_last200: -137.7250 epis: 0.7003 loss: 41.8150 
episode: 356 count: 114 score: -139.7459 average_last200: -137.9094 epis: 0.6996 loss: 67.5665 
episode: 357 count: 121 score: -85.3784 average_last200: -137.3415 epis: 0.6989 loss: 63.5511 
episode: 358 count: 132 score: -102.7360 average_last200: -137.4640 epis: 0.6982 loss: 67.8876 
episode: 359 count: 107 score: -135.6215 average_last200: -136.6673 epis: 0.6976 loss: 65.5158 
episode: 360 count: 145 score: -141.5464 average_last200: -136.9997 epis: 0.6969 loss: 86.5411 
episode: 361 count: 134 score: -135.3962 average_last200: -136.3154 epis: 0.6962 loss: 67.8964 
episode: 362 count: 84 score: -101.9650 average_last200: -135.8786 epis: 0.6955 loss: 48.3188 
episode: 363 count: 97 score: -133.6571 average_last200: -135.9760 epis: 0.6948 loss: 50.8912 
episode: 364 count: 143 score: -122.3044 average_last200: -135.9477 epis: 0.6941 loss: 74.7793 
episode: 365 count: 112 score: -123.8820 average_last200: -135.9170 epis: 0.6934 loss: 49.2353 
episode: 366 count: 131 score: -135.8397 average_last200: -135.7520 epis: 0.6927 loss: 78.3922 
episode: 367 count: 102 score: -40.4109 average_last200: -135.2906 epis: 0.6920 loss: 54.6275 
episode: 368 count: 109 score: -160.2380 average_last200: -135.5798 epis: 0.6913 loss: 70.1885 
episode: 369 count: 142 score: -122.3638 average_last200: -135.3815 epis: 0.6906 loss: 83.9181 
episode: 370 count: 123 score: -163.4765 average_last200: -134.8290 epis: 0.6899 loss: 67.0209 
episode: 371 count: 119 score: -109.6398 average_last200: -134.6025 epis: 0.6892 loss: 65.1071 
episode: 372 count: 140 score: -166.4204 average_last200: -135.0951 epis: 0.6885 loss: 75.2826 
episode: 373 count: 135 score: -123.3337 average_last200: -135.2047 epis: 0.6878 loss: 73.5387 
episode: 374 count: 154 score: -108.6528 average_last200: -135.1398 epis: 0.6872 loss: 74.7279 
episode: 375 count: 142 score: -130.4239 average_last200: -135.0754 epis: 0.6865 loss: 89.3301 
episode: 376 count: 122 score: -165.6084 average_last200: -134.4775 epis: 0.6858 loss: 62.9122 
episode: 377 count: 107 score: -167.8248 average_last200: -134.4446 epis: 0.6851 loss: 67.9365 
episode: 378 count: 106 score: -133.8003 average_last200: -134.4900 epis: 0.6844 loss: 57.3014 
episode: 379 count: 128 score: -111.0742 average_last200: -134.1251 epis: 0.6837 loss: 83.3803 
episode: 380 count: 113 score: -88.0582 average_last200: -133.9552 epis: 0.6830 loss: 59.8892 
episode: 381 count: 99 score: -99.0869 average_last200: -133.8786 epis: 0.6824 loss: 48.0219 
episode: 382 count: 170 score: -116.8343 average_last200: -133.5901 epis: 0.6817 loss: 95.2677 
episode: 383 count: 134 score: -132.7255 average_last200: -133.5082 epis: 0.6810 loss: 74.7833 
episode: 384 count: 136 score: -106.7024 average_last200: -133.2175 epis: 0.6803 loss: 72.9901 
episode: 385 count: 121 score: -142.9430 average_last200: -133.0090 epis: 0.6796 loss: 67.5563 
episode: 386 count: 133 score: -93.9216 average_last200: -132.6657 epis: 0.6790 loss: 64.3569 
episode: 387 count: 154 score: -102.3019 average_last200: -131.6709 epis: 0.6783 loss: 92.8914 
episode: 388 count: 108 score: -174.7975 average_last200: -131.4361 epis: 0.6776 loss: 58.6298 
episode: 389 count: 128 score: -124.3073 average_last200: -131.3704 epis: 0.6769 loss: 62.9577 
episode: 390 count: 125 score: -149.4445 average_last200: -131.7125 epis: 0.6762 loss: 55.1810 
episode: 391 count: 90 score: -158.0987 average_last200: -132.2575 epis: 0.6756 loss: 46.5614 
episode: 392 count: 133 score: -102.5071 average_last200: -132.0395 epis: 0.6749 loss: 71.7644 
episode: 393 count: 112 score: -116.1159 average_last200: -131.4010 epis: 0.6742 loss: 61.3198 
episode: 394 count: 83 score: -112.1926 average_last200: -131.3144 epis: 0.6735 loss: 37.7987 
episode: 395 count: 99 score: -114.4687 average_last200: -130.7907 epis: 0.6729 loss: 50.6615 
episode: 396 count: 114 score: -61.3311 average_last200: -130.8291 epis: 0.6722 loss: 54.8238 
episode: 397 count: 78 score: -118.1282 average_last200: -130.4962 epis: 0.6715 loss: 34.2102 
episode: 398 count: 119 score: -77.2760 average_last200: -130.3619 epis: 0.6709 loss: 62.4248 
episode: 399 count: 86 score: -159.9795 average_last200: -130.4626 epis: 0.6702 loss: 46.3054 
episode: 400 count: 79 score: -128.0884 average_last200: -130.6860 epis: 0.6695 loss: 46.7862 
episode: 401 count: 106 score: -155.5627 average_last200: -130.6871 epis: 0.6688 loss: 61.8266 
episode: 402 count: 99 score: -125.9025 average_last200: -130.9416 epis: 0.6682 loss: 50.9410 
episode: 403 count: 107 score: -127.1589 average_last200: -130.5882 epis: 0.6675 loss: 74.5932 
episode: 404 count: 121 score: -138.3883 average_last200: -130.4667 epis: 0.6668 loss: 55.8590 
episode: 405 count: 188 score: -91.3658 average_last200: -130.1747 epis: 0.6662 loss: 88.6725 
episode: 406 count: 123 score: -177.5595 average_last200: -130.3135 epis: 0.6655 loss: 51.7761 
episode: 407 count: 111 score: -161.2513 average_last200: -130.5205 epis: 0.6648 loss: 44.9280 
episode: 408 count: 206 score: -97.1313 average_last200: -130.3052 epis: 0.6642 loss: 98.5358 
episode: 409 count: 110 score: -117.1021 average_last200: -130.3851 epis: 0.6635 loss: 74.5036 
episode: 410 count: 144 score: -120.0752 average_last200: -130.2754 epis: 0.6629 loss: 71.9881 
episode: 411 count: 122 score: -126.9063 average_last200: -130.0550 epis: 0.6622 loss: 79.9661 
episode: 412 count: 106 score: -101.8328 average_last200: -129.5440 epis: 0.6615 loss: 52.3825 
episode: 413 count: 142 score: -169.1236 average_last200: -129.4740 epis: 0.6609 loss: 66.9471 
episode: 414 count: 129 score: -121.0716 average_last200: -129.4257 epis: 0.6602 loss: 59.0101 
episode: 415 count: 192 score: -104.0057 average_last200: -129.2389 epis: 0.6595 loss: 91.7726 
episode: 416 count: 220 score: -122.0719 average_last200: -129.1356 epis: 0.6589 loss: 97.6360 
episode: 417 count: 179 score: -149.5399 average_last200: -129.0837 epis: 0.6582 loss: 88.2711 
episode: 418 count: 143 score: -155.5253 average_last200: -129.7720 epis: 0.6576 loss: 67.6045 
episode: 419 count: 90 score: -93.1060 average_last200: -129.4778 epis: 0.6569 loss: 48.8582 
episode: 420 count: 177 score: -108.4376 average_last200: -129.4181 epis: 0.6563 loss: 90.3321 
episode: 421 count: 91 score: -47.2364 average_last200: -129.3110 epis: 0.6556 loss: 52.8224 
episode: 422 count: 125 score: -165.3988 average_last200: -129.3939 epis: 0.6549 loss: 63.0063 
episode: 423 count: 185 score: -95.5507 average_last200: -129.1564 epis: 0.6543 loss: 97.1142 
episode: 424 count: 137 score: -207.6585 average_last200: -129.2228 epis: 0.6536 loss: 64.9332 
episode: 425 count: 185 score: -60.2199 average_last200: -128.8078 epis: 0.6530 loss: 78.5141 
episode: 426 count: 153 score: -70.0567 average_last200: -128.7598 epis: 0.6523 loss: 62.9709 
episode: 427 count: 123 score: -111.4185 average_last200: -128.1790 epis: 0.6517 loss: 60.1700 
episode: 428 count: 224 score: -100.1276 average_last200: -128.1264 epis: 0.6510 loss: 103.3927 
episode: 429 count: 91 score: -104.7444 average_last200: -127.8907 epis: 0.6504 loss: 48.4766 
episode: 430 count: 134 score: -188.7656 average_last200: -128.6302 epis: 0.6497 loss: 73.2308 
episode: 431 count: 149 score: -92.5103 average_last200: -128.6880 epis: 0.6491 loss: 79.5496 
episode: 432 count: 88 score: -122.6299 average_last200: -128.7004 epis: 0.6484 loss: 54.6483 
episode: 433 count: 159 score: -107.2182 average_last200: -128.9629 epis: 0.6478 loss: 97.3381 
episode: 434 count: 123 score: -124.2048 average_last200: -128.9471 epis: 0.6471 loss: 62.8410 
episode: 435 count: 161 score: -138.1704 average_last200: -128.9864 epis: 0.6465 loss: 80.9060 
episode: 436 count: 203 score: -183.6131 average_last200: -129.4340 epis: 0.6458 loss: 96.6349 
episode: 437 count: 115 score: -181.7470 average_last200: -129.7244 epis: 0.6452 loss: 51.5788 
episode: 438 count: 87 score: -159.9001 average_last200: -129.1640 epis: 0.6445 loss: 34.7328 
episode: 439 count: 127 score: -112.3978 average_last200: -129.4454 epis: 0.6439 loss: 58.7321 
episode: 440 count: 124 score: -162.5840 average_last200: -129.4938 epis: 0.6433 loss: 54.5508 
episode: 441 count: 205 score: -112.5184 average_last200: -129.6781 epis: 0.6426 loss: 101.3629 
episode: 442 count: 109 score: -79.0333 average_last200: -129.3513 epis: 0.6420 loss: 59.7974 
episode: 443 count: 108 score: -166.4002 average_last200: -129.4948 epis: 0.6413 loss: 49.6918 
episode: 444 count: 111 score: -156.2442 average_last200: -129.4127 epis: 0.6407 loss: 58.6399 
episode: 445 count: 98 score: -40.6341 average_last200: -128.8194 epis: 0.6400 loss: 46.6822 
episode: 446 count: 143 score: -69.3452 average_last200: -128.5005 epis: 0.6394 loss: 63.8982 
episode: 447 count: 92 score: -45.1946 average_last200: -128.0853 epis: 0.6388 loss: 48.7272 
episode: 448 count: 175 score: -154.0466 average_last200: -128.2366 epis: 0.6381 loss: 81.0547 
episode: 449 count: 228 score: -213.6730 average_last200: -128.7592 epis: 0.6375 loss: 118.0957 
episode: 450 count: 179 score: -118.2439 average_last200: -128.5837 epis: 0.6368 loss: 91.9453 
episode: 451 count: 160 score: -126.2264 average_last200: -127.6994 epis: 0.6362 loss: 61.3848 
episode: 452 count: 100 score: -201.2975 average_last200: -127.8532 epis: 0.6356 loss: 52.3770 
episode: 453 count: 127 score: -165.8111 average_last200: -128.1730 epis: 0.6349 loss: 73.0573 
episode: 454 count: 235 score: -95.9569 average_last200: -128.0050 epis: 0.6343 loss: 121.9759 
episode: 455 count: 143 score: -163.0791 average_last200: -128.3509 epis: 0.6337 loss: 74.0981 
episode: 456 count: 93 score: -80.8722 average_last200: -128.1913 epis: 0.6330 loss: 41.8163 
episode: 457 count: 165 score: -123.5539 average_last200: -128.4166 epis: 0.6324 loss: 72.3556 
episode: 458 count: 166 score: -104.4859 average_last200: -128.1307 epis: 0.6318 loss: 93.7997 
episode: 459 count: 122 score: -148.7586 average_last200: -128.0914 epis: 0.6311 loss: 53.1370 
episode: 460 count: 109 score: -154.5569 average_last200: -128.2886 epis: 0.6305 loss: 56.5428 
episode: 461 count: 115 score: -147.7112 average_last200: -128.2688 epis: 0.6299 loss: 51.5327 
episode: 462 count: 223 score: -164.7250 average_last200: -128.5964 epis: 0.6292 loss: 104.9938 
episode: 463 count: 128 score: -174.0722 average_last200: -128.3908 epis: 0.6286 loss: 59.8295 
episode: 464 count: 123 score: -144.2745 average_last200: -128.5801 epis: 0.6280 loss: 65.4000 
episode: 465 count: 89 score: -96.9064 average_last200: -128.2777 epis: 0.6274 loss: 44.1872 
episode: 466 count: 233 score: -57.7995 average_last200: -127.7850 epis: 0.6267 loss: 111.4570 
episode: 467 count: 142 score: -76.2339 average_last200: -127.3460 epis: 0.6261 loss: 71.2428 
episode: 468 count: 115 score: -111.2646 average_last200: -127.2504 epis: 0.6255 loss: 64.7478 
episode: 469 count: 155 score: -154.0827 average_last200: -127.4228 epis: 0.6249 loss: 82.6919 
episode: 470 count: 151 score: -102.4066 average_last200: -127.4083 epis: 0.6242 loss: 76.3721 
episode: 471 count: 129 score: -128.0000 average_last200: -127.3434 epis: 0.6236 loss: 55.1451 
episode: 472 count: 152 score: -157.7006 average_last200: -127.5868 epis: 0.6230 loss: 78.0089 
episode: 473 count: 138 score: -183.0358 average_last200: -127.8795 epis: 0.6224 loss: 78.7222 
episode: 474 count: 113 score: -188.7353 average_last200: -128.2545 epis: 0.6217 loss: 53.9752 
episode: 475 count: 88 score: -95.1066 average_last200: -128.0605 epis: 0.6211 loss: 44.8588 
episode: 476 count: 103 score: -62.7581 average_last200: -127.7608 epis: 0.6205 loss: 49.7592 
episode: 477 count: 169 score: -118.7223 average_last200: -127.6624 epis: 0.6199 loss: 84.4211 
episode: 478 count: 147 score: -102.1627 average_last200: -127.6146 epis: 0.6193 loss: 65.7037 
episode: 479 count: 240 score: -124.7785 average_last200: -127.8007 epis: 0.6186 loss: 122.3431 
episode: 480 count: 117 score: -103.8670 average_last200: -127.6141 epis: 0.6180 loss: 53.9264 
episode: 481 count: 140 score: -151.2212 average_last200: -127.7330 epis: 0.6174 loss: 64.5291 
episode: 482 count: 117 score: -184.2777 average_last200: -127.7704 epis: 0.6168 loss: 52.7478 
episode: 483 count: 154 score: -91.5639 average_last200: -127.4089 epis: 0.6162 loss: 69.7564 
episode: 484 count: 84 score: -102.8812 average_last200: -126.6678 epis: 0.6155 loss: 40.6282 
episode: 485 count: 104 score: -153.6417 average_last200: -126.7823 epis: 0.6149 loss: 48.8217 
episode: 486 count: 122 score: -155.8382 average_last200: -126.8374 epis: 0.6143 loss: 54.6047 
episode: 487 count: 184 score: -80.3768 average_last200: -126.6147 epis: 0.6137 loss: 88.8210 
episode: 488 count: 94 score: -113.2130 average_last200: -126.8393 epis: 0.6131 loss: 48.1425 
episode: 489 count: 146 score: -135.0370 average_last200: -126.8748 epis: 0.6125 loss: 64.9372 
episode: 490 count: 161 score: -142.4272 average_last200: -127.0337 epis: 0.6119 loss: 67.5288 
episode: 491 count: 166 score: -152.9272 average_last200: -127.4059 epis: 0.6113 loss: 76.5517 
episode: 492 count: 133 score: -129.6373 average_last200: -127.7265 epis: 0.6106 loss: 66.4317 
episode: 493 count: 361 score: -176.3301 average_last200: -127.8828 epis: 0.6100 loss: 177.5454 
episode: 494 count: 76 score: -84.1716 average_last200: -127.8785 epis: 0.6094 loss: 42.7932 
episode: 495 count: 138 score: -66.1677 average_last200: -127.6069 epis: 0.6088 loss: 73.5024 
episode: 496 count: 209 score: -106.2280 average_last200: -127.4232 epis: 0.6082 loss: 101.1312 
episode: 497 count: 173 score: -173.0010 average_last200: -127.8089 epis: 0.6076 loss: 85.3563 
episode: 498 count: 150 score: -136.6956 average_last200: -126.8054 epis: 0.6070 loss: 74.1599 
episode: 499 count: 107 score: -113.8588 average_last200: -126.8249 epis: 0.6064 loss: 41.7771 
episode: 500 count: 163 score: -103.8061 average_last200: -126.3557 epis: 0.6058 loss: 81.1711 
episode: 501 count: 152 score: -134.6946 average_last200: -126.4435 epis: 0.6052 loss: 72.8684 
episode: 502 count: 147 score: -110.9105 average_last200: -126.1680 epis: 0.6046 loss: 75.7153 
episode: 503 count: 152 score: -106.2422 average_last200: -126.2555 epis: 0.6040 loss: 72.4531 
episode: 504 count: 145 score: -90.1529 average_last200: -126.1075 epis: 0.6034 loss: 67.5578 
episode: 505 count: 138 score: -181.3602 average_last200: -125.8675 epis: 0.6027 loss: 66.6421 
episode: 506 count: 180 score: -83.1120 average_last200: -125.5918 epis: 0.6021 loss: 89.3874 
episode: 507 count: 84 score: -95.9667 average_last200: -125.3905 epis: 0.6015 loss: 44.3219 
episode: 508 count: 180 score: -117.1246 average_last200: -125.4155 epis: 0.6009 loss: 73.5786 
episode: 509 count: 140 score: -108.2174 average_last200: -125.2635 epis: 0.6003 loss: 71.3230 
episode: 510 count: 134 score: -151.8652 average_last200: -125.2519 epis: 0.5997 loss: 57.8276 
episode: 511 count: 80 score: -130.1700 average_last200: -125.1005 epis: 0.5991 loss: 27.9831 
episode: 512 count: 112 score: -178.7395 average_last200: -125.4025 epis: 0.5985 loss: 47.7568 
episode: 513 count: 125 score: -142.8705 average_last200: -125.6805 epis: 0.5979 loss: 68.5999 
episode: 514 count: 158 score: -149.4404 average_last200: -125.5338 epis: 0.5973 loss: 77.0434 
episode: 515 count: 120 score: -146.4189 average_last200: -125.6006 epis: 0.5967 loss: 57.9518 
episode: 516 count: 80 score: -113.8735 average_last200: -125.3104 epis: 0.5962 loss: 38.9866 
episode: 517 count: 83 score: -105.0339 average_last200: -125.2365 epis: 0.5956 loss: 39.4597 
episode: 518 count: 212 score: -145.5982 average_last200: -125.1465 epis: 0.5950 loss: 88.3033 
episode: 519 count: 135 score: -110.0584 average_last200: -124.8714 epis: 0.5944 loss: 56.5909 
episode: 520 count: 141 score: -193.9889 average_last200: -125.1665 epis: 0.5938 loss: 64.9590 
episode: 521 count: 212 score: -73.7557 average_last200: -124.8486 epis: 0.5932 loss: 102.7783 
episode: 522 count: 150 score: -124.9592 average_last200: -124.8683 epis: 0.5926 loss: 57.6582 
episode: 523 count: 160 score: -185.8979 average_last200: -124.8309 epis: 0.5920 loss: 76.6367 
episode: 524 count: 161 score: -138.7724 average_last200: -125.3701 epis: 0.5914 loss: 74.1300 
episode: 525 count: 153 score: -137.3198 average_last200: -125.4121 epis: 0.5908 loss: 66.6549 
episode: 526 count: 143 score: -107.0650 average_last200: -125.4899 epis: 0.5902 loss: 60.8552 
episode: 527 count: 107 score: -97.3645 average_last200: -125.7913 epis: 0.5896 loss: 43.1449 
episode: 528 count: 125 score: -163.4254 average_last200: -125.8869 epis: 0.5890 loss: 53.0757 
episode: 529 count: 122 score: -93.0907 average_last200: -125.7904 epis: 0.5884 loss: 62.6280 
episode: 530 count: 123 score: -183.6234 average_last200: -125.9439 epis: 0.5879 loss: 49.5899 
episode: 531 count: 173 score: -94.1673 average_last200: -125.5864 epis: 0.5873 loss: 78.9712 
episode: 532 count: 158 score: -156.2658 average_last200: -125.7312 epis: 0.5867 loss: 71.0379 
episode: 533 count: 156 score: -51.1059 average_last200: -125.3970 epis: 0.5861 loss: 65.6504 
episode: 534 count: 90 score: -117.8938 average_last200: -125.3067 epis: 0.5855 loss: 38.4155 
episode: 535 count: 101 score: -122.1837 average_last200: -125.5370 epis: 0.5849 loss: 50.2983 
episode: 536 count: 136 score: -138.8869 average_last200: -125.7311 epis: 0.5843 loss: 66.7653 
episode: 537 count: 137 score: -182.9360 average_last200: -126.0847 epis: 0.5838 loss: 56.5327 
episode: 538 count: 109 score: -124.7799 average_last200: -126.0501 epis: 0.5832 loss: 46.7370 
episode: 539 count: 233 score: -159.4558 average_last200: -126.2603 epis: 0.5826 loss: 96.8627 
episode: 540 count: 206 score: -46.2912 average_last200: -126.1239 epis: 0.5820 loss: 102.7816 
episode: 541 count: 212 score: -149.9198 average_last200: -126.0243 epis: 0.5814 loss: 76.1160 
episode: 542 count: 1000 score: -29.5763 average_last200: -125.8317 epis: 0.5808 loss: 450.7539 
episode: 543 count: 151 score: -119.2879 average_last200: -125.5863 epis: 0.5803 loss: 74.8282 
episode: 544 count: 204 score: -75.8707 average_last200: -125.2744 epis: 0.5797 loss: 95.7660 
episode: 545 count: 82 score: -129.0431 average_last200: -125.2752 epis: 0.5791 loss: 46.8755 
episode: 546 count: 109 score: -139.5839 average_last200: -125.2462 epis: 0.5785 loss: 44.8757 
episode: 547 count: 83 score: -88.6452 average_last200: -125.1616 epis: 0.5779 loss: 46.8727 
episode: 548 count: 137 score: -87.1629 average_last200: -124.9829 epis: 0.5774 loss: 75.1730 
episode: 549 count: 176 score: -115.4293 average_last200: -125.2500 epis: 0.5768 loss: 82.0199 
episode: 550 count: 127 score: -102.1126 average_last200: -125.1122 epis: 0.5762 loss: 58.1539 
episode: 551 count: 113 score: -79.2093 average_last200: -124.8382 epis: 0.5756 loss: 44.0931 
episode: 552 count: 164 score: -61.0504 average_last200: -124.4998 epis: 0.5751 loss: 74.7498 
episode: 553 count: 202 score: -122.0233 average_last200: -124.3629 epis: 0.5745 loss: 98.5226 
episode: 554 count: 91 score: -94.2438 average_last200: -124.1991 epis: 0.5739 loss: 37.6338 
episode: 555 count: 102 score: -121.5916 average_last200: -124.0866 epis: 0.5733 loss: 44.8331 
episode: 556 count: 90 score: -114.2298 average_last200: -123.9590 epis: 0.5728 loss: 41.5365 
episode: 557 count: 79 score: -110.0376 average_last200: -124.0823 epis: 0.5722 loss: 32.2264 
episode: 558 count: 171 score: -71.6440 average_last200: -123.9269 epis: 0.5716 loss: 73.3677 
episode: 559 count: 136 score: -127.1376 average_last200: -123.8845 epis: 0.5710 loss: 63.2136 
episode: 560 count: 104 score: -172.5828 average_last200: -124.0396 epis: 0.5705 loss: 42.1784 
episode: 561 count: 172 score: -76.2696 average_last200: -123.7440 epis: 0.5699 loss: 84.3348 
episode: 562 count: 131 score: -116.9251 average_last200: -123.8188 epis: 0.5693 loss: 65.9556 
episode: 563 count: 147 score: -108.7428 average_last200: -123.6942 epis: 0.5688 loss: 62.5042 
episode: 564 count: 163 score: -92.5330 average_last200: -123.5454 epis: 0.5682 loss: 77.2221 
episode: 565 count: 118 score: -57.5059 average_last200: -123.2135 epis: 0.5676 loss: 56.0351 
episode: 566 count: 136 score: -111.1218 average_last200: -123.0899 epis: 0.5671 loss: 60.0384 
episode: 567 count: 185 score: -95.1083 average_last200: -123.3634 epis: 0.5665 loss: 84.7785 
episode: 568 count: 121 score: -100.5078 average_last200: -123.0648 epis: 0.5659 loss: 57.5858 
episode: 569 count: 163 score: -57.0330 average_last200: -122.7381 epis: 0.5654 loss: 75.2339 
episode: 570 count: 91 score: -111.7629 average_last200: -122.4795 epis: 0.5648 loss: 44.2112 
episode: 571 count: 69 score: -117.9992 average_last200: -122.5213 epis: 0.5642 loss: 28.8008 
episode: 572 count: 147 score: -226.8406 average_last200: -122.8234 epis: 0.5637 loss: 55.0311 
episode: 573 count: 104 score: -89.2916 average_last200: -122.6532 epis: 0.5631 loss: 54.7062 
episode: 574 count: 128 score: -97.5752 average_last200: -122.5978 epis: 0.5625 loss: 59.6933 
episode: 575 count: 157 score: -50.8733 average_last200: -122.2001 epis: 0.5620 loss: 65.2287 
episode: 576 count: 1000 score: 24.7840 average_last200: -121.2481 epis: 0.5614 loss: 436.0757 
episode: 577 count: 135 score: -250.2120 average_last200: -121.6601 epis: 0.5609 loss: 56.5454 
episode: 578 count: 195 score: -106.3643 average_last200: -121.5229 epis: 0.5603 loss: 83.1925 
episode: 579 count: 175 score: -80.8200 average_last200: -121.3716 epis: 0.5597 loss: 75.2760 
episode: 580 count: 156 score: -107.6422 average_last200: -121.4695 epis: 0.5592 loss: 69.5211 
episode: 581 count: 142 score: -85.9852 average_last200: -121.4040 epis: 0.5586 loss: 72.4833 
episode: 582 count: 195 score: -52.4401 average_last200: -121.0820 epis: 0.5581 loss: 81.9874 
episode: 583 count: 197 score: -103.1712 average_last200: -120.9343 epis: 0.5575 loss: 101.2104 
episode: 584 count: 214 score: -121.5085 average_last200: -121.0083 epis: 0.5569 loss: 81.5289 
episode: 585 count: 175 score: -55.1049 average_last200: -120.5691 epis: 0.5564 loss: 78.1162 
episode: 586 count: 165 score: -58.9547 average_last200: -120.3943 epis: 0.5558 loss: 79.6128 
episode: 587 count: 144 score: -135.7470 average_last200: -120.5615 epis: 0.5553 loss: 60.9615 
episode: 588 count: 152 score: -82.9506 average_last200: -120.1023 epis: 0.5547 loss: 71.6284 
episode: 589 count: 185 score: -146.6875 average_last200: -120.2142 epis: 0.5542 loss: 90.3376 
episode: 590 count: 70 score: -115.3411 average_last200: -120.0436 epis: 0.5536 loss: 32.2918 
episode: 591 count: 136 score: -103.1123 average_last200: -119.7687 epis: 0.5531 loss: 63.3313 
episode: 592 count: 101 score: -117.6818 average_last200: -119.8446 epis: 0.5525 loss: 49.1522 
episode: 593 count: 198 score: -221.4589 average_last200: -120.3713 epis: 0.5520 loss: 85.2316 
episode: 594 count: 90 score: -122.6304 average_last200: -120.4235 epis: 0.5514 loss: 43.0678 
episode: 595 count: 80 score: -136.0289 average_last200: -120.5313 epis: 0.5508 loss: 39.1622 
episode: 596 count: 137 score: -112.6282 average_last200: -120.7878 epis: 0.5503 loss: 54.7744 
episode: 597 count: 201 score: -98.7820 average_last200: -120.6910 epis: 0.5497 loss: 83.2160 
episode: 598 count: 148 score: -41.3234 average_last200: -120.5113 epis: 0.5492 loss: 56.6204 
episode: 599 count: 121 score: -108.1902 average_last200: -120.2523 epis: 0.5486 loss: 54.3160 
episode: 600 count: 175 score: -67.6665 average_last200: -119.9502 epis: 0.5481 loss: 79.1423 
episode: 601 count: 171 score: -3.1353 average_last200: -119.1881 epis: 0.5476 loss: 75.2984 
episode: 602 count: 111 score: -86.0712 average_last200: -118.9889 epis: 0.5470 loss: 50.7983 
episode: 603 count: 326 score: -131.1124 average_last200: -119.0087 epis: 0.5465 loss: 142.1515 
episode: 604 count: 220 score: -83.5112 average_last200: -118.7343 epis: 0.5459 loss: 102.7101 
episode: 605 count: 196 score: -171.0049 average_last200: -119.1325 epis: 0.5454 loss: 84.2566 
episode: 606 count: 109 score: -146.0270 average_last200: -118.9749 epis: 0.5448 loss: 50.3742 
episode: 607 count: 174 score: -234.1394 average_last200: -119.3393 epis: 0.5443 loss: 79.0592 
episode: 608 count: 140 score: -95.7090 average_last200: -119.3322 epis: 0.5437 loss: 54.3592 
episode: 609 count: 155 score: -85.2761 average_last200: -119.1731 epis: 0.5432 loss: 71.8110 
episode: 610 count: 822 score: -55.8197 average_last200: -118.8518 epis: 0.5426 loss: 367.3832 
episode: 611 count: 165 score: -58.4591 average_last200: -118.5095 epis: 0.5421 loss: 73.0304 
episode: 612 count: 100 score: -133.8888 average_last200: -118.6698 epis: 0.5416 loss: 47.9002 
episode: 613 count: 181 score: -49.1691 average_last200: -118.0700 epis: 0.5410 loss: 84.4573 
episode: 614 count: 199 score: -118.7646 average_last200: -118.0585 epis: 0.5405 loss: 97.5657 
episode: 615 count: 101 score: -159.2446 average_last200: -118.3347 epis: 0.5399 loss: 39.7542 
episode: 616 count: 155 score: -73.7390 average_last200: -118.0930 epis: 0.5394 loss: 64.7994 
episode: 617 count: 158 score: -111.3850 average_last200: -117.9023 epis: 0.5389 loss: 73.5733 
episode: 618 count: 69 score: -97.6454 average_last200: -117.6129 epis: 0.5383 loss: 27.4605 
episode: 619 count: 163 score: -126.3574 average_last200: -117.7791 epis: 0.5378 loss: 71.6658 
episode: 620 count: 154 score: -92.3880 average_last200: -117.6989 epis: 0.5372 loss: 65.3030 
episode: 621 count: 231 score: -47.6821 average_last200: -117.7011 epis: 0.5367 loss: 100.9796 
episode: 622 count: 97 score: -89.5945 average_last200: -117.3221 epis: 0.5362 loss: 42.2336 
episode: 623 count: 250 score: -70.4393 average_last200: -117.1965 epis: 0.5356 loss: 120.9258 
episode: 624 count: 128 score: -42.1927 average_last200: -116.3692 epis: 0.5351 loss: 49.3396 
episode: 625 count: 163 score: -77.3849 average_last200: -116.4550 epis: 0.5346 loss: 75.6518 
episode: 626 count: 112 score: -120.4466 average_last200: -116.7070 epis: 0.5340 loss: 50.4625 
episode: 627 count: 132 score: -106.4252 average_last200: -116.6820 epis: 0.5335 loss: 61.9763 
episode: 628 count: 113 score: -122.4697 average_last200: -116.7937 epis: 0.5330 loss: 56.8927 
episode: 629 count: 149 score: -49.4073 average_last200: -116.5170 epis: 0.5324 loss: 70.2439 
episode: 630 count: 102 score: -90.6536 average_last200: -116.0265 epis: 0.5319 loss: 46.6795 
episode: 631 count: 170 score: -51.9731 average_last200: -115.8238 epis: 0.5314 loss: 77.3091 
episode: 632 count: 465 score: -31.9985 average_last200: -115.3706 epis: 0.5308 loss: 205.1057 
episode: 633 count: 108 score: -119.4681 average_last200: -115.4319 epis: 0.5303 loss: 52.8893 
episode: 634 count: 139 score: -75.5599 average_last200: -115.1887 epis: 0.5298 loss: 71.5204 
episode: 635 count: 112 score: -83.4455 average_last200: -114.9150 epis: 0.5292 loss: 58.2362 
episode: 636 count: 96 score: -134.6551 average_last200: -114.6702 epis: 0.5287 loss: 45.9554 
episode: 637 count: 139 score: -45.3762 average_last200: -113.9884 epis: 0.5282 loss: 56.6665 
episode: 638 count: 148 score: -57.6434 average_last200: -113.4771 epis: 0.5277 loss: 66.7547 
episode: 639 count: 96 score: -85.2355 average_last200: -113.3413 epis: 0.5271 loss: 45.3615 
episode: 640 count: 218 score: -98.7115 average_last200: -113.0219 epis: 0.5266 loss: 85.2637 
episode: 641 count: 182 score: -103.5725 average_last200: -112.9772 epis: 0.5261 loss: 80.3333 
episode: 642 count: 149 score: -103.8141 average_last200: -113.1011 epis: 0.5255 loss: 65.2302 
episode: 643 count: 194 score: -254.2888 average_last200: -113.5405 epis: 0.5250 loss: 83.3070 
episode: 644 count: 146 score: -83.0475 average_last200: -113.1746 epis: 0.5245 loss: 71.2732 
episode: 645 count: 140 score: -254.0297 average_last200: -114.2415 epis: 0.5240 loss: 61.1323 
episode: 646 count: 207 score: -65.9535 average_last200: -114.2246 epis: 0.5234 loss: 98.3955 
episode: 647 count: 128 score: -165.0377 average_last200: -114.8238 epis: 0.5229 loss: 71.4555 
episode: 648 count: 168 score: -181.4472 average_last200: -114.9608 epis: 0.5224 loss: 85.5240 
episode: 649 count: 173 score: -58.8154 average_last200: -114.1865 epis: 0.5219 loss: 80.9473 
episode: 650 count: 147 score: -134.5105 average_last200: -114.2678 epis: 0.5214 loss: 70.5982 
episode: 651 count: 108 score: -86.1056 average_last200: -114.0672 epis: 0.5208 loss: 48.3027 
episode: 652 count: 171 score: -11.6059 average_last200: -113.1188 epis: 0.5203 loss: 78.6051 
episode: 653 count: 599 score: -127.4500 average_last200: -112.9270 epis: 0.5198 loss: 275.0285 
episode: 654 count: 122 score: -108.6129 average_last200: -112.9903 epis: 0.5193 loss: 63.5141 
episode: 655 count: 352 score: -84.9772 average_last200: -112.5997 epis: 0.5188 loss: 160.6063 
episode: 656 count: 341 score: -71.3916 average_last200: -112.5523 epis: 0.5182 loss: 152.5754 
episode: 657 count: 1000 score: -41.6976 average_last200: -112.1431 epis: 0.5177 loss: 452.8347 
episode: 658 count: 571 score: -127.1839 average_last200: -112.2566 epis: 0.5172 loss: 257.5439 
episode: 659 count: 155 score: -75.2632 average_last200: -111.8891 epis: 0.5167 loss: 66.5154 
episode: 660 count: 191 score: -70.8854 average_last200: -111.4707 epis: 0.5162 loss: 82.4612 
episode: 661 count: 163 score: -124.6107 average_last200: -111.3552 epis: 0.5156 loss: 72.9860 
episode: 662 count: 137 score: -95.3339 average_last200: -111.0083 epis: 0.5151 loss: 63.2612 
episode: 663 count: 182 score: -7.2943 average_last200: -110.1744 epis: 0.5146 loss: 96.4017 
episode: 664 count: 705 score: -165.7461 average_last200: -110.2817 epis: 0.5141 loss: 346.2178 
episode: 665 count: 134 score: -117.4706 average_last200: -110.3845 epis: 0.5136 loss: 59.4717 
episode: 666 count: 79 score: -101.4265 average_last200: -110.6027 epis: 0.5131 loss: 43.8255 
episode: 667 count: 104 score: -135.5698 average_last200: -110.8994 epis: 0.5126 loss: 46.3315 
episode: 668 count: 140 score: -50.0678 average_last200: -110.5934 epis: 0.5120 loss: 60.8767 
episode: 669 count: 98 score: -112.6915 average_last200: -110.3864 epis: 0.5115 loss: 53.6718 
episode: 670 count: 175 score: -68.5520 average_last200: -110.2171 epis: 0.5110 loss: 89.1549 
episode: 671 count: 188 score: -44.1087 average_last200: -109.7977 epis: 0.5105 loss: 101.3930 
episode: 672 count: 196 score: -48.0544 average_last200: -109.2495 epis: 0.5100 loss: 89.9264 
episode: 673 count: 144 score: -103.2910 average_last200: -108.8507 epis: 0.5095 loss: 68.6911 
episode: 674 count: 276 score: -80.3583 average_last200: -108.3089 epis: 0.5090 loss: 134.5425 
episode: 675 count: 215 score: -24.1542 average_last200: -107.9541 epis: 0.5085 loss: 108.5621 
episode: 676 count: 90 score: -99.6336 average_last200: -108.1385 epis: 0.5080 loss: 52.0453 
episode: 677 count: 154 score: -47.6741 average_last200: -107.7832 epis: 0.5075 loss: 75.6377 
episode: 678 count: 205 score: -72.1011 average_last200: -107.6329 epis: 0.5070 loss: 99.8287 
episode: 679 count: 253 score: -184.1291 average_last200: -107.9297 epis: 0.5064 loss: 127.0551 
episode: 680 count: 1000 score: -39.6568 average_last200: -107.6086 epis: 0.5059 loss: 463.1654 
episode: 681 count: 254 score: -27.9311 average_last200: -106.9922 epis: 0.5054 loss: 123.7424 
episode: 682 count: 134 score: -103.3803 average_last200: -106.5877 epis: 0.5049 loss: 61.8856 
episode: 683 count: 259 score: -58.5666 average_last200: -106.4227 epis: 0.5044 loss: 139.7898 
episode: 684 count: 144 score: -15.5681 average_last200: -105.9861 epis: 0.5039 loss: 72.0121 
episode: 685 count: 184 score: -71.3452 average_last200: -105.5747 epis: 0.5034 loss: 92.2026 
episode: 686 count: 155 score: -99.3147 average_last200: -105.2920 epis: 0.5029 loss: 79.2576 
episode: 687 count: 960 score: -313.5120 average_last200: -106.4577 epis: 0.5024 loss: 519.8482 
episode: 688 count: 203 score: -16.6193 average_last200: -105.9747 epis: 0.5019 loss: 105.6377 
episode: 689 count: 156 score: -100.1072 average_last200: -105.8001 epis: 0.5014 loss: 91.3753 
episode: 690 count: 86 score: -92.7451 average_last200: -105.5517 epis: 0.5009 loss: 41.0782 
episode: 691 count: 98 score: -90.5608 average_last200: -105.2398 epis: 0.5004 loss: 45.8558 
episode: 692 count: 136 score: -36.6132 average_last200: -104.7747 epis: 0.4999 loss: 71.1869 
episode: 693 count: 235 score: -19.3712 average_last200: -103.9899 epis: 0.4994 loss: 101.0689 
episode: 694 count: 237 score: -41.6881 average_last200: -103.7775 epis: 0.4989 loss: 128.3605 
episode: 695 count: 147 score: -75.6355 average_last200: -103.8249 epis: 0.4984 loss: 71.4312 
episode: 696 count: 172 score: -69.0985 average_last200: -103.6392 epis: 0.4979 loss: 87.2734 
episode: 697 count: 117 score: -71.1599 average_last200: -103.1300 epis: 0.4974 loss: 61.2901 
episode: 698 count: 156 score: -115.4074 average_last200: -103.0236 epis: 0.4969 loss: 89.2996 
episode: 699 count: 268 score: -12.3830 average_last200: -102.5162 epis: 0.4964 loss: 136.6221 
episode: 700 count: 128 score: -117.0793 average_last200: -102.5825 epis: 0.4959 loss: 66.1707 
episode: 701 count: 140 score: -85.2106 average_last200: -102.3351 epis: 0.4954 loss: 83.5369 
episode: 702 count: 1000 score: -82.3563 average_last200: -102.1924 epis: 0.4949 loss: 514.9717 
episode: 703 count: 503 score: -322.3793 average_last200: -103.2730 epis: 0.4944 loss: 257.5346 
episode: 704 count: 173 score: -143.0076 average_last200: -103.5373 epis: 0.4939 loss: 102.1702 
episode: 705 count: 156 score: -55.8759 average_last200: -102.9099 epis: 0.4934 loss: 86.6732 
episode: 706 count: 1000 score: -162.9915 average_last200: -103.3093 epis: 0.4929 loss: 512.3188 
episode: 707 count: 127 score: -125.4642 average_last200: -103.4568 epis: 0.4925 loss: 64.4661 
episode: 708 count: 141 score: -122.4170 average_last200: -103.4832 epis: 0.4920 loss: 71.4932 
episode: 709 count: 1000 score: -151.3966 average_last200: -103.6991 epis: 0.4915 loss: 532.2884 
episode: 710 count: 142 score: -43.1444 average_last200: -103.1555 epis: 0.4910 loss: 76.0867 
episode: 711 count: 106 score: -192.6441 average_last200: -103.4679 epis: 0.4905 loss: 65.4092 
episode: 712 count: 138 score: -15.9501 average_last200: -102.6540 epis: 0.4900 loss: 60.5677 
episode: 713 count: 1000 score: -70.1775 average_last200: -102.2905 epis: 0.4895 loss: 525.4026 
episode: 714 count: 77 score: -119.9136 average_last200: -102.1429 epis: 0.4890 loss: 37.3133 
episode: 715 count: 183 score: -141.0517 average_last200: -102.1160 epis: 0.4885 loss: 91.5567 
episode: 716 count: 162 score: -236.4664 average_last200: -102.7290 epis: 0.4880 loss: 98.5947 
episode: 717 count: 178 score: -28.7085 average_last200: -102.3474 epis: 0.4876 loss: 98.4112 
episode: 718 count: 289 score: -44.3441 average_last200: -101.8411 epis: 0.4871 loss: 154.6260 
episode: 719 count: 1000 score: -113.1673 average_last200: -101.8566 epis: 0.4866 loss: 531.5663 
episode: 720 count: 247 score: -60.0513 average_last200: -101.1869 epis: 0.4861 loss: 115.7645 
episode: 721 count: 94 score: -93.7820 average_last200: -101.2871 epis: 0.4856 loss: 39.4223 
episode: 722 count: 222 score: -31.0028 average_last200: -100.8173 epis: 0.4851 loss: 112.9513 
episode: 723 count: 1000 score: -119.8359 average_last200: -100.4870 epis: 0.4846 loss: 513.7651 
episode: 724 count: 120 score: -99.7327 average_last200: -100.2918 epis: 0.4841 loss: 61.1984 
episode: 725 count: 331 score: -7.4187 average_last200: -99.6423 epis: 0.4837 loss: 161.1742 
episode: 726 count: 638 score: -99.1563 average_last200: -99.6027 epis: 0.4832 loss: 311.8296 
episode: 727 count: 326 score: -258.3135 average_last200: -100.4075 epis: 0.4827 loss: 163.3497 
episode: 728 count: 1000 score: -96.1776 average_last200: -100.0712 epis: 0.4822 loss: 504.4994 
episode: 729 count: 966 score: -178.3592 average_last200: -100.4976 epis: 0.4817 loss: 485.8471 
episode: 730 count: 1000 score: -69.6436 average_last200: -99.9277 epis: 0.4813 loss: 542.0297 
episode: 731 count: 150 score: -1.7075 average_last200: -99.4654 epis: 0.4808 loss: 73.7348 
episode: 732 count: 144 score: -52.8622 average_last200: -98.9484 epis: 0.4803 loss: 74.5559 
episode: 733 count: 469 score: -150.1850 average_last200: -99.4438 epis: 0.4798 loss: 238.2668 
episode: 734 count: 286 score: -3.9802 average_last200: -98.8742 epis: 0.4793 loss: 152.1533 
episode: 735 count: 127 score: -39.0484 average_last200: -98.4585 epis: 0.4788 loss: 61.7564 
episode: 736 count: 160 score: -117.8357 average_last200: -98.3533 epis: 0.4784 loss: 78.6362 
episode: 737 count: 588 score: -363.4465 average_last200: -99.2558 epis: 0.4779 loss: 322.5590 
episode: 738 count: 104 score: -109.0441 average_last200: -99.1771 epis: 0.4774 loss: 58.1282 
episode: 739 count: 406 score: -132.2011 average_last200: -99.0409 epis: 0.4769 loss: 209.2338 
episode: 740 count: 126 score: -77.1460 average_last200: -99.1951 epis: 0.4765 loss: 61.0736 
episode: 741 count: 1000 score: -163.4001 average_last200: -99.2625 epis: 0.4760 loss: 495.4196 
episode: 742 count: 131 score: -59.3485 average_last200: -99.4114 epis: 0.4755 loss: 66.3212 
episode: 743 count: 154 score: -49.7705 average_last200: -99.0638 epis: 0.4750 loss: 74.3613 
episode: 744 count: 803 score: -142.9074 average_last200: -99.3990 epis: 0.4746 loss: 399.8736 
episode: 745 count: 135 score: -81.2664 average_last200: -99.1601 epis: 0.4741 loss: 62.3692 
episode: 746 count: 694 score: -336.8672 average_last200: -100.1465 epis: 0.4736 loss: 336.3930 
episode: 747 count: 163 score: -85.2874 average_last200: -100.1297 epis: 0.4731 loss: 74.6967 
episode: 748 count: 165 score: -32.9498 average_last200: -99.8587 epis: 0.4727 loss: 81.0122 
episode: 749 count: 799 score: -300.4413 average_last200: -100.7837 epis: 0.4722 loss: 380.2377 
episode: 750 count: 787 score: -380.1026 average_last200: -102.1737 epis: 0.4717 loss: 374.9396 
episode: 751 count: 237 score: -147.1340 average_last200: -102.5133 epis: 0.4712 loss: 114.4725 
episode: 752 count: 214 score: -38.1115 average_last200: -102.3986 epis: 0.4708 loss: 107.1080 
episode: 753 count: 391 score: -107.0125 average_last200: -102.3236 epis: 0.4703 loss: 197.4643 
episode: 754 count: 153 score: -29.1362 average_last200: -101.9980 epis: 0.4698 loss: 79.5003 
episode: 755 count: 1000 score: -122.0742 average_last200: -102.0004 epis: 0.4694 loss: 494.7863 
episode: 756 count: 1000 score: -72.6559 average_last200: -101.7926 epis: 0.4689 loss: 494.3991 
episode: 757 count: 147 score: -107.0411 average_last200: -101.7776 epis: 0.4684 loss: 79.1709 
episode: 758 count: 135 score: -114.5791 average_last200: -101.9923 epis: 0.4680 loss: 64.3324 
episode: 759 count: 78 score: -92.5584 average_last200: -101.8194 epis: 0.4675 loss: 34.4822 
episode: 760 count: 1000 score: -55.5946 average_last200: -101.2344 epis: 0.4670 loss: 486.5745 
episode: 761 count: 197 score: -89.9270 average_last200: -101.3027 epis: 0.4666 loss: 90.0478 
episode: 762 count: 107 score: -62.8236 average_last200: -101.0322 epis: 0.4661 loss: 51.5509 
episode: 763 count: 138 score: -87.2157 average_last200: -100.9246 epis: 0.4656 loss: 73.6025 
episode: 764 count: 123 score: -98.2866 average_last200: -100.9533 epis: 0.4652 loss: 57.6600 
episode: 765 count: 265 score: -7.6446 average_last200: -100.7040 epis: 0.4647 loss: 123.1802 
episode: 766 count: 182 score: -97.2492 average_last200: -100.6347 epis: 0.4642 loss: 90.5278 
episode: 767 count: 109 score: -74.9643 average_last200: -100.5339 epis: 0.4638 loss: 51.4517 
episode: 768 count: 257 score: -220.4209 average_last200: -101.1335 epis: 0.4633 loss: 131.9699 
episode: 769 count: 372 score: -187.2674 average_last200: -101.7847 epis: 0.4628 loss: 178.0486 
episode: 770 count: 254 score: -51.1846 average_last200: -101.4818 epis: 0.4624 loss: 132.8314 
episode: 771 count: 465 score: -34.7217 average_last200: -101.0654 epis: 0.4619 loss: 243.1545 
episode: 772 count: 240 score: -43.8992 average_last200: -100.1507 epis: 0.4614 loss: 117.1255 
episode: 773 count: 162 score: -73.4912 average_last200: -100.0717 epis: 0.4610 loss: 85.4528 
episode: 774 count: 116 score: -75.3487 average_last200: -99.9606 epis: 0.4605 loss: 65.6653 
episode: 775 count: 407 score: -132.8611 average_last200: -100.3705 epis: 0.4601 loss: 202.0684 
episode: 776 count: 153 score: -108.4314 average_last200: -101.0366 epis: 0.4596 loss: 70.1356 
episode: 777 count: 170 score: -63.7840 average_last200: -100.1044 epis: 0.4591 loss: 86.0480 
episode: 778 count: 1000 score: -93.7349 average_last200: -100.0413 epis: 0.4587 loss: 506.6390 
episode: 779 count: 1000 score: -32.9565 average_last200: -99.8020 epis: 0.4582 loss: 514.9348 
episode: 780 count: 1000 score: -89.7014 average_last200: -99.7123 epis: 0.4578 loss: 515.7531 
episode: 781 count: 161 score: -50.8796 average_last200: -99.5367 epis: 0.4573 loss: 80.5510 
episode: 782 count: 286 score: -65.3505 average_last200: -99.6013 epis: 0.4569 loss: 144.7201 
episode: 783 count: 151 score: -44.5370 average_last200: -99.3081 epis: 0.4564 loss: 74.7089 
episode: 784 count: 1000 score: -60.1022 average_last200: -99.0011 epis: 0.4559 loss: 518.4331 
episode: 785 count: 276 score: -68.1216 average_last200: -99.0662 epis: 0.4555 loss: 131.2703 
episode: 786 count: 79 score: -100.9304 average_last200: -99.2761 epis: 0.4550 loss: 46.6188 
episode: 787 count: 1000 score: -111.8332 average_last200: -99.1565 epis: 0.4546 loss: 538.0148 
episode: 788 count: 474 score: -104.7585 average_last200: -99.2655 epis: 0.4541 loss: 238.1983 
episode: 789 count: 1000 score: -21.2763 average_last200: -98.6385 epis: 0.4537 loss: 518.2036 
episode: 790 count: 125 score: -48.6140 average_last200: -98.3048 epis: 0.4532 loss: 65.4089 
episode: 791 count: 236 score: -74.8719 average_last200: -98.1636 epis: 0.4528 loss: 118.6298 
episode: 792 count: 134 score: -26.6501 average_last200: -97.7085 epis: 0.4523 loss: 75.3159 
episode: 793 count: 1000 score: -53.0289 average_last200: -96.8663 epis: 0.4519 loss: 520.4565 
episode: 794 count: 298 score: -29.1795 average_last200: -96.3991 epis: 0.4514 loss: 160.5657 
episode: 795 count: 1000 score: -129.5121 average_last200: -96.3665 epis: 0.4510 loss: 531.3986 
episode: 796 count: 124 score: -51.8664 average_last200: -96.0627 epis: 0.4505 loss: 75.0559 
episode: 797 count: 357 score: -98.7960 average_last200: -96.0627 epis: 0.4500 loss: 206.2433 
episode: 798 count: 1000 score: -10.7367 average_last200: -95.9098 epis: 0.4496 loss: 529.7949 
episode: 799 count: 141 score: -67.1181 average_last200: -95.7045 epis: 0.4491 loss: 72.3393 
episode: 800 count: 243 score: -207.3012 average_last200: -96.4026 epis: 0.4487 loss: 136.3171 
episode: 801 count: 119 score: -18.0129 average_last200: -96.4770 epis: 0.4483 loss: 66.1489 
episode: 802 count: 162 score: -38.5936 average_last200: -96.2396 epis: 0.4478 loss: 90.1467 
episode: 803 count: 1000 score: 4.5613 average_last200: -95.5613 epis: 0.4474 loss: 564.2396 
episode: 804 count: 140 score: -141.2129 average_last200: -95.8498 epis: 0.4469 loss: 76.7953 
episode: 805 count: 134 score: -70.7574 average_last200: -95.3485 epis: 0.4465 loss: 74.5519 
episode: 806 count: 227 score: -249.6930 average_last200: -95.8669 epis: 0.4460 loss: 126.0485 
episode: 807 count: 532 score: -178.0566 average_last200: -95.5864 epis: 0.4456 loss: 286.7082 
episode: 808 count: 1000 score: -80.9516 average_last200: -95.5127 epis: 0.4451 loss: 518.5974 
episode: 809 count: 1000 score: -69.6125 average_last200: -95.4343 epis: 0.4447 loss: 577.2900 
episode: 810 count: 1000 score: -99.2696 average_last200: -95.6516 epis: 0.4442 loss: 595.9621 
episode: 811 count: 235 score: -37.3895 average_last200: -95.5462 epis: 0.4438 loss: 124.1872 
episode: 812 count: 664 score: -141.4053 average_last200: -95.5838 epis: 0.4433 loss: 389.2323 
episode: 813 count: 325 score: -86.5814 average_last200: -95.7709 epis: 0.4429 loss: 178.7158 
episode: 814 count: 122 score: -80.9866 average_last200: -95.5820 epis: 0.4425 loss: 67.8456 
episode: 815 count: 132 score: -67.8714 average_last200: -95.1251 epis: 0.4420 loss: 67.3986 
episode: 816 count: 1000 score: -65.3875 average_last200: -95.0834 epis: 0.4416 loss: 586.1755 
episode: 817 count: 121 score: -46.0340 average_last200: -94.7566 epis: 0.4411 loss: 67.8479 
episode: 818 count: 565 score: -98.0191 average_last200: -94.7585 epis: 0.4407 loss: 319.2197 
episode: 819 count: 410 score: -115.5023 average_last200: -94.7042 epis: 0.4403 loss: 236.1711 
episode: 820 count: 1000 score: -82.3261 average_last200: -94.6539 epis: 0.4398 loss: 577.9361 
episode: 821 count: 1000 score: -48.9398 average_last200: -94.6602 epis: 0.4394 loss: 599.0629 
episode: 822 count: 1000 score: -61.3178 average_last200: -94.5188 epis: 0.4389 loss: 570.7523 
episode: 823 count: 830 score: -123.5160 average_last200: -94.7842 epis: 0.4385 loss: 496.4580 
episode: 824 count: 1000 score: 18.4476 average_last200: -94.4810 epis: 0.4381 loss: 587.8143 
episode: 825 count: 1000 score: -106.5150 average_last200: -94.6266 epis: 0.4376 loss: 593.5465 
episode: 826 count: 163 score: -52.5382 average_last200: -94.2871 epis: 0.4372 loss: 99.2822 
episode: 827 count: 1000 score: -94.9865 average_last200: -94.2299 epis: 0.4367 loss: 598.7692 
episode: 828 count: 114 score: -57.6237 average_last200: -93.9057 epis: 0.4363 loss: 74.1234 
episode: 829 count: 1000 score: -24.3295 average_last200: -93.7803 epis: 0.4359 loss: 610.5246 
episode: 830 count: 1000 score: -50.9546 average_last200: -93.5818 epis: 0.4354 loss: 618.8575 
episode: 831 count: 1000 score: -148.9141 average_last200: -94.0665 epis: 0.4350 loss: 604.1707 
episode: 832 count: 152 score: -50.8332 average_last200: -94.1607 epis: 0.4346 loss: 109.1466 
episode: 833 count: 225 score: -61.4874 average_last200: -93.8708 epis: 0.4341 loss: 135.1333 
episode: 834 count: 113 score: -66.2374 average_last200: -93.8241 epis: 0.4337 loss: 73.4442 
episode: 835 count: 190 score: -49.1617 average_last200: -93.6527 epis: 0.4333 loss: 117.7422 
episode: 836 count: 202 score: -33.1484 average_last200: -93.1452 epis: 0.4328 loss: 110.4700 
episode: 837 count: 1000 score: 48.1108 average_last200: -92.6778 epis: 0.4324 loss: 625.7062 
episode: 838 count: 1000 score: -20.7709 average_last200: -92.4934 epis: 0.4320 loss: 603.5095 
episode: 839 count: 151 score: -44.5555 average_last200: -92.2900 epis: 0.4315 loss: 97.0903 
episode: 840 count: 1000 score: -39.5019 average_last200: -91.9939 epis: 0.4311 loss: 635.8579 
episode: 841 count: 1000 score: -3.0544 average_last200: -91.4914 epis: 0.4307 loss: 610.9324 
episode: 842 count: 205 score: -39.0611 average_last200: -91.1676 epis: 0.4302 loss: 139.6848 
episode: 843 count: 112 score: -66.6113 average_last200: -90.2292 epis: 0.4298 loss: 65.7144 
episode: 844 count: 1000 score: -73.0098 average_last200: -90.1790 epis: 0.4294 loss: 662.4092 
episode: 845 count: 1000 score: -26.7189 average_last200: -89.0425 epis: 0.4289 loss: 665.7120 
episode: 846 count: 1000 score: -71.0154 average_last200: -89.0678 epis: 0.4285 loss: 639.5530 
episode: 847 count: 665 score: -343.2826 average_last200: -89.9590 epis: 0.4281 loss: 415.6658 
episode: 848 count: 318 score: -63.9082 average_last200: -89.3713 epis: 0.4277 loss: 207.3152 
episode: 849 count: 1000 score: -25.0350 average_last200: -89.2024 epis: 0.4272 loss: 639.8873 
episode: 850 count: 168 score: -27.6492 average_last200: -88.6681 epis: 0.4268 loss: 106.6151 
episode: 851 count: 260 score: -58.8087 average_last200: -88.5316 epis: 0.4264 loss: 157.2159 
episode: 852 count: 79 score: -102.2868 average_last200: -88.9850 epis: 0.4260 loss: 48.1652 
episode: 853 count: 117 score: -99.0475 average_last200: -88.8430 epis: 0.4255 loss: 74.3962 
episode: 854 count: 157 score: -102.7053 average_last200: -88.8135 epis: 0.4251 loss: 87.4413 
episode: 855 count: 1000 score: -68.4358 average_last200: -88.7308 epis: 0.4247 loss: 644.9770 
episode: 856 count: 138 score: -90.3221 average_last200: -88.8254 epis: 0.4243 loss: 92.8038 
episode: 857 count: 1000 score: -84.1807 average_last200: -89.0378 epis: 0.4238 loss: 637.1168 
episode: 858 count: 1000 score: -58.9672 average_last200: -88.6967 epis: 0.4234 loss: 632.5579 
episode: 859 count: 113 score: -56.2009 average_last200: -88.6014 epis: 0.4230 loss: 67.3808 
episode: 860 count: 1000 score: -63.5617 average_last200: -88.5648 epis: 0.4226 loss: 631.3898 
episode: 861 count: 291 score: -32.3077 average_last200: -88.1033 epis: 0.4221 loss: 188.1238 
episode: 862 count: 152 score: -26.4110 average_last200: -87.7587 epis: 0.4217 loss: 86.3926 
episode: 863 count: 388 score: -222.3077 average_last200: -88.8337 epis: 0.4213 loss: 222.9940 
episode: 864 count: 121 score: -36.5202 average_last200: -88.1876 epis: 0.4209 loss: 76.7028 
episode: 865 count: 944 score: -399.1899 average_last200: -89.5962 epis: 0.4204 loss: 590.4473 
episode: 866 count: 507 score: -244.7358 average_last200: -90.3128 epis: 0.4200 loss: 320.6106 
episode: 867 count: 143 score: -29.6867 average_last200: -89.7833 epis: 0.4196 loss: 98.4538 
episode: 868 count: 1000 score: -73.6816 average_last200: -89.9014 epis: 0.4192 loss: 628.7300 
episode: 869 count: 1000 score: -40.5805 average_last200: -89.5409 epis: 0.4188 loss: 625.0695 
episode: 870 count: 1000 score: -90.9061 average_last200: -89.6526 epis: 0.4184 loss: 655.9847 
episode: 871 count: 118 score: -40.4789 average_last200: -89.6345 epis: 0.4179 loss: 70.0897 
episode: 872 count: 552 score: -387.3121 average_last200: -91.3308 epis: 0.4175 loss: 348.2949 
episode: 873 count: 86 score: -119.9718 average_last200: -91.4142 epis: 0.4171 loss: 56.9767 
episode: 874 count: 1000 score: -55.8828 average_last200: -91.2918 epis: 0.4167 loss: 610.5258 
episode: 875 count: 1000 score: -84.8149 average_last200: -91.5951 epis: 0.4163 loss: 673.3289 
episode: 876 count: 649 score: -78.7201 average_last200: -91.4905 epis: 0.4158 loss: 425.2534 
episode: 877 count: 146 score: -48.1428 average_last200: -91.4929 epis: 0.4154 loss: 99.5064 
episode: 878 count: 194 score: 4.9115 average_last200: -91.1078 epis: 0.4150 loss: 122.6964 
episode: 879 count: 1000 score: -65.8995 average_last200: -90.5167 epis: 0.4146 loss: 631.4777 
episode: 880 count: 1000 score: -15.1714 average_last200: -90.3942 epis: 0.4142 loss: 649.4734 
episode: 881 count: 1000 score: -42.5236 average_last200: -90.4672 epis: 0.4138 loss: 634.1616 
episode: 882 count: 1000 score: -84.0187 average_last200: -90.3704 epis: 0.4134 loss: 659.1513 
episode: 883 count: 1000 score: -48.7847 average_last200: -90.3215 epis: 0.4129 loss: 652.9923 
episode: 884 count: 143 score: -25.8684 average_last200: -90.3730 epis: 0.4125 loss: 105.5556 
episode: 885 count: 149 score: -194.2492 average_last200: -90.9875 epis: 0.4121 loss: 102.3618 
episode: 886 count: 1000 score: -64.2802 average_last200: -90.8123 epis: 0.4117 loss: 641.1285 
episode: 887 count: 1000 score: -57.6490 average_last200: -89.5330 epis: 0.4113 loss: 631.5961 
episode: 888 count: 112 score: -103.9453 average_last200: -89.9696 epis: 0.4109 loss: 76.7604 
episode: 889 count: 432 score: -95.5409 average_last200: -89.9468 epis: 0.4105 loss: 261.9078 
episode: 890 count: 1000 score: -73.8476 average_last200: -89.8523 epis: 0.4101 loss: 654.4363 
episode: 891 count: 1000 score: -55.7634 average_last200: -89.6783 epis: 0.4097 loss: 638.4610 
episode: 892 count: 1000 score: -67.4728 average_last200: -89.8326 epis: 0.4092 loss: 643.1258 
episode: 893 count: 1000 score: -179.1046 average_last200: -90.6313 epis: 0.4088 loss: 608.1033 
episode: 894 count: 120 score: -102.2020 average_last200: -90.9339 epis: 0.4084 loss: 72.9145 
episode: 895 count: 112 score: -285.8524 average_last200: -91.9850 epis: 0.4080 loss: 66.3226 
episode: 896 count: 647 score: -400.9300 average_last200: -93.6441 epis: 0.4076 loss: 411.1269 
episode: 897 count: 1000 score: -77.6051 average_last200: -93.6763 epis: 0.4072 loss: 591.6294 
episode: 898 count: 650 score: -213.3043 average_last200: -94.1658 epis: 0.4068 loss: 397.9022 
episode: 899 count: 100 score: -41.7693 average_last200: -94.3128 epis: 0.4064 loss: 58.3426 
episode: 900 count: 772 score: -345.0613 average_last200: -95.4527 epis: 0.4060 loss: 496.2948 
episode: 901 count: 1000 score: -36.8511 average_last200: -95.2109 epis: 0.4056 loss: 606.3414 
episode: 902 count: 117 score: -28.9297 average_last200: -94.9437 epis: 0.4052 loss: 77.1738 
episode: 903 count: 923 score: -157.9274 average_last200: -94.1215 epis: 0.4048 loss: 565.2484 
episode: 904 count: 151 score: 7.7345 average_last200: -93.3678 epis: 0.4044 loss: 84.5551 
episode: 905 count: 121 score: -77.8593 average_last200: -93.4777 epis: 0.4040 loss: 62.9721 
episode: 906 count: 1000 score: -165.5643 average_last200: -93.4906 epis: 0.4036 loss: 589.3549 
episode: 907 count: 1000 score: -105.1646 average_last200: -93.3891 epis: 0.4031 loss: 614.9595 
episode: 908 count: 1000 score: -79.8950 average_last200: -93.1764 epis: 0.4027 loss: 647.0560 
episode: 909 count: 1000 score: -112.3979 average_last200: -92.9814 epis: 0.4023 loss: 616.2505 
episode: 910 count: 1000 score: -97.3191 average_last200: -93.2523 epis: 0.4019 loss: 618.7792 
episode: 911 count: 1000 score: -53.9077 average_last200: -92.5586 epis: 0.4015 loss: 610.6074 
episode: 912 count: 728 score: -255.9836 average_last200: -93.7588 epis: 0.4011 loss: 434.6559 
episode: 913 count: 1000 score: -150.9070 average_last200: -94.1625 epis: 0.4007 loss: 620.1601 
episode: 914 count: 1000 score: -101.0558 average_last200: -94.0682 epis: 0.4003 loss: 604.1162 
episode: 915 count: 138 score: -9.9967 average_last200: -93.4129 epis: 0.3999 loss: 79.9216 
episode: 916 count: 1000 score: -115.3111 average_last200: -92.8071 epis: 0.3995 loss: 655.7819 
episode: 917 count: 143 score: -72.3866 average_last200: -93.0255 epis: 0.3991 loss: 92.1919 
episode: 918 count: 532 score: -209.9766 average_last200: -93.8537 epis: 0.3987 loss: 346.4664 
episode: 919 count: 1000 score: -165.9945 average_last200: -94.1178 epis: 0.3983 loss: 626.1042 
episode: 920 count: 190 score: -42.5329 average_last200: -94.0302 epis: 0.3979 loss: 125.7377 
episode: 921 count: 1000 score: -108.9477 average_last200: -94.1060 epis: 0.3975 loss: 623.4460 
episode: 922 count: 1000 score: -65.2396 average_last200: -94.2772 epis: 0.3971 loss: 648.1151 
episode: 923 count: 1000 score: -124.0302 average_last200: -94.2982 epis: 0.3967 loss: 640.2845 
episode: 924 count: 119 score: 8.5462 average_last200: -93.7568 epis: 0.3963 loss: 89.3359 
episode: 925 count: 321 score: -271.1032 average_last200: -95.0752 epis: 0.3960 loss: 207.7326 
episode: 926 count: 1000 score: -76.3442 average_last200: -94.9612 epis: 0.3956 loss: 643.7646 
episode: 927 count: 1000 score: -82.5007 average_last200: -94.0821 epis: 0.3952 loss: 619.2407 
episode: 928 count: 1000 score: -61.6426 average_last200: -93.9094 epis: 0.3948 loss: 602.7496 
episode: 929 count: 1000 score: -77.9150 average_last200: -93.4072 epis: 0.3944 loss: 649.4263 
episode: 930 count: 1000 score: -103.9050 average_last200: -93.5785 epis: 0.3940 loss: 643.6790 
episode: 931 count: 848 score: -221.2754 average_last200: -94.6764 epis: 0.3936 loss: 524.7601 
episode: 932 count: 1000 score: -97.3744 average_last200: -94.8989 epis: 0.3932 loss: 607.1796 
episode: 933 count: 1000 score: -62.0230 average_last200: -94.4581 epis: 0.3928 loss: 614.1887 
episode: 934 count: 116 score: -24.0885 average_last200: -94.5586 epis: 0.3924 loss: 81.2037 
episode: 935 count: 1000 score: -66.2709 average_last200: -94.6948 epis: 0.3920 loss: 630.9152 
episode: 936 count: 1000 score: -31.3889 average_last200: -94.2625 epis: 0.3916 loss: 598.9478 
episode: 937 count: 1000 score: -35.0793 average_last200: -92.6207 epis: 0.3912 loss: 635.3211 
episode: 938 count: 1000 score: -23.4972 average_last200: -92.1930 epis: 0.3908 loss: 617.8266 
episode: 939 count: 1000 score: -18.4406 average_last200: -91.6241 epis: 0.3904 loss: 632.1310 
episode: 940 count: 1000 score: -62.0419 average_last200: -91.5486 epis: 0.3901 loss: 648.9788 
episode: 941 count: 150 score: -35.3122 average_last200: -90.9082 epis: 0.3897 loss: 82.3179 
episode: 942 count: 151 score: -23.8993 average_last200: -90.7309 epis: 0.3893 loss: 88.6006 
episode: 943 count: 140 score: -32.2034 average_last200: -90.6431 epis: 0.3889 loss: 93.0993 
episode: 944 count: 417 score: -199.2954 average_last200: -90.9250 epis: 0.3885 loss: 276.7476 
episode: 945 count: 123 score: -32.0192 average_last200: -90.6788 epis: 0.3881 loss: 88.1904 
episode: 946 count: 1000 score: -69.2789 average_last200: -89.3409 epis: 0.3877 loss: 597.4803 
episode: 947 count: 81 score: -59.1840 average_last200: -89.2104 epis: 0.3873 loss: 50.9012 
episode: 948 count: 1000 score: -35.0220 average_last200: -89.2207 epis: 0.3869 loss: 623.9638 
episode: 949 count: 1000 score: -53.2228 average_last200: -87.9846 epis: 0.3866 loss: 614.8072 
episode: 950 count: 137 score: -33.3811 average_last200: -86.2510 epis: 0.3862 loss: 84.9108 
episode: 951 count: 162 score: -21.5926 average_last200: -85.6233 epis: 0.3858 loss: 100.3712 
episode: 952 count: 1000 score: -26.7726 average_last200: -85.5666 epis: 0.3854 loss: 645.3271 
episode: 953 count: 99 score: -131.9760 average_last200: -85.6914 epis: 0.3850 loss: 62.5840 
episode: 954 count: 1000 score: -70.0092 average_last200: -85.8958 epis: 0.3846 loss: 607.1744 
episode: 955 count: 1000 score: -61.7359 average_last200: -85.5941 epis: 0.3842 loss: 593.6161 
episode: 956 count: 1000 score: -67.9769 average_last200: -85.5707 epis: 0.3839 loss: 570.5766 
episode: 957 count: 1000 score: -33.2998 average_last200: -85.2020 epis: 0.3835 loss: 572.0481 
episode: 958 count: 256 score: -421.6767 average_last200: -86.7375 epis: 0.3831 loss: 153.5127 
episode: 959 count: 1000 score: -17.4659 average_last200: -86.3620 epis: 0.3827 loss: 606.3447 
episode: 960 count: 1000 score: -87.1379 average_last200: -86.5197 epis: 0.3823 loss: 550.2782 
episode: 961 count: 1000 score: -35.5158 average_last200: -86.2477 epis: 0.3819 loss: 576.2088 
episode: 962 count: 1000 score: -20.8138 average_last200: -86.0376 epis: 0.3816 loss: 595.2465 
episode: 963 count: 1000 score: -40.1591 average_last200: -85.8024 epis: 0.3812 loss: 569.1065 
episode: 964 count: 167 score: -42.6996 average_last200: -85.5244 epis: 0.3808 loss: 84.9419 
episode: 965 count: 92 score: -31.1010 average_last200: -85.6417 epis: 0.3804 loss: 47.2421 
episode: 966 count: 129 score: -27.7915 average_last200: -85.2944 epis: 0.3800 loss: 67.9587 
episode: 967 count: 1000 score: -61.5563 average_last200: -85.2274 epis: 0.3797 loss: 566.8689 
episode: 968 count: 1000 score: -41.0978 average_last200: -84.3308 epis: 0.3793 loss: 587.0021 
episode: 969 count: 111 score: -82.0889 average_last200: -83.8049 epis: 0.3789 loss: 55.6970 
episode: 970 count: 1000 score: -73.1466 average_last200: -83.9147 epis: 0.3785 loss: 560.7125 
episode: 971 count: 120 score: -53.6351 average_last200: -84.0092 epis: 0.3781 loss: 65.3745 
episode: 972 count: 1000 score: -84.7540 average_last200: -84.2135 epis: 0.3778 loss: 550.7802 
episode: 973 count: 1000 score: -39.1832 average_last200: -84.0420 epis: 0.3774 loss: 551.3054 
episode: 974 count: 134 score: -31.3766 average_last200: -83.8221 epis: 0.3770 loss: 71.2107 
episode: 975 count: 1000 score: -80.4759 average_last200: -83.5602 epis: 0.3766 loss: 532.0182 
episode: 976 count: 1000 score: 1.4415 average_last200: -83.0108 epis: 0.3763 loss: 560.5026 
episode: 977 count: 305 score: -246.1571 average_last200: -83.9227 epis: 0.3759 loss: 172.1940 
episode: 978 count: 1000 score: -68.4189 average_last200: -83.7961 epis: 0.3755 loss: 502.4058 
episode: 979 count: 135 score: -44.1419 average_last200: -83.8520 epis: 0.3751 loss: 73.6152 
episode: 980 count: 128 score: -44.2303 average_last200: -83.6247 epis: 0.3748 loss: 68.7451 
episode: 981 count: 106 score: -49.5601 average_last200: -83.6181 epis: 0.3744 loss: 52.8933 
episode: 982 count: 1000 score: -80.3403 average_last200: -83.6930 epis: 0.3740 loss: 556.1011 
episode: 983 count: 1000 score: -28.1156 average_last200: -83.6109 epis: 0.3736 loss: 516.5797 
episode: 984 count: 1000 score: -47.6549 average_last200: -83.5487 epis: 0.3733 loss: 534.6390 
episode: 985 count: 1000 score: -87.0270 average_last200: -83.6432 epis: 0.3729 loss: 501.5440 
episode: 986 count: 1000 score: -39.0760 average_last200: -83.3339 epis: 0.3725 loss: 499.2232 
episode: 987 count: 1000 score: -54.5029 average_last200: -83.0473 epis: 0.3721 loss: 519.2046 
episode: 988 count: 1000 score: -46.7174 average_last200: -82.7571 epis: 0.3718 loss: 491.4663 
episode: 989 count: 1000 score: -85.4443 average_last200: -83.0779 epis: 0.3714 loss: 495.4084 
episode: 990 count: 1000 score: -49.9597 average_last200: -83.0847 epis: 0.3710 loss: 471.7300 
episode: 991 count: 1000 score: -101.6144 average_last200: -83.2184 epis: 0.3707 loss: 488.8493 
episode: 992 count: 1000 score: -93.5154 average_last200: -83.5527 epis: 0.3703 loss: 477.8470 
episode: 993 count: 103 score: -24.0283 average_last200: -83.4077 epis: 0.3699 loss: 54.1041 
episode: 994 count: 143 score: -21.6002 average_last200: -83.3698 epis: 0.3695 loss: 69.7212 
episode: 995 count: 1000 score: -22.4813 average_last200: -82.8346 epis: 0.3692 loss: 443.6067 
episode: 996 count: 1000 score: -32.6132 average_last200: -82.7384 epis: 0.3688 loss: 469.1119 
episode: 997 count: 1000 score: -31.8898 average_last200: -82.4038 epis: 0.3684 loss: 476.7651 
episode: 998 count: 1000 score: -29.5635 average_last200: -82.4980 epis: 0.3681 loss: 444.9246 
episode: 999 count: 1000 score: -39.5030 average_last200: -82.3599 epis: 0.3677 loss: 482.1677 
