[33mWARN: gym.spaces.Box autodetected dtype as <class 'numpy.float32'>. Please provide explicit dtype.[0m
All para: Epis 1000 memlen 100000 gamma 0.990 epsilon 0.987 alpha 0.00080 batch 30 upfreq 500
episode: 0 count: 103 score: -201.7553 average_last200: -201.7553 epis: 0.9870 loss: 0.0000 
episode: 1 count: 84 score: -166.6921 average_last200: -184.2237 epis: 0.9742 loss: 0.0000 
episode: 2 count: 129 score: -157.5489 average_last200: -175.3321 epis: 0.9615 loss: 0.0000 
episode: 3 count: 62 score: -150.4804 average_last200: -169.1192 epis: 0.9490 loss: 0.0000 
episode: 4 count: 115 score: -193.3729 average_last200: -173.9699 epis: 0.9367 loss: 0.0000 
episode: 5 count: 70 score: -220.5773 average_last200: -181.7378 epis: 0.9245 loss: 0.0000 
episode: 6 count: 84 score: -363.0549 average_last200: -207.6403 epis: 0.9125 loss: 0.0000 
episode: 7 count: 64 score: -167.9913 average_last200: -202.6841 epis: 0.9006 loss: 0.0000 
episode: 8 count: 79 score: -193.5087 average_last200: -201.6646 epis: 0.8889 loss: 0.0000 
episode: 9 count: 95 score: -309.0514 average_last200: -212.4033 epis: 0.8773 loss: 0.0000 
episode: 10 count: 87 score: -295.4683 average_last200: -219.9547 epis: 0.8659 loss: 0.0000 
episode: 11 count: 67 score: -212.0743 average_last200: -219.2980 epis: 0.8547 loss: 28.3158 
episode: 12 count: 139 score: -490.6718 average_last200: -240.1729 epis: 0.8436 loss: 68.1988 
episode: 13 count: 101 score: -272.5527 average_last200: -242.4857 epis: 0.8326 loss: 47.8478 
episode: 14 count: 88 score: -121.8876 average_last200: -234.4459 epis: 0.8218 loss: 37.3366 
episode: 15 count: 129 score: -335.8310 average_last200: -240.7824 epis: 0.8111 loss: 45.8657 
episode: 16 count: 88 score: -361.8722 average_last200: -247.9054 epis: 0.8006 loss: 32.7402 
episode: 17 count: 141 score: -239.4286 average_last200: -247.4344 epis: 0.7901 loss: 57.5381 
episode: 18 count: 135 score: -186.8991 average_last200: -244.2484 epis: 0.7799 loss: 55.3119 
episode: 19 count: 91 score: -204.8576 average_last200: -242.2788 epis: 0.7697 loss: 32.9188 
episode: 20 count: 77 score: -142.6760 average_last200: -237.5358 epis: 0.7597 loss: 24.5438 
episode: 21 count: 137 score: -284.5897 average_last200: -239.6746 epis: 0.7499 loss: 50.0274 
episode: 22 count: 75 score: -136.1339 average_last200: -235.1729 epis: 0.7401 loss: 24.8138 
episode: 23 count: 162 score: -291.7434 average_last200: -237.5300 epis: 0.7305 loss: 48.9598 
episode: 24 count: 77 score: -121.9972 average_last200: -232.9087 epis: 0.7210 loss: 21.9384 
episode: 25 count: 86 score: -108.6913 average_last200: -228.1311 epis: 0.7116 loss: 31.4478 
episode: 26 count: 164 score: -116.9183 average_last200: -224.0121 epis: 0.7024 loss: 53.4111 
episode: 27 count: 142 score: -103.8617 average_last200: -219.7210 epis: 0.6932 loss: 45.0168 
episode: 28 count: 111 score: -118.1587 average_last200: -216.2188 epis: 0.6842 loss: 41.5786 
episode: 29 count: 85 score: -125.2843 average_last200: -213.1877 epis: 0.6753 loss: 27.4525 
episode: 30 count: 167 score: -143.0351 average_last200: -210.9247 epis: 0.6665 loss: 52.3785 
episode: 31 count: 123 score: -144.2452 average_last200: -208.8410 epis: 0.6579 loss: 42.8712 
episode: 32 count: 128 score: -105.7051 average_last200: -205.7156 epis: 0.6493 loss: 36.2498 
episode: 33 count: 161 score: -71.0394 average_last200: -201.7546 epis: 0.6409 loss: 43.5213 
episode: 34 count: 207 score: -145.4652 average_last200: -200.1463 epis: 0.6326 loss: 56.0951 
episode: 35 count: 125 score: -144.9235 average_last200: -198.6123 epis: 0.6243 loss: 35.7110 
episode: 36 count: 94 score: -129.4815 average_last200: -196.7439 epis: 0.6162 loss: 28.0840 
episode: 37 count: 103 score: -108.8823 average_last200: -194.4318 epis: 0.6082 loss: 22.6222 
episode: 38 count: 112 score: -84.1661 average_last200: -191.6045 epis: 0.6003 loss: 28.9765 
episode: 39 count: 244 score: -128.8463 average_last200: -190.0355 epis: 0.5925 loss: 74.2279 
episode: 40 count: 286 score: -180.1036 average_last200: -189.7933 epis: 0.5848 loss: 62.7233 
episode: 41 count: 228 score: -269.6636 average_last200: -191.6949 epis: 0.5772 loss: 60.0868 
episode: 42 count: 162 score: -83.3538 average_last200: -189.1754 epis: 0.5697 loss: 42.6015 
episode: 43 count: 107 score: -19.6946 average_last200: -185.3235 epis: 0.5623 loss: 30.7161 
episode: 44 count: 172 score: -179.2580 average_last200: -185.1887 epis: 0.5550 loss: 44.4205 
episode: 45 count: 157 score: -133.0448 average_last200: -184.0552 epis: 0.5478 loss: 45.3421 
episode: 46 count: 137 score: -132.2132 average_last200: -182.9522 epis: 0.5406 loss: 37.8128 
episode: 47 count: 207 score: -81.8619 average_last200: -180.8461 epis: 0.5336 loss: 54.8986 
episode: 48 count: 236 score: -109.8875 average_last200: -179.3980 epis: 0.5267 loss: 71.6461 
episode: 49 count: 110 score: -85.4301 average_last200: -177.5186 epis: 0.5198 loss: 27.9528 
episode: 50 count: 390 score: -132.7131 average_last200: -176.6401 epis: 0.5131 loss: 100.5007 
episode: 51 count: 132 score: -84.5152 average_last200: -174.8685 epis: 0.5064 loss: 31.7945 
episode: 52 count: 288 score: -55.4675 average_last200: -172.6156 epis: 0.4998 loss: 73.0636 
episode: 53 count: 124 score: -17.5896 average_last200: -169.7448 epis: 0.4933 loss: 32.2131 
episode: 54 count: 183 score: -56.7576 average_last200: -167.6904 epis: 0.4869 loss: 47.7136 
episode: 55 count: 1000 score: -105.8570 average_last200: -166.5863 epis: 0.4806 loss: 285.0143 
episode: 56 count: 562 score: -113.0971 average_last200: -165.6479 epis: 0.4743 loss: 161.1749 
episode: 57 count: 1000 score: -51.4526 average_last200: -163.6790 epis: 0.4682 loss: 285.4398 
episode: 58 count: 255 score: -242.4872 average_last200: -165.0147 epis: 0.4621 loss: 86.6754 
episode: 59 count: 92 score: -96.1128 average_last200: -163.8663 epis: 0.4561 loss: 28.9064 
episode: 60 count: 223 score: -107.9686 average_last200: -162.9500 epis: 0.4501 loss: 63.8291 
episode: 61 count: 1000 score: 67.3125 average_last200: -159.2361 epis: 0.4443 loss: 303.0395 
episode: 62 count: 156 score: -95.1518 average_last200: -158.2189 epis: 0.4385 loss: 42.9452 
episode: 63 count: 140 score: -33.7703 average_last200: -156.2744 epis: 0.4328 loss: 33.7849 
episode: 64 count: 1000 score: -35.7066 average_last200: -154.4195 epis: 0.4272 loss: 325.9484 
episode: 65 count: 172 score: -60.8402 average_last200: -153.0016 epis: 0.4216 loss: 53.6283 
episode: 66 count: 189 score: -69.1588 average_last200: -151.7502 epis: 0.4161 loss: 62.9299 
episode: 67 count: 1000 score: 24.9457 average_last200: -149.1517 epis: 0.4107 loss: 305.5309 
episode: 68 count: 845 score: -255.9549 average_last200: -150.6996 epis: 0.4054 loss: 257.4911 
episode: 69 count: 1000 score: -17.9270 average_last200: -148.8029 epis: 0.4001 loss: 281.4021 
episode: 70 count: 988 score: -319.1717 average_last200: -151.2024 epis: 0.3949 loss: 276.1988 
episode: 71 count: 132 score: -121.1354 average_last200: -150.7848 epis: 0.3898 loss: 30.7897 
episode: 72 count: 108 score: -111.6157 average_last200: -150.2483 epis: 0.3847 loss: 28.5509 
episode: 73 count: 1000 score: -54.8933 average_last200: -148.9597 epis: 0.3797 loss: 257.5567 
episode: 74 count: 485 score: -62.9426 average_last200: -147.8128 epis: 0.3748 loss: 130.3326 
episode: 75 count: 91 score: -79.8580 average_last200: -146.9187 epis: 0.3699 loss: 23.9774 
episode: 76 count: 139 score: -22.2199 average_last200: -145.2992 epis: 0.3651 loss: 34.0275 
episode: 77 count: 137 score: -25.2928 average_last200: -143.7606 epis: 0.3604 loss: 31.8217 
episode: 78 count: 1000 score: -126.7927 average_last200: -143.5459 epis: 0.3557 loss: 254.4517 
episode: 79 count: 125 score: -39.2309 average_last200: -142.2419 epis: 0.3511 loss: 33.7748 
episode: 80 count: 148 score: 8.0674 average_last200: -140.3863 epis: 0.3465 loss: 38.5328 
episode: 81 count: 716 score: -124.0838 average_last200: -140.1874 epis: 0.3420 loss: 182.1106 
episode: 82 count: 1000 score: -32.0076 average_last200: -138.8841 epis: 0.3375 loss: 266.5804 
episode: 83 count: 1000 score: -81.3777 average_last200: -138.1995 epis: 0.3332 loss: 282.4209 
episode: 84 count: 379 score: -96.8497 average_last200: -137.7130 epis: 0.3288 loss: 97.9465 
episode: 85 count: 1000 score: -113.4183 average_last200: -137.4305 epis: 0.3245 loss: 275.1369 
episode: 86 count: 158 score: -77.6776 average_last200: -136.7437 epis: 0.3203 loss: 42.1217 
episode: 87 count: 1000 score: -92.0934 average_last200: -136.2363 epis: 0.3162 loss: 292.5732 
episode: 88 count: 1000 score: -147.7413 average_last200: -136.3656 epis: 0.3121 loss: 274.2275 
episode: 89 count: 1000 score: -47.9576 average_last200: -135.3833 epis: 0.3080 loss: 277.8125 
episode: 90 count: 1000 score: 11.6343 average_last200: -133.7677 epis: 0.3040 loss: 296.0292 
episode: 91 count: 92 score: -90.1473 average_last200: -133.2935 epis: 0.3000 loss: 25.7196 
episode: 92 count: 1000 score: -97.1551 average_last200: -132.9050 epis: 0.2961 loss: 301.7449 
episode: 93 count: 1000 score: -107.9140 average_last200: -132.6391 epis: 0.2923 loss: 278.6896 
episode: 94 count: 1000 score: -31.8297 average_last200: -131.5780 epis: 0.2885 loss: 296.1936 
episode: 95 count: 1000 score: 34.9517 average_last200: -129.8433 epis: 0.2847 loss: 289.2556 
episode: 96 count: 206 score: -27.5924 average_last200: -128.7891 epis: 0.2810 loss: 55.2473 
episode: 97 count: 1000 score: 55.7271 average_last200: -126.9063 epis: 0.2774 loss: 309.2467 
episode: 98 count: 810 score: 102.9818 average_last200: -124.5842 epis: 0.2738 loss: 247.5919 
episode: 99 count: 1000 score: 107.3718 average_last200: -122.2647 epis: 0.2702 loss: 303.3221 
episode: 100 count: 275 score: 243.5052 average_last200: -118.6432 epis: 0.2667 loss: 89.2031 
episode: 101 count: 1000 score: 26.0331 average_last200: -117.2248 epis: 0.2632 loss: 296.0699 
episode: 102 count: 1000 score: 72.1591 average_last200: -115.3861 epis: 0.2598 loss: 283.7049 
episode: 103 count: 1000 score: 50.8615 average_last200: -113.7876 epis: 0.2564 loss: 311.9251 
episode: 104 count: 1000 score: 65.5030 average_last200: -112.0800 epis: 0.2531 loss: 312.8976 
episode: 105 count: 1000 score: -30.1307 average_last200: -111.3069 epis: 0.2498 loss: 339.6683 
episode: 106 count: 103 score: -30.0891 average_last200: -110.5479 epis: 0.2466 loss: 30.9720 
episode: 107 count: 1000 score: 84.0570 average_last200: -108.7460 epis: 0.2434 loss: 308.9608 
episode: 108 count: 104 score: -41.0427 average_last200: -108.1249 epis: 0.2402 loss: 29.8522 
episode: 109 count: 125 score: -14.1915 average_last200: -107.2709 epis: 0.2371 loss: 45.7738 
episode: 110 count: 1000 score: -131.8718 average_last200: -107.4925 epis: 0.2340 loss: 343.3146 
episode: 111 count: 641 score: 170.7595 average_last200: -105.0082 epis: 0.2310 loss: 212.2785 
episode: 112 count: 1000 score: 55.4088 average_last200: -103.5885 epis: 0.2279 loss: 321.6463 
episode: 113 count: 1000 score: 26.7573 average_last200: -102.4451 epis: 0.2250 loss: 306.6814 
episode: 114 count: 1000 score: 68.8944 average_last200: -100.9552 epis: 0.2221 loss: 340.9414 
episode: 115 count: 1000 score: 15.7119 average_last200: -99.9495 epis: 0.2192 loss: 319.8444 
episode: 116 count: 963 score: 199.2988 average_last200: -97.3918 epis: 0.2163 loss: 326.6786 
episode: 117 count: 1000 score: -22.6115 average_last200: -96.7581 epis: 0.2135 loss: 330.5373 
episode: 118 count: 1000 score: -176.7048 average_last200: -97.4299 epis: 0.2107 loss: 311.1165 
episode: 119 count: 1000 score: 28.0664 average_last200: -96.3841 epis: 0.2080 loss: 323.0470 
episode: 120 count: 670 score: 103.9918 average_last200: -94.7281 epis: 0.2053 loss: 206.3068 
episode: 121 count: 905 score: 185.1959 average_last200: -92.4336 epis: 0.2026 loss: 277.4304 
episode: 122 count: 1000 score: 60.8589 average_last200: -91.1874 epis: 0.2000 loss: 311.2921 
episode: 123 count: 1000 score: 29.6023 average_last200: -90.2132 epis: 0.1974 loss: 332.3495 
episode: 124 count: 539 score: 179.0911 average_last200: -88.0588 epis: 0.1948 loss: 174.2966 
episode: 125 count: 121 score: -14.8928 average_last200: -87.4781 epis: 0.1923 loss: 34.9210 
episode: 126 count: 689 score: 131.9290 average_last200: -85.7505 epis: 0.1898 loss: 237.1251 
episode: 127 count: 1000 score: 82.6932 average_last200: -84.4345 epis: 0.1873 loss: 322.6835 
episode: 128 count: 887 score: 135.4987 average_last200: -82.7296 epis: 0.1849 loss: 299.5762 
episode: 129 count: 1000 score: 70.1222 average_last200: -81.5539 epis: 0.1825 loss: 302.8599 
episode: 130 count: 1000 score: -38.9931 average_last200: -81.2290 epis: 0.1801 loss: 318.6492 
episode: 131 count: 1000 score: 39.3476 average_last200: -80.3155 epis: 0.1778 loss: 310.0710 
episode: 132 count: 489 score: 174.8108 average_last200: -78.3973 epis: 0.1755 loss: 171.1145 
episode: 133 count: 1000 score: 53.5515 average_last200: -77.4126 epis: 0.1732 loss: 326.7922 
episode: 134 count: 1000 score: 57.8337 average_last200: -76.4107 epis: 0.1709 loss: 331.9163 
episode: 135 count: 1000 score: 62.1090 average_last200: -75.3922 epis: 0.1687 loss: 328.9032 
episode: 136 count: 373 score: 238.5154 average_last200: -73.1009 epis: 0.1665 loss: 119.7492 
episode: 137 count: 308 score: -165.7500 average_last200: -73.7723 epis: 0.1643 loss: 92.4539 
episode: 138 count: 1000 score: 51.5059 average_last200: -72.8710 epis: 0.1622 loss: 307.9001 
episode: 139 count: 864 score: 174.9027 average_last200: -71.1012 epis: 0.1601 loss: 275.9611 
episode: 140 count: 349 score: -168.5468 average_last200: -71.7923 epis: 0.1580 loss: 102.2997 
episode: 141 count: 613 score: 179.0274 average_last200: -70.0260 epis: 0.1560 loss: 194.8114 
episode: 142 count: 1000 score: -100.6204 average_last200: -70.2399 epis: 0.1539 loss: 313.8971 
episode: 143 count: 384 score: -380.0349 average_last200: -72.3913 epis: 0.1519 loss: 123.5811 
episode: 144 count: 358 score: 224.4613 average_last200: -70.3440 epis: 0.1500 loss: 99.2546 
episode: 145 count: 450 score: 219.0757 average_last200: -68.3617 epis: 0.1480 loss: 142.6441 
episode: 146 count: 1000 score: -102.3353 average_last200: -68.5928 epis: 0.1461 loss: 290.3400 
episode: 147 count: 940 score: 150.8023 average_last200: -67.1104 epis: 0.1442 loss: 304.1024 
episode: 148 count: 1000 score: 94.7640 average_last200: -66.0240 epis: 0.1423 loss: 308.7784 
episode: 149 count: 351 score: 188.8929 average_last200: -64.3245 epis: 0.1405 loss: 108.6378 
episode: 150 count: 400 score: -318.6374 average_last200: -66.0087 epis: 0.1386 loss: 121.8660 
episode: 151 count: 1000 score: -17.0352 average_last200: -65.6865 epis: 0.1368 loss: 315.2609 
episode: 152 count: 247 score: -143.1118 average_last200: -66.1926 epis: 0.1351 loss: 88.1038 
episode: 153 count: 504 score: 201.1685 average_last200: -64.4565 epis: 0.1333 loss: 159.6601 
episode: 154 count: 540 score: 191.8012 average_last200: -62.8032 epis: 0.1316 loss: 173.5289 
episode: 155 count: 510 score: 213.3370 average_last200: -61.0331 epis: 0.1299 loss: 161.1819 
episode: 156 count: 199 score: -130.5105 average_last200: -61.4756 epis: 0.1282 loss: 60.4777 
episode: 157 count: 667 score: 225.1973 average_last200: -59.6612 epis: 0.1265 loss: 210.8073 
episode: 158 count: 407 score: -265.5945 average_last200: -60.9564 epis: 0.1249 loss: 126.1161 
episode: 159 count: 1000 score: -37.2776 average_last200: -60.8084 epis: 0.1232 loss: 301.7424 
episode: 160 count: 152 score: -125.7828 average_last200: -61.2120 epis: 0.1216 loss: 49.7037 
episode: 161 count: 851 score: 113.9204 average_last200: -60.1309 epis: 0.1201 loss: 259.0790 
episode: 162 count: 1000 score: -56.2766 average_last200: -60.1073 epis: 0.1185 loss: 298.2734 
episode: 163 count: 438 score: 153.6728 average_last200: -58.8037 epis: 0.1170 loss: 137.9795 
episode: 164 count: 535 score: 197.8966 average_last200: -57.2480 epis: 0.1154 loss: 160.7443 
episode: 165 count: 461 score: 183.0536 average_last200: -55.8004 epis: 0.1139 loss: 136.2313 
episode: 166 count: 477 score: 194.3549 average_last200: -54.3024 epis: 0.1125 loss: 146.9825 
episode: 167 count: 626 score: 181.3047 average_last200: -52.9000 epis: 0.1110 loss: 207.0382 
episode: 168 count: 267 score: 222.2562 average_last200: -51.2719 epis: 0.1095 loss: 80.3576 
episode: 169 count: 1000 score: 69.5327 average_last200: -50.5612 epis: 0.1081 loss: 302.5934 
episode: 170 count: 363 score: 200.8658 average_last200: -49.0909 epis: 0.1067 loss: 110.5032 
episode: 171 count: 680 score: 180.3043 average_last200: -47.7572 epis: 0.1053 loss: 201.5198 
episode: 172 count: 507 score: 181.2171 average_last200: -46.4337 epis: 0.1040 loss: 161.3944 
episode: 173 count: 335 score: 222.4028 average_last200: -44.8886 epis: 0.1026 loss: 101.4498 
episode: 174 count: 1000 score: 104.7930 average_last200: -44.0333 epis: 0.1013 loss: 283.7221 
episode: 175 count: 860 score: 147.3169 average_last200: -42.9461 epis: 0.1000 loss: 259.6874 
episode: 176 count: 593 score: 138.4513 average_last200: -41.9212 epis: 0.0987 loss: 166.4544 
episode: 177 count: 887 score: 125.0478 average_last200: -40.9832 epis: 0.0974 loss: 264.2322 
episode: 178 count: 644 score: 162.7365 average_last200: -39.8451 epis: 0.0961 loss: 193.7678 
episode: 179 count: 750 score: 130.2378 average_last200: -38.9002 epis: 0.0949 loss: 210.3944 
episode: 180 count: 354 score: 197.0425 average_last200: -37.5967 epis: 0.0936 loss: 98.2445 
episode: 181 count: 352 score: 233.7458 average_last200: -36.1058 epis: 0.0924 loss: 108.1947 
episode: 182 count: 547 score: 182.0313 average_last200: -34.9138 epis: 0.0912 loss: 165.5112 
episode: 183 count: 795 score: 124.7876 average_last200: -34.0458 epis: 0.0900 loss: 231.6007 
episode: 184 count: 415 score: 221.6533 average_last200: -32.6637 epis: 0.0889 loss: 114.3141 
episode: 185 count: 1000 score: -85.8607 average_last200: -32.9497 epis: 0.0877 loss: 289.0419 
episode: 186 count: 764 score: 172.7248 average_last200: -31.8498 epis: 0.0866 loss: 220.7185 
episode: 187 count: 603 score: 191.4982 average_last200: -30.6618 epis: 0.0854 loss: 180.5468 
episode: 188 count: 1000 score: -67.9261 average_last200: -30.8590 epis: 0.0843 loss: 285.3203 
episode: 189 count: 1000 score: 163.2893 average_last200: -29.8371 epis: 0.0832 loss: 301.5495 
episode: 190 count: 823 score: 191.1561 average_last200: -28.6801 epis: 0.0821 loss: 231.2769 
episode: 191 count: 163 score: 3.9878 average_last200: -28.5099 epis: 0.0811 loss: 51.5655 
episode: 192 count: 337 score: 235.9355 average_last200: -27.1398 epis: 0.0800 loss: 105.4958 
episode: 193 count: 325 score: 237.3212 average_last200: -25.7766 epis: 0.0790 loss: 85.1903 
episode: 194 count: 557 score: 141.8654 average_last200: -24.9169 epis: 0.0780 loss: 158.4419 
episode: 195 count: 795 score: 151.6221 average_last200: -24.0161 epis: 0.0769 loss: 215.4499 
episode: 196 count: 482 score: 240.8160 average_last200: -22.6718 epis: 0.0759 loss: 130.7760 
episode: 197 count: 216 score: -22.1670 average_last200: -22.6693 epis: 0.0750 loss: 58.8426 
episode: 198 count: 1000 score: 82.3854 average_last200: -22.1414 epis: 0.0740 loss: 286.9969 
episode: 199 count: 1000 score: -95.5359 average_last200: -22.5083 epis: 0.0730 loss: 264.2429 
episode: 200 count: 853 score: 200.4730 average_last200: -20.4972 epis: 0.0721 loss: 224.8444 
episode: 201 count: 1000 score: -61.8774 average_last200: -19.9731 epis: 0.0711 loss: 262.3735 
episode: 202 count: 420 score: -58.7723 average_last200: -19.4792 epis: 0.0702 loss: 109.4996 
episode: 203 count: 826 score: 111.8982 average_last200: -18.1673 epis: 0.0693 loss: 203.0506 
episode: 204 count: 1000 score: -61.4045 average_last200: -17.5075 epis: 0.0684 loss: 253.3431 
episode: 205 count: 1000 score: -54.9736 average_last200: -16.6795 epis: 0.0675 loss: 226.6934 
episode: 206 count: 1000 score: -46.2185 average_last200: -15.0953 epis: 0.0666 loss: 227.4147 
episode: 207 count: 1000 score: -56.6289 average_last200: -14.5385 epis: 0.0658 loss: 229.1012 
episode: 208 count: 288 score: 222.1905 average_last200: -12.4600 epis: 0.0649 loss: 64.7926 
episode: 209 count: 1000 score: -98.9382 average_last200: -11.4094 epis: 0.0641 loss: 232.0945 
episode: 210 count: 1000 score: -83.8610 average_last200: -10.3514 epis: 0.0632 loss: 224.4923 
episode: 211 count: 615 score: 143.0025 average_last200: -8.5760 epis: 0.0624 loss: 138.3252 
episode: 212 count: 670 score: 195.4429 average_last200: -5.1454 epis: 0.0616 loss: 149.1111 
episode: 213 count: 1000 score: -35.0892 average_last200: -3.9581 epis: 0.0608 loss: 208.6190 
episode: 214 count: 1000 score: -11.8509 average_last200: -3.4079 epis: 0.0600 loss: 210.6841 
episode: 215 count: 722 score: 158.8945 average_last200: -0.9343 epis: 0.0592 loss: 145.3296 
episode: 216 count: 1000 score: -35.0723 average_last200: 0.6997 epis: 0.0585 loss: 199.6576 
episode: 217 count: 860 score: 160.9759 average_last200: 2.7017 epis: 0.0577 loss: 164.8589 
episode: 218 count: 683 score: 107.2748 average_last200: 4.1726 epis: 0.0569 loss: 133.8256 
episode: 219 count: 629 score: 166.1339 average_last200: 6.0275 epis: 0.0562 loss: 114.9887 
episode: 220 count: 518 score: 174.2488 average_last200: 7.6122 epis: 0.0555 loss: 99.3186 
episode: 221 count: 546 score: 121.7168 average_last200: 9.6437 epis: 0.0548 loss: 105.6927 
episode: 222 count: 153 score: -38.1717 average_last200: 10.1335 epis: 0.0540 loss: 33.3893 
episode: 223 count: 968 score: 168.1610 average_last200: 12.4330 epis: 0.0533 loss: 183.7724 
episode: 224 count: 149 score: 6.9516 average_last200: 13.0778 epis: 0.0526 loss: 27.7912 
episode: 225 count: 1000 score: -64.5558 average_last200: 13.2985 epis: 0.0520 loss: 191.1106 
episode: 226 count: 435 score: 223.1108 average_last200: 14.9986 epis: 0.0513 loss: 86.9683 
episode: 227 count: 459 score: 224.1543 average_last200: 16.6387 epis: 0.0506 loss: 80.7090 
episode: 228 count: 293 score: 183.8263 average_last200: 18.1486 epis: 0.0500 loss: 45.9885 
episode: 229 count: 1000 score: -66.2291 average_last200: 18.4439 epis: 0.0493 loss: 190.5862 
episode: 230 count: 554 score: 234.5558 average_last200: 20.3318 epis: 0.0487 loss: 104.4387 
episode: 231 count: 1000 score: -34.2412 average_last200: 20.8819 epis: 0.0480 loss: 179.3283 
episode: 232 count: 264 score: -23.0691 average_last200: 21.2950 epis: 0.0474 loss: 50.9034 
episode: 233 count: 1000 score: -47.0090 average_last200: 21.4152 epis: 0.0468 loss: 176.8961 
episode: 234 count: 454 score: 190.1920 average_last200: 23.0935 epis: 0.0462 loss: 78.4660 
episode: 235 count: 537 score: 196.8420 average_last200: 24.8023 epis: 0.0456 loss: 96.2522 
episode: 236 count: 589 score: 209.6019 average_last200: 26.4977 epis: 0.0450 loss: 105.2235 
episode: 237 count: 287 score: 250.4480 average_last200: 28.2944 epis: 0.0444 loss: 45.6949 
episode: 238 count: 316 score: 195.1140 average_last200: 29.6908 epis: 0.0438 loss: 52.0575 
episode: 239 count: 958 score: 82.5393 average_last200: 30.7477 epis: 0.0433 loss: 162.4714 
episode: 240 count: 673 score: 165.5836 average_last200: 32.4761 epis: 0.0427 loss: 116.2760 
episode: 241 count: 412 score: 234.9751 average_last200: 34.9993 epis: 0.0421 loss: 63.1200 
episode: 242 count: 919 score: 84.4289 average_last200: 35.8382 epis: 0.0416 loss: 158.8836 
episode: 243 count: 515 score: 163.6933 average_last200: 36.7552 epis: 0.0411 loss: 84.2015 
episode: 244 count: 466 score: 173.2469 average_last200: 38.5177 epis: 0.0405 loss: 75.0345 
episode: 245 count: 448 score: 196.9825 average_last200: 40.1678 epis: 0.0400 loss: 74.0970 
episode: 246 count: 1000 score: -46.4912 average_last200: 40.5965 epis: 0.0395 loss: 171.8533 
episode: 247 count: 1000 score: -18.9868 average_last200: 40.9108 epis: 0.0390 loss: 155.5198 
episode: 248 count: 1000 score: -25.6054 average_last200: 41.3322 epis: 0.0385 loss: 159.2924 
episode: 249 count: 474 score: 175.8711 average_last200: 42.6387 epis: 0.0380 loss: 81.4083 
episode: 250 count: 1000 score: -166.7575 average_last200: 42.4685 epis: 0.0375 loss: 159.8678 
episode: 251 count: 423 score: 217.2909 average_last200: 43.9776 epis: 0.0370 loss: 67.5620 
episode: 252 count: 728 score: 161.4587 average_last200: 45.0622 epis: 0.0365 loss: 113.1227 
episode: 253 count: 277 score: 252.0669 average_last200: 46.4105 epis: 0.0360 loss: 48.0312 
episode: 254 count: 277 score: -70.7059 average_last200: 46.3407 epis: 0.0356 loss: 47.6542 
episode: 255 count: 546 score: -149.5211 average_last200: 46.1224 epis: 0.0351 loss: 76.5100 
episode: 256 count: 869 score: 28.4269 average_last200: 46.8300 epis: 0.0346 loss: 135.2561 
episode: 257 count: 440 score: 241.5965 average_last200: 48.2953 epis: 0.0342 loss: 66.5624 
episode: 258 count: 1000 score: -1.5589 average_last200: 49.4999 epis: 0.0337 loss: 167.3919 
episode: 259 count: 519 score: 177.4728 average_last200: 50.8678 epis: 0.0333 loss: 81.9357 
episode: 260 count: 750 score: -11.9631 average_last200: 51.3479 epis: 0.0329 loss: 110.0507 
episode: 261 count: 1000 score: -37.8136 average_last200: 50.8222 epis: 0.0324 loss: 156.1437 
episode: 262 count: 290 score: 212.6847 average_last200: 52.3614 epis: 0.0320 loss: 43.5502 
episode: 263 count: 547 score: 204.3359 average_last200: 53.5520 epis: 0.0316 loss: 82.3101 
episode: 264 count: 785 score: 104.5789 average_last200: 54.2534 epis: 0.0312 loss: 122.8247 
episode: 265 count: 268 score: -30.6844 average_last200: 54.4042 epis: 0.0308 loss: 34.6072 
episode: 266 count: 902 score: 100.4020 average_last200: 55.2520 epis: 0.0304 loss: 138.5398 
episode: 267 count: 441 score: 160.8916 average_last200: 55.9317 epis: 0.0300 loss: 61.8856 
episode: 268 count: 634 score: 133.6415 average_last200: 57.8797 epis: 0.0296 loss: 87.5285 
episode: 269 count: 258 score: -9.8373 average_last200: 57.9201 epis: 0.0292 loss: 29.5716 
episode: 270 count: 1000 score: -58.7617 average_last200: 59.2222 epis: 0.0288 loss: 132.2741 
episode: 271 count: 188 score: -20.9235 average_last200: 59.7232 epis: 0.0285 loss: 25.4731 
episode: 272 count: 1000 score: -55.7474 average_last200: 60.0026 epis: 0.0281 loss: 152.6085 
episode: 273 count: 1000 score: -31.4778 average_last200: 60.1196 epis: 0.0277 loss: 129.5961 
episode: 274 count: 312 score: 145.6285 average_last200: 61.1625 epis: 0.0274 loss: 33.6850 
episode: 275 count: 631 score: 197.1154 average_last200: 62.5474 epis: 0.0270 loss: 80.7992 
episode: 276 count: 1000 score: -20.6849 average_last200: 62.5550 epis: 0.0267 loss: 135.5406 
episode: 277 count: 1000 score: -54.4045 average_last200: 62.4095 epis: 0.0263 loss: 134.4253 
episode: 278 count: 593 score: 223.8812 average_last200: 64.1629 epis: 0.0260 loss: 79.9510 
episode: 279 count: 615 score: 185.9607 average_last200: 65.2888 epis: 0.0256 loss: 78.8250 
episode: 280 count: 893 score: 94.2448 average_last200: 65.7197 epis: 0.0253 loss: 115.4351 
episode: 281 count: 1000 score: -31.3173 average_last200: 66.1835 epis: 0.0250 loss: 122.8568 
episode: 282 count: 1000 score: -5.6416 average_last200: 66.3154 epis: 0.0246 loss: 120.1681 
episode: 283 count: 558 score: 151.1797 average_last200: 67.4782 epis: 0.0243 loss: 69.5636 
episode: 284 count: 967 score: 67.5733 average_last200: 68.3003 epis: 0.0240 loss: 122.8039 
episode: 285 count: 1000 score: -30.2398 average_last200: 68.7162 epis: 0.0237 loss: 129.8646 
episode: 286 count: 468 score: 200.7226 average_last200: 70.1082 epis: 0.0234 loss: 65.8884 
episode: 287 count: 1000 score: -33.8366 average_last200: 70.3994 epis: 0.0231 loss: 127.6051 
episode: 288 count: 709 score: 153.1483 average_last200: 71.9039 epis: 0.0228 loss: 79.1128 
episode: 289 count: 370 score: 219.9023 average_last200: 73.2432 epis: 0.0225 loss: 38.1987 
episode: 290 count: 1000 score: 16.9191 average_last200: 73.2696 epis: 0.0222 loss: 120.4805 
episode: 291 count: 453 score: 217.2047 average_last200: 74.8064 epis: 0.0219 loss: 48.2893 
episode: 292 count: 304 score: 221.2538 average_last200: 76.3984 epis: 0.0216 loss: 32.5516 
episode: 293 count: 718 score: 165.5885 average_last200: 77.7659 epis: 0.0213 loss: 79.4344 
episode: 294 count: 293 score: 237.1895 average_last200: 79.1110 epis: 0.0211 loss: 29.6594 
episode: 295 count: 525 score: 167.5211 average_last200: 79.7739 epis: 0.0208 loss: 60.6946 
episode: 296 count: 163 score: -16.8605 average_last200: 79.8275 epis: 0.0205 loss: 16.7864 
episode: 297 count: 132 score: 10.7934 average_last200: 79.6029 epis: 0.0203 loss: 16.0874 
episode: 298 count: 384 score: 255.8680 average_last200: 80.3673 epis: 0.0200 loss: 36.8222 
episode: 299 count: 427 score: 200.2762 average_last200: 80.8318 epis: 0.0197 loss: 49.4562 
episode: 300 count: 707 score: 164.0828 average_last200: 80.4347 epis: 0.0195 loss: 77.6378 
episode: 301 count: 556 score: 216.6238 average_last200: 81.3877 epis: 0.0192 loss: 61.4624 
episode: 302 count: 350 score: -55.1169 average_last200: 80.7513 epis: 0.0190 loss: 38.6641 
episode: 303 count: 257 score: 173.2371 average_last200: 81.3632 epis: 0.0187 loss: 26.2837 
episode: 304 count: 528 score: 132.5195 average_last200: 81.6982 epis: 0.0185 loss: 59.4687 
episode: 305 count: 264 score: 227.3446 average_last200: 82.9856 epis: 0.0182 loss: 27.5659 
episode: 306 count: 248 score: 199.3578 average_last200: 84.1329 epis: 0.0180 loss: 23.2230 
episode: 307 count: 274 score: 139.6863 average_last200: 84.4110 epis: 0.0178 loss: 28.4899 
episode: 308 count: 279 score: 147.8853 average_last200: 85.3556 epis: 0.0175 loss: 33.0433 
episode: 309 count: 220 score: 189.0942 average_last200: 86.3721 epis: 0.0173 loss: 18.8687 
episode: 310 count: 285 score: 125.7689 average_last200: 87.6603 epis: 0.0171 loss: 32.6326 
episode: 311 count: 486 score: 177.7894 average_last200: 87.6954 epis: 0.0169 loss: 50.5772 
episode: 312 count: 221 score: 220.5367 average_last200: 88.5211 epis: 0.0166 loss: 22.8811 
episode: 313 count: 157 score: 5.6370 average_last200: 88.4155 epis: 0.0164 loss: 18.3761 
episode: 314 count: 225 score: 210.8758 average_last200: 89.1254 epis: 0.0162 loss: 26.3772 
episode: 315 count: 1000 score: -45.9784 average_last200: 88.8169 epis: 0.0160 loss: 114.8245 
episode: 316 count: 546 score: 181.9469 average_last200: 88.7302 epis: 0.0158 loss: 59.6066 
episode: 317 count: 260 score: 243.0901 average_last200: 90.0587 epis: 0.0156 loss: 28.2489 
episode: 318 count: 378 score: 202.5735 average_last200: 91.9551 epis: 0.0154 loss: 38.1231 
episode: 319 count: 505 score: 155.5487 average_last200: 92.5925 epis: 0.0152 loss: 53.8277 
episode: 320 count: 195 score: 11.4282 average_last200: 92.1297 epis: 0.0150 loss: 22.1135 
episode: 321 count: 634 score: 195.1147 average_last200: 92.1792 epis: 0.0148 loss: 60.6815 
episode: 322 count: 272 score: 241.1310 average_last200: 93.0806 epis: 0.0146 loss: 29.7467 
episode: 323 count: 264 score: 245.4675 average_last200: 94.1599 epis: 0.0144 loss: 28.2375 
episode: 324 count: 316 score: 233.2286 average_last200: 94.4306 epis: 0.0142 loss: 38.9272 
episode: 325 count: 248 score: 159.6564 average_last200: 95.3034 epis: 0.0140 loss: 21.4412 
episode: 326 count: 283 score: 187.0222 average_last200: 95.5788 epis: 0.0139 loss: 32.5726 
episode: 327 count: 397 score: 225.4375 average_last200: 96.2926 epis: 0.0137 loss: 45.5188 
episode: 328 count: 333 score: 209.9776 average_last200: 96.6649 epis: 0.0135 loss: 36.3835 
episode: 329 count: 350 score: 257.4933 average_last200: 97.6018 epis: 0.0133 loss: 37.0653 
episode: 330 count: 1000 score: 46.6285 average_last200: 98.0299 epis: 0.0132 loss: 114.6040 
episode: 331 count: 208 score: 6.1020 average_last200: 97.8637 epis: 0.0130 loss: 23.5415 
episode: 332 count: 193 score: 17.9333 average_last200: 97.0793 epis: 0.0128 loss: 19.3699 
episode: 333 count: 333 score: 221.6112 average_last200: 97.9196 epis: 0.0126 loss: 34.2219 
episode: 334 count: 240 score: 141.3224 average_last200: 98.3370 epis: 0.0125 loss: 29.4362 
episode: 335 count: 542 score: 182.2788 average_last200: 98.9379 epis: 0.0123 loss: 57.4916 
episode: 336 count: 167 score: 0.4011 average_last200: 97.7473 epis: 0.0122 loss: 19.4575 
episode: 337 count: 424 score: 250.6195 average_last200: 99.8292 epis: 0.0120 loss: 46.5482 
episode: 338 count: 233 score: 227.9342 average_last200: 100.7113 epis: 0.0118 loss: 25.8813 
episode: 339 count: 261 score: 251.2624 average_last200: 101.0931 epis: 0.0117 loss: 28.2252 
episode: 340 count: 313 score: 210.3680 average_last200: 102.9877 epis: 0.0115 loss: 28.4124 
episode: 341 count: 389 score: 191.2085 average_last200: 103.0486 epis: 0.0114 loss: 42.4851 
episode: 342 count: 311 score: 192.6780 average_last200: 104.5151 epis: 0.0112 loss: 29.1521 
episode: 343 count: 255 score: 163.4636 average_last200: 107.2326 epis: 0.0111 loss: 26.3091 
episode: 344 count: 276 score: 181.8782 average_last200: 107.0196 epis: 0.0110 loss: 31.6574 
episode: 345 count: 1000 score: 1.2627 average_last200: 105.9306 epis: 0.0108 loss: 106.1849 
episode: 346 count: 279 score: 226.5111 average_last200: 107.5748 epis: 0.0107 loss: 27.5836 
episode: 347 count: 240 score: 227.3600 average_last200: 107.9576 epis: 0.0105 loss: 26.3679 
episode: 348 count: 778 score: 134.3306 average_last200: 108.1554 epis: 0.0104 loss: 80.5694 
episode: 349 count: 222 score: 238.4951 average_last200: 108.4034 epis: 0.0103 loss: 21.3093 
episode: 350 count: 628 score: 186.2865 average_last200: 110.9281 epis: 0.0101 loss: 57.8940 
episode: 351 count: 847 score: 126.4374 average_last200: 111.6454 epis: 0.0100 loss: 91.5801 
episode: 352 count: 649 score: 175.8818 average_last200: 113.2404 epis: 0.0099 loss: 67.2236 
episode: 353 count: 135 score: -94.7925 average_last200: 111.7606 epis: 0.0097 loss: 14.5624 
episode: 354 count: 350 score: 178.7677 average_last200: 111.6954 epis: 0.0096 loss: 44.0214 
episode: 355 count: 318 score: 231.8236 average_last200: 111.7879 epis: 0.0095 loss: 35.7177 
episode: 356 count: 620 score: 128.1414 average_last200: 113.0811 epis: 0.0094 loss: 75.5543 
episode: 357 count: 230 score: 230.4948 average_last200: 113.1076 epis: 0.0092 loss: 24.7153 
episode: 358 count: 369 score: 218.9221 average_last200: 115.5302 epis: 0.0091 loss: 43.6704 
episode: 359 count: 582 score: 174.2222 average_last200: 116.5877 epis: 0.0090 loss: 67.4162 
episode: 360 count: 289 score: 195.3108 average_last200: 118.1932 epis: 0.0089 loss: 36.6202 
episode: 361 count: 293 score: 229.2913 average_last200: 118.7700 epis: 0.0088 loss: 35.4309 
episode: 362 count: 218 score: 27.2872 average_last200: 119.1878 epis: 0.0087 loss: 25.9868 
episode: 363 count: 313 score: 214.8511 average_last200: 119.4937 epis: 0.0085 loss: 31.5387 
episode: 364 count: 304 score: 266.5272 average_last200: 119.8369 epis: 0.0084 loss: 32.9265 
episode: 365 count: 251 score: -8.2588 average_last200: 118.8803 epis: 0.0083 loss: 34.0484 
episode: 366 count: 416 score: 106.9741 average_last200: 118.4434 epis: 0.0082 loss: 50.4789 
episode: 367 count: 289 score: 246.1716 average_last200: 118.7677 epis: 0.0081 loss: 34.7555 
episode: 368 count: 346 score: 179.6403 average_last200: 118.5547 epis: 0.0080 loss: 40.4142 
episode: 369 count: 316 score: 248.6245 average_last200: 119.4501 epis: 0.0079 loss: 39.1406 
episode: 370 count: 197 score: 240.3623 average_last200: 119.6476 epis: 0.0078 loss: 26.0647 
episode: 371 count: 460 score: 151.1520 average_last200: 119.5018 epis: 0.0077 loss: 46.4519 
episode: 372 count: 565 score: 206.8286 average_last200: 119.6299 epis: 0.0076 loss: 59.8588 
episode: 373 count: 616 score: 113.5674 average_last200: 119.0857 epis: 0.0075 loss: 79.1864 
episode: 374 count: 299 score: 122.5880 average_last200: 119.1747 epis: 0.0074 loss: 34.1214 
episode: 375 count: 292 score: 211.9880 average_last200: 119.4981 epis: 0.0073 loss: 32.7311 
episode: 376 count: 343 score: 180.8805 average_last200: 119.7102 epis: 0.0072 loss: 36.6525 
episode: 377 count: 115 score: -40.9213 average_last200: 118.8804 epis: 0.0071 loss: 11.9547 
episode: 378 count: 98 score: -23.5248 average_last200: 117.9490 epis: 0.0070 loss: 10.7649 
episode: 379 count: 326 score: 187.6432 average_last200: 118.2361 epis: 0.0069 loss: 41.9289 
episode: 380 count: 445 score: 148.7636 average_last200: 117.9947 epis: 0.0068 loss: 54.8933 
episode: 381 count: 116 score: -50.5341 average_last200: 116.5733 epis: 0.0067 loss: 14.3602 
episode: 382 count: 519 score: 134.8384 average_last200: 116.3373 epis: 0.0067 loss: 53.3388 
episode: 383 count: 435 score: 148.1622 average_last200: 116.4542 epis: 0.0066 loss: 47.7455 
episode: 384 count: 348 score: 175.5246 average_last200: 116.2235 epis: 0.0065 loss: 37.8788 
episode: 385 count: 384 score: 213.4138 average_last200: 117.7199 epis: 0.0064 loss: 43.3682 
episode: 386 count: 333 score: 223.3355 average_last200: 117.9730 epis: 0.0063 loss: 36.4766 
episode: 387 count: 523 score: 201.6092 average_last200: 118.0235 epis: 0.0062 loss: 56.2445 
episode: 388 count: 286 score: 209.0264 average_last200: 119.4083 epis: 0.0062 loss: 29.3343 
episode: 389 count: 285 score: 249.4718 average_last200: 119.8392 epis: 0.0061 loss: 29.3042 
episode: 390 count: 447 score: 192.6211 average_last200: 119.8465 epis: 0.0060 loss: 43.9800 
episode: 391 count: 309 score: 188.4081 average_last200: 120.7686 epis: 0.0059 loss: 40.9156 
episode: 392 count: 527 score: 189.5377 average_last200: 120.5366 epis: 0.0058 loss: 64.9699 
episode: 393 count: 359 score: 212.6989 average_last200: 120.4135 epis: 0.0058 loss: 43.8066 
episode: 394 count: 270 score: 222.3465 average_last200: 120.8159 epis: 0.0057 loss: 26.3828 
episode: 395 count: 319 score: 178.2103 average_last200: 120.9489 epis: 0.0056 loss: 38.2534 
episode: 396 count: 445 score: 177.0279 average_last200: 120.6299 epis: 0.0055 loss: 53.5624 
episode: 397 count: 94 score: -12.4826 average_last200: 120.6784 epis: 0.0055 loss: 10.5520 
episode: 398 count: 315 score: 249.8735 average_last200: 121.5158 epis: 0.0054 loss: 40.2388 
episode: 399 count: 302 score: 221.3997 average_last200: 123.1005 epis: 0.0053 loss: 41.4691 
episode: 400 count: 336 score: 203.4642 average_last200: 123.1154 epis: 0.0053 loss: 38.6242 
episode: 401 count: 259 score: 231.0212 average_last200: 124.5799 epis: 0.0052 loss: 30.6360 
episode: 402 count: 284 score: 200.4597 average_last200: 125.8761 epis: 0.0051 loss: 27.1195 
episode: 403 count: 293 score: 228.0600 average_last200: 126.4569 epis: 0.0051 loss: 38.8725 
episode: 404 count: 428 score: 238.7467 average_last200: 127.9576 epis: 0.0050 loss: 55.3369 
episode: 405 count: 392 score: 235.4878 average_last200: 129.4100 epis: 0.0049 loss: 54.0194 
episode: 406 count: 347 score: 225.8201 average_last200: 130.7701 epis: 0.0049 loss: 42.3260 
episode: 407 count: 237 score: 255.0363 average_last200: 132.3285 epis: 0.0048 loss: 23.9104 
episode: 408 count: 320 score: 241.2055 average_last200: 132.4235 epis: 0.0047 loss: 44.8710 
episode: 409 count: 295 score: 214.5691 average_last200: 133.9911 epis: 0.0047 loss: 36.7471 
episode: 410 count: 294 score: 192.6668 average_last200: 135.3737 epis: 0.0046 loss: 38.2616 
episode: 411 count: 228 score: 208.6834 average_last200: 135.7021 epis: 0.0046 loss: 26.2711 
episode: 412 count: 126 score: -9.7118 average_last200: 134.6764 epis: 0.0045 loss: 15.0013 
episode: 413 count: 317 score: 207.4648 average_last200: 135.8891 epis: 0.0044 loss: 39.0309 
episode: 414 count: 277 score: 238.4536 average_last200: 137.1406 epis: 0.0044 loss: 33.3082 
episode: 415 count: 255 score: 224.6640 average_last200: 137.4695 epis: 0.0043 loss: 31.6216 
episode: 416 count: 476 score: 208.1665 average_last200: 138.6857 epis: 0.0043 loss: 55.1823 
episode: 417 count: 283 score: 204.3244 average_last200: 138.9024 epis: 0.0042 loss: 35.4286 
episode: 418 count: 248 score: 227.2377 average_last200: 139.5022 epis: 0.0042 loss: 35.8229 
episode: 419 count: 252 score: 255.9534 average_last200: 139.9513 epis: 0.0041 loss: 33.4172 
episode: 420 count: 286 score: 197.9632 average_last200: 140.0699 epis: 0.0041 loss: 43.8581 
episode: 421 count: 135 score: -43.5166 average_last200: 139.2437 epis: 0.0040 loss: 14.8979 
episode: 422 count: 346 score: 218.6028 average_last200: 140.5276 epis: 0.0039 loss: 41.5755 
episode: 423 count: 288 score: 182.5371 average_last200: 140.5995 epis: 0.0039 loss: 42.9675 
episode: 424 count: 299 score: 245.7279 average_last200: 141.7934 epis: 0.0038 loss: 36.2461 
episode: 425 count: 351 score: 198.9338 average_last200: 143.1108 epis: 0.0038 loss: 46.1407 
episode: 426 count: 306 score: 232.1521 average_last200: 143.1560 epis: 0.0037 loss: 39.9188 
episode: 427 count: 312 score: 256.6012 average_last200: 143.3183 epis: 0.0037 loss: 39.0364 
episode: 428 count: 793 score: -251.7693 average_last200: 141.1403 epis: 0.0036 loss: 107.9098 
episode: 429 count: 399 score: 230.4097 average_last200: 142.6235 epis: 0.0036 loss: 53.8451 
episode: 430 count: 387 score: 194.7498 average_last200: 142.4245 epis: 0.0036 loss: 48.0534 
episode: 431 count: 286 score: 183.0441 average_last200: 143.5109 epis: 0.0035 loss: 45.4461 
episode: 432 count: 269 score: 221.4788 average_last200: 144.7336 epis: 0.0035 loss: 36.6170 
episode: 433 count: 304 score: 200.2182 average_last200: 145.9698 epis: 0.0034 loss: 43.0606 
episode: 434 count: 289 score: 210.8908 average_last200: 146.0733 epis: 0.0034 loss: 44.5577 
episode: 435 count: 530 score: 200.7702 average_last200: 146.0929 epis: 0.0033 loss: 69.8313 
episode: 436 count: 264 score: 199.3010 average_last200: 146.0414 epis: 0.0033 loss: 30.4064 
episode: 437 count: 290 score: 226.8833 average_last200: 145.9236 epis: 0.0032 loss: 36.7816 
episode: 438 count: 255 score: 254.5897 average_last200: 146.2209 epis: 0.0032 loss: 36.8470 
episode: 439 count: 372 score: 223.0947 average_last200: 146.9237 epis: 0.0032 loss: 38.5130 
episode: 440 count: 243 score: 209.4579 average_last200: 147.1431 epis: 0.0031 loss: 37.5510 
episode: 441 count: 342 score: 217.7651 average_last200: 147.0570 epis: 0.0031 loss: 37.0020 
episode: 442 count: 227 score: 6.5739 average_last200: 146.6678 epis: 0.0030 loss: 25.9558 
episode: 443 count: 286 score: 230.7628 average_last200: 147.0031 epis: 0.0030 loss: 33.5516 
episode: 444 count: 408 score: 164.6445 average_last200: 146.9601 epis: 0.0030 loss: 51.6542 
episode: 445 count: 312 score: 179.0595 average_last200: 146.8705 epis: 0.0029 loss: 38.2225 
episode: 446 count: 368 score: 218.9719 average_last200: 148.1978 epis: 0.0029 loss: 46.7403 
episode: 447 count: 329 score: 215.0541 average_last200: 149.3680 epis: 0.0028 loss: 41.5295 
episode: 448 count: 214 score: 256.2060 average_last200: 150.7771 epis: 0.0028 loss: 28.4681 
episode: 449 count: 327 score: 213.5649 average_last200: 150.9655 epis: 0.0028 loss: 41.5680 
episode: 450 count: 270 score: 27.9230 average_last200: 151.9389 epis: 0.0027 loss: 39.0455 
episode: 451 count: 454 score: 203.5170 average_last200: 151.8701 epis: 0.0027 loss: 64.6033 
episode: 452 count: 287 score: 209.7828 average_last200: 152.1117 epis: 0.0027 loss: 31.6560 
episode: 453 count: 263 score: 246.9525 average_last200: 152.0861 epis: 0.0026 loss: 32.7574 
episode: 454 count: 406 score: 167.6962 average_last200: 153.2781 epis: 0.0026 loss: 51.8365 
episode: 455 count: 183 score: -15.4977 average_last200: 153.9482 epis: 0.0026 loss: 22.8084 
episode: 456 count: 204 score: -27.7826 average_last200: 153.6672 epis: 0.0025 loss: 30.5365 
episode: 457 count: 322 score: 229.0717 average_last200: 153.6046 epis: 0.0025 loss: 44.0863 
episode: 458 count: 281 score: 247.5097 average_last200: 154.8499 epis: 0.0025 loss: 42.4797 
episode: 459 count: 307 score: 197.8490 average_last200: 154.9518 epis: 0.0024 loss: 42.3253 
episode: 460 count: 321 score: 216.4403 average_last200: 156.0938 epis: 0.0024 loss: 45.7997 
episode: 461 count: 345 score: 247.1535 average_last200: 157.5187 epis: 0.0024 loss: 40.3993 
episode: 462 count: 363 score: 180.1740 average_last200: 157.3561 epis: 0.0023 loss: 45.8966 
episode: 463 count: 297 score: 237.1455 average_last200: 157.5201 epis: 0.0023 loss: 42.6981 
episode: 464 count: 306 score: 207.6334 average_last200: 158.0354 epis: 0.0023 loss: 42.1571 
episode: 465 count: 287 score: 197.4865 average_last200: 159.1763 epis: 0.0022 loss: 40.7837 
episode: 466 count: 478 score: 182.1487 average_last200: 159.5850 epis: 0.0022 loss: 73.8839 
episode: 467 count: 258 score: 243.4073 average_last200: 159.9976 epis: 0.0022 loss: 30.8754 
episode: 468 count: 675 score: 169.2889 average_last200: 160.1758 epis: 0.0022 loss: 103.3169 
episode: 469 count: 361 score: 217.6121 average_last200: 161.3131 epis: 0.0021 loss: 45.5620 
episode: 470 count: 134 score: -9.8591 average_last200: 161.5576 epis: 0.0021 loss: 19.8742 
episode: 471 count: 224 score: -17.7334 average_last200: 161.5735 epis: 0.0021 loss: 31.3446 
episode: 472 count: 308 score: 199.6392 average_last200: 162.8505 epis: 0.0021 loss: 37.4497 
episode: 473 count: 131 score: 0.4457 average_last200: 163.0101 epis: 0.0020 loss: 20.2071 
episode: 474 count: 334 score: -16.5199 average_last200: 162.1993 epis: 0.0020 loss: 45.9572 
episode: 475 count: 242 score: 23.7779 average_last200: 161.3327 epis: 0.0020 loss: 32.9169 
episode: 476 count: 296 score: -29.8923 average_last200: 161.2866 epis: 0.0019 loss: 40.2416 
episode: 477 count: 292 score: 237.1109 average_last200: 162.7442 epis: 0.0019 loss: 46.6649 
episode: 478 count: 316 score: 232.2543 average_last200: 162.7861 epis: 0.0019 loss: 51.5780 
episode: 479 count: 412 score: 193.9591 average_last200: 162.8261 epis: 0.0019 loss: 53.1203 
episode: 480 count: 251 score: 261.0758 average_last200: 163.6602 epis: 0.0018 loss: 41.2621 
episode: 481 count: 289 score: 253.0361 average_last200: 165.0820 epis: 0.0018 loss: 38.8647 
episode: 482 count: 284 score: 199.9111 average_last200: 166.1097 epis: 0.0018 loss: 36.2135 
episode: 483 count: 284 score: 188.0011 average_last200: 166.2938 epis: 0.0018 loss: 30.8083 
episode: 484 count: 266 score: 261.3433 average_last200: 167.2627 epis: 0.0018 loss: 36.5635 
episode: 485 count: 515 score: 163.5947 average_last200: 168.2319 epis: 0.0017 loss: 66.6447 
episode: 486 count: 129 score: 21.8060 average_last200: 167.3373 epis: 0.0017 loss: 19.2325 
episode: 487 count: 362 score: 239.1876 average_last200: 168.7024 epis: 0.0017 loss: 58.4791 
episode: 488 count: 302 score: -30.6717 average_last200: 167.7833 epis: 0.0017 loss: 38.7916 
episode: 489 count: 243 score: 234.4814 average_last200: 167.8562 epis: 0.0016 loss: 34.6989 
episode: 490 count: 323 score: 194.9507 average_last200: 168.7464 epis: 0.0016 loss: 47.3348 
episode: 491 count: 246 score: -28.5503 average_last200: 167.5176 epis: 0.0016 loss: 39.8129 
episode: 492 count: 211 score: 264.8658 average_last200: 167.7356 epis: 0.0016 loss: 33.8958 
episode: 493 count: 371 score: 175.8914 average_last200: 167.7872 epis: 0.0016 loss: 56.8279 
episode: 494 count: 241 score: -12.0515 average_last200: 166.5410 epis: 0.0015 loss: 36.9906 
episode: 495 count: 334 score: -62.9213 average_last200: 165.3887 epis: 0.0015 loss: 44.0138 
episode: 496 count: 298 score: 247.2838 average_last200: 166.7095 epis: 0.0015 loss: 35.1312 
episode: 497 count: 318 score: 244.6125 average_last200: 167.8786 epis: 0.0015 loss: 41.6972 
episode: 498 count: 432 score: 181.6816 average_last200: 167.5076 epis: 0.0015 loss: 56.4493 
episode: 499 count: 302 score: 194.4092 average_last200: 167.4783 epis: 0.0014 loss: 40.1236 
episode: 500 count: 516 score: 173.7481 average_last200: 167.5266 epis: 0.0014 loss: 68.4415 
episode: 501 count: 442 score: 169.0500 average_last200: 167.2887 epis: 0.0014 loss: 64.2900 
episode: 502 count: 413 score: 189.5277 average_last200: 168.5120 epis: 0.0014 loss: 67.1996 
episode: 503 count: 280 score: 219.7760 average_last200: 168.7447 epis: 0.0014 loss: 38.3237 
episode: 504 count: 420 score: 169.9035 average_last200: 168.9316 epis: 0.0013 loss: 59.1851 
episode: 505 count: 343 score: 211.9118 average_last200: 168.8544 epis: 0.0013 loss: 55.2666 
episode: 506 count: 348 score: 214.0893 average_last200: 168.9281 epis: 0.0013 loss: 53.8991 
episode: 507 count: 361 score: 198.2798 average_last200: 169.2210 epis: 0.0013 loss: 55.6343 
episode: 508 count: 254 score: 251.0057 average_last200: 169.7366 epis: 0.0013 loss: 33.8827 
episode: 509 count: 382 score: 183.0271 average_last200: 169.7063 epis: 0.0013 loss: 49.9950 
episode: 510 count: 421 score: 168.9386 average_last200: 169.9222 epis: 0.0012 loss: 52.1296 
episode: 511 count: 358 score: 193.7616 average_last200: 170.0020 epis: 0.0012 loss: 47.4087 
episode: 512 count: 286 score: 223.4605 average_last200: 170.0166 epis: 0.0012 loss: 37.0538 
episode: 513 count: 360 score: -33.1733 average_last200: 169.8226 epis: 0.0012 loss: 50.4740 
episode: 514 count: 324 score: 207.4721 average_last200: 169.8056 epis: 0.0012 loss: 46.6618 
episode: 515 count: 267 score: 244.3753 average_last200: 171.2573 epis: 0.0012 loss: 35.4712 
episode: 516 count: 104 score: 10.2916 average_last200: 170.3991 epis: 0.0012 loss: 14.4640 
episode: 517 count: 263 score: 231.3258 average_last200: 170.3402 epis: 0.0011 loss: 36.1133 
episode: 518 count: 580 score: 192.8124 average_last200: 170.2914 epis: 0.0011 loss: 75.9537 
episode: 519 count: 487 score: 169.4932 average_last200: 170.3612 epis: 0.0011 loss: 75.4634 
episode: 520 count: 460 score: 214.2900 average_last200: 171.3755 epis: 0.0011 loss: 63.2894 
episode: 521 count: 377 score: 213.7825 average_last200: 171.4688 epis: 0.0011 loss: 54.5369 
episode: 522 count: 452 score: 170.0438 average_last200: 171.1134 epis: 0.0011 loss: 71.3376 
episode: 523 count: 939 score: 129.1480 average_last200: 170.5318 epis: 0.0011 loss: 130.0774 
episode: 524 count: 639 score: 176.0031 average_last200: 170.2456 epis: 0.0010 loss: 91.7611 
episode: 525 count: 311 score: 202.4389 average_last200: 170.4596 epis: 0.0010 loss: 39.0812 
episode: 526 count: 176 score: -34.1808 average_last200: 169.3535 epis: 0.0010 loss: 23.9182 
episode: 527 count: 969 score: 170.5109 average_last200: 169.0789 epis: 0.0010 loss: 141.9759 
episode: 528 count: 310 score: 242.9469 average_last200: 169.2438 epis: 0.0010 loss: 51.3412 
episode: 529 count: 451 score: 185.2906 average_last200: 168.8827 epis: 0.0010 loss: 72.3866 
episode: 530 count: 509 score: 189.8783 average_last200: 169.5990 epis: 0.0010 loss: 64.4164 
episode: 531 count: 227 score: 233.2659 average_last200: 170.7348 epis: 0.0009 loss: 31.7454 
episode: 532 count: 432 score: 172.1684 average_last200: 171.5060 epis: 0.0009 loss: 60.3263 
episode: 533 count: 694 score: 154.9258 average_last200: 171.1726 epis: 0.0009 loss: 100.1198 
episode: 534 count: 245 score: -4.6114 average_last200: 170.4429 epis: 0.0009 loss: 38.9211 
episode: 535 count: 260 score: 237.0990 average_last200: 170.7170 epis: 0.0009 loss: 29.0853 
episode: 536 count: 577 score: 205.3292 average_last200: 171.7416 epis: 0.0009 loss: 86.4073 
episode: 537 count: 609 score: 184.3199 average_last200: 171.4101 epis: 0.0009 loss: 80.7016 
episode: 538 count: 309 score: 217.0279 average_last200: 171.3556 epis: 0.0009 loss: 44.1448 
episode: 539 count: 468 score: 173.6171 average_last200: 170.9674 epis: 0.0009 loss: 67.3532 
episode: 540 count: 303 score: 186.2651 average_last200: 170.8469 epis: 0.0008 loss: 46.9841 
episode: 541 count: 304 score: 214.1903 average_last200: 170.9618 epis: 0.0008 loss: 35.2388 
episode: 542 count: 380 score: 162.4876 average_last200: 170.8108 epis: 0.0008 loss: 53.5402 
episode: 543 count: 266 score: 213.6991 average_last200: 171.0620 epis: 0.0008 loss: 33.8907 
episode: 544 count: 750 score: -236.8274 average_last200: 168.9685 epis: 0.0008 loss: 102.5980 
episode: 545 count: 221 score: -3.0882 average_last200: 168.9467 epis: 0.0008 loss: 30.2235 
episode: 546 count: 324 score: 194.8221 average_last200: 168.7883 epis: 0.0008 loss: 46.2934 
episode: 547 count: 321 score: 211.2666 average_last200: 168.7078 epis: 0.0008 loss: 42.3829 
episode: 548 count: 334 score: 193.3657 average_last200: 169.0030 epis: 0.0008 loss: 42.2830 
episode: 549 count: 296 score: -55.3203 average_last200: 167.5339 epis: 0.0007 loss: 46.9677 
episode: 550 count: 238 score: -43.2033 average_last200: 166.3865 epis: 0.0007 loss: 30.0840 
episode: 551 count: 108 score: 3.7596 average_last200: 165.7731 epis: 0.0007 loss: 16.8349 
episode: 552 count: 723 score: 164.6675 average_last200: 165.7170 epis: 0.0007 loss: 114.4965 
episode: 553 count: 227 score: 209.3164 average_last200: 167.2375 epis: 0.0007 loss: 34.7371 
episode: 554 count: 539 score: 201.0513 average_last200: 167.3490 epis: 0.0007 loss: 76.8292 
episode: 555 count: 308 score: 214.3849 average_last200: 167.2618 epis: 0.0007 loss: 47.5370 
episode: 556 count: 428 score: 216.9060 average_last200: 167.7056 epis: 0.0007 loss: 69.0122 
episode: 557 count: 268 score: 179.9321 average_last200: 167.4528 epis: 0.0007 loss: 38.9954 
episode: 558 count: 1000 score: 63.0510 average_last200: 166.6734 epis: 0.0007 loss: 148.6413 
episode: 559 count: 395 score: 204.3835 average_last200: 166.8242 epis: 0.0007 loss: 59.1046 
episode: 560 count: 424 score: 189.4490 average_last200: 166.7949 epis: 0.0006 loss: 65.8188 
episode: 561 count: 481 score: 210.3662 average_last200: 166.7003 epis: 0.0006 loss: 69.3764 
episode: 562 count: 491 score: 173.0692 average_last200: 167.4292 epis: 0.0006 loss: 73.7544 
episode: 563 count: 226 score: -40.8107 average_last200: 166.1509 epis: 0.0006 loss: 31.2532 
episode: 564 count: 574 score: -48.8530 average_last200: 164.5740 epis: 0.0006 loss: 77.8517 
episode: 565 count: 246 score: 234.6765 average_last200: 165.7887 epis: 0.0006 loss: 39.8696 
episode: 566 count: 1000 score: -72.1072 average_last200: 164.8933 epis: 0.0006 loss: 135.4142 
episode: 567 count: 173 score: 3.1841 average_last200: 163.6783 epis: 0.0006 loss: 24.1578 
episode: 568 count: 221 score: -42.8708 average_last200: 162.5658 epis: 0.0006 loss: 30.1719 
episode: 569 count: 167 score: 252.6348 average_last200: 162.5858 epis: 0.0006 loss: 24.8925 
episode: 570 count: 89 score: -42.9453 average_last200: 161.1693 epis: 0.0006 loss: 15.6263 
episode: 571 count: 102 score: -71.3093 average_last200: 160.0570 epis: 0.0006 loss: 11.3848 
episode: 572 count: 297 score: -52.2576 average_last200: 158.7615 epis: 0.0006 loss: 43.8847 
episode: 573 count: 380 score: 208.2114 average_last200: 159.2348 epis: 0.0005 loss: 52.0040 
episode: 574 count: 112 score: 5.6809 average_last200: 158.6502 epis: 0.0005 loss: 15.1822 
episode: 575 count: 200 score: -24.6513 average_last200: 157.4670 epis: 0.0005 loss: 33.7068 
episode: 576 count: 240 score: -35.5176 average_last200: 156.3850 epis: 0.0005 loss: 38.8367 
episode: 577 count: 772 score: 216.0267 average_last200: 157.6698 epis: 0.0005 loss: 103.8525 
episode: 578 count: 193 score: 16.3554 average_last200: 157.8692 epis: 0.0005 loss: 25.5194 
episode: 579 count: 150 score: -54.4696 average_last200: 156.6586 epis: 0.0005 loss: 22.8326 
episode: 580 count: 153 score: -45.4624 average_last200: 155.6875 epis: 0.0005 loss: 28.0015 
episode: 581 count: 480 score: 221.4040 average_last200: 157.0472 epis: 0.0005 loss: 66.1300 
episode: 582 count: 208 score: 252.0397 average_last200: 157.6332 epis: 0.0005 loss: 35.8846 
episode: 583 count: 244 score: 4.6939 average_last200: 156.9158 epis: 0.0005 loss: 31.0449 
episode: 584 count: 158 score: -10.2208 average_last200: 155.9871 epis: 0.0005 loss: 24.6204 
episode: 585 count: 257 score: 233.4385 average_last200: 156.0872 epis: 0.0005 loss: 38.4150 
episode: 586 count: 231 score: 236.3884 average_last200: 156.1525 epis: 0.0005 loss: 38.9646 
episode: 587 count: 160 score: -41.3114 average_last200: 154.9379 epis: 0.0005 loss: 28.8434 
episode: 588 count: 174 score: 14.9711 average_last200: 153.9676 epis: 0.0004 loss: 23.2708 
episode: 589 count: 134 score: 23.1183 average_last200: 152.8359 epis: 0.0004 loss: 21.1934 
episode: 590 count: 395 score: 252.1451 average_last200: 153.1335 epis: 0.0004 loss: 54.3254 
episode: 591 count: 187 score: -3.0094 average_last200: 152.1764 epis: 0.0004 loss: 29.0076 
episode: 592 count: 305 score: 214.0549 average_last200: 152.2990 epis: 0.0004 loss: 37.3478 
episode: 593 count: 102 score: -22.5299 average_last200: 151.1228 epis: 0.0004 loss: 12.3469 
episode: 594 count: 215 score: 255.7180 average_last200: 151.2897 epis: 0.0004 loss: 39.0341 
episode: 595 count: 172 score: -38.0059 average_last200: 150.2086 epis: 0.0004 loss: 24.9058 
episode: 596 count: 318 score: 204.6631 average_last200: 150.3468 epis: 0.0004 loss: 45.5175 
episode: 597 count: 317 score: 184.6765 average_last200: 151.3326 epis: 0.0004 loss: 46.1774 
episode: 598 count: 242 score: 26.0071 average_last200: 150.2132 epis: 0.0004 loss: 35.1166 
episode: 599 count: 125 score: -27.3777 average_last200: 148.9694 epis: 0.0004 loss: 17.0356 
episode: 600 count: 206 score: -13.5271 average_last200: 147.8844 epis: 0.0004 loss: 23.5814 
episode: 601 count: 163 score: 7.5004 average_last200: 146.7668 epis: 0.0004 loss: 26.5951 
episode: 602 count: 87 score: -52.8803 average_last200: 145.5001 epis: 0.0004 loss: 12.7056 
episode: 603 count: 189 score: -3.5066 average_last200: 144.3423 epis: 0.0004 loss: 25.8640 
episode: 604 count: 278 score: -18.7988 average_last200: 143.0545 epis: 0.0004 loss: 40.6256 
episode: 605 count: 264 score: -38.6106 average_last200: 141.6840 epis: 0.0004 loss: 43.1934 
episode: 606 count: 164 score: -1.8943 average_last200: 140.5455 epis: 0.0004 loss: 26.8041 
episode: 607 count: 158 score: -0.0007 average_last200: 139.2703 epis: 0.0004 loss: 21.6083 
episode: 608 count: 221 score: 10.0280 average_last200: 138.1144 epis: 0.0003 loss: 30.2526 
episode: 609 count: 252 score: 214.5636 average_last200: 138.1144 epis: 0.0003 loss: 32.5703 
episode: 610 count: 183 score: 10.8472 average_last200: 137.2053 epis: 0.0003 loss: 22.3834 
episode: 611 count: 232 score: -31.4256 average_last200: 136.0047 epis: 0.0003 loss: 35.2403 
episode: 612 count: 121 score: -54.6469 average_last200: 135.7801 epis: 0.0003 loss: 18.9540 
episode: 613 count: 122 score: -16.5355 average_last200: 134.6601 epis: 0.0003 loss: 19.0573 
episode: 614 count: 327 score: 250.9225 average_last200: 134.7224 epis: 0.0003 loss: 61.2319 
episode: 615 count: 124 score: -65.1910 average_last200: 133.2731 epis: 0.0003 loss: 20.3720 
episode: 616 count: 121 score: -62.2661 average_last200: 131.9210 epis: 0.0003 loss: 10.9119 
episode: 617 count: 115 score: -82.9915 average_last200: 130.4844 epis: 0.0003 loss: 15.8840 
episode: 618 count: 161 score: -51.2962 average_last200: 129.0917 epis: 0.0003 loss: 20.2372 
episode: 619 count: 280 score: -40.3967 average_last200: 127.6100 epis: 0.0003 loss: 40.6565 
episode: 620 count: 251 score: 163.3546 average_last200: 127.4369 epis: 0.0003 loss: 35.7092 
episode: 621 count: 300 score: 234.3856 average_last200: 128.8264 epis: 0.0003 loss: 39.1163 
episode: 622 count: 121 score: -12.9145 average_last200: 127.6688 epis: 0.0003 loss: 20.5131 
episode: 623 count: 198 score: -3.5552 average_last200: 126.7384 epis: 0.0003 loss: 25.9700 
episode: 624 count: 165 score: -32.1863 average_last200: 125.3488 epis: 0.0003 loss: 26.8231 
episode: 625 count: 159 score: -34.9703 average_last200: 124.1793 epis: 0.0003 loss: 25.3448 
episode: 626 count: 298 score: 254.2958 average_last200: 124.2900 epis: 0.0003 loss: 49.4737 
episode: 627 count: 201 score: -54.1577 average_last200: 122.7362 epis: 0.0003 loss: 29.1004 
episode: 628 count: 595 score: 146.0114 average_last200: 124.7251 epis: 0.0003 loss: 90.3065 
episode: 629 count: 179 score: -11.0168 average_last200: 123.5180 epis: 0.0003 loss: 21.4196 
episode: 630 count: 163 score: 14.5900 average_last200: 122.6172 epis: 0.0003 loss: 24.8184 
episode: 631 count: 139 score: -63.9455 average_last200: 121.3822 epis: 0.0003 loss: 25.3087 
episode: 632 count: 235 score: 2.7476 average_last200: 120.2886 epis: 0.0003 loss: 35.9218 
episode: 633 count: 705 score: 170.5033 average_last200: 120.1400 epis: 0.0002 loss: 110.8978 
episode: 634 count: 236 score: 245.3813 average_last200: 120.3125 epis: 0.0002 loss: 33.7274 
episode: 635 count: 154 score: -7.8908 average_last200: 119.2692 epis: 0.0002 loss: 30.6192 
episode: 636 count: 270 score: 228.2719 average_last200: 119.4140 epis: 0.0002 loss: 52.9120 
episode: 637 count: 230 score: 254.0205 average_last200: 119.5497 epis: 0.0002 loss: 41.2014 
episode: 638 count: 133 score: 11.1749 average_last200: 118.3326 epis: 0.0002 loss: 20.1179 
episode: 639 count: 488 score: 157.4686 average_last200: 118.0045 epis: 0.0002 loss: 70.8871 
episode: 640 count: 132 score: -60.0375 average_last200: 116.6570 epis: 0.0002 loss: 23.8050 
episode: 641 count: 266 score: 238.8949 average_last200: 116.7627 epis: 0.0002 loss: 39.8224 
episode: 642 count: 165 score: -38.4983 average_last200: 116.5373 epis: 0.0002 loss: 27.3021 
episode: 643 count: 429 score: 189.4375 average_last200: 116.3307 epis: 0.0002 loss: 63.2871 
episode: 644 count: 341 score: 234.7555 average_last200: 116.6812 epis: 0.0002 loss: 54.1006 
episode: 645 count: 599 score: -133.2660 average_last200: 115.1196 epis: 0.0002 loss: 79.6612 
episode: 646 count: 174 score: -56.6322 average_last200: 113.7416 epis: 0.0002 loss: 25.2360 
episode: 647 count: 174 score: -17.9114 average_last200: 112.5768 epis: 0.0002 loss: 22.6368 
episode: 648 count: 156 score: -44.4361 average_last200: 111.0735 epis: 0.0002 loss: 28.5311 
episode: 649 count: 176 score: 11.5548 average_last200: 110.0635 epis: 0.0002 loss: 31.7418 
episode: 650 count: 207 score: -84.1404 average_last200: 109.5032 epis: 0.0002 loss: 36.2811 
episode: 651 count: 171 score: -32.4392 average_last200: 108.3234 epis: 0.0002 loss: 21.4148 
episode: 652 count: 148 score: 2.4263 average_last200: 107.2866 epis: 0.0002 loss: 22.3299 
episode: 653 count: 252 score: 246.2276 average_last200: 107.2830 epis: 0.0002 loss: 31.0630 
episode: 654 count: 242 score: 240.6864 average_last200: 107.6479 epis: 0.0002 loss: 26.5425 
episode: 655 count: 243 score: 221.2488 average_last200: 108.8317 epis: 0.0002 loss: 36.7217 
episode: 656 count: 247 score: 205.3191 average_last200: 109.9972 epis: 0.0002 loss: 42.4482 
episode: 657 count: 309 score: -87.0338 average_last200: 108.4166 epis: 0.0002 loss: 46.0492 
episode: 658 count: 208 score: -3.7636 average_last200: 107.1603 epis: 0.0002 loss: 26.5210 
episode: 659 count: 285 score: 195.6315 average_last200: 107.1492 epis: 0.0002 loss: 36.0941 
episode: 660 count: 99 score: -1.4536 average_last200: 106.0597 epis: 0.0002 loss: 14.5976 
episode: 661 count: 193 score: -28.5063 average_last200: 104.6814 epis: 0.0002 loss: 23.9856 
episode: 662 count: 289 score: 215.8328 average_last200: 104.8597 epis: 0.0002 loss: 37.3716 
episode: 663 count: 242 score: 248.1650 average_last200: 104.9148 epis: 0.0002 loss: 30.4625 
episode: 664 count: 244 score: 225.7925 average_last200: 105.0056 epis: 0.0002 loss: 32.9745 
episode: 665 count: 266 score: 255.3832 average_last200: 105.2951 epis: 0.0002 loss: 41.1472 
episode: 666 count: 314 score: 238.8310 average_last200: 105.5785 epis: 0.0002 loss: 56.6890 
episode: 667 count: 449 score: 187.4217 average_last200: 105.2986 epis: 0.0002 loss: 66.9056 
episode: 668 count: 507 score: 194.5202 average_last200: 105.4247 epis: 0.0002 loss: 75.7400 
episode: 669 count: 227 score: 208.4814 average_last200: 105.3791 epis: 0.0002 loss: 32.3156 
episode: 670 count: 205 score: 251.0241 average_last200: 106.6835 epis: 0.0002 loss: 30.0020 
episode: 671 count: 169 score: -20.7001 average_last200: 106.6687 epis: 0.0002 loss: 22.4409 
episode: 672 count: 252 score: 233.6169 average_last200: 106.8386 epis: 0.0001 loss: 40.3957 
episode: 673 count: 195 score: -26.1245 average_last200: 106.7057 epis: 0.0001 loss: 24.5655 
episode: 674 count: 162 score: -38.7250 average_last200: 106.5947 epis: 0.0001 loss: 21.7416 
episode: 675 count: 143 score: -5.5660 average_last200: 106.4480 epis: 0.0001 loss: 24.3873 
episode: 676 count: 155 score: 0.0754 average_last200: 106.5978 epis: 0.0001 loss: 23.0095 
episode: 677 count: 262 score: 241.5598 average_last200: 106.6200 epis: 0.0001 loss: 36.9325 
episode: 678 count: 314 score: 207.2166 average_last200: 106.4949 epis: 0.0001 loss: 49.0029 
episode: 679 count: 168 score: -12.2499 average_last200: 105.4638 epis: 0.0001 loss: 27.1400 
episode: 680 count: 264 score: 200.3604 average_last200: 105.1602 epis: 0.0001 loss: 42.0406 
episode: 681 count: 187 score: -23.3152 average_last200: 103.7785 epis: 0.0001 loss: 21.1995 
episode: 682 count: 147 score: 8.9335 average_last200: 102.8236 epis: 0.0001 loss: 22.4648 
episode: 683 count: 280 score: 230.2089 average_last200: 103.0346 epis: 0.0001 loss: 48.8258 
episode: 684 count: 259 score: 201.7075 average_last200: 102.7364 epis: 0.0001 loss: 40.4084 
episode: 685 count: 205 score: 243.7997 average_last200: 103.1375 epis: 0.0001 loss: 30.3623 
episode: 686 count: 222 score: -26.4617 average_last200: 102.8961 epis: 0.0001 loss: 30.6253 
episode: 687 count: 235 score: 236.0238 average_last200: 102.8803 epis: 0.0001 loss: 30.9354 
episode: 688 count: 252 score: 210.4444 average_last200: 104.0859 epis: 0.0001 loss: 39.3019 
episode: 689 count: 165 score: -42.1806 average_last200: 102.7026 epis: 0.0001 loss: 22.0754 
episode: 690 count: 218 score: 195.5831 average_last200: 102.7057 epis: 0.0001 loss: 32.8877 
episode: 691 count: 100 score: -287.5709 average_last200: 101.4106 epis: 0.0001 loss: 14.6991 
episode: 692 count: 139 score: -47.3054 average_last200: 99.8498 epis: 0.0001 loss: 26.9589 
episode: 693 count: 233 score: -0.0393 average_last200: 98.9701 epis: 0.0001 loss: 42.0245 
episode: 694 count: 210 score: -25.8690 average_last200: 98.9010 epis: 0.0001 loss: 31.6905 
episode: 695 count: 272 score: 205.5425 average_last200: 100.2434 epis: 0.0001 loss: 36.1873 
episode: 696 count: 221 score: 16.0911 average_last200: 99.0874 epis: 0.0001 loss: 23.9683 
episode: 697 count: 231 score: 236.9424 average_last200: 99.0491 epis: 0.0001 loss: 31.5242 
episode: 698 count: 370 score: 196.2569 average_last200: 99.1219 epis: 0.0001 loss: 45.1930 
episode: 699 count: 187 score: -54.7917 average_last200: 97.8759 epis: 0.0001 loss: 38.7381 
episode: 700 count: 220 score: -18.2554 average_last200: 96.9159 epis: 0.0001 loss: 27.9474 
episode: 701 count: 222 score: 219.3225 average_last200: 97.1673 epis: 0.0001 loss: 33.5543 
episode: 702 count: 255 score: 205.0517 average_last200: 97.2449 epis: 0.0001 loss: 42.7608 
episode: 703 count: 246 score: 224.8778 average_last200: 97.2704 epis: 0.0001 loss: 32.3730 
episode: 704 count: 270 score: 223.1349 average_last200: 97.5366 epis: 0.0001 loss: 45.7659 
episode: 705 count: 280 score: 207.8804 average_last200: 97.5164 epis: 0.0001 loss: 40.9702 
episode: 706 count: 334 score: 267.3249 average_last200: 97.7826 epis: 0.0001 loss: 52.1790 
episode: 707 count: 286 score: 211.5702 average_last200: 97.8490 epis: 0.0001 loss: 42.9474 
episode: 708 count: 171 score: 224.9547 average_last200: 97.7188 epis: 0.0001 loss: 27.2619 
episode: 709 count: 146 score: -26.8956 average_last200: 96.6692 epis: 0.0001 loss: 23.0793 
episode: 710 count: 242 score: 252.7177 average_last200: 97.0881 epis: 0.0001 loss: 40.8184 
episode: 711 count: 135 score: 31.1809 average_last200: 96.2752 epis: 0.0001 loss: 23.3686 
episode: 712 count: 179 score: -11.6166 average_last200: 95.0998 epis: 0.0001 loss: 25.0422 
episode: 713 count: 318 score: 210.3639 average_last200: 96.3175 epis: 0.0001 loss: 43.0671 
episode: 714 count: 322 score: 236.2364 average_last200: 96.4613 epis: 0.0001 loss: 59.1062 
episode: 715 count: 245 score: 227.7392 average_last200: 96.3781 epis: 0.0001 loss: 34.2108 
episode: 716 count: 249 score: 240.7895 average_last200: 97.5306 epis: 0.0001 loss: 34.5058 
episode: 717 count: 238 score: 21.1172 average_last200: 96.4795 epis: 0.0001 loss: 32.2494 
episode: 718 count: 447 score: 212.5072 average_last200: 96.5780 epis: 0.0001 loss: 69.8951 
episode: 719 count: 377 score: 236.2463 average_last200: 96.9118 epis: 0.0001 loss: 63.2292 
episode: 720 count: 267 score: 222.5538 average_last200: 96.9531 epis: 0.0001 loss: 37.1174 
episode: 721 count: 651 score: 232.6387 average_last200: 97.0474 epis: 0.0001 loss: 111.6653 
episode: 722 count: 269 score: 203.0744 average_last200: 97.2125 epis: 0.0001 loss: 41.0536 
episode: 723 count: 167 score: 2.7705 average_last200: 96.5806 epis: 0.0001 loss: 31.1145 
episode: 724 count: 180 score: -11.1107 average_last200: 95.6451 epis: 0.0001 loss: 27.2029 
episode: 725 count: 241 score: 213.1502 average_last200: 95.6986 epis: 0.0001 loss: 37.8195 
episode: 726 count: 316 score: 232.5279 average_last200: 97.0322 epis: 0.0001 loss: 51.0747 
episode: 727 count: 163 score: -26.4918 average_last200: 96.0472 epis: 0.0001 loss: 28.0033 
episode: 728 count: 484 score: 212.6295 average_last200: 95.8956 epis: 0.0001 loss: 76.1692 
episode: 729 count: 270 score: 200.9119 average_last200: 95.9737 epis: 0.0001 loss: 47.2601 
episode: 730 count: 140 score: 19.6819 average_last200: 95.1227 epis: 0.0001 loss: 23.6390 
episode: 731 count: 275 score: 255.4230 average_last200: 95.2335 epis: 0.0001 loss: 32.7731 
episode: 732 count: 150 score: 26.7805 average_last200: 94.5065 epis: 0.0001 loss: 26.7518 
episode: 733 count: 238 score: 193.4519 average_last200: 94.6992 epis: 0.0001 loss: 39.5714 
episode: 734 count: 166 score: 10.3236 average_last200: 94.7738 epis: 0.0001 loss: 21.1078 
episode: 735 count: 274 score: 189.1161 average_last200: 94.5339 epis: 0.0001 loss: 44.1557 
episode: 736 count: 255 score: 216.5316 average_last200: 94.5899 epis: 0.0001 loss: 37.4778 
episode: 737 count: 219 score: 253.0587 average_last200: 94.9336 epis: 0.0001 loss: 36.4064 
episode: 738 count: 290 score: 225.1403 average_last200: 94.9742 epis: 0.0001 loss: 36.0461 
episode: 739 count: 193 score: 236.7301 average_last200: 95.2898 epis: 0.0001 loss: 36.6105 
episode: 740 count: 281 score: 204.3523 average_last200: 95.3802 epis: 0.0001 loss: 40.8822 
episode: 741 count: 262 score: 226.0705 average_last200: 95.4396 epis: 0.0001 loss: 46.9214 
episode: 742 count: 167 score: -25.7408 average_last200: 94.4985 epis: 0.0001 loss: 21.2413 
episode: 743 count: 244 score: 236.0361 average_last200: 94.6101 epis: 0.0001 loss: 43.8667 
episode: 744 count: 232 score: 239.9170 average_last200: 96.9939 epis: 0.0001 loss: 29.3530 
episode: 745 count: 286 score: 211.6154 average_last200: 98.0674 epis: 0.0001 loss: 46.4620 
episode: 746 count: 230 score: 200.0894 average_last200: 98.0937 epis: 0.0001 loss: 37.4167 
episode: 747 count: 260 score: 248.6871 average_last200: 98.2808 epis: 0.0001 loss: 42.6631 
episode: 748 count: 242 score: 229.7134 average_last200: 98.4626 epis: 0.0001 loss: 49.0200 
episode: 749 count: 188 score: -8.9282 average_last200: 98.6945 epis: 0.0001 loss: 31.1435 
episode: 750 count: 228 score: -28.1428 average_last200: 98.7698 epis: 0.0001 loss: 38.9725 
episode: 751 count: 148 score: -17.9463 average_last200: 98.6613 epis: 0.0001 loss: 15.6360 
episode: 752 count: 205 score: 211.6626 average_last200: 98.8963 epis: 0.0001 loss: 33.5109 
episode: 753 count: 376 score: 228.4237 average_last200: 98.9918 epis: 0.0001 loss: 51.2314 
episode: 754 count: 326 score: 218.6674 average_last200: 99.0799 epis: 0.0001 loss: 58.5952 
episode: 755 count: 173 score: -2.9633 average_last200: 97.9931 epis: 0.0001 loss: 26.7612 
episode: 756 count: 84 score: -247.7591 average_last200: 95.6698 epis: 0.0000 loss: 15.3466 
episode: 757 count: 222 score: 249.0556 average_last200: 96.0154 epis: 0.0000 loss: 40.2117 
episode: 758 count: 351 score: 198.2381 average_last200: 96.6914 epis: 0.0000 loss: 51.3386 
episode: 759 count: 309 score: 223.8008 average_last200: 96.7885 epis: 0.0000 loss: 48.2167 
episode: 760 count: 433 score: 232.2052 average_last200: 97.0022 epis: 0.0000 loss: 71.4241 
episode: 761 count: 245 score: 222.5475 average_last200: 97.0632 epis: 0.0000 loss: 35.0536 
episode: 762 count: 62 score: -142.7124 average_last200: 95.4842 epis: 0.0000 loss: 9.9081 
episode: 763 count: 160 score: -19.4510 average_last200: 95.5910 epis: 0.0000 loss: 23.7637 
episode: 764 count: 220 score: 216.4645 average_last200: 96.9176 epis: 0.0000 loss: 31.4208 
episode: 765 count: 646 score: 178.0227 average_last200: 96.6344 epis: 0.0000 loss: 91.4991 
episode: 766 count: 113 score: -0.6002 average_last200: 96.9919 epis: 0.0000 loss: 16.9818 
episode: 767 count: 196 score: 196.4945 average_last200: 97.9584 epis: 0.0000 loss: 27.2157 
episode: 768 count: 247 score: 230.5622 average_last200: 99.3256 epis: 0.0000 loss: 30.2654 
episode: 769 count: 185 score: -4.8552 average_last200: 98.0382 epis: 0.0000 loss: 25.6380 
episode: 770 count: 153 score: -16.6974 average_last200: 98.1694 epis: 0.0000 loss: 21.9745 
episode: 771 count: 135 score: 15.1893 average_last200: 98.6019 epis: 0.0000 loss: 18.1240 
episode: 772 count: 421 score: 193.0386 average_last200: 99.8284 epis: 0.0000 loss: 62.9408 
episode: 773 count: 111 score: 1.1347 average_last200: 98.7930 epis: 0.0000 loss: 17.7369 
episode: 774 count: 152 score: -8.9907 average_last200: 98.7196 epis: 0.0000 loss: 19.9261 
episode: 775 count: 148 score: -5.5330 average_last200: 98.8152 epis: 0.0000 loss: 16.7761 
episode: 776 count: 129 score: 9.6594 average_last200: 99.0411 epis: 0.0000 loss: 21.4363 
episode: 777 count: 290 score: 251.1689 average_last200: 99.2168 epis: 0.0000 loss: 51.5054 
episode: 778 count: 113 score: -14.8244 average_last200: 99.0609 epis: 0.0000 loss: 15.4035 
episode: 779 count: 349 score: 211.3091 average_last200: 100.3898 epis: 0.0000 loss: 58.9028 
episode: 780 count: 325 score: 247.9406 average_last200: 101.8568 epis: 0.0000 loss: 51.7530 
episode: 781 count: 168 score: -34.5904 average_last200: 100.5769 epis: 0.0000 loss: 25.2104 
episode: 782 count: 329 score: 248.5829 average_last200: 100.5596 epis: 0.0000 loss: 54.7893 
episode: 783 count: 132 score: 6.0668 average_last200: 100.5664 epis: 0.0000 loss: 24.7263 
episode: 784 count: 303 score: 212.4877 average_last200: 101.6800 epis: 0.0000 loss: 47.4141 
episode: 785 count: 290 score: 204.9167 average_last200: 101.5374 epis: 0.0000 loss: 55.5992 
episode: 786 count: 301 score: 239.7547 average_last200: 101.5542 epis: 0.0000 loss: 47.3446 
episode: 787 count: 199 score: 213.3915 average_last200: 102.8277 epis: 0.0000 loss: 33.9056 
episode: 788 count: 263 score: 237.4960 average_last200: 103.9403 epis: 0.0000 loss: 50.3534 
episode: 789 count: 213 score: 226.6200 average_last200: 104.9579 epis: 0.0000 loss: 30.5885 
episode: 790 count: 125 score: 3.7968 average_last200: 103.7161 epis: 0.0000 loss: 23.4038 
episode: 791 count: 268 score: 230.7919 average_last200: 104.8851 epis: 0.0000 loss: 45.4709 
episode: 792 count: 117 score: 17.3464 average_last200: 103.9016 epis: 0.0000 loss: 16.1915 
episode: 793 count: 374 score: 225.9550 average_last200: 105.1440 epis: 0.0000 loss: 60.3388 
episode: 794 count: 210 score: 258.8703 average_last200: 105.1598 epis: 0.0000 loss: 34.7201 
episode: 795 count: 249 score: 244.9283 average_last200: 106.5744 epis: 0.0000 loss: 39.4101 
episode: 796 count: 266 score: 256.9420 average_last200: 106.8358 epis: 0.0000 loss: 44.5941 
episode: 797 count: 216 score: 230.9970 average_last200: 107.0674 epis: 0.0000 loss: 30.3327 
episode: 798 count: 247 score: 226.1531 average_last200: 108.0682 epis: 0.0000 loss: 36.3803 
episode: 799 count: 128 score: 10.8632 average_last200: 108.2594 epis: 0.0000 loss: 15.3557 
episode: 800 count: 279 score: 243.2486 average_last200: 109.5432 epis: 0.0000 loss: 42.0575 
episode: 801 count: 256 score: 216.3947 average_last200: 110.5877 epis: 0.0000 loss: 36.7612 
episode: 802 count: 666 score: 175.5077 average_last200: 111.7297 epis: 0.0000 loss: 107.3751 
episode: 803 count: 289 score: 197.5993 average_last200: 112.7352 epis: 0.0000 loss: 47.1451 
episode: 804 count: 218 score: 196.3102 average_last200: 113.8107 epis: 0.0000 loss: 33.5861 
episode: 805 count: 217 score: 227.8673 average_last200: 115.1431 epis: 0.0000 loss: 32.1450 
episode: 806 count: 251 score: 237.2370 average_last200: 116.3388 epis: 0.0000 loss: 34.7873 
episode: 807 count: 155 score: 231.6781 average_last200: 117.4972 epis: 0.0000 loss: 28.2804 
episode: 808 count: 216 score: 211.1003 average_last200: 118.5025 epis: 0.0000 loss: 33.9423 
episode: 809 count: 266 score: 200.0126 average_last200: 118.4298 epis: 0.0000 loss: 42.8334 
episode: 810 count: 160 score: 38.6904 average_last200: 118.5690 epis: 0.0000 loss: 28.9517 
episode: 811 count: 91 score: -33.4108 average_last200: 118.5591 epis: 0.0000 loss: 18.7520 
episode: 812 count: 199 score: 233.2980 average_last200: 119.9988 epis: 0.0000 loss: 35.1977 
episode: 813 count: 258 score: 236.9049 average_last200: 121.2660 epis: 0.0000 loss: 35.5308 
episode: 814 count: 232 score: -29.8542 average_last200: 119.8621 epis: 0.0000 loss: 40.6332 
episode: 815 count: 342 score: 193.2981 average_last200: 121.1546 epis: 0.0000 loss: 58.9063 
episode: 816 count: 159 score: 30.9585 average_last200: 121.6207 epis: 0.0000 loss: 24.8746 
episode: 817 count: 319 score: 214.8547 average_last200: 123.1099 epis: 0.0000 loss: 48.4287 
episode: 818 count: 375 score: 234.9895 average_last200: 124.5413 epis: 0.0000 loss: 58.5726 
episode: 819 count: 266 score: 247.8613 average_last200: 125.9826 epis: 0.0000 loss: 46.3539 
episode: 820 count: 237 score: 196.8986 average_last200: 126.1503 epis: 0.0000 loss: 40.5036 
episode: 821 count: 356 score: 247.0923 average_last200: 126.2139 epis: 0.0000 loss: 58.6242 
episode: 822 count: 226 score: 207.5543 average_last200: 127.3162 epis: 0.0000 loss: 31.5197 
episode: 823 count: 414 score: 235.2913 average_last200: 128.5105 epis: 0.0000 loss: 67.9411 
episode: 824 count: 283 score: 210.7536 average_last200: 129.7252 epis: 0.0000 loss: 44.4359 
episode: 825 count: 270 score: 226.9609 average_last200: 131.0348 epis: 0.0000 loss: 41.9537 
episode: 826 count: 422 score: 228.5985 average_last200: 130.9063 epis: 0.0000 loss: 68.0888 
episode: 827 count: 167 score: 36.0890 average_last200: 131.3576 epis: 0.0000 loss: 27.0822 
episode: 828 count: 185 score: -35.5301 average_last200: 130.4499 epis: 0.0000 loss: 30.7015 
episode: 829 count: 472 score: 258.6065 average_last200: 131.7980 epis: 0.0000 loss: 81.5600 
episode: 830 count: 348 score: 208.6231 average_last200: 132.7681 epis: 0.0000 loss: 51.8693 
episode: 831 count: 273 score: 206.9369 average_last200: 134.1225 epis: 0.0000 loss: 38.6390 
episode: 832 count: 322 score: 212.6323 average_last200: 135.1720 epis: 0.0000 loss: 51.5291 
episode: 833 count: 247 score: 250.2846 average_last200: 135.5709 epis: 0.0000 loss: 46.4423 
episode: 834 count: 113 score: -23.1911 average_last200: 134.2280 epis: 0.0000 loss: 17.1889 
episode: 835 count: 303 score: 239.5281 average_last200: 135.4651 epis: 0.0000 loss: 46.4272 
episode: 836 count: 283 score: 253.2077 average_last200: 135.5898 epis: 0.0000 loss: 46.1778 
episode: 837 count: 128 score: -10.5036 average_last200: 134.2672 epis: 0.0000 loss: 16.1795 
episode: 838 count: 231 score: 251.9229 average_last200: 135.4709 epis: 0.0000 loss: 43.6544 
episode: 839 count: 123 score: 6.3870 average_last200: 134.7155 epis: 0.0000 loss: 19.5346 
episode: 840 count: 245 score: 219.8972 average_last200: 136.1152 epis: 0.0000 loss: 40.3059 
episode: 841 count: 117 score: -6.1394 average_last200: 134.8900 epis: 0.0000 loss: 17.3114 
episode: 842 count: 127 score: -7.8626 average_last200: 135.0432 epis: 0.0000 loss: 16.9966 
episode: 843 count: 231 score: 236.0300 average_last200: 135.2761 epis: 0.0000 loss: 34.4736 
episode: 844 count: 222 score: 264.7749 average_last200: 135.4262 epis: 0.0000 loss: 32.4169 
episode: 845 count: 256 score: -6.9967 average_last200: 136.0576 epis: 0.0000 loss: 34.7331 
episode: 846 count: 117 score: 8.0012 average_last200: 136.3808 epis: 0.0000 loss: 17.3357 
episode: 847 count: 464 score: 232.2502 average_last200: 137.6316 epis: 0.0000 loss: 73.7943 
episode: 848 count: 187 score: 36.1573 average_last200: 138.0345 epis: 0.0000 loss: 35.1936 
episode: 849 count: 757 score: 213.6244 average_last200: 139.0449 epis: 0.0000 loss: 104.3374 
episode: 850 count: 283 score: 222.1918 average_last200: 140.5765 epis: 0.0000 loss: 49.6495 
episode: 851 count: 359 score: 264.8141 average_last200: 142.0628 epis: 0.0000 loss: 51.5036 
episode: 852 count: 146 score: -25.9657 average_last200: 141.9208 epis: 0.0000 loss: 20.5049 
episode: 853 count: 160 score: -3.7494 average_last200: 140.6710 epis: 0.0000 loss: 24.5168 
episode: 854 count: 233 score: 222.6554 average_last200: 140.5808 epis: 0.0000 loss: 38.2328 
episode: 855 count: 135 score: 11.5694 average_last200: 139.5324 epis: 0.0000 loss: 22.6925 
episode: 856 count: 179 score: 233.9516 average_last200: 139.6756 epis: 0.0000 loss: 31.7243 
episode: 857 count: 253 score: 232.7910 average_last200: 141.2747 epis: 0.0000 loss: 38.8148 
episode: 858 count: 229 score: 272.2688 average_last200: 142.6549 epis: 0.0000 loss: 35.5569 
episode: 859 count: 141 score: 11.7209 average_last200: 141.7353 epis: 0.0000 loss: 27.6080 
episode: 860 count: 165 score: 27.0987 average_last200: 141.8781 epis: 0.0000 loss: 28.9020 
episode: 861 count: 287 score: 232.9344 average_last200: 143.1853 epis: 0.0000 loss: 51.3677 
episode: 862 count: 136 score: -15.3161 average_last200: 142.0295 epis: 0.0000 loss: 21.5058 
episode: 863 count: 257 score: 267.7753 average_last200: 142.1276 epis: 0.0000 loss: 37.7095 
episode: 864 count: 266 score: 240.5455 average_last200: 142.2013 epis: 0.0000 loss: 44.1727 
episode: 865 count: 156 score: 10.2359 average_last200: 140.9756 epis: 0.0000 loss: 20.9747 
episode: 866 count: 197 score: 247.4352 average_last200: 141.0186 epis: 0.0000 loss: 29.4522 
episode: 867 count: 214 score: 215.2308 average_last200: 141.1577 epis: 0.0000 loss: 34.5046 
episode: 868 count: 105 score: -18.5630 average_last200: 140.0923 epis: 0.0000 loss: 13.4210 
episode: 869 count: 125 score: -2.4538 average_last200: 139.0376 epis: 0.0000 loss: 21.0758 
episode: 870 count: 136 score: 7.5502 average_last200: 137.8202 epis: 0.0000 loss: 17.4266 
episode: 871 count: 175 score: 53.0600 average_last200: 138.1890 epis: 0.0000 loss: 24.4327 
episode: 872 count: 131 score: 5.2695 average_last200: 137.0473 epis: 0.0000 loss: 16.8696 
episode: 873 count: 158 score: 5.8708 average_last200: 137.2072 epis: 0.0000 loss: 23.8920 
episode: 874 count: 344 score: 243.1420 average_last200: 138.6166 epis: 0.0000 loss: 65.8813 
episode: 875 count: 254 score: 217.7737 average_last200: 139.7333 epis: 0.0000 loss: 40.2814 
episode: 876 count: 162 score: -7.0110 average_last200: 139.6978 epis: 0.0000 loss: 27.0844 
episode: 877 count: 257 score: 225.6912 average_last200: 139.6185 epis: 0.0000 loss: 31.4194 
episode: 878 count: 237 score: 232.3908 average_last200: 139.7444 epis: 0.0000 loss: 40.4295 
episode: 879 count: 240 score: 250.9603 average_last200: 141.0604 epis: 0.0000 loss: 44.2647 
episode: 880 count: 256 score: 246.8026 average_last200: 141.2926 epis: 0.0000 loss: 46.3624 
episode: 881 count: 219 score: 234.6921 average_last200: 142.5827 epis: 0.0000 loss: 42.0907 
episode: 882 count: 184 score: -0.1839 average_last200: 142.5371 epis: 0.0000 loss: 31.1504 
episode: 883 count: 259 score: 236.0585 average_last200: 142.5663 epis: 0.0000 loss: 38.6749 
episode: 884 count: 101 score: -9.5541 average_last200: 141.5100 epis: 0.0000 loss: 16.4336 
episode: 885 count: 334 score: 242.3297 average_last200: 141.5027 epis: 0.0000 loss: 54.1121 
episode: 886 count: 133 score: 5.9344 average_last200: 141.6647 epis: 0.0000 loss: 20.9287 
episode: 887 count: 292 score: 192.7924 average_last200: 141.4485 epis: 0.0000 loss: 48.8596 
episode: 888 count: 164 score: -12.1772 average_last200: 140.3354 epis: 0.0000 loss: 26.8857 
episode: 889 count: 188 score: 261.7843 average_last200: 141.8552 epis: 0.0000 loss: 24.0789 
episode: 890 count: 150 score: -3.7411 average_last200: 140.8586 epis: 0.0000 loss: 27.9805 
episode: 891 count: 192 score: -6.3147 average_last200: 142.2649 epis: 0.0000 loss: 28.2635 
episode: 892 count: 116 score: -40.3745 average_last200: 142.2995 epis: 0.0000 loss: 18.2836 
episode: 893 count: 317 score: 231.6907 average_last200: 143.4582 epis: 0.0000 loss: 52.1716 
episode: 894 count: 110 score: -45.7619 average_last200: 143.3587 epis: 0.0000 loss: 14.3436 
episode: 895 count: 155 score: 25.8099 average_last200: 142.4601 epis: 0.0000 loss: 25.0565 
episode: 896 count: 143 score: 4.8841 average_last200: 142.4040 epis: 0.0000 loss: 25.5778 
episode: 897 count: 134 score: -12.7863 average_last200: 141.1554 epis: 0.0000 loss: 29.4920 
episode: 898 count: 144 score: 22.2445 average_last200: 140.2853 epis: 0.0000 loss: 24.1843 
episode: 899 count: 121 score: -23.4121 average_last200: 140.4422 epis: 0.0000 loss: 25.5741 
episode: 900 count: 303 score: 252.0089 average_last200: 141.7935 epis: 0.0000 loss: 46.8176 
episode: 901 count: 142 score: -2.8315 average_last200: 140.6828 epis: 0.0000 loss: 27.3492 
episode: 902 count: 205 score: 45.1562 average_last200: 139.8833 epis: 0.0000 loss: 31.3156 
episode: 903 count: 89 score: -25.2235 average_last200: 138.6328 epis: 0.0000 loss: 10.0364 
episode: 904 count: 126 score: 5.8401 average_last200: 137.5463 epis: 0.0000 loss: 25.5061 
episode: 905 count: 160 score: -7.9885 average_last200: 136.4670 epis: 0.0000 loss: 30.9032 
episode: 906 count: 131 score: 8.2490 average_last200: 135.1716 epis: 0.0000 loss: 17.9460 
episode: 907 count: 392 score: 225.3937 average_last200: 135.2407 epis: 0.0000 loss: 57.6249 
episode: 908 count: 229 score: 205.3884 average_last200: 135.1429 epis: 0.0000 loss: 34.2462 
episode: 909 count: 92 score: -23.5021 average_last200: 135.1598 epis: 0.0000 loss: 17.0811 
episode: 910 count: 118 score: -3.3173 average_last200: 133.8797 epis: 0.0000 loss: 16.2173 
episode: 911 count: 169 score: 14.9964 average_last200: 133.7987 epis: 0.0000 loss: 28.3829 
episode: 912 count: 112 score: -16.6963 average_last200: 133.7733 epis: 0.0000 loss: 20.7445 
episode: 913 count: 160 score: -7.1857 average_last200: 132.6856 epis: 0.0000 loss: 33.1796 
episode: 914 count: 230 score: 224.8740 average_last200: 132.6288 epis: 0.0000 loss: 40.3825 
episode: 915 count: 147 score: -20.8158 average_last200: 131.3860 epis: 0.0000 loss: 27.1261 
episode: 916 count: 129 score: -8.9007 average_last200: 130.1376 epis: 0.0000 loss: 15.7906 
episode: 917 count: 177 score: 4.4100 average_last200: 130.0540 epis: 0.0000 loss: 32.8137 
episode: 918 count: 325 score: 229.8555 average_last200: 130.1408 epis: 0.0000 loss: 57.4959 
episode: 919 count: 169 score: -32.6879 average_last200: 128.7961 epis: 0.0000 loss: 30.1754 
episode: 920 count: 237 score: 250.0497 average_last200: 128.9336 epis: 0.0000 loss: 45.0207 
episode: 921 count: 164 score: 17.2030 average_last200: 127.8564 epis: 0.0000 loss: 33.8624 
episode: 922 count: 190 score: 249.5704 average_last200: 128.0889 epis: 0.0000 loss: 33.2963 
episode: 923 count: 221 score: 261.0742 average_last200: 129.3804 epis: 0.0000 loss: 52.1107 
episode: 924 count: 153 score: 5.8737 average_last200: 129.4653 epis: 0.0000 loss: 26.7891 
episode: 925 count: 246 score: 239.3527 average_last200: 129.5963 epis: 0.0000 loss: 45.2052 
episode: 926 count: 98 score: -14.2743 average_last200: 128.3623 epis: 0.0000 loss: 22.1365 
episode: 927 count: 263 score: 262.5142 average_last200: 129.8073 epis: 0.0000 loss: 51.4734 
episode: 928 count: 134 score: -5.3718 average_last200: 128.7173 epis: 0.0000 loss: 20.2930 
episode: 929 count: 261 score: 252.3313 average_last200: 128.9744 epis: 0.0000 loss: 34.5701 
episode: 930 count: 151 score: 17.3371 average_last200: 128.9627 epis: 0.0000 loss: 29.3749 
episode: 931 count: 124 score: -22.2219 average_last200: 127.5745 epis: 0.0000 loss: 14.1343 
episode: 932 count: 225 score: 234.3880 average_last200: 128.6125 epis: 0.0000 loss: 41.9648 
episode: 933 count: 428 score: 240.0722 average_last200: 128.8456 epis: 0.0000 loss: 71.2491 
episode: 934 count: 281 score: 236.3984 average_last200: 129.9760 epis: 0.0000 loss: 45.4512 
episode: 935 count: 131 score: 16.6252 average_last200: 129.1135 epis: 0.0000 loss: 19.5622 
episode: 936 count: 114 score: 16.4221 average_last200: 128.1130 epis: 0.0000 loss: 20.8409 
episode: 937 count: 116 score: 22.3582 average_last200: 126.9595 epis: 0.0000 loss: 26.1159 
episode: 938 count: 300 score: 227.8640 average_last200: 126.9731 epis: 0.0000 loss: 54.9161 
episode: 939 count: 278 score: 259.7762 average_last200: 127.0883 epis: 0.0000 loss: 54.5734 
episode: 940 count: 151 score: 27.0452 average_last200: 126.2018 epis: 0.0000 loss: 29.3706 
episode: 941 count: 358 score: 218.2526 average_last200: 126.1627 epis: 0.0000 loss: 59.4653 
episode: 942 count: 178 score: 23.8504 average_last200: 126.4107 epis: 0.0000 loss: 34.6084 
episode: 943 count: 175 score: -3.4828 average_last200: 125.2131 epis: 0.0000 loss: 25.5483 
episode: 944 count: 231 score: 216.5506 average_last200: 125.0962 epis: 0.0000 loss: 46.9544 
episode: 945 count: 226 score: 242.6227 average_last200: 125.2513 epis: 0.0000 loss: 38.3073 
episode: 946 count: 119 score: -16.0900 average_last200: 124.1704 epis: 0.0000 loss: 17.8520 
episode: 947 count: 172 score: -38.9082 average_last200: 122.7324 epis: 0.0000 loss: 28.2781 
episode: 948 count: 202 score: 206.3970 average_last200: 122.6158 epis: 0.0000 loss: 36.0125 
episode: 949 count: 242 score: 264.1373 average_last200: 123.9812 epis: 0.0000 loss: 40.3963 
episode: 950 count: 137 score: -16.7480 average_last200: 124.0381 epis: 0.0000 loss: 26.5934 
episode: 951 count: 119 score: -31.7433 average_last200: 123.9691 epis: 0.0000 loss: 20.8727 
episode: 952 count: 306 score: -4.7364 average_last200: 122.8872 epis: 0.0000 loss: 60.3583 
episode: 953 count: 107 score: 6.4220 average_last200: 121.7771 epis: 0.0000 loss: 13.8307 
episode: 954 count: 177 score: 222.6763 average_last200: 121.7972 epis: 0.0000 loss: 35.5865 
episode: 955 count: 210 score: 217.3553 average_last200: 122.8988 epis: 0.0000 loss: 37.1865 
episode: 956 count: 137 score: -3.4108 average_last200: 124.1205 epis: 0.0000 loss: 21.1269 
episode: 957 count: 165 score: 6.9202 average_last200: 122.9098 epis: 0.0000 loss: 22.8281 
episode: 958 count: 248 score: 225.2129 average_last200: 123.0447 epis: 0.0000 loss: 50.6855 
episode: 959 count: 102 score: -6.1534 average_last200: 121.8949 epis: 0.0000 loss: 16.4793 
episode: 960 count: 215 score: 207.0268 average_last200: 121.7691 epis: 0.0000 loss: 45.0165 
episode: 961 count: 219 score: 239.3972 average_last200: 121.8533 epis: 0.0000 loss: 38.3072 
episode: 962 count: 178 score: 30.8432 average_last200: 122.7211 epis: 0.0000 loss: 31.7755 
episode: 963 count: 494 score: 200.3612 average_last200: 123.8201 epis: 0.0000 loss: 103.7479 
episode: 964 count: 352 score: 251.1608 average_last200: 123.9936 epis: 0.0000 loss: 71.8926 
episode: 965 count: 1000 score: 95.8196 average_last200: 123.5826 epis: 0.0000 loss: 182.1970 
episode: 966 count: 258 score: 229.7494 average_last200: 124.7344 epis: 0.0000 loss: 47.6402 
episode: 967 count: 113 score: -43.2326 average_last200: 123.5357 epis: 0.0000 loss: 20.6010 
episode: 968 count: 467 score: 209.2604 average_last200: 123.4292 epis: 0.0000 loss: 85.3541 
episode: 969 count: 192 score: 219.3211 average_last200: 124.5501 epis: 0.0000 loss: 36.5262 
episode: 970 count: 156 score: -2.7984 average_last200: 124.6196 epis: 0.0000 loss: 24.4510 
episode: 971 count: 287 score: 217.8626 average_last200: 125.6330 epis: 0.0000 loss: 53.2133 
episode: 972 count: 175 score: -31.2529 average_last200: 124.5115 epis: 0.0000 loss: 32.6362 
episode: 973 count: 475 score: 248.4764 average_last200: 125.7482 epis: 0.0000 loss: 88.2963 
episode: 974 count: 269 score: 223.3170 average_last200: 126.9097 epis: 0.0000 loss: 52.7981 
episode: 975 count: 322 score: 213.6424 average_last200: 128.0056 epis: 0.0000 loss: 60.8203 
episode: 976 count: 341 score: 230.4575 average_last200: 129.1096 epis: 0.0000 loss: 58.4658 
episode: 977 count: 262 score: 219.3311 average_last200: 128.9504 epis: 0.0000 loss: 54.1300 
episode: 978 count: 171 score: 14.7987 average_last200: 129.0985 epis: 0.0000 loss: 29.2263 
episode: 979 count: 340 score: 223.3144 average_last200: 129.1586 epis: 0.0000 loss: 57.8061 
episode: 980 count: 239 score: 229.5211 average_last200: 129.0665 epis: 0.0000 loss: 48.6485 
episode: 981 count: 162 score: 15.2725 average_last200: 129.3158 epis: 0.0000 loss: 32.8249 
episode: 982 count: 161 score: 13.2237 average_last200: 128.1390 epis: 0.0000 loss: 35.9637 
episode: 983 count: 235 score: 229.2845 average_last200: 129.2551 epis: 0.0000 loss: 48.0856 
episode: 984 count: 170 score: -2.2372 average_last200: 128.1814 epis: 0.0000 loss: 33.3290 
episode: 985 count: 246 score: 228.2593 average_last200: 128.2982 epis: 0.0000 loss: 46.9205 
episode: 986 count: 109 score: -8.8141 average_last200: 127.0553 epis: 0.0000 loss: 16.2057 
episode: 987 count: 257 score: 192.9035 average_last200: 126.9529 epis: 0.0000 loss: 56.3931 
episode: 988 count: 314 score: 258.5871 average_last200: 127.0583 epis: 0.0000 loss: 53.9620 
episode: 989 count: 196 score: 23.6737 average_last200: 126.0436 epis: 0.0000 loss: 32.6235 
episode: 990 count: 122 score: -57.2767 average_last200: 125.7382 epis: 0.0000 loss: 20.3421 
episode: 991 count: 299 score: 246.4284 average_last200: 125.8164 epis: 0.0000 loss: 63.5654 
episode: 992 count: 172 score: 35.0976 average_last200: 125.9052 epis: 0.0000 loss: 31.3569 
episode: 993 count: 302 score: 212.2784 average_last200: 125.8368 epis: 0.0000 loss: 51.3884 
episode: 994 count: 284 score: 226.1921 average_last200: 125.6734 epis: 0.0000 loss: 49.8797 
episode: 995 count: 211 score: 207.7814 average_last200: 125.4877 epis: 0.0000 loss: 41.5154 
episode: 996 count: 167 score: 215.2134 average_last200: 125.2790 epis: 0.0000 loss: 31.5360 
episode: 997 count: 237 score: 238.5578 average_last200: 125.3168 epis: 0.0000 loss: 42.6853 
episode: 998 count: 239 score: 221.8243 average_last200: 125.2952 epis: 0.0000 loss: 48.8471 
episode: 999 count: 304 score: 250.0725 average_last200: 126.4912 epis: 0.0000 loss: 45.3235 
