[33mWARN: gym.spaces.Box autodetected dtype as <class 'numpy.float32'>. Please provide explicit dtype.[0m
All para: Epis 1000 memlen 100000 gamma 0.990 epsilon 0.950 alpha 0.00030 batch 30 upfreq 500
episode: 0 count: 103 score: -201.7553 average_last200: -201.7553 epis: 0.9500 loss: 0.0000 
episode: 1 count: 92 score: -168.0546 average_last200: -184.9050 epis: 0.9025 loss: 0.0000 
episode: 2 count: 73 score: -195.2148 average_last200: -188.3416 epis: 0.8574 loss: 0.0000 
episode: 3 count: 97 score: -398.9731 average_last200: -240.9995 epis: 0.8145 loss: 0.0000 
episode: 4 count: 97 score: -141.3583 average_last200: -221.0712 epis: 0.7738 loss: 0.0000 
episode: 5 count: 86 score: -360.4506 average_last200: -244.3011 epis: 0.7351 loss: 0.0000 
episode: 6 count: 79 score: -603.6250 average_last200: -295.6331 epis: 0.6983 loss: 0.0000 
episode: 7 count: 99 score: -405.7109 average_last200: -309.3928 epis: 0.6634 loss: 0.0000 
episode: 8 count: 97 score: -160.8268 average_last200: -292.8855 epis: 0.6302 loss: 0.0000 
episode: 9 count: 123 score: -174.7564 average_last200: -281.0726 epis: 0.5987 loss: 0.0000 
episode: 10 count: 95 score: -653.3816 average_last200: -314.9188 epis: 0.5688 loss: 32.0028 
episode: 11 count: 98 score: -292.4188 average_last200: -313.0438 epis: 0.5404 loss: 67.2225 
episode: 12 count: 312 score: -687.7748 average_last200: -341.8693 epis: 0.5133 loss: 164.8636 
episode: 13 count: 107 score: -87.6660 average_last200: -323.7119 epis: 0.4877 loss: 53.7069 
episode: 14 count: 164 score: -185.8653 average_last200: -314.5221 epis: 0.4633 loss: 74.5756 
episode: 15 count: 193 score: -170.1292 average_last200: -305.4976 epis: 0.4401 loss: 76.3214 
episode: 16 count: 353 score: -645.7551 average_last200: -325.5127 epis: 0.4181 loss: 133.0409 
episode: 17 count: 487 score: -75.7304 average_last200: -311.6359 epis: 0.3972 loss: 169.5333 
episode: 18 count: 311 score: -174.7159 average_last200: -304.4296 epis: 0.3774 loss: 104.2199 
episode: 19 count: 230 score: -88.9024 average_last200: -293.6533 epis: 0.3585 loss: 80.9414 
episode: 20 count: 223 score: -258.0804 average_last200: -291.9593 epis: 0.3406 loss: 77.7148 
episode: 21 count: 283 score: -16.9915 average_last200: -279.4608 epis: 0.3235 loss: 94.8871 
episode: 22 count: 293 score: -227.8987 average_last200: -277.2189 epis: 0.3074 loss: 95.9468 
episode: 23 count: 186 score: -263.0992 average_last200: -276.6306 epis: 0.2920 loss: 57.1481 
episode: 24 count: 890 score: -248.6894 average_last200: -275.5130 epis: 0.2774 loss: 280.6818 
episode: 25 count: 413 score: -102.1870 average_last200: -268.8466 epis: 0.2635 loss: 109.3490 
episode: 26 count: 229 score: -63.2449 average_last200: -261.2317 epis: 0.2503 loss: 57.6518 
episode: 27 count: 1000 score: -118.0947 average_last200: -256.1197 epis: 0.2378 loss: 266.0370 
episode: 28 count: 1000 score: -111.4719 average_last200: -251.1318 epis: 0.2259 loss: 258.5081 
episode: 29 count: 1000 score: -134.9429 average_last200: -247.2589 epis: 0.2146 loss: 237.8072 
episode: 30 count: 1000 score: -101.3964 average_last200: -242.5536 epis: 0.2039 loss: 230.4306 
episode: 31 count: 1000 score: -113.3224 average_last200: -238.5151 epis: 0.1937 loss: 211.6659 
episode: 32 count: 1000 score: -164.9574 average_last200: -236.2861 epis: 0.1840 loss: 219.9111 
episode: 33 count: 1000 score: -107.9666 average_last200: -232.5120 epis: 0.1748 loss: 209.4291 
episode: 34 count: 1000 score: -123.0997 average_last200: -229.3859 epis: 0.1661 loss: 204.9774 
episode: 35 count: 1000 score: -118.7253 average_last200: -226.3120 epis: 0.1578 loss: 199.2293 
episode: 36 count: 1000 score: -103.6592 average_last200: -222.9971 epis: 0.1499 loss: 202.5808 
episode: 37 count: 1000 score: -103.7522 average_last200: -219.8591 epis: 0.1424 loss: 198.7050 
episode: 38 count: 1000 score: -124.8675 average_last200: -217.4234 epis: 0.1353 loss: 206.0188 
episode: 39 count: 1000 score: -83.0848 average_last200: -214.0649 epis: 0.1285 loss: 191.7371 
episode: 40 count: 1000 score: -123.2922 average_last200: -211.8510 epis: 0.1221 loss: 206.6232 
episode: 41 count: 259 score: -128.7862 average_last200: -209.8732 epis: 0.1160 loss: 54.3139 
episode: 42 count: 1000 score: -133.9136 average_last200: -208.1067 epis: 0.1102 loss: 182.7500 
episode: 43 count: 1000 score: -85.8880 average_last200: -205.3290 epis: 0.1047 loss: 175.0522 
episode: 44 count: 630 score: -142.4713 average_last200: -203.9322 epis: 0.0994 loss: 114.9881 
episode: 45 count: 1000 score: -59.2059 average_last200: -200.7860 epis: 0.0945 loss: 191.3038 
episode: 46 count: 197 score: -195.0722 average_last200: -200.6644 epis: 0.0897 loss: 41.4544 
episode: 47 count: 733 score: 88.8239 average_last200: -194.6334 epis: 0.0853 loss: 143.2719 
episode: 48 count: 155 score: -101.2351 average_last200: -192.7273 epis: 0.0810 loss: 27.9782 
episode: 49 count: 544 score: 140.2933 average_last200: -186.0669 epis: 0.0769 loss: 118.7067 
episode: 50 count: 165 score: -27.3849 average_last200: -182.9555 epis: 0.0731 loss: 35.3955 
episode: 51 count: 148 score: -185.4412 average_last200: -183.0033 epis: 0.0694 loss: 31.4015 
episode: 52 count: 1000 score: -15.8029 average_last200: -179.8486 epis: 0.0660 loss: 207.7299 
episode: 53 count: 642 score: 70.8619 average_last200: -175.2058 epis: 0.0627 loss: 138.2586 
episode: 54 count: 445 score: -73.4616 average_last200: -173.3559 epis: 0.0595 loss: 83.2124 
episode: 55 count: 662 score: 152.1650 average_last200: -167.5430 epis: 0.0566 loss: 123.5935 
episode: 56 count: 267 score: -157.3163 average_last200: -167.3636 epis: 0.0537 loss: 54.3593 
episode: 57 count: 1000 score: -48.0012 average_last200: -165.3056 epis: 0.0510 loss: 204.1783 
episode: 58 count: 506 score: -59.3437 average_last200: -163.5097 epis: 0.0485 loss: 95.9067 
episode: 59 count: 873 score: -297.7704 average_last200: -165.7473 epis: 0.0461 loss: 171.3714 
episode: 60 count: 980 score: 93.8456 average_last200: -161.4917 epis: 0.0438 loss: 177.2306 
episode: 61 count: 1000 score: -105.8880 average_last200: -160.5949 epis: 0.0416 loss: 183.4748 
episode: 62 count: 1000 score: -123.3668 average_last200: -160.0040 epis: 0.0395 loss: 193.6429 
episode: 63 count: 327 score: -70.6022 average_last200: -158.6070 epis: 0.0375 loss: 66.2239 
episode: 64 count: 1000 score: -95.5694 average_last200: -157.6372 epis: 0.0356 loss: 175.4418 
episode: 65 count: 1000 score: -44.6276 average_last200: -155.9250 epis: 0.0339 loss: 184.2908 
episode: 66 count: 1000 score: -75.8709 average_last200: -154.7301 epis: 0.0322 loss: 181.3590 
episode: 67 count: 177 score: -114.3792 average_last200: -154.1367 epis: 0.0306 loss: 29.6372 
episode: 68 count: 1000 score: -81.5732 average_last200: -153.0851 epis: 0.0290 loss: 168.3037 
episode: 69 count: 1000 score: -59.7671 average_last200: -151.7520 epis: 0.0276 loss: 164.6574 
episode: 70 count: 246 score: -50.1726 average_last200: -150.3213 epis: 0.0262 loss: 36.2643 
episode: 71 count: 902 score: 77.8571 average_last200: -147.1521 epis: 0.0249 loss: 143.5856 
episode: 72 count: 266 score: -54.8227 average_last200: -145.8874 epis: 0.0236 loss: 47.6483 
episode: 73 count: 255 score: -64.9939 average_last200: -144.7942 epis: 0.0225 loss: 38.6250 
episode: 74 count: 771 score: 118.9011 average_last200: -141.2783 epis: 0.0213 loss: 122.9406 
episode: 75 count: 131 score: -127.3792 average_last200: -141.0954 epis: 0.0203 loss: 23.7324 
episode: 76 count: 150 score: -65.4895 average_last200: -140.1135 epis: 0.0193 loss: 17.3968 
episode: 77 count: 534 score: 181.2491 average_last200: -135.9934 epis: 0.0183 loss: 86.7588 
episode: 78 count: 544 score: 151.8787 average_last200: -132.3495 epis: 0.0174 loss: 85.4113 
episode: 79 count: 434 score: 225.4030 average_last200: -127.8776 epis: 0.0165 loss: 67.9799 
episode: 80 count: 306 score: -71.4426 average_last200: -127.1809 epis: 0.0157 loss: 48.4669 
episode: 81 count: 348 score: -47.8849 average_last200: -126.2138 epis: 0.0149 loss: 56.6333 
episode: 82 count: 474 score: -65.2959 average_last200: -125.4799 epis: 0.0142 loss: 89.4035 
episode: 83 count: 1000 score: -7.3142 average_last200: -124.0732 epis: 0.0135 loss: 165.6985 
episode: 84 count: 840 score: 101.5973 average_last200: -121.4182 epis: 0.0128 loss: 120.9477 
episode: 85 count: 578 score: 166.9226 average_last200: -118.0654 epis: 0.0121 loss: 87.5735 
episode: 86 count: 375 score: -5.4900 average_last200: -116.7714 epis: 0.0115 loss: 65.1002 
episode: 87 count: 133 score: -60.3752 average_last200: -116.1306 epis: 0.0110 loss: 22.7286 
episode: 88 count: 526 score: 173.0437 average_last200: -112.8814 epis: 0.0104 loss: 82.8109 
episode: 89 count: 442 score: -69.0317 average_last200: -112.3942 epis: 0.0099 loss: 72.4097 
episode: 90 count: 322 score: -66.4408 average_last200: -111.8892 epis: 0.0094 loss: 51.2649 
episode: 91 count: 299 score: -97.1008 average_last200: -111.7285 epis: 0.0089 loss: 51.9094 
episode: 92 count: 157 score: -69.9669 average_last200: -111.2794 epis: 0.0085 loss: 20.0101 
episode: 93 count: 319 score: -38.3069 average_last200: -110.5031 epis: 0.0081 loss: 49.7808 
episode: 94 count: 307 score: -47.9220 average_last200: -109.8444 epis: 0.0077 loss: 47.2296 
episode: 95 count: 287 score: -55.3381 average_last200: -109.2766 epis: 0.0073 loss: 41.3319 
episode: 96 count: 323 score: -70.9434 average_last200: -108.8814 epis: 0.0069 loss: 57.5267 
episode: 97 count: 340 score: -70.2345 average_last200: -108.4871 epis: 0.0066 loss: 55.8379 
episode: 98 count: 311 score: -33.6699 average_last200: -107.7313 epis: 0.0062 loss: 56.2544 
episode: 99 count: 593 score: -94.4672 average_last200: -107.5987 epis: 0.0059 loss: 96.5216 
episode: 100 count: 404 score: 183.1631 average_last200: -104.7199 epis: 0.0056 loss: 72.0321 
episode: 101 count: 248 score: -102.6061 average_last200: -104.6991 epis: 0.0053 loss: 42.4088 
episode: 102 count: 322 score: 9.6366 average_last200: -103.5891 epis: 0.0051 loss: 59.0825 
episode: 103 count: 237 score: -83.5786 average_last200: -103.3967 epis: 0.0048 loss: 41.7852 
episode: 104 count: 433 score: -89.7370 average_last200: -103.2666 epis: 0.0046 loss: 73.6738 
episode: 105 count: 577 score: 202.6851 average_last200: -100.3802 epis: 0.0044 loss: 107.9300 
episode: 106 count: 301 score: -25.8688 average_last200: -99.6839 epis: 0.0041 loss: 44.2686 
episode: 107 count: 367 score: -122.8951 average_last200: -99.8988 epis: 0.0039 loss: 63.8387 
episode: 108 count: 381 score: 193.6478 average_last200: -97.2057 epis: 0.0037 loss: 61.4302 
episode: 109 count: 311 score: 187.2883 average_last200: -94.6194 epis: 0.0035 loss: 53.6843 
episode: 110 count: 283 score: -41.5597 average_last200: -94.1414 epis: 0.0034 loss: 53.7496 
episode: 111 count: 296 score: 0.2960 average_last200: -93.2982 epis: 0.0032 loss: 46.1251 
episode: 112 count: 210 score: -71.8258 average_last200: -93.1082 epis: 0.0030 loss: 46.5179 
episode: 113 count: 362 score: -122.6968 average_last200: -93.3677 epis: 0.0029 loss: 76.8644 
episode: 114 count: 304 score: -100.4647 average_last200: -93.4294 epis: 0.0027 loss: 49.9500 
episode: 115 count: 324 score: -27.0576 average_last200: -92.8573 epis: 0.0026 loss: 52.4825 
episode: 116 count: 281 score: -70.7089 average_last200: -92.6680 epis: 0.0025 loss: 45.3467 
episode: 117 count: 300 score: -66.0412 average_last200: -92.4423 epis: 0.0024 loss: 44.6979 
episode: 118 count: 215 score: -78.3356 average_last200: -92.3238 epis: 0.0022 loss: 35.9311 
episode: 119 count: 609 score: -152.2177 average_last200: -92.8229 epis: 0.0021 loss: 103.6490 
episode: 120 count: 829 score: -234.5362 average_last200: -93.9941 epis: 0.0020 loss: 134.7372 
episode: 121 count: 1000 score: -109.0203 average_last200: -94.1172 epis: 0.0019 loss: 187.1518 
episode: 122 count: 643 score: 127.2528 average_last200: -92.3175 epis: 0.0018 loss: 111.0064 
episode: 123 count: 1000 score: -100.0286 average_last200: -92.3797 epis: 0.0017 loss: 183.2896 
episode: 124 count: 1000 score: -78.6319 average_last200: -92.2697 epis: 0.0016 loss: 177.0345 
episode: 125 count: 341 score: 232.6664 average_last200: -89.6908 epis: 0.0016 loss: 55.2103 
episode: 126 count: 1000 score: -66.0815 average_last200: -89.5049 epis: 0.0015 loss: 155.8861 
episode: 127 count: 230 score: 18.8260 average_last200: -88.6586 epis: 0.0014 loss: 42.4983 
episode: 128 count: 1000 score: -77.7973 average_last200: -88.5744 epis: 0.0013 loss: 184.5326 
episode: 129 count: 495 score: 207.7092 average_last200: -86.2953 epis: 0.0013 loss: 92.9555 
episode: 130 count: 376 score: 129.1271 average_last200: -84.6508 epis: 0.0012 loss: 69.6971 
episode: 131 count: 234 score: -112.6482 average_last200: -84.8629 epis: 0.0011 loss: 46.3085 
episode: 132 count: 1000 score: -33.0201 average_last200: -84.4731 epis: 0.0011 loss: 176.7416 
episode: 133 count: 1000 score: -58.7930 average_last200: -84.2815 epis: 0.0010 loss: 185.1130 
episode: 134 count: 1000 score: -54.7099 average_last200: -84.0625 epis: 0.0010 loss: 181.3332 
episode: 135 count: 1000 score: -68.1855 average_last200: -83.9457 epis: 0.0009 loss: 168.2498 
episode: 136 count: 1000 score: -73.5377 average_last200: -83.8697 epis: 0.0009 loss: 182.9907 
episode: 137 count: 1000 score: -106.2732 average_last200: -84.0321 epis: 0.0008 loss: 179.4893 
episode: 138 count: 1000 score: -73.9287 average_last200: -83.9594 epis: 0.0008 loss: 172.8120 
episode: 139 count: 1000 score: -60.9733 average_last200: -83.7952 epis: 0.0008 loss: 187.4745 
episode: 140 count: 1000 score: -45.2233 average_last200: -83.5217 epis: 0.0007 loss: 168.7822 
episode: 141 count: 1000 score: -64.7555 average_last200: -83.3895 epis: 0.0007 loss: 180.6025 
episode: 142 count: 1000 score: 15.3002 average_last200: -82.6994 epis: 0.0007 loss: 185.0843 
episode: 143 count: 1000 score: -47.4385 average_last200: -82.4545 epis: 0.0006 loss: 179.2968 
episode: 144 count: 1000 score: -55.6195 average_last200: -82.2694 epis: 0.0006 loss: 179.3345 
episode: 145 count: 1000 score: -77.1376 average_last200: -82.2343 epis: 0.0006 loss: 175.4062 
episode: 146 count: 1000 score: -51.5880 average_last200: -82.0258 epis: 0.0005 loss: 158.0627 
episode: 147 count: 1000 score: -15.4692 average_last200: -81.5761 epis: 0.0005 loss: 156.8643 
episode: 148 count: 1000 score: -95.0726 average_last200: -81.6667 epis: 0.0005 loss: 161.4540 
episode: 149 count: 1000 score: -86.8133 average_last200: -81.7010 epis: 0.0005 loss: 172.8621 
episode: 150 count: 472 score: 154.2598 average_last200: -80.1383 epis: 0.0004 loss: 77.2311 
episode: 151 count: 1000 score: -53.1076 average_last200: -79.9605 epis: 0.0004 loss: 168.6908 
episode: 152 count: 1000 score: -35.6935 average_last200: -79.6712 epis: 0.0004 loss: 154.5569 
episode: 153 count: 662 score: 211.7730 average_last200: -77.7787 epis: 0.0004 loss: 98.7462 
episode: 154 count: 1000 score: -114.2762 average_last200: -78.0141 epis: 0.0004 loss: 148.2842 
episode: 155 count: 1000 score: -41.5763 average_last200: -77.7806 epis: 0.0003 loss: 145.6907 
episode: 156 count: 582 score: 187.7977 average_last200: -76.0890 epis: 0.0003 loss: 90.4154 
episode: 157 count: 1000 score: -67.2983 average_last200: -76.0333 epis: 0.0003 loss: 149.2185 
episode: 158 count: 594 score: 173.9015 average_last200: -74.4614 epis: 0.0003 loss: 92.4180 
episode: 159 count: 503 score: 177.6093 average_last200: -72.8860 epis: 0.0003 loss: 79.1135 
episode: 160 count: 1000 score: -66.5723 average_last200: -72.8468 epis: 0.0003 loss: 155.3371 
episode: 161 count: 492 score: 195.0658 average_last200: -71.1930 epis: 0.0002 loss: 63.4854 
episode: 162 count: 1000 score: 59.2757 average_last200: -70.3926 epis: 0.0002 loss: 147.2739 
episode: 163 count: 544 score: 166.6029 average_last200: -68.9475 epis: 0.0002 loss: 86.3982 
episode: 164 count: 515 score: 158.0927 average_last200: -67.5715 epis: 0.0002 loss: 80.4595 
episode: 165 count: 525 score: 142.9359 average_last200: -66.3034 epis: 0.0002 loss: 87.1301 
episode: 166 count: 605 score: 184.2926 average_last200: -64.8028 epis: 0.0002 loss: 93.1913 
episode: 167 count: 526 score: 203.2058 average_last200: -63.2075 epis: 0.0002 loss: 78.4932 
episode: 168 count: 475 score: 142.1534 average_last200: -61.9923 epis: 0.0002 loss: 61.3195 
episode: 169 count: 708 score: 154.1494 average_last200: -60.7209 epis: 0.0002 loss: 108.7715 
episode: 170 count: 590 score: 129.3805 average_last200: -59.6092 epis: 0.0002 loss: 81.4086 
episode: 171 count: 935 score: 133.1900 average_last200: -58.4883 epis: 0.0001 loss: 125.3735 
episode: 172 count: 539 score: 226.4697 average_last200: -56.8411 epis: 0.0001 loss: 66.6251 
episode: 173 count: 575 score: 165.9772 average_last200: -55.5606 epis: 0.0001 loss: 81.5388 
episode: 174 count: 570 score: 145.5112 average_last200: -54.4116 epis: 0.0001 loss: 66.6234 
episode: 175 count: 661 score: 164.0669 average_last200: -53.1702 epis: 0.0001 loss: 81.8149 
episode: 176 count: 628 score: 165.4435 average_last200: -51.9351 epis: 0.0001 loss: 83.1160 
episode: 177 count: 750 score: 113.4259 average_last200: -51.0061 epis: 0.0001 loss: 91.9215 
episode: 178 count: 582 score: 159.9103 average_last200: -49.8278 epis: 0.0001 loss: 71.8596 
episode: 179 count: 861 score: 90.6109 average_last200: -49.0476 epis: 0.0001 loss: 97.0425 
episode: 180 count: 466 score: 198.4530 average_last200: -47.6802 epis: 0.0001 loss: 50.8044 
episode: 181 count: 624 score: 138.0339 average_last200: -46.6598 epis: 0.0001 loss: 72.9904 
episode: 182 count: 1000 score: -21.1888 average_last200: -46.5206 epis: 0.0001 loss: 119.7977 
episode: 183 count: 471 score: 210.6772 average_last200: -45.1228 epis: 0.0001 loss: 58.6138 
episode: 184 count: 823 score: 128.5736 average_last200: -44.1839 epis: 0.0001 loss: 90.0352 
episode: 185 count: 575 score: 175.7509 average_last200: -43.0014 epis: 0.0001 loss: 56.1950 
episode: 186 count: 487 score: 199.3751 average_last200: -41.7053 epis: 0.0001 loss: 62.1036 
episode: 187 count: 569 score: 155.0333 average_last200: -40.6588 epis: 0.0001 loss: 66.9204 
episode: 188 count: 685 score: 155.2761 average_last200: -39.6221 epis: 0.0001 loss: 82.7754 
episode: 189 count: 436 score: 161.0407 average_last200: -38.5660 epis: 0.0001 loss: 57.0910 
episode: 190 count: 575 score: 145.3129 average_last200: -37.6033 epis: 0.0001 loss: 65.7636 
episode: 191 count: 542 score: 168.6339 average_last200: -36.5292 epis: 0.0001 loss: 61.3132 
episode: 192 count: 478 score: 198.3073 average_last200: -35.3124 epis: 0.0001 loss: 58.1919 
episode: 193 count: 662 score: 157.0264 average_last200: -34.3209 epis: 0.0000 loss: 74.0676 
episode: 194 count: 510 score: 195.2589 average_last200: -33.1436 epis: 0.0000 loss: 61.4418 
episode: 195 count: 924 score: 113.5030 average_last200: -32.3954 epis: 0.0000 loss: 112.4717 
episode: 196 count: 367 score: 152.3730 average_last200: -31.4575 epis: 0.0000 loss: 51.0046 
episode: 197 count: 329 score: 185.9015 average_last200: -30.3597 epis: 0.0000 loss: 36.2777 
episode: 198 count: 450 score: 165.2066 average_last200: -29.3770 epis: 0.0000 loss: 48.5292 
episode: 199 count: 479 score: 193.5798 average_last200: -28.2622 epis: 0.0000 loss: 54.9530 
episode: 200 count: 943 score: -260.7109 average_last200: -28.5570 epis: 0.0000 loss: 114.4601 
episode: 201 count: 1000 score: -72.3225 average_last200: -28.0783 epis: 0.0000 loss: 127.8794 
episode: 202 count: 1000 score: -91.7794 average_last200: -27.5611 epis: 0.0000 loss: 112.6916 
episode: 203 count: 758 score: 141.3282 average_last200: -24.8596 epis: 0.0000 loss: 87.8410 
episode: 204 count: 878 score: 108.4893 average_last200: -23.6104 epis: 0.0000 loss: 106.4614 
episode: 205 count: 1000 score: -72.7744 average_last200: -22.1720 epis: 0.0000 loss: 128.6283 
episode: 206 count: 820 score: 125.1778 average_last200: -18.5280 epis: 0.0000 loss: 101.6935 
episode: 207 count: 1000 score: -73.0059 average_last200: -16.8645 epis: 0.0000 loss: 117.6590 
episode: 208 count: 167 score: -185.2794 average_last200: -16.9867 epis: 0.0000 loss: 17.3783 
episode: 209 count: 1000 score: -52.2885 average_last200: -16.3744 epis: 0.0000 loss: 112.3378 
episode: 210 count: 615 score: 148.7414 average_last200: -12.3638 epis: 0.0000 loss: 62.6326 
episode: 211 count: 588 score: 157.6203 average_last200: -10.1136 epis: 0.0000 loss: 64.4853 
episode: 212 count: 1000 score: -58.9282 average_last200: -6.9694 epis: 0.0000 loss: 102.9869 
episode: 213 count: 1000 score: -47.7030 average_last200: -6.7695 epis: 0.0000 loss: 108.2574 
episode: 214 count: 1000 score: -78.4934 average_last200: -6.2327 epis: 0.0000 loss: 102.7064 
episode: 215 count: 996 score: 73.5865 average_last200: -5.0141 epis: 0.0000 loss: 96.2893 
episode: 216 count: 1000 score: -46.0489 average_last200: -2.0156 epis: 0.0000 loss: 105.4946 
episode: 217 count: 715 score: 142.8535 average_last200: -0.9227 epis: 0.0000 loss: 73.9710 
episode: 218 count: 1000 score: -81.9220 average_last200: -0.4587 epis: 0.0000 loss: 103.8849 
episode: 219 count: 762 score: 124.4860 average_last200: 0.6083 epis: 0.0000 loss: 79.3515 
episode: 220 count: 548 score: 159.6591 average_last200: 2.6970 epis: 0.0000 loss: 57.4883 
episode: 221 count: 797 score: 125.2460 average_last200: 3.4081 epis: 0.0000 loss: 79.2723 
episode: 222 count: 1000 score: -3.9730 average_last200: 4.5278 epis: 0.0000 loss: 97.8702 
episode: 223 count: 1000 score: -88.9857 average_last200: 5.3983 epis: 0.0000 loss: 107.9318 
episode: 224 count: 688 score: 170.2808 average_last200: 7.4932 epis: 0.0000 loss: 77.9000 
episode: 225 count: 1000 score: -90.0634 average_last200: 7.5538 epis: 0.0000 loss: 103.9661 
episode: 226 count: 1000 score: -72.8317 average_last200: 7.5059 epis: 0.0000 loss: 106.6622 
episode: 227 count: 810 score: 173.2205 average_last200: 8.9624 epis: 0.0000 loss: 88.3897 
episode: 228 count: 638 score: 169.9380 average_last200: 10.3695 epis: 0.0000 loss: 72.3065 
episode: 229 count: 798 score: 140.0200 average_last200: 11.7443 epis: 0.0000 loss: 80.3769 
episode: 230 count: 402 score: 211.5775 average_last200: 13.3092 epis: 0.0000 loss: 44.8463 
episode: 231 count: 611 score: 148.1730 average_last200: 14.6167 epis: 0.0000 loss: 65.8010 
episode: 232 count: 462 score: 218.9824 average_last200: 16.5364 epis: 0.0000 loss: 52.6294 
episode: 233 count: 548 score: 172.9403 average_last200: 17.9409 epis: 0.0000 loss: 58.6355 
episode: 234 count: 659 score: 157.0175 average_last200: 19.3415 epis: 0.0000 loss: 70.0130 
episode: 235 count: 764 score: 127.7613 average_last200: 20.5739 epis: 0.0000 loss: 78.9039 
episode: 236 count: 575 score: 152.4698 average_last200: 21.8546 epis: 0.0000 loss: 70.1939 
episode: 237 count: 1000 score: -70.6977 average_last200: 22.0198 epis: 0.0000 loss: 122.3210 
episode: 238 count: 929 score: 89.2397 average_last200: 23.0904 epis: 0.0000 loss: 100.0389 
episode: 239 count: 826 score: 108.3204 average_last200: 24.0474 epis: 0.0000 loss: 89.4390 
episode: 240 count: 948 score: 103.1842 average_last200: 25.1798 epis: 0.0000 loss: 100.6026 
episode: 241 count: 645 score: 124.6750 average_last200: 26.4471 epis: 0.0000 loss: 73.2338 
episode: 242 count: 694 score: 131.1579 average_last200: 27.7724 epis: 0.0000 loss: 83.6889 
episode: 243 count: 702 score: 163.4988 average_last200: 29.0194 epis: 0.0000 loss: 68.1484 
episode: 244 count: 653 score: 181.6533 average_last200: 30.6400 epis: 0.0000 loss: 66.1688 
episode: 245 count: 1000 score: 23.8198 average_last200: 31.0551 epis: 0.0000 loss: 108.3695 
episode: 246 count: 1000 score: -58.2501 average_last200: 31.7392 epis: 0.0000 loss: 106.3729 
episode: 247 count: 547 score: 210.5190 average_last200: 32.3477 epis: 0.0000 loss: 51.1373 
episode: 248 count: 509 score: 191.7747 average_last200: 33.8128 epis: 0.0000 loss: 46.5133 
episode: 249 count: 1000 score: -79.6288 average_last200: 32.7131 epis: 0.0000 loss: 103.7120 
episode: 250 count: 1000 score: -14.9388 average_last200: 32.7754 epis: 0.0000 loss: 97.7763 
episode: 251 count: 829 score: 133.4075 average_last200: 34.3696 epis: 0.0000 loss: 79.2332 
episode: 252 count: 710 score: 92.2002 average_last200: 34.9096 epis: 0.0000 loss: 65.2837 
episode: 253 count: 695 score: 143.5177 average_last200: 35.2729 epis: 0.0000 loss: 72.9250 
episode: 254 count: 581 score: 151.0126 average_last200: 36.3953 epis: 0.0000 loss: 56.0766 
episode: 255 count: 496 score: 158.5924 average_last200: 36.4274 epis: 0.0000 loss: 43.8363 
episode: 256 count: 1000 score: 4.2344 average_last200: 37.2352 epis: 0.0000 loss: 96.3705 
episode: 257 count: 567 score: 191.8680 average_last200: 38.4345 epis: 0.0000 loss: 57.0164 
episode: 258 count: 522 score: 205.6989 average_last200: 39.7597 epis: 0.0000 loss: 52.3118 
episode: 259 count: 1000 score: -94.4509 average_last200: 40.7763 epis: 0.0000 loss: 95.6582 
episode: 260 count: 753 score: 141.2630 average_last200: 41.0134 epis: 0.0000 loss: 73.8537 
episode: 261 count: 547 score: 132.3906 average_last200: 42.2048 epis: 0.0000 loss: 49.9610 
episode: 262 count: 1000 score: -77.8916 average_last200: 42.4322 epis: 0.0000 loss: 101.0209 
episode: 263 count: 487 score: 162.5914 average_last200: 43.5982 epis: 0.0000 loss: 44.5227 
episode: 264 count: 375 score: 207.2363 average_last200: 45.1122 epis: 0.0000 loss: 36.1491 
episode: 265 count: 481 score: 161.7618 average_last200: 46.1441 epis: 0.0000 loss: 52.8760 
episode: 266 count: 893 score: 111.9708 average_last200: 47.0833 epis: 0.0000 loss: 88.5845 
episode: 267 count: 436 score: 189.4127 average_last200: 48.6023 epis: 0.0000 loss: 40.3163 
episode: 268 count: 500 score: 195.8208 average_last200: 49.9893 epis: 0.0000 loss: 47.8279 
episode: 269 count: 641 score: 153.6717 average_last200: 51.0565 epis: 0.0000 loss: 62.9934 
episode: 270 count: 739 score: 108.1740 average_last200: 51.8482 epis: 0.0000 loss: 78.4460 
episode: 271 count: 463 score: 143.4654 average_last200: 52.1762 epis: 0.0000 loss: 40.5324 
episode: 272 count: 949 score: 94.0309 average_last200: 52.9205 epis: 0.0000 loss: 100.3285 
episode: 273 count: 643 score: 158.0056 average_last200: 54.0355 epis: 0.0000 loss: 64.2084 
episode: 274 count: 578 score: 143.5001 average_last200: 54.1585 epis: 0.0000 loss: 61.3656 
episode: 275 count: 436 score: 218.5144 average_last200: 55.8880 epis: 0.0000 loss: 40.7084 
episode: 276 count: 783 score: 138.9227 average_last200: 56.9100 epis: 0.0000 loss: 74.1539 
episode: 277 count: 577 score: 166.7506 average_last200: 56.8375 epis: 0.0000 loss: 62.0774 
episode: 278 count: 370 score: 197.6195 average_last200: 57.0662 epis: 0.0000 loss: 34.8292 
episode: 279 count: 744 score: 170.7088 average_last200: 56.7928 epis: 0.0000 loss: 79.8462 
episode: 280 count: 787 score: 132.9177 average_last200: 57.8146 epis: 0.0000 loss: 82.4111 
episode: 281 count: 474 score: 199.5827 average_last200: 59.0519 epis: 0.0000 loss: 54.2904 
episode: 282 count: 674 score: 177.3617 average_last200: 60.2652 epis: 0.0000 loss: 74.4232 
episode: 283 count: 481 score: 170.8210 average_last200: 61.1559 epis: 0.0000 loss: 46.3262 
episode: 284 count: 400 score: 165.5770 average_last200: 61.4758 epis: 0.0000 loss: 44.9907 
episode: 285 count: 793 score: 127.5643 average_last200: 61.2790 epis: 0.0000 loss: 88.7865 
episode: 286 count: 440 score: 186.0354 average_last200: 62.2366 epis: 0.0000 loss: 44.8226 
episode: 287 count: 366 score: 195.3693 average_last200: 63.5153 epis: 0.0000 loss: 38.4055 
episode: 288 count: 587 score: 195.5510 average_last200: 63.6279 epis: 0.0000 loss: 71.6813 
episode: 289 count: 356 score: 166.1270 average_last200: 64.8037 epis: 0.0000 loss: 40.4699 
episode: 290 count: 570 score: 145.6912 average_last200: 65.8643 epis: 0.0000 loss: 61.3021 
episode: 291 count: 450 score: 217.4225 average_last200: 67.4369 epis: 0.0000 loss: 47.0757 
episode: 292 count: 1000 score: 29.1980 average_last200: 67.9328 epis: 0.0000 loss: 99.8724 
episode: 293 count: 550 score: 192.8498 average_last200: 69.0885 epis: 0.0000 loss: 66.6519 
episode: 294 count: 487 score: 212.9491 average_last200: 70.3929 epis: 0.0000 loss: 51.6064 
episode: 295 count: 459 score: 199.4043 average_last200: 71.6666 epis: 0.0000 loss: 48.2330 
episode: 296 count: 423 score: 176.9174 average_last200: 72.9059 epis: 0.0000 loss: 47.3068 
episode: 297 count: 561 score: 189.8823 average_last200: 74.2065 epis: 0.0000 loss: 64.6206 
episode: 298 count: 337 score: 186.3940 average_last200: 75.3068 epis: 0.0000 loss: 38.0029 
episode: 299 count: 787 score: 103.0046 average_last200: 76.2942 epis: 0.0000 loss: 83.8852 
episode: 300 count: 1000 score: -75.1150 average_last200: 75.0028 epis: 0.0000 loss: 114.5679 
episode: 301 count: 1000 score: -97.2754 average_last200: 75.0294 epis: 0.0000 loss: 101.8350 
episode: 302 count: 700 score: 165.8239 average_last200: 75.8104 epis: 0.0000 loss: 75.3340 
episode: 303 count: 390 score: 202.5457 average_last200: 77.2410 epis: 0.0000 loss: 42.1237 
episode: 304 count: 422 score: 195.8661 average_last200: 78.6690 epis: 0.0000 loss: 47.9894 
episode: 305 count: 409 score: 176.7827 average_last200: 78.5395 epis: 0.0000 loss: 47.1919 
episode: 306 count: 486 score: 190.1583 average_last200: 79.6196 epis: 0.0000 loss: 50.5823 
episode: 307 count: 624 score: 139.1834 average_last200: 80.9300 epis: 0.0000 loss: 76.5809 
episode: 308 count: 444 score: 203.4470 average_last200: 80.9790 epis: 0.0000 loss: 49.9983 
episode: 309 count: 443 score: 215.1758 average_last200: 81.1185 epis: 0.0000 loss: 51.4474 
episode: 310 count: 326 score: 196.6123 average_last200: 82.3093 epis: 0.0000 loss: 34.4291 
episode: 311 count: 475 score: 198.6947 average_last200: 83.3013 epis: 0.0000 loss: 46.3754 
episode: 312 count: 312 score: 210.7353 average_last200: 84.7141 epis: 0.0000 loss: 29.8231 
episode: 313 count: 385 score: 204.3843 average_last200: 86.3495 epis: 0.0000 loss: 44.1942 
episode: 314 count: 532 score: 159.7637 average_last200: 87.6507 epis: 0.0000 loss: 61.0116 
episode: 315 count: 597 score: 164.5238 average_last200: 88.6086 epis: 0.0000 loss: 69.3166 
episode: 316 count: 453 score: 211.8414 average_last200: 90.0213 epis: 0.0000 loss: 51.1051 
episode: 317 count: 453 score: 187.3964 average_last200: 91.2885 epis: 0.0000 loss: 54.2432 
episode: 318 count: 769 score: 167.5333 average_last200: 92.5179 epis: 0.0000 loss: 83.8610 
episode: 319 count: 629 score: 183.9726 average_last200: 94.1988 epis: 0.0000 loss: 73.3124 
episode: 320 count: 294 score: 184.8385 average_last200: 96.2957 epis: 0.0000 loss: 32.5123 
episode: 321 count: 427 score: 232.6070 average_last200: 98.0038 epis: 0.0000 loss: 54.5160 
episode: 322 count: 560 score: 157.4343 average_last200: 98.1547 epis: 0.0000 loss: 65.5978 
episode: 323 count: 581 score: 185.7093 average_last200: 99.5834 epis: 0.0000 loss: 59.7007 
episode: 324 count: 714 score: 148.0494 average_last200: 100.7168 epis: 0.0000 loss: 75.2162 
episode: 325 count: 470 score: 203.4016 average_last200: 100.5705 epis: 0.0000 loss: 57.2072 
episode: 326 count: 257 score: 193.6712 average_last200: 101.8693 epis: 0.0000 loss: 27.3224 
episode: 327 count: 507 score: 183.5156 average_last200: 102.6927 epis: 0.0000 loss: 45.0828 
episode: 328 count: 397 score: 159.9564 average_last200: 103.8815 epis: 0.0000 loss: 43.6617 
episode: 329 count: 325 score: 178.9565 average_last200: 103.7377 epis: 0.0000 loss: 40.1711 
episode: 330 count: 554 score: 162.4544 average_last200: 103.9044 epis: 0.0000 loss: 64.4541 
episode: 331 count: 459 score: 202.0048 average_last200: 105.4776 epis: 0.0000 loss: 48.1496 
episode: 332 count: 492 score: 212.9363 average_last200: 106.7074 epis: 0.0000 loss: 54.6634 
episode: 333 count: 384 score: 197.0369 average_last200: 107.9865 epis: 0.0000 loss: 38.5490 
episode: 334 count: 383 score: 194.9179 average_last200: 109.2347 epis: 0.0000 loss: 37.7518 
episode: 335 count: 312 score: 197.6380 average_last200: 110.5638 epis: 0.0000 loss: 33.7021 
episode: 336 count: 611 score: 174.8372 average_last200: 111.8057 epis: 0.0000 loss: 71.2689 
episode: 337 count: 563 score: 185.9224 average_last200: 113.2667 epis: 0.0000 loss: 66.0384 
episode: 338 count: 577 score: 200.3111 average_last200: 114.6379 epis: 0.0000 loss: 59.3948 
episode: 339 count: 445 score: 228.5346 average_last200: 116.0854 epis: 0.0000 loss: 54.9331 
episode: 340 count: 551 score: 182.3916 average_last200: 117.2235 epis: 0.0000 loss: 57.7252 
episode: 341 count: 567 score: 153.8025 average_last200: 118.3163 epis: 0.0000 loss: 58.3006 
episode: 342 count: 451 score: 212.2429 average_last200: 119.3010 epis: 0.0000 loss: 48.1482 
episode: 343 count: 404 score: 206.3601 average_last200: 120.5700 epis: 0.0000 loss: 47.9681 
episode: 344 count: 668 score: 132.6795 average_last200: 121.5115 epis: 0.0000 loss: 70.7731 
episode: 345 count: 358 score: 218.1002 average_last200: 122.9877 epis: 0.0000 loss: 43.4801 
episode: 346 count: 540 score: 184.6674 average_last200: 124.1689 epis: 0.0000 loss: 60.5498 
episode: 347 count: 396 score: 201.6024 average_last200: 125.2543 epis: 0.0000 loss: 51.2510 
episode: 348 count: 485 score: 194.4960 average_last200: 126.7021 epis: 0.0000 loss: 47.0250 
episode: 349 count: 352 score: 187.2328 average_last200: 128.0724 epis: 0.0000 loss: 32.8790 
episode: 350 count: 515 score: 167.2768 average_last200: 128.1374 epis: 0.0000 loss: 58.1258 
episode: 351 count: 428 score: 183.4302 average_last200: 129.3201 epis: 0.0000 loss: 40.9517 
episode: 352 count: 356 score: 163.0625 average_last200: 130.3139 epis: 0.0000 loss: 33.3227 
episode: 353 count: 382 score: 206.6915 average_last200: 130.2885 epis: 0.0000 loss: 36.5112 
episode: 354 count: 694 score: 192.6775 average_last200: 131.8233 epis: 0.0000 loss: 76.1635 
episode: 355 count: 402 score: 229.6213 average_last200: 133.1793 epis: 0.0000 loss: 45.9421 
episode: 356 count: 604 score: 208.4715 average_last200: 133.2826 epis: 0.0000 loss: 64.6044 
episode: 357 count: 1000 score: 62.1995 average_last200: 133.9301 epis: 0.0000 loss: 97.3882 
episode: 358 count: 532 score: 213.7940 average_last200: 134.1296 epis: 0.0000 loss: 60.6129 
episode: 359 count: 878 score: 111.1873 average_last200: 133.7975 epis: 0.0000 loss: 94.8371 
episode: 360 count: 676 score: 179.7260 average_last200: 135.0290 epis: 0.0000 loss: 67.9419 
episode: 361 count: 345 score: 213.5589 average_last200: 135.1214 epis: 0.0000 loss: 34.7028 
episode: 362 count: 293 score: 196.1705 average_last200: 135.8059 epis: 0.0000 loss: 26.5976 
episode: 363 count: 389 score: 177.4668 average_last200: 135.8602 epis: 0.0000 loss: 36.4578 
episode: 364 count: 310 score: 214.3777 average_last200: 136.1416 epis: 0.0000 loss: 32.6981 
episode: 365 count: 377 score: 206.7782 average_last200: 136.4609 epis: 0.0000 loss: 48.5240 
episode: 366 count: 374 score: 174.0564 average_last200: 136.4097 epis: 0.0000 loss: 40.0476 
episode: 367 count: 314 score: 180.9520 average_last200: 136.2984 epis: 0.0000 loss: 37.0356 
episode: 368 count: 442 score: 169.0850 average_last200: 136.4331 epis: 0.0000 loss: 38.9632 
episode: 369 count: 380 score: 190.3255 average_last200: 136.6139 epis: 0.0000 loss: 42.2947 
episode: 370 count: 245 score: 209.0258 average_last200: 137.0122 epis: 0.0000 loss: 24.2155 
episode: 371 count: 545 score: 220.5140 average_last200: 137.4488 epis: 0.0000 loss: 60.5420 
episode: 372 count: 673 score: 173.2495 average_last200: 137.1827 epis: 0.0000 loss: 76.8713 
episode: 373 count: 613 score: 163.2202 average_last200: 137.1689 epis: 0.0000 loss: 69.6999 
episode: 374 count: 378 score: 179.0540 average_last200: 137.3366 epis: 0.0000 loss: 36.7898 
episode: 375 count: 410 score: 230.6487 average_last200: 137.6695 epis: 0.0000 loss: 44.8389 
episode: 376 count: 322 score: 195.5679 average_last200: 137.8202 epis: 0.0000 loss: 32.0841 
episode: 377 count: 511 score: 162.9020 average_last200: 138.0675 epis: 0.0000 loss: 60.7998 
episode: 378 count: 446 score: 208.8480 average_last200: 138.3122 epis: 0.0000 loss: 45.6353 
episode: 379 count: 528 score: 197.3851 average_last200: 138.8461 epis: 0.0000 loss: 58.3527 
episode: 380 count: 451 score: 189.4134 average_last200: 138.8009 epis: 0.0000 loss: 45.0473 
episode: 381 count: 593 score: 150.5690 average_last200: 138.8636 epis: 0.0000 loss: 68.8536 
episode: 382 count: 502 score: 200.4425 average_last200: 139.9717 epis: 0.0000 loss: 52.4314 
episode: 383 count: 1000 score: 80.6485 average_last200: 139.3216 epis: 0.0000 loss: 105.0168 
episode: 384 count: 434 score: 209.6856 average_last200: 139.7271 epis: 0.0000 loss: 39.2200 
episode: 385 count: 391 score: 188.0111 average_last200: 139.7884 epis: 0.0000 loss: 48.9942 
episode: 386 count: 293 score: 241.0264 average_last200: 139.9967 epis: 0.0000 loss: 35.8234 
episode: 387 count: 606 score: 198.7015 average_last200: 140.2150 epis: 0.0000 loss: 67.1429 
episode: 388 count: 410 score: 233.2797 average_last200: 140.6051 epis: 0.0000 loss: 45.0607 
episode: 389 count: 462 score: 171.3901 average_last200: 140.6568 epis: 0.0000 loss: 47.3730 
episode: 390 count: 812 score: 141.6936 average_last200: 140.6387 epis: 0.0000 loss: 95.0206 
episode: 391 count: 333 score: 177.1776 average_last200: 140.6814 epis: 0.0000 loss: 33.5377 
episode: 392 count: 445 score: 204.9737 average_last200: 140.7148 epis: 0.0000 loss: 47.6563 
episode: 393 count: 648 score: 123.6737 average_last200: 140.5480 epis: 0.0000 loss: 65.4338 
episode: 394 count: 566 score: 195.6582 average_last200: 140.5500 epis: 0.0000 loss: 62.1571 
episode: 395 count: 377 score: 194.2207 average_last200: 140.9536 epis: 0.0000 loss: 41.3578 
episode: 396 count: 883 score: 148.7885 average_last200: 140.9357 epis: 0.0000 loss: 98.7693 
episode: 397 count: 677 score: 150.4604 average_last200: 140.7585 epis: 0.0000 loss: 68.4219 
episode: 398 count: 450 score: 192.5828 average_last200: 140.8953 epis: 0.0000 loss: 49.0838 
episode: 399 count: 437 score: 193.7975 average_last200: 140.8964 epis: 0.0000 loss: 39.1193 
episode: 400 count: 318 score: 197.4174 average_last200: 143.1871 epis: 0.0000 loss: 31.4127 
episode: 401 count: 741 score: 134.2764 average_last200: 144.2201 epis: 0.0000 loss: 74.6241 
episode: 402 count: 300 score: 242.7277 average_last200: 145.8926 epis: 0.0000 loss: 33.2244 
episode: 403 count: 443 score: 230.6696 average_last200: 146.3393 epis: 0.0000 loss: 45.3337 
episode: 404 count: 423 score: 185.6115 average_last200: 146.7249 epis: 0.0000 loss: 40.9787 
episode: 405 count: 370 score: 202.6964 average_last200: 148.1023 epis: 0.0000 loss: 44.1730 
episode: 406 count: 684 score: 144.1889 average_last200: 148.1973 epis: 0.0000 loss: 62.8671 
episode: 407 count: 391 score: 216.8835 average_last200: 149.6468 epis: 0.0000 loss: 43.6958 
episode: 408 count: 455 score: 192.1972 average_last200: 151.5342 epis: 0.0000 loss: 44.4014 
episode: 409 count: 329 score: 200.0437 average_last200: 152.7958 epis: 0.0000 loss: 41.7700 
episode: 410 count: 1000 score: -47.2764 average_last200: 151.8157 epis: 0.0000 loss: 103.9138 
episode: 411 count: 371 score: 239.2955 average_last200: 152.2241 epis: 0.0000 loss: 38.9162 
episode: 412 count: 663 score: 125.8138 average_last200: 153.1478 epis: 0.0000 loss: 63.2742 
episode: 413 count: 339 score: 188.1541 average_last200: 154.3271 epis: 0.0000 loss: 40.0441 
episode: 414 count: 415 score: 174.6989 average_last200: 155.5931 epis: 0.0000 loss: 45.0107 
episode: 415 count: 474 score: 231.8619 average_last200: 156.3844 epis: 0.0000 loss: 38.3478 
episode: 416 count: 286 score: 195.0668 average_last200: 157.5900 epis: 0.0000 loss: 31.9174 
episode: 417 count: 313 score: 192.2489 average_last200: 157.8370 epis: 0.0000 loss: 32.5035 
episode: 418 count: 923 score: 111.4825 average_last200: 158.8040 epis: 0.0000 loss: 95.4836 
episode: 419 count: 800 score: 208.2147 average_last200: 159.2227 epis: 0.0000 loss: 75.9945 
episode: 420 count: 273 score: 199.0933 average_last200: 159.4198 epis: 0.0000 loss: 29.3501 
episode: 421 count: 747 score: 127.3324 average_last200: 159.4303 epis: 0.0000 loss: 79.7097 
episode: 422 count: 517 score: 210.7430 average_last200: 160.5038 epis: 0.0000 loss: 46.2777 
episode: 423 count: 474 score: 187.9058 average_last200: 161.8883 epis: 0.0000 loss: 46.9274 
episode: 424 count: 459 score: 164.3968 average_last200: 161.8589 epis: 0.0000 loss: 45.8383 
episode: 425 count: 350 score: 251.4766 average_last200: 163.5666 epis: 0.0000 loss: 34.3926 
episode: 426 count: 403 score: 176.4498 average_last200: 164.8130 epis: 0.0000 loss: 43.9278 
episode: 427 count: 427 score: 221.9273 average_last200: 165.0565 epis: 0.0000 loss: 51.4735 
episode: 428 count: 408 score: 228.7488 average_last200: 165.3506 epis: 0.0000 loss: 40.8320 
episode: 429 count: 369 score: 226.5549 average_last200: 165.7832 epis: 0.0000 loss: 44.9485 
episode: 430 count: 326 score: 198.9334 average_last200: 165.7200 epis: 0.0000 loss: 35.5442 
episode: 431 count: 312 score: 187.2937 average_last200: 165.9156 epis: 0.0000 loss: 34.3450 
episode: 432 count: 441 score: 169.4969 average_last200: 165.6682 epis: 0.0000 loss: 32.5673 
episode: 433 count: 638 score: 149.4207 average_last200: 165.5506 epis: 0.0000 loss: 60.3231 
episode: 434 count: 787 score: 111.0460 average_last200: 165.3207 epis: 0.0000 loss: 77.2701 
episode: 435 count: 799 score: 93.9775 average_last200: 165.1518 epis: 0.0000 loss: 81.3194 
episode: 436 count: 437 score: 209.8561 average_last200: 165.4388 epis: 0.0000 loss: 40.0309 
episode: 437 count: 628 score: 144.5448 average_last200: 166.5150 epis: 0.0000 loss: 65.2353 
episode: 438 count: 379 score: 210.4481 average_last200: 167.1210 epis: 0.0000 loss: 44.5651 
episode: 439 count: 454 score: 158.8046 average_last200: 167.3734 epis: 0.0000 loss: 52.5702 
episode: 440 count: 406 score: 178.3387 average_last200: 167.7492 epis: 0.0000 loss: 38.9701 
episode: 441 count: 841 score: 140.8666 average_last200: 167.8302 epis: 0.0000 loss: 85.3004 
episode: 442 count: 593 score: 152.3201 average_last200: 167.9360 epis: 0.0000 loss: 65.3491 
episode: 443 count: 1000 score: -37.2181 average_last200: 166.9324 epis: 0.0000 loss: 109.6534 
episode: 444 count: 845 score: 100.4076 average_last200: 166.5262 epis: 0.0000 loss: 101.6645 
episode: 445 count: 1000 score: -63.2827 average_last200: 166.0907 epis: 0.0000 loss: 97.8075 
episode: 446 count: 1000 score: 13.7554 average_last200: 166.4507 epis: 0.0000 loss: 102.9312 
episode: 447 count: 805 score: 113.1182 average_last200: 165.9637 epis: 0.0000 loss: 87.5677 
episode: 448 count: 402 score: 217.0816 average_last200: 166.0902 epis: 0.0000 loss: 38.1536 
episode: 449 count: 380 score: 184.4726 average_last200: 167.4107 epis: 0.0000 loss: 43.2162 
episode: 450 count: 430 score: 190.1052 average_last200: 168.4359 epis: 0.0000 loss: 40.7727 
episode: 451 count: 569 score: 225.1236 average_last200: 168.8945 epis: 0.0000 loss: 59.1816 
episode: 452 count: 332 score: 182.3182 average_last200: 169.3451 epis: 0.0000 loss: 31.7961 
episode: 453 count: 432 score: 178.6834 average_last200: 169.5209 epis: 0.0000 loss: 43.8170 
episode: 454 count: 702 score: 141.0555 average_last200: 169.4712 epis: 0.0000 loss: 68.5472 
episode: 455 count: 368 score: 237.8394 average_last200: 169.8674 epis: 0.0000 loss: 34.6193 
episode: 456 count: 726 score: 139.0380 average_last200: 170.5414 epis: 0.0000 loss: 77.8225 
episode: 457 count: 792 score: 101.5446 average_last200: 170.0898 epis: 0.0000 loss: 75.8381 
episode: 458 count: 365 score: 224.1654 average_last200: 170.1821 epis: 0.0000 loss: 36.4994 
episode: 459 count: 257 score: -26.1385 average_last200: 170.5237 epis: 0.0000 loss: 27.8193 
episode: 460 count: 336 score: 7.5463 average_last200: 169.8551 epis: 0.0000 loss: 33.1221 
episode: 461 count: 326 score: 213.0827 average_last200: 170.2586 epis: 0.0000 loss: 32.7485 
episode: 462 count: 331 score: 201.4065 average_last200: 171.6550 epis: 0.0000 loss: 42.0248 
episode: 463 count: 1000 score: 26.5165 average_last200: 170.9747 epis: 0.0000 loss: 100.3731 
episode: 464 count: 268 score: -36.2687 average_last200: 169.7571 epis: 0.0000 loss: 24.8285 
episode: 465 count: 281 score: -26.8371 average_last200: 168.8142 epis: 0.0000 loss: 34.1275 
episode: 466 count: 574 score: 173.3157 average_last200: 169.1209 epis: 0.0000 loss: 62.8222 
episode: 467 count: 369 score: 242.7302 average_last200: 169.3875 epis: 0.0000 loss: 33.8248 
episode: 468 count: 442 score: 174.7269 average_last200: 169.2820 epis: 0.0000 loss: 46.9284 
episode: 469 count: 511 score: 207.2163 average_last200: 169.5497 epis: 0.0000 loss: 48.7952 
episode: 470 count: 513 score: 163.4063 average_last200: 169.8259 epis: 0.0000 loss: 53.0984 
episode: 471 count: 768 score: 128.2646 average_last200: 169.7499 epis: 0.0000 loss: 74.3388 
episode: 472 count: 678 score: 141.7342 average_last200: 169.9884 epis: 0.0000 loss: 75.7103 
episode: 473 count: 243 score: -47.8201 average_last200: 168.9593 epis: 0.0000 loss: 22.7594 
episode: 474 count: 370 score: 249.8633 average_last200: 169.4911 epis: 0.0000 loss: 35.1945 
episode: 475 count: 322 score: 141.1217 average_last200: 169.1041 epis: 0.0000 loss: 38.9982 
episode: 476 count: 446 score: 212.5360 average_last200: 169.4722 epis: 0.0000 loss: 47.8747 
episode: 477 count: 352 score: 245.8829 average_last200: 169.8678 epis: 0.0000 loss: 31.2594 
episode: 478 count: 394 score: 230.6982 average_last200: 170.0332 epis: 0.0000 loss: 32.5100 
episode: 479 count: 345 score: 222.6158 average_last200: 170.2928 epis: 0.0000 loss: 38.2101 
episode: 480 count: 295 score: -48.4382 average_last200: 169.3860 epis: 0.0000 loss: 31.3589 
episode: 481 count: 501 score: 180.8165 average_last200: 169.2922 epis: 0.0000 loss: 54.4576 
episode: 482 count: 488 score: 184.6203 average_last200: 169.3285 epis: 0.0000 loss: 52.2351 
episode: 483 count: 444 score: 198.1995 average_last200: 169.4654 epis: 0.0000 loss: 43.7414 
episode: 484 count: 491 score: 186.8606 average_last200: 169.5718 epis: 0.0000 loss: 56.4360 
episode: 485 count: 260 score: 17.6068 average_last200: 169.0220 epis: 0.0000 loss: 26.4114 
episode: 486 count: 312 score: 185.1417 average_last200: 169.0175 epis: 0.0000 loss: 33.8455 
episode: 487 count: 532 score: 157.1196 average_last200: 168.8263 epis: 0.0000 loss: 51.9000 
episode: 488 count: 368 score: 182.6770 average_last200: 168.7619 epis: 0.0000 loss: 41.7773 
episode: 489 count: 564 score: 148.4533 average_last200: 168.6735 epis: 0.0000 loss: 55.3464 
episode: 490 count: 696 score: 155.6825 average_last200: 168.7235 epis: 0.0000 loss: 65.5231 
episode: 491 count: 234 score: 1.3557 average_last200: 167.6431 epis: 0.0000 loss: 23.5435 
episode: 492 count: 350 score: 200.1422 average_last200: 168.4979 epis: 0.0000 loss: 36.2305 
episode: 493 count: 530 score: 139.1834 average_last200: 168.2295 epis: 0.0000 loss: 54.4722 
episode: 494 count: 383 score: 166.7268 average_last200: 167.9984 epis: 0.0000 loss: 27.6950 
episode: 495 count: 540 score: 162.3747 average_last200: 167.8133 epis: 0.0000 loss: 45.3388 
episode: 496 count: 482 score: 182.7271 average_last200: 167.8423 epis: 0.0000 loss: 48.5711 
episode: 497 count: 485 score: 215.4740 average_last200: 167.9703 epis: 0.0000 loss: 56.9506 
episode: 498 count: 390 score: 174.8628 average_last200: 167.9126 epis: 0.0000 loss: 38.1068 
episode: 499 count: 1000 score: 35.0609 average_last200: 167.5729 epis: 0.0000 loss: 94.8023 
episode: 500 count: 333 score: 193.1299 average_last200: 168.9141 epis: 0.0000 loss: 29.4043 
episode: 501 count: 452 score: 129.9448 average_last200: 170.0502 epis: 0.0000 loss: 46.0827 
episode: 502 count: 284 score: 178.2305 average_last200: 170.1123 epis: 0.0000 loss: 29.9139 
episode: 503 count: 469 score: 210.2436 average_last200: 170.1508 epis: 0.0000 loss: 43.9306 
episode: 504 count: 396 score: 181.7424 average_last200: 170.0801 epis: 0.0000 loss: 43.4513 
episode: 505 count: 386 score: 179.1748 average_last200: 170.0921 epis: 0.0000 loss: 39.0135 
episode: 506 count: 473 score: -68.7334 average_last200: 168.7976 epis: 0.0000 loss: 41.4412 
episode: 507 count: 446 score: 210.2988 average_last200: 169.1532 epis: 0.0000 loss: 50.9380 
episode: 508 count: 339 score: 221.1466 average_last200: 169.2417 epis: 0.0000 loss: 29.4902 
episode: 509 count: 459 score: 148.1611 average_last200: 168.9066 epis: 0.0000 loss: 41.4145 
episode: 510 count: 398 score: 211.1766 average_last200: 168.9795 epis: 0.0000 loss: 45.7724 
episode: 511 count: 465 score: 195.8720 average_last200: 168.9654 epis: 0.0000 loss: 45.2518 
episode: 512 count: 475 score: 175.6347 average_last200: 168.7898 epis: 0.0000 loss: 39.6344 
episode: 513 count: 453 score: -74.3412 average_last200: 167.3962 epis: 0.0000 loss: 44.5016 
episode: 514 count: 540 score: 161.3014 average_last200: 167.4039 epis: 0.0000 loss: 55.2616 
episode: 515 count: 385 score: 201.2361 average_last200: 167.5875 epis: 0.0000 loss: 38.7446 
episode: 516 count: 460 score: -66.9541 average_last200: 166.1935 epis: 0.0000 loss: 45.8376 
episode: 517 count: 474 score: 194.7881 average_last200: 166.2305 epis: 0.0000 loss: 46.2871 
episode: 518 count: 577 score: 224.2631 average_last200: 166.5141 epis: 0.0000 loss: 58.0215 
episode: 519 count: 523 score: 185.9549 average_last200: 166.5240 epis: 0.0000 loss: 52.4156 
episode: 520 count: 414 score: 184.7182 average_last200: 166.5234 epis: 0.0000 loss: 44.1675 
episode: 521 count: 394 score: 225.2972 average_last200: 166.4869 epis: 0.0000 loss: 40.0429 
episode: 522 count: 405 score: 229.9003 average_last200: 166.8492 epis: 0.0000 loss: 41.9686 
episode: 523 count: 389 score: 231.1996 average_last200: 167.0766 epis: 0.0000 loss: 37.7452 
episode: 524 count: 503 score: 209.2741 average_last200: 167.3828 epis: 0.0000 loss: 54.3849 
episode: 525 count: 459 score: 209.1925 average_last200: 167.4117 epis: 0.0000 loss: 51.7121 
episode: 526 count: 571 score: 224.8894 average_last200: 167.5678 epis: 0.0000 loss: 50.8446 
episode: 527 count: 501 score: 167.2010 average_last200: 167.4862 epis: 0.0000 loss: 45.9929 
episode: 528 count: 530 score: 165.3828 average_last200: 167.5134 epis: 0.0000 loss: 48.1662 
episode: 529 count: 348 score: 204.1320 average_last200: 167.6392 epis: 0.0000 loss: 30.8008 
episode: 530 count: 513 score: 169.9004 average_last200: 167.6765 epis: 0.0000 loss: 53.0899 
episode: 531 count: 437 score: 195.2411 average_last200: 167.6427 epis: 0.0000 loss: 48.7622 
episode: 532 count: 292 score: -27.2872 average_last200: 166.4415 epis: 0.0000 loss: 37.5768 
episode: 533 count: 305 score: 208.1815 average_last200: 166.4973 epis: 0.0000 loss: 24.0008 
episode: 534 count: 267 score: 4.9253 average_last200: 165.5473 epis: 0.0000 loss: 25.5034 
episode: 535 count: 549 score: 166.5855 average_last200: 165.3920 epis: 0.0000 loss: 49.5972 
episode: 536 count: 759 score: 173.5398 average_last200: 165.3856 epis: 0.0000 loss: 75.2291 
episode: 537 count: 543 score: 157.5906 average_last200: 165.2439 epis: 0.0000 loss: 57.1009 
episode: 538 count: 511 score: 120.7496 average_last200: 164.8461 epis: 0.0000 loss: 52.7168 
episode: 539 count: 343 score: -49.4265 average_last200: 163.4563 epis: 0.0000 loss: 30.4086 
episode: 540 count: 224 score: 218.0069 average_last200: 163.6344 epis: 0.0000 loss: 24.8044 
episode: 541 count: 603 score: 168.6217 average_last200: 163.7085 epis: 0.0000 loss: 54.9485 
episode: 542 count: 431 score: 202.4448 average_last200: 163.6595 epis: 0.0000 loss: 43.8053 
episode: 543 count: 335 score: 177.0488 average_last200: 163.5129 epis: 0.0000 loss: 29.7430 
episode: 544 count: 480 score: 211.0035 average_last200: 163.9045 epis: 0.0000 loss: 50.5675 
episode: 545 count: 293 score: 235.2676 average_last200: 163.9904 epis: 0.0000 loss: 27.0120 
episode: 546 count: 478 score: 193.3418 average_last200: 164.0337 epis: 0.0000 loss: 40.7868 
episode: 547 count: 383 score: 197.9871 average_last200: 164.0157 epis: 0.0000 loss: 26.8377 
episode: 548 count: 224 score: -21.0732 average_last200: 162.9378 epis: 0.0000 loss: 21.0458 
episode: 549 count: 264 score: 175.3063 average_last200: 162.8782 epis: 0.0000 loss: 32.5453 
episode: 550 count: 422 score: 179.2444 average_last200: 162.9380 epis: 0.0000 loss: 36.7085 
episode: 551 count: 244 score: -42.4705 average_last200: 161.8085 epis: 0.0000 loss: 22.0732 
episode: 552 count: 299 score: 193.6213 average_last200: 161.9613 epis: 0.0000 loss: 25.6559 
episode: 553 count: 734 score: 144.0491 average_last200: 161.6481 epis: 0.0000 loss: 64.9990 
episode: 554 count: 355 score: 188.1713 average_last200: 161.6256 epis: 0.0000 loss: 35.9687 
episode: 555 count: 309 score: -50.6043 average_last200: 160.2244 epis: 0.0000 loss: 27.5819 
episode: 556 count: 479 score: 169.9980 average_last200: 160.0321 epis: 0.0000 loss: 43.1005 
episode: 557 count: 686 score: 202.8247 average_last200: 160.7352 epis: 0.0000 loss: 66.7757 
episode: 558 count: 302 score: 250.5807 average_last200: 160.9191 epis: 0.0000 loss: 29.5324 
episode: 559 count: 485 score: 197.8838 average_last200: 161.3526 epis: 0.0000 loss: 47.8142 
episode: 560 count: 311 score: -0.4267 average_last200: 160.4518 epis: 0.0000 loss: 28.0830 
episode: 561 count: 231 score: -609.0626 average_last200: 156.3387 epis: 0.0000 loss: 18.3639 
episode: 562 count: 510 score: 215.6751 average_last200: 156.4363 epis: 0.0000 loss: 49.0109 
episode: 563 count: 739 score: 125.3750 average_last200: 156.1758 epis: 0.0000 loss: 63.9313 
episode: 564 count: 308 score: -21.8400 average_last200: 154.9947 epis: 0.0000 loss: 30.4226 
episode: 565 count: 292 score: 227.4408 average_last200: 155.0980 epis: 0.0000 loss: 30.9938 
episode: 566 count: 459 score: 210.8951 average_last200: 155.2822 epis: 0.0000 loss: 44.6119 
episode: 567 count: 368 score: 224.0632 average_last200: 155.4978 epis: 0.0000 loss: 36.9949 
episode: 568 count: 159 score: 24.8778 average_last200: 154.7767 epis: 0.0000 loss: 18.0326 
episode: 569 count: 226 score: -67.3349 average_last200: 153.4884 epis: 0.0000 loss: 31.2503 
episode: 570 count: 458 score: 202.2919 average_last200: 153.4548 epis: 0.0000 loss: 48.6014 
episode: 571 count: 304 score: 175.7739 average_last200: 153.2311 epis: 0.0000 loss: 33.7503 
episode: 572 count: 116 score: -289.9697 average_last200: 150.9150 epis: 0.0000 loss: 8.4552 
episode: 573 count: 430 score: 179.2428 average_last200: 150.9951 epis: 0.0000 loss: 42.2394 
episode: 574 count: 108 score: 4.9574 average_last200: 150.1246 epis: 0.0000 loss: 8.9389 
episode: 575 count: 520 score: 201.9320 average_last200: 149.9810 epis: 0.0000 loss: 54.4609 
episode: 576 count: 196 score: -8.4530 average_last200: 148.9609 epis: 0.0000 loss: 21.6328 
episode: 577 count: 382 score: 203.5017 average_last200: 149.1639 epis: 0.0000 loss: 41.3069 
episode: 578 count: 246 score: 5.0573 average_last200: 148.1450 epis: 0.0000 loss: 22.3930 
episode: 579 count: 289 score: 215.4286 average_last200: 148.2352 epis: 0.0000 loss: 21.0485 
episode: 580 count: 323 score: 188.8754 average_last200: 148.2325 epis: 0.0000 loss: 34.2858 
episode: 581 count: 474 score: 163.8263 average_last200: 148.2988 epis: 0.0000 loss: 41.9705 
episode: 582 count: 157 score: 26.6175 average_last200: 147.4297 epis: 0.0000 loss: 13.9439 
episode: 583 count: 341 score: 202.8966 average_last200: 148.0409 epis: 0.0000 loss: 35.6833 
episode: 584 count: 327 score: 215.0055 average_last200: 148.0675 epis: 0.0000 loss: 30.9229 
episode: 585 count: 904 score: 161.1283 average_last200: 147.9331 epis: 0.0000 loss: 94.6516 
episode: 586 count: 511 score: 226.0048 average_last200: 147.8580 epis: 0.0000 loss: 55.8292 
episode: 587 count: 1000 score: 24.2142 average_last200: 146.9855 epis: 0.0000 loss: 106.6129 
episode: 588 count: 436 score: 196.6855 average_last200: 146.8026 epis: 0.0000 loss: 39.7154 
episode: 589 count: 439 score: 225.1526 average_last200: 147.0714 epis: 0.0000 loss: 36.0338 
episode: 590 count: 470 score: 170.4385 average_last200: 147.2151 epis: 0.0000 loss: 41.9444 
episode: 591 count: 354 score: -71.4676 average_last200: 145.9719 epis: 0.0000 loss: 31.4476 
episode: 592 count: 572 score: 163.2965 average_last200: 145.7635 epis: 0.0000 loss: 60.1126 
episode: 593 count: 414 score: 138.6235 average_last200: 145.8382 epis: 0.0000 loss: 38.7515 
episode: 594 count: 527 score: 227.0424 average_last200: 145.9952 epis: 0.0000 loss: 58.5702 
episode: 595 count: 576 score: 156.5052 average_last200: 145.8066 epis: 0.0000 loss: 53.3558 
episode: 596 count: 530 score: 158.6613 average_last200: 145.8559 epis: 0.0000 loss: 56.8037 
episode: 597 count: 187 score: -0.6752 average_last200: 145.1003 epis: 0.0000 loss: 13.8599 
episode: 598 count: 592 score: -82.2632 average_last200: 143.7260 epis: 0.0000 loss: 51.4852 
episode: 599 count: 402 score: 195.8788 average_last200: 143.7364 epis: 0.0000 loss: 39.5133 
episode: 600 count: 352 score: 185.1850 average_last200: 143.6753 epis: 0.0000 loss: 41.0070 
episode: 601 count: 380 score: -90.1501 average_last200: 142.5531 epis: 0.0000 loss: 36.3381 
episode: 602 count: 829 score: 210.1535 average_last200: 142.3903 epis: 0.0000 loss: 87.7855 
episode: 603 count: 322 score: -26.9142 average_last200: 141.1024 epis: 0.0000 loss: 35.0122 
episode: 604 count: 291 score: 241.0354 average_last200: 141.3795 epis: 0.0000 loss: 31.1644 
episode: 605 count: 501 score: 160.9199 average_last200: 141.1706 epis: 0.0000 loss: 37.2779 
episode: 606 count: 682 score: 137.5151 average_last200: 141.1372 epis: 0.0000 loss: 64.3400 
episode: 607 count: 895 score: 187.8272 average_last200: 140.9919 epis: 0.0000 loss: 102.9364 
episode: 608 count: 389 score: -63.3209 average_last200: 139.7144 epis: 0.0000 loss: 35.9494 
episode: 609 count: 431 score: -56.7634 average_last200: 138.4303 epis: 0.0000 loss: 44.2871 
episode: 610 count: 475 score: 137.7835 average_last200: 139.3556 epis: 0.0000 loss: 45.2497 
episode: 611 count: 308 score: 191.4659 average_last200: 139.1165 epis: 0.0000 loss: 35.8382 
episode: 612 count: 604 score: 146.5708 average_last200: 139.2203 epis: 0.0000 loss: 58.0051 
episode: 613 count: 328 score: -30.5910 average_last200: 138.1265 epis: 0.0000 loss: 33.1647 
episode: 614 count: 619 score: 199.1976 average_last200: 138.2490 epis: 0.0000 loss: 64.7524 
episode: 615 count: 637 score: 211.0659 average_last200: 138.1450 epis: 0.0000 loss: 56.8343 
episode: 616 count: 410 score: 186.4717 average_last200: 138.1021 epis: 0.0000 loss: 34.7878 
episode: 617 count: 309 score: -37.1303 average_last200: 136.9552 epis: 0.0000 loss: 30.8948 
episode: 618 count: 354 score: 220.4179 average_last200: 137.4998 epis: 0.0000 loss: 35.6416 
episode: 619 count: 609 score: -77.1021 average_last200: 136.0733 epis: 0.0000 loss: 59.5852 
episode: 620 count: 561 score: 148.5648 average_last200: 135.8206 epis: 0.0000 loss: 53.1871 
episode: 621 count: 465 score: -46.3781 average_last200: 134.9521 epis: 0.0000 loss: 39.5566 
episode: 622 count: 1000 score: 5.6979 average_last200: 133.9268 epis: 0.0000 loss: 101.8619 
episode: 623 count: 624 score: 199.5646 average_last200: 133.9851 epis: 0.0000 loss: 59.7354 
episode: 624 count: 329 score: 185.9396 average_last200: 134.0929 epis: 0.0000 loss: 30.3489 
episode: 625 count: 341 score: -55.3262 average_last200: 132.5588 epis: 0.0000 loss: 25.6087 
episode: 626 count: 373 score: -40.6155 average_last200: 131.4735 epis: 0.0000 loss: 37.7579 
episode: 627 count: 359 score: 214.7681 average_last200: 131.4377 epis: 0.0000 loss: 45.9921 
episode: 628 count: 290 score: -12.2271 average_last200: 130.2328 epis: 0.0000 loss: 33.1916 
episode: 629 count: 413 score: 193.2529 average_last200: 130.0663 epis: 0.0000 loss: 33.4448 
episode: 630 count: 367 score: 181.9204 average_last200: 129.9813 epis: 0.0000 loss: 36.9581 
episode: 631 count: 779 score: 186.6105 average_last200: 129.9778 epis: 0.0000 loss: 82.0858 
episode: 632 count: 240 score: -0.8107 average_last200: 129.1263 epis: 0.0000 loss: 28.3820 
episode: 633 count: 248 score: -61.8596 average_last200: 128.0699 epis: 0.0000 loss: 30.4182 
episode: 634 count: 470 score: 230.5071 average_last200: 128.6672 epis: 0.0000 loss: 40.8233 
episode: 635 count: 412 score: 196.8896 average_last200: 129.1818 epis: 0.0000 loss: 45.9712 
episode: 636 count: 1000 score: 92.3176 average_last200: 128.5941 epis: 0.0000 loss: 104.0072 
episode: 637 count: 240 score: -20.6514 average_last200: 127.7681 epis: 0.0000 loss: 26.7647 
episode: 638 count: 511 score: 171.3035 average_last200: 127.5724 epis: 0.0000 loss: 53.2429 
episode: 639 count: 526 score: 159.6536 average_last200: 127.5766 epis: 0.0000 loss: 50.8396 
episode: 640 count: 392 score: 173.8042 average_last200: 127.5539 epis: 0.0000 loss: 39.0350 
episode: 641 count: 390 score: 198.5954 average_last200: 127.8426 epis: 0.0000 loss: 29.4607 
episode: 642 count: 378 score: 221.8574 average_last200: 128.1903 epis: 0.0000 loss: 36.5112 
episode: 643 count: 479 score: 161.3651 average_last200: 129.1832 epis: 0.0000 loss: 47.4861 
episode: 644 count: 298 score: 226.5327 average_last200: 129.8138 epis: 0.0000 loss: 32.9055 
episode: 645 count: 508 score: 208.2144 average_last200: 131.1713 epis: 0.0000 loss: 49.5106 
episode: 646 count: 170 score: 15.5193 average_last200: 131.1801 epis: 0.0000 loss: 14.9061 
episode: 647 count: 602 score: -80.4491 average_last200: 130.2123 epis: 0.0000 loss: 62.0710 
episode: 648 count: 477 score: 207.1902 average_last200: 130.1628 epis: 0.0000 loss: 42.2743 
episode: 649 count: 298 score: -20.8092 average_last200: 129.1364 epis: 0.0000 loss: 34.4681 
episode: 650 count: 300 score: 181.2588 average_last200: 129.0922 epis: 0.0000 loss: 31.2612 
episode: 651 count: 313 score: 1.7581 average_last200: 127.9754 epis: 0.0000 loss: 32.2274 
episode: 652 count: 277 score: -51.7841 average_last200: 126.8049 epis: 0.0000 loss: 26.1609 
episode: 653 count: 251 score: -18.9297 average_last200: 125.8168 epis: 0.0000 loss: 25.3625 
episode: 654 count: 385 score: 218.6129 average_last200: 126.2046 epis: 0.0000 loss: 37.3515 
episode: 655 count: 231 score: -28.5180 average_last200: 124.8728 epis: 0.0000 loss: 27.5222 
episode: 656 count: 279 score: -43.4973 average_last200: 123.9601 epis: 0.0000 loss: 33.1315 
episode: 657 count: 334 score: -4.7524 average_last200: 123.4286 epis: 0.0000 loss: 35.3197 
episode: 658 count: 281 score: 210.0010 average_last200: 123.3578 epis: 0.0000 loss: 29.7175 
episode: 659 count: 495 score: 211.5708 average_last200: 124.5463 epis: 0.0000 loss: 51.6402 
episode: 660 count: 327 score: 212.9235 average_last200: 125.5732 epis: 0.0000 loss: 38.3577 
episode: 661 count: 189 score: -13.0428 average_last200: 124.4426 epis: 0.0000 loss: 18.2850 
episode: 662 count: 204 score: 10.2956 average_last200: 123.4871 epis: 0.0000 loss: 22.1923 
episode: 663 count: 287 score: -21.8270 average_last200: 123.2453 epis: 0.0000 loss: 35.6534 
episode: 664 count: 286 score: 231.1506 average_last200: 124.5824 epis: 0.0000 loss: 31.3755 
episode: 665 count: 297 score: 246.4828 average_last200: 125.9490 epis: 0.0000 loss: 29.1382 
episode: 666 count: 282 score: 212.7626 average_last200: 126.1463 epis: 0.0000 loss: 25.8396 
episode: 667 count: 526 score: 202.2466 average_last200: 125.9438 epis: 0.0000 loss: 56.2287 
episode: 668 count: 491 score: 226.4028 average_last200: 126.2022 epis: 0.0000 loss: 52.6847 
episode: 669 count: 415 score: 165.5766 average_last200: 125.9940 epis: 0.0000 loss: 29.4088 
episode: 670 count: 374 score: 196.8873 average_last200: 126.1614 epis: 0.0000 loss: 42.7011 
episode: 671 count: 388 score: 198.0783 average_last200: 126.5105 epis: 0.0000 loss: 35.0724 
episode: 672 count: 331 score: 198.3900 average_last200: 126.7938 epis: 0.0000 loss: 34.6816 
episode: 673 count: 237 score: -23.8862 average_last200: 126.9135 epis: 0.0000 loss: 25.3412 
episode: 674 count: 374 score: 180.0682 average_last200: 126.5645 epis: 0.0000 loss: 32.9749 
episode: 675 count: 486 score: 201.4585 average_last200: 126.8662 epis: 0.0000 loss: 56.7983 
episode: 676 count: 211 score: -33.6235 average_last200: 125.6354 epis: 0.0000 loss: 22.3133 
episode: 677 count: 193 score: -14.6703 average_last200: 124.3326 epis: 0.0000 loss: 26.4281 
episode: 678 count: 387 score: 198.1855 average_last200: 124.1700 epis: 0.0000 loss: 41.2967 
episode: 679 count: 377 score: 200.6891 average_last200: 124.0604 epis: 0.0000 loss: 36.3497 
episode: 680 count: 248 score: 10.0101 average_last200: 124.3526 epis: 0.0000 loss: 23.7542 
episode: 681 count: 1000 score: 27.3020 average_last200: 123.5851 epis: 0.0000 loss: 99.2630 
episode: 682 count: 469 score: 200.7619 average_last200: 123.6658 epis: 0.0000 loss: 51.4984 
episode: 683 count: 314 score: 218.3062 average_last200: 123.7663 epis: 0.0000 loss: 40.2607 
episode: 684 count: 181 score: -9.8854 average_last200: 122.7826 epis: 0.0000 loss: 18.3630 
episode: 685 count: 93 score: -110.7166 average_last200: 122.1410 epis: 0.0000 loss: 9.4259 
episode: 686 count: 321 score: -26.8456 average_last200: 121.0810 epis: 0.0000 loss: 41.1612 
episode: 687 count: 212 score: -46.8359 average_last200: 120.0612 epis: 0.0000 loss: 25.7475 
episode: 688 count: 306 score: 189.5275 average_last200: 120.0955 epis: 0.0000 loss: 34.7162 
episode: 689 count: 254 score: 249.5017 average_last200: 120.6007 epis: 0.0000 loss: 23.3151 
episode: 690 count: 255 score: 230.2027 average_last200: 120.9733 epis: 0.0000 loss: 29.9057 
episode: 691 count: 197 score: 5.4427 average_last200: 120.9938 epis: 0.0000 loss: 18.9798 
episode: 692 count: 375 score: 223.6500 average_last200: 121.1113 epis: 0.0000 loss: 37.8081 
episode: 693 count: 315 score: -7.1372 average_last200: 120.3797 epis: 0.0000 loss: 31.5279 
episode: 694 count: 436 score: 221.9390 average_last200: 120.6558 epis: 0.0000 loss: 52.8152 
episode: 695 count: 434 score: 198.6078 average_last200: 120.8369 epis: 0.0000 loss: 46.0009 
episode: 696 count: 359 score: 222.0948 average_last200: 121.0338 epis: 0.0000 loss: 39.0077 
episode: 697 count: 351 score: 241.4975 average_last200: 121.1639 epis: 0.0000 loss: 39.5930 
episode: 698 count: 321 score: -34.5225 average_last200: 120.1170 epis: 0.0000 loss: 28.6566 
episode: 699 count: 329 score: 192.6278 average_last200: 120.9048 epis: 0.0000 loss: 38.3564 
episode: 700 count: 440 score: 157.3302 average_last200: 120.7258 epis: 0.0000 loss: 45.0306 
episode: 701 count: 301 score: 221.9681 average_last200: 121.1859 epis: 0.0000 loss: 23.8591 
episode: 702 count: 307 score: -16.4542 average_last200: 120.2125 epis: 0.0000 loss: 27.9375 
episode: 703 count: 376 score: 226.9738 average_last200: 120.2961 epis: 0.0000 loss: 39.8698 
episode: 704 count: 288 score: -26.8631 average_last200: 119.2531 epis: 0.0000 loss: 21.6249 
episode: 705 count: 308 score: 223.0744 average_last200: 119.4726 epis: 0.0000 loss: 33.1141 
episode: 706 count: 305 score: -29.4964 average_last200: 119.6688 epis: 0.0000 loss: 31.4774 
episode: 707 count: 356 score: 172.2497 average_last200: 119.4786 epis: 0.0000 loss: 36.2528 
episode: 708 count: 198 score: -50.5146 average_last200: 118.1203 epis: 0.0000 loss: 23.2837 
episode: 709 count: 444 score: 179.7029 average_last200: 118.2780 epis: 0.0000 loss: 53.8385 
episode: 710 count: 412 score: 173.2100 average_last200: 118.0881 epis: 0.0000 loss: 42.5564 
episode: 711 count: 598 score: 164.8795 average_last200: 117.9332 epis: 0.0000 loss: 61.5266 
episode: 712 count: 471 score: 143.8064 average_last200: 117.7740 epis: 0.0000 loss: 55.7924 
episode: 713 count: 425 score: 180.4821 average_last200: 119.0481 epis: 0.0000 loss: 43.1332 
episode: 714 count: 366 score: -33.0658 average_last200: 118.0763 epis: 0.0000 loss: 37.2884 
episode: 715 count: 279 score: 184.1109 average_last200: 117.9907 epis: 0.0000 loss: 33.8119 
episode: 716 count: 589 score: 125.2779 average_last200: 118.9518 epis: 0.0000 loss: 64.1283 
episode: 717 count: 246 score: -37.5521 average_last200: 117.7901 epis: 0.0000 loss: 29.4094 
episode: 718 count: 271 score: -50.6297 average_last200: 116.4157 epis: 0.0000 loss: 34.5331 
episode: 719 count: 214 score: 36.8307 average_last200: 115.6701 epis: 0.0000 loss: 20.3257 
episode: 720 count: 197 score: -6.1803 average_last200: 114.7156 epis: 0.0000 loss: 19.3516 
episode: 721 count: 450 score: 194.5028 average_last200: 114.5616 epis: 0.0000 loss: 46.1727 
episode: 722 count: 74 score: -98.0247 average_last200: 112.9220 epis: 0.0000 loss: 5.8642 
episode: 723 count: 273 score: -38.4837 average_last200: 111.5735 epis: 0.0000 loss: 28.9112 
episode: 724 count: 440 score: 179.6228 average_last200: 111.4253 epis: 0.0000 loss: 41.8912 
episode: 725 count: 360 score: 8.0304 average_last200: 110.4195 epis: 0.0000 loss: 44.8572 
episode: 726 count: 314 score: 173.3758 average_last200: 110.1619 epis: 0.0000 loss: 41.8962 
episode: 727 count: 288 score: 190.8566 average_last200: 110.2802 epis: 0.0000 loss: 28.2609 
episode: 728 count: 290 score: -10.7233 average_last200: 109.3997 epis: 0.0000 loss: 35.6946 
episode: 729 count: 326 score: 219.9168 average_last200: 109.4786 epis: 0.0000 loss: 44.6128 
episode: 730 count: 239 score: 216.0078 average_last200: 109.7091 epis: 0.0000 loss: 21.2298 
episode: 731 count: 186 score: -25.5564 average_last200: 108.6051 epis: 0.0000 loss: 18.1257 
episode: 732 count: 468 score: 177.7979 average_last200: 109.6306 epis: 0.0000 loss: 48.6812 
episode: 733 count: 273 score: -46.6774 average_last200: 108.3563 epis: 0.0000 loss: 29.0150 
episode: 734 count: 371 score: 198.5289 average_last200: 109.3243 epis: 0.0000 loss: 35.3007 
episode: 735 count: 363 score: 206.1473 average_last200: 109.5221 epis: 0.0000 loss: 38.1550 
episode: 736 count: 491 score: 206.1847 average_last200: 109.6853 epis: 0.0000 loss: 47.2668 
episode: 737 count: 202 score: -8.8056 average_last200: 108.8533 epis: 0.0000 loss: 19.6147 
episode: 738 count: 260 score: -43.7131 average_last200: 108.0310 epis: 0.0000 loss: 26.3965 
episode: 739 count: 244 score: 199.3041 average_last200: 109.2747 epis: 0.0000 loss: 23.6324 
episode: 740 count: 254 score: 212.4607 average_last200: 109.2469 epis: 0.0000 loss: 23.1685 
episode: 741 count: 470 score: 166.4689 average_last200: 109.2362 epis: 0.0000 loss: 63.3638 
episode: 742 count: 261 score: -62.1235 average_last200: 107.9133 epis: 0.0000 loss: 26.6738 
episode: 743 count: 220 score: 200.3063 average_last200: 108.0296 epis: 0.0000 loss: 29.4563 
episode: 744 count: 240 score: -21.1378 average_last200: 106.8689 epis: 0.0000 loss: 33.7249 
episode: 745 count: 167 score: -26.9016 average_last200: 105.5581 epis: 0.0000 loss: 20.5200 
episode: 746 count: 210 score: 0.8617 average_last200: 104.5957 epis: 0.0000 loss: 22.2802 
episode: 747 count: 260 score: -25.8298 average_last200: 103.4766 epis: 0.0000 loss: 26.8620 
episode: 748 count: 293 score: -36.6938 average_last200: 103.3985 epis: 0.0000 loss: 31.2238 
episode: 749 count: 253 score: -29.0967 average_last200: 102.3765 epis: 0.0000 loss: 31.4804 
episode: 750 count: 343 score: 223.9128 average_last200: 102.5998 epis: 0.0000 loss: 33.5006 
episode: 751 count: 387 score: 194.9178 average_last200: 103.7868 epis: 0.0000 loss: 37.7895 
episode: 752 count: 249 score: -2.8304 average_last200: 102.8045 epis: 0.0000 loss: 31.1577 
episode: 753 count: 324 score: 236.5966 average_last200: 103.2672 epis: 0.0000 loss: 35.5619 
episode: 754 count: 394 score: 225.5796 average_last200: 103.4543 epis: 0.0000 loss: 41.8644 
episode: 755 count: 295 score: -37.4260 average_last200: 103.5202 epis: 0.0000 loss: 33.5338 
episode: 756 count: 417 score: 224.3566 average_last200: 103.7920 epis: 0.0000 loss: 58.0872 
episode: 757 count: 308 score: 214.5378 average_last200: 103.8505 epis: 0.0000 loss: 31.0988 
episode: 758 count: 278 score: -24.1015 average_last200: 102.4771 epis: 0.0000 loss: 28.0515 
episode: 759 count: 257 score: -25.6317 average_last200: 101.3595 epis: 0.0000 loss: 32.2753 
episode: 760 count: 371 score: 230.8950 average_last200: 102.5161 epis: 0.0000 loss: 43.7785 
episode: 761 count: 321 score: 210.2984 average_last200: 106.6130 epis: 0.0000 loss: 38.4970 
episode: 762 count: 234 score: -42.1718 average_last200: 105.3237 epis: 0.0000 loss: 17.6956 
episode: 763 count: 266 score: -17.4680 average_last200: 104.6095 epis: 0.0000 loss: 30.6414 
episode: 764 count: 240 score: 213.1954 average_last200: 105.7847 epis: 0.0000 loss: 25.9063 
episode: 765 count: 257 score: 253.7518 average_last200: 105.9162 epis: 0.0000 loss: 34.1830 
episode: 766 count: 293 score: 218.4965 average_last200: 105.9542 epis: 0.0000 loss: 36.4954 
episode: 767 count: 773 score: 196.8583 average_last200: 105.8182 epis: 0.0000 loss: 83.8982 
episode: 768 count: 276 score: 232.3528 average_last200: 106.8556 epis: 0.0000 loss: 30.8052 
episode: 769 count: 371 score: 238.0778 average_last200: 108.3827 epis: 0.0000 loss: 41.6841 
episode: 770 count: 258 score: 211.6996 average_last200: 108.4297 epis: 0.0000 loss: 28.8316 
episode: 771 count: 290 score: 214.0429 average_last200: 108.6210 epis: 0.0000 loss: 33.2136 
episode: 772 count: 313 score: 212.5508 average_last200: 111.1336 epis: 0.0000 loss: 32.8134 
episode: 773 count: 284 score: 193.6485 average_last200: 111.2057 epis: 0.0000 loss: 32.2363 
episode: 774 count: 459 score: 221.6541 average_last200: 112.2892 epis: 0.0000 loss: 51.8554 
episode: 775 count: 272 score: 242.6211 average_last200: 112.4926 epis: 0.0000 loss: 30.8582 
episode: 776 count: 306 score: 235.9411 average_last200: 113.7146 epis: 0.0000 loss: 33.9094 
episode: 777 count: 334 score: 224.5836 average_last200: 113.8200 epis: 0.0000 loss: 36.8362 
episode: 778 count: 363 score: 185.3814 average_last200: 114.7216 epis: 0.0000 loss: 39.0945 
episode: 779 count: 251 score: 226.9348 average_last200: 114.7791 epis: 0.0000 loss: 23.6666 
episode: 780 count: 178 score: 29.1931 average_last200: 113.9807 epis: 0.0000 loss: 16.2863 
episode: 781 count: 260 score: 212.9036 average_last200: 114.2261 epis: 0.0000 loss: 25.3399 
episode: 782 count: 197 score: 28.8787 average_last200: 114.2374 epis: 0.0000 loss: 25.3837 
episode: 783 count: 255 score: 233.7264 average_last200: 114.3916 epis: 0.0000 loss: 32.0935 
episode: 784 count: 328 score: 205.8536 average_last200: 114.3458 epis: 0.0000 loss: 45.7041 
episode: 785 count: 359 score: 210.1313 average_last200: 114.5908 epis: 0.0000 loss: 43.8421 
episode: 786 count: 371 score: 202.3566 average_last200: 114.4726 epis: 0.0000 loss: 52.1966 
episode: 787 count: 199 score: -6.1850 average_last200: 114.3206 epis: 0.0000 loss: 25.4932 
episode: 788 count: 258 score: 225.9820 average_last200: 114.4671 epis: 0.0000 loss: 29.6736 
episode: 789 count: 208 score: -30.2278 average_last200: 113.1902 epis: 0.0000 loss: 24.4535 
episode: 790 count: 189 score: 18.5301 average_last200: 112.4306 epis: 0.0000 loss: 22.5230 
episode: 791 count: 292 score: 256.0979 average_last200: 114.0684 epis: 0.0000 loss: 39.5405 
episode: 792 count: 327 score: 176.6959 average_last200: 114.1354 epis: 0.0000 loss: 44.8095 
episode: 793 count: 402 score: 215.5291 average_last200: 114.5200 epis: 0.0000 loss: 45.5310 
episode: 794 count: 191 score: -31.7025 average_last200: 113.2262 epis: 0.0000 loss: 22.8836 
episode: 795 count: 234 score: 208.4791 average_last200: 113.4861 epis: 0.0000 loss: 24.1950 
episode: 796 count: 386 score: 231.5796 average_last200: 113.8507 epis: 0.0000 loss: 43.6078 
episode: 797 count: 250 score: 205.6431 average_last200: 114.8823 epis: 0.0000 loss: 30.6483 
episode: 798 count: 237 score: 243.0923 average_last200: 116.5091 epis: 0.0000 loss: 32.6306 
episode: 799 count: 245 score: 270.7195 average_last200: 116.8833 epis: 0.0000 loss: 23.9597 
episode: 800 count: 276 score: 229.9067 average_last200: 117.1069 epis: 0.0000 loss: 31.8896 
episode: 801 count: 240 score: 210.2222 average_last200: 118.6087 epis: 0.0000 loss: 30.9813 
episode: 802 count: 294 score: 217.5869 average_last200: 118.6459 epis: 0.0000 loss: 39.1388 
episode: 803 count: 286 score: 212.3246 average_last200: 119.8421 epis: 0.0000 loss: 31.1928 
episode: 804 count: 381 score: 147.2879 average_last200: 119.3734 epis: 0.0000 loss: 45.4817 
episode: 805 count: 303 score: 220.3345 average_last200: 119.6704 epis: 0.0000 loss: 34.0207 
episode: 806 count: 333 score: 224.3606 average_last200: 120.1047 epis: 0.0000 loss: 38.8674 
episode: 807 count: 392 score: 188.3290 average_last200: 120.1072 epis: 0.0000 loss: 42.9367 
episode: 808 count: 399 score: 236.0518 average_last200: 121.6040 epis: 0.0000 loss: 53.7461 
episode: 809 count: 385 score: 223.6817 average_last200: 123.0063 epis: 0.0000 loss: 40.5830 
episode: 810 count: 289 score: 207.0670 average_last200: 123.3527 epis: 0.0000 loss: 35.8262 
episode: 811 count: 245 score: 239.7582 average_last200: 123.5941 epis: 0.0000 loss: 25.2484 
episode: 812 count: 318 score: 209.6443 average_last200: 123.9095 epis: 0.0000 loss: 36.4940 
episode: 813 count: 320 score: 193.2493 average_last200: 125.0287 epis: 0.0000 loss: 39.0853 
episode: 814 count: 304 score: 193.7113 average_last200: 125.0013 epis: 0.0000 loss: 35.9638 
episode: 815 count: 289 score: 191.2831 average_last200: 124.9024 epis: 0.0000 loss: 27.7157 
episode: 816 count: 225 score: -36.2365 average_last200: 123.7888 epis: 0.0000 loss: 31.1910 
episode: 817 count: 337 score: 189.1933 average_last200: 124.9204 epis: 0.0000 loss: 45.9786 
episode: 818 count: 263 score: 225.5512 average_last200: 124.9461 epis: 0.0000 loss: 34.8462 
episode: 819 count: 305 score: 238.6115 average_last200: 126.5247 epis: 0.0000 loss: 38.3246 
episode: 820 count: 192 score: 13.1514 average_last200: 125.8476 epis: 0.0000 loss: 18.0711 
episode: 821 count: 269 score: 227.5744 average_last200: 127.2174 epis: 0.0000 loss: 33.1534 
episode: 822 count: 196 score: 8.2846 average_last200: 127.2303 epis: 0.0000 loss: 24.6861 
episode: 823 count: 336 score: 230.4188 average_last200: 127.3846 epis: 0.0000 loss: 45.3141 
episode: 824 count: 1000 score: 92.8765 average_last200: 126.9193 epis: 0.0000 loss: 126.8973 
episode: 825 count: 421 score: 189.2110 average_last200: 128.1420 epis: 0.0000 loss: 53.3414 
episode: 826 count: 278 score: 227.0813 average_last200: 129.4804 epis: 0.0000 loss: 34.0023 
episode: 827 count: 239 score: 243.1986 average_last200: 129.6226 epis: 0.0000 loss: 25.9979 
episode: 828 count: 233 score: -33.2592 average_last200: 129.5174 epis: 0.0000 loss: 25.6802 
episode: 829 count: 316 score: 184.8822 average_last200: 129.4756 epis: 0.0000 loss: 39.0267 
episode: 830 count: 353 score: 202.3901 average_last200: 129.5779 epis: 0.0000 loss: 52.6803 
episode: 831 count: 175 score: 0.9102 average_last200: 128.6494 epis: 0.0000 loss: 22.9053 
episode: 832 count: 242 score: 258.5549 average_last200: 129.9463 epis: 0.0000 loss: 27.9884 
episode: 833 count: 207 score: 13.1602 average_last200: 130.3213 epis: 0.0000 loss: 28.4388 
episode: 834 count: 257 score: -42.4390 average_last200: 128.9566 epis: 0.0000 loss: 32.2695 
episode: 835 count: 118 score: -40.4792 average_last200: 127.7698 epis: 0.0000 loss: 14.8362 
episode: 836 count: 243 score: 178.2502 average_last200: 128.1994 epis: 0.0000 loss: 30.9859 
episode: 837 count: 397 score: 207.4287 average_last200: 129.3398 epis: 0.0000 loss: 49.0888 
episode: 838 count: 384 score: 233.4639 average_last200: 129.6506 epis: 0.0000 loss: 49.4762 
episode: 839 count: 249 score: -15.8676 average_last200: 128.7730 epis: 0.0000 loss: 32.0223 
episode: 840 count: 223 score: -36.5222 average_last200: 127.7214 epis: 0.0000 loss: 33.3765 
episode: 841 count: 177 score: -45.0168 average_last200: 126.5033 epis: 0.0000 loss: 21.5997 
episode: 842 count: 281 score: -22.8625 average_last200: 125.2797 epis: 0.0000 loss: 35.0783 
episode: 843 count: 180 score: -35.7640 average_last200: 124.2941 epis: 0.0000 loss: 16.7938 
episode: 844 count: 304 score: 216.6159 average_last200: 124.2445 epis: 0.0000 loss: 34.9691 
episode: 845 count: 241 score: -1.9470 average_last200: 123.1937 epis: 0.0000 loss: 26.5269 
episode: 846 count: 295 score: -2.4675 average_last200: 123.1038 epis: 0.0000 loss: 39.5692 
episode: 847 count: 1000 score: -6.4074 average_last200: 123.4740 epis: 0.0000 loss: 120.2291 
episode: 848 count: 210 score: -61.8273 average_last200: 122.1289 epis: 0.0000 loss: 23.7688 
episode: 849 count: 329 score: -54.8543 average_last200: 121.9587 epis: 0.0000 loss: 34.5622 
episode: 850 count: 717 score: -126.4850 average_last200: 120.4199 epis: 0.0000 loss: 89.0706 
episode: 851 count: 207 score: 1.7188 average_last200: 120.4198 epis: 0.0000 loss: 24.9368 
episode: 852 count: 222 score: -62.0620 average_last200: 120.3684 epis: 0.0000 loss: 23.1269 
episode: 853 count: 155 score: -54.9626 average_last200: 120.1882 epis: 0.0000 loss: 19.0726 
episode: 854 count: 82 score: -155.3647 average_last200: 118.3183 epis: 0.0000 loss: 15.2108 
episode: 855 count: 286 score: 234.0306 average_last200: 119.6311 epis: 0.0000 loss: 36.8648 
episode: 856 count: 238 score: 249.7541 average_last200: 121.0973 epis: 0.0000 loss: 28.5120 
episode: 857 count: 148 score: -59.2094 average_last200: 120.8250 epis: 0.0000 loss: 18.4058 
episode: 858 count: 142 score: -53.2914 average_last200: 119.5086 epis: 0.0000 loss: 18.6213 
episode: 859 count: 215 score: -57.3171 average_last200: 118.1641 epis: 0.0000 loss: 30.7355 
episode: 860 count: 161 score: -64.2459 average_last200: 116.7783 epis: 0.0000 loss: 19.4400 
episode: 861 count: 387 score: 214.7025 average_last200: 117.9170 epis: 0.0000 loss: 46.5266 
episode: 862 count: 172 score: -57.5514 average_last200: 117.5778 epis: 0.0000 loss: 18.3936 
episode: 863 count: 305 score: 206.3167 average_last200: 118.7185 epis: 0.0000 loss: 34.2214 
episode: 864 count: 223 score: 241.7558 average_last200: 118.7715 epis: 0.0000 loss: 31.2142 
episode: 865 count: 284 score: -21.7315 average_last200: 117.4304 epis: 0.0000 loss: 39.7222 
episode: 866 count: 133 score: -69.1202 average_last200: 116.0210 epis: 0.0000 loss: 18.3311 
episode: 867 count: 185 score: -69.3695 average_last200: 114.6629 epis: 0.0000 loss: 25.8273 
episode: 868 count: 202 score: -117.7430 average_last200: 112.9422 epis: 0.0000 loss: 20.6997 
episode: 869 count: 103 score: -127.5200 average_last200: 111.4767 epis: 0.0000 loss: 14.3346 
episode: 870 count: 141 score: -61.4663 average_last200: 110.1850 epis: 0.0000 loss: 14.2455 
episode: 871 count: 92 score: -107.5343 average_last200: 108.6569 epis: 0.0000 loss: 11.2042 
episode: 872 count: 151 score: -126.1746 average_last200: 107.0341 epis: 0.0000 loss: 24.2568 
episode: 873 count: 568 score: 228.7036 average_last200: 108.2970 epis: 0.0000 loss: 59.5335 
episode: 874 count: 202 score: -48.5256 average_last200: 107.1541 epis: 0.0000 loss: 22.7914 
episode: 875 count: 121 score: -90.8237 average_last200: 105.6926 epis: 0.0000 loss: 15.5951 
episode: 876 count: 139 score: -77.1695 average_last200: 105.4749 epis: 0.0000 loss: 26.1610 
episode: 877 count: 139 score: -98.4125 average_last200: 105.0562 epis: 0.0000 loss: 25.1195 
episode: 878 count: 191 score: -56.4492 average_last200: 103.7830 epis: 0.0000 loss: 29.4329 
episode: 879 count: 195 score: -21.7547 average_last200: 102.6708 epis: 0.0000 loss: 27.9964 
episode: 880 count: 163 score: -62.0757 average_last200: 102.3104 epis: 0.0000 loss: 23.2507 
episode: 881 count: 249 score: -14.0698 average_last200: 102.1035 epis: 0.0000 loss: 28.8853 
episode: 882 count: 177 score: -50.9096 average_last200: 100.8452 epis: 0.0000 loss: 23.6390 
episode: 883 count: 125 score: -35.9668 average_last200: 99.5738 epis: 0.0000 loss: 17.1519 
episode: 884 count: 172 score: -58.4144 average_last200: 99.3312 epis: 0.0000 loss: 20.1209 
episode: 885 count: 247 score: 6.0280 average_last200: 99.9149 epis: 0.0000 loss: 33.4571 
episode: 886 count: 202 score: -24.0824 average_last200: 99.9287 epis: 0.0000 loss: 27.2462 
episode: 887 count: 72 score: -118.4641 average_last200: 99.5706 epis: 0.0000 loss: 11.3692 
episode: 888 count: 172 score: -94.8546 average_last200: 98.1486 epis: 0.0000 loss: 22.9555 
episode: 889 count: 238 score: 229.4354 average_last200: 98.0483 epis: 0.0000 loss: 37.9111 
episode: 890 count: 152 score: -89.0538 average_last200: 96.4520 epis: 0.0000 loss: 20.3130 
episode: 891 count: 181 score: -21.2076 average_last200: 96.3188 epis: 0.0000 loss: 24.2536 
episode: 892 count: 126 score: -52.2004 average_last200: 94.9395 epis: 0.0000 loss: 16.6336 
episode: 893 count: 218 score: -16.1314 average_last200: 94.8946 epis: 0.0000 loss: 33.3675 
episode: 894 count: 100 score: -72.1845 average_last200: 93.4239 epis: 0.0000 loss: 11.6126 
episode: 895 count: 84 score: -43.9039 average_last200: 92.2114 epis: 0.0000 loss: 7.4611 
episode: 896 count: 171 score: -30.1897 average_last200: 90.9500 epis: 0.0000 loss: 24.7033 
episode: 897 count: 193 score: -19.7914 average_last200: 89.6435 epis: 0.0000 loss: 27.0371 
episode: 898 count: 195 score: -27.5800 average_last200: 89.6782 epis: 0.0000 loss: 20.2212 
episode: 899 count: 182 score: -12.9865 average_last200: 88.6502 epis: 0.0000 loss: 18.0063 
episode: 900 count: 199 score: -55.7919 average_last200: 87.5845 epis: 0.0000 loss: 29.7037 
episode: 901 count: 91 score: -46.7762 average_last200: 86.2408 epis: 0.0000 loss: 12.3022 
episode: 902 count: 286 score: 242.8455 average_last200: 87.5373 epis: 0.0000 loss: 34.9756 
episode: 903 count: 171 score: -127.1062 average_last200: 85.7669 epis: 0.0000 loss: 18.8719 
episode: 904 count: 134 score: -57.6350 average_last200: 85.6131 epis: 0.0000 loss: 16.9692 
episode: 905 count: 89 score: -70.3223 average_last200: 84.1461 epis: 0.0000 loss: 10.9846 
episode: 906 count: 235 score: 213.4555 average_last200: 85.3608 epis: 0.0000 loss: 29.7624 
episode: 907 count: 169 score: -43.2254 average_last200: 84.2835 epis: 0.0000 loss: 20.6176 
episode: 908 count: 114 score: -70.3080 average_last200: 84.1845 epis: 0.0000 loss: 12.0089 
episode: 909 count: 249 score: 233.4278 average_last200: 84.4531 epis: 0.0000 loss: 27.9106 
episode: 910 count: 108 score: -5.2565 average_last200: 83.5608 epis: 0.0000 loss: 10.3168 
episode: 911 count: 87 score: -48.1525 average_last200: 82.4956 epis: 0.0000 loss: 11.4854 
episode: 912 count: 169 score: -48.5055 average_last200: 81.5341 epis: 0.0000 loss: 22.1810 
episode: 913 count: 205 score: -4.9072 average_last200: 80.6071 epis: 0.0000 loss: 28.2215 
episode: 914 count: 202 score: -9.7569 average_last200: 80.7237 epis: 0.0000 loss: 24.7529 
episode: 915 count: 176 score: -25.4378 average_last200: 79.6759 epis: 0.0000 loss: 26.3026 
episode: 916 count: 168 score: -43.9496 average_last200: 78.8298 epis: 0.0000 loss: 25.5530 
episode: 917 count: 199 score: -16.5999 average_last200: 78.9345 epis: 0.0000 loss: 28.1542 
episode: 918 count: 194 score: -39.5826 average_last200: 78.9898 epis: 0.0000 loss: 20.8851 
episode: 919 count: 151 score: 1.3081 average_last200: 78.8122 epis: 0.0000 loss: 26.3661 
episode: 920 count: 286 score: 247.3829 average_last200: 80.0800 epis: 0.0000 loss: 38.1116 
episode: 921 count: 202 score: -3.3445 average_last200: 79.0908 epis: 0.0000 loss: 18.8316 
episode: 922 count: 114 score: -56.8219 average_last200: 79.2968 epis: 0.0000 loss: 21.6085 
episode: 923 count: 169 score: 37.5787 average_last200: 79.6771 epis: 0.0000 loss: 20.2052 
episode: 924 count: 85 score: -35.7561 average_last200: 78.6002 epis: 0.0000 loss: 15.7706 
episode: 925 count: 183 score: -21.0139 average_last200: 78.4550 epis: 0.0000 loss: 26.1469 
episode: 926 count: 172 score: -29.2965 average_last200: 77.4416 epis: 0.0000 loss: 32.9372 
episode: 927 count: 133 score: -15.3953 average_last200: 76.4103 epis: 0.0000 loss: 21.6149 
episode: 928 count: 199 score: 37.3154 average_last200: 76.6505 epis: 0.0000 loss: 35.0193 
episode: 929 count: 176 score: -6.6823 average_last200: 75.5175 epis: 0.0000 loss: 27.9388 
episode: 930 count: 213 score: -18.0015 average_last200: 74.3475 epis: 0.0000 loss: 35.4592 
episode: 931 count: 146 score: -26.3657 average_last200: 74.3434 epis: 0.0000 loss: 23.0505 
episode: 932 count: 222 score: -15.8919 average_last200: 73.3750 epis: 0.0000 loss: 29.3796 
episode: 933 count: 240 score: 28.6903 average_last200: 73.7518 epis: 0.0000 loss: 43.6273 
episode: 934 count: 209 score: -16.3273 average_last200: 72.6776 epis: 0.0000 loss: 36.0641 
episode: 935 count: 148 score: -12.1958 average_last200: 71.5858 epis: 0.0000 loss: 24.0702 
episode: 936 count: 207 score: -18.5165 average_last200: 70.4623 epis: 0.0000 loss: 32.9961 
episode: 937 count: 274 score: -44.9731 average_last200: 70.2815 epis: 0.0000 loss: 43.0121 
episode: 938 count: 281 score: 226.7119 average_last200: 71.6336 epis: 0.0000 loss: 40.0859 
episode: 939 count: 189 score: -18.3792 average_last200: 70.5452 epis: 0.0000 loss: 22.1125 
episode: 940 count: 215 score: -1.9957 average_last200: 69.4729 epis: 0.0000 loss: 35.2611 
episode: 941 count: 154 score: -8.0244 average_last200: 68.6005 epis: 0.0000 loss: 29.4856 
episode: 942 count: 310 score: 234.3932 average_last200: 70.0830 epis: 0.0000 loss: 52.9712 
episode: 943 count: 241 score: 34.5774 average_last200: 69.2544 epis: 0.0000 loss: 36.7564 
episode: 944 count: 167 score: -16.3593 average_last200: 69.2783 epis: 0.0000 loss: 25.0314 
episode: 945 count: 137 score: -2.9289 average_last200: 69.3981 epis: 0.0000 loss: 21.1962 
episode: 946 count: 241 score: 257.6494 average_last200: 70.6821 epis: 0.0000 loss: 36.5299 
episode: 947 count: 255 score: -3.8466 average_last200: 70.7920 epis: 0.0000 loss: 30.0825 
episode: 948 count: 1000 score: 105.6599 average_last200: 71.5038 epis: 0.0000 loss: 142.6660 
episode: 949 count: 290 score: 197.4988 average_last200: 72.6367 epis: 0.0000 loss: 43.8485 
episode: 950 count: 251 score: 240.5522 average_last200: 72.7199 epis: 0.0000 loss: 42.3491 
episode: 951 count: 252 score: 199.4975 average_last200: 72.7428 epis: 0.0000 loss: 40.4294 
episode: 952 count: 320 score: 230.2282 average_last200: 73.9081 epis: 0.0000 loss: 42.3522 
episode: 953 count: 299 score: 188.8964 average_last200: 73.6696 epis: 0.0000 loss: 46.8221 
episode: 954 count: 108 score: -50.2294 average_last200: 72.2906 epis: 0.0000 loss: 10.6637 
episode: 955 count: 305 score: 261.7751 average_last200: 73.7866 epis: 0.0000 loss: 47.1919 
episode: 956 count: 385 score: 224.0332 average_last200: 73.7850 epis: 0.0000 loss: 53.9754 
episode: 957 count: 124 score: -11.5146 average_last200: 72.6547 epis: 0.0000 loss: 15.7948 
episode: 958 count: 254 score: 234.0509 average_last200: 73.9455 epis: 0.0000 loss: 38.1126 
episode: 959 count: 172 score: -29.5964 average_last200: 73.9257 epis: 0.0000 loss: 24.4827 
episode: 960 count: 107 score: -54.1454 average_last200: 72.5005 epis: 0.0000 loss: 11.4939 
episode: 961 count: 117 score: -93.7966 average_last200: 70.9800 epis: 0.0000 loss: 13.3322 
episode: 962 count: 130 score: -109.4347 average_last200: 70.6437 epis: 0.0000 loss: 19.4298 
episode: 963 count: 252 score: 239.5002 average_last200: 71.9285 epis: 0.0000 loss: 35.5898 
episode: 964 count: 188 score: -17.0396 average_last200: 70.7773 epis: 0.0000 loss: 31.6205 
episode: 965 count: 111 score: -70.7253 average_last200: 69.1549 epis: 0.0000 loss: 19.3370 
episode: 966 count: 286 score: 255.7268 average_last200: 69.3411 epis: 0.0000 loss: 48.1558 
episode: 967 count: 141 score: 10.1705 average_last200: 68.4077 epis: 0.0000 loss: 21.0228 
episode: 968 count: 153 score: 4.1133 average_last200: 67.2665 epis: 0.0000 loss: 26.0311 
episode: 969 count: 234 score: 223.7169 average_last200: 67.1947 epis: 0.0000 loss: 39.9112 
episode: 970 count: 236 score: 221.5928 average_last200: 67.2441 epis: 0.0000 loss: 37.3205 
episode: 971 count: 462 score: 195.0891 average_last200: 67.1494 epis: 0.0000 loss: 66.4628 
episode: 972 count: 97 score: -33.4632 average_last200: 65.9193 epis: 0.0000 loss: 14.5778 
episode: 973 count: 95 score: -63.5344 average_last200: 64.6334 epis: 0.0000 loss: 14.9002 
episode: 974 count: 176 score: -64.7881 average_last200: 63.2012 epis: 0.0000 loss: 24.0020 
episode: 975 count: 177 score: -51.1856 average_last200: 61.7321 epis: 0.0000 loss: 23.3305 
episode: 976 count: 286 score: 218.1713 average_last200: 61.6433 epis: 0.0000 loss: 42.0238 
episode: 977 count: 85 score: -62.1317 average_last200: 60.2097 epis: 0.0000 loss: 8.9966 
episode: 978 count: 348 score: 201.4952 average_last200: 60.2903 epis: 0.0000 loss: 51.6583 
episode: 979 count: 285 score: 230.3017 average_last200: 60.3071 epis: 0.0000 loss: 36.2726 
episode: 980 count: 162 score: -21.2610 average_last200: 60.0548 epis: 0.0000 loss: 23.7594 
episode: 981 count: 110 score: -62.5347 average_last200: 58.6776 epis: 0.0000 loss: 13.2741 
episode: 982 count: 120 score: -39.5321 average_last200: 58.3356 epis: 0.0000 loss: 19.7642 
episode: 983 count: 248 score: 180.3958 average_last200: 58.0689 epis: 0.0000 loss: 39.9401 
episode: 984 count: 338 score: 213.0653 average_last200: 58.1050 epis: 0.0000 loss: 53.8639 
episode: 985 count: 150 score: -18.7501 average_last200: 56.9606 epis: 0.0000 loss: 22.9041 
episode: 986 count: 208 score: 174.7016 average_last200: 56.8223 epis: 0.0000 loss: 36.1649 
episode: 987 count: 101 score: -21.7170 average_last200: 56.7446 epis: 0.0000 loss: 17.1227 
episode: 988 count: 347 score: 201.0611 average_last200: 56.6200 epis: 0.0000 loss: 48.5963 
episode: 989 count: 172 score: -51.6231 average_last200: 56.5131 epis: 0.0000 loss: 23.2210 
episode: 990 count: 283 score: 204.9102 average_last200: 57.4450 epis: 0.0000 loss: 37.9222 
episode: 991 count: 331 score: 236.1210 average_last200: 57.3451 epis: 0.0000 loss: 44.4367 
episode: 992 count: 288 score: 232.4448 average_last200: 57.6238 epis: 0.0000 loss: 43.9884 
episode: 993 count: 175 score: -35.6067 average_last200: 56.3681 epis: 0.0000 loss: 22.9659 
episode: 994 count: 153 score: -45.3062 average_last200: 56.3001 epis: 0.0000 loss: 28.8205 
episode: 995 count: 166 score: -50.0456 average_last200: 55.0075 epis: 0.0000 loss: 24.1221 
episode: 996 count: 372 score: 209.3678 average_last200: 54.8964 epis: 0.0000 loss: 55.1863 
episode: 997 count: 156 score: -39.5299 average_last200: 53.6706 epis: 0.0000 loss: 28.6262 
episode: 998 count: 314 score: 223.2712 average_last200: 53.5715 epis: 0.0000 loss: 47.2600 
episode: 999 count: 178 score: -19.7564 average_last200: 52.1191 epis: 0.0000 loss: 28.8146 
