[33mWARN: gym.spaces.Box autodetected dtype as <class 'numpy.float32'>. Please provide explicit dtype.[0m
All para: Epis 1000 memlen 100000 gamma 0.990 epsilon 0.950 alpha 0.00050 batch 30 upfreq 500
episode: 0 count: 103 score: -201.7553 average_last200: -201.7553 epis: 0.9500 loss: 0.0000 
episode: 1 count: 92 score: -168.0546 average_last200: -184.9050 epis: 0.9025 loss: 0.0000 
episode: 2 count: 73 score: -195.2148 average_last200: -188.3416 epis: 0.8574 loss: 0.0000 
episode: 3 count: 97 score: -398.9731 average_last200: -240.9995 epis: 0.8145 loss: 0.0000 
episode: 4 count: 97 score: -141.3583 average_last200: -221.0712 epis: 0.7738 loss: 0.0000 
episode: 5 count: 86 score: -360.4506 average_last200: -244.3011 epis: 0.7351 loss: 0.0000 
episode: 6 count: 79 score: -603.6250 average_last200: -295.6331 epis: 0.6983 loss: 0.0000 
episode: 7 count: 99 score: -405.7109 average_last200: -309.3928 epis: 0.6634 loss: 0.0000 
episode: 8 count: 97 score: -160.8268 average_last200: -292.8855 epis: 0.6302 loss: 0.0000 
episode: 9 count: 123 score: -174.7564 average_last200: -281.0726 epis: 0.5987 loss: 0.0000 
episode: 10 count: 95 score: -653.3816 average_last200: -314.9188 epis: 0.5688 loss: 31.5587 
episode: 11 count: 98 score: -292.4188 average_last200: -313.0438 epis: 0.5404 loss: 59.8451 
episode: 12 count: 191 score: -447.9298 average_last200: -323.4197 epis: 0.5133 loss: 106.4416 
episode: 13 count: 78 score: -455.7831 average_last200: -332.8742 epis: 0.4877 loss: 30.0230 
episode: 14 count: 168 score: -170.2902 average_last200: -322.0353 epis: 0.4633 loss: 64.3560 
episode: 15 count: 254 score: -298.2108 average_last200: -320.5463 epis: 0.4401 loss: 94.6594 
episode: 16 count: 116 score: -118.5433 average_last200: -308.6637 epis: 0.4181 loss: 40.1909 
episode: 17 count: 265 score: -127.2883 average_last200: -298.5873 epis: 0.3972 loss: 84.1560 
episode: 18 count: 288 score: -418.7757 average_last200: -304.9130 epis: 0.3774 loss: 79.2784 
episode: 19 count: 363 score: -122.1930 average_last200: -295.7770 epis: 0.3585 loss: 107.5006 
episode: 20 count: 498 score: -201.3824 average_last200: -291.2820 epis: 0.3406 loss: 153.4000 
episode: 21 count: 1000 score: -122.8245 average_last200: -283.6249 epis: 0.3235 loss: 265.3228 
episode: 22 count: 1000 score: -139.5008 average_last200: -277.3586 epis: 0.3074 loss: 228.5671 
episode: 23 count: 850 score: -240.6053 average_last200: -275.8272 epis: 0.2920 loss: 163.9435 
episode: 24 count: 1000 score: -124.5624 average_last200: -269.7766 epis: 0.2774 loss: 187.9834 
episode: 25 count: 1000 score: -114.1477 average_last200: -263.7909 epis: 0.2635 loss: 170.2821 
episode: 26 count: 1000 score: -127.5017 average_last200: -258.7432 epis: 0.2503 loss: 155.3782 
episode: 27 count: 1000 score: -73.5750 average_last200: -252.1300 epis: 0.2378 loss: 158.7973 
episode: 28 count: 1000 score: -93.7670 average_last200: -246.6692 epis: 0.2259 loss: 153.3305 
episode: 29 count: 1000 score: -102.5348 average_last200: -241.8647 epis: 0.2146 loss: 158.1698 
episode: 30 count: 1000 score: -61.1934 average_last200: -236.0366 epis: 0.2039 loss: 151.5571 
episode: 31 count: 1000 score: -96.4300 average_last200: -231.6739 epis: 0.1937 loss: 138.9138 
episode: 32 count: 853 score: -145.1313 average_last200: -229.0514 epis: 0.1840 loss: 120.9769 
episode: 33 count: 1000 score: -89.0203 average_last200: -224.9329 epis: 0.1748 loss: 151.3543 
episode: 34 count: 1000 score: -43.0357 average_last200: -219.7358 epis: 0.1661 loss: 137.1408 
episode: 35 count: 1000 score: -170.5686 average_last200: -218.3700 epis: 0.1578 loss: 135.4631 
episode: 36 count: 703 score: -163.8156 average_last200: -216.8956 epis: 0.1499 loss: 113.7239 
episode: 37 count: 1000 score: -21.5377 average_last200: -211.7546 epis: 0.1424 loss: 165.1465 
episode: 38 count: 240 score: -55.2347 average_last200: -207.7413 epis: 0.1353 loss: 34.4884 
episode: 39 count: 1000 score: -60.3904 average_last200: -204.0575 epis: 0.1285 loss: 171.8069 
episode: 40 count: 230 score: -81.1848 average_last200: -201.0606 epis: 0.1221 loss: 38.0834 
episode: 41 count: 938 score: 45.4046 average_last200: -195.1924 epis: 0.1160 loss: 161.9268 
episode: 42 count: 1000 score: 46.1938 average_last200: -189.5787 epis: 0.1102 loss: 186.0497 
episode: 43 count: 630 score: 204.6972 average_last200: -180.6179 epis: 0.1047 loss: 125.3340 
episode: 44 count: 1000 score: 43.2833 average_last200: -175.6423 epis: 0.0994 loss: 211.3054 
episode: 45 count: 1000 score: -27.2109 average_last200: -172.4156 epis: 0.0945 loss: 203.0195 
episode: 46 count: 647 score: 157.7371 average_last200: -165.3911 epis: 0.0897 loss: 136.2385 
episode: 47 count: 1000 score: -81.5675 average_last200: -163.6447 epis: 0.0853 loss: 201.2636 
episode: 48 count: 158 score: -43.5788 average_last200: -161.1944 epis: 0.0810 loss: 34.2760 
episode: 49 count: 1000 score: -43.8044 average_last200: -158.8466 epis: 0.0769 loss: 186.1338 
episode: 50 count: 1000 score: -22.1980 average_last200: -156.1672 epis: 0.0731 loss: 180.6856 
episode: 51 count: 333 score: 174.4372 average_last200: -149.8094 epis: 0.0694 loss: 60.9408 
episode: 52 count: 1000 score: -31.2511 average_last200: -147.5725 epis: 0.0660 loss: 183.4340 
episode: 53 count: 1000 score: -89.2376 average_last200: -146.4922 epis: 0.0627 loss: 180.8647 
episode: 54 count: 1000 score: -79.2880 average_last200: -145.2703 epis: 0.0595 loss: 169.2781 
episode: 55 count: 1000 score: -96.1862 average_last200: -144.3938 epis: 0.0566 loss: 151.8766 
episode: 56 count: 1000 score: -90.8053 average_last200: -143.4537 epis: 0.0537 loss: 153.6158 
episode: 57 count: 1000 score: -89.8394 average_last200: -142.5293 epis: 0.0510 loss: 158.2257 
episode: 58 count: 193 score: -136.6808 average_last200: -142.4302 epis: 0.0485 loss: 29.8669 
episode: 59 count: 178 score: -73.7815 average_last200: -141.2860 epis: 0.0461 loss: 27.2901 
episode: 60 count: 179 score: -173.2157 average_last200: -141.8095 epis: 0.0438 loss: 25.6350 
episode: 61 count: 1000 score: -54.7715 average_last200: -140.4056 epis: 0.0416 loss: 155.2732 
episode: 62 count: 174 score: -166.8246 average_last200: -140.8250 epis: 0.0395 loss: 27.3266 
episode: 63 count: 224 score: -79.2339 average_last200: -139.8626 epis: 0.0375 loss: 27.1324 
episode: 64 count: 1000 score: -62.0311 average_last200: -138.6652 epis: 0.0356 loss: 150.9145 
episode: 65 count: 1000 score: -24.7252 average_last200: -136.9388 epis: 0.0339 loss: 143.1300 
episode: 66 count: 1000 score: -17.2482 average_last200: -135.1524 epis: 0.0322 loss: 147.6035 
episode: 67 count: 1000 score: -26.4278 average_last200: -133.5535 epis: 0.0306 loss: 138.1324 
episode: 68 count: 1000 score: -80.5525 average_last200: -132.7854 epis: 0.0290 loss: 129.8395 
episode: 69 count: 1000 score: -65.3536 average_last200: -131.8221 epis: 0.0276 loss: 134.7167 
episode: 70 count: 1000 score: -65.1600 average_last200: -130.8832 epis: 0.0262 loss: 132.2847 
episode: 71 count: 1000 score: -71.5420 average_last200: -130.0590 epis: 0.0249 loss: 123.4220 
episode: 72 count: 1000 score: -27.2724 average_last200: -128.6510 epis: 0.0236 loss: 119.8617 
episode: 73 count: 1000 score: -62.1307 average_last200: -127.7520 epis: 0.0225 loss: 121.6931 
episode: 74 count: 1000 score: -52.6462 average_last200: -126.7506 epis: 0.0213 loss: 112.1505 
episode: 75 count: 1000 score: -40.0809 average_last200: -125.6102 epis: 0.0203 loss: 110.4133 
episode: 76 count: 1000 score: -25.4037 average_last200: -124.3088 epis: 0.0193 loss: 108.0043 
episode: 77 count: 1000 score: -88.3625 average_last200: -123.8480 epis: 0.0183 loss: 104.5348 
episode: 78 count: 1000 score: -22.7703 average_last200: -122.5685 epis: 0.0174 loss: 107.1331 
episode: 79 count: 1000 score: -36.9001 average_last200: -121.4977 epis: 0.0165 loss: 97.4905 
episode: 80 count: 1000 score: -70.8428 average_last200: -120.8723 epis: 0.0157 loss: 106.5025 
episode: 81 count: 1000 score: -50.4644 average_last200: -120.0137 epis: 0.0149 loss: 100.1390 
episode: 82 count: 1000 score: -45.8813 average_last200: -119.1205 epis: 0.0142 loss: 96.6571 
episode: 83 count: 1000 score: -49.0698 average_last200: -118.2866 epis: 0.0135 loss: 95.9067 
episode: 84 count: 1000 score: -66.5863 average_last200: -117.6783 epis: 0.0128 loss: 90.1068 
episode: 85 count: 1000 score: -160.3357 average_last200: -118.1743 epis: 0.0121 loss: 83.2897 
episode: 86 count: 713 score: -262.3233 average_last200: -119.8312 epis: 0.0115 loss: 57.4216 
episode: 87 count: 673 score: -185.7438 average_last200: -120.5802 epis: 0.0110 loss: 60.3183 
episode: 88 count: 1000 score: -94.0864 average_last200: -120.2826 epis: 0.0104 loss: 92.4324 
episode: 89 count: 1000 score: -67.1154 average_last200: -119.6918 epis: 0.0099 loss: 90.0990 
episode: 90 count: 1000 score: -75.1480 average_last200: -119.2023 epis: 0.0094 loss: 95.7752 
episode: 91 count: 1000 score: -78.8021 average_last200: -118.7632 epis: 0.0089 loss: 89.1411 
episode: 92 count: 1000 score: -43.6909 average_last200: -117.9560 epis: 0.0085 loss: 87.3034 
episode: 93 count: 1000 score: -246.7468 average_last200: -119.3261 epis: 0.0081 loss: 84.3536 
episode: 94 count: 1000 score: -50.8242 average_last200: -118.6050 epis: 0.0077 loss: 88.1284 
episode: 95 count: 1000 score: -71.0325 average_last200: -118.1095 epis: 0.0073 loss: 88.3482 
episode: 96 count: 1000 score: -79.9382 average_last200: -117.7159 epis: 0.0069 loss: 85.7381 
episode: 97 count: 1000 score: -92.9926 average_last200: -117.4637 epis: 0.0066 loss: 87.0146 
episode: 98 count: 1000 score: -36.1659 average_last200: -116.6425 epis: 0.0062 loss: 78.9894 
episode: 99 count: 1000 score: -26.2579 average_last200: -115.7386 epis: 0.0059 loss: 80.1636 
episode: 100 count: 1000 score: 0.4691 average_last200: -114.5880 epis: 0.0056 loss: 78.6398 
episode: 101 count: 1000 score: -61.1435 average_last200: -114.0641 epis: 0.0053 loss: 83.8280 
episode: 102 count: 859 score: 120.0724 average_last200: -111.7909 epis: 0.0051 loss: 65.3578 
episode: 103 count: 1000 score: -40.2252 average_last200: -111.1028 epis: 0.0048 loss: 78.0326 
episode: 104 count: 1000 score: -58.0316 average_last200: -110.5973 epis: 0.0046 loss: 72.6307 
episode: 105 count: 1000 score: -48.3690 average_last200: -110.0103 epis: 0.0044 loss: 74.7246 
episode: 106 count: 1000 score: -40.8852 average_last200: -109.3643 epis: 0.0041 loss: 75.3575 
episode: 107 count: 1000 score: -38.5706 average_last200: -108.7088 epis: 0.0039 loss: 84.2072 
episode: 108 count: 1000 score: -29.0075 average_last200: -107.9776 epis: 0.0037 loss: 76.2307 
episode: 109 count: 1000 score: -39.3643 average_last200: -107.3538 epis: 0.0035 loss: 74.8063 
episode: 110 count: 1000 score: -79.5261 average_last200: -107.1031 epis: 0.0034 loss: 77.3907 
episode: 111 count: 1000 score: -64.8567 average_last200: -106.7259 epis: 0.0032 loss: 87.8885 
episode: 112 count: 1000 score: -61.8324 average_last200: -106.3286 epis: 0.0030 loss: 79.9928 
episode: 113 count: 663 score: 86.0550 average_last200: -104.6410 epis: 0.0029 loss: 54.6770 
episode: 114 count: 1000 score: -68.7895 average_last200: -104.3293 epis: 0.0027 loss: 83.1415 
episode: 115 count: 1000 score: 2.6062 average_last200: -103.4074 epis: 0.0026 loss: 88.6267 
episode: 116 count: 1000 score: -29.7307 average_last200: -102.7777 epis: 0.0025 loss: 89.1725 
episode: 117 count: 1000 score: -42.4425 average_last200: -102.2664 epis: 0.0024 loss: 96.4827 
episode: 118 count: 1000 score: -49.3879 average_last200: -101.8220 epis: 0.0022 loss: 86.5805 
episode: 119 count: 629 score: 161.1244 average_last200: -99.6308 epis: 0.0021 loss: 54.3169 
episode: 120 count: 657 score: 156.6467 average_last200: -97.5128 epis: 0.0020 loss: 56.0817 
episode: 121 count: 1000 score: -75.2315 average_last200: -97.3302 epis: 0.0019 loss: 94.5643 
episode: 122 count: 493 score: 163.6550 average_last200: -95.2084 epis: 0.0018 loss: 40.8616 
episode: 123 count: 690 score: 135.6246 average_last200: -93.3468 epis: 0.0017 loss: 59.8109 
episode: 124 count: 434 score: -64.4174 average_last200: -93.1154 epis: 0.0016 loss: 34.8491 
episode: 125 count: 907 score: 128.5279 average_last200: -91.3563 epis: 0.0016 loss: 75.2397 
episode: 126 count: 580 score: 157.3462 average_last200: -89.3980 epis: 0.0015 loss: 55.7504 
episode: 127 count: 467 score: 185.8678 average_last200: -87.2475 epis: 0.0014 loss: 44.7274 
episode: 128 count: 350 score: 181.4705 average_last200: -85.1644 epis: 0.0013 loss: 30.4592 
episode: 129 count: 755 score: 179.3217 average_last200: -83.1299 epis: 0.0013 loss: 67.3722 
episode: 130 count: 329 score: 176.4106 average_last200: -81.1487 epis: 0.0012 loss: 24.4163 
episode: 131 count: 368 score: 184.9129 average_last200: -79.1330 epis: 0.0011 loss: 31.8843 
episode: 132 count: 359 score: 211.7293 average_last200: -76.9461 epis: 0.0011 loss: 28.6086 
episode: 133 count: 543 score: 208.4550 average_last200: -74.8163 epis: 0.0010 loss: 44.6114 
episode: 134 count: 428 score: -95.4780 average_last200: -74.9693 epis: 0.0010 loss: 33.8157 
episode: 135 count: 596 score: 161.0858 average_last200: -73.2336 epis: 0.0009 loss: 46.0418 
episode: 136 count: 402 score: 222.9569 average_last200: -71.0716 epis: 0.0009 loss: 31.9796 
episode: 137 count: 268 score: 195.2646 average_last200: -69.1417 epis: 0.0008 loss: 25.2418 
episode: 138 count: 492 score: 162.6617 average_last200: -67.4740 epis: 0.0008 loss: 37.4494 
episode: 139 count: 320 score: -75.0672 average_last200: -67.5282 epis: 0.0008 loss: 23.6012 
episode: 140 count: 1000 score: 59.3184 average_last200: -66.6286 epis: 0.0007 loss: 79.5579 
episode: 141 count: 425 score: 151.5738 average_last200: -65.0920 epis: 0.0007 loss: 31.9460 
episode: 142 count: 311 score: 197.1013 average_last200: -63.2585 epis: 0.0007 loss: 24.0608 
episode: 143 count: 334 score: 181.2046 average_last200: -61.5608 epis: 0.0006 loss: 25.0155 
episode: 144 count: 399 score: 200.3950 average_last200: -59.7542 epis: 0.0006 loss: 35.5393 
episode: 145 count: 410 score: 214.4811 average_last200: -57.8759 epis: 0.0006 loss: 34.7127 
episode: 146 count: 582 score: 165.1793 average_last200: -56.3585 epis: 0.0005 loss: 45.6744 
episode: 147 count: 363 score: -60.9949 average_last200: -56.3898 epis: 0.0005 loss: 30.5939 
episode: 148 count: 277 score: -58.1772 average_last200: -56.4018 epis: 0.0005 loss: 25.5301 
episode: 149 count: 474 score: 178.2838 average_last200: -54.8373 epis: 0.0005 loss: 41.3036 
episode: 150 count: 1000 score: 64.0811 average_last200: -54.0497 epis: 0.0004 loss: 81.3571 
episode: 151 count: 610 score: 185.3567 average_last200: -52.4747 epis: 0.0004 loss: 56.1285 
episode: 152 count: 429 score: 222.8461 average_last200: -50.6752 epis: 0.0004 loss: 41.0260 
episode: 153 count: 362 score: 195.2619 average_last200: -49.0782 epis: 0.0004 loss: 34.8292 
episode: 154 count: 507 score: 213.1871 average_last200: -47.3862 epis: 0.0004 loss: 44.5341 
episode: 155 count: 344 score: -40.4453 average_last200: -47.3417 epis: 0.0003 loss: 27.6516 
episode: 156 count: 116 score: -62.8009 average_last200: -47.4401 epis: 0.0003 loss: 10.8867 
episode: 157 count: 351 score: 154.3629 average_last200: -46.1629 epis: 0.0003 loss: 33.0474 
episode: 158 count: 332 score: -49.9895 average_last200: -46.1870 epis: 0.0003 loss: 26.3875 
episode: 159 count: 198 score: -96.8079 average_last200: -46.5034 epis: 0.0003 loss: 16.5237 
episode: 160 count: 296 score: -78.9319 average_last200: -46.7048 epis: 0.0003 loss: 30.6370 
episode: 161 count: 1000 score: 7.0857 average_last200: -46.3727 epis: 0.0002 loss: 91.5608 
episode: 162 count: 425 score: 132.6493 average_last200: -45.2744 epis: 0.0002 loss: 40.5980 
episode: 163 count: 419 score: 187.2707 average_last200: -43.8565 epis: 0.0002 loss: 39.7129 
episode: 164 count: 494 score: 184.7375 average_last200: -42.4711 epis: 0.0002 loss: 37.6332 
episode: 165 count: 550 score: 156.8182 average_last200: -41.2705 epis: 0.0002 loss: 49.9360 
episode: 166 count: 542 score: 173.5382 average_last200: -39.9842 epis: 0.0002 loss: 49.5028 
episode: 167 count: 487 score: 143.1454 average_last200: -38.8942 epis: 0.0002 loss: 44.1351 
episode: 168 count: 519 score: 169.7108 average_last200: -37.6598 epis: 0.0002 loss: 40.9807 
episode: 169 count: 439 score: 181.1305 average_last200: -36.3728 epis: 0.0002 loss: 37.1567 
episode: 170 count: 557 score: 190.8251 average_last200: -35.0442 epis: 0.0002 loss: 58.9997 
episode: 171 count: 716 score: 166.4622 average_last200: -33.8726 epis: 0.0001 loss: 60.4674 
episode: 172 count: 411 score: 174.6535 average_last200: -32.6673 epis: 0.0001 loss: 38.4125 
episode: 173 count: 640 score: 153.4696 average_last200: -31.5975 epis: 0.0001 loss: 64.9550 
episode: 174 count: 413 score: -85.7707 average_last200: -31.9071 epis: 0.0001 loss: 33.5554 
episode: 175 count: 484 score: 164.8254 average_last200: -30.7893 epis: 0.0001 loss: 50.1995 
episode: 176 count: 602 score: 161.7343 average_last200: -29.7016 epis: 0.0001 loss: 57.3400 
episode: 177 count: 360 score: 238.6807 average_last200: -28.1938 epis: 0.0001 loss: 31.4347 
episode: 178 count: 778 score: 119.1340 average_last200: -27.3708 epis: 0.0001 loss: 63.9297 
episode: 179 count: 594 score: 177.9476 average_last200: -26.2301 epis: 0.0001 loss: 51.7580 
episode: 180 count: 285 score: 229.6701 average_last200: -24.8163 epis: 0.0001 loss: 25.7720 
episode: 181 count: 1000 score: -61.8200 average_last200: -25.0196 epis: 0.0001 loss: 92.1861 
episode: 182 count: 395 score: 196.3427 average_last200: -23.8100 epis: 0.0001 loss: 41.2938 
episode: 183 count: 761 score: 176.0417 average_last200: -22.7238 epis: 0.0001 loss: 64.4207 
episode: 184 count: 1000 score: -9.0155 average_last200: -22.6497 epis: 0.0001 loss: 98.2244 
episode: 185 count: 652 score: 152.2347 average_last200: -21.7095 epis: 0.0001 loss: 57.0018 
episode: 186 count: 458 score: 152.2857 average_last200: -20.7790 epis: 0.0001 loss: 35.1794 
episode: 187 count: 569 score: 173.8780 average_last200: -19.7436 epis: 0.0001 loss: 47.6547 
episode: 188 count: 722 score: 137.5370 average_last200: -18.9115 epis: 0.0001 loss: 70.8576 
episode: 189 count: 353 score: -44.3043 average_last200: -19.0451 epis: 0.0001 loss: 33.7017 
episode: 190 count: 551 score: 185.0623 average_last200: -17.9765 epis: 0.0001 loss: 47.1749 
episode: 191 count: 529 score: 168.9965 average_last200: -17.0027 epis: 0.0001 loss: 52.6474 
episode: 192 count: 885 score: 105.7326 average_last200: -16.3667 epis: 0.0001 loss: 80.9148 
episode: 193 count: 1000 score: -61.1986 average_last200: -16.5978 epis: 0.0000 loss: 95.9020 
episode: 194 count: 886 score: -144.8347 average_last200: -17.2555 epis: 0.0000 loss: 79.1780 
episode: 195 count: 341 score: -98.5425 average_last200: -17.6702 epis: 0.0000 loss: 30.0814 
episode: 196 count: 1000 score: -36.5852 average_last200: -17.7662 epis: 0.0000 loss: 99.5166 
episode: 197 count: 1000 score: -28.7241 average_last200: -17.8215 epis: 0.0000 loss: 84.6037 
episode: 198 count: 881 score: 110.4349 average_last200: -17.1770 epis: 0.0000 loss: 76.3820 
episode: 199 count: 1000 score: -64.9193 average_last200: -17.4157 epis: 0.0000 loss: 90.8132 
episode: 200 count: 800 score: -87.6924 average_last200: -16.8454 epis: 0.0000 loss: 72.2879 
episode: 201 count: 1000 score: -85.9747 average_last200: -16.4350 epis: 0.0000 loss: 91.7826 
episode: 202 count: 1000 score: -57.1576 average_last200: -15.7447 epis: 0.0000 loss: 77.6047 
episode: 203 count: 753 score: 123.5360 average_last200: -13.1322 epis: 0.0000 loss: 70.8947 
episode: 204 count: 593 score: 135.6875 average_last200: -11.7470 epis: 0.0000 loss: 50.8647 
episode: 205 count: 663 score: 156.6819 average_last200: -9.1613 epis: 0.0000 loss: 57.2342 
episode: 206 count: 617 score: -94.3923 average_last200: -6.6151 epis: 0.0000 loss: 55.8794 
episode: 207 count: 461 score: 206.1999 average_last200: -3.5556 epis: 0.0000 loss: 38.6890 
episode: 208 count: 617 score: 136.5554 average_last200: -2.0687 epis: 0.0000 loss: 62.3144 
episode: 209 count: 406 score: -58.6259 average_last200: -1.4880 epis: 0.0000 loss: 37.6732 
episode: 210 count: 618 score: 165.8582 average_last200: 2.6082 epis: 0.0000 loss: 58.8811 
episode: 211 count: 149 score: -108.6822 average_last200: 3.5269 epis: 0.0000 loss: 15.0900 
episode: 212 count: 360 score: 169.1339 average_last200: 6.6122 epis: 0.0000 loss: 33.9759 
episode: 213 count: 570 score: 167.6240 average_last200: 9.7292 epis: 0.0000 loss: 53.0443 
episode: 214 count: 555 score: 218.6080 average_last200: 11.6737 epis: 0.0000 loss: 45.4912 
episode: 215 count: 352 score: 143.3305 average_last200: 13.8814 epis: 0.0000 loss: 28.5793 
episode: 216 count: 622 score: -77.5030 average_last200: 14.0866 epis: 0.0000 loss: 64.3395 
episode: 217 count: 571 score: 159.0768 average_last200: 15.5184 epis: 0.0000 loss: 54.6372 
episode: 218 count: 288 score: 141.2007 average_last200: 18.3183 epis: 0.0000 loss: 33.1417 
episode: 219 count: 370 score: 181.9636 average_last200: 19.8391 epis: 0.0000 loss: 36.2448 
episode: 220 count: 498 score: -55.2699 average_last200: 20.5697 epis: 0.0000 loss: 52.7762 
episode: 221 count: 615 score: 166.3668 average_last200: 22.0156 epis: 0.0000 loss: 69.0171 
episode: 222 count: 426 score: 210.9847 average_last200: 23.7680 epis: 0.0000 loss: 48.3588 
episode: 223 count: 686 score: 99.4900 average_last200: 25.4685 epis: 0.0000 loss: 68.1141 
episode: 224 count: 431 score: 190.6172 average_last200: 27.0444 epis: 0.0000 loss: 44.2467 
episode: 225 count: 444 score: -47.8337 average_last200: 27.3760 epis: 0.0000 loss: 44.2349 
episode: 226 count: 1000 score: 68.8414 average_last200: 28.3577 epis: 0.0000 loss: 104.0875 
episode: 227 count: 509 score: 148.6361 average_last200: 29.4688 epis: 0.0000 loss: 54.7315 
episode: 228 count: 461 score: 220.1792 average_last200: 31.0385 epis: 0.0000 loss: 51.3181 
episode: 229 count: 445 score: 201.3552 average_last200: 32.5579 epis: 0.0000 loss: 41.1118 
episode: 230 count: 488 score: 135.8729 average_last200: 33.5433 epis: 0.0000 loss: 46.5531 
episode: 231 count: 526 score: 174.7478 average_last200: 34.8992 epis: 0.0000 loss: 63.5638 
episode: 232 count: 453 score: 225.8836 average_last200: 36.7542 epis: 0.0000 loss: 53.3738 
episode: 233 count: 395 score: 173.1163 average_last200: 38.0649 epis: 0.0000 loss: 39.6600 
episode: 234 count: 539 score: 193.7296 average_last200: 39.2487 epis: 0.0000 loss: 59.6609 
episode: 235 count: 406 score: 221.9256 average_last200: 41.2112 epis: 0.0000 loss: 42.4822 
episode: 236 count: 441 score: 178.9220 average_last200: 42.9249 epis: 0.0000 loss: 47.7844 
episode: 237 count: 457 score: 189.6639 average_last200: 43.9809 epis: 0.0000 loss: 52.8701 
episode: 238 count: 424 score: 187.5760 average_last200: 45.1950 epis: 0.0000 loss: 56.0350 
episode: 239 count: 683 score: 124.3040 average_last200: 46.1184 epis: 0.0000 loss: 82.1179 
episode: 240 count: 294 score: 228.2836 average_last200: 47.6658 epis: 0.0000 loss: 31.2467 
episode: 241 count: 471 score: 206.1182 average_last200: 48.4693 epis: 0.0000 loss: 56.5083 
episode: 242 count: 347 score: 220.4163 average_last200: 49.3405 epis: 0.0000 loss: 42.6328 
episode: 243 count: 1000 score: -83.5473 average_last200: 47.8992 epis: 0.0000 loss: 112.4443 
episode: 244 count: 246 score: 176.2454 average_last200: 48.5640 epis: 0.0000 loss: 29.2923 
episode: 245 count: 635 score: 151.1917 average_last200: 49.4561 epis: 0.0000 loss: 69.5540 
episode: 246 count: 544 score: 188.2719 average_last200: 49.6087 epis: 0.0000 loss: 67.7119 
episode: 247 count: 335 score: 191.4661 average_last200: 50.9739 epis: 0.0000 loss: 35.1956 
episode: 248 count: 486 score: 159.3830 average_last200: 51.9887 epis: 0.0000 loss: 55.7251 
episode: 249 count: 311 score: 192.5937 average_last200: 53.1707 epis: 0.0000 loss: 43.8043 
episode: 250 count: 445 score: 109.5913 average_last200: 53.8297 epis: 0.0000 loss: 51.7098 
episode: 251 count: 483 score: 160.3282 average_last200: 53.7591 epis: 0.0000 loss: 55.6470 
episode: 252 count: 511 score: 220.8918 average_last200: 55.0198 epis: 0.0000 loss: 54.0870 
episode: 253 count: 653 score: 175.1632 average_last200: 56.3418 epis: 0.0000 loss: 78.7628 
episode: 254 count: 415 score: 187.5321 average_last200: 57.6759 epis: 0.0000 loss: 47.0374 
episode: 255 count: 736 score: 151.4243 average_last200: 58.9140 epis: 0.0000 loss: 79.9974 
episode: 256 count: 795 score: 132.6996 average_last200: 60.0315 epis: 0.0000 loss: 90.4737 
episode: 257 count: 389 score: 181.2224 average_last200: 61.3868 epis: 0.0000 loss: 45.1920 
episode: 258 count: 289 score: 182.4959 average_last200: 62.9827 epis: 0.0000 loss: 35.5514 
episode: 259 count: 319 score: 194.1860 average_last200: 64.3225 epis: 0.0000 loss: 43.7196 
episode: 260 count: 367 score: 202.9622 average_last200: 66.2034 epis: 0.0000 loss: 43.1226 
episode: 261 count: 383 score: 201.8276 average_last200: 67.4864 epis: 0.0000 loss: 50.5193 
episode: 262 count: 369 score: 214.1176 average_last200: 69.3911 epis: 0.0000 loss: 50.4441 
episode: 263 count: 376 score: 203.3138 average_last200: 70.8039 epis: 0.0000 loss: 46.4406 
episode: 264 count: 458 score: 222.9372 average_last200: 72.2287 epis: 0.0000 loss: 57.7159 
episode: 265 count: 336 score: 173.1481 average_last200: 73.2181 epis: 0.0000 loss: 44.8707 
episode: 266 count: 1000 score: -13.2771 average_last200: 73.2379 epis: 0.0000 loss: 117.4716 
episode: 267 count: 855 score: 138.5710 average_last200: 74.0629 epis: 0.0000 loss: 110.2919 
episode: 268 count: 431 score: 190.2858 average_last200: 75.4171 epis: 0.0000 loss: 50.9099 
episode: 269 count: 318 score: 201.1334 average_last200: 76.7495 epis: 0.0000 loss: 35.3143 
episode: 270 count: 956 score: -359.9523 average_last200: 75.2756 epis: 0.0000 loss: 133.3968 
episode: 271 count: 706 score: 146.3297 average_last200: 76.3649 epis: 0.0000 loss: 92.6627 
episode: 272 count: 656 score: 154.7788 average_last200: 77.2752 epis: 0.0000 loss: 79.6260 
episode: 273 count: 629 score: 184.0746 average_last200: 78.5062 epis: 0.0000 loss: 82.4758 
episode: 274 count: 338 score: 196.6245 average_last200: 79.7526 epis: 0.0000 loss: 45.5339 
episode: 275 count: 584 score: 183.8636 average_last200: 80.8723 epis: 0.0000 loss: 79.8707 
episode: 276 count: 699 score: 158.5023 average_last200: 81.7918 epis: 0.0000 loss: 99.7513 
episode: 277 count: 421 score: 177.1210 average_last200: 83.1192 epis: 0.0000 loss: 66.0873 
episode: 278 count: 352 score: 202.6830 average_last200: 84.2465 epis: 0.0000 loss: 38.9293 
episode: 279 count: 347 score: -124.5010 average_last200: 83.8085 epis: 0.0000 loss: 48.3491 
episode: 280 count: 1000 score: -9.1967 average_last200: 84.1167 epis: 0.0000 loss: 137.4384 
episode: 281 count: 650 score: 139.2216 average_last200: 85.0652 epis: 0.0000 loss: 78.8723 
episode: 282 count: 436 score: 193.0995 average_last200: 86.2601 epis: 0.0000 loss: 45.6299 
episode: 283 count: 356 score: 173.0853 average_last200: 87.3709 epis: 0.0000 loss: 46.8599 
episode: 284 count: 478 score: 144.3291 average_last200: 88.4254 epis: 0.0000 loss: 61.2963 
episode: 285 count: 101 score: -20.2808 average_last200: 89.1257 epis: 0.0000 loss: 10.4251 
episode: 286 count: 132 score: -24.8242 average_last200: 90.3132 epis: 0.0000 loss: 17.2947 
episode: 287 count: 469 score: 201.8648 average_last200: 92.2512 epis: 0.0000 loss: 58.4660 
episode: 288 count: 422 score: 184.7838 average_last200: 93.6456 epis: 0.0000 loss: 50.4865 
episode: 289 count: 520 score: 181.4098 average_last200: 94.8882 epis: 0.0000 loss: 70.3340 
episode: 290 count: 386 score: 168.4825 average_last200: 96.1064 epis: 0.0000 loss: 45.9387 
episode: 291 count: 407 score: 160.7535 average_last200: 97.3041 epis: 0.0000 loss: 60.8639 
episode: 292 count: 582 score: 180.7554 average_last200: 98.4264 epis: 0.0000 loss: 68.7662 
episode: 293 count: 404 score: 211.4525 average_last200: 100.7174 epis: 0.0000 loss: 55.2333 
episode: 294 count: 443 score: 167.9188 average_last200: 101.8111 epis: 0.0000 loss: 61.0432 
episode: 295 count: 424 score: 167.1090 average_last200: 103.0018 epis: 0.0000 loss: 58.2375 
episode: 296 count: 542 score: 160.5649 average_last200: 104.2043 epis: 0.0000 loss: 67.5792 
episode: 297 count: 480 score: 203.1884 average_last200: 105.6852 epis: 0.0000 loss: 70.9885 
episode: 298 count: 304 score: 204.6989 average_last200: 106.8895 epis: 0.0000 loss: 38.9141 
episode: 299 count: 418 score: 200.1376 average_last200: 108.0215 epis: 0.0000 loss: 54.4950 
episode: 300 count: 531 score: 167.2318 average_last200: 108.8553 epis: 0.0000 loss: 74.4280 
episode: 301 count: 400 score: 195.0191 average_last200: 110.1361 epis: 0.0000 loss: 49.4827 
episode: 302 count: 394 score: 183.5209 average_last200: 110.4534 epis: 0.0000 loss: 53.2090 
episode: 303 count: 399 score: 171.1241 average_last200: 111.5101 epis: 0.0000 loss: 52.8029 
episode: 304 count: 401 score: 153.2054 average_last200: 112.5663 epis: 0.0000 loss: 46.1554 
episode: 305 count: 610 score: 132.1597 average_last200: 113.4690 epis: 0.0000 loss: 65.3684 
episode: 306 count: 585 score: 181.6230 average_last200: 114.5815 epis: 0.0000 loss: 71.0157 
episode: 307 count: 488 score: 204.8279 average_last200: 115.7985 epis: 0.0000 loss: 58.9437 
episode: 308 count: 530 score: 173.4205 average_last200: 116.8106 epis: 0.0000 loss: 67.8200 
episode: 309 count: 903 score: 129.2853 average_last200: 117.6539 epis: 0.0000 loss: 105.6197 
episode: 310 count: 563 score: 195.2374 average_last200: 119.0277 epis: 0.0000 loss: 68.3327 
episode: 311 count: 531 score: 138.3192 average_last200: 120.0436 epis: 0.0000 loss: 59.6705 
episode: 312 count: 721 score: 99.6238 average_last200: 120.8509 epis: 0.0000 loss: 84.7671 
episode: 313 count: 459 score: 220.4192 average_last200: 121.5227 epis: 0.0000 loss: 52.1828 
episode: 314 count: 534 score: 148.6000 average_last200: 122.6096 epis: 0.0000 loss: 61.5430 
episode: 315 count: 352 score: 136.3847 average_last200: 123.2785 epis: 0.0000 loss: 47.0485 
episode: 316 count: 458 score: 196.4349 average_last200: 124.4094 epis: 0.0000 loss: 57.3899 
episode: 317 count: 339 score: 207.9608 average_last200: 125.6614 epis: 0.0000 loss: 48.8819 
episode: 318 count: 475 score: 193.6109 average_last200: 126.8764 epis: 0.0000 loss: 64.4754 
episode: 319 count: 493 score: 184.8603 average_last200: 126.9950 epis: 0.0000 loss: 56.0393 
episode: 320 count: 369 score: 192.6463 average_last200: 127.1750 epis: 0.0000 loss: 44.4878 
episode: 321 count: 431 score: 187.4955 average_last200: 128.4887 epis: 0.0000 loss: 46.7330 
episode: 322 count: 383 score: 222.9466 average_last200: 128.7851 epis: 0.0000 loss: 43.8818 
episode: 323 count: 378 score: 187.2976 average_last200: 129.0435 epis: 0.0000 loss: 32.7399 
episode: 324 count: 378 score: 213.4945 average_last200: 130.4331 epis: 0.0000 loss: 45.6977 
episode: 325 count: 311 score: 182.8649 average_last200: 130.7047 epis: 0.0000 loss: 43.4857 
episode: 326 count: 482 score: 198.7263 average_last200: 130.9116 epis: 0.0000 loss: 56.5871 
episode: 327 count: 527 score: 187.5104 average_last200: 130.9199 epis: 0.0000 loss: 54.4244 
episode: 328 count: 342 score: 173.8478 average_last200: 130.8817 epis: 0.0000 loss: 36.4514 
episode: 329 count: 401 score: 184.7571 average_last200: 130.9089 epis: 0.0000 loss: 53.1345 
episode: 330 count: 508 score: 165.9105 average_last200: 130.8564 epis: 0.0000 loss: 56.4635 
episode: 331 count: 562 score: 171.4904 average_last200: 130.7893 epis: 0.0000 loss: 60.5097 
episode: 332 count: 393 score: 154.2026 average_last200: 130.5017 epis: 0.0000 loss: 39.9984 
episode: 333 count: 420 score: 159.9514 average_last200: 130.2592 epis: 0.0000 loss: 39.6561 
episode: 334 count: 424 score: 177.2128 average_last200: 131.6226 epis: 0.0000 loss: 44.7316 
episode: 335 count: 497 score: 200.6459 average_last200: 131.8204 epis: 0.0000 loss: 58.7605 
episode: 336 count: 369 score: 237.9157 average_last200: 131.8952 epis: 0.0000 loss: 41.8472 
episode: 337 count: 243 score: 247.6875 average_last200: 132.1573 epis: 0.0000 loss: 30.0839 
episode: 338 count: 264 score: -12.9434 average_last200: 131.2793 epis: 0.0000 loss: 20.9092 
episode: 339 count: 324 score: 247.4594 average_last200: 132.8919 epis: 0.0000 loss: 42.5159 
episode: 340 count: 334 score: 211.1326 average_last200: 133.6510 epis: 0.0000 loss: 31.0491 
episode: 341 count: 286 score: 224.5091 average_last200: 134.0157 epis: 0.0000 loss: 37.5314 
episode: 342 count: 372 score: 205.7712 average_last200: 134.0590 epis: 0.0000 loss: 40.9208 
episode: 343 count: 351 score: 222.7937 average_last200: 134.2670 epis: 0.0000 loss: 38.9658 
episode: 344 count: 329 score: 236.9190 average_last200: 134.4496 epis: 0.0000 loss: 31.9648 
episode: 345 count: 553 score: 146.7954 average_last200: 134.1112 epis: 0.0000 loss: 58.5768 
episode: 346 count: 399 score: 182.6934 average_last200: 134.1987 epis: 0.0000 loss: 41.4872 
episode: 347 count: 344 score: 197.9865 average_last200: 135.4936 epis: 0.0000 loss: 45.1162 
episode: 348 count: 341 score: 202.3039 average_last200: 136.7960 epis: 0.0000 loss: 35.1528 
episode: 349 count: 432 score: 192.7647 average_last200: 136.8684 epis: 0.0000 loss: 45.0895 
episode: 350 count: 412 score: 192.5139 average_last200: 137.5106 epis: 0.0000 loss: 43.6437 
episode: 351 count: 572 score: 140.0062 average_last200: 137.2839 epis: 0.0000 loss: 59.6655 
episode: 352 count: 336 score: 223.8112 average_last200: 137.2887 epis: 0.0000 loss: 39.4974 
episode: 353 count: 321 score: 240.7394 average_last200: 137.5161 epis: 0.0000 loss: 35.8462 
episode: 354 count: 378 score: 237.6450 average_last200: 137.6384 epis: 0.0000 loss: 42.4233 
episode: 355 count: 381 score: 231.9192 average_last200: 139.0002 epis: 0.0000 loss: 40.1671 
episode: 356 count: 303 score: 208.9167 average_last200: 140.3588 epis: 0.0000 loss: 30.8718 
episode: 357 count: 328 score: 221.2529 average_last200: 140.6932 epis: 0.0000 loss: 38.4750 
episode: 358 count: 391 score: 252.0060 average_last200: 142.2032 epis: 0.0000 loss: 56.0524 
episode: 359 count: 450 score: 240.5556 average_last200: 143.8900 epis: 0.0000 loss: 55.8898 
episode: 360 count: 363 score: 172.7983 average_last200: 145.1487 epis: 0.0000 loss: 35.4588 
episode: 361 count: 435 score: 203.0421 average_last200: 146.1284 epis: 0.0000 loss: 42.7773 
episode: 362 count: 376 score: 219.6555 average_last200: 146.5635 epis: 0.0000 loss: 42.3940 
episode: 363 count: 451 score: 211.5757 average_last200: 146.6850 epis: 0.0000 loss: 49.4779 
episode: 364 count: 435 score: 206.3905 average_last200: 146.7933 epis: 0.0000 loss: 43.5500 
episode: 365 count: 338 score: 219.4977 average_last200: 147.1067 epis: 0.0000 loss: 41.6968 
episode: 366 count: 350 score: 193.3393 average_last200: 147.2057 epis: 0.0000 loss: 34.7467 
episode: 367 count: 464 score: 206.0587 average_last200: 147.5202 epis: 0.0000 loss: 49.5649 
episode: 368 count: 316 score: 221.8411 average_last200: 147.7809 epis: 0.0000 loss: 30.2376 
episode: 369 count: 763 score: 156.5432 average_last200: 147.6580 epis: 0.0000 loss: 66.0692 
episode: 370 count: 532 score: 182.6491 average_last200: 147.6171 epis: 0.0000 loss: 52.6165 
episode: 371 count: 378 score: 218.2987 average_last200: 147.8763 epis: 0.0000 loss: 33.9695 
episode: 372 count: 243 score: -17.3696 average_last200: 146.9161 epis: 0.0000 loss: 30.2800 
episode: 373 count: 392 score: 237.3020 average_last200: 147.3353 epis: 0.0000 loss: 38.9508 
episode: 374 count: 348 score: 208.1128 average_last200: 148.8047 epis: 0.0000 loss: 31.9274 
episode: 375 count: 322 score: 220.7813 average_last200: 149.0845 epis: 0.0000 loss: 36.4640 
episode: 376 count: 335 score: 190.9411 average_last200: 149.2305 epis: 0.0000 loss: 38.2176 
episode: 377 count: 845 score: 81.7514 average_last200: 148.4459 epis: 0.0000 loss: 92.1004 
episode: 378 count: 282 score: 208.0643 average_last200: 148.8905 epis: 0.0000 loss: 32.6375 
episode: 379 count: 352 score: 204.2407 average_last200: 149.0220 epis: 0.0000 loss: 37.5195 
episode: 380 count: 219 score: -34.1706 average_last200: 147.7028 epis: 0.0000 loss: 25.3920 
episode: 381 count: 322 score: 210.7317 average_last200: 149.0656 epis: 0.0000 loss: 36.6076 
episode: 382 count: 190 score: -286.3893 average_last200: 146.6519 epis: 0.0000 loss: 22.5233 
episode: 383 count: 230 score: -109.3297 average_last200: 145.2250 epis: 0.0000 loss: 23.5256 
episode: 384 count: 226 score: -11.8072 average_last200: 145.2111 epis: 0.0000 loss: 21.0792 
episode: 385 count: 225 score: -33.9467 average_last200: 144.2802 epis: 0.0000 loss: 23.2878 
episode: 386 count: 401 score: 197.3458 average_last200: 144.5055 epis: 0.0000 loss: 43.8768 
episode: 387 count: 315 score: 180.1116 average_last200: 144.5366 epis: 0.0000 loss: 32.4751 
episode: 388 count: 550 score: 176.7171 average_last200: 144.7325 epis: 0.0000 loss: 51.8741 
episode: 389 count: 273 score: 228.3307 average_last200: 146.0957 epis: 0.0000 loss: 30.1508 
episode: 390 count: 991 score: 54.6142 average_last200: 145.4435 epis: 0.0000 loss: 97.1042 
episode: 391 count: 321 score: 184.9866 average_last200: 145.5234 epis: 0.0000 loss: 34.2075 
episode: 392 count: 1000 score: -29.4135 average_last200: 144.8477 epis: 0.0000 loss: 99.8093 
episode: 393 count: 87 score: -64.5232 average_last200: 144.8311 epis: 0.0000 loss: 9.3901 
episode: 394 count: 1000 score: -53.0965 average_last200: 145.2898 epis: 0.0000 loss: 113.9695 
episode: 395 count: 808 score: 105.4032 average_last200: 146.3095 epis: 0.0000 loss: 83.8054 
episode: 396 count: 258 score: -22.6856 average_last200: 146.3790 epis: 0.0000 loss: 25.6390 
episode: 397 count: 638 score: 167.0342 average_last200: 147.3578 epis: 0.0000 loss: 66.5767 
episode: 398 count: 332 score: 216.2198 average_last200: 147.8867 epis: 0.0000 loss: 39.4723 
episode: 399 count: 73 score: -131.4969 average_last200: 147.5538 epis: 0.0000 loss: 8.7962 
episode: 400 count: 236 score: -78.6796 average_last200: 147.5989 epis: 0.0000 loss: 27.5149 
episode: 401 count: 325 score: 188.8561 average_last200: 148.9730 epis: 0.0000 loss: 35.8435 
episode: 402 count: 344 score: 171.9017 average_last200: 150.1183 epis: 0.0000 loss: 34.2170 
episode: 403 count: 262 score: 199.7438 average_last200: 150.4994 epis: 0.0000 loss: 28.2821 
episode: 404 count: 500 score: 169.6935 average_last200: 150.6694 epis: 0.0000 loss: 52.7796 
episode: 405 count: 527 score: 191.8573 average_last200: 150.8453 epis: 0.0000 loss: 58.5639 
episode: 406 count: 152 score: -100.1705 average_last200: 150.8164 epis: 0.0000 loss: 20.1791 
episode: 407 count: 302 score: 204.9004 average_last200: 150.8099 epis: 0.0000 loss: 43.9591 
episode: 408 count: 674 score: 160.7594 average_last200: 150.9309 epis: 0.0000 loss: 78.7084 
episode: 409 count: 134 score: -126.3616 average_last200: 150.5922 epis: 0.0000 loss: 14.9668 
episode: 410 count: 276 score: 194.3364 average_last200: 150.7346 epis: 0.0000 loss: 31.2574 
episode: 411 count: 162 score: -63.5797 average_last200: 150.9601 epis: 0.0000 loss: 15.4670 
episode: 412 count: 330 score: 197.7953 average_last200: 151.1034 epis: 0.0000 loss: 44.3709 
episode: 413 count: 269 score: -40.9364 average_last200: 150.0606 epis: 0.0000 loss: 32.1350 
episode: 414 count: 198 score: -27.9768 average_last200: 148.8277 epis: 0.0000 loss: 22.7065 
episode: 415 count: 513 score: 223.9431 average_last200: 149.2308 epis: 0.0000 loss: 51.1351 
episode: 416 count: 272 score: 225.9910 average_last200: 150.7483 epis: 0.0000 loss: 30.3907 
episode: 417 count: 411 score: 223.8356 average_last200: 151.0720 epis: 0.0000 loss: 57.3657 
episode: 418 count: 204 score: -1.3751 average_last200: 150.3592 epis: 0.0000 loss: 21.1730 
episode: 419 count: 166 score: -32.0585 average_last200: 149.2891 epis: 0.0000 loss: 19.0262 
episode: 420 count: 156 score: -69.8003 average_last200: 149.2164 epis: 0.0000 loss: 16.8132 
episode: 421 count: 491 score: 160.5898 average_last200: 149.1875 epis: 0.0000 loss: 59.0218 
episode: 422 count: 81 score: -130.9764 average_last200: 147.4777 epis: 0.0000 loss: 12.8541 
episode: 423 count: 176 score: -23.9869 average_last200: 146.8603 epis: 0.0000 loss: 19.1228 
episode: 424 count: 163 score: -69.2913 average_last200: 145.5608 epis: 0.0000 loss: 18.9245 
episode: 425 count: 352 score: 210.7959 average_last200: 146.8539 epis: 0.0000 loss: 42.8133 
episode: 426 count: 157 score: -20.4275 average_last200: 146.4076 epis: 0.0000 loss: 15.9042 
episode: 427 count: 80 score: -34.1302 average_last200: 145.4938 epis: 0.0000 loss: 5.6614 
episode: 428 count: 79 score: -88.5050 average_last200: 143.9503 epis: 0.0000 loss: 10.1612 
episode: 429 count: 325 score: 221.3848 average_last200: 144.0505 epis: 0.0000 loss: 32.9537 
episode: 430 count: 1000 score: -94.7511 average_last200: 142.8974 epis: 0.0000 loss: 122.6871 
episode: 431 count: 727 score: 128.1875 average_last200: 142.6646 epis: 0.0000 loss: 84.2788 
episode: 432 count: 287 score: -7.3041 average_last200: 141.4986 epis: 0.0000 loss: 35.7943 
episode: 433 count: 387 score: 210.2028 average_last200: 141.6841 epis: 0.0000 loss: 49.1386 
episode: 434 count: 365 score: 198.1408 average_last200: 141.7061 epis: 0.0000 loss: 41.9350 
episode: 435 count: 608 score: 129.1268 average_last200: 141.2421 epis: 0.0000 loss: 77.3063 
episode: 436 count: 232 score: 211.2671 average_last200: 141.4038 epis: 0.0000 loss: 26.4162 
episode: 437 count: 311 score: 223.4263 average_last200: 141.5727 epis: 0.0000 loss: 39.6908 
episode: 438 count: 339 score: 188.9968 average_last200: 141.5798 epis: 0.0000 loss: 39.3459 
episode: 439 count: 70 score: -48.7233 average_last200: 140.7146 epis: 0.0000 loss: 9.9652 
episode: 440 count: 215 score: 187.5355 average_last200: 140.5109 epis: 0.0000 loss: 25.6411 
episode: 441 count: 168 score: -28.9689 average_last200: 139.3355 epis: 0.0000 loss: 22.0449 
episode: 442 count: 89 score: -55.2919 average_last200: 137.9569 epis: 0.0000 loss: 8.7526 
episode: 443 count: 166 score: -27.8352 average_last200: 138.2355 epis: 0.0000 loss: 25.3327 
episode: 444 count: 236 score: 202.6820 average_last200: 138.3677 epis: 0.0000 loss: 28.2389 
episode: 445 count: 408 score: 206.4834 average_last200: 138.6441 epis: 0.0000 loss: 45.4737 
episode: 446 count: 205 score: -18.7075 average_last200: 137.6092 epis: 0.0000 loss: 28.7446 
episode: 447 count: 280 score: 187.1526 average_last200: 137.5877 epis: 0.0000 loss: 34.4397 
episode: 448 count: 362 score: 209.3552 average_last200: 137.8375 epis: 0.0000 loss: 40.7771 
episode: 449 count: 332 score: 196.9487 average_last200: 137.8593 epis: 0.0000 loss: 46.6239 
episode: 450 count: 334 score: 214.2611 average_last200: 138.3826 epis: 0.0000 loss: 45.1002 
episode: 451 count: 106 score: -65.7468 average_last200: 137.2523 epis: 0.0000 loss: 18.2436 
episode: 452 count: 128 score: -86.6300 average_last200: 135.7147 epis: 0.0000 loss: 15.6666 
episode: 453 count: 257 score: 212.2080 average_last200: 135.8999 epis: 0.0000 loss: 30.8956 
episode: 454 count: 277 score: 169.8253 average_last200: 135.8113 epis: 0.0000 loss: 30.8660 
episode: 455 count: 244 score: 180.1779 average_last200: 135.9551 epis: 0.0000 loss: 35.3834 
episode: 456 count: 410 score: 211.0890 average_last200: 136.3471 epis: 0.0000 loss: 59.2355 
episode: 457 count: 171 score: -76.9390 average_last200: 135.0563 epis: 0.0000 loss: 20.5885 
episode: 458 count: 161 score: -14.4218 average_last200: 134.0717 epis: 0.0000 loss: 16.8766 
episode: 459 count: 175 score: -13.2866 average_last200: 133.0343 epis: 0.0000 loss: 23.5298 
episode: 460 count: 236 score: -2.9934 average_last200: 132.0045 epis: 0.0000 loss: 27.8057 
episode: 461 count: 162 score: -86.0596 average_last200: 130.5651 epis: 0.0000 loss: 17.7166 
episode: 462 count: 283 score: 202.2214 average_last200: 130.5056 epis: 0.0000 loss: 41.6468 
episode: 463 count: 171 score: -86.6321 average_last200: 129.0559 epis: 0.0000 loss: 23.3438 
episode: 464 count: 160 score: -17.9262 average_last200: 127.8516 epis: 0.0000 loss: 26.1898 
episode: 465 count: 356 score: 157.9948 average_last200: 127.7758 epis: 0.0000 loss: 45.6520 
episode: 466 count: 84 score: -74.0398 average_last200: 127.4720 epis: 0.0000 loss: 9.8270 
episode: 467 count: 241 score: 220.0883 average_last200: 127.8796 epis: 0.0000 loss: 33.2684 
episode: 468 count: 275 score: 198.9662 average_last200: 127.9230 epis: 0.0000 loss: 42.8579 
episode: 469 count: 278 score: -24.0190 average_last200: 126.7972 epis: 0.0000 loss: 29.9428 
episode: 470 count: 291 score: 194.1668 average_last200: 129.5678 epis: 0.0000 loss: 43.7603 
episode: 471 count: 361 score: 217.6743 average_last200: 129.9245 epis: 0.0000 loss: 58.7828 
episode: 472 count: 345 score: 203.5060 average_last200: 130.1682 epis: 0.0000 loss: 53.3852 
episode: 473 count: 347 score: 223.2733 average_last200: 130.3642 epis: 0.0000 loss: 46.2328 
episode: 474 count: 215 score: 208.8720 average_last200: 130.4254 epis: 0.0000 loss: 28.5246 
episode: 475 count: 302 score: 188.4930 average_last200: 130.4485 epis: 0.0000 loss: 44.1855 
episode: 476 count: 130 score: -27.0163 average_last200: 129.5209 epis: 0.0000 loss: 13.4170 
episode: 477 count: 233 score: 207.6494 average_last200: 129.6736 epis: 0.0000 loss: 28.3396 
episode: 478 count: 277 score: -49.3805 average_last200: 128.4133 epis: 0.0000 loss: 44.5415 
episode: 479 count: 272 score: 202.7147 average_last200: 130.0493 epis: 0.0000 loss: 33.6182 
episode: 480 count: 130 score: -25.6972 average_last200: 129.9668 epis: 0.0000 loss: 20.1374 
episode: 481 count: 322 score: 232.8561 average_last200: 130.4350 epis: 0.0000 loss: 44.3590 
episode: 482 count: 336 score: 235.4298 average_last200: 130.6467 epis: 0.0000 loss: 46.9376 
episode: 483 count: 300 score: 180.8811 average_last200: 130.6856 epis: 0.0000 loss: 40.0098 
episode: 484 count: 349 score: -35.7977 average_last200: 129.7850 epis: 0.0000 loss: 45.3120 
episode: 485 count: 330 score: 214.1992 average_last200: 130.9574 epis: 0.0000 loss: 44.7721 
episode: 486 count: 326 score: -12.1632 average_last200: 131.0207 epis: 0.0000 loss: 45.0861 
episode: 487 count: 436 score: 200.2700 average_last200: 131.0127 epis: 0.0000 loss: 55.2441 
episode: 488 count: 473 score: 197.7470 average_last200: 131.0776 epis: 0.0000 loss: 56.6015 
episode: 489 count: 421 score: 233.3460 average_last200: 131.3372 epis: 0.0000 loss: 55.9557 
episode: 490 count: 149 score: -18.9823 average_last200: 130.3999 epis: 0.0000 loss: 19.2552 
episode: 491 count: 369 score: 177.4544 average_last200: 130.4834 epis: 0.0000 loss: 53.1448 
episode: 492 count: 368 score: 201.8360 average_last200: 130.5888 epis: 0.0000 loss: 49.3515 
episode: 493 count: 359 score: 191.3104 average_last200: 130.4881 epis: 0.0000 loss: 59.1994 
episode: 494 count: 538 score: 168.8944 average_last200: 130.4930 epis: 0.0000 loss: 80.4633 
episode: 495 count: 424 score: 177.7113 average_last200: 130.5460 epis: 0.0000 loss: 55.8123 
episode: 496 count: 311 score: 212.1740 average_last200: 130.8041 epis: 0.0000 loss: 43.3800 
episode: 497 count: 308 score: 171.5109 average_last200: 130.6457 epis: 0.0000 loss: 39.7185 
episode: 498 count: 324 score: 203.7346 average_last200: 130.6408 epis: 0.0000 loss: 47.6618 
episode: 499 count: 771 score: 154.7166 average_last200: 130.4137 epis: 0.0000 loss: 99.6340 
episode: 500 count: 402 score: 166.0218 average_last200: 130.4077 epis: 0.0000 loss: 62.2197 
episode: 501 count: 140 score: -21.3010 average_last200: 129.3261 epis: 0.0000 loss: 18.0925 
episode: 502 count: 474 score: 162.9807 average_last200: 129.2234 epis: 0.0000 loss: 66.1645 
episode: 503 count: 350 score: 185.1483 average_last200: 129.2935 epis: 0.0000 loss: 45.7346 
episode: 504 count: 454 score: 163.3057 average_last200: 129.3440 epis: 0.0000 loss: 63.4840 
episode: 505 count: 279 score: 211.9464 average_last200: 129.7429 epis: 0.0000 loss: 34.6366 
episode: 506 count: 71 score: -69.3802 average_last200: 128.4879 epis: 0.0000 loss: 7.9425 
episode: 507 count: 332 score: 190.3074 average_last200: 128.4153 epis: 0.0000 loss: 42.9020 
episode: 508 count: 223 score: -52.1930 average_last200: 127.2873 epis: 0.0000 loss: 34.2320 
episode: 509 count: 335 score: 189.0898 average_last200: 127.5863 epis: 0.0000 loss: 54.9673 
episode: 510 count: 356 score: 201.9660 average_last200: 127.6199 epis: 0.0000 loss: 54.5376 
episode: 511 count: 284 score: 226.7611 average_last200: 128.0621 epis: 0.0000 loss: 35.7991 
episode: 512 count: 345 score: 206.0276 average_last200: 128.5941 epis: 0.0000 loss: 51.9355 
episode: 513 count: 336 score: 235.0799 average_last200: 128.6675 epis: 0.0000 loss: 50.9351 
episode: 514 count: 330 score: 234.7928 average_last200: 129.0984 epis: 0.0000 loss: 48.9734 
episode: 515 count: 320 score: 226.6464 average_last200: 129.5497 epis: 0.0000 loss: 48.6049 
episode: 516 count: 269 score: 207.4105 average_last200: 129.6046 epis: 0.0000 loss: 39.7367 
episode: 517 count: 339 score: 257.9917 average_last200: 129.8548 epis: 0.0000 loss: 51.6326 
episode: 518 count: 280 score: -40.7578 average_last200: 128.6829 epis: 0.0000 loss: 42.3811 
episode: 519 count: 329 score: 202.7178 average_last200: 128.7722 epis: 0.0000 loss: 50.0328 
episode: 520 count: 296 score: 183.4786 average_last200: 128.7264 epis: 0.0000 loss: 42.5597 
episode: 521 count: 244 score: 221.4074 average_last200: 128.8959 epis: 0.0000 loss: 29.0328 
episode: 522 count: 332 score: 243.4562 average_last200: 128.9985 epis: 0.0000 loss: 45.5565 
episode: 523 count: 289 score: 194.7783 average_last200: 129.0359 epis: 0.0000 loss: 38.9974 
episode: 524 count: 377 score: 206.8830 average_last200: 129.0028 epis: 0.0000 loss: 61.6746 
episode: 525 count: 207 score: 14.3625 average_last200: 128.1603 epis: 0.0000 loss: 27.4202 
episode: 526 count: 313 score: 173.5642 average_last200: 128.0345 epis: 0.0000 loss: 52.9917 
episode: 527 count: 316 score: 233.3144 average_last200: 128.2635 epis: 0.0000 loss: 46.9381 
episode: 528 count: 464 score: 207.4427 average_last200: 128.4315 epis: 0.0000 loss: 74.6492 
episode: 529 count: 236 score: 239.7916 average_last200: 128.7067 epis: 0.0000 loss: 32.7607 
episode: 530 count: 418 score: 174.4115 average_last200: 128.7492 epis: 0.0000 loss: 51.8834 
episode: 531 count: 225 score: -5.1443 average_last200: 127.8660 epis: 0.0000 loss: 33.9329 
episode: 532 count: 329 score: 200.7329 average_last200: 128.0986 epis: 0.0000 loss: 60.5010 
episode: 533 count: 295 score: 212.9269 average_last200: 128.3635 epis: 0.0000 loss: 48.0578 
episode: 534 count: 322 score: 206.2799 average_last200: 128.5089 epis: 0.0000 loss: 39.7276 
episode: 535 count: 337 score: 199.6177 average_last200: 128.5037 epis: 0.0000 loss: 56.8024 
episode: 536 count: 346 score: 208.8479 average_last200: 128.3584 epis: 0.0000 loss: 52.6717 
episode: 537 count: 344 score: -51.2781 average_last200: 126.8635 epis: 0.0000 loss: 58.6396 
episode: 538 count: 350 score: 219.0938 average_last200: 128.0237 epis: 0.0000 loss: 57.5521 
episode: 539 count: 322 score: 220.1370 average_last200: 127.8871 epis: 0.0000 loss: 52.9514 
episode: 540 count: 523 score: 158.5347 average_last200: 127.6241 epis: 0.0000 loss: 84.6676 
episode: 541 count: 393 score: 185.0038 average_last200: 127.4266 epis: 0.0000 loss: 52.5604 
episode: 542 count: 329 score: 197.3073 average_last200: 127.3843 epis: 0.0000 loss: 47.2882 
episode: 543 count: 328 score: 201.6243 average_last200: 127.2784 epis: 0.0000 loss: 44.1775 
episode: 544 count: 448 score: 167.6788 average_last200: 126.9322 epis: 0.0000 loss: 59.4817 
episode: 545 count: 101 score: -90.5154 average_last200: 125.7457 epis: 0.0000 loss: 16.4134 
episode: 546 count: 389 score: 196.3844 average_last200: 125.8141 epis: 0.0000 loss: 50.1631 
episode: 547 count: 214 score: -9.3574 average_last200: 124.7774 epis: 0.0000 loss: 30.8739 
episode: 548 count: 517 score: 182.9310 average_last200: 124.6806 epis: 0.0000 loss: 84.1162 
episode: 549 count: 199 score: -11.6558 average_last200: 123.6585 epis: 0.0000 loss: 28.1771 
episode: 550 count: 329 score: 198.4103 average_last200: 123.6879 epis: 0.0000 loss: 51.7426 
episode: 551 count: 134 score: -15.0724 average_last200: 122.9125 epis: 0.0000 loss: 20.8719 
episode: 552 count: 216 score: 31.9837 average_last200: 121.9534 epis: 0.0000 loss: 30.8467 
episode: 553 count: 219 score: 28.6449 average_last200: 120.8929 epis: 0.0000 loss: 35.9126 
episode: 554 count: 305 score: 222.2359 average_last200: 120.8159 epis: 0.0000 loss: 52.6234 
episode: 555 count: 75 score: -103.6706 average_last200: 119.1379 epis: 0.0000 loss: 12.8482 
episode: 556 count: 333 score: -36.5128 average_last200: 117.9108 epis: 0.0000 loss: 49.2696 
episode: 557 count: 318 score: -39.8676 average_last200: 116.6052 epis: 0.0000 loss: 50.2984 
episode: 558 count: 301 score: 193.2242 average_last200: 116.3113 epis: 0.0000 loss: 43.8839 
episode: 559 count: 228 score: -4.4801 average_last200: 115.0861 epis: 0.0000 loss: 32.0046 
episode: 560 count: 258 score: 203.9575 average_last200: 115.2419 epis: 0.0000 loss: 37.8133 
episode: 561 count: 308 score: 217.7735 average_last200: 115.3156 epis: 0.0000 loss: 47.7837 
episode: 562 count: 610 score: 178.2535 average_last200: 115.1085 epis: 0.0000 loss: 83.1158 
episode: 563 count: 308 score: 180.8429 average_last200: 114.9549 epis: 0.0000 loss: 45.0426 
episode: 564 count: 258 score: 221.5081 average_last200: 115.0305 epis: 0.0000 loss: 35.9970 
episode: 565 count: 247 score: -11.7020 average_last200: 113.8745 epis: 0.0000 loss: 42.2793 
episode: 566 count: 277 score: 180.2152 average_last200: 113.8088 epis: 0.0000 loss: 44.9472 
episode: 567 count: 236 score: 254.7279 average_last200: 114.0522 epis: 0.0000 loss: 34.2504 
episode: 568 count: 256 score: -59.3175 average_last200: 112.6464 epis: 0.0000 loss: 41.0091 
episode: 569 count: 331 score: 225.1080 average_last200: 112.9892 epis: 0.0000 loss: 50.1076 
episode: 570 count: 367 score: 210.0779 average_last200: 113.1264 epis: 0.0000 loss: 59.0478 
episode: 571 count: 369 score: 187.2630 average_last200: 112.9712 epis: 0.0000 loss: 57.6898 
episode: 572 count: 315 score: 200.8911 average_last200: 114.0625 epis: 0.0000 loss: 45.0824 
episode: 573 count: 372 score: 225.6093 average_last200: 114.0040 epis: 0.0000 loss: 62.9031 
episode: 574 count: 1000 score: 69.8648 average_last200: 113.3128 epis: 0.0000 loss: 162.3479 
episode: 575 count: 122 score: -0.9607 average_last200: 112.2041 epis: 0.0000 loss: 17.5447 
episode: 576 count: 166 score: -15.3482 average_last200: 111.1726 epis: 0.0000 loss: 24.2749 
episode: 577 count: 311 score: 207.4943 average_last200: 111.8014 epis: 0.0000 loss: 41.7479 
episode: 578 count: 317 score: 225.5538 average_last200: 111.8888 epis: 0.0000 loss: 50.4238 
episode: 579 count: 231 score: 233.3821 average_last200: 112.0345 epis: 0.0000 loss: 39.6276 
episode: 580 count: 274 score: 245.3635 average_last200: 113.4322 epis: 0.0000 loss: 45.2416 
episode: 581 count: 105 score: -148.5127 average_last200: 111.6360 epis: 0.0000 loss: 17.2003 
episode: 582 count: 85 score: -141.9361 average_last200: 112.3582 epis: 0.0000 loss: 15.2275 
episode: 583 count: 233 score: 235.6440 average_last200: 114.0831 epis: 0.0000 loss: 33.1986 
episode: 584 count: 266 score: 224.3735 average_last200: 115.2640 epis: 0.0000 loss: 43.5702 
episode: 585 count: 244 score: 237.4423 average_last200: 116.6209 epis: 0.0000 loss: 39.7924 
episode: 586 count: 252 score: -12.5440 average_last200: 115.5715 epis: 0.0000 loss: 40.0251 
episode: 587 count: 106 score: -89.1638 average_last200: 114.2251 epis: 0.0000 loss: 21.9241 
episode: 588 count: 277 score: 188.3086 average_last200: 114.2831 epis: 0.0000 loss: 48.6685 
episode: 589 count: 382 score: 223.5681 average_last200: 114.2593 epis: 0.0000 loss: 69.1604 
episode: 590 count: 342 score: 178.8765 average_last200: 114.8806 epis: 0.0000 loss: 54.1030 
episode: 591 count: 270 score: 238.7528 average_last200: 115.1494 epis: 0.0000 loss: 41.5383 
episode: 592 count: 97 score: -61.4833 average_last200: 114.9890 epis: 0.0000 loss: 18.3702 
episode: 593 count: 311 score: 179.1559 average_last200: 116.2074 epis: 0.0000 loss: 50.2640 
episode: 594 count: 212 score: -0.3554 average_last200: 116.4712 epis: 0.0000 loss: 33.3509 
episode: 595 count: 305 score: 225.5011 average_last200: 117.0716 epis: 0.0000 loss: 49.2846 
episode: 596 count: 271 score: -41.6156 average_last200: 116.9770 epis: 0.0000 loss: 44.6553 
episode: 597 count: 274 score: 204.0569 average_last200: 117.1621 epis: 0.0000 loss: 42.6352 
episode: 598 count: 369 score: 184.6449 average_last200: 117.0042 epis: 0.0000 loss: 62.0250 
episode: 599 count: 318 score: 207.0218 average_last200: 118.6968 epis: 0.0000 loss: 44.0350 
episode: 600 count: 183 score: -12.1439 average_last200: 119.0295 epis: 0.0000 loss: 23.7212 
episode: 601 count: 300 score: 203.0879 average_last200: 119.1007 epis: 0.0000 loss: 46.6159 
episode: 602 count: 262 score: 216.7706 average_last200: 119.3250 epis: 0.0000 loss: 32.7608 
episode: 603 count: 231 score: 237.3389 average_last200: 119.5130 epis: 0.0000 loss: 40.2694 
episode: 604 count: 278 score: 188.1998 average_last200: 119.6055 epis: 0.0000 loss: 44.1990 
episode: 605 count: 355 score: 227.5889 average_last200: 119.7842 epis: 0.0000 loss: 55.3272 
episode: 606 count: 161 score: 16.7839 average_last200: 120.3689 epis: 0.0000 loss: 22.1939 
episode: 607 count: 111 score: -7.0352 average_last200: 119.3093 epis: 0.0000 loss: 15.5401 
episode: 608 count: 357 score: 212.3462 average_last200: 119.5672 epis: 0.0000 loss: 55.2365 
episode: 609 count: 149 score: -53.5440 average_last200: 119.9313 epis: 0.0000 loss: 19.1403 
episode: 610 count: 200 score: -25.2085 average_last200: 118.8336 epis: 0.0000 loss: 36.6592 
episode: 611 count: 422 score: 215.0846 average_last200: 120.2269 epis: 0.0000 loss: 61.3136 
episode: 612 count: 124 score: -106.5189 average_last200: 118.7053 epis: 0.0000 loss: 21.4277 
episode: 613 count: 201 score: -32.8600 average_last200: 118.7457 epis: 0.0000 loss: 34.3421 
episode: 614 count: 199 score: 8.1270 average_last200: 118.9262 epis: 0.0000 loss: 30.3128 
episode: 615 count: 241 score: -16.1927 average_last200: 117.7255 epis: 0.0000 loss: 32.1907 
episode: 616 count: 246 score: 196.4596 average_last200: 117.5779 epis: 0.0000 loss: 47.2186 
episode: 617 count: 309 score: 165.6579 average_last200: 117.2870 epis: 0.0000 loss: 46.5535 
episode: 618 count: 277 score: 221.3210 average_last200: 118.4005 epis: 0.0000 loss: 50.7313 
episode: 619 count: 219 score: -9.0895 average_last200: 118.5153 epis: 0.0000 loss: 29.9685 
episode: 620 count: 275 score: 185.3241 average_last200: 119.7909 epis: 0.0000 loss: 35.5131 
episode: 621 count: 450 score: 179.6602 average_last200: 119.8863 epis: 0.0000 loss: 85.0615 
episode: 622 count: 340 score: -168.9135 average_last200: 119.6966 epis: 0.0000 loss: 54.7306 
episode: 623 count: 134 score: -46.3308 average_last200: 119.5849 epis: 0.0000 loss: 23.7396 
episode: 624 count: 604 score: 150.5959 average_last200: 120.6843 epis: 0.0000 loss: 96.8106 
episode: 625 count: 345 score: 243.8377 average_last200: 120.8495 epis: 0.0000 loss: 59.0032 
episode: 626 count: 185 score: 2.1534 average_last200: 120.9624 epis: 0.0000 loss: 33.3344 
episode: 627 count: 209 score: 222.8568 average_last200: 122.2474 epis: 0.0000 loss: 35.4391 
episode: 628 count: 135 score: -84.2175 average_last200: 122.2688 epis: 0.0000 loss: 15.3349 
episode: 629 count: 137 score: -107.9396 average_last200: 120.6222 epis: 0.0000 loss: 22.9224 
episode: 630 count: 293 score: -10.4406 average_last200: 121.0437 epis: 0.0000 loss: 50.8708 
episode: 631 count: 220 score: -6.1367 average_last200: 120.3721 epis: 0.0000 loss: 37.1320 
episode: 632 count: 161 score: 10.9785 average_last200: 120.4635 epis: 0.0000 loss: 21.1938 
episode: 633 count: 138 score: -132.8107 average_last200: 118.7485 epis: 0.0000 loss: 20.8685 
episode: 634 count: 416 score: 198.7625 average_last200: 118.7516 epis: 0.0000 loss: 67.2715 
episode: 635 count: 299 score: 206.1027 average_last200: 119.1364 epis: 0.0000 loss: 51.0534 
episode: 636 count: 140 score: -130.1609 average_last200: 117.4293 epis: 0.0000 loss: 24.8446 
episode: 637 count: 333 score: 247.8671 average_last200: 117.5515 epis: 0.0000 loss: 49.0357 
episode: 638 count: 340 score: 237.2205 average_last200: 117.7926 epis: 0.0000 loss: 55.9076 
episode: 639 count: 216 score: 237.2823 average_last200: 119.2227 epis: 0.0000 loss: 38.3145 
episode: 640 count: 267 score: 238.8494 average_last200: 119.4792 epis: 0.0000 loss: 49.3675 
episode: 641 count: 253 score: 228.6965 average_last200: 120.7676 epis: 0.0000 loss: 46.5997 
episode: 642 count: 418 score: 175.0086 average_last200: 121.9191 epis: 0.0000 loss: 64.7063 
episode: 643 count: 256 score: 221.3220 average_last200: 123.1648 epis: 0.0000 loss: 36.8712 
episode: 644 count: 184 score: -10.4061 average_last200: 122.0994 epis: 0.0000 loss: 31.9795 
episode: 645 count: 169 score: -152.3713 average_last200: 120.3051 epis: 0.0000 loss: 22.3343 
episode: 646 count: 238 score: 209.5763 average_last200: 121.4465 epis: 0.0000 loss: 40.7910 
episode: 647 count: 176 score: -20.0143 average_last200: 120.4107 epis: 0.0000 loss: 24.7034 
episode: 648 count: 424 score: -160.5817 average_last200: 118.5610 epis: 0.0000 loss: 69.8930 
episode: 649 count: 176 score: -110.0965 average_last200: 117.0258 epis: 0.0000 loss: 29.8539 
episode: 650 count: 239 score: -115.8772 average_last200: 115.3751 epis: 0.0000 loss: 39.3773 
episode: 651 count: 223 score: 25.9953 average_last200: 115.8338 epis: 0.0000 loss: 53.9351 
episode: 652 count: 386 score: 178.3398 average_last200: 117.1587 epis: 0.0000 loss: 61.0650 
episode: 653 count: 214 score: -53.3506 average_last200: 115.8309 epis: 0.0000 loss: 42.2913 
episode: 654 count: 395 score: -119.2931 average_last200: 114.3853 epis: 0.0000 loss: 70.1449 
episode: 655 count: 295 score: -89.5868 average_last200: 113.0365 epis: 0.0000 loss: 46.9945 
episode: 656 count: 242 score: 226.7392 average_last200: 113.1147 epis: 0.0000 loss: 34.3797 
episode: 657 count: 253 score: 187.9825 average_last200: 114.4393 epis: 0.0000 loss: 45.5651 
episode: 658 count: 157 score: -115.0256 average_last200: 113.9363 epis: 0.0000 loss: 27.4949 
episode: 659 count: 179 score: 26.6118 average_last200: 114.1358 epis: 0.0000 loss: 24.6776 
episode: 660 count: 260 score: 227.4043 average_last200: 115.2878 epis: 0.0000 loss: 42.1767 
episode: 661 count: 218 score: 217.2228 average_last200: 116.8042 epis: 0.0000 loss: 36.8208 
episode: 662 count: 178 score: -2.7614 average_last200: 115.7793 epis: 0.0000 loss: 33.0016 
episode: 663 count: 172 score: 15.8634 average_last200: 116.2918 epis: 0.0000 loss: 35.0444 
episode: 664 count: 163 score: -17.0584 average_last200: 116.2961 epis: 0.0000 loss: 22.3114 
episode: 665 count: 262 score: 276.4354 average_last200: 116.8883 epis: 0.0000 loss: 47.5575 
episode: 666 count: 290 score: 245.0543 average_last200: 118.4838 epis: 0.0000 loss: 55.4001 
episode: 667 count: 887 score: 67.6830 average_last200: 117.7217 epis: 0.0000 loss: 170.1519 
episode: 668 count: 271 score: 205.0398 average_last200: 117.7521 epis: 0.0000 loss: 38.8721 
episode: 669 count: 265 score: 238.4327 average_last200: 119.0644 epis: 0.0000 loss: 49.8535 
episode: 670 count: 290 score: 216.4233 average_last200: 119.1757 epis: 0.0000 loss: 57.5198 
episode: 671 count: 162 score: 33.4730 average_last200: 118.2546 epis: 0.0000 loss: 34.5342 
episode: 672 count: 316 score: 176.5565 average_last200: 118.1199 epis: 0.0000 loss: 52.3510 
episode: 673 count: 1000 score: 77.4475 average_last200: 117.3908 epis: 0.0000 loss: 173.2672 
episode: 674 count: 175 score: 25.9030 average_last200: 116.4759 epis: 0.0000 loss: 22.3187 
episode: 675 count: 194 score: 5.4904 average_last200: 115.5609 epis: 0.0000 loss: 37.2720 
episode: 676 count: 476 score: 176.2846 average_last200: 116.5774 epis: 0.0000 loss: 92.7801 
episode: 677 count: 566 score: -116.4816 average_last200: 114.9568 epis: 0.0000 loss: 100.3547 
episode: 678 count: 247 score: 193.0071 average_last200: 116.1687 epis: 0.0000 loss: 47.1029 
episode: 679 count: 181 score: 21.8778 average_last200: 115.2645 epis: 0.0000 loss: 34.8308 
episode: 680 count: 235 score: 7.9270 average_last200: 115.4326 epis: 0.0000 loss: 49.2906 
episode: 681 count: 556 score: 147.8247 average_last200: 115.0075 epis: 0.0000 loss: 104.2437 
episode: 682 count: 247 score: 214.0845 average_last200: 114.9008 epis: 0.0000 loss: 48.3684 
episode: 683 count: 465 score: 187.6514 average_last200: 114.9346 epis: 0.0000 loss: 88.9634 
episode: 684 count: 1000 score: -62.2437 average_last200: 114.8024 epis: 0.0000 loss: 181.1571 
episode: 685 count: 254 score: 215.8065 average_last200: 114.8104 epis: 0.0000 loss: 51.7550 
episode: 686 count: 304 score: 172.7726 average_last200: 115.7351 epis: 0.0000 loss: 47.2138 
episode: 687 count: 175 score: -24.0579 average_last200: 114.6134 epis: 0.0000 loss: 35.2390 
episode: 688 count: 1000 score: -69.9614 average_last200: 113.2749 epis: 0.0000 loss: 169.5213 
episode: 689 count: 148 score: -34.6721 average_last200: 111.9348 epis: 0.0000 loss: 20.6005 
episode: 690 count: 991 score: 13.1837 average_last200: 112.0956 epis: 0.0000 loss: 182.8505 
episode: 691 count: 439 score: 198.6490 average_last200: 112.2016 epis: 0.0000 loss: 82.9882 
episode: 692 count: 289 score: 196.7217 average_last200: 112.1760 epis: 0.0000 loss: 50.7616 
episode: 693 count: 157 score: 0.7131 average_last200: 111.2231 epis: 0.0000 loss: 36.1456 
episode: 694 count: 1000 score: -77.7444 average_last200: 109.9899 epis: 0.0000 loss: 177.8248 
episode: 695 count: 262 score: 214.4514 average_last200: 110.1736 epis: 0.0000 loss: 50.9771 
episode: 696 count: 232 score: 214.6787 average_last200: 110.1861 epis: 0.0000 loss: 40.8591 
episode: 697 count: 1000 score: -85.3528 average_last200: 108.9018 epis: 0.0000 loss: 178.0210 
episode: 698 count: 1000 score: -93.4673 average_last200: 107.4158 epis: 0.0000 loss: 177.8278 
episode: 699 count: 175 score: -40.6601 average_last200: 106.4389 epis: 0.0000 loss: 24.5296 
episode: 700 count: 232 score: -24.2878 average_last200: 105.4873 epis: 0.0000 loss: 42.0835 
episode: 701 count: 1000 score: -81.0810 average_last200: 105.1884 epis: 0.0000 loss: 172.4567 
episode: 702 count: 168 score: -7.1025 average_last200: 104.3380 epis: 0.0000 loss: 31.5292 
episode: 703 count: 177 score: -71.1367 average_last200: 103.0566 epis: 0.0000 loss: 31.4027 
episode: 704 count: 267 score: 207.9832 average_last200: 103.2800 epis: 0.0000 loss: 44.8059 
episode: 705 count: 178 score: 7.9287 average_last200: 102.2599 epis: 0.0000 loss: 32.1822 
episode: 706 count: 244 score: -52.7132 average_last200: 102.3432 epis: 0.0000 loss: 50.9717 
episode: 707 count: 221 score: -12.5740 average_last200: 101.3288 epis: 0.0000 loss: 44.6125 
episode: 708 count: 194 score: -20.7396 average_last200: 101.4861 epis: 0.0000 loss: 29.6455 
episode: 709 count: 480 score: 202.3122 average_last200: 101.5522 epis: 0.0000 loss: 80.7213 
episode: 710 count: 1000 score: -91.6644 average_last200: 100.0840 epis: 0.0000 loss: 192.9812 
episode: 711 count: 174 score: 3.2426 average_last200: 98.9665 epis: 0.0000 loss: 38.7100 
episode: 712 count: 224 score: 220.2525 average_last200: 99.0376 epis: 0.0000 loss: 41.1615 
episode: 713 count: 399 score: 208.4896 average_last200: 98.9046 epis: 0.0000 loss: 71.2240 
episode: 714 count: 563 score: 202.2559 average_last200: 98.7419 epis: 0.0000 loss: 101.7429 
episode: 715 count: 1000 score: -69.5819 average_last200: 97.2608 epis: 0.0000 loss: 174.7543 
episode: 716 count: 1000 score: -73.1005 average_last200: 95.8582 epis: 0.0000 loss: 196.6971 
episode: 717 count: 1000 score: -101.0611 average_last200: 94.0630 epis: 0.0000 loss: 184.3214 
episode: 718 count: 197 score: -18.8298 average_last200: 94.1726 epis: 0.0000 loss: 31.2799 
episode: 719 count: 249 score: 184.8046 average_last200: 94.0831 epis: 0.0000 loss: 44.6985 
episode: 720 count: 168 score: -16.3284 average_last200: 93.0840 epis: 0.0000 loss: 31.8080 
episode: 721 count: 167 score: -20.7829 average_last200: 91.8731 epis: 0.0000 loss: 32.3668 
episode: 722 count: 242 score: 191.7871 average_last200: 91.6147 epis: 0.0000 loss: 38.6176 
episode: 723 count: 237 score: -25.3565 average_last200: 90.5140 epis: 0.0000 loss: 33.3290 
episode: 724 count: 277 score: -35.4665 average_last200: 89.3023 epis: 0.0000 loss: 52.9502 
episode: 725 count: 204 score: 233.8400 average_last200: 90.3997 epis: 0.0000 loss: 29.7771 
episode: 726 count: 1000 score: -85.2418 average_last200: 89.1057 epis: 0.0000 loss: 187.2667 
episode: 727 count: 699 score: 130.9684 average_last200: 88.5939 epis: 0.0000 loss: 136.7437 
episode: 728 count: 190 score: 187.5424 average_last200: 88.4944 epis: 0.0000 loss: 29.8999 
episode: 729 count: 370 score: 220.5940 average_last200: 88.3984 epis: 0.0000 loss: 63.5064 
episode: 730 count: 227 score: 231.1961 average_last200: 88.6824 epis: 0.0000 loss: 42.6329 
episode: 731 count: 1000 score: -78.8620 average_last200: 88.3138 epis: 0.0000 loss: 184.8975 
episode: 732 count: 346 score: 220.7282 average_last200: 88.4138 epis: 0.0000 loss: 69.3238 
episode: 733 count: 1000 score: -75.4951 average_last200: 86.9716 epis: 0.0000 loss: 173.6767 
episode: 734 count: 507 score: 174.3213 average_last200: 86.8118 epis: 0.0000 loss: 78.5413 
episode: 735 count: 1000 score: -97.4695 average_last200: 85.3264 epis: 0.0000 loss: 172.7895 
episode: 736 count: 210 score: 216.4368 average_last200: 85.3644 epis: 0.0000 loss: 36.7307 
episode: 737 count: 289 score: 200.5353 average_last200: 86.6234 epis: 0.0000 loss: 50.1164 
episode: 738 count: 265 score: 214.4326 average_last200: 86.6001 epis: 0.0000 loss: 40.6469 
episode: 739 count: 166 score: 8.0796 average_last200: 85.5398 epis: 0.0000 loss: 27.8121 
episode: 740 count: 303 score: 229.1592 average_last200: 85.8930 epis: 0.0000 loss: 56.2969 
episode: 741 count: 1000 score: -65.1267 average_last200: 84.6423 epis: 0.0000 loss: 183.1209 
episode: 742 count: 232 score: 221.3687 average_last200: 84.7626 epis: 0.0000 loss: 45.4868 
episode: 743 count: 249 score: 231.5628 average_last200: 84.9123 epis: 0.0000 loss: 41.1702 
episode: 744 count: 241 score: 183.7664 average_last200: 84.9927 epis: 0.0000 loss: 39.5267 
episode: 745 count: 339 score: 224.6559 average_last200: 86.5686 epis: 0.0000 loss: 51.6762 
episode: 746 count: 1000 score: -83.3625 average_last200: 85.1699 epis: 0.0000 loss: 169.3758 
episode: 747 count: 246 score: 179.1477 average_last200: 86.1124 epis: 0.0000 loss: 44.4827 
episode: 748 count: 317 score: 197.0815 average_last200: 86.1831 epis: 0.0000 loss: 55.6639 
episode: 749 count: 169 score: -2.3829 average_last200: 86.2295 epis: 0.0000 loss: 22.0201 
episode: 750 count: 304 score: 203.2866 average_last200: 86.2539 epis: 0.0000 loss: 52.1725 
episode: 751 count: 196 score: 222.0999 average_last200: 87.4397 epis: 0.0000 loss: 27.5794 
episode: 752 count: 391 score: 224.0464 average_last200: 88.4001 epis: 0.0000 loss: 56.8380 
episode: 753 count: 268 score: 235.0533 average_last200: 89.4321 epis: 0.0000 loss: 43.9929 
episode: 754 count: 302 score: 224.3873 average_last200: 89.4429 epis: 0.0000 loss: 48.4541 
episode: 755 count: 237 score: 242.1144 average_last200: 91.1718 epis: 0.0000 loss: 34.2476 
episode: 756 count: 305 score: 192.1094 average_last200: 92.3149 epis: 0.0000 loss: 53.6606 
episode: 757 count: 1000 score: -92.9179 average_last200: 92.0496 epis: 0.0000 loss: 155.6678 
episode: 758 count: 316 score: 220.8657 average_last200: 92.1879 epis: 0.0000 loss: 48.1351 
episode: 759 count: 268 score: 220.7595 average_last200: 93.3140 epis: 0.0000 loss: 48.4672 
episode: 760 count: 330 score: 245.8296 average_last200: 93.5234 epis: 0.0000 loss: 47.0901 
episode: 761 count: 1000 score: -104.9139 average_last200: 91.9100 epis: 0.0000 loss: 152.7278 
episode: 762 count: 310 score: 194.1401 average_last200: 91.9894 epis: 0.0000 loss: 49.9842 
episode: 763 count: 1000 score: -113.4280 average_last200: 90.5181 epis: 0.0000 loss: 137.6745 
episode: 764 count: 274 score: 229.5754 average_last200: 90.5584 epis: 0.0000 loss: 39.6924 
episode: 765 count: 96 score: -41.4839 average_last200: 90.4095 epis: 0.0000 loss: 16.8925 
episode: 766 count: 243 score: 210.9877 average_last200: 90.5633 epis: 0.0000 loss: 27.7002 
episode: 767 count: 169 score: 258.0460 average_last200: 90.5799 epis: 0.0000 loss: 22.5757 
episode: 768 count: 169 score: -18.1909 average_last200: 90.7856 epis: 0.0000 loss: 25.8387 
episode: 769 count: 263 score: 205.3523 average_last200: 90.6868 epis: 0.0000 loss: 45.5909 
episode: 770 count: 360 score: 224.2538 average_last200: 90.7577 epis: 0.0000 loss: 54.3157 
episode: 771 count: 251 score: 255.6332 average_last200: 91.0995 epis: 0.0000 loss: 40.5046 
episode: 772 count: 280 score: 221.3941 average_last200: 91.2020 epis: 0.0000 loss: 49.2190 
episode: 773 count: 172 score: 229.3646 average_last200: 91.2208 epis: 0.0000 loss: 25.0048 
episode: 774 count: 259 score: 232.7531 average_last200: 92.0352 epis: 0.0000 loss: 41.2494 
episode: 775 count: 268 score: 222.2673 average_last200: 93.1514 epis: 0.0000 loss: 33.9485 
episode: 776 count: 1000 score: 126.8452 average_last200: 93.8624 epis: 0.0000 loss: 149.6599 
episode: 777 count: 276 score: 237.4777 average_last200: 94.0123 epis: 0.0000 loss: 45.4871 
episode: 778 count: 210 score: 229.2535 average_last200: 94.0308 epis: 0.0000 loss: 27.6244 
episode: 779 count: 209 score: 221.4932 average_last200: 93.9713 epis: 0.0000 loss: 31.1167 
episode: 780 count: 1000 score: -92.3630 average_last200: 92.2827 epis: 0.0000 loss: 159.3173 
episode: 781 count: 341 score: 193.6136 average_last200: 93.9933 epis: 0.0000 loss: 53.5526 
episode: 782 count: 233 score: 218.1595 average_last200: 95.7938 epis: 0.0000 loss: 34.4602 
episode: 783 count: 234 score: 228.6936 average_last200: 95.7591 epis: 0.0000 loss: 36.9297 
episode: 784 count: 306 score: 219.6410 average_last200: 95.7354 epis: 0.0000 loss: 47.1607 
episode: 785 count: 203 score: 208.8924 average_last200: 95.5926 epis: 0.0000 loss: 25.0805 
episode: 786 count: 225 score: 228.1812 average_last200: 96.7963 epis: 0.0000 loss: 30.2040 
episode: 787 count: 906 score: 131.8149 average_last200: 97.9012 epis: 0.0000 loss: 138.9353 
episode: 788 count: 279 score: 233.9421 average_last200: 98.1293 epis: 0.0000 loss: 36.7003 
episode: 789 count: 204 score: 203.3038 average_last200: 98.0280 epis: 0.0000 loss: 31.5380 
episode: 790 count: 208 score: 210.8288 average_last200: 98.1878 epis: 0.0000 loss: 29.6992 
episode: 791 count: 358 score: 231.8532 average_last200: 98.1533 epis: 0.0000 loss: 49.3452 
episode: 792 count: 247 score: 209.0717 average_last200: 99.5060 epis: 0.0000 loss: 33.7254 
episode: 793 count: 307 score: 220.6253 average_last200: 99.7134 epis: 0.0000 loss: 45.8953 
episode: 794 count: 203 score: 218.2209 average_last200: 100.8063 epis: 0.0000 loss: 31.0354 
episode: 795 count: 1000 score: -79.2484 average_last200: 99.2825 epis: 0.0000 loss: 152.3613 
episode: 796 count: 252 score: 211.7185 average_last200: 100.5492 epis: 0.0000 loss: 35.1377 
episode: 797 count: 346 score: 188.8607 average_last200: 100.4732 epis: 0.0000 loss: 52.3290 
episode: 798 count: 147 score: 28.0702 average_last200: 99.6903 epis: 0.0000 loss: 21.3291 
episode: 799 count: 274 score: 232.1694 average_last200: 99.8161 epis: 0.0000 loss: 46.7356 
episode: 800 count: 249 score: 199.3663 average_last200: 100.8736 epis: 0.0000 loss: 36.9882 
episode: 801 count: 180 score: 10.6431 average_last200: 99.9114 epis: 0.0000 loss: 19.3879 
episode: 802 count: 188 score: 233.4461 average_last200: 99.9948 epis: 0.0000 loss: 30.6143 
episode: 803 count: 494 score: 185.1645 average_last200: 99.7339 epis: 0.0000 loss: 77.1459 
episode: 804 count: 305 score: 233.7590 average_last200: 99.9617 epis: 0.0000 loss: 42.0839 
episode: 805 count: 237 score: 208.8743 average_last200: 99.8681 epis: 0.0000 loss: 34.7197 
episode: 806 count: 235 score: 199.8438 average_last200: 100.7834 epis: 0.0000 loss: 37.7260 
episode: 807 count: 303 score: 222.0371 average_last200: 101.9288 epis: 0.0000 loss: 45.5794 
episode: 808 count: 203 score: 197.6299 average_last200: 101.8552 epis: 0.0000 loss: 32.6449 
episode: 809 count: 256 score: 216.8160 average_last200: 103.2070 epis: 0.0000 loss: 37.5605 
episode: 810 count: 252 score: 238.1285 average_last200: 104.5237 epis: 0.0000 loss: 38.5260 
episode: 811 count: 232 score: 233.5284 average_last200: 104.6159 epis: 0.0000 loss: 30.9131 
episode: 812 count: 326 score: 240.1351 average_last200: 106.3492 epis: 0.0000 loss: 41.2474 
episode: 813 count: 309 score: 210.0341 average_last200: 107.5637 epis: 0.0000 loss: 48.2348 
episode: 814 count: 272 score: 211.7902 average_last200: 108.5820 epis: 0.0000 loss: 35.2370 
episode: 815 count: 348 score: 194.1775 average_last200: 109.6338 epis: 0.0000 loss: 57.5284 
episode: 816 count: 236 score: 206.0995 average_last200: 109.6820 epis: 0.0000 loss: 29.8061 
episode: 817 count: 206 score: 198.7006 average_last200: 109.8472 epis: 0.0000 loss: 35.4619 
episode: 818 count: 216 score: 205.2835 average_last200: 109.7670 epis: 0.0000 loss: 43.1723 
episode: 819 count: 471 score: 170.6131 average_last200: 110.6656 epis: 0.0000 loss: 66.5613 
episode: 820 count: 492 score: 176.0298 average_last200: 110.6191 epis: 0.0000 loss: 76.7808 
episode: 821 count: 406 score: 180.9287 average_last200: 110.6254 epis: 0.0000 loss: 56.2538 
episode: 822 count: 383 score: 170.9582 average_last200: 112.3248 epis: 0.0000 loss: 64.0702 
episode: 823 count: 231 score: 185.8941 average_last200: 113.4859 epis: 0.0000 loss: 31.0649 
episode: 824 count: 488 score: 193.8144 average_last200: 113.7020 epis: 0.0000 loss: 74.5028 
episode: 825 count: 373 score: 242.6357 average_last200: 113.6960 epis: 0.0000 loss: 57.5995 
episode: 826 count: 224 score: 189.6678 average_last200: 114.6336 epis: 0.0000 loss: 32.0106 
episode: 827 count: 217 score: 241.4015 average_last200: 114.7263 epis: 0.0000 loss: 34.2727 
episode: 828 count: 60 score: -142.5754 average_last200: 114.4345 epis: 0.0000 loss: 4.9356 
episode: 829 count: 247 score: 196.4946 average_last200: 115.9567 epis: 0.0000 loss: 36.6796 
episode: 830 count: 215 score: 207.7693 average_last200: 117.0477 epis: 0.0000 loss: 30.7959 
episode: 831 count: 307 score: 197.6646 average_last200: 118.0667 epis: 0.0000 loss: 47.4249 
episode: 832 count: 309 score: 233.2292 average_last200: 119.1780 epis: 0.0000 loss: 44.9029 
episode: 833 count: 494 score: 221.6185 average_last200: 120.9501 epis: 0.0000 loss: 74.0790 
episode: 834 count: 380 score: 182.6699 average_last200: 120.8697 epis: 0.0000 loss: 59.8222 
episode: 835 count: 293 score: 199.2027 average_last200: 120.8352 epis: 0.0000 loss: 38.0182 
episode: 836 count: 84 score: -32.2710 average_last200: 121.3246 epis: 0.0000 loss: 9.1064 
episode: 837 count: 337 score: 212.2866 average_last200: 121.1467 epis: 0.0000 loss: 44.9553 
episode: 838 count: 188 score: -3.6837 average_last200: 119.9422 epis: 0.0000 loss: 25.1215 
episode: 839 count: 237 score: 217.7939 average_last200: 119.8448 epis: 0.0000 loss: 36.4342 
episode: 840 count: 321 score: 202.7876 average_last200: 119.6644 epis: 0.0000 loss: 48.0225 
episode: 841 count: 360 score: 195.5764 average_last200: 119.4988 epis: 0.0000 loss: 56.9199 
episode: 842 count: 119 score: -57.9854 average_last200: 118.3339 epis: 0.0000 loss: 12.5801 
episode: 843 count: 643 score: 187.0738 average_last200: 118.1626 epis: 0.0000 loss: 98.5303 
episode: 844 count: 408 score: 215.7327 average_last200: 119.2933 epis: 0.0000 loss: 54.0499 
episode: 845 count: 299 score: 200.3155 average_last200: 121.0568 epis: 0.0000 loss: 45.6806 
episode: 846 count: 325 score: -23.2526 average_last200: 119.8926 epis: 0.0000 loss: 55.3410 
episode: 847 count: 118 score: -13.3303 average_last200: 119.9260 epis: 0.0000 loss: 22.5790 
episode: 848 count: 354 score: 237.3238 average_last200: 121.9156 epis: 0.0000 loss: 51.8937 
episode: 849 count: 337 score: 216.1663 average_last200: 123.5469 epis: 0.0000 loss: 54.8905 
episode: 850 count: 238 score: 183.6479 average_last200: 125.0445 epis: 0.0000 loss: 45.6032 
episode: 851 count: 398 score: -18.0203 average_last200: 124.8244 epis: 0.0000 loss: 58.4283 
episode: 852 count: 283 score: 211.7192 average_last200: 124.9913 epis: 0.0000 loss: 39.0760 
episode: 853 count: 357 score: 194.6395 average_last200: 126.2313 epis: 0.0000 loss: 55.5516 
episode: 854 count: 475 score: 195.4765 average_last200: 127.8051 epis: 0.0000 loss: 58.6853 
episode: 855 count: 347 score: 197.1725 average_last200: 129.2389 epis: 0.0000 loss: 58.3770 
episode: 856 count: 216 score: -21.2753 average_last200: 127.9988 epis: 0.0000 loss: 24.6281 
episode: 857 count: 542 score: 201.4509 average_last200: 128.0662 epis: 0.0000 loss: 86.5629 
episode: 858 count: 381 score: 202.9440 average_last200: 129.6560 epis: 0.0000 loss: 66.4198 
episode: 859 count: 757 score: 188.2478 average_last200: 130.4642 epis: 0.0000 loss: 99.6411 
episode: 860 count: 323 score: 223.6998 average_last200: 130.4457 epis: 0.0000 loss: 60.4288 
episode: 861 count: 329 score: 183.7406 average_last200: 130.2783 epis: 0.0000 loss: 55.1108 
episode: 862 count: 272 score: 190.2547 average_last200: 131.2434 epis: 0.0000 loss: 42.0741 
episode: 863 count: 365 score: 237.5255 average_last200: 132.3517 epis: 0.0000 loss: 45.2598 
episode: 864 count: 124 score: -68.3480 average_last200: 132.0952 epis: 0.0000 loss: 18.2666 
episode: 865 count: 245 score: 200.0383 average_last200: 131.7132 epis: 0.0000 loss: 33.9732 
episode: 866 count: 414 score: 198.2446 average_last200: 131.4792 epis: 0.0000 loss: 52.5568 
episode: 867 count: 277 score: 191.8757 average_last200: 132.1002 epis: 0.0000 loss: 39.1354 
episode: 868 count: 142 score: -104.7981 average_last200: 130.5510 epis: 0.0000 loss: 17.9283 
episode: 869 count: 274 score: -77.9899 average_last200: 128.9689 epis: 0.0000 loss: 35.5055 
episode: 870 count: 49 score: -214.0824 average_last200: 126.8163 epis: 0.0000 loss: 11.1703 
episode: 871 count: 979 score: 164.5632 average_last200: 127.4718 epis: 0.0000 loss: 150.6691 
episode: 872 count: 518 score: 203.6342 average_last200: 127.6072 epis: 0.0000 loss: 81.2020 
episode: 873 count: 559 score: 201.5902 average_last200: 128.2279 epis: 0.0000 loss: 92.3284 
episode: 874 count: 1000 score: -9.6659 average_last200: 128.0500 epis: 0.0000 loss: 147.7586 
episode: 875 count: 320 score: 214.0714 average_last200: 129.0929 epis: 0.0000 loss: 52.4778 
episode: 876 count: 328 score: 201.0589 average_last200: 129.2168 epis: 0.0000 loss: 54.3267 
episode: 877 count: 252 score: 215.0975 average_last200: 130.8747 epis: 0.0000 loss: 37.0109 
episode: 878 count: 297 score: 166.4381 average_last200: 130.7419 epis: 0.0000 loss: 42.1445 
episode: 879 count: 268 score: 190.4957 average_last200: 131.5849 epis: 0.0000 loss: 31.5008 
episode: 880 count: 359 score: 183.2128 average_last200: 132.4614 epis: 0.0000 loss: 49.3008 
episode: 881 count: 379 score: 201.4145 average_last200: 132.7293 epis: 0.0000 loss: 54.9531 
episode: 882 count: 89 score: -88.7214 average_last200: 131.2153 epis: 0.0000 loss: 11.2065 
episode: 883 count: 420 score: 203.3132 average_last200: 131.2936 epis: 0.0000 loss: 53.3112 
episode: 884 count: 302 score: 188.3024 average_last200: 132.5463 epis: 0.0000 loss: 46.5721 
episode: 885 count: 304 score: 185.7715 average_last200: 132.3962 epis: 0.0000 loss: 51.2776 
episode: 886 count: 383 score: 205.8287 average_last200: 132.5614 epis: 0.0000 loss: 68.2964 
episode: 887 count: 364 score: 177.3855 average_last200: 133.5687 epis: 0.0000 loss: 56.6902 
episode: 888 count: 534 score: 204.2590 average_last200: 134.9398 epis: 0.0000 loss: 90.7838 
episode: 889 count: 346 score: -15.7621 average_last200: 135.0343 epis: 0.0000 loss: 60.3070 
episode: 890 count: 324 score: 212.3817 average_last200: 136.0303 epis: 0.0000 loss: 51.6780 
episode: 891 count: 275 score: 198.7061 average_last200: 136.0306 epis: 0.0000 loss: 42.7040 
episode: 892 count: 293 score: 246.1006 average_last200: 136.2775 epis: 0.0000 loss: 44.6552 
episode: 893 count: 299 score: 211.1070 average_last200: 137.3294 epis: 0.0000 loss: 43.1912 
episode: 894 count: 293 score: 200.5868 average_last200: 138.7211 epis: 0.0000 loss: 48.1588 
episode: 895 count: 289 score: 218.6280 average_last200: 138.7420 epis: 0.0000 loss: 41.0345 
episode: 896 count: 334 score: 198.1951 average_last200: 138.6596 epis: 0.0000 loss: 62.6808 
episode: 897 count: 288 score: 234.6861 average_last200: 140.2598 epis: 0.0000 loss: 44.1425 
episode: 898 count: 463 score: 221.8570 average_last200: 141.8364 epis: 0.0000 loss: 65.6240 
episode: 899 count: 207 score: 234.9608 average_last200: 143.2145 epis: 0.0000 loss: 33.5421 
episode: 900 count: 300 score: 186.7653 average_last200: 144.2698 epis: 0.0000 loss: 51.5797 
episode: 901 count: 258 score: 191.0683 average_last200: 145.6305 epis: 0.0000 loss: 40.9523 
episode: 902 count: 300 score: 209.8548 average_last200: 146.7153 epis: 0.0000 loss: 43.6783 
episode: 903 count: 343 score: 210.9185 average_last200: 148.1256 epis: 0.0000 loss: 54.6427 
episode: 904 count: 374 score: 224.9644 average_last200: 148.2105 epis: 0.0000 loss: 56.8132 
episode: 905 count: 331 score: -11.5435 average_last200: 148.1131 epis: 0.0000 loss: 46.7016 
episode: 906 count: 319 score: 213.9050 average_last200: 149.4462 epis: 0.0000 loss: 51.9775 
episode: 907 count: 391 score: 210.5929 average_last200: 150.5620 epis: 0.0000 loss: 57.6560 
episode: 908 count: 282 score: 202.3966 average_last200: 151.6777 epis: 0.0000 loss: 43.6964 
episode: 909 count: 968 score: 75.1201 average_last200: 151.0418 epis: 0.0000 loss: 151.7145 
episode: 910 count: 443 score: 227.5758 average_last200: 152.6380 epis: 0.0000 loss: 75.0144 
episode: 911 count: 374 score: 234.7368 average_last200: 153.7954 epis: 0.0000 loss: 52.8613 
episode: 912 count: 413 score: 187.7246 average_last200: 153.6328 epis: 0.0000 loss: 57.2606 
episode: 913 count: 335 score: 166.6524 average_last200: 153.4236 epis: 0.0000 loss: 46.4143 
episode: 914 count: 339 score: 204.1111 average_last200: 153.4329 epis: 0.0000 loss: 53.7030 
episode: 915 count: 301 score: 210.9753 average_last200: 154.8357 epis: 0.0000 loss: 41.8225 
episode: 916 count: 314 score: 232.2160 average_last200: 156.3622 epis: 0.0000 loss: 42.1814 
episode: 917 count: 1000 score: -56.2633 average_last200: 156.5862 epis: 0.0000 loss: 163.4946 
episode: 918 count: 373 score: 205.5745 average_last200: 157.7083 epis: 0.0000 loss: 55.4342 
episode: 919 count: 313 score: 228.1499 average_last200: 157.9250 epis: 0.0000 loss: 54.0637 
episode: 920 count: 431 score: 181.3898 average_last200: 158.9136 epis: 0.0000 loss: 70.4274 
episode: 921 count: 319 score: 221.8852 average_last200: 160.1269 epis: 0.0000 loss: 53.4089 
episode: 922 count: 427 score: 190.8159 average_last200: 160.1221 epis: 0.0000 loss: 68.9547 
episode: 923 count: 467 score: 189.5771 average_last200: 161.1967 epis: 0.0000 loss: 64.3855 
episode: 924 count: 532 score: 191.7951 average_last200: 162.3330 epis: 0.0000 loss: 67.9262 
episode: 925 count: 404 score: 204.6453 average_last200: 162.1871 epis: 0.0000 loss: 59.5766 
episode: 926 count: 492 score: 181.4803 average_last200: 163.5207 epis: 0.0000 loss: 71.0744 
episode: 927 count: 445 score: 211.3003 average_last200: 163.9223 epis: 0.0000 loss: 67.6964 
episode: 928 count: 312 score: 196.9037 average_last200: 163.9691 epis: 0.0000 loss: 39.7997 
episode: 929 count: 296 score: 226.0419 average_last200: 163.9964 epis: 0.0000 loss: 37.5804 
episode: 930 count: 264 score: 10.8605 average_last200: 162.8947 epis: 0.0000 loss: 38.7989 
episode: 931 count: 339 score: 220.5854 average_last200: 164.3919 epis: 0.0000 loss: 46.8226 
episode: 932 count: 304 score: 216.3881 average_last200: 164.3702 epis: 0.0000 loss: 35.7453 
episode: 933 count: 294 score: 224.1491 average_last200: 165.8685 epis: 0.0000 loss: 46.7066 
episode: 934 count: 377 score: 232.1047 average_last200: 166.1574 epis: 0.0000 loss: 48.9260 
episode: 935 count: 348 score: 208.3093 average_last200: 167.6863 epis: 0.0000 loss: 49.7828 
episode: 936 count: 388 score: 192.2631 average_last200: 167.5654 epis: 0.0000 loss: 55.1297 
episode: 937 count: 263 score: 206.7979 average_last200: 167.5967 epis: 0.0000 loss: 34.3394 
episode: 938 count: 574 score: 174.2892 average_last200: 167.3960 epis: 0.0000 loss: 68.7328 
episode: 939 count: 920 score: 100.7962 average_last200: 167.8596 epis: 0.0000 loss: 142.3227 
episode: 940 count: 303 score: 192.4346 average_last200: 167.6760 epis: 0.0000 loss: 39.7885 
episode: 941 count: 1000 score: -80.7930 average_last200: 167.5976 epis: 0.0000 loss: 149.1922 
episode: 942 count: 348 score: 203.8005 average_last200: 167.5098 epis: 0.0000 loss: 59.3488 
episode: 943 count: 206 score: -27.6242 average_last200: 166.2138 epis: 0.0000 loss: 29.4114 
episode: 944 count: 275 score: 213.2317 average_last200: 166.3612 epis: 0.0000 loss: 37.9994 
episode: 945 count: 260 score: 231.4991 average_last200: 166.3954 epis: 0.0000 loss: 33.7879 
episode: 946 count: 336 score: 225.1892 average_last200: 167.9381 epis: 0.0000 loss: 48.0707 
episode: 947 count: 159 score: 3.3935 average_last200: 167.0594 epis: 0.0000 loss: 19.5356 
episode: 948 count: 250 score: 198.4681 average_last200: 167.0663 epis: 0.0000 loss: 27.1347 
episode: 949 count: 327 score: 234.9235 average_last200: 168.2528 epis: 0.0000 loss: 38.7107 
episode: 950 count: 402 score: 162.4344 average_last200: 168.0486 epis: 0.0000 loss: 54.0171 
episode: 951 count: 428 score: 225.7532 average_last200: 168.0668 epis: 0.0000 loss: 66.0101 
episode: 952 count: 213 score: 235.3294 average_last200: 168.1233 epis: 0.0000 loss: 31.7742 
episode: 953 count: 527 score: 173.4827 average_last200: 167.8154 epis: 0.0000 loss: 71.6240 
episode: 954 count: 327 score: 167.5583 average_last200: 167.5313 epis: 0.0000 loss: 49.3523 
episode: 955 count: 446 score: 215.6565 average_last200: 167.3990 epis: 0.0000 loss: 58.9772 
episode: 956 count: 277 score: 221.7793 average_last200: 167.5473 epis: 0.0000 loss: 38.9550 
episode: 957 count: 380 score: 202.8843 average_last200: 169.0263 epis: 0.0000 loss: 43.7357 
episode: 958 count: 403 score: 176.4311 average_last200: 168.8042 epis: 0.0000 loss: 56.7625 
episode: 959 count: 480 score: 202.3548 average_last200: 168.7121 epis: 0.0000 loss: 79.4022 
episode: 960 count: 532 score: 229.6860 average_last200: 168.6314 epis: 0.0000 loss: 74.4348 
episode: 961 count: 210 score: 231.5777 average_last200: 170.3139 epis: 0.0000 loss: 30.8841 
episode: 962 count: 228 score: 212.7359 average_last200: 170.4069 epis: 0.0000 loss: 31.8131 
episode: 963 count: 388 score: 174.6874 average_last200: 171.8474 epis: 0.0000 loss: 53.5433 
episode: 964 count: 424 score: 181.6308 average_last200: 171.6077 epis: 0.0000 loss: 52.0442 
episode: 965 count: 344 score: 199.8100 average_last200: 172.8142 epis: 0.0000 loss: 56.3202 
episode: 966 count: 363 score: 217.9059 average_last200: 172.8488 epis: 0.0000 loss: 50.5302 
episode: 967 count: 276 score: 228.6296 average_last200: 172.7017 epis: 0.0000 loss: 40.6839 
episode: 968 count: 278 score: 259.6874 average_last200: 174.0911 epis: 0.0000 loss: 41.7373 
episode: 969 count: 325 score: 217.6502 average_last200: 174.1526 epis: 0.0000 loss: 50.0618 
episode: 970 count: 261 score: 243.9632 average_last200: 174.2511 epis: 0.0000 loss: 42.3805 
episode: 971 count: 372 score: 188.8067 average_last200: 173.9170 epis: 0.0000 loss: 53.2897 
episode: 972 count: 175 score: -14.8281 average_last200: 172.7359 epis: 0.0000 loss: 25.7299 
episode: 973 count: 265 score: 208.7390 average_last200: 172.6327 epis: 0.0000 loss: 41.1548 
episode: 974 count: 315 score: 224.1445 average_last200: 172.5897 epis: 0.0000 loss: 43.4874 
episode: 975 count: 286 score: 176.2760 average_last200: 172.3597 epis: 0.0000 loss: 45.7213 
episode: 976 count: 246 score: 237.4036 average_last200: 172.9125 epis: 0.0000 loss: 30.8857 
episode: 977 count: 280 score: 196.4931 average_last200: 172.7076 epis: 0.0000 loss: 43.8700 
episode: 978 count: 589 score: 212.1411 average_last200: 172.6221 epis: 0.0000 loss: 79.2420 
episode: 979 count: 262 score: 191.3571 average_last200: 172.4714 epis: 0.0000 loss: 34.4238 
episode: 980 count: 309 score: 215.8179 average_last200: 174.0123 epis: 0.0000 loss: 40.8630 
episode: 981 count: 275 score: 264.7779 average_last200: 174.3681 epis: 0.0000 loss: 39.6496 
episode: 982 count: 537 score: 149.6644 average_last200: 174.0256 epis: 0.0000 loss: 74.9977 
episode: 983 count: 990 score: 228.3076 average_last200: 174.0237 epis: 0.0000 loss: 150.1393 
episode: 984 count: 737 score: 232.5196 average_last200: 174.0881 epis: 0.0000 loss: 97.4668 
episode: 985 count: 492 score: 204.9416 average_last200: 174.0683 epis: 0.0000 loss: 70.1774 
episode: 986 count: 243 score: 250.9707 average_last200: 174.1823 epis: 0.0000 loss: 29.7739 
episode: 987 count: 316 score: 234.3094 average_last200: 174.6948 epis: 0.0000 loss: 54.2880 
episode: 988 count: 484 score: 170.4874 average_last200: 174.3775 epis: 0.0000 loss: 74.9433 
episode: 989 count: 385 score: 189.6836 average_last200: 174.3094 epis: 0.0000 loss: 49.5941 
episode: 990 count: 596 score: 206.2485 average_last200: 174.2865 epis: 0.0000 loss: 81.8551 
episode: 991 count: 210 score: 230.3408 average_last200: 174.2789 epis: 0.0000 loss: 28.3243 
episode: 992 count: 375 score: 217.7947 average_last200: 174.3225 epis: 0.0000 loss: 51.4616 
episode: 993 count: 385 score: 202.2157 average_last200: 174.2305 epis: 0.0000 loss: 52.6806 
episode: 994 count: 190 score: -2.2714 average_last200: 173.1280 epis: 0.0000 loss: 20.8995 
episode: 995 count: 301 score: 255.2640 average_last200: 174.8006 epis: 0.0000 loss: 39.1516 
episode: 996 count: 268 score: 226.2784 average_last200: 174.8734 epis: 0.0000 loss: 40.3457 
episode: 997 count: 391 score: 209.6663 average_last200: 174.9774 epis: 0.0000 loss: 55.3705 
episode: 998 count: 236 score: 227.4887 average_last200: 175.9745 epis: 0.0000 loss: 33.8510 
episode: 999 count: 385 score: 170.6993 average_last200: 175.6672 epis: 0.0000 loss: 57.0777 
