[33mWARN: gym.spaces.Box autodetected dtype as <class 'numpy.float32'>. Please provide explicit dtype.[0m
All para: Epis 1000 memlen 100000 gamma 0.990 epsilon 0.986 alpha 0.00200 batch 30 upfreq 500
episode: 0 count: 103 score: -201.7553 average_last200: -201.7553 epis: 0.9860 loss: 0.0000 
episode: 1 count: 84 score: -166.6921 average_last200: -184.2237 epis: 0.9722 loss: 0.0000 
episode: 2 count: 129 score: -157.5489 average_last200: -175.3321 epis: 0.9586 loss: 0.0000 
episode: 3 count: 62 score: -150.4804 average_last200: -169.1192 epis: 0.9452 loss: 0.0000 
episode: 4 count: 115 score: -193.3729 average_last200: -173.9699 epis: 0.9319 loss: 0.0000 
episode: 5 count: 70 score: -220.5773 average_last200: -181.7378 epis: 0.9189 loss: 0.0000 
episode: 6 count: 84 score: -363.0549 average_last200: -207.6403 epis: 0.9060 loss: 0.0000 
episode: 7 count: 64 score: -169.1153 average_last200: -202.8246 epis: 0.8933 loss: 0.0000 
episode: 8 count: 81 score: -154.5695 average_last200: -197.4630 epis: 0.8808 loss: 0.0000 
episode: 9 count: 115 score: -265.6087 average_last200: -204.2775 epis: 0.8685 loss: 0.0000 
episode: 10 count: 61 score: -177.8365 average_last200: -201.8738 epis: 0.8563 loss: 0.0000 
episode: 11 count: 112 score: -391.2954 average_last200: -217.6589 epis: 0.8444 loss: 42.1107 
episode: 12 count: 102 score: -325.5871 average_last200: -225.9611 epis: 0.8325 loss: 37.2457 
episode: 13 count: 78 score: -166.7863 average_last200: -221.7343 epis: 0.8209 loss: 31.9249 
episode: 14 count: 102 score: -362.4945 average_last200: -231.1183 epis: 0.8094 loss: 33.0465 
episode: 15 count: 142 score: -141.3595 average_last200: -225.5084 epis: 0.7981 loss: 43.9929 
episode: 16 count: 108 score: -359.6068 average_last200: -233.3966 epis: 0.7869 loss: 38.1348 
episode: 17 count: 157 score: -92.6767 average_last200: -225.5788 epis: 0.7759 loss: 62.6059 
episode: 18 count: 182 score: -119.1970 average_last200: -219.9797 epis: 0.7650 loss: 55.7662 
episode: 19 count: 88 score: -159.4565 average_last200: -216.9536 epis: 0.7543 loss: 25.2746 
episode: 20 count: 94 score: -221.7400 average_last200: -217.1815 epis: 0.7437 loss: 31.2953 
episode: 21 count: 106 score: -144.2662 average_last200: -213.8672 epis: 0.7333 loss: 32.8018 
episode: 22 count: 177 score: -246.0606 average_last200: -215.2669 epis: 0.7231 loss: 57.3473 
episode: 23 count: 136 score: -99.0411 average_last200: -210.4241 epis: 0.7129 loss: 43.6364 
episode: 24 count: 115 score: -173.2145 average_last200: -208.9358 epis: 0.7029 loss: 29.6119 
episode: 25 count: 100 score: -149.8602 average_last200: -206.6636 epis: 0.6931 loss: 33.9643 
episode: 26 count: 104 score: -96.6018 average_last200: -202.5873 epis: 0.6834 loss: 29.0944 
episode: 27 count: 100 score: -134.4180 average_last200: -200.1526 epis: 0.6738 loss: 30.1414 
episode: 28 count: 159 score: -131.2576 average_last200: -197.7770 epis: 0.6644 loss: 49.3905 
episode: 29 count: 103 score: -133.7157 average_last200: -195.6416 epis: 0.6551 loss: 25.6560 
episode: 30 count: 118 score: -196.3955 average_last200: -195.6659 epis: 0.6459 loss: 35.2569 
episode: 31 count: 148 score: -82.7162 average_last200: -192.1362 epis: 0.6369 loss: 40.3310 
episode: 32 count: 128 score: -165.3992 average_last200: -191.3260 epis: 0.6280 loss: 34.1682 
episode: 33 count: 234 score: -180.8291 average_last200: -191.0173 epis: 0.6192 loss: 54.8073 
episode: 34 count: 139 score: -35.8574 average_last200: -186.5841 epis: 0.6105 loss: 34.3472 
episode: 35 count: 78 score: -83.4353 average_last200: -183.7189 epis: 0.6020 loss: 21.6061 
episode: 36 count: 234 score: -141.7410 average_last200: -182.5843 epis: 0.5935 loss: 55.4491 
episode: 37 count: 96 score: -17.5132 average_last200: -178.2404 epis: 0.5852 loss: 22.1399 
episode: 38 count: 143 score: -86.5797 average_last200: -175.8901 epis: 0.5770 loss: 36.9031 
episode: 39 count: 189 score: 2.6086 average_last200: -171.4276 epis: 0.5690 loss: 45.5743 
episode: 40 count: 141 score: -58.8248 average_last200: -168.6812 epis: 0.5610 loss: 35.1080 
episode: 41 count: 292 score: -26.1450 average_last200: -165.2875 epis: 0.5531 loss: 65.5457 
episode: 42 count: 1000 score: 15.7142 average_last200: -161.0782 epis: 0.5454 loss: 255.4608 
episode: 43 count: 178 score: -4.7605 average_last200: -157.5255 epis: 0.5378 loss: 42.7707 
episode: 44 count: 133 score: -110.7237 average_last200: -156.4854 epis: 0.5302 loss: 32.4993 
episode: 45 count: 253 score: -95.5096 average_last200: -155.1599 epis: 0.5228 loss: 63.2151 
episode: 46 count: 117 score: -15.1492 average_last200: -152.1809 epis: 0.5155 loss: 27.1026 
episode: 47 count: 181 score: -28.2012 average_last200: -149.5980 epis: 0.5083 loss: 46.0040 
episode: 48 count: 1000 score: -81.9296 average_last200: -148.2170 epis: 0.5012 loss: 271.7513 
episode: 49 count: 133 score: -54.0583 average_last200: -146.3339 epis: 0.4941 loss: 41.8552 
episode: 50 count: 219 score: -76.2680 average_last200: -144.9600 epis: 0.4872 loss: 57.9901 
episode: 51 count: 123 score: -21.8505 average_last200: -142.5925 epis: 0.4804 loss: 31.3149 
episode: 52 count: 432 score: -120.4686 average_last200: -142.1751 epis: 0.4737 loss: 120.9556 
episode: 53 count: 160 score: -58.1764 average_last200: -140.6196 epis: 0.4670 loss: 43.4903 
episode: 54 count: 144 score: -51.6241 average_last200: -139.0015 epis: 0.4605 loss: 36.1444 
episode: 55 count: 150 score: -38.2958 average_last200: -137.2031 epis: 0.4541 loss: 39.7289 
episode: 56 count: 75 score: -100.9633 average_last200: -136.5674 epis: 0.4477 loss: 20.1508 
episode: 57 count: 361 score: -73.2473 average_last200: -135.4756 epis: 0.4414 loss: 96.3621 
episode: 58 count: 198 score: -27.9082 average_last200: -133.6525 epis: 0.4352 loss: 53.3480 
episode: 59 count: 112 score: -7.8227 average_last200: -131.5553 epis: 0.4292 loss: 28.5602 
episode: 60 count: 1000 score: -12.5170 average_last200: -129.6038 epis: 0.4231 loss: 262.0005 
episode: 61 count: 532 score: -243.2524 average_last200: -131.4369 epis: 0.4172 loss: 142.4661 
episode: 62 count: 332 score: -286.4818 average_last200: -133.8979 epis: 0.4114 loss: 91.8417 
episode: 63 count: 142 score: -79.2724 average_last200: -133.0444 epis: 0.4056 loss: 38.3429 
episode: 64 count: 144 score: -42.4476 average_last200: -131.6506 epis: 0.3999 loss: 39.4540 
episode: 65 count: 1000 score: -56.2568 average_last200: -130.5083 epis: 0.3943 loss: 286.9528 
episode: 66 count: 1000 score: -66.0704 average_last200: -129.5465 epis: 0.3888 loss: 303.1645 
episode: 67 count: 1000 score: -59.7695 average_last200: -128.5204 epis: 0.3834 loss: 303.1838 
episode: 68 count: 1000 score: -68.9170 average_last200: -127.6566 epis: 0.3780 loss: 312.7790 
episode: 69 count: 1000 score: -112.2066 average_last200: -127.4358 epis: 0.3727 loss: 311.7501 
episode: 70 count: 1000 score: -68.5034 average_last200: -126.6058 epis: 0.3675 loss: 321.9071 
episode: 71 count: 1000 score: -44.1295 average_last200: -125.4603 epis: 0.3624 loss: 342.8658 
episode: 72 count: 109 score: -79.8912 average_last200: -124.8361 epis: 0.3573 loss: 37.8129 
episode: 73 count: 391 score: -121.9724 average_last200: -124.7974 epis: 0.3523 loss: 132.9313 
episode: 74 count: 1000 score: -35.8852 average_last200: -123.6119 epis: 0.3474 loss: 333.2047 
episode: 75 count: 203 score: -208.6976 average_last200: -124.7314 epis: 0.3425 loss: 65.4147 
episode: 76 count: 153 score: -61.9139 average_last200: -123.9156 epis: 0.3377 loss: 52.5934 
episode: 77 count: 131 score: -36.3604 average_last200: -122.7931 epis: 0.3330 loss: 42.2178 
episode: 78 count: 1000 score: -29.9504 average_last200: -121.6179 epis: 0.3283 loss: 347.4516 
episode: 79 count: 309 score: -78.7255 average_last200: -121.0817 epis: 0.3237 loss: 107.0256 
episode: 80 count: 1000 score: -108.3566 average_last200: -120.9246 epis: 0.3192 loss: 348.3067 
episode: 81 count: 1000 score: -63.6760 average_last200: -120.2265 epis: 0.3147 loss: 343.9456 
episode: 82 count: 1000 score: -4.1308 average_last200: -118.8277 epis: 0.3103 loss: 332.7736 
episode: 83 count: 95 score: -72.1609 average_last200: -118.2722 epis: 0.3060 loss: 30.8040 
episode: 84 count: 1000 score: -65.3363 average_last200: -117.6494 epis: 0.3017 loss: 355.7089 
episode: 85 count: 123 score: -23.3689 average_last200: -116.5531 epis: 0.2975 loss: 41.5266 
episode: 86 count: 1000 score: 39.4764 average_last200: -114.7597 epis: 0.2933 loss: 334.6377 
episode: 87 count: 1000 score: -31.5589 average_last200: -113.8142 epis: 0.2892 loss: 339.6612 
episode: 88 count: 1000 score: 14.6046 average_last200: -112.3713 epis: 0.2851 loss: 341.3173 
episode: 89 count: 128 score: -34.1466 average_last200: -111.5021 epis: 0.2811 loss: 45.5375 
episode: 90 count: 1000 score: -25.9881 average_last200: -110.5624 epis: 0.2772 loss: 362.9829 
episode: 91 count: 1000 score: -51.5141 average_last200: -109.9206 epis: 0.2733 loss: 335.7279 
episode: 92 count: 1000 score: -65.9482 average_last200: -109.4478 epis: 0.2695 loss: 341.3828 
episode: 93 count: 1000 score: -41.8964 average_last200: -108.7291 epis: 0.2657 loss: 348.5629 
episode: 94 count: 1000 score: -17.4555 average_last200: -107.7684 epis: 0.2620 loss: 337.6735 
episode: 95 count: 1000 score: 7.2582 average_last200: -106.5702 epis: 0.2583 loss: 342.6269 
episode: 96 count: 1000 score: -87.6015 average_last200: -106.3746 epis: 0.2547 loss: 336.7134 
episode: 97 count: 1000 score: -4.7560 average_last200: -105.3377 epis: 0.2512 loss: 331.7165 
episode: 98 count: 1000 score: -52.3096 average_last200: -104.8021 epis: 0.2476 loss: 334.2894 
episode: 99 count: 93 score: -12.9646 average_last200: -103.8837 epis: 0.2442 loss: 27.9438 
episode: 100 count: 130 score: -22.3179 average_last200: -103.0761 epis: 0.2408 loss: 44.0187 
episode: 101 count: 886 score: 199.6470 average_last200: -100.1082 epis: 0.2374 loss: 290.2995 
episode: 102 count: 1000 score: -8.3575 average_last200: -99.2174 epis: 0.2341 loss: 355.4071 
episode: 103 count: 453 score: 189.0198 average_last200: -96.4459 epis: 0.2308 loss: 155.4091 
episode: 104 count: 838 score: 151.8571 average_last200: -94.0811 epis: 0.2275 loss: 286.2652 
episode: 105 count: 1000 score: 7.5400 average_last200: -93.1224 epis: 0.2244 loss: 333.1031 
episode: 106 count: 1000 score: 75.4063 average_last200: -91.5474 epis: 0.2212 loss: 338.9182 
episode: 107 count: 1000 score: 62.8474 average_last200: -90.1178 epis: 0.2181 loss: 330.3072 
episode: 108 count: 1000 score: 44.0842 average_last200: -88.8866 epis: 0.2151 loss: 334.1896 
episode: 109 count: 759 score: 185.9789 average_last200: -86.3878 epis: 0.2121 loss: 258.2117 
episode: 110 count: 1000 score: -135.9104 average_last200: -86.8340 epis: 0.2091 loss: 334.6891 
episode: 111 count: 1000 score: -150.6421 average_last200: -87.4037 epis: 0.2062 loss: 344.4623 
episode: 112 count: 1000 score: -115.0094 average_last200: -87.6480 epis: 0.2033 loss: 329.5431 
episode: 113 count: 1000 score: 63.0293 average_last200: -86.3263 epis: 0.2004 loss: 307.0275 
episode: 114 count: 1000 score: 82.8722 average_last200: -84.8550 epis: 0.1976 loss: 325.8815 
episode: 115 count: 1000 score: 108.8400 average_last200: -83.1852 epis: 0.1949 loss: 323.5846 
episode: 116 count: 535 score: -175.8833 average_last200: -83.9775 epis: 0.1921 loss: 155.9714 
episode: 117 count: 1000 score: 132.1897 average_last200: -82.1456 epis: 0.1894 loss: 324.7216 
episode: 118 count: 566 score: 121.4495 average_last200: -80.4347 epis: 0.1868 loss: 179.4960 
episode: 119 count: 456 score: -405.2037 average_last200: -83.1411 epis: 0.1842 loss: 160.6954 
episode: 120 count: 1000 score: 22.2259 average_last200: -82.2703 epis: 0.1816 loss: 318.7753 
episode: 121 count: 1000 score: 90.5145 average_last200: -80.8540 epis: 0.1791 loss: 337.6097 
episode: 122 count: 652 score: 176.2214 average_last200: -78.7640 epis: 0.1765 loss: 230.3771 
episode: 123 count: 1000 score: 60.1470 average_last200: -77.6437 epis: 0.1741 loss: 329.5767 
episode: 124 count: 1000 score: 77.2569 average_last200: -76.4045 epis: 0.1716 loss: 334.6858 
episode: 125 count: 720 score: 172.2642 average_last200: -74.4310 epis: 0.1692 loss: 245.0542 
episode: 126 count: 241 score: 194.2329 average_last200: -72.3155 epis: 0.1669 loss: 81.5523 
episode: 127 count: 265 score: 231.5811 average_last200: -69.9413 epis: 0.1645 loss: 88.9560 
episode: 128 count: 776 score: 151.8216 average_last200: -68.2222 epis: 0.1622 loss: 258.6664 
episode: 129 count: 164 score: 16.2305 average_last200: -67.5726 epis: 0.1600 loss: 55.4163 
episode: 130 count: 743 score: 231.5690 average_last200: -65.2891 epis: 0.1577 loss: 254.0994 
episode: 131 count: 397 score: 213.2011 average_last200: -63.1793 epis: 0.1555 loss: 115.2395 
episode: 132 count: 1000 score: 59.3036 average_last200: -62.2584 epis: 0.1533 loss: 334.3527 
episode: 133 count: 713 score: 208.0592 average_last200: -60.2411 epis: 0.1512 loss: 226.5643 
episode: 134 count: 170 score: -216.7225 average_last200: -61.4002 epis: 0.1491 loss: 54.5567 
episode: 135 count: 1000 score: 44.1622 average_last200: -60.6240 epis: 0.1470 loss: 334.9197 
episode: 136 count: 778 score: 230.2432 average_last200: -58.5009 epis: 0.1449 loss: 225.4174 
episode: 137 count: 723 score: 178.5361 average_last200: -56.7832 epis: 0.1429 loss: 221.2578 
episode: 138 count: 389 score: 219.6073 average_last200: -54.7948 epis: 0.1409 loss: 120.7324 
episode: 139 count: 182 score: -16.7242 average_last200: -54.5229 epis: 0.1389 loss: 55.6038 
episode: 140 count: 1000 score: 34.9035 average_last200: -53.8886 epis: 0.1370 loss: 291.0881 
episode: 141 count: 500 score: 189.3368 average_last200: -52.1758 epis: 0.1351 loss: 151.2676 
episode: 142 count: 217 score: 224.9584 average_last200: -50.2378 epis: 0.1332 loss: 72.2282 
episode: 143 count: 1000 score: 54.5148 average_last200: -49.5103 epis: 0.1313 loss: 280.6767 
episode: 144 count: 1000 score: 62.3309 average_last200: -48.7390 epis: 0.1295 loss: 318.5050 
episode: 145 count: 541 score: 211.4202 average_last200: -46.9571 epis: 0.1277 loss: 155.5106 
episode: 146 count: 792 score: 193.8117 average_last200: -45.3192 epis: 0.1259 loss: 233.0527 
episode: 147 count: 496 score: 198.1310 average_last200: -43.6743 epis: 0.1241 loss: 140.8184 
episode: 148 count: 368 score: -285.5516 average_last200: -45.2976 epis: 0.1224 loss: 109.4608 
episode: 149 count: 261 score: -118.8590 average_last200: -45.7880 epis: 0.1207 loss: 70.6900 
episode: 150 count: 584 score: 219.9667 average_last200: -44.0281 epis: 0.1190 loss: 169.3012 
episode: 151 count: 260 score: -166.8931 average_last200: -44.8364 epis: 0.1173 loss: 72.9857 
episode: 152 count: 939 score: 137.8362 average_last200: -43.6424 epis: 0.1157 loss: 266.4645 
episode: 153 count: 560 score: 184.5277 average_last200: -42.1608 epis: 0.1140 loss: 168.1266 
episode: 154 count: 330 score: 221.4156 average_last200: -40.4603 epis: 0.1124 loss: 87.1654 
episode: 155 count: 372 score: 225.0101 average_last200: -38.7586 epis: 0.1109 loss: 108.2358 
episode: 156 count: 572 score: 209.8654 average_last200: -37.1750 epis: 0.1093 loss: 173.8236 
episode: 157 count: 586 score: 161.0775 average_last200: -35.9202 epis: 0.1078 loss: 174.2332 
episode: 158 count: 351 score: 229.4444 average_last200: -34.2513 epis: 0.1063 loss: 98.4799 
episode: 159 count: 134 score: 20.6211 average_last200: -33.9083 epis: 0.1048 loss: 41.1816 
episode: 160 count: 1000 score: 89.6607 average_last200: -33.1408 epis: 0.1033 loss: 301.3972 
episode: 161 count: 1000 score: 50.0749 average_last200: -32.6271 epis: 0.1019 loss: 291.3014 
episode: 162 count: 548 score: 143.5950 average_last200: -31.5460 epis: 0.1004 loss: 161.6521 
episode: 163 count: 1000 score: 56.7471 average_last200: -31.0076 epis: 0.0990 loss: 292.7599 
episode: 164 count: 799 score: 179.3061 average_last200: -29.7330 epis: 0.0977 loss: 221.2389 
episode: 165 count: 1000 score: 55.9661 average_last200: -29.2168 epis: 0.0963 loss: 267.9241 
episode: 166 count: 346 score: 166.7955 average_last200: -28.0430 epis: 0.0949 loss: 94.3440 
episode: 167 count: 442 score: 204.2577 average_last200: -26.6603 epis: 0.0936 loss: 127.0024 
episode: 168 count: 978 score: 177.3864 average_last200: -25.4529 epis: 0.0923 loss: 278.6520 
episode: 169 count: 253 score: 210.6478 average_last200: -24.0641 epis: 0.0910 loss: 85.1020 
episode: 170 count: 505 score: 222.1453 average_last200: -22.6243 epis: 0.0897 loss: 139.9503 
episode: 171 count: 344 score: 197.7511 average_last200: -21.3430 epis: 0.0885 loss: 99.9950 
episode: 172 count: 904 score: 139.9224 average_last200: -20.4108 epis: 0.0872 loss: 289.4882 
episode: 173 count: 730 score: 190.1104 average_last200: -19.2009 epis: 0.0860 loss: 213.1303 
episode: 174 count: 1000 score: -81.5569 average_last200: -19.5573 epis: 0.0848 loss: 287.7141 
episode: 175 count: 265 score: -30.3222 average_last200: -19.6184 epis: 0.0836 loss: 84.5726 
episode: 176 count: 561 score: 211.4986 average_last200: -18.3127 epis: 0.0825 loss: 162.0556 
episode: 177 count: 1000 score: 75.0544 average_last200: -17.7882 epis: 0.0813 loss: 304.0367 
episode: 178 count: 1000 score: 14.3187 average_last200: -17.6088 epis: 0.0802 loss: 279.9673 
episode: 179 count: 747 score: 183.3301 average_last200: -16.4925 epis: 0.0790 loss: 220.0868 
episode: 180 count: 607 score: 215.9699 average_last200: -15.2081 epis: 0.0779 loss: 174.2226 
episode: 181 count: 752 score: 203.0649 average_last200: -14.0088 epis: 0.0768 loss: 219.5484 
episode: 182 count: 359 score: 169.9677 average_last200: -13.0035 epis: 0.0758 loss: 98.4824 
episode: 183 count: 899 score: 224.5049 average_last200: -11.7127 epis: 0.0747 loss: 281.0608 
episode: 184 count: 265 score: 190.7630 average_last200: -10.6182 epis: 0.0737 loss: 72.3372 
episode: 185 count: 513 score: 234.0357 average_last200: -9.3029 epis: 0.0726 loss: 152.0140 
episode: 186 count: 566 score: 131.8917 average_last200: -8.5478 epis: 0.0716 loss: 166.6337 
episode: 187 count: 337 score: 204.5072 average_last200: -7.4146 epis: 0.0706 loss: 106.5727 
episode: 188 count: 716 score: 176.7083 average_last200: -6.4404 epis: 0.0696 loss: 207.0602 
episode: 189 count: 769 score: 217.9385 average_last200: -5.2594 epis: 0.0686 loss: 227.3798 
episode: 190 count: 499 score: 187.2766 average_last200: -4.2514 epis: 0.0677 loss: 137.0290 
episode: 191 count: 392 score: 218.4283 average_last200: -3.0916 epis: 0.0667 loss: 107.2871 
episode: 192 count: 574 score: 153.9255 average_last200: -2.2780 epis: 0.0658 loss: 173.9517 
episode: 193 count: 409 score: 216.3084 average_last200: -1.1513 epis: 0.0649 loss: 107.5529 
episode: 194 count: 344 score: 212.0231 average_last200: -0.0581 epis: 0.0640 loss: 90.9229 
episode: 195 count: 621 score: 142.5686 average_last200: 0.6696 epis: 0.0631 loss: 183.9948 
episode: 196 count: 642 score: 164.3434 average_last200: 1.5004 epis: 0.0622 loss: 162.4190 
episode: 197 count: 404 score: 186.7830 average_last200: 2.4362 epis: 0.0613 loss: 106.1109 
episode: 198 count: 386 score: 150.5953 average_last200: 3.1807 epis: 0.0605 loss: 102.2226 
episode: 199 count: 576 score: 136.9587 average_last200: 3.8496 epis: 0.0596 loss: 139.3060 
episode: 200 count: 304 score: 201.8462 average_last200: 5.8676 epis: 0.0588 loss: 80.6630 
episode: 201 count: 552 score: 166.1278 average_last200: 7.5317 epis: 0.0580 loss: 126.0200 
episode: 202 count: 814 score: 153.9541 average_last200: 9.0892 epis: 0.0571 loss: 197.2389 
episode: 203 count: 549 score: 147.1722 average_last200: 10.5775 epis: 0.0563 loss: 156.7056 
episode: 204 count: 656 score: 131.1751 average_last200: 12.2002 epis: 0.0556 loss: 154.7077 
episode: 205 count: 528 score: 159.6822 average_last200: 14.1015 epis: 0.0548 loss: 130.1685 
episode: 206 count: 888 score: 149.9749 average_last200: 16.6667 epis: 0.0540 loss: 223.6841 
episode: 207 count: 940 score: 90.9756 average_last200: 17.9671 epis: 0.0533 loss: 234.1590 
episode: 208 count: 668 score: 179.4068 average_last200: 19.6370 epis: 0.0525 loss: 158.3381 
episode: 209 count: 1000 score: 57.7773 average_last200: 21.2539 epis: 0.0518 loss: 235.2851 
episode: 210 count: 799 score: 138.8529 average_last200: 22.8374 epis: 0.0511 loss: 182.1815 
episode: 211 count: 860 score: 146.0614 average_last200: 25.5242 epis: 0.0503 loss: 195.1387 
episode: 212 count: 627 score: 228.3517 average_last200: 28.2939 epis: 0.0496 loss: 139.3204 
episode: 213 count: 613 score: 169.2508 average_last200: 29.9740 epis: 0.0489 loss: 142.4470 
episode: 214 count: 1000 score: 19.9014 average_last200: 31.8860 epis: 0.0483 loss: 209.7237 
episode: 215 count: 580 score: 180.0154 average_last200: 33.4929 epis: 0.0476 loss: 124.9136 
episode: 216 count: 1000 score: 72.5549 average_last200: 35.6537 epis: 0.0469 loss: 210.4691 
episode: 217 count: 467 score: 207.0058 average_last200: 37.1521 epis: 0.0463 loss: 96.8451 
episode: 218 count: 625 score: 211.9050 average_last200: 38.8076 epis: 0.0456 loss: 123.2828 
episode: 219 count: 211 score: 259.9279 average_last200: 40.9046 epis: 0.0450 loss: 40.4065 
episode: 220 count: 576 score: 205.9759 average_last200: 43.0431 epis: 0.0443 loss: 101.1786 
episode: 221 count: 364 score: 225.1582 average_last200: 44.8903 epis: 0.0437 loss: 56.1526 
episode: 222 count: 377 score: 191.1443 average_last200: 47.0763 epis: 0.0431 loss: 64.9602 
episode: 223 count: 268 score: 246.8170 average_last200: 48.8056 epis: 0.0425 loss: 49.5770 
episode: 224 count: 672 score: 140.0764 average_last200: 50.3720 epis: 0.0419 loss: 111.1842 
episode: 225 count: 255 score: 232.8982 average_last200: 52.2858 epis: 0.0413 loss: 49.3590 
episode: 226 count: 375 score: 158.3689 average_last200: 53.5607 epis: 0.0407 loss: 74.5969 
episode: 227 count: 396 score: 222.1316 average_last200: 55.3434 epis: 0.0402 loss: 64.9609 
episode: 228 count: 403 score: 196.0655 average_last200: 56.9800 epis: 0.0396 loss: 69.7909 
episode: 229 count: 342 score: 223.9321 average_last200: 58.7683 epis: 0.0391 loss: 52.7065 
episode: 230 count: 201 score: 226.2655 average_last200: 60.8816 epis: 0.0385 loss: 38.1665 
episode: 231 count: 621 score: 170.7444 average_last200: 62.1489 epis: 0.0380 loss: 111.1206 
episode: 232 count: 454 score: 180.8934 average_last200: 63.8803 epis: 0.0374 loss: 86.4923 
episode: 233 count: 529 score: 134.1706 average_last200: 65.4553 epis: 0.0369 loss: 89.5811 
episode: 234 count: 398 score: 181.0022 average_last200: 66.5396 epis: 0.0364 loss: 69.7977 
episode: 235 count: 985 score: 91.2970 average_last200: 67.4133 epis: 0.0359 loss: 163.6235 
episode: 236 count: 682 score: 181.8665 average_last200: 69.0313 epis: 0.0354 loss: 127.6448 
episode: 237 count: 650 score: 135.2301 average_last200: 69.7951 epis: 0.0349 loss: 119.6677 
episode: 238 count: 186 score: 248.1333 average_last200: 71.4686 epis: 0.0344 loss: 25.6137 
episode: 239 count: 690 score: 135.4553 average_last200: 72.1329 epis: 0.0339 loss: 121.7026 
episode: 240 count: 707 score: 164.6088 average_last200: 73.2500 epis: 0.0334 loss: 120.9455 
episode: 241 count: 385 score: 184.4363 average_last200: 74.3029 epis: 0.0330 loss: 60.2526 
episode: 242 count: 408 score: 167.9308 average_last200: 75.0640 epis: 0.0325 loss: 68.4549 
episode: 243 count: 456 score: 178.7400 average_last200: 75.9815 epis: 0.0321 loss: 70.8395 
episode: 244 count: 435 score: 179.3539 average_last200: 77.4319 epis: 0.0316 loss: 77.9777 
episode: 245 count: 644 score: 214.8662 average_last200: 78.9838 epis: 0.0312 loss: 103.1108 
episode: 246 count: 356 score: 192.5403 average_last200: 80.0222 epis: 0.0307 loss: 60.5932 
episode: 247 count: 574 score: 147.8717 average_last200: 80.9026 epis: 0.0303 loss: 93.4264 
episode: 248 count: 1000 score: 47.5937 average_last200: 81.5502 epis: 0.0299 loss: 148.0539 
episode: 249 count: 516 score: 234.3176 average_last200: 82.9921 epis: 0.0295 loss: 87.5000 
episode: 250 count: 540 score: 242.2838 average_last200: 84.5848 epis: 0.0290 loss: 84.2583 
episode: 251 count: 535 score: 207.0941 average_last200: 85.7296 epis: 0.0286 loss: 85.0030 
episode: 252 count: 570 score: 180.6098 average_last200: 87.2350 epis: 0.0282 loss: 94.5375 
episode: 253 count: 336 score: 228.7557 average_last200: 88.6696 epis: 0.0278 loss: 57.1775 
episode: 254 count: 676 score: 231.3162 average_last200: 90.0843 epis: 0.0275 loss: 98.8280 
episode: 255 count: 135 score: -12.8241 average_last200: 90.2117 epis: 0.0271 loss: 24.9448 
episode: 256 count: 783 score: 127.7573 average_last200: 91.3553 epis: 0.0267 loss: 123.9398 
episode: 257 count: 533 score: 191.1448 average_last200: 92.6772 epis: 0.0263 loss: 87.8592 
episode: 258 count: 234 score: 188.1463 average_last200: 93.7575 epis: 0.0259 loss: 41.4168 
episode: 259 count: 285 score: 199.0067 average_last200: 94.7917 epis: 0.0256 loss: 42.0432 
episode: 260 count: 246 score: 217.7899 average_last200: 95.9432 epis: 0.0252 loss: 33.8943 
episode: 261 count: 165 score: -98.9542 average_last200: 96.6647 epis: 0.0249 loss: 25.1285 
episode: 262 count: 281 score: 200.8965 average_last200: 99.1016 epis: 0.0245 loss: 48.2708 
episode: 263 count: 337 score: 201.1921 average_last200: 100.5039 epis: 0.0242 loss: 49.1821 
episode: 264 count: 368 score: 201.9676 average_last200: 101.7260 epis: 0.0238 loss: 56.8245 
episode: 265 count: 245 score: 196.2852 average_last200: 102.9887 epis: 0.0235 loss: 37.6198 
episode: 266 count: 696 score: 213.3740 average_last200: 104.3859 epis: 0.0232 loss: 121.4607 
episode: 267 count: 137 score: 25.5445 average_last200: 104.8125 epis: 0.0229 loss: 24.4155 
episode: 268 count: 145 score: 25.3107 average_last200: 105.2836 epis: 0.0225 loss: 21.0689 
episode: 269 count: 278 score: 240.6036 average_last200: 107.0477 epis: 0.0222 loss: 44.9606 
episode: 270 count: 201 score: 187.1224 average_last200: 108.3258 epis: 0.0219 loss: 23.8333 
episode: 271 count: 257 score: 253.1693 average_last200: 109.8123 epis: 0.0216 loss: 38.4547 
episode: 272 count: 330 score: 203.0483 average_last200: 111.2270 epis: 0.0213 loss: 53.2681 
episode: 273 count: 251 score: -57.6386 average_last200: 111.5487 epis: 0.0210 loss: 39.1023 
episode: 274 count: 170 score: -10.0250 average_last200: 111.6780 epis: 0.0207 loss: 20.6796 
episode: 275 count: 117 score: -16.3380 average_last200: 112.6398 epis: 0.0204 loss: 15.7304 
episode: 276 count: 244 score: 209.9310 average_last200: 113.9990 epis: 0.0201 loss: 35.3400 
episode: 277 count: 879 score: 189.5546 average_last200: 115.1286 epis: 0.0199 loss: 128.7925 
episode: 278 count: 237 score: 255.8337 average_last200: 116.5575 epis: 0.0196 loss: 34.6795 
episode: 279 count: 216 score: 246.1578 average_last200: 118.1819 epis: 0.0193 loss: 28.4658 
episode: 280 count: 286 score: 205.5728 average_last200: 119.7515 epis: 0.0190 loss: 44.0609 
episode: 281 count: 264 score: -21.4571 average_last200: 119.9626 epis: 0.0188 loss: 35.6976 
episode: 282 count: 331 score: 217.1696 average_last200: 121.0691 epis: 0.0185 loss: 48.6264 
episode: 283 count: 245 score: 227.1694 average_last200: 122.5658 epis: 0.0182 loss: 34.9349 
episode: 284 count: 247 score: 214.0767 average_last200: 123.9629 epis: 0.0180 loss: 42.6230 
episode: 285 count: 385 score: 213.8645 average_last200: 125.1490 epis: 0.0177 loss: 55.7818 
episode: 286 count: 321 score: 194.5581 average_last200: 125.9244 epis: 0.0175 loss: 51.2906 
episode: 287 count: 396 score: 200.5823 average_last200: 127.0851 epis: 0.0172 loss: 73.8399 
episode: 288 count: 123 score: 13.2891 average_last200: 127.0786 epis: 0.0170 loss: 17.7191 
episode: 289 count: 216 score: 245.0700 average_last200: 128.4746 epis: 0.0168 loss: 37.1345 
episode: 290 count: 210 score: 230.0217 average_last200: 129.7547 epis: 0.0165 loss: 29.2576 
episode: 291 count: 238 score: 182.1669 average_last200: 130.9231 epis: 0.0163 loss: 32.8019 
episode: 292 count: 250 score: 250.7857 average_last200: 132.5068 epis: 0.0161 loss: 27.6417 
episode: 293 count: 368 score: 206.6824 average_last200: 133.7497 epis: 0.0158 loss: 50.1810 
episode: 294 count: 307 score: 197.8366 average_last200: 134.8261 epis: 0.0156 loss: 48.4899 
episode: 295 count: 426 score: 153.6115 average_last200: 135.5579 epis: 0.0154 loss: 58.6483 
episode: 296 count: 1000 score: 111.9316 average_last200: 136.5556 epis: 0.0152 loss: 142.0760 
episode: 297 count: 383 score: 174.1739 average_last200: 137.4502 epis: 0.0150 loss: 46.1779 
episode: 298 count: 429 score: 203.2967 average_last200: 138.7282 epis: 0.0148 loss: 48.4463 
episode: 299 count: 119 score: -14.8708 average_last200: 138.7187 epis: 0.0146 loss: 14.3513 
episode: 300 count: 221 score: 233.0126 average_last200: 139.9954 epis: 0.0144 loss: 28.2908 
episode: 301 count: 229 score: 208.3423 average_last200: 140.0388 epis: 0.0142 loss: 36.7275 
episode: 302 count: 237 score: 228.1410 average_last200: 141.2213 epis: 0.0140 loss: 27.9574 
episode: 303 count: 193 score: -37.5433 average_last200: 140.0885 epis: 0.0138 loss: 29.9144 
episode: 304 count: 393 score: 192.5699 average_last200: 140.2921 epis: 0.0136 loss: 54.6764 
episode: 305 count: 220 score: 182.0584 average_last200: 141.1647 epis: 0.0134 loss: 38.4147 
episode: 306 count: 348 score: 188.9188 average_last200: 141.7322 epis: 0.0132 loss: 46.0642 
episode: 307 count: 114 score: -40.2048 average_last200: 141.2170 epis: 0.0130 loss: 16.4888 
episode: 308 count: 402 score: 193.2350 average_last200: 141.9627 epis: 0.0128 loss: 58.4127 
episode: 309 count: 228 score: 225.5979 average_last200: 142.1608 epis: 0.0126 loss: 32.8876 
episode: 310 count: 277 score: 228.7999 average_last200: 143.9844 epis: 0.0125 loss: 34.5163 
episode: 311 count: 332 score: 205.7798 average_last200: 145.7665 epis: 0.0123 loss: 39.1785 
episode: 312 count: 371 score: 207.3743 average_last200: 147.3784 epis: 0.0121 loss: 58.3071 
episode: 313 count: 331 score: 213.7926 average_last200: 148.1322 epis: 0.0119 loss: 50.9347 
episode: 314 count: 167 score: 221.3465 average_last200: 148.8246 epis: 0.0118 loss: 28.6501 
episode: 315 count: 697 score: 144.6392 average_last200: 149.0036 epis: 0.0116 loss: 96.9293 
episode: 316 count: 443 score: 167.4947 average_last200: 150.7205 epis: 0.0115 loss: 62.1749 
episode: 317 count: 541 score: 190.9714 average_last200: 151.0144 epis: 0.0113 loss: 79.0740 
episode: 318 count: 775 score: 145.6615 average_last200: 151.1354 epis: 0.0111 loss: 112.0307 
episode: 319 count: 452 score: 200.0298 average_last200: 154.1616 epis: 0.0110 loss: 66.0493 
episode: 320 count: 760 score: 181.6428 average_last200: 154.9587 epis: 0.0108 loss: 99.6731 
episode: 321 count: 274 score: 207.6477 average_last200: 155.5444 epis: 0.0107 loss: 45.2842 
episode: 322 count: 489 score: 160.7525 average_last200: 155.4670 epis: 0.0105 loss: 75.4765 
episode: 323 count: 410 score: 210.2843 average_last200: 156.2177 epis: 0.0104 loss: 57.5420 
episode: 324 count: 397 score: 188.1112 average_last200: 156.7720 epis: 0.0102 loss: 54.2093 
episode: 325 count: 241 score: 237.0339 average_last200: 157.0958 epis: 0.0101 loss: 39.7942 
episode: 326 count: 301 score: 200.2533 average_last200: 157.1259 epis: 0.0099 loss: 40.4100 
episode: 327 count: 440 score: 206.9482 average_last200: 157.0028 epis: 0.0098 loss: 54.4139 
episode: 328 count: 576 score: 174.7785 average_last200: 157.1175 epis: 0.0097 loss: 78.5297 
episode: 329 count: 786 score: 114.2435 average_last200: 157.6076 epis: 0.0095 loss: 98.5195 
episode: 330 count: 748 score: 180.1129 average_last200: 157.3503 epis: 0.0094 loss: 107.3957 
episode: 331 count: 350 score: 212.0586 average_last200: 157.3446 epis: 0.0093 loss: 43.5586 
episode: 332 count: 680 score: 181.9683 average_last200: 157.9579 epis: 0.0091 loss: 85.8294 
episode: 333 count: 385 score: 191.8966 average_last200: 157.8771 epis: 0.0090 loss: 45.8877 
episode: 334 count: 495 score: 186.2204 average_last200: 159.8918 epis: 0.0089 loss: 63.3329 
episode: 335 count: 283 score: 224.1835 average_last200: 160.7919 epis: 0.0088 loss: 39.8979 
episode: 336 count: 214 score: 213.2265 average_last200: 160.7069 epis: 0.0086 loss: 30.8325 
episode: 337 count: 1000 score: -149.5279 average_last200: 159.0665 epis: 0.0085 loss: 124.6111 
episode: 338 count: 333 score: 168.5842 average_last200: 158.8114 epis: 0.0084 loss: 43.1692 
episode: 339 count: 370 score: 219.3518 average_last200: 159.9918 epis: 0.0083 loss: 48.1279 
episode: 340 count: 330 score: -39.0810 average_last200: 159.6219 epis: 0.0082 loss: 42.4863 
episode: 341 count: 556 score: 142.9569 average_last200: 159.3900 epis: 0.0081 loss: 80.0177 
episode: 342 count: 321 score: 249.7093 average_last200: 159.5137 epis: 0.0079 loss: 40.6073 
episode: 343 count: 281 score: 238.7644 average_last200: 160.4350 epis: 0.0078 loss: 32.2496 
episode: 344 count: 117 score: -74.5819 average_last200: 159.7504 epis: 0.0077 loss: 18.4106 
episode: 345 count: 134 score: -24.4601 average_last200: 158.5710 epis: 0.0076 loss: 18.3367 
episode: 346 count: 528 score: 218.3897 average_last200: 158.6939 epis: 0.0075 loss: 72.9531 
episode: 347 count: 281 score: 190.2809 average_last200: 158.6547 epis: 0.0074 loss: 36.4627 
episode: 348 count: 210 score: -53.9069 average_last200: 159.8129 epis: 0.0073 loss: 27.7192 
episode: 349 count: 337 score: 226.5102 average_last200: 161.5397 epis: 0.0072 loss: 48.7572 
episode: 350 count: 284 score: 191.7700 average_last200: 161.3987 epis: 0.0071 loss: 44.1911 
episode: 351 count: 185 score: -34.1638 average_last200: 162.0624 epis: 0.0070 loss: 24.4078 
episode: 352 count: 80 score: -200.3542 average_last200: 160.3714 epis: 0.0069 loss: 8.1863 
episode: 353 count: 237 score: 214.7255 average_last200: 160.5224 epis: 0.0068 loss: 34.3846 
episode: 354 count: 1000 score: 73.4817 average_last200: 159.7828 epis: 0.0067 loss: 144.5266 
episode: 355 count: 206 score: -14.9012 average_last200: 158.5832 epis: 0.0066 loss: 25.6813 
episode: 356 count: 290 score: -64.3178 average_last200: 157.2123 epis: 0.0065 loss: 38.3823 
episode: 357 count: 234 score: 232.2371 average_last200: 157.5681 epis: 0.0064 loss: 26.8917 
episode: 358 count: 328 score: 214.0295 average_last200: 157.4910 epis: 0.0063 loss: 42.2771 
episode: 359 count: 109 score: 24.2528 average_last200: 157.5092 epis: 0.0062 loss: 13.2785 
episode: 360 count: 150 score: 6.3935 average_last200: 157.0928 epis: 0.0062 loss: 20.7943 
episode: 361 count: 217 score: -8.3032 average_last200: 156.8009 epis: 0.0061 loss: 29.7866 
episode: 362 count: 215 score: 22.7775 average_last200: 156.1969 epis: 0.0060 loss: 30.6035 
episode: 363 count: 153 score: -19.6714 average_last200: 155.8148 epis: 0.0059 loss: 20.7367 
episode: 364 count: 324 score: 206.7436 average_last200: 155.9520 epis: 0.0058 loss: 41.1982 
episode: 365 count: 121 score: -27.2072 average_last200: 155.5361 epis: 0.0057 loss: 10.5608 
episode: 366 count: 270 score: -45.7623 average_last200: 154.4733 epis: 0.0057 loss: 31.6265 
episode: 367 count: 314 score: 249.8197 average_last200: 154.7011 epis: 0.0056 loss: 36.1162 
episode: 368 count: 318 score: 191.4447 average_last200: 154.7714 epis: 0.0055 loss: 34.9567 
episode: 369 count: 187 score: -27.1885 average_last200: 153.5822 epis: 0.0054 loss: 22.2503 
episode: 370 count: 601 score: 205.9193 average_last200: 153.5011 epis: 0.0053 loss: 78.3936 
episode: 371 count: 458 score: 174.7340 average_last200: 153.3860 epis: 0.0053 loss: 48.9426 
episode: 372 count: 147 score: -0.9151 average_last200: 152.6818 epis: 0.0052 loss: 15.1091 
episode: 373 count: 140 score: 24.6256 average_last200: 151.8544 epis: 0.0051 loss: 19.8640 
episode: 374 count: 120 score: -54.2320 average_last200: 151.9910 epis: 0.0051 loss: 12.2410 
episode: 375 count: 97 score: -40.3338 average_last200: 151.9410 epis: 0.0050 loss: 12.3507 
episode: 376 count: 139 score: -36.5536 average_last200: 150.7007 epis: 0.0049 loss: 17.2833 
episode: 377 count: 104 score: -14.6729 average_last200: 150.2521 epis: 0.0048 loss: 9.3389 
episode: 378 count: 131 score: -62.6440 average_last200: 149.8672 epis: 0.0048 loss: 17.3400 
episode: 379 count: 175 score: -8.8799 average_last200: 148.9062 epis: 0.0047 loss: 18.6580 
episode: 380 count: 172 score: -39.7565 average_last200: 147.6276 epis: 0.0046 loss: 21.1827 
episode: 381 count: 142 score: -4.7337 average_last200: 146.5886 epis: 0.0046 loss: 19.9530 
episode: 382 count: 194 score: 15.7690 average_last200: 145.8176 epis: 0.0045 loss: 25.2483 
episode: 383 count: 126 score: -52.3023 average_last200: 144.4335 epis: 0.0045 loss: 13.8970 
episode: 384 count: 112 score: -32.6613 average_last200: 143.3164 epis: 0.0044 loss: 13.5393 
episode: 385 count: 118 score: -42.9236 average_last200: 141.9316 epis: 0.0043 loss: 21.9756 
episode: 386 count: 132 score: -29.0049 average_last200: 141.1271 epis: 0.0043 loss: 14.8734 
episode: 387 count: 111 score: -42.4364 average_last200: 139.8924 epis: 0.0042 loss: 11.5814 
episode: 388 count: 119 score: -28.9558 average_last200: 138.8641 epis: 0.0042 loss: 18.8036 
episode: 389 count: 184 score: 19.0227 average_last200: 137.8695 epis: 0.0041 loss: 22.6819 
episode: 390 count: 118 score: -52.8251 average_last200: 136.6690 epis: 0.0040 loss: 12.0762 
episode: 391 count: 93 score: -20.3761 average_last200: 135.4750 epis: 0.0040 loss: 8.4803 
episode: 392 count: 108 score: -58.7253 average_last200: 134.4117 epis: 0.0039 loss: 13.2552 
episode: 393 count: 158 score: -51.8304 average_last200: 133.0710 epis: 0.0039 loss: 19.3701 
episode: 394 count: 118 score: -19.8014 average_last200: 131.9119 epis: 0.0038 loss: 17.2548 
episode: 395 count: 400 score: 208.6350 average_last200: 132.2423 epis: 0.0038 loss: 51.3288 
episode: 396 count: 136 score: -31.7206 average_last200: 131.2619 epis: 0.0037 loss: 18.0859 
episode: 397 count: 127 score: -13.0075 average_last200: 130.2630 epis: 0.0037 loss: 14.5057 
episode: 398 count: 115 score: -38.4967 average_last200: 129.3175 epis: 0.0036 loss: 14.3390 
episode: 399 count: 152 score: 5.5151 average_last200: 128.6603 epis: 0.0036 loss: 20.7122 
episode: 400 count: 149 score: -34.9608 average_last200: 127.4763 epis: 0.0035 loss: 21.0300 
episode: 401 count: 96 score: -39.9421 average_last200: 126.4459 epis: 0.0035 loss: 13.2633 
episode: 402 count: 136 score: 3.7372 average_last200: 125.6948 epis: 0.0034 loss: 23.8088 
episode: 403 count: 88 score: -225.2670 average_last200: 123.8326 epis: 0.0034 loss: 10.7915 
episode: 404 count: 127 score: -19.7973 average_last200: 123.0778 epis: 0.0033 loss: 21.1549 
episode: 405 count: 135 score: -27.4775 average_last200: 122.1420 epis: 0.0033 loss: 12.9278 
episode: 406 count: 137 score: -42.7467 average_last200: 121.1784 epis: 0.0032 loss: 15.7688 
episode: 407 count: 138 score: -13.8209 average_last200: 120.6544 epis: 0.0032 loss: 18.0559 
episode: 408 count: 107 score: -66.3770 average_last200: 119.4255 epis: 0.0031 loss: 13.4074 
episode: 409 count: 111 score: -52.3273 average_last200: 118.8749 epis: 0.0031 loss: 15.0437 
episode: 410 count: 198 score: -44.9585 average_last200: 117.9559 epis: 0.0030 loss: 28.0032 
episode: 411 count: 81 score: -20.0193 average_last200: 117.1255 epis: 0.0030 loss: 5.9155 
episode: 412 count: 100 score: -26.0515 average_last200: 115.8535 epis: 0.0030 loss: 11.7438 
episode: 413 count: 102 score: -29.5527 average_last200: 114.8595 epis: 0.0029 loss: 14.9763 
episode: 414 count: 104 score: -62.6453 average_last200: 114.4467 epis: 0.0029 loss: 16.2570 
episode: 415 count: 125 score: -13.5901 average_last200: 113.4787 epis: 0.0028 loss: 17.5407 
episode: 416 count: 179 score: -57.7049 average_last200: 112.8274 epis: 0.0028 loss: 23.7156 
episode: 417 count: 82 score: -27.5789 average_last200: 111.6545 epis: 0.0028 loss: 10.1054 
episode: 418 count: 128 score: -30.6579 average_last200: 110.4417 epis: 0.0027 loss: 21.7469 
episode: 419 count: 128 score: -27.5137 average_last200: 109.0044 epis: 0.0027 loss: 15.8476 
episode: 420 count: 82 score: -36.1832 average_last200: 107.7936 epis: 0.0026 loss: 9.4118 
episode: 421 count: 154 score: -37.3846 average_last200: 106.4809 epis: 0.0026 loss: 21.0035 
episode: 422 count: 109 score: -37.4229 average_last200: 105.3381 epis: 0.0026 loss: 19.3123 
episode: 423 count: 132 score: -43.0260 average_last200: 103.8889 epis: 0.0025 loss: 16.6827 
episode: 424 count: 117 score: -53.5528 average_last200: 102.9207 epis: 0.0025 loss: 13.8188 
episode: 425 count: 121 score: -40.8389 average_last200: 101.5521 epis: 0.0025 loss: 21.3351 
episode: 426 count: 127 score: -30.3331 average_last200: 100.6085 epis: 0.0024 loss: 15.4094 
episode: 427 count: 119 score: -43.9530 average_last200: 99.2781 epis: 0.0024 loss: 13.0529 
episode: 428 count: 150 score: -53.8540 average_last200: 98.0285 epis: 0.0024 loss: 21.5610 
episode: 429 count: 135 score: -27.8185 average_last200: 96.7698 epis: 0.0023 loss: 25.7831 
episode: 430 count: 234 score: -33.8360 average_last200: 95.4693 epis: 0.0023 loss: 35.9080 
episode: 431 count: 111 score: -16.3466 average_last200: 94.5338 epis: 0.0023 loss: 16.3777 
episode: 432 count: 131 score: -56.0105 average_last200: 93.3493 epis: 0.0022 loss: 19.9235 
episode: 433 count: 176 score: -30.8916 average_last200: 92.5240 epis: 0.0022 loss: 24.9776 
episode: 434 count: 222 score: -37.8302 average_last200: 91.4298 epis: 0.0022 loss: 30.5395 
episode: 435 count: 133 score: -38.5031 average_last200: 90.7808 epis: 0.0021 loss: 18.9837 
episode: 436 count: 283 score: -73.9103 average_last200: 89.5019 epis: 0.0021 loss: 44.5886 
episode: 437 count: 119 score: -42.3053 average_last200: 88.6143 epis: 0.0021 loss: 13.6540 
episode: 438 count: 143 score: -36.8168 average_last200: 87.1895 epis: 0.0021 loss: 28.2851 
episode: 439 count: 137 score: -50.7422 average_last200: 86.2585 epis: 0.0020 loss: 18.9894 
episode: 440 count: 130 score: -3.0372 average_last200: 85.4203 epis: 0.0020 loss: 21.8487 
episode: 441 count: 235 score: -40.9930 average_last200: 84.2931 epis: 0.0020 loss: 42.4397 
episode: 442 count: 112 score: -51.4229 average_last200: 83.1964 epis: 0.0019 loss: 21.5072 
episode: 443 count: 124 score: -50.7506 average_last200: 82.0489 epis: 0.0019 loss: 21.7906 
episode: 444 count: 133 score: 1.7708 average_last200: 81.1610 epis: 0.0019 loss: 17.2068 
episode: 445 count: 153 score: -51.3504 average_last200: 79.8299 epis: 0.0019 loss: 21.3379 
episode: 446 count: 129 score: -37.7372 average_last200: 78.6785 epis: 0.0018 loss: 18.8551 
episode: 447 count: 171 score: -59.0810 average_last200: 77.6438 epis: 0.0018 loss: 21.5705 
episode: 448 count: 169 score: -52.4941 average_last200: 77.1433 epis: 0.0018 loss: 23.4778 
episode: 449 count: 142 score: -54.1044 average_last200: 75.7012 epis: 0.0018 loss: 25.8813 
episode: 450 count: 152 score: -29.1917 average_last200: 74.3438 epis: 0.0017 loss: 22.7595 
episode: 451 count: 112 score: -38.3934 average_last200: 73.1164 epis: 0.0017 loss: 17.7719 
episode: 452 count: 121 score: -4.8251 average_last200: 72.1892 epis: 0.0017 loss: 16.2547 
episode: 453 count: 184 score: -43.0561 average_last200: 70.8302 epis: 0.0017 loss: 27.9363 
episode: 454 count: 145 score: -34.5354 average_last200: 69.5009 epis: 0.0016 loss: 22.7891 
episode: 455 count: 124 score: -58.2953 average_last200: 69.2736 epis: 0.0016 loss: 24.5906 
episode: 456 count: 121 score: -36.4750 average_last200: 68.4524 epis: 0.0016 loss: 12.8171 
episode: 457 count: 105 score: -45.3085 average_last200: 67.2701 epis: 0.0016 loss: 10.5678 
episode: 458 count: 152 score: -31.5309 average_last200: 66.1717 epis: 0.0015 loss: 26.7544 
episode: 459 count: 125 score: -59.7757 average_last200: 64.8778 epis: 0.0015 loss: 18.8037 
episode: 460 count: 179 score: -25.2705 average_last200: 63.6625 epis: 0.0015 loss: 23.8893 
episode: 461 count: 207 score: -27.2655 average_last200: 64.0210 epis: 0.0015 loss: 34.8942 
episode: 462 count: 124 score: -12.2924 average_last200: 62.9550 epis: 0.0015 loss: 25.4591 
episode: 463 count: 127 score: -39.8511 average_last200: 61.7498 epis: 0.0014 loss: 14.9170 
episode: 464 count: 159 score: -17.4437 average_last200: 60.6528 epis: 0.0014 loss: 31.3769 
episode: 465 count: 173 score: 2.9620 average_last200: 59.6861 epis: 0.0014 loss: 23.2779 
episode: 466 count: 287 score: -65.0520 average_last200: 58.2940 epis: 0.0014 loss: 39.7858 
episode: 467 count: 144 score: -42.6150 average_last200: 57.9532 epis: 0.0014 loss: 21.0915 
episode: 468 count: 172 score: -13.0144 average_last200: 57.7616 epis: 0.0013 loss: 27.0013 
episode: 469 count: 198 score: -5.2544 average_last200: 56.5323 epis: 0.0013 loss: 32.0152 
episode: 470 count: 499 score: 172.9193 average_last200: 56.4613 epis: 0.0013 loss: 79.3250 
episode: 471 count: 155 score: -57.2739 average_last200: 54.9091 epis: 0.0013 loss: 22.6474 
episode: 472 count: 368 score: -48.5856 average_last200: 53.6509 epis: 0.0013 loss: 73.2887 
episode: 473 count: 283 score: 248.2445 average_last200: 55.1803 epis: 0.0013 loss: 48.8951 
episode: 474 count: 244 score: -7.4425 average_last200: 55.1932 epis: 0.0012 loss: 45.4006 
episode: 475 count: 178 score: -9.6911 average_last200: 55.2265 epis: 0.0012 loss: 30.4184 
episode: 476 count: 219 score: 241.7709 average_last200: 55.3857 epis: 0.0012 loss: 41.1713 
episode: 477 count: 267 score: -42.6510 average_last200: 54.2246 epis: 0.0012 loss: 55.6290 
episode: 478 count: 256 score: -13.0565 average_last200: 52.8802 epis: 0.0012 loss: 38.6716 
episode: 479 count: 282 score: 201.3449 average_last200: 52.6561 epis: 0.0012 loss: 43.4245 
episode: 480 count: 419 score: 183.2385 average_last200: 52.5444 epis: 0.0011 loss: 71.6645 
episode: 481 count: 225 score: 220.3934 average_last200: 53.7537 epis: 0.0011 loss: 38.0294 
episode: 482 count: 345 score: 210.7492 average_last200: 53.7216 epis: 0.0011 loss: 55.2666 
episode: 483 count: 262 score: 213.4465 average_last200: 53.6530 epis: 0.0011 loss: 51.3086 
episode: 484 count: 431 score: 223.8709 average_last200: 53.7019 epis: 0.0011 loss: 74.0265 
episode: 485 count: 129 score: -25.0097 average_last200: 52.5076 epis: 0.0011 loss: 16.1108 
episode: 486 count: 253 score: 185.6929 average_last200: 52.4632 epis: 0.0010 loss: 48.4724 
episode: 487 count: 305 score: 205.2316 average_last200: 52.4865 epis: 0.0010 loss: 59.8825 
episode: 488 count: 485 score: 196.3041 average_last200: 53.4016 epis: 0.0010 loss: 85.2910 
episode: 489 count: 397 score: 190.4069 average_last200: 53.1283 epis: 0.0010 loss: 74.6799 
episode: 490 count: 333 score: 240.1343 average_last200: 53.1788 epis: 0.0010 loss: 54.7435 
episode: 491 count: 189 score: 249.7081 average_last200: 53.5165 epis: 0.0010 loss: 33.4122 
episode: 492 count: 299 score: 200.2679 average_last200: 53.2639 epis: 0.0010 loss: 52.4220 
episode: 493 count: 197 score: 228.5952 average_last200: 53.3735 epis: 0.0009 loss: 32.8955 
episode: 494 count: 195 score: 208.1207 average_last200: 53.4249 epis: 0.0009 loss: 41.6196 
episode: 495 count: 343 score: 244.8369 average_last200: 53.8810 epis: 0.0009 loss: 67.1656 
episode: 496 count: 508 score: 241.3885 average_last200: 54.5283 epis: 0.0009 loss: 84.5574 
episode: 497 count: 257 score: 185.4372 average_last200: 54.5846 epis: 0.0009 loss: 41.3848 
episode: 498 count: 462 score: 223.0458 average_last200: 54.6834 epis: 0.0009 loss: 79.6077 
episode: 499 count: 408 score: 213.7452 average_last200: 55.8265 epis: 0.0009 loss: 70.8792 
episode: 500 count: 630 score: 217.1904 average_last200: 55.7474 epis: 0.0009 loss: 121.2343 
episode: 501 count: 327 score: 206.4757 average_last200: 55.7380 epis: 0.0008 loss: 51.8652 
episode: 502 count: 143 score: -47.4224 average_last200: 54.3602 epis: 0.0008 loss: 26.9566 
episode: 503 count: 223 score: 198.7937 average_last200: 55.5419 epis: 0.0008 loss: 45.6699 
episode: 504 count: 368 score: 189.4018 average_last200: 55.5261 epis: 0.0008 loss: 71.3993 
episode: 505 count: 221 score: 228.7260 average_last200: 55.7594 epis: 0.0008 loss: 42.1036 
episode: 506 count: 709 score: 199.1403 average_last200: 55.8105 epis: 0.0008 loss: 122.7901 
episode: 507 count: 296 score: 178.0681 average_last200: 56.9019 epis: 0.0008 loss: 53.8590 
episode: 508 count: 409 score: 194.7658 average_last200: 56.9095 epis: 0.0008 loss: 59.7899 
episode: 509 count: 691 score: 198.1942 average_last200: 56.7725 epis: 0.0008 loss: 113.5621 
episode: 510 count: 803 score: 194.8531 average_last200: 56.6028 epis: 0.0007 loss: 132.9494 
episode: 511 count: 674 score: 228.8373 average_last200: 56.7181 epis: 0.0007 loss: 117.8986 
episode: 512 count: 110 score: -99.6315 average_last200: 55.1830 epis: 0.0007 loss: 16.1163 
episode: 513 count: 506 score: 72.4968 average_last200: 54.4765 epis: 0.0007 loss: 74.1897 
episode: 514 count: 436 score: -71.8923 average_last200: 53.0104 epis: 0.0007 loss: 73.7581 
episode: 515 count: 1000 score: -92.9289 average_last200: 51.8225 epis: 0.0007 loss: 173.5604 
episode: 516 count: 164 score: -24.2579 average_last200: 50.8637 epis: 0.0007 loss: 24.2472 
episode: 517 count: 398 score: -94.7807 average_last200: 49.4350 epis: 0.0007 loss: 70.3595 
episode: 518 count: 287 score: -83.8297 average_last200: 48.2875 epis: 0.0007 loss: 51.1817 
episode: 519 count: 149 score: -1.2017 average_last200: 47.2814 epis: 0.0007 loss: 30.0057 
episode: 520 count: 1000 score: -94.2675 average_last200: 45.9018 epis: 0.0006 loss: 184.9425 
episode: 521 count: 1000 score: -70.7349 average_last200: 44.5099 epis: 0.0006 loss: 160.1157 
episode: 522 count: 1000 score: -63.4079 average_last200: 43.3891 epis: 0.0006 loss: 179.6822 
episode: 523 count: 96 score: -128.4159 average_last200: 41.6956 epis: 0.0006 loss: 12.0661 
episode: 524 count: 94 score: -26.5593 average_last200: 40.6223 epis: 0.0006 loss: 15.6453 
episode: 525 count: 1000 score: -39.2619 average_last200: 39.2408 epis: 0.0006 loss: 192.1550 
episode: 526 count: 674 score: 149.3592 average_last200: 38.9863 epis: 0.0006 loss: 116.5912 
episode: 527 count: 529 score: 182.3238 average_last200: 38.8632 epis: 0.0006 loss: 84.6260 
episode: 528 count: 442 score: 168.4285 average_last200: 38.8314 epis: 0.0006 loss: 68.2386 
episode: 529 count: 679 score: 119.4632 average_last200: 38.8575 epis: 0.0006 loss: 128.7114 
episode: 530 count: 164 score: 0.6919 average_last200: 37.9604 epis: 0.0006 loss: 27.8421 
episode: 531 count: 134 score: -32.4873 average_last200: 36.7377 epis: 0.0006 loss: 23.9681 
episode: 532 count: 328 score: 198.1072 average_last200: 36.8184 epis: 0.0005 loss: 53.9668 
episode: 533 count: 154 score: -48.8685 average_last200: 35.6146 epis: 0.0005 loss: 33.5526 
episode: 534 count: 1000 score: -68.7214 average_last200: 34.3399 epis: 0.0005 loss: 170.0881 
episode: 535 count: 257 score: 229.4338 average_last200: 34.3661 epis: 0.0005 loss: 42.4157 
episode: 536 count: 1000 score: -33.2009 average_last200: 33.1340 epis: 0.0005 loss: 172.2381 
episode: 537 count: 429 score: 204.7461 average_last200: 34.9053 epis: 0.0005 loss: 77.7404 
episode: 538 count: 913 score: 89.3104 average_last200: 34.5090 epis: 0.0005 loss: 159.3780 
episode: 539 count: 679 score: 178.4877 average_last200: 34.3047 epis: 0.0005 loss: 115.2634 
episode: 540 count: 400 score: 200.0767 average_last200: 35.5004 epis: 0.0005 loss: 70.0206 
episode: 541 count: 1000 score: -36.5275 average_last200: 34.6030 epis: 0.0005 loss: 166.2538 
episode: 542 count: 1000 score: -63.2841 average_last200: 33.0381 epis: 0.0005 loss: 163.3923 
episode: 543 count: 639 score: 164.0768 average_last200: 32.6646 epis: 0.0005 loss: 118.9190 
episode: 544 count: 533 score: 199.0431 average_last200: 34.0327 epis: 0.0005 loss: 76.7774 
episode: 545 count: 519 score: 145.7524 average_last200: 34.8838 epis: 0.0005 loss: 81.1093 
episode: 546 count: 353 score: 231.3871 average_last200: 34.9488 epis: 0.0004 loss: 61.0731 
episode: 547 count: 354 score: 194.2113 average_last200: 34.9684 epis: 0.0004 loss: 60.7587 
episode: 548 count: 374 score: 178.2643 average_last200: 36.1293 epis: 0.0004 loss: 58.9810 
episode: 549 count: 370 score: 214.9602 average_last200: 36.0715 epis: 0.0004 loss: 64.3005 
episode: 550 count: 424 score: 210.8460 average_last200: 36.1669 epis: 0.0004 loss: 80.0385 
episode: 551 count: 320 score: 230.7477 average_last200: 37.4915 epis: 0.0004 loss: 51.6747 
episode: 552 count: 467 score: 177.7203 average_last200: 39.3819 epis: 0.0004 loss: 74.8133 
episode: 553 count: 351 score: 238.0794 average_last200: 39.4986 epis: 0.0004 loss: 61.4921 
episode: 554 count: 216 score: 203.7183 average_last200: 40.1498 epis: 0.0004 loss: 44.0060 
episode: 555 count: 378 score: 219.6350 average_last200: 41.3225 epis: 0.0004 loss: 68.6936 
episode: 556 count: 333 score: 211.7925 average_last200: 42.7030 epis: 0.0004 loss: 60.4036 
episode: 557 count: 504 score: 174.0958 average_last200: 42.4123 epis: 0.0004 loss: 80.1881 
episode: 558 count: 574 score: 138.0753 average_last200: 42.0326 epis: 0.0004 loss: 96.0080 
episode: 559 count: 448 score: 236.7894 average_last200: 43.0952 epis: 0.0004 loss: 79.0035 
episode: 560 count: 676 score: 187.6127 average_last200: 44.0013 epis: 0.0004 loss: 111.2557 
episode: 561 count: 1000 score: -85.4471 average_last200: 43.6156 epis: 0.0004 loss: 154.9190 
episode: 562 count: 683 score: 170.7405 average_last200: 44.3554 epis: 0.0004 loss: 118.0773 
episode: 563 count: 694 score: 171.6244 average_last200: 45.3119 epis: 0.0004 loss: 117.7584 
episode: 564 count: 341 score: 232.0881 average_last200: 45.4386 epis: 0.0003 loss: 60.3965 
episode: 565 count: 340 score: 199.0352 average_last200: 46.5699 epis: 0.0003 loss: 51.5228 
episode: 566 count: 375 score: 167.7773 average_last200: 47.6376 epis: 0.0003 loss: 61.4160 
episode: 567 count: 545 score: 207.1715 average_last200: 47.4243 epis: 0.0003 loss: 100.1604 
episode: 568 count: 619 score: 187.1569 average_last200: 47.4029 epis: 0.0003 loss: 94.8472 
episode: 569 count: 512 score: 238.8683 average_last200: 48.7332 epis: 0.0003 loss: 79.1631 
episode: 570 count: 873 score: 186.9961 average_last200: 48.6385 epis: 0.0003 loss: 151.5329 
episode: 571 count: 769 score: 154.2604 average_last200: 48.5362 epis: 0.0003 loss: 137.7529 
episode: 572 count: 1000 score: -73.5867 average_last200: 48.1728 epis: 0.0003 loss: 158.6810 
episode: 573 count: 1000 score: -60.4063 average_last200: 47.7477 epis: 0.0003 loss: 162.0425 
episode: 574 count: 575 score: 149.5849 average_last200: 48.7667 epis: 0.0003 loss: 78.8239 
episode: 575 count: 368 score: 168.4238 average_last200: 49.8105 epis: 0.0003 loss: 53.6694 
episode: 576 count: 283 score: 215.7172 average_last200: 51.0719 epis: 0.0003 loss: 48.5383 
episode: 577 count: 510 score: 184.0094 average_last200: 52.0653 epis: 0.0003 loss: 78.2858 
episode: 578 count: 1000 score: -104.4325 average_last200: 51.8563 epis: 0.0003 loss: 159.3684 
episode: 579 count: 297 score: 191.6626 average_last200: 52.8591 epis: 0.0003 loss: 47.7350 
episode: 580 count: 391 score: 228.3149 average_last200: 54.1994 epis: 0.0003 loss: 58.3415 
episode: 581 count: 531 score: 195.6003 average_last200: 55.2011 epis: 0.0003 loss: 93.5730 
episode: 582 count: 1000 score: -97.7383 average_last200: 54.6336 epis: 0.0003 loss: 177.1894 
episode: 583 count: 707 score: 162.3015 average_last200: 55.7066 epis: 0.0003 loss: 116.3359 
episode: 584 count: 1000 score: -68.7546 average_last200: 55.5261 epis: 0.0003 loss: 163.9425 
episode: 585 count: 1000 score: -44.6336 average_last200: 55.5176 epis: 0.0003 loss: 159.3555 
episode: 586 count: 1000 score: -50.7280 average_last200: 55.4089 epis: 0.0003 loss: 163.2952 
episode: 587 count: 1000 score: -28.8623 average_last200: 55.4768 epis: 0.0003 loss: 145.3991 
episode: 588 count: 380 score: 194.0560 average_last200: 56.5919 epis: 0.0002 loss: 64.6396 
episode: 589 count: 400 score: 196.0853 average_last200: 57.4772 epis: 0.0002 loss: 55.4303 
episode: 590 count: 297 score: 227.9856 average_last200: 58.8812 epis: 0.0002 loss: 46.5328 
episode: 591 count: 270 score: -6.9932 average_last200: 58.9481 epis: 0.0002 loss: 43.3809 
episode: 592 count: 716 score: 140.2080 average_last200: 59.9428 epis: 0.0002 loss: 110.0095 
episode: 593 count: 324 score: 238.3108 average_last200: 61.3935 epis: 0.0002 loss: 58.9971 
episode: 594 count: 1000 score: -24.1468 average_last200: 61.3718 epis: 0.0002 loss: 157.2797 
episode: 595 count: 1000 score: 18.4958 average_last200: 60.4211 epis: 0.0002 loss: 142.4889 
episode: 596 count: 941 score: 78.5954 average_last200: 60.9727 epis: 0.0002 loss: 138.3228 
episode: 597 count: 198 score: -10.2737 average_last200: 60.9863 epis: 0.0002 loss: 38.4380 
episode: 598 count: 908 score: 126.3005 average_last200: 61.8103 epis: 0.0002 loss: 135.0339 
episode: 599 count: 249 score: -40.6158 average_last200: 61.5797 epis: 0.0002 loss: 40.5693 
episode: 600 count: 121 score: -0.2752 average_last200: 61.7531 epis: 0.0002 loss: 16.5692 
episode: 601 count: 291 score: 209.4999 average_last200: 63.0003 epis: 0.0002 loss: 36.2849 
episode: 602 count: 512 score: 182.0112 average_last200: 63.8917 epis: 0.0002 loss: 80.5723 
episode: 603 count: 478 score: 209.5223 average_last200: 66.0656 epis: 0.0002 loss: 75.8166 
episode: 604 count: 356 score: 181.3873 average_last200: 67.0716 epis: 0.0002 loss: 56.9734 
episode: 605 count: 547 score: 177.8459 average_last200: 68.0982 epis: 0.0002 loss: 92.6139 
episode: 606 count: 414 score: 223.8325 average_last200: 69.4311 epis: 0.0002 loss: 58.6662 
episode: 607 count: 421 score: 197.9047 average_last200: 70.4897 epis: 0.0002 loss: 61.9359 
episode: 608 count: 408 score: 212.5438 average_last200: 71.8843 epis: 0.0002 loss: 61.3178 
episode: 609 count: 269 score: 237.1303 average_last200: 73.3316 epis: 0.0002 loss: 38.0286 
episode: 610 count: 406 score: 207.2340 average_last200: 74.5926 epis: 0.0002 loss: 73.4437 
episode: 611 count: 296 score: 205.4772 average_last200: 75.7200 epis: 0.0002 loss: 49.9599 
episode: 612 count: 258 score: 183.6610 average_last200: 76.7686 epis: 0.0002 loss: 57.3553 
episode: 613 count: 440 score: 208.7385 average_last200: 77.9601 epis: 0.0002 loss: 62.9078 
episode: 614 count: 233 score: 207.5115 average_last200: 79.3108 epis: 0.0002 loss: 30.0474 
episode: 615 count: 363 score: 214.8188 average_last200: 80.4529 epis: 0.0002 loss: 47.8214 
episode: 616 count: 373 score: 211.3220 average_last200: 81.7980 epis: 0.0002 loss: 61.2699 
episode: 617 count: 227 score: 201.9763 average_last200: 82.9458 epis: 0.0002 loss: 37.1764 
episode: 618 count: 663 score: 171.2240 average_last200: 83.9552 epis: 0.0002 loss: 93.5400 
episode: 619 count: 349 score: 219.5886 average_last200: 85.1907 epis: 0.0002 loss: 43.4098 
episode: 620 count: 385 score: 186.4998 average_last200: 86.3041 epis: 0.0002 loss: 55.7873 
episode: 621 count: 283 score: 234.9819 average_last200: 87.6660 epis: 0.0002 loss: 45.2830 
episode: 622 count: 196 score: 242.8882 average_last200: 89.0675 epis: 0.0002 loss: 28.7675 
episode: 623 count: 135 score: 2.0497 average_last200: 89.2929 epis: 0.0002 loss: 21.3732 
episode: 624 count: 313 score: 200.2559 average_last200: 90.5619 epis: 0.0001 loss: 46.1245 
episode: 625 count: 364 score: 215.1155 average_last200: 91.8417 epis: 0.0001 loss: 49.5835 
episode: 626 count: 462 score: 204.2511 average_last200: 93.0146 epis: 0.0001 loss: 62.4207 
episode: 627 count: 247 score: 203.5954 average_last200: 94.2524 epis: 0.0001 loss: 39.6763 
episode: 628 count: 316 score: 220.5639 average_last200: 95.6245 epis: 0.0001 loss: 43.1924 
episode: 629 count: 267 score: 220.7739 average_last200: 96.8674 epis: 0.0001 loss: 38.1092 
episode: 630 count: 247 score: 226.5597 average_last200: 98.1694 epis: 0.0001 loss: 41.8610 
episode: 631 count: 188 score: 223.1524 average_last200: 99.3669 epis: 0.0001 loss: 24.4321 
episode: 632 count: 356 score: 210.1831 average_last200: 100.6979 epis: 0.0001 loss: 61.0585 
episode: 633 count: 171 score: 16.1668 average_last200: 100.9332 epis: 0.0001 loss: 23.5568 
episode: 634 count: 396 score: 212.3135 average_last200: 102.1839 epis: 0.0001 loss: 53.4459 
episode: 635 count: 330 score: 177.9861 average_last200: 103.2663 epis: 0.0001 loss: 44.9329 
episode: 636 count: 592 score: 162.6350 average_last200: 104.4490 epis: 0.0001 loss: 80.0510 
episode: 637 count: 311 score: 215.1732 average_last200: 105.7364 epis: 0.0001 loss: 37.9153 
episode: 638 count: 963 score: 107.4709 average_last200: 106.4579 epis: 0.0001 loss: 139.4360 
episode: 639 count: 480 score: 185.8304 average_last200: 107.6407 epis: 0.0001 loss: 79.1911 
episode: 640 count: 245 score: -65.5958 average_last200: 107.3279 epis: 0.0001 loss: 43.8149 
episode: 641 count: 303 score: 240.2257 average_last200: 108.7340 epis: 0.0001 loss: 48.6819 
episode: 642 count: 265 score: 216.9970 average_last200: 110.0761 epis: 0.0001 loss: 37.5946 
episode: 643 count: 364 score: 177.0151 average_last200: 111.2150 epis: 0.0001 loss: 64.3822 
episode: 644 count: 362 score: 174.8467 average_last200: 112.0804 epis: 0.0001 loss: 62.7549 
episode: 645 count: 296 score: 209.1422 average_last200: 113.3828 epis: 0.0001 loss: 45.6067 
episode: 646 count: 207 score: -11.6411 average_last200: 113.5133 epis: 0.0001 loss: 28.9458 
episode: 647 count: 313 score: 202.6638 average_last200: 114.8220 epis: 0.0001 loss: 43.5190 
episode: 648 count: 259 score: 208.0377 average_last200: 116.1247 epis: 0.0001 loss: 41.8595 
episode: 649 count: 220 score: 239.5581 average_last200: 117.5930 epis: 0.0001 loss: 36.7736 
episode: 650 count: 221 score: 211.3993 average_last200: 118.7959 epis: 0.0001 loss: 27.4893 
episode: 651 count: 245 score: 243.6434 average_last200: 120.2061 epis: 0.0001 loss: 43.5543 
episode: 652 count: 246 score: 191.3110 average_last200: 121.1868 epis: 0.0001 loss: 37.7998 
episode: 653 count: 462 score: -40.7276 average_last200: 121.1985 epis: 0.0001 loss: 71.4078 
episode: 654 count: 195 score: 205.4019 average_last200: 122.3981 epis: 0.0001 loss: 20.6617 
episode: 655 count: 479 score: -64.2286 average_last200: 122.3685 epis: 0.0001 loss: 64.2647 
episode: 656 count: 455 score: 217.1818 average_last200: 123.6368 epis: 0.0001 loss: 66.6743 
episode: 657 count: 212 score: 252.9983 average_last200: 125.1283 epis: 0.0001 loss: 39.5820 
episode: 658 count: 213 score: 238.9523 average_last200: 126.4807 epis: 0.0001 loss: 27.1989 
episode: 659 count: 505 score: -108.8150 average_last200: 126.2355 epis: 0.0001 loss: 85.5788 
episode: 660 count: 706 score: -288.8769 average_last200: 124.9175 epis: 0.0001 loss: 109.6073 
episode: 661 count: 206 score: 252.6974 average_last200: 126.3173 epis: 0.0001 loss: 31.5243 
episode: 662 count: 232 score: 198.7628 average_last200: 127.3726 epis: 0.0001 loss: 31.2961 
episode: 663 count: 825 score: -168.3070 average_last200: 126.7303 epis: 0.0001 loss: 120.1004 
episode: 664 count: 186 score: 209.9671 average_last200: 127.8673 epis: 0.0001 loss: 22.0061 
episode: 665 count: 311 score: 193.0668 average_last200: 128.8179 epis: 0.0001 loss: 42.1954 
episode: 666 count: 226 score: 221.9431 average_last200: 130.2528 epis: 0.0001 loss: 28.7307 
episode: 667 count: 242 score: 215.1857 average_last200: 131.5418 epis: 0.0001 loss: 31.2490 
episode: 668 count: 111 score: -5.5252 average_last200: 131.5793 epis: 0.0001 loss: 15.3988 
episode: 669 count: 683 score: 110.6317 average_last200: 132.1587 epis: 0.0001 loss: 98.3347 
episode: 670 count: 194 score: -14.9323 average_last200: 131.2195 epis: 0.0001 loss: 27.8628 
episode: 671 count: 478 score: 192.2763 average_last200: 132.4672 epis: 0.0001 loss: 68.2441 
episode: 672 count: 146 score: -30.5893 average_last200: 132.5572 epis: 0.0001 loss: 29.1448 
episode: 673 count: 286 score: 205.6407 average_last200: 132.3442 epis: 0.0001 loss: 45.4143 
episode: 674 count: 388 score: 223.7079 average_last200: 133.4999 epis: 0.0001 loss: 59.6445 
episode: 675 count: 282 score: 245.2458 average_last200: 134.7746 epis: 0.0001 loss: 43.8762 
episode: 676 count: 234 score: 232.6687 average_last200: 134.7291 epis: 0.0001 loss: 31.4420 
episode: 677 count: 274 score: 225.8676 average_last200: 136.0717 epis: 0.0001 loss: 42.6332 
episode: 678 count: 233 score: 201.4697 average_last200: 137.1443 epis: 0.0001 loss: 40.7864 
episode: 679 count: 139 score: -3.2172 average_last200: 136.1215 epis: 0.0001 loss: 21.4579 
episode: 680 count: 162 score: -29.1606 average_last200: 135.0595 epis: 0.0001 loss: 19.9385 
episode: 681 count: 238 score: 195.3463 average_last200: 134.9343 epis: 0.0001 loss: 33.7848 
episode: 682 count: 314 score: 226.4236 average_last200: 135.0127 epis: 0.0001 loss: 50.8561 
episode: 683 count: 239 score: 201.3091 average_last200: 134.9520 epis: 0.0001 loss: 43.3636 
episode: 684 count: 162 score: -10.2821 average_last200: 133.7812 epis: 0.0001 loss: 21.5886 
episode: 685 count: 235 score: 212.3332 average_last200: 134.9679 epis: 0.0001 loss: 31.7341 
episode: 686 count: 158 score: 205.6715 average_last200: 135.0678 epis: 0.0001 loss: 21.0214 
episode: 687 count: 1000 score: 88.6359 average_last200: 134.4848 epis: 0.0001 loss: 142.9293 
episode: 688 count: 553 score: 158.9967 average_last200: 134.2983 epis: 0.0001 loss: 75.1945 
episode: 689 count: 93 score: -19.8502 average_last200: 133.2470 epis: 0.0001 loss: 15.8563 
episode: 690 count: 152 score: 243.4361 average_last200: 133.2635 epis: 0.0001 loss: 20.1392 
episode: 691 count: 285 score: 239.0986 average_last200: 133.2105 epis: 0.0001 loss: 44.6118 
episode: 692 count: 106 score: -23.4815 average_last200: 132.0917 epis: 0.0001 loss: 11.1148 
episode: 693 count: 349 score: 214.1721 average_last200: 132.0196 epis: 0.0001 loss: 47.2013 
episode: 694 count: 365 score: 221.6050 average_last200: 132.0870 epis: 0.0001 loss: 48.4764 
episode: 695 count: 838 score: 175.2975 average_last200: 131.7393 epis: 0.0001 loss: 117.2152 
episode: 696 count: 288 score: 219.7589 average_last200: 131.6312 epis: 0.0001 loss: 41.1432 
episode: 697 count: 150 score: -12.2461 average_last200: 130.6428 epis: 0.0001 loss: 22.2537 
episode: 698 count: 184 score: 199.3301 average_last200: 130.5242 epis: 0.0001 loss: 23.6840 
episode: 699 count: 260 score: 202.4186 average_last200: 130.4676 epis: 0.0001 loss: 36.8877 
episode: 700 count: 193 score: 232.9719 average_last200: 130.5465 epis: 0.0001 loss: 23.6119 
episode: 701 count: 138 score: -39.1045 average_last200: 129.3186 epis: 0.0001 loss: 19.4435 
episode: 702 count: 231 score: 229.6638 average_last200: 130.7040 epis: 0.0000 loss: 36.1183 
episode: 703 count: 227 score: 225.9640 average_last200: 130.8399 epis: 0.0000 loss: 28.1911 
episode: 704 count: 187 score: 13.9263 average_last200: 129.9625 epis: 0.0000 loss: 27.9369 
episode: 705 count: 301 score: 216.0651 average_last200: 129.8992 epis: 0.0000 loss: 43.9609 
episode: 706 count: 150 score: 1.9399 average_last200: 128.9132 epis: 0.0000 loss: 15.7418 
episode: 707 count: 642 score: 169.6650 average_last200: 128.8712 epis: 0.0000 loss: 81.2923 
episode: 708 count: 396 score: 241.6713 average_last200: 129.1057 epis: 0.0000 loss: 60.3150 
episode: 709 count: 158 score: 2.3941 average_last200: 128.1267 epis: 0.0000 loss: 22.6283 
episode: 710 count: 175 score: 5.8667 average_last200: 127.1817 epis: 0.0000 loss: 21.7872 
episode: 711 count: 314 score: 210.7999 average_last200: 127.0916 epis: 0.0000 loss: 44.3255 
episode: 712 count: 274 score: 212.1545 average_last200: 128.6505 epis: 0.0000 loss: 36.5004 
episode: 713 count: 115 score: 1.0300 average_last200: 128.2932 epis: 0.0000 loss: 15.8129 
episode: 714 count: 222 score: -17.5603 average_last200: 128.5648 epis: 0.0000 loss: 28.9686 
episode: 715 count: 148 score: -66.8868 average_last200: 128.6950 epis: 0.0000 loss: 22.2686 
episode: 716 count: 113 score: 17.7732 average_last200: 128.9052 epis: 0.0000 loss: 18.5739 
episode: 717 count: 273 score: -47.4155 average_last200: 129.1420 epis: 0.0000 loss: 37.5232 
episode: 718 count: 156 score: -5.3591 average_last200: 129.5344 epis: 0.0000 loss: 18.0228 
episode: 719 count: 137 score: -19.4825 average_last200: 129.4430 epis: 0.0000 loss: 20.1383 
episode: 720 count: 306 score: 220.6014 average_last200: 131.0173 epis: 0.0000 loss: 42.4582 
episode: 721 count: 243 score: 206.2139 average_last200: 132.4020 epis: 0.0000 loss: 34.9835 
episode: 722 count: 216 score: 186.1398 average_last200: 133.6498 epis: 0.0000 loss: 30.1519 
episode: 723 count: 178 score: -4.2395 average_last200: 134.2707 epis: 0.0000 loss: 24.3658 
episode: 724 count: 127 score: 5.7422 average_last200: 134.4322 epis: 0.0000 loss: 15.4402 
episode: 725 count: 355 score: 188.9641 average_last200: 135.5733 epis: 0.0000 loss: 50.2249 
episode: 726 count: 353 score: 226.5407 average_last200: 135.9592 epis: 0.0000 loss: 48.2639 
episode: 727 count: 225 score: 223.4951 average_last200: 136.1651 epis: 0.0000 loss: 25.9080 
episode: 728 count: 235 score: 206.2354 average_last200: 136.3541 epis: 0.0000 loss: 31.8334 
episode: 729 count: 197 score: 194.9837 average_last200: 136.7317 epis: 0.0000 loss: 28.7452 
episode: 730 count: 282 score: 181.1424 average_last200: 137.6340 epis: 0.0000 loss: 36.9402 
episode: 731 count: 225 score: 217.6201 average_last200: 138.8845 epis: 0.0000 loss: 30.0233 
episode: 732 count: 371 score: 205.0008 average_last200: 138.9190 epis: 0.0000 loss: 52.0259 
episode: 733 count: 252 score: 210.9933 average_last200: 140.2183 epis: 0.0000 loss: 36.1654 
episode: 734 count: 163 score: -2.9450 average_last200: 140.5472 epis: 0.0000 loss: 24.6610 
episode: 735 count: 243 score: 235.0538 average_last200: 140.5753 epis: 0.0000 loss: 31.7782 
episode: 736 count: 214 score: 271.0977 average_last200: 142.0967 epis: 0.0000 loss: 28.9253 
episode: 737 count: 300 score: 214.5214 average_last200: 142.1456 epis: 0.0000 loss: 41.8023 
episode: 738 count: 791 score: 179.8708 average_last200: 142.5984 epis: 0.0000 loss: 115.4642 
episode: 739 count: 225 score: 233.3938 average_last200: 142.8730 epis: 0.0000 loss: 31.1055 
episode: 740 count: 222 score: 236.6538 average_last200: 143.0558 epis: 0.0000 loss: 32.5227 
episode: 741 count: 314 score: 226.5645 average_last200: 144.3713 epis: 0.0000 loss: 42.7393 
episode: 742 count: 144 score: 12.6636 average_last200: 144.7510 epis: 0.0000 loss: 16.8080 
episode: 743 count: 177 score: -4.5600 average_last200: 143.9079 epis: 0.0000 loss: 29.1896 
episode: 744 count: 291 score: 200.2880 average_last200: 143.9141 epis: 0.0000 loss: 37.2611 
episode: 745 count: 397 score: 193.1316 average_last200: 144.1510 epis: 0.0000 loss: 57.7228 
episode: 746 count: 271 score: 223.2823 average_last200: 144.1105 epis: 0.0000 loss: 36.9367 
episode: 747 count: 246 score: 207.0273 average_last200: 144.1745 epis: 0.0000 loss: 32.0107 
episode: 748 count: 261 score: 229.1441 average_last200: 144.4289 epis: 0.0000 loss: 32.4933 
episode: 749 count: 164 score: 11.4981 average_last200: 143.4116 epis: 0.0000 loss: 21.9383 
episode: 750 count: 425 score: 220.2593 average_last200: 143.4587 epis: 0.0000 loss: 63.1684 
episode: 751 count: 171 score: 17.7076 average_last200: 142.3935 epis: 0.0000 loss: 23.2819 
episode: 752 count: 197 score: 236.5425 average_last200: 142.6876 epis: 0.0000 loss: 25.7957 
episode: 753 count: 88 score: -14.7895 average_last200: 141.4233 epis: 0.0000 loss: 12.9761 
episode: 754 count: 212 score: -42.0456 average_last200: 140.1944 epis: 0.0000 loss: 29.1781 
episode: 755 count: 143 score: -28.0677 average_last200: 138.9559 epis: 0.0000 loss: 13.6823 
episode: 756 count: 166 score: 15.2723 average_last200: 137.9733 epis: 0.0000 loss: 21.3663 
episode: 757 count: 298 score: 186.7971 average_last200: 138.0368 epis: 0.0000 loss: 37.6307 
episode: 758 count: 453 score: 192.4375 average_last200: 138.3086 epis: 0.0000 loss: 67.3257 
episode: 759 count: 92 score: 7.8047 average_last200: 137.1637 epis: 0.0000 loss: 11.2744 
episode: 760 count: 248 score: 233.4626 average_last200: 137.3930 epis: 0.0000 loss: 33.4110 
episode: 761 count: 72 score: -17.5950 average_last200: 137.7322 epis: 0.0000 loss: 12.1822 
episode: 762 count: 188 score: 193.7443 average_last200: 137.8472 epis: 0.0000 loss: 24.3090 
episode: 763 count: 183 score: 13.4860 average_last200: 137.0566 epis: 0.0000 loss: 24.0508 
episode: 764 count: 240 score: 227.5995 average_last200: 137.0341 epis: 0.0000 loss: 37.4698 
episode: 765 count: 273 score: 240.8197 average_last200: 137.2430 epis: 0.0000 loss: 41.0931 
episode: 766 count: 261 score: 206.9232 average_last200: 137.4388 epis: 0.0000 loss: 34.6339 
episode: 767 count: 268 score: 200.9230 average_last200: 137.4075 epis: 0.0000 loss: 33.1822 
episode: 768 count: 196 score: 205.3559 average_last200: 137.4985 epis: 0.0000 loss: 21.5034 
episode: 769 count: 528 score: -80.4958 average_last200: 135.9017 epis: 0.0000 loss: 70.8475 
episode: 770 count: 141 score: 243.1181 average_last200: 136.1823 epis: 0.0000 loss: 16.5209 
episode: 771 count: 199 score: 268.4182 average_last200: 136.7531 epis: 0.0000 loss: 26.3213 
episode: 772 count: 312 score: 239.9753 average_last200: 138.3209 epis: 0.0000 loss: 41.6087 
episode: 773 count: 256 score: 222.4885 average_last200: 139.7354 epis: 0.0000 loss: 35.1856 
episode: 774 count: 191 score: -37.1695 average_last200: 138.8016 epis: 0.0000 loss: 25.0959 
episode: 775 count: 176 score: -41.3037 average_last200: 137.7530 epis: 0.0000 loss: 20.7290 
episode: 776 count: 419 score: 191.2053 average_last200: 137.6304 epis: 0.0000 loss: 55.7934 
episode: 777 count: 267 score: 252.7021 average_last200: 137.9739 epis: 0.0000 loss: 31.5493 
episode: 778 count: 86 score: -65.3808 average_last200: 138.1691 epis: 0.0000 loss: 10.2031 
episode: 779 count: 183 score: 265.9010 average_last200: 138.5403 epis: 0.0000 loss: 23.8275 
episode: 780 count: 142 score: 215.1002 average_last200: 138.4742 epis: 0.0000 loss: 16.5312 
episode: 781 count: 184 score: 227.0462 average_last200: 138.6315 epis: 0.0000 loss: 20.7126 
episode: 782 count: 279 score: 234.2960 average_last200: 140.2916 epis: 0.0000 loss: 30.5081 
episode: 783 count: 258 score: 238.4234 average_last200: 140.6723 epis: 0.0000 loss: 38.9123 
episode: 784 count: 193 score: -5.2161 average_last200: 140.9899 epis: 0.0000 loss: 25.8435 
episode: 785 count: 192 score: -20.0190 average_last200: 141.1130 epis: 0.0000 loss: 26.1482 
episode: 786 count: 263 score: 214.7293 average_last200: 142.4403 epis: 0.0000 loss: 41.2885 
episode: 787 count: 307 score: 232.1796 average_last200: 143.7455 epis: 0.0000 loss: 44.8027 
episode: 788 count: 272 score: 273.0403 average_last200: 144.1404 epis: 0.0000 loss: 42.5254 
episode: 789 count: 76 score: 17.3648 average_last200: 143.2468 epis: 0.0000 loss: 8.7614 
episode: 790 count: 242 score: 207.0651 average_last200: 143.1422 epis: 0.0000 loss: 43.3815 
episode: 791 count: 85 score: -60.1602 average_last200: 142.8764 epis: 0.0000 loss: 9.4727 
episode: 792 count: 203 score: 222.5535 average_last200: 143.2881 epis: 0.0000 loss: 26.8566 
episode: 793 count: 282 score: 232.1121 average_last200: 143.2571 epis: 0.0000 loss: 33.9560 
episode: 794 count: 318 score: 237.7969 average_last200: 144.5669 epis: 0.0000 loss: 41.7454 
episode: 795 count: 228 score: 240.1587 average_last200: 145.6752 epis: 0.0000 loss: 34.0960 
episode: 796 count: 133 score: -50.2393 average_last200: 145.0310 epis: 0.0000 loss: 21.5098 
episode: 797 count: 443 score: 143.9401 average_last200: 145.8021 epis: 0.0000 loss: 58.2322 
episode: 798 count: 237 score: -3.0636 average_last200: 145.1552 epis: 0.0000 loss: 25.5497 
episode: 799 count: 97 score: -37.9641 average_last200: 145.1685 epis: 0.0000 loss: 13.0094 
episode: 800 count: 183 score: 9.9534 average_last200: 145.2196 epis: 0.0000 loss: 25.8573 
episode: 801 count: 177 score: 225.6662 average_last200: 145.3005 epis: 0.0000 loss: 22.2284 
episode: 802 count: 224 score: 216.9260 average_last200: 145.4750 epis: 0.0000 loss: 27.6693 
episode: 803 count: 405 score: 187.7292 average_last200: 145.3661 epis: 0.0000 loss: 56.4906 
episode: 804 count: 386 score: 209.6742 average_last200: 145.5075 epis: 0.0000 loss: 57.0591 
episode: 805 count: 125 score: -23.5064 average_last200: 144.5008 epis: 0.0000 loss: 19.1964 
episode: 806 count: 96 score: -60.2661 average_last200: 143.0803 epis: 0.0000 loss: 10.8043 
episode: 807 count: 201 score: -19.0864 average_last200: 141.9953 epis: 0.0000 loss: 24.1532 
episode: 808 count: 212 score: -82.9570 average_last200: 140.5178 epis: 0.0000 loss: 23.2326 
episode: 809 count: 189 score: 244.0204 average_last200: 140.5523 epis: 0.0000 loss: 24.7147 
episode: 810 count: 426 score: 232.1767 average_last200: 140.6770 epis: 0.0000 loss: 65.1066 
episode: 811 count: 336 score: 227.4900 average_last200: 140.7870 epis: 0.0000 loss: 40.8682 
episode: 812 count: 408 score: 205.8147 average_last200: 140.8978 epis: 0.0000 loss: 54.6635 
episode: 813 count: 195 score: -13.2496 average_last200: 139.7879 epis: 0.0000 loss: 24.8977 
episode: 814 count: 288 score: 216.2426 average_last200: 139.8315 epis: 0.0000 loss: 41.9119 
episode: 815 count: 69 score: -77.8073 average_last200: 138.3684 epis: 0.0000 loss: 11.0356 
episode: 816 count: 141 score: -36.4042 average_last200: 137.1298 epis: 0.0000 loss: 13.6628 
episode: 817 count: 213 score: 210.3508 average_last200: 137.1716 epis: 0.0000 loss: 29.0973 
episode: 818 count: 358 score: 226.7996 average_last200: 137.4495 epis: 0.0000 loss: 56.2913 
episode: 819 count: 241 score: 205.2465 average_last200: 137.3778 epis: 0.0000 loss: 43.4661 
episode: 820 count: 256 score: 204.6271 average_last200: 137.4684 epis: 0.0000 loss: 35.0036 
episode: 821 count: 365 score: 233.5158 average_last200: 137.4611 epis: 0.0000 loss: 57.8216 
episode: 822 count: 175 score: -37.7946 average_last200: 136.0577 epis: 0.0000 loss: 27.0858 
episode: 823 count: 188 score: -39.7035 average_last200: 135.8489 epis: 0.0000 loss: 22.6493 
episode: 824 count: 186 score: -16.0524 average_last200: 134.7674 epis: 0.0000 loss: 22.2535 
episode: 825 count: 468 score: 234.0021 average_last200: 134.8618 epis: 0.0000 loss: 62.4001 
episode: 826 count: 105 score: -8.8997 average_last200: 133.7961 epis: 0.0000 loss: 10.9059 
episode: 827 count: 144 score: -11.1596 average_last200: 132.7223 epis: 0.0000 loss: 26.3997 
episode: 828 count: 137 score: -27.9000 average_last200: 131.4800 epis: 0.0000 loss: 11.3205 
episode: 829 count: 280 score: 210.5732 average_last200: 131.4290 epis: 0.0000 loss: 41.5463 
episode: 830 count: 105 score: -22.8686 average_last200: 130.1818 epis: 0.0000 loss: 13.6572 
episode: 831 count: 345 score: 195.3578 average_last200: 130.0428 epis: 0.0000 loss: 43.9912 
episode: 832 count: 1000 score: 129.0649 average_last200: 129.6373 epis: 0.0000 loss: 134.3320 
episode: 833 count: 264 score: 201.2396 average_last200: 130.5626 epis: 0.0000 loss: 36.6814 
episode: 834 count: 168 score: -53.6503 average_last200: 129.2328 epis: 0.0000 loss: 21.7921 
episode: 835 count: 145 score: -71.1860 average_last200: 127.9869 epis: 0.0000 loss: 22.7045 
episode: 836 count: 167 score: -32.3336 average_last200: 127.0121 epis: 0.0000 loss: 28.6022 
episode: 837 count: 121 score: 22.8737 average_last200: 126.0506 epis: 0.0000 loss: 23.3018 
episode: 838 count: 234 score: 209.8974 average_last200: 126.5627 epis: 0.0000 loss: 39.3042 
episode: 839 count: 443 score: 161.1619 average_last200: 126.4394 epis: 0.0000 loss: 62.0144 
episode: 840 count: 148 score: -39.2541 average_last200: 126.5711 epis: 0.0000 loss: 18.4532 
episode: 841 count: 299 score: 197.1264 average_last200: 126.3556 epis: 0.0000 loss: 51.2820 
episode: 842 count: 471 score: 220.1291 average_last200: 126.3713 epis: 0.0000 loss: 65.6339 
episode: 843 count: 286 score: 222.7961 average_last200: 126.6002 epis: 0.0000 loss: 48.9767 
episode: 844 count: 209 score: 233.6685 average_last200: 126.8943 epis: 0.0000 loss: 34.5457 
episode: 845 count: 734 score: 106.6639 average_last200: 126.3819 epis: 0.0000 loss: 122.3288 
episode: 846 count: 187 score: 2.7826 average_last200: 126.4540 epis: 0.0000 loss: 27.7848 
episode: 847 count: 161 score: -33.1085 average_last200: 125.2751 epis: 0.0000 loss: 27.5440 
episode: 848 count: 181 score: -47.1190 average_last200: 123.9994 epis: 0.0000 loss: 27.7888 
episode: 849 count: 308 score: 212.3822 average_last200: 123.8635 epis: 0.0000 loss: 46.3428 
episode: 850 count: 150 score: -1.8852 average_last200: 122.7971 epis: 0.0000 loss: 19.5034 
episode: 851 count: 201 score: 230.9268 average_last200: 122.7335 epis: 0.0000 loss: 30.4385 
episode: 852 count: 231 score: 211.6521 average_last200: 122.8352 epis: 0.0000 loss: 23.2879 
episode: 853 count: 214 score: 236.0602 average_last200: 124.2191 epis: 0.0000 loss: 40.6917 
episode: 854 count: 198 score: -28.9462 average_last200: 123.0474 epis: 0.0000 loss: 28.2392 
episode: 855 count: 354 score: 224.8600 average_last200: 124.4928 epis: 0.0000 loss: 57.7180 
episode: 856 count: 137 score: -59.1734 average_last200: 123.1110 epis: 0.0000 loss: 19.4910 
episode: 857 count: 335 score: 225.6427 average_last200: 122.9743 epis: 0.0000 loss: 45.1542 
episode: 858 count: 336 score: 233.4890 average_last200: 122.9469 epis: 0.0000 loss: 45.5625 
episode: 859 count: 130 score: -81.8697 average_last200: 123.0817 epis: 0.0000 loss: 24.8439 
episode: 860 count: 308 score: -27.9947 average_last200: 124.3861 epis: 0.0000 loss: 41.4029 
episode: 861 count: 263 score: -19.4837 average_last200: 123.0252 epis: 0.0000 loss: 34.4682 
episode: 862 count: 82 score: -175.3895 average_last200: 121.1544 epis: 0.0000 loss: 9.6574 
episode: 863 count: 64 score: -105.8072 average_last200: 121.4669 epis: 0.0000 loss: 8.4079 
episode: 864 count: 226 score: 206.8485 average_last200: 121.4513 epis: 0.0000 loss: 39.2139 
episode: 865 count: 245 score: 183.6064 average_last200: 121.4040 epis: 0.0000 loss: 30.4965 
episode: 866 count: 290 score: 210.6850 average_last200: 121.3477 epis: 0.0000 loss: 40.6254 
episode: 867 count: 400 score: 201.8446 average_last200: 121.2810 epis: 0.0000 loss: 70.4483 
episode: 868 count: 54 score: -111.7186 average_last200: 120.7501 epis: 0.0000 loss: 4.2414 
episode: 869 count: 310 score: 209.1761 average_last200: 121.2428 epis: 0.0000 loss: 52.0721 
episode: 870 count: 597 score: 134.6489 average_last200: 121.9907 epis: 0.0000 loss: 99.8663 
episode: 871 count: 270 score: 208.3418 average_last200: 122.0710 epis: 0.0000 loss: 36.9180 
episode: 872 count: 179 score: 240.3665 average_last200: 123.4258 epis: 0.0000 loss: 29.3408 
episode: 873 count: 128 score: -53.4503 average_last200: 122.1303 epis: 0.0000 loss: 20.4491 
episode: 874 count: 101 score: -8.3309 average_last200: 120.9701 epis: 0.0000 loss: 17.8016 
episode: 875 count: 254 score: 224.1065 average_last200: 120.8644 epis: 0.0000 loss: 40.6815 
episode: 876 count: 316 score: 213.9546 average_last200: 120.7709 epis: 0.0000 loss: 54.2386 
episode: 877 count: 280 score: 220.3907 average_last200: 120.7435 epis: 0.0000 loss: 41.4274 
episode: 878 count: 434 score: 189.7656 average_last200: 120.6850 epis: 0.0000 loss: 79.0833 
episode: 879 count: 307 score: 185.3040 average_last200: 121.6276 epis: 0.0000 loss: 44.5995 
episode: 880 count: 220 score: 4.8248 average_last200: 121.7975 epis: 0.0000 loss: 39.1248 
episode: 881 count: 176 score: 10.7070 average_last200: 120.8743 epis: 0.0000 loss: 25.2759 
episode: 882 count: 380 score: -50.0040 average_last200: 119.4922 epis: 0.0000 loss: 62.1295 
episode: 883 count: 205 score: 200.4216 average_last200: 119.4877 epis: 0.0000 loss: 26.8196 
episode: 884 count: 287 score: 222.8250 average_last200: 120.6533 epis: 0.0000 loss: 48.4442 
episode: 885 count: 180 score: -2.7578 average_last200: 119.5778 epis: 0.0000 loss: 20.9323 
episode: 886 count: 371 score: 210.5114 average_last200: 119.6020 epis: 0.0000 loss: 55.4832 
episode: 887 count: 410 score: 213.1825 average_last200: 120.2247 epis: 0.0000 loss: 61.2459 
episode: 888 count: 400 score: 245.3052 average_last200: 120.6563 epis: 0.0000 loss: 52.5985 
episode: 889 count: 392 score: 197.2103 average_last200: 121.7416 epis: 0.0000 loss: 65.9593 
episode: 890 count: 241 score: 231.1648 average_last200: 121.6802 epis: 0.0000 loss: 47.4376 
episode: 891 count: 130 score: -54.7316 average_last200: 120.2111 epis: 0.0000 loss: 24.3049 
episode: 892 count: 280 score: 220.1412 average_last200: 121.4292 epis: 0.0000 loss: 41.3359 
episode: 893 count: 215 score: 242.5883 average_last200: 121.5713 epis: 0.0000 loss: 30.1855 
episode: 894 count: 233 score: 220.2573 average_last200: 121.5645 epis: 0.0000 loss: 35.3379 
episode: 895 count: 262 score: 224.7255 average_last200: 121.8117 epis: 0.0000 loss: 41.2532 
episode: 896 count: 294 score: 196.4421 average_last200: 121.6951 epis: 0.0000 loss: 44.2562 
episode: 897 count: 246 score: 231.4216 average_last200: 122.9134 epis: 0.0000 loss: 43.1124 
episode: 898 count: 126 score: -13.7404 average_last200: 121.8481 epis: 0.0000 loss: 23.1963 
episode: 899 count: 70 score: -38.0126 average_last200: 120.6459 epis: 0.0000 loss: 11.0608 
episode: 900 count: 460 score: 200.0000 average_last200: 120.4811 epis: 0.0000 loss: 75.8293 
episode: 901 count: 392 score: 211.4314 average_last200: 121.7337 epis: 0.0000 loss: 66.2318 
episode: 902 count: 287 score: 198.5308 average_last200: 121.5781 epis: 0.0000 loss: 47.9744 
episode: 903 count: 111 score: -25.3690 average_last200: 120.3214 epis: 0.0000 loss: 20.2560 
episode: 904 count: 178 score: -3.2216 average_last200: 120.2357 epis: 0.0000 loss: 33.7271 
episode: 905 count: 214 score: 241.4598 average_last200: 120.3626 epis: 0.0000 loss: 28.8404 
episode: 906 count: 161 score: 229.4619 average_last200: 121.5003 epis: 0.0000 loss: 29.3053 
episode: 907 count: 98 score: -31.3880 average_last200: 120.4950 epis: 0.0000 loss: 15.7655 
episode: 908 count: 470 score: 182.3961 average_last200: 120.1986 epis: 0.0000 loss: 79.4474 
episode: 909 count: 1000 score: 36.7258 average_last200: 120.3703 epis: 0.0000 loss: 172.4228 
episode: 910 count: 177 score: -6.1424 average_last200: 120.3102 epis: 0.0000 loss: 30.1972 
episode: 911 count: 128 score: -42.2270 average_last200: 119.0451 epis: 0.0000 loss: 21.7147 
episode: 912 count: 329 score: 203.8927 average_last200: 119.0038 epis: 0.0000 loss: 59.9595 
episode: 913 count: 163 score: 211.2640 average_last200: 120.0550 epis: 0.0000 loss: 29.7511 
episode: 914 count: 282 score: 235.9904 average_last200: 121.3227 epis: 0.0000 loss: 47.4082 
episode: 915 count: 188 score: 217.6408 average_last200: 122.7453 epis: 0.0000 loss: 32.9507 
episode: 916 count: 267 score: 250.2763 average_last200: 123.9079 epis: 0.0000 loss: 44.3709 
episode: 917 count: 154 score: -30.5765 average_last200: 123.9921 epis: 0.0000 loss: 18.6081 
episode: 918 count: 235 score: 219.6926 average_last200: 125.1173 epis: 0.0000 loss: 45.9319 
episode: 919 count: 129 score: 3.1298 average_last200: 125.2304 epis: 0.0000 loss: 17.4846 
episode: 920 count: 96 score: -32.7505 average_last200: 123.9636 epis: 0.0000 loss: 15.3809 
episode: 921 count: 325 score: 217.0981 average_last200: 124.0180 epis: 0.0000 loss: 57.3414 
episode: 922 count: 397 score: 194.6864 average_last200: 124.0608 epis: 0.0000 loss: 57.1272 
episode: 923 count: 155 score: -19.7472 average_last200: 123.9832 epis: 0.0000 loss: 24.1654 
episode: 924 count: 179 score: 32.8914 average_last200: 124.1190 epis: 0.0000 loss: 29.5020 
episode: 925 count: 355 score: 211.4538 average_last200: 124.2314 epis: 0.0000 loss: 63.2110 
episode: 926 count: 217 score: 226.0907 average_last200: 124.2292 epis: 0.0000 loss: 33.3575 
episode: 927 count: 433 score: 209.7417 average_last200: 124.1604 epis: 0.0000 loss: 74.4719 
episode: 928 count: 209 score: 218.8152 average_last200: 124.2233 epis: 0.0000 loss: 29.3249 
episode: 929 count: 231 score: 266.6346 average_last200: 124.5816 epis: 0.0000 loss: 31.7609 
episode: 930 count: 300 score: 216.0129 average_last200: 124.7559 epis: 0.0000 loss: 56.5838 
episode: 931 count: 224 score: 235.2254 average_last200: 124.8439 epis: 0.0000 loss: 39.6212 
episode: 932 count: 241 score: 214.4908 average_last200: 124.8914 epis: 0.0000 loss: 38.9874 
episode: 933 count: 147 score: -1.9442 average_last200: 123.8267 epis: 0.0000 loss: 24.2472 
episode: 934 count: 258 score: 220.8948 average_last200: 124.9459 epis: 0.0000 loss: 51.5846 
episode: 935 count: 195 score: -171.2295 average_last200: 122.9145 epis: 0.0000 loss: 31.9370 
episode: 936 count: 252 score: 221.7890 average_last200: 122.6679 epis: 0.0000 loss: 43.2440 
episode: 937 count: 213 score: 243.5998 average_last200: 122.8133 epis: 0.0000 loss: 46.6265 
episode: 938 count: 281 score: 239.2063 average_last200: 123.1100 epis: 0.0000 loss: 45.1971 
episode: 939 count: 196 score: 231.9892 average_last200: 123.1030 epis: 0.0000 loss: 39.6262 
episode: 940 count: 302 score: 214.9741 average_last200: 122.9946 epis: 0.0000 loss: 50.8154 
episode: 941 count: 200 score: -85.7151 average_last200: 121.4332 epis: 0.0000 loss: 37.5021 
episode: 942 count: 440 score: 199.6558 average_last200: 122.3682 epis: 0.0000 loss: 73.2825 
episode: 943 count: 386 score: 213.2354 average_last200: 123.4571 epis: 0.0000 loss: 63.9287 
episode: 944 count: 228 score: 227.5783 average_last200: 123.5936 epis: 0.0000 loss: 35.2216 
episode: 945 count: 403 score: 208.6482 average_last200: 123.6712 epis: 0.0000 loss: 73.6524 
episode: 946 count: 169 score: 25.8605 average_last200: 122.6841 epis: 0.0000 loss: 27.6123 
episode: 947 count: 188 score: 252.0884 average_last200: 122.9094 epis: 0.0000 loss: 28.0044 
episode: 948 count: 141 score: 222.6078 average_last200: 122.8767 epis: 0.0000 loss: 18.3319 
episode: 949 count: 238 score: -19.5215 average_last200: 122.7216 epis: 0.0000 loss: 48.3261 
episode: 950 count: 104 score: -18.7361 average_last200: 121.5266 epis: 0.0000 loss: 15.4190 
episode: 951 count: 248 score: 222.4123 average_last200: 122.5501 epis: 0.0000 loss: 38.1158 
episode: 952 count: 160 score: -12.9085 average_last200: 121.3029 epis: 0.0000 loss: 37.0596 
episode: 953 count: 386 score: 207.2444 average_last200: 122.4130 epis: 0.0000 loss: 76.7511 
episode: 954 count: 243 score: -16.5547 average_last200: 122.5405 epis: 0.0000 loss: 46.9936 
episode: 955 count: 470 score: 206.1824 average_last200: 123.7118 epis: 0.0000 loss: 75.9809 
episode: 956 count: 188 score: -19.6553 average_last200: 123.5371 epis: 0.0000 loss: 35.0172 
episode: 957 count: 143 score: -13.9559 average_last200: 122.5333 epis: 0.0000 loss: 23.7846 
episode: 958 count: 250 score: 251.6157 average_last200: 122.8292 epis: 0.0000 loss: 44.7447 
episode: 959 count: 262 score: 220.8715 average_last200: 123.8946 epis: 0.0000 loss: 55.7401 
episode: 960 count: 161 score: 10.3860 average_last200: 122.7792 epis: 0.0000 loss: 27.2435 
episode: 961 count: 395 score: 218.7175 average_last200: 123.9608 epis: 0.0000 loss: 80.3433 
episode: 962 count: 130 score: -12.1882 average_last200: 122.9311 epis: 0.0000 loss: 20.7832 
episode: 963 count: 135 score: 37.3662 average_last200: 123.0505 epis: 0.0000 loss: 21.5830 
episode: 964 count: 409 score: 211.8035 average_last200: 122.9715 epis: 0.0000 loss: 83.6840 
episode: 965 count: 157 score: 19.5239 average_last200: 121.8650 epis: 0.0000 loss: 27.3887 
episode: 966 count: 98 score: -4.0679 average_last200: 120.8101 epis: 0.0000 loss: 18.5962 
episode: 967 count: 238 score: 218.3062 average_last200: 120.8970 epis: 0.0000 loss: 44.6602 
episode: 968 count: 441 score: 234.8546 average_last200: 121.0445 epis: 0.0000 loss: 81.3251 
episode: 969 count: 141 score: -17.5670 average_last200: 121.3591 epis: 0.0000 loss: 24.8841 
episode: 970 count: 189 score: 246.1876 average_last200: 121.3745 epis: 0.0000 loss: 35.7338 
episode: 971 count: 245 score: 252.9287 average_last200: 121.2970 epis: 0.0000 loss: 36.4013 
episode: 972 count: 199 score: 245.6737 average_last200: 121.3255 epis: 0.0000 loss: 26.7515 
episode: 973 count: 80 score: 0.2147 average_last200: 120.2142 epis: 0.0000 loss: 18.3935 
episode: 974 count: 174 score: 8.4163 average_last200: 120.4421 epis: 0.0000 loss: 31.3227 
episode: 975 count: 236 score: 214.7339 average_last200: 121.7223 epis: 0.0000 loss: 43.0758 
episode: 976 count: 155 score: -45.5922 average_last200: 120.5383 epis: 0.0000 loss: 24.6158 
episode: 977 count: 236 score: 212.6066 average_last200: 120.3378 epis: 0.0000 loss: 48.8351 
episode: 978 count: 252 score: 275.8942 average_last200: 122.0442 epis: 0.0000 loss: 63.1534 
episode: 979 count: 174 score: 216.2216 average_last200: 121.7958 epis: 0.0000 loss: 26.3313 
episode: 980 count: 131 score: -1.3207 average_last200: 120.7137 epis: 0.0000 loss: 28.0015 
episode: 981 count: 397 score: 191.8075 average_last200: 120.5375 epis: 0.0000 loss: 73.1245 
episode: 982 count: 164 score: 214.6276 average_last200: 120.4391 epis: 0.0000 loss: 31.6298 
episode: 983 count: 443 score: 176.7062 average_last200: 120.1306 epis: 0.0000 loss: 76.0707 
episode: 984 count: 199 score: 234.0495 average_last200: 121.3269 epis: 0.0000 loss: 38.5956 
episode: 985 count: 89 score: -122.1924 average_last200: 120.8160 epis: 0.0000 loss: 20.4872 
episode: 986 count: 253 score: 211.3237 average_last200: 120.7990 epis: 0.0000 loss: 41.1617 
episode: 987 count: 380 score: -584.9009 average_last200: 116.7136 epis: 0.0000 loss: 77.1100 
episode: 988 count: 548 score: 187.0957 average_last200: 116.2839 epis: 0.0000 loss: 92.2247 
episode: 989 count: 180 score: 245.8228 average_last200: 117.4262 epis: 0.0000 loss: 30.2381 
episode: 990 count: 254 score: 203.6729 average_last200: 117.4092 epis: 0.0000 loss: 38.8753 
episode: 991 count: 1000 score: 46.7042 average_last200: 117.9435 epis: 0.0000 loss: 185.4329 
episode: 992 count: 145 score: -36.0797 average_last200: 116.6503 epis: 0.0000 loss: 24.5105 
episode: 993 count: 254 score: 195.2553 average_last200: 116.4661 epis: 0.0000 loss: 49.0306 
episode: 994 count: 173 score: 219.6455 average_last200: 116.3753 epis: 0.0000 loss: 31.1539 
episode: 995 count: 138 score: -8.0172 average_last200: 115.1344 epis: 0.0000 loss: 28.4661 
episode: 996 count: 196 score: 241.8841 average_last200: 116.5950 epis: 0.0000 loss: 40.4446 
episode: 997 count: 80 score: -35.4193 average_last200: 115.6982 epis: 0.0000 loss: 22.2026 
episode: 998 count: 177 score: 212.7025 average_last200: 116.7771 epis: 0.0000 loss: 32.0164 
episode: 999 count: 306 score: 243.0129 average_last200: 118.1820 epis: 0.0000 loss: 59.6175 
