[33mWARN: gym.spaces.Box autodetected dtype as <class 'numpy.float32'>. Please provide explicit dtype.[0m
All para: Epis 1000 memlen 100000 gamma 0.990 epsilon 0.989 alpha 0.00030 batch 30 upfreq 500
episode: 0 count: 103 score: -201.7553 average_last200: -201.7553 epis: 0.9890 loss: 0.0000 
episode: 1 count: 84 score: -166.6921 average_last200: -184.2237 epis: 0.9781 loss: 0.0000 
episode: 2 count: 127 score: -140.9426 average_last200: -169.7967 epis: 0.9674 loss: 0.0000 
episode: 3 count: 98 score: -151.9605 average_last200: -165.3376 epis: 0.9567 loss: 0.0000 
episode: 4 count: 71 score: -305.0290 average_last200: -193.2759 epis: 0.9462 loss: 0.0000 
episode: 5 count: 112 score: -237.0037 average_last200: -200.5639 epis: 0.9358 loss: 0.0000 
episode: 6 count: 94 score: -195.6690 average_last200: -199.8646 epis: 0.9255 loss: 0.0000 
episode: 7 count: 75 score: -123.7868 average_last200: -190.3549 epis: 0.9153 loss: 0.0000 
episode: 8 count: 140 score: -152.2640 average_last200: -186.1225 epis: 0.9052 loss: 0.0000 
episode: 9 count: 102 score: -493.9851 average_last200: -216.9088 epis: 0.8953 loss: 1.8753 
episode: 10 count: 130 score: -150.9910 average_last200: -210.9163 epis: 0.8854 loss: 74.2158 
episode: 11 count: 79 score: -437.3764 average_last200: -229.7879 epis: 0.8757 loss: 41.4279 
episode: 12 count: 128 score: -155.1501 average_last200: -224.0466 epis: 0.8661 loss: 62.4720 
episode: 13 count: 159 score: -275.3042 average_last200: -227.7078 epis: 0.8565 loss: 68.6058 
episode: 14 count: 77 score: -189.5910 average_last200: -225.1667 epis: 0.8471 loss: 35.3783 
episode: 15 count: 92 score: -204.6130 average_last200: -223.8821 epis: 0.8378 loss: 45.3238 
episode: 16 count: 129 score: -192.0748 average_last200: -222.0111 epis: 0.8286 loss: 55.8868 
episode: 17 count: 87 score: -234.5723 average_last200: -222.7089 epis: 0.8195 loss: 29.3197 
episode: 18 count: 114 score: -202.8032 average_last200: -221.6613 epis: 0.8105 loss: 42.5989 
episode: 19 count: 108 score: -144.5782 average_last200: -217.8071 epis: 0.8015 loss: 40.9855 
episode: 20 count: 134 score: -255.4267 average_last200: -219.5985 epis: 0.7927 loss: 51.9377 
episode: 21 count: 100 score: -193.9626 average_last200: -218.4333 epis: 0.7840 loss: 32.0559 
episode: 22 count: 138 score: -155.0914 average_last200: -215.6793 epis: 0.7754 loss: 43.5835 
episode: 23 count: 137 score: -413.1528 average_last200: -223.9073 epis: 0.7669 loss: 61.2242 
episode: 24 count: 128 score: -253.0905 average_last200: -225.0746 epis: 0.7584 loss: 46.8909 
episode: 25 count: 143 score: -158.6180 average_last200: -222.5186 epis: 0.7501 loss: 43.1596 
episode: 26 count: 99 score: -189.8274 average_last200: -221.3078 epis: 0.7418 loss: 42.0840 
episode: 27 count: 96 score: -191.3021 average_last200: -220.2362 epis: 0.7337 loss: 41.9420 
episode: 28 count: 129 score: -214.7218 average_last200: -220.0461 epis: 0.7256 loss: 41.2456 
episode: 29 count: 130 score: -178.4167 average_last200: -218.6584 epis: 0.7176 loss: 46.8645 
episode: 30 count: 135 score: -307.6312 average_last200: -221.5285 epis: 0.7097 loss: 48.7806 
episode: 31 count: 85 score: -74.7823 average_last200: -216.9427 epis: 0.7019 loss: 32.9148 
episode: 32 count: 123 score: -201.2942 average_last200: -216.4685 epis: 0.6942 loss: 40.1169 
episode: 33 count: 114 score: -133.7759 average_last200: -214.0364 epis: 0.6866 loss: 31.8916 
episode: 34 count: 127 score: -75.0734 average_last200: -210.0660 epis: 0.6790 loss: 45.1685 
episode: 35 count: 128 score: -270.7686 average_last200: -211.7522 epis: 0.6715 loss: 38.4933 
episode: 36 count: 194 score: -29.9631 average_last200: -206.8389 epis: 0.6641 loss: 63.7556 
episode: 37 count: 99 score: -126.9557 average_last200: -204.7368 epis: 0.6568 loss: 27.9880 
episode: 38 count: 166 score: -140.9939 average_last200: -203.1023 epis: 0.6496 loss: 48.7712 
episode: 39 count: 232 score: -97.7047 average_last200: -200.4674 epis: 0.6425 loss: 67.6702 
episode: 40 count: 90 score: -186.5176 average_last200: -200.1271 epis: 0.6354 loss: 21.0881 
episode: 41 count: 236 score: -92.2783 average_last200: -197.5593 epis: 0.6284 loss: 69.9156 
episode: 42 count: 98 score: -148.8674 average_last200: -196.4269 epis: 0.6215 loss: 31.0634 
episode: 43 count: 82 score: -181.1182 average_last200: -196.0790 epis: 0.6147 loss: 25.3599 
episode: 44 count: 156 score: -151.1411 average_last200: -195.0804 epis: 0.6079 loss: 30.4581 
episode: 45 count: 136 score: -64.1367 average_last200: -192.2338 epis: 0.6012 loss: 40.6453 
episode: 46 count: 175 score: -42.3759 average_last200: -189.0453 epis: 0.5946 loss: 49.5707 
episode: 47 count: 127 score: -125.6804 average_last200: -187.7252 epis: 0.5881 loss: 33.3980 
episode: 48 count: 155 score: -280.1027 average_last200: -189.6105 epis: 0.5816 loss: 36.0635 
episode: 49 count: 274 score: -33.6426 average_last200: -186.4911 epis: 0.5752 loss: 74.1648 
episode: 50 count: 286 score: -215.2763 average_last200: -187.0555 epis: 0.5689 loss: 77.7207 
episode: 51 count: 135 score: -140.3997 average_last200: -186.1583 epis: 0.5626 loss: 47.0113 
episode: 52 count: 197 score: -219.1118 average_last200: -186.7801 epis: 0.5564 loss: 59.0201 
episode: 53 count: 96 score: -119.1229 average_last200: -185.5272 epis: 0.5503 loss: 24.6365 
episode: 54 count: 293 score: -79.3720 average_last200: -183.5971 epis: 0.5442 loss: 84.5480 
episode: 55 count: 135 score: -114.0722 average_last200: -182.3556 epis: 0.5383 loss: 39.0998 
episode: 56 count: 135 score: -103.4214 average_last200: -180.9707 epis: 0.5323 loss: 43.0065 
episode: 57 count: 68 score: -126.7212 average_last200: -180.0354 epis: 0.5265 loss: 20.2252 
episode: 58 count: 148 score: -166.0027 average_last200: -179.7976 epis: 0.5207 loss: 42.5474 
episode: 59 count: 210 score: -77.0211 average_last200: -178.0846 epis: 0.5150 loss: 53.7830 
episode: 60 count: 75 score: -112.3229 average_last200: -177.0066 epis: 0.5093 loss: 23.8709 
episode: 61 count: 400 score: -106.6483 average_last200: -175.8718 epis: 0.5037 loss: 118.0813 
episode: 62 count: 129 score: -58.8425 average_last200: -174.0141 epis: 0.4982 loss: 43.3979 
episode: 63 count: 350 score: -81.7065 average_last200: -172.5718 epis: 0.4927 loss: 100.6369 
episode: 64 count: 311 score: -100.6828 average_last200: -171.4659 epis: 0.4873 loss: 93.5560 
episode: 65 count: 303 score: -135.6988 average_last200: -170.9239 epis: 0.4819 loss: 89.6777 
episode: 66 count: 214 score: -133.3363 average_last200: -170.3629 epis: 0.4766 loss: 64.5899 
episode: 67 count: 303 score: -51.3235 average_last200: -168.6123 epis: 0.4714 loss: 85.5428 
episode: 68 count: 464 score: -104.5894 average_last200: -167.6845 epis: 0.4662 loss: 131.0729 
episode: 69 count: 641 score: -133.0682 average_last200: -167.1900 epis: 0.4610 loss: 185.9514 
episode: 70 count: 282 score: -37.1534 average_last200: -165.3585 epis: 0.4560 loss: 81.9000 
episode: 71 count: 105 score: -65.7991 average_last200: -163.9757 epis: 0.4510 loss: 31.7706 
episode: 72 count: 994 score: -182.0836 average_last200: -164.2237 epis: 0.4460 loss: 288.5038 
episode: 73 count: 990 score: -157.4513 average_last200: -164.1322 epis: 0.4411 loss: 296.8912 
episode: 74 count: 272 score: -303.0558 average_last200: -165.9845 epis: 0.4362 loss: 90.9427 
episode: 75 count: 1000 score: -94.9636 average_last200: -165.0500 epis: 0.4314 loss: 332.1783 
episode: 76 count: 501 score: -99.5943 average_last200: -164.2000 epis: 0.4267 loss: 171.2905 
episode: 77 count: 731 score: -317.5863 average_last200: -166.1665 epis: 0.4220 loss: 244.4989 
episode: 78 count: 777 score: -81.9548 average_last200: -165.1005 epis: 0.4174 loss: 262.2913 
episode: 79 count: 1000 score: -106.1118 average_last200: -164.3631 epis: 0.4128 loss: 356.0019 
episode: 80 count: 1000 score: -104.7742 average_last200: -163.6275 epis: 0.4082 loss: 337.2570 
episode: 81 count: 243 score: -110.1890 average_last200: -162.9758 epis: 0.4037 loss: 79.6160 
episode: 82 count: 1000 score: -155.9437 average_last200: -162.8911 epis: 0.3993 loss: 313.9254 
episode: 83 count: 1000 score: -162.2846 average_last200: -162.8838 epis: 0.3949 loss: 321.4039 
episode: 84 count: 996 score: -248.1390 average_last200: -163.8868 epis: 0.3906 loss: 322.9558 
episode: 85 count: 160 score: -105.6260 average_last200: -163.2094 epis: 0.3863 loss: 53.0359 
episode: 86 count: 1000 score: -57.7893 average_last200: -161.9977 epis: 0.3820 loss: 320.2050 
episode: 87 count: 1000 score: -139.9146 average_last200: -161.7467 epis: 0.3778 loss: 338.0403 
episode: 88 count: 1000 score: -139.1679 average_last200: -161.4930 epis: 0.3737 loss: 340.2225 
episode: 89 count: 542 score: -237.0000 average_last200: -162.3320 epis: 0.3695 loss: 181.8543 
episode: 90 count: 176 score: -71.0392 average_last200: -161.3288 epis: 0.3655 loss: 55.7451 
episode: 91 count: 248 score: -6.5662 average_last200: -159.6466 epis: 0.3615 loss: 72.0223 
episode: 92 count: 1000 score: -152.5228 average_last200: -159.5700 epis: 0.3575 loss: 328.4492 
episode: 93 count: 1000 score: -150.0650 average_last200: -159.4689 epis: 0.3536 loss: 306.8102 
episode: 94 count: 1000 score: -95.4092 average_last200: -158.7945 epis: 0.3497 loss: 317.7126 
episode: 95 count: 583 score: -138.3091 average_last200: -158.5812 epis: 0.3458 loss: 196.9555 
episode: 96 count: 707 score: -284.9033 average_last200: -159.8834 epis: 0.3420 loss: 235.8230 
episode: 97 count: 285 score: -224.3091 average_last200: -160.5408 epis: 0.3382 loss: 92.4376 
episode: 98 count: 402 score: -265.5801 average_last200: -161.6018 epis: 0.3345 loss: 122.0182 
episode: 99 count: 146 score: -75.9029 average_last200: -160.7449 epis: 0.3308 loss: 48.7018 
episode: 100 count: 1000 score: -91.3822 average_last200: -160.0581 epis: 0.3272 loss: 346.8960 
episode: 101 count: 1000 score: -43.3694 average_last200: -158.9141 epis: 0.3236 loss: 339.8102 
episode: 102 count: 1000 score: -87.9801 average_last200: -158.2254 epis: 0.3201 loss: 366.2000 
episode: 103 count: 268 score: -80.5604 average_last200: -157.4786 epis: 0.3165 loss: 85.9552 
episode: 104 count: 1000 score: -55.9760 average_last200: -156.5119 epis: 0.3130 loss: 315.1918 
episode: 105 count: 1000 score: -90.6385 average_last200: -155.8905 epis: 0.3096 loss: 327.1354 
episode: 106 count: 1000 score: -83.0523 average_last200: -155.2098 epis: 0.3062 loss: 332.0321 
episode: 107 count: 1000 score: -65.6962 average_last200: -154.3809 epis: 0.3028 loss: 319.5020 
episode: 108 count: 1000 score: -47.4679 average_last200: -153.4001 epis: 0.2995 loss: 330.6750 
episode: 109 count: 1000 score: -39.2944 average_last200: -152.3628 epis: 0.2962 loss: 335.0531 
episode: 110 count: 1000 score: -19.6991 average_last200: -151.1676 epis: 0.2929 loss: 313.1696 
episode: 111 count: 1000 score: -89.0456 average_last200: -150.6129 epis: 0.2897 loss: 305.7576 
episode: 112 count: 1000 score: -75.8645 average_last200: -149.9514 epis: 0.2865 loss: 310.3694 
episode: 113 count: 1000 score: 1.0999 average_last200: -148.6264 epis: 0.2834 loss: 289.4089 
episode: 114 count: 1000 score: -42.6362 average_last200: -147.7048 epis: 0.2803 loss: 291.2365 
episode: 115 count: 1000 score: -61.7548 average_last200: -146.9638 epis: 0.2772 loss: 281.3051 
episode: 116 count: 1000 score: -20.5475 average_last200: -145.8833 epis: 0.2741 loss: 269.4695 
episode: 117 count: 1000 score: -59.1165 average_last200: -145.1480 epis: 0.2711 loss: 286.5060 
episode: 118 count: 1000 score: -84.7619 average_last200: -144.6406 epis: 0.2681 loss: 299.3229 
episode: 119 count: 1000 score: -29.9550 average_last200: -143.6849 epis: 0.2652 loss: 268.8504 
episode: 120 count: 1000 score: -12.8243 average_last200: -142.6034 epis: 0.2623 loss: 254.3187 
episode: 121 count: 1000 score: -57.9236 average_last200: -141.9093 epis: 0.2594 loss: 261.5303 
episode: 122 count: 1000 score: -63.8163 average_last200: -141.2744 epis: 0.2565 loss: 284.1057 
episode: 123 count: 1000 score: -54.0892 average_last200: -140.5713 epis: 0.2537 loss: 257.9280 
episode: 124 count: 1000 score: -47.6480 average_last200: -139.8279 epis: 0.2509 loss: 269.9656 
episode: 125 count: 1000 score: -37.4087 average_last200: -139.0150 epis: 0.2482 loss: 264.8982 
episode: 126 count: 1000 score: -26.9348 average_last200: -138.1325 epis: 0.2454 loss: 269.2434 
episode: 127 count: 1000 score: -42.3157 average_last200: -137.3839 epis: 0.2427 loss: 250.2022 
episode: 128 count: 1000 score: -26.8442 average_last200: -136.5271 epis: 0.2401 loss: 246.7959 
episode: 129 count: 1000 score: -47.7974 average_last200: -135.8445 epis: 0.2374 loss: 269.5450 
episode: 130 count: 1000 score: -33.9507 average_last200: -135.0667 epis: 0.2348 loss: 240.7318 
episode: 131 count: 1000 score: -32.0189 average_last200: -134.2860 epis: 0.2322 loss: 244.3970 
episode: 132 count: 1000 score: -38.5360 average_last200: -133.5661 epis: 0.2297 loss: 256.7220 
episode: 133 count: 1000 score: -34.8746 average_last200: -132.8296 epis: 0.2271 loss: 255.1252 
episode: 134 count: 1000 score: -40.4099 average_last200: -132.1450 epis: 0.2246 loss: 239.5794 
episode: 135 count: 1000 score: -49.6772 average_last200: -131.5386 epis: 0.2222 loss: 264.2181 
episode: 136 count: 1000 score: -41.5325 average_last200: -130.8817 epis: 0.2197 loss: 265.4703 
episode: 137 count: 1000 score: -82.4757 average_last200: -130.5309 epis: 0.2173 loss: 248.6804 
episode: 138 count: 1000 score: -49.2354 average_last200: -129.9460 epis: 0.2149 loss: 254.9234 
episode: 139 count: 1000 score: -57.9842 average_last200: -129.4320 epis: 0.2126 loss: 261.6184 
episode: 140 count: 1000 score: -48.6185 average_last200: -128.8589 epis: 0.2102 loss: 226.3661 
episode: 141 count: 1000 score: -98.3523 average_last200: -128.6440 epis: 0.2079 loss: 240.0675 
episode: 142 count: 1000 score: -50.1496 average_last200: -128.0951 epis: 0.2056 loss: 217.4687 
episode: 143 count: 1000 score: 39.6184 average_last200: -126.9304 epis: 0.2034 loss: 220.3607 
episode: 144 count: 122 score: -15.1040 average_last200: -126.1592 epis: 0.2011 loss: 31.4174 
episode: 145 count: 1000 score: 29.2436 average_last200: -125.0948 epis: 0.1989 loss: 246.3977 
episode: 146 count: 1000 score: -148.5369 average_last200: -125.2543 epis: 0.1967 loss: 208.3247 
episode: 147 count: 1000 score: -62.8711 average_last200: -124.8328 epis: 0.1946 loss: 220.3178 
episode: 148 count: 1000 score: -30.6392 average_last200: -124.2006 epis: 0.1924 loss: 220.5613 
episode: 149 count: 640 score: -225.2621 average_last200: -124.8744 epis: 0.1903 loss: 140.3249 
episode: 150 count: 1000 score: 38.5058 average_last200: -123.7924 epis: 0.1882 loss: 234.0296 
episode: 151 count: 943 score: 111.5785 average_last200: -122.2439 epis: 0.1861 loss: 226.7318 
episode: 152 count: 802 score: 154.4810 average_last200: -120.4352 epis: 0.1841 loss: 191.3091 
episode: 153 count: 1000 score: 65.9321 average_last200: -119.2250 epis: 0.1821 loss: 217.9545 
episode: 154 count: 1000 score: -96.7850 average_last200: -119.0803 epis: 0.1801 loss: 230.9898 
episode: 155 count: 1000 score: -13.3414 average_last200: -118.4025 epis: 0.1781 loss: 219.8264 
episode: 156 count: 860 score: 99.5263 average_last200: -117.0144 epis: 0.1761 loss: 197.4370 
episode: 157 count: 626 score: 185.0834 average_last200: -115.1024 epis: 0.1742 loss: 129.4580 
episode: 158 count: 1000 score: -19.5923 average_last200: -114.5017 epis: 0.1723 loss: 243.0943 
episode: 159 count: 1000 score: -36.2816 average_last200: -114.0128 epis: 0.1704 loss: 232.2863 
episode: 160 count: 652 score: 171.8973 average_last200: -112.2370 epis: 0.1685 loss: 153.0267 
episode: 161 count: 1000 score: 28.7292 average_last200: -111.3668 epis: 0.1666 loss: 209.6393 
episode: 162 count: 951 score: 133.2068 average_last200: -109.8663 epis: 0.1648 loss: 218.6488 
episode: 163 count: 1000 score: -16.2666 average_last200: -109.2956 epis: 0.1630 loss: 245.2998 
episode: 164 count: 907 score: 150.7419 average_last200: -107.7196 epis: 0.1612 loss: 206.0381 
episode: 165 count: 623 score: -257.5542 average_last200: -108.6222 epis: 0.1594 loss: 133.2878 
episode: 166 count: 1000 score: -35.4153 average_last200: -108.1839 epis: 0.1577 loss: 226.0135 
episode: 167 count: 635 score: 121.7173 average_last200: -106.8154 epis: 0.1559 loss: 148.3780 
episode: 168 count: 833 score: 108.5773 average_last200: -105.5409 epis: 0.1542 loss: 192.6414 
episode: 169 count: 746 score: 94.5585 average_last200: -104.3639 epis: 0.1525 loss: 171.3702 
episode: 170 count: 810 score: 107.8138 average_last200: -103.1230 epis: 0.1509 loss: 197.9159 
episode: 171 count: 565 score: 124.0947 average_last200: -101.8020 epis: 0.1492 loss: 130.6557 
episode: 172 count: 1000 score: 54.9578 average_last200: -100.8959 epis: 0.1476 loss: 220.1168 
episode: 173 count: 988 score: 69.1764 average_last200: -99.9185 epis: 0.1459 loss: 217.7786 
episode: 174 count: 557 score: 211.8356 average_last200: -98.1370 epis: 0.1443 loss: 123.7436 
episode: 175 count: 238 score: -187.2865 average_last200: -98.6435 epis: 0.1427 loss: 58.3375 
episode: 176 count: 1000 score: -8.3996 average_last200: -98.1337 epis: 0.1412 loss: 228.9394 
episode: 177 count: 1000 score: -23.6879 average_last200: -97.7155 epis: 0.1396 loss: 200.5590 
episode: 178 count: 809 score: 104.6253 average_last200: -96.5851 epis: 0.1381 loss: 170.4109 
episode: 179 count: 663 score: 127.7273 average_last200: -95.3389 epis: 0.1366 loss: 136.5837 
episode: 180 count: 741 score: 141.1876 average_last200: -94.0321 epis: 0.1351 loss: 149.3655 
episode: 181 count: 94 score: -34.9738 average_last200: -93.7076 epis: 0.1336 loss: 17.4585 
episode: 182 count: 1000 score: -50.2246 average_last200: -93.4700 epis: 0.1321 loss: 194.6622 
episode: 183 count: 1000 score: 17.3024 average_last200: -92.8680 epis: 0.1307 loss: 205.0359 
episode: 184 count: 899 score: 62.3892 average_last200: -92.0287 epis: 0.1292 loss: 167.9378 
episode: 185 count: 846 score: 87.9660 average_last200: -91.0610 epis: 0.1278 loss: 156.5079 
episode: 186 count: 535 score: 183.9602 average_last200: -89.5903 epis: 0.1264 loss: 104.3668 
episode: 187 count: 628 score: 113.5154 average_last200: -88.5100 epis: 0.1250 loss: 122.4547 
episode: 188 count: 731 score: 123.8765 average_last200: -87.3862 epis: 0.1236 loss: 130.6067 
episode: 189 count: 744 score: 89.7050 average_last200: -86.4542 epis: 0.1223 loss: 126.8062 
episode: 190 count: 723 score: 196.3809 average_last200: -84.9734 epis: 0.1209 loss: 129.4559 
episode: 191 count: 797 score: 160.2906 average_last200: -83.6959 epis: 0.1196 loss: 140.4772 
episode: 192 count: 989 score: 70.0060 average_last200: -82.8996 epis: 0.1183 loss: 175.4129 
episode: 193 count: 979 score: 53.8751 average_last200: -82.1945 epis: 0.1170 loss: 179.2277 
episode: 194 count: 827 score: 107.9281 average_last200: -81.2196 epis: 0.1157 loss: 161.2884 
episode: 195 count: 792 score: 125.8128 average_last200: -80.1633 epis: 0.1144 loss: 144.7495 
episode: 196 count: 1000 score: 25.6136 average_last200: -79.6263 epis: 0.1132 loss: 174.1786 
episode: 197 count: 1000 score: -42.9061 average_last200: -79.4409 epis: 0.1119 loss: 173.5501 
episode: 198 count: 1000 score: 85.5304 average_last200: -78.6119 epis: 0.1107 loss: 173.4318 
episode: 199 count: 550 score: 167.3715 average_last200: -77.3820 epis: 0.1095 loss: 100.6939 
episode: 200 count: 653 score: 234.1952 average_last200: -75.2022 epis: 0.1083 loss: 108.3695 
episode: 201 count: 675 score: 140.9455 average_last200: -73.6640 epis: 0.1071 loss: 117.6934 
episode: 202 count: 829 score: 124.8176 average_last200: -72.3352 epis: 0.1059 loss: 142.6837 
episode: 203 count: 1000 score: 21.8296 average_last200: -71.4663 epis: 0.1047 loss: 167.6192 
episode: 204 count: 647 score: 214.0208 average_last200: -68.8710 epis: 0.1036 loss: 109.0420 
episode: 205 count: 937 score: 106.8326 average_last200: -67.1518 epis: 0.1024 loss: 167.3406 
episode: 206 count: 1000 score: -61.2760 average_last200: -66.4799 epis: 0.1013 loss: 169.3857 
episode: 207 count: 1000 score: -49.8440 average_last200: -66.1102 epis: 0.1002 loss: 172.9547 
episode: 208 count: 973 score: 106.4934 average_last200: -64.8164 epis: 0.0991 loss: 165.6368 
episode: 209 count: 520 score: 136.8577 average_last200: -61.6622 epis: 0.0980 loss: 83.1886 
episode: 210 count: 341 score: 228.1180 average_last200: -59.7666 epis: 0.0969 loss: 61.5864 
episode: 211 count: 820 score: 141.7434 average_last200: -56.8710 epis: 0.0959 loss: 133.1702 
episode: 212 count: 368 score: 211.9948 average_last200: -55.0353 epis: 0.0948 loss: 55.7014 
episode: 213 count: 338 score: 189.4025 average_last200: -52.7117 epis: 0.0938 loss: 54.6828 
episode: 214 count: 334 score: 203.2265 average_last200: -50.7477 epis: 0.0927 loss: 56.6553 
episode: 215 count: 509 score: 157.6295 average_last200: -48.9364 epis: 0.0917 loss: 78.2712 
episode: 216 count: 786 score: 171.8987 average_last200: -47.1166 epis: 0.0907 loss: 132.0764 
episode: 217 count: 160 score: -211.0696 average_last200: -46.9991 epis: 0.0897 loss: 23.8709 
episode: 218 count: 185 score: -155.2075 average_last200: -46.7611 epis: 0.0887 loss: 27.4976 
episode: 219 count: 160 score: -143.0270 average_last200: -46.7533 epis: 0.0877 loss: 27.9890 
episode: 220 count: 395 score: 212.4164 average_last200: -44.4141 epis: 0.0868 loss: 59.3091 
episode: 221 count: 563 score: 142.0944 average_last200: -42.7338 epis: 0.0858 loss: 87.8888 
episode: 222 count: 395 score: 168.1041 average_last200: -41.1179 epis: 0.0849 loss: 61.8650 
episode: 223 count: 439 score: 201.4160 average_last200: -38.0450 epis: 0.0839 loss: 67.4537 
episode: 224 count: 440 score: 174.4163 average_last200: -35.9075 epis: 0.0830 loss: 75.3532 
episode: 225 count: 254 score: 206.0311 average_last200: -34.0842 epis: 0.0821 loss: 39.6211 
episode: 226 count: 175 score: -142.7139 average_last200: -33.8487 epis: 0.0812 loss: 24.4251 
episode: 227 count: 334 score: 194.9779 average_last200: -31.9173 epis: 0.0803 loss: 54.6453 
episode: 228 count: 331 score: 178.1891 average_last200: -29.9527 epis: 0.0794 loss: 50.4816 
episode: 229 count: 373 score: 201.4455 average_last200: -28.0534 epis: 0.0786 loss: 64.6620 
episode: 230 count: 334 score: 193.6401 average_last200: -25.5470 epis: 0.0777 loss: 54.1444 
episode: 231 count: 519 score: 175.0043 average_last200: -24.2981 epis: 0.0768 loss: 76.3176 
episode: 232 count: 413 score: 177.3072 average_last200: -22.4051 epis: 0.0760 loss: 63.8565 
episode: 233 count: 795 score: 148.6409 average_last200: -20.9930 epis: 0.0752 loss: 121.8089 
episode: 234 count: 258 score: 208.5688 average_last200: -19.5748 epis: 0.0743 loss: 42.1926 
episode: 235 count: 394 score: 190.8042 average_last200: -17.2669 epis: 0.0735 loss: 61.8492 
episode: 236 count: 470 score: 186.6308 average_last200: -16.1840 epis: 0.0727 loss: 78.0339 
episode: 237 count: 260 score: 238.4004 average_last200: -14.3572 epis: 0.0719 loss: 42.8739 
episode: 238 count: 413 score: 166.6637 average_last200: -12.8189 epis: 0.0711 loss: 65.4397 
episode: 239 count: 524 score: 181.6550 average_last200: -11.4221 epis: 0.0703 loss: 82.8744 
episode: 240 count: 633 score: 157.6330 average_last200: -9.7014 epis: 0.0696 loss: 104.9447 
episode: 241 count: 574 score: 178.8213 average_last200: -8.3459 epis: 0.0688 loss: 90.7479 
episode: 242 count: 1000 score: 62.7442 average_last200: -7.2878 epis: 0.0680 loss: 154.3117 
episode: 243 count: 438 score: 172.9535 average_last200: -5.5174 epis: 0.0673 loss: 73.1271 
episode: 244 count: 397 score: 214.6030 average_last200: -3.6887 epis: 0.0665 loss: 62.1910 
episode: 245 count: 304 score: 256.1879 average_last200: -2.0871 epis: 0.0658 loss: 53.0966 
episode: 246 count: 247 score: -37.6049 average_last200: -2.0632 epis: 0.0651 loss: 34.1617 
episode: 247 count: 629 score: 183.0713 average_last200: -0.5195 epis: 0.0644 loss: 107.2608 
episode: 248 count: 674 score: 111.4292 average_last200: 1.4382 epis: 0.0637 loss: 112.2030 
episode: 249 count: 410 score: 165.0356 average_last200: 2.4316 epis: 0.0630 loss: 72.8085 
episode: 250 count: 587 score: 184.3603 average_last200: 4.4298 epis: 0.0623 loss: 90.3249 
episode: 251 count: 383 score: 160.5226 average_last200: 5.9344 epis: 0.0616 loss: 60.1315 
episode: 252 count: 288 score: 250.3232 average_last200: 8.2815 epis: 0.0609 loss: 50.0600 
episode: 253 count: 710 score: 112.0960 average_last200: 9.4376 epis: 0.0602 loss: 118.2138 
episode: 254 count: 575 score: 169.8141 average_last200: 10.6836 epis: 0.0596 loss: 94.9511 
episode: 255 count: 1000 score: 12.8669 average_last200: 11.3183 epis: 0.0589 loss: 177.1266 
episode: 256 count: 587 score: 177.7086 average_last200: 12.7239 epis: 0.0583 loss: 93.0299 
episode: 257 count: 1000 score: -56.2367 average_last200: 13.0763 epis: 0.0576 loss: 165.1480 
episode: 258 count: 1000 score: -45.4746 average_last200: 13.6790 epis: 0.0570 loss: 158.4198 
episode: 259 count: 813 score: 96.6584 average_last200: 14.5474 epis: 0.0564 loss: 125.8781 
episode: 260 count: 870 score: 128.4337 average_last200: 15.7512 epis: 0.0557 loss: 131.5348 
episode: 261 count: 364 score: 203.2132 average_last200: 17.3005 epis: 0.0551 loss: 58.4457 
episode: 262 count: 889 score: 77.3251 average_last200: 17.9813 epis: 0.0545 loss: 141.5140 
episode: 263 count: 1000 score: -70.1409 average_last200: 18.0391 epis: 0.0539 loss: 163.8806 
episode: 264 count: 597 score: 143.6297 average_last200: 19.2607 epis: 0.0533 loss: 90.4766 
episode: 265 count: 767 score: 162.8089 average_last200: 20.7532 epis: 0.0527 loss: 125.0096 
episode: 266 count: 757 score: 136.1089 average_last200: 22.1005 epis: 0.0522 loss: 106.4371 
episode: 267 count: 758 score: 137.9557 average_last200: 23.0468 epis: 0.0516 loss: 120.9844 
episode: 268 count: 1000 score: -28.0168 average_last200: 23.4297 epis: 0.0510 loss: 155.3860 
episode: 269 count: 271 score: 247.9133 average_last200: 25.3346 epis: 0.0505 loss: 42.8633 
episode: 270 count: 1000 score: -79.0456 average_last200: 25.1252 epis: 0.0499 loss: 149.6633 
episode: 271 count: 503 score: 160.3656 average_last200: 26.2560 epis: 0.0494 loss: 76.9323 
episode: 272 count: 665 score: 142.1217 average_last200: 27.8770 epis: 0.0488 loss: 108.2630 
episode: 273 count: 799 score: 140.7914 average_last200: 29.3682 epis: 0.0483 loss: 121.0751 
episode: 274 count: 629 score: 162.9933 average_last200: 31.6985 epis: 0.0478 loss: 104.8960 
episode: 275 count: 1000 score: -52.1937 average_last200: 31.9123 epis: 0.0472 loss: 164.2791 
episode: 276 count: 821 score: 93.2559 average_last200: 32.8766 epis: 0.0467 loss: 137.2274 
episode: 277 count: 788 score: 107.3091 average_last200: 35.0010 epis: 0.0462 loss: 127.5290 
episode: 278 count: 1000 score: -62.8700 average_last200: 35.0965 epis: 0.0457 loss: 148.1929 
episode: 279 count: 752 score: 130.1750 average_last200: 36.2779 epis: 0.0452 loss: 113.3344 
episode: 280 count: 342 score: 204.5331 average_last200: 37.8244 epis: 0.0447 loss: 50.3005 
episode: 281 count: 298 score: 260.3474 average_last200: 39.6771 epis: 0.0442 loss: 41.3235 
episode: 282 count: 500 score: 185.1165 average_last200: 41.3824 epis: 0.0437 loss: 81.8714 
episode: 283 count: 344 score: 220.8216 average_last200: 43.2980 epis: 0.0432 loss: 52.9771 
episode: 284 count: 371 score: 211.9951 average_last200: 45.5986 epis: 0.0428 loss: 58.1244 
episode: 285 count: 252 score: 226.0588 average_last200: 47.2570 epis: 0.0423 loss: 42.1381 
episode: 286 count: 499 score: 198.1006 average_last200: 48.5365 epis: 0.0418 loss: 80.5558 
episode: 287 count: 576 score: 191.0936 average_last200: 50.1915 epis: 0.0414 loss: 81.5102 
episode: 288 count: 442 score: 147.5784 average_last200: 51.6253 epis: 0.0409 loss: 71.9701 
episode: 289 count: 342 score: -316.7503 average_last200: 51.2265 epis: 0.0405 loss: 51.6348 
episode: 290 count: 537 score: 182.9463 average_last200: 52.4964 epis: 0.0400 loss: 85.2660 
episode: 291 count: 405 score: 212.3492 average_last200: 53.5910 epis: 0.0396 loss: 64.8634 
episode: 292 count: 234 score: -23.2232 average_last200: 54.2375 epis: 0.0391 loss: 42.2435 
episode: 293 count: 216 score: -31.3357 average_last200: 54.8312 epis: 0.0387 loss: 35.6934 
episode: 294 count: 402 score: 200.5378 average_last200: 56.3109 epis: 0.0383 loss: 63.9761 
episode: 295 count: 420 score: 198.8832 average_last200: 57.9969 epis: 0.0379 loss: 75.9581 
episode: 296 count: 361 score: 222.1692 average_last200: 60.5322 epis: 0.0374 loss: 54.1178 
episode: 297 count: 440 score: 186.4425 average_last200: 62.5860 epis: 0.0370 loss: 63.9726 
episode: 298 count: 273 score: 221.7859 average_last200: 65.0228 epis: 0.0366 loss: 41.5119 
episode: 299 count: 197 score: -4.2850 average_last200: 65.3809 epis: 0.0362 loss: 33.4205 
episode: 300 count: 272 score: 208.4766 average_last200: 66.8802 epis: 0.0358 loss: 39.9906 
episode: 301 count: 235 score: 249.9950 average_last200: 68.3470 epis: 0.0354 loss: 34.8266 
episode: 302 count: 363 score: 206.6078 average_last200: 69.8200 epis: 0.0350 loss: 58.5580 
episode: 303 count: 276 score: 206.6207 average_last200: 71.2559 epis: 0.0346 loss: 43.5416 
episode: 304 count: 449 score: 185.3815 average_last200: 72.4627 epis: 0.0343 loss: 67.7539 
episode: 305 count: 404 score: 217.5994 average_last200: 74.0038 epis: 0.0339 loss: 62.2332 
episode: 306 count: 94 score: 5.6573 average_last200: 74.4474 epis: 0.0335 loss: 15.8706 
episode: 307 count: 404 score: 176.5515 average_last200: 75.6586 epis: 0.0331 loss: 60.1024 
episode: 308 count: 316 score: -83.8507 average_last200: 75.4767 epis: 0.0328 loss: 52.7614 
episode: 309 count: 308 score: -65.9894 average_last200: 75.3432 epis: 0.0324 loss: 44.7501 
episode: 310 count: 426 score: 199.4686 average_last200: 76.4391 epis: 0.0321 loss: 73.1425 
episode: 311 count: 177 score: 210.5936 average_last200: 77.9373 epis: 0.0317 loss: 32.0169 
episode: 312 count: 218 score: 196.9415 average_last200: 79.3013 epis: 0.0314 loss: 34.6333 
episode: 313 count: 413 score: 202.1988 average_last200: 80.3068 epis: 0.0310 loss: 62.1532 
episode: 314 count: 338 score: -84.4765 average_last200: 80.0976 epis: 0.0307 loss: 55.1602 
episode: 315 count: 396 score: 154.9595 average_last200: 81.1812 epis: 0.0303 loss: 61.0731 
episode: 316 count: 679 score: 119.9383 average_last200: 81.8836 epis: 0.0300 loss: 115.1695 
episode: 317 count: 263 score: 226.1220 average_last200: 83.3098 epis: 0.0297 loss: 41.7331 
episode: 318 count: 418 score: 207.1352 average_last200: 84.7693 epis: 0.0294 loss: 69.4521 
episode: 319 count: 422 score: 188.8748 average_last200: 85.8634 epis: 0.0290 loss: 64.7858 
episode: 320 count: 498 score: 201.2600 average_last200: 86.9339 epis: 0.0287 loss: 79.7969 
episode: 321 count: 308 score: 207.0088 average_last200: 88.2585 epis: 0.0284 loss: 46.5099 
episode: 322 count: 285 score: 217.6795 average_last200: 89.6660 epis: 0.0281 loss: 50.9120 
episode: 323 count: 408 score: 201.1897 average_last200: 90.9424 epis: 0.0278 loss: 58.9336 
episode: 324 count: 379 score: 199.6059 average_last200: 92.1787 epis: 0.0275 loss: 62.7156 
episode: 325 count: 263 score: -25.3265 average_last200: 92.2391 epis: 0.0272 loss: 45.2929 
episode: 326 count: 442 score: 228.2293 average_last200: 93.5149 epis: 0.0269 loss: 65.5167 
episode: 327 count: 832 score: 96.4263 average_last200: 94.2086 epis: 0.0266 loss: 136.6579 
episode: 328 count: 224 score: 230.9118 average_last200: 95.4974 epis: 0.0263 loss: 36.5218 
episode: 329 count: 1000 score: -49.8659 average_last200: 95.4870 epis: 0.0260 loss: 163.8602 
episode: 330 count: 1000 score: -56.1501 average_last200: 95.3760 epis: 0.0257 loss: 160.1824 
episode: 331 count: 375 score: 227.8280 average_last200: 96.6753 epis: 0.0254 loss: 52.6985 
episode: 332 count: 300 score: 251.8750 average_last200: 98.1273 epis: 0.0251 loss: 57.1762 
episode: 333 count: 1000 score: -93.6080 average_last200: 97.8337 epis: 0.0249 loss: 155.6750 
episode: 334 count: 575 score: 118.6166 average_last200: 98.6288 epis: 0.0246 loss: 87.2461 
episode: 335 count: 887 score: 124.4244 average_last200: 99.4993 epis: 0.0243 loss: 125.5587 
episode: 336 count: 218 score: 230.5517 average_last200: 100.8597 epis: 0.0241 loss: 32.4764 
episode: 337 count: 453 score: 164.3201 average_last200: 102.0937 epis: 0.0238 loss: 64.0566 
episode: 338 count: 207 score: -3.4376 average_last200: 102.3227 epis: 0.0235 loss: 34.7130 
episode: 339 count: 216 score: 217.7538 average_last200: 103.7014 epis: 0.0233 loss: 31.5430 
episode: 340 count: 197 score: -12.3613 average_last200: 103.8827 epis: 0.0230 loss: 33.0646 
episode: 341 count: 274 score: 182.5350 average_last200: 105.2871 epis: 0.0228 loss: 47.1869 
episode: 342 count: 243 score: -9.3914 average_last200: 105.4909 epis: 0.0225 loss: 35.6872 
episode: 343 count: 328 score: 219.0033 average_last200: 106.3878 epis: 0.0223 loss: 51.4239 
episode: 344 count: 275 score: 232.6243 average_last200: 107.6265 epis: 0.0220 loss: 41.2386 
episode: 345 count: 183 score: -7.7065 average_last200: 107.4417 epis: 0.0218 loss: 24.1753 
episode: 346 count: 196 score: 4.8342 average_last200: 108.2086 epis: 0.0215 loss: 27.3318 
episode: 347 count: 248 score: 198.8490 average_last200: 109.5172 epis: 0.0213 loss: 45.3292 
episode: 348 count: 179 score: 12.5538 average_last200: 109.7331 epis: 0.0211 loss: 28.0675 
episode: 349 count: 221 score: 235.0247 average_last200: 112.0346 epis: 0.0208 loss: 36.3729 
episode: 350 count: 257 score: 228.8128 average_last200: 112.9861 epis: 0.0206 loss: 37.8793 
episode: 351 count: 387 score: -51.8454 average_last200: 112.1690 epis: 0.0204 loss: 64.6030 
episode: 352 count: 175 score: 4.2224 average_last200: 111.4177 epis: 0.0202 loss: 26.8330 
episode: 353 count: 313 score: 188.8215 average_last200: 112.0321 epis: 0.0199 loss: 50.1344 
episode: 354 count: 291 score: 199.7723 average_last200: 113.5149 epis: 0.0197 loss: 43.9492 
episode: 355 count: 470 score: 205.3104 average_last200: 114.6082 epis: 0.0195 loss: 73.8759 
episode: 356 count: 244 score: 235.4888 average_last200: 115.2880 epis: 0.0193 loss: 38.6343 
episode: 357 count: 181 score: 6.6651 average_last200: 114.3959 epis: 0.0191 loss: 31.8197 
episode: 358 count: 378 score: 237.0901 average_last200: 115.6793 epis: 0.0189 loss: 52.8563 
episode: 359 count: 350 score: 212.8629 average_last200: 116.9250 epis: 0.0186 loss: 43.2981 
episode: 360 count: 541 score: 176.2415 average_last200: 116.9468 epis: 0.0184 loss: 86.9602 
episode: 361 count: 133 score: -44.2879 average_last200: 116.5817 epis: 0.0182 loss: 18.1188 
episode: 362 count: 426 score: 211.1400 average_last200: 116.9713 epis: 0.0180 loss: 72.3722 
episode: 363 count: 184 score: -19.9921 average_last200: 116.9527 epis: 0.0178 loss: 22.0281 
episode: 364 count: 383 score: 168.3965 average_last200: 117.0410 epis: 0.0176 loss: 52.8801 
episode: 365 count: 383 score: 191.1654 average_last200: 119.2846 epis: 0.0175 loss: 49.6187 
episode: 366 count: 394 score: 193.5502 average_last200: 120.4294 epis: 0.0173 loss: 62.6529 
episode: 367 count: 224 score: 224.2721 average_last200: 120.9422 epis: 0.0171 loss: 36.1855 
episode: 368 count: 209 score: -31.4493 average_last200: 120.2420 epis: 0.0169 loss: 39.9906 
episode: 369 count: 188 score: -2.0314 average_last200: 119.7591 epis: 0.0167 loss: 29.1641 
episode: 370 count: 234 score: 195.8404 average_last200: 120.1992 epis: 0.0165 loss: 36.8709 
episode: 371 count: 181 score: 3.6701 average_last200: 119.5971 epis: 0.0163 loss: 31.1488 
episode: 372 count: 416 score: 205.8381 average_last200: 120.3515 epis: 0.0162 loss: 64.6344 
episode: 373 count: 185 score: 213.4153 average_last200: 121.0727 epis: 0.0160 loss: 22.4163 
episode: 374 count: 359 score: 251.6864 average_last200: 121.2720 epis: 0.0158 loss: 54.6647 
episode: 375 count: 329 score: 199.1352 average_last200: 123.2041 epis: 0.0156 loss: 51.1082 
episode: 376 count: 305 score: -55.8322 average_last200: 122.9669 epis: 0.0155 loss: 42.6847 
episode: 377 count: 643 score: 193.3953 average_last200: 124.0523 epis: 0.0153 loss: 89.8717 
episode: 378 count: 190 score: 3.7588 average_last200: 123.5480 epis: 0.0151 loss: 30.6913 
episode: 379 count: 205 score: -7.1905 average_last200: 122.8734 epis: 0.0149 loss: 29.1504 
episode: 380 count: 298 score: 206.1831 average_last200: 123.1984 epis: 0.0148 loss: 51.3799 
episode: 381 count: 315 score: 180.9338 average_last200: 124.2779 epis: 0.0146 loss: 51.9026 
episode: 382 count: 254 score: 237.3297 average_last200: 125.7157 epis: 0.0145 loss: 36.8853 
episode: 383 count: 374 score: 219.2048 average_last200: 126.7252 epis: 0.0143 loss: 58.2810 
episode: 384 count: 178 score: 7.9037 average_last200: 126.4528 epis: 0.0141 loss: 27.7222 
episode: 385 count: 173 score: -30.5401 average_last200: 125.8602 epis: 0.0140 loss: 32.1993 
episode: 386 count: 141 score: 18.3236 average_last200: 125.0321 epis: 0.0138 loss: 20.1092 
episode: 387 count: 167 score: -29.2210 average_last200: 124.3184 epis: 0.0137 loss: 25.7299 
episode: 388 count: 167 score: -15.3966 average_last200: 123.6220 epis: 0.0135 loss: 25.2168 
episode: 389 count: 411 score: 198.6357 average_last200: 124.1667 epis: 0.0134 loss: 69.4281 
episode: 390 count: 557 score: 212.0271 average_last200: 124.2449 epis: 0.0132 loss: 80.2870 
episode: 391 count: 232 score: 208.0336 average_last200: 124.4836 epis: 0.0131 loss: 37.4489 
episode: 392 count: 514 score: 233.1307 average_last200: 125.2992 epis: 0.0129 loss: 75.2432 
episode: 393 count: 324 score: 196.5272 average_last200: 126.0125 epis: 0.0128 loss: 50.5816 
episode: 394 count: 229 score: 232.3626 average_last200: 126.6347 epis: 0.0127 loss: 40.8929 
episode: 395 count: 256 score: 195.9676 average_last200: 126.9854 epis: 0.0125 loss: 42.9469 
episode: 396 count: 456 score: 182.7479 average_last200: 127.7711 epis: 0.0124 loss: 67.8855 
episode: 397 count: 173 score: 7.2063 average_last200: 128.0217 epis: 0.0122 loss: 32.7382 
episode: 398 count: 340 score: 178.0978 average_last200: 128.4845 epis: 0.0121 loss: 53.7497 
episode: 399 count: 876 score: 118.4926 average_last200: 128.2401 epis: 0.0120 loss: 133.4306 
episode: 400 count: 306 score: 189.8229 average_last200: 128.0183 epis: 0.0118 loss: 46.4888 
episode: 401 count: 285 score: -24.1991 average_last200: 127.1925 epis: 0.0117 loss: 43.2710 
episode: 402 count: 743 score: 179.6473 average_last200: 127.4667 epis: 0.0116 loss: 117.5607 
episode: 403 count: 319 score: 210.2720 average_last200: 128.4089 epis: 0.0115 loss: 43.8436 
episode: 404 count: 234 score: 220.8602 average_last200: 128.4431 epis: 0.0113 loss: 39.3239 
episode: 405 count: 86 score: -10.1192 average_last200: 127.8583 epis: 0.0112 loss: 11.0824 
episode: 406 count: 176 score: -1.9274 average_last200: 128.1551 epis: 0.0111 loss: 24.5514 
episode: 407 count: 288 score: 250.3367 average_last200: 129.6560 epis: 0.0110 loss: 46.4831 
episode: 408 count: 233 score: -96.2915 average_last200: 128.6420 epis: 0.0108 loss: 36.3336 
episode: 409 count: 186 score: -35.5790 average_last200: 127.7799 epis: 0.0107 loss: 30.5499 
episode: 410 count: 158 score: 245.1172 average_last200: 127.8649 epis: 0.0106 loss: 25.0438 
episode: 411 count: 154 score: 2.8841 average_last200: 127.1706 epis: 0.0105 loss: 20.2328 
episode: 412 count: 373 score: 244.4574 average_last200: 127.3329 epis: 0.0104 loss: 55.6699 
episode: 413 count: 266 score: 222.4251 average_last200: 127.4980 epis: 0.0103 loss: 34.3893 
episode: 414 count: 99 score: -26.2136 average_last200: 126.3508 epis: 0.0101 loss: 16.0551 
episode: 415 count: 185 score: -36.6855 average_last200: 125.3792 epis: 0.0100 loss: 24.7650 
episode: 416 count: 172 score: -7.2014 average_last200: 124.4837 epis: 0.0099 loss: 30.5057 
episode: 417 count: 205 score: 233.3089 average_last200: 126.7056 epis: 0.0098 loss: 29.5550 
episode: 418 count: 273 score: -6.3148 average_last200: 127.4501 epis: 0.0097 loss: 35.1297 
episode: 419 count: 115 score: -7.4613 average_last200: 128.1279 epis: 0.0096 loss: 18.5663 
episode: 420 count: 399 score: 165.2523 average_last200: 127.8921 epis: 0.0095 loss: 53.3118 
episode: 421 count: 215 score: -12.8551 average_last200: 127.1173 epis: 0.0094 loss: 32.7975 
episode: 422 count: 175 score: 208.1498 average_last200: 127.3176 epis: 0.0093 loss: 24.5681 
episode: 423 count: 170 score: -21.5176 average_last200: 126.2029 epis: 0.0092 loss: 28.3220 
episode: 424 count: 221 score: 15.3764 average_last200: 125.4077 epis: 0.0091 loss: 33.4484 
episode: 425 count: 166 score: 6.0274 average_last200: 124.4077 epis: 0.0090 loss: 24.5430 
episode: 426 count: 315 score: 194.7208 average_last200: 126.0948 epis: 0.0089 loss: 55.1155 
episode: 427 count: 184 score: -12.2610 average_last200: 125.0587 epis: 0.0088 loss: 22.4978 
episode: 428 count: 480 score: 244.5397 average_last200: 125.3904 epis: 0.0087 loss: 71.0004 
episode: 429 count: 183 score: -14.5687 average_last200: 124.3103 epis: 0.0086 loss: 28.0105 
episode: 430 count: 196 score: -26.9483 average_last200: 123.2074 epis: 0.0085 loss: 30.9983 
episode: 431 count: 186 score: -2.7479 average_last200: 122.3186 epis: 0.0084 loss: 28.0380 
episode: 432 count: 297 score: 214.8030 average_last200: 122.5061 epis: 0.0083 loss: 51.6629 
episode: 433 count: 300 score: 188.6066 average_last200: 122.7059 epis: 0.0082 loss: 45.0990 
episode: 434 count: 173 score: -35.0815 average_last200: 121.4877 epis: 0.0081 loss: 29.2744 
episode: 435 count: 209 score: 6.4710 average_last200: 120.5660 epis: 0.0080 loss: 30.7549 
episode: 436 count: 483 score: 190.4071 average_last200: 120.5849 epis: 0.0080 loss: 72.0278 
episode: 437 count: 194 score: -4.0075 average_last200: 119.3729 epis: 0.0079 loss: 27.5092 
episode: 438 count: 404 score: 170.4380 average_last200: 119.3917 epis: 0.0078 loss: 71.6685 
episode: 439 count: 523 score: 175.4669 average_last200: 119.3608 epis: 0.0077 loss: 77.8087 
episode: 440 count: 194 score: 2.7235 average_last200: 118.5862 epis: 0.0076 loss: 36.6058 
episode: 441 count: 182 score: 3.3411 average_last200: 117.7088 epis: 0.0075 loss: 22.5316 
episode: 442 count: 489 score: 206.3889 average_last200: 118.4271 epis: 0.0074 loss: 77.9483 
episode: 443 count: 153 score: -0.0009 average_last200: 117.5623 epis: 0.0074 loss: 22.0791 
episode: 444 count: 312 score: 195.5609 average_last200: 117.4671 epis: 0.0073 loss: 56.4865 
episode: 445 count: 224 score: -18.5263 average_last200: 116.0935 epis: 0.0072 loss: 42.1416 
episode: 446 count: 703 score: 233.9385 average_last200: 117.4512 epis: 0.0071 loss: 108.8450 
episode: 447 count: 314 score: -16.2420 average_last200: 116.4547 epis: 0.0070 loss: 49.0247 
episode: 448 count: 433 score: 226.8309 average_last200: 117.0317 epis: 0.0070 loss: 68.0751 
episode: 449 count: 242 score: 202.4309 average_last200: 117.2187 epis: 0.0069 loss: 38.8573 
episode: 450 count: 167 score: -6.8167 average_last200: 116.2628 epis: 0.0068 loss: 23.2264 
episode: 451 count: 229 score: 241.5493 average_last200: 116.6679 epis: 0.0067 loss: 38.1151 
episode: 452 count: 270 score: -41.8990 average_last200: 115.2068 epis: 0.0067 loss: 43.7914 
episode: 453 count: 235 score: 208.7730 average_last200: 115.6902 epis: 0.0066 loss: 32.3507 
episode: 454 count: 223 score: 21.5233 average_last200: 114.9487 epis: 0.0065 loss: 34.6674 
episode: 455 count: 259 score: 210.1814 average_last200: 115.9353 epis: 0.0064 loss: 39.6006 
episode: 456 count: 225 score: 217.3111 average_last200: 116.1333 epis: 0.0064 loss: 32.3507 
episode: 457 count: 209 score: 209.1872 average_last200: 117.4604 epis: 0.0063 loss: 30.9910 
episode: 458 count: 258 score: 206.2894 average_last200: 118.7192 epis: 0.0062 loss: 35.9477 
episode: 459 count: 199 score: -17.5543 average_last200: 118.1482 epis: 0.0062 loss: 36.0859 
episode: 460 count: 445 score: 196.9835 average_last200: 118.4909 epis: 0.0061 loss: 76.4278 
episode: 461 count: 301 score: 183.3934 average_last200: 118.3918 epis: 0.0060 loss: 47.4387 
episode: 462 count: 286 score: 231.7280 average_last200: 119.1638 epis: 0.0060 loss: 49.6060 
episode: 463 count: 1000 score: -78.0534 average_last200: 119.1243 epis: 0.0059 loss: 169.9606 
episode: 464 count: 390 score: 202.2184 average_last200: 119.4172 epis: 0.0058 loss: 58.9657 
episode: 465 count: 214 score: 225.5329 average_last200: 119.7308 epis: 0.0058 loss: 37.7621 
episode: 466 count: 418 score: 159.0912 average_last200: 119.8458 epis: 0.0057 loss: 72.0153 
episode: 467 count: 756 score: 124.4811 average_last200: 119.7784 epis: 0.0056 loss: 128.9931 
episode: 468 count: 243 score: 215.8082 average_last200: 120.9975 epis: 0.0056 loss: 49.0050 
episode: 469 count: 171 score: -7.6634 average_last200: 119.7196 epis: 0.0055 loss: 24.7304 
episode: 470 count: 533 score: 126.8135 average_last200: 120.7489 epis: 0.0055 loss: 88.2532 
episode: 471 count: 195 score: -4.2723 average_last200: 119.9257 epis: 0.0054 loss: 26.9572 
episode: 472 count: 1000 score: -82.3289 average_last200: 118.8035 epis: 0.0053 loss: 170.9911 
episode: 473 count: 1000 score: -96.6437 average_last200: 117.6163 epis: 0.0053 loss: 173.3114 
episode: 474 count: 318 score: 212.7828 average_last200: 117.8652 epis: 0.0052 loss: 56.8489 
episode: 475 count: 322 score: 202.6071 average_last200: 119.1393 epis: 0.0052 loss: 53.9391 
episode: 476 count: 232 score: 233.3854 average_last200: 119.8399 epis: 0.0051 loss: 34.4145 
episode: 477 count: 172 score: 5.5244 average_last200: 119.3310 epis: 0.0051 loss: 31.7689 
episode: 478 count: 478 score: 204.4665 average_last200: 120.6677 epis: 0.0050 loss: 66.7102 
episode: 479 count: 187 score: -1.2538 average_last200: 120.0105 epis: 0.0049 loss: 36.6602 
episode: 480 count: 258 score: 204.6632 average_last200: 120.0112 epis: 0.0049 loss: 33.6958 
episode: 481 count: 191 score: 247.6805 average_last200: 119.9478 epis: 0.0048 loss: 32.7056 
episode: 482 count: 378 score: 216.8599 average_last200: 120.1065 epis: 0.0048 loss: 71.3006 
episode: 483 count: 413 score: 204.1325 average_last200: 120.0231 epis: 0.0047 loss: 71.0213 
episode: 484 count: 375 score: 206.2854 average_last200: 119.9946 epis: 0.0047 loss: 61.3606 
episode: 485 count: 167 score: 11.4910 average_last200: 118.9217 epis: 0.0046 loss: 33.2847 
episode: 486 count: 307 score: 215.3234 average_last200: 119.0078 epis: 0.0046 loss: 49.5523 
episode: 487 count: 330 score: 181.4463 average_last200: 118.9596 epis: 0.0045 loss: 56.9196 
episode: 488 count: 434 score: 206.7842 average_last200: 119.2556 epis: 0.0045 loss: 68.2742 
episode: 489 count: 335 score: 229.4432 average_last200: 121.9866 epis: 0.0044 loss: 59.0956 
episode: 490 count: 318 score: 213.3397 average_last200: 122.1386 epis: 0.0044 loss: 54.1611 
episode: 491 count: 396 score: 183.4834 average_last200: 121.9942 epis: 0.0043 loss: 69.0357 
episode: 492 count: 392 score: 205.3052 average_last200: 123.1369 epis: 0.0043 loss: 64.4781 
episode: 493 count: 187 score: 241.7524 average_last200: 124.5023 epis: 0.0042 loss: 31.9311 
episode: 494 count: 234 score: 225.8473 average_last200: 124.6289 epis: 0.0042 loss: 41.4511 
episode: 495 count: 226 score: 241.6396 average_last200: 124.8426 epis: 0.0041 loss: 36.3650 
episode: 496 count: 222 score: 223.7828 average_last200: 124.8507 epis: 0.0041 loss: 36.3202 
episode: 497 count: 288 score: 248.8569 average_last200: 125.1628 epis: 0.0041 loss: 41.9112 
episode: 498 count: 261 score: 233.9055 average_last200: 125.2234 epis: 0.0040 loss: 44.5510 
episode: 499 count: 1000 score: -47.3659 average_last200: 125.0080 epis: 0.0040 loss: 166.9640 
episode: 500 count: 170 score: 18.9162 average_last200: 124.0602 epis: 0.0039 loss: 28.5175 
episode: 501 count: 331 score: 210.5290 average_last200: 123.8628 epis: 0.0039 loss: 56.4473 
episode: 502 count: 138 score: 8.4492 average_last200: 122.8720 epis: 0.0038 loss: 22.7410 
episode: 503 count: 342 score: 214.3056 average_last200: 122.9105 epis: 0.0038 loss: 55.6545 
episode: 504 count: 241 score: 209.0918 average_last200: 123.0290 epis: 0.0038 loss: 43.3654 
episode: 505 count: 396 score: 222.2851 average_last200: 123.0524 epis: 0.0037 loss: 73.5839 
episode: 506 count: 368 score: 207.5520 average_last200: 124.0619 epis: 0.0037 loss: 62.2542 
episode: 507 count: 198 score: 16.7267 average_last200: 123.2628 epis: 0.0036 loss: 36.8526 
episode: 508 count: 291 score: 188.2450 average_last200: 124.6233 epis: 0.0036 loss: 41.1409 
episode: 509 count: 549 score: 173.9078 average_last200: 125.8228 epis: 0.0035 loss: 98.9144 
episode: 510 count: 164 score: 11.0599 average_last200: 124.8807 epis: 0.0035 loss: 31.8602 
episode: 511 count: 242 score: 181.8915 average_last200: 124.7372 epis: 0.0035 loss: 37.3305 
episode: 512 count: 212 score: 246.4106 average_last200: 124.9846 epis: 0.0034 loss: 32.7185 
episode: 513 count: 252 score: 216.7840 average_last200: 125.0575 epis: 0.0034 loss: 39.0537 
episode: 514 count: 242 score: 228.6656 average_last200: 126.6232 epis: 0.0034 loss: 38.6394 
episode: 515 count: 161 score: 4.6835 average_last200: 125.8718 epis: 0.0033 loss: 19.1292 
episode: 516 count: 238 score: 206.5210 average_last200: 126.3047 epis: 0.0033 loss: 34.9261 
episode: 517 count: 180 score: -33.1110 average_last200: 125.0086 epis: 0.0032 loss: 34.1343 
episode: 518 count: 333 score: 220.4537 average_last200: 125.0752 epis: 0.0032 loss: 44.2534 
episode: 519 count: 328 score: 252.0750 average_last200: 125.3912 epis: 0.0032 loss: 50.8402 
episode: 520 count: 289 score: 240.6990 average_last200: 125.5883 epis: 0.0031 loss: 43.8159 
episode: 521 count: 291 score: 205.1136 average_last200: 125.5789 epis: 0.0031 loss: 46.2580 
episode: 522 count: 291 score: 214.4438 average_last200: 125.5627 epis: 0.0031 loss: 47.2359 
episode: 523 count: 248 score: 201.3499 average_last200: 125.5635 epis: 0.0030 loss: 40.0404 
episode: 524 count: 242 score: 211.0051 average_last200: 125.6205 epis: 0.0030 loss: 35.4688 
episode: 525 count: 372 score: 219.3166 average_last200: 126.8437 epis: 0.0030 loss: 68.9832 
episode: 526 count: 329 score: 210.0881 average_last200: 126.7530 epis: 0.0029 loss: 54.8459 
episode: 527 count: 512 score: 182.3108 average_last200: 127.1824 epis: 0.0029 loss: 85.9184 
episode: 528 count: 216 score: 214.7307 average_last200: 127.1015 epis: 0.0029 loss: 36.3323 
episode: 529 count: 372 score: 247.7521 average_last200: 128.5896 epis: 0.0028 loss: 55.7232 
episode: 530 count: 313 score: 257.1861 average_last200: 130.1563 epis: 0.0028 loss: 57.8057 
episode: 531 count: 377 score: 233.4849 average_last200: 130.1846 epis: 0.0028 loss: 63.1653 
episode: 532 count: 406 score: 229.5150 average_last200: 130.0728 epis: 0.0028 loss: 74.4050 
episode: 533 count: 274 score: 232.1048 average_last200: 131.7013 epis: 0.0027 loss: 49.5629 
episode: 534 count: 544 score: 207.6318 average_last200: 132.1464 epis: 0.0027 loss: 86.6674 
episode: 535 count: 281 score: 212.9478 average_last200: 132.5890 epis: 0.0027 loss: 44.7250 
episode: 536 count: 660 score: 113.4570 average_last200: 132.0036 epis: 0.0026 loss: 110.2828 
episode: 537 count: 285 score: 226.1508 average_last200: 132.3127 epis: 0.0026 loss: 51.3816 
episode: 538 count: 396 score: 220.7677 average_last200: 133.4337 epis: 0.0026 loss: 80.3312 
episode: 539 count: 273 score: 214.7058 average_last200: 133.4185 epis: 0.0025 loss: 50.2172 
episode: 540 count: 235 score: 226.2747 average_last200: 134.6117 epis: 0.0025 loss: 44.0704 
episode: 541 count: 259 score: 210.8715 average_last200: 134.7534 epis: 0.0025 loss: 50.4318 
episode: 542 count: 321 score: 197.9391 average_last200: 135.7900 epis: 0.0025 loss: 56.6598 
episode: 543 count: 827 score: 99.5363 average_last200: 135.1927 epis: 0.0024 loss: 145.2833 
episode: 544 count: 241 score: 194.6974 average_last200: 135.0030 epis: 0.0024 loss: 34.9572 
episode: 545 count: 271 score: 241.9003 average_last200: 136.2511 epis: 0.0024 loss: 45.1910 
episode: 546 count: 224 score: 231.4962 average_last200: 137.3844 epis: 0.0024 loss: 33.3883 
episode: 547 count: 526 score: 189.5248 average_last200: 137.3378 epis: 0.0023 loss: 80.3168 
episode: 548 count: 439 score: 174.7201 average_last200: 138.1486 epis: 0.0023 loss: 78.4497 
episode: 549 count: 359 score: 213.6802 average_last200: 138.0419 epis: 0.0023 loss: 65.2292 
episode: 550 count: 246 score: 226.1437 average_last200: 138.0285 epis: 0.0023 loss: 39.8536 
episode: 551 count: 331 score: 216.7162 average_last200: 139.3713 epis: 0.0022 loss: 55.5698 
episode: 552 count: 205 score: 242.0135 average_last200: 140.5603 epis: 0.0022 loss: 33.3611 
episode: 553 count: 287 score: 213.8884 average_last200: 140.6856 epis: 0.0022 loss: 53.1336 
episode: 554 count: 286 score: 223.1555 average_last200: 140.8025 epis: 0.0022 loss: 40.4384 
episode: 555 count: 282 score: 225.6551 average_last200: 140.9043 epis: 0.0021 loss: 43.6444 
episode: 556 count: 372 score: 188.6017 average_last200: 140.6698 epis: 0.0021 loss: 65.8605 
episode: 557 count: 170 score: 5.8410 average_last200: 140.6657 epis: 0.0021 loss: 33.5468 
episode: 558 count: 198 score: 220.8786 average_last200: 140.5847 epis: 0.0021 loss: 32.4355 
episode: 559 count: 432 score: 152.2929 average_last200: 140.2818 epis: 0.0020 loss: 62.3036 
episode: 560 count: 379 score: 231.6729 average_last200: 140.5590 epis: 0.0020 loss: 69.4358 
episode: 561 count: 285 score: 238.7752 average_last200: 141.9743 epis: 0.0020 loss: 45.5849 
episode: 562 count: 257 score: 201.8190 average_last200: 141.9277 epis: 0.0020 loss: 48.0292 
episode: 563 count: 425 score: 197.6781 average_last200: 143.0160 epis: 0.0020 loss: 76.5764 
episode: 564 count: 462 score: 179.2709 average_last200: 143.0704 epis: 0.0019 loss: 75.3334 
episode: 565 count: 237 score: 231.4866 average_last200: 143.2720 epis: 0.0019 loss: 36.2800 
episode: 566 count: 612 score: 185.7374 average_last200: 143.2329 epis: 0.0019 loss: 103.7644 
episode: 567 count: 367 score: 187.3712 average_last200: 143.0484 epis: 0.0019 loss: 73.0420 
episode: 568 count: 309 score: 211.3990 average_last200: 144.2627 epis: 0.0018 loss: 59.2278 
episode: 569 count: 276 score: 211.8104 average_last200: 145.3319 epis: 0.0018 loss: 49.0071 
episode: 570 count: 288 score: 174.6650 average_last200: 145.2260 epis: 0.0018 loss: 53.5762 
episode: 571 count: 296 score: 213.0712 average_last200: 146.2730 epis: 0.0018 loss: 50.9649 
episode: 572 count: 194 score: -12.3868 average_last200: 145.1819 epis: 0.0018 loss: 35.8555 
episode: 573 count: 291 score: 203.7502 average_last200: 145.1336 epis: 0.0017 loss: 46.1122 
episode: 574 count: 245 score: 224.0794 average_last200: 144.9955 epis: 0.0017 loss: 50.2044 
episode: 575 count: 291 score: 202.4821 average_last200: 145.0123 epis: 0.0017 loss: 55.6974 
episode: 576 count: 254 score: 207.6360 average_last200: 146.3296 epis: 0.0017 loss: 44.7360 
episode: 577 count: 358 score: 216.2846 average_last200: 146.4440 epis: 0.0017 loss: 74.6736 
episode: 578 count: 309 score: 244.3066 average_last200: 147.6468 epis: 0.0017 loss: 62.9361 
episode: 579 count: 294 score: 239.9260 average_last200: 148.8824 epis: 0.0016 loss: 57.0473 
episode: 580 count: 362 score: 213.1272 average_last200: 148.9171 epis: 0.0016 loss: 69.8870 
episode: 581 count: 342 score: 200.2160 average_last200: 149.0135 epis: 0.0016 loss: 59.6090 
episode: 582 count: 260 score: 204.1597 average_last200: 148.8476 epis: 0.0016 loss: 48.6127 
episode: 583 count: 335 score: 212.5285 average_last200: 148.8143 epis: 0.0016 loss: 56.8581 
episode: 584 count: 171 score: 24.8944 average_last200: 148.8992 epis: 0.0015 loss: 37.2308 
episode: 585 count: 221 score: 29.4155 average_last200: 149.1990 epis: 0.0015 loss: 44.0444 
episode: 586 count: 420 score: 216.3062 average_last200: 150.1889 epis: 0.0015 loss: 85.9173 
episode: 587 count: 245 score: 219.0633 average_last200: 151.4303 epis: 0.0015 loss: 52.2210 
episode: 588 count: 252 score: 0.7106 average_last200: 151.5109 epis: 0.0015 loss: 54.3085 
episode: 589 count: 269 score: 204.6417 average_last200: 151.5409 epis: 0.0015 loss: 60.8168 
episode: 590 count: 158 score: 35.8642 average_last200: 150.6601 epis: 0.0014 loss: 28.6600 
episode: 591 count: 263 score: 212.9361 average_last200: 150.6846 epis: 0.0014 loss: 50.8269 
episode: 592 count: 249 score: 207.1310 average_last200: 150.5546 epis: 0.0014 loss: 41.5483 
episode: 593 count: 174 score: 5.6430 average_last200: 149.6002 epis: 0.0014 loss: 39.9070 
episode: 594 count: 178 score: 30.9737 average_last200: 148.5932 epis: 0.0014 loss: 35.3424 
episode: 595 count: 404 score: 219.0654 average_last200: 148.7087 epis: 0.0014 loss: 83.8244 
episode: 596 count: 270 score: 210.1197 average_last200: 148.8456 epis: 0.0014 loss: 54.4614 
episode: 597 count: 266 score: 206.7509 average_last200: 149.8433 epis: 0.0013 loss: 48.1831 
episode: 598 count: 331 score: 201.8226 average_last200: 149.9619 epis: 0.0013 loss: 60.1890 
episode: 599 count: 284 score: 231.2282 average_last200: 150.5256 epis: 0.0013 loss: 62.0136 
episode: 600 count: 276 score: 217.1329 average_last200: 150.6622 epis: 0.0013 loss: 48.8688 
episode: 601 count: 277 score: 216.1580 average_last200: 151.8639 epis: 0.0013 loss: 53.5912 
episode: 602 count: 495 score: 214.5708 average_last200: 152.0386 epis: 0.0013 loss: 86.6259 
episode: 603 count: 277 score: 187.1489 average_last200: 151.9229 epis: 0.0013 loss: 52.8398 
episode: 604 count: 256 score: 209.7701 average_last200: 151.8675 epis: 0.0012 loss: 44.3099 
episode: 605 count: 239 score: 180.8818 average_last200: 152.8225 epis: 0.0012 loss: 46.1721 
episode: 606 count: 394 score: 220.5553 average_last200: 153.9349 epis: 0.0012 loss: 74.5677 
episode: 607 count: 269 score: 210.6436 average_last200: 153.7364 epis: 0.0012 loss: 61.0320 
episode: 608 count: 229 score: 256.8732 average_last200: 155.5023 epis: 0.0012 loss: 42.7712 
episode: 609 count: 337 score: 229.3890 average_last200: 156.8271 epis: 0.0012 loss: 63.8779 
episode: 610 count: 356 score: 233.2169 average_last200: 156.7676 epis: 0.0012 loss: 72.2734 
episode: 611 count: 192 score: 232.9438 average_last200: 157.9179 epis: 0.0011 loss: 36.8761 
episode: 612 count: 321 score: 205.4063 average_last200: 157.7227 epis: 0.0011 loss: 64.9225 
episode: 613 count: 211 score: 246.2787 average_last200: 157.8419 epis: 0.0011 loss: 37.9403 
episode: 614 count: 243 score: 203.6613 average_last200: 158.9913 epis: 0.0011 loss: 49.6228 
episode: 615 count: 341 score: 233.9854 average_last200: 160.3447 epis: 0.0011 loss: 68.2217 
episode: 616 count: 305 score: 163.5993 average_last200: 161.1987 epis: 0.0011 loss: 51.8405 
episode: 617 count: 242 score: 219.0683 average_last200: 161.1275 epis: 0.0011 loss: 51.5652 
episode: 618 count: 365 score: 196.5705 average_last200: 162.1419 epis: 0.0011 loss: 64.8538 
episode: 619 count: 146 score: 11.3652 average_last200: 162.2360 epis: 0.0011 loss: 27.1667 
episode: 620 count: 384 score: 226.7091 average_last200: 162.5433 epis: 0.0010 loss: 78.4857 
episode: 621 count: 309 score: 210.3624 average_last200: 163.6594 epis: 0.0010 loss: 60.9703 
episode: 622 count: 275 score: 215.1847 average_last200: 163.6946 epis: 0.0010 loss: 56.9205 
episode: 623 count: 281 score: 237.6873 average_last200: 164.9906 epis: 0.0010 loss: 48.9059 
episode: 624 count: 254 score: 238.0637 average_last200: 166.1040 epis: 0.0010 loss: 41.9212 
episode: 625 count: 203 score: 197.7915 average_last200: 167.0628 epis: 0.0010 loss: 38.0823 
episode: 626 count: 279 score: 186.4540 average_last200: 167.0215 epis: 0.0010 loss: 52.9601 
episode: 627 count: 204 score: 232.3395 average_last200: 168.2445 epis: 0.0010 loss: 37.8385 
episode: 628 count: 168 score: 3.9538 average_last200: 167.0416 epis: 0.0010 loss: 34.4538 
episode: 629 count: 232 score: 210.4570 average_last200: 168.1667 epis: 0.0009 loss: 53.0263 
episode: 630 count: 252 score: 229.9285 average_last200: 169.4511 epis: 0.0009 loss: 48.8971 
episode: 631 count: 241 score: 206.8020 average_last200: 170.4988 epis: 0.0009 loss: 47.2551 
episode: 632 count: 309 score: 235.3942 average_last200: 170.6018 epis: 0.0009 loss: 54.8977 
episode: 633 count: 227 score: 187.2664 average_last200: 170.5951 epis: 0.0009 loss: 41.3890 
episode: 634 count: 334 score: -31.8303 average_last200: 170.6114 epis: 0.0009 loss: 59.4984 
episode: 635 count: 276 score: 183.5289 average_last200: 171.4966 epis: 0.0009 loss: 46.9556 
episode: 636 count: 227 score: 235.2271 average_last200: 171.7207 epis: 0.0009 loss: 46.7647 
episode: 637 count: 249 score: 236.3900 average_last200: 172.9227 epis: 0.0009 loss: 46.2684 
episode: 638 count: 334 score: 233.4232 average_last200: 173.2377 epis: 0.0009 loss: 64.6408 
episode: 639 count: 295 score: 244.2380 average_last200: 173.5815 epis: 0.0008 loss: 59.6888 
episode: 640 count: 250 score: 235.4461 average_last200: 174.7451 epis: 0.0008 loss: 48.0617 
episode: 641 count: 334 score: 208.2955 average_last200: 175.7699 epis: 0.0008 loss: 66.7118 
episode: 642 count: 154 score: 5.5082 average_last200: 174.7655 epis: 0.0008 loss: 30.7423 
episode: 643 count: 254 score: -20.0439 average_last200: 174.6653 epis: 0.0008 loss: 46.7469 
episode: 644 count: 160 score: -3.9987 average_last200: 173.6675 epis: 0.0008 loss: 26.3743 
episode: 645 count: 250 score: 230.3784 average_last200: 174.9120 epis: 0.0008 loss: 46.7961 
episode: 646 count: 334 score: 201.8920 average_last200: 174.7518 epis: 0.0008 loss: 71.1922 
episode: 647 count: 315 score: 170.3273 average_last200: 175.6846 epis: 0.0008 loss: 62.2820 
episode: 648 count: 376 score: 229.5023 average_last200: 175.6980 epis: 0.0008 loss: 70.7079 
episode: 649 count: 391 score: 202.5898 average_last200: 175.6988 epis: 0.0008 loss: 86.3849 
episode: 650 count: 277 score: 183.8514 average_last200: 176.6521 epis: 0.0007 loss: 58.9983 
episode: 651 count: 220 score: 8.6347 average_last200: 175.4875 epis: 0.0007 loss: 43.7519 
episode: 652 count: 278 score: 175.3918 average_last200: 176.5740 epis: 0.0007 loss: 49.7901 
episode: 653 count: 312 score: 213.7363 average_last200: 176.5988 epis: 0.0007 loss: 67.1817 
episode: 654 count: 1000 score: -113.7165 average_last200: 175.9226 epis: 0.0007 loss: 196.2415 
episode: 655 count: 249 score: 243.9748 average_last200: 176.0916 epis: 0.0007 loss: 57.0870 
episode: 656 count: 235 score: 208.6228 average_last200: 176.0481 epis: 0.0007 loss: 36.7161 
episode: 657 count: 354 score: 183.1200 average_last200: 175.9178 epis: 0.0007 loss: 69.7835 
episode: 658 count: 229 score: 183.4415 average_last200: 175.8036 epis: 0.0007 loss: 43.9865 
episode: 659 count: 250 score: 228.1841 average_last200: 177.0322 epis: 0.0007 loss: 43.7608 
episode: 660 count: 290 score: 186.7946 average_last200: 176.9813 epis: 0.0007 loss: 52.3439 
episode: 661 count: 976 score: 203.0659 average_last200: 177.0797 epis: 0.0007 loss: 182.2535 
episode: 662 count: 270 score: 199.3254 average_last200: 176.9177 epis: 0.0007 loss: 58.6109 
episode: 663 count: 414 score: 219.1863 average_last200: 178.4039 epis: 0.0006 loss: 76.8492 
episode: 664 count: 198 score: -26.8838 average_last200: 177.2583 epis: 0.0006 loss: 41.5913 
episode: 665 count: 202 score: 254.7220 average_last200: 177.4043 epis: 0.0006 loss: 38.3536 
episode: 666 count: 293 score: 219.8821 average_last200: 177.7082 epis: 0.0006 loss: 59.6767 
episode: 667 count: 254 score: -6.7410 average_last200: 177.0521 epis: 0.0006 loss: 44.0067 
episode: 668 count: 281 score: 225.3093 average_last200: 177.0996 epis: 0.0006 loss: 58.0937 
episode: 669 count: 345 score: 212.1159 average_last200: 178.1985 epis: 0.0006 loss: 74.1434 
episode: 670 count: 365 score: 203.8302 average_last200: 178.5836 epis: 0.0006 loss: 74.9042 
episode: 671 count: 215 score: 232.2433 average_last200: 179.7662 epis: 0.0006 loss: 44.5724 
episode: 672 count: 266 score: 253.3391 average_last200: 181.4445 epis: 0.0006 loss: 53.1140 
episode: 673 count: 178 score: 1.5273 average_last200: 181.9354 epis: 0.0006 loss: 31.6908 
episode: 674 count: 211 score: 14.3587 average_last200: 180.9433 epis: 0.0006 loss: 41.8358 
episode: 675 count: 243 score: 250.9389 average_last200: 181.1849 epis: 0.0006 loss: 39.7618 
episode: 676 count: 177 score: -2.0899 average_last200: 180.0075 epis: 0.0006 loss: 32.6094 
episode: 677 count: 382 score: 164.4047 average_last200: 180.8020 epis: 0.0006 loss: 81.2289 
episode: 678 count: 227 score: 214.3872 average_last200: 180.8516 epis: 0.0005 loss: 40.9305 
episode: 679 count: 253 score: 215.6602 average_last200: 181.9361 epis: 0.0005 loss: 49.7619 
episode: 680 count: 221 score: 2.1360 average_last200: 180.9235 epis: 0.0005 loss: 38.7328 
episode: 681 count: 148 score: -2.5121 average_last200: 179.6725 epis: 0.0005 loss: 31.6696 
episode: 682 count: 135 score: 0.6246 average_last200: 178.5913 epis: 0.0005 loss: 28.3227 
episode: 683 count: 302 score: 233.6089 average_last200: 178.7387 epis: 0.0005 loss: 69.2483 
episode: 684 count: 272 score: 242.7829 average_last200: 178.9212 epis: 0.0005 loss: 44.9190 
episode: 685 count: 177 score: 6.1588 average_last200: 178.8946 epis: 0.0005 loss: 39.0795 
episode: 686 count: 288 score: 247.5791 average_last200: 179.0558 epis: 0.0005 loss: 62.3251 
episode: 687 count: 320 score: 202.5495 average_last200: 179.1614 epis: 0.0005 loss: 57.8374 
episode: 688 count: 190 score: 217.4196 average_last200: 179.2145 epis: 0.0005 loss: 33.8279 
episode: 689 count: 186 score: 7.6068 average_last200: 178.1053 epis: 0.0005 loss: 43.1381 
episode: 690 count: 144 score: 25.1831 average_last200: 177.1646 epis: 0.0005 loss: 31.9483 
episode: 691 count: 349 score: 191.5398 average_last200: 177.2048 epis: 0.0005 loss: 78.2762 
episode: 692 count: 140 score: -2.6651 average_last200: 176.1650 epis: 0.0005 loss: 31.1434 
episode: 693 count: 276 score: -29.1852 average_last200: 174.8103 epis: 0.0005 loss: 49.3846 
episode: 694 count: 191 score: -31.9251 average_last200: 173.5214 epis: 0.0005 loss: 42.6740 
episode: 695 count: 137 score: -33.3584 average_last200: 172.1465 epis: 0.0005 loss: 23.5044 
episode: 696 count: 235 score: 232.3840 average_last200: 172.1895 epis: 0.0004 loss: 48.8935 
episode: 697 count: 173 score: 229.2628 average_last200: 172.0915 epis: 0.0004 loss: 36.2877 
episode: 698 count: 224 score: -33.8988 average_last200: 170.7525 epis: 0.0004 loss: 44.5184 
episode: 699 count: 266 score: -13.8018 average_last200: 170.9203 epis: 0.0004 loss: 58.0760 
episode: 700 count: 164 score: -2.7984 average_last200: 170.8117 epis: 0.0004 loss: 32.6074 
episode: 701 count: 282 score: 227.0615 average_last200: 170.8944 epis: 0.0004 loss: 62.8018 
episode: 702 count: 266 score: -0.9471 average_last200: 170.8474 epis: 0.0004 loss: 51.0529 
episode: 703 count: 197 score: -16.6892 average_last200: 169.6924 epis: 0.0004 loss: 38.1253 
episode: 704 count: 262 score: 232.8930 average_last200: 169.8114 epis: 0.0004 loss: 53.3067 
episode: 705 count: 400 score: -5.3148 average_last200: 168.6734 epis: 0.0004 loss: 69.6152 
episode: 706 count: 265 score: 206.5836 average_last200: 168.6686 epis: 0.0004 loss: 45.8650 
episode: 707 count: 245 score: 185.5148 average_last200: 169.5125 epis: 0.0004 loss: 42.6950 
episode: 708 count: 224 score: 193.6344 average_last200: 169.5395 epis: 0.0004 loss: 53.0966 
episode: 709 count: 261 score: -24.2080 average_last200: 168.5489 epis: 0.0004 loss: 54.2470 
episode: 710 count: 189 score: -30.3988 average_last200: 168.3416 epis: 0.0004 loss: 34.0646 
episode: 711 count: 286 score: -18.1640 average_last200: 167.3413 epis: 0.0004 loss: 53.7559 
episode: 712 count: 376 score: 202.5322 average_last200: 167.1219 epis: 0.0004 loss: 81.6406 
episode: 713 count: 151 score: 16.7797 average_last200: 166.1219 epis: 0.0004 loss: 33.7210 
episode: 714 count: 196 score: -23.9021 average_last200: 164.8591 epis: 0.0004 loss: 39.5531 
episode: 715 count: 359 score: 233.8600 average_last200: 166.0050 epis: 0.0004 loss: 79.6911 
episode: 716 count: 351 score: 246.7497 average_last200: 166.2061 epis: 0.0004 loss: 59.8901 
episode: 717 count: 168 score: -28.4043 average_last200: 166.2296 epis: 0.0004 loss: 31.7981 
episode: 718 count: 165 score: -2.7249 average_last200: 165.1137 epis: 0.0004 loss: 33.2884 
episode: 719 count: 233 score: -35.4611 average_last200: 163.6761 epis: 0.0003 loss: 49.8257 
episode: 720 count: 271 score: 179.5112 average_last200: 163.3701 epis: 0.0003 loss: 60.8106 
episode: 721 count: 334 score: 247.4195 average_last200: 163.5817 epis: 0.0003 loss: 68.4242 
episode: 722 count: 137 score: -48.0034 average_last200: 162.2694 epis: 0.0003 loss: 28.1830 
episode: 723 count: 169 score: -7.2619 average_last200: 161.2264 epis: 0.0003 loss: 37.7648 
episode: 724 count: 257 score: 216.6406 average_last200: 161.2545 epis: 0.0003 loss: 45.3471 
episode: 725 count: 278 score: -4.0807 average_last200: 160.1375 epis: 0.0003 loss: 56.7645 
episode: 726 count: 155 score: -54.1585 average_last200: 158.8163 epis: 0.0003 loss: 30.0952 
episode: 727 count: 158 score: 9.6355 average_last200: 157.9529 epis: 0.0003 loss: 31.9483 
episode: 728 count: 349 score: -16.2885 average_last200: 156.7978 epis: 0.0003 loss: 68.9981 
episode: 729 count: 233 score: 218.1810 average_last200: 156.6500 epis: 0.0003 loss: 49.9041 
episode: 730 count: 327 score: -81.7519 average_last200: 154.9553 epis: 0.0003 loss: 69.2535 
episode: 731 count: 257 score: 217.9201 average_last200: 154.8775 epis: 0.0003 loss: 48.9865 
episode: 732 count: 351 score: 9.8336 average_last200: 153.7791 epis: 0.0003 loss: 72.8079 
episode: 733 count: 307 score: -19.3288 average_last200: 152.5219 epis: 0.0003 loss: 68.4646 
episode: 734 count: 288 score: -20.6723 average_last200: 151.3804 epis: 0.0003 loss: 50.6676 
episode: 735 count: 163 score: 14.6055 average_last200: 150.3887 epis: 0.0003 loss: 29.6628 
episode: 736 count: 404 score: 204.6618 average_last200: 150.8447 epis: 0.0003 loss: 76.0954 
episode: 737 count: 197 score: -5.8564 average_last200: 149.6847 epis: 0.0003 loss: 34.3350 
episode: 738 count: 337 score: 201.6485 average_last200: 149.5891 epis: 0.0003 loss: 67.3726 
episode: 739 count: 380 score: 193.3446 average_last200: 149.4823 epis: 0.0003 loss: 87.9351 
episode: 740 count: 747 score: 221.1218 average_last200: 149.4565 epis: 0.0003 loss: 144.9170 
episode: 741 count: 414 score: 228.7009 average_last200: 149.5456 epis: 0.0003 loss: 82.7318 
episode: 742 count: 393 score: 207.2231 average_last200: 149.5921 epis: 0.0003 loss: 75.7735 
episode: 743 count: 564 score: 144.6291 average_last200: 149.8175 epis: 0.0003 loss: 110.0007 
episode: 744 count: 519 score: 170.8930 average_last200: 149.6985 epis: 0.0003 loss: 113.5487 
episode: 745 count: 456 score: 185.3304 average_last200: 149.4156 epis: 0.0003 loss: 87.4863 
episode: 746 count: 161 score: 21.1289 average_last200: 148.3638 epis: 0.0003 loss: 33.3743 
episode: 747 count: 287 score: 2.3476 average_last200: 147.4279 epis: 0.0003 loss: 49.2876 
episode: 748 count: 364 score: 205.8136 average_last200: 147.5834 epis: 0.0003 loss: 57.5229 
episode: 749 count: 310 score: 209.4987 average_last200: 147.5625 epis: 0.0002 loss: 56.1679 
episode: 750 count: 366 score: 220.9057 average_last200: 147.5363 epis: 0.0002 loss: 75.4185 
episode: 751 count: 322 score: 235.6616 average_last200: 147.6310 epis: 0.0002 loss: 58.4240 
episode: 752 count: 351 score: 195.1329 average_last200: 147.3966 epis: 0.0002 loss: 63.4912 
episode: 753 count: 266 score: -7.4803 average_last200: 146.2898 epis: 0.0002 loss: 52.1624 
episode: 754 count: 690 score: 156.9670 average_last200: 145.9588 epis: 0.0002 loss: 122.0391 
episode: 755 count: 546 score: 188.7078 average_last200: 145.7741 epis: 0.0002 loss: 94.5911 
episode: 756 count: 368 score: 201.3486 average_last200: 145.8378 epis: 0.0002 loss: 70.8651 
episode: 757 count: 521 score: 164.6261 average_last200: 146.6318 epis: 0.0002 loss: 95.0839 
episode: 758 count: 285 score: 219.4095 average_last200: 146.6244 epis: 0.0002 loss: 58.3101 
episode: 759 count: 342 score: 208.1138 average_last200: 146.9035 epis: 0.0002 loss: 56.1767 
episode: 760 count: 514 score: 148.3441 average_last200: 146.4869 epis: 0.0002 loss: 89.1462 
episode: 761 count: 419 score: 198.6568 average_last200: 146.2863 epis: 0.0002 loss: 79.1082 
episode: 762 count: 584 score: 147.3687 average_last200: 146.0140 epis: 0.0002 loss: 107.1737 
episode: 763 count: 168 score: 14.0101 average_last200: 145.0957 epis: 0.0002 loss: 30.5882 
episode: 764 count: 144 score: -35.9853 average_last200: 144.0194 epis: 0.0002 loss: 21.1334 
episode: 765 count: 531 score: 180.8705 average_last200: 143.7663 epis: 0.0002 loss: 95.2588 
episode: 766 count: 439 score: 175.3403 average_last200: 143.7143 epis: 0.0002 loss: 87.9766 
episode: 767 count: 159 score: 20.6875 average_last200: 142.8809 epis: 0.0002 loss: 30.5237 
episode: 768 count: 580 score: 160.8113 average_last200: 142.6280 epis: 0.0002 loss: 99.2620 
episode: 769 count: 722 score: 111.6738 average_last200: 142.1273 epis: 0.0002 loss: 133.3010 
episode: 770 count: 146 score: 16.2377 average_last200: 141.3352 epis: 0.0002 loss: 31.0659 
episode: 771 count: 482 score: 156.1156 average_last200: 141.0504 epis: 0.0002 loss: 86.3350 
episode: 772 count: 539 score: 145.5214 average_last200: 141.8399 epis: 0.0002 loss: 94.9618 
episode: 773 count: 571 score: 143.2338 average_last200: 141.5373 epis: 0.0002 loss: 102.6074 
episode: 774 count: 295 score: 204.7686 average_last200: 141.4408 epis: 0.0002 loss: 43.7208 
episode: 775 count: 219 score: 217.2159 average_last200: 141.5145 epis: 0.0002 loss: 35.1567 
episode: 776 count: 266 score: 216.0053 average_last200: 141.5563 epis: 0.0002 loss: 38.5897 
episode: 777 count: 255 score: -11.3527 average_last200: 140.4181 epis: 0.0002 loss: 39.4027 
episode: 778 count: 630 score: 153.4741 average_last200: 139.9640 epis: 0.0002 loss: 128.6083 
episode: 779 count: 514 score: 196.2792 average_last200: 139.7457 epis: 0.0002 loss: 88.8078 
episode: 780 count: 458 score: 182.2981 average_last200: 139.5916 epis: 0.0002 loss: 78.8696 
episode: 781 count: 247 score: 257.8748 average_last200: 139.8799 epis: 0.0002 loss: 45.3836 
episode: 782 count: 187 score: -48.8333 average_last200: 138.6149 epis: 0.0002 loss: 36.3298 
episode: 783 count: 533 score: 158.2810 average_last200: 138.3437 epis: 0.0002 loss: 91.5508 
episode: 784 count: 488 score: 180.5100 average_last200: 139.1217 epis: 0.0002 loss: 89.4909 
episode: 785 count: 335 score: 213.7339 average_last200: 140.0433 epis: 0.0002 loss: 60.2000 
episode: 786 count: 233 score: 231.6458 average_last200: 140.1200 epis: 0.0002 loss: 37.8574 
episode: 787 count: 466 score: 157.7986 average_last200: 139.8137 epis: 0.0002 loss: 84.6625 
episode: 788 count: 538 score: 144.3067 average_last200: 140.5317 epis: 0.0002 loss: 81.3581 
episode: 789 count: 343 score: 213.2102 average_last200: 140.5745 epis: 0.0002 loss: 57.5887 
episode: 790 count: 404 score: 158.0996 average_last200: 141.1857 epis: 0.0002 loss: 65.8705 
episode: 791 count: 311 score: 203.2595 average_last200: 141.1373 epis: 0.0002 loss: 47.3788 
episode: 792 count: 291 score: 194.3154 average_last200: 141.0733 epis: 0.0002 loss: 53.7240 
episode: 793 count: 417 score: 190.2787 average_last200: 141.9964 epis: 0.0002 loss: 78.9198 
episode: 794 count: 324 score: 226.0968 average_last200: 142.9720 epis: 0.0002 loss: 60.7841 
episode: 795 count: 331 score: 228.9792 average_last200: 143.0216 epis: 0.0002 loss: 68.9526 
episode: 796 count: 423 score: 187.8982 average_last200: 142.9105 epis: 0.0001 loss: 73.6853 
episode: 797 count: 431 score: 176.5594 average_last200: 142.7596 epis: 0.0001 loss: 82.8766 
episode: 798 count: 285 score: 212.4240 average_last200: 142.8126 epis: 0.0001 loss: 44.2049 
episode: 799 count: 411 score: 225.3725 average_last200: 142.7833 epis: 0.0001 loss: 69.0546 
episode: 800 count: 176 score: -54.0342 average_last200: 141.4274 epis: 0.0001 loss: 26.6894 
episode: 801 count: 348 score: 197.9763 average_last200: 141.3365 epis: 0.0001 loss: 61.0320 
episode: 802 count: 428 score: 156.7054 average_last200: 141.0472 epis: 0.0001 loss: 69.8507 
episode: 803 count: 274 score: 216.0155 average_last200: 141.1915 epis: 0.0001 loss: 47.4181 
episode: 804 count: 345 score: 238.3879 average_last200: 141.3346 epis: 0.0001 loss: 55.5567 
episode: 805 count: 380 score: 196.1911 average_last200: 141.4112 epis: 0.0001 loss: 67.6123 
episode: 806 count: 449 score: 211.9680 average_last200: 141.3682 epis: 0.0001 loss: 78.1135 
episode: 807 count: 305 score: 212.4243 average_last200: 141.3771 epis: 0.0001 loss: 61.6774 
episode: 808 count: 325 score: 220.5217 average_last200: 141.1954 epis: 0.0001 loss: 51.4109 
episode: 809 count: 480 score: 184.0422 average_last200: 140.9687 epis: 0.0001 loss: 87.6287 
episode: 810 count: 229 score: 200.2678 average_last200: 140.8039 epis: 0.0001 loss: 35.1010 
episode: 811 count: 412 score: 160.1762 average_last200: 140.4401 epis: 0.0001 loss: 69.7161 
episode: 812 count: 269 score: 225.4534 average_last200: 140.5403 epis: 0.0001 loss: 46.9313 
episode: 813 count: 246 score: -14.0720 average_last200: 139.2386 epis: 0.0001 loss: 35.5515 
episode: 814 count: 536 score: 187.6543 average_last200: 139.1585 epis: 0.0001 loss: 85.9076 
episode: 815 count: 260 score: 239.5922 average_last200: 139.1866 epis: 0.0001 loss: 42.1333 
episode: 816 count: 400 score: 209.3627 average_last200: 139.4154 epis: 0.0001 loss: 73.5582 
episode: 817 count: 295 score: 239.1466 average_last200: 139.5158 epis: 0.0001 loss: 52.5203 
episode: 818 count: 411 score: 188.6840 average_last200: 139.4763 epis: 0.0001 loss: 54.9302 
episode: 819 count: 324 score: 229.4541 average_last200: 140.5668 epis: 0.0001 loss: 65.9755 
episode: 820 count: 397 score: 175.7663 average_last200: 140.3121 epis: 0.0001 loss: 74.0686 
episode: 821 count: 373 score: 236.1260 average_last200: 140.4409 epis: 0.0001 loss: 60.6143 
episode: 822 count: 183 score: -6.9618 average_last200: 139.3301 epis: 0.0001 loss: 30.9723 
episode: 823 count: 418 score: 229.1184 average_last200: 139.2873 epis: 0.0001 loss: 61.1405 
episode: 824 count: 292 score: 225.1498 average_last200: 139.2227 epis: 0.0001 loss: 49.1579 
episode: 825 count: 257 score: 187.5043 average_last200: 139.1713 epis: 0.0001 loss: 47.8674 
episode: 826 count: 323 score: 216.8936 average_last200: 139.3235 epis: 0.0001 loss: 58.1809 
episode: 827 count: 260 score: 220.6379 average_last200: 139.2650 epis: 0.0001 loss: 43.2626 
episode: 828 count: 259 score: 230.3365 average_last200: 140.3969 epis: 0.0001 loss: 49.5258 
episode: 829 count: 139 score: 26.1362 average_last200: 139.4753 epis: 0.0001 loss: 27.7559 
episode: 830 count: 189 score: 189.9558 average_last200: 139.2754 epis: 0.0001 loss: 31.8376 
episode: 831 count: 311 score: 219.1599 average_last200: 139.3372 epis: 0.0001 loss: 53.0588 
episode: 832 count: 273 score: 255.5256 average_last200: 139.4379 epis: 0.0001 loss: 51.3450 
episode: 833 count: 255 score: 221.2228 average_last200: 139.6077 epis: 0.0001 loss: 38.6418 
episode: 834 count: 365 score: 195.5316 average_last200: 140.7445 epis: 0.0001 loss: 55.0626 
episode: 835 count: 318 score: 215.8015 average_last200: 140.9058 epis: 0.0001 loss: 52.4729 
episode: 836 count: 178 score: -5.8200 average_last200: 139.7006 epis: 0.0001 loss: 33.7803 
episode: 837 count: 259 score: 209.1924 average_last200: 139.5646 epis: 0.0001 loss: 41.1019 
episode: 838 count: 249 score: 245.9535 average_last200: 139.6273 epis: 0.0001 loss: 40.9974 
episode: 839 count: 229 score: 234.0263 average_last200: 139.5762 epis: 0.0001 loss: 45.0554 
episode: 840 count: 244 score: 14.3741 average_last200: 138.4708 epis: 0.0001 loss: 47.5115 
episode: 841 count: 148 score: 26.4089 average_last200: 137.5614 epis: 0.0001 loss: 22.7901 
episode: 842 count: 406 score: 201.8760 average_last200: 138.5432 epis: 0.0001 loss: 71.9122 
episode: 843 count: 282 score: 251.8502 average_last200: 139.9027 epis: 0.0001 loss: 62.1640 
episode: 844 count: 355 score: 224.1321 average_last200: 141.0434 epis: 0.0001 loss: 56.4186 
episode: 845 count: 292 score: 187.8776 average_last200: 140.8309 epis: 0.0001 loss: 48.0697 
episode: 846 count: 143 score: -9.9795 average_last200: 139.7715 epis: 0.0001 loss: 20.4928 
episode: 847 count: 267 score: 178.5877 average_last200: 139.8128 epis: 0.0001 loss: 41.3610 
episode: 848 count: 241 score: 3.7475 average_last200: 138.6840 epis: 0.0001 loss: 45.2069 
episode: 849 count: 325 score: 224.1518 average_last200: 138.7918 epis: 0.0001 loss: 53.0209 
episode: 850 count: 350 score: 170.7325 average_last200: 138.7263 epis: 0.0001 loss: 61.5865 
episode: 851 count: 169 score: 206.3467 average_last200: 139.7148 epis: 0.0001 loss: 27.2914 
episode: 852 count: 231 score: 217.3475 average_last200: 139.9246 epis: 0.0001 loss: 41.0744 
episode: 853 count: 198 score: 217.4821 average_last200: 139.9433 epis: 0.0001 loss: 42.2813 
episode: 854 count: 258 score: 219.1788 average_last200: 141.6078 epis: 0.0001 loss: 51.4177 
episode: 855 count: 398 score: 198.6462 average_last200: 141.3812 epis: 0.0001 loss: 75.0116 
episode: 856 count: 289 score: 249.3779 average_last200: 141.5849 epis: 0.0001 loss: 50.3492 
episode: 857 count: 346 score: 200.0799 average_last200: 141.6697 epis: 0.0001 loss: 53.0879 
episode: 858 count: 248 score: 236.0450 average_last200: 141.9327 epis: 0.0001 loss: 43.5840 
episode: 859 count: 405 score: 189.0313 average_last200: 141.7370 epis: 0.0001 loss: 58.6224 
episode: 860 count: 168 score: -45.0096 average_last200: 140.5780 epis: 0.0001 loss: 28.8424 
episode: 861 count: 327 score: 199.2651 average_last200: 140.5590 epis: 0.0001 loss: 53.5593 
episode: 862 count: 170 score: -8.3061 average_last200: 139.5208 epis: 0.0001 loss: 23.5553 
episode: 863 count: 143 score: 27.6782 average_last200: 138.5633 epis: 0.0001 loss: 28.3112 
episode: 864 count: 225 score: 235.3815 average_last200: 139.8746 epis: 0.0001 loss: 46.9001 
episode: 865 count: 324 score: 211.4449 average_last200: 139.6582 epis: 0.0001 loss: 52.6114 
episode: 866 count: 383 score: 206.9669 average_last200: 139.5936 epis: 0.0001 loss: 67.2645 
episode: 867 count: 351 score: 205.7400 average_last200: 140.6560 epis: 0.0001 loss: 66.8829 
episode: 868 count: 279 score: 193.9127 average_last200: 140.4990 epis: 0.0001 loss: 43.3563 
episode: 869 count: 466 score: 175.3632 average_last200: 140.3153 epis: 0.0001 loss: 63.0576 
episode: 870 count: 393 score: 207.0670 average_last200: 140.3315 epis: 0.0001 loss: 59.1631 
episode: 871 count: 231 score: -51.2197 average_last200: 138.9142 epis: 0.0001 loss: 37.6769 
episode: 872 count: 208 score: -19.8559 average_last200: 137.5482 epis: 0.0001 loss: 34.8334 
episode: 873 count: 230 score: 13.3188 average_last200: 137.6071 epis: 0.0001 loss: 44.1496 
episode: 874 count: 229 score: 9.4092 average_last200: 137.5824 epis: 0.0001 loss: 37.7701 
episode: 875 count: 178 score: -1.9156 average_last200: 136.3181 epis: 0.0001 loss: 32.3314 
episode: 876 count: 339 score: 191.9685 average_last200: 137.2884 epis: 0.0001 loss: 61.7722 
episode: 877 count: 343 score: 221.9022 average_last200: 137.5759 epis: 0.0001 loss: 62.1302 
episode: 878 count: 291 score: 212.0746 average_last200: 137.5643 epis: 0.0001 loss: 47.2565 
episode: 879 count: 317 score: 205.0553 average_last200: 137.5113 epis: 0.0001 loss: 57.4723 
episode: 880 count: 355 score: 237.5068 average_last200: 138.6882 epis: 0.0001 loss: 59.9974 
episode: 881 count: 403 score: 198.5279 average_last200: 139.6934 epis: 0.0001 loss: 56.4001 
episode: 882 count: 156 score: 20.2537 average_last200: 139.7915 epis: 0.0001 loss: 27.6261 
episode: 883 count: 235 score: 7.8293 average_last200: 138.6626 epis: 0.0001 loss: 36.4820 
episode: 884 count: 171 score: -1.7837 average_last200: 137.4398 epis: 0.0001 loss: 29.5944 
episode: 885 count: 235 score: 179.3311 average_last200: 138.3056 epis: 0.0001 loss: 36.7178 
episode: 886 count: 334 score: 205.4867 average_last200: 138.0952 epis: 0.0001 loss: 55.7115 
episode: 887 count: 271 score: 211.7232 average_last200: 138.1410 epis: 0.0001 loss: 40.0461 
episode: 888 count: 268 score: 248.5854 average_last200: 138.2969 epis: 0.0001 loss: 41.3431 
episode: 889 count: 272 score: 223.5328 average_last200: 139.3765 epis: 0.0001 loss: 38.1160 
episode: 890 count: 303 score: 233.1387 average_last200: 140.4163 epis: 0.0001 loss: 47.8975 
episode: 891 count: 323 score: 208.0802 average_last200: 140.4990 epis: 0.0001 loss: 47.0042 
episode: 892 count: 182 score: 23.3123 average_last200: 140.6289 epis: 0.0001 loss: 27.0816 
episode: 893 count: 400 score: 220.6482 average_last200: 141.8780 epis: 0.0001 loss: 68.5415 
episode: 894 count: 327 score: 199.6471 average_last200: 143.0359 epis: 0.0001 loss: 59.9261 
episode: 895 count: 435 score: 203.1678 average_last200: 144.2185 epis: 0.0000 loss: 66.7451 
episode: 896 count: 279 score: 198.8004 average_last200: 144.0506 epis: 0.0000 loss: 50.5874 
episode: 897 count: 205 score: 3.3898 average_last200: 142.9212 epis: 0.0000 loss: 37.8080 
episode: 898 count: 262 score: 240.1138 average_last200: 144.2913 epis: 0.0000 loss: 50.4856 
episode: 899 count: 489 score: 175.4673 average_last200: 145.2377 epis: 0.0000 loss: 79.0566 
episode: 900 count: 274 score: 200.9494 average_last200: 146.2564 epis: 0.0000 loss: 50.9739 
episode: 901 count: 218 score: 255.4013 average_last200: 146.3981 epis: 0.0000 loss: 32.2157 
episode: 902 count: 253 score: 207.6095 average_last200: 147.4409 epis: 0.0000 loss: 43.6346 
episode: 903 count: 300 score: 251.7433 average_last200: 148.7830 epis: 0.0000 loss: 54.8658 
episode: 904 count: 213 score: 249.6084 average_last200: 148.8666 epis: 0.0000 loss: 27.7340 
episode: 905 count: 233 score: 250.7847 average_last200: 150.1471 epis: 0.0000 loss: 32.3755 
episode: 906 count: 655 score: 174.9245 average_last200: 149.9888 epis: 0.0000 loss: 103.4721 
episode: 907 count: 270 score: 194.5780 average_last200: 150.0341 epis: 0.0000 loss: 45.7262 
episode: 908 count: 147 score: 24.7674 average_last200: 149.1898 epis: 0.0000 loss: 23.9243 
episode: 909 count: 218 score: 256.2881 average_last200: 150.5923 epis: 0.0000 loss: 34.6085 
episode: 910 count: 151 score: 26.5738 average_last200: 150.8771 epis: 0.0000 loss: 18.1558 
episode: 911 count: 514 score: 182.6947 average_last200: 151.8814 epis: 0.0000 loss: 80.5060 
episode: 912 count: 476 score: 201.1308 average_last200: 151.8744 epis: 0.0000 loss: 78.1575 
episode: 913 count: 295 score: 236.0713 average_last200: 152.9709 epis: 0.0000 loss: 45.9869 
episode: 914 count: 279 score: 228.0059 average_last200: 154.2304 epis: 0.0000 loss: 49.3965 
episode: 915 count: 331 score: 240.0645 average_last200: 154.2614 epis: 0.0000 loss: 57.2338 
episode: 916 count: 250 score: 238.4552 average_last200: 154.2200 epis: 0.0000 loss: 41.8749 
episode: 917 count: 222 score: 235.2097 average_last200: 155.5380 epis: 0.0000 loss: 29.4415 
episode: 918 count: 167 score: 28.7385 average_last200: 155.6954 epis: 0.0000 loss: 28.5099 
episode: 919 count: 301 score: 225.6174 average_last200: 157.0008 epis: 0.0000 loss: 45.2387 
episode: 920 count: 306 score: 238.4063 average_last200: 157.2952 epis: 0.0000 loss: 49.9386 
episode: 921 count: 255 score: -45.1676 average_last200: 155.8323 epis: 0.0000 loss: 52.6873 
episode: 922 count: 313 score: 237.8714 average_last200: 157.2617 epis: 0.0000 loss: 49.9609 
episode: 923 count: 289 score: 227.5693 average_last200: 158.4358 epis: 0.0000 loss: 49.7552 
episode: 924 count: 260 score: -3.2198 average_last200: 157.3365 epis: 0.0000 loss: 38.7585 
episode: 925 count: 244 score: 15.4908 average_last200: 157.4344 epis: 0.0000 loss: 41.0028 
episode: 926 count: 287 score: 234.9025 average_last200: 158.8797 epis: 0.0000 loss: 52.2342 
episode: 927 count: 356 score: 241.5799 average_last200: 160.0394 epis: 0.0000 loss: 61.3782 
episode: 928 count: 451 score: 186.7196 average_last200: 161.0544 epis: 0.0000 loss: 69.0116 
episode: 929 count: 363 score: 207.5077 average_last200: 161.0011 epis: 0.0000 loss: 65.2910 
episode: 930 count: 304 score: 233.7498 average_last200: 162.5786 epis: 0.0000 loss: 38.5599 
episode: 931 count: 306 score: 218.4947 average_last200: 162.5815 epis: 0.0000 loss: 48.8295 
episode: 932 count: 282 score: 222.8974 average_last200: 163.6468 epis: 0.0000 loss: 45.5134 
episode: 933 count: 326 score: 169.9839 average_last200: 164.5933 epis: 0.0000 loss: 48.0092 
episode: 934 count: 332 score: 219.9850 average_last200: 165.7966 epis: 0.0000 loss: 56.1645 
episode: 935 count: 287 score: 182.1109 average_last200: 166.6342 epis: 0.0000 loss: 43.0657 
episode: 936 count: 237 score: 252.1157 average_last200: 166.8714 epis: 0.0000 loss: 42.6788 
episode: 937 count: 411 score: 195.1043 average_last200: 167.8762 epis: 0.0000 loss: 60.1676 
episode: 938 count: 273 score: -9.5940 average_last200: 166.8200 epis: 0.0000 loss: 45.8838 
episode: 939 count: 314 score: 216.3895 average_last200: 166.9352 epis: 0.0000 loss: 50.3780 
episode: 940 count: 454 score: 209.7497 average_last200: 166.8784 epis: 0.0000 loss: 68.0496 
episode: 941 count: 282 score: 196.7809 average_last200: 166.7188 epis: 0.0000 loss: 47.3704 
episode: 942 count: 447 score: 193.8467 average_last200: 166.6519 epis: 0.0000 loss: 78.5400 
episode: 943 count: 231 score: 251.8299 average_last200: 167.1879 epis: 0.0000 loss: 35.3081 
episode: 944 count: 310 score: 227.4972 average_last200: 167.4709 epis: 0.0000 loss: 55.8980 
episode: 945 count: 270 score: 233.1842 average_last200: 167.7102 epis: 0.0000 loss: 43.4505 
episode: 946 count: 469 score: 173.4947 average_last200: 168.4720 epis: 0.0000 loss: 72.9045 
episode: 947 count: 575 score: 180.8425 average_last200: 169.3645 epis: 0.0000 loss: 84.5486 
episode: 948 count: 294 score: 231.0047 average_last200: 169.4905 epis: 0.0000 loss: 53.0866 
episode: 949 count: 279 score: 183.8370 average_last200: 169.3621 epis: 0.0000 loss: 48.5636 
episode: 950 count: 347 score: 191.3481 average_last200: 169.2144 epis: 0.0000 loss: 53.0132 
episode: 951 count: 208 score: 255.6042 average_last200: 169.3141 epis: 0.0000 loss: 39.9107 
episode: 952 count: 634 score: 187.3534 average_last200: 169.2752 epis: 0.0000 loss: 93.0709 
episode: 953 count: 228 score: 250.7790 average_last200: 170.5665 epis: 0.0000 loss: 35.1646 
episode: 954 count: 223 score: 263.2579 average_last200: 171.0979 epis: 0.0000 loss: 36.1909 
episode: 955 count: 332 score: 193.5969 average_last200: 171.1224 epis: 0.0000 loss: 56.2687 
episode: 956 count: 458 score: 189.0304 average_last200: 171.0608 epis: 0.0000 loss: 66.7570 
episode: 957 count: 690 score: 112.7125 average_last200: 170.8012 epis: 0.0000 loss: 103.3838 
episode: 958 count: 266 score: 248.4525 average_last200: 170.9464 epis: 0.0000 loss: 40.4282 
episode: 959 count: 263 score: 200.1472 average_last200: 170.9066 epis: 0.0000 loss: 34.2575 
episode: 960 count: 666 score: 154.4099 average_last200: 170.9369 epis: 0.0000 loss: 101.4812 
episode: 961 count: 1000 score: -30.4329 average_last200: 169.7915 epis: 0.0000 loss: 128.5157 
episode: 962 count: 338 score: 219.8748 average_last200: 170.1540 epis: 0.0000 loss: 44.1277 
episode: 963 count: 711 score: 218.0773 average_last200: 171.1743 epis: 0.0000 loss: 99.4972 
episode: 964 count: 456 score: 184.5311 average_last200: 172.2769 epis: 0.0000 loss: 70.3145 
episode: 965 count: 391 score: 189.1520 average_last200: 172.3183 epis: 0.0000 loss: 47.1039 
episode: 966 count: 312 score: 207.3826 average_last200: 172.4785 epis: 0.0000 loss: 48.6243 
episode: 967 count: 337 score: 175.0444 average_last200: 173.2503 epis: 0.0000 loss: 50.1973 
episode: 968 count: 293 score: 222.0971 average_last200: 173.5568 epis: 0.0000 loss: 39.6699 
episode: 969 count: 374 score: 183.1333 average_last200: 173.9140 epis: 0.0000 loss: 50.3676 
episode: 970 count: 316 score: 198.5362 average_last200: 174.8255 epis: 0.0000 loss: 40.2640 
episode: 971 count: 388 score: 184.7465 average_last200: 174.9687 epis: 0.0000 loss: 51.9186 
episode: 972 count: 240 score: 213.2015 average_last200: 175.3071 epis: 0.0000 loss: 42.2910 
episode: 973 count: 276 score: 238.9145 average_last200: 175.7855 epis: 0.0000 loss: 48.1539 
episode: 974 count: 323 score: 227.5897 average_last200: 175.8996 epis: 0.0000 loss: 58.1522 
episode: 975 count: 445 score: 142.3048 average_last200: 175.5250 epis: 0.0000 loss: 63.1680 
episode: 976 count: 235 score: 231.8792 average_last200: 175.6044 epis: 0.0000 loss: 32.0407 
episode: 977 count: 438 score: 168.2170 average_last200: 176.5023 epis: 0.0000 loss: 63.7250 
episode: 978 count: 294 score: 232.8177 average_last200: 176.8990 epis: 0.0000 loss: 52.1119 
episode: 979 count: 304 score: 187.2585 average_last200: 176.8539 epis: 0.0000 loss: 45.2998 
episode: 980 count: 379 score: 185.5053 average_last200: 176.8699 epis: 0.0000 loss: 59.7188 
episode: 981 count: 488 score: 148.8719 average_last200: 176.3249 epis: 0.0000 loss: 65.6463 
episode: 982 count: 341 score: 170.6979 average_last200: 177.4226 epis: 0.0000 loss: 44.7382 
episode: 983 count: 458 score: 179.9580 average_last200: 177.5309 epis: 0.0000 loss: 66.4820 
episode: 984 count: 261 score: 230.3760 average_last200: 177.7803 epis: 0.0000 loss: 34.6119 
episode: 985 count: 192 score: 24.7389 average_last200: 176.8353 epis: 0.0000 loss: 27.1525 
episode: 986 count: 368 score: 197.6603 average_last200: 176.6654 epis: 0.0000 loss: 48.1278 
episode: 987 count: 287 score: 214.1922 average_last200: 176.9473 epis: 0.0000 loss: 40.7853 
episode: 988 count: 236 score: 272.4071 average_last200: 177.5878 epis: 0.0000 loss: 32.9138 
episode: 989 count: 348 score: 216.7419 average_last200: 177.6055 epis: 0.0000 loss: 39.7788 
episode: 990 count: 504 score: 186.0790 average_last200: 177.7454 epis: 0.0000 loss: 82.7978 
episode: 991 count: 348 score: 199.9007 average_last200: 177.7286 epis: 0.0000 loss: 54.9018 
episode: 992 count: 227 score: 226.6122 average_last200: 177.8901 epis: 0.0000 loss: 25.4815 
episode: 993 count: 359 score: 198.8581 average_last200: 177.9330 epis: 0.0000 loss: 58.8466 
episode: 994 count: 273 score: 242.0500 average_last200: 178.0127 epis: 0.0000 loss: 40.7083 
episode: 995 count: 845 score: 119.3273 average_last200: 177.4645 epis: 0.0000 loss: 136.8967 
episode: 996 count: 262 score: 239.5498 average_last200: 177.7227 epis: 0.0000 loss: 35.3944 
episode: 997 count: 336 score: 234.7848 average_last200: 178.0139 epis: 0.0000 loss: 43.2260 
episode: 998 count: 707 score: 152.3173 average_last200: 177.7133 epis: 0.0000 loss: 84.8707 
episode: 999 count: 343 score: 228.4380 average_last200: 177.7287 epis: 0.0000 loss: 45.0888 
