[33mWARN: gym.spaces.Box autodetected dtype as <class 'numpy.float32'>. Please provide explicit dtype.[0m
All para: Epis 1000 memlen 100000 gamma 0.990 epsilon 0.999 alpha 0.00200 batch 30 upfreq 500
episode: 0 count: 103 score: -201.7553 average_last200: -201.7553 epis: 0.9990 loss: 0.0000 
episode: 1 count: 84 score: -164.3968 average_last200: -183.0761 epis: 0.9980 loss: 0.0000 
episode: 2 count: 132 score: -150.1011 average_last200: -172.0844 epis: 0.9970 loss: 0.0000 
episode: 3 count: 75 score: -146.4896 average_last200: -165.6857 epis: 0.9960 loss: 0.0000 
episode: 4 count: 93 score: -344.2022 average_last200: -201.3890 epis: 0.9950 loss: 0.0000 
episode: 5 count: 88 score: -489.0477 average_last200: -249.3321 epis: 0.9940 loss: 0.0000 
episode: 6 count: 105 score: -465.1571 average_last200: -280.1643 epis: 0.9930 loss: 0.0000 
episode: 7 count: 73 score: -182.3052 average_last200: -267.9319 epis: 0.9920 loss: 0.0000 
episode: 8 count: 128 score: -211.1852 average_last200: -261.6267 epis: 0.9910 loss: 0.0000 
episode: 9 count: 67 score: -113.9512 average_last200: -246.8591 epis: 0.9900 loss: 0.0000 
episode: 10 count: 105 score: -228.5302 average_last200: -245.1929 epis: 0.9891 loss: 34.4650 
episode: 11 count: 1000 score: 47.6477 average_last200: -220.7895 epis: 0.9881 loss: 449.4096 
episode: 12 count: 62 score: -130.1173 average_last200: -213.8147 epis: 0.9871 loss: 28.7061 
episode: 13 count: 100 score: -168.2858 average_last200: -210.5627 epis: 0.9861 loss: 46.5050 
episode: 14 count: 76 score: -395.6797 average_last200: -222.9038 epis: 0.9851 loss: 29.5599 
episode: 15 count: 75 score: -126.8973 average_last200: -216.9034 epis: 0.9841 loss: 32.9493 
episode: 16 count: 63 score: -163.1354 average_last200: -213.7406 epis: 0.9831 loss: 25.6645 
episode: 17 count: 113 score: -280.9169 average_last200: -217.4726 epis: 0.9822 loss: 49.9806 
episode: 18 count: 74 score: -59.9984 average_last200: -209.1845 epis: 0.9812 loss: 31.2361 
episode: 19 count: 101 score: -375.0858 average_last200: -217.4795 epis: 0.9802 loss: 45.5246 
episode: 20 count: 62 score: -161.0977 average_last200: -214.7947 epis: 0.9792 loss: 26.4496 
episode: 21 count: 76 score: -310.0117 average_last200: -219.1227 epis: 0.9782 loss: 30.5983 
episode: 22 count: 106 score: -95.6624 average_last200: -213.7549 epis: 0.9773 loss: 46.7383 
episode: 23 count: 78 score: -170.1315 average_last200: -211.9372 epis: 0.9763 loss: 33.8649 
episode: 24 count: 73 score: -183.9868 average_last200: -210.8192 epis: 0.9753 loss: 34.0934 
episode: 25 count: 89 score: -52.1174 average_last200: -204.7153 epis: 0.9743 loss: 37.0475 
episode: 26 count: 139 score: -264.6438 average_last200: -206.9349 epis: 0.9733 loss: 61.6722 
episode: 27 count: 124 score: -184.8663 average_last200: -206.1467 epis: 0.9724 loss: 48.1660 
episode: 28 count: 99 score: -272.4452 average_last200: -208.4329 epis: 0.9714 loss: 45.5940 
episode: 29 count: 103 score: -155.5413 average_last200: -206.6698 epis: 0.9704 loss: 43.3917 
episode: 30 count: 102 score: -262.8817 average_last200: -208.4831 epis: 0.9695 loss: 38.7251 
episode: 31 count: 76 score: -139.6950 average_last200: -206.3335 epis: 0.9685 loss: 33.6282 
episode: 32 count: 66 score: -87.1543 average_last200: -202.7220 epis: 0.9675 loss: 24.5932 
episode: 33 count: 114 score: -565.6819 average_last200: -213.3973 epis: 0.9666 loss: 45.3855 
episode: 34 count: 88 score: -212.4801 average_last200: -213.3711 epis: 0.9656 loss: 35.7772 
episode: 35 count: 75 score: -184.1786 average_last200: -212.5602 epis: 0.9646 loss: 30.1152 
episode: 36 count: 97 score: -367.4740 average_last200: -216.7470 epis: 0.9637 loss: 39.4251 
episode: 37 count: 71 score: -192.4517 average_last200: -216.1077 epis: 0.9627 loss: 21.8343 
episode: 38 count: 82 score: -177.2504 average_last200: -215.1113 epis: 0.9617 loss: 30.3800 
episode: 39 count: 93 score: -215.7847 average_last200: -215.1282 epis: 0.9608 loss: 37.8326 
episode: 40 count: 99 score: -458.1420 average_last200: -221.0553 epis: 0.9598 loss: 36.4285 
episode: 41 count: 112 score: -231.3353 average_last200: -221.3001 epis: 0.9588 loss: 41.6649 
episode: 42 count: 72 score: -100.2994 average_last200: -218.4861 epis: 0.9579 loss: 32.1464 
episode: 43 count: 138 score: -97.6813 average_last200: -215.7406 epis: 0.9569 loss: 49.0067 
episode: 44 count: 114 score: -190.5659 average_last200: -215.1811 epis: 0.9560 loss: 53.6326 
episode: 45 count: 118 score: -166.5855 average_last200: -214.1247 epis: 0.9550 loss: 52.1606 
episode: 46 count: 78 score: -161.8107 average_last200: -213.0116 epis: 0.9541 loss: 25.7745 
episode: 47 count: 98 score: -52.0743 average_last200: -209.6588 epis: 0.9531 loss: 39.1950 
episode: 48 count: 89 score: -172.8792 average_last200: -208.9082 epis: 0.9522 loss: 47.9163 
episode: 49 count: 83 score: -145.8418 average_last200: -207.6469 epis: 0.9512 loss: 33.2491 
episode: 50 count: 115 score: -355.8119 average_last200: -210.5520 epis: 0.9503 loss: 52.5457 
episode: 51 count: 99 score: -292.2718 average_last200: -212.1236 epis: 0.9493 loss: 39.8201 
episode: 52 count: 97 score: -347.7710 average_last200: -214.6830 epis: 0.9484 loss: 40.5649 
episode: 53 count: 111 score: -347.1873 average_last200: -217.1368 epis: 0.9474 loss: 43.6945 
episode: 54 count: 65 score: -130.9967 average_last200: -215.5706 epis: 0.9465 loss: 30.9558 
episode: 55 count: 59 score: -111.0671 average_last200: -213.7044 epis: 0.9455 loss: 28.3472 
episode: 56 count: 81 score: -283.3276 average_last200: -214.9259 epis: 0.9446 loss: 33.1057 
episode: 57 count: 77 score: -118.8555 average_last200: -213.2695 epis: 0.9436 loss: 34.0711 
episode: 58 count: 80 score: -141.1637 average_last200: -212.0474 epis: 0.9427 loss: 31.6397 
episode: 59 count: 68 score: -178.4133 average_last200: -211.4868 epis: 0.9417 loss: 33.0262 
episode: 60 count: 101 score: -338.2530 average_last200: -213.5649 epis: 0.9408 loss: 49.9121 
episode: 61 count: 142 score: -176.0396 average_last200: -212.9597 epis: 0.9399 loss: 70.6885 
episode: 62 count: 71 score: -155.8267 average_last200: -212.0528 epis: 0.9389 loss: 31.2594 
episode: 63 count: 87 score: -452.7838 average_last200: -215.8142 epis: 0.9380 loss: 48.2446 
episode: 64 count: 82 score: -247.2989 average_last200: -216.2986 epis: 0.9370 loss: 41.5824 
episode: 65 count: 81 score: -236.9115 average_last200: -216.6109 epis: 0.9361 loss: 38.0728 
episode: 66 count: 61 score: -216.9233 average_last200: -216.6156 epis: 0.9352 loss: 26.1255 
episode: 67 count: 71 score: -133.6005 average_last200: -215.3948 epis: 0.9342 loss: 33.9443 
episode: 68 count: 60 score: -121.5425 average_last200: -214.0346 epis: 0.9333 loss: 35.8393 
episode: 69 count: 84 score: -161.9332 average_last200: -213.2903 epis: 0.9324 loss: 38.9721 
episode: 70 count: 93 score: -212.3790 average_last200: -213.2775 epis: 0.9314 loss: 37.2135 
episode: 71 count: 107 score: -162.7287 average_last200: -212.5754 epis: 0.9305 loss: 58.6999 
episode: 72 count: 93 score: -191.8936 average_last200: -212.2921 epis: 0.9296 loss: 50.0995 
episode: 73 count: 100 score: -130.2924 average_last200: -211.1840 epis: 0.9286 loss: 56.1950 
episode: 74 count: 80 score: -124.6217 average_last200: -210.0298 epis: 0.9277 loss: 45.3987 
episode: 75 count: 89 score: -157.9341 average_last200: -209.3444 epis: 0.9268 loss: 51.5378 
episode: 76 count: 88 score: -148.5691 average_last200: -208.5551 epis: 0.9259 loss: 44.5351 
episode: 77 count: 120 score: -320.5346 average_last200: -209.9907 epis: 0.9249 loss: 54.2308 
episode: 78 count: 127 score: -329.9262 average_last200: -211.5089 epis: 0.9240 loss: 64.0099 
episode: 79 count: 132 score: -130.3051 average_last200: -210.4938 epis: 0.9231 loss: 75.5726 
episode: 80 count: 65 score: -137.5191 average_last200: -209.5929 epis: 0.9222 loss: 27.5091 
episode: 81 count: 61 score: -107.2813 average_last200: -208.3452 epis: 0.9212 loss: 25.9742 
episode: 82 count: 69 score: -141.5744 average_last200: -207.5407 epis: 0.9203 loss: 35.1748 
episode: 83 count: 73 score: -414.6711 average_last200: -210.0066 epis: 0.9194 loss: 33.9715 
episode: 84 count: 62 score: -100.6566 average_last200: -208.7201 epis: 0.9185 loss: 33.2696 
episode: 85 count: 103 score: -183.8076 average_last200: -208.4304 epis: 0.9176 loss: 56.7319 
episode: 86 count: 100 score: -202.5143 average_last200: -208.3624 epis: 0.9166 loss: 64.6554 
episode: 87 count: 76 score: -129.1502 average_last200: -207.4623 epis: 0.9157 loss: 37.1089 
episode: 88 count: 114 score: -163.4640 average_last200: -206.9679 epis: 0.9148 loss: 56.2565 
episode: 89 count: 95 score: -188.1350 average_last200: -206.7587 epis: 0.9139 loss: 54.9598 
episode: 90 count: 87 score: -203.8404 average_last200: -206.7266 epis: 0.9130 loss: 48.0913 
episode: 91 count: 127 score: -130.7301 average_last200: -205.9005 epis: 0.9121 loss: 65.9061 
episode: 92 count: 69 score: -237.7206 average_last200: -206.2427 epis: 0.9112 loss: 36.1452 
episode: 93 count: 102 score: -149.2554 average_last200: -205.6365 epis: 0.9102 loss: 57.6450 
episode: 94 count: 95 score: -150.1216 average_last200: -205.0521 epis: 0.9093 loss: 51.6470 
episode: 95 count: 106 score: -133.3713 average_last200: -204.3054 epis: 0.9084 loss: 60.6216 
episode: 96 count: 82 score: -144.8224 average_last200: -203.6922 epis: 0.9075 loss: 45.9324 
episode: 97 count: 133 score: -141.1121 average_last200: -203.0536 epis: 0.9066 loss: 70.6474 
episode: 98 count: 89 score: -45.9643 average_last200: -201.4669 epis: 0.9057 loss: 38.0815 
episode: 99 count: 73 score: -128.9955 average_last200: -200.7421 epis: 0.9048 loss: 41.7827 
episode: 100 count: 81 score: -134.2268 average_last200: -200.0836 epis: 0.9039 loss: 44.6638 
episode: 101 count: 81 score: -186.0901 average_last200: -199.9464 epis: 0.9030 loss: 49.0994 
episode: 102 count: 126 score: -152.2388 average_last200: -199.4832 epis: 0.9021 loss: 52.3746 
episode: 103 count: 94 score: -140.5920 average_last200: -198.9169 epis: 0.9012 loss: 44.8923 
episode: 104 count: 135 score: -167.3985 average_last200: -198.6168 epis: 0.9003 loss: 91.2592 
episode: 105 count: 111 score: -212.7124 average_last200: -198.7497 epis: 0.8994 loss: 48.3669 
episode: 106 count: 101 score: -133.2109 average_last200: -198.1372 epis: 0.8985 loss: 45.0155 
episode: 107 count: 123 score: -151.0936 average_last200: -197.7016 epis: 0.8976 loss: 56.3550 
episode: 108 count: 108 score: -90.6865 average_last200: -196.7198 epis: 0.8967 loss: 58.0274 
episode: 109 count: 102 score: -284.3131 average_last200: -197.5162 epis: 0.8958 loss: 50.6683 
episode: 110 count: 82 score: -123.4935 average_last200: -196.8493 epis: 0.8949 loss: 46.5787 
episode: 111 count: 119 score: -175.7668 average_last200: -196.6610 epis: 0.8940 loss: 57.2429 
episode: 112 count: 76 score: -137.4983 average_last200: -196.1375 epis: 0.8931 loss: 39.6060 
episode: 113 count: 80 score: -131.6461 average_last200: -195.5718 epis: 0.8922 loss: 51.5766 
episode: 114 count: 82 score: -158.9970 average_last200: -195.2537 epis: 0.8913 loss: 48.2829 
episode: 115 count: 90 score: -372.4370 average_last200: -196.7812 epis: 0.8904 loss: 39.7883 
episode: 116 count: 79 score: -111.0933 average_last200: -196.0488 epis: 0.8895 loss: 33.4452 
episode: 117 count: 68 score: -124.3640 average_last200: -195.4413 epis: 0.8886 loss: 28.4954 
episode: 118 count: 107 score: -185.8961 average_last200: -195.3611 epis: 0.8878 loss: 52.4919 
episode: 119 count: 93 score: -112.0966 average_last200: -194.6672 epis: 0.8869 loss: 42.0514 
episode: 120 count: 109 score: -148.1629 average_last200: -194.2829 epis: 0.8860 loss: 51.8826 
episode: 121 count: 96 score: -79.2710 average_last200: -193.3402 epis: 0.8851 loss: 52.6896 
episode: 122 count: 81 score: -158.6644 average_last200: -193.0582 epis: 0.8842 loss: 41.2489 
episode: 123 count: 124 score: -123.6607 average_last200: -192.4986 epis: 0.8833 loss: 60.3350 
episode: 124 count: 61 score: -143.7731 average_last200: -192.1088 epis: 0.8824 loss: 32.5605 
episode: 125 count: 81 score: -167.3188 average_last200: -191.9120 epis: 0.8816 loss: 41.4471 
episode: 126 count: 70 score: -131.7422 average_last200: -191.4383 epis: 0.8807 loss: 32.5979 
episode: 127 count: 103 score: -180.3441 average_last200: -191.3516 epis: 0.8798 loss: 38.3010 
episode: 128 count: 66 score: -110.3014 average_last200: -190.7233 epis: 0.8789 loss: 35.2802 
episode: 129 count: 117 score: -105.6236 average_last200: -190.0687 epis: 0.8780 loss: 52.5501 
episode: 130 count: 95 score: -196.2718 average_last200: -190.1160 epis: 0.8772 loss: 48.5035 
episode: 131 count: 108 score: -472.1226 average_last200: -192.2524 epis: 0.8763 loss: 64.7887 
episode: 132 count: 116 score: -230.6428 average_last200: -192.5411 epis: 0.8754 loss: 54.4761 
episode: 133 count: 92 score: -146.5831 average_last200: -192.1981 epis: 0.8745 loss: 39.1288 
episode: 134 count: 131 score: -212.8650 average_last200: -192.3512 epis: 0.8737 loss: 59.0765 
episode: 135 count: 97 score: -139.8157 average_last200: -191.9649 epis: 0.8728 loss: 40.2166 
episode: 136 count: 92 score: -170.5927 average_last200: -191.8089 epis: 0.8719 loss: 44.5093 
episode: 137 count: 68 score: -141.7952 average_last200: -191.4465 epis: 0.8710 loss: 32.9722 
episode: 138 count: 87 score: -176.8596 average_last200: -191.3416 epis: 0.8702 loss: 33.6874 
episode: 139 count: 77 score: -150.6529 average_last200: -191.0509 epis: 0.8693 loss: 36.2904 
episode: 140 count: 80 score: -147.5515 average_last200: -190.7424 epis: 0.8684 loss: 33.0066 
episode: 141 count: 106 score: -311.4389 average_last200: -191.5924 epis: 0.8676 loss: 43.2812 
episode: 142 count: 120 score: -136.1639 average_last200: -191.2048 epis: 0.8667 loss: 67.2722 
episode: 143 count: 110 score: -113.8613 average_last200: -190.6677 epis: 0.8658 loss: 45.6477 
episode: 144 count: 74 score: -72.8039 average_last200: -189.8548 epis: 0.8650 loss: 36.4963 
episode: 145 count: 74 score: -123.8190 average_last200: -189.4025 epis: 0.8641 loss: 29.5592 
episode: 146 count: 95 score: -150.3592 average_last200: -189.1369 epis: 0.8632 loss: 50.2820 
episode: 147 count: 112 score: -152.5321 average_last200: -188.8896 epis: 0.8624 loss: 40.5485 
episode: 148 count: 66 score: -110.2746 average_last200: -188.3620 epis: 0.8615 loss: 42.6856 
episode: 149 count: 130 score: -190.0349 average_last200: -188.3731 epis: 0.8606 loss: 71.3172 
episode: 150 count: 87 score: -133.8124 average_last200: -188.0118 epis: 0.8598 loss: 59.2915 
episode: 151 count: 103 score: -134.2453 average_last200: -187.6581 epis: 0.8589 loss: 56.3837 
episode: 152 count: 100 score: -134.6120 average_last200: -187.3114 epis: 0.8581 loss: 57.1503 
episode: 153 count: 121 score: -70.1419 average_last200: -186.5505 epis: 0.8572 loss: 70.7137 
episode: 154 count: 72 score: -133.5997 average_last200: -186.2089 epis: 0.8563 loss: 32.1564 
episode: 155 count: 109 score: -260.5688 average_last200: -186.6856 epis: 0.8555 loss: 57.7680 
episode: 156 count: 123 score: -154.1127 average_last200: -186.4781 epis: 0.8546 loss: 83.9475 
episode: 157 count: 105 score: -186.7769 average_last200: -186.4800 epis: 0.8538 loss: 62.6217 
episode: 158 count: 80 score: -139.4316 average_last200: -186.1841 epis: 0.8529 loss: 40.4289 
episode: 159 count: 65 score: -101.9990 average_last200: -185.6579 epis: 0.8521 loss: 34.9899 
episode: 160 count: 109 score: -128.3609 average_last200: -185.3020 epis: 0.8512 loss: 38.7293 
episode: 161 count: 73 score: -128.6456 average_last200: -184.9523 epis: 0.8504 loss: 37.9352 
episode: 162 count: 129 score: -226.4053 average_last200: -185.2066 epis: 0.8495 loss: 60.1891 
episode: 163 count: 86 score: -57.2374 average_last200: -184.4263 epis: 0.8487 loss: 56.6979 
episode: 164 count: 76 score: -91.6646 average_last200: -183.8641 epis: 0.8478 loss: 40.4558 
episode: 165 count: 97 score: -204.8769 average_last200: -183.9907 epis: 0.8470 loss: 46.9318 
episode: 166 count: 65 score: -119.2452 average_last200: -183.6030 epis: 0.8461 loss: 28.5069 
episode: 167 count: 68 score: -107.9325 average_last200: -183.1526 epis: 0.8453 loss: 33.6316 
episode: 168 count: 115 score: -112.5185 average_last200: -182.7346 epis: 0.8444 loss: 72.9256 
episode: 169 count: 95 score: -222.7871 average_last200: -182.9703 epis: 0.8436 loss: 49.1743 
episode: 170 count: 120 score: -148.2782 average_last200: -182.7674 epis: 0.8427 loss: 87.8029 
episode: 171 count: 128 score: -128.0238 average_last200: -182.4491 epis: 0.8419 loss: 83.5647 
episode: 172 count: 117 score: -190.3645 average_last200: -182.4949 epis: 0.8411 loss: 77.8860 
episode: 173 count: 76 score: -115.1181 average_last200: -182.1076 epis: 0.8402 loss: 40.8137 
episode: 174 count: 82 score: -147.7395 average_last200: -181.9112 epis: 0.8394 loss: 37.5952 
episode: 175 count: 107 score: -130.5408 average_last200: -181.6194 epis: 0.8385 loss: 65.2807 
episode: 176 count: 136 score: -155.4516 average_last200: -181.4715 epis: 0.8377 loss: 62.7344 
episode: 177 count: 78 score: -141.4039 average_last200: -181.2464 epis: 0.8369 loss: 43.5962 
episode: 178 count: 84 score: -91.9621 average_last200: -180.7476 epis: 0.8360 loss: 39.7172 
episode: 179 count: 131 score: -170.2919 average_last200: -180.6895 epis: 0.8352 loss: 71.3530 
episode: 180 count: 102 score: -130.2428 average_last200: -180.4108 epis: 0.8344 loss: 52.3921 
episode: 181 count: 96 score: -124.6373 average_last200: -180.1044 epis: 0.8335 loss: 50.7347 
episode: 182 count: 113 score: -189.6962 average_last200: -180.1568 epis: 0.8327 loss: 59.0280 
episode: 183 count: 102 score: -132.4937 average_last200: -179.8978 epis: 0.8319 loss: 62.4575 
episode: 184 count: 102 score: -122.3842 average_last200: -179.5869 epis: 0.8310 loss: 67.3244 
episode: 185 count: 76 score: -208.5768 average_last200: -179.7427 epis: 0.8302 loss: 54.0277 
episode: 186 count: 103 score: -141.3413 average_last200: -179.5374 epis: 0.8294 loss: 56.2546 
episode: 187 count: 79 score: -128.0579 average_last200: -179.2636 epis: 0.8285 loss: 34.0741 
episode: 188 count: 78 score: -93.2486 average_last200: -178.8084 epis: 0.8277 loss: 49.6558 
episode: 189 count: 76 score: -96.6210 average_last200: -178.3759 epis: 0.8269 loss: 44.4625 
episode: 190 count: 87 score: -145.1882 average_last200: -178.2021 epis: 0.8261 loss: 48.3555 
episode: 191 count: 87 score: -125.7626 average_last200: -177.9290 epis: 0.8252 loss: 43.6602 
episode: 192 count: 96 score: -161.5020 average_last200: -177.8439 epis: 0.8244 loss: 48.0500 
episode: 193 count: 111 score: -158.3990 average_last200: -177.7437 epis: 0.8236 loss: 64.4827 
episode: 194 count: 141 score: -192.4226 average_last200: -177.8189 epis: 0.8228 loss: 96.2448 
episode: 195 count: 86 score: -108.9719 average_last200: -177.4677 epis: 0.8219 loss: 61.5092 
episode: 196 count: 121 score: -136.9333 average_last200: -177.2619 epis: 0.8211 loss: 68.7182 
episode: 197 count: 64 score: -126.2575 average_last200: -177.0043 epis: 0.8203 loss: 28.6775 
episode: 198 count: 99 score: -133.3263 average_last200: -176.7848 epis: 0.8195 loss: 55.3908 
episode: 199 count: 87 score: -166.9036 average_last200: -176.7354 epis: 0.8186 loss: 43.8214 
episode: 200 count: 124 score: -166.7165 average_last200: -176.5602 epis: 0.8178 loss: 66.0705 
episode: 201 count: 98 score: -182.1221 average_last200: -176.6489 epis: 0.8170 loss: 53.5280 
episode: 202 count: 111 score: -133.1199 average_last200: -176.5639 epis: 0.8162 loss: 68.5170 
episode: 203 count: 101 score: -150.7426 average_last200: -176.5852 epis: 0.8154 loss: 52.1619 
episode: 204 count: 119 score: -122.4306 average_last200: -175.4764 epis: 0.8146 loss: 61.3169 
episode: 205 count: 117 score: -144.6750 average_last200: -173.7545 epis: 0.8137 loss: 75.8429 
episode: 206 count: 128 score: -137.3843 average_last200: -172.1156 epis: 0.8129 loss: 70.4952 
episode: 207 count: 103 score: -149.5621 average_last200: -171.9519 epis: 0.8121 loss: 58.9408 
episode: 208 count: 61 score: -125.4333 average_last200: -171.5232 epis: 0.8113 loss: 34.5977 
episode: 209 count: 141 score: -128.7453 average_last200: -171.5971 epis: 0.8105 loss: 61.4300 
episode: 210 count: 93 score: -134.7288 average_last200: -171.1281 epis: 0.8097 loss: 55.0471 
episode: 211 count: 72 score: -139.9120 average_last200: -172.0659 epis: 0.8089 loss: 29.8427 
episode: 212 count: 86 score: -117.0073 average_last200: -172.0004 epis: 0.8081 loss: 35.9868 
episode: 213 count: 90 score: -89.2433 average_last200: -171.6052 epis: 0.8073 loss: 45.2258 
episode: 214 count: 75 score: -103.1328 average_last200: -170.1424 epis: 0.8065 loss: 42.6342 
episode: 215 count: 114 score: -134.9031 average_last200: -170.1824 epis: 0.8056 loss: 58.1167 
episode: 216 count: 109 score: -157.6510 average_last200: -170.1550 epis: 0.8048 loss: 53.4990 
episode: 217 count: 83 score: -110.3233 average_last200: -169.3021 epis: 0.8040 loss: 59.9119 
episode: 218 count: 117 score: -179.8840 average_last200: -169.9015 epis: 0.8032 loss: 53.0953 
episode: 219 count: 125 score: -174.7071 average_last200: -168.8996 epis: 0.8024 loss: 60.9366 
episode: 220 count: 95 score: -105.5165 average_last200: -168.6217 epis: 0.8016 loss: 48.9936 
episode: 221 count: 80 score: -100.6794 average_last200: -167.5750 epis: 0.8008 loss: 45.3033 
episode: 222 count: 91 score: -113.6407 average_last200: -167.6649 epis: 0.8000 loss: 46.5872 
episode: 223 count: 146 score: -103.4193 average_last200: -167.3314 epis: 0.7992 loss: 69.1360 
episode: 224 count: 101 score: -129.4215 average_last200: -167.0585 epis: 0.7984 loss: 46.0686 
episode: 225 count: 86 score: -124.4882 average_last200: -167.4204 epis: 0.7976 loss: 40.8418 
episode: 226 count: 85 score: -150.2890 average_last200: -166.8486 epis: 0.7968 loss: 43.1025 
episode: 227 count: 126 score: -106.8641 average_last200: -166.4586 epis: 0.7960 loss: 66.7761 
episode: 228 count: 103 score: -347.9765 average_last200: -166.8363 epis: 0.7952 loss: 48.7054 
episode: 229 count: 84 score: -110.2057 average_last200: -166.6096 epis: 0.7944 loss: 36.7287 
episode: 230 count: 86 score: -92.1882 average_last200: -165.7561 epis: 0.7936 loss: 40.9132 
episode: 231 count: 100 score: -139.3241 average_last200: -165.7543 epis: 0.7929 loss: 62.3952 
episode: 232 count: 108 score: -127.0901 average_last200: -165.9539 epis: 0.7921 loss: 49.7567 
episode: 233 count: 119 score: -286.0872 average_last200: -164.5560 epis: 0.7913 loss: 57.2105 
episode: 234 count: 90 score: -114.5622 average_last200: -164.0664 epis: 0.7905 loss: 42.0979 
episode: 235 count: 72 score: -111.1728 average_last200: -163.7013 epis: 0.7897 loss: 33.9490 
episode: 236 count: 105 score: -86.8149 average_last200: -162.2980 epis: 0.7889 loss: 44.7763 
episode: 237 count: 76 score: -186.0024 average_last200: -162.2658 epis: 0.7881 loss: 33.9342 
episode: 238 count: 68 score: -97.5781 average_last200: -161.8674 epis: 0.7873 loss: 31.0827 
episode: 239 count: 65 score: -143.1564 average_last200: -161.5043 epis: 0.7865 loss: 33.0044 
episode: 240 count: 118 score: -85.5770 average_last200: -159.6415 epis: 0.7857 loss: 49.5665 
episode: 241 count: 121 score: -149.1219 average_last200: -159.2304 epis: 0.7850 loss: 47.2722 
episode: 242 count: 108 score: -117.5153 average_last200: -159.3165 epis: 0.7842 loss: 52.5195 
episode: 243 count: 127 score: -122.8677 average_last200: -159.4424 epis: 0.7834 loss: 72.8040 
episode: 244 count: 86 score: -138.8298 average_last200: -159.1837 epis: 0.7826 loss: 44.7730 
episode: 245 count: 156 score: -101.1441 average_last200: -158.8565 epis: 0.7818 loss: 57.9261 
episode: 246 count: 78 score: -122.1396 average_last200: -158.6582 epis: 0.7810 loss: 44.0523 
episode: 247 count: 163 score: -87.0732 average_last200: -158.8332 epis: 0.7803 loss: 54.3681 
episode: 248 count: 138 score: -126.7706 average_last200: -158.6026 epis: 0.7795 loss: 53.8772 
episode: 249 count: 83 score: -70.2167 average_last200: -158.2245 epis: 0.7787 loss: 38.0231 
episode: 250 count: 120 score: -78.4753 average_last200: -156.8378 epis: 0.7779 loss: 58.4354 
episode: 251 count: 105 score: -150.4936 average_last200: -156.1289 epis: 0.7771 loss: 46.6152 
episode: 252 count: 142 score: -135.5275 average_last200: -155.0677 epis: 0.7764 loss: 70.7587 
episode: 253 count: 106 score: -146.0567 average_last200: -154.0620 epis: 0.7756 loss: 56.8867 
episode: 254 count: 118 score: -65.4235 average_last200: -153.7342 epis: 0.7748 loss: 49.0250 
episode: 255 count: 150 score: -149.4780 average_last200: -153.9262 epis: 0.7740 loss: 62.0026 
episode: 256 count: 103 score: -196.2596 average_last200: -153.4909 epis: 0.7733 loss: 58.3934 
episode: 257 count: 131 score: -131.0949 average_last200: -153.5521 epis: 0.7725 loss: 65.0910 
episode: 258 count: 105 score: -107.3617 average_last200: -153.3831 epis: 0.7717 loss: 47.6251 
episode: 259 count: 132 score: -120.5359 average_last200: -153.0937 epis: 0.7710 loss: 54.8747 
episode: 260 count: 82 score: -122.5249 average_last200: -152.0151 epis: 0.7702 loss: 34.6190 
episode: 261 count: 61 score: -148.0506 average_last200: -151.8751 epis: 0.7694 loss: 30.6333 
episode: 262 count: 122 score: -89.2850 average_last200: -151.5424 epis: 0.7686 loss: 60.0558 
episode: 263 count: 69 score: -75.3593 average_last200: -149.6553 epis: 0.7679 loss: 31.3223 
episode: 264 count: 65 score: -111.3897 average_last200: -148.9757 epis: 0.7671 loss: 30.6993 
episode: 265 count: 80 score: -124.9486 average_last200: -148.4159 epis: 0.7663 loss: 31.9908 
episode: 266 count: 66 score: -112.0273 average_last200: -147.8914 epis: 0.7656 loss: 23.1881 
episode: 267 count: 76 score: -101.5856 average_last200: -147.7314 epis: 0.7648 loss: 47.9971 
episode: 268 count: 101 score: -76.0289 average_last200: -147.5038 epis: 0.7640 loss: 45.6477 
episode: 269 count: 79 score: -146.6090 average_last200: -147.4272 epis: 0.7633 loss: 31.6754 
episode: 270 count: 103 score: -113.4467 average_last200: -146.9325 epis: 0.7625 loss: 53.6202 
episode: 271 count: 71 score: -87.5539 average_last200: -146.5566 epis: 0.7618 loss: 27.5390 
episode: 272 count: 108 score: -70.4756 average_last200: -145.9496 epis: 0.7610 loss: 47.4027 
episode: 273 count: 135 score: -278.6881 average_last200: -146.6915 epis: 0.7602 loss: 64.4704 
episode: 274 count: 80 score: -174.0916 average_last200: -146.9389 epis: 0.7595 loss: 45.8321 
episode: 275 count: 107 score: -108.1943 average_last200: -146.6902 epis: 0.7587 loss: 52.3530 
episode: 276 count: 104 score: -82.0244 average_last200: -146.3575 epis: 0.7579 loss: 48.8949 
episode: 277 count: 82 score: -94.3628 average_last200: -145.2266 epis: 0.7572 loss: 36.7317 
episode: 278 count: 89 score: -91.5513 average_last200: -144.0347 epis: 0.7564 loss: 26.6805 
episode: 279 count: 122 score: -183.9825 average_last200: -144.3031 epis: 0.7557 loss: 71.7069 
episode: 280 count: 95 score: -116.5389 average_last200: -144.1982 epis: 0.7549 loss: 42.1626 
episode: 281 count: 96 score: -158.7258 average_last200: -144.4554 epis: 0.7542 loss: 38.4217 
episode: 282 count: 151 score: -64.6738 average_last200: -144.0709 epis: 0.7534 loss: 56.9768 
episode: 283 count: 105 score: -120.0415 average_last200: -142.5978 epis: 0.7527 loss: 48.4517 
episode: 284 count: 112 score: -141.7070 average_last200: -142.8030 epis: 0.7519 loss: 54.9691 
episode: 285 count: 125 score: -134.6848 average_last200: -142.5574 epis: 0.7512 loss: 44.8694 
episode: 286 count: 83 score: -124.9596 average_last200: -142.1696 epis: 0.7504 loss: 38.0434 
episode: 287 count: 104 score: -123.5556 average_last200: -142.1417 epis: 0.7497 loss: 43.2541 
episode: 288 count: 142 score: -125.0403 average_last200: -141.9496 epis: 0.7489 loss: 63.9274 
episode: 289 count: 99 score: -127.1008 average_last200: -141.6444 epis: 0.7482 loss: 57.8046 
episode: 290 count: 107 score: -116.4178 average_last200: -141.2073 epis: 0.7474 loss: 52.9040 
episode: 291 count: 77 score: -79.3528 average_last200: -140.9504 epis: 0.7467 loss: 44.7512 
episode: 292 count: 109 score: -120.2967 average_last200: -140.3633 epis: 0.7459 loss: 45.4006 
episode: 293 count: 118 score: -47.2100 average_last200: -139.8530 epis: 0.7452 loss: 63.3742 
episode: 294 count: 71 score: -105.6938 average_last200: -139.6309 epis: 0.7444 loss: 30.6147 
episode: 295 count: 104 score: -125.6625 average_last200: -139.5924 epis: 0.7437 loss: 49.7754 
episode: 296 count: 83 score: -77.9213 average_last200: -139.2578 epis: 0.7429 loss: 42.8132 
episode: 297 count: 127 score: -85.2582 average_last200: -138.9786 epis: 0.7422 loss: 47.2108 
episode: 298 count: 118 score: -151.6982 average_last200: -139.5072 epis: 0.7414 loss: 43.8011 
episode: 299 count: 91 score: -123.5556 average_last200: -139.4800 epis: 0.7407 loss: 37.1982 
episode: 300 count: 76 score: -112.9125 average_last200: -139.3735 epis: 0.7400 loss: 58.0606 
episode: 301 count: 76 score: -113.7273 average_last200: -139.0117 epis: 0.7392 loss: 28.2256 
episode: 302 count: 83 score: -99.2097 average_last200: -138.7465 epis: 0.7385 loss: 40.1029 
episode: 303 count: 118 score: -123.0861 average_last200: -138.6590 epis: 0.7377 loss: 43.2563 
episode: 304 count: 116 score: -143.0385 average_last200: -138.5372 epis: 0.7370 loss: 48.7687 
episode: 305 count: 112 score: -38.6361 average_last200: -137.6668 epis: 0.7363 loss: 42.3048 
episode: 306 count: 89 score: -116.7959 average_last200: -137.5847 epis: 0.7355 loss: 32.1045 
episode: 307 count: 68 score: -115.1011 average_last200: -137.4048 epis: 0.7348 loss: 21.7999 
episode: 308 count: 106 score: -148.3233 average_last200: -137.6930 epis: 0.7341 loss: 52.3646 
episode: 309 count: 81 score: -116.5403 average_last200: -136.8541 epis: 0.7333 loss: 28.0897 
episode: 310 count: 92 score: -144.9572 average_last200: -136.9614 epis: 0.7326 loss: 54.9147 
episode: 311 count: 83 score: -133.9440 average_last200: -136.7523 epis: 0.7319 loss: 38.6976 
episode: 312 count: 120 score: -145.8507 average_last200: -136.7941 epis: 0.7311 loss: 57.4265 
episode: 313 count: 84 score: -136.2499 average_last200: -136.8171 epis: 0.7304 loss: 42.9083 
episode: 314 count: 120 score: -122.3722 average_last200: -136.6340 epis: 0.7297 loss: 44.3321 
episode: 315 count: 108 score: -185.6824 average_last200: -135.7002 epis: 0.7289 loss: 41.6736 
episode: 316 count: 158 score: -97.0110 average_last200: -135.6298 epis: 0.7282 loss: 68.1276 
episode: 317 count: 100 score: -116.7527 average_last200: -135.5917 epis: 0.7275 loss: 48.5366 
episode: 318 count: 69 score: -115.5653 average_last200: -135.2401 epis: 0.7268 loss: 19.1630 
episode: 319 count: 100 score: -154.6817 average_last200: -135.4530 epis: 0.7260 loss: 37.4015 
episode: 320 count: 120 score: -99.7241 average_last200: -135.2108 epis: 0.7253 loss: 42.7688 
episode: 321 count: 70 score: -143.1457 average_last200: -135.5302 epis: 0.7246 loss: 22.5675 
episode: 322 count: 88 score: -91.8542 average_last200: -135.1961 epis: 0.7239 loss: 32.9674 
episode: 323 count: 76 score: -87.3573 average_last200: -135.0146 epis: 0.7231 loss: 27.3919 
episode: 324 count: 109 score: -143.9976 average_last200: -135.0157 epis: 0.7224 loss: 44.6284 
episode: 325 count: 169 score: -215.8294 average_last200: -135.2583 epis: 0.7217 loss: 74.9179 
episode: 326 count: 143 score: -194.9410 average_last200: -135.5743 epis: 0.7210 loss: 61.3208 
episode: 327 count: 87 score: -101.0605 average_last200: -135.1778 epis: 0.7202 loss: 36.7852 
episode: 328 count: 103 score: -97.7243 average_last200: -135.1150 epis: 0.7195 loss: 38.1968 
episode: 329 count: 86 score: -146.8608 average_last200: -135.3211 epis: 0.7188 loss: 48.6159 
episode: 330 count: 116 score: -130.8595 average_last200: -134.9941 epis: 0.7181 loss: 49.6031 
episode: 331 count: 82 score: -124.8135 average_last200: -133.2575 epis: 0.7174 loss: 36.4967 
episode: 332 count: 159 score: -77.4320 average_last200: -132.4915 epis: 0.7167 loss: 71.6311 
episode: 333 count: 111 score: -121.1084 average_last200: -132.3641 epis: 0.7159 loss: 45.5636 
episode: 334 count: 143 score: -107.8471 average_last200: -131.8390 epis: 0.7152 loss: 49.9341 
episode: 335 count: 124 score: -108.6285 average_last200: -131.6831 epis: 0.7145 loss: 46.2690 
episode: 336 count: 69 score: -127.1148 average_last200: -131.4657 epis: 0.7138 loss: 36.7980 
episode: 337 count: 97 score: -120.5067 average_last200: -131.3593 epis: 0.7131 loss: 44.1844 
episode: 338 count: 95 score: -86.5039 average_last200: -130.9075 epis: 0.7124 loss: 35.6376 
episode: 339 count: 79 score: -139.3111 average_last200: -130.8508 epis: 0.7116 loss: 41.4398 
episode: 340 count: 110 score: -176.8186 average_last200: -130.9971 epis: 0.7109 loss: 49.4596 
episode: 341 count: 112 score: -86.6231 average_last200: -129.8730 epis: 0.7102 loss: 40.2062 
episode: 342 count: 106 score: -97.9757 average_last200: -129.6821 epis: 0.7095 loss: 39.1705 
episode: 343 count: 96 score: -53.6807 average_last200: -129.3812 epis: 0.7088 loss: 32.2186 
episode: 344 count: 125 score: -171.7482 average_last200: -129.8759 epis: 0.7081 loss: 48.0246 
episode: 345 count: 78 score: -73.4315 average_last200: -129.6240 epis: 0.7074 loss: 25.8749 
episode: 346 count: 77 score: -154.7354 average_last200: -129.6458 epis: 0.7067 loss: 28.6623 
episode: 347 count: 92 score: -116.5533 average_last200: -129.4659 epis: 0.7060 loss: 36.6935 
episode: 348 count: 112 score: -128.3504 average_last200: -129.5563 epis: 0.7053 loss: 47.6326 
episode: 349 count: 68 score: -93.3938 average_last200: -129.0731 epis: 0.7046 loss: 33.2817 
episode: 350 count: 66 score: -130.3928 average_last200: -129.0560 epis: 0.7039 loss: 30.6346 
episode: 351 count: 107 score: -89.5957 average_last200: -128.8328 epis: 0.7032 loss: 43.8949 
episode: 352 count: 110 score: -114.0020 average_last200: -128.7297 epis: 0.7025 loss: 58.0887 
episode: 353 count: 126 score: -124.4536 average_last200: -129.0013 epis: 0.7018 loss: 52.4820 
episode: 354 count: 74 score: -87.4807 average_last200: -128.7707 epis: 0.7010 loss: 27.0279 
episode: 355 count: 188 score: -80.4894 average_last200: -127.8703 epis: 0.7003 loss: 86.1708 
episode: 356 count: 110 score: -105.3138 average_last200: -127.6263 epis: 0.6996 loss: 40.9812 
episode: 357 count: 116 score: -116.7226 average_last200: -127.2760 epis: 0.6989 loss: 42.7685 
episode: 358 count: 113 score: -102.8745 average_last200: -127.0932 epis: 0.6982 loss: 56.0617 
episode: 359 count: 103 score: -131.5540 average_last200: -127.2410 epis: 0.6976 loss: 45.3657 
episode: 360 count: 90 score: -93.8016 average_last200: -127.0682 epis: 0.6969 loss: 43.2204 
episode: 361 count: 104 score: -87.1372 average_last200: -126.8607 epis: 0.6962 loss: 48.7494 
episode: 362 count: 145 score: -150.0881 average_last200: -126.4791 epis: 0.6955 loss: 65.8789 
episode: 363 count: 169 score: -128.6571 average_last200: -126.8362 epis: 0.6948 loss: 99.0356 
episode: 364 count: 88 score: -220.9734 average_last200: -127.4827 epis: 0.6941 loss: 44.3147 
episode: 365 count: 70 score: -78.1985 average_last200: -126.8493 epis: 0.6934 loss: 29.5844 
episode: 366 count: 131 score: -135.2558 average_last200: -126.9294 epis: 0.6927 loss: 46.6227 
episode: 367 count: 85 score: -111.0777 average_last200: -126.9451 epis: 0.6920 loss: 47.8195 
episode: 368 count: 106 score: -71.5962 average_last200: -126.7405 epis: 0.6913 loss: 46.0037 
episode: 369 count: 122 score: -107.5307 average_last200: -126.1642 epis: 0.6906 loss: 60.3229 
episode: 370 count: 114 score: -113.8986 average_last200: -125.9923 epis: 0.6899 loss: 49.6789 
episode: 371 count: 120 score: -111.2956 average_last200: -125.9087 epis: 0.6892 loss: 51.4351 
episode: 372 count: 79 score: -121.6722 average_last200: -125.5652 epis: 0.6885 loss: 36.5821 
episode: 373 count: 150 score: -157.7304 average_last200: -125.7783 epis: 0.6878 loss: 72.8811 
episode: 374 count: 109 score: -112.2353 average_last200: -125.6008 epis: 0.6872 loss: 48.6090 
episode: 375 count: 108 score: -251.5665 average_last200: -126.2059 epis: 0.6865 loss: 53.9733 
episode: 376 count: 144 score: -157.5523 average_last200: -126.2164 epis: 0.6858 loss: 71.2665 
episode: 377 count: 115 score: -133.5005 average_last200: -126.1769 epis: 0.6851 loss: 62.6454 
episode: 378 count: 78 score: -126.2626 average_last200: -126.3484 epis: 0.6844 loss: 30.2500 
episode: 379 count: 118 score: -188.8209 average_last200: -126.4410 epis: 0.6837 loss: 59.3521 
episode: 380 count: 74 score: -109.7294 average_last200: -126.3385 epis: 0.6830 loss: 36.7687 
episode: 381 count: 74 score: -129.0201 average_last200: -126.3604 epis: 0.6824 loss: 28.9775 
episode: 382 count: 110 score: -124.8247 average_last200: -126.0360 epis: 0.6817 loss: 57.0524 
episode: 383 count: 72 score: -104.9137 average_last200: -125.8981 epis: 0.6810 loss: 25.8150 
episode: 384 count: 132 score: -155.5198 average_last200: -126.0638 epis: 0.6803 loss: 49.5422 
episode: 385 count: 119 score: -100.3050 average_last200: -125.5224 epis: 0.6796 loss: 45.6934 
episode: 386 count: 99 score: 3.8224 average_last200: -124.7966 epis: 0.6790 loss: 37.3984 
episode: 387 count: 93 score: -73.3383 average_last200: -124.5230 epis: 0.6783 loss: 49.9899 
episode: 388 count: 112 score: -126.4823 average_last200: -124.6892 epis: 0.6776 loss: 50.8433 
episode: 389 count: 110 score: -125.4124 average_last200: -124.8331 epis: 0.6769 loss: 57.0389 
episode: 390 count: 124 score: -99.5744 average_last200: -124.6051 epis: 0.6762 loss: 52.3582 
episode: 391 count: 139 score: -78.2349 average_last200: -124.3674 epis: 0.6756 loss: 76.7906 
episode: 392 count: 68 score: -96.1047 average_last200: -124.0404 epis: 0.6749 loss: 28.5206 
episode: 393 count: 116 score: -118.0292 average_last200: -123.8386 epis: 0.6742 loss: 55.1951 
episode: 394 count: 69 score: -106.5953 average_last200: -123.4095 epis: 0.6735 loss: 28.2408 
episode: 395 count: 59 score: -125.9113 average_last200: -123.4942 epis: 0.6729 loss: 22.4551 
episode: 396 count: 102 score: -131.4581 average_last200: -123.4668 epis: 0.6722 loss: 53.0027 
episode: 397 count: 123 score: -86.9387 average_last200: -123.2702 epis: 0.6715 loss: 40.3427 
episode: 398 count: 115 score: -118.0605 average_last200: -123.1939 epis: 0.6709 loss: 53.7339 
episode: 399 count: 87 score: -108.7473 average_last200: -122.9031 epis: 0.6702 loss: 44.2625 
episode: 400 count: 113 score: -107.1748 average_last200: -122.6054 epis: 0.6695 loss: 53.9036 
episode: 401 count: 142 score: -73.3002 average_last200: -122.0613 epis: 0.6688 loss: 56.9809 
episode: 402 count: 102 score: -84.9267 average_last200: -121.8203 epis: 0.6682 loss: 40.6259 
episode: 403 count: 92 score: -127.3465 average_last200: -121.7033 epis: 0.6675 loss: 35.9774 
episode: 404 count: 124 score: -132.4196 average_last200: -121.7533 epis: 0.6668 loss: 55.2850 
episode: 405 count: 137 score: -200.3659 average_last200: -122.0317 epis: 0.6662 loss: 56.0899 
episode: 406 count: 68 score: -114.7447 average_last200: -121.9185 epis: 0.6655 loss: 24.5565 
episode: 407 count: 104 score: -78.6274 average_last200: -121.5638 epis: 0.6648 loss: 54.4708 
episode: 408 count: 72 score: -100.0453 average_last200: -121.4369 epis: 0.6642 loss: 23.0130 
episode: 409 count: 70 score: -121.0338 average_last200: -121.3983 epis: 0.6635 loss: 29.5610 
episode: 410 count: 136 score: -140.2500 average_last200: -121.4260 epis: 0.6629 loss: 71.6982 
episode: 411 count: 90 score: -145.5423 average_last200: -121.4541 epis: 0.6622 loss: 52.7015 
episode: 412 count: 78 score: -83.3716 average_last200: -121.2859 epis: 0.6615 loss: 45.4030 
episode: 413 count: 154 score: -179.6184 average_last200: -121.7378 epis: 0.6609 loss: 62.7610 
episode: 414 count: 107 score: -84.5624 average_last200: -121.6449 epis: 0.6602 loss: 40.6412 
episode: 415 count: 84 score: -136.3472 average_last200: -121.6522 epis: 0.6595 loss: 39.7479 
episode: 416 count: 96 score: -128.5368 average_last200: -121.5066 epis: 0.6589 loss: 49.0864 
episode: 417 count: 91 score: -101.4417 average_last200: -121.4622 epis: 0.6582 loss: 43.3936 
episode: 418 count: 138 score: -111.5360 average_last200: -121.1205 epis: 0.6576 loss: 62.9143 
episode: 419 count: 136 score: -63.0951 average_last200: -120.5624 epis: 0.6569 loss: 69.0360 
episode: 420 count: 89 score: -11.4669 average_last200: -120.0921 epis: 0.6563 loss: 30.2351 
episode: 421 count: 135 score: -257.5851 average_last200: -120.8767 epis: 0.6556 loss: 60.7672 
episode: 422 count: 104 score: -99.2736 average_last200: -120.8048 epis: 0.6549 loss: 51.6909 
episode: 423 count: 118 score: -151.1745 average_last200: -121.0436 epis: 0.6543 loss: 68.0286 
episode: 424 count: 78 score: -85.7084 average_last200: -120.8250 epis: 0.6536 loss: 31.0633 
episode: 425 count: 78 score: -90.2931 average_last200: -120.6541 epis: 0.6530 loss: 51.1861 
episode: 426 count: 85 score: -68.9308 average_last200: -120.2473 epis: 0.6523 loss: 29.1197 
episode: 427 count: 154 score: -108.9376 average_last200: -120.2576 epis: 0.6517 loss: 91.2421 
episode: 428 count: 140 score: -114.5252 average_last200: -119.0904 epis: 0.6510 loss: 66.1499 
episode: 429 count: 113 score: -69.2047 average_last200: -118.8854 epis: 0.6504 loss: 60.4116 
episode: 430 count: 84 score: -101.3877 average_last200: -118.9314 epis: 0.6497 loss: 43.7017 
episode: 431 count: 117 score: -98.4823 average_last200: -118.7272 epis: 0.6491 loss: 51.6086 
episode: 432 count: 120 score: -118.0049 average_last200: -118.6817 epis: 0.6484 loss: 56.9057 
episode: 433 count: 78 score: -97.0557 average_last200: -117.7366 epis: 0.6478 loss: 38.0822 
episode: 434 count: 155 score: -100.6296 average_last200: -117.6669 epis: 0.6471 loss: 56.7701 
episode: 435 count: 87 score: -157.3622 average_last200: -117.8979 epis: 0.6465 loss: 44.3876 
episode: 436 count: 98 score: -99.2305 average_last200: -117.9600 epis: 0.6458 loss: 42.3720 
episode: 437 count: 111 score: -101.6790 average_last200: -117.5383 epis: 0.6452 loss: 56.3027 
episode: 438 count: 87 score: -119.6402 average_last200: -117.6486 epis: 0.6445 loss: 34.4603 
episode: 439 count: 76 score: -81.7382 average_last200: -117.3416 epis: 0.6439 loss: 31.6978 
episode: 440 count: 99 score: -97.2438 average_last200: -117.3999 epis: 0.6433 loss: 49.8585 
episode: 441 count: 104 score: -65.2433 average_last200: -116.9805 epis: 0.6426 loss: 46.1153 
episode: 442 count: 101 score: -117.1088 average_last200: -116.9785 epis: 0.6420 loss: 41.7713 
episode: 443 count: 81 score: -131.7823 average_last200: -117.0230 epis: 0.6413 loss: 48.9114 
episode: 444 count: 76 score: -128.5325 average_last200: -116.9716 epis: 0.6407 loss: 33.9790 
episode: 445 count: 131 score: -128.8839 average_last200: -117.1103 epis: 0.6400 loss: 68.7253 
episode: 446 count: 171 score: -111.3629 average_last200: -117.0564 epis: 0.6394 loss: 76.5919 
episode: 447 count: 117 score: -97.0306 average_last200: -117.1062 epis: 0.6388 loss: 52.0868 
episode: 448 count: 82 score: -196.4892 average_last200: -117.4547 epis: 0.6381 loss: 37.1047 
episode: 449 count: 90 score: -163.7394 average_last200: -117.9224 epis: 0.6375 loss: 42.2974 
episode: 450 count: 91 score: -96.6681 average_last200: -118.0133 epis: 0.6368 loss: 42.3790 
episode: 451 count: 104 score: -59.1506 average_last200: -117.5566 epis: 0.6362 loss: 45.5941 
episode: 452 count: 104 score: -163.4474 average_last200: -117.6962 epis: 0.6356 loss: 48.8986 
episode: 453 count: 83 score: -69.8310 average_last200: -117.3151 epis: 0.6349 loss: 51.8548 
episode: 454 count: 67 score: -85.8634 average_last200: -117.4173 epis: 0.6343 loss: 36.0281 
episode: 455 count: 89 score: -62.2353 average_last200: -116.9811 epis: 0.6337 loss: 36.6784 
episode: 456 count: 104 score: -71.8188 average_last200: -116.3589 epis: 0.6330 loss: 44.7884 
episode: 457 count: 105 score: -137.9136 average_last200: -116.3930 epis: 0.6324 loss: 44.7181 
episode: 458 count: 135 score: -62.5546 average_last200: -116.1689 epis: 0.6318 loss: 70.7015 
episode: 459 count: 95 score: -77.4185 average_last200: -115.9533 epis: 0.6311 loss: 42.6731 
episode: 460 count: 96 score: -118.6715 average_last200: -115.9341 epis: 0.6305 loss: 46.5198 
episode: 461 count: 81 score: -101.9185 average_last200: -115.7034 epis: 0.6299 loss: 38.5731 
episode: 462 count: 106 score: -10.0780 average_last200: -115.3074 epis: 0.6292 loss: 51.8047 
episode: 463 count: 139 score: -127.4219 average_last200: -115.5677 epis: 0.6286 loss: 84.9560 
episode: 464 count: 76 score: -126.7930 average_last200: -115.6447 epis: 0.6280 loss: 42.4647 
episode: 465 count: 61 score: -111.9550 average_last200: -115.5797 epis: 0.6274 loss: 22.1708 
episode: 466 count: 96 score: -110.1428 average_last200: -115.5703 epis: 0.6267 loss: 54.8606 
episode: 467 count: 120 score: -135.6202 average_last200: -115.7405 epis: 0.6261 loss: 58.8117 
episode: 468 count: 81 score: -28.2636 average_last200: -115.5017 epis: 0.6255 loss: 51.8337 
episode: 469 count: 61 score: -96.9559 average_last200: -115.2534 epis: 0.6249 loss: 34.3980 
episode: 470 count: 78 score: -106.6561 average_last200: -115.2194 epis: 0.6242 loss: 42.4561 
episode: 471 count: 95 score: -40.7848 average_last200: -114.9856 epis: 0.6236 loss: 50.0190 
episode: 472 count: 93 score: -158.4971 average_last200: -115.4257 epis: 0.6230 loss: 47.2515 
episode: 473 count: 90 score: -139.8184 average_last200: -114.7314 epis: 0.6224 loss: 43.7905 
episode: 474 count: 198 score: -24.3725 average_last200: -113.9828 epis: 0.6217 loss: 98.4110 
episode: 475 count: 111 score: -114.2557 average_last200: -114.0131 epis: 0.6211 loss: 67.7001 
episode: 476 count: 124 score: -10.1447 average_last200: -113.6537 epis: 0.6205 loss: 64.4727 
episode: 477 count: 63 score: -121.8134 average_last200: -113.7909 epis: 0.6199 loss: 31.5518 
episode: 478 count: 123 score: -106.3068 average_last200: -113.8647 epis: 0.6193 loss: 77.0530 
episode: 479 count: 114 score: -173.5039 average_last200: -113.8123 epis: 0.6186 loss: 57.8974 
episode: 480 count: 149 score: -238.4388 average_last200: -114.4218 epis: 0.6180 loss: 79.5662 
episode: 481 count: 69 score: -68.8284 average_last200: -113.9723 epis: 0.6174 loss: 36.1173 
episode: 482 count: 78 score: -119.0548 average_last200: -114.2442 epis: 0.6168 loss: 39.8112 
episode: 483 count: 100 score: -64.3343 average_last200: -113.9657 epis: 0.6162 loss: 56.3655 
episode: 484 count: 117 score: -101.9858 average_last200: -113.7671 epis: 0.6155 loss: 70.0321 
episode: 485 count: 79 score: -89.4776 average_last200: -113.5410 epis: 0.6149 loss: 41.1680 
episode: 486 count: 74 score: -104.1117 average_last200: -113.4368 epis: 0.6143 loss: 43.2886 
episode: 487 count: 85 score: -95.5214 average_last200: -113.2966 epis: 0.6137 loss: 43.5510 
episode: 488 count: 147 score: -55.6444 average_last200: -112.9497 epis: 0.6131 loss: 68.9231 
episode: 489 count: 76 score: -77.8422 average_last200: -112.7034 epis: 0.6125 loss: 48.0045 
episode: 490 count: 97 score: -112.7977 average_last200: -112.6853 epis: 0.6119 loss: 50.9172 
episode: 491 count: 132 score: -110.8109 average_last200: -112.8425 epis: 0.6113 loss: 68.2421 
episode: 492 count: 128 score: -129.2585 average_last200: -112.8874 epis: 0.6106 loss: 84.4614 
episode: 493 count: 77 score: -138.7013 average_last200: -113.3448 epis: 0.6100 loss: 50.5100 
episode: 494 count: 101 score: -78.3077 average_last200: -113.2079 epis: 0.6094 loss: 53.3335 
episode: 495 count: 102 score: -34.7569 average_last200: -112.7534 epis: 0.6088 loss: 50.6330 
episode: 496 count: 124 score: -100.2444 average_last200: -112.8650 epis: 0.6082 loss: 80.2913 
episode: 497 count: 143 score: -117.5755 average_last200: -113.0266 epis: 0.6076 loss: 67.0786 
episode: 498 count: 255 score: -219.6921 average_last200: -113.3665 epis: 0.6070 loss: 120.7207 
episode: 499 count: 105 score: -147.9842 average_last200: -113.4887 epis: 0.6064 loss: 52.1493 
episode: 500 count: 81 score: -80.7510 average_last200: -113.3279 epis: 0.6058 loss: 36.7246 
episode: 501 count: 65 score: -109.8576 average_last200: -113.3085 epis: 0.6052 loss: 29.2021 
episode: 502 count: 98 score: -113.6586 average_last200: -113.3808 epis: 0.6046 loss: 50.6831 
episode: 503 count: 107 score: -133.3036 average_last200: -113.4318 epis: 0.6040 loss: 54.3590 
episode: 504 count: 153 score: -38.1346 average_last200: -112.9073 epis: 0.6034 loss: 71.5397 
episode: 505 count: 120 score: -258.9545 average_last200: -114.0089 epis: 0.6027 loss: 74.5472 
episode: 506 count: 82 score: -80.4985 average_last200: -113.8274 epis: 0.6021 loss: 37.1936 
episode: 507 count: 88 score: -129.0046 average_last200: -113.8969 epis: 0.6015 loss: 37.2121 
episode: 508 count: 132 score: -47.7160 average_last200: -113.3939 epis: 0.6009 loss: 68.7218 
episode: 509 count: 84 score: -109.7956 average_last200: -113.3602 epis: 0.6003 loss: 44.3911 
episode: 510 count: 103 score: -109.9270 average_last200: -113.1850 epis: 0.5997 loss: 57.4109 
episode: 511 count: 124 score: -149.0892 average_last200: -113.2608 epis: 0.5991 loss: 70.2462 
episode: 512 count: 101 score: -120.1393 average_last200: -113.1322 epis: 0.5985 loss: 50.9635 
episode: 513 count: 131 score: -116.2871 average_last200: -113.0324 epis: 0.5979 loss: 80.0768 
episode: 514 count: 143 score: -69.9820 average_last200: -112.7704 epis: 0.5973 loss: 88.2109 
episode: 515 count: 97 score: -82.8089 average_last200: -112.2561 epis: 0.5967 loss: 71.5404 
episode: 516 count: 145 score: -86.1583 average_last200: -112.2018 epis: 0.5962 loss: 82.2305 
episode: 517 count: 109 score: -130.0312 average_last200: -112.2682 epis: 0.5956 loss: 37.0595 
episode: 518 count: 98 score: -127.4973 average_last200: -112.3279 epis: 0.5950 loss: 46.5612 
episode: 519 count: 98 score: -36.6284 average_last200: -111.7376 epis: 0.5944 loss: 45.1438 
episode: 520 count: 110 score: -104.9982 average_last200: -111.7640 epis: 0.5938 loss: 56.3342 
episode: 521 count: 126 score: -87.6749 average_last200: -111.4866 epis: 0.5932 loss: 55.8991 
episode: 522 count: 116 score: -115.3616 average_last200: -111.6042 epis: 0.5926 loss: 55.9343 
episode: 523 count: 175 score: -74.0752 average_last200: -111.5377 epis: 0.5920 loss: 104.1952 
episode: 524 count: 80 score: -117.4449 average_last200: -111.4050 epis: 0.5914 loss: 51.1124 
episode: 525 count: 80 score: -52.6472 average_last200: -110.5891 epis: 0.5908 loss: 40.2141 
episode: 526 count: 102 score: -92.6647 average_last200: -110.0777 epis: 0.5902 loss: 44.4224 
episode: 527 count: 106 score: -149.4031 average_last200: -110.3194 epis: 0.5896 loss: 60.9776 
episode: 528 count: 127 score: -132.1279 average_last200: -110.4914 epis: 0.5890 loss: 76.7040 
episode: 529 count: 133 score: -50.3645 average_last200: -110.0089 epis: 0.5884 loss: 68.4352 
episode: 530 count: 80 score: -105.2792 average_last200: -109.8810 epis: 0.5879 loss: 52.4491 
episode: 531 count: 142 score: -84.1335 average_last200: -109.6776 epis: 0.5873 loss: 87.1466 
episode: 532 count: 84 score: -99.7030 average_last200: -109.7890 epis: 0.5867 loss: 50.7653 
episode: 533 count: 735 score: -272.1364 average_last200: -110.5441 epis: 0.5861 loss: 414.5703 
episode: 534 count: 81 score: -98.0118 average_last200: -110.4949 epis: 0.5855 loss: 47.8388 
episode: 535 count: 72 score: -84.9435 average_last200: -110.3765 epis: 0.5849 loss: 42.5825 
episode: 536 count: 138 score: -22.3051 average_last200: -109.8525 epis: 0.5843 loss: 72.2850 
episode: 537 count: 115 score: -96.5397 average_last200: -109.7326 epis: 0.5838 loss: 56.8834 
episode: 538 count: 169 score: -63.2688 average_last200: -109.6165 epis: 0.5832 loss: 88.4554 
episode: 539 count: 94 score: -47.9216 average_last200: -109.1595 epis: 0.5826 loss: 40.0446 
episode: 540 count: 112 score: -72.7536 average_last200: -108.6392 epis: 0.5820 loss: 60.7162 
episode: 541 count: 149 score: -92.6819 average_last200: -108.6695 epis: 0.5814 loss: 99.8807 
episode: 542 count: 98 score: -76.2996 average_last200: -108.5611 epis: 0.5808 loss: 50.4806 
episode: 543 count: 102 score: -157.2199 average_last200: -109.0788 epis: 0.5803 loss: 55.2725 
episode: 544 count: 1000 score: -210.6193 average_last200: -109.2732 epis: 0.5797 loss: 573.6030 
episode: 545 count: 80 score: -77.8919 average_last200: -109.2955 epis: 0.5791 loss: 47.6124 
episode: 546 count: 75 score: -76.6925 average_last200: -108.9052 epis: 0.5785 loss: 43.9923 
episode: 547 count: 75 score: -43.2673 average_last200: -108.5388 epis: 0.5779 loss: 57.1729 
episode: 548 count: 142 score: -96.0123 average_last200: -108.3771 epis: 0.5774 loss: 81.3528 
episode: 549 count: 104 score: -93.6011 average_last200: -108.3782 epis: 0.5768 loss: 58.8386 
episode: 550 count: 352 score: -153.1287 average_last200: -108.4918 epis: 0.5762 loss: 209.8269 
episode: 551 count: 124 score: -117.4208 average_last200: -108.6310 epis: 0.5756 loss: 67.3157 
episode: 552 count: 155 score: -147.8936 average_last200: -108.8004 epis: 0.5751 loss: 121.5035 
episode: 553 count: 90 score: -104.2185 average_last200: -108.6993 epis: 0.5745 loss: 47.3279 
episode: 554 count: 451 score: -254.0480 average_last200: -109.5321 epis: 0.5739 loss: 279.5089 
episode: 555 count: 133 score: -99.7825 average_last200: -109.6286 epis: 0.5733 loss: 91.2559 
episode: 556 count: 134 score: -68.3241 average_last200: -109.4436 epis: 0.5728 loss: 82.1550 
episode: 557 count: 102 score: -124.4988 average_last200: -109.4825 epis: 0.5722 loss: 56.7378 
episode: 558 count: 86 score: -125.4018 average_last200: -109.5951 epis: 0.5716 loss: 52.8700 
episode: 559 count: 97 score: -106.2143 average_last200: -109.4684 epis: 0.5710 loss: 49.0127 
episode: 560 count: 105 score: -73.1789 average_last200: -109.3653 epis: 0.5705 loss: 51.9523 
episode: 561 count: 207 score: -34.7301 average_last200: -109.1033 epis: 0.5699 loss: 128.1782 
episode: 562 count: 103 score: -91.3204 average_last200: -108.8094 epis: 0.5693 loss: 58.5597 
episode: 563 count: 165 score: -31.5010 average_last200: -108.3237 epis: 0.5688 loss: 101.5723 
episode: 564 count: 101 score: -152.8870 average_last200: -107.9832 epis: 0.5682 loss: 65.5897 
episode: 565 count: 104 score: -78.3551 average_last200: -107.9840 epis: 0.5676 loss: 76.3844 
episode: 566 count: 136 score: -133.3107 average_last200: -107.9743 epis: 0.5671 loss: 65.2835 
episode: 567 count: 169 score: -55.5448 average_last200: -107.6966 epis: 0.5665 loss: 117.2706 
episode: 568 count: 132 score: -112.0628 average_last200: -107.8989 epis: 0.5659 loss: 68.3677 
episode: 569 count: 93 score: -77.7579 average_last200: -107.7501 epis: 0.5654 loss: 55.4749 
episode: 570 count: 75 score: -81.1806 average_last200: -107.5865 epis: 0.5648 loss: 49.4508 
episode: 571 count: 125 score: -58.3790 average_last200: -107.3219 epis: 0.5642 loss: 83.6332 
episode: 572 count: 95 score: -101.1632 average_last200: -107.2194 epis: 0.5637 loss: 62.7153 
episode: 573 count: 150 score: -48.1831 average_last200: -106.6716 epis: 0.5631 loss: 91.0552 
episode: 574 count: 107 score: -122.6173 average_last200: -106.7235 epis: 0.5625 loss: 85.0641 
episode: 575 count: 91 score: -86.0169 average_last200: -105.8958 epis: 0.5620 loss: 58.9014 
episode: 576 count: 164 score: -59.7443 average_last200: -105.4068 epis: 0.5614 loss: 101.2363 
episode: 577 count: 105 score: -90.2782 average_last200: -105.1906 epis: 0.5609 loss: 62.7797 
episode: 578 count: 106 score: -141.4969 average_last200: -105.2668 epis: 0.5603 loss: 56.0745 
episode: 579 count: 94 score: -78.3177 average_last200: -104.7143 epis: 0.5597 loss: 63.4221 
episode: 580 count: 101 score: -87.0511 average_last200: -104.6009 epis: 0.5592 loss: 75.1087 
episode: 581 count: 87 score: -89.3184 average_last200: -104.4024 epis: 0.5586 loss: 58.7877 
episode: 582 count: 142 score: -84.3263 average_last200: -104.1999 epis: 0.5581 loss: 90.1832 
episode: 583 count: 82 score: -68.5359 average_last200: -104.0180 epis: 0.5575 loss: 50.4005 
episode: 584 count: 110 score: -164.2952 average_last200: -104.0619 epis: 0.5569 loss: 71.7350 
episode: 585 count: 105 score: -67.3967 average_last200: -103.8974 epis: 0.5564 loss: 67.2916 
episode: 586 count: 112 score: -148.4221 average_last200: -104.6586 epis: 0.5558 loss: 68.8398 
episode: 587 count: 94 score: -41.7890 average_last200: -104.5008 epis: 0.5553 loss: 60.0153 
episode: 588 count: 77 score: -33.3989 average_last200: -104.0354 epis: 0.5547 loss: 53.9934 
episode: 589 count: 84 score: -49.2211 average_last200: -103.6545 epis: 0.5542 loss: 49.7815 
episode: 590 count: 1000 score: -56.6383 average_last200: -103.4398 epis: 0.5536 loss: 609.3607 
episode: 591 count: 161 score: -12.6723 average_last200: -103.1120 epis: 0.5531 loss: 109.8254 
episode: 592 count: 116 score: -46.9553 average_last200: -102.8662 epis: 0.5525 loss: 57.0633 
episode: 593 count: 88 score: -142.0897 average_last200: -102.9865 epis: 0.5520 loss: 72.3185 
episode: 594 count: 80 score: -9.7772 average_last200: -102.5024 epis: 0.5514 loss: 38.4707 
episode: 595 count: 112 score: -90.2379 average_last200: -102.3241 epis: 0.5508 loss: 69.4104 
episode: 596 count: 142 score: -53.0017 average_last200: -101.9318 epis: 0.5503 loss: 88.1841 
episode: 597 count: 94 score: -73.2177 average_last200: -101.8632 epis: 0.5497 loss: 47.8921 
episode: 598 count: 118 score: -58.9019 average_last200: -101.5674 epis: 0.5492 loss: 85.9943 
episode: 599 count: 101 score: -91.8381 average_last200: -101.4828 epis: 0.5486 loss: 62.1964 
episode: 600 count: 123 score: -47.3551 average_last200: -101.1837 epis: 0.5481 loss: 79.4699 
episode: 601 count: 98 score: -57.1960 average_last200: -101.1032 epis: 0.5476 loss: 55.6064 
episode: 602 count: 99 score: -66.4251 average_last200: -101.0107 epis: 0.5470 loss: 54.7849 
episode: 603 count: 121 score: -113.8811 average_last200: -100.9434 epis: 0.5465 loss: 82.7597 
episode: 604 count: 94 score: -50.4264 average_last200: -100.5334 epis: 0.5459 loss: 62.7450 
episode: 605 count: 117 score: -51.8704 average_last200: -99.7909 epis: 0.5454 loss: 73.6505 
episode: 606 count: 90 score: -72.5625 average_last200: -99.5800 epis: 0.5448 loss: 79.8200 
episode: 607 count: 94 score: -23.9723 average_last200: -99.3067 epis: 0.5443 loss: 75.1562 
episode: 608 count: 131 score: -32.7694 average_last200: -98.9704 epis: 0.5437 loss: 104.6338 
episode: 609 count: 120 score: -107.2280 average_last200: -98.9013 epis: 0.5432 loss: 77.6664 
episode: 610 count: 121 score: -3.7197 average_last200: -98.2187 epis: 0.5426 loss: 84.3666 
episode: 611 count: 152 score: -83.8081 average_last200: -97.9100 epis: 0.5421 loss: 102.4891 
episode: 612 count: 118 score: -48.8479 average_last200: -97.7374 epis: 0.5416 loss: 80.1219 
episode: 613 count: 84 score: -40.9016 average_last200: -97.0438 epis: 0.5410 loss: 46.0056 
episode: 614 count: 1000 score: -23.8377 average_last200: -96.7402 epis: 0.5405 loss: 640.5185 
episode: 615 count: 123 score: -78.4433 average_last200: -96.4507 epis: 0.5399 loss: 70.9369 
episode: 616 count: 108 score: -42.0611 average_last200: -96.0183 epis: 0.5394 loss: 86.0074 
episode: 617 count: 109 score: -89.5259 average_last200: -95.9587 epis: 0.5389 loss: 64.5096 
episode: 618 count: 80 score: -64.2706 average_last200: -95.7224 epis: 0.5383 loss: 37.1412 
episode: 619 count: 113 score: -138.3177 average_last200: -96.0985 epis: 0.5378 loss: 73.6393 
episode: 620 count: 93 score: -65.4875 average_last200: -96.3686 epis: 0.5372 loss: 58.0935 
episode: 621 count: 96 score: -51.1580 average_last200: -95.3365 epis: 0.5367 loss: 79.6359 
episode: 622 count: 97 score: -116.8866 average_last200: -95.4245 epis: 0.5362 loss: 48.5568 
episode: 623 count: 113 score: -33.6318 average_last200: -94.8368 epis: 0.5356 loss: 78.6614 
episode: 624 count: 104 score: -13.7155 average_last200: -94.4769 epis: 0.5351 loss: 59.3833 
episode: 625 count: 63 score: -107.7365 average_last200: -94.5641 epis: 0.5346 loss: 44.5765 
episode: 626 count: 117 score: -35.2906 average_last200: -94.3959 epis: 0.5340 loss: 69.9152 
episode: 627 count: 108 score: -100.4542 average_last200: -94.3535 epis: 0.5335 loss: 63.4016 
episode: 628 count: 98 score: -79.4658 average_last200: -94.1782 epis: 0.5330 loss: 55.0720 
episode: 629 count: 130 score: -86.9286 average_last200: -94.2668 epis: 0.5324 loss: 83.8458 
episode: 630 count: 86 score: -78.4255 average_last200: -94.1520 epis: 0.5319 loss: 46.2443 
episode: 631 count: 161 score: -32.6721 average_last200: -93.8229 epis: 0.5314 loss: 101.6455 
episode: 632 count: 82 score: -119.4889 average_last200: -93.8303 epis: 0.5308 loss: 45.9659 
episode: 633 count: 89 score: -77.8720 average_last200: -93.7344 epis: 0.5303 loss: 62.8658 
episode: 634 count: 88 score: -32.3840 average_last200: -93.3932 epis: 0.5298 loss: 51.0951 
episode: 635 count: 74 score: -90.7743 average_last200: -93.0602 epis: 0.5292 loss: 43.4344 
episode: 636 count: 91 score: -87.6477 average_last200: -93.0023 epis: 0.5287 loss: 55.1946 
episode: 637 count: 110 score: -77.2240 average_last200: -92.8801 epis: 0.5282 loss: 86.3967 
episode: 638 count: 217 score: -31.9262 average_last200: -92.4415 epis: 0.5277 loss: 156.4924 
episode: 639 count: 91 score: -64.0992 average_last200: -92.3533 epis: 0.5271 loss: 87.6017 
episode: 640 count: 86 score: -74.6471 average_last200: -92.2403 epis: 0.5266 loss: 47.7528 
episode: 641 count: 93 score: -64.4008 average_last200: -92.2361 epis: 0.5261 loss: 79.4567 
episode: 642 count: 82 score: -104.8653 average_last200: -92.1749 epis: 0.5255 loss: 74.6320 
episode: 643 count: 121 score: -99.7743 average_last200: -92.0148 epis: 0.5250 loss: 79.7549 
episode: 644 count: 98 score: -76.5014 average_last200: -91.7547 epis: 0.5245 loss: 53.1397 
episode: 645 count: 77 score: -49.1869 average_last200: -91.3562 epis: 0.5240 loss: 67.9618 
episode: 646 count: 140 score: -39.1233 average_last200: -90.9950 epis: 0.5234 loss: 88.2177 
episode: 647 count: 131 score: -41.7885 average_last200: -90.7188 epis: 0.5229 loss: 85.0107 
episode: 648 count: 120 score: -56.9692 average_last200: -90.0212 epis: 0.5224 loss: 84.6214 
episode: 649 count: 106 score: -43.8181 average_last200: -89.4216 epis: 0.5219 loss: 75.8433 
episode: 650 count: 99 score: -124.0460 average_last200: -89.5585 epis: 0.5214 loss: 66.2796 
episode: 651 count: 131 score: -39.6637 average_last200: -89.4610 epis: 0.5208 loss: 110.9417 
episode: 652 count: 99 score: -75.4567 average_last200: -89.0211 epis: 0.5203 loss: 79.1594 
episode: 653 count: 67 score: -81.7638 average_last200: -89.0807 epis: 0.5198 loss: 45.9040 
episode: 654 count: 104 score: -63.4650 average_last200: -88.9688 epis: 0.5193 loss: 54.2132 
episode: 655 count: 81 score: -142.0214 average_last200: -89.3677 epis: 0.5188 loss: 59.5191 
episode: 656 count: 136 score: -22.5287 average_last200: -89.1212 epis: 0.5182 loss: 93.8945 
episode: 657 count: 132 score: -72.3525 average_last200: -88.7934 epis: 0.5177 loss: 83.3254 
episode: 658 count: 134 score: -55.8225 average_last200: -88.7598 epis: 0.5172 loss: 86.3333 
episode: 659 count: 77 score: -80.2398 average_last200: -88.7739 epis: 0.5167 loss: 54.5149 
episode: 660 count: 85 score: -106.8978 average_last200: -88.7150 epis: 0.5162 loss: 58.1523 
episode: 661 count: 921 score: -241.5192 average_last200: -89.4130 epis: 0.5156 loss: 692.0071 
episode: 662 count: 749 score: -78.0392 average_last200: -89.7528 epis: 0.5151 loss: 566.4676 
episode: 663 count: 114 score: -72.8945 average_last200: -89.4802 epis: 0.5146 loss: 85.8659 
episode: 664 count: 121 score: -53.6837 average_last200: -89.1146 epis: 0.5141 loss: 74.5720 
episode: 665 count: 158 score: -18.9851 average_last200: -88.6498 epis: 0.5136 loss: 104.0157 
episode: 666 count: 175 score: -53.7881 average_last200: -88.3680 epis: 0.5131 loss: 105.1864 
episode: 667 count: 70 score: -98.8445 average_last200: -88.1841 epis: 0.5126 loss: 51.1003 
episode: 668 count: 166 score: -38.0963 average_last200: -88.2333 epis: 0.5120 loss: 123.2717 
episode: 669 count: 203 score: -23.0318 average_last200: -87.8637 epis: 0.5115 loss: 124.3779 
episode: 670 count: 94 score: -19.2021 average_last200: -87.4264 epis: 0.5110 loss: 56.0560 
episode: 671 count: 158 score: -31.6544 average_last200: -87.3808 epis: 0.5105 loss: 96.3851 
episode: 672 count: 150 score: -62.7955 average_last200: -86.9022 epis: 0.5100 loss: 119.2438 
episode: 673 count: 167 score: -2.2053 average_last200: -86.2142 epis: 0.5095 loss: 129.2710 
episode: 674 count: 123 score: -47.7467 average_last200: -86.3311 epis: 0.5090 loss: 77.1064 
episode: 675 count: 133 score: -58.5160 average_last200: -86.0524 epis: 0.5085 loss: 88.9908 
episode: 676 count: 109 score: -52.7211 average_last200: -86.2652 epis: 0.5080 loss: 89.0933 
episode: 677 count: 142 score: -68.1388 average_last200: -85.9969 epis: 0.5075 loss: 116.5356 
episode: 678 count: 124 score: -57.8613 average_last200: -85.7546 epis: 0.5070 loss: 92.7455 
episode: 679 count: 112 score: -87.6940 average_last200: -85.3256 epis: 0.5064 loss: 68.7126 
episode: 680 count: 135 score: -72.5219 average_last200: -84.4960 epis: 0.5059 loss: 84.9226 
episode: 681 count: 144 score: -80.0421 average_last200: -84.5521 epis: 0.5054 loss: 94.8868 
episode: 682 count: 93 score: -128.2279 average_last200: -84.5979 epis: 0.5049 loss: 62.4115 
episode: 683 count: 96 score: -54.0848 average_last200: -84.5467 epis: 0.5044 loss: 62.6722 
episode: 684 count: 133 score: -50.5174 average_last200: -84.2893 epis: 0.5039 loss: 92.8796 
episode: 685 count: 109 score: -67.0098 average_last200: -84.1770 epis: 0.5034 loss: 76.4463 
episode: 686 count: 119 score: -90.4233 average_last200: -84.1086 epis: 0.5029 loss: 87.8213 
episode: 687 count: 107 score: -93.0244 average_last200: -84.0961 epis: 0.5024 loss: 92.0299 
episode: 688 count: 108 score: -98.5145 average_last200: -84.3104 epis: 0.5019 loss: 72.9666 
episode: 689 count: 1000 score: -25.5085 average_last200: -84.0488 epis: 0.5014 loss: 687.9785 
episode: 690 count: 105 score: -50.9960 average_last200: -83.7398 epis: 0.5009 loss: 63.0390 
episode: 691 count: 109 score: -52.1570 average_last200: -83.4465 epis: 0.5004 loss: 96.5373 
episode: 692 count: 139 score: -106.7952 average_last200: -83.3342 epis: 0.4999 loss: 95.3857 
episode: 693 count: 129 score: -6.9589 average_last200: -82.6755 epis: 0.4994 loss: 84.9712 
episode: 694 count: 127 score: -79.5772 average_last200: -82.6818 epis: 0.4989 loss: 86.9060 
episode: 695 count: 112 score: -35.6007 average_last200: -82.6860 epis: 0.4984 loss: 91.7697 
episode: 696 count: 99 score: -118.7522 average_last200: -82.7786 epis: 0.4979 loss: 63.9819 
episode: 697 count: 113 score: -136.2319 average_last200: -82.8718 epis: 0.4974 loss: 72.4397 
episode: 698 count: 89 score: -84.5903 average_last200: -82.1963 epis: 0.4969 loss: 64.1673 
episode: 699 count: 82 score: -65.6456 average_last200: -81.7846 epis: 0.4964 loss: 60.5580 
episode: 700 count: 107 score: -131.5641 average_last200: -82.0387 epis: 0.4959 loss: 70.6827 
episode: 701 count: 164 score: -67.1637 average_last200: -81.8252 epis: 0.4954 loss: 112.4589 
episode: 702 count: 97 score: -72.3632 average_last200: -81.6188 epis: 0.4949 loss: 59.7083 
episode: 703 count: 105 score: -134.4396 average_last200: -81.6244 epis: 0.4944 loss: 66.5017 
episode: 704 count: 90 score: -129.2072 average_last200: -82.0798 epis: 0.4939 loss: 49.9796 
episode: 705 count: 85 score: -62.5358 average_last200: -81.0977 epis: 0.4934 loss: 57.4104 
episode: 706 count: 123 score: -45.1292 average_last200: -80.9209 epis: 0.4929 loss: 71.7938 
episode: 707 count: 126 score: -94.8699 average_last200: -80.7502 epis: 0.4925 loss: 78.5119 
episode: 708 count: 90 score: -27.3191 average_last200: -80.6482 epis: 0.4920 loss: 63.4520 
episode: 709 count: 126 score: -83.8621 average_last200: -80.5185 epis: 0.4915 loss: 84.5156 
episode: 710 count: 74 score: -86.3414 average_last200: -80.4006 epis: 0.4910 loss: 43.1930 
episode: 711 count: 1000 score: -39.7204 average_last200: -79.8538 epis: 0.4905 loss: 695.2210 
episode: 712 count: 345 score: -107.8015 average_last200: -79.7921 epis: 0.4900 loss: 231.7084 
episode: 713 count: 1000 score: 22.4032 average_last200: -79.0986 epis: 0.4895 loss: 712.0669 
episode: 714 count: 96 score: -112.0864 average_last200: -79.3091 epis: 0.4890 loss: 76.2165 
episode: 715 count: 163 score: -29.0824 average_last200: -79.0405 epis: 0.4885 loss: 108.0112 
episode: 716 count: 122 score: -56.7596 average_last200: -78.8935 epis: 0.4880 loss: 78.8095 
episode: 717 count: 75 score: -95.1190 average_last200: -78.7190 epis: 0.4876 loss: 47.6702 
episode: 718 count: 103 score: -96.4259 average_last200: -78.5636 epis: 0.4871 loss: 71.3747 
episode: 719 count: 98 score: -2.1606 average_last200: -78.3913 epis: 0.4866 loss: 73.5189 
episode: 720 count: 1000 score: -63.8100 average_last200: -78.1853 epis: 0.4861 loss: 685.8265 
episode: 721 count: 107 score: -67.5661 average_last200: -78.0848 epis: 0.4856 loss: 74.9464 
episode: 722 count: 100 score: -91.9786 average_last200: -77.9679 epis: 0.4851 loss: 71.2806 
episode: 723 count: 1000 score: 20.0265 average_last200: -77.4974 epis: 0.4846 loss: 722.8145 
episode: 724 count: 1000 score: 57.7420 average_last200: -76.6214 epis: 0.4841 loss: 706.9966 
episode: 725 count: 120 score: -45.7850 average_last200: -76.5871 epis: 0.4837 loss: 92.8363 
episode: 726 count: 118 score: -137.7897 average_last200: -76.8127 epis: 0.4832 loss: 89.1240 
episode: 727 count: 80 score: -57.2478 average_last200: -76.3520 epis: 0.4827 loss: 54.3535 
episode: 728 count: 104 score: -85.4127 average_last200: -76.1184 epis: 0.4822 loss: 70.3517 
episode: 729 count: 74 score: -103.5491 average_last200: -76.3843 epis: 0.4817 loss: 65.6948 
episode: 730 count: 116 score: -107.6826 average_last200: -76.3963 epis: 0.4813 loss: 85.1318 
episode: 731 count: 84 score: -6.4151 average_last200: -76.0077 epis: 0.4808 loss: 61.1903 
episode: 732 count: 1000 score: 21.4414 average_last200: -75.4020 epis: 0.4803 loss: 696.7260 
episode: 733 count: 100 score: -195.9995 average_last200: -75.0213 epis: 0.4798 loss: 73.2406 
episode: 734 count: 104 score: -124.8407 average_last200: -75.1555 epis: 0.4793 loss: 69.9495 
episode: 735 count: 200 score: -45.9838 average_last200: -74.9607 epis: 0.4788 loss: 133.2114 
episode: 736 count: 101 score: -48.1595 average_last200: -75.0899 epis: 0.4784 loss: 95.7178 
episode: 737 count: 175 score: -30.2665 average_last200: -74.7586 epis: 0.4779 loss: 134.8663 
episode: 738 count: 77 score: -39.6779 average_last200: -74.6406 epis: 0.4774 loss: 53.5927 
episode: 739 count: 85 score: -8.1696 average_last200: -74.4419 epis: 0.4769 loss: 47.7063 
episode: 740 count: 83 score: -51.0565 average_last200: -74.3334 epis: 0.4765 loss: 50.2198 
episode: 741 count: 86 score: -0.3880 average_last200: -73.8719 epis: 0.4760 loss: 63.7964 
episode: 742 count: 128 score: -35.0359 average_last200: -73.6656 epis: 0.4755 loss: 97.9492 
episode: 743 count: 103 score: -81.1137 average_last200: -73.2851 epis: 0.4750 loss: 74.9711 
episode: 744 count: 195 score: -53.1761 average_last200: -72.4978 epis: 0.4746 loss: 139.0311 
episode: 745 count: 85 score: -148.1140 average_last200: -72.8490 epis: 0.4741 loss: 65.5769 
episode: 746 count: 240 score: -169.9162 average_last200: -73.3151 epis: 0.4736 loss: 179.7227 
episode: 747 count: 130 score: -61.7599 average_last200: -73.4075 epis: 0.4731 loss: 95.5885 
episode: 748 count: 141 score: -71.9854 average_last200: -73.2874 epis: 0.4727 loss: 101.1818 
episode: 749 count: 110 score: -74.0489 average_last200: -73.1896 epis: 0.4722 loss: 77.9568 
episode: 750 count: 83 score: -113.6184 average_last200: -72.9921 epis: 0.4717 loss: 58.7320 
episode: 751 count: 583 score: -124.6523 average_last200: -73.0282 epis: 0.4712 loss: 421.3734 
episode: 752 count: 112 score: -23.9313 average_last200: -72.4084 epis: 0.4708 loss: 70.2510 
episode: 753 count: 81 score: -113.0840 average_last200: -72.4528 epis: 0.4703 loss: 70.5245 
episode: 754 count: 134 score: -226.6292 average_last200: -72.3157 epis: 0.4698 loss: 101.4008 
episode: 755 count: 97 score: -92.8193 average_last200: -72.2808 epis: 0.4694 loss: 64.3188 
episode: 756 count: 107 score: -55.4358 average_last200: -72.2164 epis: 0.4689 loss: 79.1785 
episode: 757 count: 110 score: -32.7595 average_last200: -71.7577 epis: 0.4684 loss: 78.0134 
episode: 758 count: 97 score: -28.8823 average_last200: -71.2751 epis: 0.4680 loss: 76.5049 
episode: 759 count: 82 score: -61.3784 average_last200: -71.0509 epis: 0.4675 loss: 62.4402 
episode: 760 count: 98 score: -85.7770 average_last200: -71.1139 epis: 0.4670 loss: 62.4391 
episode: 761 count: 124 score: -74.4999 average_last200: -71.3128 epis: 0.4666 loss: 105.9887 
episode: 762 count: 139 score: -40.5891 average_last200: -71.0591 epis: 0.4661 loss: 108.4916 
episode: 763 count: 75 score: -87.0185 average_last200: -71.3367 epis: 0.4656 loss: 72.3014 
episode: 764 count: 173 score: -27.3055 average_last200: -70.7088 epis: 0.4652 loss: 149.0675 
episode: 765 count: 119 score: -59.8705 average_last200: -70.6164 epis: 0.4647 loss: 100.1497 
episode: 766 count: 119 score: -75.5395 average_last200: -70.3275 epis: 0.4642 loss: 85.2204 
episode: 767 count: 100 score: -80.9484 average_last200: -70.4545 epis: 0.4638 loss: 74.2779 
episode: 768 count: 103 score: -41.9523 average_last200: -70.1040 epis: 0.4633 loss: 68.0381 
episode: 769 count: 80 score: -96.9076 average_last200: -70.1997 epis: 0.4628 loss: 48.8086 
episode: 770 count: 100 score: -70.5658 average_last200: -70.1467 epis: 0.4624 loss: 77.9432 
episode: 771 count: 89 score: -68.7404 average_last200: -70.1985 epis: 0.4619 loss: 51.8432 
episode: 772 count: 109 score: -88.5268 average_last200: -70.1353 epis: 0.4614 loss: 74.0010 
episode: 773 count: 130 score: -206.8025 average_last200: -70.9284 epis: 0.4610 loss: 83.7280 
episode: 774 count: 86 score: -91.9098 average_last200: -70.7748 epis: 0.4605 loss: 66.9188 
episode: 775 count: 112 score: -67.2590 average_last200: -70.6811 epis: 0.4601 loss: 76.7088 
episode: 776 count: 72 score: -74.2072 average_last200: -70.7534 epis: 0.4596 loss: 50.1479 
episode: 777 count: 103 score: -51.6119 average_last200: -70.5600 epis: 0.4591 loss: 70.7864 
episode: 778 count: 101 score: -71.6361 average_last200: -70.2107 epis: 0.4587 loss: 64.9864 
episode: 779 count: 134 score: -75.0128 average_last200: -70.1942 epis: 0.4582 loss: 107.5875 
episode: 780 count: 106 score: -79.6983 average_last200: -70.1574 epis: 0.4578 loss: 65.3004 
episode: 781 count: 114 score: -112.0323 average_last200: -70.2710 epis: 0.4573 loss: 100.4207 
episode: 782 count: 167 score: 1.5462 average_last200: -69.8417 epis: 0.4569 loss: 128.3201 
episode: 783 count: 81 score: -56.3381 average_last200: -69.7807 epis: 0.4564 loss: 65.7764 
episode: 784 count: 1000 score: -86.2620 average_last200: -69.3905 epis: 0.4559 loss: 749.4458 
episode: 785 count: 114 score: -104.7714 average_last200: -69.5774 epis: 0.4555 loss: 83.4241 
episode: 786 count: 69 score: -80.7474 average_last200: -69.2390 epis: 0.4550 loss: 52.4268 
episode: 787 count: 88 score: -61.8999 average_last200: -69.3396 epis: 0.4546 loss: 84.3769 
episode: 788 count: 89 score: -86.8618 average_last200: -69.6069 epis: 0.4541 loss: 61.6794 
episode: 789 count: 110 score: -111.0544 average_last200: -69.9160 epis: 0.4537 loss: 78.3565 
episode: 790 count: 126 score: -65.4907 average_last200: -69.9603 epis: 0.4532 loss: 86.4549 
episode: 791 count: 1000 score: 98.5961 average_last200: -69.4040 epis: 0.4528 loss: 729.0040 
episode: 792 count: 103 score: -38.6415 average_last200: -69.3624 epis: 0.4523 loss: 66.9679 
episode: 793 count: 102 score: -99.8469 average_last200: -69.1512 epis: 0.4519 loss: 65.2310 
episode: 794 count: 132 score: -71.8016 average_last200: -69.4613 epis: 0.4514 loss: 114.1313 
episode: 795 count: 126 score: -118.9379 average_last200: -69.6048 epis: 0.4510 loss: 99.8261 
episode: 796 count: 98 score: -103.1794 average_last200: -69.8557 epis: 0.4505 loss: 78.7416 
episode: 797 count: 82 score: -73.8020 average_last200: -69.8586 epis: 0.4500 loss: 74.1109 
episode: 798 count: 90 score: -69.6854 average_last200: -69.9125 epis: 0.4496 loss: 65.8890 
episode: 799 count: 133 score: -155.5844 average_last200: -70.2313 epis: 0.4491 loss: 122.9968 
episode: 800 count: 91 score: -97.5157 average_last200: -70.4821 epis: 0.4487 loss: 58.5704 
episode: 801 count: 119 score: -101.3628 average_last200: -70.7029 epis: 0.4483 loss: 110.4488 
episode: 802 count: 105 score: -48.6344 average_last200: -70.6139 epis: 0.4478 loss: 59.2819 
episode: 803 count: 130 score: -68.5138 average_last200: -70.3871 epis: 0.4474 loss: 92.4042 
episode: 804 count: 147 score: -148.5913 average_last200: -70.8779 epis: 0.4469 loss: 136.9858 
episode: 805 count: 114 score: -59.2453 average_last200: -70.9148 epis: 0.4465 loss: 101.2545 
episode: 806 count: 109 score: -56.1117 average_last200: -70.8325 epis: 0.4460 loss: 91.3431 
episode: 807 count: 89 score: -103.8656 average_last200: -71.2320 epis: 0.4456 loss: 79.2685 
episode: 808 count: 110 score: -117.7509 average_last200: -71.6569 epis: 0.4451 loss: 85.0946 
episode: 809 count: 98 score: -87.7342 average_last200: -71.5594 epis: 0.4447 loss: 71.5747 
episode: 810 count: 84 score: -90.4811 average_last200: -71.9933 epis: 0.4442 loss: 69.4844 
episode: 811 count: 122 score: -56.5400 average_last200: -71.8569 epis: 0.4438 loss: 96.9784 
episode: 812 count: 1000 score: -27.4355 average_last200: -71.7499 epis: 0.4433 loss: 791.7140 
episode: 813 count: 122 score: -98.4475 average_last200: -72.0376 epis: 0.4429 loss: 79.8948 
episode: 814 count: 99 score: -114.7364 average_last200: -72.4921 epis: 0.4425 loss: 66.9039 
episode: 815 count: 94 score: -40.9555 average_last200: -72.3046 epis: 0.4420 loss: 91.9841 
episode: 816 count: 140 score: -158.8694 average_last200: -72.8887 epis: 0.4416 loss: 146.9448 
episode: 817 count: 90 score: 1.6778 average_last200: -72.4327 epis: 0.4411 loss: 54.3127 
episode: 818 count: 363 score: -204.8671 average_last200: -73.1356 epis: 0.4407 loss: 320.5267 
episode: 819 count: 140 score: -23.7380 average_last200: -72.5627 epis: 0.4403 loss: 111.3350 
episode: 820 count: 79 score: -112.2667 average_last200: -72.7966 epis: 0.4398 loss: 72.0282 
episode: 821 count: 124 score: -133.7801 average_last200: -73.2097 epis: 0.4394 loss: 99.4157 
episode: 822 count: 1000 score: 63.4135 average_last200: -72.3082 epis: 0.4389 loss: 764.0591 
episode: 823 count: 120 score: -83.8802 average_last200: -72.5595 epis: 0.4385 loss: 87.1975 
episode: 824 count: 100 score: -12.6839 average_last200: -72.5543 epis: 0.4381 loss: 63.3393 
episode: 825 count: 87 score: -84.4322 average_last200: -72.4378 epis: 0.4376 loss: 56.1827 
episode: 826 count: 130 score: -170.8375 average_last200: -73.1155 epis: 0.4372 loss: 93.7269 
episode: 827 count: 1000 score: 25.4488 average_last200: -72.4860 epis: 0.4367 loss: 707.0738 
episode: 828 count: 144 score: 15.5739 average_last200: -72.0108 epis: 0.4363 loss: 119.6214 
episode: 829 count: 144 score: -167.2970 average_last200: -72.4127 epis: 0.4359 loss: 95.1102 
episode: 830 count: 142 score: -160.0316 average_last200: -72.8207 epis: 0.4354 loss: 108.5313 
episode: 831 count: 187 score: -491.3470 average_last200: -75.1141 epis: 0.4350 loss: 144.9204 
episode: 832 count: 91 score: -120.6615 average_last200: -75.1199 epis: 0.4346 loss: 60.9339 
episode: 833 count: 130 score: -177.7810 average_last200: -75.6195 epis: 0.4341 loss: 98.9148 
episode: 834 count: 138 score: -12.1786 average_last200: -75.5185 epis: 0.4337 loss: 111.0453 
episode: 835 count: 96 score: -80.1003 average_last200: -75.4651 epis: 0.4333 loss: 78.6493 
episode: 836 count: 167 score: -12.8230 average_last200: -75.0910 epis: 0.4328 loss: 106.3762 
episode: 837 count: 130 score: -29.5224 average_last200: -74.8525 epis: 0.4324 loss: 110.0681 
episode: 838 count: 92 score: -39.9801 average_last200: -74.8927 epis: 0.4320 loss: 69.3414 
episode: 839 count: 94 score: -81.0891 average_last200: -74.9777 epis: 0.4315 loss: 77.7645 
episode: 840 count: 113 score: -92.2396 average_last200: -75.0656 epis: 0.4311 loss: 82.1780 
episode: 841 count: 1000 score: 70.6867 average_last200: -74.3902 epis: 0.4307 loss: 673.4029 
episode: 842 count: 112 score: -85.4027 average_last200: -74.2929 epis: 0.4302 loss: 66.0370 
episode: 843 count: 110 score: -95.2106 average_last200: -74.2701 epis: 0.4298 loss: 69.1650 
episode: 844 count: 70 score: -81.2492 average_last200: -74.2938 epis: 0.4294 loss: 49.8041 
episode: 845 count: 139 score: -127.2642 average_last200: -74.6842 epis: 0.4289 loss: 98.7785 
episode: 846 count: 108 score: -67.6062 average_last200: -74.8266 epis: 0.4285 loss: 73.7093 
episode: 847 count: 100 score: -99.3378 average_last200: -75.1144 epis: 0.4281 loss: 70.0667 
episode: 848 count: 95 score: -73.1810 average_last200: -75.1954 epis: 0.4277 loss: 68.1892 
episode: 849 count: 76 score: -62.0612 average_last200: -75.2866 epis: 0.4272 loss: 61.1993 
episode: 850 count: 90 score: -54.6981 average_last200: -74.9399 epis: 0.4268 loss: 71.7784 
episode: 851 count: 87 score: -55.1753 average_last200: -75.0175 epis: 0.4264 loss: 54.8560 
episode: 852 count: 77 score: -41.1029 average_last200: -74.8457 epis: 0.4260 loss: 62.5985 
episode: 853 count: 133 score: -137.1139 average_last200: -75.1224 epis: 0.4255 loss: 97.9667 
episode: 854 count: 98 score: -68.5856 average_last200: -75.1480 epis: 0.4251 loss: 55.3196 
episode: 855 count: 106 score: -105.5309 average_last200: -74.9656 epis: 0.4247 loss: 67.4840 
episode: 856 count: 92 score: -81.1942 average_last200: -75.2589 epis: 0.4243 loss: 67.2002 
episode: 857 count: 117 score: -10.1985 average_last200: -74.9481 epis: 0.4238 loss: 81.4187 
episode: 858 count: 1000 score: 7.0984 average_last200: -74.6335 epis: 0.4234 loss: 629.9361 
episode: 859 count: 109 score: -54.0971 average_last200: -74.5028 epis: 0.4230 loss: 63.4372 
episode: 860 count: 112 score: -75.2289 average_last200: -74.3445 epis: 0.4226 loss: 78.7371 
episode: 861 count: 104 score: -72.2165 average_last200: -73.4980 epis: 0.4221 loss: 68.1353 
episode: 862 count: 95 score: -20.6794 average_last200: -73.2112 epis: 0.4217 loss: 71.3758 
episode: 863 count: 97 score: -100.5206 average_last200: -73.3493 epis: 0.4213 loss: 72.8902 
episode: 864 count: 95 score: -49.0415 average_last200: -73.3261 epis: 0.4209 loss: 59.3049 
episode: 865 count: 78 score: -57.9188 average_last200: -73.5208 epis: 0.4204 loss: 42.5345 
episode: 866 count: 95 score: -85.6608 average_last200: -73.6801 epis: 0.4200 loss: 60.8304 
episode: 867 count: 135 score: -27.9149 average_last200: -73.3255 epis: 0.4196 loss: 88.4676 
episode: 868 count: 100 score: -98.7760 average_last200: -73.6289 epis: 0.4192 loss: 59.2429 
episode: 869 count: 103 score: -62.8809 average_last200: -73.8281 epis: 0.4188 loss: 61.3554 
episode: 870 count: 96 score: -30.4229 average_last200: -73.8842 epis: 0.4184 loss: 62.8147 
episode: 871 count: 91 score: -92.6042 average_last200: -74.1890 epis: 0.4179 loss: 63.0648 
episode: 872 count: 112 score: -123.9321 average_last200: -74.4946 epis: 0.4175 loss: 81.5859 
episode: 873 count: 85 score: -28.9709 average_last200: -74.6285 epis: 0.4171 loss: 55.4074 
episode: 874 count: 1000 score: 39.2060 average_last200: -74.1937 epis: 0.4167 loss: 677.3181 
episode: 875 count: 110 score: -50.8505 average_last200: -74.1554 epis: 0.4163 loss: 62.6364 
episode: 876 count: 106 score: -43.0056 average_last200: -74.1068 epis: 0.4158 loss: 61.7148 
episode: 877 count: 100 score: -66.2251 average_last200: -74.0972 epis: 0.4154 loss: 62.5189 
episode: 878 count: 139 score: -9.0995 average_last200: -73.8534 epis: 0.4150 loss: 111.1323 
episode: 879 count: 131 score: -8.3350 average_last200: -73.4566 epis: 0.4146 loss: 79.9547 
episode: 880 count: 694 score: -191.4177 average_last200: -74.0511 epis: 0.4142 loss: 452.2944 
episode: 881 count: 77 score: -127.0035 average_last200: -74.2859 epis: 0.4138 loss: 43.5796 
episode: 882 count: 127 score: -36.8818 average_last200: -73.8292 epis: 0.4134 loss: 88.4898 
episode: 883 count: 103 score: -13.8390 average_last200: -73.6280 epis: 0.4129 loss: 59.2748 
episode: 884 count: 130 score: -62.7020 average_last200: -73.6889 epis: 0.4125 loss: 88.2829 
episode: 885 count: 126 score: -83.1318 average_last200: -73.7695 epis: 0.4121 loss: 90.4831 
episode: 886 count: 80 score: -41.8309 average_last200: -73.5265 epis: 0.4117 loss: 43.5612 
episode: 887 count: 83 score: -95.2654 average_last200: -73.5377 epis: 0.4113 loss: 54.3057 
episode: 888 count: 108 score: -131.1676 average_last200: -73.7010 epis: 0.4109 loss: 66.3343 
episode: 889 count: 102 score: -51.0328 average_last200: -73.8286 epis: 0.4105 loss: 64.4472 
episode: 890 count: 86 score: -54.6064 average_last200: -73.8467 epis: 0.4101 loss: 57.0117 
episode: 891 count: 83 score: -57.0028 average_last200: -73.8709 epis: 0.4097 loss: 54.3360 
episode: 892 count: 113 score: -35.5087 average_last200: -73.5145 epis: 0.4092 loss: 79.6653 
episode: 893 count: 287 score: -353.6571 average_last200: -75.2480 epis: 0.4088 loss: 173.4282 
episode: 894 count: 68 score: -34.3657 average_last200: -75.0219 epis: 0.4084 loss: 45.6559 
episode: 895 count: 94 score: -15.4792 average_last200: -74.9213 epis: 0.4080 loss: 63.9530 
episode: 896 count: 1000 score: 45.1266 average_last200: -74.1019 epis: 0.4076 loss: 635.5889 
episode: 897 count: 98 score: -25.9406 average_last200: -73.5505 epis: 0.4072 loss: 68.1091 
episode: 898 count: 88 score: -67.3116 average_last200: -73.4641 epis: 0.4068 loss: 57.8930 
episode: 899 count: 122 score: -189.4853 average_last200: -74.0833 epis: 0.4064 loss: 68.7532 
episode: 900 count: 98 score: -80.1592 average_last200: -73.8262 epis: 0.4060 loss: 58.0931 
episode: 901 count: 115 score: -133.2841 average_last200: -74.1568 epis: 0.4056 loss: 69.0395 
episode: 902 count: 89 score: -36.9968 average_last200: -73.9800 epis: 0.4052 loss: 47.0181 
episode: 903 count: 79 score: -40.3658 average_last200: -73.5096 epis: 0.4048 loss: 49.2237 
episode: 904 count: 90 score: -41.0059 average_last200: -73.0686 epis: 0.4044 loss: 64.7093 
episode: 905 count: 1000 score: 97.4506 average_last200: -72.2687 epis: 0.4040 loss: 604.1133 
episode: 906 count: 83 score: -38.6275 average_last200: -72.2362 epis: 0.4036 loss: 54.5606 
episode: 907 count: 107 score: -60.0729 average_last200: -72.0622 epis: 0.4031 loss: 65.7469 
episode: 908 count: 105 score: -60.3044 average_last200: -72.2271 epis: 0.4027 loss: 63.3045 
episode: 909 count: 129 score: -24.3025 average_last200: -71.9293 epis: 0.4023 loss: 72.9002 
episode: 910 count: 92 score: -79.0869 average_last200: -71.8931 epis: 0.4019 loss: 50.3733 
episode: 911 count: 151 score: -52.1307 average_last200: -71.9551 epis: 0.4015 loss: 87.8244 
episode: 912 count: 1000 score: 50.7953 average_last200: -71.1621 epis: 0.4011 loss: 583.8756 
episode: 913 count: 206 score: -125.9853 average_last200: -71.9041 epis: 0.4007 loss: 108.8883 
episode: 914 count: 152 score: -269.0816 average_last200: -72.6890 epis: 0.4003 loss: 97.7692 
episode: 915 count: 94 score: -15.8905 average_last200: -72.6231 epis: 0.3999 loss: 61.1665 
episode: 916 count: 100 score: -98.3311 average_last200: -72.8309 epis: 0.3995 loss: 60.6923 
episode: 917 count: 98 score: -140.2766 average_last200: -73.0567 epis: 0.3991 loss: 64.7147 
episode: 918 count: 100 score: -155.7390 average_last200: -73.3533 epis: 0.3987 loss: 70.5708 
episode: 919 count: 165 score: -249.8833 average_last200: -74.5919 epis: 0.3983 loss: 97.5007 
episode: 920 count: 1000 score: 52.2007 average_last200: -74.0119 epis: 0.3979 loss: 616.4549 
episode: 921 count: 124 score: -20.6441 average_last200: -73.7772 epis: 0.3975 loss: 79.5564 
episode: 922 count: 128 score: -44.3670 average_last200: -73.5392 epis: 0.3971 loss: 81.0584 
episode: 923 count: 1000 score: 45.1201 average_last200: -73.4137 epis: 0.3967 loss: 611.6833 
episode: 924 count: 126 score: -131.2380 average_last200: -74.3586 epis: 0.3963 loss: 80.6974 
episode: 925 count: 133 score: -95.9433 average_last200: -74.6094 epis: 0.3960 loss: 79.7086 
episode: 926 count: 76 score: -98.4033 average_last200: -74.4125 epis: 0.3956 loss: 46.8223 
episode: 927 count: 114 score: 1.7224 average_last200: -74.1176 epis: 0.3952 loss: 67.4936 
episode: 928 count: 145 score: -68.1286 average_last200: -74.0312 epis: 0.3948 loss: 95.8399 
episode: 929 count: 104 score: -103.8397 average_last200: -74.0327 epis: 0.3944 loss: 71.0863 
episode: 930 count: 100 score: -74.3454 average_last200: -73.8660 epis: 0.3940 loss: 67.6375 
episode: 931 count: 91 score: -62.5850 average_last200: -74.1468 epis: 0.3936 loss: 56.4500 
episode: 932 count: 97 score: -95.4881 average_last200: -74.7315 epis: 0.3932 loss: 63.3171 
episode: 933 count: 1000 score: 31.1345 average_last200: -73.5958 epis: 0.3928 loss: 635.2988 
episode: 934 count: 143 score: -61.3878 average_last200: -73.2785 epis: 0.3924 loss: 87.6892 
episode: 935 count: 84 score: -102.1437 average_last200: -73.5593 epis: 0.3920 loss: 48.7128 
episode: 936 count: 97 score: -40.6729 average_last200: -73.5219 epis: 0.3916 loss: 57.7209 
episode: 937 count: 84 score: -85.5704 average_last200: -73.7984 epis: 0.3912 loss: 52.8491 
episode: 938 count: 93 score: -112.2355 average_last200: -74.1612 epis: 0.3908 loss: 53.8876 
episode: 939 count: 146 score: -97.0670 average_last200: -74.6057 epis: 0.3904 loss: 84.0802 
episode: 940 count: 640 score: 183.6790 average_last200: -73.4320 epis: 0.3901 loss: 407.2268 
episode: 941 count: 112 score: -53.8510 average_last200: -73.6993 epis: 0.3897 loss: 74.9546 
episode: 942 count: 122 score: -125.5978 average_last200: -74.1521 epis: 0.3893 loss: 83.7845 
episode: 943 count: 483 score: -157.9849 average_last200: -74.5365 epis: 0.3889 loss: 309.6763 
episode: 944 count: 115 score: -94.2197 average_last200: -74.7417 epis: 0.3885 loss: 64.0923 
episode: 945 count: 98 score: -90.6198 average_last200: -74.4542 epis: 0.3881 loss: 53.3245 
episode: 946 count: 127 score: -31.4245 average_last200: -73.7618 epis: 0.3877 loss: 83.3981 
episode: 947 count: 207 score: -192.1704 average_last200: -74.4138 epis: 0.3873 loss: 129.5624 
episode: 948 count: 90 score: -91.2141 average_last200: -74.5100 epis: 0.3869 loss: 56.3145 
episode: 949 count: 112 score: -210.3588 average_last200: -75.1915 epis: 0.3866 loss: 67.1682 
episode: 950 count: 86 score: -9.9875 average_last200: -74.6734 epis: 0.3862 loss: 48.1996 
episode: 951 count: 107 score: -174.5018 average_last200: -74.9226 epis: 0.3858 loss: 67.1059 
episode: 952 count: 86 score: -112.4994 average_last200: -75.3655 epis: 0.3854 loss: 52.0164 
episode: 953 count: 105 score: -53.5452 average_last200: -75.0678 epis: 0.3850 loss: 60.3171 
episode: 954 count: 97 score: -65.9228 average_last200: -74.2642 epis: 0.3846 loss: 50.4660 
episode: 955 count: 104 score: -89.8139 average_last200: -74.2492 epis: 0.3842 loss: 69.5677 
episode: 956 count: 129 score: -119.5721 average_last200: -74.5699 epis: 0.3839 loss: 75.7551 
episode: 957 count: 85 score: -63.0088 average_last200: -74.7211 epis: 0.3835 loss: 59.0921 
episode: 958 count: 105 score: -19.2028 average_last200: -74.6727 epis: 0.3831 loss: 70.3995 
episode: 959 count: 127 score: -35.9625 average_last200: -74.5457 epis: 0.3827 loss: 73.8459 
episode: 960 count: 82 score: -100.9462 average_last200: -74.6215 epis: 0.3823 loss: 49.0961 
episode: 961 count: 82 score: -35.3067 average_last200: -74.4255 epis: 0.3819 loss: 43.8983 
episode: 962 count: 121 score: -183.1694 average_last200: -75.1384 epis: 0.3816 loss: 69.9007 
episode: 963 count: 79 score: -74.0540 average_last200: -75.0736 epis: 0.3812 loss: 39.5379 
episode: 964 count: 83 score: -61.1283 average_last200: -75.2427 epis: 0.3808 loss: 54.1881 
episode: 965 count: 1000 score: 91.5505 average_last200: -74.4856 epis: 0.3804 loss: 615.2155 
episode: 966 count: 92 score: -31.2263 average_last200: -74.2641 epis: 0.3800 loss: 62.3166 
episode: 967 count: 81 score: -65.6375 average_last200: -74.1875 epis: 0.3797 loss: 43.5684 
episode: 968 count: 112 score: -53.1875 average_last200: -74.2437 epis: 0.3793 loss: 65.3119 
episode: 969 count: 100 score: 5.2503 average_last200: -73.7329 epis: 0.3789 loss: 70.1282 
episode: 970 count: 94 score: -62.5076 average_last200: -73.6926 epis: 0.3785 loss: 53.5812 
episode: 971 count: 80 score: -50.2154 average_last200: -73.6000 epis: 0.3781 loss: 51.4617 
episode: 972 count: 103 score: -78.6448 average_last200: -73.5506 epis: 0.3778 loss: 55.9909 
episode: 973 count: 110 score: -27.8433 average_last200: -72.6558 epis: 0.3774 loss: 59.8237 
episode: 974 count: 83 score: -61.3916 average_last200: -72.5032 epis: 0.3770 loss: 53.3516 
episode: 975 count: 81 score: -95.4412 average_last200: -72.6441 epis: 0.3766 loss: 48.2949 
episode: 976 count: 379 score: -141.8842 average_last200: -72.9825 epis: 0.3763 loss: 233.7924 
episode: 977 count: 1000 score: 69.1779 average_last200: -72.3785 epis: 0.3759 loss: 640.9657 
episode: 978 count: 230 score: -263.2989 average_last200: -73.3368 epis: 0.3755 loss: 134.7573 
episode: 979 count: 127 score: -20.1894 average_last200: -73.0627 epis: 0.3751 loss: 79.7903 
episode: 980 count: 124 score: -85.6283 average_last200: -73.0924 epis: 0.3748 loss: 80.0882 
episode: 981 count: 141 score: -115.1133 average_last200: -73.1078 epis: 0.3744 loss: 85.5818 
episode: 982 count: 122 score: -50.3680 average_last200: -73.3674 epis: 0.3740 loss: 85.9126 
episode: 983 count: 66 score: -50.2975 average_last200: -73.3371 epis: 0.3736 loss: 44.0890 
episode: 984 count: 95 score: -109.2273 average_last200: -73.4520 epis: 0.3733 loss: 56.4823 
episode: 985 count: 100 score: -62.0408 average_last200: -73.2383 epis: 0.3729 loss: 63.2068 
episode: 986 count: 82 score: -81.6816 average_last200: -73.2430 epis: 0.3725 loss: 59.9105 
episode: 987 count: 165 score: -156.3932 average_last200: -73.7155 epis: 0.3721 loss: 104.6193 
episode: 988 count: 95 score: -21.7005 average_last200: -73.3897 epis: 0.3718 loss: 59.2797 
episode: 989 count: 82 score: 0.7861 average_last200: -72.8305 epis: 0.3714 loss: 41.3906 
episode: 990 count: 88 score: 4.7415 average_last200: -72.4793 epis: 0.3710 loss: 48.8670 
episode: 991 count: 79 score: -52.7059 average_last200: -73.2358 epis: 0.3707 loss: 46.8263 
episode: 992 count: 117 score: -14.3478 average_last200: -73.1143 epis: 0.3703 loss: 76.7534 
episode: 993 count: 161 score: -83.7318 average_last200: -73.0338 epis: 0.3699 loss: 100.7888 
episode: 994 count: 1000 score: 74.7718 average_last200: -72.3009 epis: 0.3695 loss: 602.1910 
episode: 995 count: 109 score: -50.2634 average_last200: -71.9575 epis: 0.3692 loss: 61.7660 
episode: 996 count: 118 score: -30.7802 average_last200: -71.5955 epis: 0.3688 loss: 76.0861 
episode: 997 count: 109 score: -80.9943 average_last200: -71.6315 epis: 0.3684 loss: 62.2748 
episode: 998 count: 111 score: -20.2220 average_last200: -71.3842 epis: 0.3681 loss: 76.9066 
episode: 999 count: 96 score: -170.4374 average_last200: -71.4584 epis: 0.3677 loss: 65.5227 
