[33mWARN: gym.spaces.Box autodetected dtype as <class 'numpy.float32'>. Please provide explicit dtype.[0m
All para: Epis 1000 memlen 100000 gamma 0.990 epsilon 0.992 alpha 0.00200 batch 30 upfreq 500
episode: 0 count: 103 score: -201.7553 average_last200: -201.7553 epis: 0.9920 loss: 0.0000 
episode: 1 count: 84 score: -166.6921 average_last200: -184.2237 epis: 0.9841 loss: 0.0000 
episode: 2 count: 127 score: -140.4201 average_last200: -169.6225 epis: 0.9762 loss: 0.0000 
episode: 3 count: 100 score: -156.4664 average_last200: -166.3335 epis: 0.9684 loss: 0.0000 
episode: 4 count: 97 score: -301.9868 average_last200: -193.4641 epis: 0.9606 loss: 0.0000 
episode: 5 count: 92 score: -452.5502 average_last200: -236.6451 epis: 0.9529 loss: 0.0000 
episode: 6 count: 87 score: -293.5883 average_last200: -244.7799 epis: 0.9453 loss: 0.0000 
episode: 7 count: 66 score: -146.7213 average_last200: -232.5225 epis: 0.9378 loss: 0.0000 
episode: 8 count: 80 score: -230.0224 average_last200: -232.2448 epis: 0.9303 loss: 0.0000 
episode: 9 count: 82 score: -192.6966 average_last200: -228.2899 epis: 0.9228 loss: 0.0000 
episode: 10 count: 109 score: -469.3979 average_last200: -250.2088 epis: 0.9154 loss: 19.9486 
episode: 11 count: 135 score: -105.5813 average_last200: -238.1565 epis: 0.9081 loss: 60.6403 
episode: 12 count: 90 score: -245.1184 average_last200: -238.6921 epis: 0.9008 loss: 31.6086 
episode: 13 count: 84 score: -162.5218 average_last200: -233.2513 epis: 0.8936 loss: 33.7097 
episode: 14 count: 98 score: -178.1144 average_last200: -229.5755 epis: 0.8865 loss: 39.8107 
episode: 15 count: 97 score: -232.2223 average_last200: -229.7410 epis: 0.8794 loss: 41.1358 
episode: 16 count: 104 score: -167.5738 average_last200: -226.0841 epis: 0.8724 loss: 43.6280 
episode: 17 count: 125 score: -53.4913 average_last200: -216.4956 epis: 0.8654 loss: 44.7243 
episode: 18 count: 144 score: -289.3836 average_last200: -220.3318 epis: 0.8585 loss: 59.5395 
episode: 19 count: 65 score: -118.4167 average_last200: -215.2360 epis: 0.8516 loss: 18.2686 
episode: 20 count: 91 score: -120.3386 average_last200: -210.7171 epis: 0.8448 loss: 35.7640 
episode: 21 count: 127 score: -206.1874 average_last200: -210.5112 epis: 0.8380 loss: 50.6246 
episode: 22 count: 110 score: -96.5372 average_last200: -205.5558 epis: 0.8313 loss: 39.8951 
episode: 23 count: 80 score: -85.8956 average_last200: -200.5700 epis: 0.8247 loss: 34.0087 
episode: 24 count: 90 score: -136.6197 average_last200: -198.0120 epis: 0.8181 loss: 30.3464 
episode: 25 count: 142 score: -211.4562 average_last200: -198.5291 epis: 0.8115 loss: 57.7213 
episode: 26 count: 126 score: -129.8315 average_last200: -195.9847 epis: 0.8050 loss: 35.8643 
episode: 27 count: 174 score: -139.6948 average_last200: -193.9743 epis: 0.7986 loss: 69.1190 
episode: 28 count: 111 score: -171.3506 average_last200: -193.1942 epis: 0.7922 loss: 41.3719 
episode: 29 count: 77 score: -143.6765 average_last200: -191.5436 epis: 0.7859 loss: 27.7725 
episode: 30 count: 103 score: -117.6416 average_last200: -189.1597 epis: 0.7796 loss: 40.1802 
episode: 31 count: 90 score: -197.9419 average_last200: -189.4341 epis: 0.7733 loss: 23.6428 
episode: 32 count: 97 score: -70.9692 average_last200: -185.8443 epis: 0.7672 loss: 36.5543 
episode: 33 count: 86 score: -94.3105 average_last200: -183.1521 epis: 0.7610 loss: 29.1658 
episode: 34 count: 144 score: -120.2127 average_last200: -181.3539 epis: 0.7549 loss: 49.3910 
episode: 35 count: 166 score: -149.7675 average_last200: -180.4765 epis: 0.7489 loss: 58.9248 
episode: 36 count: 93 score: -109.4563 average_last200: -178.5570 epis: 0.7429 loss: 43.6149 
episode: 37 count: 72 score: -200.3381 average_last200: -179.1302 epis: 0.7370 loss: 24.4669 
episode: 38 count: 130 score: -111.0575 average_last200: -177.3847 epis: 0.7311 loss: 41.3309 
episode: 39 count: 143 score: -345.5615 average_last200: -181.5891 epis: 0.7252 loss: 46.1543 
episode: 40 count: 124 score: -123.1348 average_last200: -180.1634 epis: 0.7194 loss: 44.5365 
episode: 41 count: 108 score: -110.0630 average_last200: -178.4944 epis: 0.7137 loss: 36.3312 
episode: 42 count: 102 score: -137.2644 average_last200: -177.5355 epis: 0.7079 loss: 30.8218 
episode: 43 count: 193 score: -103.9244 average_last200: -175.8626 epis: 0.7023 loss: 61.2423 
episode: 44 count: 140 score: -152.4018 average_last200: -175.3412 epis: 0.6967 loss: 45.2193 
episode: 45 count: 140 score: -195.3147 average_last200: -175.7754 epis: 0.6911 loss: 42.1946 
episode: 46 count: 136 score: -103.4733 average_last200: -174.2371 epis: 0.6856 loss: 47.3878 
episode: 47 count: 137 score: -71.7122 average_last200: -172.1011 epis: 0.6801 loss: 35.8765 
episode: 48 count: 142 score: -126.3383 average_last200: -171.1672 epis: 0.6746 loss: 40.8017 
episode: 49 count: 116 score: -134.2547 average_last200: -170.4289 epis: 0.6692 loss: 31.1524 
episode: 50 count: 129 score: -132.5280 average_last200: -169.6858 epis: 0.6639 loss: 42.3336 
episode: 51 count: 123 score: -145.7158 average_last200: -169.2248 epis: 0.6586 loss: 31.7239 
episode: 52 count: 89 score: -119.7779 average_last200: -168.2919 epis: 0.6533 loss: 30.9136 
episode: 53 count: 100 score: -200.8641 average_last200: -168.8951 epis: 0.6481 loss: 29.9194 
episode: 54 count: 147 score: -98.5426 average_last200: -167.6159 epis: 0.6429 loss: 45.2166 
episode: 55 count: 197 score: -145.8274 average_last200: -167.2268 epis: 0.6378 loss: 60.3705 
episode: 56 count: 128 score: -138.6346 average_last200: -166.7252 epis: 0.6327 loss: 38.3243 
episode: 57 count: 99 score: -133.0469 average_last200: -166.1446 epis: 0.6276 loss: 29.6280 
episode: 58 count: 94 score: -116.5418 average_last200: -165.3038 epis: 0.6226 loss: 32.2668 
episode: 59 count: 89 score: -79.7528 average_last200: -163.8780 epis: 0.6176 loss: 31.5216 
episode: 60 count: 125 score: -99.2681 average_last200: -162.8188 epis: 0.6126 loss: 39.2615 
episode: 61 count: 173 score: -25.1305 average_last200: -160.5980 epis: 0.6077 loss: 54.1061 
episode: 62 count: 191 score: -102.6938 average_last200: -159.6789 epis: 0.6029 loss: 60.4849 
episode: 63 count: 153 score: -101.1037 average_last200: -158.7637 epis: 0.5981 loss: 47.6801 
episode: 64 count: 144 score: -48.7152 average_last200: -157.0706 epis: 0.5933 loss: 44.8956 
episode: 65 count: 153 score: -98.7635 average_last200: -156.1872 epis: 0.5885 loss: 49.6597 
episode: 66 count: 149 score: -51.6309 average_last200: -154.6266 epis: 0.5838 loss: 54.1084 
episode: 67 count: 274 score: -86.0067 average_last200: -153.6175 epis: 0.5792 loss: 87.9653 
episode: 68 count: 191 score: -66.6644 average_last200: -152.3573 epis: 0.5745 loss: 56.5189 
episode: 69 count: 201 score: -72.7719 average_last200: -151.2204 epis: 0.5699 loss: 62.1625 
episode: 70 count: 102 score: -47.4677 average_last200: -149.7591 epis: 0.5654 loss: 33.9437 
episode: 71 count: 128 score: -131.0746 average_last200: -149.4996 epis: 0.5608 loss: 40.1497 
episode: 72 count: 288 score: -88.4224 average_last200: -148.6629 epis: 0.5564 loss: 92.4664 
episode: 73 count: 102 score: -76.0325 average_last200: -147.6814 epis: 0.5519 loss: 36.7419 
episode: 74 count: 90 score: -81.8365 average_last200: -146.8035 epis: 0.5475 loss: 24.0317 
episode: 75 count: 150 score: -116.7879 average_last200: -146.4085 epis: 0.5431 loss: 50.9631 
episode: 76 count: 107 score: -109.1520 average_last200: -145.9247 epis: 0.5388 loss: 39.2693 
episode: 77 count: 191 score: -87.8499 average_last200: -145.1801 epis: 0.5345 loss: 77.6323 
episode: 78 count: 170 score: -64.1578 average_last200: -144.1545 epis: 0.5302 loss: 50.4978 
episode: 79 count: 93 score: -71.3579 average_last200: -143.2446 epis: 0.5259 loss: 36.6525 
episode: 80 count: 151 score: -40.7239 average_last200: -141.9789 epis: 0.5217 loss: 54.1510 
episode: 81 count: 367 score: -76.2118 average_last200: -141.1769 epis: 0.5176 loss: 126.1402 
episode: 82 count: 165 score: -85.5604 average_last200: -140.5068 epis: 0.5134 loss: 56.1801 
episode: 83 count: 286 score: -68.9292 average_last200: -139.6547 epis: 0.5093 loss: 102.7412 
episode: 84 count: 126 score: -140.1268 average_last200: -139.6602 epis: 0.5052 loss: 40.8291 
episode: 85 count: 217 score: -44.0361 average_last200: -138.5483 epis: 0.5012 loss: 77.7221 
episode: 86 count: 229 score: -57.3752 average_last200: -137.6153 epis: 0.4972 loss: 74.0493 
episode: 87 count: 223 score: -120.3930 average_last200: -137.4196 epis: 0.4932 loss: 66.0434 
episode: 88 count: 95 score: -25.8446 average_last200: -136.1659 epis: 0.4893 loss: 33.8977 
episode: 89 count: 313 score: -43.5263 average_last200: -135.1366 epis: 0.4853 loss: 111.8424 
episode: 90 count: 146 score: -120.7340 average_last200: -134.9783 epis: 0.4815 loss: 43.5100 
episode: 91 count: 190 score: -126.7709 average_last200: -134.8891 epis: 0.4776 loss: 55.6122 
episode: 92 count: 133 score: -50.2834 average_last200: -133.9794 epis: 0.4738 loss: 42.7066 
episode: 93 count: 326 score: -97.7371 average_last200: -133.5938 epis: 0.4700 loss: 111.0610 
episode: 94 count: 108 score: -115.5585 average_last200: -133.4040 epis: 0.4662 loss: 32.2932 
episode: 95 count: 152 score: -108.0126 average_last200: -133.1395 epis: 0.4625 loss: 44.8606 
episode: 96 count: 178 score: -79.8050 average_last200: -132.5896 epis: 0.4588 loss: 65.5694 
episode: 97 count: 839 score: -594.3372 average_last200: -137.3014 epis: 0.4551 loss: 291.7815 
episode: 98 count: 1000 score: -3.4251 average_last200: -135.9491 epis: 0.4515 loss: 355.1994 
episode: 99 count: 242 score: -80.6306 average_last200: -135.3959 epis: 0.4479 loss: 85.0072 
episode: 100 count: 132 score: -45.7128 average_last200: -134.5079 epis: 0.4443 loss: 54.7783 
episode: 101 count: 215 score: -14.6477 average_last200: -133.3328 epis: 0.4407 loss: 78.8464 
episode: 102 count: 174 score: -77.7335 average_last200: -132.7930 epis: 0.4372 loss: 72.0470 
episode: 103 count: 255 score: -97.6453 average_last200: -132.4551 epis: 0.4337 loss: 94.6557 
episode: 104 count: 102 score: -24.7243 average_last200: -131.4291 epis: 0.4303 loss: 33.5434 
episode: 105 count: 331 score: -41.2943 average_last200: -130.5787 epis: 0.4268 loss: 111.6979 
episode: 106 count: 121 score: -52.1202 average_last200: -129.8455 epis: 0.4234 loss: 39.4176 
episode: 107 count: 292 score: -40.4415 average_last200: -129.0177 epis: 0.4200 loss: 105.2215 
episode: 108 count: 103 score: -82.7928 average_last200: -128.5936 epis: 0.4167 loss: 29.3783 
episode: 109 count: 192 score: -121.5281 average_last200: -128.5294 epis: 0.4133 loss: 63.3040 
episode: 110 count: 101 score: -51.9247 average_last200: -127.8392 epis: 0.4100 loss: 42.7938 
episode: 111 count: 1000 score: -42.3178 average_last200: -127.0756 epis: 0.4067 loss: 362.7792 
episode: 112 count: 111 score: -110.7897 average_last200: -126.9315 epis: 0.4035 loss: 45.0457 
episode: 113 count: 1000 score: 29.2911 average_last200: -125.5611 epis: 0.4002 loss: 377.3935 
episode: 114 count: 1000 score: 0.1522 average_last200: -124.4680 epis: 0.3970 loss: 359.0201 
episode: 115 count: 1000 score: -48.3354 average_last200: -123.8117 epis: 0.3939 loss: 365.6038 
episode: 116 count: 147 score: -145.1637 average_last200: -123.9942 epis: 0.3907 loss: 61.0401 
episode: 117 count: 173 score: -242.7002 average_last200: -125.0001 epis: 0.3876 loss: 65.7698 
episode: 118 count: 145 score: -19.8511 average_last200: -124.1165 epis: 0.3845 loss: 63.4587 
episode: 119 count: 435 score: -243.1496 average_last200: -125.1085 epis: 0.3814 loss: 176.8706 
episode: 120 count: 141 score: -49.6167 average_last200: -124.4846 epis: 0.3784 loss: 60.7665 
episode: 121 count: 123 score: -150.8347 average_last200: -124.7006 epis: 0.3753 loss: 61.4957 
episode: 122 count: 1000 score: -25.6886 average_last200: -123.8956 epis: 0.3723 loss: 416.9838 
episode: 123 count: 127 score: -76.8751 average_last200: -123.5164 epis: 0.3694 loss: 57.0262 
episode: 124 count: 106 score: -92.3190 average_last200: -123.2668 epis: 0.3664 loss: 43.7852 
episode: 125 count: 196 score: -45.9703 average_last200: -122.6534 epis: 0.3635 loss: 84.8652 
episode: 126 count: 101 score: -87.1300 average_last200: -122.3736 epis: 0.3606 loss: 42.2117 
episode: 127 count: 166 score: -50.2134 average_last200: -121.8099 epis: 0.3577 loss: 67.5698 
episode: 128 count: 113 score: -109.7898 average_last200: -121.7167 epis: 0.3548 loss: 42.2924 
episode: 129 count: 1000 score: -69.7532 average_last200: -121.3170 epis: 0.3520 loss: 434.9708 
episode: 130 count: 149 score: -29.6658 average_last200: -120.6174 epis: 0.3492 loss: 64.4065 
episode: 131 count: 162 score: -64.4489 average_last200: -120.1918 epis: 0.3464 loss: 69.8965 
episode: 132 count: 129 score: -71.0696 average_last200: -119.8225 epis: 0.3436 loss: 54.3675 
episode: 133 count: 1000 score: 9.4409 average_last200: -118.8579 epis: 0.3409 loss: 424.1071 
episode: 134 count: 1000 score: -14.1434 average_last200: -118.0822 epis: 0.3381 loss: 412.9511 
episode: 135 count: 1000 score: 5.0414 average_last200: -117.1769 epis: 0.3354 loss: 425.1582 
episode: 136 count: 112 score: -56.4130 average_last200: -116.7333 epis: 0.3327 loss: 43.9851 
episode: 137 count: 1000 score: -32.8901 average_last200: -116.1258 epis: 0.3301 loss: 459.2379 
episode: 138 count: 1000 score: 33.5264 average_last200: -115.0491 epis: 0.3274 loss: 456.9924 
episode: 139 count: 1000 score: 74.1572 average_last200: -113.6977 epis: 0.3248 loss: 425.4969 
episode: 140 count: 1000 score: 21.7165 average_last200: -112.7373 epis: 0.3222 loss: 448.9587 
episode: 141 count: 73 score: -59.2927 average_last200: -112.3609 epis: 0.3196 loss: 41.7725 
episode: 142 count: 192 score: -120.0854 average_last200: -112.4149 epis: 0.3171 loss: 97.9803 
episode: 143 count: 118 score: -38.3602 average_last200: -111.9007 epis: 0.3145 loss: 46.3199 
episode: 144 count: 92 score: -73.8082 average_last200: -111.6380 epis: 0.3120 loss: 45.4327 
episode: 145 count: 1000 score: 93.3703 average_last200: -110.2338 epis: 0.3095 loss: 442.3286 
episode: 146 count: 114 score: -13.4407 average_last200: -109.5753 epis: 0.3071 loss: 50.5162 
episode: 147 count: 122 score: -69.0962 average_last200: -109.3018 epis: 0.3046 loss: 61.0720 
episode: 148 count: 173 score: -94.1345 average_last200: -109.2000 epis: 0.3022 loss: 92.9219 
episode: 149 count: 1000 score: 52.1804 average_last200: -108.1242 epis: 0.2997 loss: 462.6663 
episode: 150 count: 340 score: -124.1309 average_last200: -108.2302 epis: 0.2973 loss: 159.7976 
episode: 151 count: 1000 score: 100.7188 average_last200: -106.8555 epis: 0.2950 loss: 479.4532 
episode: 152 count: 1000 score: 57.0418 average_last200: -105.7843 epis: 0.2926 loss: 437.5126 
episode: 153 count: 1000 score: 26.4174 average_last200: -104.9258 epis: 0.2903 loss: 482.7157 
episode: 154 count: 891 score: 174.0127 average_last200: -103.1262 epis: 0.2879 loss: 422.1572 
episode: 155 count: 464 score: -153.5580 average_last200: -103.4495 epis: 0.2856 loss: 220.4955 
episode: 156 count: 168 score: -0.4987 average_last200: -102.7938 epis: 0.2834 loss: 78.5203 
episode: 157 count: 1000 score: 76.9379 average_last200: -101.6562 epis: 0.2811 loss: 518.5458 
episode: 158 count: 95 score: -25.2854 average_last200: -101.1759 epis: 0.2788 loss: 47.2388 
episode: 159 count: 122 score: -77.8844 average_last200: -101.0303 epis: 0.2766 loss: 57.7971 
episode: 160 count: 101 score: -51.2985 average_last200: -100.7214 epis: 0.2744 loss: 48.2744 
episode: 161 count: 113 score: -56.1215 average_last200: -100.4461 epis: 0.2722 loss: 55.7588 
episode: 162 count: 130 score: -89.1632 average_last200: -100.3769 epis: 0.2700 loss: 61.3556 
episode: 163 count: 1000 score: 57.1953 average_last200: -99.4161 epis: 0.2679 loss: 486.8345 
episode: 164 count: 1000 score: 75.1709 average_last200: -98.3580 epis: 0.2657 loss: 480.0922 
episode: 165 count: 1000 score: 34.2670 average_last200: -97.5591 epis: 0.2636 loss: 436.8921 
episode: 166 count: 1000 score: 33.5398 average_last200: -96.7740 epis: 0.2615 loss: 468.6381 
episode: 167 count: 1000 score: 46.5422 average_last200: -95.9210 epis: 0.2594 loss: 479.9359 
episode: 168 count: 1000 score: 97.1829 average_last200: -94.7783 epis: 0.2573 loss: 466.5397 
episode: 169 count: 629 score: -291.4171 average_last200: -95.9350 epis: 0.2553 loss: 290.1382 
episode: 170 count: 119 score: -31.1343 average_last200: -95.5561 epis: 0.2532 loss: 49.9840 
episode: 171 count: 1000 score: 29.8544 average_last200: -94.8269 epis: 0.2512 loss: 465.8686 
episode: 172 count: 102 score: -34.1144 average_last200: -94.4760 epis: 0.2492 loss: 47.9770 
episode: 173 count: 98 score: -81.5556 average_last200: -94.4018 epis: 0.2472 loss: 48.9502 
episode: 174 count: 155 score: -24.2568 average_last200: -94.0009 epis: 0.2452 loss: 62.8596 
episode: 175 count: 120 score: -73.0515 average_last200: -93.8819 epis: 0.2433 loss: 51.4065 
episode: 176 count: 86 score: -115.9911 average_last200: -94.0068 epis: 0.2413 loss: 36.3119 
episode: 177 count: 1000 score: 33.9264 average_last200: -93.2881 epis: 0.2394 loss: 468.1731 
episode: 178 count: 654 score: -239.8171 average_last200: -94.1067 epis: 0.2375 loss: 314.4723 
episode: 179 count: 107 score: -55.2412 average_last200: -93.8908 epis: 0.2356 loss: 51.7719 
episode: 180 count: 1000 score: 128.4124 average_last200: -92.6626 epis: 0.2337 loss: 462.5378 
episode: 181 count: 512 score: 177.7493 average_last200: -91.1768 epis: 0.2318 loss: 263.0672 
episode: 182 count: 87 score: -30.0604 average_last200: -90.8428 epis: 0.2300 loss: 39.6197 
episode: 183 count: 116 score: -92.0771 average_last200: -90.8495 epis: 0.2281 loss: 62.8876 
episode: 184 count: 1000 score: 97.5061 average_last200: -89.8314 epis: 0.2263 loss: 449.8103 
episode: 185 count: 159 score: -24.3998 average_last200: -89.4796 epis: 0.2245 loss: 72.4693 
episode: 186 count: 123 score: -25.7723 average_last200: -89.1389 epis: 0.2227 loss: 47.9102 
episode: 187 count: 104 score: -33.7719 average_last200: -88.8444 epis: 0.2209 loss: 44.6966 
episode: 188 count: 502 score: 210.0261 average_last200: -87.2631 epis: 0.2191 loss: 233.1114 
episode: 189 count: 185 score: 4.9310 average_last200: -86.7779 epis: 0.2174 loss: 83.6658 
episode: 190 count: 1000 score: 79.3790 average_last200: -85.9079 epis: 0.2156 loss: 510.0038 
episode: 191 count: 1000 score: 26.3227 average_last200: -85.3234 epis: 0.2139 loss: 498.7926 
episode: 192 count: 333 score: 205.1098 average_last200: -83.8186 epis: 0.2122 loss: 157.0193 
episode: 193 count: 860 score: 178.4531 average_last200: -82.4666 epis: 0.2105 loss: 407.2185 
episode: 194 count: 923 score: 211.7096 average_last200: -80.9580 epis: 0.2088 loss: 430.4303 
episode: 195 count: 814 score: 149.0736 average_last200: -79.7844 epis: 0.2072 loss: 390.1345 
episode: 196 count: 943 score: 158.4442 average_last200: -78.5751 epis: 0.2055 loss: 399.1878 
episode: 197 count: 523 score: 202.7469 average_last200: -77.1543 epis: 0.2039 loss: 229.7960 
episode: 198 count: 1000 score: 130.4039 average_last200: -76.1113 epis: 0.2022 loss: 445.0152 
episode: 199 count: 272 score: 223.5718 average_last200: -74.6129 epis: 0.2006 loss: 125.3603 
episode: 200 count: 727 score: 217.5942 average_last200: -72.5161 epis: 0.1990 loss: 317.3018 
episode: 201 count: 1000 score: 97.7391 average_last200: -71.1940 epis: 0.1974 loss: 418.6703 
episode: 202 count: 1000 score: 78.6251 average_last200: -70.0988 epis: 0.1958 loss: 416.7436 
episode: 203 count: 1000 score: 100.6766 average_last200: -68.8131 epis: 0.1943 loss: 414.1798 
episode: 204 count: 167 score: -46.2670 average_last200: -67.5345 epis: 0.1927 loss: 63.7059 
episode: 205 count: 351 score: 215.8359 average_last200: -64.1925 epis: 0.1912 loss: 140.8357 
episode: 206 count: 1000 score: 51.1982 average_last200: -62.4686 epis: 0.1896 loss: 441.0973 
episode: 207 count: 1000 score: 100.5388 average_last200: -61.2323 epis: 0.1881 loss: 399.2793 
episode: 208 count: 818 score: 222.8399 average_last200: -58.9680 epis: 0.1866 loss: 334.0283 
episode: 209 count: 1000 score: 82.5855 average_last200: -57.5916 epis: 0.1851 loss: 395.8581 
episode: 210 count: 94 score: -10.0217 average_last200: -55.2947 epis: 0.1836 loss: 35.4887 
episode: 211 count: 565 score: 192.7638 average_last200: -53.8030 epis: 0.1822 loss: 213.7229 
episode: 212 count: 1000 score: 79.6209 average_last200: -52.1793 epis: 0.1807 loss: 348.5032 
episode: 213 count: 1000 score: 92.9948 average_last200: -50.9017 epis: 0.1793 loss: 411.8033 
episode: 214 count: 1000 score: 78.6130 average_last200: -49.6180 epis: 0.1778 loss: 369.6914 
episode: 215 count: 833 score: 179.9232 average_last200: -47.5573 epis: 0.1764 loss: 314.7998 
episode: 216 count: 1000 score: 45.7999 average_last200: -46.4904 epis: 0.1750 loss: 378.1458 
episode: 217 count: 764 score: 171.4678 average_last200: -45.3657 epis: 0.1736 loss: 282.0485 
episode: 218 count: 349 score: 214.9154 average_last200: -42.8442 epis: 0.1722 loss: 138.5497 
episode: 219 count: 1000 score: 109.6339 average_last200: -41.7039 epis: 0.1708 loss: 326.2153 
episode: 220 count: 1000 score: 65.2624 average_last200: -40.7759 epis: 0.1695 loss: 327.0106 
episode: 221 count: 122 score: -31.0705 average_last200: -39.9003 epis: 0.1681 loss: 45.1807 
episode: 222 count: 719 score: 203.8465 average_last200: -38.3984 epis: 0.1668 loss: 239.8603 
episode: 223 count: 309 score: -63.4252 average_last200: -38.2860 epis: 0.1654 loss: 96.8440 
episode: 224 count: 476 score: 227.2202 average_last200: -36.4668 epis: 0.1641 loss: 131.1075 
episode: 225 count: 1000 score: 96.0355 average_last200: -34.9294 epis: 0.1628 loss: 283.5636 
episode: 226 count: 588 score: 242.2712 average_last200: -33.0689 epis: 0.1615 loss: 160.7571 
episode: 227 count: 113 score: 4.6461 average_last200: -32.3472 epis: 0.1602 loss: 36.2998 
episode: 228 count: 129 score: -20.6896 average_last200: -31.5939 epis: 0.1589 loss: 39.8295 
episode: 229 count: 686 score: 186.9860 average_last200: -29.9406 epis: 0.1576 loss: 221.4274 
episode: 230 count: 1000 score: 119.2243 average_last200: -28.7562 epis: 0.1564 loss: 288.2549 
episode: 231 count: 111 score: -21.9883 average_last200: -27.8765 epis: 0.1551 loss: 31.5794 
episode: 232 count: 328 score: 236.8167 average_last200: -26.3375 epis: 0.1539 loss: 91.2386 
episode: 233 count: 285 score: 179.3809 average_last200: -24.9691 epis: 0.1527 loss: 82.4385 
episode: 234 count: 124 score: -94.5745 average_last200: -24.8409 epis: 0.1514 loss: 36.0058 
episode: 235 count: 903 score: 187.6189 average_last200: -23.1539 epis: 0.1502 loss: 260.6900 
episode: 236 count: 1000 score: 87.3548 average_last200: -22.1699 epis: 0.1490 loss: 266.1921 
episode: 237 count: 756 score: 213.1709 average_last200: -20.1023 epis: 0.1478 loss: 204.4107 
episode: 238 count: 673 score: 183.1682 average_last200: -18.6312 epis: 0.1467 loss: 189.8857 
episode: 239 count: 633 score: 202.7058 average_last200: -15.8899 epis: 0.1455 loss: 181.8345 
episode: 240 count: 1000 score: 92.8670 average_last200: -14.8099 epis: 0.1443 loss: 292.1415 
episode: 241 count: 1000 score: 68.6296 average_last200: -13.9164 epis: 0.1432 loss: 276.1164 
episode: 242 count: 458 score: 179.6811 average_last200: -12.3317 epis: 0.1420 loss: 124.7683 
episode: 243 count: 398 score: 187.2484 average_last200: -10.8758 epis: 0.1409 loss: 119.3385 
episode: 244 count: 1000 score: 25.3957 average_last200: -9.9868 epis: 0.1398 loss: 259.7579 
episode: 245 count: 280 score: 233.9323 average_last200: -7.8406 epis: 0.1386 loss: 75.3406 
episode: 246 count: 393 score: 214.2457 average_last200: -6.2520 epis: 0.1375 loss: 113.6590 
episode: 247 count: 583 score: 196.4213 average_last200: -4.9113 epis: 0.1364 loss: 159.5516 
episode: 248 count: 1000 score: -65.1952 average_last200: -4.6056 epis: 0.1353 loss: 276.2106 
episode: 249 count: 385 score: 186.0809 average_last200: -3.0039 epis: 0.1343 loss: 116.3167 
episode: 250 count: 662 score: 183.4033 average_last200: -1.4243 epis: 0.1332 loss: 167.6881 
episode: 251 count: 643 score: 226.3707 average_last200: 0.4362 epis: 0.1321 loss: 172.1385 
episode: 252 count: 554 score: 165.9243 average_last200: 1.8647 epis: 0.1311 loss: 165.5075 
episode: 253 count: 619 score: 167.1809 average_last200: 3.7049 epis: 0.1300 loss: 176.7073 
episode: 254 count: 900 score: 245.0024 average_last200: 5.4226 epis: 0.1290 loss: 260.4080 
episode: 255 count: 564 score: 167.2883 average_last200: 6.9882 epis: 0.1279 loss: 144.6700 
episode: 256 count: 443 score: 205.1953 average_last200: 8.7073 epis: 0.1269 loss: 108.6231 
episode: 257 count: 484 score: 227.6273 average_last200: 10.5107 epis: 0.1259 loss: 130.6986 
episode: 258 count: 268 score: 188.7698 average_last200: 12.0373 epis: 0.1249 loss: 76.3796 
episode: 259 count: 554 score: 154.8721 average_last200: 13.2104 epis: 0.1239 loss: 143.0932 
episode: 260 count: 899 score: 149.9607 average_last200: 14.4565 epis: 0.1229 loss: 241.2411 
episode: 261 count: 736 score: 226.1162 average_last200: 15.7128 epis: 0.1219 loss: 200.2198 
episode: 262 count: 512 score: 239.8324 average_last200: 17.4254 epis: 0.1209 loss: 131.6109 
episode: 263 count: 416 score: 246.7037 average_last200: 19.1644 epis: 0.1200 loss: 104.3946 
episode: 264 count: 685 score: 146.7723 average_last200: 20.1419 epis: 0.1190 loss: 180.1377 
episode: 265 count: 689 score: 176.3979 average_last200: 21.5177 epis: 0.1181 loss: 193.4872 
episode: 266 count: 416 score: 247.5696 average_last200: 23.0137 epis: 0.1171 loss: 98.7643 
episode: 267 count: 350 score: 206.9612 average_last200: 24.4785 epis: 0.1162 loss: 88.9637 
episode: 268 count: 632 score: 194.6021 average_last200: 25.7849 epis: 0.1152 loss: 145.2766 
episode: 269 count: 1000 score: 105.7575 average_last200: 26.6775 epis: 0.1143 loss: 258.7594 
episode: 270 count: 306 score: 214.9053 average_last200: 27.9894 epis: 0.1134 loss: 78.0262 
episode: 271 count: 1000 score: 88.7534 average_last200: 29.0885 epis: 0.1125 loss: 228.0718 
episode: 272 count: 628 score: 209.8508 average_last200: 30.5799 epis: 0.1116 loss: 148.1676 
episode: 273 count: 331 score: 174.5838 average_last200: 31.8330 epis: 0.1107 loss: 81.5356 
episode: 274 count: 371 score: 203.2586 average_last200: 33.2584 epis: 0.1098 loss: 86.3822 
episode: 275 count: 1000 score: 99.7621 average_last200: 34.3412 epis: 0.1089 loss: 233.1072 
episode: 276 count: 521 score: 225.6758 average_last200: 36.0153 epis: 0.1081 loss: 112.3643 
episode: 277 count: 609 score: 205.5190 average_last200: 37.4822 epis: 0.1072 loss: 132.2406 
episode: 278 count: 446 score: 200.4349 average_last200: 38.8051 epis: 0.1064 loss: 92.0050 
episode: 279 count: 929 score: 181.4586 average_last200: 40.0692 epis: 0.1055 loss: 208.4399 
episode: 280 count: 719 score: 197.1424 average_last200: 41.2585 epis: 0.1047 loss: 147.8699 
episode: 281 count: 481 score: 210.6017 average_last200: 42.6926 epis: 0.1038 loss: 106.1115 
episode: 282 count: 900 score: 159.1614 average_last200: 43.9162 epis: 0.1030 loss: 185.8042 
episode: 283 count: 233 score: -7.5647 average_last200: 44.2230 epis: 0.1022 loss: 47.6840 
episode: 284 count: 598 score: 191.2875 average_last200: 45.8801 epis: 0.1014 loss: 106.7129 
episode: 285 count: 526 score: 265.0207 average_last200: 47.4254 epis: 0.1005 loss: 98.5523 
episode: 286 count: 147 score: -312.4304 average_last200: 46.1501 epis: 0.0997 loss: 27.2650 
episode: 287 count: 1000 score: 80.2586 average_last200: 47.1534 epis: 0.0989 loss: 192.1949 
episode: 288 count: 334 score: 248.2516 average_last200: 48.5239 epis: 0.0981 loss: 65.3247 
episode: 289 count: 305 score: 192.1419 average_last200: 49.7022 epis: 0.0974 loss: 56.8336 
episode: 290 count: 296 score: 226.9144 average_last200: 51.4404 epis: 0.0966 loss: 47.6243 
episode: 291 count: 92 score: -33.1136 average_last200: 51.9087 epis: 0.0958 loss: 17.6950 
episode: 292 count: 542 score: 178.2719 average_last200: 53.0515 epis: 0.0950 loss: 102.8297 
episode: 293 count: 218 score: -89.3655 average_last200: 53.0934 epis: 0.0943 loss: 35.5490 
episode: 294 count: 393 score: 211.7299 average_last200: 54.7298 epis: 0.0935 loss: 65.9222 
episode: 295 count: 494 score: 157.5972 average_last200: 56.0579 epis: 0.0928 loss: 87.1887 
episode: 296 count: 374 score: 234.9819 average_last200: 57.6318 epis: 0.0920 loss: 66.6572 
episode: 297 count: 823 score: 175.9600 average_last200: 61.4833 epis: 0.0913 loss: 145.8937 
episode: 298 count: 318 score: 201.2648 average_last200: 62.5067 epis: 0.0906 loss: 59.4998 
episode: 299 count: 373 score: 194.9683 average_last200: 63.8847 epis: 0.0898 loss: 59.1840 
episode: 300 count: 504 score: 208.0172 average_last200: 65.1534 epis: 0.0891 loss: 80.8182 
episode: 301 count: 346 score: 207.0394 average_last200: 66.2618 epis: 0.0884 loss: 60.0649 
episode: 302 count: 262 score: 234.9017 average_last200: 67.8250 epis: 0.0877 loss: 51.4045 
episode: 303 count: 89 score: -46.1014 average_last200: 68.0827 epis: 0.0870 loss: 16.8003 
episode: 304 count: 487 score: 208.5113 average_last200: 69.2489 epis: 0.0863 loss: 78.3715 
episode: 305 count: 158 score: -52.2135 average_last200: 69.1943 epis: 0.0856 loss: 27.5887 
episode: 306 count: 235 score: -49.4998 average_last200: 69.2074 epis: 0.0849 loss: 38.4146 
episode: 307 count: 185 score: 201.7518 average_last200: 70.4184 epis: 0.0843 loss: 33.4218 
episode: 308 count: 400 score: 221.0334 average_last200: 71.9375 epis: 0.0836 loss: 57.2018 
episode: 309 count: 171 score: 0.5432 average_last200: 72.5478 epis: 0.0829 loss: 22.5218 
episode: 310 count: 360 score: 259.6679 average_last200: 74.1058 epis: 0.0822 loss: 55.1463 
episode: 311 count: 121 score: -51.2163 average_last200: 74.0613 epis: 0.0816 loss: 15.6068 
episode: 312 count: 386 score: 212.6941 average_last200: 75.6787 epis: 0.0809 loss: 56.4496 
episode: 313 count: 265 score: 224.2214 average_last200: 76.6534 epis: 0.0803 loss: 39.4800 
episode: 314 count: 488 score: 181.8923 average_last200: 77.5621 epis: 0.0796 loss: 71.8583 
episode: 315 count: 331 score: 195.4256 average_last200: 78.7809 epis: 0.0790 loss: 49.1421 
episode: 316 count: 672 score: 244.2475 average_last200: 80.7279 epis: 0.0784 loss: 96.0022 
episode: 317 count: 194 score: 194.6092 average_last200: 82.9145 epis: 0.0778 loss: 27.2955 
episode: 318 count: 207 score: 236.4658 average_last200: 84.1961 epis: 0.0771 loss: 31.6961 
episode: 319 count: 282 score: 228.3849 average_last200: 86.5537 epis: 0.0765 loss: 44.0300 
episode: 320 count: 364 score: 186.1084 average_last200: 87.7324 epis: 0.0759 loss: 51.1446 
episode: 321 count: 145 score: 14.2747 average_last200: 88.5579 epis: 0.0753 loss: 20.4238 
episode: 322 count: 157 score: -14.1942 average_last200: 88.6154 epis: 0.0747 loss: 25.1420 
episode: 323 count: 197 score: 251.0795 average_last200: 90.2552 epis: 0.0741 loss: 30.7225 
episode: 324 count: 312 score: 189.7223 average_last200: 91.6654 epis: 0.0735 loss: 48.2400 
episode: 325 count: 101 score: -27.3343 average_last200: 91.7586 epis: 0.0729 loss: 17.2183 
episode: 326 count: 212 score: 193.7751 average_last200: 93.1631 epis: 0.0723 loss: 30.9521 
episode: 327 count: 111 score: -28.1132 average_last200: 93.2736 epis: 0.0718 loss: 16.9059 
episode: 328 count: 165 score: -38.7738 average_last200: 93.6287 epis: 0.0712 loss: 22.2829 
episode: 329 count: 344 score: 249.7925 average_last200: 95.2264 epis: 0.0706 loss: 57.2061 
episode: 330 count: 157 score: -43.6227 average_last200: 95.1566 epis: 0.0700 loss: 22.4745 
episode: 331 count: 95 score: -29.6745 average_last200: 95.3305 epis: 0.0695 loss: 15.9919 
episode: 332 count: 471 score: 237.6660 average_last200: 96.8742 epis: 0.0689 loss: 71.6059 
episode: 333 count: 530 score: 246.5082 average_last200: 98.0595 epis: 0.0684 loss: 82.0917 
episode: 334 count: 176 score: 22.4678 average_last200: 98.2425 epis: 0.0678 loss: 25.2280 
episode: 335 count: 99 score: -15.8356 average_last200: 98.1382 epis: 0.0673 loss: 13.7851 
episode: 336 count: 225 score: 209.2954 average_last200: 99.4667 epis: 0.0667 loss: 35.0789 
episode: 337 count: 347 score: 210.4063 average_last200: 100.6832 epis: 0.0662 loss: 50.8618 
episode: 338 count: 171 score: -0.8586 average_last200: 100.5113 epis: 0.0657 loss: 23.8431 
episode: 339 count: 138 score: 12.4957 average_last200: 100.2030 epis: 0.0652 loss: 21.0602 
episode: 340 count: 591 score: 226.2265 average_last200: 101.2255 epis: 0.0646 loss: 81.1960 
episode: 341 count: 407 score: 235.5106 average_last200: 102.6995 epis: 0.0641 loss: 49.1377 
episode: 342 count: 371 score: 243.8096 average_last200: 104.5190 epis: 0.0636 loss: 53.7998 
episode: 343 count: 194 score: 185.2723 average_last200: 105.6372 epis: 0.0631 loss: 27.3197 
episode: 344 count: 390 score: 219.2852 average_last200: 107.1026 epis: 0.0626 loss: 58.3732 
episode: 345 count: 383 score: 238.5417 average_last200: 107.8285 epis: 0.0621 loss: 48.0729 
episode: 346 count: 133 score: 12.8103 average_last200: 107.9597 epis: 0.0616 loss: 14.5727 
episode: 347 count: 263 score: 215.3622 average_last200: 109.3820 epis: 0.0611 loss: 33.6691 
episode: 348 count: 297 score: 237.2267 average_last200: 111.0388 epis: 0.0606 loss: 38.5130 
episode: 349 count: 355 score: 215.3701 average_last200: 111.8548 epis: 0.0601 loss: 56.4581 
episode: 350 count: 198 score: 234.9777 average_last200: 113.6503 epis: 0.0596 loss: 27.2180 
episode: 351 count: 292 score: 224.0224 average_last200: 114.2668 epis: 0.0592 loss: 39.1345 
episode: 352 count: 242 score: 183.7315 average_last200: 114.9003 epis: 0.0587 loss: 31.4675 
episode: 353 count: 302 score: 218.4566 average_last200: 115.8605 epis: 0.0582 loss: 46.3728 
episode: 354 count: 365 score: 222.9843 average_last200: 116.1053 epis: 0.0578 loss: 50.0052 
episode: 355 count: 599 score: 232.0993 average_last200: 118.0336 epis: 0.0573 loss: 86.4544 
episode: 356 count: 581 score: 245.7532 average_last200: 119.2649 epis: 0.0568 loss: 79.2275 
episode: 357 count: 506 score: 209.5187 average_last200: 119.9278 epis: 0.0564 loss: 73.5543 
episode: 358 count: 352 score: 188.1223 average_last200: 120.9948 epis: 0.0559 loss: 48.4899 
episode: 359 count: 84 score: -6.5800 average_last200: 121.3514 epis: 0.0555 loss: 9.2627 
episode: 360 count: 200 score: 228.9662 average_last200: 122.7527 epis: 0.0550 loss: 26.8014 
episode: 361 count: 258 score: 221.1481 average_last200: 124.1390 epis: 0.0546 loss: 35.5787 
episode: 362 count: 451 score: 237.2387 average_last200: 125.7710 epis: 0.0542 loss: 63.3540 
episode: 363 count: 303 score: 254.0664 average_last200: 126.7554 epis: 0.0537 loss: 43.7382 
episode: 364 count: 264 score: 213.6835 average_last200: 127.4480 epis: 0.0533 loss: 36.9525 
episode: 365 count: 204 score: 226.0819 average_last200: 128.4070 epis: 0.0529 loss: 28.2583 
episode: 366 count: 320 score: 231.9865 average_last200: 129.3993 epis: 0.0525 loss: 40.2686 
episode: 367 count: 251 score: 209.9549 average_last200: 130.2163 epis: 0.0520 loss: 36.9549 
episode: 368 count: 906 score: 199.4352 average_last200: 130.7276 epis: 0.0516 loss: 120.4539 
episode: 369 count: 97 score: -8.0672 average_last200: 132.1443 epis: 0.0512 loss: 12.7522 
episode: 370 count: 333 score: 217.8710 average_last200: 133.3894 epis: 0.0508 loss: 40.8521 
episode: 371 count: 151 score: -13.1085 average_last200: 133.1746 epis: 0.0504 loss: 23.2024 
episode: 372 count: 135 score: -9.2436 average_last200: 133.2989 epis: 0.0500 loss: 20.5072 
episode: 373 count: 323 score: 260.0657 average_last200: 135.0070 epis: 0.0496 loss: 42.7883 
episode: 374 count: 427 score: 178.6912 average_last200: 136.0218 epis: 0.0492 loss: 67.7932 
episode: 375 count: 233 score: 198.0921 average_last200: 137.3775 epis: 0.0488 loss: 33.0841 
episode: 376 count: 96 score: -45.8748 average_last200: 137.7281 epis: 0.0484 loss: 13.5374 
episode: 377 count: 279 score: 235.7523 average_last200: 138.7372 epis: 0.0480 loss: 37.9466 
episode: 378 count: 238 score: 162.7335 average_last200: 140.7499 epis: 0.0476 loss: 34.5229 
episode: 379 count: 285 score: 261.2099 average_last200: 142.3322 epis: 0.0473 loss: 45.7768 
episode: 380 count: 319 score: 240.9444 average_last200: 142.8948 epis: 0.0469 loss: 53.1869 
episode: 381 count: 275 score: 238.4788 average_last200: 143.1985 epis: 0.0465 loss: 41.7575 
episode: 382 count: 118 score: -39.0630 average_last200: 143.1535 epis: 0.0461 loss: 17.5532 
episode: 383 count: 346 score: 232.5474 average_last200: 144.7766 epis: 0.0458 loss: 45.9253 
episode: 384 count: 300 score: 243.7573 average_last200: 145.5079 epis: 0.0454 loss: 38.4704 
episode: 385 count: 187 score: 256.8952 average_last200: 146.9143 epis: 0.0450 loss: 25.8579 
episode: 386 count: 125 score: -13.8259 average_last200: 146.9741 epis: 0.0447 loss: 20.8449 
episode: 387 count: 274 score: 223.0123 average_last200: 148.2580 epis: 0.0443 loss: 34.0843 
episode: 388 count: 230 score: 230.4501 average_last200: 148.3601 epis: 0.0440 loss: 31.5273 
episode: 389 count: 1000 score: 125.8128 average_last200: 148.9645 epis: 0.0436 loss: 134.1258 
episode: 390 count: 129 score: -33.1908 average_last200: 148.4017 epis: 0.0433 loss: 18.8803 
episode: 391 count: 157 score: -10.5571 average_last200: 148.2173 epis: 0.0429 loss: 23.0627 
episode: 392 count: 320 score: 260.7124 average_last200: 148.4953 epis: 0.0426 loss: 47.4533 
episode: 393 count: 106 score: 3.4825 average_last200: 147.6204 epis: 0.0422 loss: 15.4133 
episode: 394 count: 100 score: -75.2257 average_last200: 146.1858 epis: 0.0419 loss: 17.6825 
episode: 395 count: 175 score: 177.1630 average_last200: 146.3262 epis: 0.0416 loss: 24.5743 
episode: 396 count: 202 score: 245.4067 average_last200: 146.7610 epis: 0.0412 loss: 25.3322 
episode: 397 count: 103 score: -63.2104 average_last200: 145.4312 epis: 0.0409 loss: 13.2954 
episode: 398 count: 361 score: 180.6173 average_last200: 145.6823 epis: 0.0406 loss: 51.6869 
episode: 399 count: 304 score: 188.6342 average_last200: 145.5076 epis: 0.0402 loss: 40.4058 
episode: 400 count: 298 score: 254.7389 average_last200: 145.6933 epis: 0.0399 loss: 40.8465 
episode: 401 count: 250 score: 199.8560 average_last200: 146.2039 epis: 0.0396 loss: 34.8213 
episode: 402 count: 367 score: 247.5407 average_last200: 147.0485 epis: 0.0393 loss: 46.8879 
episode: 403 count: 283 score: 217.7099 average_last200: 147.6337 epis: 0.0390 loss: 35.5947 
episode: 404 count: 313 score: 201.9327 average_last200: 148.8747 epis: 0.0387 loss: 40.0201 
episode: 405 count: 127 score: -30.6682 average_last200: 147.6421 epis: 0.0383 loss: 16.3083 
episode: 406 count: 415 score: 263.0584 average_last200: 148.7014 epis: 0.0380 loss: 60.0627 
episode: 407 count: 380 score: 192.4753 average_last200: 149.1611 epis: 0.0377 loss: 44.6412 
episode: 408 count: 253 score: 220.8392 average_last200: 149.1511 epis: 0.0374 loss: 36.1818 
episode: 409 count: 334 score: 211.7908 average_last200: 149.7971 epis: 0.0371 loss: 38.1257 
episode: 410 count: 227 score: 245.8199 average_last200: 151.0764 epis: 0.0368 loss: 28.8600 
episode: 411 count: 349 score: 217.6043 average_last200: 151.2006 epis: 0.0365 loss: 40.9638 
episode: 412 count: 396 score: 242.6309 average_last200: 152.0156 epis: 0.0363 loss: 51.9647 
episode: 413 count: 212 score: 223.4459 average_last200: 152.6679 epis: 0.0360 loss: 29.9427 
episode: 414 count: 303 score: 243.9621 average_last200: 153.4946 epis: 0.0357 loss: 33.4501 
episode: 415 count: 106 score: -36.2454 average_last200: 152.4138 epis: 0.0354 loss: 18.3869 
episode: 416 count: 331 score: 200.3960 average_last200: 153.1867 epis: 0.0351 loss: 42.5792 
episode: 417 count: 295 score: 264.6312 average_last200: 153.6526 epis: 0.0348 loss: 34.4749 
episode: 418 count: 180 score: 228.0894 average_last200: 153.7184 epis: 0.0345 loss: 20.6931 
episode: 419 count: 297 score: 222.0472 average_last200: 154.2805 epis: 0.0343 loss: 34.7502 
episode: 420 count: 203 score: -35.8331 average_last200: 153.7750 epis: 0.0340 loss: 29.6070 
episode: 421 count: 316 score: 197.4589 average_last200: 154.9177 epis: 0.0337 loss: 37.2238 
episode: 422 count: 375 score: 209.2954 average_last200: 154.9449 epis: 0.0335 loss: 45.8847 
episode: 423 count: 336 score: 202.5908 average_last200: 156.2750 epis: 0.0332 loss: 43.0968 
episode: 424 count: 406 score: 222.3656 average_last200: 156.2507 epis: 0.0329 loss: 45.2177 
episode: 425 count: 192 score: 200.3272 average_last200: 156.7722 epis: 0.0327 loss: 22.4327 
episode: 426 count: 257 score: 236.3961 average_last200: 156.7428 epis: 0.0324 loss: 36.4117 
episode: 427 count: 236 score: 179.6613 average_last200: 157.6179 epis: 0.0321 loss: 34.2782 
episode: 428 count: 201 score: 244.1196 average_last200: 158.9419 epis: 0.0319 loss: 25.8955 
episode: 429 count: 176 score: 223.6591 average_last200: 159.1253 epis: 0.0316 loss: 24.1871 
episode: 430 count: 303 score: 223.6022 average_last200: 159.6472 epis: 0.0314 loss: 43.3725 
episode: 431 count: 417 score: 222.2154 average_last200: 160.8682 epis: 0.0311 loss: 54.0415 
episode: 432 count: 266 score: 215.3471 average_last200: 160.7608 epis: 0.0309 loss: 36.0183 
episode: 433 count: 218 score: 245.6127 average_last200: 161.0920 epis: 0.0306 loss: 28.1778 
episode: 434 count: 204 score: 226.0439 average_last200: 162.6951 epis: 0.0304 loss: 32.7808 
episode: 435 count: 199 score: 207.0295 average_last200: 162.7922 epis: 0.0301 loss: 25.2746 
episode: 436 count: 219 score: 216.9003 average_last200: 163.4399 epis: 0.0299 loss: 27.8147 
episode: 437 count: 255 score: 206.1930 average_last200: 163.4050 epis: 0.0297 loss: 32.5369 
episode: 438 count: 420 score: 248.1813 average_last200: 163.7301 epis: 0.0294 loss: 55.0124 
episode: 439 count: 229 score: 217.7842 average_last200: 163.8054 epis: 0.0292 loss: 35.9544 
episode: 440 count: 371 score: 179.3214 average_last200: 164.2377 epis: 0.0289 loss: 50.4865 
episode: 441 count: 292 score: 210.3187 average_last200: 164.9462 epis: 0.0287 loss: 40.0892 
episode: 442 count: 250 score: 206.4049 average_last200: 165.0798 epis: 0.0285 loss: 33.7193 
episode: 443 count: 209 score: 225.5504 average_last200: 165.2713 epis: 0.0283 loss: 23.1723 
episode: 444 count: 389 score: 189.7453 average_last200: 166.0930 epis: 0.0280 loss: 49.9252 
episode: 445 count: 168 score: -27.7173 average_last200: 164.7848 epis: 0.0278 loss: 19.0263 
episode: 446 count: 247 score: 228.9263 average_last200: 164.8582 epis: 0.0276 loss: 37.1896 
episode: 447 count: 164 score: 233.0694 average_last200: 165.0414 epis: 0.0274 loss: 19.1102 
episode: 448 count: 235 score: 202.0655 average_last200: 166.3777 epis: 0.0271 loss: 28.1045 
episode: 449 count: 112 score: -11.0527 average_last200: 165.3921 epis: 0.0269 loss: 12.7549 
episode: 450 count: 273 score: 193.8946 average_last200: 165.4445 epis: 0.0267 loss: 37.3420 
episode: 451 count: 255 score: 206.8221 average_last200: 165.3468 epis: 0.0265 loss: 33.8909 
episode: 452 count: 290 score: 219.9919 average_last200: 165.6171 epis: 0.0263 loss: 34.5638 
episode: 453 count: 272 score: 184.3862 average_last200: 165.7032 epis: 0.0261 loss: 37.0030 
episode: 454 count: 369 score: 218.5291 average_last200: 165.5708 epis: 0.0259 loss: 37.2591 
episode: 455 count: 247 score: 196.3775 average_last200: 165.7162 epis: 0.0257 loss: 33.9639 
episode: 456 count: 223 score: 189.0476 average_last200: 165.6355 epis: 0.0255 loss: 26.8427 
episode: 457 count: 290 score: 210.7632 average_last200: 165.5512 epis: 0.0253 loss: 36.6185 
episode: 458 count: 226 score: 237.4590 average_last200: 165.7946 epis: 0.0251 loss: 30.5487 
episode: 459 count: 503 score: 215.8809 average_last200: 166.0997 epis: 0.0249 loss: 66.8796 
episode: 460 count: 254 score: 267.6391 average_last200: 166.6881 epis: 0.0247 loss: 27.2870 
episode: 461 count: 239 score: 238.5879 average_last200: 166.7504 epis: 0.0245 loss: 32.2602 
episode: 462 count: 194 score: -18.6732 average_last200: 165.4579 epis: 0.0243 loss: 24.9617 
episode: 463 count: 167 score: 226.2731 average_last200: 165.3557 epis: 0.0241 loss: 20.7766 
episode: 464 count: 168 score: -14.3160 average_last200: 164.5503 epis: 0.0239 loss: 14.7448 
episode: 465 count: 233 score: 247.4462 average_last200: 164.9055 epis: 0.0237 loss: 27.2959 
episode: 466 count: 307 score: 233.9733 average_last200: 164.8376 epis: 0.0235 loss: 36.5325 
episode: 467 count: 225 score: 253.0917 average_last200: 165.0682 epis: 0.0233 loss: 22.0851 
episode: 468 count: 186 score: 219.1033 average_last200: 165.1907 epis: 0.0231 loss: 26.4738 
episode: 469 count: 121 score: 13.0224 average_last200: 164.7270 epis: 0.0229 loss: 17.0145 
episode: 470 count: 152 score: 8.3058 average_last200: 163.6940 epis: 0.0228 loss: 20.4805 
episode: 471 count: 88 score: -6.7043 average_last200: 163.2167 epis: 0.0226 loss: 11.9160 
episode: 472 count: 358 score: 238.2253 average_last200: 163.3586 epis: 0.0224 loss: 48.0999 
episode: 473 count: 149 score: 222.5543 average_last200: 163.5985 epis: 0.0222 loss: 24.1703 
episode: 474 count: 132 score: -88.6645 average_last200: 162.1389 epis: 0.0220 loss: 14.9824 
episode: 475 count: 331 score: 241.3161 average_last200: 162.8466 epis: 0.0219 loss: 38.2224 
episode: 476 count: 169 score: 214.6021 average_last200: 162.7913 epis: 0.0217 loss: 28.3970 
episode: 477 count: 105 score: -46.2026 average_last200: 161.5327 epis: 0.0215 loss: 13.8759 
episode: 478 count: 227 score: 233.3740 average_last200: 161.6973 epis: 0.0213 loss: 30.7294 
episode: 479 count: 101 score: -5.0128 average_last200: 160.7650 epis: 0.0212 loss: 14.1562 
episode: 480 count: 96 score: 12.4856 average_last200: 159.8417 epis: 0.0210 loss: 12.9849 
episode: 481 count: 429 score: 231.7292 average_last200: 159.9473 epis: 0.0208 loss: 58.4786 
episode: 482 count: 205 score: 209.1874 average_last200: 160.1975 epis: 0.0207 loss: 21.6279 
episode: 483 count: 305 score: 261.0135 average_last200: 161.5404 epis: 0.0205 loss: 37.0472 
episode: 484 count: 207 score: 227.7166 average_last200: 161.7225 epis: 0.0203 loss: 36.5302 
episode: 485 count: 121 score: -16.3857 average_last200: 160.3155 epis: 0.0202 loss: 13.9021 
episode: 486 count: 261 score: 271.7242 average_last200: 163.2363 epis: 0.0200 loss: 34.3841 
episode: 487 count: 132 score: -15.3913 average_last200: 162.7580 epis: 0.0198 loss: 18.0132 
episode: 488 count: 146 score: -32.0786 average_last200: 161.3564 epis: 0.0197 loss: 17.3359 
episode: 489 count: 154 score: -28.1895 average_last200: 160.2547 epis: 0.0195 loss: 19.7595 
episode: 490 count: 299 score: 250.8464 average_last200: 160.3744 epis: 0.0194 loss: 43.6333 
episode: 491 count: 94 score: -105.7946 average_last200: 160.0109 epis: 0.0192 loss: 15.7459 
episode: 492 count: 228 score: 219.1244 average_last200: 160.2152 epis: 0.0191 loss: 27.9559 
episode: 493 count: 142 score: 1.0652 average_last200: 160.6674 epis: 0.0189 loss: 20.6645 
episode: 494 count: 181 score: 189.5179 average_last200: 160.5563 epis: 0.0188 loss: 20.8438 
episode: 495 count: 107 score: -40.9013 average_last200: 159.5638 epis: 0.0186 loss: 11.5952 
episode: 496 count: 205 score: -28.2351 average_last200: 158.2477 epis: 0.0185 loss: 28.8866 
episode: 497 count: 308 score: 218.5738 average_last200: 158.4608 epis: 0.0183 loss: 44.2260 
episode: 498 count: 112 score: 4.0887 average_last200: 157.4749 epis: 0.0182 loss: 13.8289 
episode: 499 count: 88 score: -106.4540 average_last200: 155.9678 epis: 0.0180 loss: 14.7383 
episode: 500 count: 312 score: 246.0840 average_last200: 156.1581 epis: 0.0179 loss: 42.0893 
episode: 501 count: 244 score: 217.7728 average_last200: 156.2118 epis: 0.0177 loss: 32.5076 
episode: 502 count: 253 score: 259.6852 average_last200: 156.3357 epis: 0.0176 loss: 27.6478 
episode: 503 count: 213 score: 218.2983 average_last200: 157.6577 epis: 0.0175 loss: 32.4151 
episode: 504 count: 294 score: 237.4826 average_last200: 157.8026 epis: 0.0173 loss: 45.1767 
episode: 505 count: 117 score: -42.8575 average_last200: 157.8494 epis: 0.0172 loss: 12.5336 
episode: 506 count: 195 score: -13.4747 average_last200: 158.0295 epis: 0.0170 loss: 24.6375 
episode: 507 count: 112 score: -52.8730 average_last200: 156.7564 epis: 0.0169 loss: 13.7236 
episode: 508 count: 123 score: -8.8288 average_last200: 155.6070 epis: 0.0168 loss: 16.0514 
episode: 509 count: 104 score: -49.0707 average_last200: 155.3590 epis: 0.0166 loss: 8.9258 
episode: 510 count: 118 score: 4.6301 average_last200: 154.0838 epis: 0.0165 loss: 15.0825 
episode: 511 count: 185 score: 204.5368 average_last200: 155.3626 epis: 0.0164 loss: 28.1417 
episode: 512 count: 180 score: 207.5323 average_last200: 155.3367 epis: 0.0162 loss: 20.7990 
episode: 513 count: 135 score: -12.3733 average_last200: 154.1538 epis: 0.0161 loss: 17.9790 
episode: 514 count: 111 score: -11.4733 average_last200: 153.1869 epis: 0.0160 loss: 18.7538 
episode: 515 count: 106 score: -26.2481 average_last200: 152.0786 epis: 0.0158 loss: 15.6814 
episode: 516 count: 142 score: -35.5066 average_last200: 150.6798 epis: 0.0157 loss: 14.4843 
episode: 517 count: 205 score: 237.7213 average_last200: 150.8954 epis: 0.0156 loss: 26.3450 
episode: 518 count: 185 score: 27.5892 average_last200: 149.8510 epis: 0.0155 loss: 31.7903 
episode: 519 count: 281 score: 193.1788 average_last200: 149.6750 epis: 0.0153 loss: 28.0973 
episode: 520 count: 182 score: -6.5064 average_last200: 148.7119 epis: 0.0152 loss: 27.7636 
episode: 521 count: 108 score: 5.2043 average_last200: 148.6665 epis: 0.0151 loss: 20.2444 
episode: 522 count: 172 score: -85.4105 average_last200: 148.3104 epis: 0.0150 loss: 26.0025 
episode: 523 count: 206 score: -1387.9322 average_last200: 140.1154 epis: 0.0149 loss: 28.7955 
episode: 524 count: 115 score: 13.4341 average_last200: 139.2339 epis: 0.0147 loss: 10.6757 
episode: 525 count: 110 score: -12.9702 average_last200: 139.3058 epis: 0.0146 loss: 22.7036 
episode: 526 count: 92 score: -35.5832 average_last200: 138.1590 epis: 0.0145 loss: 11.6810 
episode: 527 count: 97 score: -29.3858 average_last200: 138.1526 epis: 0.0144 loss: 15.4994 
episode: 528 count: 254 score: 196.1349 average_last200: 139.3272 epis: 0.0143 loss: 37.0192 
episode: 529 count: 123 score: 6.2842 average_last200: 138.1096 epis: 0.0142 loss: 12.3675 
episode: 530 count: 159 score: -3.2013 average_last200: 138.3117 epis: 0.0141 loss: 29.4556 
episode: 531 count: 270 score: 202.4674 average_last200: 139.4724 epis: 0.0139 loss: 41.8308 
episode: 532 count: 136 score: -7.8479 average_last200: 138.2449 epis: 0.0138 loss: 23.4106 
episode: 533 count: 143 score: -30.5027 average_last200: 136.8598 epis: 0.0137 loss: 23.6859 
episode: 534 count: 318 score: 201.0541 average_last200: 137.7527 epis: 0.0136 loss: 42.3451 
episode: 535 count: 164 score: -52.6645 average_last200: 137.5686 epis: 0.0135 loss: 26.1804 
episode: 536 count: 235 score: 238.6550 average_last200: 137.7154 epis: 0.0134 loss: 37.6342 
episode: 537 count: 162 score: -19.4513 average_last200: 136.5661 epis: 0.0133 loss: 20.9414 
episode: 538 count: 764 score: 77.2023 average_last200: 136.9564 epis: 0.0132 loss: 106.3108 
episode: 539 count: 292 score: 248.8555 average_last200: 138.1382 epis: 0.0131 loss: 40.6093 
episode: 540 count: 115 score: 18.3713 average_last200: 137.0989 epis: 0.0130 loss: 13.5144 
episode: 541 count: 95 score: -21.1700 average_last200: 135.8155 epis: 0.0129 loss: 11.8335 
episode: 542 count: 88 score: -34.2742 average_last200: 134.4251 epis: 0.0128 loss: 10.6737 
episode: 543 count: 276 score: 221.9340 average_last200: 134.6084 epis: 0.0127 loss: 49.0635 
episode: 544 count: 168 score: -37.5189 average_last200: 133.3244 epis: 0.0126 loss: 27.9030 
episode: 545 count: 174 score: -0.1611 average_last200: 132.1309 epis: 0.0125 loss: 29.2679 
episode: 546 count: 139 score: -40.7361 average_last200: 131.8631 epis: 0.0124 loss: 19.5397 
episode: 547 count: 87 score: -17.8167 average_last200: 130.6973 epis: 0.0123 loss: 9.3724 
episode: 548 count: 110 score: -46.1375 average_last200: 129.2804 epis: 0.0122 loss: 13.2239 
episode: 549 count: 418 score: 219.0300 average_last200: 129.2987 epis: 0.0121 loss: 52.9279 
episode: 550 count: 257 score: 243.2076 average_last200: 129.3399 epis: 0.0120 loss: 43.0678 
episode: 551 count: 264 score: 244.2152 average_last200: 129.4408 epis: 0.0119 loss: 34.0408 
episode: 552 count: 142 score: -30.8323 average_last200: 128.3680 epis: 0.0118 loss: 22.2960 
episode: 553 count: 118 score: -32.5219 average_last200: 127.1131 epis: 0.0117 loss: 19.3546 
episode: 554 count: 128 score: 1.7219 average_last200: 126.0068 epis: 0.0116 loss: 18.6893 
episode: 555 count: 205 score: 225.4221 average_last200: 125.9734 epis: 0.0115 loss: 29.6770 
episode: 556 count: 75 score: -29.9872 average_last200: 124.5947 epis: 0.0114 loss: 8.8082 
episode: 557 count: 112 score: -29.3652 average_last200: 123.4003 epis: 0.0113 loss: 22.0959 
episode: 558 count: 100 score: -71.5342 average_last200: 122.1020 epis: 0.0112 loss: 12.8623 
episode: 559 count: 168 score: -3.1919 average_last200: 122.1190 epis: 0.0111 loss: 20.3778 
episode: 560 count: 238 score: 240.8883 average_last200: 122.1786 epis: 0.0110 loss: 24.9102 
episode: 561 count: 163 score: 46.7742 average_last200: 121.3067 epis: 0.0110 loss: 29.7472 
episode: 562 count: 140 score: -19.8387 average_last200: 120.0213 epis: 0.0109 loss: 25.2848 
episode: 563 count: 107 score: -14.9168 average_last200: 118.6764 epis: 0.0108 loss: 8.2248 
episode: 564 count: 92 score: -33.2093 average_last200: 117.4419 epis: 0.0107 loss: 12.5004 
episode: 565 count: 97 score: -17.7798 average_last200: 116.2226 epis: 0.0106 loss: 19.1771 
episode: 566 count: 265 score: 212.8204 average_last200: 116.1268 epis: 0.0105 loss: 37.2444 
episode: 567 count: 90 score: -33.7855 average_last200: 114.9081 epis: 0.0104 loss: 12.7940 
episode: 568 count: 93 score: -23.1039 average_last200: 113.7954 epis: 0.0104 loss: 13.2951 
episode: 569 count: 142 score: -26.7571 average_last200: 113.7020 epis: 0.0103 loss: 17.3107 
episode: 570 count: 110 score: -30.1959 average_last200: 112.4616 epis: 0.0102 loss: 20.4389 
episode: 571 count: 209 score: 186.0545 average_last200: 113.4574 epis: 0.0101 loss: 35.6267 
episode: 572 count: 98 score: -15.2540 average_last200: 113.4274 epis: 0.0100 loss: 16.9459 
episode: 573 count: 314 score: 233.3080 average_last200: 113.2936 epis: 0.0099 loss: 63.8101 
episode: 574 count: 125 score: -45.8739 average_last200: 112.1708 epis: 0.0099 loss: 20.0758 
episode: 575 count: 274 score: 209.0150 average_last200: 112.2254 epis: 0.0098 loss: 52.5378 
episode: 576 count: 116 score: -0.1294 average_last200: 112.4541 epis: 0.0097 loss: 16.0293 
episode: 577 count: 105 score: -39.1051 average_last200: 111.0798 epis: 0.0096 loss: 15.9245 
episode: 578 count: 256 score: 246.2671 average_last200: 111.4975 epis: 0.0096 loss: 48.3896 
episode: 579 count: 124 score: 5.0209 average_last200: 110.2166 epis: 0.0095 loss: 14.0961 
episode: 580 count: 167 score: -18.9825 average_last200: 108.9169 epis: 0.0094 loss: 22.1903 
episode: 581 count: 127 score: -0.2744 average_last200: 107.7232 epis: 0.0093 loss: 27.3590 
episode: 582 count: 122 score: -36.2750 average_last200: 107.7371 epis: 0.0093 loss: 24.6511 
episode: 583 count: 403 score: 250.7153 average_last200: 107.8279 epis: 0.0092 loss: 73.8064 
episode: 584 count: 90 score: -4.4373 average_last200: 106.5870 epis: 0.0091 loss: 17.6488 
episode: 585 count: 191 score: 2.7045 average_last200: 105.3160 epis: 0.0090 loss: 31.2264 
episode: 586 count: 119 score: -5.9005 average_last200: 105.3556 epis: 0.0090 loss: 21.9172 
episode: 587 count: 171 score: 232.1401 average_last200: 105.4013 epis: 0.0089 loss: 36.0860 
episode: 588 count: 633 score: 198.3730 average_last200: 105.2409 epis: 0.0088 loss: 101.7476 
episode: 589 count: 116 score: -66.8223 average_last200: 104.2777 epis: 0.0087 loss: 19.7990 
episode: 590 count: 160 score: -5.4812 average_last200: 104.4163 epis: 0.0087 loss: 25.9145 
episode: 591 count: 170 score: 202.0224 average_last200: 105.4792 epis: 0.0086 loss: 22.2547 
episode: 592 count: 129 score: -14.4017 average_last200: 104.1036 epis: 0.0085 loss: 22.8478 
episode: 593 count: 247 score: 265.7175 average_last200: 105.4148 epis: 0.0085 loss: 33.1238 
episode: 594 count: 124 score: -4.7839 average_last200: 105.7670 epis: 0.0084 loss: 21.6422 
episode: 595 count: 92 score: -27.5559 average_last200: 104.7434 epis: 0.0083 loss: 13.6158 
episode: 596 count: 103 score: -40.7772 average_last200: 103.3125 epis: 0.0083 loss: 18.1754 
episode: 597 count: 154 score: 10.6769 average_last200: 103.6819 epis: 0.0082 loss: 25.8221 
episode: 598 count: 240 score: 223.9988 average_last200: 103.8988 epis: 0.0081 loss: 38.2779 
episode: 599 count: 261 score: 230.2237 average_last200: 104.1067 epis: 0.0081 loss: 40.8193 
episode: 600 count: 109 score: 10.0711 average_last200: 102.8834 epis: 0.0080 loss: 14.7213 
episode: 601 count: 130 score: 6.2043 average_last200: 101.9152 epis: 0.0079 loss: 23.5129 
episode: 602 count: 311 score: 247.4103 average_last200: 101.9145 epis: 0.0079 loss: 49.4083 
episode: 603 count: 95 score: -35.1675 average_last200: 100.6501 epis: 0.0078 loss: 13.4128 
episode: 604 count: 72 score: -38.5090 average_last200: 99.4479 epis: 0.0078 loss: 10.6422 
episode: 605 count: 309 score: 243.6408 average_last200: 100.8194 epis: 0.0077 loss: 50.9681 
episode: 606 count: 259 score: 240.7654 average_last200: 100.7080 epis: 0.0076 loss: 51.4806 
episode: 607 count: 166 score: 242.7975 average_last200: 100.9596 epis: 0.0076 loss: 24.7803 
episode: 608 count: 131 score: 26.8044 average_last200: 99.9894 epis: 0.0075 loss: 22.1059 
episode: 609 count: 204 score: 228.8870 average_last200: 100.0749 epis: 0.0074 loss: 32.9292 
episode: 610 count: 411 score: 230.6866 average_last200: 99.9992 epis: 0.0074 loss: 68.6511 
episode: 611 count: 217 score: 211.7905 average_last200: 99.9702 epis: 0.0073 loss: 38.1034 
episode: 612 count: 104 score: -40.9753 average_last200: 98.5521 epis: 0.0073 loss: 21.4411 
episode: 613 count: 315 score: 177.8463 average_last200: 98.3241 epis: 0.0072 loss: 53.4127 
episode: 614 count: 124 score: 6.3871 average_last200: 97.1363 epis: 0.0072 loss: 22.9471 
episode: 615 count: 79 score: -54.6482 average_last200: 97.0442 epis: 0.0071 loss: 13.9868 
episode: 616 count: 116 score: -31.1277 average_last200: 95.8866 epis: 0.0070 loss: 22.5157 
episode: 617 count: 197 score: 190.8241 average_last200: 95.5176 epis: 0.0070 loss: 30.4703 
episode: 618 count: 174 score: 198.9684 average_last200: 95.3720 epis: 0.0069 loss: 29.3372 
episode: 619 count: 207 score: 219.6170 average_last200: 95.3598 epis: 0.0069 loss: 47.5992 
episode: 620 count: 220 score: 233.0766 average_last200: 96.7044 epis: 0.0068 loss: 39.2137 
episode: 621 count: 194 score: 244.1008 average_last200: 96.9376 epis: 0.0068 loss: 29.3328 
episode: 622 count: 144 score: -13.4614 average_last200: 95.8238 epis: 0.0067 loss: 24.3404 
episode: 623 count: 126 score: -33.9408 average_last200: 94.6412 epis: 0.0067 loss: 25.7789 
episode: 624 count: 230 score: 208.7878 average_last200: 94.5733 epis: 0.0066 loss: 46.4058 
episode: 625 count: 838 score: 134.5380 average_last200: 94.2443 epis: 0.0066 loss: 165.6299 
episode: 626 count: 161 score: -3.9341 average_last200: 93.0427 epis: 0.0065 loss: 23.2113 
episode: 627 count: 343 score: 239.7910 average_last200: 93.3433 epis: 0.0064 loss: 71.2143 
episode: 628 count: 225 score: 234.6947 average_last200: 93.2962 epis: 0.0064 loss: 39.9649 
episode: 629 count: 298 score: 231.5406 average_last200: 93.3356 epis: 0.0063 loss: 47.6592 
episode: 630 count: 329 score: 243.4797 average_last200: 93.4350 epis: 0.0063 loss: 59.7290 
episode: 631 count: 103 score: -23.4307 average_last200: 92.2068 epis: 0.0062 loss: 20.7570 
episode: 632 count: 357 score: 211.8473 average_last200: 92.1893 epis: 0.0062 loss: 65.0915 
episode: 633 count: 105 score: -47.9548 average_last200: 90.7214 epis: 0.0061 loss: 22.7828 
episode: 634 count: 275 score: 211.7456 average_last200: 90.6499 epis: 0.0061 loss: 53.5500 
episode: 635 count: 246 score: 234.0788 average_last200: 90.7852 epis: 0.0060 loss: 51.3192 
episode: 636 count: 189 score: 215.6123 average_last200: 90.7787 epis: 0.0060 loss: 41.3671 
episode: 637 count: 249 score: 234.0485 average_last200: 90.9180 epis: 0.0059 loss: 45.9550 
episode: 638 count: 250 score: 210.5905 average_last200: 90.7301 epis: 0.0059 loss: 42.9301 
episode: 639 count: 288 score: 250.6996 average_last200: 90.8946 epis: 0.0059 loss: 54.8090 
episode: 640 count: 150 score: -6.5801 average_last200: 89.9651 epis: 0.0058 loss: 26.2284 
episode: 641 count: 203 score: 229.8781 average_last200: 90.0629 epis: 0.0058 loss: 29.4354 
episode: 642 count: 179 score: 214.4966 average_last200: 90.1034 epis: 0.0057 loss: 29.6539 
episode: 643 count: 275 score: 239.9213 average_last200: 90.1752 epis: 0.0057 loss: 54.3963 
episode: 644 count: 124 score: -19.8541 average_last200: 89.1272 epis: 0.0056 loss: 21.5973 
episode: 645 count: 114 score: -22.5769 average_last200: 89.1529 epis: 0.0056 loss: 17.0643 
episode: 646 count: 211 score: 237.9108 average_last200: 89.1979 epis: 0.0055 loss: 42.0239 
episode: 647 count: 180 score: -38.3314 average_last200: 87.8409 epis: 0.0055 loss: 24.4964 
episode: 648 count: 221 score: 244.8139 average_last200: 88.0546 epis: 0.0054 loss: 39.9688 
episode: 649 count: 124 score: -23.5547 average_last200: 87.9921 epis: 0.0054 loss: 20.1524 
episode: 650 count: 95 score: 10.9115 average_last200: 87.0772 epis: 0.0054 loss: 19.3508 
episode: 651 count: 224 score: 234.3267 average_last200: 87.2147 epis: 0.0053 loss: 33.8558 
episode: 652 count: 247 score: 244.9820 average_last200: 87.3396 epis: 0.0053 loss: 39.8379 
episode: 653 count: 89 score: 1.3870 average_last200: 86.4247 epis: 0.0052 loss: 14.7401 
episode: 654 count: 212 score: 228.6542 average_last200: 86.4753 epis: 0.0052 loss: 42.4052 
episode: 655 count: 207 score: 211.5087 average_last200: 86.5509 epis: 0.0051 loss: 36.6447 
episode: 656 count: 269 score: 235.6677 average_last200: 86.7840 epis: 0.0051 loss: 50.1551 
episode: 657 count: 176 score: 204.3367 average_last200: 86.7519 epis: 0.0051 loss: 35.5123 
episode: 658 count: 200 score: 192.3286 average_last200: 86.5262 epis: 0.0050 loss: 40.1692 
episode: 659 count: 339 score: 238.4502 average_last200: 86.6391 epis: 0.0050 loss: 66.9137 
episode: 660 count: 658 score: 217.3692 average_last200: 86.3877 epis: 0.0049 loss: 133.1481 
episode: 661 count: 148 score: 3.7355 average_last200: 85.2135 epis: 0.0049 loss: 23.6138 
episode: 662 count: 221 score: 214.0203 average_last200: 86.3770 epis: 0.0049 loss: 40.0019 
episode: 663 count: 201 score: 242.6960 average_last200: 86.4591 epis: 0.0048 loss: 39.1538 
episode: 664 count: 227 score: 213.2683 average_last200: 87.5970 epis: 0.0048 loss: 43.1333 
episode: 665 count: 161 score: 224.2320 average_last200: 87.4809 epis: 0.0048 loss: 31.3452 
episode: 666 count: 318 score: 220.8015 average_last200: 87.4151 epis: 0.0047 loss: 52.1579 
episode: 667 count: 395 score: 187.6188 average_last200: 87.0877 epis: 0.0047 loss: 80.6325 
episode: 668 count: 230 score: 260.9565 average_last200: 87.2970 epis: 0.0046 loss: 38.5132 
episode: 669 count: 276 score: 199.9258 average_last200: 88.2315 epis: 0.0046 loss: 52.8329 
episode: 670 count: 259 score: 218.1478 average_last200: 89.2807 epis: 0.0046 loss: 45.0779 
episode: 671 count: 203 score: 214.1763 average_last200: 90.3851 epis: 0.0045 loss: 30.1714 
episode: 672 count: 100 score: -6.3083 average_last200: 89.1624 epis: 0.0045 loss: 22.0829 
episode: 673 count: 261 score: 199.1314 average_last200: 89.0453 epis: 0.0045 loss: 55.7037 
episode: 674 count: 286 score: 237.0418 average_last200: 90.6738 epis: 0.0044 loss: 50.6737 
episode: 675 count: 237 score: 227.0113 average_last200: 90.6023 epis: 0.0044 loss: 50.6323 
episode: 676 count: 249 score: 255.4788 average_last200: 90.8067 epis: 0.0043 loss: 42.6995 
episode: 677 count: 289 score: 226.6703 average_last200: 92.1711 epis: 0.0043 loss: 50.7628 
episode: 678 count: 274 score: 194.6758 average_last200: 91.9776 epis: 0.0043 loss: 51.1789 
episode: 679 count: 188 score: 226.7274 average_last200: 93.1363 epis: 0.0042 loss: 34.3327 
episode: 680 count: 208 score: 196.1124 average_last200: 94.0544 epis: 0.0042 loss: 43.4617 
episode: 681 count: 233 score: 213.7606 average_last200: 93.9646 epis: 0.0042 loss: 38.6816 
episode: 682 count: 215 score: 223.6856 average_last200: 94.0371 epis: 0.0041 loss: 44.5001 
episode: 683 count: 226 score: 230.9054 average_last200: 93.8865 epis: 0.0041 loss: 44.7362 
episode: 684 count: 366 score: 188.1022 average_last200: 93.6884 epis: 0.0041 loss: 61.6275 
episode: 685 count: 295 score: 240.2455 average_last200: 94.9716 epis: 0.0040 loss: 55.8122 
episode: 686 count: 241 score: 238.9979 average_last200: 94.8080 epis: 0.0040 loss: 53.9371 
episode: 687 count: 135 score: 22.0893 average_last200: 94.9954 epis: 0.0040 loss: 22.7723 
episode: 688 count: 472 score: 142.5351 average_last200: 95.8684 epis: 0.0039 loss: 79.2681 
episode: 689 count: 212 score: 258.3470 average_last200: 97.3011 epis: 0.0039 loss: 41.9776 
episode: 690 count: 351 score: 189.7149 average_last200: 96.9955 epis: 0.0039 loss: 65.8062 
episode: 691 count: 265 score: 232.0836 average_last200: 98.6849 epis: 0.0039 loss: 58.1865 
episode: 692 count: 436 score: 157.1546 average_last200: 98.3750 epis: 0.0038 loss: 90.4697 
episode: 693 count: 363 score: 186.6515 average_last200: 99.3029 epis: 0.0038 loss: 69.7495 
episode: 694 count: 269 score: 226.2742 average_last200: 99.4867 epis: 0.0038 loss: 51.4061 
episode: 695 count: 292 score: 228.3990 average_last200: 100.8332 epis: 0.0037 loss: 55.6913 
episode: 696 count: 255 score: 235.2541 average_last200: 102.1507 epis: 0.0037 loss: 43.1759 
episode: 697 count: 309 score: 221.2696 average_last200: 102.1641 epis: 0.0037 loss: 55.1104 
episode: 698 count: 234 score: 256.9611 average_last200: 103.4285 epis: 0.0036 loss: 42.5575 
episode: 699 count: 431 score: 168.2007 average_last200: 104.8018 epis: 0.0036 loss: 74.6926 
episode: 700 count: 209 score: 186.6154 average_last200: 104.5044 epis: 0.0036 loss: 40.1359 
episode: 701 count: 194 score: 222.5403 average_last200: 104.5283 epis: 0.0036 loss: 36.2209 
episode: 702 count: 237 score: 270.6619 average_last200: 104.5832 epis: 0.0035 loss: 41.9757 
episode: 703 count: 232 score: 208.4199 average_last200: 104.5338 epis: 0.0035 loss: 43.1806 
episode: 704 count: 149 score: -18.6442 average_last200: 103.2531 epis: 0.0035 loss: 31.3382 
episode: 705 count: 375 score: 231.7815 average_last200: 104.6263 epis: 0.0034 loss: 78.0816 
episode: 706 count: 220 score: 213.5535 average_last200: 105.7615 epis: 0.0034 loss: 44.3590 
episode: 707 count: 244 score: 214.9789 average_last200: 107.1007 epis: 0.0034 loss: 43.9549 
episode: 708 count: 200 score: 235.2786 average_last200: 108.3213 epis: 0.0034 loss: 40.9973 
episode: 709 count: 247 score: 202.7219 average_last200: 109.5802 epis: 0.0033 loss: 53.6537 
episode: 710 count: 259 score: 219.9985 average_last200: 110.6571 epis: 0.0033 loss: 54.4051 
episode: 711 count: 215 score: 257.8114 average_last200: 110.9234 epis: 0.0033 loss: 50.7298 
episode: 712 count: 251 score: 202.2291 average_last200: 110.8969 epis: 0.0033 loss: 53.4793 
episode: 713 count: 235 score: 230.5415 average_last200: 112.1115 epis: 0.0032 loss: 50.9965 
episode: 714 count: 354 score: 208.9141 average_last200: 113.2134 epis: 0.0032 loss: 65.9549 
episode: 715 count: 213 score: 233.0030 average_last200: 114.5097 epis: 0.0032 loss: 47.5124 
episode: 716 count: 292 score: 242.2657 average_last200: 115.8986 epis: 0.0032 loss: 50.1737 
episode: 717 count: 528 score: 204.3689 average_last200: 115.7318 epis: 0.0031 loss: 98.5612 
episode: 718 count: 257 score: 204.5469 average_last200: 116.6166 epis: 0.0031 loss: 49.8542 
episode: 719 count: 196 score: 264.9507 average_last200: 116.9754 epis: 0.0031 loss: 46.4071 
episode: 720 count: 255 score: 15.8659 average_last200: 117.0873 epis: 0.0031 loss: 48.6789 
episode: 721 count: 332 score: 194.3563 average_last200: 118.0331 epis: 0.0030 loss: 72.2691 
episode: 722 count: 347 score: 198.8572 average_last200: 119.4544 epis: 0.0030 loss: 70.3304 
episode: 723 count: 237 score: 193.4473 average_last200: 127.3613 epis: 0.0030 loss: 51.1236 
episode: 724 count: 216 score: 222.9309 average_last200: 128.4088 epis: 0.0030 loss: 41.5285 
episode: 725 count: 304 score: 208.3403 average_last200: 129.5153 epis: 0.0029 loss: 62.7241 
episode: 726 count: 212 score: 265.7606 average_last200: 131.0221 epis: 0.0029 loss: 37.0831 
episode: 727 count: 236 score: 206.6570 average_last200: 132.2023 epis: 0.0029 loss: 44.8460 
episode: 728 count: 268 score: 247.8116 average_last200: 132.4606 epis: 0.0029 loss: 50.2911 
episode: 729 count: 266 score: 252.2206 average_last200: 133.6903 epis: 0.0028 loss: 53.1222 
episode: 730 count: 270 score: 185.5146 average_last200: 134.6339 epis: 0.0028 loss: 53.2459 
episode: 731 count: 364 score: 216.8419 average_last200: 134.7058 epis: 0.0028 loss: 73.7568 
episode: 732 count: 277 score: 256.5175 average_last200: 136.0276 epis: 0.0028 loss: 61.2828 
episode: 733 count: 284 score: 206.4391 average_last200: 137.2123 epis: 0.0028 loss: 61.9444 
episode: 734 count: 463 score: 203.7833 average_last200: 137.2260 epis: 0.0027 loss: 97.2345 
episode: 735 count: 470 score: 217.0773 average_last200: 138.5747 epis: 0.0027 loss: 101.5140 
episode: 736 count: 301 score: 190.2128 average_last200: 138.3325 epis: 0.0027 loss: 64.9178 
episode: 737 count: 294 score: 221.9200 average_last200: 139.5393 epis: 0.0027 loss: 52.9875 
episode: 738 count: 398 score: 261.3561 average_last200: 140.4601 epis: 0.0026 loss: 80.7733 
episode: 739 count: 168 score: -6.1117 average_last200: 139.1853 epis: 0.0026 loss: 40.2477 
episode: 740 count: 154 score: -6.9227 average_last200: 139.0588 epis: 0.0026 loss: 28.8739 
episode: 741 count: 297 score: 251.9187 average_last200: 140.4242 epis: 0.0026 loss: 56.1196 
episode: 742 count: 208 score: 218.5870 average_last200: 141.6885 epis: 0.0026 loss: 42.4071 
episode: 743 count: 182 score: 222.1757 average_last200: 141.6897 epis: 0.0025 loss: 34.6286 
episode: 744 count: 224 score: 241.4777 average_last200: 143.0847 epis: 0.0025 loss: 41.9432 
episode: 745 count: 398 score: 188.7612 average_last200: 144.0293 epis: 0.0025 loss: 74.6264 
episode: 746 count: 205 score: 267.5936 average_last200: 145.5710 epis: 0.0025 loss: 41.5565 
episode: 747 count: 210 score: 198.8644 average_last200: 146.6544 epis: 0.0025 loss: 53.3760 
episode: 748 count: 124 score: -17.7986 average_last200: 146.7961 epis: 0.0024 loss: 25.7299 
episode: 749 count: 457 score: 190.8366 average_last200: 146.6551 epis: 0.0024 loss: 96.7201 
episode: 750 count: 235 score: 227.9452 average_last200: 146.5788 epis: 0.0024 loss: 51.0410 
episode: 751 count: 142 score: 2.2498 average_last200: 145.3690 epis: 0.0024 loss: 34.7688 
episode: 752 count: 167 score: 21.2009 average_last200: 145.6291 epis: 0.0024 loss: 35.2284 
episode: 753 count: 152 score: -20.6836 average_last200: 145.6883 epis: 0.0023 loss: 26.7544 
episode: 754 count: 232 score: 244.3015 average_last200: 146.9012 epis: 0.0023 loss: 39.5793 
episode: 755 count: 87 score: -35.3244 average_last200: 145.5975 epis: 0.0023 loss: 16.6532 
episode: 756 count: 531 score: 190.9636 average_last200: 146.7023 epis: 0.0023 loss: 80.4720 
episode: 757 count: 209 score: 253.3753 average_last200: 148.1160 epis: 0.0023 loss: 34.6078 
episode: 758 count: 196 score: 11.9284 average_last200: 148.5333 epis: 0.0023 loss: 46.5746 
episode: 759 count: 231 score: 220.3571 average_last200: 149.6510 epis: 0.0022 loss: 42.1377 
episode: 760 count: 209 score: -18.2959 average_last200: 148.3551 epis: 0.0022 loss: 47.2337 
episode: 761 count: 448 score: 226.0005 average_last200: 149.2512 epis: 0.0022 loss: 83.6344 
episode: 762 count: 119 score: -2.8643 average_last200: 149.3361 epis: 0.0022 loss: 21.1464 
episode: 763 count: 215 score: -34.9087 average_last200: 149.2361 epis: 0.0022 loss: 39.4463 
episode: 764 count: 308 score: 215.9695 average_last200: 150.4820 epis: 0.0021 loss: 66.4922 
episode: 765 count: 195 score: 197.7141 average_last200: 151.5595 epis: 0.0021 loss: 43.7562 
episode: 766 count: 178 score: 211.9216 average_last200: 151.5550 epis: 0.0021 loss: 36.3449 
episode: 767 count: 225 score: 222.3106 average_last200: 152.8355 epis: 0.0021 loss: 47.8806 
episode: 768 count: 163 score: -19.7290 average_last200: 152.8524 epis: 0.0021 loss: 30.4367 
episode: 769 count: 219 score: 236.3039 average_last200: 154.1677 epis: 0.0021 loss: 41.8524 
episode: 770 count: 123 score: -9.5681 average_last200: 154.2708 epis: 0.0020 loss: 25.6062 
episode: 771 count: 155 score: -0.1072 average_last200: 153.3400 epis: 0.0020 loss: 30.1456 
episode: 772 count: 144 score: 19.7682 average_last200: 153.5151 epis: 0.0020 loss: 23.8989 
episode: 773 count: 166 score: 23.4171 average_last200: 152.4657 epis: 0.0020 loss: 38.8222 
episode: 774 count: 268 score: 199.2595 average_last200: 153.6913 epis: 0.0020 loss: 50.7327 
episode: 775 count: 443 score: 159.0450 average_last200: 153.4415 epis: 0.0020 loss: 95.5413 
episode: 776 count: 220 score: 208.4323 average_last200: 154.4843 epis: 0.0019 loss: 44.0778 
episode: 777 count: 105 score: 1.8882 average_last200: 154.6892 epis: 0.0019 loss: 23.2922 
episode: 778 count: 158 score: 16.2504 average_last200: 153.5392 epis: 0.0019 loss: 25.8900 
episode: 779 count: 119 score: -31.8055 average_last200: 153.3550 epis: 0.0019 loss: 24.6710 
episode: 780 count: 130 score: -15.7521 average_last200: 153.3712 epis: 0.0019 loss: 23.0265 
episode: 781 count: 79 score: -16.0184 average_last200: 153.2925 epis: 0.0019 loss: 19.2274 
episode: 782 count: 398 score: 226.4658 average_last200: 154.6062 epis: 0.0019 loss: 80.0976 
episode: 783 count: 224 score: 237.6881 average_last200: 154.5410 epis: 0.0018 loss: 37.4030 
episode: 784 count: 264 score: 212.5404 average_last200: 155.6259 epis: 0.0018 loss: 45.3759 
episode: 785 count: 190 score: 232.7937 average_last200: 156.7764 epis: 0.0018 loss: 41.0295 
episode: 786 count: 152 score: 16.6530 average_last200: 156.8891 epis: 0.0018 loss: 24.0202 
episode: 787 count: 217 score: 246.4508 average_last200: 156.9607 epis: 0.0018 loss: 53.5622 
episode: 788 count: 391 score: 201.4177 average_last200: 156.9759 epis: 0.0018 loss: 82.0091 
episode: 789 count: 230 score: 214.4737 average_last200: 158.3824 epis: 0.0018 loss: 45.0821 
episode: 790 count: 102 score: 21.9910 average_last200: 158.5198 epis: 0.0017 loss: 20.5511 
episode: 791 count: 208 score: 210.4518 average_last200: 158.5619 epis: 0.0017 loss: 45.2923 
episode: 792 count: 143 score: 1.5955 average_last200: 158.6419 epis: 0.0017 loss: 25.9704 
episode: 793 count: 262 score: 217.8542 average_last200: 158.4026 epis: 0.0017 loss: 52.5792 
episode: 794 count: 226 score: 228.0643 average_last200: 159.5668 epis: 0.0017 loss: 49.6200 
episode: 795 count: 232 score: 209.3063 average_last200: 160.7511 epis: 0.0017 loss: 44.4299 
episode: 796 count: 278 score: 246.0762 average_last200: 162.1854 epis: 0.0017 loss: 48.9367 
episode: 797 count: 257 score: 216.1505 average_last200: 163.2128 epis: 0.0016 loss: 47.2068 
episode: 798 count: 380 score: 193.6343 average_last200: 163.0609 epis: 0.0016 loss: 74.2522 
episode: 799 count: 169 score: 206.4534 average_last200: 162.9421 epis: 0.0016 loss: 34.2965 
episode: 800 count: 244 score: 176.5954 average_last200: 163.7747 epis: 0.0016 loss: 52.9469 
episode: 801 count: 253 score: 1.3745 average_last200: 163.7506 epis: 0.0016 loss: 41.3953 
episode: 802 count: 367 score: 184.6070 average_last200: 163.4365 epis: 0.0016 loss: 72.2866 
episode: 803 count: 128 score: 0.7239 average_last200: 163.6160 epis: 0.0016 loss: 25.6082 
episode: 804 count: 261 score: 251.1210 average_last200: 165.0641 epis: 0.0016 loss: 59.5300 
episode: 805 count: 170 score: 203.2353 average_last200: 164.8621 epis: 0.0015 loss: 30.6079 
episode: 806 count: 211 score: 261.0562 average_last200: 164.9636 epis: 0.0015 loss: 43.2565 
episode: 807 count: 681 score: 250.5798 average_last200: 165.0025 epis: 0.0015 loss: 144.9188 
episode: 808 count: 135 score: -5.1294 average_last200: 164.8428 epis: 0.0015 loss: 26.7450 
episode: 809 count: 381 score: 220.2002 average_last200: 164.7994 epis: 0.0015 loss: 82.9233 
episode: 810 count: 213 score: 225.3953 average_last200: 164.7729 epis: 0.0015 loss: 48.7084 
episode: 811 count: 108 score: -13.6023 average_last200: 163.6460 epis: 0.0015 loss: 26.2513 
episode: 812 count: 157 score: -21.3211 average_last200: 163.7442 epis: 0.0015 loss: 37.2354 
episode: 813 count: 127 score: -2.1251 average_last200: 162.8444 epis: 0.0014 loss: 21.1551 
episode: 814 count: 96 score: -0.6827 average_last200: 162.8090 epis: 0.0014 loss: 16.3889 
episode: 815 count: 290 score: -1.8577 average_last200: 163.0730 epis: 0.0014 loss: 55.3817 
episode: 816 count: 151 score: 4.2677 average_last200: 163.2500 epis: 0.0014 loss: 30.2079 
episode: 817 count: 251 score: 225.9742 average_last200: 163.4257 epis: 0.0014 loss: 52.8901 
episode: 818 count: 110 score: -1.9374 average_last200: 162.4212 epis: 0.0014 loss: 24.7346 
episode: 819 count: 256 score: -56.4607 average_last200: 161.0408 epis: 0.0014 loss: 49.8798 
episode: 820 count: 165 score: 20.5665 average_last200: 159.9782 epis: 0.0014 loss: 30.0562 
episode: 821 count: 285 score: 220.3461 average_last200: 159.8595 epis: 0.0014 loss: 51.1614 
episode: 822 count: 130 score: 21.1939 average_last200: 160.0327 epis: 0.0013 loss: 20.5903 
episode: 823 count: 98 score: -25.9929 average_last200: 160.0725 epis: 0.0013 loss: 21.4103 
episode: 824 count: 308 score: -20.2196 average_last200: 158.9274 epis: 0.0013 loss: 65.8146 
episode: 825 count: 222 score: 212.7794 average_last200: 159.3186 epis: 0.0013 loss: 48.3529 
episode: 826 count: 188 score: 217.4617 average_last200: 160.4256 epis: 0.0013 loss: 30.6675 
episode: 827 count: 229 score: 255.9249 average_last200: 160.5063 epis: 0.0013 loss: 42.5271 
episode: 828 count: 136 score: 14.2102 average_last200: 159.4039 epis: 0.0013 loss: 23.8241 
episode: 829 count: 150 score: -0.6183 average_last200: 158.2431 epis: 0.0013 loss: 33.1103 
episode: 830 count: 161 score: 211.3948 average_last200: 158.0827 epis: 0.0013 loss: 26.8687 
episode: 831 count: 189 score: 0.2606 average_last200: 158.2011 epis: 0.0013 loss: 33.8070 
episode: 832 count: 266 score: 231.3704 average_last200: 158.2987 epis: 0.0012 loss: 58.7931 
episode: 833 count: 156 score: 13.2842 average_last200: 158.6049 epis: 0.0012 loss: 30.4624 
episode: 834 count: 139 score: 11.7598 average_last200: 157.6050 epis: 0.0012 loss: 28.5663 
episode: 835 count: 271 score: 213.5144 average_last200: 157.5022 epis: 0.0012 loss: 58.3720 
episode: 836 count: 143 score: 7.6161 average_last200: 156.4622 epis: 0.0012 loss: 30.6200 
episode: 837 count: 168 score: -8.1287 average_last200: 155.2513 epis: 0.0012 loss: 40.8337 
episode: 838 count: 268 score: 232.6004 average_last200: 155.3614 epis: 0.0012 loss: 52.7327 
episode: 839 count: 159 score: 223.1007 average_last200: 155.2234 epis: 0.0012 loss: 30.1655 
episode: 840 count: 199 score: 217.2842 average_last200: 156.3427 epis: 0.0012 loss: 41.5503 
episode: 841 count: 145 score: 21.6515 average_last200: 155.3015 epis: 0.0012 loss: 31.3032 
episode: 842 count: 205 score: -266.0979 average_last200: 152.8986 epis: 0.0011 loss: 39.3833 
episode: 843 count: 189 score: -21.2569 average_last200: 151.5927 epis: 0.0011 loss: 42.8589 
episode: 844 count: 180 score: 198.5927 average_last200: 152.6849 epis: 0.0011 loss: 34.1067 
episode: 845 count: 167 score: 215.8581 average_last200: 153.8771 epis: 0.0011 loss: 29.7723 
episode: 846 count: 148 score: 11.1771 average_last200: 152.7434 epis: 0.0011 loss: 31.7637 
episode: 847 count: 313 score: 186.4663 average_last200: 153.8674 epis: 0.0011 loss: 63.7248 
episode: 848 count: 386 score: 237.8084 average_last200: 153.8324 epis: 0.0011 loss: 76.7975 
episode: 849 count: 218 score: 250.0175 average_last200: 155.2002 epis: 0.0011 loss: 41.9146 
episode: 850 count: 136 score: 7.5631 average_last200: 155.1835 epis: 0.0011 loss: 34.5884 
episode: 851 count: 172 score: 45.6157 average_last200: 154.2400 epis: 0.0011 loss: 34.2047 
episode: 852 count: 203 score: 216.9481 average_last200: 154.0998 epis: 0.0011 loss: 44.3162 
episode: 853 count: 226 score: 251.6684 average_last200: 155.3512 epis: 0.0010 loss: 52.8844 
episode: 854 count: 166 score: -60.9365 average_last200: 153.9032 epis: 0.0010 loss: 27.0317 
episode: 855 count: 188 score: 17.1182 average_last200: 152.9313 epis: 0.0010 loss: 37.4556 
episode: 856 count: 164 score: 232.4755 average_last200: 152.9153 epis: 0.0010 loss: 33.2913 
episode: 857 count: 192 score: 238.8491 average_last200: 153.0879 epis: 0.0010 loss: 46.7224 
episode: 858 count: 246 score: 210.5264 average_last200: 153.1789 epis: 0.0010 loss: 46.6553 
episode: 859 count: 213 score: 216.7715 average_last200: 153.0705 epis: 0.0010 loss: 41.6655 
episode: 860 count: 322 score: 240.6970 average_last200: 153.1871 epis: 0.0010 loss: 53.1838 
episode: 861 count: 239 score: 249.5450 average_last200: 154.4162 epis: 0.0010 loss: 47.8626 
episode: 862 count: 495 score: 223.2574 average_last200: 154.4624 epis: 0.0010 loss: 104.1361 
episode: 863 count: 308 score: 227.0691 average_last200: 154.3842 epis: 0.0010 loss: 70.2178 
episode: 864 count: 177 score: -14.9298 average_last200: 153.2432 epis: 0.0010 loss: 31.8458 
episode: 865 count: 171 score: 275.1828 average_last200: 153.4980 epis: 0.0010 loss: 39.0576 
episode: 866 count: 140 score: 228.5182 average_last200: 153.5366 epis: 0.0009 loss: 30.2021 
episode: 867 count: 270 score: 236.3863 average_last200: 153.7804 epis: 0.0009 loss: 51.6176 
episode: 868 count: 387 score: 216.4559 average_last200: 153.5579 epis: 0.0009 loss: 89.8698 
episode: 869 count: 250 score: 276.4735 average_last200: 153.9406 epis: 0.0009 loss: 53.0175 
episode: 870 count: 291 score: -54.7629 average_last200: 152.5761 epis: 0.0009 loss: 56.4775 
episode: 871 count: 405 score: -66.4087 average_last200: 151.1732 epis: 0.0009 loss: 89.0411 
episode: 872 count: 270 score: 239.0969 average_last200: 152.4002 epis: 0.0009 loss: 55.0333 
episode: 873 count: 232 score: 163.3506 average_last200: 152.2213 epis: 0.0009 loss: 47.6884 
episode: 874 count: 217 score: 263.4364 average_last200: 152.3533 epis: 0.0009 loss: 45.3898 
episode: 875 count: 301 score: 187.3775 average_last200: 152.1551 epis: 0.0009 loss: 59.7682 
episode: 876 count: 425 score: 225.5440 average_last200: 152.0054 epis: 0.0009 loss: 92.6223 
episode: 877 count: 189 score: 245.1299 average_last200: 152.0977 epis: 0.0009 loss: 40.0712 
episode: 878 count: 115 score: 5.1104 average_last200: 151.1499 epis: 0.0009 loss: 23.0465 
episode: 879 count: 229 score: 250.5053 average_last200: 151.2688 epis: 0.0009 loss: 44.3579 
episode: 880 count: 118 score: -43.3083 average_last200: 150.0717 epis: 0.0008 loss: 26.1869 
episode: 881 count: 333 score: 248.3650 average_last200: 150.2447 epis: 0.0008 loss: 67.4140 
episode: 882 count: 165 score: 259.1978 average_last200: 150.4223 epis: 0.0008 loss: 29.9597 
episode: 883 count: 166 score: 200.8770 average_last200: 150.2721 epis: 0.0008 loss: 34.8604 
episode: 884 count: 129 score: 2.2753 average_last200: 149.3430 epis: 0.0008 loss: 31.8809 
episode: 885 count: 94 score: -93.0673 average_last200: 147.6764 epis: 0.0008 loss: 19.6525 
episode: 886 count: 237 score: 218.4614 average_last200: 147.5737 epis: 0.0008 loss: 35.1799 
episode: 887 count: 222 score: 231.2556 average_last200: 148.6196 epis: 0.0008 loss: 39.9839 
episode: 888 count: 193 score: 231.2635 average_last200: 149.0632 epis: 0.0008 loss: 39.8608 
episode: 889 count: 204 score: 237.4932 average_last200: 148.9589 epis: 0.0008 loss: 47.0818 
episode: 890 count: 294 score: 253.3054 average_last200: 149.2769 epis: 0.0008 loss: 56.5960 
episode: 891 count: 334 score: 240.9633 average_last200: 149.3213 epis: 0.0008 loss: 74.6858 
episode: 892 count: 159 score: 2.4599 average_last200: 148.5478 epis: 0.0008 loss: 33.2440 
episode: 893 count: 187 score: -47.3340 average_last200: 147.3779 epis: 0.0008 loss: 39.6766 
episode: 894 count: 189 score: 216.4879 average_last200: 147.3290 epis: 0.0008 loss: 35.8383 
episode: 895 count: 172 score: 225.6742 average_last200: 147.3153 epis: 0.0007 loss: 34.7653 
episode: 896 count: 265 score: 245.3140 average_last200: 147.3656 epis: 0.0007 loss: 60.3826 
episode: 897 count: 150 score: 201.0815 average_last200: 147.2647 epis: 0.0007 loss: 34.9347 
episode: 898 count: 212 score: 230.3257 average_last200: 147.1315 epis: 0.0007 loss: 32.3768 
episode: 899 count: 202 score: 220.3049 average_last200: 147.3920 epis: 0.0007 loss: 41.0392 
episode: 900 count: 144 score: 5.4498 average_last200: 146.4862 epis: 0.0007 loss: 38.1683 
episode: 901 count: 183 score: 250.3710 average_last200: 146.6254 epis: 0.0007 loss: 43.4274 
episode: 902 count: 200 score: 221.1655 average_last200: 146.3779 epis: 0.0007 loss: 40.4876 
episode: 903 count: 85 score: -2.5058 average_last200: 145.3232 epis: 0.0007 loss: 16.4822 
episode: 904 count: 216 score: 237.6421 average_last200: 146.6047 epis: 0.0007 loss: 43.0061 
episode: 905 count: 180 score: 233.1599 average_last200: 146.6116 epis: 0.0007 loss: 36.6831 
episode: 906 count: 209 score: 188.7523 average_last200: 146.4876 epis: 0.0007 loss: 38.9975 
episode: 907 count: 184 score: 219.0907 average_last200: 146.5081 epis: 0.0007 loss: 35.4381 
episode: 908 count: 176 score: 231.3332 average_last200: 146.4884 epis: 0.0007 loss: 41.3313 
episode: 909 count: 130 score: 25.1752 average_last200: 145.6007 epis: 0.0007 loss: 24.9953 
episode: 910 count: 147 score: -8.2241 average_last200: 144.4595 epis: 0.0007 loss: 28.0903 
episode: 911 count: 305 score: 214.4637 average_last200: 144.2428 epis: 0.0007 loss: 63.0980 
episode: 912 count: 147 score: 0.1604 average_last200: 143.2325 epis: 0.0007 loss: 39.6371 
episode: 913 count: 135 score: 13.7316 average_last200: 142.1484 epis: 0.0006 loss: 33.4243 
episode: 914 count: 300 score: 234.5692 average_last200: 142.2767 epis: 0.0006 loss: 65.8407 
episode: 915 count: 270 score: 260.2283 average_last200: 142.4128 epis: 0.0006 loss: 52.3847 
episode: 916 count: 84 score: -13.2099 average_last200: 141.1354 epis: 0.0006 loss: 20.3267 
episode: 917 count: 536 score: 222.1413 average_last200: 141.2243 epis: 0.0006 loss: 117.6548 
episode: 918 count: 87 score: -36.2860 average_last200: 140.0201 epis: 0.0006 loss: 19.9011 
episode: 919 count: 124 score: 23.5577 average_last200: 138.8132 epis: 0.0006 loss: 26.6377 
episode: 920 count: 198 score: 251.1802 average_last200: 139.9897 epis: 0.0006 loss: 48.7506 
episode: 921 count: 479 score: 217.3254 average_last200: 140.1046 epis: 0.0006 loss: 100.2294 
episode: 922 count: 135 score: 9.8703 average_last200: 139.1597 epis: 0.0006 loss: 29.3372 
episode: 923 count: 155 score: 217.6257 average_last200: 139.2805 epis: 0.0006 loss: 30.6702 
episode: 924 count: 201 score: 218.4323 average_last200: 139.2581 epis: 0.0006 loss: 40.3399 
episode: 925 count: 266 score: 241.9543 average_last200: 139.4261 epis: 0.0006 loss: 62.7679 
episode: 926 count: 298 score: 212.2469 average_last200: 139.1586 epis: 0.0006 loss: 54.5826 
episode: 927 count: 348 score: 209.3776 average_last200: 139.1722 epis: 0.0006 loss: 77.9736 
episode: 928 count: 236 score: 207.9321 average_last200: 138.9728 epis: 0.0006 loss: 61.6414 
episode: 929 count: 254 score: 237.4092 average_last200: 138.8987 epis: 0.0006 loss: 67.3046 
episode: 930 count: 298 score: 234.1979 average_last200: 139.1421 epis: 0.0006 loss: 59.3515 
episode: 931 count: 258 score: 190.2804 average_last200: 139.0093 epis: 0.0006 loss: 51.5447 
episode: 932 count: 184 score: 215.3896 average_last200: 138.8037 epis: 0.0006 loss: 35.3343 
episode: 933 count: 259 score: 215.9313 average_last200: 138.8511 epis: 0.0006 loss: 54.4596 
episode: 934 count: 208 score: 224.5813 average_last200: 138.9551 epis: 0.0005 loss: 41.0378 
episode: 935 count: 157 score: -11.1338 average_last200: 137.8141 epis: 0.0005 loss: 33.0736 
episode: 936 count: 172 score: 214.0287 average_last200: 137.9332 epis: 0.0005 loss: 29.2074 
episode: 937 count: 173 score: -1.9044 average_last200: 136.8140 epis: 0.0005 loss: 44.5861 
episode: 938 count: 199 score: 220.0389 average_last200: 136.6074 epis: 0.0005 loss: 48.2479 
episode: 939 count: 258 score: 242.7447 average_last200: 137.8517 epis: 0.0005 loss: 45.7622 
episode: 940 count: 73 score: -14.2703 average_last200: 137.8150 epis: 0.0005 loss: 9.2373 
episode: 941 count: 274 score: 248.6276 average_last200: 137.7985 epis: 0.0005 loss: 64.7613 
episode: 942 count: 323 score: 219.2457 average_last200: 137.8018 epis: 0.0005 loss: 56.4969 
episode: 943 count: 259 score: 221.7486 average_last200: 137.7997 epis: 0.0005 loss: 60.0457 
episode: 944 count: 88 score: -7.3830 average_last200: 136.5554 epis: 0.0005 loss: 20.0541 
episode: 945 count: 101 score: -80.6901 average_last200: 135.2081 epis: 0.0005 loss: 21.8742 
episode: 946 count: 239 score: 268.5026 average_last200: 135.2127 epis: 0.0005 loss: 56.6132 
episode: 947 count: 183 score: -13.9661 average_last200: 134.1485 epis: 0.0005 loss: 35.4280 
episode: 948 count: 197 score: 216.8480 average_last200: 135.3218 epis: 0.0005 loss: 38.6085 
episode: 949 count: 235 score: 232.9548 average_last200: 135.5323 epis: 0.0005 loss: 42.8062 
episode: 950 count: 132 score: -3.8687 average_last200: 134.3733 epis: 0.0005 loss: 30.3349 
episode: 951 count: 228 score: 246.5516 average_last200: 135.5948 epis: 0.0005 loss: 52.3634 
episode: 952 count: 236 score: 208.3163 average_last200: 136.5304 epis: 0.0005 loss: 52.5186 
episode: 953 count: 193 score: 227.1542 average_last200: 137.7696 epis: 0.0005 loss: 45.6509 
episode: 954 count: 162 score: 206.7301 average_last200: 137.5817 epis: 0.0005 loss: 37.8877 
episode: 955 count: 234 score: 257.9616 average_last200: 139.0481 epis: 0.0005 loss: 51.1486 
episode: 956 count: 211 score: 228.8814 average_last200: 139.2377 epis: 0.0005 loss: 55.6384 
episode: 957 count: 216 score: 206.6124 average_last200: 139.0039 epis: 0.0005 loss: 42.7921 
episode: 958 count: 173 score: 207.2441 average_last200: 139.9805 epis: 0.0005 loss: 33.9770 
episode: 959 count: 389 score: 174.5419 average_last200: 139.7514 epis: 0.0004 loss: 70.2870 
episode: 960 count: 190 score: 240.2975 average_last200: 141.0444 epis: 0.0004 loss: 34.9884 
episode: 961 count: 339 score: 227.0882 average_last200: 141.0498 epis: 0.0004 loss: 68.8445 
episode: 962 count: 204 score: 266.2809 average_last200: 142.3955 epis: 0.0004 loss: 38.5636 
episode: 963 count: 325 score: 229.2420 average_last200: 143.7163 epis: 0.0004 loss: 63.7668 
episode: 964 count: 211 score: 235.9278 average_last200: 143.8161 epis: 0.0004 loss: 49.5526 
episode: 965 count: 265 score: 232.3536 average_last200: 143.9893 epis: 0.0004 loss: 66.3494 
episode: 966 count: 196 score: 226.2246 average_last200: 144.0608 epis: 0.0004 loss: 43.8261 
episode: 967 count: 247 score: 270.9929 average_last200: 144.3042 epis: 0.0004 loss: 48.6209 
episode: 968 count: 204 score: 254.5314 average_last200: 145.6755 epis: 0.0004 loss: 48.0910 
episode: 969 count: 192 score: 231.2755 average_last200: 145.6504 epis: 0.0004 loss: 38.1899 
episode: 970 count: 191 score: 250.6064 average_last200: 146.9512 epis: 0.0004 loss: 37.2832 
episode: 971 count: 255 score: 233.1840 average_last200: 148.1177 epis: 0.0004 loss: 52.8691 
episode: 972 count: 304 score: 226.6622 average_last200: 149.1522 epis: 0.0004 loss: 62.5022 
episode: 973 count: 167 score: 248.1085 average_last200: 150.2756 epis: 0.0004 loss: 30.7874 
episode: 974 count: 187 score: 242.1393 average_last200: 150.4900 epis: 0.0004 loss: 39.1327 
episode: 975 count: 284 score: 240.2126 average_last200: 150.8959 epis: 0.0004 loss: 54.6489 
episode: 976 count: 309 score: 205.8774 average_last200: 150.8831 epis: 0.0004 loss: 61.6207 
episode: 977 count: 288 score: 251.9816 average_last200: 152.1335 epis: 0.0004 loss: 60.7610 
episode: 978 count: 159 score: 200.4079 average_last200: 153.0543 epis: 0.0004 loss: 36.6413 
episode: 979 count: 419 score: 182.9646 average_last200: 154.1282 epis: 0.0004 loss: 88.2504 
episode: 980 count: 226 score: 257.9471 average_last200: 155.4967 epis: 0.0004 loss: 43.5439 
episode: 981 count: 363 score: 190.5309 average_last200: 156.5294 epis: 0.0004 loss: 88.5216 
episode: 982 count: 185 score: 239.7111 average_last200: 156.5957 epis: 0.0004 loss: 36.4105 
episode: 983 count: 380 score: 204.0447 average_last200: 156.4274 epis: 0.0004 loss: 66.2905 
episode: 984 count: 413 score: 193.5721 average_last200: 156.3326 epis: 0.0004 loss: 87.9678 
episode: 985 count: 235 score: 238.8246 average_last200: 156.3627 epis: 0.0004 loss: 44.5559 
episode: 986 count: 332 score: 239.3410 average_last200: 157.4762 epis: 0.0004 loss: 71.7298 
episode: 987 count: 878 score: 134.3760 average_last200: 156.9158 epis: 0.0004 loss: 208.7789 
episode: 988 count: 398 score: 207.3309 average_last200: 156.9454 epis: 0.0004 loss: 90.5483 
episode: 989 count: 386 score: 243.2834 average_last200: 157.0894 epis: 0.0004 loss: 68.7796 
episode: 990 count: 268 score: 232.0904 average_last200: 158.1399 epis: 0.0003 loss: 50.0879 
episode: 991 count: 1000 score: -10.3774 average_last200: 157.0358 epis: 0.0003 loss: 211.9871 
episode: 992 count: 324 score: 214.2278 average_last200: 158.0989 epis: 0.0003 loss: 66.7130 
episode: 993 count: 997 score: 102.8737 average_last200: 157.5240 epis: 0.0003 loss: 184.1610 
episode: 994 count: 471 score: 201.4343 average_last200: 157.3909 epis: 0.0003 loss: 94.0559 
episode: 995 count: 221 score: 228.7100 average_last200: 157.4879 epis: 0.0003 loss: 37.2256 
episode: 996 count: 427 score: 212.0239 average_last200: 157.3176 epis: 0.0003 loss: 78.9222 
episode: 997 count: 273 score: 229.0425 average_last200: 157.3821 epis: 0.0003 loss: 51.7012 
episode: 998 count: 180 score: -11.9451 average_last200: 156.3542 epis: 0.0003 loss: 42.0151 
episode: 999 count: 191 score: 252.1137 average_last200: 156.5825 epis: 0.0003 loss: 38.0831 
