[33mWARN: gym.spaces.Box autodetected dtype as <class 'numpy.float32'>. Please provide explicit dtype.[0m
All para: Epis 1000 memlen 100000 gamma 0.990 epsilon 0.985 alpha 0.00001 batch 30 upfreq 500
episode: 0 count: 103 score: -201.7553 average_last200: -201.7553 epis: 0.9850 loss: 0.0000 
episode: 1 count: 84 score: -166.6921 average_last200: -184.2237 epis: 0.9702 loss: 0.0000 
episode: 2 count: 127 score: -118.8301 average_last200: -162.4258 epis: 0.9557 loss: 0.0000 
episode: 3 count: 101 score: -232.4902 average_last200: -179.9419 epis: 0.9413 loss: 0.0000 
episode: 4 count: 73 score: -174.7380 average_last200: -178.9011 epis: 0.9272 loss: 0.0000 
episode: 5 count: 90 score: -457.1922 average_last200: -225.2830 epis: 0.9133 loss: 0.0000 
episode: 6 count: 117 score: -126.5500 average_last200: -211.1783 epis: 0.8996 loss: 0.0000 
episode: 7 count: 62 score: -138.7121 average_last200: -202.1200 epis: 0.8861 loss: 0.0000 
episode: 8 count: 113 score: -280.3096 average_last200: -210.8077 epis: 0.8728 loss: 0.0000 
episode: 9 count: 108 score: -598.0638 average_last200: -249.5333 epis: 0.8597 loss: 0.0000 
episode: 10 count: 81 score: -254.2820 average_last200: -249.9650 epis: 0.8468 loss: 44.5728 
episode: 11 count: 83 score: -404.2787 average_last200: -262.8245 epis: 0.8341 loss: 59.7705 
episode: 12 count: 1000 score: -17.5869 average_last200: -243.9601 epis: 0.8216 loss: 734.2485 
episode: 13 count: 68 score: -465.5093 average_last200: -259.7850 epis: 0.8093 loss: 51.8069 
episode: 14 count: 112 score: -327.5800 average_last200: -264.3047 epis: 0.7972 loss: 88.7752 
episode: 15 count: 109 score: -366.9993 average_last200: -270.7231 epis: 0.7852 loss: 79.2500 
episode: 16 count: 198 score: -128.8705 average_last200: -262.3788 epis: 0.7734 loss: 151.7286 
episode: 17 count: 111 score: -219.0867 average_last200: -259.9737 epis: 0.7618 loss: 81.6342 
episode: 18 count: 139 score: -165.8517 average_last200: -255.0199 epis: 0.7504 loss: 102.8674 
episode: 19 count: 94 score: -403.8613 average_last200: -262.4620 epis: 0.7391 loss: 77.8390 
episode: 20 count: 96 score: -525.3283 average_last200: -274.9794 epis: 0.7280 loss: 72.0115 
episode: 21 count: 76 score: -80.4907 average_last200: -266.1390 epis: 0.7171 loss: 56.6354 
episode: 22 count: 130 score: -300.9350 average_last200: -267.6519 epis: 0.7064 loss: 96.8529 
episode: 23 count: 109 score: -347.2423 average_last200: -270.9682 epis: 0.6958 loss: 78.3701 
episode: 24 count: 105 score: -452.3413 average_last200: -278.2231 epis: 0.6853 loss: 72.8122 
episode: 25 count: 81 score: -390.5317 average_last200: -282.5427 epis: 0.6751 loss: 58.7129 
episode: 26 count: 135 score: -378.3654 average_last200: -286.0917 epis: 0.6649 loss: 93.9228 
episode: 27 count: 137 score: -540.0954 average_last200: -295.1632 epis: 0.6550 loss: 103.2585 
episode: 28 count: 89 score: -310.9529 average_last200: -295.7077 epis: 0.6451 loss: 66.5952 
episode: 29 count: 103 score: -203.0173 average_last200: -292.6180 epis: 0.6355 loss: 72.3700 
episode: 30 count: 92 score: -251.9105 average_last200: -291.3049 epis: 0.6259 loss: 59.9570 
episode: 31 count: 254 score: -571.4383 average_last200: -300.0590 epis: 0.6165 loss: 176.1203 
episode: 32 count: 386 score: -631.8313 average_last200: -310.1127 epis: 0.6073 loss: 253.7608 
episode: 33 count: 127 score: -413.4270 average_last200: -313.1514 epis: 0.5982 loss: 91.2761 
episode: 34 count: 99 score: -384.2351 average_last200: -315.1824 epis: 0.5892 loss: 68.2812 
episode: 35 count: 173 score: -595.5173 average_last200: -322.9694 epis: 0.5804 loss: 123.7203 
episode: 36 count: 96 score: -313.9579 average_last200: -322.7259 epis: 0.5717 loss: 61.3970 
episode: 37 count: 199 score: -327.7501 average_last200: -322.8581 epis: 0.5631 loss: 122.6326 
episode: 38 count: 157 score: -353.5253 average_last200: -323.6444 epis: 0.5546 loss: 106.4356 
episode: 39 count: 100 score: -338.4451 average_last200: -324.0145 epis: 0.5463 loss: 65.6800 
episode: 40 count: 249 score: -399.6869 average_last200: -325.8601 epis: 0.5381 loss: 170.3617 
episode: 41 count: 188 score: -677.1530 average_last200: -334.2242 epis: 0.5301 loss: 127.7487 
episode: 42 count: 104 score: -273.5870 average_last200: -332.8141 epis: 0.5221 loss: 71.2414 
episode: 43 count: 124 score: -314.1674 average_last200: -332.3903 epis: 0.5143 loss: 76.8715 
episode: 44 count: 208 score: -554.7703 average_last200: -337.3321 epis: 0.5066 loss: 131.9391 
episode: 45 count: 239 score: -304.8929 average_last200: -336.6269 epis: 0.4990 loss: 165.4952 
episode: 46 count: 104 score: -255.9703 average_last200: -334.9108 epis: 0.4915 loss: 68.7335 
episode: 47 count: 186 score: -340.2850 average_last200: -335.0227 epis: 0.4841 loss: 125.2516 
episode: 48 count: 165 score: -345.6893 average_last200: -335.2404 epis: 0.4768 loss: 105.1875 
episode: 49 count: 197 score: -238.0192 average_last200: -333.2960 epis: 0.4697 loss: 124.1465 
episode: 50 count: 141 score: -273.1865 average_last200: -332.1174 epis: 0.4626 loss: 91.4781 
episode: 51 count: 141 score: -296.8912 average_last200: -331.4399 epis: 0.4557 loss: 88.4194 
episode: 52 count: 117 score: -152.7008 average_last200: -328.0675 epis: 0.4489 loss: 70.0210 
episode: 53 count: 178 score: -187.3121 average_last200: -325.4609 epis: 0.4421 loss: 114.6401 
episode: 54 count: 81 score: -97.4498 average_last200: -321.3153 epis: 0.4355 loss: 46.7613 
episode: 55 count: 144 score: -273.4735 average_last200: -320.4610 epis: 0.4290 loss: 82.0033 
episode: 56 count: 158 score: -157.9894 average_last200: -317.6106 epis: 0.4225 loss: 94.9840 
episode: 57 count: 185 score: -242.8876 average_last200: -316.3222 epis: 0.4162 loss: 106.5454 
episode: 58 count: 134 score: -350.8265 average_last200: -316.9071 epis: 0.4100 loss: 81.2529 
episode: 59 count: 124 score: -210.7793 average_last200: -315.1383 epis: 0.4038 loss: 77.9466 
episode: 60 count: 102 score: -237.0886 average_last200: -313.8588 epis: 0.3977 loss: 59.4652 
episode: 61 count: 140 score: -284.7610 average_last200: -313.3894 epis: 0.3918 loss: 89.6992 
episode: 62 count: 105 score: -141.1247 average_last200: -310.6551 epis: 0.3859 loss: 71.4741 
episode: 63 count: 143 score: -97.3918 average_last200: -307.3228 epis: 0.3801 loss: 81.4975 
episode: 64 count: 129 score: -260.5337 average_last200: -306.6030 epis: 0.3744 loss: 70.4848 
episode: 65 count: 157 score: -192.0723 average_last200: -304.8677 epis: 0.3688 loss: 88.4905 
episode: 66 count: 102 score: -358.8663 average_last200: -305.6737 epis: 0.3633 loss: 56.1240 
episode: 67 count: 152 score: -314.3277 average_last200: -305.8009 epis: 0.3578 loss: 82.4551 
episode: 68 count: 130 score: -270.9207 average_last200: -305.2954 epis: 0.3525 loss: 75.4553 
episode: 69 count: 174 score: -352.9563 average_last200: -305.9763 epis: 0.3472 loss: 104.0061 
episode: 70 count: 118 score: -56.7996 average_last200: -302.4667 epis: 0.3420 loss: 70.1155 
episode: 71 count: 185 score: -405.7480 average_last200: -303.9012 epis: 0.3368 loss: 107.5622 
episode: 72 count: 153 score: -349.7680 average_last200: -304.5295 epis: 0.3318 loss: 89.4876 
episode: 73 count: 157 score: -421.6449 average_last200: -306.1122 epis: 0.3268 loss: 96.2376 
episode: 74 count: 112 score: -400.3300 average_last200: -307.3684 epis: 0.3219 loss: 65.4515 
episode: 75 count: 91 score: -413.6781 average_last200: -308.7672 epis: 0.3171 loss: 53.1826 
episode: 76 count: 201 score: -566.7883 average_last200: -312.1181 epis: 0.3123 loss: 120.5162 
episode: 77 count: 145 score: -379.0910 average_last200: -312.9768 epis: 0.3076 loss: 87.0711 
episode: 78 count: 92 score: -448.7789 average_last200: -314.6958 epis: 0.3030 loss: 56.1162 
episode: 79 count: 95 score: -237.4099 average_last200: -313.7297 epis: 0.2985 loss: 53.8092 
episode: 80 count: 119 score: -315.6823 average_last200: -313.7538 epis: 0.2940 loss: 66.5819 
episode: 81 count: 116 score: -292.3226 average_last200: -313.4925 epis: 0.2896 loss: 70.4709 
episode: 82 count: 93 score: -339.1687 average_last200: -313.8018 epis: 0.2852 loss: 54.5373 
episode: 83 count: 84 score: -431.7144 average_last200: -315.2055 epis: 0.2810 loss: 46.3546 
episode: 84 count: 235 score: -305.0722 average_last200: -315.0863 epis: 0.2767 loss: 139.4574 
episode: 85 count: 88 score: -424.9665 average_last200: -316.3640 epis: 0.2726 loss: 51.0483 
episode: 86 count: 124 score: -77.0281 average_last200: -313.6130 epis: 0.2685 loss: 76.6201 
episode: 87 count: 105 score: -292.0846 average_last200: -313.3684 epis: 0.2645 loss: 63.9482 
episode: 88 count: 254 score: -443.7825 average_last200: -314.8337 epis: 0.2605 loss: 146.9958 
episode: 89 count: 184 score: -349.6024 average_last200: -315.2200 epis: 0.2566 loss: 117.4281 
episode: 90 count: 144 score: -296.7206 average_last200: -315.0167 epis: 0.2528 loss: 90.5366 
episode: 91 count: 239 score: -318.0118 average_last200: -315.0493 epis: 0.2490 loss: 151.7743 
episode: 92 count: 221 score: -248.2200 average_last200: -314.3307 epis: 0.2452 loss: 127.9854 
episode: 93 count: 274 score: -395.1698 average_last200: -315.1907 epis: 0.2415 loss: 154.5423 
episode: 94 count: 177 score: -325.6269 average_last200: -315.3005 epis: 0.2379 loss: 102.9530 
episode: 95 count: 233 score: -168.0605 average_last200: -313.7668 epis: 0.2344 loss: 129.3173 
episode: 96 count: 247 score: -330.0867 average_last200: -313.9350 epis: 0.2308 loss: 134.8035 
episode: 97 count: 234 score: -372.4952 average_last200: -314.5326 epis: 0.2274 loss: 136.1978 
episode: 98 count: 308 score: -322.5683 average_last200: -314.6137 epis: 0.2240 loss: 177.0407 
episode: 99 count: 90 score: -748.9084 average_last200: -318.9567 epis: 0.2206 loss: 53.2814 
episode: 100 count: 139 score: -344.9259 average_last200: -319.2138 epis: 0.2173 loss: 77.6812 
episode: 101 count: 248 score: -348.0769 average_last200: -319.4968 epis: 0.2140 loss: 139.3120 
episode: 102 count: 192 score: -190.2793 average_last200: -318.2422 epis: 0.2108 loss: 115.5098 
episode: 103 count: 105 score: -143.8302 average_last200: -316.5652 epis: 0.2077 loss: 56.5589 
episode: 104 count: 136 score: -246.9044 average_last200: -315.9018 epis: 0.2046 loss: 71.0563 
episode: 105 count: 308 score: -152.3506 average_last200: -314.3588 epis: 0.2015 loss: 171.3846 
episode: 106 count: 181 score: -184.6513 average_last200: -313.1466 epis: 0.1985 loss: 94.5963 
episode: 107 count: 182 score: -206.7727 average_last200: -312.1617 epis: 0.1955 loss: 99.3950 
episode: 108 count: 155 score: -234.1368 average_last200: -311.4458 epis: 0.1926 loss: 80.4392 
episode: 109 count: 248 score: -165.2915 average_last200: -310.1172 epis: 0.1897 loss: 125.0765 
episode: 110 count: 178 score: -54.1805 average_last200: -307.8114 epis: 0.1868 loss: 90.2089 
episode: 111 count: 275 score: -249.4555 average_last200: -307.2904 epis: 0.1840 loss: 140.7171 
episode: 112 count: 192 score: -54.0789 average_last200: -305.0496 epis: 0.1813 loss: 104.3102 
episode: 113 count: 113 score: -181.4905 average_last200: -303.9657 epis: 0.1785 loss: 66.5098 
episode: 114 count: 170 score: -262.5717 average_last200: -303.6058 epis: 0.1759 loss: 95.2204 
episode: 115 count: 105 score: -218.1196 average_last200: -302.8688 epis: 0.1732 loss: 61.3124 
episode: 116 count: 320 score: -245.8306 average_last200: -302.3813 epis: 0.1706 loss: 172.6993 
episode: 117 count: 119 score: -57.5587 average_last200: -300.3066 epis: 0.1681 loss: 61.8964 
episode: 118 count: 207 score: -199.9767 average_last200: -299.4635 epis: 0.1655 loss: 117.3147 
episode: 119 count: 209 score: -295.1873 average_last200: -299.4278 epis: 0.1631 loss: 110.9205 
episode: 120 count: 238 score: -243.9981 average_last200: -298.9697 epis: 0.1606 loss: 119.8921 
episode: 121 count: 178 score: -231.7123 average_last200: -298.4184 epis: 0.1582 loss: 89.2583 
episode: 122 count: 172 score: -192.2325 average_last200: -297.5551 epis: 0.1558 loss: 84.1393 
episode: 123 count: 175 score: -233.5233 average_last200: -297.0387 epis: 0.1535 loss: 86.6901 
episode: 124 count: 214 score: -565.4472 average_last200: -299.1860 epis: 0.1512 loss: 104.9733 
episode: 125 count: 250 score: -361.0228 average_last200: -299.6768 epis: 0.1489 loss: 124.5788 
episode: 126 count: 166 score: -318.7804 average_last200: -299.8272 epis: 0.1467 loss: 83.5325 
episode: 127 count: 80 score: -552.6143 average_last200: -301.8021 epis: 0.1445 loss: 39.7182 
episode: 128 count: 180 score: -317.8526 average_last200: -301.9265 epis: 0.1423 loss: 97.0624 
episode: 129 count: 162 score: -270.6091 average_last200: -301.6856 epis: 0.1402 loss: 83.0140 
episode: 130 count: 852 score: 157.0424 average_last200: -298.1839 epis: 0.1381 loss: 435.7828 
episode: 131 count: 216 score: -59.6093 average_last200: -296.3765 epis: 0.1360 loss: 110.5613 
episode: 132 count: 216 score: -269.4029 average_last200: -296.1737 epis: 0.1340 loss: 109.0653 
episode: 133 count: 92 score: -251.4794 average_last200: -295.8402 epis: 0.1320 loss: 48.0910 
episode: 134 count: 205 score: -433.3305 average_last200: -296.8586 epis: 0.1300 loss: 106.6085 
episode: 135 count: 158 score: -31.4435 average_last200: -294.9070 epis: 0.1280 loss: 80.5342 
episode: 136 count: 180 score: -188.0208 average_last200: -294.1268 epis: 0.1261 loss: 93.4180 
episode: 137 count: 121 score: -181.5089 average_last200: -293.3108 epis: 0.1242 loss: 56.3639 
episode: 138 count: 169 score: -120.7123 average_last200: -292.0690 epis: 0.1224 loss: 85.2649 
episode: 139 count: 219 score: -351.4552 average_last200: -292.4932 epis: 0.1205 loss: 121.0222 
episode: 140 count: 244 score: -321.7559 average_last200: -292.7008 epis: 0.1187 loss: 124.7844 
episode: 141 count: 205 score: -245.4054 average_last200: -292.3677 epis: 0.1169 loss: 110.0066 
episode: 142 count: 100 score: -138.0879 average_last200: -291.2888 epis: 0.1152 loss: 49.5147 
episode: 143 count: 165 score: -211.0522 average_last200: -290.7316 epis: 0.1135 loss: 75.6272 
episode: 144 count: 180 score: -276.6663 average_last200: -290.6346 epis: 0.1118 loss: 88.8164 
episode: 145 count: 221 score: -195.9211 average_last200: -289.9859 epis: 0.1101 loss: 111.1627 
episode: 146 count: 89 score: -775.5421 average_last200: -293.2890 epis: 0.1084 loss: 47.9210 
episode: 147 count: 234 score: -415.5671 average_last200: -294.1152 epis: 0.1068 loss: 114.5300 
episode: 148 count: 323 score: -312.0152 average_last200: -294.2353 epis: 0.1052 loss: 160.7289 
episode: 149 count: 97 score: -314.5912 average_last200: -294.3710 epis: 0.1036 loss: 45.1769 
episode: 150 count: 153 score: -388.2911 average_last200: -294.9930 epis: 0.1021 loss: 86.0206 
episode: 151 count: 251 score: -388.4790 average_last200: -295.6081 epis: 0.1005 loss: 124.9428 
episode: 152 count: 208 score: -292.4948 average_last200: -295.5877 epis: 0.0990 loss: 103.1261 
episode: 153 count: 241 score: -295.2629 average_last200: -295.5856 epis: 0.0975 loss: 127.9118 
episode: 154 count: 178 score: -322.9328 average_last200: -295.7620 epis: 0.0961 loss: 92.2360 
episode: 155 count: 110 score: -183.8838 average_last200: -295.0449 epis: 0.0946 loss: 57.3865 
episode: 156 count: 98 score: -256.1559 average_last200: -294.7972 epis: 0.0932 loss: 49.1126 
episode: 157 count: 180 score: -263.2504 average_last200: -294.5975 epis: 0.0918 loss: 88.7511 
episode: 158 count: 200 score: -286.5237 average_last200: -294.5467 epis: 0.0904 loss: 100.4003 
episode: 159 count: 185 score: -314.0207 average_last200: -294.6684 epis: 0.0891 loss: 96.9544 
episode: 160 count: 250 score: -377.8758 average_last200: -295.1853 epis: 0.0877 loss: 123.4603 
episode: 161 count: 228 score: -189.2250 average_last200: -294.5312 epis: 0.0864 loss: 113.4890 
episode: 162 count: 96 score: -283.2973 average_last200: -294.4623 epis: 0.0851 loss: 48.6719 
episode: 163 count: 192 score: -276.5243 average_last200: -294.3529 epis: 0.0839 loss: 88.6088 
episode: 164 count: 101 score: -256.5353 average_last200: -294.1237 epis: 0.0826 loss: 56.2938 
episode: 165 count: 178 score: -330.3097 average_last200: -294.3417 epis: 0.0814 loss: 89.3518 
episode: 166 count: 121 score: -94.1351 average_last200: -293.1428 epis: 0.0801 loss: 58.0571 
episode: 167 count: 277 score: -186.4161 average_last200: -292.5076 epis: 0.0789 loss: 136.8095 
episode: 168 count: 123 score: -140.1513 average_last200: -291.6060 epis: 0.0778 loss: 63.4662 
episode: 169 count: 150 score: -283.1400 average_last200: -291.5562 epis: 0.0766 loss: 79.4066 
episode: 170 count: 133 score: -121.1942 average_last200: -290.5600 epis: 0.0754 loss: 62.4995 
episode: 171 count: 232 score: -331.7784 average_last200: -290.7996 epis: 0.0743 loss: 119.0787 
episode: 172 count: 228 score: -294.8219 average_last200: -290.8229 epis: 0.0732 loss: 115.8885 
episode: 173 count: 101 score: -264.0616 average_last200: -290.6691 epis: 0.0721 loss: 48.2740 
episode: 174 count: 124 score: -146.1513 average_last200: -289.8432 epis: 0.0710 loss: 64.1192 
episode: 175 count: 134 score: -117.6353 average_last200: -288.8648 epis: 0.0699 loss: 63.4070 
episode: 176 count: 260 score: -385.9211 average_last200: -289.4131 epis: 0.0689 loss: 127.5294 
episode: 177 count: 167 score: -322.2641 average_last200: -289.5977 epis: 0.0679 loss: 81.6997 
episode: 178 count: 231 score: -364.5540 average_last200: -290.0164 epis: 0.0668 loss: 112.1797 
episode: 179 count: 232 score: -336.6500 average_last200: -290.2755 epis: 0.0658 loss: 114.4151 
episode: 180 count: 168 score: -292.8413 average_last200: -290.2897 epis: 0.0649 loss: 90.9690 
episode: 181 count: 125 score: -101.5368 average_last200: -289.2526 epis: 0.0639 loss: 60.6759 
episode: 182 count: 238 score: -255.5542 average_last200: -289.0684 epis: 0.0629 loss: 117.1748 
episode: 183 count: 208 score: -40.0349 average_last200: -287.7150 epis: 0.0620 loss: 105.0672 
episode: 184 count: 201 score: -175.2465 average_last200: -287.1071 epis: 0.0611 loss: 100.4140 
episode: 185 count: 237 score: -102.1042 average_last200: -286.1124 epis: 0.0601 loss: 120.2981 
episode: 186 count: 166 score: -275.8508 average_last200: -286.0575 epis: 0.0592 loss: 79.4006 
episode: 187 count: 121 score: -120.0600 average_last200: -285.1746 epis: 0.0583 loss: 58.2395 
episode: 188 count: 149 score: -51.7507 average_last200: -283.9395 epis: 0.0575 loss: 73.6384 
episode: 189 count: 122 score: -124.1927 average_last200: -283.0988 epis: 0.0566 loss: 53.5256 
episode: 190 count: 183 score: -163.1570 average_last200: -282.4708 epis: 0.0558 loss: 89.0681 
episode: 191 count: 191 score: -226.3298 average_last200: -282.1784 epis: 0.0549 loss: 88.4830 
episode: 192 count: 119 score: -139.1328 average_last200: -281.4372 epis: 0.0541 loss: 61.5503 
episode: 193 count: 147 score: -336.0004 average_last200: -281.7185 epis: 0.0533 loss: 67.5557 
episode: 194 count: 247 score: -295.2981 average_last200: -281.7881 epis: 0.0525 loss: 123.1694 
episode: 195 count: 285 score: -396.3892 average_last200: -282.3728 epis: 0.0517 loss: 137.4772 
episode: 196 count: 295 score: -340.5401 average_last200: -282.6681 epis: 0.0509 loss: 146.0834 
episode: 197 count: 108 score: -28.6812 average_last200: -281.3853 epis: 0.0502 loss: 53.1425 
episode: 198 count: 235 score: -140.9099 average_last200: -280.6794 epis: 0.0494 loss: 119.5833 
episode: 199 count: 227 score: -327.6162 average_last200: -280.9141 epis: 0.0487 loss: 110.8680 
episode: 200 count: 115 score: -162.9519 average_last200: -280.7201 epis: 0.0479 loss: 61.6578 
episode: 201 count: 153 score: -342.3148 average_last200: -281.5982 epis: 0.0472 loss: 75.4802 
episode: 202 count: 193 score: -202.8451 average_last200: -282.0183 epis: 0.0465 loss: 90.6556 
episode: 203 count: 293 score: -256.9156 average_last200: -282.1404 epis: 0.0458 loss: 144.5822 
episode: 204 count: 160 score: -253.3524 average_last200: -282.5335 epis: 0.0451 loss: 77.3181 
episode: 205 count: 353 score: -277.8368 average_last200: -281.6367 epis: 0.0444 loss: 179.5799 
episode: 206 count: 528 score: 193.7731 average_last200: -280.0351 epis: 0.0438 loss: 245.6268 
episode: 207 count: 234 score: -249.4404 average_last200: -280.5887 epis: 0.0431 loss: 115.7508 
episode: 208 count: 168 score: -269.9687 average_last200: -280.5370 epis: 0.0425 loss: 81.5987 
episode: 209 count: 281 score: -342.0227 average_last200: -279.2568 epis: 0.0418 loss: 138.0552 
episode: 210 count: 143 score: -245.8838 average_last200: -279.2148 epis: 0.0412 loss: 72.0352 
episode: 211 count: 194 score: -77.3985 average_last200: -277.5804 epis: 0.0406 loss: 91.7726 
episode: 212 count: 219 score: -174.5474 average_last200: -278.3652 epis: 0.0400 loss: 113.1218 
episode: 213 count: 146 score: -28.5441 average_last200: -276.1804 epis: 0.0394 loss: 64.6855 
episode: 214 count: 126 score: -125.0225 average_last200: -275.1676 epis: 0.0388 loss: 58.4846 
episode: 215 count: 155 score: -2.5970 average_last200: -273.3456 epis: 0.0382 loss: 74.6237 
episode: 216 count: 172 score: -128.7614 average_last200: -273.3450 epis: 0.0376 loss: 91.0012 
episode: 217 count: 229 score: -166.6054 average_last200: -273.0826 epis: 0.0371 loss: 108.1331 
episode: 218 count: 206 score: -76.1455 average_last200: -272.6341 epis: 0.0365 loss: 101.3612 
episode: 219 count: 334 score: -60.2189 average_last200: -270.9159 epis: 0.0360 loss: 167.0146 
episode: 220 count: 187 score: -211.1762 average_last200: -269.3451 epis: 0.0354 loss: 89.7409 
episode: 221 count: 288 score: -220.0664 average_last200: -270.0430 epis: 0.0349 loss: 136.1388 
episode: 222 count: 1000 score: -385.8252 average_last200: -270.4675 epis: 0.0344 loss: 475.0108 
episode: 223 count: 373 score: -360.2578 average_last200: -270.5325 epis: 0.0339 loss: 177.9849 
episode: 224 count: 206 score: -227.7117 average_last200: -269.4094 epis: 0.0334 loss: 98.1061 
episode: 225 count: 163 score: -148.2348 average_last200: -268.1979 epis: 0.0329 loss: 75.9848 
episode: 226 count: 655 score: 54.4960 average_last200: -266.0336 epis: 0.0324 loss: 307.6318 
episode: 227 count: 234 score: -314.1533 average_last200: -264.9039 epis: 0.0319 loss: 109.0877 
episode: 228 count: 86 score: -291.4555 average_last200: -264.8064 epis: 0.0314 loss: 38.7775 
episode: 229 count: 185 score: -138.3134 average_last200: -264.4829 epis: 0.0309 loss: 88.3217 
episode: 230 count: 199 score: -271.0991 average_last200: -264.5788 epis: 0.0305 loss: 91.8499 
episode: 231 count: 106 score: -99.2108 average_last200: -262.2177 epis: 0.0300 loss: 55.0822 
episode: 232 count: 141 score: -286.7375 average_last200: -260.4922 epis: 0.0296 loss: 66.1073 
episode: 233 count: 173 score: -72.5651 average_last200: -258.7879 epis: 0.0291 loss: 80.2803 
episode: 234 count: 125 score: -239.4281 average_last200: -258.0639 epis: 0.0287 loss: 60.5722 
episode: 235 count: 107 score: -267.6067 average_last200: -256.4243 epis: 0.0282 loss: 53.8858 
episode: 236 count: 185 score: -92.6582 average_last200: -255.3178 epis: 0.0278 loss: 84.9755 
episode: 237 count: 121 score: -239.0631 average_last200: -254.8744 epis: 0.0274 loss: 60.8474 
episode: 238 count: 678 score: -286.5424 average_last200: -254.5395 epis: 0.0270 loss: 324.3800 
episode: 239 count: 80 score: -366.1587 average_last200: -254.6780 epis: 0.0266 loss: 33.9862 
episode: 240 count: 94 score: -220.7688 average_last200: -253.7835 epis: 0.0262 loss: 42.2461 
episode: 241 count: 87 score: -331.0715 average_last200: -252.0530 epis: 0.0258 loss: 40.6013 
episode: 242 count: 256 score: -234.8884 average_last200: -251.8596 epis: 0.0254 loss: 124.4786 
episode: 243 count: 209 score: -254.1066 average_last200: -251.5593 epis: 0.0250 loss: 104.1754 
episode: 244 count: 101 score: -154.4438 average_last200: -249.5576 epis: 0.0247 loss: 47.4840 
episode: 245 count: 1000 score: -203.8333 average_last200: -249.0523 epis: 0.0243 loss: 468.7056 
episode: 246 count: 472 score: -359.0894 average_last200: -249.5679 epis: 0.0239 loss: 222.2391 
episode: 247 count: 97 score: -230.5765 average_last200: -249.0194 epis: 0.0236 loss: 47.3831 
episode: 248 count: 204 score: -261.5968 average_last200: -248.5989 epis: 0.0232 loss: 98.9960 
episode: 249 count: 652 score: -227.8726 average_last200: -248.5482 epis: 0.0229 loss: 303.9375 
episode: 250 count: 159 score: -115.4498 average_last200: -247.7595 epis: 0.0225 loss: 79.1606 
episode: 251 count: 201 score: -180.3589 average_last200: -247.1768 epis: 0.0222 loss: 90.3918 
episode: 252 count: 327 score: -290.0277 average_last200: -247.8635 epis: 0.0218 loss: 149.9049 
episode: 253 count: 274 score: -293.9607 average_last200: -248.3967 epis: 0.0215 loss: 125.8114 
episode: 254 count: 160 score: -268.2307 average_last200: -249.2506 epis: 0.0212 loss: 74.2734 
episode: 255 count: 1000 score: -203.0158 average_last200: -248.8983 epis: 0.0209 loss: 467.9921 
episode: 256 count: 82 score: -475.6538 average_last200: -250.4866 epis: 0.0206 loss: 36.2352 
episode: 257 count: 81 score: -319.1824 average_last200: -250.8681 epis: 0.0203 loss: 40.4580 
episode: 258 count: 277 score: -167.5354 average_last200: -249.9517 epis: 0.0200 loss: 125.4282 
episode: 259 count: 272 score: -357.7041 average_last200: -250.6863 epis: 0.0197 loss: 127.5131 
episode: 260 count: 276 score: -124.8255 average_last200: -250.1250 epis: 0.0194 loss: 123.7354 
episode: 261 count: 80 score: -481.8841 average_last200: -251.1106 epis: 0.0191 loss: 39.9739 
episode: 262 count: 210 score: -189.5000 average_last200: -251.3525 epis: 0.0188 loss: 100.1117 
episode: 263 count: 89 score: -259.9459 average_last200: -252.1652 epis: 0.0185 loss: 43.8528 
episode: 264 count: 197 score: -109.1684 average_last200: -251.4084 epis: 0.0182 loss: 92.4772 
episode: 265 count: 911 score: -472.4819 average_last200: -252.8105 epis: 0.0179 loss: 422.3887 
episode: 266 count: 1000 score: -182.9540 average_last200: -251.9309 epis: 0.0177 loss: 461.9252 
episode: 267 count: 108 score: -213.4836 average_last200: -251.4267 epis: 0.0174 loss: 48.8295 
episode: 268 count: 109 score: -347.2414 average_last200: -251.8083 epis: 0.0172 loss: 54.0177 
episode: 269 count: 1000 score: -189.1753 average_last200: -250.9894 epis: 0.0169 loss: 461.3538 
episode: 270 count: 160 score: -118.5032 average_last200: -251.2979 epis: 0.0166 loss: 69.4817 
episode: 271 count: 1000 score: -152.9950 average_last200: -250.0341 epis: 0.0164 loss: 454.3025 
episode: 272 count: 132 score: -224.4149 average_last200: -249.4074 epis: 0.0161 loss: 60.5242 
episode: 273 count: 105 score: -55.9865 average_last200: -247.5791 epis: 0.0159 loss: 47.7463 
episode: 274 count: 92 score: -349.1491 average_last200: -247.3232 epis: 0.0157 loss: 41.0543 
episode: 275 count: 89 score: -290.2527 average_last200: -246.7060 epis: 0.0154 loss: 38.8479 
episode: 276 count: 1000 score: -170.7580 average_last200: -244.7259 epis: 0.0152 loss: 447.3199 
episode: 277 count: 1000 score: -162.6266 average_last200: -243.6436 epis: 0.0150 loss: 439.9738 
episode: 278 count: 108 score: -154.0338 average_last200: -242.1698 epis: 0.0147 loss: 47.0516 
episode: 279 count: 1000 score: -172.0140 average_last200: -241.8429 epis: 0.0145 loss: 442.4438 
episode: 280 count: 1000 score: -180.2903 average_last200: -241.1659 epis: 0.0143 loss: 437.9110 
episode: 281 count: 171 score: -149.3469 average_last200: -240.4510 epis: 0.0141 loss: 80.3216 
episode: 282 count: 129 score: -136.4032 average_last200: -239.4372 epis: 0.0139 loss: 59.3247 
episode: 283 count: 261 score: -297.8185 average_last200: -238.7677 epis: 0.0137 loss: 115.6137 
episode: 284 count: 1000 score: -187.9027 average_last200: -238.1819 epis: 0.0135 loss: 437.0831 
episode: 285 count: 84 score: -418.6357 average_last200: -238.1502 epis: 0.0133 loss: 38.7343 
episode: 286 count: 1000 score: -141.0466 average_last200: -238.4703 epis: 0.0131 loss: 436.0884 
episode: 287 count: 1000 score: -152.0149 average_last200: -237.7700 epis: 0.0129 loss: 425.2645 
episode: 288 count: 1000 score: -132.3860 average_last200: -236.2130 epis: 0.0127 loss: 424.5394 
episode: 289 count: 1000 score: -152.2648 average_last200: -235.2263 epis: 0.0125 loss: 420.4319 
episode: 290 count: 1000 score: -127.6971 average_last200: -234.3812 epis: 0.0123 loss: 425.9447 
episode: 291 count: 141 score: -264.2715 average_last200: -234.1125 epis: 0.0121 loss: 57.0221 
episode: 292 count: 1000 score: -136.8454 average_last200: -233.5556 epis: 0.0119 loss: 430.8132 
episode: 293 count: 1000 score: -151.9362 average_last200: -232.3394 epis: 0.0118 loss: 419.7209 
episode: 294 count: 1000 score: -112.3588 average_last200: -231.2731 epis: 0.0116 loss: 417.8184 
episode: 295 count: 119 score: -108.9704 average_last200: -230.9776 epis: 0.0114 loss: 46.9816 
episode: 296 count: 1000 score: -134.8528 average_last200: -230.0015 epis: 0.0112 loss: 412.5737 
episode: 297 count: 1000 score: -169.1009 average_last200: -228.9845 epis: 0.0111 loss: 408.9429 
episode: 298 count: 177 score: -68.8338 average_last200: -227.7158 epis: 0.0109 loss: 73.8704 
episode: 299 count: 1000 score: -178.5647 average_last200: -224.8641 epis: 0.0107 loss: 401.5746 
episode: 300 count: 1000 score: -165.2925 average_last200: -223.9659 epis: 0.0106 loss: 414.6425 
episode: 301 count: 1000 score: -144.9272 average_last200: -222.9502 epis: 0.0104 loss: 412.5721 
episode: 302 count: 1000 score: -110.3188 average_last200: -222.5504 epis: 0.0103 loss: 395.4179 
episode: 303 count: 1000 score: -158.8227 average_last200: -222.6253 epis: 0.0101 loss: 399.7834 
episode: 304 count: 1000 score: -132.0585 average_last200: -222.0511 epis: 0.0100 loss: 413.3713 
episode: 305 count: 1000 score: -174.0161 average_last200: -222.1594 epis: 0.0098 loss: 404.0555 
episode: 306 count: 1000 score: -124.6749 average_last200: -221.8596 epis: 0.0097 loss: 395.7274 
episode: 307 count: 1000 score: -169.1588 average_last200: -221.6715 epis: 0.0095 loss: 397.3092 
episode: 308 count: 1000 score: -121.7529 average_last200: -221.1096 epis: 0.0094 loss: 402.3477 
episode: 309 count: 1000 score: -151.8339 average_last200: -221.0423 epis: 0.0092 loss: 410.8052 
episode: 310 count: 1000 score: -99.5178 average_last200: -221.2690 epis: 0.0091 loss: 372.7947 
episode: 311 count: 1000 score: -99.1205 average_last200: -220.5173 epis: 0.0090 loss: 394.4023 
episode: 312 count: 1000 score: -182.6108 average_last200: -221.1600 epis: 0.0088 loss: 390.2113 
episode: 313 count: 1000 score: -111.7503 average_last200: -220.8113 epis: 0.0087 loss: 380.9051 
episode: 314 count: 1000 score: -80.4402 average_last200: -219.9006 epis: 0.0086 loss: 394.5593 
episode: 315 count: 1000 score: -149.0247 average_last200: -219.5551 epis: 0.0084 loss: 395.2283 
episode: 316 count: 1000 score: -171.0131 average_last200: -219.1810 epis: 0.0083 loss: 394.6563 
episode: 317 count: 1000 score: -63.2730 average_last200: -219.2096 epis: 0.0082 loss: 390.1032 
episode: 318 count: 1000 score: -149.5227 average_last200: -218.9573 epis: 0.0081 loss: 380.2829 
episode: 319 count: 1000 score: -114.0560 average_last200: -218.0517 epis: 0.0079 loss: 393.2901 
episode: 320 count: 1000 score: -96.0637 average_last200: -217.3120 epis: 0.0078 loss: 368.1409 
episode: 321 count: 1000 score: -173.1987 average_last200: -217.0194 epis: 0.0077 loss: 384.5939 
episode: 322 count: 1000 score: -214.4074 average_last200: -217.1303 epis: 0.0076 loss: 373.0653 
episode: 323 count: 1000 score: -145.6298 average_last200: -216.6908 epis: 0.0075 loss: 384.8938 
episode: 324 count: 770 score: -244.3053 average_last200: -215.0851 epis: 0.0074 loss: 297.5717 
episode: 325 count: 1000 score: -113.2679 average_last200: -213.8464 epis: 0.0072 loss: 357.7431 
episode: 326 count: 1000 score: -91.3617 average_last200: -212.7093 epis: 0.0071 loss: 371.8356 
episode: 327 count: 1000 score: -73.6225 average_last200: -210.3143 epis: 0.0070 loss: 365.3086 
episode: 328 count: 889 score: -259.4878 average_last200: -210.0225 epis: 0.0069 loss: 341.3727 
episode: 329 count: 1000 score: -172.7155 average_last200: -209.5330 epis: 0.0068 loss: 363.6706 
episode: 330 count: 807 score: -266.5441 average_last200: -211.6510 epis: 0.0067 loss: 309.3945 
episode: 331 count: 873 score: -227.1228 average_last200: -212.4885 epis: 0.0066 loss: 306.2658 
episode: 332 count: 466 score: -157.6136 average_last200: -211.9296 epis: 0.0065 loss: 162.3582 
episode: 333 count: 1000 score: -109.1014 average_last200: -211.2177 epis: 0.0064 loss: 341.0840 
episode: 334 count: 846 score: -257.5159 average_last200: -210.3386 epis: 0.0063 loss: 293.9387 
episode: 335 count: 797 score: -263.3064 average_last200: -211.4979 epis: 0.0062 loss: 258.9661 
episode: 336 count: 925 score: -224.3209 average_last200: -211.6794 epis: 0.0061 loss: 306.0493 
episode: 337 count: 816 score: -218.4939 average_last200: -211.8644 epis: 0.0060 loss: 281.5406 
episode: 338 count: 935 score: -215.2772 average_last200: -212.3372 epis: 0.0060 loss: 297.2627 
episode: 339 count: 804 score: -204.3514 average_last200: -211.6017 epis: 0.0059 loss: 260.4320 
episode: 340 count: 600 score: -198.2887 average_last200: -210.9843 epis: 0.0058 loss: 209.8748 
episode: 341 count: 299 score: -117.8643 average_last200: -210.3466 epis: 0.0057 loss: 95.4105 
episode: 342 count: 693 score: -251.4528 average_last200: -210.9134 epis: 0.0056 loss: 230.4997 
episode: 343 count: 447 score: -192.6594 average_last200: -210.8215 epis: 0.0055 loss: 144.2563 
episode: 344 count: 662 score: -256.8317 average_last200: -210.7223 epis: 0.0054 loss: 222.7909 
episode: 345 count: 623 score: -259.8275 average_last200: -211.0418 epis: 0.0054 loss: 196.0368 
episode: 346 count: 689 score: -229.2831 average_last200: -208.3105 epis: 0.0053 loss: 209.5730 
episode: 347 count: 564 score: -211.2036 average_last200: -207.2887 epis: 0.0052 loss: 179.4208 
episode: 348 count: 706 score: -218.9328 average_last200: -206.8233 epis: 0.0051 loss: 215.2058 
episode: 349 count: 740 score: -197.5742 average_last200: -206.2382 epis: 0.0050 loss: 236.1835 
episode: 350 count: 572 score: -205.1988 average_last200: -205.3228 epis: 0.0050 loss: 170.0404 
episode: 351 count: 701 score: -248.1087 average_last200: -204.6209 epis: 0.0049 loss: 222.5281 
episode: 352 count: 315 score: -145.1652 average_last200: -203.8843 epis: 0.0048 loss: 86.9351 
episode: 353 count: 715 score: -194.1554 average_last200: -203.3787 epis: 0.0047 loss: 222.7324 
episode: 354 count: 689 score: -222.6450 average_last200: -202.8773 epis: 0.0047 loss: 198.6310 
episode: 355 count: 243 score: -127.0309 average_last200: -202.5930 epis: 0.0046 loss: 75.3478 
episode: 356 count: 478 score: -191.9949 average_last200: -202.2722 epis: 0.0045 loss: 149.9318 
episode: 357 count: 531 score: -214.1400 average_last200: -202.0267 epis: 0.0045 loss: 163.6579 
episode: 358 count: 738 score: -183.7181 average_last200: -201.5126 epis: 0.0044 loss: 226.3568 
episode: 359 count: 663 score: -191.9752 average_last200: -200.9024 epis: 0.0043 loss: 199.9591 
episode: 360 count: 343 score: -143.2839 average_last200: -199.7295 epis: 0.0043 loss: 102.2460 
episode: 361 count: 558 score: -196.9666 average_last200: -199.7682 epis: 0.0042 loss: 156.5055 
episode: 362 count: 481 score: -197.6693 average_last200: -199.3400 epis: 0.0041 loss: 133.6056 
episode: 363 count: 237 score: -122.0492 average_last200: -198.5676 epis: 0.0041 loss: 71.8530 
episode: 364 count: 789 score: -185.1948 average_last200: -198.2109 epis: 0.0040 loss: 211.2893 
episode: 365 count: 726 score: -224.9093 average_last200: -197.6839 epis: 0.0040 loss: 208.2303 
episode: 366 count: 348 score: -160.1728 average_last200: -198.0141 epis: 0.0039 loss: 95.4231 
episode: 367 count: 440 score: -213.1987 average_last200: -198.1480 epis: 0.0038 loss: 109.3014 
episode: 368 count: 282 score: -140.7202 average_last200: -198.1509 epis: 0.0038 loss: 74.7655 
episode: 369 count: 235 score: -134.4946 average_last200: -197.4077 epis: 0.0037 loss: 59.8838 
episode: 370 count: 554 score: -179.8476 average_last200: -197.7009 epis: 0.0037 loss: 148.0454 
episode: 371 count: 338 score: -181.2750 average_last200: -196.9484 epis: 0.0036 loss: 87.9470 
episode: 372 count: 171 score: -121.9806 average_last200: -196.0842 epis: 0.0036 loss: 48.3064 
episode: 373 count: 374 score: -178.6769 average_last200: -195.6573 epis: 0.0035 loss: 100.0526 
episode: 374 count: 351 score: -175.2201 average_last200: -195.8026 epis: 0.0035 loss: 89.5003 
episode: 375 count: 672 score: -191.5852 average_last200: -196.1724 epis: 0.0034 loss: 180.2541 
episode: 376 count: 369 score: -196.4988 average_last200: -195.2253 epis: 0.0034 loss: 98.1232 
episode: 377 count: 584 score: -175.3964 average_last200: -194.4909 epis: 0.0033 loss: 160.9211 
episode: 378 count: 484 score: -184.0537 average_last200: -193.5884 epis: 0.0033 loss: 117.8635 
episode: 379 count: 230 score: -132.0579 average_last200: -192.5655 epis: 0.0032 loss: 62.8614 
episode: 380 count: 267 score: -158.7556 average_last200: -191.8950 epis: 0.0032 loss: 64.9272 
episode: 381 count: 311 score: -202.2379 average_last200: -192.3985 epis: 0.0031 loss: 76.6851 
episode: 382 count: 449 score: -194.0826 average_last200: -192.0912 epis: 0.0031 loss: 110.4852 
episode: 383 count: 509 score: -177.1133 average_last200: -192.7766 epis: 0.0030 loss: 110.4926 
episode: 384 count: 203 score: -139.1296 average_last200: -192.5960 epis: 0.0030 loss: 46.5255 
episode: 385 count: 158 score: -125.7322 average_last200: -192.7141 epis: 0.0029 loss: 39.5825 
episode: 386 count: 567 score: -186.6182 average_last200: -192.2680 epis: 0.0029 loss: 137.8198 
episode: 387 count: 349 score: -207.9970 average_last200: -192.7076 epis: 0.0028 loss: 82.6776 
episode: 388 count: 375 score: -184.8588 average_last200: -193.3732 epis: 0.0028 loss: 88.0599 
episode: 389 count: 303 score: -181.9775 average_last200: -193.6621 epis: 0.0028 loss: 70.7485 
episode: 390 count: 501 score: -177.4352 average_last200: -193.7335 epis: 0.0027 loss: 124.2725 
episode: 391 count: 326 score: -207.9121 average_last200: -193.6414 epis: 0.0027 loss: 71.2579 
episode: 392 count: 286 score: -223.3471 average_last200: -194.0625 epis: 0.0026 loss: 72.3515 
episode: 393 count: 253 score: -165.6268 average_last200: -193.2106 epis: 0.0026 loss: 62.8064 
episode: 394 count: 266 score: -161.1120 average_last200: -192.5397 epis: 0.0026 loss: 63.6171 
episode: 395 count: 196 score: -142.4798 average_last200: -191.2701 epis: 0.0025 loss: 38.8225 
episode: 396 count: 321 score: -219.1086 average_last200: -190.6630 epis: 0.0025 loss: 72.8559 
episode: 397 count: 319 score: -212.5992 average_last200: -191.5826 epis: 0.0024 loss: 67.6511 
episode: 398 count: 272 score: -181.3611 average_last200: -191.7848 epis: 0.0024 loss: 56.3865 
episode: 399 count: 247 score: -162.3213 average_last200: -190.9584 epis: 0.0024 loss: 57.8792 
episode: 400 count: 210 score: -163.5909 average_last200: -190.9615 epis: 0.0023 loss: 49.2097 
episode: 401 count: 167 score: -130.6303 average_last200: -189.9031 epis: 0.0023 loss: 38.0567 
episode: 402 count: 164 score: -131.0502 average_last200: -189.5442 epis: 0.0023 loss: 31.9386 
episode: 403 count: 286 score: -203.8327 average_last200: -189.2787 epis: 0.0022 loss: 79.9739 
episode: 404 count: 274 score: -162.3608 average_last200: -188.8238 epis: 0.0022 loss: 62.4657 
episode: 405 count: 439 score: -159.3678 average_last200: -188.2314 epis: 0.0022 loss: 99.1487 
episode: 406 count: 325 score: -185.2860 average_last200: -190.1267 epis: 0.0021 loss: 66.3167 
episode: 407 count: 213 score: -166.0669 average_last200: -189.7099 epis: 0.0021 loss: 41.4595 
episode: 408 count: 210 score: -173.9598 average_last200: -189.2298 epis: 0.0021 loss: 38.9666 
episode: 409 count: 348 score: -179.3591 average_last200: -188.4165 epis: 0.0020 loss: 81.6837 
episode: 410 count: 498 score: -179.2709 average_last200: -188.0834 epis: 0.0020 loss: 113.1565 
episode: 411 count: 419 score: -179.8012 average_last200: -188.5954 epis: 0.0020 loss: 94.5283 
episode: 412 count: 197 score: -161.6648 average_last200: -188.5310 epis: 0.0019 loss: 44.2311 
episode: 413 count: 188 score: -169.6381 average_last200: -189.2365 epis: 0.0019 loss: 43.4083 
episode: 414 count: 271 score: -188.6939 average_last200: -189.5549 epis: 0.0019 loss: 60.4566 
episode: 415 count: 464 score: -195.3739 average_last200: -190.5187 epis: 0.0019 loss: 101.6844 
episode: 416 count: 315 score: -211.1202 average_last200: -190.9305 epis: 0.0018 loss: 72.7886 
episode: 417 count: 243 score: -185.6091 average_last200: -191.0256 epis: 0.0018 loss: 49.8924 
episode: 418 count: 361 score: -193.3838 average_last200: -191.6118 epis: 0.0018 loss: 74.3811 
episode: 419 count: 238 score: -162.0541 average_last200: -192.1209 epis: 0.0018 loss: 49.3737 
episode: 420 count: 329 score: -192.3545 average_last200: -192.0268 epis: 0.0017 loss: 72.8994 
episode: 421 count: 352 score: -208.8569 average_last200: -191.9708 epis: 0.0017 loss: 79.3961 
episode: 422 count: 231 score: -166.3453 average_last200: -190.8734 epis: 0.0017 loss: 44.8521 
episode: 423 count: 334 score: -200.6278 average_last200: -190.0752 epis: 0.0016 loss: 61.2377 
episode: 424 count: 337 score: -223.7752 average_last200: -190.0555 epis: 0.0016 loss: 70.2618 
episode: 425 count: 335 score: -181.4547 average_last200: -190.2216 epis: 0.0016 loss: 62.3367 
episode: 426 count: 201 score: -177.4882 average_last200: -191.3816 epis: 0.0016 loss: 44.5400 
episode: 427 count: 224 score: -171.6751 average_last200: -190.6692 epis: 0.0016 loss: 45.9656 
episode: 428 count: 374 score: -195.0568 average_last200: -190.1872 epis: 0.0015 loss: 72.8138 
episode: 429 count: 339 score: -171.8315 average_last200: -190.3548 epis: 0.0015 loss: 72.5856 
episode: 430 count: 181 score: -149.3342 average_last200: -189.7459 epis: 0.0015 loss: 41.9812 
episode: 431 count: 201 score: -196.2935 average_last200: -190.2314 epis: 0.0015 loss: 46.9169 
episode: 432 count: 437 score: -180.1449 average_last200: -189.6984 epis: 0.0014 loss: 79.3818 
episode: 433 count: 175 score: -155.3998 average_last200: -190.1126 epis: 0.0014 loss: 35.0225 
episode: 434 count: 203 score: -187.3948 average_last200: -189.8524 epis: 0.0014 loss: 39.7018 
episode: 435 count: 437 score: -175.7204 average_last200: -189.3930 epis: 0.0014 loss: 79.2294 
episode: 436 count: 460 score: -189.6115 average_last200: -189.8777 epis: 0.0014 loss: 93.5306 
episode: 437 count: 314 score: -197.0347 average_last200: -189.6676 epis: 0.0013 loss: 58.0572 
episode: 438 count: 312 score: -205.0347 average_last200: -189.2601 epis: 0.0013 loss: 56.0634 
episode: 439 count: 240 score: -179.4179 average_last200: -188.3263 epis: 0.0013 loss: 43.1845 
episode: 440 count: 384 score: -195.8499 average_last200: -188.2018 epis: 0.0013 loss: 79.9240 
episode: 441 count: 156 score: -151.2271 average_last200: -187.3025 epis: 0.0013 loss: 29.0165 
episode: 442 count: 545 score: -199.1327 average_last200: -187.1238 epis: 0.0012 loss: 106.0836 
episode: 443 count: 210 score: -179.1283 average_last200: -186.7489 epis: 0.0012 loss: 40.8254 
episode: 444 count: 278 score: -190.6195 average_last200: -186.9297 epis: 0.0012 loss: 49.4568 
episode: 445 count: 194 score: -161.9779 average_last200: -186.7205 epis: 0.0012 loss: 36.7292 
episode: 446 count: 450 score: -187.7894 average_last200: -185.8640 epis: 0.0012 loss: 79.9861 
episode: 447 count: 302 score: -198.6806 average_last200: -185.7045 epis: 0.0011 loss: 52.5538 
episode: 448 count: 509 score: -203.5716 average_last200: -185.4144 epis: 0.0011 loss: 99.0979 
episode: 449 count: 420 score: -217.7884 average_last200: -185.3639 epis: 0.0011 loss: 75.2598 
episode: 450 count: 169 score: -147.0922 average_last200: -185.5221 epis: 0.0011 loss: 28.2283 
episode: 451 count: 217 score: -150.6171 average_last200: -185.3734 epis: 0.0011 loss: 39.2683 
episode: 452 count: 543 score: -190.9787 average_last200: -184.8782 epis: 0.0011 loss: 95.9336 
episode: 453 count: 615 score: -213.8682 average_last200: -184.4777 epis: 0.0010 loss: 108.3958 
episode: 454 count: 436 score: -230.1976 average_last200: -184.2876 epis: 0.0010 loss: 79.4562 
episode: 455 count: 993 score: -263.3549 average_last200: -184.5893 epis: 0.0010 loss: 173.8546 
episode: 456 count: 302 score: -170.8872 average_last200: -183.0654 epis: 0.0010 loss: 51.6502 
episode: 457 count: 722 score: -223.4197 average_last200: -182.5866 epis: 0.0010 loss: 123.5642 
episode: 458 count: 402 score: -123.4906 average_last200: -182.3664 epis: 0.0010 loss: 76.3140 
episode: 459 count: 448 score: -201.7328 average_last200: -181.5865 epis: 0.0010 loss: 76.2770 
episode: 460 count: 449 score: -236.5672 average_last200: -182.1452 epis: 0.0009 loss: 74.8812 
episode: 461 count: 199 score: -144.3901 average_last200: -180.4578 epis: 0.0009 loss: 36.8255 
episode: 462 count: 588 score: -227.2368 average_last200: -180.6465 epis: 0.0009 loss: 103.9592 
episode: 463 count: 858 score: -258.2544 average_last200: -180.6380 epis: 0.0009 loss: 148.9513 
episode: 464 count: 827 score: -282.3105 average_last200: -181.5037 epis: 0.0009 loss: 133.6112 
episode: 465 count: 620 score: -228.7827 average_last200: -180.2852 epis: 0.0009 loss: 103.4021 
episode: 466 count: 276 score: -161.1427 average_last200: -180.1762 epis: 0.0009 loss: 43.4353 
episode: 467 count: 542 score: -241.5887 average_last200: -180.3167 epis: 0.0008 loss: 93.2408 
episode: 468 count: 444 score: -213.2054 average_last200: -179.6465 epis: 0.0008 loss: 76.6709 
episode: 469 count: 569 score: -230.9705 average_last200: -179.8555 epis: 0.0008 loss: 90.4760 
episode: 470 count: 272 score: -177.0640 average_last200: -180.1483 epis: 0.0008 loss: 48.4756 
episode: 471 count: 240 score: -167.2049 average_last200: -180.2193 epis: 0.0008 loss: 41.6715 
episode: 472 count: 667 score: -260.8310 average_last200: -180.4014 epis: 0.0008 loss: 108.4929 
episode: 473 count: 1000 score: -152.4256 average_last200: -180.8836 epis: 0.0008 loss: 167.5881 
episode: 474 count: 951 score: -310.5176 average_last200: -180.6905 epis: 0.0008 loss: 160.0228 
episode: 475 count: 928 score: -309.4421 average_last200: -180.7864 epis: 0.0008 loss: 151.9019 
episode: 476 count: 276 score: -132.9629 average_last200: -180.5974 epis: 0.0007 loss: 44.4654 
episode: 477 count: 1000 score: -100.4902 average_last200: -180.2867 epis: 0.0007 loss: 159.7287 
episode: 478 count: 235 score: -131.0047 average_last200: -180.1716 epis: 0.0007 loss: 36.3401 
episode: 479 count: 530 score: -209.6894 average_last200: -180.3600 epis: 0.0007 loss: 84.0430 
episode: 480 count: 817 score: -273.4580 average_last200: -180.8258 epis: 0.0007 loss: 133.0466 
episode: 481 count: 1000 score: -184.2070 average_last200: -181.0001 epis: 0.0007 loss: 161.8812 
episode: 482 count: 693 score: -228.4780 average_last200: -181.4605 epis: 0.0007 loss: 113.9555 
episode: 483 count: 262 score: -155.8323 average_last200: -180.7506 epis: 0.0007 loss: 46.6735 
episode: 484 count: 1000 score: -164.3063 average_last200: -180.6326 epis: 0.0007 loss: 165.9385 
episode: 485 count: 432 score: -186.5503 average_last200: -179.4721 epis: 0.0006 loss: 68.8447 
episode: 486 count: 1000 score: -173.3771 average_last200: -179.6338 epis: 0.0006 loss: 162.7638 
episode: 487 count: 1000 score: -163.4663 average_last200: -179.6911 epis: 0.0006 loss: 158.4953 
episode: 488 count: 329 score: -169.6922 average_last200: -179.8776 epis: 0.0006 loss: 53.7440 
episode: 489 count: 222 score: -142.1807 average_last200: -179.8272 epis: 0.0006 loss: 34.3801 
episode: 490 count: 204 score: -104.1727 average_last200: -179.7095 epis: 0.0006 loss: 30.8529 
episode: 491 count: 1000 score: -141.1142 average_last200: -179.0938 epis: 0.0006 loss: 162.7968 
episode: 492 count: 1000 score: -157.8527 average_last200: -179.1988 epis: 0.0006 loss: 155.8770 
episode: 493 count: 685 score: -258.6367 average_last200: -179.7323 epis: 0.0006 loss: 109.5834 
episode: 494 count: 1000 score: -121.2727 average_last200: -179.7769 epis: 0.0006 loss: 160.1955 
episode: 495 count: 177 score: -110.4131 average_last200: -179.7841 epis: 0.0006 loss: 28.1607 
episode: 496 count: 338 score: -157.6529 average_last200: -179.8981 epis: 0.0005 loss: 54.4818 
episode: 497 count: 275 score: -131.6521 average_last200: -179.7108 epis: 0.0005 loss: 40.8033 
episode: 498 count: 267 score: -145.2024 average_last200: -180.0927 epis: 0.0005 loss: 41.1287 
episode: 499 count: 1000 score: -174.3425 average_last200: -180.0716 epis: 0.0005 loss: 154.7957 
episode: 500 count: 1000 score: -183.5654 average_last200: -180.1629 epis: 0.0005 loss: 155.6476 
episode: 501 count: 1000 score: -163.9717 average_last200: -180.2582 epis: 0.0005 loss: 159.1134 
episode: 502 count: 1000 score: -163.8271 average_last200: -180.5257 epis: 0.0005 loss: 148.4725 
episode: 503 count: 362 score: -166.2853 average_last200: -180.5630 epis: 0.0005 loss: 56.2269 
episode: 504 count: 1000 score: -155.2073 average_last200: -180.6788 epis: 0.0005 loss: 153.5218 
episode: 505 count: 349 score: -149.1587 average_last200: -180.5545 epis: 0.0005 loss: 53.8247 
episode: 506 count: 1000 score: -143.8761 average_last200: -180.6505 epis: 0.0005 loss: 158.4621 
episode: 507 count: 1000 score: -147.2195 average_last200: -180.5408 epis: 0.0005 loss: 153.7579 
episode: 508 count: 1000 score: -170.0243 average_last200: -180.7821 epis: 0.0005 loss: 152.7768 
episode: 509 count: 1000 score: -152.2078 average_last200: -180.7840 epis: 0.0004 loss: 147.2289 
episode: 510 count: 1000 score: -143.6924 average_last200: -181.0049 epis: 0.0004 loss: 141.0893 
episode: 511 count: 443 score: -201.3934 average_last200: -181.5162 epis: 0.0004 loss: 66.3746 
episode: 512 count: 318 score: -161.8969 average_last200: -181.4127 epis: 0.0004 loss: 48.7771 
episode: 513 count: 927 score: -292.8655 average_last200: -182.3182 epis: 0.0004 loss: 134.8237 
episode: 514 count: 1000 score: -117.3519 average_last200: -182.5028 epis: 0.0004 loss: 146.4255 
episode: 515 count: 1000 score: -126.3337 average_last200: -182.3894 epis: 0.0004 loss: 146.3257 
episode: 516 count: 1000 score: -129.2671 average_last200: -182.1806 epis: 0.0004 loss: 143.7645 
episode: 517 count: 482 score: -178.2856 average_last200: -182.7557 epis: 0.0004 loss: 68.0593 
episode: 518 count: 1000 score: -133.2863 average_last200: -182.6745 epis: 0.0004 loss: 150.6394 
episode: 519 count: 222 score: -108.8490 average_last200: -182.6485 epis: 0.0004 loss: 30.6601 
episode: 520 count: 1000 score: -131.8350 average_last200: -182.8273 epis: 0.0004 loss: 145.7939 
episode: 521 count: 1000 score: -141.2282 average_last200: -182.6675 epis: 0.0004 loss: 148.1159 
episode: 522 count: 1000 score: -167.5065 average_last200: -182.4330 epis: 0.0004 loss: 142.9383 
episode: 523 count: 1000 score: -136.5022 average_last200: -182.3873 epis: 0.0004 loss: 141.9371 
episode: 524 count: 220 score: -102.3658 average_last200: -181.6776 epis: 0.0004 loss: 31.5629 
episode: 525 count: 1000 score: -166.1281 average_last200: -181.9419 epis: 0.0004 loss: 142.6110 
episode: 526 count: 1000 score: -133.0725 average_last200: -182.1505 epis: 0.0003 loss: 141.3980 
episode: 527 count: 216 score: -121.4644 average_last200: -182.3897 epis: 0.0003 loss: 29.4232 
episode: 528 count: 1000 score: -113.1141 average_last200: -181.6578 epis: 0.0003 loss: 147.2961 
episode: 529 count: 1000 score: -122.2341 average_last200: -181.4054 epis: 0.0003 loss: 145.2885 
episode: 530 count: 484 score: -197.9783 average_last200: -181.0626 epis: 0.0003 loss: 70.7651 
episode: 531 count: 232 score: -133.1314 average_last200: -180.5926 epis: 0.0003 loss: 32.3191 
episode: 532 count: 1000 score: -127.2176 average_last200: -180.4407 epis: 0.0003 loss: 140.7642 
episode: 533 count: 631 score: -193.9903 average_last200: -180.8651 epis: 0.0003 loss: 92.6666 
episode: 534 count: 1000 score: -130.5884 average_last200: -180.2305 epis: 0.0003 loss: 149.6084 
episode: 535 count: 406 score: -160.7709 average_last200: -179.7178 epis: 0.0003 loss: 58.6251 
episode: 536 count: 1000 score: -120.8290 average_last200: -179.2003 epis: 0.0003 loss: 145.6219 
episode: 537 count: 1000 score: -117.3299 average_last200: -178.6945 epis: 0.0003 loss: 149.5486 
episode: 538 count: 1000 score: -151.6600 average_last200: -178.3764 epis: 0.0003 loss: 141.3465 
episode: 539 count: 1000 score: -149.4714 average_last200: -178.1020 epis: 0.0003 loss: 141.8939 
episode: 540 count: 524 score: -225.1357 average_last200: -178.2363 epis: 0.0003 loss: 70.6645 
episode: 541 count: 1000 score: -121.7059 average_last200: -178.2555 epis: 0.0003 loss: 136.0951 
episode: 542 count: 244 score: -144.8732 average_last200: -177.7226 epis: 0.0003 loss: 35.4330 
episode: 543 count: 1000 score: -149.1773 average_last200: -177.5052 epis: 0.0003 loss: 144.6059 
episode: 544 count: 1000 score: -122.1523 average_last200: -176.8318 epis: 0.0003 loss: 140.3211 
episode: 545 count: 499 score: -199.0608 average_last200: -176.5279 epis: 0.0003 loss: 69.1261 
episode: 546 count: 302 score: -155.0934 average_last200: -176.1570 epis: 0.0003 loss: 43.5525 
episode: 547 count: 227 score: -129.3155 average_last200: -175.7475 epis: 0.0003 loss: 34.0267 
episode: 548 count: 1000 score: -141.6226 average_last200: -175.3610 epis: 0.0002 loss: 140.8328 
episode: 549 count: 1000 score: -124.0462 average_last200: -174.9933 epis: 0.0002 loss: 143.5090 
episode: 550 count: 178 score: -122.7118 average_last200: -174.5809 epis: 0.0002 loss: 22.0562 
episode: 551 count: 179 score: -118.2543 average_last200: -173.9316 epis: 0.0002 loss: 26.6525 
episode: 552 count: 1000 score: -176.8858 average_last200: -174.0902 epis: 0.0002 loss: 138.8064 
episode: 553 count: 1000 score: -82.5094 average_last200: -173.5320 epis: 0.0002 loss: 139.6950 
episode: 554 count: 222 score: -130.5975 average_last200: -173.0718 epis: 0.0002 loss: 31.3527 
episode: 555 count: 1000 score: -112.0475 average_last200: -172.9969 epis: 0.0002 loss: 140.2224 
episode: 556 count: 1000 score: -118.6538 average_last200: -172.6301 epis: 0.0002 loss: 146.2390 
episode: 557 count: 1000 score: -95.6248 average_last200: -172.0376 epis: 0.0002 loss: 136.8067 
episode: 558 count: 904 score: -232.1912 average_last200: -172.2799 epis: 0.0002 loss: 123.8416 
episode: 559 count: 1000 score: -108.9897 average_last200: -171.8650 epis: 0.0002 loss: 138.0276 
episode: 560 count: 1000 score: -126.0404 average_last200: -171.7788 epis: 0.0002 loss: 138.8576 
episode: 561 count: 1000 score: -155.3392 average_last200: -171.5707 epis: 0.0002 loss: 139.5613 
episode: 562 count: 1000 score: -167.1442 average_last200: -171.4180 epis: 0.0002 loss: 137.2846 
episode: 563 count: 1000 score: -109.6116 average_last200: -171.3558 epis: 0.0002 loss: 134.2468 
episode: 564 count: 1000 score: -91.0992 average_last200: -170.8854 epis: 0.0002 loss: 131.8221 
episode: 565 count: 1000 score: -146.5698 average_last200: -170.4937 epis: 0.0002 loss: 136.6852 
episode: 566 count: 292 score: -164.6683 average_last200: -170.5161 epis: 0.0002 loss: 38.1193 
episode: 567 count: 1000 score: -109.2160 average_last200: -169.9962 epis: 0.0002 loss: 135.2801 
episode: 568 count: 181 score: -125.3247 average_last200: -169.9193 epis: 0.0002 loss: 23.6877 
episode: 569 count: 1000 score: -151.3136 average_last200: -170.0034 epis: 0.0002 loss: 134.8488 
episode: 570 count: 233 score: -125.3588 average_last200: -169.7309 epis: 0.0002 loss: 33.7541 
episode: 571 count: 1000 score: -139.4371 average_last200: -169.5217 epis: 0.0002 loss: 129.3767 
episode: 572 count: 1000 score: -125.8224 average_last200: -169.5409 epis: 0.0002 loss: 134.8146 
episode: 573 count: 1000 score: -152.6625 average_last200: -169.4109 epis: 0.0002 loss: 136.0723 
episode: 574 count: 1000 score: -124.6046 average_last200: -169.1578 epis: 0.0002 loss: 133.6000 
episode: 575 count: 1000 score: -171.4123 average_last200: -169.0569 epis: 0.0002 loss: 133.9994 
episode: 576 count: 206 score: -141.0214 average_last200: -168.7795 epis: 0.0002 loss: 26.5650 
episode: 577 count: 1000 score: -116.8137 average_last200: -168.4866 epis: 0.0002 loss: 134.4020 
episode: 578 count: 1000 score: -134.6945 average_last200: -168.2398 epis: 0.0002 loss: 132.0061 
episode: 579 count: 850 score: -259.7884 average_last200: -168.8785 epis: 0.0002 loss: 111.6466 
episode: 580 count: 1000 score: -151.6068 average_last200: -168.8427 epis: 0.0002 loss: 132.5769 
episode: 581 count: 1000 score: -161.7759 average_last200: -168.6404 epis: 0.0002 loss: 132.2798 
episode: 582 count: 322 score: -155.4353 average_last200: -168.4472 epis: 0.0001 loss: 42.9012 
episode: 583 count: 260 score: -133.5298 average_last200: -168.2293 epis: 0.0001 loss: 34.0217 
episode: 584 count: 1000 score: -156.8793 average_last200: -168.3180 epis: 0.0001 loss: 130.2805 
episode: 585 count: 121 score: -144.9998 average_last200: -168.4143 epis: 0.0001 loss: 14.6010 
episode: 586 count: 1000 score: -165.0667 average_last200: -168.3066 epis: 0.0001 loss: 129.9897 
episode: 587 count: 253 score: -123.6645 average_last200: -167.8849 epis: 0.0001 loss: 32.2966 
episode: 588 count: 1000 score: -122.1284 average_last200: -167.5713 epis: 0.0001 loss: 128.7851 
episode: 589 count: 313 score: -142.9135 average_last200: -167.3760 epis: 0.0001 loss: 40.4717 
episode: 590 count: 1000 score: -145.8959 average_last200: -167.2183 epis: 0.0001 loss: 125.7247 
episode: 591 count: 1000 score: -119.2366 average_last200: -166.7749 epis: 0.0001 loss: 129.2083 
episode: 592 count: 1000 score: -132.3550 average_last200: -166.3199 epis: 0.0001 loss: 126.9038 
episode: 593 count: 1000 score: -110.3994 average_last200: -166.0438 epis: 0.0001 loss: 124.7810 
episode: 594 count: 1000 score: -99.6670 average_last200: -165.7366 epis: 0.0001 loss: 128.3312 
episode: 595 count: 1000 score: -173.1625 average_last200: -165.8900 epis: 0.0001 loss: 125.8221 
episode: 596 count: 1000 score: -119.4583 average_last200: -165.3917 epis: 0.0001 loss: 125.3049 
episode: 597 count: 1000 score: -151.2172 average_last200: -165.0848 epis: 0.0001 loss: 127.1923 
episode: 598 count: 1000 score: -144.8563 average_last200: -164.9023 epis: 0.0001 loss: 123.5623 
episode: 599 count: 120 score: -133.3972 average_last200: -164.7577 epis: 0.0001 loss: 15.7330 
episode: 600 count: 1000 score: -124.7787 average_last200: -164.5636 epis: 0.0001 loss: 124.4842 
episode: 601 count: 481 score: -172.2655 average_last200: -164.7718 epis: 0.0001 loss: 59.4951 
episode: 602 count: 1000 score: -99.1627 average_last200: -164.6123 epis: 0.0001 loss: 124.9964 
episode: 603 count: 1000 score: -116.0730 average_last200: -164.1735 epis: 0.0001 loss: 123.1992 
episode: 604 count: 1000 score: -99.8030 average_last200: -163.8608 epis: 0.0001 loss: 125.1501 
episode: 605 count: 1000 score: -96.1288 average_last200: -163.5446 epis: 0.0001 loss: 122.8226 
episode: 606 count: 634 score: -209.6391 average_last200: -163.6663 epis: 0.0001 loss: 74.9338 
episode: 607 count: 1000 score: -132.7538 average_last200: -163.4998 epis: 0.0001 loss: 119.3465 
episode: 608 count: 1000 score: -120.6455 average_last200: -163.2332 epis: 0.0001 loss: 118.3151 
episode: 609 count: 1000 score: -112.9770 average_last200: -162.9013 epis: 0.0001 loss: 119.8720 
episode: 610 count: 1000 score: -93.8008 average_last200: -162.4739 epis: 0.0001 loss: 119.6426 
episode: 611 count: 371 score: -139.1949 average_last200: -162.2709 epis: 0.0001 loss: 44.9444 
episode: 612 count: 375 score: -140.7208 average_last200: -162.1662 epis: 0.0001 loss: 46.7987 
episode: 613 count: 822 score: -220.3359 average_last200: -162.4197 epis: 0.0001 loss: 98.2350 
episode: 614 count: 1000 score: -128.1498 average_last200: -162.1169 epis: 0.0001 loss: 118.2276 
episode: 615 count: 1000 score: -173.3659 average_last200: -162.0069 epis: 0.0001 loss: 119.4434 
episode: 616 count: 681 score: -194.1571 average_last200: -161.9221 epis: 0.0001 loss: 81.9290 
episode: 617 count: 1000 score: -119.7949 average_last200: -161.5930 epis: 0.0001 loss: 122.6950 
episode: 618 count: 1000 score: -111.9453 average_last200: -161.1858 epis: 0.0001 loss: 116.4778 
episode: 619 count: 1000 score: -139.7229 average_last200: -161.0742 epis: 0.0001 loss: 118.8443 
episode: 620 count: 1000 score: -125.5728 average_last200: -160.7403 epis: 0.0001 loss: 118.4217 
episode: 621 count: 584 score: -175.5975 average_last200: -160.5740 epis: 0.0001 loss: 68.4171 
episode: 622 count: 886 score: -218.1008 average_last200: -160.8327 epis: 0.0001 loss: 100.7626 
episode: 623 count: 432 score: -138.5147 average_last200: -160.5222 epis: 0.0001 loss: 49.2546 
episode: 624 count: 1000 score: -126.0951 average_last200: -160.0338 epis: 0.0001 loss: 118.4822 
episode: 625 count: 585 score: -210.0272 average_last200: -160.1766 epis: 0.0001 loss: 67.8780 
episode: 626 count: 1000 score: -163.4512 average_last200: -160.1065 epis: 0.0001 loss: 117.4380 
episode: 627 count: 1000 score: -118.5076 average_last200: -159.8406 epis: 0.0001 loss: 117.4668 
episode: 628 count: 1000 score: -127.9787 average_last200: -159.5052 epis: 0.0001 loss: 116.3548 
episode: 629 count: 421 score: -200.3487 average_last200: -159.6478 epis: 0.0001 loss: 47.5108 
episode: 630 count: 1000 score: -121.7855 average_last200: -159.5101 epis: 0.0001 loss: 114.7451 
episode: 631 count: 1000 score: -146.8003 average_last200: -159.2626 epis: 0.0001 loss: 118.5970 
episode: 632 count: 1000 score: -119.9503 average_last200: -158.9616 epis: 0.0001 loss: 114.3419 
episode: 633 count: 173 score: -113.6284 average_last200: -158.7528 epis: 0.0001 loss: 19.4438 
episode: 634 count: 1000 score: -98.5701 average_last200: -158.3086 epis: 0.0001 loss: 111.2236 
episode: 635 count: 1000 score: -140.9871 average_last200: -158.1350 epis: 0.0001 loss: 113.3737 
episode: 636 count: 253 score: -114.7885 average_last200: -157.7609 epis: 0.0001 loss: 28.0329 
episode: 637 count: 1000 score: -112.9905 average_last200: -157.3406 epis: 0.0001 loss: 114.0391 
episode: 638 count: 1000 score: -180.8778 average_last200: -157.2199 epis: 0.0001 loss: 114.1939 
episode: 639 count: 1000 score: -105.8348 average_last200: -156.8519 epis: 0.0001 loss: 116.3261 
episode: 640 count: 1000 score: -97.7551 average_last200: -156.3615 epis: 0.0001 loss: 111.5527 
episode: 641 count: 1000 score: -108.3883 average_last200: -156.1473 epis: 0.0001 loss: 112.9634 
episode: 642 count: 1000 score: -122.6156 average_last200: -155.7647 epis: 0.0001 loss: 116.7703 
episode: 643 count: 1000 score: -111.3550 average_last200: -155.4258 epis: 0.0001 loss: 113.4634 
episode: 644 count: 1000 score: -121.4814 average_last200: -155.0801 epis: 0.0001 loss: 115.4522 
episode: 645 count: 1000 score: -142.9698 average_last200: -154.9851 epis: 0.0001 loss: 112.6106 
episode: 646 count: 624 score: -226.8041 average_last200: -155.1802 epis: 0.0001 loss: 71.6920 
episode: 647 count: 1000 score: -169.2159 average_last200: -155.0328 epis: 0.0001 loss: 112.1570 
episode: 648 count: 1000 score: -132.9188 average_last200: -154.6796 epis: 0.0001 loss: 110.4026 
episode: 649 count: 1000 score: -126.0214 average_last200: -154.2207 epis: 0.0001 loss: 110.8371 
episode: 650 count: 1000 score: -131.6686 average_last200: -154.1436 epis: 0.0001 loss: 109.9445 
episode: 651 count: 1000 score: -97.0918 average_last200: -153.8760 epis: 0.0001 loss: 111.9696 
episode: 652 count: 967 score: -273.5274 average_last200: -154.2887 epis: 0.0001 loss: 105.1130 
episode: 653 count: 1000 score: -113.7647 average_last200: -153.7882 epis: 0.0001 loss: 112.2385 
episode: 654 count: 1000 score: -91.0263 average_last200: -153.0924 epis: 0.0001 loss: 111.0452 
episode: 655 count: 1000 score: -119.2347 average_last200: -152.3718 epis: 0.0000 loss: 108.6348 
episode: 656 count: 1000 score: -99.0352 average_last200: -152.0125 epis: 0.0000 loss: 111.3071 
episode: 657 count: 618 score: -240.1262 average_last200: -152.0960 epis: 0.0000 loss: 66.3096 
episode: 658 count: 1000 score: -116.1106 average_last200: -152.0591 epis: 0.0000 loss: 111.3140 
episode: 659 count: 1000 score: -163.5691 average_last200: -151.8683 epis: 0.0000 loss: 110.0592 
episode: 660 count: 1000 score: -108.0380 average_last200: -151.2257 epis: 0.0000 loss: 110.0068 
episode: 661 count: 1000 score: -107.4103 average_last200: -151.0408 epis: 0.0000 loss: 107.7899 
episode: 662 count: 442 score: -181.4781 average_last200: -150.8120 epis: 0.0000 loss: 48.2798 
episode: 663 count: 1000 score: -196.0029 average_last200: -150.5007 epis: 0.0000 loss: 108.0858 
episode: 664 count: 469 score: -188.9659 average_last200: -150.0340 epis: 0.0000 loss: 51.7548 
episode: 665 count: 1000 score: -132.1398 average_last200: -149.5508 epis: 0.0000 loss: 107.5536 
episode: 666 count: 1000 score: -139.9054 average_last200: -149.4446 epis: 0.0000 loss: 107.1459 
episode: 667 count: 1000 score: -124.3103 average_last200: -148.8582 epis: 0.0000 loss: 106.5169 
episode: 668 count: 1000 score: -169.2907 average_last200: -148.6386 epis: 0.0000 loss: 105.1141 
episode: 669 count: 1000 score: -128.5242 average_last200: -148.1264 epis: 0.0000 loss: 107.4765 
episode: 670 count: 657 score: -183.5034 average_last200: -148.1586 epis: 0.0000 loss: 68.8479 
episode: 671 count: 1000 score: -112.0156 average_last200: -147.8827 epis: 0.0000 loss: 109.1649 
episode: 672 count: 1000 score: -121.9295 average_last200: -147.1882 epis: 0.0000 loss: 109.2977 
episode: 673 count: 1000 score: -131.9771 average_last200: -147.0859 epis: 0.0000 loss: 109.7542 
episode: 674 count: 471 score: -163.8674 average_last200: -146.3527 epis: 0.0000 loss: 49.7568 
episode: 675 count: 1000 score: -153.5203 average_last200: -145.5730 epis: 0.0000 loss: 105.4160 
episode: 676 count: 128 score: -139.5120 average_last200: -145.6058 epis: 0.0000 loss: 13.7891 
episode: 677 count: 1000 score: -152.9817 average_last200: -145.8683 epis: 0.0000 loss: 104.7551 
episode: 678 count: 1000 score: -92.9013 average_last200: -145.6777 epis: 0.0000 loss: 103.9473 
episode: 679 count: 1000 score: -164.4825 average_last200: -145.4517 epis: 0.0000 loss: 101.5947 
episode: 680 count: 1000 score: -117.0411 average_last200: -144.6696 epis: 0.0000 loss: 108.2856 
episode: 681 count: 973 score: -288.1987 average_last200: -145.1896 epis: 0.0000 loss: 101.8365 
episode: 682 count: 511 score: -197.7819 average_last200: -145.0361 epis: 0.0000 loss: 55.6925 
episode: 683 count: 1000 score: -152.2820 average_last200: -145.0183 epis: 0.0000 loss: 105.2557 
episode: 684 count: 1000 score: -137.3571 average_last200: -144.8836 epis: 0.0000 loss: 104.3886 
episode: 685 count: 1000 score: -173.2011 average_last200: -144.8169 epis: 0.0000 loss: 103.4279 
episode: 686 count: 1000 score: -151.0014 average_last200: -144.7050 epis: 0.0000 loss: 103.5505 
episode: 687 count: 629 score: -224.0166 average_last200: -145.0077 epis: 0.0000 loss: 65.3806 
episode: 688 count: 693 score: -208.2621 average_last200: -145.2006 epis: 0.0000 loss: 70.5756 
episode: 689 count: 1000 score: -135.0294 average_last200: -145.1648 epis: 0.0000 loss: 102.2824 
episode: 690 count: 1000 score: -142.7512 average_last200: -145.3577 epis: 0.0000 loss: 104.8507 
episode: 691 count: 1000 score: -150.0650 average_last200: -145.4025 epis: 0.0000 loss: 107.0426 
episode: 692 count: 549 score: -213.8658 average_last200: -145.6825 epis: 0.0000 loss: 57.9345 
episode: 693 count: 659 score: -229.9966 average_last200: -145.5393 epis: 0.0000 loss: 66.2698 
episode: 694 count: 993 score: -305.4124 average_last200: -146.4600 epis: 0.0000 loss: 101.5518 
episode: 695 count: 1000 score: -120.7342 average_last200: -146.5116 epis: 0.0000 loss: 105.1557 
episode: 696 count: 1000 score: -155.5012 average_last200: -146.5009 epis: 0.0000 loss: 104.8875 
episode: 697 count: 1000 score: -121.8248 average_last200: -146.4517 epis: 0.0000 loss: 101.4565 
episode: 698 count: 1000 score: -114.6475 average_last200: -146.2990 epis: 0.0000 loss: 101.4679 
episode: 699 count: 1000 score: -144.8328 average_last200: -146.1514 epis: 0.0000 loss: 104.6393 
episode: 700 count: 1000 score: -171.4670 average_last200: -146.0909 epis: 0.0000 loss: 102.1697 
episode: 701 count: 1000 score: -125.7557 average_last200: -145.8998 epis: 0.0000 loss: 102.3331 
episode: 702 count: 1000 score: -102.0980 average_last200: -145.5912 epis: 0.0000 loss: 105.9001 
episode: 703 count: 1000 score: -146.5257 average_last200: -145.4924 epis: 0.0000 loss: 99.5344 
episode: 704 count: 1000 score: -109.0571 average_last200: -145.2616 epis: 0.0000 loss: 102.0524 
episode: 705 count: 1000 score: -172.2232 average_last200: -145.3770 epis: 0.0000 loss: 101.7615 
episode: 706 count: 1000 score: -145.8652 average_last200: -145.3869 epis: 0.0000 loss: 99.2389 
episode: 707 count: 1000 score: -140.2726 average_last200: -145.3522 epis: 0.0000 loss: 99.8999 
episode: 708 count: 1000 score: -161.6122 average_last200: -145.3101 epis: 0.0000 loss: 99.5817 
episode: 709 count: 1000 score: -117.5082 average_last200: -145.1366 epis: 0.0000 loss: 99.1017 
episode: 710 count: 1000 score: -112.9403 average_last200: -144.9829 epis: 0.0000 loss: 101.4127 
episode: 711 count: 1000 score: -114.8850 average_last200: -144.5503 epis: 0.0000 loss: 100.5302 
episode: 712 count: 1000 score: -138.4786 average_last200: -144.4332 epis: 0.0000 loss: 98.4253 
episode: 713 count: 1000 score: -102.2218 average_last200: -143.4800 epis: 0.0000 loss: 100.7438 
episode: 714 count: 1000 score: -123.3835 average_last200: -143.5102 epis: 0.0000 loss: 96.7178 
episode: 715 count: 622 score: -213.4220 average_last200: -143.9456 epis: 0.0000 loss: 61.0975 
episode: 716 count: 105 score: -183.3022 average_last200: -144.2158 epis: 0.0000 loss: 12.7607 
episode: 717 count: 1000 score: -93.7277 average_last200: -143.7930 epis: 0.0000 loss: 97.9650 
episode: 718 count: 1000 score: -119.7590 average_last200: -143.7254 epis: 0.0000 loss: 99.5788 
episode: 719 count: 772 score: -245.8357 average_last200: -144.4103 epis: 0.0000 loss: 78.7160 
episode: 720 count: 1000 score: -116.3821 average_last200: -144.3330 epis: 0.0000 loss: 100.3701 
episode: 721 count: 895 score: -269.1922 average_last200: -144.9728 epis: 0.0000 loss: 87.9835 
episode: 722 count: 136 score: -152.4868 average_last200: -144.8977 epis: 0.0000 loss: 13.1801 
episode: 723 count: 1000 score: -138.3366 average_last200: -144.9069 epis: 0.0000 loss: 98.5049 
episode: 724 count: 1000 score: -99.5068 average_last200: -144.8926 epis: 0.0000 loss: 95.6223 
episode: 725 count: 1000 score: -108.0138 average_last200: -144.6021 epis: 0.0000 loss: 96.3062 
episode: 726 count: 1000 score: -153.1201 average_last200: -144.7023 epis: 0.0000 loss: 95.7864 
episode: 727 count: 405 score: -163.8702 average_last200: -144.9143 epis: 0.0000 loss: 39.7318 
episode: 728 count: 1000 score: -125.8294 average_last200: -144.9779 epis: 0.0000 loss: 99.1831 
episode: 729 count: 1000 score: -97.2675 average_last200: -144.8531 epis: 0.0000 loss: 97.7783 
episode: 730 count: 1000 score: -129.3986 average_last200: -144.5102 epis: 0.0000 loss: 98.2101 
episode: 731 count: 1000 score: -131.8951 average_last200: -144.5040 epis: 0.0000 loss: 99.8603 
episode: 732 count: 1000 score: -128.8361 average_last200: -144.5121 epis: 0.0000 loss: 98.1610 
episode: 733 count: 1000 score: -159.6474 average_last200: -144.3404 epis: 0.0000 loss: 97.2031 
episode: 734 count: 289 score: -175.1326 average_last200: -144.5631 epis: 0.0000 loss: 30.0510 
episode: 735 count: 1000 score: -139.3754 average_last200: -144.4561 epis: 0.0000 loss: 95.0562 
episode: 736 count: 1000 score: -121.2110 average_last200: -144.4580 epis: 0.0000 loss: 95.5319 
episode: 737 count: 1000 score: -108.8498 average_last200: -144.4156 epis: 0.0000 loss: 95.8578 
episode: 738 count: 391 score: -190.8841 average_last200: -144.6117 epis: 0.0000 loss: 37.5424 
episode: 739 count: 1000 score: -143.8878 average_last200: -144.5838 epis: 0.0000 loss: 96.7422 
episode: 740 count: 379 score: -172.9192 average_last200: -144.3227 epis: 0.0000 loss: 35.6636 
episode: 741 count: 1000 score: -153.2202 average_last200: -144.4803 epis: 0.0000 loss: 94.2860 
episode: 742 count: 1000 score: -87.6510 average_last200: -144.1942 epis: 0.0000 loss: 94.8059 
episode: 743 count: 372 score: -123.9740 average_last200: -144.0682 epis: 0.0000 loss: 34.5700 
episode: 744 count: 1000 score: -124.2198 average_last200: -144.0785 epis: 0.0000 loss: 95.6318 
episode: 745 count: 1000 score: -92.4220 average_last200: -143.5453 epis: 0.0000 loss: 100.3393 
episode: 746 count: 1000 score: -164.9890 average_last200: -143.5948 epis: 0.0000 loss: 96.5235 
episode: 747 count: 1000 score: -150.9562 average_last200: -143.7030 epis: 0.0000 loss: 97.4281 
episode: 748 count: 1000 score: -204.8742 average_last200: -144.0193 epis: 0.0000 loss: 94.2114 
episode: 749 count: 527 score: -235.3016 average_last200: -144.5755 epis: 0.0000 loss: 48.5030 
episode: 750 count: 279 score: -173.7795 average_last200: -144.8309 epis: 0.0000 loss: 26.5988 
episode: 751 count: 1000 score: -109.8510 average_last200: -144.7889 epis: 0.0000 loss: 98.0436 
episode: 752 count: 1000 score: -90.5650 average_last200: -144.3573 epis: 0.0000 loss: 92.7675 
episode: 753 count: 286 score: -171.7216 average_last200: -144.8033 epis: 0.0000 loss: 26.7942 
episode: 754 count: 1000 score: -131.3638 average_last200: -144.8072 epis: 0.0000 loss: 93.6832 
episode: 755 count: 1000 score: -125.0020 average_last200: -144.8719 epis: 0.0000 loss: 94.2363 
episode: 756 count: 432 score: -218.9407 average_last200: -145.3734 epis: 0.0000 loss: 41.5725 
episode: 757 count: 1000 score: -150.9082 average_last200: -145.6498 epis: 0.0000 loss: 96.4024 
episode: 758 count: 1000 score: -130.8993 average_last200: -145.1433 epis: 0.0000 loss: 94.5650 
episode: 759 count: 1000 score: -116.0130 average_last200: -145.1784 epis: 0.0000 loss: 93.5763 
episode: 760 count: 1000 score: -148.7052 average_last200: -145.2918 epis: 0.0000 loss: 94.3082 
episode: 761 count: 757 score: -277.5946 average_last200: -145.9030 epis: 0.0000 loss: 70.5394 
episode: 762 count: 688 score: -300.7461 average_last200: -146.5710 epis: 0.0000 loss: 68.5906 
episode: 763 count: 274 score: -155.2610 average_last200: -146.7993 epis: 0.0000 loss: 25.3761 
episode: 764 count: 898 score: -331.4247 average_last200: -148.0009 epis: 0.0000 loss: 86.0756 
episode: 765 count: 1000 score: -89.6531 average_last200: -147.7163 epis: 0.0000 loss: 97.2741 
episode: 766 count: 275 score: -182.2745 average_last200: -147.8044 epis: 0.0000 loss: 26.1417 
episode: 767 count: 180 score: -155.6097 average_last200: -148.0363 epis: 0.0000 loss: 15.2100 
episode: 768 count: 492 score: -245.3825 average_last200: -148.6366 epis: 0.0000 loss: 45.1718 
episode: 769 count: 306 score: -192.8621 average_last200: -148.8444 epis: 0.0000 loss: 26.9980 
episode: 770 count: 902 score: -322.7522 average_last200: -149.8313 epis: 0.0000 loss: 84.6774 
episode: 771 count: 167 score: -139.0337 average_last200: -149.8293 epis: 0.0000 loss: 15.8871 
episode: 772 count: 155 score: -160.2846 average_last200: -150.0016 epis: 0.0000 loss: 15.3191 
episode: 773 count: 856 score: -313.6282 average_last200: -150.8065 epis: 0.0000 loss: 81.3745 
episode: 774 count: 1000 score: -109.7075 average_last200: -150.7320 epis: 0.0000 loss: 95.9464 
episode: 775 count: 1000 score: -132.1960 average_last200: -150.5359 epis: 0.0000 loss: 92.1515 
episode: 776 count: 1000 score: -147.7917 average_last200: -150.5697 epis: 0.0000 loss: 94.5046 
episode: 777 count: 1000 score: -132.0350 average_last200: -150.6458 epis: 0.0000 loss: 94.8072 
episode: 778 count: 317 score: -200.4980 average_last200: -150.9749 epis: 0.0000 loss: 31.0014 
episode: 779 count: 1000 score: -152.2156 average_last200: -150.4370 epis: 0.0000 loss: 96.1991 
episode: 780 count: 1000 score: -140.6779 average_last200: -150.3824 epis: 0.0000 loss: 91.7691 
episode: 781 count: 1000 score: -201.3350 average_last200: -150.5801 epis: 0.0000 loss: 93.6462 
episode: 782 count: 455 score: -218.6240 average_last200: -150.8961 epis: 0.0000 loss: 43.0025 
episode: 783 count: 725 score: -278.3469 average_last200: -151.6202 epis: 0.0000 loss: 67.7055 
episode: 784 count: 973 score: -345.1966 average_last200: -152.5618 epis: 0.0000 loss: 92.0351 
episode: 785 count: 1000 score: -92.1700 average_last200: -152.2976 epis: 0.0000 loss: 94.8160 
episode: 786 count: 1000 score: -110.6494 average_last200: -152.0255 epis: 0.0000 loss: 94.8852 
episode: 787 count: 1000 score: -108.7004 average_last200: -151.9507 epis: 0.0000 loss: 93.8626 
episode: 788 count: 1000 score: -179.7047 average_last200: -152.2386 epis: 0.0000 loss: 90.1174 
episode: 789 count: 801 score: -317.5934 average_last200: -153.1120 epis: 0.0000 loss: 73.7379 
episode: 790 count: 863 score: -306.4497 average_last200: -153.9148 epis: 0.0000 loss: 85.6284 
episode: 791 count: 316 score: -180.8375 average_last200: -154.2228 epis: 0.0000 loss: 28.5048 
episode: 792 count: 1000 score: -108.7793 average_last200: -154.1049 epis: 0.0000 loss: 94.4268 
episode: 793 count: 1000 score: -150.6612 average_last200: -154.3062 epis: 0.0000 loss: 95.8622 
episode: 794 count: 1000 score: -138.2949 average_last200: -154.4993 epis: 0.0000 loss: 100.6626 
episode: 795 count: 1000 score: -147.7153 average_last200: -154.3721 epis: 0.0000 loss: 94.3381 
episode: 796 count: 1000 score: -169.9455 average_last200: -154.6245 epis: 0.0000 loss: 95.7865 
episode: 797 count: 1000 score: -149.2539 average_last200: -154.6147 epis: 0.0000 loss: 90.9207 
episode: 798 count: 1000 score: -122.3976 average_last200: -154.5024 epis: 0.0000 loss: 93.6972 
episode: 799 count: 1000 score: -96.1028 average_last200: -154.3159 epis: 0.0000 loss: 97.5206 
episode: 800 count: 771 score: -267.2704 average_last200: -155.0284 epis: 0.0000 loss: 73.2763 
episode: 801 count: 522 score: -217.8816 average_last200: -155.2565 epis: 0.0000 loss: 51.9314 
episode: 802 count: 450 score: -223.8761 average_last200: -155.8801 epis: 0.0000 loss: 43.2812 
episode: 803 count: 634 score: -242.7165 average_last200: -156.5133 epis: 0.0000 loss: 62.5441 
episode: 804 count: 1000 score: -152.5411 average_last200: -156.7770 epis: 0.0000 loss: 94.0716 
episode: 805 count: 1000 score: -127.0516 average_last200: -156.9316 epis: 0.0000 loss: 93.5836 
episode: 806 count: 1000 score: -122.8557 average_last200: -156.4977 epis: 0.0000 loss: 97.0379 
episode: 807 count: 1000 score: -129.7961 average_last200: -156.4829 epis: 0.0000 loss: 97.1052 
episode: 808 count: 1000 score: -165.7479 average_last200: -156.7084 epis: 0.0000 loss: 98.2429 
episode: 809 count: 790 score: -263.8655 average_last200: -157.4628 epis: 0.0000 loss: 75.6195 
episode: 810 count: 913 score: -288.6361 average_last200: -158.4370 epis: 0.0000 loss: 92.5389 
episode: 811 count: 128 score: -148.0240 average_last200: -158.4811 epis: 0.0000 loss: 12.1037 
episode: 812 count: 1000 score: -156.0790 average_last200: -158.5579 epis: 0.0000 loss: 103.0779 
episode: 813 count: 1000 score: -167.2355 average_last200: -158.2924 epis: 0.0000 loss: 94.0666 
episode: 814 count: 1000 score: -122.6557 average_last200: -158.2650 epis: 0.0000 loss: 95.4220 
episode: 815 count: 234 score: -124.3615 average_last200: -158.0199 epis: 0.0000 loss: 21.0950 
episode: 816 count: 1000 score: -142.8061 average_last200: -157.7632 epis: 0.0000 loss: 93.6797 
episode: 817 count: 1000 score: -118.3444 average_last200: -157.7559 epis: 0.0000 loss: 97.4961 
episode: 818 count: 1000 score: -95.7780 average_last200: -157.6751 epis: 0.0000 loss: 101.0540 
episode: 819 count: 186 score: -131.0941 average_last200: -157.6320 epis: 0.0000 loss: 17.2682 
episode: 820 count: 1000 score: -137.7609 average_last200: -157.6929 epis: 0.0000 loss: 94.8950 
episode: 821 count: 1000 score: -133.7300 average_last200: -157.4836 epis: 0.0000 loss: 98.7019 
episode: 822 count: 1000 score: -158.2249 average_last200: -157.1842 epis: 0.0000 loss: 93.0987 
episode: 823 count: 1000 score: -152.0930 average_last200: -157.2521 epis: 0.0000 loss: 94.9451 
episode: 824 count: 1000 score: -137.4774 average_last200: -157.3090 epis: 0.0000 loss: 97.0719 
episode: 825 count: 135 score: -159.0623 average_last200: -157.0542 epis: 0.0000 loss: 12.4620 
episode: 826 count: 1000 score: -113.1216 average_last200: -156.8025 epis: 0.0000 loss: 91.8613 
episode: 827 count: 1000 score: -144.3451 average_last200: -156.9317 epis: 0.0000 loss: 104.7311 
episode: 828 count: 1000 score: -138.4900 average_last200: -156.9843 epis: 0.0000 loss: 99.0679 
episode: 829 count: 1000 score: -164.6037 average_last200: -156.8055 epis: 0.0000 loss: 95.3242 
episode: 830 count: 1000 score: -124.7657 average_last200: -156.8204 epis: 0.0000 loss: 96.2359 
episode: 831 count: 1000 score: -136.0694 average_last200: -156.7668 epis: 0.0000 loss: 99.2271 
episode: 832 count: 1000 score: -115.4544 average_last200: -156.7443 epis: 0.0000 loss: 100.3155 
episode: 833 count: 179 score: -154.0705 average_last200: -156.9465 epis: 0.0000 loss: 16.9604 
episode: 834 count: 402 score: -185.7884 average_last200: -157.3826 epis: 0.0000 loss: 39.7860 
episode: 835 count: 1000 score: -133.4664 average_last200: -157.3450 epis: 0.0000 loss: 99.3881 
episode: 836 count: 1000 score: -139.6167 average_last200: -157.4691 epis: 0.0000 loss: 96.5482 
episode: 837 count: 191 score: -160.5625 average_last200: -157.7070 epis: 0.0000 loss: 19.7982 
episode: 838 count: 245 score: -140.5632 average_last200: -157.5054 epis: 0.0000 loss: 25.8118 
episode: 839 count: 1000 score: -167.3195 average_last200: -157.8128 epis: 0.0000 loss: 98.9702 
episode: 840 count: 1000 score: -131.9148 average_last200: -157.9836 epis: 0.0000 loss: 100.5347 
episode: 841 count: 1000 score: -103.6491 average_last200: -157.9599 epis: 0.0000 loss: 92.0190 
episode: 842 count: 1000 score: -105.0041 average_last200: -157.8719 epis: 0.0000 loss: 98.0518 
episode: 843 count: 105 score: -181.7573 average_last200: -158.2239 epis: 0.0000 loss: 11.4405 
episode: 844 count: 1000 score: -179.3120 average_last200: -158.5131 epis: 0.0000 loss: 97.3592 
episode: 845 count: 1000 score: -143.9824 average_last200: -158.5181 epis: 0.0000 loss: 97.5820 
episode: 846 count: 1000 score: -125.1423 average_last200: -158.0098 epis: 0.0000 loss: 94.6134 
episode: 847 count: 170 score: -145.2926 average_last200: -157.8902 epis: 0.0000 loss: 16.6656 
episode: 848 count: 1000 score: -165.1751 average_last200: -158.0515 epis: 0.0000 loss: 98.8515 
episode: 849 count: 1000 score: -135.0662 average_last200: -158.0967 epis: 0.0000 loss: 100.2743 
episode: 850 count: 1000 score: -167.2955 average_last200: -158.2748 epis: 0.0000 loss: 97.6524 
episode: 851 count: 1000 score: -162.6851 average_last200: -158.6028 epis: 0.0000 loss: 96.7243 
episode: 852 count: 1000 score: -151.2098 average_last200: -157.9912 epis: 0.0000 loss: 96.3665 
episode: 853 count: 1000 score: -101.0747 average_last200: -157.9278 epis: 0.0000 loss: 96.4679 
episode: 854 count: 1000 score: -128.4297 average_last200: -158.1148 epis: 0.0000 loss: 95.6733 
episode: 855 count: 846 score: -245.4990 average_last200: -158.7461 epis: 0.0000 loss: 83.0084 
episode: 856 count: 1000 score: -135.3776 average_last200: -158.9278 epis: 0.0000 loss: 91.2935 
episode: 857 count: 1000 score: -123.7808 average_last200: -158.3461 epis: 0.0000 loss: 95.5275 
episode: 858 count: 1000 score: -156.2454 average_last200: -158.5468 epis: 0.0000 loss: 98.5338 
episode: 859 count: 1000 score: -162.6647 average_last200: -158.5422 epis: 0.0000 loss: 92.0813 
episode: 860 count: 1000 score: -144.6678 average_last200: -158.7254 epis: 0.0000 loss: 92.8622 
episode: 861 count: 130 score: -171.5181 average_last200: -159.0459 epis: 0.0000 loss: 11.1661 
episode: 862 count: 1000 score: -170.2291 average_last200: -158.9897 epis: 0.0000 loss: 95.5961 
episode: 863 count: 1000 score: -119.5665 average_last200: -158.6075 epis: 0.0000 loss: 94.4585 
episode: 864 count: 547 score: -193.8679 average_last200: -158.6320 epis: 0.0000 loss: 49.9978 
episode: 865 count: 1000 score: -127.2106 average_last200: -158.6074 epis: 0.0000 loss: 98.8213 
episode: 866 count: 1000 score: -99.4929 average_last200: -158.4053 epis: 0.0000 loss: 96.3493 
episode: 867 count: 1000 score: -142.7626 average_last200: -158.4976 epis: 0.0000 loss: 98.7029 
episode: 868 count: 487 score: -181.2930 average_last200: -158.5576 epis: 0.0000 loss: 47.1400 
episode: 869 count: 1000 score: -133.2635 average_last200: -158.5813 epis: 0.0000 loss: 96.5725 
episode: 870 count: 110 score: -159.4945 average_last200: -158.4612 epis: 0.0000 loss: 10.8494 
episode: 871 count: 121 score: -144.6617 average_last200: -158.6245 epis: 0.0000 loss: 11.2610 
episode: 872 count: 1000 score: -158.3787 average_last200: -158.8067 epis: 0.0000 loss: 99.2218 
episode: 873 count: 109 score: -169.8030 average_last200: -158.9958 epis: 0.0000 loss: 10.6044 
episode: 874 count: 1000 score: -128.1244 average_last200: -158.8171 epis: 0.0000 loss: 99.3454 
episode: 875 count: 1000 score: -146.0817 average_last200: -158.7799 epis: 0.0000 loss: 99.7710 
episode: 876 count: 1000 score: -142.6915 average_last200: -158.7958 epis: 0.0000 loss: 98.7045 
episode: 877 count: 1000 score: -165.5790 average_last200: -158.8588 epis: 0.0000 loss: 97.5598 
episode: 878 count: 1000 score: -156.8705 average_last200: -159.1787 epis: 0.0000 loss: 93.6378 
episode: 879 count: 1000 score: -132.2643 average_last200: -159.0176 epis: 0.0000 loss: 97.8198 
episode: 880 count: 835 score: -263.7021 average_last200: -159.7509 epis: 0.0000 loss: 79.5506 
episode: 881 count: 1000 score: -153.4977 average_last200: -159.0774 epis: 0.0000 loss: 94.8724 
episode: 882 count: 148 score: -146.5201 average_last200: -158.8211 epis: 0.0000 loss: 13.6822 
episode: 883 count: 1000 score: -100.9469 average_last200: -158.5644 epis: 0.0000 loss: 93.2451 
episode: 884 count: 1000 score: -151.6177 average_last200: -158.6357 epis: 0.0000 loss: 94.7985 
episode: 885 count: 206 score: -149.6909 average_last200: -158.5181 epis: 0.0000 loss: 18.9725 
episode: 886 count: 1000 score: -101.9209 average_last200: -158.2727 epis: 0.0000 loss: 95.5043 
episode: 887 count: 1000 score: -137.5635 average_last200: -157.8405 epis: 0.0000 loss: 93.9645 
episode: 888 count: 213 score: -141.1589 average_last200: -157.5049 epis: 0.0000 loss: 20.4869 
episode: 889 count: 199 score: -133.0830 average_last200: -157.4952 epis: 0.0000 loss: 18.8361 
episode: 890 count: 1000 score: -136.1919 average_last200: -157.4624 epis: 0.0000 loss: 100.0919 
episode: 891 count: 1000 score: -146.5291 average_last200: -157.4447 epis: 0.0000 loss: 96.7849 
episode: 892 count: 1000 score: -184.5844 average_last200: -157.2983 epis: 0.0000 loss: 91.1951 
episode: 893 count: 1000 score: -132.4139 average_last200: -156.8104 epis: 0.0000 loss: 92.3836 
episode: 894 count: 217 score: -128.6272 average_last200: -155.9265 epis: 0.0000 loss: 20.4747 
episode: 895 count: 1000 score: -195.5113 average_last200: -156.3004 epis: 0.0000 loss: 93.3263 
episode: 896 count: 1000 score: -167.2751 average_last200: -156.3592 epis: 0.0000 loss: 96.7192 
episode: 897 count: 1000 score: -138.2593 average_last200: -156.4414 epis: 0.0000 loss: 93.9495 
episode: 898 count: 1000 score: -165.1053 average_last200: -156.6937 epis: 0.0000 loss: 95.2885 
episode: 899 count: 1000 score: -127.0006 average_last200: -156.6045 epis: 0.0000 loss: 94.5577 
episode: 900 count: 1000 score: -152.1242 average_last200: -156.5078 epis: 0.0000 loss: 95.7742 
episode: 901 count: 1000 score: -155.0683 average_last200: -156.6544 epis: 0.0000 loss: 95.0020 
episode: 902 count: 195 score: -136.4315 average_last200: -156.8261 epis: 0.0000 loss: 18.6312 
episode: 903 count: 1000 score: -133.0624 average_last200: -156.7587 epis: 0.0000 loss: 94.6005 
episode: 904 count: 1000 score: -152.6833 average_last200: -156.9769 epis: 0.0000 loss: 96.2077 
episode: 905 count: 1000 score: -114.6232 average_last200: -156.6889 epis: 0.0000 loss: 93.1168 
episode: 906 count: 135 score: -158.5089 average_last200: -156.7521 epis: 0.0000 loss: 12.3157 
episode: 907 count: 1000 score: -139.6530 average_last200: -156.7490 epis: 0.0000 loss: 93.7137 
episode: 908 count: 344 score: -196.7681 average_last200: -156.9248 epis: 0.0000 loss: 32.3526 
episode: 909 count: 789 score: -258.8117 average_last200: -157.6313 epis: 0.0000 loss: 71.5243 
episode: 910 count: 1000 score: -147.4368 average_last200: -157.8038 epis: 0.0000 loss: 94.9445 
episode: 911 count: 1000 score: -157.0212 average_last200: -158.0145 epis: 0.0000 loss: 97.2149 
episode: 912 count: 1000 score: -190.0608 average_last200: -158.2724 epis: 0.0000 loss: 92.5071 
episode: 913 count: 313 score: -139.7673 average_last200: -158.4601 epis: 0.0000 loss: 30.1325 
episode: 914 count: 345 score: -165.0580 average_last200: -158.6685 epis: 0.0000 loss: 34.0956 
episode: 915 count: 1000 score: -110.5679 average_last200: -158.1542 epis: 0.0000 loss: 94.5243 
episode: 916 count: 1000 score: -117.0134 average_last200: -157.8228 epis: 0.0000 loss: 94.2332 
episode: 917 count: 1000 score: -121.6336 average_last200: -157.9623 epis: 0.0000 loss: 95.9426 
episode: 918 count: 178 score: -177.0928 average_last200: -158.2490 epis: 0.0000 loss: 14.9940 
episode: 919 count: 1000 score: -172.5642 average_last200: -157.8826 epis: 0.0000 loss: 96.1202 
episode: 920 count: 1000 score: -118.7496 average_last200: -157.8944 epis: 0.0000 loss: 95.2734 
episode: 921 count: 1000 score: -145.2339 average_last200: -157.2746 epis: 0.0000 loss: 94.1242 
episode: 922 count: 1000 score: -129.2091 average_last200: -157.1583 epis: 0.0000 loss: 96.1446 
episode: 923 count: 176 score: -182.3139 average_last200: -157.3781 epis: 0.0000 loss: 16.7164 
episode: 924 count: 1000 score: -152.7718 average_last200: -157.6445 epis: 0.0000 loss: 98.6292 
episode: 925 count: 1000 score: -139.7042 average_last200: -157.8029 epis: 0.0000 loss: 94.8632 
episode: 926 count: 1000 score: -161.2887 average_last200: -157.8438 epis: 0.0000 loss: 95.2646 
episode: 927 count: 1000 score: -124.5901 average_last200: -157.6474 epis: 0.0000 loss: 97.7349 
episode: 928 count: 217 score: -167.0308 average_last200: -157.8534 epis: 0.0000 loss: 21.5219 
episode: 929 count: 111 score: -186.9347 average_last200: -158.3017 epis: 0.0000 loss: 10.4337 
episode: 930 count: 1000 score: -155.9028 average_last200: -158.4342 epis: 0.0000 loss: 92.2302 
episode: 931 count: 103 score: -191.8135 average_last200: -158.7338 epis: 0.0000 loss: 9.5755 
episode: 932 count: 1000 score: -125.5778 average_last200: -158.7175 epis: 0.0000 loss: 96.9529 
episode: 933 count: 442 score: -228.7986 average_last200: -159.0633 epis: 0.0000 loss: 45.6449 
episode: 934 count: 1000 score: -131.1799 average_last200: -158.8435 epis: 0.0000 loss: 94.1029 
episode: 935 count: 1000 score: -156.9017 average_last200: -158.9311 epis: 0.0000 loss: 94.3221 
episode: 936 count: 1000 score: -176.0880 average_last200: -159.2055 epis: 0.0000 loss: 94.8418 
episode: 937 count: 1000 score: -130.6059 average_last200: -159.3143 epis: 0.0000 loss: 95.4798 
episode: 938 count: 119 score: -181.0308 average_last200: -159.2650 epis: 0.0000 loss: 10.9332 
episode: 939 count: 1000 score: -151.7937 average_last200: -159.3046 epis: 0.0000 loss: 92.9916 
episode: 940 count: 1000 score: -173.4894 average_last200: -159.3074 epis: 0.0000 loss: 98.5339 
episode: 941 count: 232 score: -162.7120 average_last200: -159.3549 epis: 0.0000 loss: 21.7940 
episode: 942 count: 1000 score: -130.7566 average_last200: -159.5704 epis: 0.0000 loss: 95.7926 
episode: 943 count: 573 score: -201.9514 average_last200: -159.9603 epis: 0.0000 loss: 54.8427 
episode: 944 count: 490 score: -202.0889 average_last200: -160.3496 epis: 0.0000 loss: 48.5839 
episode: 945 count: 1000 score: -165.3318 average_last200: -160.7142 epis: 0.0000 loss: 96.2236 
episode: 946 count: 1000 score: -170.8940 average_last200: -160.7437 epis: 0.0000 loss: 97.9721 
episode: 947 count: 1000 score: -141.5109 average_last200: -160.6965 epis: 0.0000 loss: 96.8753 
episode: 948 count: 1000 score: -148.8860 average_last200: -160.4166 epis: 0.0000 loss: 97.8192 
episode: 949 count: 433 score: -211.6738 average_last200: -160.2984 epis: 0.0000 loss: 42.4349 
episode: 950 count: 163 score: -201.8004 average_last200: -160.4385 epis: 0.0000 loss: 16.2506 
episode: 951 count: 1000 score: -144.9314 average_last200: -160.6139 epis: 0.0000 loss: 99.1461 
episode: 952 count: 133 score: -179.1220 average_last200: -161.0567 epis: 0.0000 loss: 13.3607 
episode: 953 count: 1000 score: -160.6030 average_last200: -161.0011 epis: 0.0000 loss: 97.7567 
episode: 954 count: 1000 score: -151.0160 average_last200: -161.0994 epis: 0.0000 loss: 101.7967 
episode: 955 count: 767 score: -235.8134 average_last200: -161.6534 epis: 0.0000 loss: 74.1475 
episode: 956 count: 129 score: -171.6771 average_last200: -161.4171 epis: 0.0000 loss: 13.3108 
episode: 957 count: 1000 score: -138.3104 average_last200: -161.3541 epis: 0.0000 loss: 98.5171 
episode: 958 count: 234 score: -164.2407 average_last200: -161.5208 epis: 0.0000 loss: 22.3356 
episode: 959 count: 1000 score: -173.4492 average_last200: -161.8080 epis: 0.0000 loss: 98.2331 
episode: 960 count: 1000 score: -125.6085 average_last200: -161.6925 epis: 0.0000 loss: 95.0016 
episode: 961 count: 335 score: -204.5216 average_last200: -161.3272 epis: 0.0000 loss: 33.5399 
episode: 962 count: 99 score: -198.5998 average_last200: -160.8164 epis: 0.0000 loss: 9.9509 
episode: 963 count: 1000 score: -154.2895 average_last200: -160.8116 epis: 0.0000 loss: 100.9323 
episode: 964 count: 130 score: -180.3398 average_last200: -160.0561 epis: 0.0000 loss: 15.1548 
episode: 965 count: 1000 score: -131.2426 average_last200: -160.2641 epis: 0.0000 loss: 96.5606 
episode: 966 count: 124 score: -199.4599 average_last200: -160.3500 epis: 0.0000 loss: 12.4121 
episode: 967 count: 1000 score: -127.0707 average_last200: -160.2073 epis: 0.0000 loss: 101.9549 
episode: 968 count: 900 score: -250.1401 average_last200: -160.2311 epis: 0.0000 loss: 86.9545 
episode: 969 count: 1000 score: -168.1444 average_last200: -160.1075 epis: 0.0000 loss: 104.7865 
episode: 970 count: 1000 score: -174.2924 average_last200: -159.3652 epis: 0.0000 loss: 103.1508 
episode: 971 count: 1000 score: -140.4997 average_last200: -159.3726 epis: 0.0000 loss: 102.7961 
episode: 972 count: 124 score: -187.0777 average_last200: -159.5065 epis: 0.0000 loss: 11.6403 
episode: 973 count: 160 score: -171.6723 average_last200: -158.7967 epis: 0.0000 loss: 16.0868 
episode: 974 count: 968 score: -264.0039 average_last200: -159.5682 epis: 0.0000 loss: 96.3107 
episode: 975 count: 94 score: -200.9499 average_last200: -159.9120 epis: 0.0000 loss: 8.9650 
episode: 976 count: 1000 score: -131.7167 average_last200: -159.8316 epis: 0.0000 loss: 99.2342 
episode: 977 count: 1000 score: -174.6271 average_last200: -160.0446 epis: 0.0000 loss: 102.7971 
episode: 978 count: 121 score: -191.2809 average_last200: -159.9985 epis: 0.0000 loss: 13.6917 
episode: 979 count: 263 score: -169.8384 average_last200: -160.0866 epis: 0.0000 loss: 27.6000 
episode: 980 count: 1000 score: -151.1203 average_last200: -160.1388 epis: 0.0000 loss: 102.3622 
episode: 981 count: 1000 score: -166.2353 average_last200: -159.9633 epis: 0.0000 loss: 100.6735 
episode: 982 count: 1000 score: -136.6019 average_last200: -159.5532 epis: 0.0000 loss: 104.5627 
episode: 983 count: 782 score: -247.0148 average_last200: -159.3966 epis: 0.0000 loss: 79.2089 
episode: 984 count: 1000 score: -130.9983 average_last200: -158.3256 epis: 0.0000 loss: 101.2995 
episode: 985 count: 138 score: -175.3265 average_last200: -158.7413 epis: 0.0000 loss: 14.7025 
episode: 986 count: 242 score: -207.2460 average_last200: -159.2243 epis: 0.0000 loss: 24.6698 
episode: 987 count: 607 score: -213.9890 average_last200: -159.7508 epis: 0.0000 loss: 63.9683 
episode: 988 count: 1000 score: -169.2066 average_last200: -159.6983 epis: 0.0000 loss: 105.1429 
episode: 989 count: 1000 score: -168.0240 average_last200: -158.9504 epis: 0.0000 loss: 103.1785 
episode: 990 count: 955 score: -268.5779 average_last200: -158.7611 epis: 0.0000 loss: 100.8163 
episode: 991 count: 538 score: -240.7560 average_last200: -159.0607 epis: 0.0000 loss: 56.9886 
episode: 992 count: 299 score: -171.3681 average_last200: -159.3736 epis: 0.0000 loss: 30.5730 
episode: 993 count: 1000 score: -197.7888 average_last200: -159.6092 epis: 0.0000 loss: 106.7464 
episode: 994 count: 183 score: -172.2551 average_last200: -159.7790 epis: 0.0000 loss: 18.6279 
episode: 995 count: 143 score: -162.8938 average_last200: -159.8549 epis: 0.0000 loss: 16.0728 
episode: 996 count: 104 score: -198.3278 average_last200: -159.9968 epis: 0.0000 loss: 10.6810 
episode: 997 count: 585 score: -229.4320 average_last200: -160.3977 epis: 0.0000 loss: 59.7084 
episode: 998 count: 426 score: -188.7557 average_last200: -160.7295 epis: 0.0000 loss: 45.6046 
episode: 999 count: 153 score: -185.0657 average_last200: -161.1743 epis: 0.0000 loss: 15.5855 
