[33mWARN: gym.spaces.Box autodetected dtype as <class 'numpy.float32'>. Please provide explicit dtype.[0m
All para: Epis 1000 memlen 100000 gamma 0.990 epsilon 0.999 alpha 0.00090 batch 30 upfreq 500
episode: 0 count: 103 score: -201.7553 average_last200: -201.7553 epis: 0.9990 loss: 0.0000 
episode: 1 count: 84 score: -164.3968 average_last200: -183.0761 epis: 0.9980 loss: 0.0000 
episode: 2 count: 132 score: -150.1011 average_last200: -172.0844 epis: 0.9970 loss: 0.0000 
episode: 3 count: 75 score: -146.4896 average_last200: -165.6857 epis: 0.9960 loss: 0.0000 
episode: 4 count: 93 score: -344.2022 average_last200: -201.3890 epis: 0.9950 loss: 0.0000 
episode: 5 count: 88 score: -489.0477 average_last200: -249.3321 epis: 0.9940 loss: 0.0000 
episode: 6 count: 105 score: -465.1571 average_last200: -280.1643 epis: 0.9930 loss: 0.0000 
episode: 7 count: 73 score: -182.3052 average_last200: -267.9319 epis: 0.9920 loss: 0.0000 
episode: 8 count: 128 score: -211.1852 average_last200: -261.6267 epis: 0.9910 loss: 0.0000 
episode: 9 count: 67 score: -113.9512 average_last200: -246.8591 epis: 0.9900 loss: 0.0000 
episode: 10 count: 105 score: -228.5302 average_last200: -245.1929 epis: 0.9891 loss: 37.4157 
episode: 11 count: 1000 score: 49.8132 average_last200: -220.6090 epis: 0.9881 loss: 503.0670 
episode: 12 count: 62 score: -130.1173 average_last200: -213.6481 epis: 0.9871 loss: 33.0399 
episode: 13 count: 100 score: -168.2858 average_last200: -210.4080 epis: 0.9861 loss: 49.1708 
episode: 14 count: 76 score: -395.6797 average_last200: -222.7594 epis: 0.9851 loss: 32.7215 
episode: 15 count: 75 score: -126.8973 average_last200: -216.7680 epis: 0.9841 loss: 35.4607 
episode: 16 count: 63 score: -163.1354 average_last200: -213.6132 epis: 0.9831 loss: 26.5272 
episode: 17 count: 113 score: -280.9169 average_last200: -217.3523 epis: 0.9822 loss: 54.7262 
episode: 18 count: 74 score: -59.9984 average_last200: -209.0705 epis: 0.9812 loss: 33.3805 
episode: 19 count: 101 score: -375.0858 average_last200: -217.3713 epis: 0.9802 loss: 48.5835 
episode: 20 count: 62 score: -161.0977 average_last200: -214.6916 epis: 0.9792 loss: 27.7502 
episode: 21 count: 76 score: -310.0117 average_last200: -219.0243 epis: 0.9782 loss: 33.5676 
episode: 22 count: 106 score: -95.6624 average_last200: -213.6607 epis: 0.9773 loss: 49.8623 
episode: 23 count: 78 score: -170.1315 average_last200: -211.8470 epis: 0.9763 loss: 36.1171 
episode: 24 count: 73 score: -183.9868 average_last200: -210.7326 epis: 0.9753 loss: 36.4193 
episode: 25 count: 89 score: -52.1174 average_last200: -204.6320 epis: 0.9743 loss: 40.3232 
episode: 26 count: 133 score: -274.3854 average_last200: -207.2155 epis: 0.9733 loss: 62.8498 
episode: 27 count: 71 score: -177.9252 average_last200: -206.1694 epis: 0.9724 loss: 36.9880 
episode: 28 count: 101 score: -153.0239 average_last200: -204.3368 epis: 0.9714 loss: 39.9130 
episode: 29 count: 97 score: -340.8316 average_last200: -208.8866 epis: 0.9704 loss: 52.8829 
episode: 30 count: 91 score: -140.5832 average_last200: -206.6833 epis: 0.9695 loss: 37.7127 
episode: 31 count: 72 score: -148.9581 average_last200: -204.8794 epis: 0.9685 loss: 35.1160 
episode: 32 count: 69 score: -267.3560 average_last200: -206.7726 epis: 0.9675 loss: 38.0131 
episode: 33 count: 114 score: -141.7437 average_last200: -204.8600 epis: 0.9666 loss: 53.0698 
episode: 34 count: 113 score: -171.9940 average_last200: -203.9210 epis: 0.9656 loss: 54.4516 
episode: 35 count: 82 score: -111.8853 average_last200: -201.3644 epis: 0.9646 loss: 34.6007 
episode: 36 count: 109 score: -333.9999 average_last200: -204.9492 epis: 0.9637 loss: 48.3026 
episode: 37 count: 99 score: -351.6669 average_last200: -208.8102 epis: 0.9627 loss: 43.3971 
episode: 38 count: 95 score: -195.0728 average_last200: -208.4579 epis: 0.9617 loss: 39.8306 
episode: 39 count: 98 score: -140.5836 average_last200: -206.7611 epis: 0.9608 loss: 42.5527 
episode: 40 count: 85 score: -350.9999 average_last200: -210.2791 epis: 0.9598 loss: 33.1043 
episode: 41 count: 89 score: -188.3446 average_last200: -209.7568 epis: 0.9588 loss: 41.8371 
episode: 42 count: 73 score: -206.7645 average_last200: -209.6872 epis: 0.9579 loss: 26.5176 
episode: 43 count: 75 score: -306.4024 average_last200: -211.8853 epis: 0.9569 loss: 35.5967 
episode: 44 count: 110 score: -312.5705 average_last200: -214.1228 epis: 0.9560 loss: 41.4326 
episode: 45 count: 117 score: -108.5415 average_last200: -211.8275 epis: 0.9550 loss: 51.4167 
episode: 46 count: 112 score: -168.3852 average_last200: -210.9032 epis: 0.9541 loss: 47.3484 
episode: 47 count: 100 score: -423.7600 average_last200: -215.3377 epis: 0.9531 loss: 38.5599 
episode: 48 count: 104 score: -139.5942 average_last200: -213.7919 epis: 0.9522 loss: 46.3338 
episode: 49 count: 155 score: -192.2660 average_last200: -213.3614 epis: 0.9512 loss: 54.0585 
episode: 50 count: 92 score: -54.6556 average_last200: -210.2495 epis: 0.9503 loss: 49.8479 
episode: 51 count: 104 score: -224.7103 average_last200: -210.5276 epis: 0.9493 loss: 39.9574 
episode: 52 count: 112 score: -399.3315 average_last200: -214.0900 epis: 0.9484 loss: 45.5837 
episode: 53 count: 70 score: -150.6750 average_last200: -212.9156 epis: 0.9474 loss: 27.1323 
episode: 54 count: 102 score: -146.5843 average_last200: -211.7096 epis: 0.9465 loss: 41.2958 
episode: 55 count: 103 score: -288.6959 average_last200: -213.0844 epis: 0.9455 loss: 41.9261 
episode: 56 count: 78 score: -109.0057 average_last200: -211.2584 epis: 0.9446 loss: 33.5570 
episode: 57 count: 83 score: -170.4957 average_last200: -210.5556 epis: 0.9436 loss: 37.9950 
episode: 58 count: 79 score: -149.6128 average_last200: -209.5227 epis: 0.9427 loss: 39.4958 
episode: 59 count: 101 score: -209.0879 average_last200: -209.5154 epis: 0.9417 loss: 50.9613 
episode: 60 count: 120 score: -143.3829 average_last200: -208.4313 epis: 0.9408 loss: 55.3107 
episode: 61 count: 120 score: -230.0740 average_last200: -208.7804 epis: 0.9399 loss: 47.3384 
episode: 62 count: 75 score: -178.0864 average_last200: -208.2932 epis: 0.9389 loss: 40.8983 
episode: 63 count: 92 score: -249.0350 average_last200: -208.9298 epis: 0.9380 loss: 41.6767 
episode: 64 count: 68 score: -139.1194 average_last200: -207.8557 epis: 0.9370 loss: 23.9312 
episode: 65 count: 115 score: -243.1217 average_last200: -208.3901 epis: 0.9361 loss: 52.5095 
episode: 66 count: 90 score: -186.0550 average_last200: -208.0567 epis: 0.9352 loss: 45.0263 
episode: 67 count: 127 score: -131.5992 average_last200: -206.9323 epis: 0.9342 loss: 64.5298 
episode: 68 count: 64 score: -146.5045 average_last200: -206.0566 epis: 0.9333 loss: 22.4532 
episode: 69 count: 92 score: -236.9484 average_last200: -206.4979 epis: 0.9324 loss: 44.5089 
episode: 70 count: 93 score: -419.8014 average_last200: -209.5022 epis: 0.9314 loss: 34.9090 
episode: 71 count: 127 score: -143.9874 average_last200: -208.5922 epis: 0.9305 loss: 58.7781 
episode: 72 count: 98 score: -154.4127 average_last200: -207.8501 epis: 0.9296 loss: 46.3567 
episode: 73 count: 65 score: -219.8654 average_last200: -208.0124 epis: 0.9286 loss: 32.5245 
episode: 74 count: 88 score: -299.4077 average_last200: -209.2310 epis: 0.9277 loss: 31.4441 
episode: 75 count: 113 score: -424.8354 average_last200: -212.0679 epis: 0.9268 loss: 57.0755 
episode: 76 count: 104 score: -362.0006 average_last200: -214.0151 epis: 0.9259 loss: 49.4729 
episode: 77 count: 92 score: -415.5772 average_last200: -216.5992 epis: 0.9249 loss: 58.7685 
episode: 78 count: 116 score: -153.0226 average_last200: -215.7945 epis: 0.9240 loss: 49.1073 
episode: 79 count: 71 score: -94.0728 average_last200: -214.2729 epis: 0.9231 loss: 35.9886 
episode: 80 count: 120 score: -165.6521 average_last200: -213.6727 epis: 0.9222 loss: 60.2982 
episode: 81 count: 78 score: -130.9804 average_last200: -212.6642 epis: 0.9212 loss: 34.5478 
episode: 82 count: 76 score: -137.8891 average_last200: -211.7633 epis: 0.9203 loss: 38.3155 
episode: 83 count: 82 score: -220.5115 average_last200: -211.8675 epis: 0.9194 loss: 40.1920 
episode: 84 count: 67 score: -136.7164 average_last200: -210.9834 epis: 0.9185 loss: 29.4216 
episode: 85 count: 105 score: -155.8829 average_last200: -210.3427 epis: 0.9176 loss: 51.0423 
episode: 86 count: 127 score: -152.9587 average_last200: -209.6831 epis: 0.9166 loss: 65.3584 
episode: 87 count: 99 score: -334.3021 average_last200: -211.0992 epis: 0.9157 loss: 58.6593 
episode: 88 count: 84 score: -153.3878 average_last200: -210.4508 epis: 0.9148 loss: 27.8639 
episode: 89 count: 69 score: -147.4115 average_last200: -209.7503 epis: 0.9139 loss: 31.4665 
episode: 90 count: 98 score: -134.3008 average_last200: -208.9212 epis: 0.9130 loss: 45.2210 
episode: 91 count: 76 score: -106.9539 average_last200: -207.8129 epis: 0.9121 loss: 29.2451 
episode: 92 count: 130 score: -105.1603 average_last200: -206.7091 epis: 0.9112 loss: 73.2877 
episode: 93 count: 98 score: -266.3259 average_last200: -207.3433 epis: 0.9102 loss: 47.7376 
episode: 94 count: 117 score: -144.3832 average_last200: -206.6806 epis: 0.9093 loss: 53.9002 
episode: 95 count: 91 score: -203.8615 average_last200: -206.6512 epis: 0.9084 loss: 36.6960 
episode: 96 count: 110 score: -162.5762 average_last200: -206.1968 epis: 0.9075 loss: 51.8080 
episode: 97 count: 61 score: -159.2549 average_last200: -205.7178 epis: 0.9066 loss: 25.6727 
episode: 98 count: 90 score: -169.7027 average_last200: -205.3540 epis: 0.9057 loss: 46.0337 
episode: 99 count: 106 score: -182.0599 average_last200: -205.1211 epis: 0.9048 loss: 48.4367 
episode: 100 count: 114 score: -143.0676 average_last200: -204.5067 epis: 0.9039 loss: 53.4080 
episode: 101 count: 123 score: -124.8315 average_last200: -203.7256 epis: 0.9030 loss: 69.7004 
episode: 102 count: 74 score: -155.3806 average_last200: -203.2562 epis: 0.9021 loss: 38.0982 
episode: 103 count: 107 score: -167.5105 average_last200: -202.9125 epis: 0.9012 loss: 43.5089 
episode: 104 count: 89 score: -176.7534 average_last200: -202.6633 epis: 0.9003 loss: 40.2951 
episode: 105 count: 61 score: -154.1582 average_last200: -202.2058 epis: 0.8994 loss: 30.3687 
episode: 106 count: 118 score: -145.0460 average_last200: -201.6715 epis: 0.8985 loss: 63.5685 
episode: 107 count: 126 score: -310.0183 average_last200: -202.6748 epis: 0.8976 loss: 88.4354 
episode: 108 count: 65 score: -115.0568 average_last200: -201.8709 epis: 0.8967 loss: 38.2636 
episode: 109 count: 115 score: -132.2023 average_last200: -201.2376 epis: 0.8958 loss: 50.5991 
episode: 110 count: 71 score: -127.1654 average_last200: -200.5703 epis: 0.8949 loss: 33.3416 
episode: 111 count: 80 score: -79.6640 average_last200: -199.4907 epis: 0.8940 loss: 34.0703 
episode: 112 count: 97 score: -132.2349 average_last200: -198.8956 epis: 0.8931 loss: 45.4654 
episode: 113 count: 80 score: -251.3027 average_last200: -199.3553 epis: 0.8922 loss: 43.2903 
episode: 114 count: 137 score: -174.2467 average_last200: -199.1369 epis: 0.8913 loss: 68.5748 
episode: 115 count: 82 score: -92.5537 average_last200: -198.2181 epis: 0.8904 loss: 43.0756 
episode: 116 count: 81 score: -129.7219 average_last200: -197.6327 epis: 0.8895 loss: 35.1549 
episode: 117 count: 73 score: -122.9231 average_last200: -196.9995 epis: 0.8886 loss: 34.1988 
episode: 118 count: 74 score: -135.2218 average_last200: -196.4804 epis: 0.8878 loss: 37.2125 
episode: 119 count: 113 score: -219.7959 average_last200: -196.6747 epis: 0.8869 loss: 55.2959 
episode: 120 count: 66 score: -126.3981 average_last200: -196.0939 epis: 0.8860 loss: 29.7670 
episode: 121 count: 69 score: -103.6199 average_last200: -195.3359 epis: 0.8851 loss: 30.5707 
episode: 122 count: 136 score: -147.2187 average_last200: -194.9447 epis: 0.8842 loss: 67.7541 
episode: 123 count: 100 score: -227.3150 average_last200: -195.2058 epis: 0.8833 loss: 46.1717 
episode: 124 count: 61 score: -148.8057 average_last200: -194.8346 epis: 0.8824 loss: 33.0901 
episode: 125 count: 115 score: -164.5711 average_last200: -194.5944 epis: 0.8816 loss: 52.0801 
episode: 126 count: 81 score: -139.8398 average_last200: -194.1632 epis: 0.8807 loss: 36.2823 
episode: 127 count: 118 score: -81.3103 average_last200: -193.2816 epis: 0.8798 loss: 48.4432 
episode: 128 count: 103 score: -136.5685 average_last200: -192.8419 epis: 0.8789 loss: 57.8259 
episode: 129 count: 93 score: -33.5835 average_last200: -191.6169 epis: 0.8780 loss: 40.0294 
episode: 130 count: 84 score: -134.2933 average_last200: -191.1793 epis: 0.8772 loss: 42.0890 
episode: 131 count: 67 score: -157.2111 average_last200: -190.9220 epis: 0.8763 loss: 42.5696 
episode: 132 count: 124 score: -174.4187 average_last200: -190.7979 epis: 0.8754 loss: 57.5197 
episode: 133 count: 126 score: -151.3647 average_last200: -190.5036 epis: 0.8745 loss: 68.7180 
episode: 134 count: 67 score: -110.2249 average_last200: -189.9089 epis: 0.8737 loss: 31.7696 
episode: 135 count: 83 score: -177.0964 average_last200: -189.8147 epis: 0.8728 loss: 35.1960 
episode: 136 count: 103 score: -154.7913 average_last200: -189.5591 epis: 0.8719 loss: 43.8972 
episode: 137 count: 152 score: -125.8843 average_last200: -189.0977 epis: 0.8710 loss: 68.4752 
episode: 138 count: 75 score: -397.8203 average_last200: -190.5993 epis: 0.8702 loss: 34.1264 
episode: 139 count: 125 score: -131.5212 average_last200: -190.1773 epis: 0.8693 loss: 62.2581 
episode: 140 count: 88 score: -179.3173 average_last200: -190.1003 epis: 0.8684 loss: 40.2099 
episode: 141 count: 120 score: -126.1785 average_last200: -189.6501 epis: 0.8676 loss: 61.6723 
episode: 142 count: 100 score: -222.6055 average_last200: -189.8806 epis: 0.8667 loss: 40.8534 
episode: 143 count: 79 score: -164.7518 average_last200: -189.7061 epis: 0.8658 loss: 40.1074 
episode: 144 count: 108 score: -154.8563 average_last200: -189.4657 epis: 0.8650 loss: 44.3121 
episode: 145 count: 69 score: -132.5350 average_last200: -189.0758 epis: 0.8641 loss: 33.0081 
episode: 146 count: 108 score: -174.1289 average_last200: -188.9741 epis: 0.8632 loss: 50.8442 
episode: 147 count: 72 score: -76.7356 average_last200: -188.2157 epis: 0.8624 loss: 33.4801 
episode: 148 count: 78 score: -80.7331 average_last200: -187.4944 epis: 0.8615 loss: 42.0975 
episode: 149 count: 64 score: -125.5341 average_last200: -187.0813 epis: 0.8606 loss: 33.7233 
episode: 150 count: 74 score: -173.3015 average_last200: -186.9901 epis: 0.8598 loss: 34.1167 
episode: 151 count: 111 score: -112.7795 average_last200: -186.5018 epis: 0.8589 loss: 46.1645 
episode: 152 count: 69 score: -144.0895 average_last200: -186.2246 epis: 0.8581 loss: 28.7918 
episode: 153 count: 109 score: -198.9945 average_last200: -186.3075 epis: 0.8572 loss: 40.7630 
episode: 154 count: 97 score: -167.1437 average_last200: -186.1839 epis: 0.8563 loss: 47.0717 
episode: 155 count: 130 score: -128.1880 average_last200: -185.8121 epis: 0.8555 loss: 51.6859 
episode: 156 count: 89 score: -34.6548 average_last200: -184.8493 epis: 0.8546 loss: 44.5666 
episode: 157 count: 104 score: -188.9743 average_last200: -184.8755 epis: 0.8538 loss: 44.3420 
episode: 158 count: 126 score: -175.4640 average_last200: -184.8163 epis: 0.8529 loss: 49.8486 
episode: 159 count: 109 score: -141.3924 average_last200: -184.5449 epis: 0.8521 loss: 41.5043 
episode: 160 count: 90 score: -44.2839 average_last200: -183.6737 epis: 0.8512 loss: 35.6733 
episode: 161 count: 141 score: -107.7010 average_last200: -183.2047 epis: 0.8504 loss: 58.6181 
episode: 162 count: 115 score: -160.8323 average_last200: -183.0675 epis: 0.8495 loss: 40.6910 
episode: 163 count: 116 score: -110.9012 average_last200: -182.6274 epis: 0.8487 loss: 47.9830 
episode: 164 count: 128 score: -140.3516 average_last200: -182.3712 epis: 0.8478 loss: 56.4584 
episode: 165 count: 85 score: -182.7244 average_last200: -182.3733 epis: 0.8470 loss: 39.8036 
episode: 166 count: 83 score: -121.3214 average_last200: -182.0077 epis: 0.8461 loss: 32.6004 
episode: 167 count: 143 score: -120.7033 average_last200: -181.6428 epis: 0.8453 loss: 56.0452 
episode: 168 count: 128 score: -158.6548 average_last200: -181.5068 epis: 0.8444 loss: 57.1719 
episode: 169 count: 71 score: -75.8965 average_last200: -180.8856 epis: 0.8436 loss: 31.5695 
episode: 170 count: 142 score: -114.9087 average_last200: -180.4998 epis: 0.8427 loss: 61.7478 
episode: 171 count: 85 score: -117.6624 average_last200: -180.1344 epis: 0.8419 loss: 30.2907 
episode: 172 count: 82 score: -103.5543 average_last200: -179.6918 epis: 0.8411 loss: 33.4177 
episode: 173 count: 86 score: -116.0410 average_last200: -179.3259 epis: 0.8402 loss: 30.0840 
episode: 174 count: 116 score: -120.1979 average_last200: -178.9881 epis: 0.8394 loss: 47.9956 
episode: 175 count: 86 score: -105.0160 average_last200: -178.5678 epis: 0.8385 loss: 33.3884 
episode: 176 count: 104 score: -128.9210 average_last200: -178.2873 epis: 0.8377 loss: 36.6472 
episode: 177 count: 91 score: -181.8951 average_last200: -178.3076 epis: 0.8369 loss: 32.8698 
episode: 178 count: 106 score: -269.8380 average_last200: -178.8189 epis: 0.8360 loss: 41.3096 
episode: 179 count: 127 score: -132.0358 average_last200: -178.5590 epis: 0.8352 loss: 49.4936 
episode: 180 count: 92 score: -59.8893 average_last200: -177.9034 epis: 0.8344 loss: 38.3050 
episode: 181 count: 125 score: -125.9313 average_last200: -177.6178 epis: 0.8335 loss: 52.4915 
episode: 182 count: 70 score: -146.4830 average_last200: -177.4477 epis: 0.8327 loss: 28.2976 
episode: 183 count: 68 score: -103.6648 average_last200: -177.0467 epis: 0.8319 loss: 30.1206 
episode: 184 count: 119 score: -109.1453 average_last200: -176.6796 epis: 0.8310 loss: 45.9197 
episode: 185 count: 123 score: -129.7850 average_last200: -176.4275 epis: 0.8302 loss: 57.1845 
episode: 186 count: 111 score: -163.6061 average_last200: -176.3590 epis: 0.8294 loss: 42.0410 
episode: 187 count: 113 score: -149.9724 average_last200: -176.2186 epis: 0.8285 loss: 53.5777 
episode: 188 count: 152 score: -68.5943 average_last200: -175.6492 epis: 0.8277 loss: 77.8075 
episode: 189 count: 135 score: -262.3052 average_last200: -176.1052 epis: 0.8269 loss: 52.6071 
episode: 190 count: 113 score: -133.2090 average_last200: -175.8807 epis: 0.8261 loss: 47.4454 
episode: 191 count: 108 score: -160.0645 average_last200: -175.7983 epis: 0.8252 loss: 40.0300 
episode: 192 count: 121 score: -231.4591 average_last200: -176.0867 epis: 0.8244 loss: 47.3506 
episode: 193 count: 109 score: -128.5223 average_last200: -175.8415 epis: 0.8236 loss: 47.2968 
episode: 194 count: 89 score: -167.0027 average_last200: -175.7962 epis: 0.8228 loss: 36.1861 
episode: 195 count: 86 score: -96.1185 average_last200: -175.3897 epis: 0.8219 loss: 33.3368 
episode: 196 count: 100 score: -243.5080 average_last200: -175.7354 epis: 0.8211 loss: 32.5961 
episode: 197 count: 131 score: -152.2234 average_last200: -175.6167 epis: 0.8203 loss: 51.9031 
episode: 198 count: 96 score: -142.3195 average_last200: -175.4494 epis: 0.8195 loss: 35.9956 
episode: 199 count: 104 score: -173.9090 average_last200: -175.4417 epis: 0.8186 loss: 36.7856 
episode: 200 count: 91 score: -149.8048 average_last200: -175.1819 epis: 0.8178 loss: 32.4474 
episode: 201 count: 82 score: -93.9169 average_last200: -174.8295 epis: 0.8170 loss: 26.4365 
episode: 202 count: 71 score: -143.5097 average_last200: -174.7965 epis: 0.8162 loss: 28.0225 
episode: 203 count: 92 score: -98.2469 average_last200: -174.5553 epis: 0.8154 loss: 32.4784 
episode: 204 count: 67 score: -113.7550 average_last200: -173.4031 epis: 0.8146 loss: 23.4398 
episode: 205 count: 83 score: -94.8873 average_last200: -171.4323 epis: 0.8137 loss: 37.3803 
episode: 206 count: 66 score: -138.0542 average_last200: -169.7968 epis: 0.8129 loss: 20.4246 
episode: 207 count: 77 score: -147.6402 average_last200: -169.6235 epis: 0.8121 loss: 23.5674 
episode: 208 count: 75 score: -114.6725 average_last200: -169.1409 epis: 0.8113 loss: 23.4925 
episode: 209 count: 76 score: -134.0328 average_last200: -169.2413 epis: 0.8105 loss: 27.2361 
episode: 210 count: 57 score: -112.3761 average_last200: -168.6605 epis: 0.8097 loss: 23.3716 
episode: 211 count: 111 score: -38.6985 average_last200: -169.1031 epis: 0.8089 loss: 41.6942 
episode: 212 count: 158 score: -355.1352 average_last200: -170.2282 epis: 0.8081 loss: 58.7212 
episode: 213 count: 88 score: -173.1044 average_last200: -170.2523 epis: 0.8073 loss: 28.5510 
episode: 214 count: 95 score: -102.4223 average_last200: -168.7860 epis: 0.8065 loss: 42.1806 
episode: 215 count: 70 score: -101.8889 average_last200: -168.6609 epis: 0.8056 loss: 24.7274 
episode: 216 count: 127 score: -121.0833 average_last200: -168.4507 epis: 0.8048 loss: 49.1126 
episode: 217 count: 115 score: -85.0428 average_last200: -167.4713 epis: 0.8040 loss: 45.7706 
episode: 218 count: 85 score: -194.9117 average_last200: -168.1459 epis: 0.8032 loss: 33.0752 
episode: 219 count: 130 score: -268.4391 average_last200: -167.6126 epis: 0.8024 loss: 50.4310 
episode: 220 count: 124 score: -211.6233 average_last200: -167.8653 epis: 0.8016 loss: 50.8914 
episode: 221 count: 72 score: -104.8186 average_last200: -166.8393 epis: 0.8008 loss: 25.7511 
episode: 222 count: 119 score: -244.8562 average_last200: -167.5853 epis: 0.8000 loss: 47.8295 
episode: 223 count: 105 score: -115.8756 average_last200: -167.3140 epis: 0.7992 loss: 34.5104 
episode: 224 count: 95 score: -156.2252 average_last200: -167.1752 epis: 0.7984 loss: 33.7344 
episode: 225 count: 85 score: -157.2432 average_last200: -167.7008 epis: 0.7976 loss: 30.6063 
episode: 226 count: 86 score: -93.5092 average_last200: -166.7964 epis: 0.7968 loss: 31.1411 
episode: 227 count: 84 score: -100.6687 average_last200: -166.4102 epis: 0.7960 loss: 26.0189 
episode: 228 count: 103 score: -134.1716 average_last200: -166.3159 epis: 0.7952 loss: 32.5602 
episode: 229 count: 123 score: -111.6202 average_last200: -165.1698 epis: 0.7944 loss: 43.0815 
episode: 230 count: 96 score: -159.1829 average_last200: -165.2628 epis: 0.7936 loss: 38.4436 
episode: 231 count: 102 score: -122.3545 average_last200: -165.1298 epis: 0.7929 loss: 39.7287 
episode: 232 count: 69 score: -108.8069 average_last200: -164.3371 epis: 0.7921 loss: 30.1994 
episode: 233 count: 88 score: -284.8055 average_last200: -165.0524 epis: 0.7913 loss: 31.9125 
episode: 234 count: 105 score: -136.9679 average_last200: -164.8772 epis: 0.7905 loss: 43.7150 
episode: 235 count: 120 score: -85.4959 average_last200: -164.7453 epis: 0.7897 loss: 42.5125 
episode: 236 count: 92 score: -165.2996 average_last200: -163.9018 epis: 0.7889 loss: 36.7048 
episode: 237 count: 116 score: -136.2106 average_last200: -162.8245 epis: 0.7881 loss: 36.0594 
episode: 238 count: 84 score: -112.1666 average_last200: -162.4100 epis: 0.7873 loss: 36.7362 
episode: 239 count: 66 score: -119.2877 average_last200: -162.3035 epis: 0.7865 loss: 23.3693 
episode: 240 count: 116 score: -115.4175 average_last200: -161.1256 epis: 0.7857 loss: 40.2686 
episode: 241 count: 118 score: -111.8846 average_last200: -160.7433 epis: 0.7850 loss: 47.3861 
episode: 242 count: 82 score: -95.1718 average_last200: -160.1853 epis: 0.7842 loss: 28.8705 
episode: 243 count: 76 score: -105.5034 average_last200: -159.1808 epis: 0.7834 loss: 30.1628 
episode: 244 count: 115 score: -125.5043 average_last200: -158.2455 epis: 0.7826 loss: 48.7295 
episode: 245 count: 97 score: -125.5697 average_last200: -158.3306 epis: 0.7818 loss: 32.1688 
episode: 246 count: 93 score: -140.6905 average_last200: -158.1922 epis: 0.7810 loss: 36.1041 
episode: 247 count: 125 score: -136.7936 average_last200: -156.7573 epis: 0.7803 loss: 53.6768 
episode: 248 count: 94 score: -163.0425 average_last200: -156.8746 epis: 0.7795 loss: 28.5891 
episode: 249 count: 99 score: -125.6476 average_last200: -156.5415 epis: 0.7787 loss: 41.2435 
episode: 250 count: 77 score: -79.7908 average_last200: -156.6672 epis: 0.7779 loss: 30.8227 
episode: 251 count: 91 score: -226.8987 average_last200: -156.6781 epis: 0.7771 loss: 37.6669 
episode: 252 count: 129 score: -160.1343 average_last200: -155.4821 epis: 0.7764 loss: 42.9538 
episode: 253 count: 89 score: -68.7786 average_last200: -155.0726 epis: 0.7756 loss: 30.0498 
episode: 254 count: 80 score: -156.9217 average_last200: -155.1243 epis: 0.7748 loss: 23.7947 
episode: 255 count: 80 score: -125.8205 average_last200: -154.3100 epis: 0.7740 loss: 35.0500 
episode: 256 count: 103 score: -160.1840 average_last200: -154.5658 epis: 0.7733 loss: 41.1276 
episode: 257 count: 94 score: -109.1084 average_last200: -154.2589 epis: 0.7725 loss: 36.2555 
episode: 258 count: 70 score: -128.8910 average_last200: -154.1553 epis: 0.7717 loss: 33.8155 
episode: 259 count: 74 score: -85.3705 average_last200: -153.5367 epis: 0.7710 loss: 26.4796 
episode: 260 count: 114 score: -166.1736 average_last200: -153.6507 epis: 0.7702 loss: 39.8244 
episode: 261 count: 108 score: -109.6961 average_last200: -153.0488 epis: 0.7694 loss: 40.7250 
episode: 262 count: 69 score: -164.6280 average_last200: -152.9815 epis: 0.7686 loss: 34.9987 
episode: 263 count: 108 score: -115.2654 average_last200: -152.3126 epis: 0.7679 loss: 46.1317 
episode: 264 count: 92 score: -134.0637 average_last200: -152.2874 epis: 0.7671 loss: 34.6149 
episode: 265 count: 92 score: -116.7670 average_last200: -151.6556 epis: 0.7663 loss: 29.8803 
episode: 266 count: 129 score: -128.4681 average_last200: -151.3676 epis: 0.7656 loss: 57.3899 
episode: 267 count: 77 score: -107.7829 average_last200: -151.2486 epis: 0.7648 loss: 28.7227 
episode: 268 count: 96 score: -109.4153 average_last200: -151.0631 epis: 0.7640 loss: 24.9964 
episode: 269 count: 106 score: -94.9426 average_last200: -150.3531 epis: 0.7633 loss: 42.6720 
episode: 270 count: 90 score: -150.5459 average_last200: -149.0068 epis: 0.7625 loss: 32.5329 
episode: 271 count: 120 score: -108.0779 average_last200: -148.8273 epis: 0.7618 loss: 47.3823 
episode: 272 count: 60 score: -153.4073 average_last200: -148.8222 epis: 0.7610 loss: 24.0327 
episode: 273 count: 66 score: -131.2700 average_last200: -148.3793 epis: 0.7602 loss: 27.1599 
episode: 274 count: 121 score: -96.6819 average_last200: -147.3656 epis: 0.7595 loss: 42.9201 
episode: 275 count: 62 score: -129.1503 average_last200: -145.8872 epis: 0.7587 loss: 17.4190 
episode: 276 count: 67 score: -87.2177 average_last200: -144.5133 epis: 0.7579 loss: 22.3997 
episode: 277 count: 72 score: -86.2304 average_last200: -142.8666 epis: 0.7572 loss: 24.1165 
episode: 278 count: 90 score: -166.0337 average_last200: -142.9316 epis: 0.7564 loss: 35.0639 
episode: 279 count: 77 score: -136.5315 average_last200: -143.1439 epis: 0.7557 loss: 31.9225 
episode: 280 count: 75 score: -131.5087 average_last200: -142.9732 epis: 0.7549 loss: 26.4031 
episode: 281 count: 1000 score: -85.1301 average_last200: -142.7439 epis: 0.7542 loss: 382.5391 
episode: 282 count: 134 score: -164.3924 average_last200: -142.8765 epis: 0.7534 loss: 49.7599 
episode: 283 count: 137 score: -116.8403 average_last200: -142.3581 epis: 0.7527 loss: 55.8007 
episode: 284 count: 81 score: -105.0254 average_last200: -142.1996 epis: 0.7519 loss: 29.4103 
episode: 285 count: 68 score: -118.6936 average_last200: -142.0137 epis: 0.7512 loss: 28.4046 
episode: 286 count: 124 score: -213.5714 average_last200: -142.3168 epis: 0.7504 loss: 48.5436 
episode: 287 count: 80 score: -205.2992 average_last200: -141.6717 epis: 0.7497 loss: 36.4645 
episode: 288 count: 87 score: -100.9854 average_last200: -141.4097 epis: 0.7489 loss: 37.7584 
episode: 289 count: 100 score: -236.0484 average_last200: -141.8529 epis: 0.7482 loss: 37.4849 
episode: 290 count: 99 score: -161.1271 average_last200: -141.9871 epis: 0.7474 loss: 37.9901 
episode: 291 count: 81 score: -113.9925 average_last200: -142.0222 epis: 0.7467 loss: 33.4578 
episode: 292 count: 69 score: -114.6063 average_last200: -142.0695 epis: 0.7459 loss: 24.4173 
episode: 293 count: 101 score: -151.3198 average_last200: -141.4944 epis: 0.7452 loss: 42.4427 
episode: 294 count: 112 score: -182.3078 average_last200: -141.6841 epis: 0.7444 loss: 44.2695 
episode: 295 count: 75 score: -67.3231 average_last200: -141.0014 epis: 0.7437 loss: 30.0110 
episode: 296 count: 67 score: -126.8671 average_last200: -140.8228 epis: 0.7429 loss: 30.4539 
episode: 297 count: 100 score: -117.3136 average_last200: -140.6131 epis: 0.7422 loss: 37.6814 
episode: 298 count: 114 score: -124.9374 average_last200: -140.3893 epis: 0.7414 loss: 42.6677 
episode: 299 count: 91 score: -139.5120 average_last200: -140.1766 epis: 0.7407 loss: 32.3058 
episode: 300 count: 97 score: -143.9703 average_last200: -140.1811 epis: 0.7400 loss: 40.0274 
episode: 301 count: 111 score: -165.2661 average_last200: -140.3832 epis: 0.7392 loss: 46.1106 
episode: 302 count: 85 score: -137.7209 average_last200: -140.2949 epis: 0.7385 loss: 30.3985 
episode: 303 count: 89 score: -136.1669 average_last200: -140.1382 epis: 0.7377 loss: 31.0200 
episode: 304 count: 81 score: -119.0509 average_last200: -139.8497 epis: 0.7370 loss: 29.1574 
episode: 305 count: 80 score: -117.4471 average_last200: -139.6662 epis: 0.7363 loss: 28.5309 
episode: 306 count: 99 score: -153.7057 average_last200: -139.7095 epis: 0.7355 loss: 42.7719 
episode: 307 count: 129 score: -102.8816 average_last200: -138.6738 epis: 0.7348 loss: 54.5815 
episode: 308 count: 78 score: -148.8973 average_last200: -138.8430 epis: 0.7341 loss: 30.1425 
episode: 309 count: 86 score: -128.3670 average_last200: -138.8238 epis: 0.7333 loss: 29.3694 
episode: 310 count: 162 score: -155.4741 average_last200: -138.9653 epis: 0.7326 loss: 61.0749 
episode: 311 count: 118 score: -152.0776 average_last200: -139.3274 epis: 0.7319 loss: 41.7790 
episode: 312 count: 95 score: -76.1318 average_last200: -139.0469 epis: 0.7311 loss: 32.4437 
episode: 313 count: 73 score: -87.9184 average_last200: -138.2300 epis: 0.7304 loss: 31.7376 
episode: 314 count: 62 score: -84.6830 average_last200: -137.7822 epis: 0.7297 loss: 20.1935 
episode: 315 count: 75 score: -117.5545 average_last200: -137.9072 epis: 0.7289 loss: 27.1068 
episode: 316 count: 74 score: -136.8321 average_last200: -137.9427 epis: 0.7282 loss: 25.2716 
episode: 317 count: 89 score: -143.7153 average_last200: -138.0467 epis: 0.7275 loss: 34.3514 
episode: 318 count: 87 score: -48.9610 average_last200: -137.6154 epis: 0.7268 loss: 31.8149 
episode: 319 count: 138 score: -55.1827 average_last200: -136.7923 epis: 0.7260 loss: 47.3727 
episode: 320 count: 102 score: -74.7527 average_last200: -136.5341 epis: 0.7253 loss: 40.4862 
episode: 321 count: 74 score: -104.2465 average_last200: -136.5372 epis: 0.7246 loss: 27.5890 
episode: 322 count: 105 score: -82.1108 average_last200: -136.2117 epis: 0.7239 loss: 37.6969 
episode: 323 count: 104 score: -171.6117 average_last200: -135.9332 epis: 0.7231 loss: 39.3754 
episode: 324 count: 105 score: -143.3546 average_last200: -135.9059 epis: 0.7224 loss: 47.3600 
episode: 325 count: 84 score: -101.4587 average_last200: -135.5903 epis: 0.7217 loss: 31.5371 
episode: 326 count: 86 score: -158.1272 average_last200: -135.6818 epis: 0.7210 loss: 31.8364 
episode: 327 count: 107 score: -87.3716 average_last200: -135.7121 epis: 0.7202 loss: 37.6410 
episode: 328 count: 71 score: -120.1515 average_last200: -135.6300 epis: 0.7195 loss: 22.7539 
episode: 329 count: 100 score: -139.4956 average_last200: -136.1596 epis: 0.7188 loss: 32.8716 
episode: 330 count: 99 score: -129.5773 average_last200: -136.1360 epis: 0.7181 loss: 35.9052 
episode: 331 count: 119 score: -141.5545 average_last200: -136.0577 epis: 0.7174 loss: 45.9355 
episode: 332 count: 122 score: -124.3305 average_last200: -135.8072 epis: 0.7167 loss: 44.0855 
episode: 333 count: 105 score: -114.4846 average_last200: -135.6228 epis: 0.7159 loss: 39.3980 
episode: 334 count: 102 score: -186.6196 average_last200: -136.0048 epis: 0.7152 loss: 38.5492 
episode: 335 count: 86 score: -178.9911 average_last200: -136.0143 epis: 0.7145 loss: 33.4514 
episode: 336 count: 98 score: -125.4029 average_last200: -135.8674 epis: 0.7138 loss: 39.7350 
episode: 337 count: 83 score: -115.4593 average_last200: -135.8152 epis: 0.7131 loss: 30.2090 
episode: 338 count: 106 score: -93.3769 average_last200: -134.2930 epis: 0.7124 loss: 35.6305 
episode: 339 count: 81 score: -165.0602 average_last200: -134.4607 epis: 0.7116 loss: 28.2038 
episode: 340 count: 102 score: -82.4062 average_last200: -133.9762 epis: 0.7109 loss: 31.1436 
episode: 341 count: 65 score: -196.1192 average_last200: -134.3259 epis: 0.7102 loss: 23.8753 
episode: 342 count: 72 score: -127.1464 average_last200: -133.8486 epis: 0.7095 loss: 29.6035 
episode: 343 count: 97 score: -160.5092 average_last200: -133.8273 epis: 0.7088 loss: 35.6061 
episode: 344 count: 105 score: -113.6103 average_last200: -133.6211 epis: 0.7081 loss: 35.9673 
episode: 345 count: 77 score: -122.0651 average_last200: -133.5688 epis: 0.7074 loss: 27.8057 
episode: 346 count: 68 score: -116.4897 average_last200: -133.2806 epis: 0.7067 loss: 24.7844 
episode: 347 count: 129 score: -77.2817 average_last200: -133.2833 epis: 0.7060 loss: 46.8002 
episode: 348 count: 77 score: -57.7151 average_last200: -133.1682 epis: 0.7053 loss: 33.5885 
episode: 349 count: 99 score: -94.4321 average_last200: -133.0127 epis: 0.7046 loss: 34.6389 
episode: 350 count: 105 score: -133.2292 average_last200: -132.8123 epis: 0.7039 loss: 40.0531 
episode: 351 count: 125 score: -199.3822 average_last200: -133.2454 epis: 0.7032 loss: 44.4857 
episode: 352 count: 99 score: -146.4895 average_last200: -133.2574 epis: 0.7025 loss: 32.0993 
episode: 353 count: 131 score: -35.5569 average_last200: -132.4402 epis: 0.7018 loss: 41.4922 
episode: 354 count: 116 score: -113.5819 average_last200: -132.1724 epis: 0.7010 loss: 34.3074 
episode: 355 count: 105 score: -87.6489 average_last200: -131.9697 epis: 0.7003 loss: 40.0881 
episode: 356 count: 133 score: -149.6868 average_last200: -132.5448 epis: 0.6996 loss: 46.8640 
episode: 357 count: 117 score: -92.4178 average_last200: -132.0620 epis: 0.6989 loss: 36.3720 
episode: 358 count: 76 score: -119.4465 average_last200: -131.7820 epis: 0.6982 loss: 26.1953 
episode: 359 count: 73 score: -116.5471 average_last200: -131.6577 epis: 0.6976 loss: 27.7893 
episode: 360 count: 79 score: -81.9574 average_last200: -131.8461 epis: 0.6969 loss: 31.0778 
episode: 361 count: 141 score: -123.5650 average_last200: -131.9254 epis: 0.6962 loss: 57.0649 
episode: 362 count: 98 score: -82.1793 average_last200: -131.5321 epis: 0.6955 loss: 32.0281 
episode: 363 count: 128 score: -107.0323 average_last200: -131.5128 epis: 0.6948 loss: 48.2696 
episode: 364 count: 72 score: -146.7355 average_last200: -131.5447 epis: 0.6941 loss: 26.6738 
episode: 365 count: 120 score: -127.0121 average_last200: -131.2662 epis: 0.6934 loss: 41.3127 
episode: 366 count: 74 score: -95.7868 average_last200: -131.1385 epis: 0.6927 loss: 28.4351 
episode: 367 count: 91 score: -37.0238 average_last200: -130.7201 epis: 0.6920 loss: 28.6558 
episode: 368 count: 104 score: -106.1011 average_last200: -130.4573 epis: 0.6913 loss: 37.8869 
episode: 369 count: 95 score: -171.5773 average_last200: -130.9357 epis: 0.6906 loss: 36.8707 
episode: 370 count: 144 score: -212.8245 average_last200: -131.4253 epis: 0.6899 loss: 58.3231 
episode: 371 count: 127 score: -85.2266 average_last200: -131.2631 epis: 0.6892 loss: 39.3965 
episode: 372 count: 110 score: -127.6568 average_last200: -131.3836 epis: 0.6885 loss: 40.1428 
episode: 373 count: 73 score: -113.9602 average_last200: -131.3732 epis: 0.6878 loss: 25.8446 
episode: 374 count: 117 score: -47.6982 average_last200: -131.0107 epis: 0.6872 loss: 37.5792 
episode: 375 count: 82 score: -106.8494 average_last200: -131.0199 epis: 0.6865 loss: 27.5301 
episode: 376 count: 125 score: -146.1865 average_last200: -131.1062 epis: 0.6858 loss: 43.8229 
episode: 377 count: 107 score: -246.6101 average_last200: -131.4298 epis: 0.6851 loss: 38.7713 
episode: 378 count: 83 score: -94.5330 average_last200: -130.5533 epis: 0.6844 loss: 36.4147 
episode: 379 count: 69 score: -149.7239 average_last200: -130.6417 epis: 0.6837 loss: 26.4114 
episode: 380 count: 92 score: -38.5867 average_last200: -130.5352 epis: 0.6830 loss: 36.6240 
episode: 381 count: 73 score: -120.0279 average_last200: -130.5057 epis: 0.6824 loss: 25.6914 
episode: 382 count: 72 score: -59.7399 average_last200: -130.0720 epis: 0.6817 loss: 27.5963 
episode: 383 count: 94 score: -326.3346 average_last200: -131.1853 epis: 0.6810 loss: 26.9324 
episode: 384 count: 89 score: -114.1053 average_last200: -131.2101 epis: 0.6803 loss: 26.1138 
episode: 385 count: 78 score: -201.3923 average_last200: -131.5682 epis: 0.6796 loss: 22.6160 
episode: 386 count: 194 score: -0.4851 average_last200: -130.7526 epis: 0.6790 loss: 69.7757 
episode: 387 count: 93 score: -42.9211 average_last200: -130.2173 epis: 0.6783 loss: 38.8283 
episode: 388 count: 112 score: -89.3262 average_last200: -130.3210 epis: 0.6776 loss: 41.3240 
episode: 389 count: 85 score: -127.4952 average_last200: -129.6469 epis: 0.6769 loss: 37.8036 
episode: 390 count: 79 score: -75.2933 average_last200: -129.3573 epis: 0.6762 loss: 27.3054 
episode: 391 count: 122 score: -92.7656 average_last200: -129.0208 epis: 0.6756 loss: 47.3881 
episode: 392 count: 73 score: -70.6843 average_last200: -128.2170 epis: 0.6749 loss: 26.0488 
episode: 393 count: 91 score: -119.9500 average_last200: -128.1741 epis: 0.6742 loss: 31.0740 
episode: 394 count: 105 score: -124.9861 average_last200: -127.9640 epis: 0.6735 loss: 45.5483 
episode: 395 count: 111 score: -103.7946 average_last200: -128.0024 epis: 0.6729 loss: 40.1130 
episode: 396 count: 143 score: 3.0114 average_last200: -126.7698 epis: 0.6722 loss: 50.5865 
episode: 397 count: 99 score: -88.2486 average_last200: -126.4499 epis: 0.6715 loss: 43.2062 
episode: 398 count: 75 score: -135.2712 average_last200: -126.4147 epis: 0.6709 loss: 28.4831 
episode: 399 count: 115 score: -82.0576 average_last200: -125.9554 epis: 0.6702 loss: 45.2798 
episode: 400 count: 84 score: -112.9805 average_last200: -125.7713 epis: 0.6695 loss: 32.1274 
episode: 401 count: 114 score: -102.4954 average_last200: -125.8142 epis: 0.6688 loss: 42.9978 
episode: 402 count: 110 score: -102.0125 average_last200: -125.6067 epis: 0.6682 loss: 49.0320 
episode: 403 count: 108 score: -243.4235 average_last200: -126.3326 epis: 0.6675 loss: 39.1718 
episode: 404 count: 76 score: -85.3989 average_last200: -126.1908 epis: 0.6668 loss: 34.9513 
episode: 405 count: 109 score: -125.4124 average_last200: -126.3434 epis: 0.6662 loss: 43.7593 
episode: 406 count: 115 score: -34.1040 average_last200: -125.8237 epis: 0.6655 loss: 41.2822 
episode: 407 count: 94 score: -102.7706 average_last200: -125.5993 epis: 0.6648 loss: 37.0558 
episode: 408 count: 91 score: -99.9574 average_last200: -125.5258 epis: 0.6642 loss: 32.1582 
episode: 409 count: 101 score: -111.3696 average_last200: -125.4124 epis: 0.6635 loss: 41.2734 
episode: 410 count: 138 score: -106.4046 average_last200: -125.3826 epis: 0.6629 loss: 59.7156 
episode: 411 count: 111 score: -74.4472 average_last200: -125.5613 epis: 0.6622 loss: 48.0412 
episode: 412 count: 84 score: -73.7018 average_last200: -124.1542 epis: 0.6615 loss: 29.6088 
episode: 413 count: 108 score: -105.5313 average_last200: -123.8163 epis: 0.6609 loss: 32.8663 
episode: 414 count: 104 score: -100.8808 average_last200: -123.8086 epis: 0.6602 loss: 35.3981 
episode: 415 count: 106 score: -87.7550 average_last200: -123.7379 epis: 0.6595 loss: 37.8766 
episode: 416 count: 96 score: -144.5861 average_last200: -123.8554 epis: 0.6589 loss: 42.7260 
episode: 417 count: 1000 score: 21.1836 average_last200: -123.3243 epis: 0.6582 loss: 374.3212 
episode: 418 count: 120 score: -95.1785 average_last200: -122.8256 epis: 0.6576 loss: 49.5840 
episode: 419 count: 92 score: -61.7871 average_last200: -121.7924 epis: 0.6569 loss: 37.6914 
episode: 420 count: 94 score: -81.2283 average_last200: -121.1404 epis: 0.6563 loss: 39.1362 
episode: 421 count: 113 score: -94.6483 average_last200: -121.0896 epis: 0.6556 loss: 46.3232 
episode: 422 count: 119 score: -109.8527 average_last200: -120.4145 epis: 0.6549 loss: 51.6034 
episode: 423 count: 76 score: -92.8333 average_last200: -120.2993 epis: 0.6543 loss: 31.0347 
episode: 424 count: 74 score: -104.7485 average_last200: -120.0419 epis: 0.6536 loss: 29.8263 
episode: 425 count: 89 score: -84.8576 average_last200: -119.6800 epis: 0.6530 loss: 38.0506 
episode: 426 count: 118 score: -46.1974 average_last200: -119.4435 epis: 0.6523 loss: 48.2025 
episode: 427 count: 135 score: -83.3744 average_last200: -119.3570 epis: 0.6517 loss: 46.0395 
episode: 428 count: 111 score: -86.2693 average_last200: -119.1175 epis: 0.6510 loss: 46.2313 
episode: 429 count: 82 score: -127.5270 average_last200: -119.1970 epis: 0.6504 loss: 39.5215 
episode: 430 count: 117 score: -90.2193 average_last200: -118.8522 epis: 0.6497 loss: 49.9293 
episode: 431 count: 95 score: -124.4464 average_last200: -118.8626 epis: 0.6491 loss: 36.0025 
episode: 432 count: 100 score: -126.8279 average_last200: -118.9528 epis: 0.6484 loss: 34.0442 
episode: 433 count: 93 score: -101.4627 average_last200: -118.0360 epis: 0.6478 loss: 43.0773 
episode: 434 count: 107 score: -137.7494 average_last200: -118.0399 epis: 0.6471 loss: 46.3569 
episode: 435 count: 90 score: -113.1000 average_last200: -118.1780 epis: 0.6465 loss: 37.6774 
episode: 436 count: 95 score: -57.9274 average_last200: -117.6411 epis: 0.6458 loss: 41.0580 
episode: 437 count: 127 score: -59.6348 average_last200: -117.2582 epis: 0.6452 loss: 57.5542 
episode: 438 count: 91 score: -118.4893 average_last200: -117.2898 epis: 0.6445 loss: 34.2331 
episode: 439 count: 137 score: -59.5847 average_last200: -116.9913 epis: 0.6439 loss: 53.7946 
episode: 440 count: 81 score: -109.3743 average_last200: -116.9611 epis: 0.6433 loss: 31.9201 
episode: 441 count: 88 score: -100.9849 average_last200: -116.9066 epis: 0.6426 loss: 36.8526 
episode: 442 count: 116 score: -80.1788 average_last200: -116.8316 epis: 0.6420 loss: 54.3755 
episode: 443 count: 128 score: -53.1411 average_last200: -116.5698 epis: 0.6413 loss: 48.8647 
episode: 444 count: 108 score: -3.3178 average_last200: -115.9589 epis: 0.6407 loss: 46.2200 
episode: 445 count: 105 score: -114.4634 average_last200: -115.9034 epis: 0.6400 loss: 49.1490 
episode: 446 count: 167 score: -223.9001 average_last200: -116.3194 epis: 0.6394 loss: 64.9757 
episode: 447 count: 93 score: -53.1634 average_last200: -115.9013 epis: 0.6388 loss: 36.7194 
episode: 448 count: 141 score: -63.5775 average_last200: -115.4039 epis: 0.6381 loss: 55.5031 
episode: 449 count: 118 score: -81.2864 average_last200: -115.1821 epis: 0.6375 loss: 48.8984 
episode: 450 count: 96 score: -230.0861 average_last200: -115.9336 epis: 0.6368 loss: 37.4495 
episode: 451 count: 159 score: -39.3897 average_last200: -114.9961 epis: 0.6362 loss: 62.0290 
episode: 452 count: 130 score: -38.8970 average_last200: -114.3899 epis: 0.6356 loss: 51.6481 
episode: 453 count: 89 score: -57.7752 average_last200: -114.3349 epis: 0.6349 loss: 49.1986 
episode: 454 count: 113 score: -148.1036 average_last200: -114.2908 epis: 0.6343 loss: 47.9469 
episode: 455 count: 76 score: -199.4056 average_last200: -114.6587 epis: 0.6337 loss: 31.7562 
episode: 456 count: 123 score: -118.7653 average_last200: -114.4516 epis: 0.6330 loss: 44.3981 
episode: 457 count: 90 score: -73.2446 average_last200: -114.2723 epis: 0.6324 loss: 43.0122 
episode: 458 count: 140 score: -57.2385 average_last200: -113.9140 epis: 0.6318 loss: 62.9704 
episode: 459 count: 101 score: -76.0378 average_last200: -113.8674 epis: 0.6311 loss: 50.2778 
episode: 460 count: 126 score: -61.7471 average_last200: -113.3452 epis: 0.6305 loss: 58.6805 
episode: 461 count: 109 score: -120.0379 average_last200: -113.3969 epis: 0.6299 loss: 47.0244 
episode: 462 count: 110 score: -83.3882 average_last200: -112.9907 epis: 0.6292 loss: 57.4036 
episode: 463 count: 115 score: -124.6244 average_last200: -113.0375 epis: 0.6286 loss: 46.7229 
episode: 464 count: 72 score: -136.7727 average_last200: -113.0511 epis: 0.6280 loss: 34.8809 
episode: 465 count: 111 score: -124.8141 average_last200: -113.0913 epis: 0.6274 loss: 50.3885 
episode: 466 count: 113 score: -121.8958 average_last200: -113.0585 epis: 0.6267 loss: 48.5910 
episode: 467 count: 104 score: -82.1703 average_last200: -112.9304 epis: 0.6261 loss: 49.0442 
episode: 468 count: 106 score: -75.6496 average_last200: -112.7616 epis: 0.6255 loss: 46.4400 
episode: 469 count: 118 score: -73.6905 average_last200: -112.6553 epis: 0.6249 loss: 52.1542 
episode: 470 count: 189 score: -88.7810 average_last200: -112.3465 epis: 0.6242 loss: 85.0551 
episode: 471 count: 66 score: -100.7006 average_last200: -112.3096 epis: 0.6236 loss: 33.9970 
episode: 472 count: 89 score: -103.1020 average_last200: -112.0581 epis: 0.6230 loss: 44.8420 
episode: 473 count: 140 score: -69.1635 average_last200: -111.7475 epis: 0.6224 loss: 63.4154 
episode: 474 count: 83 score: -96.4174 average_last200: -111.7462 epis: 0.6217 loss: 36.2189 
episode: 475 count: 91 score: -112.2654 average_last200: -111.6618 epis: 0.6211 loss: 30.7634 
episode: 476 count: 120 score: -48.6385 average_last200: -111.4689 epis: 0.6205 loss: 52.6148 
episode: 477 count: 94 score: -98.0791 average_last200: -111.5281 epis: 0.6199 loss: 40.1769 
episode: 478 count: 86 score: -81.2664 average_last200: -111.1043 epis: 0.6193 loss: 27.7248 
episode: 479 count: 123 score: -56.8841 average_last200: -110.7061 epis: 0.6186 loss: 57.1974 
episode: 480 count: 103 score: -50.5906 average_last200: -110.3015 epis: 0.6180 loss: 46.7427 
episode: 481 count: 107 score: -89.0842 average_last200: -110.3212 epis: 0.6174 loss: 47.0086 
episode: 482 count: 100 score: -108.9625 average_last200: -110.0441 epis: 0.6168 loss: 42.6271 
episode: 483 count: 92 score: -154.6690 average_last200: -110.2332 epis: 0.6162 loss: 32.1304 
episode: 484 count: 107 score: -108.3772 average_last200: -110.2500 epis: 0.6155 loss: 43.7805 
episode: 485 count: 1000 score: -56.7168 average_last200: -109.9401 epis: 0.6149 loss: 414.0677 
episode: 486 count: 104 score: -121.0793 average_last200: -109.4776 epis: 0.6143 loss: 42.0593 
episode: 487 count: 185 score: -259.9876 average_last200: -109.7511 epis: 0.6137 loss: 82.1006 
episode: 488 count: 84 score: -85.1166 average_last200: -109.6717 epis: 0.6131 loss: 37.8357 
episode: 489 count: 145 score: -59.2171 average_last200: -108.7876 epis: 0.6125 loss: 65.9676 
episode: 490 count: 87 score: -65.1186 average_last200: -108.3075 epis: 0.6119 loss: 44.2737 
episode: 491 count: 106 score: -117.6772 average_last200: -108.3260 epis: 0.6113 loss: 42.1148 
episode: 492 count: 99 score: -92.0508 average_last200: -108.2132 epis: 0.6106 loss: 48.3182 
episode: 493 count: 101 score: -79.6835 average_last200: -107.8550 epis: 0.6100 loss: 41.5183 
episode: 494 count: 88 score: -132.8052 average_last200: -107.6075 epis: 0.6094 loss: 36.2981 
episode: 495 count: 88 score: -80.1061 average_last200: -107.6714 epis: 0.6088 loss: 35.5373 
episode: 496 count: 1000 score: -13.2741 average_last200: -107.1034 epis: 0.6082 loss: 430.8073 
episode: 497 count: 104 score: -58.6856 average_last200: -106.8103 epis: 0.6076 loss: 46.2277 
episode: 498 count: 118 score: -63.3319 average_last200: -106.5023 epis: 0.6070 loss: 50.7786 
episode: 499 count: 68 score: -126.8213 average_last200: -106.4388 epis: 0.6064 loss: 30.1033 
episode: 500 count: 124 score: -33.2141 average_last200: -105.8850 epis: 0.6058 loss: 57.0932 
episode: 501 count: 121 score: -136.5428 average_last200: -105.7414 epis: 0.6052 loss: 57.4132 
episode: 502 count: 82 score: -197.2534 average_last200: -106.0391 epis: 0.6046 loss: 35.6878 
episode: 503 count: 78 score: -56.2540 average_last200: -105.6395 epis: 0.6040 loss: 39.8766 
episode: 504 count: 69 score: -63.2284 average_last200: -105.3604 epis: 0.6034 loss: 33.4730 
episode: 505 count: 97 score: -150.1542 average_last200: -105.5240 epis: 0.6027 loss: 42.2992 
episode: 506 count: 108 score: -102.2412 average_last200: -105.2666 epis: 0.6021 loss: 55.5326 
episode: 507 count: 139 score: -86.6543 average_last200: -105.1855 epis: 0.6015 loss: 77.5636 
episode: 508 count: 137 score: -106.0681 average_last200: -104.9713 epis: 0.6009 loss: 54.8617 
episode: 509 count: 161 score: -46.3661 average_last200: -104.5613 epis: 0.6003 loss: 70.2424 
episode: 510 count: 115 score: -86.0127 average_last200: -104.2140 epis: 0.5997 loss: 47.2263 
episode: 511 count: 170 score: 12.1725 average_last200: -103.3928 epis: 0.5991 loss: 77.9064 
episode: 512 count: 88 score: -148.3303 average_last200: -103.7538 epis: 0.5985 loss: 40.2347 
episode: 513 count: 65 score: -121.5657 average_last200: -103.9220 epis: 0.5979 loss: 25.2032 
episode: 514 count: 102 score: -169.8995 average_last200: -104.3481 epis: 0.5973 loss: 46.1299 
episode: 515 count: 126 score: -57.9745 average_last200: -104.0502 epis: 0.5967 loss: 50.5583 
episode: 516 count: 115 score: -114.5642 average_last200: -103.9389 epis: 0.5962 loss: 55.4449 
episode: 517 count: 117 score: -73.9876 average_last200: -103.5902 epis: 0.5956 loss: 46.5492 
episode: 518 count: 127 score: -80.9540 average_last200: -103.7502 epis: 0.5950 loss: 53.9806 
episode: 519 count: 135 score: -57.3217 average_last200: -103.7609 epis: 0.5944 loss: 61.8085 
episode: 520 count: 120 score: -75.7930 average_last200: -103.7661 epis: 0.5938 loss: 55.2112 
episode: 521 count: 120 score: -54.9811 average_last200: -103.5198 epis: 0.5932 loss: 52.6737 
episode: 522 count: 106 score: -95.7429 average_last200: -103.5879 epis: 0.5926 loss: 38.9115 
episode: 523 count: 134 score: -78.7817 average_last200: -103.1238 epis: 0.5920 loss: 56.5991 
episode: 524 count: 93 score: -135.7591 average_last200: -103.0858 epis: 0.5914 loss: 48.2959 
episode: 525 count: 129 score: -60.5798 average_last200: -102.8814 epis: 0.5908 loss: 57.4275 
episode: 526 count: 125 score: -88.5384 average_last200: -102.5334 epis: 0.5902 loss: 53.5600 
episode: 527 count: 103 score: -10.6177 average_last200: -102.1497 epis: 0.5896 loss: 35.8409 
episode: 528 count: 132 score: -224.6674 average_last200: -102.6723 epis: 0.5890 loss: 58.6721 
episode: 529 count: 93 score: -81.2296 average_last200: -102.3809 epis: 0.5884 loss: 43.4454 
episode: 530 count: 141 score: -55.4609 average_last200: -102.0103 epis: 0.5879 loss: 66.5605 
episode: 531 count: 119 score: -128.7852 average_last200: -101.9465 epis: 0.5873 loss: 50.1981 
episode: 532 count: 178 score: -59.4343 average_last200: -101.6220 epis: 0.5867 loss: 80.7113 
episode: 533 count: 85 score: -74.9947 average_last200: -101.4246 epis: 0.5861 loss: 38.3220 
episode: 534 count: 64 score: -102.4714 average_last200: -101.0038 epis: 0.5855 loss: 25.1705 
episode: 535 count: 1000 score: -71.7818 average_last200: -100.4678 epis: 0.5849 loss: 435.2795 
episode: 536 count: 132 score: -108.0555 average_last200: -100.3810 epis: 0.5843 loss: 57.5019 
episode: 537 count: 72 score: -92.2808 average_last200: -100.2651 epis: 0.5838 loss: 29.2707 
episode: 538 count: 124 score: -72.1857 average_last200: -100.1592 epis: 0.5832 loss: 58.3072 
episode: 539 count: 87 score: -110.9902 average_last200: -99.8888 epis: 0.5826 loss: 32.5642 
episode: 540 count: 83 score: -120.8579 average_last200: -100.0811 epis: 0.5820 loss: 35.0700 
episode: 541 count: 106 score: -68.2673 average_last200: -99.4418 epis: 0.5814 loss: 50.3339 
episode: 542 count: 143 score: -130.8588 average_last200: -99.4604 epis: 0.5808 loss: 64.6105 
episode: 543 count: 67 score: -122.8770 average_last200: -99.2722 epis: 0.5803 loss: 26.9719 
episode: 544 count: 121 score: -60.1213 average_last200: -99.0048 epis: 0.5797 loss: 55.6612 
episode: 545 count: 1000 score: -11.7072 average_last200: -98.4530 epis: 0.5791 loss: 433.4458 
episode: 546 count: 115 score: -116.3247 average_last200: -98.4522 epis: 0.5785 loss: 52.7614 
episode: 547 count: 111 score: 2.2829 average_last200: -98.0544 epis: 0.5779 loss: 43.9358 
episode: 548 count: 150 score: -28.6167 average_last200: -97.9089 epis: 0.5774 loss: 66.4210 
episode: 549 count: 98 score: -65.9186 average_last200: -97.7663 epis: 0.5768 loss: 43.8517 
episode: 550 count: 103 score: -73.4360 average_last200: -97.4673 epis: 0.5762 loss: 40.7193 
episode: 551 count: 106 score: -23.6034 average_last200: -96.5884 epis: 0.5756 loss: 49.5024 
episode: 552 count: 63 score: -91.0743 average_last200: -96.3114 epis: 0.5751 loss: 26.7655 
episode: 553 count: 115 score: -277.1994 average_last200: -97.5196 epis: 0.5745 loss: 56.0856 
episode: 554 count: 125 score: -114.6395 average_last200: -97.5249 epis: 0.5739 loss: 56.4601 
episode: 555 count: 140 score: -57.6105 average_last200: -97.3747 epis: 0.5733 loss: 59.1469 
episode: 556 count: 90 score: -113.8565 average_last200: -97.1955 epis: 0.5728 loss: 35.4631 
episode: 557 count: 114 score: -116.8300 average_last200: -97.3176 epis: 0.5722 loss: 51.6072 
episode: 558 count: 134 score: -84.1801 average_last200: -97.1413 epis: 0.5716 loss: 70.9074 
episode: 559 count: 144 score: -18.2217 average_last200: -96.6496 epis: 0.5710 loss: 56.7205 
episode: 560 count: 126 score: -127.5727 average_last200: -96.8777 epis: 0.5705 loss: 55.0960 
episode: 561 count: 142 score: -233.0936 average_last200: -97.4253 epis: 0.5699 loss: 62.3456 
episode: 562 count: 117 score: -86.1683 average_last200: -97.4453 epis: 0.5693 loss: 48.7485 
episode: 563 count: 115 score: -82.4107 average_last200: -97.3222 epis: 0.5688 loss: 52.1644 
episode: 564 count: 108 score: -98.7007 average_last200: -97.0820 epis: 0.5682 loss: 47.8382 
episode: 565 count: 120 score: -114.4471 average_last200: -97.0192 epis: 0.5676 loss: 49.7736 
episode: 566 count: 87 score: -107.0207 average_last200: -97.0754 epis: 0.5671 loss: 34.1445 
episode: 567 count: 110 score: -33.7836 average_last200: -97.0592 epis: 0.5665 loss: 43.2848 
episode: 568 count: 150 score: -31.9145 average_last200: -96.6882 epis: 0.5659 loss: 58.4940 
episode: 569 count: 100 score: -66.4554 average_last200: -96.1626 epis: 0.5654 loss: 56.2437 
episode: 570 count: 76 score: -78.8880 average_last200: -95.4929 epis: 0.5648 loss: 36.4712 
episode: 571 count: 91 score: -33.1689 average_last200: -95.2326 epis: 0.5642 loss: 30.5084 
episode: 572 count: 149 score: -35.3374 average_last200: -94.7710 epis: 0.5637 loss: 60.2729 
episode: 573 count: 141 score: -39.0942 average_last200: -94.3967 epis: 0.5631 loss: 59.6872 
episode: 574 count: 138 score: -35.5609 average_last200: -94.3360 epis: 0.5625 loss: 59.9204 
episode: 575 count: 85 score: -138.0502 average_last200: -94.4920 epis: 0.5620 loss: 37.7736 
episode: 576 count: 124 score: -102.4033 average_last200: -94.2731 epis: 0.5614 loss: 57.4809 
episode: 577 count: 95 score: -57.1200 average_last200: -93.3257 epis: 0.5609 loss: 49.5887 
episode: 578 count: 1000 score: 8.3009 average_last200: -92.8115 epis: 0.5603 loss: 415.8976 
episode: 579 count: 115 score: -109.2545 average_last200: -92.6091 epis: 0.5597 loss: 51.2035 
episode: 580 count: 123 score: -57.4702 average_last200: -92.7036 epis: 0.5592 loss: 53.5381 
episode: 581 count: 164 score: -30.6719 average_last200: -92.2568 epis: 0.5586 loss: 66.1989 
episode: 582 count: 137 score: -110.0007 average_last200: -92.5081 epis: 0.5581 loss: 56.8258 
episode: 583 count: 122 score: -65.5439 average_last200: -91.2041 epis: 0.5575 loss: 52.8607 
episode: 584 count: 110 score: -106.6387 average_last200: -91.1668 epis: 0.5569 loss: 46.2731 
episode: 585 count: 127 score: -71.3990 average_last200: -90.5168 epis: 0.5564 loss: 46.9649 
episode: 586 count: 114 score: -57.1729 average_last200: -90.8003 epis: 0.5558 loss: 52.9360 
episode: 587 count: 161 score: -175.8100 average_last200: -91.4647 epis: 0.5553 loss: 73.3135 
episode: 588 count: 117 score: -53.8725 average_last200: -91.2874 epis: 0.5547 loss: 51.4931 
episode: 589 count: 92 score: -31.4595 average_last200: -90.8073 epis: 0.5542 loss: 39.0439 
episode: 590 count: 103 score: -80.2438 average_last200: -90.8320 epis: 0.5536 loss: 49.4670 
episode: 591 count: 80 score: -65.6011 average_last200: -90.6962 epis: 0.5531 loss: 39.5413 
episode: 592 count: 72 score: -80.4865 average_last200: -90.7452 epis: 0.5525 loss: 31.7935 
episode: 593 count: 97 score: -131.9333 average_last200: -90.8051 epis: 0.5520 loss: 45.9079 
episode: 594 count: 144 score: -94.0311 average_last200: -90.6504 epis: 0.5514 loss: 64.5388 
episode: 595 count: 93 score: -73.2744 average_last200: -90.4978 epis: 0.5508 loss: 35.5342 
episode: 596 count: 79 score: -66.4071 average_last200: -90.8448 epis: 0.5503 loss: 40.1064 
episode: 597 count: 132 score: -96.2987 average_last200: -90.8851 epis: 0.5497 loss: 49.7398 
episode: 598 count: 131 score: -29.2360 average_last200: -90.3549 epis: 0.5492 loss: 56.5356 
episode: 599 count: 256 score: -163.4120 average_last200: -90.7617 epis: 0.5486 loss: 109.9113 
episode: 600 count: 105 score: -83.0555 average_last200: -90.6121 epis: 0.5481 loss: 42.9225 
episode: 601 count: 103 score: -128.4312 average_last200: -90.7417 epis: 0.5476 loss: 43.3686 
episode: 602 count: 85 score: -101.5427 average_last200: -90.7394 epis: 0.5470 loss: 38.3322 
episode: 603 count: 117 score: -66.1108 average_last200: -89.8528 epis: 0.5465 loss: 55.2209 
episode: 604 count: 139 score: -31.3567 average_last200: -89.5826 epis: 0.5459 loss: 66.7879 
episode: 605 count: 117 score: -75.3028 average_last200: -89.3321 epis: 0.5454 loss: 52.9772 
episode: 606 count: 91 score: -44.0200 average_last200: -89.3817 epis: 0.5448 loss: 33.0506 
episode: 607 count: 138 score: -93.2167 average_last200: -89.3339 epis: 0.5443 loss: 70.3016 
episode: 608 count: 180 score: -8.3000 average_last200: -88.8756 epis: 0.5437 loss: 77.5942 
episode: 609 count: 128 score: -76.7258 average_last200: -88.7024 epis: 0.5432 loss: 49.9599 
episode: 610 count: 94 score: -106.9404 average_last200: -88.7051 epis: 0.5426 loss: 45.3526 
episode: 611 count: 119 score: -32.8920 average_last200: -88.4973 epis: 0.5421 loss: 56.0238 
episode: 612 count: 101 score: -123.2092 average_last200: -88.7448 epis: 0.5416 loss: 51.7735 
episode: 613 count: 100 score: -112.6777 average_last200: -88.7805 epis: 0.5410 loss: 49.4414 
episode: 614 count: 118 score: -96.8593 average_last200: -88.7604 epis: 0.5405 loss: 49.0402 
episode: 615 count: 103 score: -86.0039 average_last200: -88.7517 epis: 0.5399 loss: 46.2531 
episode: 616 count: 1000 score: -30.1807 average_last200: -88.1797 epis: 0.5394 loss: 497.3075 
episode: 617 count: 117 score: -71.8654 average_last200: -88.6449 epis: 0.5389 loss: 53.3735 
episode: 618 count: 145 score: -45.7956 average_last200: -88.3980 epis: 0.5383 loss: 66.7598 
episode: 619 count: 119 score: -12.2375 average_last200: -88.1502 epis: 0.5378 loss: 53.0560 
episode: 620 count: 80 score: -129.2925 average_last200: -88.3906 epis: 0.5372 loss: 34.4299 
episode: 621 count: 101 score: -99.2993 average_last200: -88.4138 epis: 0.5367 loss: 43.8510 
episode: 622 count: 129 score: -96.7645 average_last200: -88.3484 epis: 0.5362 loss: 61.0649 
episode: 623 count: 88 score: -86.7641 average_last200: -88.3180 epis: 0.5356 loss: 41.1401 
episode: 624 count: 132 score: -41.3493 average_last200: -88.0010 epis: 0.5351 loss: 48.5943 
episode: 625 count: 93 score: -68.2814 average_last200: -87.9182 epis: 0.5346 loss: 38.6734 
episode: 626 count: 98 score: -14.5429 average_last200: -87.7599 epis: 0.5340 loss: 40.9970 
episode: 627 count: 155 score: -19.2903 average_last200: -87.4395 epis: 0.5335 loss: 81.8824 
episode: 628 count: 143 score: -61.2740 average_last200: -87.3145 epis: 0.5330 loss: 68.2026 
episode: 629 count: 101 score: -134.5728 average_last200: -87.3497 epis: 0.5324 loss: 48.8791 
episode: 630 count: 84 score: -29.1056 average_last200: -87.0441 epis: 0.5319 loss: 35.5260 
episode: 631 count: 1000 score: 7.5772 average_last200: -86.3840 epis: 0.5314 loss: 460.1182 
episode: 632 count: 101 score: -129.9314 average_last200: -86.3995 epis: 0.5308 loss: 37.7132 
episode: 633 count: 159 score: -91.1148 average_last200: -86.3478 epis: 0.5303 loss: 76.0059 
episode: 634 count: 100 score: -128.8882 average_last200: -86.3035 epis: 0.5298 loss: 46.4266 
episode: 635 count: 91 score: -65.2587 average_last200: -86.0643 epis: 0.5292 loss: 43.3666 
episode: 636 count: 107 score: -99.1550 average_last200: -86.2704 epis: 0.5287 loss: 44.2319 
episode: 637 count: 113 score: -105.8829 average_last200: -86.5017 epis: 0.5282 loss: 51.2961 
episode: 638 count: 77 score: -112.1837 average_last200: -86.4701 epis: 0.5277 loss: 36.2468 
episode: 639 count: 93 score: -68.3019 average_last200: -86.5137 epis: 0.5271 loss: 44.0781 
episode: 640 count: 111 score: -42.7087 average_last200: -86.1804 epis: 0.5266 loss: 50.1544 
episode: 641 count: 145 score: -69.8367 average_last200: -86.0247 epis: 0.5261 loss: 74.3207 
episode: 642 count: 113 score: -29.8713 average_last200: -85.7731 epis: 0.5255 loss: 65.4063 
episode: 643 count: 1000 score: 61.1693 average_last200: -85.2016 epis: 0.5250 loss: 480.7368 
episode: 644 count: 161 score: -57.3175 average_last200: -85.4716 epis: 0.5245 loss: 79.2972 
episode: 645 count: 169 score: -49.7745 average_last200: -85.1481 epis: 0.5240 loss: 73.8312 
episode: 646 count: 133 score: -89.5047 average_last200: -84.4761 epis: 0.5234 loss: 74.0929 
episode: 647 count: 129 score: -71.2929 average_last200: -84.5668 epis: 0.5229 loss: 66.5807 
episode: 648 count: 121 score: -100.8137 average_last200: -84.7530 epis: 0.5224 loss: 58.5709 
episode: 649 count: 125 score: -31.2650 average_last200: -84.5029 epis: 0.5219 loss: 54.0510 
episode: 650 count: 117 score: -119.0313 average_last200: -83.9476 epis: 0.5214 loss: 53.2013 
episode: 651 count: 126 score: -164.2838 average_last200: -84.5721 epis: 0.5208 loss: 67.6387 
episode: 652 count: 105 score: -64.0417 average_last200: -84.6978 epis: 0.5203 loss: 52.8154 
episode: 653 count: 127 score: -24.3786 average_last200: -84.5308 epis: 0.5198 loss: 58.7433 
episode: 654 count: 119 score: -80.3204 average_last200: -84.1919 epis: 0.5193 loss: 56.2313 
episode: 655 count: 108 score: -78.7544 average_last200: -83.5886 epis: 0.5188 loss: 56.8428 
episode: 656 count: 1000 score: 53.1991 average_last200: -82.7288 epis: 0.5182 loss: 498.3784 
episode: 657 count: 105 score: -76.2399 average_last200: -82.7438 epis: 0.5177 loss: 58.3422 
episode: 658 count: 82 score: -100.9605 average_last200: -82.9624 epis: 0.5172 loss: 38.4619 
episode: 659 count: 1000 score: 38.4970 average_last200: -82.3897 epis: 0.5167 loss: 501.8141 
episode: 660 count: 116 score: -36.9855 average_last200: -82.2659 epis: 0.5162 loss: 60.1537 
episode: 661 count: 118 score: -25.1828 average_last200: -81.7916 epis: 0.5156 loss: 54.2735 
episode: 662 count: 99 score: -132.3369 average_last200: -82.0364 epis: 0.5151 loss: 44.4141 
episode: 663 count: 102 score: -81.2041 average_last200: -81.8193 epis: 0.5146 loss: 46.8579 
episode: 664 count: 93 score: -106.4860 average_last200: -81.6678 epis: 0.5141 loss: 47.0706 
episode: 665 count: 100 score: -22.1153 average_last200: -81.1544 epis: 0.5136 loss: 39.9753 
episode: 666 count: 109 score: -123.5036 average_last200: -81.1624 epis: 0.5131 loss: 54.1685 
episode: 667 count: 90 score: -59.7805 average_last200: -81.0504 epis: 0.5126 loss: 35.7522 
episode: 668 count: 156 score: -256.8174 average_last200: -81.9563 epis: 0.5120 loss: 77.8170 
episode: 669 count: 78 score: -80.2402 average_last200: -81.9890 epis: 0.5115 loss: 40.5431 
episode: 670 count: 139 score: -97.4303 average_last200: -82.0323 epis: 0.5110 loss: 65.9119 
episode: 671 count: 84 score: -101.6828 average_last200: -82.0372 epis: 0.5105 loss: 39.6561 
episode: 672 count: 70 score: -85.4088 average_last200: -81.9487 epis: 0.5100 loss: 36.9575 
episode: 673 count: 190 score: -53.7582 average_last200: -81.8717 epis: 0.5095 loss: 93.1630 
episode: 674 count: 113 score: -96.8827 average_last200: -81.8740 epis: 0.5090 loss: 46.9911 
episode: 675 count: 138 score: -67.8343 average_last200: -81.6519 epis: 0.5085 loss: 77.4746 
episode: 676 count: 91 score: -295.0955 average_last200: -82.8842 epis: 0.5080 loss: 44.9555 
episode: 677 count: 103 score: -22.8799 average_last200: -82.5082 epis: 0.5075 loss: 48.9362 
episode: 678 count: 502 score: -239.7606 average_last200: -83.3006 epis: 0.5070 loss: 248.4019 
episode: 679 count: 157 score: -64.2947 average_last200: -83.3377 epis: 0.5064 loss: 84.8896 
episode: 680 count: 151 score: -114.0799 average_last200: -83.6551 epis: 0.5059 loss: 69.2722 
episode: 681 count: 149 score: -0.3723 average_last200: -83.2116 epis: 0.5054 loss: 69.7556 
episode: 682 count: 183 score: -29.1110 average_last200: -82.8123 epis: 0.5049 loss: 90.2767 
episode: 683 count: 92 score: -69.2043 average_last200: -82.3850 epis: 0.5044 loss: 44.0185 
episode: 684 count: 123 score: -111.8674 average_last200: -82.4024 epis: 0.5039 loss: 60.5034 
episode: 685 count: 103 score: -65.8373 average_last200: -82.4480 epis: 0.5034 loss: 55.2116 
episode: 686 count: 96 score: -142.8129 average_last200: -82.5567 epis: 0.5029 loss: 47.4189 
episode: 687 count: 1000 score: -18.9153 average_last200: -81.3513 epis: 0.5024 loss: 526.6696 
episode: 688 count: 78 score: -74.8556 average_last200: -81.3000 epis: 0.5019 loss: 38.0344 
episode: 689 count: 152 score: -49.3725 average_last200: -81.2508 epis: 0.5014 loss: 81.6098 
episode: 690 count: 107 score: -91.8592 average_last200: -81.3845 epis: 0.5009 loss: 56.3670 
episode: 691 count: 338 score: -243.1846 average_last200: -82.0121 epis: 0.5004 loss: 176.3321 
episode: 692 count: 89 score: -73.8218 average_last200: -81.9209 epis: 0.4999 loss: 37.8223 
episode: 693 count: 160 score: -183.7885 average_last200: -82.4414 epis: 0.4994 loss: 84.1397 
episode: 694 count: 112 score: -76.8964 average_last200: -82.1619 epis: 0.4989 loss: 59.7818 
episode: 695 count: 133 score: -65.7219 average_last200: -82.0900 epis: 0.4984 loss: 74.8217 
episode: 696 count: 142 score: -31.9067 average_last200: -82.1831 epis: 0.4979 loss: 74.2058 
episode: 697 count: 126 score: -135.7974 average_last200: -82.5687 epis: 0.4974 loss: 59.6060 
episode: 698 count: 92 score: -106.8117 average_last200: -82.7861 epis: 0.4969 loss: 48.9693 
episode: 699 count: 95 score: -0.0219 average_last200: -82.1521 epis: 0.4964 loss: 45.4896 
episode: 700 count: 85 score: -56.0568 average_last200: -82.2663 epis: 0.4959 loss: 45.9344 
episode: 701 count: 1000 score: 43.5326 average_last200: -81.3659 epis: 0.4954 loss: 535.4984 
episode: 702 count: 90 score: -46.5640 average_last200: -80.6125 epis: 0.4949 loss: 48.8197 
episode: 703 count: 121 score: -115.4954 average_last200: -80.9087 epis: 0.4944 loss: 62.2053 
episode: 704 count: 71 score: -100.2480 average_last200: -81.0938 epis: 0.4939 loss: 35.3413 
episode: 705 count: 96 score: -98.4194 average_last200: -80.8351 epis: 0.4934 loss: 59.4517 
episode: 706 count: 106 score: -132.3407 average_last200: -80.9856 epis: 0.4929 loss: 54.2297 
episode: 707 count: 106 score: -97.1000 average_last200: -81.0378 epis: 0.4925 loss: 54.0321 
episode: 708 count: 132 score: -58.4821 average_last200: -80.7999 epis: 0.4920 loss: 64.9864 
episode: 709 count: 77 score: -92.9696 average_last200: -81.0329 epis: 0.4915 loss: 51.5292 
episode: 710 count: 95 score: -88.7383 average_last200: -81.0466 epis: 0.4910 loss: 43.9881 
episode: 711 count: 72 score: -89.2677 average_last200: -81.5538 epis: 0.4905 loss: 48.7634 
episode: 712 count: 1000 score: -9.1504 average_last200: -80.8579 epis: 0.4900 loss: 512.0712 
episode: 713 count: 94 score: -107.2870 average_last200: -80.7865 epis: 0.4895 loss: 44.5192 
episode: 714 count: 105 score: -76.9906 average_last200: -80.3219 epis: 0.4890 loss: 49.0382 
episode: 715 count: 120 score: -84.3797 average_last200: -80.4539 epis: 0.4885 loss: 71.4876 
episode: 716 count: 1000 score: 57.4465 average_last200: -79.5939 epis: 0.4880 loss: 554.5005 
episode: 717 count: 103 score: -71.8160 average_last200: -79.5830 epis: 0.4876 loss: 47.9679 
episode: 718 count: 109 score: -99.9043 average_last200: -79.6778 epis: 0.4871 loss: 63.1862 
episode: 719 count: 102 score: -78.4817 average_last200: -79.7836 epis: 0.4866 loss: 52.4092 
episode: 720 count: 87 score: -89.4621 average_last200: -79.8519 epis: 0.4861 loss: 67.6596 
episode: 721 count: 109 score: -70.3681 average_last200: -79.9289 epis: 0.4856 loss: 58.2255 
episode: 722 count: 97 score: -70.7021 average_last200: -79.8037 epis: 0.4851 loss: 52.4191 
episode: 723 count: 142 score: -69.6020 average_last200: -79.7578 epis: 0.4846 loss: 72.7250 
episode: 724 count: 86 score: -80.7828 average_last200: -79.4829 epis: 0.4841 loss: 43.9214 
episode: 725 count: 141 score: -89.0346 average_last200: -79.6252 epis: 0.4837 loss: 82.2311 
episode: 726 count: 65 score: -73.9727 average_last200: -79.5523 epis: 0.4832 loss: 31.3844 
episode: 727 count: 130 score: -91.6231 average_last200: -79.9574 epis: 0.4827 loss: 75.8995 
episode: 728 count: 86 score: -33.6159 average_last200: -79.0021 epis: 0.4822 loss: 49.7460 
episode: 729 count: 146 score: -39.9231 average_last200: -78.7956 epis: 0.4817 loss: 77.7789 
episode: 730 count: 159 score: -46.7248 average_last200: -78.7519 epis: 0.4813 loss: 78.1975 
episode: 731 count: 151 score: -30.7866 average_last200: -78.2619 epis: 0.4808 loss: 81.5819 
episode: 732 count: 110 score: -30.8960 average_last200: -78.1192 epis: 0.4803 loss: 61.8502 
episode: 733 count: 97 score: -93.6186 average_last200: -78.2123 epis: 0.4798 loss: 40.4773 
episode: 734 count: 151 score: -60.1734 average_last200: -78.0008 epis: 0.4793 loss: 77.8739 
episode: 735 count: 125 score: -23.6525 average_last200: -77.7602 epis: 0.4788 loss: 55.5845 
episode: 736 count: 152 score: -64.5653 average_last200: -77.5427 epis: 0.4784 loss: 80.6604 
episode: 737 count: 138 score: -29.5189 average_last200: -77.2289 epis: 0.4779 loss: 85.3667 
episode: 738 count: 95 score: -65.0887 average_last200: -77.1934 epis: 0.4774 loss: 47.6198 
episode: 739 count: 1000 score: 72.0980 average_last200: -76.2780 epis: 0.4769 loss: 559.4589 
episode: 740 count: 95 score: -103.7679 average_last200: -76.1925 epis: 0.4765 loss: 55.3844 
episode: 741 count: 127 score: -87.3291 average_last200: -76.2879 epis: 0.4760 loss: 64.1175 
episode: 742 count: 1000 score: 0.9787 average_last200: -75.6287 epis: 0.4755 loss: 524.6722 
episode: 743 count: 141 score: -89.3299 average_last200: -75.4609 epis: 0.4750 loss: 82.8165 
episode: 744 count: 1000 score: 20.4067 average_last200: -75.0583 epis: 0.4746 loss: 526.6902 
episode: 745 count: 1000 score: 81.5205 average_last200: -74.5922 epis: 0.4741 loss: 535.4817 
episode: 746 count: 111 score: -82.6824 average_last200: -74.4239 epis: 0.4736 loss: 60.8748 
episode: 747 count: 168 score: -104.8785 average_last200: -74.9598 epis: 0.4731 loss: 88.8823 
episode: 748 count: 147 score: -97.2786 average_last200: -75.3031 epis: 0.4727 loss: 75.0402 
episode: 749 count: 111 score: -48.7810 average_last200: -75.2174 epis: 0.4722 loss: 63.2456 
episode: 750 count: 100 score: -51.2791 average_last200: -75.1066 epis: 0.4717 loss: 63.0312 
episode: 751 count: 106 score: -63.3681 average_last200: -75.3054 epis: 0.4712 loss: 59.9347 
episode: 752 count: 93 score: -75.3845 average_last200: -75.2270 epis: 0.4708 loss: 50.3315 
episode: 753 count: 1000 score: 67.5002 average_last200: -73.5035 epis: 0.4703 loss: 542.1926 
episode: 754 count: 111 score: -51.5392 average_last200: -73.1880 epis: 0.4698 loss: 73.9886 
episode: 755 count: 114 score: -97.1420 average_last200: -73.3856 epis: 0.4694 loss: 60.2224 
episode: 756 count: 74 score: -64.6745 average_last200: -73.1397 epis: 0.4689 loss: 41.6652 
episode: 757 count: 86 score: -58.1242 average_last200: -72.8462 epis: 0.4684 loss: 46.1555 
episode: 758 count: 126 score: -107.0603 average_last200: -72.9606 epis: 0.4680 loss: 68.0802 
episode: 759 count: 79 score: -107.2114 average_last200: -73.4055 epis: 0.4675 loss: 39.9341 
episode: 760 count: 110 score: -64.9516 average_last200: -73.0924 epis: 0.4670 loss: 58.8848 
episode: 761 count: 155 score: -132.0559 average_last200: -72.5872 epis: 0.4666 loss: 89.5578 
episode: 762 count: 94 score: -113.1937 average_last200: -72.7224 epis: 0.4661 loss: 46.2450 
episode: 763 count: 131 score: -74.4614 average_last200: -72.6826 epis: 0.4656 loss: 72.7495 
episode: 764 count: 85 score: -91.7537 average_last200: -72.6479 epis: 0.4652 loss: 46.7592 
episode: 765 count: 98 score: -11.4358 average_last200: -72.1328 epis: 0.4647 loss: 51.5730 
episode: 766 count: 106 score: -107.6124 average_last200: -72.1358 epis: 0.4642 loss: 63.8607 
episode: 767 count: 106 score: -80.8699 average_last200: -72.3712 epis: 0.4638 loss: 59.5289 
episode: 768 count: 79 score: -71.3905 average_last200: -72.5686 epis: 0.4633 loss: 33.0379 
episode: 769 count: 69 score: -97.6207 average_last200: -72.7244 epis: 0.4628 loss: 33.7567 
episode: 770 count: 111 score: -118.0122 average_last200: -72.9200 epis: 0.4624 loss: 55.1984 
episode: 771 count: 121 score: -25.0384 average_last200: -72.8794 epis: 0.4619 loss: 55.4505 
episode: 772 count: 86 score: -83.6854 average_last200: -73.1211 epis: 0.4614 loss: 56.9933 
episode: 773 count: 1000 score: -59.6836 average_last200: -73.2241 epis: 0.4610 loss: 534.8824 
episode: 774 count: 92 score: -73.6676 average_last200: -73.4146 epis: 0.4605 loss: 52.6579 
episode: 775 count: 80 score: -44.2369 average_last200: -72.9455 epis: 0.4601 loss: 49.4914 
episode: 776 count: 167 score: -73.4822 average_last200: -72.8009 epis: 0.4596 loss: 102.9355 
episode: 777 count: 138 score: -83.4499 average_last200: -72.9326 epis: 0.4591 loss: 79.0141 
episode: 778 count: 97 score: -48.0931 average_last200: -73.2146 epis: 0.4587 loss: 69.2257 
episode: 779 count: 154 score: -42.7191 average_last200: -72.8819 epis: 0.4582 loss: 85.7605 
episode: 780 count: 137 score: -22.5514 average_last200: -72.7073 epis: 0.4578 loss: 74.6679 
episode: 781 count: 187 score: -219.9867 average_last200: -73.6539 epis: 0.4573 loss: 104.8675 
episode: 782 count: 134 score: -59.1875 average_last200: -73.3998 epis: 0.4569 loss: 76.2598 
episode: 783 count: 139 score: -10.8048 average_last200: -73.1261 epis: 0.4564 loss: 86.4607 
episode: 784 count: 122 score: -27.2945 average_last200: -72.7294 epis: 0.4559 loss: 71.5477 
episode: 785 count: 172 score: -237.5906 average_last200: -73.5603 epis: 0.4555 loss: 99.4342 
episode: 786 count: 99 score: -88.3045 average_last200: -73.7160 epis: 0.4550 loss: 53.0483 
episode: 787 count: 130 score: -62.8417 average_last200: -73.1512 epis: 0.4546 loss: 72.3897 
episode: 788 count: 125 score: -35.6346 average_last200: -73.0600 epis: 0.4541 loss: 73.8573 
episode: 789 count: 1000 score: 82.7071 average_last200: -72.4891 epis: 0.4537 loss: 548.1286 
episode: 790 count: 117 score: -31.6241 average_last200: -72.2460 epis: 0.4532 loss: 60.0858 
episode: 791 count: 159 score: -76.8751 average_last200: -72.3024 epis: 0.4528 loss: 79.5209 
episode: 792 count: 124 score: -72.8585 average_last200: -72.2643 epis: 0.4523 loss: 63.9119 
episode: 793 count: 128 score: -115.2264 average_last200: -72.1807 epis: 0.4519 loss: 78.6804 
episode: 794 count: 100 score: -7.5416 average_last200: -71.7483 epis: 0.4514 loss: 57.8320 
episode: 795 count: 1000 score: 82.1682 average_last200: -70.9711 epis: 0.4510 loss: 517.9243 
episode: 796 count: 88 score: -86.2958 average_last200: -71.0705 epis: 0.4505 loss: 48.1844 
episode: 797 count: 1000 score: 79.5156 average_last200: -70.1914 epis: 0.4500 loss: 526.1701 
episode: 798 count: 1000 score: 63.7077 average_last200: -69.7267 epis: 0.4496 loss: 524.1071 
episode: 799 count: 102 score: -78.8555 average_last200: -69.3039 epis: 0.4491 loss: 52.6814 
episode: 800 count: 136 score: -97.3891 average_last200: -69.3756 epis: 0.4487 loss: 86.7161 
episode: 801 count: 81 score: -51.5189 average_last200: -68.9910 epis: 0.4483 loss: 38.9838 
episode: 802 count: 88 score: -31.0426 average_last200: -68.6385 epis: 0.4478 loss: 48.8466 
episode: 803 count: 124 score: -36.3695 average_last200: -68.4898 epis: 0.4474 loss: 61.9370 
episode: 804 count: 106 score: -68.5773 average_last200: -68.6759 epis: 0.4469 loss: 52.5582 
episode: 805 count: 94 score: -52.7178 average_last200: -68.5630 epis: 0.4465 loss: 53.9592 
episode: 806 count: 620 score: -184.6040 average_last200: -69.2659 epis: 0.4460 loss: 322.7463 
episode: 807 count: 115 score: -90.3482 average_last200: -69.2516 epis: 0.4456 loss: 61.5590 
episode: 808 count: 69 score: -118.3102 average_last200: -69.8016 epis: 0.4451 loss: 31.7106 
episode: 809 count: 114 score: -16.5237 average_last200: -69.5006 epis: 0.4447 loss: 59.7767 
episode: 810 count: 184 score: -21.4968 average_last200: -69.0734 epis: 0.4442 loss: 118.1144 
episode: 811 count: 106 score: -127.1013 average_last200: -69.5445 epis: 0.4438 loss: 54.0207 
episode: 812 count: 1000 score: 84.7118 average_last200: -68.5049 epis: 0.4433 loss: 548.0677 
episode: 813 count: 121 score: -76.9733 average_last200: -68.3263 epis: 0.4429 loss: 62.5988 
episode: 814 count: 151 score: 0.8065 average_last200: -67.8380 epis: 0.4425 loss: 87.2756 
episode: 815 count: 86 score: -34.5648 average_last200: -67.5808 epis: 0.4420 loss: 42.6757 
episode: 816 count: 80 score: -68.1435 average_last200: -67.7706 epis: 0.4416 loss: 40.8145 
episode: 817 count: 1000 score: 65.0036 average_last200: -67.0863 epis: 0.4411 loss: 498.1518 
episode: 818 count: 166 score: -19.2930 average_last200: -66.9538 epis: 0.4407 loss: 79.0555 
episode: 819 count: 76 score: -89.1834 average_last200: -67.3385 epis: 0.4403 loss: 45.2368 
episode: 820 count: 139 score: -59.5441 average_last200: -66.9898 epis: 0.4398 loss: 66.6417 
episode: 821 count: 152 score: -50.6237 average_last200: -66.7464 epis: 0.4394 loss: 85.9836 
episode: 822 count: 87 score: -30.8623 average_last200: -66.4169 epis: 0.4389 loss: 55.5171 
episode: 823 count: 109 score: -54.4074 average_last200: -66.2551 epis: 0.4385 loss: 60.2396 
episode: 824 count: 109 score: -56.2925 average_last200: -66.3298 epis: 0.4381 loss: 65.2109 
episode: 825 count: 94 score: -10.2565 average_last200: -66.0397 epis: 0.4376 loss: 51.7185 
episode: 826 count: 99 score: -17.2455 average_last200: -66.0532 epis: 0.4372 loss: 51.7427 
episode: 827 count: 1000 score: 102.7816 average_last200: -65.4428 epis: 0.4367 loss: 532.8871 
episode: 828 count: 210 score: -226.1200 average_last200: -66.2671 epis: 0.4363 loss: 127.6071 
episode: 829 count: 171 score: -33.0062 average_last200: -65.7592 epis: 0.4359 loss: 94.9090 
episode: 830 count: 88 score: -125.5005 average_last200: -66.2412 epis: 0.4354 loss: 42.2990 
episode: 831 count: 90 score: -171.5185 average_last200: -67.1367 epis: 0.4350 loss: 52.5017 
episode: 832 count: 118 score: -85.8624 average_last200: -66.9163 epis: 0.4346 loss: 61.1064 
episode: 833 count: 143 score: -11.8015 average_last200: -66.5198 epis: 0.4341 loss: 75.1041 
episode: 834 count: 92 score: -99.1923 average_last200: -66.3713 epis: 0.4337 loss: 47.0627 
episode: 835 count: 1000 score: 54.3859 average_last200: -65.7731 epis: 0.4333 loss: 551.8150 
episode: 836 count: 133 score: -82.9444 average_last200: -65.6920 epis: 0.4328 loss: 78.6663 
episode: 837 count: 106 score: -44.6828 average_last200: -65.3860 epis: 0.4324 loss: 57.8419 
episode: 838 count: 75 score: -45.0558 average_last200: -65.0504 epis: 0.4320 loss: 44.6802 
episode: 839 count: 1000 score: 112.8322 average_last200: -64.1447 epis: 0.4315 loss: 519.7908 
episode: 840 count: 122 score: -67.6701 average_last200: -64.2695 epis: 0.4311 loss: 57.3475 
episode: 841 count: 186 score: -55.9320 average_last200: -64.2000 epis: 0.4307 loss: 95.2410 
episode: 842 count: 126 score: -72.7433 average_last200: -64.4143 epis: 0.4302 loss: 62.6724 
episode: 843 count: 95 score: 15.0720 average_last200: -64.6448 epis: 0.4298 loss: 51.6340 
episode: 844 count: 126 score: -59.7630 average_last200: -64.6571 epis: 0.4294 loss: 62.0275 
episode: 845 count: 160 score: -54.9865 average_last200: -64.6831 epis: 0.4289 loss: 77.5264 
episode: 846 count: 105 score: -61.0494 average_last200: -64.5408 epis: 0.4285 loss: 52.7610 
episode: 847 count: 98 score: -119.9037 average_last200: -64.7839 epis: 0.4281 loss: 49.7295 
episode: 848 count: 91 score: -31.7712 average_last200: -64.4387 epis: 0.4277 loss: 48.9671 
episode: 849 count: 76 score: -64.7191 average_last200: -64.6060 epis: 0.4272 loss: 38.4829 
episode: 850 count: 120 score: -68.2199 average_last200: -64.3519 epis: 0.4268 loss: 72.8374 
episode: 851 count: 126 score: -84.3803 average_last200: -63.9524 epis: 0.4264 loss: 71.9967 
episode: 852 count: 121 score: -98.1752 average_last200: -64.1230 epis: 0.4260 loss: 63.0532 
episode: 853 count: 93 score: -35.7750 average_last200: -64.1800 epis: 0.4255 loss: 50.6292 
episode: 854 count: 1000 score: 83.9118 average_last200: -63.3589 epis: 0.4251 loss: 531.5531 
episode: 855 count: 81 score: -122.7047 average_last200: -63.5786 epis: 0.4247 loss: 41.1888 
episode: 856 count: 142 score: -83.1592 average_last200: -64.2604 epis: 0.4243 loss: 84.1910 
episode: 857 count: 85 score: -63.8086 average_last200: -64.1983 epis: 0.4238 loss: 48.1840 
episode: 858 count: 96 score: -46.0816 average_last200: -63.9239 epis: 0.4234 loss: 49.6862 
episode: 859 count: 1000 score: 66.4484 average_last200: -63.7841 epis: 0.4230 loss: 519.7716 
episode: 860 count: 1000 score: 3.8138 average_last200: -63.5801 epis: 0.4226 loss: 502.4239 
episode: 861 count: 83 score: -112.0010 average_last200: -64.0142 epis: 0.4221 loss: 44.3891 
episode: 862 count: 140 score: -91.0058 average_last200: -63.8075 epis: 0.4217 loss: 71.1416 
episode: 863 count: 76 score: -63.8855 average_last200: -63.7210 epis: 0.4213 loss: 36.6119 
episode: 864 count: 1000 score: 40.6776 average_last200: -62.9851 epis: 0.4209 loss: 502.3740 
episode: 865 count: 104 score: -25.3164 average_last200: -63.0011 epis: 0.4204 loss: 45.0218 
episode: 866 count: 84 score: -53.1191 average_last200: -62.6492 epis: 0.4200 loss: 35.7552 
episode: 867 count: 75 score: -37.5665 average_last200: -62.5381 epis: 0.4196 loss: 43.2363 
episode: 868 count: 1000 score: 67.0549 average_last200: -60.9188 epis: 0.4192 loss: 480.8743 
episode: 869 count: 107 score: -36.8254 average_last200: -60.7017 epis: 0.4188 loss: 61.4809 
episode: 870 count: 99 score: -35.1232 average_last200: -60.3902 epis: 0.4184 loss: 54.6704 
episode: 871 count: 175 score: -73.4106 average_last200: -60.2488 epis: 0.4179 loss: 83.4047 
episode: 872 count: 135 score: -46.1267 average_last200: -60.0524 epis: 0.4175 loss: 73.6737 
episode: 873 count: 137 score: -133.0105 average_last200: -60.4487 epis: 0.4171 loss: 71.9303 
episode: 874 count: 106 score: -44.8412 average_last200: -60.1885 epis: 0.4167 loss: 53.0988 
episode: 875 count: 112 score: -25.1281 average_last200: -59.9749 epis: 0.4163 loss: 59.8035 
episode: 876 count: 120 score: -47.1744 average_last200: -58.7353 epis: 0.4158 loss: 59.9076 
episode: 877 count: 136 score: -8.7042 average_last200: -58.6644 epis: 0.4154 loss: 62.9956 
episode: 878 count: 103 score: -31.6495 average_last200: -57.6239 epis: 0.4150 loss: 53.4313 
episode: 879 count: 73 score: -95.5890 average_last200: -57.7804 epis: 0.4146 loss: 43.4787 
episode: 880 count: 128 score: -44.7023 average_last200: -57.4335 epis: 0.4142 loss: 67.2704 
episode: 881 count: 151 score: -68.2602 average_last200: -57.7729 epis: 0.4138 loss: 78.0534 
episode: 882 count: 104 score: -75.2192 average_last200: -58.0035 epis: 0.4134 loss: 55.6294 
episode: 883 count: 135 score: -71.1217 average_last200: -58.0130 epis: 0.4129 loss: 62.0293 
episode: 884 count: 1000 score: 111.1073 average_last200: -56.8982 epis: 0.4125 loss: 524.5702 
episode: 885 count: 1000 score: -4.2489 average_last200: -56.5902 epis: 0.4121 loss: 508.5280 
episode: 886 count: 119 score: -57.9744 average_last200: -56.1660 epis: 0.4117 loss: 58.1477 
episode: 887 count: 91 score: -93.1493 average_last200: -56.5372 epis: 0.4113 loss: 38.0528 
episode: 888 count: 133 score: -16.0466 average_last200: -56.2432 epis: 0.4109 loss: 67.7421 
episode: 889 count: 1000 score: 23.7747 average_last200: -55.8774 epis: 0.4105 loss: 503.7517 
episode: 890 count: 95 score: -75.6844 average_last200: -55.7965 epis: 0.4101 loss: 51.6840 
episode: 891 count: 105 score: -39.7553 average_last200: -54.7794 epis: 0.4097 loss: 47.4099 
episode: 892 count: 1000 score: 62.3155 average_last200: -54.0987 epis: 0.4092 loss: 539.4431 
episode: 893 count: 89 score: -83.1220 average_last200: -53.5954 epis: 0.4088 loss: 51.7562 
episode: 894 count: 189 score: -145.5706 average_last200: -53.9388 epis: 0.4084 loss: 97.3256 
episode: 895 count: 149 score: -105.0361 average_last200: -54.1353 epis: 0.4080 loss: 66.9959 
episode: 896 count: 122 score: -61.8219 average_last200: -54.2849 epis: 0.4076 loss: 68.6207 
episode: 897 count: 122 score: -20.5235 average_last200: -53.7085 epis: 0.4072 loss: 66.0317 
episode: 898 count: 1000 score: 93.6068 average_last200: -52.7064 epis: 0.4068 loss: 501.8704 
episode: 899 count: 117 score: -81.9163 average_last200: -53.1159 epis: 0.4064 loss: 53.5387 
episode: 900 count: 155 score: -177.6120 average_last200: -53.7237 epis: 0.4060 loss: 78.0787 
episode: 901 count: 119 score: -46.2924 average_last200: -54.1728 epis: 0.4056 loss: 59.5391 
episode: 902 count: 100 score: -41.1356 average_last200: -54.1457 epis: 0.4052 loss: 48.3985 
episode: 903 count: 123 score: -32.8738 average_last200: -53.7326 epis: 0.4048 loss: 61.1092 
episode: 904 count: 213 score: -176.7429 average_last200: -54.1150 epis: 0.4044 loss: 96.3967 
episode: 905 count: 68 score: -73.4912 average_last200: -53.9904 epis: 0.4040 loss: 39.7780 
episode: 906 count: 118 score: -83.2628 average_last200: -53.7450 epis: 0.4036 loss: 62.6376 
episode: 907 count: 109 score: -69.7200 average_last200: -53.6081 epis: 0.4031 loss: 51.9866 
episode: 908 count: 108 score: -46.0549 average_last200: -53.5460 epis: 0.4027 loss: 56.6539 
episode: 909 count: 100 score: -15.3751 average_last200: -53.1580 epis: 0.4023 loss: 51.6009 
episode: 910 count: 99 score: -67.5240 average_last200: -53.0519 epis: 0.4019 loss: 52.1865 
episode: 911 count: 88 score: -54.0812 average_last200: -52.8760 epis: 0.4015 loss: 42.0815 
episode: 912 count: 91 score: -60.2854 average_last200: -53.1317 epis: 0.4011 loss: 46.4923 
episode: 913 count: 121 score: -41.3298 average_last200: -52.8019 epis: 0.4007 loss: 52.3208 
episode: 914 count: 118 score: -33.3811 average_last200: -52.5838 epis: 0.4003 loss: 60.8466 
episode: 915 count: 71 score: -69.4535 average_last200: -52.5092 epis: 0.3999 loss: 39.3581 
episode: 916 count: 110 score: -35.2154 average_last200: -52.9725 epis: 0.3995 loss: 57.9886 
episode: 917 count: 128 score: -45.9953 average_last200: -52.8434 epis: 0.3991 loss: 77.4763 
episode: 918 count: 78 score: -136.0896 average_last200: -53.0243 epis: 0.3987 loss: 42.5468 
episode: 919 count: 84 score: -63.5555 average_last200: -52.9497 epis: 0.3983 loss: 42.5055 
episode: 920 count: 109 score: -87.9136 average_last200: -52.9420 epis: 0.3979 loss: 60.9995 
episode: 921 count: 119 score: -33.7858 average_last200: -52.7590 epis: 0.3975 loss: 60.3061 
episode: 922 count: 109 score: -52.3637 average_last200: -52.6674 epis: 0.3971 loss: 64.0880 
episode: 923 count: 93 score: -101.3364 average_last200: -52.8260 epis: 0.3967 loss: 52.7932 
episode: 924 count: 141 score: -28.1311 average_last200: -52.5628 epis: 0.3963 loss: 67.1213 
episode: 925 count: 130 score: -42.0816 average_last200: -52.3280 epis: 0.3960 loss: 62.4373 
episode: 926 count: 125 score: -92.7002 average_last200: -52.4216 epis: 0.3956 loss: 66.3554 
episode: 927 count: 112 score: -43.2030 average_last200: -52.1795 epis: 0.3952 loss: 43.6576 
episode: 928 count: 98 score: -28.8490 average_last200: -52.1557 epis: 0.3948 loss: 55.6637 
episode: 929 count: 128 score: -13.1804 average_last200: -52.0220 epis: 0.3944 loss: 64.7798 
episode: 930 count: 81 score: -74.1557 average_last200: -52.1591 epis: 0.3940 loss: 37.4827 
episode: 931 count: 133 score: -18.2018 average_last200: -52.0962 epis: 0.3936 loss: 75.6033 
episode: 932 count: 114 score: -53.4022 average_last200: -52.2088 epis: 0.3932 loss: 62.0499 
episode: 933 count: 103 score: -76.6908 average_last200: -52.1241 epis: 0.3928 loss: 63.9716 
episode: 934 count: 119 score: -72.8361 average_last200: -52.1874 epis: 0.3924 loss: 63.0712 
episode: 935 count: 81 score: -0.6119 average_last200: -52.0722 epis: 0.3920 loss: 46.3159 
episode: 936 count: 1000 score: 24.5503 average_last200: -51.6266 epis: 0.3916 loss: 539.4494 
episode: 937 count: 85 score: 5.0402 average_last200: -51.4539 epis: 0.3912 loss: 45.6911 
episode: 938 count: 90 score: -71.5267 average_last200: -51.4860 epis: 0.3908 loss: 53.2880 
episode: 939 count: 1000 score: 95.2258 average_last200: -51.3704 epis: 0.3904 loss: 563.7041 
episode: 940 count: 112 score: -50.6053 average_last200: -51.1046 epis: 0.3901 loss: 60.0404 
episode: 941 count: 116 score: -0.2204 average_last200: -50.6690 epis: 0.3897 loss: 64.1813 
episode: 942 count: 99 score: 32.5280 average_last200: -50.5113 epis: 0.3893 loss: 54.8955 
episode: 943 count: 111 score: 1.4346 average_last200: -50.0575 epis: 0.3889 loss: 59.6551 
episode: 944 count: 95 score: -83.2532 average_last200: -50.5758 epis: 0.3885 loss: 46.3941 
episode: 945 count: 142 score: -23.4285 average_last200: -51.1005 epis: 0.3881 loss: 74.2988 
episode: 946 count: 86 score: -70.2561 average_last200: -51.0384 epis: 0.3877 loss: 45.2832 
episode: 947 count: 1000 score: 71.5297 average_last200: -50.1563 epis: 0.3873 loss: 512.7851 
episode: 948 count: 1000 score: 120.6675 average_last200: -49.0666 epis: 0.3869 loss: 516.1452 
episode: 949 count: 156 score: -84.2634 average_last200: -49.2440 epis: 0.3866 loss: 77.8320 
episode: 950 count: 101 score: -111.2010 average_last200: -49.5436 epis: 0.3862 loss: 50.0767 
episode: 951 count: 104 score: -55.7274 average_last200: -49.5054 epis: 0.3858 loss: 51.5008 
episode: 952 count: 138 score: -20.3799 average_last200: -49.2304 epis: 0.3854 loss: 79.3549 
episode: 953 count: 89 score: -38.1536 average_last200: -49.7587 epis: 0.3850 loss: 42.6499 
episode: 954 count: 98 score: -122.1601 average_last200: -50.1118 epis: 0.3846 loss: 48.8993 
episode: 955 count: 1000 score: 103.9828 average_last200: -49.1062 epis: 0.3842 loss: 553.8454 
episode: 956 count: 154 score: -55.2842 average_last200: -49.0592 epis: 0.3839 loss: 83.5578 
episode: 957 count: 82 score: -68.0648 average_last200: -49.1089 epis: 0.3835 loss: 41.8744 
episode: 958 count: 123 score: -47.8527 average_last200: -48.8129 epis: 0.3831 loss: 71.4659 
episode: 959 count: 112 score: -64.3788 average_last200: -48.5987 epis: 0.3827 loss: 50.1027 
episode: 960 count: 107 score: -46.4563 average_last200: -48.5062 epis: 0.3823 loss: 61.0005 
episode: 961 count: 102 score: -57.6151 average_last200: -48.1340 epis: 0.3819 loss: 57.5915 
episode: 962 count: 125 score: -63.8584 average_last200: -47.8874 epis: 0.3816 loss: 57.3126 
episode: 963 count: 1000 score: 104.6160 average_last200: -46.9920 epis: 0.3812 loss: 537.6411 
episode: 964 count: 1000 score: 80.6818 average_last200: -46.1298 epis: 0.3808 loss: 521.9501 
episode: 965 count: 83 score: -24.0338 average_last200: -46.1928 epis: 0.3804 loss: 41.7041 
episode: 966 count: 125 score: -25.0898 average_last200: -45.7802 epis: 0.3800 loss: 70.7511 
episode: 967 count: 86 score: 14.4815 average_last200: -45.3034 epis: 0.3797 loss: 43.5118 
episode: 968 count: 111 score: -27.1448 average_last200: -45.0822 epis: 0.3793 loss: 55.2916 
episode: 969 count: 124 score: -27.2916 average_last200: -44.7305 epis: 0.3789 loss: 60.8844 
episode: 970 count: 123 score: -45.4893 average_last200: -44.3679 epis: 0.3785 loss: 68.1580 
episode: 971 count: 83 score: -23.8286 average_last200: -44.3619 epis: 0.3781 loss: 38.5779 
episode: 972 count: 111 score: -38.6782 average_last200: -44.1368 epis: 0.3778 loss: 60.1790 
episode: 973 count: 106 score: 12.9817 average_last200: -43.7735 epis: 0.3774 loss: 52.4228 
episode: 974 count: 82 score: -99.5192 average_last200: -43.9028 epis: 0.3770 loss: 45.7191 
episode: 975 count: 129 score: -64.0078 average_last200: -44.0016 epis: 0.3766 loss: 64.0337 
episode: 976 count: 92 score: -18.0614 average_last200: -43.7245 epis: 0.3763 loss: 44.8291 
episode: 977 count: 137 score: -107.3167 average_last200: -43.8439 epis: 0.3759 loss: 62.6885 
episode: 978 count: 1000 score: 10.5454 average_last200: -43.5507 epis: 0.3755 loss: 537.9360 
episode: 979 count: 98 score: -9.1145 average_last200: -43.3826 epis: 0.3751 loss: 52.5555 
episode: 980 count: 97 score: -54.1485 average_last200: -43.5406 epis: 0.3748 loss: 60.4367 
episode: 981 count: 112 score: -79.7012 average_last200: -42.8392 epis: 0.3744 loss: 60.2731 
episode: 982 count: 119 score: -48.7141 average_last200: -42.7868 epis: 0.3740 loss: 68.5030 
episode: 983 count: 105 score: -11.3866 average_last200: -42.7897 epis: 0.3736 loss: 50.1361 
episode: 984 count: 1000 score: 98.7706 average_last200: -42.1594 epis: 0.3733 loss: 536.7171 
episode: 985 count: 109 score: -55.9081 average_last200: -41.2510 epis: 0.3729 loss: 59.8312 
episode: 986 count: 186 score: -291.9108 average_last200: -42.2690 epis: 0.3725 loss: 99.3527 
episode: 987 count: 117 score: -61.6605 average_last200: -42.2631 epis: 0.3721 loss: 60.5259 
episode: 988 count: 117 score: -53.6731 average_last200: -42.3533 epis: 0.3718 loss: 60.2885 
episode: 989 count: 85 score: -74.7164 average_last200: -43.1404 epis: 0.3714 loss: 50.1301 
episode: 990 count: 88 score: -49.3652 average_last200: -43.2291 epis: 0.3710 loss: 39.5783 
episode: 991 count: 1000 score: 99.9647 average_last200: -42.3449 epis: 0.3707 loss: 529.4116 
episode: 992 count: 116 score: -70.3229 average_last200: -42.3323 epis: 0.3703 loss: 58.4725 
episode: 993 count: 208 score: -230.4700 average_last200: -42.9085 epis: 0.3699 loss: 98.7439 
episode: 994 count: 1000 score: 91.9504 average_last200: -42.4110 epis: 0.3695 loss: 538.8624 
episode: 995 count: 137 score: -56.2771 average_last200: -43.1032 epis: 0.3692 loss: 71.1323 
episode: 996 count: 100 score: -47.3928 average_last200: -42.9087 epis: 0.3688 loss: 56.6248 
episode: 997 count: 103 score: -101.8773 average_last200: -43.8157 epis: 0.3684 loss: 59.2616 
episode: 998 count: 97 score: 11.3016 average_last200: -44.0777 epis: 0.3681 loss: 58.1840 
episode: 999 count: 137 score: -188.4444 average_last200: -44.6257 epis: 0.3677 loss: 85.1162 
