[33mWARN: gym.spaces.Box autodetected dtype as <class 'numpy.float32'>. Please provide explicit dtype.[0m
All para: Epis 1000 memlen 100000 gamma 0.990 epsilon 0.985 alpha 0.05000 batch 30 upfreq 500
episode: 0 count: 103 score: -201.7553 average_last200: -201.7553 epis: 0.9850 loss: 0.0000 
episode: 1 count: 84 score: -166.6921 average_last200: -184.2237 epis: 0.9702 loss: 0.0000 
episode: 2 count: 127 score: -118.8301 average_last200: -162.4258 epis: 0.9557 loss: 0.0000 
episode: 3 count: 101 score: -232.4902 average_last200: -179.9419 epis: 0.9413 loss: 0.0000 
episode: 4 count: 73 score: -174.7380 average_last200: -178.9011 epis: 0.9272 loss: 0.0000 
episode: 5 count: 90 score: -457.1922 average_last200: -225.2830 epis: 0.9133 loss: 0.0000 
episode: 6 count: 117 score: -126.5500 average_last200: -211.1783 epis: 0.8996 loss: 0.0000 
episode: 7 count: 62 score: -138.7121 average_last200: -202.1200 epis: 0.8861 loss: 0.0000 
episode: 8 count: 113 score: -280.3096 average_last200: -210.8077 epis: 0.8728 loss: 0.0000 
episode: 9 count: 108 score: -598.0638 average_last200: -249.5333 epis: 0.8597 loss: 0.0000 
episode: 10 count: 85 score: -394.2436 average_last200: -262.6888 epis: 0.8468 loss: 30.2162 
episode: 11 count: 97 score: -341.5016 average_last200: -269.2565 epis: 0.8341 loss: 39.3062 
episode: 12 count: 103 score: -138.7796 average_last200: -259.2199 epis: 0.8216 loss: 37.3817 
episode: 13 count: 118 score: -247.0254 average_last200: -258.3488 epis: 0.8093 loss: 35.9951 
episode: 14 count: 141 score: -288.6351 average_last200: -260.3679 epis: 0.7972 loss: 48.0365 
episode: 15 count: 141 score: -551.3818 average_last200: -278.5563 epis: 0.7852 loss: 50.3368 
episode: 16 count: 87 score: -150.9908 average_last200: -271.0524 epis: 0.7734 loss: 31.9767 
episode: 17 count: 94 score: -119.0420 average_last200: -262.6074 epis: 0.7618 loss: 27.9807 
episode: 18 count: 147 score: -537.7606 average_last200: -277.0891 epis: 0.7504 loss: 74.3962 
episode: 19 count: 89 score: -209.6340 average_last200: -273.7164 epis: 0.7391 loss: 28.8969 
episode: 20 count: 70 score: -163.6036 average_last200: -268.4729 epis: 0.7280 loss: 26.2104 
episode: 21 count: 110 score: -213.3177 average_last200: -265.9659 epis: 0.7171 loss: 42.2090 
episode: 22 count: 74 score: -157.1713 average_last200: -261.2357 epis: 0.7064 loss: 25.9796 
episode: 23 count: 144 score: -46.3784 average_last200: -252.2833 epis: 0.6958 loss: 49.5510 
episode: 24 count: 104 score: -425.7792 average_last200: -259.2231 epis: 0.6853 loss: 43.2576 
episode: 25 count: 139 score: -166.8229 average_last200: -255.6693 epis: 0.6751 loss: 60.0730 
episode: 26 count: 153 score: -155.5704 average_last200: -251.9619 epis: 0.6649 loss: 56.7263 
episode: 27 count: 106 score: -153.6623 average_last200: -248.4512 epis: 0.6550 loss: 48.2915 
episode: 28 count: 96 score: -138.0643 average_last200: -244.6448 epis: 0.6451 loss: 47.7514 
episode: 29 count: 149 score: -104.1293 average_last200: -239.9609 epis: 0.6355 loss: 55.5748 
episode: 30 count: 81 score: -89.5108 average_last200: -235.1077 epis: 0.6259 loss: 28.1899 
episode: 31 count: 179 score: -145.4106 average_last200: -232.3046 epis: 0.6165 loss: 72.7335 
episode: 32 count: 163 score: -56.8929 average_last200: -226.9891 epis: 0.6073 loss: 59.9844 
episode: 33 count: 132 score: -100.7661 average_last200: -223.2767 epis: 0.5982 loss: 51.1273 
episode: 34 count: 103 score: -111.8746 average_last200: -220.0938 epis: 0.5892 loss: 39.0591 
episode: 35 count: 124 score: -216.0314 average_last200: -219.9809 epis: 0.5804 loss: 48.4306 
episode: 36 count: 142 score: -97.2255 average_last200: -216.6632 epis: 0.5717 loss: 52.2221 
episode: 37 count: 164 score: -45.7377 average_last200: -212.1652 epis: 0.5631 loss: 64.2340 
episode: 38 count: 77 score: -89.0702 average_last200: -209.0089 epis: 0.5546 loss: 31.0415 
episode: 39 count: 134 score: -219.2849 average_last200: -209.2658 epis: 0.5463 loss: 52.1267 
episode: 40 count: 188 score: -112.7021 average_last200: -206.9106 epis: 0.5381 loss: 81.1187 
episode: 41 count: 348 score: -95.6040 average_last200: -204.2604 epis: 0.5301 loss: 143.1786 
episode: 42 count: 266 score: -50.3266 average_last200: -200.6806 epis: 0.5221 loss: 108.4726 
episode: 43 count: 130 score: -123.9081 average_last200: -198.9357 epis: 0.5143 loss: 53.9670 
episode: 44 count: 189 score: -103.5194 average_last200: -196.8154 epis: 0.5066 loss: 88.1525 
episode: 45 count: 108 score: -122.6922 average_last200: -195.2040 epis: 0.4990 loss: 54.3257 
episode: 46 count: 152 score: -28.8969 average_last200: -191.6656 epis: 0.4915 loss: 62.3623 
episode: 47 count: 232 score: -28.1223 average_last200: -188.2584 epis: 0.4841 loss: 121.5658 
episode: 48 count: 282 score: -139.4094 average_last200: -187.2615 epis: 0.4768 loss: 145.6320 
episode: 49 count: 212 score: -64.1241 average_last200: -184.7987 epis: 0.4697 loss: 91.6321 
episode: 50 count: 247 score: -72.5686 average_last200: -182.5982 epis: 0.4626 loss: 97.2253 
episode: 51 count: 256 score: -81.8716 average_last200: -180.6611 epis: 0.4557 loss: 114.2544 
episode: 52 count: 148 score: -42.2004 average_last200: -178.0486 epis: 0.4489 loss: 66.2294 
episode: 53 count: 292 score: -64.3287 average_last200: -175.9427 epis: 0.4421 loss: 131.9272 
episode: 54 count: 254 score: -118.7084 average_last200: -174.9021 epis: 0.4355 loss: 118.6496 
episode: 55 count: 161 score: -36.6301 average_last200: -172.4329 epis: 0.4290 loss: 72.4589 
episode: 56 count: 507 score: -143.1822 average_last200: -171.9198 epis: 0.4225 loss: 261.7360 
episode: 57 count: 453 score: -117.9203 average_last200: -170.9887 epis: 0.4162 loss: 249.5809 
episode: 58 count: 208 score: -273.3705 average_last200: -172.7240 epis: 0.4100 loss: 110.3643 
episode: 59 count: 138 score: -42.0044 average_last200: -170.5454 epis: 0.4038 loss: 71.7701 
episode: 60 count: 100 score: -68.2166 average_last200: -168.8678 epis: 0.3977 loss: 48.1801 
episode: 61 count: 103 score: -219.1848 average_last200: -169.6794 epis: 0.3918 loss: 50.8790 
episode: 62 count: 376 score: -57.0774 average_last200: -167.8921 epis: 0.3859 loss: 186.4905 
episode: 63 count: 1000 score: 9.4208 average_last200: -165.1216 epis: 0.3801 loss: 585.4351 
episode: 64 count: 226 score: -44.6658 average_last200: -163.2684 epis: 0.3744 loss: 146.6186 
episode: 65 count: 127 score: -17.4202 average_last200: -161.0586 epis: 0.3688 loss: 80.6314 
episode: 66 count: 1000 score: 19.9460 average_last200: -158.3570 epis: 0.3633 loss: 645.3415 
episode: 67 count: 86 score: -77.0218 average_last200: -157.1609 epis: 0.3578 loss: 55.9351 
episode: 68 count: 213 score: -117.3028 average_last200: -156.5833 epis: 0.3525 loss: 140.3469 
episode: 69 count: 407 score: -299.3710 average_last200: -158.6231 epis: 0.3472 loss: 250.3982 
episode: 70 count: 188 score: -257.9315 average_last200: -160.0218 epis: 0.3420 loss: 115.1704 
episode: 71 count: 77 score: -66.4149 average_last200: -158.7217 epis: 0.3368 loss: 51.2505 
episode: 72 count: 122 score: -91.8131 average_last200: -157.8051 epis: 0.3318 loss: 88.8546 
episode: 73 count: 103 score: -62.5615 average_last200: -156.5181 epis: 0.3268 loss: 58.7874 
episode: 74 count: 558 score: -96.7894 average_last200: -155.7217 epis: 0.3219 loss: 379.2594 
episode: 75 count: 444 score: -93.8772 average_last200: -154.9079 epis: 0.3171 loss: 270.4287 
episode: 76 count: 107 score: -53.2491 average_last200: -153.5877 epis: 0.3123 loss: 67.1610 
episode: 77 count: 222 score: -122.0380 average_last200: -153.1832 epis: 0.3076 loss: 156.2706 
episode: 78 count: 172 score: -108.0749 average_last200: -152.6122 epis: 0.3030 loss: 112.7463 
episode: 79 count: 92 score: -21.4955 average_last200: -150.9733 epis: 0.2985 loss: 60.9209 
episode: 80 count: 132 score: -246.7837 average_last200: -152.1561 epis: 0.2940 loss: 91.4147 
episode: 81 count: 205 score: -62.1918 average_last200: -151.0590 epis: 0.2896 loss: 131.0524 
episode: 82 count: 81 score: -97.3642 average_last200: -150.4121 epis: 0.2852 loss: 57.0551 
episode: 83 count: 238 score: -135.6359 average_last200: -150.2361 epis: 0.2810 loss: 170.5468 
episode: 84 count: 150 score: -200.5426 average_last200: -150.8280 epis: 0.2767 loss: 106.1238 
episode: 85 count: 279 score: -19.6257 average_last200: -149.3024 epis: 0.2726 loss: 214.1144 
episode: 86 count: 908 score: -448.8933 average_last200: -152.7460 epis: 0.2685 loss: 672.3277 
episode: 87 count: 134 score: -137.8278 average_last200: -152.5764 epis: 0.2645 loss: 107.1173 
episode: 88 count: 881 score: -445.4981 average_last200: -155.8677 epis: 0.2605 loss: 666.5242 
episode: 89 count: 1000 score: -141.7444 average_last200: -155.7108 epis: 0.2566 loss: 810.0759 
episode: 90 count: 168 score: -154.0964 average_last200: -155.6930 epis: 0.2528 loss: 130.4446 
episode: 91 count: 721 score: -308.0013 average_last200: -157.3485 epis: 0.2490 loss: 559.3975 
episode: 92 count: 180 score: -160.6153 average_last200: -157.3837 epis: 0.2452 loss: 130.7732 
episode: 93 count: 311 score: -137.0226 average_last200: -157.1671 epis: 0.2415 loss: 214.0883 
episode: 94 count: 189 score: -183.8427 average_last200: -157.4479 epis: 0.2379 loss: 135.6016 
episode: 95 count: 352 score: -743.2614 average_last200: -163.5501 epis: 0.2344 loss: 342.9526 
episode: 96 count: 307 score: -315.5992 average_last200: -165.1176 epis: 0.2308 loss: 254.5891 
episode: 97 count: 240 score: -131.2704 average_last200: -164.7722 epis: 0.2274 loss: 200.5503 
episode: 98 count: 407 score: -441.0917 average_last200: -167.5633 epis: 0.2240 loss: 332.0161 
episode: 99 count: 121 score: -18.2868 average_last200: -166.0706 epis: 0.2206 loss: 109.1323 
episode: 100 count: 265 score: -167.7730 average_last200: -166.0874 epis: 0.2173 loss: 244.6011 
episode: 101 count: 216 score: -172.4832 average_last200: -166.1501 epis: 0.2140 loss: 185.9035 
episode: 102 count: 131 score: -122.7623 average_last200: -165.7289 epis: 0.2108 loss: 137.6969 
episode: 103 count: 546 score: -222.5180 average_last200: -166.2749 epis: 0.2077 loss: 457.8014 
episode: 104 count: 236 score: -190.7615 average_last200: -166.5081 epis: 0.2046 loss: 205.8209 
episode: 105 count: 350 score: -250.1561 average_last200: -167.2973 epis: 0.2015 loss: 308.1021 
episode: 106 count: 298 score: -228.2980 average_last200: -167.8674 epis: 0.1985 loss: 254.5381 
episode: 107 count: 308 score: -188.5155 average_last200: -168.0586 epis: 0.1955 loss: 311.5536 
episode: 108 count: 309 score: -95.9962 average_last200: -167.3974 epis: 0.1926 loss: 298.1907 
episode: 109 count: 289 score: -324.3309 average_last200: -168.8241 epis: 0.1897 loss: 280.8714 
episode: 110 count: 639 score: -336.7878 average_last200: -170.3373 epis: 0.1868 loss: 637.2125 
episode: 111 count: 432 score: -9.6318 average_last200: -168.9024 epis: 0.1840 loss: 406.4703 
episode: 112 count: 472 score: -84.6290 average_last200: -168.1566 epis: 0.1813 loss: 466.9492 
episode: 113 count: 315 score: -291.1969 average_last200: -169.2359 epis: 0.1785 loss: 332.1347 
episode: 114 count: 355 score: -344.7853 average_last200: -170.7624 epis: 0.1759 loss: 299.0692 
episode: 115 count: 252 score: -309.3961 average_last200: -171.9576 epis: 0.1732 loss: 249.2641 
episode: 116 count: 140 score: -246.9300 average_last200: -172.5984 epis: 0.1706 loss: 154.9014 
episode: 117 count: 203 score: -328.6284 average_last200: -173.9206 epis: 0.1681 loss: 183.8443 
episode: 118 count: 180 score: -129.3265 average_last200: -173.5459 epis: 0.1655 loss: 195.0039 
episode: 119 count: 309 score: -347.9061 average_last200: -174.9989 epis: 0.1631 loss: 279.1933 
episode: 120 count: 171 score: -262.5807 average_last200: -175.7227 epis: 0.1606 loss: 152.3835 
episode: 121 count: 155 score: -60.3674 average_last200: -174.7772 epis: 0.1582 loss: 178.5843 
episode: 122 count: 114 score: -92.7957 average_last200: -174.1107 epis: 0.1558 loss: 106.1829 
episode: 123 count: 219 score: -80.0485 average_last200: -173.3521 epis: 0.1535 loss: 236.5662 
episode: 124 count: 335 score: -388.2157 average_last200: -175.0710 epis: 0.1512 loss: 302.7634 
episode: 125 count: 339 score: -244.3230 average_last200: -175.6206 epis: 0.1489 loss: 333.6518 
episode: 126 count: 555 score: -510.8582 average_last200: -178.2603 epis: 0.1467 loss: 599.9799 
episode: 127 count: 161 score: -141.4639 average_last200: -177.9728 epis: 0.1445 loss: 162.1582 
episode: 128 count: 124 score: -125.0981 average_last200: -177.5629 epis: 0.1423 loss: 116.2967 
episode: 129 count: 390 score: -455.6283 average_last200: -179.7019 epis: 0.1402 loss: 402.3547 
episode: 130 count: 479 score: -408.1232 average_last200: -181.4456 epis: 0.1381 loss: 486.3831 
episode: 131 count: 118 score: -545.3155 average_last200: -184.2022 epis: 0.1360 loss: 106.8635 
episode: 132 count: 146 score: -168.9234 average_last200: -184.0873 epis: 0.1340 loss: 147.5056 
episode: 133 count: 124 score: -250.0410 average_last200: -184.5795 epis: 0.1320 loss: 120.8898 
episode: 134 count: 94 score: -16.9738 average_last200: -183.3380 epis: 0.1300 loss: 106.3811 
episode: 135 count: 100 score: -235.6448 average_last200: -183.7226 epis: 0.1280 loss: 96.4023 
episode: 136 count: 126 score: -399.2418 average_last200: -185.2957 epis: 0.1261 loss: 111.4757 
episode: 137 count: 218 score: -347.2130 average_last200: -186.4690 epis: 0.1242 loss: 208.1840 
episode: 138 count: 361 score: -472.4789 average_last200: -188.5266 epis: 0.1224 loss: 375.7086 
episode: 139 count: 134 score: -284.7641 average_last200: -189.2141 epis: 0.1205 loss: 129.1231 
episode: 140 count: 193 score: -225.0540 average_last200: -189.4682 epis: 0.1187 loss: 178.3834 
episode: 141 count: 155 score: -98.7813 average_last200: -188.8296 epis: 0.1169 loss: 146.5951 
episode: 142 count: 216 score: -378.5692 average_last200: -190.1564 epis: 0.1152 loss: 177.8285 
episode: 143 count: 105 score: -168.8513 average_last200: -190.0085 epis: 0.1135 loss: 103.8362 
episode: 144 count: 137 score: -258.7837 average_last200: -190.4828 epis: 0.1118 loss: 133.0515 
episode: 145 count: 111 score: -151.7903 average_last200: -190.2178 epis: 0.1101 loss: 100.0598 
episode: 146 count: 90 score: -32.0973 average_last200: -189.1421 epis: 0.1084 loss: 79.5869 
episode: 147 count: 295 score: -438.1147 average_last200: -190.8244 epis: 0.1068 loss: 256.9981 
episode: 148 count: 181 score: -403.9966 average_last200: -192.2551 epis: 0.1052 loss: 154.7335 
episode: 149 count: 135 score: -322.3040 average_last200: -193.1221 epis: 0.1036 loss: 122.0329 
episode: 150 count: 258 score: -340.9182 average_last200: -194.1008 epis: 0.1021 loss: 214.7448 
episode: 151 count: 136 score: -32.3443 average_last200: -193.0367 epis: 0.1005 loss: 110.6404 
episode: 152 count: 132 score: -158.6546 average_last200: -192.8119 epis: 0.0990 loss: 104.1461 
episode: 153 count: 111 score: -232.3963 average_last200: -193.0690 epis: 0.0975 loss: 98.2351 
episode: 154 count: 157 score: -20.7595 average_last200: -191.9573 epis: 0.0961 loss: 132.4810 
episode: 155 count: 114 score: -86.3612 average_last200: -191.2804 epis: 0.0946 loss: 110.0782 
episode: 156 count: 203 score: -350.0754 average_last200: -192.2918 epis: 0.0932 loss: 191.5789 
episode: 157 count: 348 score: -459.0432 average_last200: -193.9801 epis: 0.0918 loss: 324.9063 
episode: 158 count: 220 score: -63.8465 average_last200: -193.1617 epis: 0.0904 loss: 212.7356 
episode: 159 count: 159 score: -238.1785 average_last200: -193.4430 epis: 0.0891 loss: 128.6285 
episode: 160 count: 147 score: -257.6577 average_last200: -193.8419 epis: 0.0877 loss: 125.2258 
episode: 161 count: 224 score: -404.3886 average_last200: -195.1416 epis: 0.0864 loss: 198.1666 
episode: 162 count: 88 score: -91.9678 average_last200: -194.5086 epis: 0.0851 loss: 88.6473 
episode: 163 count: 213 score: -44.1982 average_last200: -193.5921 epis: 0.0839 loss: 192.1027 
episode: 164 count: 200 score: -78.8401 average_last200: -192.8966 epis: 0.0826 loss: 183.2625 
episode: 165 count: 208 score: 158.1620 average_last200: -190.7818 epis: 0.0814 loss: 169.4312 
episode: 166 count: 192 score: -32.2105 average_last200: -189.8323 epis: 0.0801 loss: 173.4163 
episode: 167 count: 768 score: -450.7224 average_last200: -191.3852 epis: 0.0789 loss: 720.6935 
episode: 168 count: 121 score: -219.9118 average_last200: -191.5540 epis: 0.0778 loss: 108.3699 
episode: 169 count: 291 score: -506.3013 average_last200: -193.4054 epis: 0.0766 loss: 243.6251 
episode: 170 count: 358 score: 182.6267 average_last200: -191.2064 epis: 0.0754 loss: 298.3147 
episode: 171 count: 94 score: -401.5162 average_last200: -192.4291 epis: 0.0743 loss: 74.9782 
episode: 172 count: 196 score: -54.3486 average_last200: -191.6310 epis: 0.0732 loss: 191.3234 
episode: 173 count: 100 score: -226.4961 average_last200: -191.8314 epis: 0.0721 loss: 97.3658 
episode: 174 count: 322 score: -523.1355 average_last200: -193.7245 epis: 0.0710 loss: 266.5625 
episode: 175 count: 372 score: 146.7413 average_last200: -191.7901 epis: 0.0699 loss: 302.8781 
episode: 176 count: 167 score: -372.3410 average_last200: -192.8101 epis: 0.0689 loss: 157.0674 
episode: 177 count: 96 score: -404.4413 average_last200: -193.9991 epis: 0.0679 loss: 81.0843 
episode: 178 count: 168 score: -325.4857 average_last200: -194.7336 epis: 0.0668 loss: 139.5279 
episode: 179 count: 111 score: -136.2051 average_last200: -194.4085 epis: 0.0658 loss: 83.4098 
episode: 180 count: 227 score: -112.2522 average_last200: -193.9546 epis: 0.0649 loss: 188.1330 
episode: 181 count: 158 score: -82.2049 average_last200: -193.3406 epis: 0.0639 loss: 126.3017 
episode: 182 count: 313 score: 136.7816 average_last200: -191.5366 epis: 0.0629 loss: 244.4812 
episode: 183 count: 143 score: -610.2793 average_last200: -193.8124 epis: 0.0620 loss: 113.3639 
episode: 184 count: 161 score: -402.5447 average_last200: -194.9407 epis: 0.0611 loss: 131.2362 
episode: 185 count: 114 score: -263.6640 average_last200: -195.3102 epis: 0.0601 loss: 97.4955 
episode: 186 count: 135 score: -176.3470 average_last200: -195.2087 epis: 0.0592 loss: 95.8361 
episode: 187 count: 302 score: -597.9561 average_last200: -197.3510 epis: 0.0583 loss: 253.7904 
episode: 188 count: 186 score: -535.1439 average_last200: -199.1383 epis: 0.0575 loss: 158.6155 
episode: 189 count: 153 score: -868.3201 average_last200: -202.6603 epis: 0.0566 loss: 120.4649 
episode: 190 count: 158 score: -170.2111 average_last200: -202.4904 epis: 0.0558 loss: 144.2869 
episode: 191 count: 197 score: -126.9897 average_last200: -202.0972 epis: 0.0549 loss: 180.1610 
episode: 192 count: 123 score: -111.8846 average_last200: -201.6297 epis: 0.0541 loss: 106.0789 
episode: 193 count: 114 score: -151.1372 average_last200: -201.3695 epis: 0.0533 loss: 96.1136 
episode: 194 count: 115 score: -300.5121 average_last200: -201.8779 epis: 0.0525 loss: 100.0203 
episode: 195 count: 161 score: -44.7709 average_last200: -201.0763 epis: 0.0517 loss: 134.2340 
episode: 196 count: 141 score: -364.3919 average_last200: -201.9053 epis: 0.0509 loss: 113.1964 
episode: 197 count: 88 score: -170.7321 average_last200: -201.7479 epis: 0.0502 loss: 78.9248 
episode: 198 count: 102 score: -199.5334 average_last200: -201.7368 epis: 0.0494 loss: 98.4185 
episode: 199 count: 126 score: -364.9820 average_last200: -202.5530 epis: 0.0487 loss: 107.1263 
episode: 200 count: 147 score: -159.8427 average_last200: -202.3434 epis: 0.0479 loss: 131.6157 
episode: 201 count: 121 score: -121.6352 average_last200: -202.1182 epis: 0.0472 loss: 109.3054 
episode: 202 count: 143 score: -136.2807 average_last200: -202.2054 epis: 0.0465 loss: 117.5361 
episode: 203 count: 145 score: -27.1142 average_last200: -201.1785 epis: 0.0458 loss: 127.0638 
episode: 204 count: 164 score: -56.9327 average_last200: -200.5895 epis: 0.0451 loss: 140.9490 
episode: 205 count: 158 score: -133.5008 average_last200: -198.9710 epis: 0.0444 loss: 141.2186 
episode: 206 count: 145 score: -103.8448 average_last200: -198.8575 epis: 0.0438 loss: 123.5285 
episode: 207 count: 146 score: -297.8884 average_last200: -199.6534 epis: 0.0431 loss: 134.4988 
episode: 208 count: 106 score: -159.9052 average_last200: -199.0514 epis: 0.0425 loss: 97.7835 
episode: 209 count: 150 score: -310.3442 average_last200: -197.6128 epis: 0.0418 loss: 139.7788 
episode: 210 count: 110 score: -333.8790 average_last200: -197.3110 epis: 0.0412 loss: 85.9432 
episode: 211 count: 153 score: -332.7946 average_last200: -197.2674 epis: 0.0406 loss: 126.0764 
episode: 212 count: 116 score: -125.2419 average_last200: -197.1997 epis: 0.0400 loss: 104.1733 
episode: 213 count: 165 score: -233.9228 average_last200: -197.1342 epis: 0.0394 loss: 136.0513 
episode: 214 count: 311 score: -207.1711 average_last200: -196.7269 epis: 0.0388 loss: 245.7273 
episode: 215 count: 135 score: -81.0218 average_last200: -194.3751 epis: 0.0382 loss: 105.8268 
episode: 216 count: 96 score: -323.3423 average_last200: -195.2369 epis: 0.0376 loss: 79.8912 
episode: 217 count: 164 score: -170.2625 average_last200: -195.4930 epis: 0.0371 loss: 124.8990 
episode: 218 count: 122 score: -240.0061 average_last200: -194.0042 epis: 0.0365 loss: 111.0528 
episode: 219 count: 61 score: -211.5361 average_last200: -194.0137 epis: 0.0360 loss: 48.6464 
episode: 220 count: 76 score: -188.8471 average_last200: -194.1399 epis: 0.0354 loss: 60.4662 
episode: 221 count: 97 score: -410.7319 average_last200: -195.1270 epis: 0.0349 loss: 80.4954 
episode: 222 count: 110 score: -138.8662 average_last200: -195.0355 epis: 0.0344 loss: 93.4198 
episode: 223 count: 147 score: -201.9122 average_last200: -195.8131 epis: 0.0339 loss: 123.6378 
episode: 224 count: 124 score: -120.6675 average_last200: -194.2876 epis: 0.0334 loss: 101.8514 
episode: 225 count: 159 score: -56.4761 average_last200: -193.7358 epis: 0.0329 loss: 130.0122 
episode: 226 count: 114 score: -137.3434 average_last200: -193.6447 epis: 0.0324 loss: 88.7043 
episode: 227 count: 186 score: -93.3509 average_last200: -193.3431 epis: 0.0319 loss: 132.2391 
episode: 228 count: 120 score: -31.7816 average_last200: -192.8117 epis: 0.0314 loss: 93.9765 
episode: 229 count: 186 score: -234.3112 average_last200: -193.4626 epis: 0.0309 loss: 138.1752 
episode: 230 count: 146 score: -188.7644 average_last200: -193.9589 epis: 0.0305 loss: 127.5031 
episode: 231 count: 134 score: -93.4869 average_last200: -193.6993 epis: 0.0300 loss: 115.7870 
episode: 232 count: 187 score: -332.8744 average_last200: -195.0792 epis: 0.0296 loss: 177.7555 
episode: 233 count: 372 score: -241.8482 average_last200: -195.7846 epis: 0.0291 loss: 294.9081 
episode: 234 count: 126 score: -347.2038 average_last200: -196.9613 epis: 0.0287 loss: 96.0066 
episode: 235 count: 155 score: -458.5148 average_last200: -198.1737 epis: 0.0282 loss: 122.5959 
episode: 236 count: 133 score: -100.5034 average_last200: -198.1901 epis: 0.0278 loss: 110.2953 
episode: 237 count: 97 score: -105.2251 average_last200: -198.4875 epis: 0.0274 loss: 82.2248 
episode: 238 count: 255 score: -226.3907 average_last200: -199.1741 epis: 0.0270 loss: 190.6875 
episode: 239 count: 151 score: -66.0908 average_last200: -198.4081 epis: 0.0266 loss: 113.1317 
episode: 240 count: 69 score: -280.9252 average_last200: -199.2492 epis: 0.0262 loss: 55.2074 
episode: 241 count: 158 score: -57.1799 average_last200: -199.0571 epis: 0.0258 loss: 120.3992 
episode: 242 count: 191 score: -109.3882 average_last200: -199.3524 epis: 0.0254 loss: 139.0297 
episode: 243 count: 159 score: -389.4416 average_last200: -200.6801 epis: 0.0250 loss: 114.8149 
episode: 244 count: 485 score: -427.7449 average_last200: -202.3012 epis: 0.0247 loss: 340.7979 
episode: 245 count: 324 score: -145.8946 average_last200: -202.4172 epis: 0.0243 loss: 239.0456 
episode: 246 count: 239 score: -262.2242 average_last200: -203.5839 epis: 0.0239 loss: 158.2369 
episode: 247 count: 114 score: -205.9898 average_last200: -204.4732 epis: 0.0236 loss: 83.1873 
episode: 248 count: 470 score: -690.4643 average_last200: -207.2285 epis: 0.0232 loss: 315.7333 
episode: 249 count: 120 score: -29.8647 average_last200: -207.0572 epis: 0.0229 loss: 81.2004 
episode: 250 count: 170 score: -144.9717 average_last200: -207.4192 epis: 0.0225 loss: 111.7814 
episode: 251 count: 98 score: -507.2127 average_last200: -209.5459 epis: 0.0222 loss: 63.3504 
episode: 252 count: 152 score: -280.9196 average_last200: -210.7395 epis: 0.0218 loss: 103.2538 
episode: 253 count: 119 score: -438.6455 average_last200: -212.6111 epis: 0.0215 loss: 81.6224 
episode: 254 count: 76 score: -570.7180 average_last200: -214.8711 epis: 0.0212 loss: 61.6374 
episode: 255 count: 94 score: -633.9150 average_last200: -217.8576 epis: 0.0209 loss: 76.0051 
episode: 256 count: 156 score: -451.0890 average_last200: -219.3971 epis: 0.0206 loss: 125.6917 
episode: 257 count: 98 score: -569.9652 average_last200: -221.6573 epis: 0.0203 loss: 78.7919 
episode: 258 count: 126 score: -349.2606 average_last200: -222.0368 epis: 0.0200 loss: 90.9484 
episode: 259 count: 98 score: -218.4819 average_last200: -222.9192 epis: 0.0197 loss: 67.4200 
episode: 260 count: 131 score: -120.4349 average_last200: -223.1803 epis: 0.0194 loss: 92.1103 
episode: 261 count: 121 score: -156.1657 average_last200: -222.8652 epis: 0.0191 loss: 85.1462 
episode: 262 count: 195 score: -124.5536 average_last200: -223.2025 epis: 0.0188 loss: 134.6503 
episode: 263 count: 102 score: -754.5225 average_last200: -227.0223 epis: 0.0185 loss: 74.1677 
episode: 264 count: 78 score: -432.1343 average_last200: -228.9596 epis: 0.0182 loss: 61.0944 
episode: 265 count: 167 score: -610.7378 average_last200: -231.9262 epis: 0.0179 loss: 120.9671 
episode: 266 count: 266 score: -408.4800 average_last200: -234.0683 epis: 0.0177 loss: 194.9549 
episode: 267 count: 149 score: -485.1315 average_last200: -236.1089 epis: 0.0174 loss: 103.9167 
episode: 268 count: 134 score: -650.2899 average_last200: -238.7738 epis: 0.0172 loss: 99.7264 
episode: 269 count: 230 score: -348.8605 average_last200: -239.0213 epis: 0.0169 loss: 173.4653 
episode: 270 count: 146 score: -64.3921 average_last200: -238.0536 epis: 0.0166 loss: 105.5939 
episode: 271 count: 102 score: -493.2320 average_last200: -240.1876 epis: 0.0164 loss: 70.7726 
episode: 272 count: 92 score: -558.6496 average_last200: -242.5218 epis: 0.0161 loss: 72.7945 
episode: 273 count: 120 score: -664.6214 average_last200: -245.5321 epis: 0.0159 loss: 103.5322 
episode: 274 count: 111 score: -400.0964 average_last200: -247.0487 epis: 0.0157 loss: 82.3244 
episode: 275 count: 261 score: -365.6490 average_last200: -248.4075 epis: 0.0154 loss: 217.1478 
episode: 276 count: 91 score: -560.8884 average_last200: -250.9457 epis: 0.0152 loss: 73.4070 
episode: 277 count: 155 score: -210.6256 average_last200: -251.3887 epis: 0.0150 loss: 123.7930 
episode: 278 count: 84 score: -638.8308 average_last200: -254.0424 epis: 0.0147 loss: 68.1681 
episode: 279 count: 132 score: -456.1228 average_last200: -256.2156 epis: 0.0145 loss: 99.4825 
episode: 280 count: 168 score: -41.8051 average_last200: -255.1907 epis: 0.0143 loss: 117.3230 
episode: 281 count: 141 score: -655.7499 average_last200: -258.1585 epis: 0.0141 loss: 101.3264 
episode: 282 count: 200 score: -153.5067 average_last200: -258.4392 epis: 0.0139 loss: 138.9201 
episode: 283 count: 111 score: -118.7351 average_last200: -258.3547 epis: 0.0137 loss: 82.2886 
episode: 284 count: 147 score: -69.9397 average_last200: -257.7017 epis: 0.0135 loss: 103.0702 
episode: 285 count: 88 score: -170.2833 average_last200: -258.4549 epis: 0.0133 loss: 57.0747 
episode: 286 count: 153 score: -536.4417 average_last200: -258.8927 epis: 0.0131 loss: 110.3973 
episode: 287 count: 149 score: -26.9450 average_last200: -258.3383 epis: 0.0129 loss: 106.9122 
episode: 288 count: 120 score: -439.7588 average_last200: -258.3096 epis: 0.0127 loss: 84.2020 
episode: 289 count: 94 score: -551.2416 average_last200: -260.3571 epis: 0.0125 loss: 69.1190 
episode: 290 count: 156 score: -89.2665 average_last200: -260.0329 epis: 0.0123 loss: 133.4030 
episode: 291 count: 162 score: -327.2820 average_last200: -260.1293 epis: 0.0121 loss: 128.2976 
episode: 292 count: 114 score: -267.2526 average_last200: -260.6625 epis: 0.0119 loss: 104.7071 
episode: 293 count: 130 score: -231.0083 average_last200: -261.1324 epis: 0.0118 loss: 101.3138 
episode: 294 count: 108 score: -258.6569 average_last200: -261.5065 epis: 0.0116 loss: 72.9341 
episode: 295 count: 102 score: -251.4533 average_last200: -259.0475 epis: 0.0114 loss: 73.7123 
episode: 296 count: 180 score: -49.4064 average_last200: -257.7165 epis: 0.0112 loss: 126.5639 
episode: 297 count: 87 score: -45.1630 average_last200: -257.2860 epis: 0.0111 loss: 57.6357 
episode: 298 count: 143 score: -28.7353 average_last200: -255.2242 epis: 0.0109 loss: 105.4223 
episode: 299 count: 82 score: -530.6319 average_last200: -257.7859 epis: 0.0107 loss: 65.3334 
episode: 300 count: 110 score: -256.8570 average_last200: -258.2313 epis: 0.0106 loss: 72.4436 
episode: 301 count: 116 score: -109.5897 average_last200: -257.9169 epis: 0.0104 loss: 79.1414 
episode: 302 count: 176 score: -254.4547 average_last200: -258.5753 epis: 0.0103 loss: 145.4799 
episode: 303 count: 107 score: -127.8557 average_last200: -258.1020 epis: 0.0101 loss: 82.7525 
episode: 304 count: 151 score: -256.5138 average_last200: -258.4308 epis: 0.0100 loss: 118.5254 
episode: 305 count: 167 score: -97.9407 average_last200: -257.6697 epis: 0.0098 loss: 109.0171 
episode: 306 count: 120 score: -238.7747 average_last200: -257.7221 epis: 0.0097 loss: 81.7424 
episode: 307 count: 104 score: -241.5470 average_last200: -257.9872 epis: 0.0095 loss: 70.5658 
episode: 308 count: 172 score: -73.6355 average_last200: -257.8754 epis: 0.0094 loss: 118.1642 
episode: 309 count: 113 score: -448.4302 average_last200: -258.4959 epis: 0.0092 loss: 89.6232 
episode: 310 count: 117 score: -152.9358 average_last200: -257.5767 epis: 0.0091 loss: 91.7369 
episode: 311 count: 112 score: -361.3540 average_last200: -259.3353 epis: 0.0090 loss: 88.3648 
episode: 312 count: 118 score: -498.6270 average_last200: -261.4053 epis: 0.0088 loss: 87.1167 
episode: 313 count: 118 score: -302.3642 average_last200: -261.4611 epis: 0.0087 loss: 100.4670 
episode: 314 count: 268 score: -85.5317 average_last200: -260.1648 epis: 0.0086 loss: 222.1611 
episode: 315 count: 90 score: -196.7905 average_last200: -259.6018 epis: 0.0084 loss: 62.7104 
episode: 316 count: 133 score: -150.9753 average_last200: -259.1220 epis: 0.0083 loss: 101.0746 
episode: 317 count: 101 score: -413.5568 average_last200: -259.5467 epis: 0.0082 loss: 90.9465 
episode: 318 count: 159 score: -34.4666 average_last200: -259.0724 epis: 0.0081 loss: 133.5216 
episode: 319 count: 110 score: -384.2907 average_last200: -259.2543 epis: 0.0079 loss: 90.0519 
episode: 320 count: 150 score: -92.2163 average_last200: -258.4025 epis: 0.0078 loss: 114.1941 
episode: 321 count: 117 score: -160.3218 average_last200: -258.9023 epis: 0.0077 loss: 102.0081 
episode: 322 count: 142 score: -224.8058 average_last200: -259.5623 epis: 0.0076 loss: 111.6150 
episode: 323 count: 105 score: -168.9231 average_last200: -260.0067 epis: 0.0075 loss: 75.8147 
episode: 324 count: 104 score: -179.0379 average_last200: -258.9608 epis: 0.0074 loss: 79.9867 
episode: 325 count: 133 score: -121.6917 average_last200: -258.3476 epis: 0.0072 loss: 104.8096 
episode: 326 count: 90 score: -206.0215 average_last200: -256.8234 epis: 0.0071 loss: 78.9573 
episode: 327 count: 95 score: -187.2095 average_last200: -257.0522 epis: 0.0070 loss: 67.9681 
episode: 328 count: 126 score: -217.2003 average_last200: -257.5127 epis: 0.0069 loss: 97.2304 
episode: 329 count: 103 score: -287.6219 average_last200: -256.6727 epis: 0.0068 loss: 79.0038 
episode: 330 count: 104 score: -202.0495 average_last200: -255.6423 epis: 0.0067 loss: 82.9628 
episode: 331 count: 72 score: -202.4897 average_last200: -253.9282 epis: 0.0066 loss: 61.4822 
episode: 332 count: 104 score: -189.9898 average_last200: -254.0335 epis: 0.0065 loss: 70.4370 
episode: 333 count: 146 score: -8.7007 average_last200: -252.8268 epis: 0.0064 loss: 112.0737 
episode: 334 count: 78 score: -250.7348 average_last200: -253.9956 epis: 0.0063 loss: 60.3714 
episode: 335 count: 95 score: -219.1534 average_last200: -253.9131 epis: 0.0062 loss: 67.2468 
episode: 336 count: 148 score: -61.6817 average_last200: -252.2253 epis: 0.0061 loss: 115.4391 
episode: 337 count: 106 score: -284.4214 average_last200: -251.9114 epis: 0.0060 loss: 78.2954 
episode: 338 count: 98 score: -320.4075 average_last200: -251.1510 epis: 0.0060 loss: 78.2958 
episode: 339 count: 72 score: -173.5714 average_last200: -250.5951 epis: 0.0059 loss: 54.1792 
episode: 340 count: 109 score: -526.0835 average_last200: -252.1002 epis: 0.0058 loss: 90.9198 
episode: 341 count: 116 score: -137.8511 average_last200: -252.2956 epis: 0.0057 loss: 109.2048 
episode: 342 count: 184 score: -128.0728 average_last200: -251.0431 epis: 0.0056 loss: 161.8401 
episode: 343 count: 187 score: -18.1505 average_last200: -250.2896 epis: 0.0055 loss: 153.0925 
episode: 344 count: 106 score: -205.5895 average_last200: -250.0236 epis: 0.0054 loss: 86.7516 
episode: 345 count: 153 score: -90.4191 average_last200: -249.7167 epis: 0.0054 loss: 137.2002 
episode: 346 count: 100 score: -254.2854 average_last200: -250.8277 epis: 0.0053 loss: 88.6179 
episode: 347 count: 99 score: -682.4356 average_last200: -252.0493 epis: 0.0052 loss: 88.9674 
episode: 348 count: 204 score: -95.8697 average_last200: -250.5087 epis: 0.0051 loss: 166.4107 
episode: 349 count: 147 score: -317.5613 average_last200: -250.4849 epis: 0.0050 loss: 132.2859 
episode: 350 count: 75 score: -201.5421 average_last200: -249.7881 epis: 0.0050 loss: 67.5985 
episode: 351 count: 204 score: -114.0156 average_last200: -250.1964 epis: 0.0049 loss: 204.9406 
episode: 352 count: 102 score: -344.1181 average_last200: -251.1237 epis: 0.0048 loss: 100.3252 
episode: 353 count: 105 score: -229.4662 average_last200: -251.1091 epis: 0.0047 loss: 94.1073 
episode: 354 count: 120 score: -40.6669 average_last200: -251.2086 epis: 0.0047 loss: 123.7035 
episode: 355 count: 136 score: -156.8497 average_last200: -251.5611 epis: 0.0046 loss: 120.5166 
episode: 356 count: 159 score: -424.3845 average_last200: -251.9326 epis: 0.0045 loss: 149.9204 
episode: 357 count: 110 score: -145.2570 average_last200: -250.3637 epis: 0.0045 loss: 107.2671 
episode: 358 count: 101 score: -144.0293 average_last200: -250.7646 epis: 0.0044 loss: 101.1890 
episode: 359 count: 95 score: -384.5938 average_last200: -251.4967 epis: 0.0043 loss: 95.4277 
episode: 360 count: 78 score: -177.7352 average_last200: -251.0971 epis: 0.0043 loss: 77.9664 
episode: 361 count: 66 score: -365.2191 average_last200: -250.9012 epis: 0.0042 loss: 66.2071 
episode: 362 count: 162 score: -121.4693 average_last200: -251.0487 epis: 0.0041 loss: 173.7766 
episode: 363 count: 110 score: -132.2698 average_last200: -251.4891 epis: 0.0041 loss: 118.6758 
episode: 364 count: 117 score: -87.8520 average_last200: -251.5341 epis: 0.0040 loss: 126.8899 
episode: 365 count: 106 score: -161.3005 average_last200: -253.1314 epis: 0.0040 loss: 108.4268 
episode: 366 count: 115 score: -271.3471 average_last200: -254.3271 epis: 0.0039 loss: 118.4434 
episode: 367 count: 106 score: -184.1020 average_last200: -252.9940 epis: 0.0038 loss: 121.5661 
episode: 368 count: 118 score: -126.9008 average_last200: -252.5290 epis: 0.0038 loss: 142.9190 
episode: 369 count: 124 score: -96.0146 average_last200: -250.4775 epis: 0.0037 loss: 133.3721 
episode: 370 count: 68 score: -469.7447 average_last200: -253.7394 epis: 0.0037 loss: 81.4254 
episode: 371 count: 93 score: -295.8301 average_last200: -253.2110 epis: 0.0036 loss: 94.4583 
episode: 372 count: 73 score: -293.4599 average_last200: -254.4065 epis: 0.0036 loss: 65.8156 
episode: 373 count: 106 score: -100.9207 average_last200: -253.7786 epis: 0.0035 loss: 121.4840 
episode: 374 count: 166 score: -97.3592 average_last200: -251.6498 epis: 0.0035 loss: 181.8530 
episode: 375 count: 149 score: -218.3388 average_last200: -253.4752 epis: 0.0034 loss: 167.2591 
episode: 376 count: 102 score: -74.3816 average_last200: -251.9854 epis: 0.0034 loss: 107.6559 
episode: 377 count: 101 score: -242.0953 average_last200: -251.1736 epis: 0.0033 loss: 116.2089 
episode: 378 count: 103 score: -580.1667 average_last200: -252.4470 epis: 0.0033 loss: 104.2013 
episode: 379 count: 110 score: -420.7734 average_last200: -253.8699 epis: 0.0032 loss: 109.7288 
episode: 380 count: 109 score: -227.5668 average_last200: -254.4465 epis: 0.0032 loss: 116.6638 
episode: 381 count: 140 score: -128.7624 average_last200: -254.6792 epis: 0.0031 loss: 155.9904 
episode: 382 count: 118 score: -65.9116 average_last200: -255.6927 epis: 0.0031 loss: 143.1092 
episode: 383 count: 134 score: -169.8386 average_last200: -253.4905 epis: 0.0030 loss: 158.1248 
episode: 384 count: 78 score: -211.8672 average_last200: -252.5371 epis: 0.0030 loss: 87.2669 
episode: 385 count: 97 score: -131.3648 average_last200: -251.8756 epis: 0.0029 loss: 114.7096 
episode: 386 count: 108 score: -285.3919 average_last200: -252.4208 epis: 0.0029 loss: 144.3123 
episode: 387 count: 97 score: -175.3835 average_last200: -250.3080 epis: 0.0028 loss: 127.3573 
episode: 388 count: 136 score: -187.5005 average_last200: -248.5698 epis: 0.0028 loss: 151.7814 
episode: 389 count: 104 score: -140.9815 average_last200: -244.9331 epis: 0.0028 loss: 117.7866 
episode: 390 count: 143 score: -128.1442 average_last200: -244.7227 epis: 0.0027 loss: 186.8525 
episode: 391 count: 80 score: -161.2276 average_last200: -244.8939 epis: 0.0027 loss: 76.3259 
episode: 392 count: 97 score: -128.7580 average_last200: -244.9783 epis: 0.0026 loss: 109.8197 
episode: 393 count: 98 score: -184.8025 average_last200: -245.1466 epis: 0.0026 loss: 117.4705 
episode: 394 count: 111 score: -37.4816 average_last200: -243.8315 epis: 0.0026 loss: 137.1779 
episode: 395 count: 90 score: -172.5986 average_last200: -244.4706 epis: 0.0025 loss: 100.6769 
episode: 396 count: 77 score: -151.9724 average_last200: -243.4085 epis: 0.0025 loss: 110.2028 
episode: 397 count: 94 score: -290.7708 average_last200: -244.0087 epis: 0.0024 loss: 132.3076 
episode: 398 count: 55 score: -170.0780 average_last200: -243.8614 epis: 0.0024 loss: 73.5803 
episode: 399 count: 124 score: -309.7027 average_last200: -243.5850 epis: 0.0024 loss: 163.3293 
episode: 400 count: 141 score: -270.5842 average_last200: -244.1387 epis: 0.0023 loss: 168.9849 
episode: 401 count: 127 score: -89.2181 average_last200: -243.9766 epis: 0.0023 loss: 189.4372 
episode: 402 count: 88 score: -241.1092 average_last200: -244.5008 epis: 0.0023 loss: 121.4334 
episode: 403 count: 75 score: -114.2703 average_last200: -244.9366 epis: 0.0022 loss: 112.7737 
episode: 404 count: 135 score: -273.0709 average_last200: -246.0173 epis: 0.0022 loss: 152.2174 
episode: 405 count: 111 score: -174.4111 average_last200: -246.2218 epis: 0.0022 loss: 122.4171 
episode: 406 count: 112 score: -196.2614 average_last200: -246.6839 epis: 0.0021 loss: 133.6607 
episode: 407 count: 165 score: -170.7840 average_last200: -246.0484 epis: 0.0021 loss: 189.5906 
episode: 408 count: 130 score: -163.6393 average_last200: -246.0670 epis: 0.0021 loss: 135.4283 
episode: 409 count: 95 score: -371.8674 average_last200: -246.3747 epis: 0.0020 loss: 95.6794 
episode: 410 count: 90 score: -355.2455 average_last200: -246.4815 epis: 0.0020 loss: 94.7823 
episode: 411 count: 73 score: -162.0530 average_last200: -245.6278 epis: 0.0020 loss: 76.5901 
episode: 412 count: 256 score: -250.1449 average_last200: -246.2523 epis: 0.0019 loss: 292.0633 
episode: 413 count: 174 score: -385.9725 average_last200: -247.0125 epis: 0.0019 loss: 186.6774 
episode: 414 count: 121 score: -511.6691 average_last200: -248.5350 epis: 0.0019 loss: 150.7729 
episode: 415 count: 142 score: -113.3321 average_last200: -248.6966 epis: 0.0019 loss: 169.1375 
episode: 416 count: 142 score: -67.3379 average_last200: -247.4166 epis: 0.0018 loss: 173.8209 
episode: 417 count: 189 score: -79.1802 average_last200: -246.9612 epis: 0.0018 loss: 209.0819 
episode: 418 count: 119 score: -138.0569 average_last200: -246.4514 epis: 0.0018 loss: 150.2798 
episode: 419 count: 79 score: -606.9043 average_last200: -248.4283 epis: 0.0018 loss: 99.2183 
episode: 420 count: 97 score: -624.5068 average_last200: -250.6066 epis: 0.0017 loss: 106.9366 
episode: 421 count: 85 score: -454.7397 average_last200: -250.8266 epis: 0.0017 loss: 101.9701 
episode: 422 count: 103 score: -399.4324 average_last200: -252.1294 epis: 0.0017 loss: 134.0124 
episode: 423 count: 88 score: -45.4782 average_last200: -251.3473 epis: 0.0016 loss: 110.5578 
episode: 424 count: 105 score: -187.4389 average_last200: -251.6811 epis: 0.0016 loss: 136.0191 
episode: 425 count: 93 score: -142.5164 average_last200: -252.1113 epis: 0.0016 loss: 102.9338 
episode: 426 count: 173 score: -144.9633 average_last200: -252.1494 epis: 0.0016 loss: 221.5444 
episode: 427 count: 123 score: -180.3931 average_last200: -252.5846 epis: 0.0016 loss: 158.0370 
episode: 428 count: 150 score: -201.8567 average_last200: -253.4350 epis: 0.0015 loss: 193.4872 
episode: 429 count: 78 score: -228.7632 average_last200: -253.4073 epis: 0.0015 loss: 117.3260 
episode: 430 count: 124 score: -157.6031 average_last200: -253.2514 epis: 0.0015 loss: 149.6764 
episode: 431 count: 142 score: -106.6629 average_last200: -253.3173 epis: 0.0015 loss: 190.5512 
episode: 432 count: 86 score: -303.1820 average_last200: -253.1689 epis: 0.0014 loss: 115.9769 
episode: 433 count: 82 score: -175.3722 average_last200: -252.8365 epis: 0.0014 loss: 120.0046 
episode: 434 count: 102 score: -161.7965 average_last200: -251.9094 epis: 0.0014 loss: 137.3132 
episode: 435 count: 151 score: -72.0861 average_last200: -249.9773 epis: 0.0014 loss: 241.7871 
episode: 436 count: 89 score: -192.1904 average_last200: -250.4357 epis: 0.0014 loss: 126.9800 
episode: 437 count: 75 score: -198.2556 average_last200: -250.9009 epis: 0.0013 loss: 107.0555 
episode: 438 count: 61 score: -126.9491 average_last200: -250.4037 epis: 0.0013 loss: 86.4560 
episode: 439 count: 84 score: -235.3002 average_last200: -251.2497 epis: 0.0013 loss: 153.4952 
episode: 440 count: 65 score: -187.2682 average_last200: -250.7814 epis: 0.0013 loss: 108.8097 
episode: 441 count: 57 score: -206.4817 average_last200: -251.5280 epis: 0.0013 loss: 86.8768 
episode: 442 count: 111 score: -195.6707 average_last200: -251.9594 epis: 0.0012 loss: 159.0271 
episode: 443 count: 85 score: -187.8865 average_last200: -250.9516 epis: 0.0012 loss: 126.5510 
episode: 444 count: 80 score: -170.2063 average_last200: -249.6639 epis: 0.0012 loss: 121.9130 
episode: 445 count: 83 score: -215.4278 average_last200: -250.0116 epis: 0.0012 loss: 113.5554 
episode: 446 count: 107 score: -144.4466 average_last200: -249.4227 epis: 0.0012 loss: 169.5348 
episode: 447 count: 88 score: -115.8500 average_last200: -248.9720 epis: 0.0011 loss: 132.3481 
episode: 448 count: 115 score: -140.2544 average_last200: -246.2209 epis: 0.0011 loss: 174.0851 
episode: 449 count: 82 score: -257.7922 average_last200: -247.3606 epis: 0.0011 loss: 110.2832 
episode: 450 count: 104 score: -161.1647 average_last200: -247.4415 epis: 0.0011 loss: 167.4606 
episode: 451 count: 98 score: -504.0693 average_last200: -247.4258 epis: 0.0011 loss: 134.0900 
episode: 452 count: 109 score: -94.8756 average_last200: -246.4956 epis: 0.0011 loss: 165.6324 
episode: 453 count: 85 score: -229.9942 average_last200: -245.4523 epis: 0.0010 loss: 138.9847 
episode: 454 count: 110 score: -154.5260 average_last200: -243.3714 epis: 0.0010 loss: 177.1062 
episode: 455 count: 115 score: -124.1092 average_last200: -240.8223 epis: 0.0010 loss: 189.2815 
episode: 456 count: 94 score: -113.4517 average_last200: -239.1342 epis: 0.0010 loss: 149.3574 
episode: 457 count: 102 score: -219.3747 average_last200: -237.3812 epis: 0.0010 loss: 163.6701 
episode: 458 count: 117 score: -153.7294 average_last200: -236.4036 epis: 0.0010 loss: 159.5076 
episode: 459 count: 90 score: -232.0097 average_last200: -236.4712 epis: 0.0010 loss: 132.1781 
episode: 460 count: 72 score: -202.8235 average_last200: -236.8831 epis: 0.0009 loss: 114.2850 
episode: 461 count: 147 score: -132.4793 average_last200: -236.7647 epis: 0.0009 loss: 226.7058 
episode: 462 count: 117 score: -178.6931 average_last200: -237.0354 epis: 0.0009 loss: 183.0476 
episode: 463 count: 74 score: -161.1364 average_last200: -234.0685 epis: 0.0009 loss: 107.1093 
episode: 464 count: 69 score: -135.2461 average_last200: -232.5840 epis: 0.0009 loss: 100.5997 
episode: 465 count: 57 score: -187.6306 average_last200: -230.4685 epis: 0.0009 loss: 84.3703 
episode: 466 count: 101 score: -261.1572 average_last200: -229.7319 epis: 0.0009 loss: 149.8753 
episode: 467 count: 74 score: -145.3624 average_last200: -228.0330 epis: 0.0008 loss: 108.3182 
episode: 468 count: 61 score: -115.9260 average_last200: -225.3612 epis: 0.0008 loss: 93.9198 
episode: 469 count: 93 score: -169.3047 average_last200: -224.4634 epis: 0.0008 loss: 133.7292 
episode: 470 count: 173 score: -212.7899 average_last200: -225.2054 epis: 0.0008 loss: 270.2385 
episode: 471 count: 180 score: -217.9341 average_last200: -223.8289 epis: 0.0008 loss: 290.3915 
episode: 472 count: 108 score: -188.2414 average_last200: -221.9769 epis: 0.0008 loss: 176.8691 
episode: 473 count: 125 score: -152.3081 average_last200: -219.4153 epis: 0.0008 loss: 191.9395 
episode: 474 count: 63 score: -185.0946 average_last200: -218.3403 epis: 0.0008 loss: 128.7573 
episode: 475 count: 80 score: -106.4108 average_last200: -217.0441 epis: 0.0008 loss: 138.0794 
episode: 476 count: 136 score: -223.3808 average_last200: -215.3566 epis: 0.0007 loss: 232.2721 
episode: 477 count: 87 score: -172.5556 average_last200: -215.1662 epis: 0.0007 loss: 134.5508 
episode: 478 count: 67 score: -236.1124 average_last200: -213.1526 epis: 0.0007 loss: 120.5221 
episode: 479 count: 70 score: -178.1323 average_last200: -211.7627 epis: 0.0007 loss: 120.1170 
episode: 480 count: 84 score: -132.9777 average_last200: -212.2186 epis: 0.0007 loss: 131.1031 
episode: 481 count: 121 score: -181.0760 average_last200: -209.8452 epis: 0.0007 loss: 218.5622 
episode: 482 count: 64 score: -103.5021 average_last200: -209.5952 epis: 0.0007 loss: 121.6074 
episode: 483 count: 143 score: -215.1550 average_last200: -210.0773 epis: 0.0007 loss: 232.2778 
episode: 484 count: 76 score: -150.2943 average_last200: -210.4790 epis: 0.0007 loss: 138.0423 
episode: 485 count: 90 score: -241.2292 average_last200: -210.8338 epis: 0.0006 loss: 151.6533 
episode: 486 count: 70 score: -222.3538 average_last200: -209.2633 epis: 0.0006 loss: 123.8368 
episode: 487 count: 77 score: -173.0849 average_last200: -209.9940 epis: 0.0006 loss: 132.3216 
episode: 488 count: 119 score: -108.4693 average_last200: -208.3376 epis: 0.0006 loss: 206.6737 
episode: 489 count: 74 score: -203.4153 average_last200: -206.5984 epis: 0.0006 loss: 143.3026 
episode: 490 count: 73 score: -142.0217 average_last200: -206.8622 epis: 0.0006 loss: 136.0508 
episode: 491 count: 110 score: -129.7195 average_last200: -205.8744 epis: 0.0006 loss: 199.1589 
episode: 492 count: 59 score: -127.4069 average_last200: -205.1752 epis: 0.0006 loss: 102.0397 
episode: 493 count: 58 score: -128.6051 average_last200: -204.6632 epis: 0.0006 loss: 100.0971 
episode: 494 count: 91 score: -156.6206 average_last200: -204.1530 epis: 0.0006 loss: 168.3893 
episode: 495 count: 119 score: -93.3879 average_last200: -203.3627 epis: 0.0006 loss: 219.3272 
episode: 496 count: 101 score: -161.5433 average_last200: -203.9233 epis: 0.0005 loss: 169.9849 
episode: 497 count: 96 score: -188.6156 average_last200: -204.6406 epis: 0.0005 loss: 155.1338 
episode: 498 count: 113 score: -129.7401 average_last200: -205.1456 epis: 0.0005 loss: 174.0103 
episode: 499 count: 78 score: -202.2499 average_last200: -203.5037 epis: 0.0005 loss: 130.1164 
episode: 500 count: 66 score: -149.0662 average_last200: -202.9648 epis: 0.0005 loss: 100.6019 
episode: 501 count: 84 score: -222.7271 average_last200: -203.5305 epis: 0.0005 loss: 142.1988 
episode: 502 count: 66 score: -181.9461 average_last200: -203.1679 epis: 0.0005 loss: 99.1200 
episode: 503 count: 101 score: -110.7491 average_last200: -203.0824 epis: 0.0005 loss: 164.8835 
episode: 504 count: 129 score: -151.1652 average_last200: -202.5556 epis: 0.0005 loss: 188.7962 
episode: 505 count: 79 score: -200.4559 average_last200: -203.0682 epis: 0.0005 loss: 125.6337 
episode: 506 count: 173 score: -151.3555 average_last200: -202.6311 epis: 0.0005 loss: 266.1630 
episode: 507 count: 54 score: -148.8230 average_last200: -202.1675 epis: 0.0005 loss: 91.0997 
episode: 508 count: 62 score: -131.7010 average_last200: -202.4578 epis: 0.0005 loss: 105.0277 
episode: 509 count: 89 score: -292.2939 average_last200: -201.6771 epis: 0.0004 loss: 155.1289 
episode: 510 count: 74 score: -348.3864 average_last200: -202.6544 epis: 0.0004 loss: 123.0258 
episode: 511 count: 59 score: -105.1929 average_last200: -201.3736 epis: 0.0004 loss: 95.5967 
episode: 512 count: 93 score: -184.0699 average_last200: -199.8008 epis: 0.0004 loss: 159.2237 
episode: 513 count: 73 score: -120.3992 average_last200: -198.8910 epis: 0.0004 loss: 107.5495 
episode: 514 count: 100 score: -196.3006 average_last200: -199.4448 epis: 0.0004 loss: 149.0197 
episode: 515 count: 96 score: -188.1876 average_last200: -199.4018 epis: 0.0004 loss: 152.9276 
episode: 516 count: 88 score: -172.8450 average_last200: -199.5112 epis: 0.0004 loss: 136.8479 
episode: 517 count: 79 score: -169.8253 average_last200: -198.2925 epis: 0.0004 loss: 126.2080 
episode: 518 count: 54 score: -147.2450 average_last200: -198.8564 epis: 0.0004 loss: 89.9972 
episode: 519 count: 86 score: -460.2922 average_last200: -199.2364 epis: 0.0004 loss: 125.6454 
episode: 520 count: 132 score: -250.5822 average_last200: -200.0282 epis: 0.0004 loss: 202.8816 
episode: 521 count: 171 score: -180.8505 average_last200: -200.1309 epis: 0.0004 loss: 275.4422 
episode: 522 count: 102 score: -197.5121 average_last200: -199.9944 epis: 0.0004 loss: 173.0361 
episode: 523 count: 82 score: -230.9670 average_last200: -200.3046 epis: 0.0004 loss: 136.9443 
episode: 524 count: 111 score: -186.7851 average_last200: -200.3434 epis: 0.0004 loss: 189.7179 
episode: 525 count: 83 score: -203.6940 average_last200: -200.7534 epis: 0.0004 loss: 134.7662 
episode: 526 count: 224 score: -116.6512 average_last200: -200.3065 epis: 0.0003 loss: 380.6320 
episode: 527 count: 67 score: -178.0996 average_last200: -200.2610 epis: 0.0003 loss: 125.1376 
episode: 528 count: 88 score: -362.5366 average_last200: -200.9876 epis: 0.0003 loss: 135.8736 
episode: 529 count: 145 score: -176.8587 average_last200: -200.4338 epis: 0.0003 loss: 273.9730 
episode: 530 count: 93 score: -270.1073 average_last200: -200.7741 epis: 0.0003 loss: 162.6015 
episode: 531 count: 119 score: -156.4577 average_last200: -200.5440 epis: 0.0003 loss: 214.5231 
episode: 532 count: 153 score: -275.8134 average_last200: -200.9731 epis: 0.0003 loss: 256.0928 
episode: 533 count: 67 score: -213.7316 average_last200: -201.9982 epis: 0.0003 loss: 119.4482 
episode: 534 count: 96 score: -103.3671 average_last200: -201.2614 epis: 0.0003 loss: 168.8175 
episode: 535 count: 52 score: -115.0718 average_last200: -200.7410 epis: 0.0003 loss: 82.1801 
episode: 536 count: 152 score: -126.0778 average_last200: -201.0630 epis: 0.0003 loss: 279.4093 
episode: 537 count: 87 score: -143.2737 average_last200: -200.3572 epis: 0.0003 loss: 139.1613 
episode: 538 count: 89 score: 12.3941 average_last200: -198.6932 epis: 0.0003 loss: 148.0944 
episode: 539 count: 438 score: -139.4982 average_last200: -198.5229 epis: 0.0003 loss: 776.4301 
episode: 540 count: 171 score: -452.3982 average_last200: -198.1544 epis: 0.0003 loss: 296.1430 
episode: 541 count: 106 score: -103.0885 average_last200: -197.9806 epis: 0.0003 loss: 178.9659 
episode: 542 count: 160 score: -166.2153 average_last200: -198.1713 epis: 0.0003 loss: 287.0381 
episode: 543 count: 58 score: -158.0963 average_last200: -198.8711 epis: 0.0003 loss: 96.6371 
episode: 544 count: 245 score: -303.7307 average_last200: -199.3618 epis: 0.0003 loss: 424.6287 
episode: 545 count: 125 score: -343.0479 average_last200: -200.6249 epis: 0.0003 loss: 220.5583 
episode: 546 count: 102 score: -183.5144 average_last200: -200.2711 epis: 0.0003 loss: 182.2328 
episode: 547 count: 100 score: -362.8939 average_last200: -198.6733 epis: 0.0003 loss: 185.9480 
episode: 548 count: 79 score: -288.1684 average_last200: -199.6348 epis: 0.0002 loss: 146.1528 
episode: 549 count: 84 score: -191.4366 average_last200: -199.0042 epis: 0.0002 loss: 146.9734 
episode: 550 count: 73 score: -204.6540 average_last200: -199.0198 epis: 0.0002 loss: 127.9409 
episode: 551 count: 244 score: -413.2756 average_last200: -200.5161 epis: 0.0002 loss: 410.7590 
episode: 552 count: 54 score: -338.5724 average_last200: -200.4883 epis: 0.0002 loss: 89.2011 
episode: 553 count: 80 score: -739.2346 average_last200: -203.0372 epis: 0.0002 loss: 139.7055 
episode: 554 count: 257 score: -1230.7056 average_last200: -208.9874 epis: 0.0002 loss: 449.0537 
episode: 555 count: 254 score: -373.0395 average_last200: -210.0683 epis: 0.0002 loss: 462.1744 
episode: 556 count: 52 score: -236.9571 average_last200: -209.1312 epis: 0.0002 loss: 90.4425 
episode: 557 count: 93 score: -424.8418 average_last200: -210.5291 epis: 0.0002 loss: 163.5017 
episode: 558 count: 88 score: -252.3543 average_last200: -211.0707 epis: 0.0002 loss: 160.7762 
episode: 559 count: 100 score: -189.1512 average_last200: -210.0935 epis: 0.0002 loss: 195.7934 
episode: 560 count: 122 score: -420.0043 average_last200: -211.3049 epis: 0.0002 loss: 236.4032 
episode: 561 count: 580 score: -314.2300 average_last200: -211.0499 epis: 0.0002 loss: 1118.8657 
episode: 562 count: 86 score: -164.0071 average_last200: -211.2626 epis: 0.0002 loss: 161.8499 
episode: 563 count: 109 score: -463.7792 average_last200: -212.9202 epis: 0.0002 loss: 208.3790 
episode: 564 count: 99 score: -299.1679 average_last200: -213.9767 epis: 0.0002 loss: 178.8307 
episode: 565 count: 71 score: -601.7793 average_last200: -216.1791 epis: 0.0002 loss: 131.0214 
episode: 566 count: 82 score: -222.3557 average_last200: -215.9342 epis: 0.0002 loss: 159.3944 
episode: 567 count: 129 score: -407.7485 average_last200: -217.0524 epis: 0.0002 loss: 231.1606 
episode: 568 count: 102 score: -118.1021 average_last200: -217.0084 epis: 0.0002 loss: 202.1039 
episode: 569 count: 257 score: -355.4559 average_last200: -218.3056 epis: 0.0002 loss: 514.5245 
episode: 570 count: 113 score: -495.1154 average_last200: -218.4325 epis: 0.0002 loss: 208.6347 
episode: 571 count: 50 score: -469.6539 average_last200: -219.3016 epis: 0.0002 loss: 86.0961 
episode: 572 count: 126 score: -334.0603 average_last200: -219.5046 epis: 0.0002 loss: 236.5251 
episode: 573 count: 71 score: -713.5002 average_last200: -222.5675 epis: 0.0002 loss: 112.7607 
episode: 574 count: 137 score: -668.0727 average_last200: -225.4211 epis: 0.0002 loss: 239.2275 
episode: 575 count: 98 score: -540.9970 average_last200: -227.0344 epis: 0.0002 loss: 155.0591 
episode: 576 count: 104 score: -516.5405 average_last200: -229.2452 epis: 0.0002 loss: 180.7731 
episode: 577 count: 100 score: -499.7309 average_last200: -230.5333 epis: 0.0002 loss: 156.0524 
episode: 578 count: 104 score: -149.6146 average_last200: -228.3806 epis: 0.0002 loss: 196.0443 
episode: 579 count: 53 score: -184.7587 average_last200: -227.2005 epis: 0.0002 loss: 86.4961 
episode: 580 count: 87 score: -256.1360 average_last200: -227.3433 epis: 0.0002 loss: 147.3012 
episode: 581 count: 101 score: -445.2920 average_last200: -228.9260 epis: 0.0002 loss: 150.2411 
episode: 582 count: 91 score: -476.5308 average_last200: -230.9791 epis: 0.0001 loss: 155.9679 
episode: 583 count: 76 score: -529.4469 average_last200: -232.7771 epis: 0.0001 loss: 125.3646 
episode: 584 count: 116 score: -207.2876 average_last200: -232.7542 epis: 0.0001 loss: 198.0105 
episode: 585 count: 97 score: -478.0017 average_last200: -234.4874 epis: 0.0001 loss: 160.8747 
episode: 586 count: 85 score: -161.8295 average_last200: -233.8696 epis: 0.0001 loss: 147.1509 
episode: 587 count: 102 score: -228.9363 average_last200: -234.1374 epis: 0.0001 loss: 177.8594 
episode: 588 count: 86 score: -545.8213 average_last200: -235.9290 epis: 0.0001 loss: 163.6833 
episode: 589 count: 186 score: -289.1984 average_last200: -236.6701 epis: 0.0001 loss: 327.9600 
episode: 590 count: 100 score: -563.7257 average_last200: -238.8480 epis: 0.0001 loss: 166.3329 
episode: 591 count: 99 score: -388.1459 average_last200: -239.9826 epis: 0.0001 loss: 172.6358 
episode: 592 count: 105 score: -420.4061 average_last200: -241.4408 epis: 0.0001 loss: 176.4074 
episode: 593 count: 119 score: -74.1137 average_last200: -240.8874 epis: 0.0001 loss: 215.5275 
episode: 594 count: 86 score: -586.7839 average_last200: -243.6339 epis: 0.0001 loss: 137.6208 
episode: 595 count: 81 score: -355.7354 average_last200: -244.5495 epis: 0.0001 loss: 150.1088 
episode: 596 count: 99 score: -376.4835 average_last200: -245.6721 epis: 0.0001 loss: 152.5253 
episode: 597 count: 124 score: -642.2436 average_last200: -247.4295 epis: 0.0001 loss: 217.0732 
episode: 598 count: 191 score: -128.6830 average_last200: -247.2225 epis: 0.0001 loss: 340.7424 
episode: 599 count: 348 score: -202.3914 average_last200: -246.6859 epis: 0.0001 loss: 602.6531 
episode: 600 count: 106 score: -453.5869 average_last200: -247.6009 epis: 0.0001 loss: 167.7043 
episode: 601 count: 110 score: -415.8202 average_last200: -249.2340 epis: 0.0001 loss: 193.1042 
episode: 602 count: 159 score: -186.7225 average_last200: -248.9620 epis: 0.0001 loss: 277.7921 
episode: 603 count: 122 score: -53.8585 average_last200: -248.6600 epis: 0.0001 loss: 211.6546 
episode: 604 count: 262 score: -272.7808 average_last200: -248.6585 epis: 0.0001 loss: 422.8811 
episode: 605 count: 95 score: -202.9498 average_last200: -248.8012 epis: 0.0001 loss: 153.2896 
episode: 606 count: 218 score: -154.6233 average_last200: -248.5930 epis: 0.0001 loss: 346.2600 
episode: 607 count: 734 score: -519.3539 average_last200: -250.3359 epis: 0.0001 loss: 983.8014 
episode: 608 count: 276 score: -123.0201 average_last200: -250.1328 epis: 0.0001 loss: 374.3466 
episode: 609 count: 94 score: -179.5041 average_last200: -249.1710 epis: 0.0001 loss: 147.8378 
episode: 610 count: 78 score: -155.8802 average_last200: -248.1741 epis: 0.0001 loss: 107.1847 
episode: 611 count: 332 score: -188.2744 average_last200: -248.3052 epis: 0.0001 loss: 417.4338 
episode: 612 count: 487 score: -651.7971 average_last200: -250.3135 epis: 0.0001 loss: 559.1061 
episode: 613 count: 128 score: -150.7904 average_last200: -249.1376 epis: 0.0001 loss: 150.9688 
episode: 614 count: 161 score: -104.8883 average_last200: -247.1037 epis: 0.0001 loss: 177.5722 
episode: 615 count: 146 score: -278.4343 average_last200: -247.9292 epis: 0.0001 loss: 156.9502 
episode: 616 count: 240 score: -312.8800 average_last200: -249.1569 epis: 0.0001 loss: 263.5367 
episode: 617 count: 122 score: -404.9026 average_last200: -250.7855 epis: 0.0001 loss: 128.6711 
episode: 618 count: 323 score: -151.5251 average_last200: -250.8529 epis: 0.0001 loss: 344.2056 
episode: 619 count: 471 score: -463.8918 average_last200: -250.1378 epis: 0.0001 loss: 499.1512 
episode: 620 count: 199 score: -477.7754 average_last200: -249.4041 epis: 0.0001 loss: 199.5729 
episode: 621 count: 456 score: -376.0460 average_last200: -249.0107 epis: 0.0001 loss: 457.0044 
episode: 622 count: 172 score: -714.7770 average_last200: -250.5874 epis: 0.0001 loss: 169.2714 
episode: 623 count: 279 score: -285.8484 average_last200: -251.7892 epis: 0.0001 loss: 304.7942 
episode: 624 count: 422 score: -205.1277 average_last200: -251.8777 epis: 0.0001 loss: 436.7869 
episode: 625 count: 337 score: -447.2876 average_last200: -253.4015 epis: 0.0001 loss: 372.0802 
episode: 626 count: 294 score: -306.2273 average_last200: -254.2079 epis: 0.0001 loss: 338.4564 
episode: 627 count: 124 score: -360.3964 average_last200: -255.1079 epis: 0.0001 loss: 134.1306 
episode: 628 count: 322 score: -704.6536 average_last200: -257.6219 epis: 0.0001 loss: 328.0757 
episode: 629 count: 351 score: -331.4868 average_last200: -258.1355 epis: 0.0001 loss: 363.8650 
episode: 630 count: 309 score: -363.6260 average_last200: -259.1656 epis: 0.0001 loss: 303.3364 
episode: 631 count: 115 score: -470.2402 average_last200: -260.9835 epis: 0.0001 loss: 110.6282 
episode: 632 count: 178 score: -299.2463 average_last200: -260.9638 epis: 0.0001 loss: 193.2490 
episode: 633 count: 138 score: -350.8874 average_last200: -261.8414 epis: 0.0001 loss: 129.9193 
episode: 634 count: 144 score: -353.7016 average_last200: -262.8009 epis: 0.0001 loss: 159.5030 
episode: 635 count: 318 score: -215.2118 average_last200: -263.5165 epis: 0.0001 loss: 367.6247 
episode: 636 count: 167 score: -327.5241 average_last200: -264.1932 epis: 0.0001 loss: 187.2648 
episode: 637 count: 293 score: -298.4689 average_last200: -264.6943 epis: 0.0001 loss: 344.4257 
episode: 638 count: 250 score: -295.7957 average_last200: -265.5385 epis: 0.0001 loss: 286.7381 
episode: 639 count: 107 score: -223.4668 average_last200: -265.4793 epis: 0.0001 loss: 123.1749 
episode: 640 count: 366 score: -188.3100 average_last200: -265.4845 epis: 0.0001 loss: 420.8324 
episode: 641 count: 338 score: -401.5177 average_last200: -266.4597 epis: 0.0001 loss: 356.2551 
episode: 642 count: 228 score: -477.8123 average_last200: -267.8704 epis: 0.0001 loss: 243.7740 
episode: 643 count: 82 score: -143.9683 average_last200: -267.6508 epis: 0.0001 loss: 96.8535 
episode: 644 count: 285 score: -144.2365 average_last200: -267.5210 epis: 0.0001 loss: 324.9375 
episode: 645 count: 112 score: -141.6805 average_last200: -267.1523 epis: 0.0001 loss: 142.5617 
episode: 646 count: 83 score: -279.4660 average_last200: -267.8274 epis: 0.0001 loss: 97.3381 
episode: 647 count: 121 score: -277.8765 average_last200: -268.6375 epis: 0.0001 loss: 138.3550 
episode: 648 count: 122 score: -226.0564 average_last200: -269.0665 epis: 0.0001 loss: 132.6442 
episode: 649 count: 429 score: -414.1346 average_last200: -269.8482 epis: 0.0001 loss: 478.5506 
episode: 650 count: 379 score: -685.2401 average_last200: -272.4686 epis: 0.0001 loss: 398.5516 
episode: 651 count: 365 score: -569.5143 average_last200: -272.7958 epis: 0.0001 loss: 404.3062 
episode: 652 count: 158 score: -177.5361 average_last200: -273.2091 epis: 0.0001 loss: 180.8837 
episode: 653 count: 333 score: -237.1372 average_last200: -273.2448 epis: 0.0001 loss: 371.9360 
episode: 654 count: 416 score: -171.6909 average_last200: -273.3307 epis: 0.0001 loss: 465.5133 
episode: 655 count: 67 score: -201.8674 average_last200: -273.7194 epis: 0.0000 loss: 80.4695 
episode: 656 count: 160 score: -316.2439 average_last200: -274.7334 epis: 0.0000 loss: 187.1731 
episode: 657 count: 342 score: -225.3928 average_last200: -274.7635 epis: 0.0000 loss: 395.2071 
episode: 658 count: 242 score: -194.7001 average_last200: -274.9683 epis: 0.0000 loss: 265.4738 
episode: 659 count: 172 score: -157.1496 average_last200: -274.5940 epis: 0.0000 loss: 189.0860 
episode: 660 count: 804 score: -579.1594 average_last200: -276.4757 epis: 0.0000 loss: 959.4955 
episode: 661 count: 134 score: -353.8192 average_last200: -277.5824 epis: 0.0000 loss: 158.4360 
episode: 662 count: 1000 score: -144.4016 average_last200: -277.4110 epis: 0.0000 loss: 985.0124 
episode: 663 count: 326 score: -335.3134 average_last200: -278.2819 epis: 0.0000 loss: 332.0166 
episode: 664 count: 358 score: -564.8080 average_last200: -280.4297 epis: 0.0000 loss: 357.7803 
episode: 665 count: 141 score: -356.4822 average_last200: -281.2739 epis: 0.0000 loss: 127.5649 
episode: 666 count: 522 score: -216.7141 average_last200: -281.0517 epis: 0.0000 loss: 469.4820 
episode: 667 count: 146 score: -528.0687 average_last200: -282.9652 epis: 0.0000 loss: 118.2696 
episode: 668 count: 499 score: -230.7978 average_last200: -283.5396 epis: 0.0000 loss: 396.6712 
episode: 669 count: 488 score: -208.8416 average_last200: -283.7373 epis: 0.0000 loss: 369.7268 
episode: 670 count: 842 score: -241.0174 average_last200: -283.8784 epis: 0.0000 loss: 671.5049 
episode: 671 count: 183 score: -252.8384 average_last200: -284.0529 epis: 0.0000 loss: 147.1851 
episode: 672 count: 80 score: -627.5400 average_last200: -286.2494 epis: 0.0000 loss: 71.6270 
episode: 673 count: 139 score: -581.7910 average_last200: -288.3968 epis: 0.0000 loss: 106.7799 
episode: 674 count: 99 score: -575.6334 average_last200: -290.3495 epis: 0.0000 loss: 98.0680 
episode: 675 count: 83 score: -320.2295 average_last200: -291.4186 epis: 0.0000 loss: 72.0894 
episode: 676 count: 750 score: -215.9816 average_last200: -291.3816 epis: 0.0000 loss: 566.0098 
episode: 677 count: 691 score: -416.2130 average_last200: -292.5999 epis: 0.0000 loss: 498.4138 
episode: 678 count: 400 score: -167.0965 average_last200: -292.2548 epis: 0.0000 loss: 289.6732 
episode: 679 count: 383 score: -136.0716 average_last200: -292.0445 epis: 0.0000 loss: 267.3904 
episode: 680 count: 502 score: -132.4360 average_last200: -292.0418 epis: 0.0000 loss: 350.8448 
episode: 681 count: 105 score: -162.1220 average_last200: -291.9471 epis: 0.0000 loss: 65.0686 
episode: 682 count: 661 score: -211.7726 average_last200: -292.4884 epis: 0.0000 loss: 438.0326 
episode: 683 count: 989 score: -321.1400 average_last200: -293.0183 epis: 0.0000 loss: 708.0750 
episode: 684 count: 219 score: -124.1460 average_last200: -292.8876 epis: 0.0000 loss: 143.3592 
episode: 685 count: 382 score: -160.6586 average_last200: -292.4847 epis: 0.0000 loss: 262.1471 
episode: 686 count: 791 score: -326.5371 average_last200: -293.0057 epis: 0.0000 loss: 554.7543 
episode: 687 count: 330 score: -360.8446 average_last200: -293.9445 epis: 0.0000 loss: 244.6052 
episode: 688 count: 142 score: -673.9669 average_last200: -296.7719 epis: 0.0000 loss: 98.8941 
episode: 689 count: 244 score: -446.0866 average_last200: -297.9853 epis: 0.0000 loss: 165.2528 
episode: 690 count: 217 score: -708.7984 average_last200: -300.8192 epis: 0.0000 loss: 177.2411 
episode: 691 count: 143 score: -629.2901 average_last200: -303.3170 epis: 0.0000 loss: 111.7473 
episode: 692 count: 147 score: -449.3445 average_last200: -304.9267 epis: 0.0000 loss: 132.4194 
episode: 693 count: 303 score: -474.6248 average_last200: -306.6568 epis: 0.0000 loss: 231.8124 
episode: 694 count: 88 score: -663.0869 average_last200: -309.1892 epis: 0.0000 loss: 75.2793 
episode: 695 count: 165 score: -237.4668 average_last200: -309.9096 epis: 0.0000 loss: 138.5883 
episode: 696 count: 115 score: -154.5533 average_last200: -309.8746 epis: 0.0000 loss: 88.5352 
episode: 697 count: 163 score: -788.1682 average_last200: -312.8724 epis: 0.0000 loss: 123.4097 
episode: 698 count: 144 score: -466.5245 average_last200: -314.5563 epis: 0.0000 loss: 116.0049 
episode: 699 count: 223 score: -308.1073 average_last200: -315.0856 epis: 0.0000 loss: 153.4284 
episode: 700 count: 125 score: -578.0375 average_last200: -317.2304 epis: 0.0000 loss: 91.6993 
episode: 701 count: 90 score: -417.6351 average_last200: -318.2050 epis: 0.0000 loss: 57.7292 
episode: 702 count: 107 score: -265.1850 average_last200: -318.6212 epis: 0.0000 loss: 73.5369 
episode: 703 count: 77 score: -670.1171 average_last200: -321.4180 epis: 0.0000 loss: 52.2067 
episode: 704 count: 84 score: -512.8663 average_last200: -323.2265 epis: 0.0000 loss: 65.4542 
episode: 705 count: 127 score: -613.7334 average_last200: -325.2929 epis: 0.0000 loss: 91.2346 
episode: 706 count: 107 score: -531.1774 average_last200: -327.1920 epis: 0.0000 loss: 83.6988 
episode: 707 count: 129 score: -647.5828 average_last200: -329.6858 epis: 0.0000 loss: 93.4287 
episode: 708 count: 279 score: -684.4926 average_last200: -332.4498 epis: 0.0000 loss: 209.2001 
episode: 709 count: 103 score: -420.2211 average_last200: -333.0894 epis: 0.0000 loss: 81.6527 
episode: 710 count: 312 score: -258.2453 average_last200: -332.6387 epis: 0.0000 loss: 216.4431 
episode: 711 count: 332 score: -492.2774 average_last200: -334.5741 epis: 0.0000 loss: 225.4638 
episode: 712 count: 98 score: -689.7971 average_last200: -337.1028 epis: 0.0000 loss: 64.7309 
episode: 713 count: 120 score: -699.8061 average_last200: -339.9998 epis: 0.0000 loss: 77.9530 
episode: 714 count: 99 score: -307.7601 average_last200: -340.5571 epis: 0.0000 loss: 69.2001 
episode: 715 count: 81 score: -761.0988 average_last200: -343.4216 epis: 0.0000 loss: 55.9243 
episode: 716 count: 195 score: -576.1373 average_last200: -345.4381 epis: 0.0000 loss: 127.4089 
episode: 717 count: 160 score: -593.6786 average_last200: -347.5574 epis: 0.0000 loss: 99.6930 
episode: 718 count: 139 score: -508.2015 average_last200: -349.3622 epis: 0.0000 loss: 107.3101 
episode: 719 count: 214 score: -506.8120 average_last200: -349.5948 epis: 0.0000 loss: 151.9848 
episode: 720 count: 301 score: -831.6367 average_last200: -352.5000 epis: 0.0000 loss: 220.1208 
episode: 721 count: 75 score: -690.9479 average_last200: -355.0505 epis: 0.0000 loss: 49.7187 
episode: 722 count: 79 score: -687.0937 average_last200: -357.4984 epis: 0.0000 loss: 55.8706 
episode: 723 count: 173 score: -564.4808 average_last200: -359.1660 epis: 0.0000 loss: 116.3496 
episode: 724 count: 228 score: -567.7085 average_last200: -361.0706 epis: 0.0000 loss: 166.2133 
episode: 725 count: 161 score: -833.7884 average_last200: -364.2211 epis: 0.0000 loss: 119.1316 
episode: 726 count: 151 score: -486.7581 average_last200: -366.0716 epis: 0.0000 loss: 108.7418 
episode: 727 count: 187 score: -560.9131 average_last200: -367.9857 epis: 0.0000 loss: 135.6596 
episode: 728 count: 101 score: -661.2056 average_last200: -369.4790 epis: 0.0000 loss: 77.5716 
episode: 729 count: 144 score: -720.0882 average_last200: -372.1952 epis: 0.0000 loss: 115.3024 
episode: 730 count: 93 score: -230.8477 average_last200: -371.9989 epis: 0.0000 loss: 84.7350 
episode: 731 count: 93 score: -302.3893 average_last200: -372.7285 epis: 0.0000 loss: 83.4792 
episode: 732 count: 200 score: -673.1904 average_last200: -374.7154 epis: 0.0000 loss: 159.8525 
episode: 733 count: 212 score: -559.5841 average_last200: -376.4447 epis: 0.0000 loss: 180.7010 
episode: 734 count: 116 score: -580.9090 average_last200: -378.8324 epis: 0.0000 loss: 90.5986 
episode: 735 count: 92 score: -647.6641 average_last200: -381.4954 epis: 0.0000 loss: 71.7130 
episode: 736 count: 136 score: -659.6009 average_last200: -384.1630 epis: 0.0000 loss: 113.4144 
episode: 737 count: 128 score: -859.6107 average_last200: -387.7447 epis: 0.0000 loss: 99.4871 
episode: 738 count: 93 score: -658.3962 average_last200: -391.0986 epis: 0.0000 loss: 76.3550 
episode: 739 count: 80 score: -600.1847 average_last200: -393.4020 epis: 0.0000 loss: 72.2132 
episode: 740 count: 144 score: -232.9237 average_last200: -392.3047 epis: 0.0000 loss: 113.0194 
episode: 741 count: 117 score: -650.6859 average_last200: -395.0427 epis: 0.0000 loss: 81.9913 
episode: 742 count: 102 score: -387.1010 average_last200: -396.1471 epis: 0.0000 loss: 77.9368 
episode: 743 count: 197 score: -571.4681 average_last200: -398.2139 epis: 0.0000 loss: 156.8436 
episode: 744 count: 114 score: -635.7524 average_last200: -399.8741 epis: 0.0000 loss: 84.1403 
episode: 745 count: 148 score: -1023.6269 average_last200: -403.2769 epis: 0.0000 loss: 111.8073 
episode: 746 count: 110 score: -647.3612 average_last200: -405.5962 epis: 0.0000 loss: 86.9783 
episode: 747 count: 116 score: -467.4089 average_last200: -406.1188 epis: 0.0000 loss: 85.6936 
episode: 748 count: 103 score: -735.8970 average_last200: -408.3574 epis: 0.0000 loss: 79.5628 
episode: 749 count: 74 score: -505.3640 average_last200: -409.9270 epis: 0.0000 loss: 51.8722 
episode: 750 count: 98 score: -667.6184 average_last200: -412.2419 epis: 0.0000 loss: 75.5133 
episode: 751 count: 113 score: -460.7763 average_last200: -412.4794 epis: 0.0000 loss: 91.9249 
episode: 752 count: 74 score: -762.8900 average_last200: -414.6009 epis: 0.0000 loss: 64.4461 
episode: 753 count: 128 score: -343.6060 average_last200: -412.6228 epis: 0.0000 loss: 99.9584 
episode: 754 count: 91 score: -336.1528 average_last200: -408.1500 epis: 0.0000 loss: 72.6594 
episode: 755 count: 149 score: -735.7098 average_last200: -409.9634 epis: 0.0000 loss: 121.2558 
episode: 756 count: 120 score: -181.2731 average_last200: -409.6850 epis: 0.0000 loss: 109.1826 
episode: 757 count: 129 score: -701.6376 average_last200: -411.0690 epis: 0.0000 loss: 113.5546 
episode: 758 count: 98 score: -357.0011 average_last200: -411.5922 epis: 0.0000 loss: 78.6600 
episode: 759 count: 109 score: -606.5220 average_last200: -413.6790 epis: 0.0000 loss: 82.4966 
episode: 760 count: 89 score: -633.7405 average_last200: -414.7477 epis: 0.0000 loss: 74.0736 
episode: 761 count: 86 score: -612.5725 average_last200: -416.2394 epis: 0.0000 loss: 79.5221 
episode: 762 count: 106 score: -527.2010 average_last200: -418.0554 epis: 0.0000 loss: 88.0031 
episode: 763 count: 185 score: -807.9124 average_last200: -419.7761 epis: 0.0000 loss: 170.9269 
episode: 764 count: 64 score: -527.3584 average_last200: -420.9170 epis: 0.0000 loss: 57.9037 
episode: 765 count: 93 score: -561.8133 average_last200: -420.7172 epis: 0.0000 loss: 74.6754 
episode: 766 count: 110 score: -448.4337 average_last200: -421.8476 epis: 0.0000 loss: 89.8794 
episode: 767 count: 93 score: -658.3420 average_last200: -423.1005 epis: 0.0000 loss: 73.6371 
episode: 768 count: 132 score: -680.4361 average_last200: -425.9122 epis: 0.0000 loss: 115.7296 
episode: 769 count: 94 score: -515.8800 average_last200: -426.7143 epis: 0.0000 loss: 76.2534 
episode: 770 count: 853 score: -240.9887 average_last200: -425.4437 epis: 0.0000 loss: 701.5712 
episode: 771 count: 850 score: -729.2735 average_last200: -426.7418 epis: 0.0000 loss: 760.6919 
episode: 772 count: 141 score: -185.1450 average_last200: -425.9972 epis: 0.0000 loss: 130.3367 
episode: 773 count: 232 score: -428.8558 average_last200: -424.5740 epis: 0.0000 loss: 205.0212 
episode: 774 count: 392 score: -202.2040 average_last200: -422.2447 epis: 0.0000 loss: 310.3395 
episode: 775 count: 193 score: -308.5052 average_last200: -421.0822 epis: 0.0000 loss: 160.7370 
episode: 776 count: 252 score: -274.7954 average_last200: -419.8735 epis: 0.0000 loss: 217.5090 
episode: 777 count: 325 score: -392.7138 average_last200: -419.3384 epis: 0.0000 loss: 303.3625 
episode: 778 count: 199 score: -518.0867 average_last200: -421.1808 epis: 0.0000 loss: 174.6073 
episode: 779 count: 222 score: -805.2717 average_last200: -424.2833 epis: 0.0000 loss: 189.3763 
episode: 780 count: 87 score: -590.6788 average_last200: -425.9560 epis: 0.0000 loss: 74.6709 
episode: 781 count: 162 score: -555.4465 average_last200: -426.5068 epis: 0.0000 loss: 137.0641 
episode: 782 count: 176 score: -517.4315 average_last200: -426.7113 epis: 0.0000 loss: 154.0111 
episode: 783 count: 125 score: -521.6940 average_last200: -426.6725 epis: 0.0000 loss: 110.6643 
episode: 784 count: 123 score: -372.2308 average_last200: -427.4973 epis: 0.0000 loss: 124.5998 
episode: 785 count: 123 score: -251.6269 average_last200: -426.3654 epis: 0.0000 loss: 114.5638 
episode: 786 count: 255 score: -668.2894 average_last200: -428.8977 epis: 0.0000 loss: 268.9398 
episode: 787 count: 104 score: -538.6402 average_last200: -430.4462 epis: 0.0000 loss: 108.5111 
episode: 788 count: 149 score: -197.9554 average_last200: -428.7069 epis: 0.0000 loss: 162.5071 
episode: 789 count: 394 score: -530.9168 average_last200: -429.9155 epis: 0.0000 loss: 385.6211 
episode: 790 count: 445 score: -509.2607 average_last200: -429.6431 epis: 0.0000 loss: 459.0953 
episode: 791 count: 237 score: -742.9066 average_last200: -431.4169 epis: 0.0000 loss: 226.9511 
episode: 792 count: 159 score: -859.4209 average_last200: -433.6120 epis: 0.0000 loss: 162.2941 
episode: 793 count: 237 score: -250.4559 average_last200: -434.4937 epis: 0.0000 loss: 216.7583 
episode: 794 count: 123 score: -218.7703 average_last200: -432.6537 epis: 0.0000 loss: 120.2890 
episode: 795 count: 267 score: -621.0285 average_last200: -433.9801 epis: 0.0000 loss: 239.4021 
episode: 796 count: 130 score: -253.6634 average_last200: -433.3660 epis: 0.0000 loss: 115.7628 
episode: 797 count: 417 score: -361.1781 average_last200: -431.9607 epis: 0.0000 loss: 376.3070 
episode: 798 count: 125 score: -433.7936 average_last200: -433.4863 epis: 0.0000 loss: 102.5449 
episode: 799 count: 128 score: -371.8555 average_last200: -434.3336 epis: 0.0000 loss: 106.8125 
episode: 800 count: 109 score: -545.5507 average_last200: -434.7934 epis: 0.0000 loss: 101.6581 
episode: 801 count: 168 score: -331.2008 average_last200: -434.3703 epis: 0.0000 loss: 155.8151 
episode: 802 count: 120 score: -272.1069 average_last200: -434.7972 epis: 0.0000 loss: 117.4942 
episode: 803 count: 181 score: -137.6904 average_last200: -435.2164 epis: 0.0000 loss: 169.3461 
episode: 804 count: 248 score: -633.3268 average_last200: -437.0191 epis: 0.0000 loss: 216.6493 
episode: 805 count: 131 score: -223.2479 average_last200: -437.1206 epis: 0.0000 loss: 111.7914 
episode: 806 count: 91 score: -272.5102 average_last200: -437.7100 epis: 0.0000 loss: 75.2758 
episode: 807 count: 275 score: -426.3055 average_last200: -437.2448 epis: 0.0000 loss: 245.1236 
episode: 808 count: 205 score: -568.6150 average_last200: -439.4728 epis: 0.0000 loss: 189.1868 
episode: 809 count: 211 score: -344.1737 average_last200: -440.2961 epis: 0.0000 loss: 184.3851 
episode: 810 count: 127 score: -484.8037 average_last200: -441.9407 epis: 0.0000 loss: 114.6056 
episode: 811 count: 150 score: -643.9795 average_last200: -444.2193 epis: 0.0000 loss: 117.8740 
episode: 812 count: 74 score: -616.6323 average_last200: -444.0434 epis: 0.0000 loss: 63.2315 
episode: 813 count: 138 score: -638.6129 average_last200: -446.4825 epis: 0.0000 loss: 113.7450 
episode: 814 count: 97 score: -334.5039 average_last200: -447.6306 epis: 0.0000 loss: 81.2582 
episode: 815 count: 180 score: -227.0140 average_last200: -447.3735 epis: 0.0000 loss: 149.6758 
episode: 816 count: 79 score: -444.6782 average_last200: -448.0325 epis: 0.0000 loss: 75.1542 
episode: 817 count: 157 score: -224.4918 average_last200: -447.1305 epis: 0.0000 loss: 131.1151 
episode: 818 count: 62 score: -599.7127 average_last200: -449.3714 epis: 0.0000 loss: 51.2213 
episode: 819 count: 237 score: -826.7368 average_last200: -451.1856 epis: 0.0000 loss: 211.8979 
episode: 820 count: 168 score: -345.8439 average_last200: -450.5260 epis: 0.0000 loss: 154.2235 
episode: 821 count: 118 score: -258.8468 average_last200: -449.9400 epis: 0.0000 loss: 111.9417 
episode: 822 count: 97 score: -594.8533 average_last200: -449.3403 epis: 0.0000 loss: 86.6873 
episode: 823 count: 97 score: -309.9878 average_last200: -449.4610 epis: 0.0000 loss: 81.6749 
episode: 824 count: 125 score: -403.5487 average_last200: -450.4531 epis: 0.0000 loss: 115.6934 
episode: 825 count: 121 score: -275.1567 average_last200: -449.5925 epis: 0.0000 loss: 114.5436 
episode: 826 count: 191 score: -431.8329 average_last200: -450.2205 epis: 0.0000 loss: 176.2397 
episode: 827 count: 141 score: -456.5312 average_last200: -450.7012 epis: 0.0000 loss: 132.7591 
episode: 828 count: 115 score: -241.0720 average_last200: -448.3833 epis: 0.0000 loss: 106.7601 
episode: 829 count: 90 score: -577.1794 average_last200: -449.6118 epis: 0.0000 loss: 96.3529 
episode: 830 count: 234 score: -358.3797 average_last200: -449.5855 epis: 0.0000 loss: 212.6191 
episode: 831 count: 109 score: -422.1585 average_last200: -449.3451 epis: 0.0000 loss: 99.6812 
episode: 832 count: 134 score: -306.1572 average_last200: -449.3797 epis: 0.0000 loss: 135.7419 
episode: 833 count: 119 score: -231.1874 average_last200: -448.7812 epis: 0.0000 loss: 103.3797 
episode: 834 count: 329 score: -702.7873 average_last200: -450.5266 epis: 0.0000 loss: 308.1916 
episode: 835 count: 131 score: -152.5385 average_last200: -450.2132 epis: 0.0000 loss: 109.8331 
episode: 836 count: 147 score: -486.1418 average_last200: -451.0063 epis: 0.0000 loss: 145.1074 
episode: 837 count: 83 score: -374.7801 average_last200: -451.3879 epis: 0.0000 loss: 82.8142 
episode: 838 count: 74 score: -657.0209 average_last200: -453.1940 epis: 0.0000 loss: 72.4761 
episode: 839 count: 133 score: -392.0485 average_last200: -454.0369 epis: 0.0000 loss: 140.0894 
episode: 840 count: 192 score: -552.0723 average_last200: -455.8557 epis: 0.0000 loss: 174.0638 
episode: 841 count: 153 score: -115.8531 average_last200: -454.4274 epis: 0.0000 loss: 139.1614 
episode: 842 count: 217 score: -310.1219 average_last200: -453.5889 epis: 0.0000 loss: 192.5913 
episode: 843 count: 119 score: -431.0800 average_last200: -455.0245 epis: 0.0000 loss: 104.3139 
episode: 844 count: 139 score: -461.2204 average_last200: -456.6094 epis: 0.0000 loss: 119.1512 
episode: 845 count: 74 score: -589.2850 average_last200: -458.8474 epis: 0.0000 loss: 65.1563 
episode: 846 count: 95 score: -410.9236 average_last200: -459.5047 epis: 0.0000 loss: 86.6481 
episode: 847 count: 143 score: -370.0975 average_last200: -459.9658 epis: 0.0000 loss: 126.1534 
episode: 848 count: 112 score: -447.2650 average_last200: -461.0719 epis: 0.0000 loss: 108.3094 
episode: 849 count: 125 score: -242.6165 average_last200: -460.2143 epis: 0.0000 loss: 109.8521 
episode: 850 count: 110 score: -188.4453 average_last200: -457.7303 epis: 0.0000 loss: 97.8120 
episode: 851 count: 104 score: -355.6880 average_last200: -456.6612 epis: 0.0000 loss: 94.1494 
episode: 852 count: 183 score: -332.5074 average_last200: -457.4360 epis: 0.0000 loss: 157.2284 
episode: 853 count: 220 score: -198.7104 average_last200: -457.2439 epis: 0.0000 loss: 193.4946 
episode: 854 count: 159 score: -516.5090 average_last200: -458.9680 epis: 0.0000 loss: 139.4599 
episode: 855 count: 157 score: -346.1377 average_last200: -459.6894 epis: 0.0000 loss: 141.9118 
episode: 856 count: 197 score: -373.3039 average_last200: -459.9747 epis: 0.0000 loss: 184.9475 
episode: 857 count: 101 score: -260.8958 average_last200: -460.1522 epis: 0.0000 loss: 91.3301 
episode: 858 count: 91 score: -269.9545 average_last200: -460.5284 epis: 0.0000 loss: 87.1074 
episode: 859 count: 228 score: -231.7926 average_last200: -460.9017 epis: 0.0000 loss: 205.8502 
episode: 860 count: 144 score: -380.7700 average_last200: -459.9097 epis: 0.0000 loss: 136.6519 
episode: 861 count: 131 score: -329.9925 average_last200: -459.7906 epis: 0.0000 loss: 115.2184 
episode: 862 count: 161 score: -546.4546 average_last200: -461.8008 epis: 0.0000 loss: 145.1706 
episode: 863 count: 162 score: -408.3782 average_last200: -462.1662 epis: 0.0000 loss: 154.9716 
episode: 864 count: 69 score: -247.6765 average_last200: -460.5805 epis: 0.0000 loss: 66.7069 
episode: 865 count: 255 score: -208.6095 average_last200: -459.8411 epis: 0.0000 loss: 229.6749 
episode: 866 count: 161 score: -260.8600 average_last200: -460.0619 epis: 0.0000 loss: 159.1482 
episode: 867 count: 153 score: -329.6464 average_last200: -459.0698 epis: 0.0000 loss: 133.2635 
episode: 868 count: 72 score: -316.1565 average_last200: -459.4966 epis: 0.0000 loss: 65.1840 
episode: 869 count: 128 score: -400.7431 average_last200: -460.4561 epis: 0.0000 loss: 113.5785 
episode: 870 count: 196 score: -348.0846 average_last200: -460.9914 epis: 0.0000 loss: 181.7332 
episode: 871 count: 84 score: -167.6091 average_last200: -460.5653 epis: 0.0000 loss: 78.7318 
episode: 872 count: 147 score: -145.4406 average_last200: -458.1548 epis: 0.0000 loss: 138.2933 
episode: 873 count: 119 score: -210.1594 average_last200: -456.2966 epis: 0.0000 loss: 107.6275 
episode: 874 count: 214 score: -670.3581 average_last200: -456.7702 epis: 0.0000 loss: 188.9748 
episode: 875 count: 100 score: -130.7407 average_last200: -455.8228 epis: 0.0000 loss: 96.0895 
episode: 876 count: 108 score: -339.1057 average_last200: -456.4384 epis: 0.0000 loss: 114.1232 
episode: 877 count: 113 score: -349.3268 average_last200: -456.1040 epis: 0.0000 loss: 117.4229 
episode: 878 count: 81 score: -358.1018 average_last200: -457.0590 epis: 0.0000 loss: 80.9995 
episode: 879 count: 156 score: -273.4351 average_last200: -457.7458 epis: 0.0000 loss: 161.3248 
episode: 880 count: 96 score: -320.5095 average_last200: -458.6862 epis: 0.0000 loss: 113.1088 
episode: 881 count: 77 score: -246.5443 average_last200: -459.1083 epis: 0.0000 loss: 85.5288 
episode: 882 count: 181 score: -349.7854 average_last200: -459.7984 epis: 0.0000 loss: 170.4431 
episode: 883 count: 235 score: -461.9727 average_last200: -460.5025 epis: 0.0000 loss: 225.6553 
episode: 884 count: 160 score: -261.8487 average_last200: -461.1910 epis: 0.0000 loss: 167.8112 
episode: 885 count: 80 score: -258.9286 average_last200: -461.6824 epis: 0.0000 loss: 72.1154 
episode: 886 count: 86 score: -472.9582 average_last200: -462.4145 epis: 0.0000 loss: 91.5656 
episode: 887 count: 129 score: -460.6456 average_last200: -462.9135 epis: 0.0000 loss: 126.6846 
episode: 888 count: 187 score: -227.2714 average_last200: -460.6800 epis: 0.0000 loss: 189.2725 
episode: 889 count: 143 score: -182.1295 average_last200: -459.3602 epis: 0.0000 loss: 141.1658 
episode: 890 count: 143 score: -254.7006 average_last200: -457.0897 epis: 0.0000 loss: 142.0708 
episode: 891 count: 119 score: -167.7197 average_last200: -454.7819 epis: 0.0000 loss: 111.7456 
episode: 892 count: 187 score: -255.0778 average_last200: -453.8106 epis: 0.0000 loss: 181.3154 
episode: 893 count: 85 score: -286.5620 average_last200: -452.8702 epis: 0.0000 loss: 86.8090 
episode: 894 count: 350 score: -1061.3944 average_last200: -454.8618 epis: 0.0000 loss: 349.2374 
episode: 895 count: 138 score: -755.5283 average_last200: -457.4521 epis: 0.0000 loss: 154.9519 
episode: 896 count: 121 score: -279.6381 average_last200: -458.0775 epis: 0.0000 loss: 134.6157 
episode: 897 count: 176 score: -84.8070 average_last200: -454.5607 epis: 0.0000 loss: 200.7329 
episode: 898 count: 180 score: -726.1174 average_last200: -455.8587 epis: 0.0000 loss: 198.8213 
episode: 899 count: 87 score: -548.5521 average_last200: -457.0609 epis: 0.0000 loss: 95.6526 
episode: 900 count: 187 score: -399.2215 average_last200: -456.1668 epis: 0.0000 loss: 194.4233 
episode: 901 count: 93 score: -412.9152 average_last200: -456.1432 epis: 0.0000 loss: 98.8206 
episode: 902 count: 139 score: -180.2613 average_last200: -455.7186 epis: 0.0000 loss: 147.9819 
episode: 903 count: 103 score: -217.6045 average_last200: -453.4560 epis: 0.0000 loss: 97.0765 
episode: 904 count: 90 score: -334.5409 average_last200: -452.5644 epis: 0.0000 loss: 93.7135 
episode: 905 count: 162 score: -275.7102 average_last200: -450.8743 epis: 0.0000 loss: 170.8609 
episode: 906 count: 88 score: -230.9152 average_last200: -449.3730 epis: 0.0000 loss: 91.5707 
episode: 907 count: 138 score: -280.7386 average_last200: -447.5388 epis: 0.0000 loss: 141.1509 
episode: 908 count: 118 score: -239.0907 average_last200: -445.3117 epis: 0.0000 loss: 124.1521 
episode: 909 count: 107 score: -248.2111 average_last200: -444.4517 epis: 0.0000 loss: 108.5866 
episode: 910 count: 136 score: -163.6790 average_last200: -443.9789 epis: 0.0000 loss: 146.9667 
episode: 911 count: 160 score: -133.4462 average_last200: -442.1847 epis: 0.0000 loss: 163.8826 
episode: 912 count: 175 score: -274.0832 average_last200: -440.1061 epis: 0.0000 loss: 201.6641 
episode: 913 count: 179 score: -578.1369 average_last200: -439.4978 epis: 0.0000 loss: 198.8801 
episode: 914 count: 154 score: -327.3316 average_last200: -439.5956 epis: 0.0000 loss: 171.8749 
episode: 915 count: 132 score: -112.1549 average_last200: -436.3509 epis: 0.0000 loss: 155.8632 
episode: 916 count: 102 score: -670.4450 average_last200: -436.8225 epis: 0.0000 loss: 106.5379 
episode: 917 count: 130 score: -598.3311 average_last200: -436.8457 epis: 0.0000 loss: 155.4352 
episode: 918 count: 67 score: -357.7419 average_last200: -436.0934 epis: 0.0000 loss: 64.5722 
episode: 919 count: 126 score: -764.7762 average_last200: -437.3833 epis: 0.0000 loss: 135.9946 
episode: 920 count: 166 score: -237.7637 average_last200: -434.4139 epis: 0.0000 loss: 190.3930 
episode: 921 count: 164 score: -170.4111 average_last200: -431.8112 epis: 0.0000 loss: 176.5973 
episode: 922 count: 68 score: -603.1292 average_last200: -431.3914 epis: 0.0000 loss: 73.7018 
episode: 923 count: 128 score: -217.2172 average_last200: -429.6551 epis: 0.0000 loss: 137.7762 
episode: 924 count: 135 score: -145.5410 average_last200: -427.5442 epis: 0.0000 loss: 150.3926 
episode: 925 count: 189 score: -113.1934 average_last200: -423.9412 epis: 0.0000 loss: 200.2626 
episode: 926 count: 60 score: -654.0922 average_last200: -424.7779 epis: 0.0000 loss: 66.6695 
episode: 927 count: 62 score: -187.5437 average_last200: -422.9111 epis: 0.0000 loss: 66.9550 
episode: 928 count: 70 score: -159.6804 average_last200: -420.4034 epis: 0.0000 loss: 78.5142 
episode: 929 count: 79 score: -462.0921 average_last200: -419.1135 epis: 0.0000 loss: 84.9715 
episode: 930 count: 94 score: -584.9845 average_last200: -420.8842 epis: 0.0000 loss: 111.9727 
episode: 931 count: 114 score: -156.1018 average_last200: -420.1527 epis: 0.0000 loss: 124.3897 
episode: 932 count: 175 score: -782.1947 average_last200: -420.6977 epis: 0.0000 loss: 197.4724 
episode: 933 count: 101 score: -733.2174 average_last200: -421.5659 epis: 0.0000 loss: 116.5207 
episode: 934 count: 85 score: -549.7719 average_last200: -421.4102 epis: 0.0000 loss: 105.1967 
episode: 935 count: 106 score: -146.6608 average_last200: -418.9052 epis: 0.0000 loss: 126.1765 
episode: 936 count: 77 score: -304.7437 average_last200: -417.1309 epis: 0.0000 loss: 90.3180 
episode: 937 count: 83 score: -250.6266 average_last200: -414.0860 epis: 0.0000 loss: 102.5635 
episode: 938 count: 254 score: -593.2853 average_last200: -413.7604 epis: 0.0000 loss: 272.3895 
episode: 939 count: 81 score: -518.1622 average_last200: -413.3503 epis: 0.0000 loss: 90.7539 
episode: 940 count: 100 score: -896.4765 average_last200: -416.6681 epis: 0.0000 loss: 103.6351 
episode: 941 count: 103 score: -130.6622 average_last200: -414.0680 epis: 0.0000 loss: 110.1870 
episode: 942 count: 66 score: -562.6165 average_last200: -414.9455 epis: 0.0000 loss: 69.5359 
episode: 943 count: 78 score: -784.3108 average_last200: -416.0098 epis: 0.0000 loss: 93.7249 
episode: 944 count: 56 score: -458.2422 average_last200: -415.1222 epis: 0.0000 loss: 67.0079 
episode: 945 count: 98 score: -643.7162 average_last200: -413.2227 epis: 0.0000 loss: 104.3138 
episode: 946 count: 82 score: -225.5918 average_last200: -411.1138 epis: 0.0000 loss: 86.6707 
episode: 947 count: 108 score: -289.2286 average_last200: -410.2229 epis: 0.0000 loss: 121.8349 
episode: 948 count: 100 score: -374.9735 average_last200: -408.4183 epis: 0.0000 loss: 118.0836 
episode: 949 count: 73 score: -707.8648 average_last200: -409.4308 epis: 0.0000 loss: 86.8032 
episode: 950 count: 155 score: -308.9459 average_last200: -407.6374 epis: 0.0000 loss: 176.4225 
episode: 951 count: 154 score: -606.1548 average_last200: -408.3643 epis: 0.0000 loss: 189.1072 
episode: 952 count: 136 score: -861.4029 average_last200: -408.8569 epis: 0.0000 loss: 142.6138 
episode: 953 count: 78 score: -576.3202 average_last200: -410.0205 epis: 0.0000 loss: 81.1490 
episode: 954 count: 154 score: -515.2301 average_last200: -410.9158 epis: 0.0000 loss: 152.9107 
episode: 955 count: 149 score: -74.5584 average_last200: -407.6101 epis: 0.0000 loss: 156.7423 
episode: 956 count: 450 score: -981.6657 average_last200: -411.6121 epis: 0.0000 loss: 449.6097 
episode: 957 count: 69 score: -179.9718 average_last200: -409.0037 epis: 0.0000 loss: 68.9624 
episode: 958 count: 104 score: -255.4316 average_last200: -408.4959 epis: 0.0000 loss: 103.9436 
episode: 959 count: 95 score: -178.4195 average_last200: -406.3554 epis: 0.0000 loss: 90.0795 
episode: 960 count: 71 score: -311.9776 average_last200: -404.7465 epis: 0.0000 loss: 85.0768 
episode: 961 count: 103 score: -245.4902 average_last200: -402.9111 epis: 0.0000 loss: 105.4664 
episode: 962 count: 73 score: -89.9611 average_last200: -400.7249 epis: 0.0000 loss: 76.8359 
episode: 963 count: 97 score: -204.1770 average_last200: -397.7063 epis: 0.0000 loss: 93.4348 
episode: 964 count: 107 score: -281.1706 average_last200: -396.4753 epis: 0.0000 loss: 99.5984 
episode: 965 count: 77 score: -621.4189 average_last200: -396.7734 epis: 0.0000 loss: 73.7893 
episode: 966 count: 136 score: -337.9977 average_last200: -396.2212 epis: 0.0000 loss: 122.6993 
episode: 967 count: 137 score: -218.1435 average_last200: -394.0202 epis: 0.0000 loss: 130.3643 
episode: 968 count: 124 score: -85.0965 average_last200: -391.0435 epis: 0.0000 loss: 117.8975 
episode: 969 count: 125 score: -279.2094 average_last200: -389.8601 epis: 0.0000 loss: 122.2642 
episode: 970 count: 81 score: -106.6796 average_last200: -389.1886 epis: 0.0000 loss: 79.7583 
episode: 971 count: 86 score: -647.5583 average_last200: -388.7800 epis: 0.0000 loss: 86.2418 
episode: 972 count: 76 score: -594.5791 average_last200: -390.8272 epis: 0.0000 loss: 82.5651 
episode: 973 count: 95 score: -292.4733 average_last200: -390.1453 epis: 0.0000 loss: 104.4667 
episode: 974 count: 142 score: -639.7282 average_last200: -392.3329 epis: 0.0000 loss: 156.3894 
episode: 975 count: 95 score: -248.6233 average_last200: -392.0335 epis: 0.0000 loss: 101.9936 
episode: 976 count: 84 score: -15.8906 average_last200: -390.7390 epis: 0.0000 loss: 89.8076 
episode: 977 count: 115 score: -405.2030 average_last200: -390.8014 epis: 0.0000 loss: 133.1359 
episode: 978 count: 106 score: -674.9267 average_last200: -391.5856 epis: 0.0000 loss: 133.2463 
episode: 979 count: 86 score: -694.2258 average_last200: -391.0304 epis: 0.0000 loss: 95.6672 
episode: 980 count: 86 score: -460.4718 average_last200: -390.3793 epis: 0.0000 loss: 104.3561 
episode: 981 count: 109 score: -416.4751 average_last200: -389.6845 epis: 0.0000 loss: 120.1788 
episode: 982 count: 98 score: -473.8436 average_last200: -389.4665 epis: 0.0000 loss: 115.1855 
episode: 983 count: 93 score: -552.6720 average_last200: -389.6214 epis: 0.0000 loss: 101.9229 
episode: 984 count: 141 score: -557.4661 average_last200: -390.5476 epis: 0.0000 loss: 158.7731 
episode: 985 count: 108 score: -702.0756 average_last200: -392.7998 epis: 0.0000 loss: 119.4035 
episode: 986 count: 109 score: -400.9650 average_last200: -391.4632 epis: 0.0000 loss: 127.3721 
episode: 987 count: 90 score: -564.7674 average_last200: -391.5939 epis: 0.0000 loss: 95.9140 
episode: 988 count: 95 score: -717.9344 average_last200: -394.1938 epis: 0.0000 loss: 106.5017 
episode: 989 count: 92 score: -704.6020 average_last200: -395.0622 epis: 0.0000 loss: 100.2940 
episode: 990 count: 80 score: -497.4465 average_last200: -395.0031 epis: 0.0000 loss: 95.9445 
episode: 991 count: 145 score: -404.2792 average_last200: -393.3100 epis: 0.0000 loss: 156.7903 
episode: 992 count: 82 score: -672.8522 average_last200: -392.3771 epis: 0.0000 loss: 92.8862 
episode: 993 count: 94 score: -524.4658 average_last200: -393.7472 epis: 0.0000 loss: 111.3115 
episode: 994 count: 109 score: -801.5884 average_last200: -396.6613 epis: 0.0000 loss: 130.5636 
episode: 995 count: 104 score: -1020.1594 average_last200: -398.6569 epis: 0.0000 loss: 113.7527 
episode: 996 count: 67 score: -597.9516 average_last200: -400.3784 epis: 0.0000 loss: 76.1124 
episode: 997 count: 114 score: -675.3172 average_last200: -401.9491 epis: 0.0000 loss: 129.4491 
episode: 998 count: 91 score: -381.9381 average_last200: -401.6898 epis: 0.0000 loss: 123.5945 
episode: 999 count: 147 score: -363.6957 average_last200: -401.6490 epis: 0.0000 loss: 186.7468 
