[33mWARN: gym.spaces.Box autodetected dtype as <class 'numpy.float32'>. Please provide explicit dtype.[0m
All para: Epis 1000 memlen 100000 gamma 0.990 epsilon 0.990 alpha 0.00005 batch 30 upfreq 500
episode: 0 count: 103 score: -201.7553 average_last200: -201.7553 epis: 0.9900 loss: 0.0000 
episode: 1 count: 84 score: -166.6921 average_last200: -184.2237 epis: 0.9801 loss: 0.0000 
episode: 2 count: 127 score: -140.9426 average_last200: -169.7967 epis: 0.9703 loss: 0.0000 
episode: 3 count: 98 score: -151.9605 average_last200: -165.3376 epis: 0.9606 loss: 0.0000 
episode: 4 count: 71 score: -305.0290 average_last200: -193.2759 epis: 0.9510 loss: 0.0000 
episode: 5 count: 124 score: -219.4452 average_last200: -197.6374 epis: 0.9415 loss: 0.0000 
episode: 6 count: 136 score: -149.6131 average_last200: -190.7768 epis: 0.9321 loss: 0.0000 
episode: 7 count: 105 score: -416.8472 average_last200: -219.0356 epis: 0.9227 loss: 0.0000 
episode: 8 count: 88 score: -384.5283 average_last200: -237.4237 epis: 0.9135 loss: 0.0000 
episode: 9 count: 101 score: -399.6424 average_last200: -253.6456 epis: 0.9044 loss: 21.2734 
episode: 10 count: 65 score: -167.9805 average_last200: -245.8578 epis: 0.8953 loss: 40.6546 
episode: 11 count: 71 score: -140.4952 average_last200: -237.0776 epis: 0.8864 loss: 47.2708 
episode: 12 count: 67 score: -135.0531 average_last200: -229.2296 epis: 0.8775 loss: 41.6212 
episode: 13 count: 107 score: -379.3080 average_last200: -239.9495 epis: 0.8687 loss: 69.0590 
episode: 14 count: 87 score: -142.0889 average_last200: -233.4254 epis: 0.8601 loss: 56.1817 
episode: 15 count: 129 score: -214.9398 average_last200: -232.2701 epis: 0.8515 loss: 82.9652 
episode: 16 count: 103 score: -224.3679 average_last200: -231.8052 epis: 0.8429 loss: 54.1894 
episode: 17 count: 97 score: -342.8268 average_last200: -237.9731 epis: 0.8345 loss: 54.0254 
episode: 18 count: 98 score: -311.4836 average_last200: -241.8421 epis: 0.8262 loss: 60.9608 
episode: 19 count: 174 score: -568.6708 average_last200: -258.1835 epis: 0.8179 loss: 90.2043 
episode: 20 count: 76 score: -309.3531 average_last200: -260.6202 epis: 0.8097 loss: 37.5213 
episode: 21 count: 111 score: -198.9799 average_last200: -257.8183 epis: 0.8016 loss: 55.0662 
episode: 22 count: 91 score: -397.1579 average_last200: -263.8766 epis: 0.7936 loss: 48.9570 
episode: 23 count: 92 score: -426.8583 average_last200: -270.6675 epis: 0.7857 loss: 46.0483 
episode: 24 count: 108 score: -270.6058 average_last200: -270.6650 epis: 0.7778 loss: 55.9590 
episode: 25 count: 103 score: -159.6260 average_last200: -266.3943 epis: 0.7700 loss: 60.5372 
episode: 26 count: 126 score: -455.6876 average_last200: -273.4051 epis: 0.7623 loss: 67.4337 
episode: 27 count: 176 score: -277.4706 average_last200: -273.5503 epis: 0.7547 loss: 94.1976 
episode: 28 count: 156 score: -160.2192 average_last200: -269.6424 epis: 0.7472 loss: 89.3918 
episode: 29 count: 105 score: -196.1583 average_last200: -267.1929 epis: 0.7397 loss: 50.9555 
episode: 30 count: 68 score: -372.8171 average_last200: -270.6001 epis: 0.7323 loss: 32.6357 
episode: 31 count: 73 score: -89.9903 average_last200: -264.9561 epis: 0.7250 loss: 51.2418 
episode: 32 count: 106 score: -465.3539 average_last200: -271.0287 epis: 0.7177 loss: 52.6320 
episode: 33 count: 131 score: -408.4594 average_last200: -275.0708 epis: 0.7106 loss: 68.2855 
episode: 34 count: 169 score: -288.4963 average_last200: -275.4544 epis: 0.7034 loss: 86.9565 
episode: 35 count: 129 score: -375.1482 average_last200: -278.2237 epis: 0.6964 loss: 78.5010 
episode: 36 count: 118 score: -437.2207 average_last200: -282.5209 epis: 0.6894 loss: 57.5408 
episode: 37 count: 75 score: -95.5196 average_last200: -277.5998 epis: 0.6826 loss: 45.3626 
episode: 38 count: 170 score: -149.0127 average_last200: -274.3027 epis: 0.6757 loss: 83.8655 
episode: 39 count: 101 score: -175.9365 average_last200: -271.8435 epis: 0.6690 loss: 52.1314 
episode: 40 count: 106 score: -276.7707 average_last200: -271.9637 epis: 0.6623 loss: 47.6334 
episode: 41 count: 68 score: -104.4176 average_last200: -267.9745 epis: 0.6557 loss: 32.7712 
episode: 42 count: 150 score: -289.4574 average_last200: -268.4741 epis: 0.6491 loss: 66.3510 
episode: 43 count: 124 score: -294.8322 average_last200: -269.0732 epis: 0.6426 loss: 61.8491 
episode: 44 count: 123 score: -122.9829 average_last200: -265.8267 epis: 0.6362 loss: 53.7389 
episode: 45 count: 111 score: -221.5866 average_last200: -264.8650 epis: 0.6298 loss: 59.4308 
episode: 46 count: 129 score: -390.9400 average_last200: -267.5474 epis: 0.6235 loss: 64.1118 
episode: 47 count: 136 score: -218.5707 average_last200: -266.5271 epis: 0.6173 loss: 68.8644 
episode: 48 count: 88 score: -118.3914 average_last200: -263.5039 epis: 0.6111 loss: 39.1960 
episode: 49 count: 171 score: -204.0509 average_last200: -262.3148 epis: 0.6050 loss: 80.8779 
episode: 50 count: 138 score: -240.2120 average_last200: -261.8815 epis: 0.5990 loss: 77.9441 
episode: 51 count: 111 score: -171.4109 average_last200: -260.1416 epis: 0.5930 loss: 50.7027 
episode: 52 count: 182 score: -254.4012 average_last200: -260.0333 epis: 0.5870 loss: 79.9196 
episode: 53 count: 209 score: -177.5167 average_last200: -258.5052 epis: 0.5812 loss: 98.3812 
episode: 54 count: 100 score: -169.6854 average_last200: -256.8903 epis: 0.5754 loss: 40.7557 
episode: 55 count: 102 score: -312.1421 average_last200: -257.8770 epis: 0.5696 loss: 55.7203 
episode: 56 count: 141 score: -129.6420 average_last200: -255.6272 epis: 0.5639 loss: 63.4573 
episode: 57 count: 176 score: -130.4396 average_last200: -253.4688 epis: 0.5583 loss: 80.8316 
episode: 58 count: 112 score: -73.9753 average_last200: -250.4266 epis: 0.5527 loss: 46.9756 
episode: 59 count: 128 score: -241.2968 average_last200: -250.2744 epis: 0.5472 loss: 49.6221 
episode: 60 count: 209 score: -292.7727 average_last200: -250.9711 epis: 0.5417 loss: 89.9561 
episode: 61 count: 125 score: -242.4397 average_last200: -250.8335 epis: 0.5363 loss: 51.5276 
episode: 62 count: 159 score: -125.9724 average_last200: -248.8516 epis: 0.5309 loss: 60.6166 
episode: 63 count: 178 score: -233.0844 average_last200: -248.6052 epis: 0.5256 loss: 67.4939 
episode: 64 count: 138 score: -186.9775 average_last200: -247.6571 epis: 0.5203 loss: 60.0624 
episode: 65 count: 126 score: -151.5199 average_last200: -246.2005 epis: 0.5151 loss: 54.3232 
episode: 66 count: 166 score: -132.8631 average_last200: -244.5089 epis: 0.5100 loss: 65.6132 
episode: 67 count: 332 score: -303.9807 average_last200: -245.3834 epis: 0.5049 loss: 136.3127 
episode: 68 count: 169 score: -185.4436 average_last200: -244.5148 epis: 0.4998 loss: 71.4261 
episode: 69 count: 306 score: -257.9163 average_last200: -244.7062 epis: 0.4948 loss: 121.2419 
episode: 70 count: 157 score: -156.7762 average_last200: -243.4678 epis: 0.4899 loss: 64.5332 
episode: 71 count: 365 score: -142.6214 average_last200: -242.0671 epis: 0.4850 loss: 127.0448 
episode: 72 count: 219 score: -84.5044 average_last200: -239.9087 epis: 0.4801 loss: 85.6718 
episode: 73 count: 156 score: -50.9958 average_last200: -237.3558 epis: 0.4753 loss: 68.0596 
episode: 74 count: 95 score: -62.1013 average_last200: -235.0191 epis: 0.4706 loss: 37.6266 
episode: 75 count: 678 score: -184.1055 average_last200: -234.3492 epis: 0.4659 loss: 238.5731 
episode: 76 count: 224 score: -324.4184 average_last200: -235.5189 epis: 0.4612 loss: 92.1585 
episode: 77 count: 237 score: -222.8046 average_last200: -235.3559 epis: 0.4566 loss: 82.2308 
episode: 78 count: 202 score: -234.1401 average_last200: -235.3405 epis: 0.4520 loss: 72.8304 
episode: 79 count: 301 score: -268.3859 average_last200: -235.7536 epis: 0.4475 loss: 108.0917 
episode: 80 count: 168 score: -217.1373 average_last200: -235.5238 epis: 0.4430 loss: 59.4082 
episode: 81 count: 214 score: -119.2641 average_last200: -234.1060 epis: 0.4386 loss: 77.6498 
episode: 82 count: 300 score: -120.8424 average_last200: -232.7413 epis: 0.4342 loss: 99.0824 
episode: 83 count: 142 score: -137.0739 average_last200: -231.6024 epis: 0.4299 loss: 43.0541 
episode: 84 count: 196 score: -165.5337 average_last200: -230.8252 epis: 0.4256 loss: 65.7031 
episode: 85 count: 218 score: -260.1851 average_last200: -231.1666 epis: 0.4213 loss: 78.3601 
episode: 86 count: 373 score: -297.9803 average_last200: -231.9345 epis: 0.4171 loss: 131.3636 
episode: 87 count: 264 score: -262.9501 average_last200: -232.2870 epis: 0.4129 loss: 90.2827 
episode: 88 count: 349 score: -246.6177 average_last200: -232.4480 epis: 0.4088 loss: 113.0862 
episode: 89 count: 142 score: -101.6217 average_last200: -230.9944 epis: 0.4047 loss: 49.4841 
episode: 90 count: 192 score: -146.2434 average_last200: -230.0630 epis: 0.4007 loss: 69.4037 
episode: 91 count: 111 score: -237.1915 average_last200: -230.1405 epis: 0.3967 loss: 39.9428 
episode: 92 count: 573 score: -283.7373 average_last200: -230.7168 epis: 0.3927 loss: 185.3767 
episode: 93 count: 1000 score: -80.5978 average_last200: -229.1198 epis: 0.3888 loss: 328.1708 
episode: 94 count: 241 score: -97.7708 average_last200: -227.7372 epis: 0.3849 loss: 87.2333 
episode: 95 count: 368 score: -89.5207 average_last200: -226.2975 epis: 0.3810 loss: 117.3921 
episode: 96 count: 340 score: -295.5646 average_last200: -227.0115 epis: 0.3772 loss: 107.8942 
episode: 97 count: 405 score: -270.0681 average_last200: -227.4509 epis: 0.3735 loss: 134.2428 
episode: 98 count: 1000 score: -99.8023 average_last200: -226.1615 epis: 0.3697 loss: 333.9237 
episode: 99 count: 998 score: -204.9475 average_last200: -225.9494 epis: 0.3660 loss: 318.8182 
episode: 100 count: 585 score: -160.8679 average_last200: -225.3050 epis: 0.3624 loss: 193.0975 
episode: 101 count: 215 score: -154.2593 average_last200: -224.6085 epis: 0.3587 loss: 72.5453 
episode: 102 count: 1000 score: -162.7689 average_last200: -224.0081 epis: 0.3552 loss: 315.1511 
episode: 103 count: 935 score: -217.7894 average_last200: -223.9483 epis: 0.3516 loss: 302.2022 
episode: 104 count: 148 score: -41.5697 average_last200: -222.2114 epis: 0.3481 loss: 45.0636 
episode: 105 count: 129 score: -84.5153 average_last200: -220.9123 epis: 0.3446 loss: 43.3928 
episode: 106 count: 145 score: -82.7775 average_last200: -219.6214 epis: 0.3412 loss: 47.6246 
episode: 107 count: 1000 score: -101.7132 average_last200: -218.5296 epis: 0.3378 loss: 328.0099 
episode: 108 count: 1000 score: -94.2020 average_last200: -217.3890 epis: 0.3344 loss: 304.9139 
episode: 109 count: 910 score: -310.0938 average_last200: -218.2318 epis: 0.3310 loss: 283.4887 
episode: 110 count: 1000 score: -105.0780 average_last200: -217.2124 epis: 0.3277 loss: 317.8214 
episode: 111 count: 1000 score: -207.7173 average_last200: -217.1276 epis: 0.3244 loss: 303.0082 
episode: 112 count: 1000 score: -70.8932 average_last200: -215.8335 epis: 0.3212 loss: 316.0669 
episode: 113 count: 1000 score: -11.0076 average_last200: -214.0368 epis: 0.3180 loss: 309.6654 
episode: 114 count: 1000 score: -25.4729 average_last200: -212.3971 epis: 0.3148 loss: 311.5041 
episode: 115 count: 100 score: -131.8852 average_last200: -211.7030 epis: 0.3117 loss: 35.7201 
episode: 116 count: 289 score: -160.1791 average_last200: -211.2626 epis: 0.3085 loss: 81.8932 
episode: 117 count: 1000 score: -89.3834 average_last200: -210.2298 epis: 0.3055 loss: 299.2877 
episode: 118 count: 1000 score: -76.8464 average_last200: -209.1089 epis: 0.3024 loss: 325.1758 
episode: 119 count: 368 score: -206.8051 average_last200: -209.0897 epis: 0.2994 loss: 111.2236 
episode: 120 count: 1000 score: -7.0720 average_last200: -207.4201 epis: 0.2964 loss: 305.3155 
episode: 121 count: 208 score: -170.1034 average_last200: -207.1143 epis: 0.2934 loss: 60.8423 
episode: 122 count: 1000 score: -50.4906 average_last200: -205.8409 epis: 0.2905 loss: 294.5275 
episode: 123 count: 214 score: -177.6085 average_last200: -205.6132 epis: 0.2876 loss: 77.4049 
episode: 124 count: 576 score: -177.1176 average_last200: -205.3852 epis: 0.2847 loss: 176.0769 
episode: 125 count: 229 score: -177.3628 average_last200: -205.1628 epis: 0.2819 loss: 68.2008 
episode: 126 count: 607 score: -176.0732 average_last200: -204.9338 epis: 0.2790 loss: 185.1345 
episode: 127 count: 513 score: -207.4683 average_last200: -204.9536 epis: 0.2763 loss: 161.7892 
episode: 128 count: 326 score: -224.0829 average_last200: -205.1019 epis: 0.2735 loss: 85.0210 
episode: 129 count: 214 score: -234.8234 average_last200: -205.3305 epis: 0.2708 loss: 58.1673 
episode: 130 count: 383 score: -260.7150 average_last200: -205.7533 epis: 0.2680 loss: 101.3312 
episode: 131 count: 391 score: -251.0121 average_last200: -206.0962 epis: 0.2654 loss: 109.9526 
episode: 132 count: 126 score: -183.3983 average_last200: -205.9255 epis: 0.2627 loss: 37.6064 
episode: 133 count: 310 score: -230.6060 average_last200: -206.1097 epis: 0.2601 loss: 86.3321 
episode: 134 count: 526 score: -172.3693 average_last200: -205.8598 epis: 0.2575 loss: 165.0000 
episode: 135 count: 346 score: -291.4431 average_last200: -206.4890 epis: 0.2549 loss: 97.7120 
episode: 136 count: 191 score: -200.8023 average_last200: -206.4475 epis: 0.2524 loss: 59.0967 
episode: 137 count: 185 score: -188.6303 average_last200: -206.3184 epis: 0.2498 loss: 52.7773 
episode: 138 count: 346 score: -247.5516 average_last200: -206.6151 epis: 0.2473 loss: 114.4138 
episode: 139 count: 370 score: -225.8989 average_last200: -206.7528 epis: 0.2449 loss: 107.7725 
episode: 140 count: 405 score: -219.5595 average_last200: -206.8436 epis: 0.2424 loss: 111.3329 
episode: 141 count: 436 score: -254.7556 average_last200: -207.1810 epis: 0.2400 loss: 114.4655 
episode: 142 count: 714 score: -170.1133 average_last200: -206.9218 epis: 0.2376 loss: 199.8126 
episode: 143 count: 411 score: -236.9058 average_last200: -207.1300 epis: 0.2352 loss: 117.5947 
episode: 144 count: 494 score: -232.8221 average_last200: -207.3072 epis: 0.2329 loss: 155.5949 
episode: 145 count: 160 score: -171.6623 average_last200: -207.0631 epis: 0.2305 loss: 42.9589 
episode: 146 count: 172 score: -154.2984 average_last200: -206.7041 epis: 0.2282 loss: 62.1567 
episode: 147 count: 197 score: -187.7169 average_last200: -206.5759 epis: 0.2259 loss: 59.2876 
episode: 148 count: 236 score: -212.5197 average_last200: -206.6157 epis: 0.2237 loss: 73.9484 
episode: 149 count: 140 score: -117.1763 average_last200: -206.0195 epis: 0.2215 loss: 45.8684 
episode: 150 count: 268 score: -240.7114 average_last200: -206.2492 epis: 0.2192 loss: 90.5689 
episode: 151 count: 185 score: -171.0120 average_last200: -206.0174 epis: 0.2170 loss: 60.5985 
episode: 152 count: 282 score: -237.7298 average_last200: -206.2247 epis: 0.2149 loss: 72.1149 
episode: 153 count: 271 score: -206.5750 average_last200: -206.2270 epis: 0.2127 loss: 73.0358 
episode: 154 count: 191 score: -146.7407 average_last200: -205.8432 epis: 0.2106 loss: 57.0663 
episode: 155 count: 220 score: -176.5611 average_last200: -205.6555 epis: 0.2085 loss: 72.3932 
episode: 156 count: 578 score: -182.6227 average_last200: -205.5088 epis: 0.2064 loss: 175.3721 
episode: 157 count: 341 score: -194.1606 average_last200: -205.4369 epis: 0.2043 loss: 99.0593 
episode: 158 count: 334 score: -205.4104 average_last200: -205.4368 epis: 0.2023 loss: 94.9201 
episode: 159 count: 587 score: -267.2924 average_last200: -205.8234 epis: 0.2003 loss: 148.0577 
episode: 160 count: 320 score: -153.2709 average_last200: -205.4970 epis: 0.1983 loss: 88.5222 
episode: 161 count: 661 score: -223.4466 average_last200: -205.6078 epis: 0.1963 loss: 185.0020 
episode: 162 count: 1000 score: -151.4998 average_last200: -205.2758 epis: 0.1943 loss: 276.1450 
episode: 163 count: 1000 score: -86.8201 average_last200: -204.5535 epis: 0.1924 loss: 264.1435 
episode: 164 count: 1000 score: -134.6665 average_last200: -204.1300 epis: 0.1905 loss: 287.8778 
episode: 165 count: 1000 score: -91.0474 average_last200: -203.4487 epis: 0.1886 loss: 278.9229 
episode: 166 count: 1000 score: -119.3154 average_last200: -202.9449 epis: 0.1867 loss: 248.7381 
episode: 167 count: 1000 score: -133.6258 average_last200: -202.5323 epis: 0.1848 loss: 239.7590 
episode: 168 count: 1000 score: -104.9532 average_last200: -201.9549 epis: 0.1830 loss: 248.5887 
episode: 169 count: 1000 score: -112.2896 average_last200: -201.4275 epis: 0.1811 loss: 260.8779 
episode: 170 count: 1000 score: -103.2965 average_last200: -200.8536 epis: 0.1793 loss: 233.3105 
episode: 171 count: 1000 score: -125.0923 average_last200: -200.4132 epis: 0.1775 loss: 260.0508 
episode: 172 count: 1000 score: -117.2995 average_last200: -199.9327 epis: 0.1757 loss: 245.8734 
episode: 173 count: 1000 score: -74.2096 average_last200: -199.2102 epis: 0.1740 loss: 243.4993 
episode: 174 count: 1000 score: -104.7394 average_last200: -198.6704 epis: 0.1722 loss: 253.3914 
episode: 175 count: 1000 score: -79.6567 average_last200: -197.9941 epis: 0.1705 loss: 250.0938 
episode: 176 count: 1000 score: -128.2128 average_last200: -197.5999 epis: 0.1688 loss: 237.6379 
episode: 177 count: 1000 score: -112.7779 average_last200: -197.1234 epis: 0.1671 loss: 241.7796 
episode: 178 count: 1000 score: -60.7962 average_last200: -196.3618 epis: 0.1655 loss: 232.7647 
episode: 179 count: 1000 score: -109.5220 average_last200: -195.8793 epis: 0.1638 loss: 248.5489 
episode: 180 count: 1000 score: -83.6716 average_last200: -195.2594 epis: 0.1622 loss: 234.1968 
episode: 181 count: 1000 score: -83.8832 average_last200: -194.6474 epis: 0.1605 loss: 239.6529 
episode: 182 count: 1000 score: -45.7851 average_last200: -193.8340 epis: 0.1589 loss: 229.9945 
episode: 183 count: 1000 score: -129.1572 average_last200: -193.4825 epis: 0.1574 loss: 227.3934 
episode: 184 count: 1000 score: -101.0849 average_last200: -192.9830 epis: 0.1558 loss: 217.3164 
episode: 185 count: 1000 score: -118.9633 average_last200: -192.5851 epis: 0.1542 loss: 241.0405 
episode: 186 count: 1000 score: -101.3258 average_last200: -192.0970 epis: 0.1527 loss: 228.9725 
episode: 187 count: 1000 score: -142.9987 average_last200: -191.8359 epis: 0.1512 loss: 220.9234 
episode: 188 count: 1000 score: -120.0003 average_last200: -191.4558 epis: 0.1496 loss: 228.7462 
episode: 189 count: 1000 score: -183.3338 average_last200: -191.4131 epis: 0.1481 loss: 215.6690 
episode: 190 count: 1000 score: -132.0360 average_last200: -191.1022 epis: 0.1467 loss: 221.9450 
episode: 191 count: 1000 score: -105.2603 average_last200: -190.6551 epis: 0.1452 loss: 208.5871 
episode: 192 count: 1000 score: -78.2406 average_last200: -190.0726 epis: 0.1437 loss: 211.3689 
episode: 193 count: 1000 score: -108.4768 average_last200: -189.6520 epis: 0.1423 loss: 236.2116 
episode: 194 count: 1000 score: -142.4253 average_last200: -189.4098 epis: 0.1409 loss: 234.7698 
episode: 195 count: 1000 score: -161.6070 average_last200: -189.2680 epis: 0.1395 loss: 202.6339 
episode: 196 count: 1000 score: -149.5747 average_last200: -189.0665 epis: 0.1381 loss: 215.1127 
episode: 197 count: 1000 score: -121.9825 average_last200: -188.7277 epis: 0.1367 loss: 222.8608 
episode: 198 count: 1000 score: -78.8581 average_last200: -188.1756 epis: 0.1353 loss: 207.0478 
episode: 199 count: 1000 score: -145.6336 average_last200: -187.9629 epis: 0.1340 loss: 248.9213 
episode: 200 count: 1000 score: -119.1811 average_last200: -187.5500 epis: 0.1326 loss: 209.9716 
episode: 201 count: 1000 score: -172.3915 average_last200: -187.5785 epis: 0.1313 loss: 188.8302 
episode: 202 count: 1000 score: -97.5524 average_last200: -187.3616 epis: 0.1300 loss: 208.5875 
episode: 203 count: 1000 score: -119.3470 average_last200: -187.1985 epis: 0.1287 loss: 234.9420 
episode: 204 count: 1000 score: -86.1362 average_last200: -186.1040 epis: 0.1274 loss: 201.0487 
episode: 205 count: 1000 score: -87.2954 average_last200: -185.4433 epis: 0.1261 loss: 195.6572 
episode: 206 count: 1000 score: -111.8641 average_last200: -185.2545 epis: 0.1249 loss: 212.5219 
episode: 207 count: 1000 score: -101.7784 average_last200: -183.6792 epis: 0.1236 loss: 213.7102 
episode: 208 count: 1000 score: -78.3027 average_last200: -182.1481 epis: 0.1224 loss: 211.6458 
episode: 209 count: 1000 score: -133.3885 average_last200: -180.8168 epis: 0.1212 loss: 211.4003 
episode: 210 count: 1000 score: -106.2566 average_last200: -180.5082 epis: 0.1200 loss: 192.3787 
episode: 211 count: 1000 score: -114.9260 average_last200: -180.3803 epis: 0.1188 loss: 213.9809 
episode: 212 count: 1000 score: -96.7663 average_last200: -180.1889 epis: 0.1176 loss: 205.9840 
episode: 213 count: 1000 score: -122.4517 average_last200: -178.9046 epis: 0.1164 loss: 188.8146 
episode: 214 count: 1000 score: -88.6028 average_last200: -178.6372 epis: 0.1152 loss: 195.0394 
episode: 215 count: 1000 score: -143.0742 average_last200: -178.2778 epis: 0.1141 loss: 206.8182 
episode: 216 count: 1000 score: -96.7686 average_last200: -177.6398 epis: 0.1129 loss: 193.7509 
episode: 217 count: 1000 score: -62.1742 average_last200: -176.2366 epis: 0.1118 loss: 179.7830 
episode: 218 count: 1000 score: -146.8452 average_last200: -175.4134 epis: 0.1107 loss: 168.5472 
episode: 219 count: 1000 score: -109.9788 average_last200: -173.1199 epis: 0.1096 loss: 182.6112 
episode: 220 count: 1000 score: -80.6481 average_last200: -171.9764 epis: 0.1085 loss: 160.0394 
episode: 221 count: 1000 score: -68.1109 average_last200: -171.3221 epis: 0.1074 loss: 168.9859 
episode: 222 count: 1000 score: -139.2813 average_last200: -170.0327 epis: 0.1063 loss: 162.0897 
episode: 223 count: 1000 score: -140.2029 average_last200: -168.5994 epis: 0.1053 loss: 144.4419 
episode: 224 count: 1000 score: -92.6259 average_last200: -167.7095 epis: 0.1042 loss: 150.9739 
episode: 225 count: 1000 score: -77.4879 average_last200: -167.2988 epis: 0.1032 loss: 141.1827 
episode: 226 count: 1000 score: -81.3765 average_last200: -165.4273 epis: 0.1021 loss: 148.4291 
episode: 227 count: 1000 score: -100.8542 average_last200: -164.5442 epis: 0.1011 loss: 139.9355 
episode: 228 count: 1000 score: -125.9633 average_last200: -164.3729 epis: 0.1001 loss: 130.2380 
episode: 229 count: 1000 score: -59.1714 average_last200: -163.6880 epis: 0.0991 loss: 129.3411 
episode: 230 count: 1000 score: -146.9835 average_last200: -162.5588 epis: 0.0981 loss: 119.8572 
episode: 231 count: 1000 score: -143.1979 average_last200: -162.8248 epis: 0.0971 loss: 115.1832 
episode: 232 count: 1000 score: -126.1706 average_last200: -161.1289 epis: 0.0962 loss: 124.9024 
episode: 233 count: 1000 score: -52.4998 average_last200: -159.3491 epis: 0.0952 loss: 111.9724 
episode: 234 count: 1000 score: -102.8706 average_last200: -158.4210 epis: 0.0942 loss: 116.4762 
episode: 235 count: 1000 score: -96.5615 average_last200: -157.0281 epis: 0.0933 loss: 117.2676 
episode: 236 count: 1000 score: -74.9259 average_last200: -155.2166 epis: 0.0924 loss: 112.3439 
episode: 237 count: 1000 score: -125.9263 average_last200: -155.3686 epis: 0.0914 loss: 123.4505 
episode: 238 count: 1000 score: -93.0717 average_last200: -155.0889 epis: 0.0905 loss: 110.0542 
episode: 239 count: 1000 score: -106.0964 average_last200: -154.7397 epis: 0.0896 loss: 110.3506 
episode: 240 count: 1000 score: -82.2273 average_last200: -153.7670 epis: 0.0887 loss: 109.8429 
episode: 241 count: 1000 score: -112.2471 average_last200: -153.8061 epis: 0.0878 loss: 109.0954 
episode: 242 count: 1000 score: -93.8516 average_last200: -152.8281 epis: 0.0870 loss: 103.0005 
episode: 243 count: 1000 score: -73.8097 average_last200: -151.7230 epis: 0.0861 loss: 100.8531 
episode: 244 count: 1000 score: -113.9177 average_last200: -151.6777 epis: 0.0852 loss: 104.0200 
episode: 245 count: 1000 score: -40.3659 average_last200: -150.7716 epis: 0.0844 loss: 98.7396 
episode: 246 count: 1000 score: -46.0330 average_last200: -149.0470 epis: 0.0835 loss: 101.9601 
episode: 247 count: 1000 score: -45.9527 average_last200: -148.1839 epis: 0.0827 loss: 102.6038 
episode: 248 count: 1000 score: -75.1730 average_last200: -147.9679 epis: 0.0819 loss: 92.1379 
episode: 249 count: 1000 score: -128.3830 average_last200: -147.5895 epis: 0.0811 loss: 95.6678 
episode: 250 count: 1000 score: -106.4709 average_last200: -146.9208 epis: 0.0802 loss: 97.4054 
episode: 251 count: 1000 score: -116.4007 average_last200: -146.6458 epis: 0.0794 loss: 94.9726 
episode: 252 count: 1000 score: -83.7157 average_last200: -145.7923 epis: 0.0787 loss: 94.0990 
episode: 253 count: 1000 score: -65.2702 average_last200: -145.2311 epis: 0.0779 loss: 91.4986 
episode: 254 count: 1000 score: -139.1361 average_last200: -145.0784 epis: 0.0771 loss: 91.5428 
episode: 255 count: 1000 score: -73.8660 average_last200: -143.8870 epis: 0.0763 loss: 91.6136 
episode: 256 count: 1000 score: -84.9004 average_last200: -143.6633 epis: 0.0756 loss: 88.9568 
episode: 257 count: 1000 score: -86.1843 average_last200: -143.4420 epis: 0.0748 loss: 86.2898 
episode: 258 count: 1000 score: -138.6362 average_last200: -143.7653 epis: 0.0740 loss: 86.0742 
episode: 259 count: 1000 score: -102.6256 average_last200: -143.0719 epis: 0.0733 loss: 85.6029 
episode: 260 count: 1000 score: -64.8838 average_last200: -141.9325 epis: 0.0726 loss: 85.5750 
episode: 261 count: 1000 score: -126.1516 average_last200: -141.3511 epis: 0.0718 loss: 84.9671 
episode: 262 count: 1000 score: -60.9590 average_last200: -141.0260 epis: 0.0711 loss: 83.9325 
episode: 263 count: 1000 score: -131.9735 average_last200: -140.5204 epis: 0.0704 loss: 84.2258 
episode: 264 count: 1000 score: -79.6259 average_last200: -139.9837 epis: 0.0697 loss: 84.3508 
episode: 265 count: 1000 score: -76.2750 average_last200: -139.6074 epis: 0.0690 loss: 84.6285 
episode: 266 count: 1000 score: -104.2489 average_last200: -139.4644 epis: 0.0683 loss: 84.1723 
episode: 267 count: 1000 score: -69.3084 average_last200: -138.2910 epis: 0.0676 loss: 81.7820 
episode: 268 count: 1000 score: -69.1820 average_last200: -137.7097 epis: 0.0670 loss: 83.1572 
episode: 269 count: 1000 score: -96.2004 average_last200: -136.9011 epis: 0.0663 loss: 83.8472 
episode: 270 count: 1000 score: -99.8284 average_last200: -136.6164 epis: 0.0656 loss: 83.6284 
episode: 271 count: 1000 score: -95.0563 average_last200: -136.3786 epis: 0.0650 loss: 84.3926 
episode: 272 count: 861 score: -307.0126 average_last200: -137.4911 epis: 0.0643 loss: 71.2557 
episode: 273 count: 976 score: -259.3954 average_last200: -138.5331 epis: 0.0637 loss: 83.2823 
episode: 274 count: 1000 score: -125.8554 average_last200: -138.8519 epis: 0.0630 loss: 88.0726 
episode: 275 count: 1000 score: -93.9429 average_last200: -138.4011 epis: 0.0624 loss: 84.4784 
episode: 276 count: 1000 score: -90.7402 average_last200: -137.2327 epis: 0.0618 loss: 83.8928 
episode: 277 count: 1000 score: -91.7104 average_last200: -136.5772 epis: 0.0612 loss: 85.1292 
episode: 278 count: 1000 score: -147.6569 average_last200: -136.1448 epis: 0.0606 loss: 81.5876 
episode: 279 count: 122 score: -86.4755 average_last200: -135.2352 epis: 0.0600 loss: 10.2313 
episode: 280 count: 1000 score: -98.0949 average_last200: -134.6400 epis: 0.0594 loss: 87.7851 
episode: 281 count: 1000 score: -90.3094 average_last200: -134.4952 epis: 0.0588 loss: 82.8534 
episode: 282 count: 1000 score: -81.0012 average_last200: -134.2960 epis: 0.0582 loss: 83.8522 
episode: 283 count: 1000 score: -125.7785 average_last200: -134.2396 epis: 0.0576 loss: 84.0492 
episode: 284 count: 1000 score: -44.4893 average_last200: -133.6343 epis: 0.0570 loss: 82.2335 
episode: 285 count: 1000 score: -61.7572 average_last200: -132.6422 epis: 0.0565 loss: 84.7923 
episode: 286 count: 1000 score: -158.1560 average_last200: -131.9431 epis: 0.0559 loss: 90.5725 
episode: 287 count: 1000 score: -109.1053 average_last200: -131.1739 epis: 0.0553 loss: 82.8962 
episode: 288 count: 1000 score: -130.2151 average_last200: -130.5918 epis: 0.0548 loss: 82.0596 
episode: 289 count: 1000 score: -129.4625 average_last200: -130.7310 epis: 0.0542 loss: 80.5163 
episode: 290 count: 1000 score: -97.6466 average_last200: -130.4881 epis: 0.0537 loss: 84.8825 
episode: 291 count: 1000 score: -97.0788 average_last200: -129.7875 epis: 0.0531 loss: 86.8348 
episode: 292 count: 1000 score: -82.5941 average_last200: -128.7818 epis: 0.0526 loss: 81.5292 
episode: 293 count: 1000 score: -154.3709 average_last200: -129.1506 epis: 0.0521 loss: 80.9403 
episode: 294 count: 1000 score: -134.5927 average_last200: -129.3348 epis: 0.0516 loss: 82.8920 
episode: 295 count: 1000 score: -138.8701 average_last200: -129.5815 epis: 0.0511 loss: 83.7644 
episode: 296 count: 1000 score: -116.0381 average_last200: -128.6839 epis: 0.0505 loss: 82.7659 
episode: 297 count: 1000 score: -124.5548 average_last200: -127.9563 epis: 0.0500 loss: 89.1965 
episode: 298 count: 1000 score: -131.5089 average_last200: -128.1148 epis: 0.0495 loss: 82.9835 
episode: 299 count: 1000 score: -163.9661 average_last200: -127.9099 epis: 0.0490 loss: 83.3644 
episode: 300 count: 1000 score: -86.6855 average_last200: -127.5390 epis: 0.0486 loss: 86.4804 
episode: 301 count: 1000 score: -138.9461 average_last200: -127.4625 epis: 0.0481 loss: 83.6335 
episode: 302 count: 1000 score: -82.6764 average_last200: -127.0620 epis: 0.0476 loss: 81.2105 
episode: 303 count: 1000 score: -87.1173 average_last200: -126.4086 epis: 0.0471 loss: 79.4523 
episode: 304 count: 1000 score: -115.6902 average_last200: -126.7792 epis: 0.0466 loss: 84.2583 
episode: 305 count: 1000 score: -135.6695 average_last200: -127.0350 epis: 0.0462 loss: 85.1550 
episode: 306 count: 1000 score: -162.2212 average_last200: -127.4322 epis: 0.0457 loss: 82.6112 
episode: 307 count: 1000 score: -113.1490 average_last200: -127.4894 epis: 0.0453 loss: 81.4808 
episode: 308 count: 1000 score: -95.3960 average_last200: -127.4954 epis: 0.0448 loss: 79.0786 
episode: 309 count: 1000 score: -88.4743 average_last200: -126.3873 epis: 0.0444 loss: 80.1408 
episode: 310 count: 1000 score: -120.2996 average_last200: -126.4634 epis: 0.0439 loss: 80.2170 
episode: 311 count: 1000 score: -145.2122 average_last200: -126.1509 epis: 0.0435 loss: 78.2042 
episode: 312 count: 1000 score: -66.7605 average_last200: -126.1302 epis: 0.0430 loss: 81.6854 
episode: 313 count: 1000 score: -95.1115 average_last200: -126.5507 epis: 0.0426 loss: 80.7857 
episode: 314 count: 1000 score: -109.7951 average_last200: -126.9723 epis: 0.0422 loss: 78.7051 
episode: 315 count: 1000 score: -77.1348 average_last200: -126.6986 epis: 0.0418 loss: 78.6339 
episode: 316 count: 1000 score: -55.0458 average_last200: -126.1729 epis: 0.0413 loss: 82.3336 
episode: 317 count: 1000 score: -108.8682 average_last200: -126.2703 epis: 0.0409 loss: 77.1648 
episode: 318 count: 1000 score: -115.3995 average_last200: -126.4631 epis: 0.0405 loss: 81.5294 
episode: 319 count: 1000 score: -82.3891 average_last200: -125.8410 epis: 0.0401 loss: 75.9329 
episode: 320 count: 1000 score: -64.4073 average_last200: -126.1277 epis: 0.0397 loss: 79.4340 
episode: 321 count: 1000 score: -58.5649 average_last200: -125.5700 epis: 0.0393 loss: 74.7809 
episode: 322 count: 1000 score: -95.8294 average_last200: -125.7967 epis: 0.0389 loss: 80.5642 
episode: 323 count: 1000 score: -37.6936 average_last200: -125.0971 epis: 0.0385 loss: 75.1267 
episode: 324 count: 1000 score: -26.2552 average_last200: -124.3428 epis: 0.0381 loss: 76.0366 
episode: 325 count: 1000 score: -61.0243 average_last200: -123.7611 epis: 0.0378 loss: 79.3997 
episode: 326 count: 1000 score: -84.3274 average_last200: -123.3024 epis: 0.0374 loss: 80.3671 
episode: 327 count: 1000 score: -26.0959 average_last200: -122.3955 epis: 0.0370 loss: 79.0686 
episode: 328 count: 1000 score: -112.8545 average_last200: -121.8394 epis: 0.0366 loss: 86.2668 
episode: 329 count: 1000 score: -87.4155 average_last200: -121.1023 epis: 0.0363 loss: 86.5434 
episode: 330 count: 1000 score: -75.9679 average_last200: -120.1786 epis: 0.0359 loss: 84.8094 
episode: 331 count: 1000 score: -69.0389 average_last200: -119.2687 epis: 0.0356 loss: 82.3118 
episode: 332 count: 1000 score: -97.7505 average_last200: -118.8405 epis: 0.0352 loss: 80.7978 
episode: 333 count: 1000 score: -100.0208 average_last200: -118.1876 epis: 0.0348 loss: 83.6160 
episode: 334 count: 1000 score: -71.4975 average_last200: -117.6832 epis: 0.0345 loss: 83.6910 
episode: 335 count: 1000 score: -129.5672 average_last200: -116.8738 epis: 0.0342 loss: 87.6276 
episode: 336 count: 1000 score: -130.7045 average_last200: -116.5233 epis: 0.0338 loss: 77.7767 
episode: 337 count: 1000 score: -89.4233 average_last200: -116.0273 epis: 0.0335 loss: 81.4040 
episode: 338 count: 1000 score: -32.0590 average_last200: -114.9498 epis: 0.0331 loss: 84.4032 
episode: 339 count: 1000 score: -69.4714 average_last200: -114.1677 epis: 0.0328 loss: 80.5337 
episode: 340 count: 1000 score: -20.4505 average_last200: -113.1722 epis: 0.0325 loss: 81.4476 
episode: 341 count: 1000 score: -78.0951 average_last200: -112.2889 epis: 0.0322 loss: 86.9689 
episode: 342 count: 933 score: 140.0531 average_last200: -110.7380 epis: 0.0318 loss: 85.7045 
episode: 343 count: 1000 score: -46.7846 average_last200: -109.7874 epis: 0.0315 loss: 96.6233 
episode: 344 count: 1000 score: -179.5418 average_last200: -109.5210 epis: 0.0312 loss: 95.1852 
episode: 345 count: 1000 score: -120.2528 average_last200: -109.2640 epis: 0.0309 loss: 98.3622 
episode: 346 count: 425 score: -176.0310 average_last200: -109.3726 epis: 0.0306 loss: 44.2453 
episode: 347 count: 770 score: -205.0936 average_last200: -109.4595 epis: 0.0303 loss: 68.9559 
episode: 348 count: 533 score: -245.4609 average_last200: -109.6242 epis: 0.0300 loss: 56.1631 
episode: 349 count: 776 score: -137.9765 average_last200: -109.7282 epis: 0.0297 loss: 85.7604 
episode: 350 count: 784 score: -182.8796 average_last200: -109.4391 epis: 0.0294 loss: 77.4250 
episode: 351 count: 1000 score: -39.6505 average_last200: -108.7823 epis: 0.0291 loss: 106.9429 
episode: 352 count: 518 score: -252.3120 average_last200: -108.8552 epis: 0.0288 loss: 57.2126 
episode: 353 count: 830 score: -139.7891 average_last200: -108.5212 epis: 0.0285 loss: 87.0155 
episode: 354 count: 537 score: -193.2571 average_last200: -108.7538 epis: 0.0282 loss: 61.6655 
episode: 355 count: 192 score: -160.1449 average_last200: -108.6717 epis: 0.0279 loss: 19.2273 
episode: 356 count: 533 score: -199.9854 average_last200: -108.7586 epis: 0.0277 loss: 59.7987 
episode: 357 count: 850 score: -123.7941 average_last200: -108.4067 epis: 0.0274 loss: 97.9346 
episode: 358 count: 458 score: -237.5346 average_last200: -108.5673 epis: 0.0271 loss: 53.1324 
episode: 359 count: 1000 score: -20.2460 average_last200: -107.3321 epis: 0.0268 loss: 119.9928 
episode: 360 count: 464 score: -453.2797 average_last200: -108.8322 epis: 0.0266 loss: 54.0031 
episode: 361 count: 553 score: -166.2673 average_last200: -108.5463 epis: 0.0263 loss: 70.6098 
episode: 362 count: 325 score: -170.3701 average_last200: -108.6406 epis: 0.0260 loss: 39.1687 
episode: 363 count: 606 score: -238.0624 average_last200: -109.3968 epis: 0.0258 loss: 75.8044 
episode: 364 count: 552 score: -204.0305 average_last200: -109.7436 epis: 0.0255 loss: 65.2663 
episode: 365 count: 1000 score: -21.2143 average_last200: -109.3945 epis: 0.0253 loss: 122.3306 
episode: 366 count: 601 score: -175.6318 average_last200: -109.6761 epis: 0.0250 loss: 77.2707 
episode: 367 count: 1000 score: -176.1537 average_last200: -109.8887 epis: 0.0248 loss: 145.2297 
episode: 368 count: 326 score: -176.7382 average_last200: -110.2476 epis: 0.0245 loss: 41.2883 
episode: 369 count: 331 score: -264.5977 average_last200: -111.0092 epis: 0.0243 loss: 43.3946 
episode: 370 count: 765 score: -364.2145 average_last200: -112.3138 epis: 0.0240 loss: 98.8542 
episode: 371 count: 320 score: -195.8314 average_last200: -112.6675 epis: 0.0238 loss: 43.8021 
episode: 372 count: 905 score: -217.6968 average_last200: -113.1694 epis: 0.0235 loss: 119.8352 
episode: 373 count: 418 score: -254.1124 average_last200: -114.0690 epis: 0.0233 loss: 54.8567 
episode: 374 count: 500 score: -190.6739 average_last200: -114.4986 epis: 0.0231 loss: 68.4980 
episode: 375 count: 613 score: -329.9612 average_last200: -115.7501 epis: 0.0228 loss: 79.2909 
episode: 376 count: 822 score: -194.6673 average_last200: -116.0824 epis: 0.0226 loss: 105.9577 
episode: 377 count: 1000 score: -90.5082 average_last200: -115.9711 epis: 0.0224 loss: 138.9499 
episode: 378 count: 744 score: -328.7024 average_last200: -117.3106 epis: 0.0222 loss: 106.8705 
episode: 379 count: 1000 score: -201.1706 average_last200: -117.7688 epis: 0.0219 loss: 149.5274 
episode: 380 count: 895 score: -277.3872 average_last200: -118.7374 epis: 0.0217 loss: 131.6615 
episode: 381 count: 1000 score: -187.8648 average_last200: -119.2573 epis: 0.0215 loss: 158.3869 
episode: 382 count: 1000 score: -80.5478 average_last200: -119.4311 epis: 0.0213 loss: 153.4396 
episode: 383 count: 1000 score: -144.8586 average_last200: -119.5097 epis: 0.0211 loss: 145.7137 
episode: 384 count: 1000 score: -126.9236 average_last200: -119.6388 epis: 0.0209 loss: 145.5163 
episode: 385 count: 1000 score: -105.7924 average_last200: -119.5730 epis: 0.0207 loss: 149.3928 
episode: 386 count: 1000 score: -155.4830 average_last200: -119.8438 epis: 0.0205 loss: 143.6956 
episode: 387 count: 1000 score: -110.2329 average_last200: -119.6800 epis: 0.0203 loss: 142.9156 
episode: 388 count: 1000 score: -53.1682 average_last200: -119.3458 epis: 0.0200 loss: 145.0591 
episode: 389 count: 1000 score: -119.8855 average_last200: -119.0285 epis: 0.0198 loss: 150.9937 
episode: 390 count: 1000 score: -156.4266 average_last200: -119.1505 epis: 0.0196 loss: 142.6997 
episode: 391 count: 1000 score: -157.9165 average_last200: -119.4138 epis: 0.0195 loss: 138.8277 
episode: 392 count: 1000 score: -167.3935 average_last200: -119.8595 epis: 0.0193 loss: 146.7581 
episode: 393 count: 1000 score: -105.5373 average_last200: -119.8449 epis: 0.0191 loss: 121.6970 
episode: 394 count: 1000 score: -85.2714 average_last200: -119.5591 epis: 0.0189 loss: 139.5878 
episode: 395 count: 1000 score: -113.3828 average_last200: -119.3180 epis: 0.0187 loss: 140.0440 
episode: 396 count: 1000 score: -127.9410 average_last200: -119.2098 epis: 0.0185 loss: 144.5420 
episode: 397 count: 1000 score: -104.8327 average_last200: -119.1240 epis: 0.0183 loss: 145.5588 
episode: 398 count: 1000 score: -119.6088 average_last200: -119.3278 epis: 0.0181 loss: 148.3740 
episode: 399 count: 1000 score: -90.8782 average_last200: -119.0540 epis: 0.0180 loss: 136.7763 
episode: 400 count: 1000 score: -83.4543 average_last200: -118.8754 epis: 0.0178 loss: 132.7023 
episode: 401 count: 1000 score: -120.0416 average_last200: -118.6136 epis: 0.0176 loss: 130.5367 
episode: 402 count: 1000 score: -117.0643 average_last200: -118.7112 epis: 0.0174 loss: 133.6656 
episode: 403 count: 1000 score: -122.3517 average_last200: -118.7262 epis: 0.0172 loss: 162.1454 
episode: 404 count: 1000 score: -117.9413 average_last200: -118.8852 epis: 0.0171 loss: 135.8661 
episode: 405 count: 1000 score: -131.0722 average_last200: -119.1041 epis: 0.0169 loss: 131.0685 
episode: 406 count: 1000 score: -117.6373 average_last200: -119.1330 epis: 0.0167 loss: 137.5598 
episode: 407 count: 1000 score: -121.4483 average_last200: -119.2313 epis: 0.0166 loss: 135.0258 
episode: 408 count: 1000 score: -91.5166 average_last200: -119.2974 epis: 0.0164 loss: 134.9942 
episode: 409 count: 1000 score: -94.4528 average_last200: -119.1027 epis: 0.0162 loss: 136.4022 
episode: 410 count: 1000 score: -122.7367 average_last200: -119.1851 epis: 0.0161 loss: 146.8790 
episode: 411 count: 1000 score: -67.5234 average_last200: -118.9481 epis: 0.0159 loss: 136.2254 
episode: 412 count: 1000 score: -123.2310 average_last200: -119.0804 epis: 0.0158 loss: 126.2374 
episode: 413 count: 1000 score: -116.3026 average_last200: -119.0497 epis: 0.0156 loss: 132.5026 
episode: 414 count: 1000 score: -107.9989 average_last200: -119.1467 epis: 0.0154 loss: 158.3785 
episode: 415 count: 1000 score: -58.9945 average_last200: -118.7263 epis: 0.0153 loss: 138.4888 
episode: 416 count: 1000 score: -90.9691 average_last200: -118.6973 epis: 0.0151 loss: 138.8560 
episode: 417 count: 1000 score: -57.7794 average_last200: -118.6753 epis: 0.0150 loss: 136.0188 
episode: 418 count: 1000 score: -111.2685 average_last200: -118.4974 epis: 0.0148 loss: 135.5912 
episode: 419 count: 1000 score: -112.1036 average_last200: -118.5081 epis: 0.0147 loss: 133.4221 
episode: 420 count: 1000 score: -83.0468 average_last200: -118.5200 epis: 0.0145 loss: 147.2396 
episode: 421 count: 1000 score: -57.2858 average_last200: -118.4659 epis: 0.0144 loss: 138.5386 
episode: 422 count: 1000 score: -60.8606 average_last200: -118.0738 epis: 0.0142 loss: 150.6646 
episode: 423 count: 1000 score: -125.4670 average_last200: -118.0001 epis: 0.0141 loss: 136.2385 
episode: 424 count: 1000 score: -68.0060 average_last200: -117.8770 epis: 0.0140 loss: 142.5786 
episode: 425 count: 1000 score: -101.9821 average_last200: -117.9995 epis: 0.0138 loss: 131.5151 
episode: 426 count: 1000 score: -113.3501 average_last200: -118.1594 epis: 0.0137 loss: 133.6507 
episode: 427 count: 1000 score: -51.6385 average_last200: -117.9133 epis: 0.0135 loss: 125.9999 
episode: 428 count: 1000 score: -32.3218 average_last200: -117.4451 epis: 0.0134 loss: 145.4777 
episode: 429 count: 1000 score: -62.0693 average_last200: -117.4596 epis: 0.0133 loss: 151.5333 
episode: 430 count: 1000 score: -85.2929 average_last200: -117.1511 epis: 0.0131 loss: 123.9385 
episode: 431 count: 1000 score: -81.4386 average_last200: -116.8423 epis: 0.0130 loss: 138.2222 
episode: 432 count: 1000 score: -64.9342 average_last200: -116.5361 epis: 0.0129 loss: 139.2301 
episode: 433 count: 1000 score: -61.1767 average_last200: -116.5795 epis: 0.0128 loss: 138.5257 
episode: 434 count: 1000 score: -117.5579 average_last200: -116.6530 epis: 0.0126 loss: 128.1988 
episode: 435 count: 1000 score: -39.1852 average_last200: -116.3661 epis: 0.0125 loss: 144.7686 
episode: 436 count: 1000 score: -86.6779 average_last200: -116.4248 epis: 0.0124 loss: 134.4604 
episode: 437 count: 1000 score: -74.0692 average_last200: -116.1656 epis: 0.0123 loss: 137.0041 
episode: 438 count: 1000 score: -58.5405 average_last200: -115.9929 epis: 0.0121 loss: 135.3219 
episode: 439 count: 1000 score: -82.8782 average_last200: -115.8768 epis: 0.0120 loss: 134.4477 
episode: 440 count: 1000 score: -101.6370 average_last200: -115.9739 epis: 0.0119 loss: 131.5791 
episode: 441 count: 1000 score: -50.1207 average_last200: -115.6632 epis: 0.0118 loss: 138.5955 
episode: 442 count: 1000 score: -101.3494 average_last200: -115.7007 epis: 0.0117 loss: 126.8841 
episode: 443 count: 1000 score: -45.0010 average_last200: -115.5567 epis: 0.0115 loss: 130.8871 
episode: 444 count: 1000 score: -24.5524 average_last200: -115.1099 epis: 0.0114 loss: 123.3959 
episode: 445 count: 1000 score: -11.9731 average_last200: -114.9679 epis: 0.0113 loss: 122.9475 
episode: 446 count: 1000 score: -32.5777 average_last200: -114.9006 epis: 0.0112 loss: 126.6982 
episode: 447 count: 1000 score: -71.8434 average_last200: -115.0301 epis: 0.0111 loss: 132.8594 
episode: 448 count: 1000 score: -68.5191 average_last200: -114.9968 epis: 0.0110 loss: 133.3245 
episode: 449 count: 1000 score: -30.4223 average_last200: -114.5070 epis: 0.0109 loss: 130.2633 
episode: 450 count: 1000 score: -53.4486 average_last200: -114.2419 epis: 0.0108 loss: 141.3034 
episode: 451 count: 1000 score: -89.6631 average_last200: -114.1082 epis: 0.0106 loss: 122.1786 
episode: 452 count: 1000 score: -73.1750 average_last200: -114.0555 epis: 0.0105 loss: 124.6946 
episode: 453 count: 1000 score: -47.4452 average_last200: -113.9664 epis: 0.0104 loss: 124.9411 
episode: 454 count: 1000 score: -72.2240 average_last200: -113.6318 epis: 0.0103 loss: 112.2245 
episode: 455 count: 1000 score: -27.6190 average_last200: -113.4006 epis: 0.0102 loss: 125.2598 
episode: 456 count: 1000 score: -60.2008 average_last200: -113.2771 epis: 0.0101 loss: 127.9397 
episode: 457 count: 1000 score: -25.6544 average_last200: -112.9744 epis: 0.0100 loss: 118.5950 
episode: 458 count: 1000 score: -95.7067 average_last200: -112.7598 epis: 0.0099 loss: 106.5681 
episode: 459 count: 1000 score: -37.1532 average_last200: -112.4324 epis: 0.0098 loss: 116.2217 
episode: 460 count: 1000 score: -78.5616 average_last200: -112.5008 epis: 0.0097 loss: 106.2405 
episode: 461 count: 1000 score: -80.1937 average_last200: -112.2710 epis: 0.0096 loss: 104.6396 
episode: 462 count: 1000 score: -33.3873 average_last200: -112.1332 epis: 0.0095 loss: 96.9658 
episode: 463 count: 1000 score: -13.1559 average_last200: -111.5391 epis: 0.0094 loss: 110.1630 
episode: 464 count: 1000 score: -16.1981 average_last200: -111.2219 epis: 0.0093 loss: 113.3448 
episode: 465 count: 1000 score: -35.8767 average_last200: -111.0199 epis: 0.0092 loss: 117.0208 
episode: 466 count: 1000 score: -16.2233 average_last200: -110.5798 epis: 0.0092 loss: 122.5308 
episode: 467 count: 1000 score: -26.1897 average_last200: -110.3642 epis: 0.0091 loss: 115.9660 
episode: 468 count: 1000 score: -51.8960 average_last200: -110.2778 epis: 0.0090 loss: 128.9773 
episode: 469 count: 1000 score: -30.9488 average_last200: -109.9515 epis: 0.0089 loss: 121.9474 
episode: 470 count: 1000 score: -36.2083 average_last200: -109.6334 epis: 0.0088 loss: 115.4343 
episode: 471 count: 1000 score: -51.5265 average_last200: -109.4158 epis: 0.0087 loss: 120.4808 
episode: 472 count: 1000 score: -33.0752 average_last200: -108.0461 epis: 0.0086 loss: 111.8614 
episode: 473 count: 1000 score: -48.0471 average_last200: -106.9893 epis: 0.0085 loss: 116.6306 
episode: 474 count: 1000 score: -42.8461 average_last200: -106.5743 epis: 0.0084 loss: 106.5137 
episode: 475 count: 1000 score: 1.4782 average_last200: -106.0972 epis: 0.0084 loss: 101.1145 
episode: 476 count: 1000 score: -24.9133 average_last200: -105.7681 epis: 0.0083 loss: 99.1265 
episode: 477 count: 1000 score: -60.9299 average_last200: -105.6142 epis: 0.0082 loss: 100.4745 
episode: 478 count: 1000 score: -12.5119 average_last200: -104.9384 epis: 0.0081 loss: 92.4686 
episode: 479 count: 1000 score: -80.0770 average_last200: -104.9064 epis: 0.0080 loss: 94.5489 
episode: 480 count: 1000 score: -40.0460 average_last200: -104.6162 epis: 0.0080 loss: 90.1172 
episode: 481 count: 1000 score: -20.1959 average_last200: -104.2656 epis: 0.0079 loss: 89.3014 
episode: 482 count: 1000 score: 1.6441 average_last200: -103.8524 epis: 0.0078 loss: 86.1389 
episode: 483 count: 1000 score: -49.4664 average_last200: -103.4708 epis: 0.0077 loss: 87.2423 
episode: 484 count: 1000 score: 4.7299 average_last200: -103.2247 epis: 0.0076 loss: 84.3032 
episode: 485 count: 1000 score: -18.8683 average_last200: -103.0103 epis: 0.0076 loss: 85.0421 
episode: 486 count: 1000 score: -19.0110 average_last200: -102.3146 epis: 0.0075 loss: 79.9552 
episode: 487 count: 1000 score: -26.5125 average_last200: -101.9016 epis: 0.0074 loss: 76.9268 
episode: 488 count: 1000 score: -57.1446 average_last200: -101.5363 epis: 0.0073 loss: 75.8144 
episode: 489 count: 1000 score: -56.5434 average_last200: -101.1717 epis: 0.0073 loss: 74.0681 
episode: 490 count: 1000 score: -49.0250 average_last200: -100.9286 epis: 0.0072 loss: 69.7248 
episode: 491 count: 1000 score: -3.8691 average_last200: -100.4625 epis: 0.0071 loss: 73.0135 
episode: 492 count: 1000 score: -25.2258 average_last200: -100.1757 epis: 0.0070 loss: 71.9223 
episode: 493 count: 1000 score: -27.8436 average_last200: -99.5430 epis: 0.0070 loss: 71.5987 
episode: 494 count: 1000 score: -16.1498 average_last200: -98.9508 epis: 0.0069 loss: 71.8777 
episode: 495 count: 1000 score: -58.7764 average_last200: -98.5503 epis: 0.0068 loss: 69.9669 
episode: 496 count: 1000 score: -61.1064 average_last200: -98.2757 epis: 0.0068 loss: 69.8642 
episode: 497 count: 1000 score: -79.1652 average_last200: -98.0487 epis: 0.0067 loss: 66.4485 
episode: 498 count: 1000 score: -95.7401 average_last200: -97.8699 epis: 0.0066 loss: 70.0793 
episode: 499 count: 1000 score: -91.5183 average_last200: -97.5077 epis: 0.0066 loss: 66.3296 
episode: 500 count: 1000 score: -83.3051 average_last200: -97.4908 epis: 0.0065 loss: 66.8666 
episode: 501 count: 1000 score: -94.3598 average_last200: -97.2678 epis: 0.0064 loss: 64.7743 
episode: 502 count: 1000 score: -88.0804 average_last200: -97.2948 epis: 0.0064 loss: 63.7966 
episode: 503 count: 1000 score: -82.1308 average_last200: -97.2699 epis: 0.0063 loss: 64.9735 
episode: 504 count: 1000 score: -105.9756 average_last200: -97.2213 epis: 0.0062 loss: 62.8183 
episode: 505 count: 1000 score: -117.6309 average_last200: -97.1311 epis: 0.0062 loss: 67.5770 
episode: 506 count: 1000 score: -75.6020 average_last200: -96.6980 epis: 0.0061 loss: 65.9885 
episode: 507 count: 1000 score: -64.3782 average_last200: -96.4542 epis: 0.0061 loss: 68.2107 
episode: 508 count: 1000 score: -91.0060 average_last200: -96.4322 epis: 0.0060 loss: 65.9440 
episode: 509 count: 1000 score: -72.1564 average_last200: -96.3507 epis: 0.0059 loss: 64.2791 
episode: 510 count: 1000 score: -99.2785 average_last200: -96.2455 epis: 0.0059 loss: 63.0539 
episode: 511 count: 1000 score: -97.5258 average_last200: -96.0071 epis: 0.0058 loss: 63.6472 
episode: 512 count: 1000 score: -100.2508 average_last200: -96.1746 epis: 0.0058 loss: 63.4795 
episode: 513 count: 1000 score: -97.5791 average_last200: -96.1869 epis: 0.0057 loss: 60.2332 
episode: 514 count: 1000 score: -139.8469 average_last200: -96.3372 epis: 0.0057 loss: 63.1263 
episode: 515 count: 1000 score: -62.1339 average_last200: -96.2622 epis: 0.0056 loss: 60.1939 
episode: 516 count: 1000 score: -87.7120 average_last200: -96.4255 epis: 0.0055 loss: 60.5061 
episode: 517 count: 1000 score: -146.8706 average_last200: -96.6155 epis: 0.0055 loss: 58.9689 
episode: 518 count: 1000 score: -88.4331 average_last200: -96.4807 epis: 0.0054 loss: 57.3658 
episode: 519 count: 1000 score: -76.6616 average_last200: -96.4520 epis: 0.0054 loss: 58.7916 
episode: 520 count: 1000 score: -95.9576 average_last200: -96.6098 epis: 0.0053 loss: 57.0210 
episode: 521 count: 321 score: -30.2811 average_last200: -96.4684 epis: 0.0053 loss: 19.3573 
episode: 522 count: 1000 score: -100.0576 average_last200: -96.4895 epis: 0.0052 loss: 56.9307 
episode: 523 count: 1000 score: -73.9044 average_last200: -96.6706 epis: 0.0052 loss: 57.0186 
episode: 524 count: 1000 score: -88.3675 average_last200: -96.9811 epis: 0.0051 loss: 54.8589 
episode: 525 count: 1000 score: -62.1336 average_last200: -96.9867 epis: 0.0051 loss: 55.5274 
episode: 526 count: 1000 score: -50.0964 average_last200: -96.8155 epis: 0.0050 loss: 52.4059 
episode: 527 count: 285 score: -149.4169 average_last200: -97.4321 epis: 0.0050 loss: 16.4886 
episode: 528 count: 1000 score: -47.0707 average_last200: -97.1032 epis: 0.0049 loss: 50.1571 
episode: 529 count: 210 score: -79.1530 average_last200: -97.0619 epis: 0.0049 loss: 11.2583 
episode: 530 count: 1000 score: -91.1160 average_last200: -97.1376 epis: 0.0048 loss: 48.8494 
episode: 531 count: 1000 score: -87.7391 average_last200: -97.2311 epis: 0.0048 loss: 48.8933 
episode: 532 count: 1000 score: -31.7868 average_last200: -96.9013 epis: 0.0047 loss: 45.7713 
episode: 533 count: 1000 score: -108.5829 average_last200: -96.9441 epis: 0.0047 loss: 46.7186 
episode: 534 count: 1000 score: -109.2359 average_last200: -97.1328 epis: 0.0046 loss: 45.6071 
episode: 535 count: 185 score: -87.1255 average_last200: -96.9206 epis: 0.0046 loss: 8.4064 
episode: 536 count: 1000 score: -50.9758 average_last200: -96.5220 epis: 0.0045 loss: 45.2052 
episode: 537 count: 1000 score: -48.0105 average_last200: -96.3149 epis: 0.0045 loss: 43.6920 
episode: 538 count: 1000 score: -24.8639 average_last200: -96.2789 epis: 0.0044 loss: 43.4632 
episode: 539 count: 1000 score: -81.7512 average_last200: -96.3403 epis: 0.0044 loss: 45.4616 
episode: 540 count: 187 score: -78.4172 average_last200: -96.6302 epis: 0.0044 loss: 8.2375 
episode: 541 count: 1000 score: -55.4878 average_last200: -96.5171 epis: 0.0043 loss: 42.9191 
episode: 542 count: 1000 score: -113.5183 average_last200: -97.7850 epis: 0.0043 loss: 45.2518 
episode: 543 count: 1000 score: -93.2130 average_last200: -98.0171 epis: 0.0042 loss: 42.5447 
episode: 544 count: 1000 score: -44.5694 average_last200: -97.3423 epis: 0.0042 loss: 42.5930 
episode: 545 count: 1000 score: -61.4748 average_last200: -97.0484 epis: 0.0041 loss: 43.1220 
episode: 546 count: 1000 score: -65.1917 average_last200: -96.4942 epis: 0.0041 loss: 43.7743 
episode: 547 count: 1000 score: -24.6941 average_last200: -95.5922 epis: 0.0041 loss: 42.3069 
episode: 548 count: 1000 score: -54.7001 average_last200: -94.6384 epis: 0.0040 loss: 41.9402 
episode: 549 count: 1000 score: -45.5611 average_last200: -94.1763 epis: 0.0040 loss: 41.5298 
episode: 550 count: 1000 score: -86.2624 average_last200: -93.6932 epis: 0.0039 loss: 41.0234 
episode: 551 count: 1000 score: -110.6293 average_last200: -94.0481 epis: 0.0039 loss: 42.4798 
episode: 552 count: 1000 score: -41.0864 average_last200: -92.9920 epis: 0.0039 loss: 43.3590 
episode: 553 count: 1000 score: -29.7804 average_last200: -92.4419 epis: 0.0038 loss: 41.7839 
episode: 554 count: 1000 score: -56.3771 average_last200: -91.7575 epis: 0.0038 loss: 39.6582 
episode: 555 count: 1000 score: -45.9157 average_last200: -91.1864 epis: 0.0037 loss: 41.6044 
episode: 556 count: 1000 score: -74.3401 average_last200: -90.5582 epis: 0.0037 loss: 40.0724 
episode: 557 count: 1000 score: 5.3059 average_last200: -89.9126 epis: 0.0037 loss: 43.1992 
episode: 558 count: 272 score: -49.1654 average_last200: -88.9708 epis: 0.0036 loss: 11.4783 
episode: 559 count: 1000 score: -81.6769 average_last200: -89.2780 epis: 0.0036 loss: 42.6237 
episode: 560 count: 1000 score: -48.5381 average_last200: -87.2543 epis: 0.0036 loss: 41.5091 
episode: 561 count: 1000 score: -74.9173 average_last200: -86.7975 epis: 0.0035 loss: 38.8506 
episode: 562 count: 1000 score: -22.7376 average_last200: -86.0593 epis: 0.0035 loss: 41.2911 
episode: 563 count: 1000 score: -63.7801 average_last200: -85.1879 epis: 0.0035 loss: 38.8898 
episode: 564 count: 1000 score: -18.0910 average_last200: -84.2582 epis: 0.0034 loss: 40.8232 
episode: 565 count: 1000 score: -67.8433 average_last200: -84.4914 epis: 0.0034 loss: 38.1059 
episode: 566 count: 161 score: -64.5734 average_last200: -83.9361 epis: 0.0034 loss: 5.9796 
episode: 567 count: 1000 score: -7.0940 average_last200: -83.0908 epis: 0.0033 loss: 38.4421 
episode: 568 count: 1000 score: -53.6269 average_last200: -82.4752 epis: 0.0033 loss: 39.6915 
episode: 569 count: 68 score: -107.6790 average_last200: -81.6906 epis: 0.0033 loss: 2.9240 
episode: 570 count: 870 score: 140.0161 average_last200: -79.1695 epis: 0.0032 loss: 33.8808 
episode: 571 count: 1000 score: -10.1545 average_last200: -78.2411 epis: 0.0032 loss: 40.4331 
episode: 572 count: 142 score: -83.6573 average_last200: -77.5709 epis: 0.0032 loss: 5.4448 
episode: 573 count: 1000 score: -84.4263 average_last200: -76.7225 epis: 0.0031 loss: 37.2305 
episode: 574 count: 155 score: -86.1106 average_last200: -76.1997 epis: 0.0031 loss: 5.7432 
episode: 575 count: 1000 score: -26.8268 average_last200: -74.6840 epis: 0.0031 loss: 38.4292 
episode: 576 count: 1000 score: -39.3068 average_last200: -73.9072 epis: 0.0030 loss: 38.2723 
episode: 577 count: 1000 score: -56.2384 average_last200: -73.7358 epis: 0.0030 loss: 38.4541 
episode: 578 count: 1000 score: -32.7719 average_last200: -72.2562 epis: 0.0030 loss: 37.8306 
episode: 579 count: 1000 score: -84.3996 average_last200: -71.6723 epis: 0.0029 loss: 40.6135 
episode: 580 count: 1000 score: -7.0975 average_last200: -70.3209 epis: 0.0029 loss: 41.2866 
episode: 581 count: 176 score: -49.4930 average_last200: -69.6290 epis: 0.0029 loss: 6.0514 
episode: 582 count: 1000 score: -11.6083 average_last200: -69.2843 epis: 0.0029 loss: 37.7878 
episode: 583 count: 1000 score: -74.6689 average_last200: -68.9334 epis: 0.0028 loss: 39.4574 
episode: 584 count: 1000 score: -15.7653 average_last200: -68.3776 epis: 0.0028 loss: 37.4907 
episode: 585 count: 1000 score: -35.5410 average_last200: -68.0263 epis: 0.0028 loss: 40.6983 
episode: 586 count: 1000 score: -117.5661 average_last200: -67.8367 epis: 0.0027 loss: 41.8119 
episode: 587 count: 1000 score: -69.5416 average_last200: -67.6333 epis: 0.0027 loss: 44.4922 
episode: 588 count: 1000 score: -80.3268 average_last200: -67.7691 epis: 0.0027 loss: 40.3554 
episode: 589 count: 1000 score: -16.5289 average_last200: -67.2523 epis: 0.0027 loss: 38.0248 
episode: 590 count: 1000 score: -48.2120 average_last200: -66.7112 epis: 0.0026 loss: 37.1990 
episode: 591 count: 1000 score: -34.1701 average_last200: -66.0925 epis: 0.0026 loss: 36.0256 
episode: 592 count: 1000 score: -79.4067 average_last200: -65.6525 epis: 0.0026 loss: 34.3051 
episode: 593 count: 1000 score: -77.1326 average_last200: -65.5105 epis: 0.0026 loss: 36.8021 
episode: 594 count: 1000 score: -98.8732 average_last200: -65.5785 epis: 0.0025 loss: 37.6521 
episode: 595 count: 1000 score: -37.3039 average_last200: -65.1981 epis: 0.0025 loss: 37.7143 
episode: 596 count: 1000 score: -97.1477 average_last200: -65.0442 epis: 0.0025 loss: 35.1833 
episode: 597 count: 1000 score: -97.8687 average_last200: -65.0094 epis: 0.0025 loss: 35.3023 
episode: 598 count: 1000 score: -93.1792 average_last200: -64.8772 epis: 0.0024 loss: 33.8438 
episode: 599 count: 1000 score: -98.2261 average_last200: -64.9139 epis: 0.0024 loss: 33.8834 
episode: 600 count: 1000 score: -63.8272 average_last200: -64.8158 epis: 0.0024 loss: 38.4231 
episode: 601 count: 1000 score: -76.9857 average_last200: -64.6005 epis: 0.0024 loss: 34.5357 
episode: 602 count: 1000 score: -125.6958 average_last200: -64.6437 epis: 0.0023 loss: 36.6339 
episode: 603 count: 1000 score: -94.0737 average_last200: -64.5023 epis: 0.0023 loss: 37.3860 
episode: 604 count: 1000 score: -70.0720 average_last200: -64.2629 epis: 0.0023 loss: 37.6903 
episode: 605 count: 1000 score: -122.2575 average_last200: -64.2189 epis: 0.0023 loss: 37.7587 
episode: 606 count: 1000 score: -97.3691 average_last200: -64.1175 epis: 0.0022 loss: 37.7449 
episode: 607 count: 1000 score: -78.4951 average_last200: -63.9028 epis: 0.0022 loss: 36.5018 
episode: 608 count: 1000 score: -55.0313 average_last200: -63.7203 epis: 0.0022 loss: 36.7628 
episode: 609 count: 1000 score: -82.6234 average_last200: -63.6612 epis: 0.0022 loss: 35.6673 
episode: 610 count: 1000 score: -25.6985 average_last200: -63.1760 epis: 0.0022 loss: 37.0784 
episode: 611 count: 1000 score: -21.0177 average_last200: -62.9435 epis: 0.0021 loss: 38.3664 
episode: 612 count: 1000 score: -43.0193 average_last200: -62.5424 epis: 0.0021 loss: 40.1539 
episode: 613 count: 1000 score: -26.2908 average_last200: -62.0924 epis: 0.0021 loss: 39.1213 
episode: 614 count: 1000 score: -9.0768 average_last200: -61.5977 epis: 0.0021 loss: 40.2582 
episode: 615 count: 1000 score: -11.7492 average_last200: -61.3615 epis: 0.0020 loss: 37.4162 
episode: 616 count: 1000 score: -46.1724 average_last200: -61.1375 epis: 0.0020 loss: 38.5294 
episode: 617 count: 1000 score: -14.0880 average_last200: -60.9191 epis: 0.0020 loss: 39.2008 
episode: 618 count: 1000 score: -57.4906 average_last200: -60.6502 epis: 0.0020 loss: 41.2021 
episode: 619 count: 1000 score: -43.1943 average_last200: -60.3056 epis: 0.0020 loss: 40.4964 
episode: 620 count: 1000 score: -16.2542 average_last200: -59.9717 epis: 0.0019 loss: 40.1769 
episode: 621 count: 1000 score: 13.4595 average_last200: -59.6180 epis: 0.0019 loss: 41.7657 
episode: 622 count: 1000 score: -6.9756 average_last200: -59.3485 epis: 0.0019 loss: 44.9710 
episode: 623 count: 1000 score: -29.4142 average_last200: -58.8683 epis: 0.0019 loss: 42.7191 
episode: 624 count: 338 score: 217.4253 average_last200: -57.4411 epis: 0.0019 loss: 14.6628 
episode: 625 count: 1000 score: 8.5650 average_last200: -56.8884 epis: 0.0019 loss: 40.2006 
episode: 626 count: 1000 score: -57.8991 average_last200: -56.6111 epis: 0.0018 loss: 42.1873 
episode: 627 count: 1000 score: -23.3779 average_last200: -56.4698 epis: 0.0018 loss: 41.4636 
episode: 628 count: 1000 score: -24.7448 average_last200: -56.4319 epis: 0.0018 loss: 47.3366 
episode: 629 count: 1000 score: -79.0400 average_last200: -56.5168 epis: 0.0018 loss: 46.0106 
episode: 630 count: 1000 score: -56.2216 average_last200: -56.3714 epis: 0.0018 loss: 46.7640 
episode: 631 count: 1000 score: -48.2873 average_last200: -56.2057 epis: 0.0017 loss: 46.7345 
episode: 632 count: 1000 score: -39.5216 average_last200: -56.0786 epis: 0.0017 loss: 47.4353 
episode: 633 count: 1000 score: 15.9545 average_last200: -55.6930 epis: 0.0017 loss: 43.1557 
episode: 634 count: 1000 score: -79.4750 average_last200: -55.5025 epis: 0.0017 loss: 48.8179 
episode: 635 count: 1000 score: -46.0543 average_last200: -55.5369 epis: 0.0017 loss: 47.6444 
episode: 636 count: 1000 score: -34.3275 average_last200: -55.2751 epis: 0.0017 loss: 44.5647 
episode: 637 count: 1000 score: 1.8703 average_last200: -54.8954 epis: 0.0016 loss: 44.5799 
episode: 638 count: 1000 score: -73.7876 average_last200: -54.9717 epis: 0.0016 loss: 44.3541 
episode: 639 count: 1000 score: -25.7947 average_last200: -54.6863 epis: 0.0016 loss: 44.2191 
episode: 640 count: 966 score: 69.2302 average_last200: -53.8319 epis: 0.0016 loss: 43.9164 
episode: 641 count: 820 score: -96.9100 average_last200: -54.0659 epis: 0.0016 loss: 34.5122 
episode: 642 count: 1000 score: -54.3459 average_last200: -53.8308 epis: 0.0016 loss: 51.0547 
episode: 643 count: 1000 score: -40.3601 average_last200: -53.8076 epis: 0.0015 loss: 47.6805 
episode: 644 count: 1000 score: 68.4209 average_last200: -53.3428 epis: 0.0015 loss: 42.7023 
episode: 645 count: 1000 score: -54.2849 average_last200: -53.5543 epis: 0.0015 loss: 45.0760 
episode: 646 count: 1000 score: -105.1843 average_last200: -53.9174 epis: 0.0015 loss: 42.7867 
episode: 647 count: 1000 score: -56.2831 average_last200: -53.8396 epis: 0.0015 loss: 45.9397 
episode: 648 count: 1000 score: -106.7718 average_last200: -54.0308 epis: 0.0015 loss: 44.6569 
episode: 649 count: 1000 score: -78.2461 average_last200: -54.2699 epis: 0.0015 loss: 44.4994 
episode: 650 count: 1000 score: 82.4518 average_last200: -53.5904 epis: 0.0014 loss: 42.4291 
episode: 651 count: 1000 score: -50.5842 average_last200: -53.3951 epis: 0.0014 loss: 45.3781 
episode: 652 count: 1000 score: -26.9599 average_last200: -53.1640 epis: 0.0014 loss: 49.8631 
episode: 653 count: 1000 score: -73.9590 average_last200: -53.2965 epis: 0.0014 loss: 45.5563 
episode: 654 count: 1000 score: -12.7292 average_last200: -52.9991 epis: 0.0014 loss: 43.5975 
episode: 655 count: 1000 score: -108.6838 average_last200: -53.4044 epis: 0.0014 loss: 42.3379 
episode: 656 count: 1000 score: -92.7930 average_last200: -53.5674 epis: 0.0014 loss: 48.2624 
episode: 657 count: 1000 score: -41.7960 average_last200: -53.6481 epis: 0.0013 loss: 47.7914 
episode: 658 count: 1000 score: -8.5720 average_last200: -53.2124 epis: 0.0013 loss: 42.8931 
episode: 659 count: 1000 score: -92.0888 average_last200: -53.4871 epis: 0.0013 loss: 45.7971 
episode: 660 count: 1000 score: -11.4176 average_last200: -53.1513 epis: 0.0013 loss: 46.9461 
episode: 661 count: 1000 score: -112.0227 average_last200: -53.3105 epis: 0.0013 loss: 42.6226 
episode: 662 count: 1000 score: -22.2688 average_last200: -53.2549 epis: 0.0013 loss: 44.5824 
episode: 663 count: 1000 score: -79.8359 average_last200: -53.5883 epis: 0.0013 loss: 40.4768 
episode: 664 count: 1000 score: 62.6685 average_last200: -53.1940 epis: 0.0013 loss: 44.2853 
episode: 665 count: 1000 score: -106.1540 average_last200: -53.5454 epis: 0.0012 loss: 42.6798 
episode: 666 count: 1000 score: -74.2323 average_last200: -53.8354 epis: 0.0012 loss: 48.4814 
episode: 667 count: 1000 score: -24.2022 average_last200: -53.8255 epis: 0.0012 loss: 47.1174 
episode: 668 count: 1000 score: -3.8613 average_last200: -53.5853 epis: 0.0012 loss: 43.8405 
episode: 669 count: 1000 score: -56.4628 average_last200: -53.7129 epis: 0.0012 loss: 45.2269 
episode: 670 count: 1000 score: -27.2316 average_last200: -53.6680 epis: 0.0012 loss: 42.5346 
episode: 671 count: 1000 score: 27.2317 average_last200: -53.2742 epis: 0.0012 loss: 45.8066 
episode: 672 count: 1000 score: 16.4148 average_last200: -53.0267 epis: 0.0012 loss: 40.7143 
episode: 673 count: 1000 score: -24.8796 average_last200: -52.9109 epis: 0.0011 loss: 47.3072 
episode: 674 count: 1000 score: -105.1393 average_last200: -53.2224 epis: 0.0011 loss: 44.0210 
episode: 675 count: 849 score: 77.9222 average_last200: -52.8401 epis: 0.0011 loss: 38.5981 
episode: 676 count: 1000 score: -57.8437 average_last200: -53.0048 epis: 0.0011 loss: 44.7572 
episode: 677 count: 873 score: 66.8214 average_last200: -52.3660 epis: 0.0011 loss: 39.7240 
episode: 678 count: 1000 score: -41.8375 average_last200: -52.5127 epis: 0.0011 loss: 42.0069 
episode: 679 count: 1000 score: -19.6610 average_last200: -52.2106 epis: 0.0011 loss: 48.8939 
episode: 680 count: 1000 score: -34.7777 average_last200: -52.1842 epis: 0.0011 loss: 42.8682 
episode: 681 count: 1000 score: -69.3456 average_last200: -52.4300 epis: 0.0011 loss: 48.5575 
episode: 682 count: 1000 score: 35.3102 average_last200: -52.2617 epis: 0.0010 loss: 45.6820 
episode: 683 count: 1000 score: 4.6043 average_last200: -51.9913 epis: 0.0010 loss: 39.9749 
episode: 684 count: 1000 score: -159.4837 average_last200: -52.8124 epis: 0.0010 loss: 43.4751 
episode: 685 count: 1000 score: -151.4040 average_last200: -53.4751 epis: 0.0010 loss: 42.7243 
episode: 686 count: 1000 score: -36.7457 average_last200: -53.5637 epis: 0.0010 loss: 46.0373 
episode: 687 count: 1000 score: -118.3727 average_last200: -54.0230 epis: 0.0010 loss: 47.4107 
episode: 688 count: 1000 score: -30.1497 average_last200: -53.8881 epis: 0.0010 loss: 41.0618 
episode: 689 count: 1000 score: -134.7079 average_last200: -54.2789 epis: 0.0010 loss: 46.1706 
episode: 690 count: 1000 score: -49.6067 average_last200: -54.2818 epis: 0.0010 loss: 43.8919 
episode: 691 count: 1000 score: -77.9168 average_last200: -54.6520 epis: 0.0010 loss: 44.8373 
episode: 692 count: 1000 score: -60.8666 average_last200: -54.8302 epis: 0.0009 loss: 46.8303 
episode: 693 count: 948 score: 41.2360 average_last200: -54.4848 epis: 0.0009 loss: 41.9014 
episode: 694 count: 1000 score: -51.7901 average_last200: -54.6630 epis: 0.0009 loss: 44.8448 
episode: 695 count: 951 score: 30.2246 average_last200: -54.2180 epis: 0.0009 loss: 43.1346 
episode: 696 count: 1000 score: -60.6118 average_last200: -54.2156 epis: 0.0009 loss: 47.0460 
episode: 697 count: 1000 score: -87.9545 average_last200: -54.2595 epis: 0.0009 loss: 47.0808 
episode: 698 count: 1000 score: -43.7648 average_last200: -53.9996 epis: 0.0009 loss: 48.2201 
episode: 699 count: 1000 score: -113.7376 average_last200: -54.1107 epis: 0.0009 loss: 49.7544 
episode: 700 count: 1000 score: -123.2675 average_last200: -54.3105 epis: 0.0009 loss: 51.5311 
episode: 701 count: 1000 score: 43.5410 average_last200: -53.6210 epis: 0.0009 loss: 45.5683 
episode: 702 count: 1000 score: -13.8824 average_last200: -53.2500 epis: 0.0009 loss: 45.3652 
episode: 703 count: 1000 score: -41.1343 average_last200: -53.0451 epis: 0.0008 loss: 45.7819 
episode: 704 count: 1000 score: -71.2347 average_last200: -52.8714 epis: 0.0008 loss: 48.9257 
episode: 705 count: 1000 score: -86.7966 average_last200: -52.7172 epis: 0.0008 loss: 44.8253 
episode: 706 count: 1000 score: -56.8513 average_last200: -52.6234 epis: 0.0008 loss: 48.1706 
episode: 707 count: 1000 score: -98.4701 average_last200: -52.7939 epis: 0.0008 loss: 53.1433 
episode: 708 count: 1000 score: -57.5066 average_last200: -52.6264 epis: 0.0008 loss: 51.0423 
episode: 709 count: 1000 score: 14.6296 average_last200: -52.1925 epis: 0.0008 loss: 47.6568 
episode: 710 count: 1000 score: -125.4484 average_last200: -52.3233 epis: 0.0008 loss: 48.1263 
episode: 711 count: 1000 score: -92.2839 average_last200: -52.2971 epis: 0.0008 loss: 45.9766 
episode: 712 count: 1000 score: -74.4771 average_last200: -52.1682 epis: 0.0008 loss: 51.1497 
episode: 713 count: 1000 score: -47.8912 average_last200: -51.9198 epis: 0.0008 loss: 47.8162 
episode: 714 count: 1000 score: -32.7917 average_last200: -51.3845 epis: 0.0008 loss: 46.2302 
episode: 715 count: 1000 score: -114.8850 average_last200: -51.6483 epis: 0.0007 loss: 45.7384 
episode: 716 count: 1000 score: -80.7146 average_last200: -51.6133 epis: 0.0007 loss: 47.3596 
episode: 717 count: 1000 score: -78.0778 average_last200: -51.2693 epis: 0.0007 loss: 46.8549 
episode: 718 count: 1000 score: -69.8529 average_last200: -51.1764 epis: 0.0007 loss: 48.3062 
episode: 719 count: 1000 score: -35.3230 average_last200: -50.9697 epis: 0.0007 loss: 48.6486 
episode: 720 count: 1000 score: -124.1371 average_last200: -51.1106 epis: 0.0007 loss: 43.4639 
episode: 721 count: 1000 score: -48.4023 average_last200: -51.2012 epis: 0.0007 loss: 43.3018 
episode: 722 count: 1000 score: -101.4521 average_last200: -51.2082 epis: 0.0007 loss: 35.0694 
episode: 723 count: 1000 score: -97.4982 average_last200: -51.3262 epis: 0.0007 loss: 36.4650 
episode: 724 count: 1000 score: -78.4777 average_last200: -51.2767 epis: 0.0007 loss: 39.7780 
episode: 725 count: 1000 score: -104.2348 average_last200: -51.4872 epis: 0.0007 loss: 36.4431 
episode: 726 count: 1000 score: -110.4123 average_last200: -51.7888 epis: 0.0007 loss: 39.7351 
episode: 727 count: 1000 score: -89.6590 average_last200: -51.4900 epis: 0.0007 loss: 37.8049 
episode: 728 count: 1000 score: -64.3510 average_last200: -51.5764 epis: 0.0007 loss: 32.8687 
episode: 729 count: 1000 score: -74.4130 average_last200: -51.5527 epis: 0.0007 loss: 35.6296 
episode: 730 count: 1000 score: -138.2145 average_last200: -51.7882 epis: 0.0006 loss: 35.4403 
episode: 731 count: 1000 score: -99.3679 average_last200: -51.8464 epis: 0.0006 loss: 33.4887 
episode: 732 count: 1000 score: -61.2675 average_last200: -51.9938 epis: 0.0006 loss: 33.9096 
episode: 733 count: 1000 score: -66.8826 average_last200: -51.7853 epis: 0.0006 loss: 32.2483 
episode: 734 count: 1000 score: -95.3314 average_last200: -51.7157 epis: 0.0006 loss: 33.2885 
episode: 735 count: 1000 score: -62.4740 average_last200: -51.5925 epis: 0.0006 loss: 30.8667 
episode: 736 count: 1000 score: -100.1181 average_last200: -51.8382 epis: 0.0006 loss: 32.3623 
episode: 737 count: 1000 score: -67.6819 average_last200: -51.9366 epis: 0.0006 loss: 31.3145 
episode: 738 count: 1000 score: -90.7691 average_last200: -52.2661 epis: 0.0006 loss: 31.3181 
episode: 739 count: 1000 score: -63.1575 average_last200: -52.1731 epis: 0.0006 loss: 29.8332 
episode: 740 count: 1000 score: -113.4827 average_last200: -52.3484 epis: 0.0006 loss: 30.5984 
episode: 741 count: 1000 score: -130.8616 average_last200: -52.7253 epis: 0.0006 loss: 31.2570 
episode: 742 count: 1000 score: -87.0457 average_last200: -52.5929 epis: 0.0006 loss: 27.9912 
episode: 743 count: 1000 score: -40.8493 average_last200: -52.3311 epis: 0.0006 loss: 28.5540 
episode: 744 count: 1000 score: -83.7516 average_last200: -52.5270 epis: 0.0006 loss: 30.8758 
episode: 745 count: 1000 score: -91.3195 average_last200: -52.6763 epis: 0.0006 loss: 30.1649 
episode: 746 count: 1000 score: -51.0073 average_last200: -52.6053 epis: 0.0005 loss: 28.2112 
episode: 747 count: 1000 score: -81.9788 average_last200: -52.8918 epis: 0.0005 loss: 29.7493 
episode: 748 count: 1000 score: -85.3788 average_last200: -53.0452 epis: 0.0005 loss: 29.3848 
episode: 749 count: 449 score: -91.1665 average_last200: -53.2732 epis: 0.0005 loss: 11.2224 
episode: 750 count: 1000 score: 40.2657 average_last200: -52.6405 epis: 0.0005 loss: 31.7153 
episode: 751 count: 1000 score: -80.6026 average_last200: -52.4904 epis: 0.0005 loss: 28.3737 
episode: 752 count: 593 score: 141.9827 average_last200: -51.5751 epis: 0.0005 loss: 17.4996 
episode: 753 count: 1000 score: -111.7235 average_last200: -51.9848 epis: 0.0005 loss: 33.0828 
episode: 754 count: 1000 score: -108.5826 average_last200: -52.2458 epis: 0.0005 loss: 32.5457 
episode: 755 count: 1000 score: -9.1839 average_last200: -52.0621 epis: 0.0005 loss: 30.5828 
episode: 756 count: 1000 score: -57.7285 average_last200: -51.9791 epis: 0.0005 loss: 30.8235 
episode: 757 count: 1000 score: -58.3617 average_last200: -52.2974 epis: 0.0005 loss: 31.8424 
episode: 758 count: 1000 score: -83.8272 average_last200: -52.4707 epis: 0.0005 loss: 29.9976 
episode: 759 count: 1000 score: 13.2759 average_last200: -51.9960 epis: 0.0005 loss: 28.7963 
episode: 760 count: 1000 score: -13.0609 average_last200: -51.8186 epis: 0.0005 loss: 30.0933 
episode: 761 count: 1000 score: -104.6478 average_last200: -51.9672 epis: 0.0005 loss: 31.3407 
episode: 762 count: 1000 score: -53.1545 average_last200: -52.1193 epis: 0.0005 loss: 30.8975 
episode: 763 count: 1000 score: -100.0773 average_last200: -52.3008 epis: 0.0005 loss: 29.1947 
episode: 764 count: 1000 score: -59.8993 average_last200: -52.5098 epis: 0.0005 loss: 28.6991 
episode: 765 count: 1000 score: -82.2334 average_last200: -52.5818 epis: 0.0005 loss: 26.0864 
episode: 766 count: 1000 score: -65.5312 average_last200: -52.5866 epis: 0.0004 loss: 31.6001 
episode: 767 count: 879 score: 123.9682 average_last200: -51.9313 epis: 0.0004 loss: 23.9015 
episode: 768 count: 1000 score: -51.7814 average_last200: -51.9220 epis: 0.0004 loss: 29.7068 
episode: 769 count: 1000 score: -68.6385 average_last200: -51.7268 epis: 0.0004 loss: 31.8348 
episode: 770 count: 1000 score: -86.4999 average_last200: -52.8594 epis: 0.0004 loss: 28.8956 
episode: 771 count: 1000 score: -66.1987 average_last200: -53.1396 epis: 0.0004 loss: 28.1146 
episode: 772 count: 1000 score: -76.1941 average_last200: -53.1023 epis: 0.0004 loss: 29.5315 
episode: 773 count: 1000 score: -101.3985 average_last200: -53.1872 epis: 0.0004 loss: 27.7849 
episode: 774 count: 919 score: 106.9207 average_last200: -52.2220 epis: 0.0004 loss: 23.7036 
episode: 775 count: 1000 score: -91.6811 average_last200: -52.5463 epis: 0.0004 loss: 32.4999 
episode: 776 count: 1000 score: -67.8643 average_last200: -52.6891 epis: 0.0004 loss: 32.6627 
episode: 777 count: 1000 score: -95.0913 average_last200: -52.8834 epis: 0.0004 loss: 28.7451 
episode: 778 count: 1000 score: -46.9278 average_last200: -52.9541 epis: 0.0004 loss: 29.1982 
episode: 779 count: 1000 score: -66.8091 average_last200: -52.8662 epis: 0.0004 loss: 27.4713 
episode: 780 count: 1000 score: -79.6380 average_last200: -53.2289 epis: 0.0004 loss: 27.4135 
episode: 781 count: 1000 score: -26.3820 average_last200: -53.1133 epis: 0.0004 loss: 28.4302 
episode: 782 count: 1000 score: -39.6878 average_last200: -53.2537 epis: 0.0004 loss: 27.0516 
episode: 783 count: 1000 score: -72.8993 average_last200: -53.2449 epis: 0.0004 loss: 27.2882 
episode: 784 count: 1000 score: -103.5769 average_last200: -53.6839 epis: 0.0004 loss: 25.3193 
episode: 785 count: 1000 score: -16.4731 average_last200: -53.5886 epis: 0.0004 loss: 24.7471 
episode: 786 count: 1000 score: -83.5081 average_last200: -53.4183 epis: 0.0004 loss: 24.7961 
episode: 787 count: 1000 score: -40.3692 average_last200: -53.2724 epis: 0.0004 loss: 25.7090 
episode: 788 count: 1000 score: -110.3230 average_last200: -53.4224 epis: 0.0004 loss: 28.5402 
episode: 789 count: 1000 score: -96.5705 average_last200: -53.8226 epis: 0.0004 loss: 24.6048 
episode: 790 count: 1000 score: -87.4820 average_last200: -54.0190 epis: 0.0004 loss: 23.3234 
episode: 791 count: 1000 score: -35.7649 average_last200: -54.0270 epis: 0.0003 loss: 24.9425 
episode: 792 count: 1000 score: -21.0224 average_last200: -53.7350 epis: 0.0003 loss: 23.6790 
episode: 793 count: 1000 score: -24.2526 average_last200: -53.4706 epis: 0.0003 loss: 23.5422 
episode: 794 count: 1000 score: -107.8789 average_last200: -53.5157 epis: 0.0003 loss: 22.0264 
episode: 795 count: 1000 score: -62.5166 average_last200: -53.6417 epis: 0.0003 loss: 23.8973 
episode: 796 count: 1000 score: -68.0736 average_last200: -53.4964 epis: 0.0003 loss: 22.2702 
episode: 797 count: 1000 score: -68.5693 average_last200: -53.3499 epis: 0.0003 loss: 24.2290 
episode: 798 count: 1000 score: -71.5234 average_last200: -53.2416 epis: 0.0003 loss: 23.0215 
episode: 799 count: 1000 score: -119.2533 average_last200: -53.3467 epis: 0.0003 loss: 20.9795 
episode: 800 count: 1000 score: -71.7054 average_last200: -53.3861 epis: 0.0003 loss: 20.3167 
episode: 801 count: 1000 score: -54.7662 average_last200: -53.2750 epis: 0.0003 loss: 21.6789 
episode: 802 count: 1000 score: -104.8249 average_last200: -53.1707 epis: 0.0003 loss: 20.5629 
episode: 803 count: 1000 score: -67.4962 average_last200: -53.0378 epis: 0.0003 loss: 19.2786 
episode: 804 count: 1000 score: -36.4757 average_last200: -52.8698 epis: 0.0003 loss: 18.8675 
episode: 805 count: 1000 score: -117.2391 average_last200: -52.8447 epis: 0.0003 loss: 21.0904 
episode: 806 count: 1000 score: -89.4163 average_last200: -52.8049 epis: 0.0003 loss: 18.0625 
episode: 807 count: 1000 score: -93.0311 average_last200: -52.8776 epis: 0.0003 loss: 20.7940 
episode: 808 count: 1000 score: -44.4123 average_last200: -52.8245 epis: 0.0003 loss: 19.0652 
episode: 809 count: 1000 score: -104.5650 average_last200: -52.9342 epis: 0.0003 loss: 22.2548 
episode: 810 count: 1000 score: -77.4286 average_last200: -53.1929 epis: 0.0003 loss: 18.7179 
episode: 811 count: 1000 score: -57.5020 average_last200: -53.3753 epis: 0.0003 loss: 17.8970 
episode: 812 count: 1000 score: -81.3219 average_last200: -53.5668 epis: 0.0003 loss: 19.8343 
episode: 813 count: 1000 score: -79.5531 average_last200: -53.8331 epis: 0.0003 loss: 19.3270 
episode: 814 count: 1000 score: -79.8209 average_last200: -54.1868 epis: 0.0003 loss: 17.5535 
episode: 815 count: 1000 score: -89.1040 average_last200: -54.5736 epis: 0.0003 loss: 19.4125 
episode: 816 count: 1000 score: -72.7657 average_last200: -54.7066 epis: 0.0003 loss: 18.9574 
episode: 817 count: 1000 score: -106.6410 average_last200: -55.1694 epis: 0.0003 loss: 18.1581 
episode: 818 count: 1000 score: -64.8042 average_last200: -55.2059 epis: 0.0003 loss: 18.8769 
episode: 819 count: 1000 score: -88.6877 average_last200: -55.4334 epis: 0.0003 loss: 17.4560 
episode: 820 count: 1000 score: -97.1094 average_last200: -55.8377 epis: 0.0003 loss: 18.5859 
episode: 821 count: 1000 score: -100.7393 average_last200: -56.4087 epis: 0.0003 loss: 17.1863 
episode: 822 count: 1000 score: -77.0611 average_last200: -56.7591 epis: 0.0003 loss: 17.8816 
episode: 823 count: 1000 score: -109.0170 average_last200: -57.1571 epis: 0.0003 loss: 17.9040 
episode: 824 count: 1000 score: -115.6976 average_last200: -58.8227 epis: 0.0003 loss: 19.3968 
episode: 825 count: 1000 score: -93.1784 average_last200: -59.3314 epis: 0.0002 loss: 17.5953 
episode: 826 count: 1000 score: -80.6695 average_last200: -59.4453 epis: 0.0002 loss: 16.8840 
episode: 827 count: 1000 score: -103.9553 average_last200: -59.8482 epis: 0.0002 loss: 16.9862 
episode: 828 count: 1000 score: -77.0478 average_last200: -60.1097 epis: 0.0002 loss: 16.3489 
episode: 829 count: 1000 score: -102.7486 average_last200: -60.2282 epis: 0.0002 loss: 17.1779 
episode: 830 count: 1000 score: -77.9191 average_last200: -60.3367 epis: 0.0002 loss: 17.6782 
episode: 831 count: 1000 score: -71.3999 average_last200: -60.4523 epis: 0.0002 loss: 15.6696 
episode: 832 count: 1000 score: -49.0562 average_last200: -60.4999 epis: 0.0002 loss: 18.8545 
episode: 833 count: 1000 score: -45.6785 average_last200: -60.8081 epis: 0.0002 loss: 19.2318 
episode: 834 count: 1000 score: -18.2732 average_last200: -60.5021 epis: 0.0002 loss: 16.3146 
episode: 835 count: 1000 score: -74.5810 average_last200: -60.6447 epis: 0.0002 loss: 16.6944 
episode: 836 count: 1000 score: -69.2931 average_last200: -60.8196 epis: 0.0002 loss: 16.7323 
episode: 837 count: 1000 score: -85.4531 average_last200: -61.2562 epis: 0.0002 loss: 18.1098 
episode: 838 count: 1000 score: -84.1975 average_last200: -61.3082 epis: 0.0002 loss: 15.4549 
episode: 839 count: 1000 score: -27.4386 average_last200: -61.3165 epis: 0.0002 loss: 16.9113 
episode: 840 count: 1000 score: -54.6360 average_last200: -61.9358 epis: 0.0002 loss: 16.5784 
episode: 841 count: 1000 score: -78.4058 average_last200: -61.8433 epis: 0.0002 loss: 16.9792 
episode: 842 count: 1000 score: -94.8757 average_last200: -62.0459 epis: 0.0002 loss: 15.3551 
episode: 843 count: 1000 score: -66.6466 average_last200: -62.1773 epis: 0.0002 loss: 16.1397 
episode: 844 count: 1000 score: -85.2000 average_last200: -62.9454 epis: 0.0002 loss: 15.0016 
episode: 845 count: 1000 score: -69.0050 average_last200: -63.0190 epis: 0.0002 loss: 15.0257 
episode: 846 count: 1000 score: -89.6190 average_last200: -62.9412 epis: 0.0002 loss: 17.7476 
episode: 847 count: 1000 score: -92.8288 average_last200: -63.1240 epis: 0.0002 loss: 13.7704 
episode: 848 count: 1000 score: -93.1481 average_last200: -63.0558 epis: 0.0002 loss: 15.8923 
episode: 849 count: 1000 score: -31.6228 average_last200: -62.8227 epis: 0.0002 loss: 17.4513 
episode: 850 count: 1000 score: -60.5907 average_last200: -63.5379 epis: 0.0002 loss: 15.5599 
episode: 851 count: 1000 score: 40.6608 average_last200: -63.0817 epis: 0.0002 loss: 15.3780 
episode: 852 count: 1000 score: -74.7338 average_last200: -63.3206 epis: 0.0002 loss: 12.5588 
episode: 853 count: 1000 score: -96.5147 average_last200: -63.4334 epis: 0.0002 loss: 13.2617 
episode: 854 count: 1000 score: -97.7133 average_last200: -63.8583 epis: 0.0002 loss: 14.2473 
episode: 855 count: 1000 score: -83.1866 average_last200: -63.7308 epis: 0.0002 loss: 13.4658 
episode: 856 count: 1000 score: -79.7866 average_last200: -63.6658 epis: 0.0002 loss: 13.1994 
episode: 857 count: 1000 score: -85.3518 average_last200: -63.8835 epis: 0.0002 loss: 14.9229 
episode: 858 count: 1000 score: -14.2433 average_last200: -63.9119 epis: 0.0002 loss: 13.1484 
episode: 859 count: 1000 score: -49.5308 average_last200: -63.6991 epis: 0.0002 loss: 13.0882 
episode: 860 count: 1000 score: -38.4638 average_last200: -63.8343 epis: 0.0002 loss: 13.9769 
episode: 861 count: 1000 score: -68.1629 average_last200: -63.6150 epis: 0.0002 loss: 11.6296 
episode: 862 count: 1000 score: -56.6881 average_last200: -63.7871 epis: 0.0002 loss: 12.2615 
episode: 863 count: 1000 score: -88.1848 average_last200: -63.8289 epis: 0.0002 loss: 12.2222 
episode: 864 count: 1000 score: -95.9191 average_last200: -64.6218 epis: 0.0002 loss: 11.9689 
episode: 865 count: 1000 score: -72.0158 average_last200: -64.4511 epis: 0.0002 loss: 11.8241 
episode: 866 count: 1000 score: -89.4181 average_last200: -64.5270 epis: 0.0002 loss: 13.3791 
episode: 867 count: 1000 score: -37.2011 average_last200: -64.5920 epis: 0.0002 loss: 12.2539 
episode: 868 count: 1000 score: -74.0548 average_last200: -64.9430 epis: 0.0002 loss: 15.2272 
episode: 869 count: 1000 score: -46.2655 average_last200: -64.8920 epis: 0.0002 loss: 11.8077 
episode: 870 count: 1000 score: -95.2914 average_last200: -65.2323 epis: 0.0002 loss: 12.5943 
episode: 871 count: 1000 score: -103.4171 average_last200: -65.8856 epis: 0.0002 loss: 11.6815 
episode: 872 count: 1000 score: -50.2068 average_last200: -66.2187 epis: 0.0002 loss: 12.1028 
episode: 873 count: 1000 score: -49.0095 average_last200: -66.3393 epis: 0.0002 loss: 12.6154 
episode: 874 count: 1000 score: -85.3746 average_last200: -66.2405 epis: 0.0002 loss: 11.7748 
episode: 875 count: 1000 score: -73.4268 average_last200: -66.9972 epis: 0.0002 loss: 12.8552 
episode: 876 count: 1000 score: -90.4494 average_last200: -67.1603 epis: 0.0001 loss: 11.1025 
episode: 877 count: 1000 score: -62.9173 average_last200: -67.8090 epis: 0.0001 loss: 11.2527 
episode: 878 count: 1000 score: -77.9695 average_last200: -67.9896 epis: 0.0001 loss: 10.6272 
episode: 879 count: 1000 score: -44.0322 average_last200: -68.1115 epis: 0.0001 loss: 12.1332 
episode: 880 count: 1000 score: -68.5182 average_last200: -68.2802 epis: 0.0001 loss: 10.9731 
episode: 881 count: 1000 score: -88.3170 average_last200: -68.3750 epis: 0.0001 loss: 10.9985 
episode: 882 count: 1000 score: -44.7311 average_last200: -68.7752 epis: 0.0001 loss: 12.1241 
episode: 883 count: 1000 score: -123.3773 average_last200: -69.4152 epis: 0.0001 loss: 11.2085 
episode: 884 count: 1000 score: -1.9974 average_last200: -68.6277 epis: 0.0001 loss: 11.1285 
episode: 885 count: 1000 score: -45.9093 average_last200: -68.1003 epis: 0.0001 loss: 11.5910 
episode: 886 count: 1000 score: -8.3680 average_last200: -67.9584 epis: 0.0001 loss: 12.3188 
episode: 887 count: 1000 score: -86.2275 average_last200: -67.7976 epis: 0.0001 loss: 13.2541 
episode: 888 count: 1000 score: -98.6943 average_last200: -68.1404 epis: 0.0001 loss: 13.1622 
episode: 889 count: 1000 score: -82.3998 average_last200: -67.8788 epis: 0.0001 loss: 13.3403 
episode: 890 count: 1000 score: -54.1621 average_last200: -67.9016 epis: 0.0001 loss: 14.7780 
episode: 891 count: 901 score: 132.1846 average_last200: -66.8511 epis: 0.0001 loss: 12.6535 
episode: 892 count: 1000 score: 28.2692 average_last200: -66.4054 epis: 0.0001 loss: 12.7957 
episode: 893 count: 943 score: 47.0423 average_last200: -66.3764 epis: 0.0001 loss: 12.1578 
episode: 894 count: 1000 score: -98.4656 average_last200: -66.6098 epis: 0.0001 loss: 13.8471 
episode: 895 count: 1000 score: -57.5101 average_last200: -67.0484 epis: 0.0001 loss: 14.1149 
episode: 896 count: 1000 score: -65.8579 average_last200: -67.0747 epis: 0.0001 loss: 13.9137 
episode: 897 count: 1000 score: -64.3970 average_last200: -66.9569 epis: 0.0001 loss: 12.0443 
episode: 898 count: 1000 score: -37.8481 average_last200: -66.9273 epis: 0.0001 loss: 13.2367 
episode: 899 count: 1000 score: -61.1132 average_last200: -66.6642 epis: 0.0001 loss: 13.5186 
episode: 900 count: 1000 score: -62.7913 average_last200: -66.3618 epis: 0.0001 loss: 14.0740 
episode: 901 count: 1000 score: 44.4244 average_last200: -66.3574 epis: 0.0001 loss: 14.4439 
episode: 902 count: 1000 score: -95.0062 average_last200: -66.7630 epis: 0.0001 loss: 14.1402 
episode: 903 count: 991 score: 41.0662 average_last200: -66.3520 epis: 0.0001 loss: 12.8110 
episode: 904 count: 1000 score: -55.8914 average_last200: -66.2753 epis: 0.0001 loss: 15.9922 
episode: 905 count: 1000 score: -34.9337 average_last200: -66.0160 epis: 0.0001 loss: 13.2556 
episode: 906 count: 1000 score: -43.8597 average_last200: -65.9510 epis: 0.0001 loss: 13.7857 
episode: 907 count: 1000 score: -98.3973 average_last200: -65.9506 epis: 0.0001 loss: 16.0525 
episode: 908 count: 1000 score: -69.3019 average_last200: -66.0096 epis: 0.0001 loss: 15.7778 
episode: 909 count: 1000 score: -43.3377 average_last200: -66.2994 epis: 0.0001 loss: 15.9183 
episode: 910 count: 1000 score: -88.4667 average_last200: -66.1145 epis: 0.0001 loss: 15.0600 
episode: 911 count: 1000 score: -85.6803 average_last200: -66.0815 epis: 0.0001 loss: 14.7425 
episode: 912 count: 1000 score: -46.8925 average_last200: -65.9436 epis: 0.0001 loss: 15.0969 
episode: 913 count: 1000 score: -92.0248 average_last200: -66.1643 epis: 0.0001 loss: 14.9818 
episode: 914 count: 1000 score: -107.3879 average_last200: -66.5372 epis: 0.0001 loss: 16.1720 
episode: 915 count: 1000 score: -70.1047 average_last200: -66.3133 epis: 0.0001 loss: 15.0032 
episode: 916 count: 1000 score: -97.9977 average_last200: -66.3998 epis: 0.0001 loss: 16.8270 
episode: 917 count: 1000 score: -84.4565 average_last200: -66.4317 epis: 0.0001 loss: 14.0365 
episode: 918 count: 1000 score: -104.1822 average_last200: -66.6033 epis: 0.0001 loss: 16.4782 
episode: 919 count: 1000 score: -90.3437 average_last200: -66.8784 epis: 0.0001 loss: 15.9520 
episode: 920 count: 1000 score: -90.1901 average_last200: -66.7087 epis: 0.0001 loss: 13.0737 
episode: 921 count: 1000 score: -76.9335 average_last200: -66.8513 epis: 0.0001 loss: 14.9579 
episode: 922 count: 1000 score: -105.0418 average_last200: -66.8693 epis: 0.0001 loss: 16.0784 
episode: 923 count: 1000 score: -69.1694 average_last200: -66.7276 epis: 0.0001 loss: 16.9525 
episode: 924 count: 1000 score: -56.5901 average_last200: -66.6182 epis: 0.0001 loss: 14.8299 
episode: 925 count: 1000 score: -100.0763 average_last200: -66.5974 epis: 0.0001 loss: 17.2270 
episode: 926 count: 1000 score: -85.8932 average_last200: -66.4748 epis: 0.0001 loss: 15.5094 
episode: 927 count: 893 score: -190.9455 average_last200: -66.9812 epis: 0.0001 loss: 16.4802 
episode: 928 count: 1000 score: -49.5372 average_last200: -66.9072 epis: 0.0001 loss: 17.3518 
episode: 929 count: 1000 score: -43.4056 average_last200: -66.7521 epis: 0.0001 loss: 18.1544 
episode: 930 count: 1000 score: -88.9369 average_last200: -66.5057 epis: 0.0001 loss: 15.9076 
episode: 931 count: 1000 score: -46.0145 average_last200: -66.2390 epis: 0.0001 loss: 16.5123 
episode: 932 count: 1000 score: -77.4870 average_last200: -66.3201 epis: 0.0001 loss: 15.0860 
episode: 933 count: 1000 score: -90.3369 average_last200: -66.4373 epis: 0.0001 loss: 17.4037 
episode: 934 count: 1000 score: -59.9681 average_last200: -66.2605 epis: 0.0001 loss: 15.5672 
episode: 935 count: 1000 score: -71.7424 average_last200: -66.3069 epis: 0.0001 loss: 16.1512 
episode: 936 count: 1000 score: -49.7689 average_last200: -66.0551 epis: 0.0001 loss: 16.8563 
episode: 937 count: 1000 score: -23.0000 average_last200: -65.8317 epis: 0.0001 loss: 15.3885 
episode: 938 count: 1000 score: -70.2206 average_last200: -65.7290 epis: 0.0001 loss: 16.0867 
episode: 939 count: 1000 score: -113.1297 average_last200: -65.9788 epis: 0.0001 loss: 16.7849 
episode: 940 count: 1000 score: -103.2662 average_last200: -65.9277 epis: 0.0001 loss: 17.2431 
episode: 941 count: 1000 score: -89.8592 average_last200: -65.7227 epis: 0.0001 loss: 17.8218 
episode: 942 count: 1000 score: -97.3772 average_last200: -65.7744 epis: 0.0001 loss: 19.7159 
episode: 943 count: 1000 score: -95.8784 average_last200: -66.0495 epis: 0.0001 loss: 16.6806 
episode: 944 count: 743 score: -111.6333 average_last200: -66.1889 epis: 0.0001 loss: 12.3699 
episode: 945 count: 1000 score: -64.3138 average_last200: -66.0539 epis: 0.0001 loss: 18.6697 
episode: 946 count: 1000 score: -112.0128 average_last200: -66.3589 epis: 0.0001 loss: 15.7692 
episode: 947 count: 1000 score: -29.5222 average_last200: -66.0967 epis: 0.0001 loss: 14.4248 
episode: 948 count: 1000 score: -81.7591 average_last200: -66.0786 epis: 0.0001 loss: 21.2001 
episode: 949 count: 1000 score: -72.3276 average_last200: -65.9844 epis: 0.0001 loss: 20.0881 
episode: 950 count: 1000 score: -58.4329 average_last200: -66.4779 epis: 0.0001 loss: 17.4382 
episode: 951 count: 1000 score: -65.2216 average_last200: -66.4010 epis: 0.0001 loss: 18.0181 
episode: 952 count: 128 score: -128.3031 average_last200: -67.7524 epis: 0.0001 loss: 1.9984 
episode: 953 count: 1000 score: -63.0955 average_last200: -67.5092 epis: 0.0001 loss: 17.7581 
episode: 954 count: 1000 score: -61.5109 average_last200: -67.2739 epis: 0.0001 loss: 20.7132 
episode: 955 count: 1000 score: -83.1372 average_last200: -67.6437 epis: 0.0001 loss: 19.0476 
episode: 956 count: 1000 score: -68.8897 average_last200: -67.6995 epis: 0.0001 loss: 16.3598 
episode: 957 count: 1000 score: -67.3255 average_last200: -67.7443 epis: 0.0001 loss: 18.8397 
episode: 958 count: 1000 score: -83.8782 average_last200: -67.7445 epis: 0.0001 loss: 19.5166 
episode: 959 count: 1000 score: -71.0008 average_last200: -68.1659 epis: 0.0001 loss: 17.9884 
episode: 960 count: 1000 score: -73.9440 average_last200: -68.4703 epis: 0.0001 loss: 18.2011 
episode: 961 count: 1000 score: -120.8007 average_last200: -68.5511 epis: 0.0001 loss: 19.2680 
episode: 962 count: 1000 score: 45.6206 average_last200: -68.0572 epis: 0.0001 loss: 18.1442 
episode: 963 count: 996 score: 112.8472 average_last200: -66.9926 epis: 0.0001 loss: 16.4298 
episode: 964 count: 1000 score: -68.6018 average_last200: -67.0361 epis: 0.0001 loss: 20.1417 
episode: 965 count: 1000 score: -72.8078 average_last200: -66.9890 epis: 0.0001 loss: 21.8231 
episode: 966 count: 1000 score: -49.7886 average_last200: -66.9103 epis: 0.0001 loss: 19.8453 
episode: 967 count: 1000 score: -28.9388 average_last200: -67.6748 epis: 0.0001 loss: 22.4619 
episode: 968 count: 1000 score: -49.3363 average_last200: -67.6626 epis: 0.0001 loss: 19.9464 
episode: 969 count: 1000 score: -79.9151 average_last200: -67.7190 epis: 0.0001 loss: 21.0918 
episode: 970 count: 1000 score: -47.0082 average_last200: -67.5215 epis: 0.0001 loss: 16.3481 
episode: 971 count: 1000 score: 6.0703 average_last200: -67.1602 epis: 0.0001 loss: 21.3786 
episode: 972 count: 1000 score: -82.0402 average_last200: -67.1894 epis: 0.0001 loss: 21.8282 
episode: 973 count: 1000 score: -53.0235 average_last200: -66.9475 epis: 0.0001 loss: 18.3956 
episode: 974 count: 1000 score: -64.0569 average_last200: -67.8024 epis: 0.0001 loss: 20.0195 
episode: 975 count: 1000 score: -82.6902 average_last200: -67.7574 epis: 0.0001 loss: 20.8631 
episode: 976 count: 1000 score: -102.9695 average_last200: -67.9330 epis: 0.0001 loss: 20.1364 
episode: 977 count: 1000 score: -57.2067 average_last200: -67.7436 epis: 0.0001 loss: 19.9753 
episode: 978 count: 1000 score: -128.7299 average_last200: -68.1526 epis: 0.0001 loss: 21.3761 
episode: 979 count: 1000 score: -33.6831 average_last200: -67.9869 epis: 0.0001 loss: 19.1528 
episode: 980 count: 1000 score: -42.2336 average_last200: -67.7999 epis: 0.0001 loss: 19.3376 
episode: 981 count: 1000 score: -75.6293 average_last200: -68.0461 epis: 0.0001 loss: 18.7598 
episode: 982 count: 1000 score: -108.8107 average_last200: -68.3918 epis: 0.0001 loss: 20.2107 
episode: 983 count: 1000 score: -65.3639 average_last200: -68.3541 epis: 0.0001 loss: 20.9081 
episode: 984 count: 1000 score: -68.2243 average_last200: -68.1773 epis: 0.0001 loss: 20.7318 
episode: 985 count: 1000 score: -96.7800 average_last200: -68.5789 epis: 0.0000 loss: 20.6391 
episode: 986 count: 1000 score: -101.8157 average_last200: -68.6704 epis: 0.0000 loss: 19.3855 
episode: 987 count: 1000 score: -28.9068 average_last200: -68.6131 epis: 0.0000 loss: 19.5737 
episode: 988 count: 1000 score: -45.0043 average_last200: -68.2865 epis: 0.0000 loss: 20.4231 
episode: 989 count: 1000 score: -78.4540 average_last200: -68.1959 epis: 0.0000 loss: 16.6446 
episode: 990 count: 1000 score: -82.6666 average_last200: -68.1718 epis: 0.0000 loss: 17.6995 
episode: 991 count: 1000 score: -73.3101 average_last200: -68.3596 epis: 0.0000 loss: 17.2895 
episode: 992 count: 1000 score: -50.4052 average_last200: -68.5065 epis: 0.0000 loss: 16.3170 
episode: 993 count: 1000 score: -109.1022 average_last200: -68.9307 epis: 0.0000 loss: 14.1113 
episode: 994 count: 1000 score: -117.8280 average_last200: -68.9805 epis: 0.0000 loss: 18.3584 
episode: 995 count: 1000 score: -69.4215 average_last200: -69.0150 epis: 0.0000 loss: 20.1020 
episode: 996 count: 1000 score: -29.6443 average_last200: -68.8228 epis: 0.0000 loss: 16.2693 
episode: 997 count: 1000 score: -68.6194 average_last200: -68.8231 epis: 0.0000 loss: 18.2512 
episode: 998 count: 1000 score: -83.8894 average_last200: -68.8849 epis: 0.0000 loss: 14.5864 
episode: 999 count: 1000 score: -56.7274 average_last200: -68.5723 epis: 0.0000 loss: 16.9280 
