[33mWARN: gym.spaces.Box autodetected dtype as <class 'numpy.float32'>. Please provide explicit dtype.[0m
All para: Epis 1000 memlen 100000 gamma 0.990 epsilon 0.975 alpha 0.00007 batch 30 upfreq 500
episode: 0 count: 103 score: -201.7553 average_last200: -201.7553 epis: 0.9750 loss: 0.0000 
episode: 1 count: 87 score: -142.7703 average_last200: -172.2628 epis: 0.9506 loss: 0.0000 
episode: 2 count: 61 score: -132.8080 average_last200: -159.1112 epis: 0.9269 loss: 0.0000 
episode: 3 count: 73 score: -133.6034 average_last200: -152.7343 epis: 0.9037 loss: 0.0000 
episode: 4 count: 82 score: -132.7353 average_last200: -148.7345 epis: 0.8811 loss: 0.0000 
episode: 5 count: 103 score: -271.6961 average_last200: -169.2281 epis: 0.8591 loss: 0.0000 
episode: 6 count: 71 score: -56.0924 average_last200: -153.0658 epis: 0.8376 loss: 0.0000 
episode: 7 count: 97 score: -428.2909 average_last200: -187.4690 epis: 0.8167 loss: 0.0000 
episode: 8 count: 81 score: -162.8757 average_last200: -184.7364 epis: 0.7962 loss: 0.0000 
episode: 9 count: 99 score: -135.1654 average_last200: -179.7793 epis: 0.7763 loss: 0.0000 
episode: 10 count: 80 score: -178.0081 average_last200: -179.6183 epis: 0.7569 loss: 0.0000 
episode: 11 count: 95 score: -112.2122 average_last200: -174.0011 epis: 0.7380 loss: 22.5100 
episode: 12 count: 76 score: -499.9030 average_last200: -199.0705 epis: 0.7195 loss: 52.1873 
episode: 13 count: 176 score: -619.7803 average_last200: -229.1212 epis: 0.7016 loss: 113.4402 
episode: 14 count: 149 score: -225.1373 average_last200: -228.8556 epis: 0.6840 loss: 95.7103 
episode: 15 count: 103 score: -450.0686 average_last200: -242.6814 epis: 0.6669 loss: 69.8698 
episode: 16 count: 126 score: -686.5443 average_last200: -268.7910 epis: 0.6502 loss: 80.4064 
episode: 17 count: 100 score: -113.0708 average_last200: -260.1399 epis: 0.6340 loss: 55.7761 
episode: 18 count: 111 score: -340.2231 average_last200: -264.3548 epis: 0.6181 loss: 53.9470 
episode: 19 count: 132 score: -281.7611 average_last200: -265.2251 epis: 0.6027 loss: 80.6289 
episode: 20 count: 122 score: -511.1397 average_last200: -276.9353 epis: 0.5876 loss: 71.5336 
episode: 21 count: 147 score: -274.4775 average_last200: -276.8236 epis: 0.5729 loss: 86.5237 
episode: 22 count: 159 score: -386.7058 average_last200: -281.6011 epis: 0.5586 loss: 89.4737 
episode: 23 count: 139 score: -148.8373 average_last200: -276.0692 epis: 0.5446 loss: 76.8751 
episode: 24 count: 193 score: -386.8632 average_last200: -280.5010 epis: 0.5310 loss: 94.0896 
episode: 25 count: 215 score: -109.3880 average_last200: -273.9197 epis: 0.5177 loss: 104.3250 
episode: 26 count: 133 score: -47.8973 average_last200: -265.5485 epis: 0.5048 loss: 64.0423 
episode: 27 count: 87 score: -141.6769 average_last200: -261.1245 epis: 0.4922 loss: 41.0910 
episode: 28 count: 104 score: -239.5822 average_last200: -260.3817 epis: 0.4799 loss: 50.5334 
episode: 29 count: 172 score: -241.8028 average_last200: -259.7624 epis: 0.4679 loss: 88.2524 
episode: 30 count: 125 score: -59.4170 average_last200: -253.2997 epis: 0.4562 loss: 61.2902 
episode: 31 count: 128 score: -79.9457 average_last200: -247.8823 epis: 0.4448 loss: 59.7841 
episode: 32 count: 254 score: -200.5903 average_last200: -246.4493 epis: 0.4337 loss: 122.4213 
episode: 33 count: 619 score: -77.5154 average_last200: -241.4806 epis: 0.4228 loss: 277.8131 
episode: 34 count: 200 score: -188.5645 average_last200: -239.9687 epis: 0.4123 loss: 86.9464 
episode: 35 count: 81 score: -105.5857 average_last200: -236.2359 epis: 0.4019 loss: 33.7194 
episode: 36 count: 196 score: -125.2648 average_last200: -233.2366 epis: 0.3919 loss: 75.7113 
episode: 37 count: 204 score: -157.4866 average_last200: -231.2432 epis: 0.3821 loss: 87.9696 
episode: 38 count: 412 score: -143.2080 average_last200: -228.9859 epis: 0.3725 loss: 167.8632 
episode: 39 count: 294 score: -339.6822 average_last200: -231.7533 epis: 0.3632 loss: 118.3786 
episode: 40 count: 248 score: -105.1532 average_last200: -228.6655 epis: 0.3542 loss: 106.5405 
episode: 41 count: 217 score: -288.3750 average_last200: -230.0872 epis: 0.3453 loss: 81.9675 
episode: 42 count: 269 score: -296.1928 average_last200: -231.6245 epis: 0.3367 loss: 108.2443 
episode: 43 count: 1000 score: -19.3912 average_last200: -226.8010 epis: 0.3282 loss: 403.1067 
episode: 44 count: 247 score: -102.8189 average_last200: -224.0459 epis: 0.3200 loss: 104.1248 
episode: 45 count: 155 score: -431.3906 average_last200: -228.5534 epis: 0.3120 loss: 58.2080 
episode: 46 count: 147 score: -160.6387 average_last200: -227.1084 epis: 0.3042 loss: 72.6899 
episode: 47 count: 106 score: -186.3869 average_last200: -226.2600 epis: 0.2966 loss: 46.2020 
episode: 48 count: 116 score: -171.7319 average_last200: -225.1472 epis: 0.2892 loss: 41.0001 
episode: 49 count: 179 score: -378.0606 average_last200: -228.2054 epis: 0.2820 loss: 75.2316 
episode: 50 count: 160 score: -357.8334 average_last200: -230.7472 epis: 0.2749 loss: 58.2965 
episode: 51 count: 101 score: -294.3200 average_last200: -231.9697 epis: 0.2681 loss: 37.3572 
episode: 52 count: 148 score: -244.1872 average_last200: -232.2002 epis: 0.2614 loss: 60.5259 
episode: 53 count: 266 score: -333.5294 average_last200: -234.0767 epis: 0.2548 loss: 115.1337 
episode: 54 count: 157 score: -121.8110 average_last200: -232.0355 epis: 0.2485 loss: 53.4805 
episode: 55 count: 155 score: -118.2816 average_last200: -230.0042 epis: 0.2422 loss: 61.9764 
episode: 56 count: 260 score: -195.3308 average_last200: -229.3959 epis: 0.2362 loss: 92.0368 
episode: 57 count: 249 score: -265.0028 average_last200: -230.0098 epis: 0.2303 loss: 94.2236 
episode: 58 count: 1000 score: -141.2653 average_last200: -228.5057 epis: 0.2245 loss: 347.1942 
episode: 59 count: 1000 score: -94.0796 average_last200: -226.2652 epis: 0.2189 loss: 340.1656 
episode: 60 count: 1000 score: -115.1014 average_last200: -224.4429 epis: 0.2134 loss: 345.5320 
episode: 61 count: 884 score: -243.7519 average_last200: -224.7543 epis: 0.2081 loss: 284.1175 
episode: 62 count: 1000 score: -158.8065 average_last200: -223.7075 epis: 0.2029 loss: 330.5779 
episode: 63 count: 852 score: -269.4625 average_last200: -224.4224 epis: 0.1978 loss: 258.2165 
episode: 64 count: 356 score: -156.5211 average_last200: -223.3778 epis: 0.1929 loss: 118.5598 
episode: 65 count: 485 score: -203.9264 average_last200: -223.0831 epis: 0.1881 loss: 151.0880 
episode: 66 count: 669 score: -246.2106 average_last200: -223.4283 epis: 0.1834 loss: 197.7426 
episode: 67 count: 911 score: -9.8529 average_last200: -220.2874 epis: 0.1788 loss: 294.3951 
episode: 68 count: 373 score: -205.3351 average_last200: -220.0707 epis: 0.1743 loss: 111.1827 
episode: 69 count: 340 score: -183.6422 average_last200: -219.5503 epis: 0.1700 loss: 100.8306 
episode: 70 count: 364 score: -201.5628 average_last200: -219.2970 epis: 0.1657 loss: 110.4450 
episode: 71 count: 600 score: -204.8911 average_last200: -219.0969 epis: 0.1616 loss: 184.8150 
episode: 72 count: 404 score: -202.7373 average_last200: -218.8728 epis: 0.1575 loss: 118.4701 
episode: 73 count: 354 score: -189.6680 average_last200: -218.4781 epis: 0.1536 loss: 115.3362 
episode: 74 count: 338 score: -218.2916 average_last200: -218.4757 epis: 0.1497 loss: 105.9359 
episode: 75 count: 600 score: -197.0169 average_last200: -218.1933 epis: 0.1460 loss: 189.6157 
episode: 76 count: 669 score: -279.8885 average_last200: -218.9945 epis: 0.1423 loss: 205.0842 
episode: 77 count: 835 score: 13.9983 average_last200: -216.0075 epis: 0.1388 loss: 262.7890 
episode: 78 count: 256 score: -171.5935 average_last200: -215.4453 epis: 0.1353 loss: 83.3115 
episode: 79 count: 247 score: -187.9726 average_last200: -215.1018 epis: 0.1319 loss: 68.4073 
episode: 80 count: 375 score: -221.0235 average_last200: -215.1750 epis: 0.1286 loss: 107.7776 
episode: 81 count: 426 score: -236.6141 average_last200: -215.4364 epis: 0.1254 loss: 126.7892 
episode: 82 count: 456 score: -229.0721 average_last200: -215.6007 epis: 0.1223 loss: 129.8052 
episode: 83 count: 129 score: -138.2764 average_last200: -214.6802 epis: 0.1192 loss: 36.6854 
episode: 84 count: 823 score: -363.8221 average_last200: -216.4348 epis: 0.1162 loss: 236.5885 
episode: 85 count: 153 score: -148.1705 average_last200: -215.6410 epis: 0.1133 loss: 35.2597 
episode: 86 count: 543 score: -262.8235 average_last200: -216.1833 epis: 0.1105 loss: 158.9399 
episode: 87 count: 323 score: -202.5932 average_last200: -216.0289 epis: 0.1077 loss: 88.1280 
episode: 88 count: 162 score: -171.5231 average_last200: -215.5288 epis: 0.1051 loss: 41.4973 
episode: 89 count: 276 score: -158.9900 average_last200: -214.9006 epis: 0.1024 loss: 77.7306 
episode: 90 count: 173 score: -144.2307 average_last200: -214.1240 epis: 0.0999 loss: 49.4177 
episode: 91 count: 174 score: -139.9934 average_last200: -213.3183 epis: 0.0974 loss: 51.6570 
episode: 92 count: 325 score: -239.8462 average_last200: -213.6035 epis: 0.0949 loss: 95.8875 
episode: 93 count: 1000 score: -146.1470 average_last200: -212.8859 epis: 0.0926 loss: 270.9502 
episode: 94 count: 290 score: -156.1374 average_last200: -212.2885 epis: 0.0902 loss: 79.6590 
episode: 95 count: 527 score: -263.9049 average_last200: -212.8262 epis: 0.0880 loss: 153.1635 
episode: 96 count: 201 score: -156.5850 average_last200: -212.2464 epis: 0.0858 loss: 62.1511 
episode: 97 count: 213 score: -230.4278 average_last200: -212.4319 epis: 0.0836 loss: 52.8851 
episode: 98 count: 239 score: -237.6573 average_last200: -212.6867 epis: 0.0816 loss: 67.3879 
episode: 99 count: 125 score: -188.3455 average_last200: -212.4433 epis: 0.0795 loss: 33.7131 
episode: 100 count: 250 score: -154.1667 average_last200: -211.8663 epis: 0.0775 loss: 73.8838 
episode: 101 count: 139 score: -195.7508 average_last200: -211.7083 epis: 0.0756 loss: 35.8626 
episode: 102 count: 174 score: -218.2295 average_last200: -211.7716 epis: 0.0737 loss: 49.5001 
episode: 103 count: 192 score: -125.5018 average_last200: -210.9421 epis: 0.0719 loss: 40.1656 
episode: 104 count: 617 score: -207.6820 average_last200: -210.9111 epis: 0.0701 loss: 164.0326 
episode: 105 count: 314 score: -168.9158 average_last200: -210.5149 epis: 0.0683 loss: 88.9361 
episode: 106 count: 293 score: -263.4992 average_last200: -211.0101 epis: 0.0666 loss: 73.3303 
episode: 107 count: 462 score: -233.3017 average_last200: -211.2165 epis: 0.0649 loss: 119.2206 
episode: 108 count: 116 score: -221.6837 average_last200: -211.3125 epis: 0.0633 loss: 28.9632 
episode: 109 count: 233 score: -252.6366 average_last200: -211.6882 epis: 0.0617 loss: 57.3128 
episode: 110 count: 152 score: -251.5292 average_last200: -212.0471 epis: 0.0602 loss: 43.0216 
episode: 111 count: 566 score: -250.2817 average_last200: -212.3885 epis: 0.0587 loss: 149.6670 
episode: 112 count: 160 score: -252.6843 average_last200: -212.7451 epis: 0.0572 loss: 46.7866 
episode: 113 count: 352 score: -140.2453 average_last200: -212.1091 epis: 0.0558 loss: 86.4365 
episode: 114 count: 499 score: 94.5151 average_last200: -209.4428 epis: 0.0544 loss: 131.1666 
episode: 115 count: 144 score: -219.0626 average_last200: -209.5258 epis: 0.0530 loss: 48.4874 
episode: 116 count: 701 score: -224.2170 average_last200: -209.6513 epis: 0.0517 loss: 184.0334 
episode: 117 count: 187 score: -128.9738 average_last200: -208.9676 epis: 0.0504 loss: 46.7178 
episode: 118 count: 148 score: -356.9312 average_last200: -210.2110 epis: 0.0492 loss: 33.6551 
episode: 119 count: 304 score: -176.9522 average_last200: -209.9338 epis: 0.0479 loss: 79.2451 
episode: 120 count: 385 score: -117.0751 average_last200: -209.1664 epis: 0.0467 loss: 102.9481 
episode: 121 count: 100 score: -268.2431 average_last200: -209.6507 epis: 0.0456 loss: 27.0731 
episode: 122 count: 602 score: -226.0500 average_last200: -209.7840 epis: 0.0444 loss: 154.5074 
episode: 123 count: 654 score: -194.7770 average_last200: -209.6630 epis: 0.0433 loss: 152.0608 
episode: 124 count: 163 score: -211.3229 average_last200: -209.6762 epis: 0.0422 loss: 42.1042 
episode: 125 count: 186 score: -132.2193 average_last200: -209.0615 epis: 0.0412 loss: 47.0108 
episode: 126 count: 106 score: -219.6033 average_last200: -209.1445 epis: 0.0401 loss: 29.0920 
episode: 127 count: 616 score: -334.3719 average_last200: -210.1228 epis: 0.0391 loss: 163.6333 
episode: 128 count: 549 score: -288.0080 average_last200: -210.7266 epis: 0.0382 loss: 141.2114 
episode: 129 count: 534 score: -159.6098 average_last200: -210.3334 epis: 0.0372 loss: 142.8160 
episode: 130 count: 239 score: -222.4284 average_last200: -210.4257 epis: 0.0363 loss: 60.9593 
episode: 131 count: 750 score: -176.5553 average_last200: -210.1691 epis: 0.0354 loss: 187.2244 
episode: 132 count: 109 score: -247.7887 average_last200: -210.4520 epis: 0.0345 loss: 30.8627 
episode: 133 count: 330 score: -109.0842 average_last200: -209.6955 epis: 0.0336 loss: 80.4598 
episode: 134 count: 156 score: -254.7363 average_last200: -210.0291 epis: 0.0328 loss: 38.4283 
episode: 135 count: 262 score: -117.9773 average_last200: -209.3523 epis: 0.0320 loss: 65.9683 
episode: 136 count: 600 score: -177.6688 average_last200: -209.1210 epis: 0.0312 loss: 144.7375 
episode: 137 count: 673 score: -152.3266 average_last200: -208.7095 epis: 0.0304 loss: 174.0532 
episode: 138 count: 262 score: -136.9047 average_last200: -208.1929 epis: 0.0296 loss: 68.0843 
episode: 139 count: 179 score: -86.0800 average_last200: -207.3207 epis: 0.0289 loss: 42.2911 
episode: 140 count: 204 score: -219.6789 average_last200: -207.4083 epis: 0.0282 loss: 56.2983 
episode: 141 count: 171 score: -238.0857 average_last200: -207.6243 epis: 0.0275 loss: 40.7495 
episode: 142 count: 273 score: -41.6926 average_last200: -206.4640 epis: 0.0268 loss: 72.7309 
episode: 143 count: 135 score: -215.3172 average_last200: -206.5255 epis: 0.0261 loss: 32.1730 
episode: 144 count: 679 score: -111.6446 average_last200: -205.8711 epis: 0.0254 loss: 166.4665 
episode: 145 count: 461 score: 148.8000 average_last200: -203.4419 epis: 0.0248 loss: 105.2407 
episode: 146 count: 1000 score: 69.7562 average_last200: -201.5834 epis: 0.0242 loss: 236.1101 
episode: 147 count: 672 score: 91.8604 average_last200: -199.6006 epis: 0.0236 loss: 167.0911 
episode: 148 count: 1000 score: -104.8573 average_last200: -198.9648 epis: 0.0230 loss: 240.5495 
episode: 149 count: 256 score: -223.8924 average_last200: -199.1310 epis: 0.0224 loss: 64.6033 
episode: 150 count: 1000 score: -94.0715 average_last200: -198.4352 epis: 0.0219 loss: 232.1772 
episode: 151 count: 1000 score: -116.9217 average_last200: -197.8989 epis: 0.0213 loss: 224.1198 
episode: 152 count: 1000 score: -46.9708 average_last200: -196.9125 epis: 0.0208 loss: 227.0933 
episode: 153 count: 1000 score: -50.9769 average_last200: -195.9648 epis: 0.0203 loss: 238.8276 
episode: 154 count: 1000 score: -36.6610 average_last200: -194.9371 epis: 0.0198 loss: 232.4152 
episode: 155 count: 490 score: -235.8735 average_last200: -195.1995 epis: 0.0193 loss: 114.8666 
episode: 156 count: 1000 score: -89.0686 average_last200: -194.5235 epis: 0.0188 loss: 226.7455 
episode: 157 count: 1000 score: -119.5429 average_last200: -194.0489 epis: 0.0183 loss: 229.4628 
episode: 158 count: 1000 score: -128.9144 average_last200: -193.6393 epis: 0.0179 loss: 221.9204 
episode: 159 count: 1000 score: -73.6965 average_last200: -192.8896 epis: 0.0174 loss: 218.5898 
episode: 160 count: 1000 score: -101.5297 average_last200: -192.3222 epis: 0.0170 loss: 214.7585 
episode: 161 count: 1000 score: -57.6553 average_last200: -191.4909 epis: 0.0165 loss: 198.0480 
episode: 162 count: 1000 score: -68.3487 average_last200: -190.7354 epis: 0.0161 loss: 209.2996 
episode: 163 count: 1000 score: -53.7994 average_last200: -189.9005 epis: 0.0157 loss: 206.2106 
episode: 164 count: 1000 score: -104.4063 average_last200: -189.3823 epis: 0.0153 loss: 206.6849 
episode: 165 count: 1000 score: -93.2614 average_last200: -188.8033 epis: 0.0150 loss: 201.9092 
episode: 166 count: 1000 score: -106.5147 average_last200: -188.3105 epis: 0.0146 loss: 190.9670 
episode: 167 count: 1000 score: -78.0224 average_last200: -187.6540 epis: 0.0142 loss: 195.0041 
episode: 168 count: 1000 score: -71.6125 average_last200: -186.9674 epis: 0.0139 loss: 191.2136 
episode: 169 count: 1000 score: -98.8313 average_last200: -186.4490 epis: 0.0135 loss: 189.0223 
episode: 170 count: 1000 score: -98.0757 average_last200: -185.9322 epis: 0.0132 loss: 201.3816 
episode: 171 count: 1000 score: -128.0039 average_last200: -185.5954 epis: 0.0128 loss: 201.6848 
episode: 172 count: 1000 score: -111.2457 average_last200: -185.1656 epis: 0.0125 loss: 179.4665 
episode: 173 count: 1000 score: -108.3763 average_last200: -184.7243 epis: 0.0122 loss: 185.1364 
episode: 174 count: 1000 score: -134.6355 average_last200: -184.4381 epis: 0.0119 loss: 184.3406 
episode: 175 count: 1000 score: -60.5417 average_last200: -183.7341 epis: 0.0116 loss: 172.4019 
episode: 176 count: 1000 score: -95.4674 average_last200: -183.2354 epis: 0.0113 loss: 179.4376 
episode: 177 count: 1000 score: -140.0542 average_last200: -182.9928 epis: 0.0110 loss: 192.2925 
episode: 178 count: 1000 score: -57.6057 average_last200: -182.2923 epis: 0.0108 loss: 188.2603 
episode: 179 count: 1000 score: -66.4470 average_last200: -181.6488 epis: 0.0105 loss: 174.8767 
episode: 180 count: 1000 score: -78.4805 average_last200: -181.0788 epis: 0.0102 loss: 185.3557 
episode: 181 count: 1000 score: -75.5425 average_last200: -180.4989 epis: 0.0100 loss: 171.3493 
episode: 182 count: 1000 score: -79.3405 average_last200: -179.9461 epis: 0.0097 loss: 182.1840 
episode: 183 count: 1000 score: -102.1714 average_last200: -179.5234 epis: 0.0095 loss: 158.3925 
episode: 184 count: 1000 score: -75.0150 average_last200: -178.9585 epis: 0.0092 loss: 170.1581 
episode: 185 count: 1000 score: -79.7177 average_last200: -178.4250 epis: 0.0090 loss: 165.9326 
episode: 186 count: 1000 score: -94.8485 average_last200: -177.9780 epis: 0.0088 loss: 176.6003 
episode: 187 count: 1000 score: -77.2147 average_last200: -177.4421 epis: 0.0086 loss: 167.0125 
episode: 188 count: 1000 score: -77.0290 average_last200: -176.9108 epis: 0.0084 loss: 163.4936 
episode: 189 count: 1000 score: -83.4691 average_last200: -176.4190 epis: 0.0081 loss: 163.3579 
episode: 190 count: 827 score: 97.6407 average_last200: -174.9841 epis: 0.0079 loss: 133.8441 
episode: 191 count: 1000 score: -46.6546 average_last200: -174.3157 epis: 0.0077 loss: 171.5007 
episode: 192 count: 1000 score: -38.0311 average_last200: -173.6096 epis: 0.0075 loss: 160.4651 
episode: 193 count: 1000 score: -99.5041 average_last200: -173.2276 epis: 0.0074 loss: 163.3899 
episode: 194 count: 1000 score: -77.2959 average_last200: -172.7356 epis: 0.0072 loss: 166.2776 
episode: 195 count: 1000 score: -80.6927 average_last200: -172.2660 epis: 0.0070 loss: 162.6964 
episode: 196 count: 1000 score: -37.5625 average_last200: -171.5823 epis: 0.0068 loss: 169.4054 
episode: 197 count: 1000 score: -87.3477 average_last200: -171.1568 epis: 0.0067 loss: 157.1000 
episode: 198 count: 1000 score: -63.8273 average_last200: -170.6175 epis: 0.0065 loss: 160.7291 
episode: 199 count: 1000 score: -55.3063 average_last200: -170.0409 epis: 0.0063 loss: 170.4750 
episode: 200 count: 1000 score: -70.1009 average_last200: -169.3827 epis: 0.0062 loss: 155.9516 
episode: 201 count: 1000 score: -73.3593 average_last200: -169.0356 epis: 0.0060 loss: 165.4610 
episode: 202 count: 849 score: 103.3641 average_last200: -167.8547 epis: 0.0059 loss: 127.3533 
episode: 203 count: 1000 score: -71.3703 average_last200: -167.5436 epis: 0.0057 loss: 156.0990 
episode: 204 count: 1000 score: -45.4631 average_last200: -167.1072 epis: 0.0056 loss: 152.1633 
episode: 205 count: 1000 score: -45.6338 average_last200: -165.9769 epis: 0.0054 loss: 143.6013 
episode: 206 count: 469 score: 135.9987 average_last200: -165.0165 epis: 0.0053 loss: 63.1030 
episode: 207 count: 1000 score: -100.5241 average_last200: -163.3776 epis: 0.0052 loss: 123.9269 
episode: 208 count: 1000 score: -59.9793 average_last200: -162.8631 epis: 0.0050 loss: 124.8079 
episode: 209 count: 749 score: -187.2546 average_last200: -163.1236 epis: 0.0049 loss: 99.9804 
episode: 210 count: 907 score: -219.1787 average_last200: -163.3294 epis: 0.0048 loss: 111.3550 
episode: 211 count: 1000 score: -79.5405 average_last200: -163.1661 epis: 0.0047 loss: 117.6181 
episode: 212 count: 1000 score: -71.8518 average_last200: -161.0258 epis: 0.0045 loss: 110.5293 
episode: 213 count: 1000 score: -105.2198 average_last200: -158.4530 epis: 0.0044 loss: 116.0123 
episode: 214 count: 1000 score: -95.9939 average_last200: -157.8073 epis: 0.0043 loss: 107.8131 
episode: 215 count: 1000 score: -46.4689 average_last200: -155.7893 epis: 0.0042 loss: 106.2189 
episode: 216 count: 1000 score: -73.0486 average_last200: -152.7218 epis: 0.0041 loss: 106.6827 
episode: 217 count: 1000 score: -61.8345 average_last200: -152.4656 epis: 0.0040 loss: 103.0228 
episode: 218 count: 1000 score: -39.1298 average_last200: -150.9602 epis: 0.0039 loss: 104.7202 
episode: 219 count: 1000 score: -38.6448 average_last200: -149.7446 epis: 0.0038 loss: 108.3416 
episode: 220 count: 1000 score: -78.7020 average_last200: -147.5824 epis: 0.0037 loss: 109.4033 
episode: 221 count: 1000 score: -41.4130 average_last200: -146.4171 epis: 0.0036 loss: 100.7584 
episode: 222 count: 1000 score: -80.2533 average_last200: -144.8848 epis: 0.0035 loss: 98.8540 
episode: 223 count: 1000 score: -62.4844 average_last200: -144.4531 epis: 0.0034 loss: 109.7102 
episode: 224 count: 1000 score: -44.4915 average_last200: -142.7412 epis: 0.0034 loss: 104.3173 
episode: 225 count: 1000 score: -82.7393 average_last200: -142.6080 epis: 0.0033 loss: 89.6023 
episode: 226 count: 1000 score: -78.4717 average_last200: -142.7608 epis: 0.0032 loss: 99.2023 
episode: 227 count: 1000 score: -102.8751 average_last200: -142.5668 epis: 0.0031 loss: 95.4257 
episode: 228 count: 1000 score: -59.9013 average_last200: -141.6684 epis: 0.0030 loss: 96.0594 
episode: 229 count: 1000 score: -58.8713 average_last200: -140.7538 epis: 0.0030 loss: 104.3239 
episode: 230 count: 1000 score: -40.4232 average_last200: -140.6588 epis: 0.0029 loss: 91.3055 
episode: 231 count: 1000 score: -89.9841 average_last200: -140.7090 epis: 0.0028 loss: 102.1173 
episode: 232 count: 1000 score: -92.8827 average_last200: -140.1704 epis: 0.0027 loss: 100.8909 
episode: 233 count: 1000 score: -93.3305 average_last200: -140.2495 epis: 0.0027 loss: 90.0296 
episode: 234 count: 1000 score: -77.7718 average_last200: -139.6956 epis: 0.0026 loss: 97.9797 
episode: 235 count: 1000 score: -110.5898 average_last200: -139.7206 epis: 0.0025 loss: 92.5218 
episode: 236 count: 1000 score: -81.2552 average_last200: -139.5005 epis: 0.0025 loss: 108.1148 
episode: 237 count: 1000 score: -50.9364 average_last200: -138.9678 epis: 0.0024 loss: 97.9871 
episode: 238 count: 1000 score: -68.8069 average_last200: -138.5958 epis: 0.0024 loss: 94.0448 
episode: 239 count: 1000 score: -94.3048 average_last200: -137.3689 epis: 0.0023 loss: 88.8589 
episode: 240 count: 1000 score: -87.2827 average_last200: -137.2795 epis: 0.0022 loss: 87.3494 
episode: 241 count: 1000 score: -129.3811 average_last200: -136.4846 epis: 0.0022 loss: 104.4008 
episode: 242 count: 1000 score: -36.9029 average_last200: -135.1881 epis: 0.0021 loss: 84.9784 
episode: 243 count: 1000 score: -59.1532 average_last200: -135.3869 epis: 0.0021 loss: 84.3522 
episode: 244 count: 1000 score: -102.2667 average_last200: -135.3842 epis: 0.0020 loss: 83.2654 
episode: 245 count: 1000 score: -67.3070 average_last200: -133.5637 epis: 0.0020 loss: 85.8737 
episode: 246 count: 1000 score: -74.4815 average_last200: -133.1330 epis: 0.0019 loss: 81.2546 
episode: 247 count: 1000 score: -121.4171 average_last200: -132.8081 epis: 0.0019 loss: 75.5364 
episode: 248 count: 1000 score: -38.2732 average_last200: -132.1408 epis: 0.0018 loss: 76.9428 
episode: 249 count: 1000 score: -33.5645 average_last200: -130.4183 epis: 0.0018 loss: 72.4006 
episode: 250 count: 1000 score: -84.8603 average_last200: -129.0535 epis: 0.0017 loss: 74.9151 
episode: 251 count: 1000 score: -24.7425 average_last200: -127.7056 epis: 0.0017 loss: 75.0519 
episode: 252 count: 1000 score: -102.2091 average_last200: -126.9957 epis: 0.0017 loss: 72.3127 
episode: 253 count: 1000 score: -56.7111 average_last200: -125.6116 epis: 0.0016 loss: 69.2668 
episode: 254 count: 1000 score: -73.7519 average_last200: -125.3713 epis: 0.0016 loss: 73.3107 
episode: 255 count: 1000 score: -97.4375 average_last200: -125.2671 epis: 0.0015 loss: 71.2014 
episode: 256 count: 1000 score: -74.4381 average_last200: -124.6626 epis: 0.0015 loss: 72.3087 
episode: 257 count: 1000 score: -109.2602 average_last200: -123.8839 epis: 0.0015 loss: 76.6815 
episode: 258 count: 1000 score: -89.9140 average_last200: -123.6271 epis: 0.0014 loss: 71.1476 
episode: 259 count: 1000 score: -57.3000 average_last200: -123.4433 epis: 0.0014 loss: 72.5162 
episode: 260 count: 1000 score: -114.4011 average_last200: -123.4397 epis: 0.0013 loss: 71.8423 
episode: 261 count: 1000 score: -86.0793 average_last200: -122.6514 epis: 0.0013 loss: 69.6600 
episode: 262 count: 1000 score: -53.8376 average_last200: -122.1265 epis: 0.0013 loss: 72.8047 
episode: 263 count: 1000 score: -59.5799 average_last200: -121.0771 epis: 0.0013 loss: 72.0460 
episode: 264 count: 1000 score: -108.1386 average_last200: -120.8352 epis: 0.0012 loss: 76.0448 
episode: 265 count: 1000 score: -80.8053 average_last200: -120.2196 epis: 0.0012 loss: 72.4230 
episode: 266 count: 1000 score: -60.0815 average_last200: -119.2890 epis: 0.0012 loss: 71.9380 
episode: 267 count: 1000 score: -74.4423 average_last200: -119.6119 epis: 0.0011 loss: 71.2120 
episode: 268 count: 1000 score: -114.3773 average_last200: -119.1571 epis: 0.0011 loss: 71.4157 
episode: 269 count: 1000 score: -57.5651 average_last200: -118.5267 epis: 0.0011 loss: 69.9408 
episode: 270 count: 1000 score: -48.7260 average_last200: -117.7626 epis: 0.0010 loss: 69.9704 
episode: 271 count: 1000 score: -93.3037 average_last200: -117.2046 epis: 0.0010 loss: 68.6284 
episode: 272 count: 1000 score: -105.7450 average_last200: -116.7197 epis: 0.0010 loss: 65.0877 
episode: 273 count: 1000 score: -64.8749 average_last200: -116.0957 epis: 0.0010 loss: 66.0829 
episode: 274 count: 1000 score: -50.8111 average_last200: -115.2583 epis: 0.0009 loss: 67.4874 
episode: 275 count: 1000 score: -73.9918 average_last200: -114.6432 epis: 0.0009 loss: 67.4830 
episode: 276 count: 1000 score: -77.3291 average_last200: -113.6304 epis: 0.0009 loss: 64.9688 
episode: 277 count: 1000 score: -41.2616 average_last200: -113.9067 epis: 0.0009 loss: 66.4661 
episode: 278 count: 1000 score: -86.3858 average_last200: -113.4806 epis: 0.0009 loss: 69.9696 
episode: 279 count: 1000 score: -85.5222 average_last200: -112.9684 epis: 0.0008 loss: 64.5475 
episode: 280 count: 1000 score: -45.5003 average_last200: -112.0908 epis: 0.0008 loss: 60.8007 
episode: 281 count: 1000 score: -128.0984 average_last200: -111.5482 epis: 0.0008 loss: 65.8233 
episode: 282 count: 1000 score: -89.7177 average_last200: -110.8514 epis: 0.0008 loss: 61.7386 
episode: 283 count: 1000 score: -66.2096 average_last200: -110.4911 epis: 0.0008 loss: 61.5270 
episode: 284 count: 1000 score: -82.2440 average_last200: -109.0832 epis: 0.0007 loss: 60.6502 
episode: 285 count: 1000 score: -105.4639 average_last200: -108.8696 epis: 0.0007 loss: 57.9903 
episode: 286 count: 1000 score: -73.8009 average_last200: -107.9245 epis: 0.0007 loss: 62.2881 
episode: 287 count: 1000 score: -63.7288 average_last200: -107.2302 epis: 0.0007 loss: 60.8903 
episode: 288 count: 1000 score: -55.6748 average_last200: -106.6510 epis: 0.0007 loss: 61.1468 
episode: 289 count: 1000 score: -109.4093 average_last200: -106.4031 epis: 0.0006 loss: 57.3861 
episode: 290 count: 1000 score: -72.5034 average_last200: -106.0444 epis: 0.0006 loss: 56.8666 
episode: 291 count: 1000 score: -96.9666 average_last200: -105.8293 epis: 0.0006 loss: 56.3413 
episode: 292 count: 1000 score: -54.7824 average_last200: -104.9040 epis: 0.0006 loss: 55.3251 
episode: 293 count: 1000 score: -111.3771 average_last200: -104.7301 epis: 0.0006 loss: 54.9745 
episode: 294 count: 1000 score: -88.1533 average_last200: -104.3902 epis: 0.0006 loss: 52.5843 
episode: 295 count: 1000 score: -83.4555 average_last200: -103.4880 epis: 0.0006 loss: 53.6076 
episode: 296 count: 1000 score: -94.1290 average_last200: -103.1757 epis: 0.0005 loss: 54.4157 
episode: 297 count: 1000 score: -105.7993 average_last200: -102.5525 epis: 0.0005 loss: 50.5424 
episode: 298 count: 1000 score: -76.6673 average_last200: -101.7476 epis: 0.0005 loss: 49.1160 
episode: 299 count: 1000 score: -87.3235 average_last200: -101.2425 epis: 0.0005 loss: 52.0003 
episode: 300 count: 1000 score: -116.7772 average_last200: -101.0555 epis: 0.0005 loss: 53.3059 
episode: 301 count: 1000 score: -96.2560 average_last200: -100.5581 epis: 0.0005 loss: 53.8652 
episode: 302 count: 1000 score: -54.1128 average_last200: -99.7375 epis: 0.0005 loss: 50.9486 
episode: 303 count: 1000 score: -68.0666 average_last200: -99.4503 epis: 0.0005 loss: 53.2057 
episode: 304 count: 1000 score: -89.0860 average_last200: -98.8573 epis: 0.0004 loss: 51.1874 
episode: 305 count: 1000 score: -96.4299 average_last200: -98.4949 epis: 0.0004 loss: 49.9359 
episode: 306 count: 1000 score: -104.8640 average_last200: -97.7017 epis: 0.0004 loss: 48.3284 
episode: 307 count: 1000 score: -105.1906 average_last200: -97.0612 epis: 0.0004 loss: 45.7692 
episode: 308 count: 1000 score: -52.1095 average_last200: -96.2133 epis: 0.0004 loss: 48.5480 
episode: 309 count: 1000 score: -95.3755 average_last200: -95.4270 epis: 0.0004 loss: 45.0904 
episode: 310 count: 1000 score: -80.4597 average_last200: -94.5716 epis: 0.0004 loss: 46.4031 
episode: 311 count: 1000 score: -120.5272 average_last200: -93.9229 epis: 0.0004 loss: 44.5747 
episode: 312 count: 1000 score: -120.9424 average_last200: -93.2642 epis: 0.0004 loss: 43.6101 
episode: 313 count: 1000 score: -121.4375 average_last200: -93.1701 epis: 0.0004 loss: 44.6103 
episode: 314 count: 1000 score: -36.4078 average_last200: -93.8247 epis: 0.0003 loss: 43.6327 
episode: 315 count: 1000 score: -118.8347 average_last200: -93.3236 epis: 0.0003 loss: 44.1387 
episode: 316 count: 1000 score: -97.4273 average_last200: -92.6896 epis: 0.0003 loss: 43.1609 
episode: 317 count: 1000 score: -107.4837 average_last200: -92.5822 epis: 0.0003 loss: 43.7817 
episode: 318 count: 1000 score: -67.0216 average_last200: -91.1326 epis: 0.0003 loss: 43.4059 
episode: 319 count: 1000 score: -84.2648 average_last200: -90.6692 epis: 0.0003 loss: 43.2822 
episode: 320 count: 1000 score: -88.4092 average_last200: -90.5259 epis: 0.0003 loss: 44.1949 
episode: 321 count: 1000 score: -77.3242 average_last200: -89.5713 epis: 0.0003 loss: 43.7134 
episode: 322 count: 1000 score: -105.8827 average_last200: -88.9704 epis: 0.0003 loss: 43.3669 
episode: 323 count: 1000 score: -91.5547 average_last200: -88.4543 epis: 0.0003 loss: 43.2292 
episode: 324 count: 1000 score: -97.8338 average_last200: -87.8869 epis: 0.0003 loss: 42.9760 
episode: 325 count: 1000 score: -67.9656 average_last200: -87.5656 epis: 0.0003 loss: 43.6235 
episode: 326 count: 1000 score: -62.1098 average_last200: -86.7782 epis: 0.0003 loss: 42.5626 
episode: 327 count: 1000 score: -94.5293 average_last200: -85.5789 epis: 0.0002 loss: 42.1870 
episode: 328 count: 1000 score: -113.6489 average_last200: -84.7071 epis: 0.0002 loss: 43.2259 
episode: 329 count: 1000 score: -92.1156 average_last200: -84.3697 epis: 0.0002 loss: 42.7854 
episode: 330 count: 1000 score: -72.1563 average_last200: -83.6183 epis: 0.0002 loss: 43.4196 
episode: 331 count: 1000 score: -84.5017 average_last200: -83.1580 epis: 0.0002 loss: 44.2372 
episode: 332 count: 1000 score: -138.2598 average_last200: -82.6104 epis: 0.0002 loss: 43.7082 
episode: 333 count: 1000 score: -128.0085 average_last200: -82.7050 epis: 0.0002 loss: 44.7156 
episode: 334 count: 1000 score: -136.6526 average_last200: -82.1146 epis: 0.0002 loss: 43.8295 
episode: 335 count: 1000 score: -109.0561 average_last200: -82.0700 epis: 0.0002 loss: 43.0975 
episode: 336 count: 1000 score: -123.6278 average_last200: -81.7998 epis: 0.0002 loss: 43.0078 
episode: 337 count: 1000 score: -110.1325 average_last200: -81.5888 epis: 0.0002 loss: 42.1087 
episode: 338 count: 1000 score: -115.1316 average_last200: -81.4800 epis: 0.0002 loss: 42.5184 
episode: 339 count: 1000 score: -115.3794 average_last200: -81.6265 epis: 0.0002 loss: 42.2701 
episode: 340 count: 1000 score: -80.4747 average_last200: -80.9304 epis: 0.0002 loss: 43.4789 
episode: 341 count: 1000 score: -88.3077 average_last200: -80.1815 epis: 0.0002 loss: 41.5894 
episode: 342 count: 1000 score: -103.2505 average_last200: -80.4893 epis: 0.0002 loss: 41.4215 
episode: 343 count: 1000 score: -76.9626 average_last200: -79.7976 epis: 0.0002 loss: 42.6012 
episode: 344 count: 1000 score: -94.8286 average_last200: -79.7135 epis: 0.0002 loss: 41.3209 
episode: 345 count: 1000 score: -90.4079 average_last200: -80.9095 epis: 0.0002 loss: 41.0566 
episode: 346 count: 1000 score: -104.4008 average_last200: -81.7803 epis: 0.0002 loss: 41.0454 
episode: 347 count: 1000 score: -64.6176 average_last200: -82.5627 epis: 0.0001 loss: 40.4251 
episode: 348 count: 1000 score: -62.9374 average_last200: -82.3531 epis: 0.0001 loss: 40.2274 
episode: 349 count: 1000 score: -109.6794 average_last200: -81.7820 epis: 0.0001 loss: 40.8134 
episode: 350 count: 1000 score: -102.8343 average_last200: -81.8258 epis: 0.0001 loss: 40.3391 
episode: 351 count: 402 score: -144.2937 average_last200: -81.9627 epis: 0.0001 loss: 16.2663 
episode: 352 count: 1000 score: -74.9798 average_last200: -82.1027 epis: 0.0001 loss: 43.8092 
episode: 353 count: 1000 score: -119.9429 average_last200: -82.4476 epis: 0.0001 loss: 41.3462 
episode: 354 count: 1000 score: -126.1102 average_last200: -82.8948 epis: 0.0001 loss: 40.6330 
episode: 355 count: 1000 score: -88.2849 average_last200: -82.1569 epis: 0.0001 loss: 41.6382 
episode: 356 count: 1000 score: -79.5456 average_last200: -82.1093 epis: 0.0001 loss: 41.1349 
episode: 357 count: 1000 score: -97.0342 average_last200: -81.9967 epis: 0.0001 loss: 41.6443 
episode: 358 count: 1000 score: -88.8436 average_last200: -81.7964 epis: 0.0001 loss: 40.9063 
episode: 359 count: 1000 score: -58.0786 average_last200: -81.7183 epis: 0.0001 loss: 42.4143 
episode: 360 count: 1000 score: -88.0020 average_last200: -81.6506 epis: 0.0001 loss: 43.3130 
episode: 361 count: 1000 score: -90.1602 average_last200: -81.8132 epis: 0.0001 loss: 41.3093 
episode: 362 count: 1000 score: -104.3593 average_last200: -81.9932 epis: 0.0001 loss: 41.5302 
episode: 363 count: 1000 score: -85.2519 average_last200: -82.1505 epis: 0.0001 loss: 40.9324 
episode: 364 count: 1000 score: -90.0845 average_last200: -82.0789 epis: 0.0001 loss: 42.3576 
episode: 365 count: 1000 score: -82.7332 average_last200: -82.0262 epis: 0.0001 loss: 40.9679 
episode: 366 count: 1000 score: -44.2233 average_last200: -81.7148 epis: 0.0001 loss: 41.8381 
episode: 367 count: 1000 score: -96.8633 average_last200: -81.8090 epis: 0.0001 loss: 41.3059 
episode: 368 count: 1000 score: -113.8851 average_last200: -82.0203 epis: 0.0001 loss: 43.4659 
episode: 369 count: 1000 score: -64.4664 average_last200: -81.8485 epis: 0.0001 loss: 41.4799 
episode: 370 count: 1000 score: -79.9056 average_last200: -81.7577 epis: 0.0001 loss: 41.1671 
episode: 371 count: 1000 score: -27.1908 average_last200: -81.2536 epis: 0.0001 loss: 43.5821 
episode: 372 count: 377 score: 177.3606 average_last200: -79.8106 epis: 0.0001 loss: 15.8255 
episode: 373 count: 1000 score: -90.0117 average_last200: -79.7187 epis: 0.0001 loss: 44.9629 
episode: 374 count: 1000 score: -107.3042 average_last200: -79.5821 epis: 0.0001 loss: 44.0319 
episode: 375 count: 1000 score: -88.9313 average_last200: -79.7240 epis: 0.0001 loss: 39.1167 
episode: 376 count: 1000 score: -65.7472 average_last200: -79.5754 epis: 0.0001 loss: 41.9541 
episode: 377 count: 1000 score: -105.9562 average_last200: -79.4049 epis: 0.0001 loss: 41.8545 
episode: 378 count: 1000 score: -95.7037 average_last200: -79.5954 epis: 0.0001 loss: 42.0398 
episode: 379 count: 1000 score: -83.9984 average_last200: -79.6832 epis: 0.0001 loss: 41.6350 
episode: 380 count: 336 score: -50.1495 average_last200: -79.5415 epis: 0.0001 loss: 14.3912 
episode: 381 count: 1000 score: -111.6330 average_last200: -79.7220 epis: 0.0001 loss: 45.1167 
episode: 382 count: 1000 score: -120.0355 average_last200: -79.9255 epis: 0.0001 loss: 41.8186 
episode: 383 count: 1000 score: -36.9850 average_last200: -79.5995 epis: 0.0001 loss: 43.9336 
episode: 384 count: 1000 score: -86.6056 average_last200: -79.6575 epis: 0.0001 loss: 45.6404 
episode: 385 count: 1000 score: -76.6900 average_last200: -79.6423 epis: 0.0001 loss: 42.5491 
episode: 386 count: 1000 score: -110.3287 average_last200: -79.7197 epis: 0.0001 loss: 43.3104 
episode: 387 count: 1000 score: -105.1880 average_last200: -79.8596 epis: 0.0001 loss: 43.0779 
episode: 388 count: 1000 score: -68.8801 average_last200: -79.8189 epis: 0.0001 loss: 45.3533 
episode: 389 count: 1000 score: -129.8896 average_last200: -80.0510 epis: 0.0001 loss: 42.3264 
episode: 390 count: 1000 score: -106.4968 average_last200: -81.0717 epis: 0.0001 loss: 42.4221 
episode: 391 count: 1000 score: -108.4974 average_last200: -81.3809 epis: 0.0000 loss: 42.2591 
episode: 392 count: 1000 score: -43.6714 average_last200: -81.4091 epis: 0.0000 loss: 44.0184 
episode: 393 count: 1000 score: -91.9476 average_last200: -81.3713 epis: 0.0000 loss: 45.7522 
episode: 394 count: 1000 score: -26.5191 average_last200: -81.1174 epis: 0.0000 loss: 47.0304 
episode: 395 count: 1000 score: -100.3892 average_last200: -81.2159 epis: 0.0000 loss: 43.1244 
episode: 396 count: 1000 score: -46.3516 average_last200: -81.2598 epis: 0.0000 loss: 45.9719 
episode: 397 count: 505 score: 105.0904 average_last200: -80.2976 epis: 0.0000 loss: 22.6546 
episode: 398 count: 1000 score: -106.3557 average_last200: -80.5103 epis: 0.0000 loss: 44.0224 
episode: 399 count: 1000 score: -65.8535 average_last200: -80.5630 epis: 0.0000 loss: 42.7250 
episode: 400 count: 1000 score: -124.2898 average_last200: -80.8340 epis: 0.0000 loss: 44.0584 
episode: 401 count: 1000 score: -151.7221 average_last200: -81.2258 epis: 0.0000 loss: 41.9594 
episode: 402 count: 1000 score: -97.1343 average_last200: -82.2283 epis: 0.0000 loss: 43.8929 
episode: 403 count: 1000 score: -94.0337 average_last200: -82.3416 epis: 0.0000 loss: 45.5308 
episode: 404 count: 1000 score: -73.5120 average_last200: -82.4818 epis: 0.0000 loss: 41.9587 
episode: 405 count: 1000 score: -77.1769 average_last200: -82.6396 epis: 0.0000 loss: 40.9359 
episode: 406 count: 1000 score: -36.0728 average_last200: -83.4999 epis: 0.0000 loss: 44.8956 
episode: 407 count: 1000 score: -94.3921 average_last200: -83.4692 epis: 0.0000 loss: 36.7113 
episode: 408 count: 1000 score: -122.3900 average_last200: -83.7813 epis: 0.0000 loss: 40.7414 
episode: 409 count: 1000 score: -104.8641 average_last200: -83.3694 epis: 0.0000 loss: 38.6611 
episode: 410 count: 746 score: 150.4138 average_last200: -81.5214 epis: 0.0000 loss: 28.6506 
episode: 411 count: 1000 score: -116.7717 average_last200: -81.7075 epis: 0.0000 loss: 44.9258 
episode: 412 count: 1000 score: -108.0772 average_last200: -81.8887 epis: 0.0000 loss: 37.0996 
episode: 413 count: 1000 score: -85.6816 average_last200: -81.7910 epis: 0.0000 loss: 39.4195 
episode: 414 count: 1000 score: -110.6066 average_last200: -81.8640 epis: 0.0000 loss: 39.8927 
episode: 415 count: 1000 score: -54.6377 average_last200: -81.9049 epis: 0.0000 loss: 38.5403 
episode: 416 count: 1000 score: -130.5611 average_last200: -82.1925 epis: 0.0000 loss: 38.4849 
episode: 417 count: 1000 score: -63.1937 average_last200: -82.1992 epis: 0.0000 loss: 39.3341 
episode: 418 count: 1000 score: -20.9307 average_last200: -82.1083 epis: 0.0000 loss: 42.3017 
episode: 419 count: 1000 score: -91.7601 average_last200: -82.3738 epis: 0.0000 loss: 38.7933 
episode: 420 count: 1000 score: -113.9992 average_last200: -82.5503 epis: 0.0000 loss: 40.9255 
episode: 421 count: 1000 score: -123.2307 average_last200: -82.9594 epis: 0.0000 loss: 37.8212 
episode: 422 count: 1000 score: -62.7872 average_last200: -82.8721 epis: 0.0000 loss: 36.8564 
episode: 423 count: 209 score: -132.1029 average_last200: -83.2202 epis: 0.0000 loss: 8.3437 
episode: 424 count: 1000 score: -139.8258 average_last200: -83.6968 epis: 0.0000 loss: 38.2597 
episode: 425 count: 1000 score: -104.5281 average_last200: -83.8058 epis: 0.0000 loss: 37.8869 
episode: 426 count: 1000 score: -86.9375 average_last200: -83.8481 epis: 0.0000 loss: 38.8149 
episode: 427 count: 1000 score: -114.1638 average_last200: -83.9046 epis: 0.0000 loss: 42.9161 
episode: 428 count: 1000 score: -99.0735 average_last200: -84.1004 epis: 0.0000 loss: 39.5402 
episode: 429 count: 1000 score: -25.8681 average_last200: -83.9354 epis: 0.0000 loss: 40.5423 
episode: 430 count: 263 score: -49.7628 average_last200: -83.9821 epis: 0.0000 loss: 10.7328 
episode: 431 count: 1000 score: -58.3859 average_last200: -83.8241 epis: 0.0000 loss: 42.1480 
episode: 432 count: 1000 score: -126.0498 average_last200: -83.9899 epis: 0.0000 loss: 39.0634 
episode: 433 count: 1000 score: -93.4430 average_last200: -83.9905 epis: 0.0000 loss: 43.5795 
episode: 434 count: 1000 score: -27.8405 average_last200: -83.7408 epis: 0.0000 loss: 42.8489 
episode: 435 count: 1000 score: -49.4307 average_last200: -83.4351 epis: 0.0000 loss: 41.1199 
episode: 436 count: 1000 score: -131.0147 average_last200: -83.6838 epis: 0.0000 loss: 37.4857 
episode: 437 count: 1000 score: -117.4460 average_last200: -84.0164 epis: 0.0000 loss: 35.2824 
episode: 438 count: 1000 score: -150.4945 average_last200: -84.4248 epis: 0.0000 loss: 39.5491 
episode: 439 count: 1000 score: -110.4738 average_last200: -84.5057 epis: 0.0000 loss: 37.3934 
episode: 440 count: 1000 score: -57.6975 average_last200: -84.3578 epis: 0.0000 loss: 41.5284 
episode: 441 count: 1000 score: -90.5012 average_last200: -84.1634 epis: 0.0000 loss: 38.0407 
episode: 442 count: 1000 score: -92.3749 average_last200: -84.4407 epis: 0.0000 loss: 42.5299 
episode: 443 count: 1000 score: -114.9393 average_last200: -84.7196 epis: 0.0000 loss: 43.1064 
episode: 444 count: 1000 score: -147.7643 average_last200: -84.9471 epis: 0.0000 loss: 38.9816 
episode: 445 count: 1000 score: -91.7891 average_last200: -85.0695 epis: 0.0000 loss: 45.9925 
episode: 446 count: 1000 score: -91.6925 average_last200: -85.1556 epis: 0.0000 loss: 40.5077 
episode: 447 count: 1000 score: -94.2574 average_last200: -85.0198 epis: 0.0000 loss: 36.5038 
episode: 448 count: 1000 score: -72.3245 average_last200: -85.1901 epis: 0.0000 loss: 36.4545 
episode: 449 count: 1000 score: -133.7559 average_last200: -85.6910 epis: 0.0000 loss: 41.0854 
episode: 450 count: 1000 score: -102.1770 average_last200: -85.7776 epis: 0.0000 loss: 42.8210 
episode: 451 count: 1000 score: -135.0079 average_last200: -86.3289 epis: 0.0000 loss: 40.2911 
episode: 452 count: 1000 score: -55.7186 average_last200: -86.0965 epis: 0.0000 loss: 37.9551 
episode: 453 count: 1000 score: -115.4326 average_last200: -86.3901 epis: 0.0000 loss: 38.3889 
episode: 454 count: 1000 score: -94.3605 average_last200: -86.4931 epis: 0.0000 loss: 36.1426 
episode: 455 count: 1000 score: -103.1451 average_last200: -86.5217 epis: 0.0000 loss: 39.5210 
episode: 456 count: 1000 score: -105.8222 average_last200: -86.6786 epis: 0.0000 loss: 36.5359 
episode: 457 count: 1000 score: -139.8557 average_last200: -86.8316 epis: 0.0000 loss: 38.3996 
episode: 458 count: 1000 score: -138.3316 average_last200: -87.0736 epis: 0.0000 loss: 38.5333 
episode: 459 count: 1000 score: -97.0381 average_last200: -87.2723 epis: 0.0000 loss: 39.4497 
episode: 460 count: 1000 score: -77.4990 average_last200: -87.0878 epis: 0.0000 loss: 35.5089 
episode: 461 count: 1000 score: -100.1429 average_last200: -87.1581 epis: 0.0000 loss: 35.5269 
episode: 462 count: 1000 score: -38.3166 average_last200: -87.0805 epis: 0.0000 loss: 37.8430 
episode: 463 count: 1000 score: -111.5408 average_last200: -87.3403 epis: 0.0000 loss: 37.0420 
episode: 464 count: 178 score: -112.9441 average_last200: -87.3644 epis: 0.0000 loss: 5.3776 
episode: 465 count: 1000 score: -83.3349 average_last200: -87.3770 epis: 0.0000 loss: 38.1844 
episode: 466 count: 1000 score: -77.6455 average_last200: -87.4648 epis: 0.0000 loss: 39.1705 
episode: 467 count: 1000 score: -112.1323 average_last200: -87.6533 epis: 0.0000 loss: 40.2595 
episode: 468 count: 1000 score: -81.9785 average_last200: -87.4913 epis: 0.0000 loss: 37.6493 
episode: 469 count: 1000 score: -122.3422 average_last200: -87.8152 epis: 0.0000 loss: 40.2600 
episode: 470 count: 1000 score: -124.8359 average_last200: -88.1957 epis: 0.0000 loss: 34.0209 
episode: 471 count: 1000 score: -47.3842 average_last200: -87.9661 epis: 0.0000 loss: 36.1498 
episode: 472 count: 1000 score: -139.0206 average_last200: -88.1325 epis: 0.0000 loss: 40.1836 
episode: 473 count: 1000 score: -131.7390 average_last200: -88.4668 epis: 0.0000 loss: 37.8718 
episode: 474 count: 1000 score: -39.6110 average_last200: -88.4108 epis: 0.0000 loss: 35.7592 
episode: 475 count: 1000 score: -122.3083 average_last200: -88.6524 epis: 0.0000 loss: 31.7500 
episode: 476 count: 1000 score: -65.5020 average_last200: -88.5933 epis: 0.0000 loss: 34.2449 
episode: 477 count: 1000 score: -142.9904 average_last200: -89.1019 epis: 0.0000 loss: 37.5818 
episode: 478 count: 1000 score: -97.2921 average_last200: -89.1565 epis: 0.0000 loss: 38.3836 
episode: 479 count: 1000 score: -32.5179 average_last200: -88.8914 epis: 0.0000 loss: 34.8211 
episode: 480 count: 1000 score: -128.9116 average_last200: -89.3085 epis: 0.0000 loss: 34.8608 
episode: 481 count: 147 score: -128.0077 average_last200: -89.3080 epis: 0.0000 loss: 7.1129 
episode: 482 count: 1000 score: -106.7780 average_last200: -89.3933 epis: 0.0000 loss: 36.3125 
episode: 483 count: 1000 score: -119.7700 average_last200: -89.6611 epis: 0.0000 loss: 37.3675 
episode: 484 count: 1000 score: -40.2594 average_last200: -89.4512 epis: 0.0000 loss: 37.3659 
episode: 485 count: 1000 score: -39.2832 average_last200: -89.1203 epis: 0.0000 loss: 35.4279 
episode: 486 count: 1000 score: -113.5467 average_last200: -89.3190 epis: 0.0000 loss: 34.0250 
episode: 487 count: 1000 score: -114.4326 average_last200: -89.5726 epis: 0.0000 loss: 32.0563 
episode: 488 count: 1000 score: -138.3737 average_last200: -89.9861 epis: 0.0000 loss: 32.5340 
episode: 489 count: 1000 score: -33.1730 average_last200: -89.6049 epis: 0.0000 loss: 34.3175 
episode: 490 count: 1000 score: -128.1689 average_last200: -89.8832 epis: 0.0000 loss: 33.6295 
episode: 491 count: 1000 score: -94.7448 average_last200: -89.8721 epis: 0.0000 loss: 32.2231 
episode: 492 count: 1000 score: -129.5673 average_last200: -90.2460 epis: 0.0000 loss: 34.6923 
episode: 493 count: 1000 score: -56.2374 average_last200: -89.9703 epis: 0.0000 loss: 34.8684 
episode: 494 count: 1000 score: -124.5902 average_last200: -90.1525 epis: 0.0000 loss: 39.7232 
episode: 495 count: 1000 score: -105.2119 average_last200: -90.2613 epis: 0.0000 loss: 36.6960 
episode: 496 count: 1000 score: -98.7098 average_last200: -90.2842 epis: 0.0000 loss: 33.1999 
episode: 497 count: 1000 score: -121.1248 average_last200: -90.3608 epis: 0.0000 loss: 37.4872 
episode: 498 count: 1000 score: -24.5749 average_last200: -90.1004 epis: 0.0000 loss: 33.7300 
episode: 499 count: 1000 score: -49.8659 average_last200: -89.9131 epis: 0.0000 loss: 36.9797 
episode: 500 count: 1000 score: -160.3511 average_last200: -90.1309 epis: 0.0000 loss: 32.9776 
episode: 501 count: 1000 score: -115.0849 average_last200: -90.2251 epis: 0.0000 loss: 32.7521 
episode: 502 count: 1000 score: -68.6103 average_last200: -90.2976 epis: 0.0000 loss: 35.7000 
episode: 503 count: 1000 score: -147.8052 average_last200: -90.6963 epis: 0.0000 loss: 31.5103 
episode: 504 count: 1000 score: -114.0466 average_last200: -90.8211 epis: 0.0000 loss: 33.0917 
episode: 505 count: 1000 score: -97.0567 average_last200: -90.8242 epis: 0.0000 loss: 32.7939 
episode: 506 count: 1000 score: -118.9789 average_last200: -90.8948 epis: 0.0000 loss: 34.8536 
episode: 507 count: 1000 score: -130.5030 average_last200: -91.0213 epis: 0.0000 loss: 32.6146 
episode: 508 count: 1000 score: -101.0483 average_last200: -91.2660 epis: 0.0000 loss: 36.3153 
episode: 509 count: 1000 score: -136.9724 average_last200: -91.4740 epis: 0.0000 loss: 35.4466 
episode: 510 count: 1000 score: -148.6993 average_last200: -91.8152 epis: 0.0000 loss: 35.8629 
episode: 511 count: 1000 score: -110.1543 average_last200: -91.7633 epis: 0.0000 loss: 34.4733 
episode: 512 count: 1000 score: -96.9618 average_last200: -91.6434 epis: 0.0000 loss: 35.5421 
episode: 513 count: 1000 score: -72.6958 average_last200: -91.3997 epis: 0.0000 loss: 33.9990 
episode: 514 count: 1000 score: -76.9024 average_last200: -91.6022 epis: 0.0000 loss: 31.1355 
episode: 515 count: 1000 score: -78.5696 average_last200: -91.4009 epis: 0.0000 loss: 33.6971 
episode: 516 count: 1000 score: -55.8490 average_last200: -91.1930 epis: 0.0000 loss: 30.5838 
episode: 517 count: 1000 score: -126.9064 average_last200: -91.2901 epis: 0.0000 loss: 35.0045 
episode: 518 count: 1000 score: -77.2570 average_last200: -91.3413 epis: 0.0000 loss: 33.8658 
episode: 519 count: 1000 score: -79.7476 average_last200: -91.3187 epis: 0.0000 loss: 34.3507 
episode: 520 count: 1000 score: -67.8127 average_last200: -91.2157 epis: 0.0000 loss: 36.5303 
episode: 521 count: 1000 score: -108.0495 average_last200: -91.3693 epis: 0.0000 loss: 32.2016 
episode: 522 count: 1000 score: -77.8871 average_last200: -91.2294 epis: 0.0000 loss: 33.7646 
episode: 523 count: 1000 score: -152.4851 average_last200: -91.5340 epis: 0.0000 loss: 33.4715 
episode: 524 count: 1000 score: -89.6677 average_last200: -91.4932 epis: 0.0000 loss: 31.9466 
episode: 525 count: 1000 score: -116.4253 average_last200: -91.7355 epis: 0.0000 loss: 34.5135 
episode: 526 count: 1000 score: -163.6440 average_last200: -92.2432 epis: 0.0000 loss: 32.7257 
episode: 527 count: 1000 score: -122.9593 average_last200: -92.3853 epis: 0.0000 loss: 30.6058 
episode: 528 count: 1000 score: -48.2984 average_last200: -92.0585 epis: 0.0000 loss: 31.9216 
episode: 529 count: 1000 score: -71.9530 average_last200: -91.9577 epis: 0.0000 loss: 31.6766 
episode: 530 count: 1000 score: -82.2103 average_last200: -92.0080 epis: 0.0000 loss: 31.6487 
episode: 531 count: 1000 score: -96.9770 average_last200: -92.0704 epis: 0.0000 loss: 30.1532 
episode: 532 count: 1000 score: -116.7968 average_last200: -91.9631 epis: 0.0000 loss: 33.9901 
episode: 533 count: 1000 score: -80.6175 average_last200: -91.7261 epis: 0.0000 loss: 29.3932 
episode: 534 count: 1000 score: -170.0279 average_last200: -91.8930 epis: 0.0000 loss: 30.3615 
episode: 535 count: 1000 score: -53.4657 average_last200: -91.6150 epis: 0.0000 loss: 28.6138 
episode: 536 count: 1000 score: -84.4593 average_last200: -91.4192 epis: 0.0000 loss: 28.2926 
episode: 537 count: 1000 score: -85.5839 average_last200: -91.2965 epis: 0.0000 loss: 29.7367 
episode: 538 count: 1000 score: -27.8922 average_last200: -90.8603 epis: 0.0000 loss: 30.3543 
episode: 539 count: 1000 score: -128.2617 average_last200: -90.9247 epis: 0.0000 loss: 30.1508 
episode: 540 count: 1000 score: -84.8649 average_last200: -90.9466 epis: 0.0000 loss: 28.1396 
episode: 541 count: 1000 score: -68.8647 average_last200: -90.8494 epis: 0.0000 loss: 29.8742 
episode: 542 count: 1000 score: -88.3830 average_last200: -90.7751 epis: 0.0000 loss: 29.3369 
episode: 543 count: 1000 score: -115.9177 average_last200: -90.9698 epis: 0.0000 loss: 29.9616 
episode: 544 count: 1000 score: -97.0875 average_last200: -90.9811 epis: 0.0000 loss: 31.5211 
episode: 545 count: 1000 score: -82.2706 average_last200: -90.9404 epis: 0.0000 loss: 28.2501 
episode: 546 count: 1000 score: -120.8978 average_last200: -91.0229 epis: 0.0000 loss: 28.1316 
episode: 547 count: 1000 score: -75.2829 average_last200: -91.0763 epis: 0.0000 loss: 28.6724 
episode: 548 count: 1000 score: -75.5517 average_last200: -91.1393 epis: 0.0000 loss: 30.3825 
episode: 549 count: 1000 score: -48.2692 average_last200: -90.8323 epis: 0.0000 loss: 29.2991 
episode: 550 count: 1000 score: -73.9732 average_last200: -90.6880 epis: 0.0000 loss: 28.4609 
episode: 551 count: 1000 score: -170.2692 average_last200: -90.8179 epis: 0.0000 loss: 27.7192 
episode: 552 count: 1000 score: -78.0287 average_last200: -90.8331 epis: 0.0000 loss: 28.4045 
episode: 553 count: 1000 score: -98.3756 average_last200: -90.7253 epis: 0.0000 loss: 30.2047 
episode: 554 count: 1000 score: -131.5615 average_last200: -90.7525 epis: 0.0000 loss: 28.1287 
episode: 555 count: 1000 score: -133.2109 average_last200: -90.9771 epis: 0.0000 loss: 28.2489 
episode: 556 count: 1000 score: -96.5873 average_last200: -91.0624 epis: 0.0000 loss: 28.4471 
episode: 557 count: 1000 score: -149.7895 average_last200: -91.3261 epis: 0.0000 loss: 28.2635 
episode: 558 count: 1000 score: -63.2994 average_last200: -91.1984 epis: 0.0000 loss: 29.1872 
episode: 559 count: 1000 score: -72.2692 average_last200: -91.2694 epis: 0.0000 loss: 30.1571 
episode: 560 count: 1000 score: -141.2269 average_last200: -91.5355 epis: 0.0000 loss: 27.6848 
episode: 561 count: 1000 score: -124.6834 average_last200: -91.7081 epis: 0.0000 loss: 28.3470 
episode: 562 count: 1000 score: -69.9304 average_last200: -91.5360 epis: 0.0000 loss: 28.8976 
episode: 563 count: 1000 score: -134.4194 average_last200: -91.7818 epis: 0.0000 loss: 29.8452 
episode: 564 count: 1000 score: -140.6898 average_last200: -92.0348 epis: 0.0000 loss: 28.2625 
episode: 565 count: 1000 score: -148.5459 average_last200: -92.3639 epis: 0.0000 loss: 29.7394 
episode: 566 count: 1000 score: -136.9458 average_last200: -92.8275 epis: 0.0000 loss: 27.1423 
episode: 567 count: 1000 score: -80.3842 average_last200: -92.7451 epis: 0.0000 loss: 27.0804 
episode: 568 count: 1000 score: -135.0521 average_last200: -92.8509 epis: 0.0000 loss: 27.8879 
episode: 569 count: 1000 score: -71.8436 average_last200: -92.8878 epis: 0.0000 loss: 27.3582 
episode: 570 count: 1000 score: -127.9393 average_last200: -93.1280 epis: 0.0000 loss: 27.0838 
episode: 571 count: 1000 score: -93.2403 average_last200: -93.4582 epis: 0.0000 loss: 27.4077 
episode: 572 count: 1000 score: -131.8866 average_last200: -95.0045 epis: 0.0000 loss: 28.5700 
episode: 573 count: 1000 score: -95.8542 average_last200: -95.0337 epis: 0.0000 loss: 26.6475 
episode: 574 count: 1000 score: -147.8999 average_last200: -95.2367 epis: 0.0000 loss: 26.2993 
episode: 575 count: 1000 score: -110.8039 average_last200: -95.3460 epis: 0.0000 loss: 25.7805 
episode: 576 count: 1000 score: -85.4675 average_last200: -95.4446 epis: 0.0000 loss: 26.3082 
episode: 577 count: 1000 score: -86.6288 average_last200: -95.3480 epis: 0.0000 loss: 25.2655 
episode: 578 count: 1000 score: -92.5016 average_last200: -95.3320 epis: 0.0000 loss: 25.0461 
episode: 579 count: 1000 score: -108.7130 average_last200: -95.4556 epis: 0.0000 loss: 24.2903 
episode: 580 count: 1000 score: -139.2866 average_last200: -95.9012 epis: 0.0000 loss: 25.8126 
episode: 581 count: 1000 score: -125.4069 average_last200: -95.9701 epis: 0.0000 loss: 23.5440 
episode: 582 count: 1000 score: -98.6718 average_last200: -95.8633 epis: 0.0000 loss: 25.2251 
episode: 583 count: 1000 score: -95.0567 average_last200: -96.1537 epis: 0.0000 loss: 24.3020 
episode: 584 count: 1000 score: -64.0005 average_last200: -96.0406 epis: 0.0000 loss: 23.8291 
episode: 585 count: 1000 score: -149.0693 average_last200: -96.4025 epis: 0.0000 loss: 23.3739 
episode: 586 count: 1000 score: -71.3597 average_last200: -96.2077 epis: 0.0000 loss: 23.4729 
episode: 587 count: 1000 score: -67.5450 average_last200: -96.0195 epis: 0.0000 loss: 24.5594 
episode: 588 count: 1000 score: -37.4651 average_last200: -95.8624 epis: 0.0000 loss: 24.4962 
episode: 589 count: 1000 score: -81.1795 average_last200: -95.6188 epis: 0.0000 loss: 24.8032 
episode: 590 count: 1000 score: -79.6752 average_last200: -95.4847 epis: 0.0000 loss: 24.6589 
episode: 591 count: 1000 score: -127.2604 average_last200: -95.5785 epis: 0.0000 loss: 23.3013 
episode: 592 count: 1000 score: -141.0924 average_last200: -96.0657 epis: 0.0000 loss: 24.1171 
episode: 593 count: 1000 score: -95.9460 average_last200: -96.0856 epis: 0.0000 loss: 24.8240 
episode: 594 count: 1000 score: -119.9572 average_last200: -96.5528 epis: 0.0000 loss: 23.3020 
episode: 595 count: 1000 score: -93.8933 average_last200: -96.5204 epis: 0.0000 loss: 23.7337 
episode: 596 count: 1000 score: -49.7814 average_last200: -96.5375 epis: 0.0000 loss: 23.2272 
episode: 597 count: 1000 score: -124.1854 average_last200: -97.6839 epis: 0.0000 loss: 23.9174 
episode: 598 count: 1000 score: -143.3382 average_last200: -97.8688 epis: 0.0000 loss: 23.0669 
episode: 599 count: 1000 score: -55.4139 average_last200: -97.8166 epis: 0.0000 loss: 23.2842 
episode: 600 count: 1000 score: -114.3509 average_last200: -97.7669 epis: 0.0000 loss: 23.9522 
episode: 601 count: 1000 score: -120.7252 average_last200: -97.6119 epis: 0.0000 loss: 23.6760 
episode: 602 count: 1000 score: -110.3558 average_last200: -97.6780 epis: 0.0000 loss: 24.0781 
episode: 603 count: 1000 score: -141.6679 average_last200: -97.9162 epis: 0.0000 loss: 25.7286 
episode: 604 count: 1000 score: -96.5603 average_last200: -98.0314 epis: 0.0000 loss: 23.1209 
episode: 605 count: 1000 score: -68.6355 average_last200: -97.9887 epis: 0.0000 loss: 22.8928 
episode: 606 count: 1000 score: -71.0376 average_last200: -98.1636 epis: 0.0000 loss: 24.4149 
episode: 607 count: 1000 score: -95.6279 average_last200: -98.1697 epis: 0.0000 loss: 24.7562 
episode: 608 count: 1000 score: -106.4433 average_last200: -98.0900 epis: 0.0000 loss: 23.8400 
episode: 609 count: 1000 score: -91.3606 average_last200: -98.0225 epis: 0.0000 loss: 23.7925 
episode: 610 count: 1000 score: -71.3278 average_last200: -99.1312 epis: 0.0000 loss: 24.2287 
episode: 611 count: 1000 score: -109.2211 average_last200: -99.0934 epis: 0.0000 loss: 24.2130 
episode: 612 count: 1000 score: -121.2981 average_last200: -99.1595 epis: 0.0000 loss: 24.0475 
episode: 613 count: 1000 score: -123.3215 average_last200: -99.3477 epis: 0.0000 loss: 22.6079 
episode: 614 count: 1000 score: -132.9694 average_last200: -99.4596 epis: 0.0000 loss: 23.3567 
episode: 615 count: 1000 score: -80.1480 average_last200: -99.5871 epis: 0.0000 loss: 23.8324 
episode: 616 count: 1000 score: -60.3850 average_last200: -99.2362 epis: 0.0000 loss: 22.8680 
episode: 617 count: 1000 score: -69.5154 average_last200: -99.2678 epis: 0.0000 loss: 24.2651 
episode: 618 count: 1000 score: -87.7429 average_last200: -99.6019 epis: 0.0000 loss: 23.5371 
episode: 619 count: 1000 score: -99.0574 average_last200: -99.6384 epis: 0.0000 loss: 22.9374 
episode: 620 count: 1000 score: -72.6340 average_last200: -99.4316 epis: 0.0000 loss: 24.7236 
episode: 621 count: 1000 score: -138.7860 average_last200: -99.5093 epis: 0.0000 loss: 22.7515 
episode: 622 count: 1000 score: -59.5565 average_last200: -99.4932 epis: 0.0000 loss: 22.9636 
episode: 623 count: 1000 score: -101.9178 average_last200: -99.3423 epis: 0.0000 loss: 23.7448 
episode: 624 count: 1000 score: -132.1533 average_last200: -99.3039 epis: 0.0000 loss: 23.7535 
episode: 625 count: 1000 score: -143.5809 average_last200: -99.4992 epis: 0.0000 loss: 22.1700 
episode: 626 count: 1000 score: -130.6441 average_last200: -99.7177 epis: 0.0000 loss: 23.5138 
episode: 627 count: 1000 score: -117.6006 average_last200: -99.7349 epis: 0.0000 loss: 22.8337 
episode: 628 count: 1000 score: -104.0237 average_last200: -99.7596 epis: 0.0000 loss: 22.6663 
episode: 629 count: 1000 score: -119.2840 average_last200: -100.2267 epis: 0.0000 loss: 23.1317 
episode: 630 count: 1000 score: -59.1729 average_last200: -100.2738 epis: 0.0000 loss: 23.5211 
episode: 631 count: 1000 score: -141.2759 average_last200: -100.6882 epis: 0.0000 loss: 23.3247 
episode: 632 count: 1000 score: -57.5003 average_last200: -100.3455 epis: 0.0000 loss: 23.6962 
episode: 633 count: 1000 score: -135.0919 average_last200: -100.5537 epis: 0.0000 loss: 23.0216 
episode: 634 count: 1000 score: -88.2615 average_last200: -100.8558 epis: 0.0000 loss: 23.2474 
episode: 635 count: 1000 score: -99.5869 average_last200: -101.1066 epis: 0.0000 loss: 23.8759 
episode: 636 count: 1000 score: -122.8775 average_last200: -101.0659 epis: 0.0000 loss: 22.7135 
episode: 637 count: 1000 score: -122.1902 average_last200: -101.0896 epis: 0.0000 loss: 22.9324 
episode: 638 count: 1000 score: -121.9520 average_last200: -100.9469 epis: 0.0000 loss: 22.6634 
episode: 639 count: 1000 score: -95.3711 average_last200: -100.8714 epis: 0.0000 loss: 22.9462 
episode: 640 count: 1000 score: -127.3821 average_last200: -101.2198 epis: 0.0000 loss: 23.0784 
episode: 641 count: 1000 score: -95.3922 average_last200: -101.2443 epis: 0.0000 loss: 22.7776 
episode: 642 count: 1000 score: -66.9452 average_last200: -101.1171 epis: 0.0000 loss: 23.2353 
episode: 643 count: 1000 score: -91.9067 average_last200: -101.0020 epis: 0.0000 loss: 22.9872 
episode: 644 count: 1000 score: -104.0415 average_last200: -100.7833 epis: 0.0000 loss: 22.8912 
episode: 645 count: 1000 score: -61.3402 average_last200: -100.6311 epis: 0.0000 loss: 22.7339 
episode: 646 count: 1000 score: -52.1515 average_last200: -100.4334 epis: 0.0000 loss: 22.7437 
episode: 647 count: 1000 score: -65.0099 average_last200: -100.2872 epis: 0.0000 loss: 23.2711 
episode: 648 count: 1000 score: -88.6016 average_last200: -100.3685 epis: 0.0000 loss: 23.5092 
episode: 649 count: 1000 score: -32.5118 average_last200: -99.8623 epis: 0.0000 loss: 23.9404 
episode: 650 count: 1000 score: -116.7778 average_last200: -99.9353 epis: 0.0000 loss: 22.7510 
episode: 651 count: 1000 score: -136.3457 average_last200: -99.9420 epis: 0.0000 loss: 22.8282 
episode: 652 count: 1000 score: -109.4211 average_last200: -100.2105 epis: 0.0000 loss: 23.6576 
episode: 653 count: 1000 score: -123.8947 average_last200: -100.2528 epis: 0.0000 loss: 22.1238 
episode: 654 count: 1000 score: -135.8523 average_last200: -100.4603 epis: 0.0000 loss: 22.7168 
episode: 655 count: 1000 score: -69.4350 average_last200: -100.2918 epis: 0.0000 loss: 22.4470 
episode: 656 count: 1000 score: -64.6263 average_last200: -100.0858 epis: 0.0000 loss: 23.6151 
episode: 657 count: 1000 score: -138.8852 average_last200: -100.0809 epis: 0.0000 loss: 22.6667 
episode: 658 count: 1000 score: -101.9188 average_last200: -99.8989 epis: 0.0000 loss: 23.4062 
episode: 659 count: 1000 score: -94.2453 average_last200: -99.8849 epis: 0.0000 loss: 23.4198 
episode: 660 count: 1000 score: -105.1839 average_last200: -100.0233 epis: 0.0000 loss: 22.0161 
episode: 661 count: 1000 score: -97.8660 average_last200: -100.0119 epis: 0.0000 loss: 22.6521 
episode: 662 count: 1000 score: -74.0868 average_last200: -100.1908 epis: 0.0000 loss: 22.2430 
episode: 663 count: 1000 score: -42.6829 average_last200: -99.8465 epis: 0.0000 loss: 22.6126 
episode: 664 count: 1000 score: -79.7649 average_last200: -99.6806 epis: 0.0000 loss: 23.0398 
episode: 665 count: 1000 score: -152.5391 average_last200: -100.0266 epis: 0.0000 loss: 22.7094 
episode: 666 count: 1000 score: -57.1383 average_last200: -99.9241 epis: 0.0000 loss: 23.3275 
episode: 667 count: 1000 score: -116.4001 average_last200: -99.9454 epis: 0.0000 loss: 21.6585 
episode: 668 count: 1000 score: -151.7724 average_last200: -100.2944 epis: 0.0000 loss: 22.8846 
episode: 669 count: 1000 score: -107.8763 average_last200: -100.2221 epis: 0.0000 loss: 23.1304 
episode: 670 count: 1000 score: -121.5162 average_last200: -100.2055 epis: 0.0000 loss: 23.1129 
episode: 671 count: 1000 score: -110.9988 average_last200: -100.5235 epis: 0.0000 loss: 22.6418 
episode: 672 count: 1000 score: -82.9941 average_last200: -100.2434 epis: 0.0000 loss: 23.0200 
episode: 673 count: 1000 score: -66.2973 average_last200: -99.9162 epis: 0.0000 loss: 22.2662 
episode: 674 count: 1000 score: -138.0287 average_last200: -100.4083 epis: 0.0000 loss: 22.8481 
episode: 675 count: 1000 score: -145.4667 average_last200: -100.5241 epis: 0.0000 loss: 22.7661 
episode: 676 count: 1000 score: -57.8122 average_last200: -100.4856 epis: 0.0000 loss: 23.5118 
episode: 677 count: 1000 score: -68.8371 average_last200: -100.1149 epis: 0.0000 loss: 22.5029 
episode: 678 count: 1000 score: -60.7407 average_last200: -99.9321 epis: 0.0000 loss: 22.4415 
episode: 679 count: 1000 score: -107.0246 average_last200: -100.3046 epis: 0.0000 loss: 23.0039 
episode: 680 count: 1000 score: -126.2499 average_last200: -100.2913 epis: 0.0000 loss: 24.1523 
episode: 681 count: 1000 score: -129.8894 average_last200: -100.3007 epis: 0.0000 loss: 23.1722 
episode: 682 count: 1000 score: -88.1250 average_last200: -100.2075 epis: 0.0000 loss: 23.0077 
episode: 683 count: 1000 score: -137.8041 average_last200: -100.2976 epis: 0.0000 loss: 25.4799 
episode: 684 count: 1000 score: -73.4517 average_last200: -100.4636 epis: 0.0000 loss: 23.2441 
episode: 685 count: 1000 score: -100.7548 average_last200: -100.7710 epis: 0.0000 loss: 23.3065 
episode: 686 count: 1000 score: -126.0048 average_last200: -100.8333 epis: 0.0000 loss: 23.5564 
episode: 687 count: 1000 score: -125.5006 average_last200: -100.8886 epis: 0.0000 loss: 23.6957 
episode: 688 count: 1000 score: -59.5288 average_last200: -100.4944 epis: 0.0000 loss: 24.6380 
episode: 689 count: 1000 score: -65.7431 average_last200: -100.6572 epis: 0.0000 loss: 24.0981 
episode: 690 count: 1000 score: -107.6680 average_last200: -100.5547 epis: 0.0000 loss: 23.9950 
episode: 691 count: 1000 score: -131.9801 average_last200: -100.7409 epis: 0.0000 loss: 23.3143 
episode: 692 count: 1000 score: -59.9374 average_last200: -100.3927 epis: 0.0000 loss: 22.5290 
episode: 693 count: 1000 score: -136.8283 average_last200: -100.7957 epis: 0.0000 loss: 23.6870 
episode: 694 count: 1000 score: -155.7210 average_last200: -100.9513 epis: 0.0000 loss: 23.6990 
episode: 695 count: 1000 score: -117.1508 average_last200: -101.0110 epis: 0.0000 loss: 22.9508 
episode: 696 count: 1000 score: -68.7777 average_last200: -100.8614 epis: 0.0000 loss: 23.2576 
episode: 697 count: 1000 score: -140.3977 average_last200: -100.9577 epis: 0.0000 loss: 24.6462 
episode: 698 count: 1000 score: -103.7006 average_last200: -101.3534 epis: 0.0000 loss: 23.0189 
episode: 699 count: 1000 score: -78.1119 average_last200: -101.4946 epis: 0.0000 loss: 23.1185 
episode: 700 count: 1000 score: -57.4960 average_last200: -100.9803 epis: 0.0000 loss: 23.0169 
episode: 701 count: 1000 score: -85.3449 average_last200: -100.8316 epis: 0.0000 loss: 23.4271 
episode: 702 count: 1000 score: -93.7590 average_last200: -100.9574 epis: 0.0000 loss: 24.2489 
episode: 703 count: 1000 score: -125.7705 average_last200: -100.8472 epis: 0.0000 loss: 24.3060 
episode: 704 count: 1000 score: -101.7488 average_last200: -100.7857 epis: 0.0000 loss: 24.0576 
episode: 705 count: 1000 score: -110.9237 average_last200: -100.8550 epis: 0.0000 loss: 23.9030 
episode: 706 count: 1000 score: -154.0974 average_last200: -101.0306 epis: 0.0000 loss: 24.4391 
episode: 707 count: 1000 score: -105.0881 average_last200: -100.9036 epis: 0.0000 loss: 22.6646 
episode: 708 count: 1000 score: -87.8844 average_last200: -100.8377 epis: 0.0000 loss: 24.3507 
episode: 709 count: 1000 score: -115.4877 average_last200: -100.7303 epis: 0.0000 loss: 23.8020 
episode: 710 count: 1000 score: -128.4658 average_last200: -100.6292 epis: 0.0000 loss: 24.4882 
episode: 711 count: 1000 score: -107.4178 average_last200: -100.6155 epis: 0.0000 loss: 25.1885 
episode: 712 count: 862 score: -196.4117 average_last200: -101.1127 epis: 0.0000 loss: 21.8347 
episode: 713 count: 1000 score: -90.2347 average_last200: -101.2004 epis: 0.0000 loss: 24.5643 
episode: 714 count: 1000 score: -149.8683 average_last200: -101.5652 epis: 0.0000 loss: 24.4208 
episode: 715 count: 1000 score: -94.9530 average_last200: -101.6472 epis: 0.0000 loss: 23.5032 
episode: 716 count: 1000 score: -106.1976 average_last200: -101.8989 epis: 0.0000 loss: 24.0981 
episode: 717 count: 1000 score: -112.5691 average_last200: -101.8272 epis: 0.0000 loss: 23.3983 
episode: 718 count: 1000 score: -109.5846 average_last200: -101.9889 epis: 0.0000 loss: 26.2942 
episode: 719 count: 1000 score: -135.0593 average_last200: -102.2654 epis: 0.0000 loss: 23.8574 
episode: 720 count: 1000 score: -75.9307 average_last200: -102.3060 epis: 0.0000 loss: 27.3594 
episode: 721 count: 1000 score: -107.6613 average_last200: -102.3041 epis: 0.0000 loss: 25.7317 
episode: 722 count: 1000 score: -139.1399 average_last200: -102.6103 epis: 0.0000 loss: 24.7455 
episode: 723 count: 1000 score: -96.9227 average_last200: -102.3325 epis: 0.0000 loss: 26.1124 
episode: 724 count: 1000 score: -63.2493 average_last200: -102.2004 epis: 0.0000 loss: 25.4935 
episode: 725 count: 1000 score: -95.6775 average_last200: -102.0967 epis: 0.0000 loss: 25.6065 
episode: 726 count: 1000 score: -101.5738 average_last200: -101.7863 epis: 0.0000 loss: 25.9595 
episode: 727 count: 1000 score: -85.7103 average_last200: -101.6001 epis: 0.0000 loss: 26.2912 
episode: 728 count: 1000 score: -70.5533 average_last200: -101.7114 epis: 0.0000 loss: 25.5729 
episode: 729 count: 1000 score: -149.9795 average_last200: -102.1015 epis: 0.0000 loss: 24.7048 
episode: 730 count: 1000 score: -109.8441 average_last200: -102.2397 epis: 0.0000 loss: 24.7433 
episode: 731 count: 1000 score: -144.6900 average_last200: -102.4782 epis: 0.0000 loss: 25.8692 
episode: 732 count: 1000 score: -73.4671 average_last200: -102.2616 epis: 0.0000 loss: 25.4533 
episode: 733 count: 1000 score: -74.7574 average_last200: -102.2323 epis: 0.0000 loss: 24.3896 
episode: 734 count: 1000 score: -46.6321 average_last200: -101.6153 epis: 0.0000 loss: 24.3112 
episode: 735 count: 1000 score: -168.0493 average_last200: -102.1882 epis: 0.0000 loss: 26.2275 
episode: 736 count: 1000 score: -96.1172 average_last200: -102.2465 epis: 0.0000 loss: 26.0053 
episode: 737 count: 1000 score: -110.1226 average_last200: -102.3692 epis: 0.0000 loss: 26.2122 
episode: 738 count: 1000 score: -101.3808 average_last200: -102.7366 epis: 0.0000 loss: 27.3998 
episode: 739 count: 1000 score: -96.9076 average_last200: -102.5799 epis: 0.0000 loss: 25.8506 
episode: 740 count: 1000 score: -106.8198 average_last200: -102.6896 epis: 0.0000 loss: 26.9438 
episode: 741 count: 1000 score: -167.0129 average_last200: -103.1804 epis: 0.0000 loss: 25.6082 
episode: 742 count: 1000 score: -94.1732 average_last200: -103.2093 epis: 0.0000 loss: 25.5114 
episode: 743 count: 1000 score: -113.3850 average_last200: -103.1967 epis: 0.0000 loss: 25.4655 
episode: 744 count: 298 score: -96.1260 average_last200: -103.1919 epis: 0.0000 loss: 7.2072 
episode: 745 count: 593 score: -164.8529 average_last200: -103.6048 epis: 0.0000 loss: 15.7536 
episode: 746 count: 1000 score: -160.3015 average_last200: -103.8018 epis: 0.0000 loss: 24.9205 
episode: 747 count: 1000 score: -57.9288 average_last200: -103.7150 epis: 0.0000 loss: 25.9936 
episode: 748 count: 1000 score: -122.2165 average_last200: -103.9484 epis: 0.0000 loss: 26.2453 
episode: 749 count: 1000 score: -44.5495 average_last200: -103.9298 epis: 0.0000 loss: 26.9830 
episode: 750 count: 1000 score: -123.7850 average_last200: -104.1788 epis: 0.0000 loss: 26.5409 
episode: 751 count: 1000 score: -95.0021 average_last200: -103.8025 epis: 0.0000 loss: 25.6485 
episode: 752 count: 1000 score: -62.4412 average_last200: -103.7245 epis: 0.0000 loss: 24.5539 
episode: 753 count: 1000 score: -26.9866 average_last200: -103.3676 epis: 0.0000 loss: 26.4143 
episode: 754 count: 1000 score: -81.7063 average_last200: -103.1183 epis: 0.0000 loss: 26.6406 
episode: 755 count: 1000 score: -117.4694 average_last200: -103.0396 epis: 0.0000 loss: 27.0719 
episode: 756 count: 1000 score: -151.4503 average_last200: -103.3139 epis: 0.0000 loss: 26.3436 
episode: 757 count: 498 score: -126.2407 average_last200: -103.1962 epis: 0.0000 loss: 13.4608 
episode: 758 count: 1000 score: -120.1105 average_last200: -103.4802 epis: 0.0000 loss: 26.9144 
episode: 759 count: 1000 score: -88.2380 average_last200: -103.5601 epis: 0.0000 loss: 26.3871 
episode: 760 count: 1000 score: -88.2298 average_last200: -103.2951 epis: 0.0000 loss: 27.0293 
episode: 761 count: 1000 score: -40.1763 average_last200: -102.8726 epis: 0.0000 loss: 26.1464 
episode: 762 count: 1000 score: -126.0016 average_last200: -103.1529 epis: 0.0000 loss: 26.8251 
episode: 763 count: 479 score: -126.2328 average_last200: -103.1120 epis: 0.0000 loss: 14.1388 
episode: 764 count: 1000 score: -106.6667 average_last200: -102.9419 epis: 0.0000 loss: 26.4538 
episode: 765 count: 318 score: -103.8293 average_last200: -102.7183 epis: 0.0000 loss: 8.0036 
episode: 766 count: 1000 score: -142.9250 average_last200: -102.7482 epis: 0.0000 loss: 26.3812 
episode: 767 count: 540 score: -154.8688 average_last200: -103.1206 epis: 0.0000 loss: 14.3476 
episode: 768 count: 1000 score: -136.0062 average_last200: -103.1254 epis: 0.0000 loss: 27.0859 
episode: 769 count: 1000 score: -97.6311 average_last200: -103.2543 epis: 0.0000 loss: 26.8888 
episode: 770 count: 1000 score: -166.5887 average_last200: -103.4476 epis: 0.0000 loss: 27.5201 
episode: 771 count: 1000 score: -83.9093 average_last200: -103.4009 epis: 0.0000 loss: 28.5885 
episode: 772 count: 624 score: -174.0060 average_last200: -103.6115 epis: 0.0000 loss: 17.9504 
episode: 773 count: 1000 score: -121.4133 average_last200: -103.7393 epis: 0.0000 loss: 27.9053 
episode: 774 count: 1000 score: -118.7683 average_last200: -103.5936 epis: 0.0000 loss: 30.6414 
episode: 775 count: 1000 score: -117.9570 average_last200: -103.6294 epis: 0.0000 loss: 29.7980 
episode: 776 count: 1000 score: -117.4026 average_last200: -103.7891 epis: 0.0000 loss: 31.2972 
episode: 777 count: 856 score: -233.4269 average_last200: -104.5231 epis: 0.0000 loss: 26.6255 
episode: 778 count: 675 score: -196.6759 average_last200: -105.0439 epis: 0.0000 loss: 20.4426 
episode: 779 count: 1000 score: -59.8577 average_last200: -104.7997 epis: 0.0000 loss: 27.8698 
episode: 780 count: 1000 score: -50.2094 average_last200: -104.3543 epis: 0.0000 loss: 31.1793 
episode: 781 count: 1000 score: -117.7511 average_last200: -104.3160 epis: 0.0000 loss: 28.5040 
episode: 782 count: 1000 score: -90.1307 average_last200: -104.2733 epis: 0.0000 loss: 31.3083 
episode: 783 count: 547 score: -133.4734 average_last200: -104.4654 epis: 0.0000 loss: 15.6123 
episode: 784 count: 1000 score: -142.1657 average_last200: -104.8562 epis: 0.0000 loss: 29.8474 
episode: 785 count: 1000 score: -154.4337 average_last200: -104.8830 epis: 0.0000 loss: 27.9751 
episode: 786 count: 1000 score: -154.2157 average_last200: -105.2973 epis: 0.0000 loss: 29.0377 
episode: 787 count: 843 score: -196.9714 average_last200: -105.9444 epis: 0.0000 loss: 27.2447 
episode: 788 count: 1000 score: -148.8896 average_last200: -106.5016 epis: 0.0000 loss: 32.7707 
episode: 789 count: 1000 score: -66.8232 average_last200: -106.4298 epis: 0.0000 loss: 32.1249 
episode: 790 count: 1000 score: -152.7965 average_last200: -106.7954 epis: 0.0000 loss: 30.0396 
episode: 791 count: 1000 score: -107.9789 average_last200: -106.6990 epis: 0.0000 loss: 29.8179 
episode: 792 count: 531 score: -143.8542 average_last200: -106.7128 epis: 0.0000 loss: 17.7196 
episode: 793 count: 1000 score: -112.1022 average_last200: -106.7936 epis: 0.0000 loss: 31.5272 
episode: 794 count: 1000 score: -119.4703 average_last200: -106.7911 epis: 0.0000 loss: 29.7761 
episode: 795 count: 1000 score: -137.0874 average_last200: -107.0071 epis: 0.0000 loss: 29.3516 
episode: 796 count: 450 score: -136.4485 average_last200: -107.4404 epis: 0.0000 loss: 13.0432 
episode: 797 count: 1000 score: -78.4880 average_last200: -107.2120 epis: 0.0000 loss: 31.1615 
episode: 798 count: 1000 score: -118.6137 average_last200: -107.0883 epis: 0.0000 loss: 29.7777 
episode: 799 count: 1000 score: -152.2511 average_last200: -107.5725 epis: 0.0000 loss: 29.6088 
episode: 800 count: 1000 score: -83.9257 average_last200: -107.4204 epis: 0.0000 loss: 28.9566 
episode: 801 count: 1000 score: -73.7218 average_last200: -107.1854 epis: 0.0000 loss: 32.1350 
episode: 802 count: 1000 score: -120.3840 average_last200: -107.2355 epis: 0.0000 loss: 32.2828 
episode: 803 count: 482 score: -145.8862 average_last200: -107.2566 epis: 0.0000 loss: 15.5427 
episode: 804 count: 1000 score: -117.8447 average_last200: -107.3630 epis: 0.0000 loss: 31.6309 
episode: 805 count: 1000 score: -61.8266 average_last200: -107.3290 epis: 0.0000 loss: 35.5772 
episode: 806 count: 1000 score: -94.1265 average_last200: -107.4444 epis: 0.0000 loss: 30.8554 
episode: 807 count: 1000 score: -95.0457 average_last200: -107.4415 epis: 0.0000 loss: 31.9386 
episode: 808 count: 1000 score: -105.5820 average_last200: -107.4372 epis: 0.0000 loss: 32.4524 
episode: 809 count: 1000 score: -153.3593 average_last200: -107.7472 epis: 0.0000 loss: 31.3253 
episode: 810 count: 1000 score: -104.5006 average_last200: -107.9131 epis: 0.0000 loss: 33.1309 
episode: 811 count: 1000 score: -55.7447 average_last200: -107.6457 epis: 0.0000 loss: 31.9916 
episode: 812 count: 1000 score: -87.7163 average_last200: -107.4778 epis: 0.0000 loss: 29.5451 
episode: 813 count: 1000 score: -145.1104 average_last200: -107.5867 epis: 0.0000 loss: 32.4330 
episode: 814 count: 1000 score: -79.8941 average_last200: -107.3213 epis: 0.0000 loss: 31.8276 
episode: 815 count: 1000 score: -173.6268 average_last200: -107.7887 epis: 0.0000 loss: 33.1767 
episode: 816 count: 1000 score: -99.1226 average_last200: -107.9824 epis: 0.0000 loss: 32.7502 
episode: 817 count: 753 score: -241.4820 average_last200: -108.8423 epis: 0.0000 loss: 26.2810 
episode: 818 count: 1000 score: -145.5456 average_last200: -109.1313 epis: 0.0000 loss: 31.1516 
episode: 819 count: 1000 score: -138.7953 average_last200: -109.3300 epis: 0.0000 loss: 31.0740 
episode: 820 count: 1000 score: -131.2502 average_last200: -109.6230 epis: 0.0000 loss: 33.8198 
episode: 821 count: 1000 score: -117.1452 average_last200: -109.5148 epis: 0.0000 loss: 31.2194 
episode: 822 count: 687 score: -166.9106 average_last200: -110.0516 epis: 0.0000 loss: 20.3625 
episode: 823 count: 1000 score: -125.0415 average_last200: -110.1672 epis: 0.0000 loss: 29.8121 
episode: 824 count: 1000 score: -84.1484 average_last200: -109.9272 epis: 0.0000 loss: 30.4087 
episode: 825 count: 797 score: -262.0455 average_last200: -110.5195 epis: 0.0000 loss: 26.0020 
episode: 826 count: 1000 score: -135.5123 average_last200: -110.5439 epis: 0.0000 loss: 30.6005 
episode: 827 count: 1000 score: -125.5089 average_last200: -110.5834 epis: 0.0000 loss: 32.4466 
episode: 828 count: 1000 score: -89.9337 average_last200: -110.5130 epis: 0.0000 loss: 33.7951 
episode: 829 count: 1000 score: -145.9761 average_last200: -110.6464 epis: 0.0000 loss: 33.7440 
episode: 830 count: 1000 score: -141.2957 average_last200: -111.0570 epis: 0.0000 loss: 33.2537 
episode: 831 count: 1000 score: -108.6693 average_last200: -110.8940 epis: 0.0000 loss: 34.1357 
episode: 832 count: 1000 score: -101.3297 average_last200: -111.1131 epis: 0.0000 loss: 30.7299 
episode: 833 count: 1000 score: -60.9907 average_last200: -110.7426 epis: 0.0000 loss: 31.4818 
episode: 834 count: 1000 score: -134.7145 average_last200: -110.9749 epis: 0.0000 loss: 36.7952 
episode: 835 count: 459 score: -129.6958 average_last200: -111.1255 epis: 0.0000 loss: 14.8814 
episode: 836 count: 1000 score: -78.2793 average_last200: -110.9025 epis: 0.0000 loss: 32.3532 
episode: 837 count: 1000 score: -120.5722 average_last200: -110.8944 epis: 0.0000 loss: 37.7399 
episode: 838 count: 712 score: -171.8379 average_last200: -111.1438 epis: 0.0000 loss: 22.9009 
episode: 839 count: 1000 score: -37.9760 average_last200: -110.8568 epis: 0.0000 loss: 32.9019 
episode: 840 count: 357 score: -115.2907 average_last200: -110.7964 epis: 0.0000 loss: 14.0054 
episode: 841 count: 1000 score: -113.7769 average_last200: -110.8883 epis: 0.0000 loss: 33.3323 
episode: 842 count: 1000 score: -133.1277 average_last200: -111.2192 epis: 0.0000 loss: 34.6698 
episode: 843 count: 1000 score: -136.0924 average_last200: -111.4401 epis: 0.0000 loss: 33.6200 
episode: 844 count: 1000 score: -118.5705 average_last200: -111.5128 epis: 0.0000 loss: 36.3737 
episode: 845 count: 1000 score: -149.2622 average_last200: -111.9524 epis: 0.0000 loss: 34.3618 
episode: 846 count: 1000 score: -97.4314 average_last200: -112.1788 epis: 0.0000 loss: 35.8455 
episode: 847 count: 1000 score: -132.6491 average_last200: -112.5170 epis: 0.0000 loss: 34.7303 
episode: 848 count: 1000 score: -122.1687 average_last200: -112.6848 epis: 0.0000 loss: 33.5306 
episode: 849 count: 1000 score: -125.4643 average_last200: -113.1496 epis: 0.0000 loss: 35.3601 
episode: 850 count: 1000 score: -39.6546 average_last200: -112.7640 epis: 0.0000 loss: 37.2789 
episode: 851 count: 1000 score: -77.9239 average_last200: -112.4719 epis: 0.0000 loss: 37.2364 
episode: 852 count: 1000 score: -120.6001 average_last200: -112.5277 epis: 0.0000 loss: 35.6566 
episode: 853 count: 1000 score: -138.9201 average_last200: -112.6029 epis: 0.0000 loss: 34.3509 
episode: 854 count: 1000 score: -55.4333 average_last200: -112.2008 epis: 0.0000 loss: 33.5306 
episode: 855 count: 1000 score: -52.6493 average_last200: -112.1169 epis: 0.0000 loss: 32.1359 
episode: 856 count: 1000 score: -131.7641 average_last200: -112.4525 epis: 0.0000 loss: 34.3875 
episode: 857 count: 833 score: -227.0733 average_last200: -112.8935 epis: 0.0000 loss: 30.1140 
episode: 858 count: 1000 score: -124.3800 average_last200: -113.0058 epis: 0.0000 loss: 35.7465 
episode: 859 count: 671 score: -199.4544 average_last200: -113.5318 epis: 0.0000 loss: 22.3266 
episode: 860 count: 1000 score: -118.4835 average_last200: -113.5983 epis: 0.0000 loss: 38.2178 
episode: 861 count: 1000 score: -112.5737 average_last200: -113.6719 epis: 0.0000 loss: 33.9191 
episode: 862 count: 1000 score: -95.0850 average_last200: -113.7769 epis: 0.0000 loss: 32.9599 
episode: 863 count: 1000 score: -128.0244 average_last200: -114.2036 epis: 0.0000 loss: 34.7480 
episode: 864 count: 655 score: -184.4249 average_last200: -114.7269 epis: 0.0000 loss: 22.5239 
episode: 865 count: 1000 score: -129.3249 average_last200: -114.6108 epis: 0.0000 loss: 35.2785 
episode: 866 count: 1000 score: -120.3635 average_last200: -114.9269 epis: 0.0000 loss: 31.6816 
episode: 867 count: 1000 score: -137.6135 average_last200: -115.0330 epis: 0.0000 loss: 33.4253 
episode: 868 count: 1000 score: -108.0049 average_last200: -114.8142 epis: 0.0000 loss: 33.8902 
episode: 869 count: 1000 score: -101.2799 average_last200: -114.7812 epis: 0.0000 loss: 32.8947 
episode: 870 count: 1000 score: -152.7842 average_last200: -114.9375 epis: 0.0000 loss: 33.5645 
episode: 871 count: 603 score: -185.5687 average_last200: -115.3104 epis: 0.0000 loss: 23.5566 
episode: 872 count: 1000 score: -93.8142 average_last200: -115.3645 epis: 0.0000 loss: 33.7661 
episode: 873 count: 1000 score: -146.3399 average_last200: -115.7647 epis: 0.0000 loss: 31.0438 
episode: 874 count: 1000 score: -128.1485 average_last200: -115.7153 epis: 0.0000 loss: 34.5939 
episode: 875 count: 1000 score: -90.8327 average_last200: -115.4421 epis: 0.0000 loss: 36.5857 
episode: 876 count: 1000 score: -111.8633 average_last200: -115.7124 epis: 0.0000 loss: 33.8864 
episode: 877 count: 1000 score: -83.7783 average_last200: -115.7871 epis: 0.0000 loss: 36.4007 
episode: 878 count: 1000 score: -61.6552 average_last200: -115.7916 epis: 0.0000 loss: 34.8138 
episode: 879 count: 1000 score: -125.9232 average_last200: -115.8861 epis: 0.0000 loss: 35.9541 
episode: 880 count: 1000 score: -148.1649 average_last200: -115.9957 epis: 0.0000 loss: 34.3981 
episode: 881 count: 1000 score: -78.1263 average_last200: -115.7369 epis: 0.0000 loss: 31.0405 
episode: 882 count: 1000 score: -158.8403 average_last200: -116.0905 epis: 0.0000 loss: 35.1307 
episode: 883 count: 1000 score: -62.5088 average_last200: -115.7140 epis: 0.0000 loss: 32.6471 
episode: 884 count: 1000 score: -129.7846 average_last200: -115.9957 epis: 0.0000 loss: 31.6768 
episode: 885 count: 1000 score: -101.8002 average_last200: -116.0009 epis: 0.0000 loss: 33.1486 
episode: 886 count: 1000 score: -89.1340 average_last200: -115.8165 epis: 0.0000 loss: 29.7145 
episode: 887 count: 1000 score: -78.7419 average_last200: -115.5827 epis: 0.0000 loss: 31.7306 
episode: 888 count: 500 score: -156.5800 average_last200: -116.0680 epis: 0.0000 loss: 15.5262 
episode: 889 count: 1000 score: -116.3204 average_last200: -116.3209 epis: 0.0000 loss: 31.2922 
episode: 890 count: 1000 score: -42.4108 average_last200: -115.9946 epis: 0.0000 loss: 31.7564 
episode: 891 count: 1000 score: -93.8015 average_last200: -115.8037 epis: 0.0000 loss: 32.2268 
episode: 892 count: 1000 score: -111.6123 average_last200: -116.0621 epis: 0.0000 loss: 31.9137 
episode: 893 count: 1000 score: -41.2541 average_last200: -115.5842 epis: 0.0000 loss: 31.4210 
episode: 894 count: 1000 score: -92.8622 average_last200: -115.2699 epis: 0.0000 loss: 31.3149 
episode: 895 count: 1000 score: -123.5955 average_last200: -115.3021 epis: 0.0000 loss: 32.0385 
episode: 896 count: 1000 score: -97.3662 average_last200: -115.4451 epis: 0.0000 loss: 33.3638 
episode: 897 count: 1000 score: -101.5632 average_last200: -115.2509 epis: 0.0000 loss: 32.6979 
episode: 898 count: 955 score: -218.6587 average_last200: -115.8257 epis: 0.0000 loss: 31.0038 
episode: 899 count: 1000 score: -60.5030 average_last200: -115.7376 epis: 0.0000 loss: 32.5626 
episode: 900 count: 1000 score: -68.0033 average_last200: -115.7902 epis: 0.0000 loss: 32.5154 
episode: 901 count: 1000 score: -120.7686 average_last200: -115.9673 epis: 0.0000 loss: 31.3682 
episode: 902 count: 1000 score: -119.4286 average_last200: -116.0956 epis: 0.0000 loss: 28.9776 
episode: 903 count: 1000 score: -132.8938 average_last200: -116.1313 epis: 0.0000 loss: 30.9317 
episode: 904 count: 1000 score: -86.8329 average_last200: -116.0567 epis: 0.0000 loss: 31.1463 
episode: 905 count: 1000 score: -153.8902 average_last200: -116.2715 epis: 0.0000 loss: 33.3521 
episode: 906 count: 1000 score: -36.6501 average_last200: -115.6843 epis: 0.0000 loss: 30.0380 
episode: 907 count: 1000 score: -96.1526 average_last200: -115.6396 epis: 0.0000 loss: 30.1123 
episode: 908 count: 1000 score: -139.2454 average_last200: -115.8964 epis: 0.0000 loss: 31.7592 
episode: 909 count: 1000 score: -165.7509 average_last200: -116.1477 epis: 0.0000 loss: 30.0737 
episode: 910 count: 1000 score: -110.6340 average_last200: -116.0586 epis: 0.0000 loss: 29.5776 
episode: 911 count: 1000 score: -108.3090 average_last200: -116.0630 epis: 0.0000 loss: 29.6343 
episode: 912 count: 1000 score: -154.0905 average_last200: -115.8514 epis: 0.0000 loss: 29.3265 
episode: 913 count: 1000 score: -70.7306 average_last200: -115.7539 epis: 0.0000 loss: 32.0091 
episode: 914 count: 1000 score: -69.4743 average_last200: -115.3519 epis: 0.0000 loss: 30.8811 
episode: 915 count: 1000 score: -100.8747 average_last200: -115.3815 epis: 0.0000 loss: 30.0967 
episode: 916 count: 1000 score: -121.3408 average_last200: -115.4573 epis: 0.0000 loss: 30.8990 
episode: 917 count: 1000 score: -77.4706 average_last200: -115.2818 epis: 0.0000 loss: 30.4585 
episode: 918 count: 1000 score: -123.4619 average_last200: -115.3511 epis: 0.0000 loss: 32.8982 
episode: 919 count: 1000 score: -101.9501 average_last200: -115.1856 epis: 0.0000 loss: 31.0234 
episode: 920 count: 1000 score: -83.5488 average_last200: -115.2237 epis: 0.0000 loss: 30.9859 
episode: 921 count: 1000 score: -155.1167 average_last200: -115.4610 epis: 0.0000 loss: 28.8930 
episode: 922 count: 499 score: -144.7994 average_last200: -115.4893 epis: 0.0000 loss: 16.5633 
episode: 923 count: 1000 score: -106.7898 average_last200: -115.5386 epis: 0.0000 loss: 30.5754 
episode: 924 count: 1000 score: -163.5231 average_last200: -116.0400 epis: 0.0000 loss: 30.5240 
episode: 925 count: 1000 score: -110.0388 average_last200: -116.1118 epis: 0.0000 loss: 29.5751 
episode: 926 count: 1000 score: -91.5283 average_last200: -116.0615 epis: 0.0000 loss: 32.1908 
episode: 927 count: 1000 score: -117.8250 average_last200: -116.2221 epis: 0.0000 loss: 28.6041 
episode: 928 count: 1000 score: -161.5294 average_last200: -116.6770 epis: 0.0000 loss: 30.7577 
episode: 929 count: 1000 score: -47.3780 average_last200: -116.1640 epis: 0.0000 loss: 28.7801 
episode: 930 count: 1000 score: -25.7591 average_last200: -115.7436 epis: 0.0000 loss: 28.5011 
episode: 931 count: 1000 score: -76.7076 average_last200: -115.4037 epis: 0.0000 loss: 32.1426 
episode: 932 count: 1000 score: -110.8974 average_last200: -115.5908 epis: 0.0000 loss: 30.6327 
episode: 933 count: 1000 score: -141.8928 average_last200: -115.9265 epis: 0.0000 loss: 31.6653 
episode: 934 count: 1000 score: -111.6279 average_last200: -116.2515 epis: 0.0000 loss: 31.2490 
episode: 935 count: 1000 score: -45.3064 average_last200: -115.6378 epis: 0.0000 loss: 29.3957 
episode: 936 count: 1000 score: -128.0534 average_last200: -115.7974 epis: 0.0000 loss: 34.3174 
episode: 937 count: 1000 score: -47.2517 average_last200: -115.4831 epis: 0.0000 loss: 29.1422 
episode: 938 count: 1000 score: -131.8150 average_last200: -115.6352 epis: 0.0000 loss: 29.5290 
episode: 939 count: 1000 score: -107.4240 average_last200: -115.6878 epis: 0.0000 loss: 32.1025 
episode: 940 count: 1000 score: -98.1551 average_last200: -115.6445 epis: 0.0000 loss: 28.9627 
episode: 941 count: 1000 score: -136.6430 average_last200: -115.4927 epis: 0.0000 loss: 30.7911 
episode: 942 count: 1000 score: -150.4078 average_last200: -115.7738 epis: 0.0000 loss: 29.0555 
episode: 943 count: 1000 score: -123.4568 average_last200: -115.8242 epis: 0.0000 loss: 27.8076 
episode: 944 count: 1000 score: -65.8527 average_last200: -115.6728 epis: 0.0000 loss: 27.5571 
episode: 945 count: 327 score: -99.6654 average_last200: -115.3469 epis: 0.0000 loss: 9.6145 
episode: 946 count: 1000 score: -107.0104 average_last200: -115.0804 epis: 0.0000 loss: 27.3619 
episode: 947 count: 1000 score: -75.4524 average_last200: -115.1680 epis: 0.0000 loss: 28.0625 
episode: 948 count: 1000 score: -60.8289 average_last200: -114.8611 epis: 0.0000 loss: 28.9951 
episode: 949 count: 1000 score: -164.2783 average_last200: -115.4598 epis: 0.0000 loss: 26.6326 
episode: 950 count: 1000 score: -122.1672 average_last200: -115.4517 epis: 0.0000 loss: 27.9834 
episode: 951 count: 1000 score: -101.6941 average_last200: -115.4851 epis: 0.0000 loss: 29.9451 
episode: 952 count: 1000 score: -122.2682 average_last200: -115.7843 epis: 0.0000 loss: 26.9736 
episode: 953 count: 1000 score: -135.9343 average_last200: -116.3290 epis: 0.0000 loss: 30.0869 
episode: 954 count: 1000 score: -110.2767 average_last200: -116.4718 epis: 0.0000 loss: 28.7601 
episode: 955 count: 331 score: -112.9131 average_last200: -116.4491 epis: 0.0000 loss: 11.5411 
episode: 956 count: 1000 score: -124.3372 average_last200: -116.3135 epis: 0.0000 loss: 29.1361 
episode: 957 count: 1000 score: -63.8585 average_last200: -116.0016 epis: 0.0000 loss: 29.1460 
episode: 958 count: 1000 score: -131.2987 average_last200: -116.0575 epis: 0.0000 loss: 28.9441 
episode: 959 count: 1000 score: -154.3463 average_last200: -116.3881 epis: 0.0000 loss: 30.8062 
episode: 960 count: 1000 score: -120.6572 average_last200: -116.5502 epis: 0.0000 loss: 30.2437 
episode: 961 count: 377 score: -112.5915 average_last200: -116.9123 epis: 0.0000 loss: 10.1745 
episode: 962 count: 1000 score: -128.1467 average_last200: -116.9230 epis: 0.0000 loss: 27.7863 
episode: 963 count: 1000 score: -123.4751 average_last200: -116.9092 epis: 0.0000 loss: 27.7343 
episode: 964 count: 1000 score: -132.6694 average_last200: -117.0392 epis: 0.0000 loss: 26.2162 
episode: 965 count: 1000 score: -56.6212 average_last200: -116.8032 epis: 0.0000 loss: 27.0172 
episode: 966 count: 1000 score: -116.4972 average_last200: -116.6711 epis: 0.0000 loss: 26.8795 
episode: 967 count: 1000 score: -153.5770 average_last200: -116.6646 epis: 0.0000 loss: 27.4415 
episode: 968 count: 1000 score: -129.7657 average_last200: -116.6334 epis: 0.0000 loss: 27.8756 
episode: 969 count: 1000 score: -115.1061 average_last200: -116.7208 epis: 0.0000 loss: 29.8000 
episode: 970 count: 1000 score: -148.4709 average_last200: -116.6302 epis: 0.0000 loss: 27.2990 
episode: 971 count: 1000 score: -59.8161 average_last200: -116.5097 epis: 0.0000 loss: 28.3325 
episode: 972 count: 1000 score: -92.3424 average_last200: -116.1014 epis: 0.0000 loss: 28.5165 
episode: 973 count: 1000 score: -145.4803 average_last200: -116.2217 epis: 0.0000 loss: 29.0744 
episode: 974 count: 1000 score: -65.1362 average_last200: -115.9536 epis: 0.0000 loss: 26.7979 
episode: 975 count: 1000 score: -107.3366 average_last200: -115.9005 epis: 0.0000 loss: 26.9017 
episode: 976 count: 670 score: 104.1488 average_last200: -114.7927 epis: 0.0000 loss: 19.1966 
episode: 977 count: 1000 score: -97.9757 average_last200: -114.1155 epis: 0.0000 loss: 27.4823 
episode: 978 count: 1000 score: -115.2958 average_last200: -113.7086 epis: 0.0000 loss: 30.2751 
episode: 979 count: 1000 score: -136.3683 average_last200: -114.0911 epis: 0.0000 loss: 26.9260 
episode: 980 count: 1000 score: -123.5783 average_last200: -114.4580 epis: 0.0000 loss: 28.1273 
episode: 981 count: 1000 score: -108.7151 average_last200: -114.4128 epis: 0.0000 loss: 30.6701 
episode: 982 count: 1000 score: -65.9387 average_last200: -114.2918 epis: 0.0000 loss: 28.7508 
episode: 983 count: 1000 score: -105.3490 average_last200: -114.1512 epis: 0.0000 loss: 28.6746 
episode: 984 count: 496 score: -128.5265 average_last200: -114.0830 epis: 0.0000 loss: 12.8351 
episode: 985 count: 1000 score: -56.0851 average_last200: -113.5913 epis: 0.0000 loss: 28.5814 
episode: 986 count: 429 score: -138.8650 average_last200: -113.5145 epis: 0.0000 loss: 11.1602 
episode: 987 count: 598 score: -154.7165 average_last200: -113.3032 epis: 0.0000 loss: 18.7123 
episode: 988 count: 877 score: -237.4444 average_last200: -113.7460 epis: 0.0000 loss: 24.4075 
episode: 989 count: 1000 score: -57.9589 average_last200: -113.7017 epis: 0.0000 loss: 30.5855 
episode: 990 count: 1000 score: -151.7482 average_last200: -113.6964 epis: 0.0000 loss: 28.7338 
episode: 991 count: 1000 score: -142.8409 average_last200: -113.8707 epis: 0.0000 loss: 29.1261 
episode: 992 count: 1000 score: -147.9300 average_last200: -113.8911 epis: 0.0000 loss: 35.5905 
episode: 993 count: 1000 score: -99.5723 average_last200: -113.8285 epis: 0.0000 loss: 28.8658 
episode: 994 count: 1000 score: -94.8576 average_last200: -113.7054 epis: 0.0000 loss: 29.3125 
episode: 995 count: 1000 score: -85.0733 average_last200: -113.4453 epis: 0.0000 loss: 29.5764 
episode: 996 count: 1000 score: -41.5075 average_last200: -112.9706 epis: 0.0000 loss: 28.9236 
episode: 997 count: 1000 score: -143.8690 average_last200: -113.2975 epis: 0.0000 loss: 30.8729 
episode: 998 count: 284 score: -90.8411 average_last200: -113.1587 epis: 0.0000 loss: 7.7660 
episode: 999 count: 359 score: -133.7124 average_last200: -113.0660 epis: 0.0000 loss: 11.8640 
