[33mWARN: gym.spaces.Box autodetected dtype as <class 'numpy.float32'>. Please provide explicit dtype.[0m
All para: Epis 1000 memlen 100000 gamma 0.990 epsilon 0.989 alpha 0.00040 batch 30 upfreq 500
episode: 0 count: 103 score: -201.7553 average_last200: -201.7553 epis: 0.9890 loss: 0.0000 
episode: 1 count: 84 score: -166.6921 average_last200: -184.2237 epis: 0.9781 loss: 0.0000 
episode: 2 count: 127 score: -140.9426 average_last200: -169.7967 epis: 0.9674 loss: 0.0000 
episode: 3 count: 98 score: -151.9605 average_last200: -165.3376 epis: 0.9567 loss: 0.0000 
episode: 4 count: 71 score: -305.0290 average_last200: -193.2759 epis: 0.9462 loss: 0.0000 
episode: 5 count: 112 score: -237.0037 average_last200: -200.5639 epis: 0.9358 loss: 0.0000 
episode: 6 count: 94 score: -195.6690 average_last200: -199.8646 epis: 0.9255 loss: 0.0000 
episode: 7 count: 75 score: -123.7868 average_last200: -190.3549 epis: 0.9153 loss: 0.0000 
episode: 8 count: 140 score: -152.2640 average_last200: -186.1225 epis: 0.9052 loss: 0.0000 
episode: 9 count: 102 score: -493.9851 average_last200: -216.9088 epis: 0.8953 loss: 1.8732 
episode: 10 count: 135 score: -159.1832 average_last200: -211.6610 epis: 0.8854 loss: 73.5038 
episode: 11 count: 82 score: -433.7688 average_last200: -230.1700 epis: 0.8757 loss: 45.1424 
episode: 12 count: 141 score: -9.3694 average_last200: -213.1853 epis: 0.8661 loss: 66.9950 
episode: 13 count: 151 score: -433.4554 average_last200: -228.9189 epis: 0.8565 loss: 63.3136 
episode: 14 count: 117 score: -42.0789 average_last200: -216.4629 epis: 0.8471 loss: 56.7041 
episode: 15 count: 103 score: -25.0555 average_last200: -204.5000 epis: 0.8378 loss: 45.0613 
episode: 16 count: 144 score: -276.2894 average_last200: -208.7229 epis: 0.8286 loss: 61.0755 
episode: 17 count: 81 score: -364.5188 average_last200: -217.3782 epis: 0.8195 loss: 29.0123 
episode: 18 count: 134 score: -269.7301 average_last200: -220.1336 epis: 0.8105 loss: 53.5486 
episode: 19 count: 77 score: -194.7915 average_last200: -218.8664 epis: 0.8015 loss: 32.0867 
episode: 20 count: 80 score: -172.1447 average_last200: -216.6416 epis: 0.7927 loss: 37.2432 
episode: 21 count: 172 score: -113.5556 average_last200: -211.9559 epis: 0.7840 loss: 75.5665 
episode: 22 count: 113 score: -231.3025 average_last200: -212.7970 epis: 0.7754 loss: 50.2595 
episode: 23 count: 122 score: -358.1089 average_last200: -218.8517 epis: 0.7669 loss: 47.9751 
episode: 24 count: 104 score: -214.5050 average_last200: -218.6778 epis: 0.7584 loss: 46.4152 
episode: 25 count: 82 score: -172.5145 average_last200: -216.9023 epis: 0.7501 loss: 27.0975 
episode: 26 count: 135 score: -301.7907 average_last200: -220.0463 epis: 0.7418 loss: 70.4506 
episode: 27 count: 110 score: -85.7660 average_last200: -215.2506 epis: 0.7337 loss: 48.0093 
episode: 28 count: 83 score: -217.8227 average_last200: -215.3393 epis: 0.7256 loss: 31.2433 
episode: 29 count: 92 score: -128.6617 average_last200: -212.4500 epis: 0.7176 loss: 35.0092 
episode: 30 count: 130 score: -239.8176 average_last200: -213.3329 epis: 0.7097 loss: 54.4074 
episode: 31 count: 136 score: -185.3759 average_last200: -212.4592 epis: 0.7019 loss: 53.3659 
episode: 32 count: 92 score: -142.3676 average_last200: -210.3352 epis: 0.6942 loss: 35.3231 
episode: 33 count: 160 score: -143.5189 average_last200: -208.3700 epis: 0.6866 loss: 61.9303 
episode: 34 count: 196 score: -154.2006 average_last200: -206.8223 epis: 0.6790 loss: 78.4103 
episode: 35 count: 184 score: -162.5366 average_last200: -205.5922 epis: 0.6715 loss: 69.1896 
episode: 36 count: 112 score: -82.4832 average_last200: -202.2649 epis: 0.6641 loss: 44.7955 
episode: 37 count: 124 score: -129.0111 average_last200: -200.3372 epis: 0.6568 loss: 49.1107 
episode: 38 count: 91 score: -212.4307 average_last200: -200.6473 epis: 0.6496 loss: 31.8559 
episode: 39 count: 118 score: -133.8265 average_last200: -198.9767 epis: 0.6425 loss: 48.4710 
episode: 40 count: 188 score: -121.8347 average_last200: -197.0952 epis: 0.6354 loss: 75.3626 
episode: 41 count: 224 score: -159.9027 average_last200: -196.2097 epis: 0.6284 loss: 76.8362 
episode: 42 count: 135 score: -161.8472 average_last200: -195.4106 epis: 0.6215 loss: 52.2478 
episode: 43 count: 86 score: -88.7628 average_last200: -192.9868 epis: 0.6147 loss: 29.1506 
episode: 44 count: 155 score: -87.9247 average_last200: -190.6520 epis: 0.6079 loss: 47.5465 
episode: 45 count: 175 score: -139.8524 average_last200: -189.5477 epis: 0.6012 loss: 79.0632 
episode: 46 count: 86 score: -112.4228 average_last200: -187.9067 epis: 0.5946 loss: 37.3064 
episode: 47 count: 125 score: -194.4917 average_last200: -188.0439 epis: 0.5881 loss: 47.3222 
episode: 48 count: 136 score: -92.4278 average_last200: -186.0926 epis: 0.5816 loss: 46.7606 
episode: 49 count: 101 score: -95.4587 average_last200: -184.2799 epis: 0.5752 loss: 44.2115 
episode: 50 count: 191 score: -102.0233 average_last200: -182.6670 epis: 0.5689 loss: 88.7697 
episode: 51 count: 210 score: -135.5749 average_last200: -181.7614 epis: 0.5626 loss: 80.2789 
episode: 52 count: 173 score: -63.6071 average_last200: -179.5321 epis: 0.5564 loss: 66.4229 
episode: 53 count: 128 score: -117.1449 average_last200: -178.3768 epis: 0.5503 loss: 58.9049 
episode: 54 count: 161 score: -91.8874 average_last200: -176.8042 epis: 0.5442 loss: 71.8944 
episode: 55 count: 1000 score: -134.3606 average_last200: -176.0463 epis: 0.5383 loss: 428.3311 
episode: 56 count: 160 score: -53.6935 average_last200: -173.8998 epis: 0.5323 loss: 71.3530 
episode: 57 count: 346 score: -121.1968 average_last200: -172.9911 epis: 0.5265 loss: 151.0099 
episode: 58 count: 115 score: -143.1800 average_last200: -172.4858 epis: 0.5207 loss: 56.5796 
episode: 59 count: 202 score: -39.7722 average_last200: -170.2739 epis: 0.5150 loss: 93.9997 
episode: 60 count: 1000 score: -27.6043 average_last200: -167.9351 epis: 0.5093 loss: 460.7637 
episode: 61 count: 100 score: -33.6541 average_last200: -165.7693 epis: 0.5037 loss: 44.8251 
episode: 62 count: 179 score: -1.3793 average_last200: -163.1599 epis: 0.4982 loss: 84.7125 
episode: 63 count: 409 score: -82.6100 average_last200: -161.9013 epis: 0.4927 loss: 191.3503 
episode: 64 count: 202 score: -46.8043 average_last200: -160.1306 epis: 0.4873 loss: 89.8723 
episode: 65 count: 1000 score: 26.5520 average_last200: -157.3021 epis: 0.4819 loss: 452.6936 
episode: 66 count: 1000 score: 8.6350 average_last200: -154.8254 epis: 0.4766 loss: 449.6224 
episode: 67 count: 1000 score: -106.6640 average_last200: -154.1171 epis: 0.4714 loss: 480.7438 
episode: 68 count: 148 score: -108.0703 average_last200: -153.4498 epis: 0.4662 loss: 77.0970 
episode: 69 count: 1000 score: -59.4829 average_last200: -152.1074 epis: 0.4610 loss: 452.3568 
episode: 70 count: 120 score: -116.1336 average_last200: -151.6007 epis: 0.4560 loss: 64.5468 
episode: 71 count: 1000 score: 32.9432 average_last200: -149.0376 epis: 0.4510 loss: 438.5557 
episode: 72 count: 1000 score: 13.0763 average_last200: -146.8169 epis: 0.4460 loss: 441.8382 
episode: 73 count: 121 score: -51.7150 average_last200: -145.5317 epis: 0.4411 loss: 58.6198 
episode: 74 count: 1000 score: 17.6577 average_last200: -143.3559 epis: 0.4362 loss: 414.4147 
episode: 75 count: 733 score: -320.4348 average_last200: -145.6858 epis: 0.4314 loss: 296.9829 
episode: 76 count: 502 score: -175.3824 average_last200: -146.0715 epis: 0.4267 loss: 196.5377 
episode: 77 count: 148 score: -168.1624 average_last200: -146.3547 epis: 0.4220 loss: 57.1537 
episode: 78 count: 167 score: -132.9589 average_last200: -146.1852 epis: 0.4174 loss: 68.6289 
episode: 79 count: 351 score: -125.6711 average_last200: -145.9287 epis: 0.4128 loss: 132.7495 
episode: 80 count: 599 score: -268.0594 average_last200: -147.4365 epis: 0.4082 loss: 223.3422 
episode: 81 count: 314 score: -145.4511 average_last200: -147.4123 epis: 0.4037 loss: 115.7623 
episode: 82 count: 330 score: -233.3544 average_last200: -148.4478 epis: 0.3993 loss: 114.4636 
episode: 83 count: 1000 score: -37.4780 average_last200: -147.1267 epis: 0.3949 loss: 375.9779 
episode: 84 count: 636 score: -163.2966 average_last200: -147.3169 epis: 0.3906 loss: 226.9826 
episode: 85 count: 1000 score: -21.8722 average_last200: -145.8583 epis: 0.3863 loss: 359.0029 
episode: 86 count: 417 score: -158.0075 average_last200: -145.9979 epis: 0.3820 loss: 143.2954 
episode: 87 count: 210 score: -217.2709 average_last200: -146.8078 epis: 0.3778 loss: 80.5322 
episode: 88 count: 1000 score: 60.7576 average_last200: -144.4756 epis: 0.3737 loss: 352.6659 
episode: 89 count: 1000 score: -103.2694 average_last200: -144.0178 epis: 0.3695 loss: 356.4669 
episode: 90 count: 1000 score: 34.4690 average_last200: -142.0564 epis: 0.3655 loss: 370.6512 
episode: 91 count: 1000 score: -20.7843 average_last200: -140.7382 epis: 0.3615 loss: 373.9478 
episode: 92 count: 1000 score: -179.1104 average_last200: -141.1508 epis: 0.3575 loss: 365.7576 
episode: 93 count: 165 score: -180.0842 average_last200: -141.5650 epis: 0.3536 loss: 69.4879 
episode: 94 count: 139 score: -47.8596 average_last200: -140.5786 epis: 0.3497 loss: 50.0766 
episode: 95 count: 143 score: -41.3397 average_last200: -139.5449 epis: 0.3458 loss: 50.3716 
episode: 96 count: 1000 score: -11.8103 average_last200: -138.2280 epis: 0.3420 loss: 356.8315 
episode: 97 count: 1000 score: -2.6813 average_last200: -136.8449 epis: 0.3382 loss: 358.5551 
episode: 98 count: 1000 score: 0.7493 average_last200: -135.4551 epis: 0.3345 loss: 365.4421 
episode: 99 count: 1000 score: -45.3713 average_last200: -134.5542 epis: 0.3308 loss: 355.9475 
episode: 100 count: 1000 score: -114.9717 average_last200: -134.3603 epis: 0.3272 loss: 369.9626 
episode: 101 count: 1000 score: -104.2177 average_last200: -134.0648 epis: 0.3236 loss: 365.4386 
episode: 102 count: 1000 score: 15.7048 average_last200: -132.6108 epis: 0.3201 loss: 341.7351 
episode: 103 count: 1000 score: 58.6494 average_last200: -130.7717 epis: 0.3165 loss: 352.1622 
episode: 104 count: 1000 score: 7.2969 average_last200: -129.4568 epis: 0.3130 loss: 359.0899 
episode: 105 count: 365 score: -24.7869 average_last200: -128.4693 epis: 0.3096 loss: 135.3576 
episode: 106 count: 177 score: -28.4087 average_last200: -127.5342 epis: 0.3062 loss: 58.3693 
episode: 107 count: 1000 score: 61.8006 average_last200: -125.7811 epis: 0.3028 loss: 362.3507 
episode: 108 count: 158 score: -53.5214 average_last200: -125.1181 epis: 0.2995 loss: 59.5831 
episode: 109 count: 1000 score: 26.6961 average_last200: -123.7380 epis: 0.2962 loss: 349.8034 
episode: 110 count: 1000 score: 39.7184 average_last200: -122.2654 epis: 0.2929 loss: 363.4579 
episode: 111 count: 1000 score: 7.7342 average_last200: -121.1047 epis: 0.2897 loss: 367.6195 
episode: 112 count: 507 score: 144.3610 average_last200: -118.7555 epis: 0.2865 loss: 196.6141 
episode: 113 count: 719 score: 189.5629 average_last200: -116.0509 epis: 0.2834 loss: 262.0766 
episode: 114 count: 1000 score: 43.2079 average_last200: -114.6661 epis: 0.2803 loss: 358.5213 
episode: 115 count: 804 score: 219.2073 average_last200: -111.7878 epis: 0.2772 loss: 280.9129 
episode: 116 count: 1000 score: 30.0503 average_last200: -110.5756 epis: 0.2741 loss: 387.9427 
episode: 117 count: 1000 score: -10.6100 average_last200: -109.7284 epis: 0.2711 loss: 349.7695 
episode: 118 count: 1000 score: 17.8865 average_last200: -108.6560 epis: 0.2681 loss: 357.7031 
episode: 119 count: 1000 score: 5.8352 average_last200: -107.7019 epis: 0.2652 loss: 383.0249 
episode: 120 count: 1000 score: -63.4869 average_last200: -107.3365 epis: 0.2623 loss: 368.6960 
episode: 121 count: 1000 score: -10.6045 average_last200: -106.5436 epis: 0.2594 loss: 374.2194 
episode: 122 count: 1000 score: 40.5261 average_last200: -105.3479 epis: 0.2565 loss: 354.7571 
episode: 123 count: 1000 score: -8.8516 average_last200: -104.5697 epis: 0.2537 loss: 373.9671 
episode: 124 count: 1000 score: -48.5220 average_last200: -104.1213 epis: 0.2509 loss: 378.8776 
episode: 125 count: 1000 score: 2.8773 average_last200: -103.2721 epis: 0.2482 loss: 358.3402 
episode: 126 count: 1000 score: -13.1667 average_last200: -102.5627 epis: 0.2454 loss: 362.0678 
episode: 127 count: 794 score: 97.5468 average_last200: -100.9993 epis: 0.2427 loss: 297.9053 
episode: 128 count: 1000 score: -20.2884 average_last200: -100.3736 epis: 0.2401 loss: 383.0109 
episode: 129 count: 1000 score: 24.7349 average_last200: -99.4113 epis: 0.2374 loss: 376.2802 
episode: 130 count: 805 score: 168.3119 average_last200: -97.3676 epis: 0.2348 loss: 289.3575 
episode: 131 count: 1000 score: 31.2978 average_last200: -96.3928 epis: 0.2322 loss: 389.7334 
episode: 132 count: 949 score: 89.9215 average_last200: -94.9920 epis: 0.2297 loss: 357.0275 
episode: 133 count: 783 score: 107.8422 average_last200: -93.4783 epis: 0.2271 loss: 276.3293 
episode: 134 count: 1000 score: -63.7893 average_last200: -93.2584 epis: 0.2246 loss: 384.1474 
episode: 135 count: 786 score: 133.2057 average_last200: -91.5932 epis: 0.2222 loss: 287.3767 
episode: 136 count: 1000 score: 35.3879 average_last200: -90.6663 epis: 0.2197 loss: 362.1964 
episode: 137 count: 1000 score: 49.9728 average_last200: -89.6472 epis: 0.2173 loss: 382.2623 
episode: 138 count: 1000 score: -19.1417 average_last200: -89.1400 epis: 0.2149 loss: 353.0607 
episode: 139 count: 1000 score: 11.1805 average_last200: -88.4234 epis: 0.2126 loss: 388.7636 
episode: 140 count: 1000 score: -1.9921 average_last200: -87.8104 epis: 0.2102 loss: 371.8404 
episode: 141 count: 1000 score: 37.3622 average_last200: -86.9289 epis: 0.2079 loss: 369.5892 
episode: 142 count: 1000 score: 77.8353 average_last200: -85.7767 epis: 0.2056 loss: 379.0134 
episode: 143 count: 885 score: 155.3609 average_last200: -84.1021 epis: 0.2034 loss: 336.3806 
episode: 144 count: 1000 score: 64.4621 average_last200: -83.0776 epis: 0.2011 loss: 370.9565 
episode: 145 count: 774 score: 133.0058 average_last200: -81.5975 epis: 0.1989 loss: 280.7382 
episode: 146 count: 1000 score: 38.2785 average_last200: -80.7821 epis: 0.1967 loss: 402.7955 
episode: 147 count: 1000 score: 126.4470 average_last200: -79.3819 epis: 0.1946 loss: 367.8633 
episode: 148 count: 546 score: 186.9755 average_last200: -77.5942 epis: 0.1924 loss: 193.1214 
episode: 149 count: 628 score: 135.9732 average_last200: -76.1704 epis: 0.1903 loss: 232.2115 
episode: 150 count: 1000 score: 68.4059 average_last200: -75.2130 epis: 0.1882 loss: 342.8784 
episode: 151 count: 284 score: 183.4819 average_last200: -73.5110 epis: 0.1861 loss: 100.2154 
episode: 152 count: 685 score: 247.5351 average_last200: -71.4127 epis: 0.1841 loss: 255.0514 
episode: 153 count: 289 score: 254.7159 average_last200: -69.2950 epis: 0.1821 loss: 107.9194 
episode: 154 count: 258 score: 239.5517 average_last200: -67.3024 epis: 0.1801 loss: 101.3473 
episode: 155 count: 266 score: 220.7164 average_last200: -65.4561 epis: 0.1781 loss: 96.5879 
episode: 156 count: 507 score: 149.4061 average_last200: -64.0876 epis: 0.1761 loss: 170.8615 
episode: 157 count: 552 score: 167.7760 average_last200: -62.6201 epis: 0.1742 loss: 197.4479 
episode: 158 count: 845 score: 230.1244 average_last200: -60.7789 epis: 0.1723 loss: 297.6680 
episode: 159 count: 1000 score: 38.6324 average_last200: -60.1576 epis: 0.1704 loss: 384.0913 
episode: 160 count: 1000 score: 80.4808 average_last200: -59.2841 epis: 0.1685 loss: 360.3651 
episode: 161 count: 806 score: 201.1643 average_last200: -57.6764 epis: 0.1666 loss: 276.9957 
episode: 162 count: 429 score: 202.8819 average_last200: -56.0779 epis: 0.1648 loss: 150.7307 
episode: 163 count: 1000 score: 36.9228 average_last200: -55.5108 epis: 0.1630 loss: 347.7078 
episode: 164 count: 1000 score: -109.5061 average_last200: -55.8380 epis: 0.1612 loss: 336.3351 
episode: 165 count: 1000 score: 36.3302 average_last200: -55.2828 epis: 0.1594 loss: 348.2240 
episode: 166 count: 965 score: 107.1978 average_last200: -54.3099 epis: 0.1577 loss: 331.7244 
episode: 167 count: 750 score: 154.1362 average_last200: -53.0691 epis: 0.1559 loss: 268.8096 
episode: 168 count: 547 score: 142.1726 average_last200: -51.9138 epis: 0.1542 loss: 183.2547 
episode: 169 count: 227 score: -47.6981 average_last200: -51.8890 epis: 0.1525 loss: 78.8303 
episode: 170 count: 1000 score: 10.3268 average_last200: -51.5252 epis: 0.1509 loss: 370.5988 
episode: 171 count: 1000 score: -40.6633 average_last200: -51.4621 epis: 0.1492 loss: 341.2847 
episode: 172 count: 1000 score: -64.3244 average_last200: -51.5364 epis: 0.1476 loss: 329.4646 
episode: 173 count: 1000 score: -63.7145 average_last200: -51.6064 epis: 0.1459 loss: 346.5542 
episode: 174 count: 571 score: 161.2072 average_last200: -50.3903 epis: 0.1443 loss: 200.7508 
episode: 175 count: 1000 score: -118.2807 average_last200: -50.7761 epis: 0.1427 loss: 333.6607 
episode: 176 count: 818 score: 166.0799 average_last200: -49.5509 epis: 0.1412 loss: 282.1397 
episode: 177 count: 783 score: 135.1315 average_last200: -48.5133 epis: 0.1396 loss: 280.6163 
episode: 178 count: 831 score: 194.3005 average_last200: -47.1568 epis: 0.1381 loss: 260.3859 
episode: 179 count: 473 score: 225.8195 average_last200: -45.6403 epis: 0.1366 loss: 154.2217 
episode: 180 count: 433 score: 224.6833 average_last200: -44.1468 epis: 0.1351 loss: 136.3298 
episode: 181 count: 891 score: 133.2731 average_last200: -43.1720 epis: 0.1336 loss: 279.7300 
episode: 182 count: 595 score: 123.2594 average_last200: -42.2625 epis: 0.1321 loss: 180.4589 
episode: 183 count: 1000 score: -89.0303 average_last200: -42.5167 epis: 0.1307 loss: 306.5986 
episode: 184 count: 642 score: 162.4864 average_last200: -41.4086 epis: 0.1292 loss: 194.3806 
episode: 185 count: 454 score: 196.7543 average_last200: -40.1281 epis: 0.1278 loss: 136.1305 
episode: 186 count: 384 score: 226.6658 average_last200: -38.7014 epis: 0.1264 loss: 121.8281 
episode: 187 count: 376 score: 234.0806 average_last200: -37.2504 epis: 0.1250 loss: 111.7641 
episode: 188 count: 628 score: 98.4145 average_last200: -36.5326 epis: 0.1236 loss: 206.5332 
episode: 189 count: 467 score: 176.3249 average_last200: -35.4123 epis: 0.1223 loss: 146.9940 
episode: 190 count: 534 score: 202.8122 average_last200: -34.1651 epis: 0.1209 loss: 161.0014 
episode: 191 count: 1000 score: 24.1287 average_last200: -33.8615 epis: 0.1196 loss: 297.1496 
episode: 192 count: 353 score: 191.5744 average_last200: -32.6934 epis: 0.1183 loss: 103.4638 
episode: 193 count: 764 score: 138.7724 average_last200: -31.8096 epis: 0.1170 loss: 235.8097 
episode: 194 count: 1000 score: 97.3258 average_last200: -31.1473 epis: 0.1157 loss: 278.4419 
episode: 195 count: 535 score: 164.7200 average_last200: -30.1480 epis: 0.1144 loss: 161.4133 
episode: 196 count: 583 score: 138.5355 average_last200: -29.2917 epis: 0.1132 loss: 188.7530 
episode: 197 count: 311 score: -201.9828 average_last200: -30.1639 epis: 0.1119 loss: 86.8212 
episode: 198 count: 333 score: 169.1361 average_last200: -29.1624 epis: 0.1107 loss: 88.7655 
episode: 199 count: 335 score: -258.9285 average_last200: -30.3112 epis: 0.1095 loss: 95.5801 
episode: 200 count: 551 score: 172.4197 average_last200: -28.4404 epis: 0.1083 loss: 166.7546 
episode: 201 count: 311 score: 213.5268 average_last200: -26.5393 epis: 0.1071 loss: 83.0533 
episode: 202 count: 1000 score: -14.9082 average_last200: -25.9091 epis: 0.1059 loss: 284.0933 
episode: 203 count: 283 score: 240.7806 average_last200: -23.9454 epis: 0.1047 loss: 80.2268 
episode: 204 count: 670 score: 145.7916 average_last200: -21.6913 epis: 0.1036 loss: 185.5377 
episode: 205 count: 355 score: 152.3526 average_last200: -19.7445 epis: 0.1024 loss: 99.6610 
episode: 206 count: 320 score: 185.8415 average_last200: -17.8370 epis: 0.1013 loss: 86.8284 
episode: 207 count: 278 score: 220.3997 average_last200: -16.1160 epis: 0.1002 loss: 73.6118 
episode: 208 count: 528 score: 138.4882 average_last200: -14.6623 epis: 0.0991 loss: 159.3920 
episode: 209 count: 520 score: 189.2924 average_last200: -11.2459 epis: 0.0980 loss: 136.5584 
episode: 210 count: 750 score: 116.9252 average_last200: -9.8653 epis: 0.0969 loss: 193.1501 
episode: 211 count: 543 score: 171.2312 average_last200: -6.8403 epis: 0.0959 loss: 142.4334 
episode: 212 count: 895 score: 86.6199 average_last200: -6.3604 epis: 0.0948 loss: 220.8029 
episode: 213 count: 1000 score: 115.9210 average_last200: -3.6135 epis: 0.0938 loss: 264.7851 
episode: 214 count: 946 score: 80.6726 average_last200: -2.9998 epis: 0.0927 loss: 246.2622 
episode: 215 count: 307 score: 187.6364 average_last200: -1.9363 epis: 0.0917 loss: 78.7872 
episode: 216 count: 395 score: 257.3387 average_last200: 0.7318 epis: 0.0907 loss: 106.4289 
episode: 217 count: 229 score: 245.2254 average_last200: 3.7806 epis: 0.0897 loss: 53.6729 
episode: 218 count: 310 score: 247.1758 average_last200: 6.3651 epis: 0.0887 loss: 79.3268 
episode: 219 count: 254 score: 249.9966 average_last200: 8.5890 epis: 0.0877 loss: 68.5172 
episode: 220 count: 323 score: 209.1995 average_last200: 10.4958 epis: 0.0868 loss: 81.0887 
episode: 221 count: 713 score: 151.6043 average_last200: 11.8216 epis: 0.0858 loss: 179.3804 
episode: 222 count: 484 score: 143.4778 average_last200: 13.6955 epis: 0.0849 loss: 123.4105 
episode: 223 count: 760 score: 117.3353 average_last200: 16.0727 epis: 0.0839 loss: 191.8797 
episode: 224 count: 328 score: 221.3922 average_last200: 18.2522 epis: 0.0830 loss: 85.8704 
episode: 225 count: 331 score: 255.7095 average_last200: 20.3933 epis: 0.0821 loss: 82.8333 
episode: 226 count: 1000 score: -68.6722 average_last200: 21.5589 epis: 0.0812 loss: 239.9103 
episode: 227 count: 134 score: -6.7033 average_last200: 21.9542 epis: 0.0803 loss: 33.4727 
episode: 228 count: 381 score: 240.0885 average_last200: 24.2437 epis: 0.0794 loss: 88.0994 
episode: 229 count: 186 score: -2.7096 average_last200: 24.8735 epis: 0.0786 loss: 52.2351 
episode: 230 count: 379 score: 223.1841 average_last200: 27.1885 epis: 0.0777 loss: 98.8942 
episode: 231 count: 289 score: 184.5030 average_last200: 29.0379 epis: 0.0768 loss: 78.2726 
episode: 232 count: 323 score: 193.3863 average_last200: 30.7167 epis: 0.0760 loss: 80.8938 
episode: 233 count: 361 score: 185.7453 average_last200: 32.3630 epis: 0.0752 loss: 85.8123 
episode: 234 count: 340 score: 160.7602 average_last200: 33.9378 epis: 0.0743 loss: 79.8480 
episode: 235 count: 154 score: -19.9518 average_last200: 34.6507 epis: 0.0735 loss: 39.0032 
episode: 236 count: 236 score: 215.3359 average_last200: 36.1398 epis: 0.0727 loss: 57.2301 
episode: 237 count: 285 score: 236.0631 average_last200: 37.9652 epis: 0.0719 loss: 70.5007 
episode: 238 count: 345 score: 179.5365 average_last200: 39.9250 epis: 0.0711 loss: 88.6445 
episode: 239 count: 275 score: 202.7111 average_last200: 41.6077 epis: 0.0703 loss: 62.5557 
episode: 240 count: 245 score: 199.2644 average_last200: 43.2132 epis: 0.0696 loss: 62.0802 
episode: 241 count: 337 score: 134.8528 average_last200: 44.6870 epis: 0.0688 loss: 80.3797 
episode: 242 count: 360 score: 187.0752 average_last200: 46.4316 epis: 0.0680 loss: 88.0242 
episode: 243 count: 328 score: 209.0180 average_last200: 47.9205 epis: 0.0673 loss: 86.1770 
episode: 244 count: 263 score: 213.5869 average_last200: 49.4281 epis: 0.0665 loss: 62.7534 
episode: 245 count: 361 score: 171.4694 average_last200: 50.9847 epis: 0.0658 loss: 86.2033 
episode: 246 count: 214 score: -78.5463 average_last200: 51.1541 epis: 0.0651 loss: 53.4601 
episode: 247 count: 299 score: 196.4184 average_last200: 53.1086 epis: 0.0644 loss: 76.7470 
episode: 248 count: 263 score: 223.8150 average_last200: 54.6898 epis: 0.0637 loss: 68.9596 
episode: 249 count: 989 score: 184.9712 average_last200: 56.0920 epis: 0.0630 loss: 226.5307 
episode: 250 count: 313 score: 185.7124 average_last200: 57.5307 epis: 0.0623 loss: 81.4709 
episode: 251 count: 1000 score: 64.3209 average_last200: 58.5301 epis: 0.0616 loss: 256.9318 
episode: 252 count: 1000 score: 103.5584 average_last200: 59.3660 epis: 0.0609 loss: 252.3534 
episode: 253 count: 181 score: -21.8490 average_last200: 59.8424 epis: 0.0602 loss: 48.2923 
episode: 254 count: 185 score: -2.0164 average_last200: 60.2918 epis: 0.0596 loss: 47.9715 
episode: 255 count: 374 score: 171.5635 average_last200: 61.8214 epis: 0.0589 loss: 92.1045 
episode: 256 count: 277 score: 244.0115 average_last200: 63.3099 epis: 0.0583 loss: 67.5934 
episode: 257 count: 425 score: 182.8991 average_last200: 64.8304 epis: 0.0576 loss: 103.4529 
episode: 258 count: 328 score: 236.6672 average_last200: 66.7297 epis: 0.0570 loss: 74.2809 
episode: 259 count: 380 score: 207.6281 average_last200: 67.9667 epis: 0.0564 loss: 92.1513 
episode: 260 count: 390 score: 189.8803 average_last200: 69.0541 epis: 0.0557 loss: 89.9375 
episode: 261 count: 406 score: 145.4112 average_last200: 69.9494 epis: 0.0551 loss: 91.6439 
episode: 262 count: 411 score: 185.0155 average_last200: 70.8814 epis: 0.0545 loss: 94.0531 
episode: 263 count: 369 score: 219.3811 average_last200: 72.3913 epis: 0.0539 loss: 86.0708 
episode: 264 count: 437 score: 223.0302 average_last200: 73.7405 epis: 0.0533 loss: 109.7929 
episode: 265 count: 421 score: 221.7334 average_last200: 74.7164 epis: 0.0527 loss: 92.8276 
episode: 266 count: 289 score: 215.8241 average_last200: 75.7524 epis: 0.0522 loss: 65.1280 
episode: 267 count: 336 score: 217.9829 average_last200: 77.3756 epis: 0.0516 loss: 74.7244 
episode: 268 count: 397 score: 182.1224 average_last200: 78.8266 epis: 0.0510 loss: 88.7409 
episode: 269 count: 438 score: 158.1385 average_last200: 79.9147 epis: 0.0505 loss: 89.8563 
episode: 270 count: 527 score: 184.8650 average_last200: 81.4197 epis: 0.0499 loss: 119.2064 
episode: 271 count: 790 score: 229.9007 average_last200: 82.4044 epis: 0.0494 loss: 179.8775 
episode: 272 count: 289 score: 246.3611 average_last200: 83.5709 epis: 0.0488 loss: 64.2675 
episode: 273 count: 340 score: 210.4366 average_last200: 84.8816 epis: 0.0483 loss: 76.0433 
episode: 274 count: 1000 score: 104.3131 average_last200: 85.3149 epis: 0.0478 loss: 203.9323 
episode: 275 count: 488 score: 154.0460 average_last200: 87.6873 epis: 0.0472 loss: 97.6709 
episode: 276 count: 574 score: 209.7672 average_last200: 89.6131 epis: 0.0467 loss: 114.7415 
episode: 277 count: 354 score: 201.6814 average_last200: 91.4623 epis: 0.0462 loss: 75.9189 
episode: 278 count: 291 score: 228.7056 average_last200: 93.2706 epis: 0.0457 loss: 64.9782 
episode: 279 count: 495 score: 131.4832 average_last200: 94.5564 epis: 0.0452 loss: 99.4806 
episode: 280 count: 415 score: 189.3054 average_last200: 96.8432 epis: 0.0447 loss: 89.0604 
episode: 281 count: 599 score: 80.6500 average_last200: 97.9737 epis: 0.0442 loss: 121.2254 
episode: 282 count: 586 score: 176.9649 average_last200: 100.0253 epis: 0.0437 loss: 107.3454 
episode: 283 count: 265 score: 197.8326 average_last200: 101.2018 epis: 0.0432 loss: 56.4075 
episode: 284 count: 584 score: 159.3023 average_last200: 102.8148 epis: 0.0428 loss: 112.7211 
episode: 285 count: 378 score: 188.5990 average_last200: 103.8672 epis: 0.0423 loss: 74.9463 
episode: 286 count: 476 score: 126.6703 average_last200: 105.2906 epis: 0.0418 loss: 94.0180 
episode: 287 count: 553 score: 213.1391 average_last200: 107.4426 epis: 0.0414 loss: 116.9315 
episode: 288 count: 248 score: 250.8494 average_last200: 108.3931 epis: 0.0409 loss: 50.4272 
episode: 289 count: 578 score: 169.0412 average_last200: 109.7546 epis: 0.0405 loss: 116.8192 
episode: 290 count: 434 score: 157.4314 average_last200: 110.3695 epis: 0.0400 loss: 82.2320 
episode: 291 count: 527 score: 139.1587 average_last200: 111.1692 epis: 0.0396 loss: 103.6070 
episode: 292 count: 318 score: 221.8851 average_last200: 113.1742 epis: 0.0391 loss: 57.5016 
episode: 293 count: 498 score: 212.6616 average_last200: 115.1379 epis: 0.0387 loss: 98.1836 
episode: 294 count: 329 score: 211.2813 average_last200: 116.4336 epis: 0.0383 loss: 59.7034 
episode: 295 count: 513 score: 188.7786 average_last200: 117.5842 epis: 0.0379 loss: 94.8285 
episode: 296 count: 328 score: 204.6660 average_last200: 118.6666 epis: 0.0374 loss: 58.1903 
episode: 297 count: 248 score: 229.1959 average_last200: 119.8259 epis: 0.0370 loss: 46.5950 
episode: 298 count: 880 score: 184.9171 average_last200: 120.7468 epis: 0.0366 loss: 167.3967 
episode: 299 count: 477 score: 161.7204 average_last200: 121.7822 epis: 0.0362 loss: 95.0835 
episode: 300 count: 519 score: 168.4871 average_last200: 123.1995 epis: 0.0358 loss: 87.8146 
episode: 301 count: 386 score: 170.6903 average_last200: 124.5741 epis: 0.0354 loss: 77.4655 
episode: 302 count: 284 score: 223.1951 average_last200: 125.6115 epis: 0.0350 loss: 53.5924 
episode: 303 count: 288 score: 199.8365 average_last200: 126.3175 epis: 0.0346 loss: 52.5718 
episode: 304 count: 1000 score: -18.9016 average_last200: 126.1865 epis: 0.0343 loss: 181.4299 
episode: 305 count: 261 score: 252.0528 average_last200: 127.5707 epis: 0.0339 loss: 53.2281 
episode: 306 count: 284 score: 191.2306 average_last200: 128.6689 epis: 0.0335 loss: 54.7779 
episode: 307 count: 344 score: 186.6002 average_last200: 129.2929 epis: 0.0331 loss: 66.2480 
episode: 308 count: 623 score: 176.2846 average_last200: 130.4419 epis: 0.0328 loss: 110.0564 
episode: 309 count: 461 score: 182.9916 average_last200: 131.2234 epis: 0.0324 loss: 75.5543 
episode: 310 count: 289 score: 231.9577 average_last200: 132.1846 epis: 0.0321 loss: 51.7219 
episode: 311 count: 368 score: 197.6959 average_last200: 133.1344 epis: 0.0317 loss: 65.5914 
episode: 312 count: 289 score: 177.3889 average_last200: 133.2995 epis: 0.0314 loss: 48.1409 
episode: 313 count: 203 score: -43.9043 average_last200: 132.1322 epis: 0.0310 loss: 36.5733 
episode: 314 count: 257 score: 205.3360 average_last200: 132.9428 epis: 0.0307 loss: 51.2981 
episode: 315 count: 387 score: 161.7143 average_last200: 132.6554 epis: 0.0303 loss: 72.5078 
episode: 316 count: 344 score: 221.1563 average_last200: 133.6109 epis: 0.0300 loss: 59.5335 
episode: 317 count: 257 score: 247.0019 average_last200: 134.8989 epis: 0.0297 loss: 47.4327 
episode: 318 count: 676 score: 199.6872 average_last200: 135.8079 epis: 0.0294 loss: 114.2441 
episode: 319 count: 249 score: 231.7416 average_last200: 136.9375 epis: 0.0290 loss: 50.3511 
episode: 320 count: 189 score: -50.7515 average_last200: 137.0012 epis: 0.0287 loss: 33.0428 
episode: 321 count: 616 score: 142.3733 average_last200: 137.7660 epis: 0.0284 loss: 107.8719 
episode: 322 count: 313 score: 212.5569 average_last200: 138.6262 epis: 0.0281 loss: 56.1766 
episode: 323 count: 238 score: 214.8408 average_last200: 139.7447 epis: 0.0278 loss: 43.1839 
episode: 324 count: 822 score: 123.3511 average_last200: 140.6040 epis: 0.0275 loss: 140.8062 
episode: 325 count: 280 score: 246.4624 average_last200: 141.8219 epis: 0.0272 loss: 53.6397 
episode: 326 count: 403 score: 202.2210 average_last200: 142.8989 epis: 0.0269 loss: 70.4537 
episode: 327 count: 861 score: 94.8993 average_last200: 142.8857 epis: 0.0266 loss: 158.3943 
episode: 328 count: 1000 score: 65.7694 average_last200: 143.3159 epis: 0.0263 loss: 166.7436 
episode: 329 count: 420 score: 203.7265 average_last200: 144.2109 epis: 0.0260 loss: 74.2916 
episode: 330 count: 957 score: -291.0974 average_last200: 141.9139 epis: 0.0257 loss: 150.1416 
episode: 331 count: 282 score: 202.4288 average_last200: 142.7695 epis: 0.0254 loss: 45.1285 
episode: 332 count: 890 score: 186.0634 average_last200: 143.2502 epis: 0.0251 loss: 150.2060 
episode: 333 count: 210 score: -13.4884 average_last200: 142.6436 epis: 0.0249 loss: 42.1372 
episode: 334 count: 403 score: 165.0391 average_last200: 143.7877 epis: 0.0246 loss: 60.3247 
episode: 335 count: 671 score: 80.8342 average_last200: 143.5258 epis: 0.0243 loss: 101.6382 
episode: 336 count: 154 score: 6.4849 average_last200: 143.3813 epis: 0.0241 loss: 26.2030 
episode: 337 count: 926 score: 50.2591 average_last200: 143.3828 epis: 0.0238 loss: 149.3000 
episode: 338 count: 198 score: -6.3422 average_last200: 143.4468 epis: 0.0235 loss: 31.4650 
episode: 339 count: 233 score: -12.4338 average_last200: 143.3287 epis: 0.0233 loss: 43.7315 
episode: 340 count: 288 score: 172.0004 average_last200: 144.1987 epis: 0.0230 loss: 47.5212 
episode: 341 count: 147 score: -55.2494 average_last200: 143.7356 epis: 0.0228 loss: 19.1526 
episode: 342 count: 291 score: 223.2847 average_last200: 144.4628 epis: 0.0225 loss: 47.1434 
episode: 343 count: 219 score: -73.4688 average_last200: 143.3187 epis: 0.0223 loss: 36.6237 
episode: 344 count: 392 score: 168.0720 average_last200: 143.8367 epis: 0.0220 loss: 61.9971 
episode: 345 count: 335 score: 186.1182 average_last200: 144.1023 epis: 0.0218 loss: 56.7983 
episode: 346 count: 645 score: 196.9991 average_last200: 144.8959 epis: 0.0215 loss: 98.6896 
episode: 347 count: 202 score: -54.7341 average_last200: 143.9900 epis: 0.0213 loss: 27.6855 
episode: 348 count: 155 score: -26.8618 average_last200: 142.9208 epis: 0.0211 loss: 26.3178 
episode: 349 count: 167 score: -22.8118 average_last200: 142.1269 epis: 0.0208 loss: 28.3225 
episode: 350 count: 189 score: 0.9874 average_last200: 141.7898 epis: 0.0206 loss: 32.4653 
episode: 351 count: 239 score: -37.8205 average_last200: 140.6833 epis: 0.0204 loss: 39.3894 
episode: 352 count: 233 score: 1.2241 average_last200: 139.4517 epis: 0.0202 loss: 37.1882 
episode: 353 count: 175 score: -13.9813 average_last200: 138.1082 epis: 0.0199 loss: 26.0150 
episode: 354 count: 197 score: -16.1049 average_last200: 136.8300 epis: 0.0197 loss: 25.4635 
episode: 355 count: 186 score: -18.3874 average_last200: 135.6344 epis: 0.0195 loss: 26.9710 
episode: 356 count: 275 score: -4.4203 average_last200: 134.8653 epis: 0.0193 loss: 41.6183 
episode: 357 count: 207 score: -1.7972 average_last200: 134.0174 epis: 0.0191 loss: 37.1278 
episode: 358 count: 294 score: 223.0671 average_last200: 133.9822 epis: 0.0189 loss: 45.3710 
episode: 359 count: 186 score: -7.8817 average_last200: 133.7496 epis: 0.0186 loss: 31.6714 
episode: 360 count: 269 score: 195.2728 average_last200: 134.3235 epis: 0.0184 loss: 43.7274 
episode: 361 count: 255 score: 233.1947 average_last200: 134.4837 epis: 0.0182 loss: 39.6179 
episode: 362 count: 184 score: -9.4271 average_last200: 133.4222 epis: 0.0180 loss: 23.4355 
episode: 363 count: 211 score: -58.3809 average_last200: 132.9456 epis: 0.0178 loss: 32.1825 
episode: 364 count: 182 score: 8.3220 average_last200: 133.5348 epis: 0.0176 loss: 26.5203 
episode: 365 count: 272 score: 207.9016 average_last200: 134.3926 epis: 0.0175 loss: 52.4019 
episode: 366 count: 377 score: -66.3117 average_last200: 133.5251 epis: 0.0173 loss: 64.5410 
episode: 367 count: 191 score: -14.1662 average_last200: 132.6836 epis: 0.0171 loss: 32.4422 
episode: 368 count: 303 score: 213.9464 average_last200: 133.0424 epis: 0.0169 loss: 47.5554 
episode: 369 count: 248 score: 239.1727 average_last200: 134.4768 epis: 0.0167 loss: 44.1738 
episode: 370 count: 213 score: -17.6757 average_last200: 134.3368 epis: 0.0165 loss: 34.7047 
episode: 371 count: 243 score: -13.7510 average_last200: 134.4713 epis: 0.0163 loss: 45.4135 
episode: 372 count: 310 score: 183.1260 average_last200: 135.7086 epis: 0.0162 loss: 57.3519 
episode: 373 count: 204 score: 19.6398 average_last200: 136.1254 epis: 0.0160 loss: 33.1735 
episode: 374 count: 293 score: 231.2131 average_last200: 136.4754 epis: 0.0158 loss: 57.9183 
episode: 375 count: 269 score: -37.7350 average_last200: 136.8781 epis: 0.0156 loss: 41.1313 
episode: 376 count: 1000 score: 91.6772 average_last200: 136.5061 epis: 0.0155 loss: 158.2034 
episode: 377 count: 322 score: 194.7665 average_last200: 136.8043 epis: 0.0153 loss: 62.7975 
episode: 378 count: 221 score: -5.0506 average_last200: 135.8075 epis: 0.0151 loss: 40.4668 
episode: 379 count: 323 score: 173.2936 average_last200: 135.5449 epis: 0.0149 loss: 49.3029 
episode: 380 count: 254 score: 174.2011 average_last200: 135.2925 epis: 0.0148 loss: 44.5253 
episode: 381 count: 288 score: 184.7308 average_last200: 135.5498 epis: 0.0146 loss: 50.7983 
episode: 382 count: 283 score: 200.1773 average_last200: 135.9344 epis: 0.0145 loss: 51.9574 
episode: 383 count: 268 score: 256.9376 average_last200: 137.6642 epis: 0.0143 loss: 48.3618 
episode: 384 count: 235 score: 15.5055 average_last200: 136.9293 epis: 0.0141 loss: 49.9412 
episode: 385 count: 370 score: 201.5210 average_last200: 136.9531 epis: 0.0140 loss: 64.0943 
episode: 386 count: 291 score: 161.4806 average_last200: 136.6272 epis: 0.0138 loss: 55.8978 
episode: 387 count: 219 score: 254.6815 average_last200: 136.7302 epis: 0.0137 loss: 35.6391 
episode: 388 count: 512 score: 150.7782 average_last200: 136.9920 epis: 0.0135 loss: 90.0049 
episode: 389 count: 288 score: 177.9327 average_last200: 137.0001 epis: 0.0134 loss: 45.3416 
episode: 390 count: 1000 score: 81.8521 average_last200: 136.3953 epis: 0.0132 loss: 184.4695 
episode: 391 count: 305 score: 178.3264 average_last200: 137.1663 epis: 0.0131 loss: 52.2332 
episode: 392 count: 543 score: 208.0775 average_last200: 137.2488 epis: 0.0129 loss: 105.1442 
episode: 393 count: 233 score: 253.8637 average_last200: 137.8242 epis: 0.0128 loss: 38.7342 
episode: 394 count: 543 score: 158.1888 average_last200: 138.1286 epis: 0.0127 loss: 92.0957 
episode: 395 count: 254 score: 239.2912 average_last200: 138.5014 epis: 0.0125 loss: 43.4667 
episode: 396 count: 1000 score: -383.6949 average_last200: 135.8903 epis: 0.0124 loss: 193.4938 
episode: 397 count: 372 score: 170.6078 average_last200: 137.7532 epis: 0.0122 loss: 68.5685 
episode: 398 count: 257 score: 212.7532 average_last200: 137.9713 epis: 0.0121 loss: 45.0516 
episode: 399 count: 457 score: 193.8957 average_last200: 140.2354 epis: 0.0120 loss: 90.3547 
episode: 400 count: 418 score: 205.9708 average_last200: 140.4032 epis: 0.0118 loss: 81.2698 
episode: 401 count: 441 score: 203.9257 average_last200: 140.3552 epis: 0.0117 loss: 84.3579 
episode: 402 count: 203 score: 248.5803 average_last200: 141.6726 epis: 0.0116 loss: 35.8772 
episode: 403 count: 451 score: 200.7131 average_last200: 141.4723 epis: 0.0115 loss: 96.9259 
episode: 404 count: 247 score: -81.0595 average_last200: 140.3380 epis: 0.0113 loss: 50.0412 
episode: 405 count: 380 score: 219.8771 average_last200: 140.6756 epis: 0.0112 loss: 65.7161 
episode: 406 count: 1000 score: 70.6046 average_last200: 140.0995 epis: 0.0111 loss: 207.3715 
episode: 407 count: 304 score: 200.7117 average_last200: 140.0010 epis: 0.0110 loss: 63.6823 
episode: 408 count: 289 score: 232.0932 average_last200: 140.4690 epis: 0.0108 loss: 59.8653 
episode: 409 count: 239 score: 188.5761 average_last200: 140.4655 epis: 0.0107 loss: 57.1635 
episode: 410 count: 236 score: 195.1546 average_last200: 140.8566 epis: 0.0106 loss: 52.7162 
episode: 411 count: 419 score: 218.3910 average_last200: 141.0924 epis: 0.0105 loss: 81.1868 
episode: 412 count: 333 score: 204.1134 average_last200: 141.6799 epis: 0.0104 loss: 68.0894 
episode: 413 count: 299 score: 224.7947 average_last200: 142.2242 epis: 0.0103 loss: 66.7812 
episode: 414 count: 284 score: 191.8088 average_last200: 142.7799 epis: 0.0101 loss: 49.6759 
episode: 415 count: 346 score: 205.6673 average_last200: 142.8701 epis: 0.0100 loss: 69.3155 
episode: 416 count: 264 score: 202.7969 average_last200: 142.5974 epis: 0.0099 loss: 56.2351 
episode: 417 count: 609 score: 188.2979 average_last200: 142.3127 epis: 0.0098 loss: 125.8207 
episode: 418 count: 259 score: 177.5185 average_last200: 141.9644 epis: 0.0097 loss: 52.7383 
episode: 419 count: 279 score: 201.8526 average_last200: 141.7237 epis: 0.0096 loss: 52.1854 
episode: 420 count: 220 score: 209.9507 average_last200: 141.7275 epis: 0.0095 loss: 43.8644 
episode: 421 count: 343 score: 211.4642 average_last200: 142.0268 epis: 0.0094 loss: 69.3934 
episode: 422 count: 344 score: 204.8812 average_last200: 142.3338 epis: 0.0093 loss: 73.5720 
episode: 423 count: 376 score: 192.1893 average_last200: 142.7081 epis: 0.0092 loss: 80.7341 
episode: 424 count: 280 score: 244.2942 average_last200: 142.8226 epis: 0.0091 loss: 67.2945 
episode: 425 count: 424 score: 213.4563 average_last200: 142.6113 epis: 0.0090 loss: 90.7823 
episode: 426 count: 373 score: 213.3985 average_last200: 144.0217 epis: 0.0089 loss: 82.2160 
episode: 427 count: 546 score: 197.7240 average_last200: 145.0438 epis: 0.0088 loss: 111.9235 
episode: 428 count: 224 score: 252.0751 average_last200: 145.1037 epis: 0.0087 loss: 41.8601 
episode: 429 count: 871 score: 161.5101 average_last200: 145.9248 epis: 0.0086 loss: 180.6913 
episode: 430 count: 247 score: 244.0773 average_last200: 146.0293 epis: 0.0085 loss: 47.0091 
episode: 431 count: 389 score: 188.4233 average_last200: 146.0489 epis: 0.0084 loss: 70.3711 
episode: 432 count: 1000 score: -53.6020 average_last200: 144.8140 epis: 0.0083 loss: 181.5322 
episode: 433 count: 1000 score: -34.5989 average_last200: 143.7122 epis: 0.0082 loss: 195.9699 
episode: 434 count: 1000 score: -55.5342 average_last200: 142.6308 epis: 0.0081 loss: 180.0004 
episode: 435 count: 233 score: 229.0824 average_last200: 143.8759 epis: 0.0080 loss: 49.9018 
episode: 436 count: 358 score: 190.4377 average_last200: 143.7514 epis: 0.0080 loss: 61.0937 
episode: 437 count: 1000 score: 58.2653 average_last200: 142.8625 epis: 0.0079 loss: 177.7065 
episode: 438 count: 328 score: 176.8751 average_last200: 142.8491 epis: 0.0078 loss: 57.3819 
episode: 439 count: 481 score: 186.1150 average_last200: 142.7662 epis: 0.0077 loss: 78.7456 
episode: 440 count: 1000 score: 77.5650 average_last200: 142.1577 epis: 0.0076 loss: 164.1143 
episode: 441 count: 529 score: 161.8267 average_last200: 142.2925 epis: 0.0075 loss: 89.7693 
episode: 442 count: 326 score: 196.2092 average_last200: 142.3382 epis: 0.0074 loss: 59.6200 
episode: 443 count: 371 score: 175.8982 average_last200: 142.1726 epis: 0.0074 loss: 55.2944 
episode: 444 count: 579 score: 147.0065 average_last200: 141.8397 epis: 0.0073 loss: 96.6468 
episode: 445 count: 240 score: 226.2445 average_last200: 142.1136 epis: 0.0072 loss: 40.7510 
episode: 446 count: 1000 score: -22.8202 average_last200: 142.3922 epis: 0.0071 loss: 168.5336 
episode: 447 count: 455 score: 203.4564 average_last200: 142.4274 epis: 0.0070 loss: 66.8540 
episode: 448 count: 260 score: 216.4191 average_last200: 142.3904 epis: 0.0070 loss: 44.0561 
episode: 449 count: 429 score: 165.8978 average_last200: 142.2951 epis: 0.0069 loss: 67.1557 
episode: 450 count: 1000 score: -76.3411 average_last200: 140.9848 epis: 0.0068 loss: 165.6209 
episode: 451 count: 347 score: 183.6260 average_last200: 141.5813 epis: 0.0067 loss: 60.6795 
episode: 452 count: 392 score: 191.3081 average_last200: 142.0201 epis: 0.0067 loss: 60.0848 
episode: 453 count: 345 score: 187.8281 average_last200: 143.0684 epis: 0.0066 loss: 51.8030 
episode: 454 count: 545 score: 131.6325 average_last200: 143.7367 epis: 0.0065 loss: 83.6725 
episode: 455 count: 343 score: 224.8667 average_last200: 144.0032 epis: 0.0064 loss: 51.4085 
episode: 456 count: 377 score: 185.1340 average_last200: 143.7088 epis: 0.0064 loss: 64.3015 
episode: 457 count: 207 score: 236.7657 average_last200: 143.9782 epis: 0.0063 loss: 30.1990 
episode: 458 count: 547 score: 99.3264 average_last200: 143.2915 epis: 0.0062 loss: 77.1769 
episode: 459 count: 1000 score: -55.0534 average_last200: 141.9780 epis: 0.0062 loss: 149.3548 
episode: 460 count: 1000 score: -0.7795 average_last200: 141.0247 epis: 0.0061 loss: 162.2492 
episode: 461 count: 620 score: 116.9869 average_last200: 140.8826 epis: 0.0060 loss: 99.4121 
episode: 462 count: 575 score: 131.3064 average_last200: 140.6141 epis: 0.0060 loss: 91.2422 
episode: 463 count: 570 score: 126.2458 average_last200: 140.1484 epis: 0.0059 loss: 91.1958 
episode: 464 count: 384 score: 190.7779 average_last200: 139.9871 epis: 0.0058 loss: 58.7964 
episode: 465 count: 116 score: -194.3547 average_last200: 137.9067 epis: 0.0058 loss: 17.0017 
episode: 466 count: 564 score: 156.7489 average_last200: 137.6113 epis: 0.0057 loss: 85.4266 
episode: 467 count: 727 score: 90.6650 average_last200: 136.9747 epis: 0.0056 loss: 110.7325 
episode: 468 count: 357 score: 142.9113 average_last200: 136.7787 epis: 0.0056 loss: 54.3097 
episode: 469 count: 1000 score: -65.4062 average_last200: 135.6610 epis: 0.0055 loss: 158.8871 
episode: 470 count: 1000 score: 90.4833 average_last200: 135.1890 epis: 0.0055 loss: 155.4773 
episode: 471 count: 274 score: 186.8309 average_last200: 134.9737 epis: 0.0054 loss: 32.8642 
episode: 472 count: 275 score: 202.2509 average_last200: 134.7531 epis: 0.0053 loss: 40.9728 
episode: 473 count: 484 score: 204.1809 average_last200: 134.7219 epis: 0.0053 loss: 67.8593 
episode: 474 count: 421 score: 187.0183 average_last200: 135.1354 epis: 0.0052 loss: 56.0084 
episode: 475 count: 128 score: -10.2799 average_last200: 134.3138 epis: 0.0052 loss: 14.9278 
episode: 476 count: 765 score: 200.1302 average_last200: 134.2656 epis: 0.0051 loss: 110.9947 
episode: 477 count: 603 score: 190.6421 average_last200: 134.2104 epis: 0.0051 loss: 85.4774 
episode: 478 count: 285 score: 238.7461 average_last200: 134.2606 epis: 0.0050 loss: 33.9547 
episode: 479 count: 413 score: 215.0397 average_last200: 134.6784 epis: 0.0049 loss: 49.4384 
episode: 480 count: 394 score: 204.2315 average_last200: 134.7530 epis: 0.0049 loss: 59.3511 
episode: 481 count: 1000 score: -107.9073 average_last200: 133.8102 epis: 0.0048 loss: 140.9523 
episode: 482 count: 1000 score: -73.8870 average_last200: 132.5560 epis: 0.0048 loss: 140.6146 
episode: 483 count: 351 score: 237.7949 average_last200: 132.7558 epis: 0.0047 loss: 37.8453 
episode: 484 count: 140 score: -57.2692 average_last200: 131.6729 epis: 0.0047 loss: 17.0237 
episode: 485 count: 236 score: 240.5716 average_last200: 131.9328 epis: 0.0046 loss: 24.9514 
episode: 486 count: 449 score: 183.0026 average_last200: 132.2144 epis: 0.0046 loss: 59.9577 
episode: 487 count: 349 score: 220.1376 average_last200: 132.2494 epis: 0.0045 loss: 45.7341 
episode: 488 count: 453 score: 164.9503 average_last200: 131.8199 epis: 0.0045 loss: 66.0413 
episode: 489 count: 714 score: 96.4950 average_last200: 131.4572 epis: 0.0044 loss: 95.4058 
episode: 490 count: 126 score: -24.5736 average_last200: 130.5472 epis: 0.0044 loss: 20.9990 
episode: 491 count: 1000 score: -98.7902 average_last200: 129.3574 epis: 0.0043 loss: 131.1385 
episode: 492 count: 462 score: 178.9013 average_last200: 129.1425 epis: 0.0043 loss: 58.2221 
episode: 493 count: 418 score: 210.8301 average_last200: 129.1334 epis: 0.0042 loss: 65.2448 
episode: 494 count: 390 score: 180.9487 average_last200: 128.9817 epis: 0.0042 loss: 50.5113 
episode: 495 count: 428 score: 164.0771 average_last200: 128.8582 epis: 0.0041 loss: 55.9264 
episode: 496 count: 466 score: 176.4311 average_last200: 128.7170 epis: 0.0041 loss: 64.1355 
episode: 497 count: 536 score: 191.1136 average_last200: 128.5266 epis: 0.0041 loss: 69.9762 
episode: 498 count: 361 score: 230.0502 average_last200: 128.7523 epis: 0.0040 loss: 51.5062 
episode: 499 count: 469 score: 182.8333 average_last200: 128.8578 epis: 0.0040 loss: 61.9610 
episode: 500 count: 755 score: 133.6143 average_last200: 128.6835 epis: 0.0039 loss: 98.6455 
episode: 501 count: 785 score: 98.2749 average_last200: 128.3214 epis: 0.0039 loss: 105.8533 
episode: 502 count: 299 score: 205.5416 average_last200: 128.2331 epis: 0.0038 loss: 30.9236 
episode: 503 count: 463 score: 154.1737 average_last200: 128.0048 epis: 0.0038 loss: 64.7359 
episode: 504 count: 1000 score: -69.9632 average_last200: 127.7495 epis: 0.0038 loss: 125.8386 
episode: 505 count: 254 score: 197.6245 average_last200: 127.4774 epis: 0.0037 loss: 39.0706 
episode: 506 count: 337 score: 195.8972 average_last200: 127.5007 epis: 0.0037 loss: 44.3354 
episode: 507 count: 348 score: 235.6739 average_last200: 127.7461 epis: 0.0036 loss: 47.0173 
episode: 508 count: 466 score: 231.3791 average_last200: 128.0215 epis: 0.0036 loss: 55.8095 
episode: 509 count: 389 score: 177.1965 average_last200: 127.9926 epis: 0.0035 loss: 59.7925 
episode: 510 count: 297 score: 216.2438 average_last200: 127.9140 epis: 0.0035 loss: 38.6170 
episode: 511 count: 315 score: 195.9483 average_last200: 127.9052 epis: 0.0035 loss: 46.0545 
episode: 512 count: 454 score: 182.2692 average_last200: 127.9296 epis: 0.0034 loss: 62.0930 
episode: 513 count: 1000 score: -57.0240 average_last200: 127.8640 epis: 0.0034 loss: 136.9685 
episode: 514 count: 374 score: 204.1723 average_last200: 127.8582 epis: 0.0034 loss: 49.4489 
episode: 515 count: 242 score: 229.2648 average_last200: 128.1960 epis: 0.0033 loss: 29.1760 
episode: 516 count: 244 score: 227.3754 average_last200: 128.2271 epis: 0.0033 loss: 37.6069 
episode: 517 count: 293 score: 195.6594 average_last200: 127.9704 epis: 0.0032 loss: 36.2368 
episode: 518 count: 418 score: 177.7675 average_last200: 127.8608 epis: 0.0032 loss: 47.3052 
episode: 519 count: 342 score: 187.7663 average_last200: 127.6409 epis: 0.0032 loss: 42.0501 
episode: 520 count: 242 score: 247.8076 average_last200: 129.1337 epis: 0.0031 loss: 32.1310 
episode: 521 count: 286 score: 256.0968 average_last200: 129.7023 epis: 0.0031 loss: 25.7785 
episode: 522 count: 310 score: 219.5450 average_last200: 129.7372 epis: 0.0031 loss: 32.0626 
episode: 523 count: 308 score: 219.1332 average_last200: 129.7587 epis: 0.0030 loss: 39.7610 
episode: 524 count: 275 score: 222.0501 average_last200: 130.2522 epis: 0.0030 loss: 33.5728 
episode: 525 count: 277 score: 200.8491 average_last200: 130.0241 epis: 0.0030 loss: 32.1888 
episode: 526 count: 262 score: 209.7342 average_last200: 130.0617 epis: 0.0029 loss: 32.4765 
episode: 527 count: 285 score: 245.1319 average_last200: 130.8129 epis: 0.0029 loss: 36.9403 
episode: 528 count: 327 score: 171.9080 average_last200: 131.3436 epis: 0.0029 loss: 33.6620 
episode: 529 count: 314 score: 174.5916 average_last200: 131.1979 epis: 0.0028 loss: 39.4358 
episode: 530 count: 258 score: 247.3125 average_last200: 133.8899 epis: 0.0028 loss: 29.9222 
episode: 531 count: 247 score: 214.6751 average_last200: 133.9512 epis: 0.0028 loss: 28.3625 
episode: 532 count: 305 score: 190.6038 average_last200: 133.9739 epis: 0.0028 loss: 33.4128 
episode: 533 count: 360 score: 196.1402 average_last200: 135.0220 epis: 0.0027 loss: 44.4679 
episode: 534 count: 284 score: 246.8670 average_last200: 135.4311 epis: 0.0027 loss: 36.4495 
episode: 535 count: 281 score: 191.6712 average_last200: 135.9853 epis: 0.0027 loss: 31.5211 
episode: 536 count: 388 score: 169.2575 average_last200: 136.7992 epis: 0.0026 loss: 54.1109 
episode: 537 count: 614 score: -192.3785 average_last200: 135.5860 epis: 0.0026 loss: 83.1782 
episode: 538 count: 787 score: 186.3876 average_last200: 136.5497 epis: 0.0026 loss: 101.3924 
episode: 539 count: 310 score: 218.6520 average_last200: 137.7051 epis: 0.0025 loss: 40.7177 
episode: 540 count: 656 score: 210.2478 average_last200: 137.8963 epis: 0.0025 loss: 92.1142 
episode: 541 count: 313 score: 197.3588 average_last200: 139.1594 epis: 0.0025 loss: 45.7383 
episode: 542 count: 258 score: 195.8294 average_last200: 139.0221 epis: 0.0025 loss: 30.4202 
episode: 543 count: 413 score: 188.0231 average_last200: 140.3295 epis: 0.0024 loss: 55.0825 
episode: 544 count: 275 score: 203.9552 average_last200: 140.5090 epis: 0.0024 loss: 39.1669 
episode: 545 count: 267 score: 218.2133 average_last200: 140.6694 epis: 0.0024 loss: 33.8771 
episode: 546 count: 312 score: 182.8518 average_last200: 140.5987 epis: 0.0024 loss: 40.4511 
episode: 547 count: 261 score: 218.5338 average_last200: 141.9650 epis: 0.0023 loss: 34.0291 
episode: 548 count: 1000 score: 96.0071 average_last200: 142.5794 epis: 0.0023 loss: 134.7641 
episode: 549 count: 265 score: 207.8406 average_last200: 143.7326 epis: 0.0023 loss: 35.9461 
episode: 550 count: 264 score: 205.3447 average_last200: 144.7544 epis: 0.0023 loss: 37.2457 
episode: 551 count: 294 score: 220.3286 average_last200: 146.0452 epis: 0.0022 loss: 33.4752 
episode: 552 count: 281 score: 195.8568 average_last200: 147.0183 epis: 0.0022 loss: 38.1199 
episode: 553 count: 245 score: 218.2908 average_last200: 148.1797 epis: 0.0022 loss: 34.0859 
episode: 554 count: 1000 score: 88.0744 average_last200: 148.7006 epis: 0.0022 loss: 123.2009 
episode: 555 count: 245 score: 198.5045 average_last200: 149.7851 epis: 0.0021 loss: 28.9640 
episode: 556 count: 218 score: 251.6665 average_last200: 151.0655 epis: 0.0021 loss: 26.2399 
episode: 557 count: 252 score: 204.3524 average_last200: 152.0962 epis: 0.0021 loss: 31.7187 
episode: 558 count: 235 score: 241.7929 average_last200: 152.1899 epis: 0.0021 loss: 30.3277 
episode: 559 count: 308 score: 259.4007 average_last200: 153.5263 epis: 0.0020 loss: 37.2731 
episode: 560 count: 260 score: 210.2398 average_last200: 153.6011 epis: 0.0020 loss: 31.4100 
episode: 561 count: 278 score: 244.5544 average_last200: 153.6579 epis: 0.0020 loss: 34.3065 
episode: 562 count: 248 score: 236.1870 average_last200: 154.8860 epis: 0.0020 loss: 31.2108 
episode: 563 count: 277 score: 227.2780 average_last200: 156.3143 epis: 0.0020 loss: 34.7866 
episode: 564 count: 252 score: 239.2033 average_last200: 157.4687 epis: 0.0019 loss: 29.9861 
episode: 565 count: 270 score: 254.8766 average_last200: 157.7036 epis: 0.0019 loss: 30.3242 
episode: 566 count: 285 score: 227.3850 average_last200: 159.1720 epis: 0.0019 loss: 41.4601 
episode: 567 count: 271 score: 193.8761 average_last200: 160.2123 epis: 0.0019 loss: 28.6130 
episode: 568 count: 249 score: 200.6879 average_last200: 160.1460 epis: 0.0018 loss: 23.6538 
episode: 569 count: 290 score: 203.9934 average_last200: 159.9701 epis: 0.0018 loss: 45.3307 
episode: 570 count: 275 score: 231.4315 average_last200: 161.2156 epis: 0.0018 loss: 36.4452 
episode: 571 count: 259 score: 207.9098 average_last200: 162.3239 epis: 0.0018 loss: 36.4032 
episode: 572 count: 231 score: 245.0695 average_last200: 162.6336 epis: 0.0018 loss: 27.1481 
episode: 573 count: 247 score: 180.2181 average_last200: 163.4365 epis: 0.0017 loss: 36.5672 
episode: 574 count: 244 score: 238.6299 average_last200: 163.4736 epis: 0.0017 loss: 25.4312 
episode: 575 count: 304 score: 239.9930 average_last200: 164.8622 epis: 0.0017 loss: 48.0744 
episode: 576 count: 234 score: 230.3948 average_last200: 165.5558 epis: 0.0017 loss: 29.6827 
episode: 577 count: 222 score: 212.9952 average_last200: 165.6470 epis: 0.0017 loss: 29.1797 
episode: 578 count: 204 score: 247.1399 average_last200: 166.9079 epis: 0.0017 loss: 27.5293 
episode: 579 count: 269 score: 214.0137 average_last200: 167.1115 epis: 0.0016 loss: 36.2920 
episode: 580 count: 243 score: 262.1051 average_last200: 167.5510 epis: 0.0016 loss: 28.0001 
episode: 581 count: 221 score: 253.4664 average_last200: 167.8947 epis: 0.0016 loss: 29.1745 
episode: 582 count: 117 score: -218.1358 average_last200: 165.8032 epis: 0.0016 loss: 16.1439 
episode: 583 count: 284 score: 190.0002 average_last200: 165.4685 epis: 0.0016 loss: 34.5174 
episode: 584 count: 205 score: 264.8602 average_last200: 166.7152 epis: 0.0015 loss: 24.5578 
episode: 585 count: 380 score: 151.9885 average_last200: 166.4676 epis: 0.0015 loss: 52.5515 
episode: 586 count: 345 score: 182.8048 average_last200: 166.5742 epis: 0.0015 loss: 45.0007 
episode: 587 count: 207 score: 254.1738 average_last200: 166.5717 epis: 0.0015 loss: 34.1010 
episode: 588 count: 273 score: 176.8016 average_last200: 166.7018 epis: 0.0015 loss: 40.0593 
episode: 589 count: 210 score: 217.3048 average_last200: 166.8986 epis: 0.0015 loss: 26.8045 
episode: 590 count: 468 score: 198.1645 average_last200: 167.4802 epis: 0.0014 loss: 59.8549 
episode: 591 count: 301 score: 226.0908 average_last200: 167.7190 epis: 0.0014 loss: 37.4673 
episode: 592 count: 324 score: 218.1551 average_last200: 167.7694 epis: 0.0014 loss: 43.9848 
episode: 593 count: 249 score: 191.5733 average_last200: 167.4580 epis: 0.0014 loss: 33.7660 
episode: 594 count: 266 score: 249.5206 average_last200: 167.9146 epis: 0.0014 loss: 25.9820 
episode: 595 count: 241 score: 198.1860 average_last200: 167.7091 epis: 0.0014 loss: 32.0775 
episode: 596 count: 213 score: 245.0119 average_last200: 170.8526 epis: 0.0014 loss: 27.9835 
episode: 597 count: 311 score: 223.8633 average_last200: 171.1189 epis: 0.0013 loss: 45.4773 
episode: 598 count: 303 score: 224.2478 average_last200: 171.1764 epis: 0.0013 loss: 41.4322 
episode: 599 count: 245 score: 197.4533 average_last200: 171.1942 epis: 0.0013 loss: 35.0699 
episode: 600 count: 245 score: 232.8365 average_last200: 171.3285 epis: 0.0013 loss: 36.1039 
episode: 601 count: 286 score: 214.4548 average_last200: 171.3811 epis: 0.0013 loss: 39.0583 
episode: 602 count: 282 score: 202.3143 average_last200: 171.1498 epis: 0.0013 loss: 32.8901 
episode: 603 count: 337 score: 228.5730 average_last200: 171.2891 epis: 0.0013 loss: 50.8160 
episode: 604 count: 265 score: 216.2534 average_last200: 172.7757 epis: 0.0012 loss: 33.5622 
episode: 605 count: 211 score: 251.2861 average_last200: 172.9327 epis: 0.0012 loss: 22.5982 
episode: 606 count: 278 score: 205.0120 average_last200: 173.6048 epis: 0.0012 loss: 37.9228 
episode: 607 count: 226 score: 238.3240 average_last200: 173.7928 epis: 0.0012 loss: 32.0050 
episode: 608 count: 239 score: 205.8460 average_last200: 173.6616 epis: 0.0012 loss: 28.6466 
episode: 609 count: 317 score: 191.3373 average_last200: 173.6754 epis: 0.0012 loss: 34.2283 
episode: 610 count: 256 score: -24.3192 average_last200: 172.5780 epis: 0.0012 loss: 41.2685 
episode: 611 count: 343 score: 141.8291 average_last200: 172.1952 epis: 0.0011 loss: 39.5456 
episode: 612 count: 312 score: 187.7509 average_last200: 172.1134 epis: 0.0011 loss: 35.8014 
episode: 613 count: 1000 score: -98.4368 average_last200: 170.4972 epis: 0.0011 loss: 134.5063 
episode: 614 count: 286 score: 185.1061 average_last200: 170.4637 epis: 0.0011 loss: 34.3696 
episode: 615 count: 244 score: 200.7324 average_last200: 170.4391 epis: 0.0011 loss: 34.3160 
episode: 616 count: 322 score: 217.8903 average_last200: 170.5145 epis: 0.0011 loss: 46.7953 
episode: 617 count: 345 score: 207.5599 average_last200: 170.6108 epis: 0.0011 loss: 47.6609 
episode: 618 count: 829 score: 55.7520 average_last200: 170.0020 epis: 0.0011 loss: 110.6879 
episode: 619 count: 587 score: 132.3491 average_last200: 169.6545 epis: 0.0011 loss: 75.4044 
episode: 620 count: 420 score: 149.2548 average_last200: 169.3510 epis: 0.0010 loss: 53.6815 
episode: 621 count: 247 score: 221.3024 average_last200: 169.4002 epis: 0.0010 loss: 31.7266 
episode: 622 count: 247 score: 229.1016 average_last200: 169.5213 epis: 0.0010 loss: 30.1700 
episode: 623 count: 423 score: 191.8990 average_last200: 169.5198 epis: 0.0010 loss: 56.7983 
episode: 624 count: 594 score: 184.9527 average_last200: 169.2231 epis: 0.0010 loss: 81.6360 
episode: 625 count: 255 score: 236.0235 average_last200: 169.3360 epis: 0.0010 loss: 36.0177 
episode: 626 count: 260 score: 221.4996 average_last200: 169.3765 epis: 0.0010 loss: 31.2486 
episode: 627 count: 285 score: 132.8912 average_last200: 169.0523 epis: 0.0010 loss: 38.2254 
episode: 628 count: 397 score: 212.2378 average_last200: 168.8531 epis: 0.0010 loss: 48.7993 
episode: 629 count: 231 score: 180.2867 average_last200: 168.9470 epis: 0.0009 loss: 34.9360 
episode: 630 count: 1000 score: 29.0911 average_last200: 167.8721 epis: 0.0009 loss: 114.6209 
episode: 631 count: 1000 score: -132.0420 average_last200: 166.2698 epis: 0.0009 loss: 129.8531 
episode: 632 count: 262 score: 181.1417 average_last200: 167.4435 epis: 0.0009 loss: 32.1427 
episode: 633 count: 266 score: 245.7443 average_last200: 168.8452 epis: 0.0009 loss: 31.9070 
episode: 634 count: 258 score: 221.0562 average_last200: 170.2281 epis: 0.0009 loss: 29.2817 
episode: 635 count: 251 score: 221.4286 average_last200: 170.1899 epis: 0.0009 loss: 32.7331 
episode: 636 count: 408 score: 211.7514 average_last200: 170.2964 epis: 0.0009 loss: 49.7045 
episode: 637 count: 263 score: 210.0855 average_last200: 171.0555 epis: 0.0009 loss: 35.1302 
episode: 638 count: 238 score: 185.6673 average_last200: 171.0995 epis: 0.0009 loss: 26.3412 
episode: 639 count: 489 score: 141.0068 average_last200: 170.8740 epis: 0.0008 loss: 65.1370 
episode: 640 count: 439 score: 181.4157 average_last200: 171.3932 epis: 0.0008 loss: 48.9395 
episode: 641 count: 220 score: 244.5305 average_last200: 171.8067 epis: 0.0008 loss: 28.0303 
episode: 642 count: 226 score: 211.2834 average_last200: 171.8821 epis: 0.0008 loss: 28.9612 
episode: 643 count: 230 score: 204.5433 average_last200: 172.0253 epis: 0.0008 loss: 34.0018 
episode: 644 count: 680 score: 236.8428 average_last200: 172.4745 epis: 0.0008 loss: 88.7982 
episode: 645 count: 400 score: 229.2970 average_last200: 172.4898 epis: 0.0008 loss: 49.1030 
episode: 646 count: 316 score: 208.8643 average_last200: 173.6482 epis: 0.0008 loss: 37.9562 
episode: 647 count: 470 score: 175.6335 average_last200: 173.5091 epis: 0.0008 loss: 56.4786 
episode: 648 count: 852 score: 119.5849 average_last200: 173.0249 epis: 0.0008 loss: 115.9704 
episode: 649 count: 531 score: 162.8286 average_last200: 173.0096 epis: 0.0008 loss: 56.4788 
episode: 650 count: 612 score: 140.5430 average_last200: 174.0940 epis: 0.0007 loss: 79.2601 
episode: 651 count: 288 score: 190.9137 average_last200: 174.1304 epis: 0.0007 loss: 38.0452 
episode: 652 count: 281 score: 207.4957 average_last200: 174.2114 epis: 0.0007 loss: 34.2909 
episode: 653 count: 224 score: 234.5958 average_last200: 174.4452 epis: 0.0007 loss: 22.6661 
episode: 654 count: 471 score: 187.6332 average_last200: 174.7252 epis: 0.0007 loss: 51.5134 
episode: 655 count: 797 score: 96.0102 average_last200: 174.0809 epis: 0.0007 loss: 103.8290 
episode: 656 count: 843 score: 70.1454 average_last200: 173.5060 epis: 0.0007 loss: 116.0553 
episode: 657 count: 441 score: 197.7319 average_last200: 173.3108 epis: 0.0007 loss: 56.5282 
episode: 658 count: 259 score: 239.1219 average_last200: 174.0098 epis: 0.0007 loss: 41.1740 
episode: 659 count: 265 score: 232.4733 average_last200: 175.4474 epis: 0.0007 loss: 31.1108 
episode: 660 count: 548 score: 167.2885 average_last200: 176.2878 epis: 0.0007 loss: 63.9713 
episode: 661 count: 262 score: 204.2796 average_last200: 176.7242 epis: 0.0007 loss: 35.1085 
episode: 662 count: 277 score: 217.8376 average_last200: 177.1569 epis: 0.0007 loss: 40.1743 
episode: 663 count: 243 score: 228.3757 average_last200: 177.6675 epis: 0.0006 loss: 33.3699 
episode: 664 count: 291 score: 245.6418 average_last200: 177.9418 epis: 0.0006 loss: 44.3028 
episode: 665 count: 424 score: 176.7532 average_last200: 179.7974 epis: 0.0006 loss: 54.7359 
episode: 666 count: 300 score: 199.9529 average_last200: 180.0134 epis: 0.0006 loss: 37.6551 
episode: 667 count: 284 score: 184.4450 average_last200: 180.4823 epis: 0.0006 loss: 34.6906 
episode: 668 count: 413 score: 205.8510 average_last200: 180.7970 epis: 0.0006 loss: 52.3281 
episode: 669 count: 751 score: 125.8457 average_last200: 181.7533 epis: 0.0006 loss: 95.5643 
episode: 670 count: 500 score: 143.5767 average_last200: 182.0187 epis: 0.0006 loss: 72.3974 
episode: 671 count: 690 score: 133.3774 average_last200: 181.7515 epis: 0.0006 loss: 92.2906 
episode: 672 count: 906 score: 145.8499 average_last200: 181.4695 epis: 0.0006 loss: 114.2025 
episode: 673 count: 190 score: 246.1909 average_last200: 181.6795 epis: 0.0006 loss: 21.2961 
episode: 674 count: 320 score: 222.3671 average_last200: 181.8563 epis: 0.0006 loss: 48.6479 
episode: 675 count: 221 score: 240.6143 average_last200: 183.1107 epis: 0.0006 loss: 32.4507 
episode: 676 count: 578 score: 168.0902 average_last200: 182.9505 epis: 0.0006 loss: 68.8201 
episode: 677 count: 386 score: 173.0486 average_last200: 182.8626 epis: 0.0006 loss: 49.9796 
episode: 678 count: 405 score: 192.5420 average_last200: 182.6315 epis: 0.0005 loss: 47.5220 
episode: 679 count: 393 score: 207.7629 average_last200: 182.5951 epis: 0.0005 loss: 57.4411 
episode: 680 count: 429 score: 189.5210 average_last200: 182.5216 epis: 0.0005 loss: 55.6483 
episode: 681 count: 384 score: 191.9180 average_last200: 184.0207 epis: 0.0005 loss: 50.4526 
episode: 682 count: 260 score: 252.6509 average_last200: 185.6534 epis: 0.0005 loss: 32.4714 
episode: 683 count: 448 score: 210.3251 average_last200: 185.5161 epis: 0.0005 loss: 58.3278 
episode: 684 count: 259 score: 195.9577 average_last200: 186.7822 epis: 0.0005 loss: 36.3608 
episode: 685 count: 224 score: 262.9682 average_last200: 186.8942 epis: 0.0005 loss: 29.7725 
episode: 686 count: 153 score: -26.5518 average_last200: 185.8464 epis: 0.0005 loss: 19.5958 
episode: 687 count: 298 score: 216.0830 average_last200: 185.8261 epis: 0.0005 loss: 37.9856 
episode: 688 count: 240 score: 196.3769 average_last200: 185.9833 epis: 0.0005 loss: 31.9496 
episode: 689 count: 611 score: 208.5148 average_last200: 186.5434 epis: 0.0005 loss: 81.1728 
episode: 690 count: 262 score: 195.7811 average_last200: 187.6451 epis: 0.0005 loss: 36.3086 
episode: 691 count: 377 score: 150.1702 average_last200: 188.8899 epis: 0.0005 loss: 52.1876 
episode: 692 count: 87 score: -24.0383 average_last200: 187.8752 epis: 0.0005 loss: 9.5808 
episode: 693 count: 247 score: 199.7011 average_last200: 187.8196 epis: 0.0005 loss: 26.7589 
episode: 694 count: 397 score: 191.7091 average_last200: 187.8734 epis: 0.0005 loss: 50.8612 
episode: 695 count: 426 score: 186.1778 average_last200: 187.9839 epis: 0.0005 loss: 60.0229 
episode: 696 count: 348 score: 186.5189 average_last200: 188.0343 epis: 0.0004 loss: 43.9386 
episode: 697 count: 203 score: 253.0365 average_last200: 188.3440 epis: 0.0004 loss: 29.3324 
episode: 698 count: 484 score: 156.8070 average_last200: 187.9777 epis: 0.0004 loss: 62.5345 
episode: 699 count: 311 score: 233.8434 average_last200: 188.2328 epis: 0.0004 loss: 45.9075 
episode: 700 count: 311 score: 219.2036 average_last200: 188.6607 epis: 0.0004 loss: 35.3484 
episode: 701 count: 362 score: 227.3520 average_last200: 189.3061 epis: 0.0004 loss: 48.6294 
episode: 702 count: 507 score: 181.0243 average_last200: 189.1835 epis: 0.0004 loss: 72.1076 
episode: 703 count: 306 score: 218.0039 average_last200: 189.5027 epis: 0.0004 loss: 40.0786 
episode: 704 count: 684 score: 131.5385 average_last200: 190.5102 epis: 0.0004 loss: 90.3891 
episode: 705 count: 303 score: 191.9920 average_last200: 190.4820 epis: 0.0004 loss: 41.1437 
episode: 706 count: 378 score: 174.9457 average_last200: 190.3773 epis: 0.0004 loss: 49.0344 
episode: 707 count: 399 score: 179.2805 average_last200: 190.0953 epis: 0.0004 loss: 51.2012 
episode: 708 count: 473 score: 151.9611 average_last200: 189.6982 epis: 0.0004 loss: 59.5313 
episode: 709 count: 382 score: 199.9938 average_last200: 189.8122 epis: 0.0004 loss: 46.2441 
episode: 710 count: 259 score: 192.4612 average_last200: 189.6933 epis: 0.0004 loss: 27.8883 
episode: 711 count: 331 score: 218.9009 average_last200: 189.8081 epis: 0.0004 loss: 44.2828 
episode: 712 count: 478 score: 148.8007 average_last200: 189.6407 epis: 0.0004 loss: 57.8952 
episode: 713 count: 498 score: 203.1716 average_last200: 190.9417 epis: 0.0004 loss: 56.7684 
episode: 714 count: 229 score: 198.5026 average_last200: 190.9133 epis: 0.0004 loss: 30.7823 
episode: 715 count: 464 score: 146.5771 average_last200: 190.4999 epis: 0.0004 loss: 58.7806 
episode: 716 count: 350 score: 182.8365 average_last200: 190.2772 epis: 0.0004 loss: 50.3744 
episode: 717 count: 279 score: 262.9851 average_last200: 190.6138 epis: 0.0004 loss: 37.1523 
episode: 718 count: 329 score: 217.1781 average_last200: 190.8109 epis: 0.0004 loss: 43.1439 
episode: 719 count: 224 score: 226.8227 average_last200: 191.0062 epis: 0.0003 loss: 31.1423 
episode: 720 count: 765 score: 139.3922 average_last200: 190.4641 epis: 0.0003 loss: 116.4663 
episode: 721 count: 320 score: 214.4078 average_last200: 190.2557 epis: 0.0003 loss: 38.6827 
episode: 722 count: 261 score: 211.7286 average_last200: 190.2166 epis: 0.0003 loss: 28.4480 
episode: 723 count: 355 score: 203.9856 average_last200: 190.1408 epis: 0.0003 loss: 48.4448 
episode: 724 count: 342 score: 168.2635 average_last200: 189.8719 epis: 0.0003 loss: 45.6023 
episode: 725 count: 231 score: 204.5314 average_last200: 189.8903 epis: 0.0003 loss: 30.2713 
episode: 726 count: 264 score: 202.6090 average_last200: 189.8547 epis: 0.0003 loss: 36.1129 
episode: 727 count: 260 score: 218.4918 average_last200: 189.7215 epis: 0.0003 loss: 34.2607 
episode: 728 count: 335 score: 209.9273 average_last200: 189.9116 epis: 0.0003 loss: 44.6078 
episode: 729 count: 344 score: 179.1382 average_last200: 189.9343 epis: 0.0003 loss: 42.6665 
episode: 730 count: 274 score: 214.3773 average_last200: 189.7696 epis: 0.0003 loss: 42.4185 
episode: 731 count: 396 score: 183.3346 average_last200: 189.6129 epis: 0.0003 loss: 44.4073 
episode: 732 count: 718 score: 139.7998 average_last200: 189.3589 epis: 0.0003 loss: 103.6278 
episode: 733 count: 1000 score: -40.8268 average_last200: 188.1741 epis: 0.0003 loss: 139.3363 
episode: 734 count: 242 score: 231.7607 average_last200: 188.0986 epis: 0.0003 loss: 29.3543 
episode: 735 count: 1000 score: -12.3954 average_last200: 187.0782 epis: 0.0003 loss: 124.0629 
episode: 736 count: 427 score: 191.4608 average_last200: 187.1892 epis: 0.0003 loss: 71.8390 
episode: 737 count: 599 score: 136.7580 average_last200: 188.8349 epis: 0.0003 loss: 83.9023 
episode: 738 count: 343 score: -155.6311 average_last200: 187.1248 epis: 0.0003 loss: 50.7488 
episode: 739 count: 326 score: 172.5987 average_last200: 186.8946 epis: 0.0003 loss: 45.7383 
episode: 740 count: 422 score: 178.3751 average_last200: 186.7352 epis: 0.0003 loss: 63.3969 
episode: 741 count: 308 score: 205.0064 average_last200: 186.7734 epis: 0.0003 loss: 47.9194 
episode: 742 count: 231 score: 245.5855 average_last200: 187.0222 epis: 0.0003 loss: 33.0938 
episode: 743 count: 228 score: 195.3071 average_last200: 187.0586 epis: 0.0003 loss: 27.6460 
episode: 744 count: 210 score: 250.3302 average_last200: 187.2905 epis: 0.0003 loss: 33.9541 
episode: 745 count: 255 score: 251.5998 average_last200: 187.4574 epis: 0.0003 loss: 36.7105 
episode: 746 count: 322 score: 213.3228 average_last200: 187.6098 epis: 0.0003 loss: 42.2934 
episode: 747 count: 321 score: 168.2464 average_last200: 187.3584 epis: 0.0003 loss: 56.1408 
episode: 748 count: 411 score: 196.5466 average_last200: 187.8611 epis: 0.0003 loss: 63.7291 
episode: 749 count: 253 score: 219.2415 average_last200: 187.9181 epis: 0.0002 loss: 28.0682 
episode: 750 count: 360 score: 223.1216 average_last200: 188.0069 epis: 0.0002 loss: 59.7254 
episode: 751 count: 243 score: -106.8664 average_last200: 186.3710 epis: 0.0002 loss: 35.8657 
episode: 752 count: 243 score: 210.2610 average_last200: 186.4430 epis: 0.0002 loss: 42.7639 
episode: 753 count: 322 score: 169.6874 average_last200: 186.2000 epis: 0.0002 loss: 46.5742 
episode: 754 count: 300 score: 218.5725 average_last200: 186.8525 epis: 0.0002 loss: 41.6921 
episode: 755 count: 364 score: 193.1286 average_last200: 186.8256 epis: 0.0002 loss: 45.7266 
episode: 756 count: 299 score: 223.4281 average_last200: 186.6844 epis: 0.0002 loss: 52.1004 
episode: 757 count: 242 score: 247.5962 average_last200: 186.9006 epis: 0.0002 loss: 33.3705 
episode: 758 count: 339 score: 207.8291 average_last200: 186.7308 epis: 0.0002 loss: 45.3815 
episode: 759 count: 196 score: 210.0793 average_last200: 186.4842 epis: 0.0002 loss: 33.9892 
episode: 760 count: 255 score: 199.0608 average_last200: 186.4283 epis: 0.0002 loss: 39.8196 
episode: 761 count: 334 score: 211.3126 average_last200: 186.2621 epis: 0.0002 loss: 50.9364 
episode: 762 count: 213 score: 210.7449 average_last200: 186.1349 epis: 0.0002 loss: 32.8508 
episode: 763 count: 410 score: 190.2005 average_last200: 185.9495 epis: 0.0002 loss: 61.3895 
episode: 764 count: 610 score: 161.1332 average_last200: 185.5591 epis: 0.0002 loss: 100.7300 
episode: 765 count: 269 score: 184.8266 average_last200: 185.2089 epis: 0.0002 loss: 36.9944 
episode: 766 count: 196 score: 250.9116 average_last200: 185.3265 epis: 0.0002 loss: 28.9571 
episode: 767 count: 349 score: 219.4282 average_last200: 185.4543 epis: 0.0002 loss: 63.7575 
episode: 768 count: 410 score: 172.7227 average_last200: 185.3145 epis: 0.0002 loss: 58.3781 
episode: 769 count: 421 score: 159.7731 average_last200: 185.0934 epis: 0.0002 loss: 68.8117 
episode: 770 count: 267 score: 194.4893 average_last200: 184.9086 epis: 0.0002 loss: 43.8735 
episode: 771 count: 347 score: 237.3134 average_last200: 185.0557 epis: 0.0002 loss: 44.3375 
episode: 772 count: 355 score: 215.6736 average_last200: 184.9087 epis: 0.0002 loss: 52.8037 
episode: 773 count: 191 score: 253.5230 average_last200: 185.2752 epis: 0.0002 loss: 30.0212 
episode: 774 count: 348 score: 217.5370 average_last200: 185.1697 epis: 0.0002 loss: 57.2715 
episode: 775 count: 296 score: 233.0350 average_last200: 185.1349 epis: 0.0002 loss: 42.2962 
episode: 776 count: 297 score: 247.4298 average_last200: 185.2201 epis: 0.0002 loss: 44.9059 
episode: 777 count: 357 score: 212.5218 average_last200: 185.2178 epis: 0.0002 loss: 45.3716 
episode: 778 count: 287 score: 230.3184 average_last200: 185.1336 epis: 0.0002 loss: 44.6125 
episode: 779 count: 224 score: 243.9719 average_last200: 185.2834 epis: 0.0002 loss: 29.3698 
episode: 780 count: 257 score: 239.8494 average_last200: 185.1722 epis: 0.0002 loss: 35.4701 
episode: 781 count: 294 score: 234.7215 average_last200: 185.0784 epis: 0.0002 loss: 46.4570 
episode: 782 count: 291 score: 184.2394 average_last200: 187.0903 epis: 0.0002 loss: 44.2075 
episode: 783 count: 307 score: 203.9996 average_last200: 187.1603 epis: 0.0002 loss: 41.9873 
episode: 784 count: 306 score: 215.7984 average_last200: 186.9150 epis: 0.0002 loss: 41.7148 
episode: 785 count: 435 score: 193.4719 average_last200: 187.1224 epis: 0.0002 loss: 54.8018 
episode: 786 count: 274 score: 203.1375 average_last200: 187.2241 epis: 0.0002 loss: 45.4032 
episode: 787 count: 362 score: 194.5382 average_last200: 186.9259 epis: 0.0002 loss: 57.3225 
episode: 788 count: 259 score: 227.0064 average_last200: 187.1769 epis: 0.0002 loss: 33.7298 
episode: 789 count: 162 score: -65.4203 average_last200: 185.7633 epis: 0.0002 loss: 24.0403 
episode: 790 count: 614 score: 226.8734 average_last200: 185.9068 epis: 0.0002 loss: 105.8913 
episode: 791 count: 225 score: 236.1291 average_last200: 185.9570 epis: 0.0002 loss: 28.5627 
episode: 792 count: 259 score: 205.3644 average_last200: 185.8931 epis: 0.0002 loss: 33.9380 
episode: 793 count: 295 score: 208.6135 average_last200: 185.9783 epis: 0.0002 loss: 43.4040 
episode: 794 count: 269 score: 214.2090 average_last200: 185.8017 epis: 0.0002 loss: 37.7584 
episode: 795 count: 320 score: 219.4234 average_last200: 185.9079 epis: 0.0002 loss: 45.8582 
episode: 796 count: 830 score: 103.2324 average_last200: 185.1990 epis: 0.0001 loss: 117.2189 
episode: 797 count: 380 score: 235.2444 average_last200: 185.2559 epis: 0.0001 loss: 50.9817 
episode: 798 count: 380 score: 191.1846 average_last200: 185.0906 epis: 0.0001 loss: 60.7082 
episode: 799 count: 489 score: 225.7166 average_last200: 185.2319 epis: 0.0001 loss: 73.7425 
episode: 800 count: 416 score: 127.0871 average_last200: 184.7032 epis: 0.0001 loss: 63.4322 
episode: 801 count: 363 score: 204.8439 average_last200: 184.6551 epis: 0.0001 loss: 54.4449 
episode: 802 count: 253 score: 190.3358 average_last200: 184.5952 epis: 0.0001 loss: 42.3890 
episode: 803 count: 352 score: 204.8989 average_last200: 184.4769 epis: 0.0001 loss: 51.3218 
episode: 804 count: 209 score: 254.3063 average_last200: 184.6671 epis: 0.0001 loss: 29.8812 
episode: 805 count: 257 score: 228.9254 average_last200: 184.5553 epis: 0.0001 loss: 37.5959 
episode: 806 count: 366 score: 175.3210 average_last200: 184.4069 epis: 0.0001 loss: 66.6356 
episode: 807 count: 377 score: 198.1362 average_last200: 184.2059 epis: 0.0001 loss: 57.1982 
episode: 808 count: 267 score: 197.7900 average_last200: 184.1656 epis: 0.0001 loss: 36.8347 
episode: 809 count: 321 score: 189.6069 average_last200: 184.1570 epis: 0.0001 loss: 46.7289 
episode: 810 count: 263 score: 224.6240 average_last200: 185.4017 epis: 0.0001 loss: 37.2399 
episode: 811 count: 248 score: 210.6016 average_last200: 185.7456 epis: 0.0001 loss: 39.6598 
episode: 812 count: 445 score: 202.1079 average_last200: 185.8174 epis: 0.0001 loss: 68.6705 
episode: 813 count: 327 score: 185.4022 average_last200: 187.2366 epis: 0.0001 loss: 54.3610 
episode: 814 count: 380 score: 168.7848 average_last200: 187.1549 epis: 0.0001 loss: 54.9137 
episode: 815 count: 247 score: 251.2659 average_last200: 187.4076 epis: 0.0001 loss: 37.1949 
episode: 816 count: 255 score: 216.8681 average_last200: 187.4025 epis: 0.0001 loss: 35.3428 
episode: 817 count: 330 score: 180.4122 average_last200: 187.2668 epis: 0.0001 loss: 51.9479 
episode: 818 count: 231 score: 256.1066 average_last200: 188.2685 epis: 0.0001 loss: 31.9071 
episode: 819 count: 897 score: 181.8311 average_last200: 188.5159 epis: 0.0001 loss: 134.3733 
episode: 820 count: 224 score: 244.5235 average_last200: 188.9923 epis: 0.0001 loss: 35.8947 
episode: 821 count: 218 score: 247.5565 average_last200: 189.1236 epis: 0.0001 loss: 37.4896 
episode: 822 count: 272 score: 218.0465 average_last200: 189.0683 epis: 0.0001 loss: 41.9116 
episode: 823 count: 239 score: 204.9521 average_last200: 189.1335 epis: 0.0001 loss: 33.2424 
episode: 824 count: 277 score: 202.7216 average_last200: 189.2224 epis: 0.0001 loss: 41.9481 
episode: 825 count: 267 score: 227.5650 average_last200: 189.1801 epis: 0.0001 loss: 43.9650 
episode: 826 count: 344 score: 224.0709 average_last200: 189.1930 epis: 0.0001 loss: 53.3096 
episode: 827 count: 298 score: 222.4919 average_last200: 189.6410 epis: 0.0001 loss: 52.7512 
episode: 828 count: 494 score: 174.7646 average_last200: 189.4536 epis: 0.0001 loss: 74.2201 
episode: 829 count: 379 score: 191.6459 average_last200: 189.5104 epis: 0.0001 loss: 48.9798 
episode: 830 count: 241 score: 196.7794 average_last200: 190.3488 epis: 0.0001 loss: 42.7159 
episode: 831 count: 294 score: 207.5595 average_last200: 192.0468 epis: 0.0001 loss: 40.5824 
episode: 832 count: 403 score: 238.3322 average_last200: 192.3328 epis: 0.0001 loss: 59.9772 
episode: 833 count: 252 score: 203.3132 average_last200: 192.1206 epis: 0.0001 loss: 36.3550 
episode: 834 count: 325 score: 193.8655 average_last200: 191.9847 epis: 0.0001 loss: 47.6535 
episode: 835 count: 435 score: 227.5605 average_last200: 192.0153 epis: 0.0001 loss: 63.6455 
episode: 836 count: 355 score: 173.9052 average_last200: 191.8261 epis: 0.0001 loss: 49.5764 
episode: 837 count: 376 score: 159.5225 average_last200: 191.5733 epis: 0.0001 loss: 59.5643 
episode: 838 count: 295 score: 189.2953 average_last200: 191.5914 epis: 0.0001 loss: 46.3433 
episode: 839 count: 182 score: 15.7405 average_last200: 190.9651 epis: 0.0001 loss: 23.6743 
episode: 840 count: 221 score: 216.9295 average_last200: 191.1427 epis: 0.0001 loss: 36.6511 
episode: 841 count: 266 score: 174.5943 average_last200: 190.7930 epis: 0.0001 loss: 38.2990 
episode: 842 count: 332 score: 176.9031 average_last200: 190.6211 epis: 0.0001 loss: 52.9192 
episode: 843 count: 354 score: 213.0623 average_last200: 190.6637 epis: 0.0001 loss: 57.8935 
episode: 844 count: 242 score: 202.1072 average_last200: 190.4900 epis: 0.0001 loss: 37.0638 
episode: 845 count: 349 score: 224.8284 average_last200: 190.4677 epis: 0.0001 loss: 60.0789 
episode: 846 count: 388 score: 178.5404 average_last200: 190.3160 epis: 0.0001 loss: 58.0798 
episode: 847 count: 313 score: 217.1842 average_last200: 190.5238 epis: 0.0001 loss: 50.8942 
episode: 848 count: 236 score: 187.4147 average_last200: 190.8629 epis: 0.0001 loss: 46.6233 
episode: 849 count: 295 score: 168.6049 average_last200: 190.8918 epis: 0.0001 loss: 47.9071 
episode: 850 count: 330 score: 177.3972 average_last200: 191.0761 epis: 0.0001 loss: 58.7876 
episode: 851 count: 372 score: 152.1217 average_last200: 190.8821 epis: 0.0001 loss: 61.8625 
episode: 852 count: 268 score: 244.3912 average_last200: 191.0666 epis: 0.0001 loss: 44.2566 
episode: 853 count: 342 score: 186.7865 average_last200: 190.8276 epis: 0.0001 loss: 61.6674 
episode: 854 count: 227 score: 226.5117 average_last200: 191.0220 epis: 0.0001 loss: 36.0603 
episode: 855 count: 282 score: 191.7762 average_last200: 191.5008 epis: 0.0001 loss: 43.9137 
episode: 856 count: 444 score: 197.1435 average_last200: 192.1358 epis: 0.0001 loss: 70.3025 
episode: 857 count: 249 score: 266.8096 average_last200: 192.4812 epis: 0.0001 loss: 45.7942 
episode: 858 count: 263 score: 216.7117 average_last200: 192.3691 epis: 0.0001 loss: 37.0018 
episode: 859 count: 240 score: 254.5949 average_last200: 192.4797 epis: 0.0001 loss: 36.6896 
episode: 860 count: 236 score: 216.2014 average_last200: 192.7243 epis: 0.0001 loss: 41.4506 
episode: 861 count: 235 score: 247.0721 average_last200: 192.9383 epis: 0.0001 loss: 37.9989 
episode: 862 count: 437 score: 122.4230 average_last200: 192.4612 epis: 0.0001 loss: 58.3803 
episode: 863 count: 386 score: 164.7399 average_last200: 192.1430 epis: 0.0001 loss: 61.3127 
episode: 864 count: 213 score: 204.5556 average_last200: 191.9376 epis: 0.0001 loss: 29.5858 
episode: 865 count: 293 score: 188.9339 average_last200: 191.9985 epis: 0.0001 loss: 48.9074 
episode: 866 count: 233 score: 245.5153 average_last200: 192.2263 epis: 0.0001 loss: 31.6184 
episode: 867 count: 312 score: 150.7148 average_last200: 192.0576 epis: 0.0001 loss: 43.5016 
episode: 868 count: 264 score: 203.1289 average_last200: 192.0440 epis: 0.0001 loss: 40.0352 
episode: 869 count: 289 score: 199.5863 average_last200: 192.4127 epis: 0.0001 loss: 47.7774 
episode: 870 count: 317 score: 195.3260 average_last200: 192.6715 epis: 0.0001 loss: 39.1642 
episode: 871 count: 247 score: 224.4464 average_last200: 193.1268 epis: 0.0001 loss: 40.8757 
episode: 872 count: 275 score: 221.0614 average_last200: 193.5029 epis: 0.0001 loss: 49.2135 
episode: 873 count: 407 score: 182.3079 average_last200: 193.1835 epis: 0.0001 loss: 61.7142 
episode: 874 count: 281 score: 175.1559 average_last200: 192.9474 epis: 0.0001 loss: 43.2734 
episode: 875 count: 247 score: 265.2797 average_last200: 193.0707 epis: 0.0001 loss: 34.9917 
episode: 876 count: 183 score: 241.3859 average_last200: 193.4372 epis: 0.0001 loss: 31.3365 
episode: 877 count: 348 score: 194.6828 average_last200: 193.5454 epis: 0.0001 loss: 61.5479 
episode: 878 count: 441 score: 192.5784 average_last200: 193.5456 epis: 0.0001 loss: 68.7999 
episode: 879 count: 303 score: 169.0578 average_last200: 193.3520 epis: 0.0001 loss: 50.5805 
episode: 880 count: 401 score: 188.1149 average_last200: 193.3450 epis: 0.0001 loss: 58.9982 
episode: 881 count: 507 score: 149.7027 average_last200: 193.1339 epis: 0.0001 loss: 76.0180 
episode: 882 count: 599 score: 188.1001 average_last200: 192.8112 epis: 0.0001 loss: 99.4433 
episode: 883 count: 501 score: 247.2109 average_last200: 192.9956 epis: 0.0001 loss: 75.6632 
episode: 884 count: 205 score: -10.3470 average_last200: 191.9641 epis: 0.0001 loss: 33.3570 
episode: 885 count: 316 score: 220.8253 average_last200: 191.7534 epis: 0.0001 loss: 46.9423 
episode: 886 count: 231 score: 212.7253 average_last200: 192.9498 epis: 0.0001 loss: 39.8493 
episode: 887 count: 361 score: 206.8478 average_last200: 192.9036 epis: 0.0001 loss: 46.6246 
episode: 888 count: 251 score: 241.9136 average_last200: 193.1313 epis: 0.0001 loss: 35.6828 
episode: 889 count: 1000 score: 22.4071 average_last200: 192.2007 epis: 0.0001 loss: 138.2345 
episode: 890 count: 436 score: 177.3505 average_last200: 192.1086 epis: 0.0001 loss: 66.8707 
episode: 891 count: 717 score: 147.4249 average_last200: 192.0948 epis: 0.0001 loss: 114.9140 
episode: 892 count: 442 score: 231.6240 average_last200: 193.3732 epis: 0.0001 loss: 73.1698 
episode: 893 count: 179 score: 28.1580 average_last200: 192.5154 epis: 0.0001 loss: 24.0091 
episode: 894 count: 245 score: 231.7085 average_last200: 192.7154 epis: 0.0001 loss: 33.7832 
episode: 895 count: 232 score: 276.1086 average_last200: 193.1651 epis: 0.0000 loss: 35.5404 
episode: 896 count: 649 score: 130.4914 average_last200: 192.8850 epis: 0.0000 loss: 107.0903 
episode: 897 count: 456 score: 195.8952 average_last200: 192.5993 epis: 0.0000 loss: 74.2988 
episode: 898 count: 237 score: 210.4359 average_last200: 192.8674 epis: 0.0000 loss: 33.0992 
episode: 899 count: 255 score: 191.8559 average_last200: 192.6575 epis: 0.0000 loss: 46.8304 
episode: 900 count: 494 score: 174.5049 average_last200: 192.4340 epis: 0.0000 loss: 75.0814 
episode: 901 count: 494 score: 182.1501 average_last200: 192.2080 epis: 0.0000 loss: 80.3803 
episode: 902 count: 349 score: 214.0666 average_last200: 192.3732 epis: 0.0000 loss: 47.5193 
episode: 903 count: 444 score: 210.9379 average_last200: 192.3378 epis: 0.0000 loss: 69.8116 
episode: 904 count: 448 score: 152.8139 average_last200: 192.4442 epis: 0.0000 loss: 71.1376 
episode: 905 count: 319 score: 196.8193 average_last200: 192.4683 epis: 0.0000 loss: 43.9274 
episode: 906 count: 440 score: 175.4552 average_last200: 192.4709 epis: 0.0000 loss: 68.8221 
episode: 907 count: 495 score: 186.0172 average_last200: 192.5046 epis: 0.0000 loss: 80.4751 
episode: 908 count: 264 score: 190.5668 average_last200: 192.6976 epis: 0.0000 loss: 39.7136 
episode: 909 count: 148 score: 14.9792 average_last200: 191.7725 epis: 0.0000 loss: 22.1385 
episode: 910 count: 364 score: 203.2195 average_last200: 191.8263 epis: 0.0000 loss: 47.6384 
episode: 911 count: 499 score: 211.9391 average_last200: 191.7915 epis: 0.0000 loss: 73.7673 
episode: 912 count: 501 score: 154.3146 average_last200: 191.8191 epis: 0.0000 loss: 81.3021 
episode: 913 count: 240 score: 232.8094 average_last200: 191.9673 epis: 0.0000 loss: 42.1631 
episode: 914 count: 268 score: 208.9476 average_last200: 192.0195 epis: 0.0000 loss: 42.5755 
episode: 915 count: 239 score: 208.5249 average_last200: 192.3292 epis: 0.0000 loss: 30.6472 
episode: 916 count: 215 score: 225.6935 average_last200: 192.5435 epis: 0.0000 loss: 30.3478 
episode: 917 count: 222 score: 205.5956 average_last200: 192.2566 epis: 0.0000 loss: 37.3745 
episode: 918 count: 211 score: 219.2637 average_last200: 192.2670 epis: 0.0000 loss: 42.4218 
episode: 919 count: 139 score: 12.8927 average_last200: 191.1974 epis: 0.0000 loss: 23.2906 
episode: 920 count: 234 score: 210.3440 average_last200: 191.5521 epis: 0.0000 loss: 33.6630 
episode: 921 count: 240 score: 236.4935 average_last200: 191.6625 epis: 0.0000 loss: 38.4818 
episode: 922 count: 295 score: 201.5945 average_last200: 191.6119 epis: 0.0000 loss: 42.9837 
episode: 923 count: 305 score: 204.2319 average_last200: 191.6131 epis: 0.0000 loss: 42.6850 
episode: 924 count: 261 score: 263.5448 average_last200: 192.0895 epis: 0.0000 loss: 42.3800 
episode: 925 count: 163 score: -1.4363 average_last200: 191.0597 epis: 0.0000 loss: 31.3100 
episode: 926 count: 271 score: 226.1422 average_last200: 191.1773 epis: 0.0000 loss: 48.2684 
episode: 927 count: 314 score: 243.1082 average_last200: 191.3004 epis: 0.0000 loss: 49.8030 
episode: 928 count: 347 score: 203.1257 average_last200: 191.2664 epis: 0.0000 loss: 54.5484 
episode: 929 count: 185 score: 28.9936 average_last200: 190.5157 epis: 0.0000 loss: 29.3778 
episode: 930 count: 271 score: 194.8183 average_last200: 190.4179 epis: 0.0000 loss: 38.4195 
episode: 931 count: 502 score: 210.6427 average_last200: 190.5544 epis: 0.0000 loss: 74.1143 
episode: 932 count: 342 score: 170.5482 average_last200: 190.7082 epis: 0.0000 loss: 56.3545 
episode: 933 count: 258 score: 238.1842 average_last200: 192.1032 epis: 0.0000 loss: 34.7906 
episode: 934 count: 259 score: 250.0122 average_last200: 192.1945 epis: 0.0000 loss: 35.2727 
episode: 935 count: 243 score: 230.2709 average_last200: 193.4078 epis: 0.0000 loss: 47.1324 
episode: 936 count: 272 score: 199.7624 average_last200: 193.4493 epis: 0.0000 loss: 46.3331 
episode: 937 count: 352 score: 231.5916 average_last200: 193.9235 epis: 0.0000 loss: 55.6685 
episode: 938 count: 248 score: 261.6517 average_last200: 196.0099 epis: 0.0000 loss: 38.0725 
episode: 939 count: 542 score: 157.1135 average_last200: 195.9325 epis: 0.0000 loss: 79.6454 
episode: 940 count: 273 score: 228.0702 average_last200: 196.1810 epis: 0.0000 loss: 42.2970 
episode: 941 count: 246 score: 201.2127 average_last200: 196.1620 epis: 0.0000 loss: 44.0114 
episode: 942 count: 206 score: 260.8244 average_last200: 196.2382 epis: 0.0000 loss: 26.5225 
episode: 943 count: 353 score: 199.7617 average_last200: 196.2605 epis: 0.0000 loss: 53.5816 
episode: 944 count: 220 score: 210.4107 average_last200: 196.0609 epis: 0.0000 loss: 32.4337 
episode: 945 count: 240 score: 232.5402 average_last200: 195.9656 epis: 0.0000 loss: 37.7746 
episode: 946 count: 233 score: 216.0235 average_last200: 195.9791 epis: 0.0000 loss: 30.3575 
episode: 947 count: 158 score: -72.5395 average_last200: 194.7751 epis: 0.0000 loss: 21.9303 
episode: 948 count: 317 score: 183.2693 average_last200: 194.7088 epis: 0.0000 loss: 46.7382 
episode: 949 count: 235 score: 207.0003 average_last200: 194.6475 epis: 0.0000 loss: 36.5783 
episode: 950 count: 380 score: 238.8351 average_last200: 194.7261 epis: 0.0000 loss: 66.5171 
episode: 951 count: 326 score: 182.0998 average_last200: 196.1709 epis: 0.0000 loss: 50.2622 
episode: 952 count: 138 score: 5.2046 average_last200: 195.1457 epis: 0.0000 loss: 20.9519 
episode: 953 count: 266 score: 198.7041 average_last200: 195.2907 epis: 0.0000 loss: 39.4464 
episode: 954 count: 203 score: 206.6171 average_last200: 195.2310 epis: 0.0000 loss: 32.0664 
episode: 955 count: 272 score: 173.8341 average_last200: 195.1345 epis: 0.0000 loss: 48.2612 
episode: 956 count: 216 score: 12.4236 average_last200: 194.0795 epis: 0.0000 loss: 34.6584 
episode: 957 count: 371 score: 195.9036 average_last200: 193.8210 epis: 0.0000 loss: 71.2192 
episode: 958 count: 226 score: 202.8843 average_last200: 193.7963 epis: 0.0000 loss: 36.8019 
episode: 959 count: 346 score: 215.9434 average_last200: 193.8256 epis: 0.0000 loss: 62.7718 
episode: 960 count: 424 score: 168.6343 average_last200: 193.6735 epis: 0.0000 loss: 69.7640 
episode: 961 count: 224 score: 242.8232 average_last200: 193.8310 epis: 0.0000 loss: 32.3038 
episode: 962 count: 158 score: 16.6457 average_last200: 192.8605 epis: 0.0000 loss: 25.7260 
episode: 963 count: 605 score: 176.8447 average_last200: 192.7938 epis: 0.0000 loss: 101.0583 
episode: 964 count: 259 score: 180.3122 average_last200: 192.8896 epis: 0.0000 loss: 38.3765 
episode: 965 count: 403 score: 191.0623 average_last200: 192.9208 epis: 0.0000 loss: 70.3383 
episode: 966 count: 363 score: 193.5690 average_last200: 192.6341 epis: 0.0000 loss: 57.6481 
episode: 967 count: 225 score: 238.1289 average_last200: 192.7276 epis: 0.0000 loss: 37.7398 
episode: 968 count: 167 score: 21.1857 average_last200: 191.9699 epis: 0.0000 loss: 31.4166 
episode: 969 count: 186 score: 42.9047 average_last200: 191.3856 epis: 0.0000 loss: 28.0238 
episode: 970 count: 375 score: 162.7353 average_last200: 191.2268 epis: 0.0000 loss: 57.4968 
episode: 971 count: 354 score: 213.2385 average_last200: 191.1064 epis: 0.0000 loss: 55.4650 
episode: 972 count: 302 score: 195.7540 average_last200: 191.0068 epis: 0.0000 loss: 55.2347 
episode: 973 count: 221 score: 251.2117 average_last200: 190.9953 epis: 0.0000 loss: 40.5979 
episode: 974 count: 258 score: 240.3955 average_last200: 191.1096 epis: 0.0000 loss: 49.1886 
episode: 975 count: 281 score: 229.7608 average_last200: 191.0932 epis: 0.0000 loss: 47.2287 
episode: 976 count: 352 score: 186.2244 average_last200: 190.7872 epis: 0.0000 loss: 53.4722 
episode: 977 count: 284 score: 204.9596 average_last200: 190.7494 epis: 0.0000 loss: 47.4674 
episode: 978 count: 335 score: 177.4914 average_last200: 190.4852 epis: 0.0000 loss: 58.3417 
episode: 979 count: 308 score: 219.3673 average_last200: 190.3622 epis: 0.0000 loss: 46.3418 
episode: 980 count: 269 score: 171.1681 average_last200: 190.0188 epis: 0.0000 loss: 48.6935 
episode: 981 count: 314 score: 207.7865 average_last200: 189.8841 epis: 0.0000 loss: 44.2205 
episode: 982 count: 337 score: 198.9619 average_last200: 189.9577 epis: 0.0000 loss: 47.9019 
episode: 983 count: 321 score: 173.5702 average_last200: 189.8056 epis: 0.0000 loss: 53.4553 
episode: 984 count: 208 score: 0.2615 average_last200: 188.7279 epis: 0.0000 loss: 28.4788 
episode: 985 count: 124 score: 33.3172 average_last200: 187.9271 epis: 0.0000 loss: 21.5527 
episode: 986 count: 506 score: 203.5490 average_last200: 187.9292 epis: 0.0000 loss: 76.3515 
episode: 987 count: 276 score: 196.6476 average_last200: 187.9397 epis: 0.0000 loss: 38.2811 
episode: 988 count: 146 score: 13.0855 average_last200: 186.8701 epis: 0.0000 loss: 24.9182 
episode: 989 count: 271 score: 214.6210 average_last200: 188.2703 epis: 0.0000 loss: 49.4066 
episode: 990 count: 177 score: -3.3884 average_last200: 187.1190 epis: 0.0000 loss: 25.2269 
episode: 991 count: 216 score: 267.1882 average_last200: 187.2743 epis: 0.0000 loss: 28.8627 
episode: 992 count: 254 score: 223.2033 average_last200: 187.3635 epis: 0.0000 loss: 40.3016 
episode: 993 count: 234 score: 14.2273 average_last200: 186.3916 epis: 0.0000 loss: 35.5227 
episode: 994 count: 187 score: 19.2439 average_last200: 185.4168 epis: 0.0000 loss: 27.7437 
episode: 995 count: 318 score: 219.5999 average_last200: 185.4177 epis: 0.0000 loss: 54.8239 
episode: 996 count: 318 score: 201.9417 average_last200: 185.9112 epis: 0.0000 loss: 48.6483 
episode: 997 count: 287 score: 219.9232 average_last200: 185.8346 epis: 0.0000 loss: 45.1039 
episode: 998 count: 414 score: 172.5609 average_last200: 185.7415 epis: 0.0000 loss: 66.2856 
episode: 999 count: 318 score: 239.4922 average_last200: 185.8104 epis: 0.0000 loss: 54.0090 
