[33mWARN: gym.spaces.Box autodetected dtype as <class 'numpy.float32'>. Please provide explicit dtype.[0m
All para: Epis 1000 memlen 100000 gamma 0.990 epsilon 0.960 alpha 0.00500 batch 30 upfreq 500
episode: 0 count: 103 score: -201.7553 average_last200: -201.7553 epis: 0.9600 loss: 0.0000 
episode: 1 count: 92 score: -168.0546 average_last200: -184.9050 epis: 0.9216 loss: 0.0000 
episode: 2 count: 73 score: -170.4669 average_last200: -180.0923 epis: 0.8847 loss: 0.0000 
episode: 3 count: 94 score: -323.1032 average_last200: -215.8450 epis: 0.8493 loss: 0.0000 
episode: 4 count: 107 score: -333.8936 average_last200: -239.4547 epis: 0.8154 loss: 0.0000 
episode: 5 count: 75 score: -155.6075 average_last200: -225.4802 epis: 0.7828 loss: 0.0000 
episode: 6 count: 111 score: -278.3546 average_last200: -233.0337 epis: 0.7514 loss: 0.0000 
episode: 7 count: 100 score: -532.8034 average_last200: -270.5049 epis: 0.7214 loss: 0.0000 
episode: 8 count: 74 score: -119.3104 average_last200: -253.7055 epis: 0.6925 loss: 0.0000 
episode: 9 count: 140 score: -184.0057 average_last200: -246.7355 epis: 0.6648 loss: 0.0000 
episode: 10 count: 76 score: -562.1530 average_last200: -275.4098 epis: 0.6382 loss: 33.5900 
episode: 11 count: 114 score: -337.3848 average_last200: -280.5744 epis: 0.6127 loss: 40.3038 
episode: 12 count: 123 score: -211.1254 average_last200: -275.2322 epis: 0.5882 loss: 49.3924 
episode: 13 count: 181 score: -88.7149 average_last200: -261.9095 epis: 0.5647 loss: 60.6794 
episode: 14 count: 173 score: -274.3335 average_last200: -262.7378 epis: 0.5421 loss: 52.5592 
episode: 15 count: 139 score: -135.1835 average_last200: -254.7656 epis: 0.5204 loss: 37.5501 
episode: 16 count: 159 score: -190.2450 average_last200: -250.9703 epis: 0.4996 loss: 41.7740 
episode: 17 count: 168 score: -231.9285 average_last200: -249.9124 epis: 0.4796 loss: 43.7447 
episode: 18 count: 142 score: -50.2089 average_last200: -239.4017 epis: 0.4604 loss: 39.2522 
episode: 19 count: 143 score: -187.1620 average_last200: -236.7897 epis: 0.4420 loss: 43.7219 
episode: 20 count: 282 score: -219.4135 average_last200: -235.9623 epis: 0.4243 loss: 74.3414 
episode: 21 count: 206 score: -45.4621 average_last200: -227.3032 epis: 0.4073 loss: 45.9374 
episode: 22 count: 415 score: -124.4348 average_last200: -222.8307 epis: 0.3911 loss: 116.9833 
episode: 23 count: 491 score: -141.0316 average_last200: -219.4224 epis: 0.3754 loss: 121.5265 
episode: 24 count: 134 score: -125.2017 average_last200: -215.6535 epis: 0.3604 loss: 35.7561 
episode: 25 count: 1000 score: 35.8338 average_last200: -205.9809 epis: 0.3460 loss: 267.9038 
episode: 26 count: 206 score: -238.7377 average_last200: -207.1942 epis: 0.3321 loss: 57.3833 
episode: 27 count: 304 score: -258.3919 average_last200: -209.0226 epis: 0.3189 loss: 72.7608 
episode: 28 count: 267 score: -183.0978 average_last200: -208.1287 epis: 0.3061 loss: 63.4322 
episode: 29 count: 1000 score: 23.2640 average_last200: -200.4156 epis: 0.2939 loss: 241.0911 
episode: 30 count: 1000 score: -63.3427 average_last200: -195.9939 epis: 0.2821 loss: 222.3067 
episode: 31 count: 1000 score: -51.6085 average_last200: -191.4818 epis: 0.2708 loss: 197.5003 
episode: 32 count: 1000 score: -77.0733 average_last200: -188.0149 epis: 0.2600 loss: 200.3281 
episode: 33 count: 1000 score: -36.2267 average_last200: -183.5506 epis: 0.2496 loss: 200.2647 
episode: 34 count: 1000 score: -20.0305 average_last200: -178.8786 epis: 0.2396 loss: 198.0761 
episode: 35 count: 841 score: -180.7250 average_last200: -178.9298 epis: 0.2300 loss: 178.5215 
episode: 36 count: 437 score: -101.4900 average_last200: -176.8369 epis: 0.2208 loss: 88.5449 
episode: 37 count: 1000 score: -86.2242 average_last200: -174.4523 epis: 0.2120 loss: 206.4392 
episode: 38 count: 236 score: -136.3490 average_last200: -173.4753 epis: 0.2035 loss: 52.6689 
episode: 39 count: 1000 score: -136.0304 average_last200: -172.5392 epis: 0.1954 loss: 207.7719 
episode: 40 count: 1000 score: 82.3572 average_last200: -166.3222 epis: 0.1876 loss: 208.5505 
episode: 41 count: 1000 score: 70.2957 average_last200: -160.6885 epis: 0.1800 loss: 201.5496 
episode: 42 count: 1000 score: 21.9732 average_last200: -156.4405 epis: 0.1728 loss: 196.4526 
episode: 43 count: 404 score: -38.0760 average_last200: -153.7504 epis: 0.1659 loss: 79.4798 
episode: 44 count: 118 score: -37.6712 average_last200: -151.1709 epis: 0.1593 loss: 22.8459 
episode: 45 count: 217 score: -77.0076 average_last200: -149.5586 epis: 0.1529 loss: 46.1804 
episode: 46 count: 109 score: -64.8750 average_last200: -147.7568 epis: 0.1468 loss: 24.8226 
episode: 47 count: 1000 score: -105.4887 average_last200: -146.8763 epis: 0.1409 loss: 220.8926 
episode: 48 count: 1000 score: -124.9178 average_last200: -146.4281 epis: 0.1353 loss: 219.3876 
episode: 49 count: 1000 score: 63.9731 average_last200: -142.2201 epis: 0.1299 loss: 206.6770 
episode: 50 count: 1000 score: 36.5728 average_last200: -138.7144 epis: 0.1247 loss: 200.2780 
episode: 51 count: 707 score: 158.0564 average_last200: -133.0072 epis: 0.1197 loss: 147.4229 
episode: 52 count: 1000 score: -151.6319 average_last200: -133.3586 epis: 0.1149 loss: 207.1252 
episode: 53 count: 360 score: -141.5075 average_last200: -133.5095 epis: 0.1103 loss: 74.7605 
episode: 54 count: 546 score: -123.7241 average_last200: -133.3316 epis: 0.1059 loss: 118.8904 
episode: 55 count: 164 score: -81.7473 average_last200: -132.4105 epis: 0.1017 loss: 32.4383 
episode: 56 count: 240 score: -8.5778 average_last200: -130.2380 epis: 0.0976 loss: 47.5695 
episode: 57 count: 1000 score: 47.9903 average_last200: -127.1651 epis: 0.0937 loss: 205.0341 
episode: 58 count: 786 score: -204.3842 average_last200: -128.4739 epis: 0.0900 loss: 148.3450 
episode: 59 count: 432 score: 189.8778 average_last200: -123.1680 epis: 0.0864 loss: 84.9001 
episode: 60 count: 1000 score: -31.7804 average_last200: -121.6699 epis: 0.0829 loss: 204.3372 
episode: 61 count: 560 score: -153.1633 average_last200: -122.1778 epis: 0.0796 loss: 126.2611 
episode: 62 count: 339 score: -45.6238 average_last200: -120.9627 epis: 0.0764 loss: 71.5867 
episode: 63 count: 568 score: 159.2232 average_last200: -116.5848 epis: 0.0733 loss: 121.0890 
episode: 64 count: 610 score: 169.7261 average_last200: -112.1800 epis: 0.0704 loss: 121.3888 
episode: 65 count: 187 score: -1.7906 average_last200: -110.5074 epis: 0.0676 loss: 42.4327 
episode: 66 count: 1000 score: -87.3131 average_last200: -110.1612 epis: 0.0649 loss: 202.4950 
episode: 67 count: 662 score: -159.1886 average_last200: -110.8822 epis: 0.0623 loss: 117.6963 
episode: 68 count: 430 score: -95.6742 average_last200: -110.6618 epis: 0.0598 loss: 92.7557 
episode: 69 count: 153 score: -143.3837 average_last200: -111.1293 epis: 0.0574 loss: 36.5551 
episode: 70 count: 719 score: -143.5569 average_last200: -111.5860 epis: 0.0551 loss: 137.3047 
episode: 71 count: 1000 score: -51.2279 average_last200: -110.7477 epis: 0.0529 loss: 186.5930 
episode: 72 count: 602 score: -227.6365 average_last200: -112.3489 epis: 0.0508 loss: 116.2784 
episode: 73 count: 135 score: -130.0799 average_last200: -112.5885 epis: 0.0488 loss: 26.3796 
episode: 74 count: 873 score: 180.7509 average_last200: -108.6773 epis: 0.0468 loss: 169.3716 
episode: 75 count: 738 score: 150.1767 average_last200: -105.2714 epis: 0.0449 loss: 138.8823 
episode: 76 count: 528 score: 181.9443 average_last200: -101.5413 epis: 0.0431 loss: 97.0913 
episode: 77 count: 1000 score: -122.0299 average_last200: -101.8040 epis: 0.0414 loss: 189.1769 
episode: 78 count: 548 score: -134.5733 average_last200: -102.2188 epis: 0.0398 loss: 104.5109 
episode: 79 count: 1000 score: -93.2514 average_last200: -102.1067 epis: 0.0382 loss: 181.5996 
episode: 80 count: 568 score: 190.4987 average_last200: -98.4943 epis: 0.0366 loss: 106.5553 
episode: 81 count: 842 score: -517.2238 average_last200: -103.6007 epis: 0.0352 loss: 164.7537 
episode: 82 count: 269 score: 234.7493 average_last200: -99.5242 epis: 0.0338 loss: 52.9238 
episode: 83 count: 1000 score: -132.9121 average_last200: -99.9217 epis: 0.0324 loss: 179.9773 
episode: 84 count: 617 score: 162.6933 average_last200: -96.8321 epis: 0.0311 loss: 121.3753 
episode: 85 count: 1000 score: -117.4414 average_last200: -97.0717 epis: 0.0299 loss: 185.5024 
episode: 86 count: 512 score: 212.4055 average_last200: -93.5145 epis: 0.0287 loss: 102.2114 
episode: 87 count: 749 score: 94.3777 average_last200: -91.3794 epis: 0.0275 loss: 154.3488 
episode: 88 count: 252 score: 207.6748 average_last200: -88.0192 epis: 0.0264 loss: 53.0280 
episode: 89 count: 1000 score: -90.2707 average_last200: -88.0442 epis: 0.0254 loss: 203.3967 
episode: 90 count: 1000 score: -102.6523 average_last200: -88.2048 epis: 0.0244 loss: 184.3297 
episode: 91 count: 1000 score: -105.9250 average_last200: -88.3974 epis: 0.0234 loss: 198.7594 
episode: 92 count: 649 score: 79.4920 average_last200: -86.5921 epis: 0.0225 loss: 128.3748 
episode: 93 count: 1000 score: -191.5885 average_last200: -87.7091 epis: 0.0216 loss: 200.5414 
episode: 94 count: 403 score: 201.3134 average_last200: -84.6668 epis: 0.0207 loss: 81.9608 
episode: 95 count: 1000 score: -123.1247 average_last200: -85.0674 epis: 0.0199 loss: 189.8365 
episode: 96 count: 569 score: 119.3325 average_last200: -82.9602 epis: 0.0191 loss: 124.0919 
episode: 97 count: 586 score: 149.0528 average_last200: -80.5927 epis: 0.0183 loss: 114.6908 
episode: 98 count: 570 score: 156.1604 average_last200: -78.2012 epis: 0.0176 loss: 109.6368 
episode: 99 count: 403 score: -57.5865 average_last200: -77.9951 epis: 0.0169 loss: 66.8649 
episode: 100 count: 349 score: 189.6545 average_last200: -75.3451 epis: 0.0162 loss: 65.9933 
episode: 101 count: 1000 score: -95.3526 average_last200: -75.5412 epis: 0.0155 loss: 179.6477 
episode: 102 count: 774 score: 144.7485 average_last200: -73.4025 epis: 0.0149 loss: 140.2282 
episode: 103 count: 92 score: -63.5454 average_last200: -73.3077 epis: 0.0143 loss: 18.4142 
episode: 104 count: 492 score: 208.1091 average_last200: -70.6276 epis: 0.0138 loss: 92.7619 
episode: 105 count: 233 score: -31.8204 average_last200: -70.2615 epis: 0.0132 loss: 48.3753 
episode: 106 count: 842 score: 77.0044 average_last200: -68.8851 epis: 0.0127 loss: 156.8885 
episode: 107 count: 523 score: 223.0266 average_last200: -66.1823 epis: 0.0122 loss: 98.3229 
episode: 108 count: 249 score: 217.4745 average_last200: -63.5799 epis: 0.0117 loss: 49.6710 
episode: 109 count: 471 score: 184.7989 average_last200: -61.3219 epis: 0.0112 loss: 79.8644 
episode: 110 count: 457 score: 217.6529 average_last200: -58.8086 epis: 0.0108 loss: 82.3119 
episode: 111 count: 241 score: -30.4614 average_last200: -58.5555 epis: 0.0103 loss: 40.0701 
episode: 112 count: 454 score: 236.6403 average_last200: -55.9432 epis: 0.0099 loss: 77.8358 
episode: 113 count: 430 score: -136.6008 average_last200: -56.6507 epis: 0.0095 loss: 72.6906 
episode: 114 count: 281 score: 221.3965 average_last200: -54.2329 epis: 0.0091 loss: 62.1807 
episode: 115 count: 135 score: -47.7105 average_last200: -54.1767 epis: 0.0088 loss: 27.3390 
episode: 116 count: 384 score: 195.4890 average_last200: -52.0428 epis: 0.0084 loss: 74.3200 
episode: 117 count: 350 score: 169.3422 average_last200: -50.1666 epis: 0.0081 loss: 62.3477 
episode: 118 count: 223 score: -125.1319 average_last200: -50.7966 epis: 0.0078 loss: 37.2542 
episode: 119 count: 246 score: 210.7858 average_last200: -48.6167 epis: 0.0075 loss: 37.2506 
episode: 120 count: 412 score: 173.2324 average_last200: -46.7833 epis: 0.0072 loss: 70.6171 
episode: 121 count: 291 score: 228.2150 average_last200: -44.5292 epis: 0.0069 loss: 52.2027 
episode: 122 count: 330 score: -88.4005 average_last200: -44.8859 epis: 0.0066 loss: 63.7945 
episode: 123 count: 981 score: 162.5965 average_last200: -43.2126 epis: 0.0063 loss: 177.9817 
episode: 124 count: 256 score: 188.8348 average_last200: -41.3562 epis: 0.0061 loss: 39.8938 
episode: 125 count: 535 score: 233.6341 average_last200: -39.1738 epis: 0.0058 loss: 98.4342 
episode: 126 count: 291 score: 200.3986 average_last200: -37.2874 epis: 0.0056 loss: 49.4078 
episode: 127 count: 313 score: 199.9195 average_last200: -35.4342 epis: 0.0054 loss: 56.6814 
episode: 128 count: 272 score: 213.6054 average_last200: -33.5037 epis: 0.0052 loss: 44.6972 
episode: 129 count: 265 score: 187.9566 average_last200: -31.8001 epis: 0.0050 loss: 38.6911 
episode: 130 count: 266 score: -63.5986 average_last200: -32.0429 epis: 0.0048 loss: 48.6863 
episode: 131 count: 182 score: -28.6428 average_last200: -32.0171 epis: 0.0046 loss: 44.3678 
episode: 132 count: 198 score: 196.4141 average_last200: -30.2996 epis: 0.0044 loss: 34.6634 
episode: 133 count: 75 score: -62.7585 average_last200: -30.5418 epis: 0.0042 loss: 17.1724 
episode: 134 count: 399 score: 212.5538 average_last200: -28.7411 epis: 0.0040 loss: 91.6332 
episode: 135 count: 156 score: -23.4230 average_last200: -28.7020 epis: 0.0039 loss: 32.8766 
episode: 136 count: 481 score: 181.0843 average_last200: -27.1707 epis: 0.0037 loss: 89.8893 
episode: 137 count: 294 score: 171.5071 average_last200: -25.7310 epis: 0.0036 loss: 56.3612 
episode: 138 count: 179 score: -86.5251 average_last200: -26.1684 epis: 0.0034 loss: 32.8116 
episode: 139 count: 896 score: 211.7540 average_last200: -24.4689 epis: 0.0033 loss: 185.3175 
episode: 140 count: 244 score: 219.2318 average_last200: -22.7406 epis: 0.0032 loss: 52.7032 
episode: 141 count: 489 score: 215.8485 average_last200: -21.0604 epis: 0.0030 loss: 106.0773 
episode: 142 count: 286 score: 203.6690 average_last200: -19.4888 epis: 0.0029 loss: 53.2896 
episode: 143 count: 255 score: 236.1969 average_last200: -17.7132 epis: 0.0028 loss: 49.0088 
episode: 144 count: 617 score: 153.0206 average_last200: -16.5357 epis: 0.0027 loss: 125.7682 
episode: 145 count: 193 score: 192.5448 average_last200: -15.1037 epis: 0.0026 loss: 42.4826 
episode: 146 count: 665 score: 153.2388 average_last200: -13.9585 epis: 0.0025 loss: 136.4998 
episode: 147 count: 471 score: 119.1336 average_last200: -13.0592 epis: 0.0024 loss: 106.0253 
episode: 148 count: 221 score: -84.6752 average_last200: -13.5399 epis: 0.0023 loss: 43.1303 
episode: 149 count: 289 score: -43.0097 average_last200: -13.7363 epis: 0.0022 loss: 70.4169 
episode: 150 count: 219 score: 212.3228 average_last200: -12.2393 epis: 0.0021 loss: 46.7341 
episode: 151 count: 355 score: 250.0062 average_last200: -10.5140 epis: 0.0020 loss: 76.5763 
episode: 152 count: 259 score: 190.8985 average_last200: -9.1975 epis: 0.0019 loss: 59.7729 
episode: 153 count: 277 score: -24.5433 average_last200: -9.2972 epis: 0.0019 loss: 48.6717 
episode: 154 count: 294 score: 208.8603 average_last200: -7.8897 epis: 0.0018 loss: 56.9112 
episode: 155 count: 256 score: -60.8021 average_last200: -8.2289 epis: 0.0017 loss: 48.5700 
episode: 156 count: 167 score: -103.4124 average_last200: -8.8352 epis: 0.0016 loss: 40.7455 
episode: 157 count: 135 score: -181.6834 average_last200: -9.9291 epis: 0.0016 loss: 26.2695 
episode: 158 count: 401 score: 229.7569 average_last200: -8.4217 epis: 0.0015 loss: 85.7136 
episode: 159 count: 488 score: 217.6154 average_last200: -7.0090 epis: 0.0015 loss: 99.0298 
episode: 160 count: 86 score: -42.9952 average_last200: -7.2325 epis: 0.0014 loss: 16.9155 
episode: 161 count: 359 score: 194.3023 average_last200: -5.9884 epis: 0.0013 loss: 80.3803 
episode: 162 count: 250 score: 217.6088 average_last200: -4.6167 epis: 0.0013 loss: 50.3327 
episode: 163 count: 299 score: 179.5313 average_last200: -3.4938 epis: 0.0012 loss: 56.6508 
episode: 164 count: 309 score: 169.3405 average_last200: -2.4463 epis: 0.0012 loss: 60.1970 
episode: 165 count: 664 score: 179.4591 average_last200: -1.3505 epis: 0.0011 loss: 126.6073 
episode: 166 count: 457 score: 181.1646 average_last200: -0.2576 epis: 0.0011 loss: 101.4606 
episode: 167 count: 252 score: 232.6833 average_last200: 1.1289 epis: 0.0011 loss: 55.0903 
episode: 168 count: 291 score: 213.1313 average_last200: 2.3834 epis: 0.0010 loss: 55.3826 
episode: 169 count: 333 score: 167.0702 average_last200: 3.3521 epis: 0.0010 loss: 76.0670 
episode: 170 count: 150 score: 228.8258 average_last200: 4.6707 epis: 0.0009 loss: 30.5717 
episode: 171 count: 219 score: 252.7846 average_last200: 6.1132 epis: 0.0009 loss: 40.7474 
episode: 172 count: 544 score: 144.7295 average_last200: 6.9145 epis: 0.0009 loss: 111.1117 
episode: 173 count: 611 score: 142.7615 average_last200: 7.6952 epis: 0.0008 loss: 126.2436 
episode: 174 count: 565 score: 190.3146 average_last200: 8.7387 epis: 0.0008 loss: 104.4319 
episode: 175 count: 299 score: 205.2376 average_last200: 9.8552 epis: 0.0008 loss: 51.3432 
episode: 176 count: 641 score: 223.2013 average_last200: 11.0606 epis: 0.0007 loss: 125.9072 
episode: 177 count: 343 score: 193.8257 average_last200: 12.0873 epis: 0.0007 loss: 72.9480 
episode: 178 count: 582 score: 127.2096 average_last200: 12.7305 epis: 0.0007 loss: 114.3507 
episode: 179 count: 276 score: 213.0335 average_last200: 13.8433 epis: 0.0006 loss: 51.6575 
episode: 180 count: 270 score: 218.2702 average_last200: 14.9727 epis: 0.0006 loss: 58.2948 
episode: 181 count: 276 score: 215.6570 average_last200: 16.0754 epis: 0.0006 loss: 64.9082 
episode: 182 count: 245 score: 192.1580 average_last200: 17.0376 epis: 0.0006 loss: 42.2854 
episode: 183 count: 228 score: 205.1586 average_last200: 18.0600 epis: 0.0005 loss: 50.6293 
episode: 184 count: 232 score: 224.7972 average_last200: 19.1775 epis: 0.0005 loss: 48.3618 
episode: 185 count: 306 score: 197.9475 average_last200: 20.1386 epis: 0.0005 loss: 65.6209 
episode: 186 count: 414 score: 175.7944 average_last200: 20.9710 epis: 0.0005 loss: 77.0884 
episode: 187 count: 549 score: 161.7288 average_last200: 21.7197 epis: 0.0005 loss: 107.8466 
episode: 188 count: 379 score: 180.0888 average_last200: 22.5576 epis: 0.0004 loss: 77.1602 
episode: 189 count: 364 score: 212.2612 average_last200: 23.5560 epis: 0.0004 loss: 75.8201 
episode: 190 count: 361 score: 220.6601 average_last200: 24.5880 epis: 0.0004 loss: 64.7135 
episode: 191 count: 353 score: 252.8234 average_last200: 25.7767 epis: 0.0004 loss: 73.4219 
episode: 192 count: 218 score: 218.4545 average_last200: 26.7751 epis: 0.0004 loss: 49.5566 
episode: 193 count: 242 score: -50.2392 average_last200: 26.3781 epis: 0.0004 loss: 50.0430 
episode: 194 count: 181 score: 210.9606 average_last200: 27.3247 epis: 0.0003 loss: 40.8161 
episode: 195 count: 341 score: 213.9853 average_last200: 28.2770 epis: 0.0003 loss: 64.5094 
episode: 196 count: 343 score: 166.8509 average_last200: 28.9804 epis: 0.0003 loss: 66.1232 
episode: 197 count: 159 score: -6.4466 average_last200: 28.8015 epis: 0.0003 loss: 34.5367 
episode: 198 count: 635 score: 98.9021 average_last200: 29.1538 epis: 0.0003 loss: 128.1270 
episode: 199 count: 870 score: 73.7077 average_last200: 29.3765 epis: 0.0003 loss: 167.2881 
episode: 200 count: 209 score: 184.8174 average_last200: 31.3094 epis: 0.0003 loss: 45.5609 
episode: 201 count: 199 score: -134.0072 average_last200: 31.4796 epis: 0.0003 loss: 40.7310 
episode: 202 count: 644 score: 101.5943 average_last200: 32.8399 epis: 0.0003 loss: 123.9431 
episode: 203 count: 209 score: -50.9137 average_last200: 34.2009 epis: 0.0002 loss: 40.8972 
episode: 204 count: 218 score: 241.0458 average_last200: 37.0756 epis: 0.0002 loss: 39.7429 
episode: 205 count: 204 score: 217.9351 average_last200: 38.9433 epis: 0.0002 loss: 47.9623 
episode: 206 count: 363 score: 187.1264 average_last200: 41.2707 epis: 0.0002 loss: 80.4398 
episode: 207 count: 282 score: 207.5961 average_last200: 44.9727 epis: 0.0002 loss: 57.4757 
episode: 208 count: 389 score: 182.1694 average_last200: 46.4801 epis: 0.0002 loss: 89.2324 
episode: 209 count: 302 score: 189.2317 average_last200: 48.3463 epis: 0.0002 loss: 66.7179 
episode: 210 count: 238 score: 218.0322 average_last200: 52.2472 epis: 0.0002 loss: 57.8317 
episode: 211 count: 263 score: -110.9316 average_last200: 53.3795 epis: 0.0002 loss: 55.0055 
episode: 212 count: 1000 score: -58.5266 average_last200: 54.1425 epis: 0.0002 loss: 205.4977 
episode: 213 count: 235 score: 187.9163 average_last200: 55.5256 epis: 0.0002 loss: 40.7548 
episode: 214 count: 540 score: 177.1068 average_last200: 57.7828 epis: 0.0002 loss: 102.6431 
episode: 215 count: 286 score: 219.7297 average_last200: 59.5574 epis: 0.0001 loss: 76.8824 
episode: 216 count: 247 score: 233.5368 average_last200: 61.6763 epis: 0.0001 loss: 50.7745 
episode: 217 count: 489 score: 139.8041 average_last200: 63.5350 epis: 0.0001 loss: 108.6870 
episode: 218 count: 628 score: 182.0916 average_last200: 64.6965 epis: 0.0001 loss: 153.7334 
episode: 219 count: 866 score: 81.9923 average_last200: 66.0422 epis: 0.0001 loss: 193.0322 
episode: 220 count: 279 score: 135.9191 average_last200: 67.8189 epis: 0.0001 loss: 57.3953 
episode: 221 count: 455 score: 171.1666 average_last200: 68.9021 epis: 0.0001 loss: 99.6406 
episode: 222 count: 179 score: -37.2084 average_last200: 69.3382 epis: 0.0001 loss: 40.0490 
episode: 223 count: 77 score: -260.9146 average_last200: 68.7388 epis: 0.0001 loss: 17.7760 
episode: 224 count: 82 score: -71.0596 average_last200: 69.0095 epis: 0.0001 loss: 14.9710 
episode: 225 count: 83 score: -164.6730 average_last200: 68.0069 epis: 0.0001 loss: 22.7003 
episode: 226 count: 150 score: -23.2787 average_last200: 69.0842 epis: 0.0001 loss: 28.2686 
episode: 227 count: 261 score: 199.8015 average_last200: 71.3752 epis: 0.0001 loss: 51.7255 
episode: 228 count: 190 score: 206.4956 average_last200: 73.3232 epis: 0.0001 loss: 38.7452 
episode: 229 count: 164 score: 249.9653 average_last200: 74.4567 epis: 0.0001 loss: 35.1526 
episode: 230 count: 230 score: 250.5437 average_last200: 76.0261 epis: 0.0001 loss: 45.7508 
episode: 231 count: 334 score: 189.2492 average_last200: 77.2304 epis: 0.0001 loss: 68.1334 
episode: 232 count: 217 score: 210.3797 average_last200: 78.6677 epis: 0.0001 loss: 40.3715 
episode: 233 count: 193 score: 210.3941 average_last200: 79.9008 epis: 0.0001 loss: 41.8513 
episode: 234 count: 251 score: 254.6141 average_last200: 81.2740 epis: 0.0001 loss: 45.3747 
episode: 235 count: 230 score: 242.8298 average_last200: 83.3918 epis: 0.0001 loss: 40.4407 
episode: 236 count: 537 score: 221.9002 average_last200: 85.0087 epis: 0.0001 loss: 101.9801 
episode: 237 count: 237 score: 230.6101 average_last200: 86.5929 epis: 0.0001 loss: 43.4562 
episode: 238 count: 320 score: 207.4823 average_last200: 88.3120 epis: 0.0001 loss: 59.3726 
episode: 239 count: 274 score: 190.9020 average_last200: 89.9467 epis: 0.0001 loss: 43.4541 
episode: 240 count: 307 score: 181.7860 average_last200: 90.4439 epis: 0.0001 loss: 52.9235 
episode: 241 count: 244 score: 224.6301 average_last200: 91.2155 epis: 0.0001 loss: 39.4220 
episode: 242 count: 522 score: 150.2784 average_last200: 91.8571 epis: 0.0000 loss: 98.5343 
episode: 243 count: 238 score: 221.4537 average_last200: 93.1547 epis: 0.0000 loss: 37.5267 
episode: 244 count: 279 score: 256.8769 average_last200: 94.6274 epis: 0.0000 loss: 47.7259 
episode: 245 count: 203 score: 214.9296 average_last200: 96.0871 epis: 0.0000 loss: 32.0551 
episode: 246 count: 242 score: -18.2081 average_last200: 96.3205 epis: 0.0000 loss: 40.9531 
episode: 247 count: 664 score: 111.4869 average_last200: 97.4053 epis: 0.0000 loss: 117.2304 
episode: 248 count: 1000 score: -97.2128 average_last200: 97.5439 epis: 0.0000 loss: 169.2216 
episode: 249 count: 198 score: 244.8376 average_last200: 98.4482 epis: 0.0000 loss: 33.6823 
episode: 250 count: 705 score: 85.9358 average_last200: 98.6950 epis: 0.0000 loss: 116.7646 
episode: 251 count: 505 score: 139.1627 average_last200: 98.6005 epis: 0.0000 loss: 81.9030 
episode: 252 count: 270 score: 199.5132 average_last200: 100.3563 epis: 0.0000 loss: 46.0453 
episode: 253 count: 554 score: 152.2127 average_last200: 101.8249 epis: 0.0000 loss: 85.1129 
episode: 254 count: 345 score: 232.2878 average_last200: 103.6049 epis: 0.0000 loss: 57.5265 
episode: 255 count: 220 score: 244.3883 average_last200: 105.2356 epis: 0.0000 loss: 36.2821 
episode: 256 count: 298 score: 217.2435 average_last200: 106.3647 epis: 0.0000 loss: 47.3839 
episode: 257 count: 269 score: 248.0246 average_last200: 107.3649 epis: 0.0000 loss: 40.2637 
episode: 258 count: 207 score: -34.5373 average_last200: 108.2141 epis: 0.0000 loss: 30.8472 
episode: 259 count: 914 score: 115.9460 average_last200: 107.8445 epis: 0.0000 loss: 151.1166 
episode: 260 count: 309 score: 216.5563 average_last200: 109.0861 epis: 0.0000 loss: 56.8646 
episode: 261 count: 278 score: 262.2935 average_last200: 111.1634 epis: 0.0000 loss: 48.6460 
episode: 262 count: 145 score: -104.8716 average_last200: 110.8672 epis: 0.0000 loss: 24.7910 
episode: 263 count: 179 score: -14.6076 average_last200: 109.9980 epis: 0.0000 loss: 36.9797 
episode: 264 count: 203 score: 176.6138 average_last200: 110.0325 epis: 0.0000 loss: 33.5409 
episode: 265 count: 212 score: -3.3412 average_last200: 110.0247 epis: 0.0000 loss: 40.0015 
episode: 266 count: 261 score: 227.4796 average_last200: 111.5987 epis: 0.0000 loss: 39.2362 
episode: 267 count: 250 score: 197.0894 average_last200: 113.3801 epis: 0.0000 loss: 36.9858 
episode: 268 count: 549 score: 192.4201 average_last200: 114.8205 epis: 0.0000 loss: 102.3868 
episode: 269 count: 316 score: 194.6546 average_last200: 116.5107 epis: 0.0000 loss: 63.4112 
episode: 270 count: 245 score: 212.4300 average_last200: 118.2907 epis: 0.0000 loss: 35.4217 
episode: 271 count: 196 score: 198.3954 average_last200: 119.5388 epis: 0.0000 loss: 36.5745 
episode: 272 count: 292 score: 244.0266 average_last200: 121.8971 epis: 0.0000 loss: 51.6358 
episode: 273 count: 218 score: 201.3904 average_last200: 123.5544 epis: 0.0000 loss: 46.2081 
episode: 274 count: 255 score: 174.0926 average_last200: 123.5212 epis: 0.0000 loss: 47.4788 
episode: 275 count: 268 score: 191.8538 average_last200: 123.7295 epis: 0.0000 loss: 58.6297 
episode: 276 count: 196 score: -2.1630 average_last200: 122.8090 epis: 0.0000 loss: 30.3825 
episode: 277 count: 128 score: -17.6701 average_last200: 123.3308 epis: 0.0000 loss: 20.5056 
episode: 278 count: 176 score: 228.6103 average_last200: 125.1467 epis: 0.0000 loss: 22.6768 
episode: 279 count: 115 score: -52.8151 average_last200: 125.3489 epis: 0.0000 loss: 21.2894 
episode: 280 count: 173 score: 188.7287 average_last200: 125.3401 epis: 0.0000 loss: 29.3440 
episode: 281 count: 999 score: -202.0261 average_last200: 126.9160 epis: 0.0000 loss: 181.3320 
episode: 282 count: 259 score: 213.1683 average_last200: 126.8081 epis: 0.0000 loss: 47.3814 
episode: 283 count: 127 score: -22.0286 average_last200: 127.3626 epis: 0.0000 loss: 26.1645 
episode: 284 count: 442 score: -294.6434 average_last200: 125.0759 epis: 0.0000 loss: 68.1563 
episode: 285 count: 535 score: 137.0773 average_last200: 126.3485 epis: 0.0000 loss: 88.9387 
episode: 286 count: 288 score: 215.3333 average_last200: 126.3631 epis: 0.0000 loss: 65.1306 
episode: 287 count: 711 score: 238.4608 average_last200: 127.0835 epis: 0.0000 loss: 140.9766 
episode: 288 count: 250 score: 188.4753 average_last200: 126.9875 epis: 0.0000 loss: 52.0752 
episode: 289 count: 190 score: 230.8465 average_last200: 128.5931 epis: 0.0000 loss: 31.1348 
episode: 290 count: 137 score: -8.4325 average_last200: 129.0642 epis: 0.0000 loss: 21.4148 
episode: 291 count: 139 score: 2.4142 average_last200: 129.6059 epis: 0.0000 loss: 29.4991 
episode: 292 count: 242 score: 220.6661 average_last200: 130.3118 epis: 0.0000 loss: 45.4088 
episode: 293 count: 381 score: 224.8360 average_last200: 132.3939 epis: 0.0000 loss: 70.6615 
episode: 294 count: 138 score: -139.9090 average_last200: 130.6878 epis: 0.0000 loss: 27.6099 
episode: 295 count: 216 score: 256.8013 average_last200: 132.5874 epis: 0.0000 loss: 41.2760 
episode: 296 count: 251 score: 240.6721 average_last200: 133.1941 epis: 0.0000 loss: 48.2061 
episode: 297 count: 115 score: -4.4138 average_last200: 132.4268 epis: 0.0000 loss: 25.1156 
episode: 298 count: 540 score: 169.0912 average_last200: 132.4914 epis: 0.0000 loss: 99.2342 
episode: 299 count: 300 score: 189.4880 average_last200: 133.7268 epis: 0.0000 loss: 57.5119 
episode: 300 count: 151 score: -23.3593 average_last200: 132.6617 epis: 0.0000 loss: 37.0545 
episode: 301 count: 134 score: -0.6915 average_last200: 133.1350 epis: 0.0000 loss: 25.2365 
episode: 302 count: 249 score: 223.5965 average_last200: 133.5293 epis: 0.0000 loss: 47.8141 
episode: 303 count: 668 score: 209.0578 average_last200: 134.8923 epis: 0.0000 loss: 126.7985 
episode: 304 count: 291 score: 195.9827 average_last200: 134.8317 epis: 0.0000 loss: 59.1480 
episode: 305 count: 189 score: 244.4185 average_last200: 136.2129 epis: 0.0000 loss: 33.8122 
episode: 306 count: 171 score: 217.0332 average_last200: 136.9130 epis: 0.0000 loss: 27.9242 
episode: 307 count: 190 score: 196.8683 average_last200: 136.7822 epis: 0.0000 loss: 35.7953 
episode: 308 count: 211 score: 253.4499 average_last200: 136.9621 epis: 0.0000 loss: 44.0643 
episode: 309 count: 208 score: 205.0513 average_last200: 137.0634 epis: 0.0000 loss: 39.4779 
episode: 310 count: 130 score: -16.8979 average_last200: 135.8906 epis: 0.0000 loss: 18.0852 
episode: 311 count: 255 score: -61.1284 average_last200: 135.7373 epis: 0.0000 loss: 39.3908 
episode: 312 count: 131 score: -50.2068 average_last200: 134.3030 epis: 0.0000 loss: 22.8660 
episode: 313 count: 249 score: 197.3296 average_last200: 135.9727 epis: 0.0000 loss: 58.9835 
episode: 314 count: 311 score: 229.5678 average_last200: 136.0135 epis: 0.0000 loss: 51.0918 
episode: 315 count: 295 score: 216.3249 average_last200: 137.3337 epis: 0.0000 loss: 56.7754 
episode: 316 count: 162 score: 18.0258 average_last200: 136.4464 epis: 0.0000 loss: 29.7945 
episode: 317 count: 111 score: -16.2484 average_last200: 135.5184 epis: 0.0000 loss: 17.9620 
episode: 318 count: 167 score: 231.0221 average_last200: 137.2992 epis: 0.0000 loss: 27.5597 
episode: 319 count: 120 score: -9.8546 average_last200: 136.1960 epis: 0.0000 loss: 26.8899 
episode: 320 count: 418 score: 209.4458 average_last200: 136.3771 epis: 0.0000 loss: 89.0694 
episode: 321 count: 205 score: 203.8836 average_last200: 136.2554 epis: 0.0000 loss: 39.6087 
episode: 322 count: 128 score: -26.8674 average_last200: 136.5631 epis: 0.0000 loss: 21.6556 
episode: 323 count: 288 score: 207.5050 average_last200: 136.7876 epis: 0.0000 loss: 60.2654 
episode: 324 count: 452 score: 188.6015 average_last200: 136.7865 epis: 0.0000 loss: 83.5696 
episode: 325 count: 168 score: 2.3702 average_last200: 135.6301 epis: 0.0000 loss: 35.5936 
episode: 326 count: 279 score: 174.9140 average_last200: 135.5027 epis: 0.0000 loss: 52.2313 
episode: 327 count: 348 score: 189.0064 average_last200: 135.4482 epis: 0.0000 loss: 62.2881 
episode: 328 count: 700 score: 188.9408 average_last200: 135.3248 epis: 0.0000 loss: 127.1506 
episode: 329 count: 139 score: 8.7008 average_last200: 134.4286 epis: 0.0000 loss: 31.2160 
episode: 330 count: 157 score: -542.1215 average_last200: 132.0359 epis: 0.0000 loss: 27.8756 
episode: 331 count: 246 score: -57.1084 average_last200: 131.8936 epis: 0.0000 loss: 52.6996 
episode: 332 count: 270 score: 200.9293 average_last200: 131.9162 epis: 0.0000 loss: 60.2636 
episode: 333 count: 291 score: 238.8215 average_last200: 133.4241 epis: 0.0000 loss: 53.8309 
episode: 334 count: 171 score: -46.8273 average_last200: 132.1272 epis: 0.0000 loss: 33.5439 
episode: 335 count: 364 score: 166.8433 average_last200: 133.0785 epis: 0.0000 loss: 74.8615 
episode: 336 count: 169 score: -61.9131 average_last200: 131.8635 epis: 0.0000 loss: 28.9650 
episode: 337 count: 335 score: -48.7171 average_last200: 130.7624 epis: 0.0000 loss: 64.1902 
episode: 338 count: 156 score: -36.7680 average_last200: 131.0112 epis: 0.0000 loss: 32.3928 
episode: 339 count: 190 score: -34.0270 average_last200: 129.7823 epis: 0.0000 loss: 42.0957 
episode: 340 count: 546 score: 210.6754 average_last200: 129.7395 epis: 0.0000 loss: 92.4672 
episode: 341 count: 433 score: 163.1519 average_last200: 129.4760 epis: 0.0000 loss: 84.7789 
episode: 342 count: 154 score: -13.9824 average_last200: 128.3878 epis: 0.0000 loss: 31.8460 
episode: 343 count: 259 score: -10.0064 average_last200: 127.1567 epis: 0.0000 loss: 45.2053 
episode: 344 count: 233 score: 6.7832 average_last200: 126.4256 epis: 0.0000 loss: 47.4388 
episode: 345 count: 211 score: -94.0116 average_last200: 124.9928 epis: 0.0000 loss: 45.6689 
episode: 346 count: 115 score: -89.3864 average_last200: 123.7797 epis: 0.0000 loss: 18.0257 
episode: 347 count: 228 score: -71.7086 average_last200: 122.8254 epis: 0.0000 loss: 40.5860 
episode: 348 count: 249 score: -28.6614 average_last200: 123.1055 epis: 0.0000 loss: 45.1779 
episode: 349 count: 251 score: -37.4888 average_last200: 123.1331 epis: 0.0000 loss: 46.8654 
episode: 350 count: 141 score: -22.5665 average_last200: 121.9587 epis: 0.0000 loss: 23.7513 
episode: 351 count: 191 score: -41.6417 average_last200: 120.5004 epis: 0.0000 loss: 32.7513 
episode: 352 count: 252 score: -57.7999 average_last200: 119.2569 epis: 0.0000 loss: 47.0896 
episode: 353 count: 267 score: -108.5463 average_last200: 118.8369 epis: 0.0000 loss: 50.2028 
episode: 354 count: 239 score: -9.1401 average_last200: 117.7469 epis: 0.0000 loss: 41.0262 
episode: 355 count: 237 score: -3.6895 average_last200: 118.0325 epis: 0.0000 loss: 44.8075 
episode: 356 count: 153 score: -19.1227 average_last200: 118.4539 epis: 0.0000 loss: 30.1184 
episode: 357 count: 154 score: -32.5163 average_last200: 119.1998 epis: 0.0000 loss: 31.5692 
episode: 358 count: 238 score: -93.5846 average_last200: 117.5831 epis: 0.0000 loss: 38.4039 
episode: 359 count: 171 score: -24.0519 average_last200: 116.3747 epis: 0.0000 loss: 31.8913 
episode: 360 count: 119 score: -54.6269 average_last200: 116.3166 epis: 0.0000 loss: 19.5037 
episode: 361 count: 126 score: -37.0431 average_last200: 115.1598 epis: 0.0000 loss: 22.9703 
episode: 362 count: 207 score: -63.7380 average_last200: 113.7531 epis: 0.0000 loss: 38.8362 
episode: 363 count: 125 score: -11.1268 average_last200: 112.7998 epis: 0.0000 loss: 24.8853 
episode: 364 count: 189 score: 8.1627 average_last200: 111.9939 epis: 0.0000 loss: 35.2318 
episode: 365 count: 405 score: 209.4844 average_last200: 112.1440 epis: 0.0000 loss: 81.6100 
episode: 366 count: 93 score: 8.5845 average_last200: 111.2811 epis: 0.0000 loss: 17.3842 
episode: 367 count: 218 score: -14.1137 average_last200: 110.0472 epis: 0.0000 loss: 38.7233 
episode: 368 count: 186 score: -57.3779 average_last200: 108.6946 epis: 0.0000 loss: 35.9143 
episode: 369 count: 200 score: -15.0078 average_last200: 107.7842 epis: 0.0000 loss: 38.8736 
episode: 370 count: 218 score: -34.3496 average_last200: 106.4683 epis: 0.0000 loss: 38.0633 
episode: 371 count: 195 score: -6.5997 average_last200: 105.1714 epis: 0.0000 loss: 44.7642 
episode: 372 count: 109 score: -23.9474 average_last200: 104.3280 epis: 0.0000 loss: 27.0218 
episode: 373 count: 143 score: -22.2012 average_last200: 103.5032 epis: 0.0000 loss: 29.1580 
episode: 374 count: 88 score: -49.1884 average_last200: 102.3057 epis: 0.0000 loss: 17.0479 
episode: 375 count: 206 score: -1.5141 average_last200: 101.2720 epis: 0.0000 loss: 40.3952 
episode: 376 count: 237 score: -32.5491 average_last200: 99.9932 epis: 0.0000 loss: 47.8374 
episode: 377 count: 198 score: 20.0657 average_last200: 99.1244 epis: 0.0000 loss: 40.0946 
episode: 378 count: 275 score: -70.2125 average_last200: 98.1373 epis: 0.0000 loss: 55.6348 
episode: 379 count: 203 score: -48.5789 average_last200: 96.8292 epis: 0.0000 loss: 56.3577 
episode: 380 count: 182 score: -57.2757 average_last200: 95.4515 epis: 0.0000 loss: 35.9187 
episode: 381 count: 361 score: 228.9267 average_last200: 95.5179 epis: 0.0000 loss: 77.5490 
episode: 382 count: 156 score: -6.1399 average_last200: 94.5264 epis: 0.0000 loss: 33.2900 
episode: 383 count: 124 score: -34.8629 average_last200: 93.3263 epis: 0.0000 loss: 24.3589 
episode: 384 count: 171 score: 11.7176 average_last200: 92.2609 epis: 0.0000 loss: 37.8876 
episode: 385 count: 152 score: -44.4202 average_last200: 91.0490 epis: 0.0000 loss: 32.3102 
episode: 386 count: 101 score: -43.2547 average_last200: 89.9538 epis: 0.0000 loss: 17.7515 
episode: 387 count: 154 score: -83.1079 average_last200: 88.7296 epis: 0.0000 loss: 39.2895 
episode: 388 count: 509 score: 220.4465 average_last200: 88.9314 epis: 0.0000 loss: 111.7125 
episode: 389 count: 165 score: -45.5935 average_last200: 87.6421 epis: 0.0000 loss: 35.7097 
episode: 390 count: 292 score: -45.0560 average_last200: 86.3135 epis: 0.0000 loss: 62.7696 
episode: 391 count: 180 score: -19.7794 average_last200: 84.9505 epis: 0.0000 loss: 41.7059 
episode: 392 count: 191 score: -9.0161 average_last200: 83.8132 epis: 0.0000 loss: 40.4658 
episode: 393 count: 190 score: -22.0511 average_last200: 83.9541 epis: 0.0000 loss: 34.5468 
episode: 394 count: 293 score: -5.8440 average_last200: 82.8701 epis: 0.0000 loss: 67.7145 
episode: 395 count: 116 score: -16.5717 average_last200: 81.7173 epis: 0.0000 loss: 22.6815 
episode: 396 count: 163 score: -38.8459 average_last200: 80.6888 epis: 0.0000 loss: 25.2350 
episode: 397 count: 128 score: -91.3793 average_last200: 80.2641 epis: 0.0000 loss: 27.1236 
episode: 398 count: 207 score: -35.1249 average_last200: 79.5940 epis: 0.0000 loss: 47.7485 
episode: 399 count: 215 score: -0.0538 average_last200: 79.2252 epis: 0.0000 loss: 44.8177 
episode: 400 count: 229 score: 217.3374 average_last200: 79.3878 epis: 0.0000 loss: 54.8861 
episode: 401 count: 221 score: 5.2635 average_last200: 80.0842 epis: 0.0000 loss: 48.0201 
episode: 402 count: 602 score: 179.9709 average_last200: 80.4760 epis: 0.0000 loss: 130.5079 
episode: 403 count: 141 score: -37.2467 average_last200: 80.5444 epis: 0.0000 loss: 29.1575 
episode: 404 count: 140 score: -24.5538 average_last200: 79.2164 epis: 0.0000 loss: 34.7300 
episode: 405 count: 283 score: 247.1960 average_last200: 79.3627 epis: 0.0000 loss: 58.0834 
episode: 406 count: 625 score: 142.4133 average_last200: 79.1391 epis: 0.0000 loss: 137.4109 
episode: 407 count: 174 score: 234.4935 average_last200: 79.2736 epis: 0.0000 loss: 43.6440 
episode: 408 count: 135 score: -107.4090 average_last200: 77.8257 epis: 0.0000 loss: 31.0071 
episode: 409 count: 194 score: -65.5412 average_last200: 76.5518 epis: 0.0000 loss: 41.3879 
episode: 410 count: 136 score: -13.1673 average_last200: 75.3958 epis: 0.0000 loss: 26.6737 
episode: 411 count: 214 score: 234.7776 average_last200: 77.1244 epis: 0.0000 loss: 48.8685 
episode: 412 count: 195 score: 19.3289 average_last200: 77.5137 epis: 0.0000 loss: 51.0995 
episode: 413 count: 168 score: 244.0670 average_last200: 77.7944 epis: 0.0000 loss: 35.9825 
episode: 414 count: 175 score: -30.5071 average_last200: 76.7564 epis: 0.0000 loss: 46.5557 
episode: 415 count: 129 score: -45.0901 average_last200: 75.4323 epis: 0.0000 loss: 33.4134 
episode: 416 count: 237 score: -27.8960 average_last200: 74.1251 epis: 0.0000 loss: 57.3888 
episode: 417 count: 107 score: -22.1887 average_last200: 73.3151 epis: 0.0000 loss: 21.3920 
episode: 418 count: 339 score: 222.1260 average_last200: 73.5153 epis: 0.0000 loss: 74.5507 
episode: 419 count: 145 score: -23.3240 average_last200: 72.9887 epis: 0.0000 loss: 37.3962 
episode: 420 count: 115 score: -24.7426 average_last200: 72.1854 epis: 0.0000 loss: 25.8242 
episode: 421 count: 223 score: 233.6958 average_last200: 72.4981 epis: 0.0000 loss: 47.2320 
episode: 422 count: 283 score: 245.9526 average_last200: 73.9139 epis: 0.0000 loss: 71.2111 
episode: 423 count: 148 score: -14.6328 average_last200: 75.1453 epis: 0.0000 loss: 35.3925 
episode: 424 count: 145 score: -26.4839 average_last200: 75.3681 epis: 0.0000 loss: 32.5181 
episode: 425 count: 319 score: -39.0102 average_last200: 75.9965 epis: 0.0000 loss: 75.2451 
episode: 426 count: 135 score: -8.9358 average_last200: 76.0682 epis: 0.0000 loss: 32.5951 
episode: 427 count: 160 score: 6.8652 average_last200: 75.1035 epis: 0.0000 loss: 32.6245 
episode: 428 count: 284 score: 217.3047 average_last200: 75.1575 epis: 0.0000 loss: 58.6866 
episode: 429 count: 309 score: 246.0163 average_last200: 75.1378 epis: 0.0000 loss: 65.2625 
episode: 430 count: 250 score: 239.6820 average_last200: 75.0835 epis: 0.0000 loss: 55.6802 
episode: 431 count: 115 score: -38.8479 average_last200: 73.9430 epis: 0.0000 loss: 26.3080 
episode: 432 count: 203 score: -26.0505 average_last200: 72.7608 epis: 0.0000 loss: 38.3040 
episode: 433 count: 135 score: 14.4166 average_last200: 71.7810 epis: 0.0000 loss: 30.5966 
episode: 434 count: 540 score: 152.6509 average_last200: 71.2711 epis: 0.0000 loss: 123.5383 
episode: 435 count: 319 score: 222.7921 average_last200: 71.1710 epis: 0.0000 loss: 80.4618 
episode: 436 count: 333 score: 226.1060 average_last200: 71.1920 epis: 0.0000 loss: 83.5085 
episode: 437 count: 158 score: -22.8369 average_last200: 69.9248 epis: 0.0000 loss: 42.3822 
episode: 438 count: 142 score: -34.7387 average_last200: 68.7136 epis: 0.0000 loss: 37.9303 
episode: 439 count: 183 score: -21.7149 average_last200: 67.6506 epis: 0.0000 loss: 47.7734 
episode: 440 count: 158 score: -14.3810 average_last200: 66.6697 epis: 0.0000 loss: 47.1213 
episode: 441 count: 103 score: -30.7471 average_last200: 65.3928 epis: 0.0000 loss: 28.4284 
episode: 442 count: 109 score: -24.7282 average_last200: 64.5178 epis: 0.0000 loss: 30.2069 
episode: 443 count: 154 score: -0.1901 average_last200: 63.4096 epis: 0.0000 loss: 36.2442 
episode: 444 count: 250 score: -34.2067 average_last200: 61.9542 epis: 0.0000 loss: 60.4772 
episode: 445 count: 114 score: -34.2709 average_last200: 60.7082 epis: 0.0000 loss: 30.4574 
episode: 446 count: 85 score: -27.2875 average_last200: 60.6628 epis: 0.0000 loss: 21.1437 
episode: 447 count: 235 score: 6.7298 average_last200: 60.1390 epis: 0.0000 loss: 57.9320 
episode: 448 count: 96 score: 23.7584 average_last200: 60.7438 epis: 0.0000 loss: 20.7515 
episode: 449 count: 240 score: 220.1806 average_last200: 60.6206 epis: 0.0000 loss: 59.9493 
episode: 450 count: 89 score: -0.7179 average_last200: 60.1873 epis: 0.0000 loss: 27.6628 
episode: 451 count: 189 score: -5.7917 average_last200: 59.4625 epis: 0.0000 loss: 51.3851 
episode: 452 count: 127 score: -12.5438 average_last200: 58.4022 epis: 0.0000 loss: 33.1756 
episode: 453 count: 115 score: -5.7952 average_last200: 57.6122 epis: 0.0000 loss: 37.0068 
episode: 454 count: 127 score: -52.0568 average_last200: 56.1905 epis: 0.0000 loss: 34.9605 
episode: 455 count: 133 score: -38.6077 average_last200: 54.7755 epis: 0.0000 loss: 34.4177 
episode: 456 count: 105 score: 17.6983 average_last200: 53.7778 epis: 0.0000 loss: 30.5296 
episode: 457 count: 96 score: -45.7355 average_last200: 52.3090 epis: 0.0000 loss: 22.5555 
episode: 458 count: 93 score: -21.8145 average_last200: 52.3726 epis: 0.0000 loss: 26.7630 
episode: 459 count: 142 score: -4.4115 average_last200: 51.7708 epis: 0.0000 loss: 35.5500 
episode: 460 count: 169 score: 233.5477 average_last200: 51.8557 epis: 0.0000 loss: 42.3564 
episode: 461 count: 158 score: -22.5599 average_last200: 50.4315 epis: 0.0000 loss: 37.3252 
episode: 462 count: 115 score: -40.1387 average_last200: 50.7551 epis: 0.0000 loss: 27.8684 
episode: 463 count: 132 score: 11.6434 average_last200: 50.8864 epis: 0.0000 loss: 33.5909 
episode: 464 count: 257 score: 225.5085 average_last200: 51.1309 epis: 0.0000 loss: 60.3942 
episode: 465 count: 235 score: 261.4577 average_last200: 52.4549 epis: 0.0000 loss: 60.1133 
episode: 466 count: 109 score: -13.9350 average_last200: 51.2478 epis: 0.0000 loss: 29.7613 
episode: 467 count: 366 score: 233.3001 average_last200: 51.4288 epis: 0.0000 loss: 103.5766 
episode: 468 count: 114 score: -23.5018 average_last200: 50.3492 epis: 0.0000 loss: 25.9012 
episode: 469 count: 179 score: 24.2804 average_last200: 49.4974 epis: 0.0000 loss: 48.9276 
episode: 470 count: 407 score: 229.8736 average_last200: 49.5846 epis: 0.0000 loss: 101.5890 
episode: 471 count: 167 score: 28.2209 average_last200: 48.7337 epis: 0.0000 loss: 45.0208 
episode: 472 count: 133 score: -16.6345 average_last200: 47.4304 epis: 0.0000 loss: 30.2626 
episode: 473 count: 131 score: -3.2898 average_last200: 46.4070 epis: 0.0000 loss: 30.1875 
episode: 474 count: 106 score: -2.9249 average_last200: 45.5219 epis: 0.0000 loss: 29.6410 
episode: 475 count: 119 score: -12.7213 average_last200: 44.4990 epis: 0.0000 loss: 31.6513 
episode: 476 count: 259 score: 239.6618 average_last200: 45.7082 epis: 0.0000 loss: 65.2237 
episode: 477 count: 164 score: -42.1494 average_last200: 45.5858 epis: 0.0000 loss: 32.5274 
episode: 478 count: 141 score: 18.4467 average_last200: 44.5350 epis: 0.0000 loss: 32.6337 
episode: 479 count: 269 score: 241.4107 average_last200: 46.0061 epis: 0.0000 loss: 72.9086 
episode: 480 count: 274 score: 236.5772 average_last200: 46.2453 epis: 0.0000 loss: 67.0601 
episode: 481 count: 188 score: 3.1373 average_last200: 47.2711 epis: 0.0000 loss: 41.5123 
episode: 482 count: 85 score: -14.8352 average_last200: 46.1311 epis: 0.0000 loss: 20.1177 
episode: 483 count: 212 score: 219.1213 average_last200: 47.3369 epis: 0.0000 loss: 46.2173 
episode: 484 count: 153 score: 2.9730 average_last200: 48.8250 epis: 0.0000 loss: 33.5313 
episode: 485 count: 231 score: 241.3633 average_last200: 49.3464 epis: 0.0000 loss: 62.0207 
episode: 486 count: 200 score: 218.2301 average_last200: 49.3609 epis: 0.0000 loss: 50.3518 
episode: 487 count: 165 score: -3.3194 average_last200: 48.1520 epis: 0.0000 loss: 46.5848 
episode: 488 count: 205 score: 272.1169 average_last200: 48.5702 epis: 0.0000 loss: 44.5548 
episode: 489 count: 87 score: 1.0771 average_last200: 47.4213 epis: 0.0000 loss: 22.7017 
episode: 490 count: 219 score: -3.8293 average_last200: 47.4443 epis: 0.0000 loss: 47.8415 
episode: 491 count: 181 score: -20.8862 average_last200: 47.3278 epis: 0.0000 loss: 47.9700 
episode: 492 count: 99 score: -26.6522 average_last200: 46.0913 epis: 0.0000 loss: 22.5071 
episode: 493 count: 157 score: 22.2559 average_last200: 45.0784 epis: 0.0000 loss: 38.9119 
episode: 494 count: 173 score: -31.8189 average_last200: 45.6188 epis: 0.0000 loss: 39.8980 
episode: 495 count: 136 score: -26.0559 average_last200: 44.2045 epis: 0.0000 loss: 27.8969 
episode: 496 count: 205 score: 201.8723 average_last200: 44.0105 epis: 0.0000 loss: 48.9517 
episode: 497 count: 335 score: 168.3857 average_last200: 44.8745 epis: 0.0000 loss: 69.9184 
episode: 498 count: 89 score: -15.1679 average_last200: 43.9532 epis: 0.0000 loss: 23.7553 
episode: 499 count: 126 score: -40.9599 average_last200: 42.8010 epis: 0.0000 loss: 33.6192 
episode: 500 count: 232 score: 219.2528 average_last200: 44.0140 epis: 0.0000 loss: 59.7792 
episode: 501 count: 317 score: 261.2437 average_last200: 45.3237 epis: 0.0000 loss: 80.0139 
episode: 502 count: 225 score: 204.5903 average_last200: 45.2287 epis: 0.0000 loss: 61.1392 
episode: 503 count: 134 score: -24.7529 average_last200: 44.0596 epis: 0.0000 loss: 35.4403 
episode: 504 count: 172 score: -25.2144 average_last200: 42.9536 epis: 0.0000 loss: 37.8557 
episode: 505 count: 84 score: -107.9552 average_last200: 41.1918 epis: 0.0000 loss: 25.5847 
episode: 506 count: 160 score: -6.4856 average_last200: 40.0742 epis: 0.0000 loss: 36.3723 
episode: 507 count: 183 score: 205.5715 average_last200: 40.1177 epis: 0.0000 loss: 40.2664 
episode: 508 count: 124 score: -34.0570 average_last200: 38.6802 epis: 0.0000 loss: 29.3628 
episode: 509 count: 103 score: 3.9879 average_last200: 37.6748 epis: 0.0000 loss: 25.4553 
episode: 510 count: 196 score: 260.6032 average_last200: 39.0624 epis: 0.0000 loss: 46.3791 
episode: 511 count: 118 score: -22.3710 average_last200: 39.2561 epis: 0.0000 loss: 28.5163 
episode: 512 count: 278 score: 213.4645 average_last200: 40.5745 epis: 0.0000 loss: 63.1665 
episode: 513 count: 350 score: 234.1602 average_last200: 40.7586 epis: 0.0000 loss: 82.1284 
episode: 514 count: 150 score: -66.2165 average_last200: 39.2797 epis: 0.0000 loss: 43.5288 
episode: 515 count: 79 score: -61.9362 average_last200: 37.8884 epis: 0.0000 loss: 20.9883 
episode: 516 count: 92 score: -22.6294 average_last200: 37.6851 epis: 0.0000 loss: 26.1191 
episode: 517 count: 224 score: 260.5891 average_last200: 39.0693 epis: 0.0000 loss: 55.6546 
episode: 518 count: 156 score: -26.4330 average_last200: 37.7821 epis: 0.0000 loss: 35.5057 
episode: 519 count: 117 score: -22.0806 average_last200: 37.7209 epis: 0.0000 loss: 33.0005 
episode: 520 count: 171 score: -9.9212 average_last200: 36.6241 epis: 0.0000 loss: 40.6638 
episode: 521 count: 97 score: 13.2160 average_last200: 35.6708 epis: 0.0000 loss: 22.3832 
episode: 522 count: 373 score: 251.6521 average_last200: 37.0634 epis: 0.0000 loss: 95.6741 
episode: 523 count: 176 score: 17.9406 average_last200: 36.1155 epis: 0.0000 loss: 46.2269 
episode: 524 count: 143 score: -28.9079 average_last200: 35.0280 epis: 0.0000 loss: 34.0220 
episode: 525 count: 106 score: -51.3968 average_last200: 34.7591 epis: 0.0000 loss: 22.9258 
episode: 526 count: 574 score: 153.5203 average_last200: 34.6522 epis: 0.0000 loss: 140.1161 
episode: 527 count: 143 score: -10.1671 average_last200: 33.6563 epis: 0.0000 loss: 35.3097 
episode: 528 count: 105 score: -27.3425 average_last200: 32.5749 epis: 0.0000 loss: 27.7339 
episode: 529 count: 261 score: 246.8782 average_last200: 33.7658 epis: 0.0000 loss: 68.7067 
episode: 530 count: 112 score: 6.7253 average_last200: 36.5100 epis: 0.0000 loss: 24.6283 
episode: 531 count: 159 score: 1.2815 average_last200: 36.8020 epis: 0.0000 loss: 33.5476 
episode: 532 count: 278 score: 242.5171 average_last200: 37.0099 epis: 0.0000 loss: 81.4658 
episode: 533 count: 137 score: -3.2899 average_last200: 35.7993 epis: 0.0000 loss: 31.0867 
episode: 534 count: 185 score: -2.9383 average_last200: 36.0188 epis: 0.0000 loss: 46.1460 
episode: 535 count: 162 score: -34.6056 average_last200: 35.0115 epis: 0.0000 loss: 38.1486 
episode: 536 count: 78 score: -39.3686 average_last200: 35.1243 epis: 0.0000 loss: 17.7259 
episode: 537 count: 103 score: 23.0420 average_last200: 35.4831 epis: 0.0000 loss: 21.6533 
episode: 538 count: 159 score: -10.3910 average_last200: 35.6150 epis: 0.0000 loss: 40.9767 
episode: 539 count: 199 score: 211.9822 average_last200: 36.8450 epis: 0.0000 loss: 47.2979 
episode: 540 count: 152 score: -77.0165 average_last200: 35.4065 epis: 0.0000 loss: 38.4602 
episode: 541 count: 130 score: -6.7252 average_last200: 34.5572 epis: 0.0000 loss: 37.7646 
episode: 542 count: 155 score: -20.8527 average_last200: 34.5228 epis: 0.0000 loss: 36.0362 
episode: 543 count: 76 score: -7.0353 average_last200: 34.5377 epis: 0.0000 loss: 19.7124 
episode: 544 count: 97 score: -28.6009 average_last200: 34.3607 epis: 0.0000 loss: 24.6829 
episode: 545 count: 91 score: -59.6033 average_last200: 34.5328 epis: 0.0000 loss: 26.4501 
episode: 546 count: 247 score: 229.1642 average_last200: 36.1255 epis: 0.0000 loss: 61.7499 
episode: 547 count: 142 score: -21.8103 average_last200: 36.3750 epis: 0.0000 loss: 34.5514 
episode: 548 count: 104 score: -29.9495 average_last200: 36.3686 epis: 0.0000 loss: 23.0050 
episode: 549 count: 332 score: 205.8624 average_last200: 37.5853 epis: 0.0000 loss: 85.7841 
episode: 550 count: 93 score: -39.6947 average_last200: 37.4997 epis: 0.0000 loss: 25.4273 
episode: 551 count: 149 score: 242.8536 average_last200: 38.9222 epis: 0.0000 loss: 35.2036 
episode: 552 count: 78 score: -71.9312 average_last200: 38.8515 epis: 0.0000 loss: 19.1192 
episode: 553 count: 152 score: 213.2397 average_last200: 40.4604 epis: 0.0000 loss: 45.3511 
episode: 554 count: 318 score: 193.4025 average_last200: 41.4732 epis: 0.0000 loss: 94.6356 
episode: 555 count: 158 score: -16.4897 average_last200: 41.4092 epis: 0.0000 loss: 45.0157 
episode: 556 count: 111 score: -19.8858 average_last200: 41.4053 epis: 0.0000 loss: 29.4700 
episode: 557 count: 388 score: -138.1698 average_last200: 40.8771 epis: 0.0000 loss: 116.1538 
episode: 558 count: 149 score: -19.7460 average_last200: 41.2463 epis: 0.0000 loss: 43.9214 
episode: 559 count: 80 score: -29.4919 average_last200: 41.2191 epis: 0.0000 loss: 19.2110 
episode: 560 count: 124 score: -48.7918 average_last200: 41.2482 epis: 0.0000 loss: 34.6958 
episode: 561 count: 114 score: -0.0787 average_last200: 41.4331 epis: 0.0000 loss: 25.3705 
episode: 562 count: 146 score: -11.2616 average_last200: 41.6954 epis: 0.0000 loss: 34.8239 
episode: 563 count: 220 score: 269.0546 average_last200: 43.0964 epis: 0.0000 loss: 55.5157 
episode: 564 count: 156 score: 217.9134 average_last200: 44.1451 epis: 0.0000 loss: 34.1182 
episode: 565 count: 250 score: 235.9438 average_last200: 44.2774 epis: 0.0000 loss: 69.7068 
episode: 566 count: 83 score: -64.0121 average_last200: 43.9144 epis: 0.0000 loss: 23.7723 
episode: 567 count: 432 score: 224.4671 average_last200: 45.1073 epis: 0.0000 loss: 115.1459 
episode: 568 count: 199 score: 259.8375 average_last200: 46.6934 epis: 0.0000 loss: 58.0207 
episode: 569 count: 131 score: -20.1607 average_last200: 46.6676 epis: 0.0000 loss: 37.1681 
episode: 570 count: 407 score: 216.2824 average_last200: 47.9208 epis: 0.0000 loss: 98.2827 
episode: 571 count: 259 score: 234.1008 average_last200: 49.1243 epis: 0.0000 loss: 61.1176 
episode: 572 count: 103 score: -45.2024 average_last200: 49.0180 epis: 0.0000 loss: 25.9832 
episode: 573 count: 89 score: -6.1595 average_last200: 49.0982 epis: 0.0000 loss: 22.1026 
episode: 574 count: 215 score: 233.5053 average_last200: 50.5117 epis: 0.0000 loss: 54.8905 
episode: 575 count: 177 score: 205.5044 average_last200: 51.5468 epis: 0.0000 loss: 54.2718 
episode: 576 count: 630 score: 149.5078 average_last200: 52.4571 epis: 0.0000 loss: 175.1578 
episode: 577 count: 100 score: -15.7568 average_last200: 52.2780 epis: 0.0000 loss: 31.6660 
episode: 578 count: 110 score: -31.9961 average_last200: 52.4690 epis: 0.0000 loss: 27.9569 
episode: 579 count: 182 score: 234.0099 average_last200: 53.8820 epis: 0.0000 loss: 54.7979 
episode: 580 count: 362 score: 204.8960 average_last200: 55.1929 epis: 0.0000 loss: 100.2863 
episode: 581 count: 219 score: -5.5797 average_last200: 54.0203 epis: 0.0000 loss: 74.4148 
episode: 582 count: 447 score: 219.7912 average_last200: 55.1500 epis: 0.0000 loss: 143.7244 
episode: 583 count: 290 score: 225.2963 average_last200: 56.4508 epis: 0.0000 loss: 79.2225 
episode: 584 count: 240 score: 228.9647 average_last200: 57.5370 epis: 0.0000 loss: 75.6321 
episode: 585 count: 110 score: -60.0659 average_last200: 57.4588 epis: 0.0000 loss: 30.0884 
episode: 586 count: 104 score: -38.2913 average_last200: 57.4836 epis: 0.0000 loss: 24.1333 
episode: 587 count: 196 score: -493.2797 average_last200: 55.4327 epis: 0.0000 loss: 60.7803 
episode: 588 count: 88 score: -67.0670 average_last200: 53.9952 epis: 0.0000 loss: 30.3285 
episode: 589 count: 87 score: -54.5133 average_last200: 53.9506 epis: 0.0000 loss: 25.4370 
episode: 590 count: 283 score: 230.4135 average_last200: 55.3279 epis: 0.0000 loss: 91.8494 
episode: 591 count: 96 score: -43.0678 average_last200: 55.2115 epis: 0.0000 loss: 28.9871 
episode: 592 count: 88 score: -25.9165 average_last200: 55.1270 epis: 0.0000 loss: 21.6116 
episode: 593 count: 91 score: -85.8659 average_last200: 54.8079 epis: 0.0000 loss: 30.3442 
episode: 594 count: 86 score: -42.9781 average_last200: 54.6222 epis: 0.0000 loss: 31.8320 
episode: 595 count: 86 score: -71.2627 average_last200: 54.3488 epis: 0.0000 loss: 27.5879 
episode: 596 count: 130 score: -14.6071 average_last200: 54.4700 epis: 0.0000 loss: 41.8801 
episode: 597 count: 196 score: 223.1361 average_last200: 56.0425 epis: 0.0000 loss: 54.1705 
episode: 598 count: 113 score: -37.2731 average_last200: 56.0318 epis: 0.0000 loss: 37.2562 
episode: 599 count: 113 score: -73.6412 average_last200: 55.6639 epis: 0.0000 loss: 35.8537 
episode: 600 count: 80 score: -11.5588 average_last200: 54.5194 epis: 0.0000 loss: 20.8785 
episode: 601 count: 83 score: -30.0756 average_last200: 54.3427 epis: 0.0000 loss: 26.9987 
episode: 602 count: 85 score: -13.1645 average_last200: 53.3770 epis: 0.0000 loss: 30.3747 
episode: 603 count: 81 score: 5.1870 average_last200: 53.5892 epis: 0.0000 loss: 23.1023 
episode: 604 count: 487 score: 186.5318 average_last200: 54.6446 epis: 0.0000 loss: 170.7747 
episode: 605 count: 208 score: 241.4922 average_last200: 54.6161 epis: 0.0000 loss: 57.5569 
episode: 606 count: 373 score: -348.5843 average_last200: 52.1611 epis: 0.0000 loss: 120.2829 
episode: 607 count: 85 score: -52.7623 average_last200: 50.7248 epis: 0.0000 loss: 21.3517 
episode: 608 count: 157 score: 212.1404 average_last200: 52.3226 epis: 0.0000 loss: 52.3367 
episode: 609 count: 87 score: -21.0162 average_last200: 52.5452 epis: 0.0000 loss: 25.1725 
episode: 610 count: 99 score: -406.5161 average_last200: 50.5785 epis: 0.0000 loss: 23.0948 
episode: 611 count: 85 score: -32.6160 average_last200: 49.2415 epis: 0.0000 loss: 28.1167 
episode: 612 count: 79 score: -39.5069 average_last200: 48.9473 epis: 0.0000 loss: 18.3833 
episode: 613 count: 321 score: 251.5910 average_last200: 48.9849 epis: 0.0000 loss: 94.6126 
episode: 614 count: 117 score: -27.9384 average_last200: 48.9978 epis: 0.0000 loss: 35.8099 
episode: 615 count: 74 score: -42.6617 average_last200: 49.0099 epis: 0.0000 loss: 20.5194 
episode: 616 count: 229 score: 202.8087 average_last200: 50.1634 epis: 0.0000 loss: 68.5464 
episode: 617 count: 264 score: 220.6207 average_last200: 51.3775 epis: 0.0000 loss: 75.2277 
episode: 618 count: 94 score: -18.8393 average_last200: 50.1727 epis: 0.0000 loss: 24.7175 
episode: 619 count: 277 score: 239.3507 average_last200: 51.4860 epis: 0.0000 loss: 80.2145 
episode: 620 count: 123 score: -40.6789 average_last200: 51.4063 epis: 0.0000 loss: 36.2209 
episode: 621 count: 186 score: 201.2940 average_last200: 51.2443 epis: 0.0000 loss: 48.3285 
episode: 622 count: 189 score: 212.8030 average_last200: 51.0786 epis: 0.0000 loss: 55.1972 
episode: 623 count: 111 score: -3.1798 average_last200: 51.1359 epis: 0.0000 loss: 28.6799 
episode: 624 count: 93 score: -446.2700 average_last200: 49.0369 epis: 0.0000 loss: 24.1313 
episode: 625 count: 121 score: -37.7326 average_last200: 49.0433 epis: 0.0000 loss: 29.1604 
episode: 626 count: 119 score: 8.5668 average_last200: 49.1308 epis: 0.0000 loss: 38.3258 
episode: 627 count: 92 score: -28.3277 average_last200: 48.9549 epis: 0.0000 loss: 18.7671 
episode: 628 count: 258 score: 229.1563 average_last200: 49.0141 epis: 0.0000 loss: 79.4351 
episode: 629 count: 233 score: 238.3408 average_last200: 48.9757 epis: 0.0000 loss: 58.7108 
episode: 630 count: 95 score: -398.6700 average_last200: 45.7840 epis: 0.0000 loss: 37.7650 
episode: 631 count: 120 score: -2.1994 average_last200: 45.9672 epis: 0.0000 loss: 34.4287 
episode: 632 count: 85 score: -20.8367 average_last200: 45.9933 epis: 0.0000 loss: 21.2652 
episode: 633 count: 128 score: -0.2441 average_last200: 45.9200 epis: 0.0000 loss: 42.7184 
episode: 634 count: 81 score: 4.1115 average_last200: 45.1773 epis: 0.0000 loss: 25.2362 
episode: 635 count: 211 score: 261.5419 average_last200: 45.3710 epis: 0.0000 loss: 61.3010 
episode: 636 count: 190 score: 217.1750 average_last200: 45.3264 epis: 0.0000 loss: 60.1312 
episode: 637 count: 77 score: -549.1499 average_last200: 42.6948 epis: 0.0000 loss: 25.3776 
episode: 638 count: 79 score: -104.7791 average_last200: 42.3446 epis: 0.0000 loss: 23.7066 
episode: 639 count: 182 score: 246.9948 average_last200: 43.6882 epis: 0.0000 loss: 45.8424 
episode: 640 count: 90 score: 21.9176 average_last200: 43.8697 epis: 0.0000 loss: 33.5270 
episode: 641 count: 69 score: -80.5755 average_last200: 43.6205 epis: 0.0000 loss: 22.8033 
episode: 642 count: 104 score: -26.5314 average_last200: 43.6115 epis: 0.0000 loss: 28.0349 
episode: 643 count: 71 score: -31.1626 average_last200: 43.4566 epis: 0.0000 loss: 22.5265 
episode: 644 count: 95 score: -70.1963 average_last200: 43.2767 epis: 0.0000 loss: 30.0049 
episode: 645 count: 99 score: -9.9998 average_last200: 43.3980 epis: 0.0000 loss: 31.4534 
episode: 646 count: 72 score: -10.6595 average_last200: 43.4812 epis: 0.0000 loss: 18.5101 
episode: 647 count: 166 score: 235.8757 average_last200: 44.6269 epis: 0.0000 loss: 50.1509 
episode: 648 count: 82 score: -25.9973 average_last200: 44.3781 epis: 0.0000 loss: 21.8620 
episode: 649 count: 273 score: 239.3228 average_last200: 44.4738 epis: 0.0000 loss: 85.9474 
episode: 650 count: 124 score: 1.4020 average_last200: 44.4844 epis: 0.0000 loss: 46.8913 
episode: 651 count: 184 score: 250.4086 average_last200: 45.7655 epis: 0.0000 loss: 54.5308 
episode: 652 count: 106 score: -57.0789 average_last200: 45.5428 epis: 0.0000 loss: 29.4431 
episode: 653 count: 335 score: 163.4220 average_last200: 46.3889 epis: 0.0000 loss: 86.9129 
episode: 654 count: 326 score: 236.9256 average_last200: 47.8338 epis: 0.0000 loss: 101.8098 
episode: 655 count: 300 score: 195.2865 average_last200: 49.0032 epis: 0.0000 loss: 96.9128 
episode: 656 count: 120 score: -8.7062 average_last200: 48.8712 epis: 0.0000 loss: 30.2876 
episode: 657 count: 124 score: -90.1426 average_last200: 48.6492 epis: 0.0000 loss: 38.0900 
episode: 658 count: 245 score: 201.3156 average_last200: 49.7648 epis: 0.0000 loss: 74.7763 
episode: 659 count: 272 score: 213.8341 average_last200: 50.8561 epis: 0.0000 loss: 77.1976 
episode: 660 count: 196 score: 269.9700 average_last200: 51.0382 epis: 0.0000 loss: 59.8401 
episode: 661 count: 119 score: -18.1371 average_last200: 51.0603 epis: 0.0000 loss: 40.2461 
episode: 662 count: 203 score: -78.2668 average_last200: 50.8696 epis: 0.0000 loss: 60.8117 
episode: 663 count: 144 score: -43.0843 average_last200: 50.5960 epis: 0.0000 loss: 40.2794 
episode: 664 count: 300 score: 214.8267 average_last200: 50.5426 epis: 0.0000 loss: 87.4589 
episode: 665 count: 105 score: -39.7719 average_last200: 49.0365 epis: 0.0000 loss: 23.8551 
episode: 666 count: 353 score: 240.4155 average_last200: 50.3082 epis: 0.0000 loss: 100.0533 
episode: 667 count: 99 score: -53.1313 average_last200: 48.8760 epis: 0.0000 loss: 23.5338 
episode: 668 count: 131 score: 4.2615 average_last200: 49.0149 epis: 0.0000 loss: 43.5644 
episode: 669 count: 109 score: -7.9797 average_last200: 48.8536 epis: 0.0000 loss: 36.3253 
episode: 670 count: 106 score: -70.1037 average_last200: 47.3537 epis: 0.0000 loss: 38.1670 
episode: 671 count: 126 score: 1.3283 average_last200: 47.2192 epis: 0.0000 loss: 38.7612 
episode: 672 count: 121 score: 28.2647 average_last200: 47.4437 epis: 0.0000 loss: 35.5839 
episode: 673 count: 465 score: 203.2009 average_last200: 48.4762 epis: 0.0000 loss: 145.7126 
episode: 674 count: 195 score: 224.4581 average_last200: 49.6131 epis: 0.0000 loss: 63.2660 
episode: 675 count: 118 score: 2.3170 average_last200: 49.6883 epis: 0.0000 loss: 28.5688 
episode: 676 count: 139 score: -3.7482 average_last200: 48.4712 epis: 0.0000 loss: 39.7605 
episode: 677 count: 116 score: -51.9299 average_last200: 48.4223 epis: 0.0000 loss: 38.4492 
episode: 678 count: 113 score: -10.7611 average_last200: 48.2763 epis: 0.0000 loss: 36.9997 
episode: 679 count: 276 score: 215.0367 average_last200: 48.1444 epis: 0.0000 loss: 79.8816 
episode: 680 count: 265 score: 214.3565 average_last200: 48.0333 epis: 0.0000 loss: 83.3948 
episode: 681 count: 284 score: 244.2486 average_last200: 49.2389 epis: 0.0000 loss: 92.9533 
episode: 682 count: 130 score: -38.4348 average_last200: 49.1209 epis: 0.0000 loss: 48.8930 
episode: 683 count: 337 score: 205.1312 average_last200: 49.0509 epis: 0.0000 loss: 98.9431 
episode: 684 count: 114 score: -64.0273 average_last200: 48.7159 epis: 0.0000 loss: 38.6174 
episode: 685 count: 166 score: -0.6752 average_last200: 47.5057 epis: 0.0000 loss: 43.0916 
episode: 686 count: 216 score: 225.5534 average_last200: 47.5423 epis: 0.0000 loss: 74.3929 
episode: 687 count: 244 score: 226.1176 average_last200: 48.6895 epis: 0.0000 loss: 75.1105 
episode: 688 count: 112 score: -50.3684 average_last200: 47.0771 epis: 0.0000 loss: 30.6965 
episode: 689 count: 353 score: 172.8516 average_last200: 47.9360 epis: 0.0000 loss: 108.4761 
episode: 690 count: 292 score: 223.3051 average_last200: 49.0716 epis: 0.0000 loss: 89.6149 
episode: 691 count: 397 score: 202.0712 average_last200: 50.1864 epis: 0.0000 loss: 117.7895 
episode: 692 count: 323 score: 224.1611 average_last200: 51.4405 epis: 0.0000 loss: 102.0634 
episode: 693 count: 267 score: 214.1984 average_last200: 52.4002 epis: 0.0000 loss: 74.7113 
episode: 694 count: 394 score: 184.4404 average_last200: 53.4815 epis: 0.0000 loss: 121.4874 
episode: 695 count: 531 score: -130.8414 average_last200: 52.9576 epis: 0.0000 loss: 159.8565 
episode: 696 count: 294 score: 223.4791 average_last200: 53.0656 epis: 0.0000 loss: 90.0081 
episode: 697 count: 170 score: 252.4510 average_last200: 53.4859 epis: 0.0000 loss: 45.4871 
episode: 698 count: 101 score: -55.7764 average_last200: 53.2829 epis: 0.0000 loss: 33.4426 
episode: 699 count: 219 score: -55.5376 average_last200: 53.2100 epis: 0.0000 loss: 54.2970 
episode: 700 count: 220 score: 0.3402 average_last200: 52.1154 epis: 0.0000 loss: 71.8579 
episode: 701 count: 202 score: 253.5242 average_last200: 52.0768 epis: 0.0000 loss: 64.4554 
episode: 702 count: 421 score: 237.3780 average_last200: 52.2408 epis: 0.0000 loss: 142.2211 
episode: 703 count: 219 score: 250.8566 average_last200: 53.6188 epis: 0.0000 loss: 63.3297 
episode: 704 count: 206 score: 201.6670 average_last200: 54.7532 epis: 0.0000 loss: 56.7492 
episode: 705 count: 169 score: 20.4511 average_last200: 55.3953 epis: 0.0000 loss: 59.6628 
episode: 706 count: 180 score: 204.3237 average_last200: 56.4493 epis: 0.0000 loss: 53.1846 
episode: 707 count: 112 score: -17.5865 average_last200: 55.3335 epis: 0.0000 loss: 39.0091 
episode: 708 count: 79 score: -9.8835 average_last200: 55.4544 epis: 0.0000 loss: 24.1422 
episode: 709 count: 88 score: -35.1891 average_last200: 55.2585 epis: 0.0000 loss: 27.5890 
episode: 710 count: 119 score: -20.1922 average_last200: 53.8545 epis: 0.0000 loss: 33.8344 
episode: 711 count: 229 score: -72.9192 average_last200: 53.6018 epis: 0.0000 loss: 74.9963 
episode: 712 count: 319 score: 168.5485 average_last200: 53.3772 epis: 0.0000 loss: 107.0366 
episode: 713 count: 146 score: -31.4774 average_last200: 52.0490 epis: 0.0000 loss: 41.2415 
episode: 714 count: 123 score: -68.3536 average_last200: 52.0383 epis: 0.0000 loss: 37.5025 
episode: 715 count: 100 score: -45.7400 average_last200: 52.1193 epis: 0.0000 loss: 33.8835 
episode: 716 count: 360 score: 231.3003 average_last200: 53.3890 epis: 0.0000 loss: 114.4842 
episode: 717 count: 140 score: -26.5646 average_last200: 51.9532 epis: 0.0000 loss: 56.1875 
episode: 718 count: 92 score: 6.0210 average_last200: 52.1155 epis: 0.0000 loss: 24.8906 
episode: 719 count: 86 score: -33.9726 average_last200: 52.0560 epis: 0.0000 loss: 29.0370 
episode: 720 count: 71 score: -53.4482 average_last200: 51.8384 epis: 0.0000 loss: 21.4894 
episode: 721 count: 214 score: 221.9605 average_last200: 52.8821 epis: 0.0000 loss: 64.6899 
episode: 722 count: 150 score: 227.5504 average_last200: 52.7616 epis: 0.0000 loss: 43.4275 
episode: 723 count: 64 score: -87.3090 average_last200: 52.2353 epis: 0.0000 loss: 21.5744 
episode: 724 count: 132 score: -63.8611 average_last200: 52.0606 epis: 0.0000 loss: 36.7253 
episode: 725 count: 167 score: 244.9174 average_last200: 53.5421 epis: 0.0000 loss: 52.1853 
episode: 726 count: 407 score: 218.8699 average_last200: 53.8689 epis: 0.0000 loss: 123.7911 
episode: 727 count: 110 score: -13.8174 average_last200: 53.8506 epis: 0.0000 loss: 33.3532 
episode: 728 count: 86 score: -30.2872 average_last200: 53.8359 epis: 0.0000 loss: 22.6814 
episode: 729 count: 342 score: 230.6242 average_last200: 53.7546 epis: 0.0000 loss: 106.6272 
episode: 730 count: 234 score: 244.6906 average_last200: 54.9445 epis: 0.0000 loss: 70.6496 
episode: 731 count: 89 score: -15.6988 average_last200: 54.8596 epis: 0.0000 loss: 25.9501 
episode: 732 count: 117 score: 10.4208 average_last200: 53.6991 epis: 0.0000 loss: 30.8825 
episode: 733 count: 274 score: 135.6916 average_last200: 54.3940 epis: 0.0000 loss: 114.6578 
episode: 734 count: 170 score: -72.4564 average_last200: 54.0464 epis: 0.0000 loss: 56.6822 
episode: 735 count: 145 score: -21.9115 average_last200: 54.1099 epis: 0.0000 loss: 44.3150 
episode: 736 count: 118 score: -31.3883 average_last200: 54.1498 epis: 0.0000 loss: 37.4343 
episode: 737 count: 152 score: -37.5615 average_last200: 53.8468 epis: 0.0000 loss: 56.9049 
episode: 738 count: 81 score: 7.5413 average_last200: 53.9364 epis: 0.0000 loss: 29.1681 
episode: 739 count: 379 score: 166.1894 average_last200: 53.7075 epis: 0.0000 loss: 119.5126 
episode: 740 count: 248 score: 209.9378 average_last200: 55.1422 epis: 0.0000 loss: 74.8384 
episode: 741 count: 258 score: -127.5071 average_last200: 54.5383 epis: 0.0000 loss: 91.9138 
episode: 742 count: 100 score: -39.9034 average_last200: 54.4431 epis: 0.0000 loss: 29.7519 
episode: 743 count: 231 score: 180.6181 average_last200: 55.3813 epis: 0.0000 loss: 79.5700 
episode: 744 count: 92 score: -22.9460 average_last200: 55.4096 epis: 0.0000 loss: 23.9292 
episode: 745 count: 247 score: -52.9108 average_last200: 55.4431 epis: 0.0000 loss: 83.2803 
episode: 746 count: 338 score: 242.5846 average_last200: 55.5102 epis: 0.0000 loss: 131.2835 
episode: 747 count: 311 score: 219.5942 average_last200: 56.7172 epis: 0.0000 loss: 115.2098 
episode: 748 count: 154 score: 16.2904 average_last200: 56.9484 epis: 0.0000 loss: 51.1263 
episode: 749 count: 376 score: 216.1183 average_last200: 56.9997 epis: 0.0000 loss: 122.4040 
episode: 750 count: 260 score: -32.3649 average_last200: 57.0363 epis: 0.0000 loss: 83.1993 
episode: 751 count: 405 score: 211.5266 average_last200: 56.8797 epis: 0.0000 loss: 127.2285 
episode: 752 count: 203 score: 237.4175 average_last200: 58.4264 epis: 0.0000 loss: 59.5702 
episode: 753 count: 405 score: 194.5798 average_last200: 58.3331 epis: 0.0000 loss: 128.9268 
episode: 754 count: 133 score: -47.7459 average_last200: 57.1274 epis: 0.0000 loss: 43.4441 
episode: 755 count: 113 score: -17.8846 average_last200: 57.1204 epis: 0.0000 loss: 39.6047 
episode: 756 count: 281 score: 239.7008 average_last200: 58.4183 epis: 0.0000 loss: 88.7285 
episode: 757 count: 113 score: -10.7409 average_last200: 59.0555 epis: 0.0000 loss: 40.2800 
episode: 758 count: 88 score: -26.7629 average_last200: 59.0204 epis: 0.0000 loss: 30.2035 
episode: 759 count: 426 score: 234.9004 average_last200: 60.3424 epis: 0.0000 loss: 144.1828 
episode: 760 count: 115 score: 10.8564 average_last200: 60.6406 epis: 0.0000 loss: 37.6340 
episode: 761 count: 235 score: 203.1024 average_last200: 61.6565 epis: 0.0000 loss: 80.5797 
episode: 762 count: 176 score: 227.8748 average_last200: 62.8522 epis: 0.0000 loss: 68.3233 
episode: 763 count: 217 score: -23.9321 average_last200: 61.3873 epis: 0.0000 loss: 76.9746 
episode: 764 count: 381 score: 242.9800 average_last200: 61.5126 epis: 0.0000 loss: 130.2082 
episode: 765 count: 81 score: -29.1820 average_last200: 60.1870 epis: 0.0000 loss: 30.5601 
episode: 766 count: 118 score: -1.3345 average_last200: 60.5004 epis: 0.0000 loss: 39.5572 
episode: 767 count: 96 score: -36.2696 average_last200: 59.1967 epis: 0.0000 loss: 33.8263 
episode: 768 count: 177 score: 231.3727 average_last200: 59.0543 epis: 0.0000 loss: 63.2242 
episode: 769 count: 204 score: 229.8541 average_last200: 60.3044 epis: 0.0000 loss: 70.7468 
episode: 770 count: 106 score: -24.2675 average_last200: 59.1017 epis: 0.0000 loss: 34.4265 
episode: 771 count: 378 score: 249.8612 average_last200: 59.1805 epis: 0.0000 loss: 121.7555 
episode: 772 count: 390 score: 166.3489 average_last200: 60.2382 epis: 0.0000 loss: 124.3695 
episode: 773 count: 341 score: 221.2898 average_last200: 61.3755 epis: 0.0000 loss: 132.0889 
episode: 774 count: 315 score: 230.3216 average_last200: 61.3596 epis: 0.0000 loss: 109.2722 
episode: 775 count: 467 score: 206.4731 average_last200: 61.3644 epis: 0.0000 loss: 161.3663 
episode: 776 count: 1000 score: 43.0186 average_last200: 60.8320 epis: 0.0000 loss: 344.8048 
episode: 777 count: 261 score: 247.9094 average_last200: 62.1503 epis: 0.0000 loss: 91.2204 
episode: 778 count: 334 score: 223.6493 average_last200: 63.4285 epis: 0.0000 loss: 131.1796 
episode: 779 count: 311 score: 195.9581 average_last200: 63.2383 epis: 0.0000 loss: 105.4047 
episode: 780 count: 278 score: 207.3409 average_last200: 63.2505 epis: 0.0000 loss: 93.8912 
episode: 781 count: 233 score: 222.0335 average_last200: 64.3885 epis: 0.0000 loss: 73.8560 
episode: 782 count: 186 score: 252.5782 average_last200: 64.5525 epis: 0.0000 loss: 56.1783 
episode: 783 count: 255 score: 237.6819 average_last200: 64.6144 epis: 0.0000 loss: 90.6306 
episode: 784 count: 132 score: -15.8504 average_last200: 63.3903 epis: 0.0000 loss: 53.2410 
episode: 785 count: 254 score: 183.3964 average_last200: 64.6076 epis: 0.0000 loss: 82.5134 
episode: 786 count: 224 score: 213.4741 average_last200: 65.8665 epis: 0.0000 loss: 70.1656 
episode: 787 count: 310 score: 223.1593 average_last200: 69.4487 epis: 0.0000 loss: 106.6703 
episode: 788 count: 635 score: 67.4968 average_last200: 70.1215 epis: 0.0000 loss: 207.7094 
episode: 789 count: 161 score: 194.4029 average_last200: 71.3661 epis: 0.0000 loss: 60.1833 
episode: 790 count: 318 score: 170.2951 average_last200: 71.0655 epis: 0.0000 loss: 103.0531 
episode: 791 count: 216 score: 240.3924 average_last200: 72.4828 epis: 0.0000 loss: 86.7806 
episode: 792 count: 133 score: 4.5930 average_last200: 72.6353 epis: 0.0000 loss: 49.5927 
episode: 793 count: 404 score: 193.5110 average_last200: 74.0322 epis: 0.0000 loss: 146.2419 
episode: 794 count: 410 score: 186.7529 average_last200: 75.1809 epis: 0.0000 loss: 140.7630 
episode: 795 count: 174 score: 243.0645 average_last200: 76.7525 epis: 0.0000 loss: 55.9139 
episode: 796 count: 267 score: 183.4430 average_last200: 77.7428 epis: 0.0000 loss: 86.2983 
episode: 797 count: 323 score: 204.4914 average_last200: 77.6495 epis: 0.0000 loss: 125.4334 
episode: 798 count: 595 score: 152.1935 average_last200: 78.5969 epis: 0.0000 loss: 213.1871 
episode: 799 count: 418 score: 203.6307 average_last200: 79.9832 epis: 0.0000 loss: 143.4696 
episode: 800 count: 270 score: 233.4225 average_last200: 81.2081 epis: 0.0000 loss: 89.3277 
episode: 801 count: 168 score: -20.2007 average_last200: 81.2575 epis: 0.0000 loss: 55.7491 
episode: 802 count: 183 score: -106.4571 average_last200: 80.7910 epis: 0.0000 loss: 62.4494 
episode: 803 count: 471 score: 239.8973 average_last200: 81.9646 epis: 0.0000 loss: 135.8864 
episode: 804 count: 278 score: 164.8918 average_last200: 81.8564 epis: 0.0000 loss: 101.4753 
episode: 805 count: 273 score: -93.6390 average_last200: 80.1807 epis: 0.0000 loss: 102.8444 
episode: 806 count: 139 score: -119.1898 average_last200: 81.3277 epis: 0.0000 loss: 45.4270 
episode: 807 count: 403 score: 164.5416 average_last200: 82.4142 epis: 0.0000 loss: 149.2182 
episode: 808 count: 285 score: 221.0135 average_last200: 82.4586 epis: 0.0000 loss: 92.4564 
episode: 809 count: 378 score: 194.6858 average_last200: 83.5371 epis: 0.0000 loss: 150.4640 
episode: 810 count: 193 score: -48.2372 average_last200: 85.3285 epis: 0.0000 loss: 72.4711 
episode: 811 count: 213 score: 189.3657 average_last200: 86.4384 epis: 0.0000 loss: 80.1262 
episode: 812 count: 266 score: 251.3318 average_last200: 87.8926 epis: 0.0000 loss: 97.4359 
episode: 813 count: 993 score: 87.7336 average_last200: 87.0733 epis: 0.0000 loss: 357.4409 
episode: 814 count: 415 score: 212.8524 average_last200: 88.2773 epis: 0.0000 loss: 169.8362 
episode: 815 count: 687 score: 177.8776 average_last200: 89.3800 epis: 0.0000 loss: 255.1131 
episode: 816 count: 357 score: -66.0543 average_last200: 88.0356 epis: 0.0000 loss: 126.1259 
episode: 817 count: 466 score: 195.2779 average_last200: 87.9089 epis: 0.0000 loss: 183.4115 
episode: 818 count: 432 score: 179.1116 average_last200: 88.8987 epis: 0.0000 loss: 157.4156 
episode: 819 count: 222 score: -34.2298 average_last200: 87.5308 epis: 0.0000 loss: 88.9825 
episode: 820 count: 290 score: 242.8283 average_last200: 88.9483 epis: 0.0000 loss: 106.9737 
episode: 821 count: 283 score: -15.7273 average_last200: 87.8632 epis: 0.0000 loss: 96.3496 
episode: 822 count: 148 score: -3.2891 average_last200: 86.7828 epis: 0.0000 loss: 56.0442 
episode: 823 count: 101 score: -9.1206 average_last200: 86.7531 epis: 0.0000 loss: 43.0692 
episode: 824 count: 267 score: 261.1472 average_last200: 90.2901 epis: 0.0000 loss: 91.8107 
episode: 825 count: 180 score: -299.1700 average_last200: 88.9830 epis: 0.0000 loss: 68.4158 
episode: 826 count: 222 score: 10.2870 average_last200: 88.9916 epis: 0.0000 loss: 79.0599 
episode: 827 count: 178 score: -48.2858 average_last200: 88.8918 epis: 0.0000 loss: 76.9110 
episode: 828 count: 468 score: 107.0194 average_last200: 88.2811 epis: 0.0000 loss: 179.9418 
episode: 829 count: 384 score: 233.9398 average_last200: 88.2591 epis: 0.0000 loss: 138.8498 
episode: 830 count: 276 score: 217.1319 average_last200: 91.3381 epis: 0.0000 loss: 104.2313 
episode: 831 count: 285 score: 200.3307 average_last200: 92.3507 epis: 0.0000 loss: 92.0114 
episode: 832 count: 278 score: 248.1198 average_last200: 93.6955 epis: 0.0000 loss: 96.8659 
episode: 833 count: 237 score: 212.8430 average_last200: 94.7609 epis: 0.0000 loss: 76.8958 
episode: 834 count: 159 score: 8.2044 average_last200: 94.7814 epis: 0.0000 loss: 61.3645 
episode: 835 count: 492 score: 191.8704 average_last200: 94.4331 epis: 0.0000 loss: 164.2331 
episode: 836 count: 168 score: -45.2857 average_last200: 93.1208 epis: 0.0000 loss: 59.6375 
episode: 837 count: 213 score: 208.9373 average_last200: 96.9112 epis: 0.0000 loss: 81.7851 
episode: 838 count: 427 score: 211.7974 average_last200: 98.4941 epis: 0.0000 loss: 148.9513 
episode: 839 count: 255 score: -10.0735 average_last200: 97.2087 epis: 0.0000 loss: 87.1208 
episode: 840 count: 198 score: 0.9856 average_last200: 97.1041 epis: 0.0000 loss: 80.1618 
episode: 841 count: 280 score: 233.1860 average_last200: 98.6729 epis: 0.0000 loss: 108.0765 
episode: 842 count: 262 score: 203.5274 average_last200: 99.8232 epis: 0.0000 loss: 109.5153 
episode: 843 count: 209 score: 183.8910 average_last200: 100.8984 epis: 0.0000 loss: 73.1501 
episode: 844 count: 186 score: -733.4061 average_last200: 97.5824 epis: 0.0000 loss: 65.8501 
episode: 845 count: 362 score: 179.9439 average_last200: 98.5321 epis: 0.0000 loss: 128.0008 
episode: 846 count: 255 score: 225.8926 average_last200: 99.7149 epis: 0.0000 loss: 95.2764 
episode: 847 count: 140 score: 1.8822 average_last200: 98.5449 epis: 0.0000 loss: 61.4068 
episode: 848 count: 221 score: 200.6616 average_last200: 99.6782 epis: 0.0000 loss: 85.4833 
episode: 849 count: 201 score: -42.8942 average_last200: 98.2671 epis: 0.0000 loss: 76.0776 
episode: 850 count: 169 score: 8.0992 average_last200: 98.3006 epis: 0.0000 loss: 69.9392 
episode: 851 count: 329 score: -78.3096 average_last200: 96.6570 epis: 0.0000 loss: 110.9005 
episode: 852 count: 364 score: -20.0689 average_last200: 96.8421 epis: 0.0000 loss: 127.3701 
episode: 853 count: 230 score: -69.6380 average_last200: 95.6768 epis: 0.0000 loss: 80.3188 
episode: 854 count: 346 score: 213.2021 average_last200: 95.5581 epis: 0.0000 loss: 134.5002 
episode: 855 count: 141 score: -11.2411 average_last200: 94.5255 epis: 0.0000 loss: 43.5045 
episode: 856 count: 171 score: 0.7658 average_last200: 94.5729 epis: 0.0000 loss: 63.6312 
episode: 857 count: 327 score: 232.9839 average_last200: 96.1885 epis: 0.0000 loss: 114.3909 
episode: 858 count: 285 score: 242.0156 average_last200: 96.3920 epis: 0.0000 loss: 88.5021 
episode: 859 count: 167 score: -29.5505 average_last200: 95.1751 epis: 0.0000 loss: 56.4708 
episode: 860 count: 87 score: -13.5752 average_last200: 93.7573 epis: 0.0000 loss: 31.0617 
episode: 861 count: 137 score: -29.9204 average_last200: 93.6984 epis: 0.0000 loss: 56.9664 
episode: 862 count: 258 score: 210.7097 average_last200: 95.1433 epis: 0.0000 loss: 89.7213 
episode: 863 count: 267 score: -44.8204 average_last200: 95.1346 epis: 0.0000 loss: 95.4729 
episode: 864 count: 458 score: 238.2572 average_last200: 95.2518 epis: 0.0000 loss: 176.9235 
episode: 865 count: 449 score: 232.0043 average_last200: 96.6107 epis: 0.0000 loss: 190.5957 
episode: 866 count: 208 score: 3.8002 average_last200: 95.4276 epis: 0.0000 loss: 84.7839 
episode: 867 count: 330 score: 254.6019 average_last200: 96.9663 epis: 0.0000 loss: 118.3122 
episode: 868 count: 146 score: -43.2224 average_last200: 96.7288 epis: 0.0000 loss: 59.2514 
episode: 869 count: 108 score: -19.6302 average_last200: 96.6706 epis: 0.0000 loss: 38.2365 
episode: 870 count: 132 score: -22.4280 average_last200: 96.9090 epis: 0.0000 loss: 49.6306 
episode: 871 count: 139 score: -54.5000 average_last200: 96.6298 epis: 0.0000 loss: 44.7216 
episode: 872 count: 348 score: -108.2425 average_last200: 95.9473 epis: 0.0000 loss: 121.8356 
episode: 873 count: 312 score: 220.6539 average_last200: 96.0345 epis: 0.0000 loss: 113.6867 
episode: 874 count: 118 score: -40.7579 average_last200: 94.7085 epis: 0.0000 loss: 45.0351 
episode: 875 count: 107 score: -2.1064 average_last200: 94.6863 epis: 0.0000 loss: 57.1367 
episode: 876 count: 138 score: -40.9613 average_last200: 94.5003 epis: 0.0000 loss: 59.6947 
episode: 877 count: 207 score: 238.5642 average_last200: 95.9528 epis: 0.0000 loss: 73.7777 
episode: 878 count: 130 score: -59.9872 average_last200: 95.7066 epis: 0.0000 loss: 64.8514 
episode: 879 count: 110 score: -19.7955 average_last200: 94.5325 epis: 0.0000 loss: 37.4920 
episode: 880 count: 132 score: -23.2952 average_last200: 93.3442 epis: 0.0000 loss: 55.3255 
episode: 881 count: 109 score: 5.3312 average_last200: 92.1496 epis: 0.0000 loss: 39.7887 
episode: 882 count: 111 score: -31.2391 average_last200: 92.1856 epis: 0.0000 loss: 43.7149 
episode: 883 count: 141 score: -34.0042 average_last200: 90.9899 epis: 0.0000 loss: 61.2653 
episode: 884 count: 236 score: 214.6254 average_last200: 92.3832 epis: 0.0000 loss: 96.8468 
episode: 885 count: 129 score: 11.1445 average_last200: 92.4423 epis: 0.0000 loss: 46.0581 
episode: 886 count: 109 score: -70.6786 average_last200: 90.9611 epis: 0.0000 loss: 46.7886 
episode: 887 count: 163 score: 7.9141 average_last200: 89.8701 epis: 0.0000 loss: 67.5411 
episode: 888 count: 120 score: 21.9384 average_last200: 90.2316 epis: 0.0000 loss: 32.9838 
episode: 889 count: 207 score: -81.5048 average_last200: 88.9599 epis: 0.0000 loss: 87.7446 
episode: 890 count: 121 score: -27.1819 average_last200: 87.7074 epis: 0.0000 loss: 51.1028 
episode: 891 count: 129 score: -2.9658 average_last200: 86.6822 epis: 0.0000 loss: 52.5747 
episode: 892 count: 118 score: -57.4243 average_last200: 85.2743 epis: 0.0000 loss: 46.0916 
episode: 893 count: 121 score: 9.7191 average_last200: 84.2519 epis: 0.0000 loss: 50.6069 
episode: 894 count: 137 score: -30.1869 average_last200: 83.1788 epis: 0.0000 loss: 67.7244 
episode: 895 count: 126 score: -88.5093 average_last200: 83.3904 epis: 0.0000 loss: 49.0068 
episode: 896 count: 162 score: -31.1170 average_last200: 82.1175 epis: 0.0000 loss: 73.4264 
episode: 897 count: 109 score: -34.3317 average_last200: 80.6835 epis: 0.0000 loss: 44.9327 
episode: 898 count: 133 score: -13.5416 average_last200: 80.8947 epis: 0.0000 loss: 40.3020 
episode: 899 count: 304 score: 229.4975 average_last200: 82.3199 epis: 0.0000 loss: 120.3317 
episode: 900 count: 139 score: -39.1409 average_last200: 82.1225 epis: 0.0000 loss: 48.9157 
episode: 901 count: 139 score: -50.3952 average_last200: 80.6029 epis: 0.0000 loss: 64.5384 
episode: 902 count: 208 score: -125.1909 average_last200: 78.7900 epis: 0.0000 loss: 87.0073 
episode: 903 count: 142 score: 0.7911 average_last200: 77.5397 epis: 0.0000 loss: 57.0683 
episode: 904 count: 223 score: 206.1166 average_last200: 77.5620 epis: 0.0000 loss: 78.1815 
episode: 905 count: 127 score: -63.1016 average_last200: 77.1442 epis: 0.0000 loss: 50.8567 
episode: 906 count: 149 score: -27.3762 average_last200: 75.9857 epis: 0.0000 loss: 61.8786 
episode: 907 count: 159 score: -94.4447 average_last200: 75.6014 epis: 0.0000 loss: 60.2122 
episode: 908 count: 98 score: 10.4592 average_last200: 75.7031 epis: 0.0000 loss: 38.6571 
episode: 909 count: 161 score: -62.1193 average_last200: 75.5685 epis: 0.0000 loss: 70.0105 
episode: 910 count: 143 score: -17.8158 average_last200: 75.5804 epis: 0.0000 loss: 47.1409 
episode: 911 count: 227 score: 204.3958 average_last200: 76.9669 epis: 0.0000 loss: 93.3241 
episode: 912 count: 126 score: 22.4368 average_last200: 76.2364 epis: 0.0000 loss: 48.3290 
episode: 913 count: 151 score: -3.3398 average_last200: 76.3771 epis: 0.0000 loss: 62.5305 
episode: 914 count: 250 score: 260.1513 average_last200: 78.0196 epis: 0.0000 loss: 109.4666 
episode: 915 count: 122 score: -64.8254 average_last200: 77.9242 epis: 0.0000 loss: 47.9300 
episode: 916 count: 139 score: -72.5687 average_last200: 76.4048 epis: 0.0000 loss: 43.6431 
episode: 917 count: 118 score: 3.2923 average_last200: 76.5541 epis: 0.0000 loss: 44.5373 
episode: 918 count: 174 score: -716.5385 average_last200: 72.9413 epis: 0.0000 loss: 87.1584 
episode: 919 count: 106 score: -21.9674 average_last200: 73.0013 epis: 0.0000 loss: 33.8539 
episode: 920 count: 218 score: 228.0887 average_last200: 74.4090 epis: 0.0000 loss: 87.3411 
episode: 921 count: 165 score: -47.8861 average_last200: 73.0598 epis: 0.0000 loss: 61.9489 
episode: 922 count: 93 score: -61.5619 average_last200: 71.6142 epis: 0.0000 loss: 35.7657 
episode: 923 count: 119 score: 1.9735 average_last200: 72.0606 epis: 0.0000 loss: 46.7727 
episode: 924 count: 142 score: -47.1612 average_last200: 72.1441 epis: 0.0000 loss: 49.8545 
episode: 925 count: 161 score: -15.2704 average_last200: 70.8432 epis: 0.0000 loss: 80.4648 
episode: 926 count: 118 score: -75.1106 average_last200: 69.3733 epis: 0.0000 loss: 46.3031 
episode: 927 count: 111 score: -43.1456 average_last200: 69.2266 epis: 0.0000 loss: 32.2394 
episode: 928 count: 104 score: -42.5576 average_last200: 69.1653 epis: 0.0000 loss: 44.9524 
episode: 929 count: 89 score: -95.3806 average_last200: 67.5353 epis: 0.0000 loss: 45.0289 
episode: 930 count: 307 score: 241.4121 average_last200: 67.5189 epis: 0.0000 loss: 126.0612 
episode: 931 count: 116 score: -84.3447 average_last200: 67.1756 epis: 0.0000 loss: 42.0200 
episode: 932 count: 109 score: 2.4593 average_last200: 67.1358 epis: 0.0000 loss: 48.3515 
episode: 933 count: 133 score: -228.9516 average_last200: 65.3126 epis: 0.0000 loss: 56.6060 
episode: 934 count: 176 score: 26.2100 average_last200: 65.8060 epis: 0.0000 loss: 81.2013 
episode: 935 count: 119 score: -75.1833 average_last200: 65.5396 epis: 0.0000 loss: 55.9600 
episode: 936 count: 123 score: -53.6580 average_last200: 65.4282 epis: 0.0000 loss: 53.4722 
episode: 937 count: 115 score: -8.0900 average_last200: 65.5756 epis: 0.0000 loss: 75.4381 
episode: 938 count: 154 score: -41.7596 average_last200: 65.3291 epis: 0.0000 loss: 72.7641 
episode: 939 count: 140 score: -21.7783 average_last200: 64.3893 epis: 0.0000 loss: 60.0760 
episode: 940 count: 97 score: -61.5269 average_last200: 63.0319 epis: 0.0000 loss: 43.1290 
episode: 941 count: 213 score: 240.0078 average_last200: 64.8695 epis: 0.0000 loss: 90.2435 
episode: 942 count: 93 score: 5.2643 average_last200: 65.0954 epis: 0.0000 loss: 34.9725 
episode: 943 count: 102 score: -81.9857 average_last200: 63.7823 epis: 0.0000 loss: 45.5995 
episode: 944 count: 134 score: -6.0340 average_last200: 63.8669 epis: 0.0000 loss: 59.7228 
episode: 945 count: 198 score: 262.9062 average_last200: 65.4460 epis: 0.0000 loss: 93.8813 
episode: 946 count: 110 score: -34.6225 average_last200: 64.0599 epis: 0.0000 loss: 64.5568 
episode: 947 count: 86 score: -83.3165 average_last200: 62.5454 epis: 0.0000 loss: 43.2065 
episode: 948 count: 216 score: 236.9575 average_last200: 63.6487 epis: 0.0000 loss: 101.3971 
episode: 949 count: 105 score: -2.4270 average_last200: 62.5560 epis: 0.0000 loss: 48.2936 
episode: 950 count: 131 score: -45.5029 average_last200: 62.4903 epis: 0.0000 loss: 55.0629 
episode: 951 count: 119 score: -31.1870 average_last200: 61.2767 epis: 0.0000 loss: 47.6394 
episode: 952 count: 220 score: -76.2025 average_last200: 59.7086 epis: 0.0000 loss: 99.4464 
episode: 953 count: 153 score: -30.3376 average_last200: 58.5841 epis: 0.0000 loss: 51.6472 
episode: 954 count: 208 score: 5.3833 average_last200: 58.8497 epis: 0.0000 loss: 94.9995 
episode: 955 count: 134 score: -9.1453 average_last200: 58.8934 epis: 0.0000 loss: 52.1849 
episode: 956 count: 111 score: -46.2679 average_last200: 57.4636 epis: 0.0000 loss: 43.3296 
episode: 957 count: 117 score: -82.7465 average_last200: 57.1035 epis: 0.0000 loss: 49.1021 
episode: 958 count: 144 score: -33.0876 average_last200: 57.0719 epis: 0.0000 loss: 57.0259 
episode: 959 count: 104 score: -22.2469 average_last200: 55.7862 epis: 0.0000 loss: 42.2822 
episode: 960 count: 104 score: -54.4603 average_last200: 55.4596 epis: 0.0000 loss: 36.9636 
episode: 961 count: 116 score: 27.5925 average_last200: 54.5820 epis: 0.0000 loss: 44.2314 
episode: 962 count: 98 score: -65.5111 average_last200: 53.1151 epis: 0.0000 loss: 37.7809 
episode: 963 count: 95 score: -15.4212 average_last200: 53.1577 epis: 0.0000 loss: 39.3720 
episode: 964 count: 141 score: -14.4936 average_last200: 51.8703 epis: 0.0000 loss: 53.4388 
episode: 965 count: 138 score: -1.6467 average_last200: 52.0080 epis: 0.0000 loss: 49.4440 
episode: 966 count: 139 score: -33.4488 average_last200: 51.8474 epis: 0.0000 loss: 59.5862 
episode: 967 count: 233 score: -60.5614 average_last200: 51.7259 epis: 0.0000 loss: 109.7720 
episode: 968 count: 119 score: -11.3759 average_last200: 50.5122 epis: 0.0000 loss: 43.6645 
episode: 969 count: 205 score: -29.6258 average_last200: 49.2148 epis: 0.0000 loss: 79.7438 
episode: 970 count: 270 score: 220.9808 average_last200: 50.4410 epis: 0.0000 loss: 107.3360 
episode: 971 count: 105 score: -4.7660 average_last200: 49.1679 epis: 0.0000 loss: 44.7229 
episode: 972 count: 129 score: -30.5045 average_last200: 48.1836 epis: 0.0000 loss: 49.7211 
episode: 973 count: 160 score: -51.8380 average_last200: 46.8180 epis: 0.0000 loss: 72.3621 
episode: 974 count: 179 score: 195.2962 average_last200: 46.6429 epis: 0.0000 loss: 59.5013 
episode: 975 count: 135 score: -8.7553 average_last200: 45.5667 epis: 0.0000 loss: 53.8522 
episode: 976 count: 204 score: -22.2651 average_last200: 45.2403 epis: 0.0000 loss: 70.1575 
episode: 977 count: 118 score: 6.2126 average_last200: 44.0318 epis: 0.0000 loss: 44.0992 
episode: 978 count: 113 score: -3.6326 average_last200: 42.8954 epis: 0.0000 loss: 46.8336 
episode: 979 count: 139 score: -23.5505 average_last200: 41.7979 epis: 0.0000 loss: 53.3057 
episode: 980 count: 148 score: -17.0084 average_last200: 40.6761 epis: 0.0000 loss: 61.7136 
episode: 981 count: 401 score: 225.5069 average_last200: 40.6935 epis: 0.0000 loss: 180.1510 
episode: 982 count: 73 score: -24.1209 average_last200: 39.3100 epis: 0.0000 loss: 29.6138 
episode: 983 count: 101 score: -62.9653 average_last200: 37.8068 epis: 0.0000 loss: 51.7767 
episode: 984 count: 151 score: -21.8358 average_last200: 37.7768 epis: 0.0000 loss: 53.8241 
episode: 985 count: 166 score: 45.2651 average_last200: 37.0862 epis: 0.0000 loss: 73.5874 
episode: 986 count: 146 score: -16.9053 average_last200: 35.9343 epis: 0.0000 loss: 57.0731 
episode: 987 count: 182 score: -20.2899 average_last200: 34.7170 epis: 0.0000 loss: 67.8834 
episode: 988 count: 175 score: -22.3413 average_last200: 34.2678 epis: 0.0000 loss: 71.3417 
episode: 989 count: 215 score: 221.8532 average_last200: 34.4051 epis: 0.0000 loss: 78.5261 
episode: 990 count: 102 score: -16.2811 average_last200: 33.4722 epis: 0.0000 loss: 47.7189 
episode: 991 count: 92 score: -204.0928 average_last200: 31.2498 epis: 0.0000 loss: 34.2623 
episode: 992 count: 207 score: 249.5145 average_last200: 32.4744 epis: 0.0000 loss: 85.5659 
episode: 993 count: 97 score: -63.2055 average_last200: 31.1908 epis: 0.0000 loss: 48.2328 
episode: 994 count: 103 score: -40.2650 average_last200: 30.0557 epis: 0.0000 loss: 47.1511 
episode: 995 count: 129 score: -24.8497 average_last200: 28.7161 epis: 0.0000 loss: 53.6646 
episode: 996 count: 179 score: -6.8631 average_last200: 27.7646 epis: 0.0000 loss: 76.3349 
episode: 997 count: 105 score: -11.7965 average_last200: 26.6832 epis: 0.0000 loss: 33.9981 
episode: 998 count: 152 score: -6.1574 average_last200: 25.8914 epis: 0.0000 loss: 73.3492 
episode: 999 count: 104 score: -37.8519 average_last200: 24.6840 epis: 0.0000 loss: 45.4612 
