[33mWARN: gym.spaces.Box autodetected dtype as <class 'numpy.float32'>. Please provide explicit dtype.[0m
All para: Epis 1000 memlen 100000 gamma 0.990 epsilon 0.960 alpha 0.00090 batch 30 upfreq 500
episode: 0 count: 103 score: -201.7553 average_last200: -201.7553 epis: 0.9600 loss: 0.0000 
episode: 1 count: 92 score: -168.0546 average_last200: -184.9050 epis: 0.9216 loss: 0.0000 
episode: 2 count: 73 score: -170.4669 average_last200: -180.0923 epis: 0.8847 loss: 0.0000 
episode: 3 count: 94 score: -323.1032 average_last200: -215.8450 epis: 0.8493 loss: 0.0000 
episode: 4 count: 107 score: -333.8936 average_last200: -239.4547 epis: 0.8154 loss: 0.0000 
episode: 5 count: 75 score: -155.6075 average_last200: -225.4802 epis: 0.7828 loss: 0.0000 
episode: 6 count: 111 score: -278.3546 average_last200: -233.0337 epis: 0.7514 loss: 0.0000 
episode: 7 count: 100 score: -532.8034 average_last200: -270.5049 epis: 0.7214 loss: 0.0000 
episode: 8 count: 74 score: -119.3104 average_last200: -253.7055 epis: 0.6925 loss: 0.0000 
episode: 9 count: 140 score: -184.0057 average_last200: -246.7355 epis: 0.6648 loss: 0.0000 
episode: 10 count: 75 score: -553.3177 average_last200: -274.6066 epis: 0.6382 loss: 39.5196 
episode: 11 count: 72 score: -461.0523 average_last200: -290.1438 epis: 0.6127 loss: 40.4003 
episode: 12 count: 277 score: -219.9460 average_last200: -284.7439 epis: 0.5882 loss: 124.7216 
episode: 13 count: 195 score: -145.7710 average_last200: -274.8173 epis: 0.5647 loss: 71.6145 
episode: 14 count: 257 score: -210.4051 average_last200: -270.5232 epis: 0.5421 loss: 81.7213 
episode: 15 count: 147 score: -310.4184 average_last200: -273.0166 epis: 0.5204 loss: 45.5027 
episode: 16 count: 169 score: -109.8559 average_last200: -263.4189 epis: 0.4996 loss: 50.2075 
episode: 17 count: 153 score: -153.1179 average_last200: -257.2911 epis: 0.4796 loss: 45.8679 
episode: 18 count: 1000 score: 14.3530 average_last200: -242.9940 epis: 0.4604 loss: 284.8453 
episode: 19 count: 290 score: -118.6062 average_last200: -236.7746 epis: 0.4420 loss: 87.9156 
episode: 20 count: 197 score: -262.8546 average_last200: -238.0165 epis: 0.4243 loss: 59.7827 
episode: 21 count: 806 score: -427.7985 average_last200: -246.6430 epis: 0.4073 loss: 240.3911 
episode: 22 count: 516 score: -302.1052 average_last200: -249.0544 epis: 0.3911 loss: 145.4994 
episode: 23 count: 245 score: -36.7772 average_last200: -240.2095 epis: 0.3754 loss: 67.8594 
episode: 24 count: 1000 score: 83.4571 average_last200: -227.2628 epis: 0.3604 loss: 303.2598 
episode: 25 count: 1000 score: 28.8453 average_last200: -217.4125 epis: 0.3460 loss: 312.3452 
episode: 26 count: 1000 score: -61.4493 average_last200: -211.6361 epis: 0.3321 loss: 299.5823 
episode: 27 count: 1000 score: -130.4049 average_last200: -208.7350 epis: 0.3189 loss: 291.0034 
episode: 28 count: 1000 score: -37.6125 average_last200: -202.8342 epis: 0.3061 loss: 280.0267 
episode: 29 count: 1000 score: -58.0124 average_last200: -198.0068 epis: 0.2939 loss: 276.6650 
episode: 30 count: 1000 score: -49.6595 average_last200: -193.2214 epis: 0.2821 loss: 276.2486 
episode: 31 count: 1000 score: -111.6156 average_last200: -190.6712 epis: 0.2708 loss: 249.7304 
episode: 32 count: 1000 score: -53.9671 average_last200: -186.5287 epis: 0.2600 loss: 255.7577 
episode: 33 count: 1000 score: -70.5847 average_last200: -183.1186 epis: 0.2496 loss: 263.5551 
episode: 34 count: 1000 score: 34.8697 average_last200: -176.8903 epis: 0.2396 loss: 220.5811 
episode: 35 count: 863 score: 123.6612 average_last200: -168.5417 epis: 0.2300 loss: 198.1327 
episode: 36 count: 1000 score: -17.1605 average_last200: -164.4503 epis: 0.2208 loss: 210.9357 
episode: 37 count: 485 score: -221.6007 average_last200: -165.9543 epis: 0.2120 loss: 104.1686 
episode: 38 count: 216 score: -133.9981 average_last200: -165.1349 epis: 0.2035 loss: 47.6379 
episode: 39 count: 654 score: -201.4334 average_last200: -166.0423 epis: 0.1954 loss: 141.1744 
episode: 40 count: 204 score: -152.4360 average_last200: -165.7105 epis: 0.1876 loss: 47.4777 
episode: 41 count: 286 score: -69.1053 average_last200: -163.4104 epis: 0.1800 loss: 62.7765 
episode: 42 count: 789 score: -190.2971 average_last200: -164.0356 epis: 0.1728 loss: 173.4612 
episode: 43 count: 512 score: 179.1074 average_last200: -156.2369 epis: 0.1659 loss: 102.7664 
episode: 44 count: 202 score: -179.7172 average_last200: -156.7587 epis: 0.1593 loss: 43.5028 
episode: 45 count: 268 score: -175.1700 average_last200: -157.1589 epis: 0.1529 loss: 59.0497 
episode: 46 count: 499 score: -192.4474 average_last200: -157.9098 epis: 0.1468 loss: 102.7073 
episode: 47 count: 718 score: -261.5577 average_last200: -160.0691 epis: 0.1409 loss: 143.9362 
episode: 48 count: 179 score: -164.4986 average_last200: -160.1595 epis: 0.1353 loss: 33.5573 
episode: 49 count: 426 score: -195.5831 average_last200: -160.8680 epis: 0.1299 loss: 94.3247 
episode: 50 count: 400 score: -202.6881 average_last200: -161.6880 epis: 0.1247 loss: 82.7857 
episode: 51 count: 664 score: -160.8325 average_last200: -161.6715 epis: 0.1197 loss: 133.2550 
episode: 52 count: 737 score: 190.5637 average_last200: -155.0256 epis: 0.1149 loss: 145.4052 
episode: 53 count: 436 score: -22.2860 average_last200: -152.5674 epis: 0.1103 loss: 88.7765 
episode: 54 count: 200 score: -14.5606 average_last200: -150.0582 epis: 0.1059 loss: 38.7377 
episode: 55 count: 531 score: 186.1547 average_last200: -144.0544 epis: 0.1017 loss: 100.7250 
episode: 56 count: 971 score: 94.0147 average_last200: -139.8778 epis: 0.0976 loss: 190.5768 
episode: 57 count: 780 score: 147.8875 average_last200: -134.9163 epis: 0.0937 loss: 153.3732 
episode: 58 count: 573 score: 170.3281 average_last200: -129.7427 epis: 0.0900 loss: 111.9091 
episode: 59 count: 1000 score: 38.6345 average_last200: -126.9364 epis: 0.0864 loss: 192.2469 
episode: 60 count: 495 score: 122.1308 average_last200: -122.8533 epis: 0.0829 loss: 97.5419 
episode: 61 count: 540 score: 128.0741 average_last200: -118.8061 epis: 0.0796 loss: 104.7901 
episode: 62 count: 1000 score: -84.7867 average_last200: -118.2661 epis: 0.0764 loss: 193.9397 
episode: 63 count: 793 score: 133.6226 average_last200: -114.3303 epis: 0.0733 loss: 150.8114 
episode: 64 count: 528 score: 204.7417 average_last200: -109.4215 epis: 0.0704 loss: 103.6724 
episode: 65 count: 594 score: 183.6882 average_last200: -104.9805 epis: 0.0676 loss: 117.5003 
episode: 66 count: 410 score: 196.3048 average_last200: -100.4837 epis: 0.0649 loss: 84.4757 
episode: 67 count: 733 score: 106.6910 average_last200: -97.4370 epis: 0.0623 loss: 142.8903 
episode: 68 count: 594 score: 200.7749 average_last200: -93.1151 epis: 0.0598 loss: 112.0518 
episode: 69 count: 468 score: 192.8583 average_last200: -89.0298 epis: 0.0574 loss: 86.2607 
episode: 70 count: 360 score: 194.8341 average_last200: -85.0317 epis: 0.0551 loss: 68.4351 
episode: 71 count: 288 score: 196.1160 average_last200: -81.1268 epis: 0.0529 loss: 59.6930 
episode: 72 count: 500 score: 177.1176 average_last200: -77.5892 epis: 0.0508 loss: 100.0088 
episode: 73 count: 395 score: 232.0344 average_last200: -73.4051 epis: 0.0488 loss: 72.4713 
episode: 74 count: 353 score: 212.5308 average_last200: -69.5927 epis: 0.0468 loss: 68.2843 
episode: 75 count: 412 score: 222.7288 average_last200: -65.7463 epis: 0.0449 loss: 86.4271 
episode: 76 count: 399 score: 182.0313 average_last200: -62.5284 epis: 0.0431 loss: 80.7304 
episode: 77 count: 337 score: 213.6110 average_last200: -58.9882 epis: 0.0414 loss: 65.0942 
episode: 78 count: 666 score: 174.0205 average_last200: -56.0387 epis: 0.0398 loss: 141.0136 
episode: 79 count: 366 score: 239.2523 average_last200: -52.3476 epis: 0.0382 loss: 66.9151 
episode: 80 count: 841 score: 174.1532 average_last200: -49.5513 epis: 0.0366 loss: 154.8900 
episode: 81 count: 665 score: 194.0103 average_last200: -46.5810 epis: 0.0352 loss: 138.1617 
episode: 82 count: 304 score: 200.6690 average_last200: -43.6021 epis: 0.0338 loss: 56.6546 
episode: 83 count: 361 score: 171.0151 average_last200: -41.0471 epis: 0.0324 loss: 65.9544 
episode: 84 count: 441 score: 225.0024 average_last200: -37.9171 epis: 0.0311 loss: 83.8482 
episode: 85 count: 348 score: 187.9172 average_last200: -35.2911 epis: 0.0299 loss: 66.2562 
episode: 86 count: 675 score: 125.7763 average_last200: -33.4398 epis: 0.0287 loss: 141.4440 
episode: 87 count: 417 score: 199.6674 average_last200: -30.7909 epis: 0.0275 loss: 90.3762 
episode: 88 count: 737 score: 158.0554 average_last200: -28.6690 epis: 0.0264 loss: 148.3280 
episode: 89 count: 514 score: 148.6894 average_last200: -26.6983 epis: 0.0254 loss: 111.2923 
episode: 90 count: 528 score: 219.4707 average_last200: -23.9932 epis: 0.0244 loss: 94.6947 
episode: 91 count: 376 score: 208.0588 average_last200: -21.4709 epis: 0.0234 loss: 73.1118 
episode: 92 count: 352 score: 209.4238 average_last200: -18.9881 epis: 0.0225 loss: 64.5255 
episode: 93 count: 801 score: 127.7771 average_last200: -17.4268 epis: 0.0216 loss: 152.9637 
episode: 94 count: 862 score: 109.0310 average_last200: -16.0957 epis: 0.0207 loss: 168.0295 
episode: 95 count: 598 score: 155.0898 average_last200: -14.3125 epis: 0.0199 loss: 110.3762 
episode: 96 count: 505 score: 209.6977 average_last200: -12.0031 epis: 0.0191 loss: 96.3121 
episode: 97 count: 517 score: 193.3373 average_last200: -9.9078 epis: 0.0183 loss: 103.9304 
episode: 98 count: 573 score: 201.7406 average_last200: -7.7699 epis: 0.0176 loss: 117.1824 
episode: 99 count: 500 score: 181.7680 average_last200: -5.8746 epis: 0.0169 loss: 98.9481 
episode: 100 count: 453 score: 193.5980 average_last200: -3.8996 epis: 0.0162 loss: 93.1538 
episode: 101 count: 632 score: 154.0642 average_last200: -2.3509 epis: 0.0155 loss: 130.5350 
episode: 102 count: 481 score: 212.8022 average_last200: -0.2621 epis: 0.0149 loss: 84.6727 
episode: 103 count: 667 score: 171.9342 average_last200: 1.3937 epis: 0.0143 loss: 122.7864 
episode: 104 count: 503 score: 153.6875 average_last200: 2.8441 epis: 0.0138 loss: 101.2348 
episode: 105 count: 460 score: 194.0173 average_last200: 4.6476 epis: 0.0132 loss: 89.5018 
episode: 106 count: 635 score: 182.9139 average_last200: 6.3137 epis: 0.0127 loss: 123.5532 
episode: 107 count: 1000 score: -74.0801 average_last200: 5.5693 epis: 0.0122 loss: 199.4422 
episode: 108 count: 1000 score: 75.2728 average_last200: 6.2088 epis: 0.0117 loss: 179.9204 
episode: 109 count: 307 score: 213.7255 average_last200: 8.0953 epis: 0.0112 loss: 60.2560 
episode: 110 count: 318 score: 207.5545 average_last200: 9.8922 epis: 0.0108 loss: 54.7974 
episode: 111 count: 434 score: 131.6893 average_last200: 10.9797 epis: 0.0103 loss: 88.1398 
episode: 112 count: 248 score: 203.3511 average_last200: 12.6821 epis: 0.0099 loss: 43.4043 
episode: 113 count: 274 score: 210.3655 average_last200: 14.4161 epis: 0.0095 loss: 55.5260 
episode: 114 count: 419 score: 199.0388 average_last200: 16.0216 epis: 0.0091 loss: 79.0858 
episode: 115 count: 357 score: 249.0513 average_last200: 18.0304 epis: 0.0088 loss: 71.9434 
episode: 116 count: 432 score: 203.2763 average_last200: 19.6137 epis: 0.0084 loss: 75.6663 
episode: 117 count: 324 score: 224.3259 average_last200: 21.3486 epis: 0.0081 loss: 56.1681 
episode: 118 count: 391 score: 175.3912 average_last200: 22.6431 epis: 0.0078 loss: 74.3920 
episode: 119 count: 404 score: 242.7476 average_last200: 24.4773 epis: 0.0075 loss: 80.7117 
episode: 120 count: 313 score: 197.8698 average_last200: 25.9103 epis: 0.0072 loss: 61.8904 
episode: 121 count: 369 score: 158.1617 average_last200: 26.9943 epis: 0.0069 loss: 70.3739 
episode: 122 count: 424 score: 192.8745 average_last200: 28.3429 epis: 0.0066 loss: 69.3958 
episode: 123 count: 245 score: 180.2215 average_last200: 29.5677 epis: 0.0063 loss: 43.3642 
episode: 124 count: 849 score: -163.4065 average_last200: 28.0239 epis: 0.0061 loss: 158.4223 
episode: 125 count: 343 score: 222.8041 average_last200: 29.5698 epis: 0.0058 loss: 60.7677 
episode: 126 count: 291 score: 225.6943 average_last200: 31.1141 epis: 0.0056 loss: 50.9891 
episode: 127 count: 291 score: 205.5940 average_last200: 32.4772 epis: 0.0054 loss: 58.6286 
episode: 128 count: 290 score: 248.9509 average_last200: 34.1553 epis: 0.0052 loss: 45.0398 
episode: 129 count: 281 score: 200.8256 average_last200: 35.4374 epis: 0.0050 loss: 47.5435 
episode: 130 count: 287 score: 246.8863 average_last200: 37.0515 epis: 0.0048 loss: 54.8716 
episode: 131 count: 272 score: 227.9740 average_last200: 38.4979 epis: 0.0046 loss: 48.4241 
episode: 132 count: 319 score: 216.2225 average_last200: 39.8342 epis: 0.0044 loss: 62.5186 
episode: 133 count: 286 score: 237.2359 average_last200: 41.3073 epis: 0.0042 loss: 58.3226 
episode: 134 count: 317 score: 228.4276 average_last200: 42.6934 epis: 0.0040 loss: 58.9437 
episode: 135 count: 262 score: 237.7349 average_last200: 44.1275 epis: 0.0039 loss: 46.6698 
episode: 136 count: 312 score: 233.9810 average_last200: 45.5133 epis: 0.0037 loss: 55.1124 
episode: 137 count: 337 score: 191.0030 average_last200: 46.5676 epis: 0.0036 loss: 62.6689 
episode: 138 count: 403 score: 202.3264 average_last200: 47.6882 epis: 0.0034 loss: 74.7859 
episode: 139 count: 559 score: 163.9383 average_last200: 48.5185 epis: 0.0033 loss: 106.6790 
episode: 140 count: 440 score: -60.9449 average_last200: 47.7422 epis: 0.0032 loss: 83.6110 
episode: 141 count: 1000 score: -77.3446 average_last200: 46.8613 epis: 0.0030 loss: 186.1461 
episode: 142 count: 454 score: 209.4344 average_last200: 47.9982 epis: 0.0029 loss: 89.4516 
episode: 143 count: 514 score: 170.5196 average_last200: 48.8490 epis: 0.0028 loss: 102.1364 
episode: 144 count: 1000 score: -90.7190 average_last200: 47.8865 epis: 0.0027 loss: 188.8418 
episode: 145 count: 440 score: 157.2798 average_last200: 48.6357 epis: 0.0026 loss: 84.7275 
episode: 146 count: 390 score: 210.2573 average_last200: 49.7352 epis: 0.0025 loss: 73.2886 
episode: 147 count: 328 score: -24.1103 average_last200: 49.2362 epis: 0.0024 loss: 54.0845 
episode: 148 count: 281 score: -11.1247 average_last200: 48.8311 epis: 0.0023 loss: 46.7173 
episode: 149 count: 247 score: 204.1283 average_last200: 49.8664 epis: 0.0022 loss: 51.9128 
episode: 150 count: 314 score: 193.3522 average_last200: 50.8167 epis: 0.0021 loss: 63.1435 
episode: 151 count: 362 score: 217.6952 average_last200: 51.9146 epis: 0.0020 loss: 61.1732 
episode: 152 count: 1000 score: 5.2930 average_last200: 51.6099 epis: 0.0019 loss: 177.9137 
episode: 153 count: 457 score: 183.0714 average_last200: 52.4635 epis: 0.0019 loss: 86.2312 
episode: 154 count: 323 score: 234.4230 average_last200: 53.6374 epis: 0.0018 loss: 55.5727 
episode: 155 count: 1000 score: -116.5376 average_last200: 52.5466 epis: 0.0017 loss: 176.1982 
episode: 156 count: 193 score: 44.3871 average_last200: 52.4946 epis: 0.0016 loss: 35.7198 
episode: 157 count: 216 score: 154.4571 average_last200: 53.1399 epis: 0.0016 loss: 38.8247 
episode: 158 count: 532 score: 119.5329 average_last200: 53.5575 epis: 0.0015 loss: 97.6542 
episode: 159 count: 637 score: -92.7084 average_last200: 52.6433 epis: 0.0015 loss: 110.0093 
episode: 160 count: 272 score: 214.3949 average_last200: 53.6480 epis: 0.0014 loss: 48.1493 
episode: 161 count: 969 score: 122.3795 average_last200: 54.0723 epis: 0.0013 loss: 147.6100 
episode: 162 count: 417 score: 192.0589 average_last200: 54.9188 epis: 0.0013 loss: 68.2735 
episode: 163 count: 226 score: 186.4193 average_last200: 55.7206 epis: 0.0012 loss: 42.0049 
episode: 164 count: 384 score: 168.0103 average_last200: 56.4012 epis: 0.0012 loss: 68.5664 
episode: 165 count: 484 score: -39.7450 average_last200: 55.8220 epis: 0.0011 loss: 84.0911 
episode: 166 count: 221 score: 141.4524 average_last200: 56.3348 epis: 0.0011 loss: 42.5600 
episode: 167 count: 1000 score: -131.1848 average_last200: 55.2186 epis: 0.0011 loss: 178.2449 
episode: 168 count: 390 score: 191.6509 average_last200: 56.0259 epis: 0.0010 loss: 63.4236 
episode: 169 count: 439 score: 234.8791 average_last200: 57.0779 epis: 0.0010 loss: 74.0871 
episode: 170 count: 640 score: 91.0896 average_last200: 57.2768 epis: 0.0009 loss: 117.5544 
episode: 171 count: 184 score: 202.1388 average_last200: 58.1191 epis: 0.0009 loss: 34.5024 
episode: 172 count: 218 score: 28.0468 average_last200: 57.9452 epis: 0.0009 loss: 39.8300 
episode: 173 count: 267 score: -69.9074 average_last200: 57.2104 epis: 0.0008 loss: 49.5577 
episode: 174 count: 1000 score: -94.0529 average_last200: 56.3461 epis: 0.0008 loss: 181.8375 
episode: 175 count: 323 score: -1.3471 average_last200: 56.0183 epis: 0.0008 loss: 61.9812 
episode: 176 count: 321 score: -66.2279 average_last200: 55.3276 epis: 0.0007 loss: 57.4019 
episode: 177 count: 366 score: -29.8603 average_last200: 54.8490 epis: 0.0007 loss: 56.4533 
episode: 178 count: 254 score: -33.1641 average_last200: 54.3573 epis: 0.0007 loss: 46.7211 
episode: 179 count: 302 score: -34.3363 average_last200: 53.8646 epis: 0.0006 loss: 48.3101 
episode: 180 count: 290 score: 243.6715 average_last200: 54.9133 epis: 0.0006 loss: 48.5702 
episode: 181 count: 222 score: -30.4782 average_last200: 54.4441 epis: 0.0006 loss: 35.0772 
episode: 182 count: 1000 score: -94.0236 average_last200: 53.6328 epis: 0.0006 loss: 166.4408 
episode: 183 count: 779 score: 75.7028 average_last200: 53.7527 epis: 0.0005 loss: 142.2133 
episode: 184 count: 998 score: -301.3777 average_last200: 51.8331 epis: 0.0005 loss: 173.3230 
episode: 185 count: 136 score: -20.7495 average_last200: 51.4429 epis: 0.0005 loss: 21.8410 
episode: 186 count: 201 score: -6.3294 average_last200: 51.1339 epis: 0.0005 loss: 37.8806 
episode: 187 count: 193 score: -13.1756 average_last200: 50.7919 epis: 0.0005 loss: 25.8267 
episode: 188 count: 235 score: -10.9109 average_last200: 50.4654 epis: 0.0004 loss: 44.2616 
episode: 189 count: 212 score: -43.1884 average_last200: 49.9725 epis: 0.0004 loss: 47.0675 
episode: 190 count: 250 score: -29.1374 average_last200: 49.5583 epis: 0.0004 loss: 48.0536 
episode: 191 count: 854 score: 51.9343 average_last200: 49.5707 epis: 0.0004 loss: 157.8784 
episode: 192 count: 295 score: -39.2052 average_last200: 49.1107 epis: 0.0004 loss: 45.9926 
episode: 193 count: 331 score: 193.2988 average_last200: 49.8539 epis: 0.0004 loss: 55.7276 
episode: 194 count: 311 score: 186.2611 average_last200: 50.5534 epis: 0.0003 loss: 51.1310 
episode: 195 count: 218 score: -26.1748 average_last200: 50.1620 epis: 0.0003 loss: 41.1237 
episode: 196 count: 1000 score: -102.0807 average_last200: 49.3892 epis: 0.0003 loss: 168.3369 
episode: 197 count: 279 score: 231.8716 average_last200: 50.3108 epis: 0.0003 loss: 56.4901 
episode: 198 count: 189 score: 170.2501 average_last200: 50.9135 epis: 0.0003 loss: 29.2765 
episode: 199 count: 163 score: 234.1929 average_last200: 51.8299 epis: 0.0003 loss: 32.7373 
episode: 200 count: 416 score: 95.6776 average_last200: 53.3171 epis: 0.0003 loss: 67.8319 
episode: 201 count: 588 score: 103.5683 average_last200: 54.6752 epis: 0.0003 loss: 91.2855 
episode: 202 count: 413 score: 188.8692 average_last200: 56.4719 epis: 0.0003 loss: 73.4231 
episode: 203 count: 237 score: 201.5944 average_last200: 59.0953 epis: 0.0002 loss: 37.9451 
episode: 204 count: 390 score: 164.0460 average_last200: 61.5850 epis: 0.0002 loss: 72.3976 
episode: 205 count: 316 score: -41.0503 average_last200: 62.1578 epis: 0.0002 loss: 53.8726 
episode: 206 count: 323 score: 219.7447 average_last200: 64.6483 epis: 0.0002 loss: 65.2767 
episode: 207 count: 241 score: 1.8187 average_last200: 67.3214 epis: 0.0002 loss: 38.5976 
episode: 208 count: 420 score: -607.2292 average_last200: 64.8818 epis: 0.0002 loss: 72.7609 
episode: 209 count: 434 score: 130.4539 average_last200: 66.4541 epis: 0.0002 loss: 72.0352 
episode: 210 count: 290 score: 253.5580 average_last200: 70.4885 epis: 0.0002 loss: 53.2959 
episode: 211 count: 667 score: 171.2578 average_last200: 73.6501 epis: 0.0002 loss: 112.9441 
episode: 212 count: 546 score: 142.5688 average_last200: 75.4626 epis: 0.0002 loss: 94.3554 
episode: 213 count: 506 score: 148.7953 average_last200: 76.9355 epis: 0.0002 loss: 82.1295 
episode: 214 count: 227 score: 16.0336 average_last200: 78.0677 epis: 0.0002 loss: 39.3584 
episode: 215 count: 260 score: -8.6905 average_last200: 79.5763 epis: 0.0001 loss: 40.4179 
episode: 216 count: 314 score: 232.8537 average_last200: 81.2899 epis: 0.0001 loss: 50.6517 
episode: 217 count: 621 score: 111.4603 average_last200: 82.6127 epis: 0.0001 loss: 105.8351 
episode: 218 count: 178 score: 238.6628 average_last200: 83.7343 epis: 0.0001 loss: 26.2153 
episode: 219 count: 197 score: 228.3092 average_last200: 85.4689 epis: 0.0001 loss: 25.8197 
episode: 220 count: 173 score: 3.0474 average_last200: 86.7984 epis: 0.0001 loss: 30.6777 
episode: 221 count: 325 score: 213.3154 average_last200: 90.0040 epis: 0.0001 loss: 52.4515 
episode: 222 count: 264 score: 228.6863 average_last200: 92.6579 epis: 0.0001 loss: 38.2546 
episode: 223 count: 351 score: 228.2495 average_last200: 93.9830 epis: 0.0001 loss: 60.7544 
episode: 224 count: 379 score: 154.7941 average_last200: 94.3397 epis: 0.0001 loss: 57.2245 
episode: 225 count: 236 score: 213.5166 average_last200: 95.2631 epis: 0.0001 loss: 38.6564 
episode: 226 count: 443 score: 222.1270 average_last200: 96.6810 epis: 0.0001 loss: 70.7951 
episode: 227 count: 522 score: -153.7032 average_last200: 96.5645 epis: 0.0001 loss: 86.4482 
episode: 228 count: 522 score: -69.4494 average_last200: 96.4053 epis: 0.0001 loss: 79.0130 
episode: 229 count: 281 score: 204.8912 average_last200: 97.7198 epis: 0.0001 loss: 40.3059 
episode: 230 count: 472 score: 232.9104 average_last200: 99.1327 epis: 0.0001 loss: 77.0886 
episode: 231 count: 252 score: 150.1422 average_last200: 100.4414 epis: 0.0001 loss: 47.7227 
episode: 232 count: 342 score: 244.7107 average_last200: 101.9348 epis: 0.0001 loss: 52.3520 
episode: 233 count: 264 score: 212.0688 average_last200: 103.3481 epis: 0.0001 loss: 45.8170 
episode: 234 count: 308 score: 168.3759 average_last200: 104.0156 epis: 0.0001 loss: 45.3844 
episode: 235 count: 539 score: 157.4567 average_last200: 104.1846 epis: 0.0001 loss: 88.8916 
episode: 236 count: 849 score: 96.8308 average_last200: 104.7546 epis: 0.0001 loss: 143.0371 
episode: 237 count: 318 score: 183.8186 average_last200: 106.7817 epis: 0.0001 loss: 54.5261 
episode: 238 count: 194 score: 196.2037 average_last200: 108.4327 epis: 0.0001 loss: 30.4472 
episode: 239 count: 146 score: -186.3081 average_last200: 108.5083 epis: 0.0001 loss: 23.1668 
episode: 240 count: 333 score: 220.3916 average_last200: 110.3724 epis: 0.0001 loss: 52.2351 
episode: 241 count: 237 score: 183.8014 average_last200: 111.6370 epis: 0.0001 loss: 34.9429 
episode: 242 count: 235 score: -0.6251 average_last200: 112.5853 epis: 0.0000 loss: 40.0739 
episode: 243 count: 144 score: -224.2540 average_last200: 110.5685 epis: 0.0000 loss: 18.9443 
episode: 244 count: 658 score: 178.3612 average_last200: 112.3589 epis: 0.0000 loss: 97.0051 
episode: 245 count: 327 score: 221.0857 average_last200: 114.3402 epis: 0.0000 loss: 63.4260 
episode: 246 count: 189 score: 4.5333 average_last200: 115.3251 epis: 0.0000 loss: 25.8922 
episode: 247 count: 273 score: 213.4271 average_last200: 117.7000 epis: 0.0000 loss: 40.1957 
episode: 248 count: 334 score: -18.5572 average_last200: 118.4297 epis: 0.0000 loss: 46.7117 
episode: 249 count: 190 score: 222.6075 average_last200: 120.5207 epis: 0.0000 loss: 29.6732 
episode: 250 count: 698 score: 168.8505 average_last200: 122.3784 epis: 0.0000 loss: 114.1735 
episode: 251 count: 200 score: 192.5394 average_last200: 124.1452 epis: 0.0000 loss: 25.4734 
episode: 252 count: 490 score: 204.1403 average_last200: 124.2131 epis: 0.0000 loss: 74.2582 
episode: 253 count: 231 score: -55.8862 average_last200: 124.0451 epis: 0.0000 loss: 35.3633 
episode: 254 count: 313 score: 207.7942 average_last200: 125.1569 epis: 0.0000 loss: 54.6910 
episode: 255 count: 449 score: 205.2597 average_last200: 125.2524 epis: 0.0000 loss: 65.3795 
episode: 256 count: 209 score: 199.9067 average_last200: 125.7819 epis: 0.0000 loss: 36.9377 
episode: 257 count: 420 score: 221.9070 average_last200: 126.1520 epis: 0.0000 loss: 70.1612 
episode: 258 count: 530 score: 188.6633 average_last200: 126.2436 epis: 0.0000 loss: 77.3485 
episode: 259 count: 201 score: 233.7683 average_last200: 127.2193 epis: 0.0000 loss: 35.1871 
episode: 260 count: 288 score: 186.2657 average_last200: 127.5400 epis: 0.0000 loss: 52.7585 
episode: 261 count: 217 score: 192.6378 average_last200: 127.8628 epis: 0.0000 loss: 34.9986 
episode: 262 count: 545 score: 165.1824 average_last200: 129.1127 epis: 0.0000 loss: 101.6652 
episode: 263 count: 821 score: 125.6628 average_last200: 129.0729 epis: 0.0000 loss: 142.4560 
episode: 264 count: 843 score: 181.8197 average_last200: 128.9582 epis: 0.0000 loss: 134.0142 
episode: 265 count: 204 score: 195.5559 average_last200: 129.0176 epis: 0.0000 loss: 29.6230 
episode: 266 count: 267 score: 234.8337 average_last200: 129.2102 epis: 0.0000 loss: 44.1123 
episode: 267 count: 173 score: -32.6160 average_last200: 128.5137 epis: 0.0000 loss: 27.8908 
episode: 268 count: 252 score: 198.4182 average_last200: 128.5019 epis: 0.0000 loss: 44.8894 
episode: 269 count: 201 score: 193.3201 average_last200: 128.5042 epis: 0.0000 loss: 33.7342 
episode: 270 count: 325 score: 173.5921 average_last200: 128.3980 epis: 0.0000 loss: 48.4378 
episode: 271 count: 212 score: 192.8511 average_last200: 128.3817 epis: 0.0000 loss: 38.0403 
episode: 272 count: 482 score: 230.2569 average_last200: 128.6474 epis: 0.0000 loss: 71.9943 
episode: 273 count: 234 score: 256.4382 average_last200: 128.7694 epis: 0.0000 loss: 44.1860 
episode: 274 count: 352 score: 195.8198 average_last200: 128.6858 epis: 0.0000 loss: 61.9893 
episode: 275 count: 282 score: 179.3050 average_last200: 128.4687 epis: 0.0000 loss: 40.5253 
episode: 276 count: 223 score: 210.6288 average_last200: 128.6117 epis: 0.0000 loss: 40.8704 
episode: 277 count: 237 score: 237.7789 average_last200: 128.7326 epis: 0.0000 loss: 36.0940 
episode: 278 count: 386 score: 217.6166 average_last200: 128.9505 epis: 0.0000 loss: 67.9011 
episode: 279 count: 349 score: 228.7018 average_last200: 128.8978 epis: 0.0000 loss: 60.8397 
episode: 280 count: 202 score: 170.7664 average_last200: 128.8808 epis: 0.0000 loss: 30.1006 
episode: 281 count: 251 score: 213.3970 average_last200: 128.9778 epis: 0.0000 loss: 43.6236 
episode: 282 count: 294 score: 221.6621 average_last200: 129.0827 epis: 0.0000 loss: 52.7824 
episode: 283 count: 581 score: 212.8684 average_last200: 129.2920 epis: 0.0000 loss: 104.5637 
episode: 284 count: 428 score: 227.9947 average_last200: 129.3070 epis: 0.0000 loss: 75.5392 
episode: 285 count: 395 score: 210.7216 average_last200: 129.4210 epis: 0.0000 loss: 71.1790 
episode: 286 count: 280 score: 266.9539 average_last200: 130.1269 epis: 0.0000 loss: 40.9900 
episode: 287 count: 266 score: 265.8419 average_last200: 130.4578 epis: 0.0000 loss: 46.3098 
episode: 288 count: 294 score: 210.4323 average_last200: 130.7196 epis: 0.0000 loss: 53.1260 
episode: 289 count: 280 score: 199.3611 average_last200: 130.9730 epis: 0.0000 loss: 53.6331 
episode: 290 count: 321 score: 217.9982 average_last200: 130.9656 epis: 0.0000 loss: 49.9056 
episode: 291 count: 253 score: 207.1634 average_last200: 130.9612 epis: 0.0000 loss: 37.6465 
episode: 292 count: 420 score: 214.2381 average_last200: 130.9852 epis: 0.0000 loss: 68.0561 
episode: 293 count: 411 score: 215.3785 average_last200: 131.4232 epis: 0.0000 loss: 68.7796 
episode: 294 count: 303 score: 224.1499 average_last200: 131.9988 epis: 0.0000 loss: 52.5575 
episode: 295 count: 309 score: 219.3177 average_last200: 132.3200 epis: 0.0000 loss: 52.4799 
episode: 296 count: 289 score: 210.3560 average_last200: 132.3233 epis: 0.0000 loss: 46.5950 
episode: 297 count: 238 score: 195.8606 average_last200: 132.3359 epis: 0.0000 loss: 40.6601 
episode: 298 count: 329 score: 251.2020 average_last200: 132.5832 epis: 0.0000 loss: 64.1469 
episode: 299 count: 224 score: 223.6305 average_last200: 132.7925 epis: 0.0000 loss: 32.5415 
episode: 300 count: 255 score: 229.5306 average_last200: 132.9722 epis: 0.0000 loss: 45.1629 
episode: 301 count: 393 score: 220.7056 average_last200: 133.3054 epis: 0.0000 loss: 55.4937 
episode: 302 count: 309 score: 237.5978 average_last200: 133.4293 epis: 0.0000 loss: 55.8684 
episode: 303 count: 242 score: 191.4726 average_last200: 133.5270 epis: 0.0000 loss: 43.1111 
episode: 304 count: 391 score: 204.5408 average_last200: 133.7813 epis: 0.0000 loss: 67.1967 
episode: 305 count: 238 score: 238.8342 average_last200: 134.0054 epis: 0.0000 loss: 37.7723 
episode: 306 count: 349 score: 215.1497 average_last200: 134.1666 epis: 0.0000 loss: 54.8270 
episode: 307 count: 265 score: 233.5981 average_last200: 135.7050 epis: 0.0000 loss: 40.9130 
episode: 308 count: 274 score: 236.6610 average_last200: 136.5119 epis: 0.0000 loss: 41.8574 
episode: 309 count: 235 score: 198.0639 average_last200: 136.4336 epis: 0.0000 loss: 38.0066 
episode: 310 count: 292 score: 194.2759 average_last200: 136.3672 epis: 0.0000 loss: 43.4911 
episode: 311 count: 312 score: 250.5864 average_last200: 136.9617 epis: 0.0000 loss: 50.1455 
episode: 312 count: 585 score: 189.4059 average_last200: 136.8920 epis: 0.0000 loss: 87.7591 
episode: 313 count: 297 score: 192.2766 average_last200: 136.8015 epis: 0.0000 loss: 49.9852 
episode: 314 count: 391 score: 205.3366 average_last200: 136.8330 epis: 0.0000 loss: 63.7852 
episode: 315 count: 237 score: 226.6145 average_last200: 136.7208 epis: 0.0000 loss: 32.3452 
episode: 316 count: 555 score: 219.4688 average_last200: 136.8018 epis: 0.0000 loss: 87.5059 
episode: 317 count: 440 score: 208.2103 average_last200: 136.7212 epis: 0.0000 loss: 84.7707 
episode: 318 count: 411 score: 196.3598 average_last200: 136.8260 epis: 0.0000 loss: 74.2435 
episode: 319 count: 298 score: 194.5605 average_last200: 136.5851 epis: 0.0000 loss: 50.3270 
episode: 320 count: 632 score: 155.0604 average_last200: 136.3711 epis: 0.0000 loss: 108.1145 
episode: 321 count: 407 score: 166.1914 average_last200: 136.4112 epis: 0.0000 loss: 70.4071 
episode: 322 count: 579 score: 174.4767 average_last200: 136.3192 epis: 0.0000 loss: 84.7368 
episode: 323 count: 519 score: -59.5573 average_last200: 135.1203 epis: 0.0000 loss: 83.2092 
episode: 324 count: 579 score: 127.2729 average_last200: 136.5737 epis: 0.0000 loss: 92.4106 
episode: 325 count: 637 score: 136.8265 average_last200: 136.1438 epis: 0.0000 loss: 110.3569 
episode: 326 count: 537 score: 130.4909 average_last200: 135.6678 epis: 0.0000 loss: 84.1227 
episode: 327 count: 653 score: 128.5267 average_last200: 135.2825 epis: 0.0000 loss: 106.9454 
episode: 328 count: 1000 score: -53.7082 average_last200: 133.7692 epis: 0.0000 loss: 172.6951 
episode: 329 count: 282 score: 233.6106 average_last200: 133.9331 epis: 0.0000 loss: 37.1186 
episode: 330 count: 373 score: 211.5894 average_last200: 133.7566 epis: 0.0000 loss: 59.9568 
episode: 331 count: 336 score: 213.6464 average_last200: 133.6850 epis: 0.0000 loss: 56.7579 
episode: 332 count: 657 score: 144.7785 average_last200: 133.3278 epis: 0.0000 loss: 106.3255 
episode: 333 count: 478 score: 148.5391 average_last200: 132.8843 epis: 0.0000 loss: 77.5900 
episode: 334 count: 395 score: 210.9854 average_last200: 132.7971 epis: 0.0000 loss: 59.1492 
episode: 335 count: 295 score: 169.0467 average_last200: 132.4536 epis: 0.0000 loss: 48.8306 
episode: 336 count: 440 score: 171.5712 average_last200: 132.1416 epis: 0.0000 loss: 69.1305 
episode: 337 count: 713 score: 147.5766 average_last200: 131.9245 epis: 0.0000 loss: 110.0879 
episode: 338 count: 915 score: 94.9614 average_last200: 131.3876 epis: 0.0000 loss: 149.4143 
episode: 339 count: 628 score: 130.1454 average_last200: 131.2187 epis: 0.0000 loss: 99.4681 
episode: 340 count: 545 score: 160.1745 average_last200: 132.3243 epis: 0.0000 loss: 98.0169 
episode: 341 count: 673 score: 146.5197 average_last200: 133.4436 epis: 0.0000 loss: 99.7848 
episode: 342 count: 817 score: 166.2516 average_last200: 133.2277 epis: 0.0000 loss: 134.5047 
episode: 343 count: 321 score: 193.6577 average_last200: 133.3434 epis: 0.0000 loss: 48.2433 
episode: 344 count: 347 score: 184.4601 average_last200: 134.7193 epis: 0.0000 loss: 50.5030 
episode: 345 count: 312 score: 165.7000 average_last200: 134.7614 epis: 0.0000 loss: 47.9639 
episode: 346 count: 554 score: 147.2636 average_last200: 134.4464 epis: 0.0000 loss: 92.4688 
episode: 347 count: 536 score: 158.7751 average_last200: 135.3608 epis: 0.0000 loss: 92.8501 
episode: 348 count: 671 score: 157.5811 average_last200: 136.2043 epis: 0.0000 loss: 115.4268 
episode: 349 count: 231 score: 251.0136 average_last200: 136.4388 epis: 0.0000 loss: 39.2351 
episode: 350 count: 417 score: 202.6860 average_last200: 136.4854 epis: 0.0000 loss: 67.6922 
episode: 351 count: 820 score: 164.0580 average_last200: 136.2173 epis: 0.0000 loss: 138.9262 
episode: 352 count: 405 score: 211.8990 average_last200: 137.2503 epis: 0.0000 loss: 65.2621 
episode: 353 count: 472 score: 192.7701 average_last200: 137.2988 epis: 0.0000 loss: 86.2887 
episode: 354 count: 292 score: 210.5878 average_last200: 137.1796 epis: 0.0000 loss: 46.8216 
episode: 355 count: 403 score: 195.1731 average_last200: 138.7382 epis: 0.0000 loss: 65.5776 
episode: 356 count: 450 score: 216.6761 average_last200: 139.5996 epis: 0.0000 loss: 77.0912 
episode: 357 count: 510 score: 196.1527 average_last200: 139.8081 epis: 0.0000 loss: 81.5549 
episode: 358 count: 315 score: 219.8601 average_last200: 140.3097 epis: 0.0000 loss: 50.7937 
episode: 359 count: 385 score: 194.8755 average_last200: 141.7476 epis: 0.0000 loss: 61.8057 
episode: 360 count: 439 score: 228.2355 average_last200: 141.8168 epis: 0.0000 loss: 66.4687 
episode: 361 count: 855 score: 143.2584 average_last200: 141.9212 epis: 0.0000 loss: 141.2312 
episode: 362 count: 1000 score: -56.0237 average_last200: 140.6808 epis: 0.0000 loss: 166.7108 
episode: 363 count: 1000 score: -55.6032 average_last200: 139.4707 epis: 0.0000 loss: 152.4550 
episode: 364 count: 798 score: 156.5489 average_last200: 139.4134 epis: 0.0000 loss: 128.1395 
episode: 365 count: 518 score: 154.0006 average_last200: 140.3821 epis: 0.0000 loss: 77.8943 
episode: 366 count: 1000 score: -62.9967 average_last200: 139.3599 epis: 0.0000 loss: 159.3653 
episode: 367 count: 1000 score: -54.9934 average_last200: 139.7408 epis: 0.0000 loss: 161.5862 
episode: 368 count: 1000 score: -60.8602 average_last200: 138.4783 epis: 0.0000 loss: 159.1823 
episode: 369 count: 1000 score: -93.6682 average_last200: 136.8355 epis: 0.0000 loss: 163.7795 
episode: 370 count: 1000 score: -52.5571 average_last200: 136.1173 epis: 0.0000 loss: 162.8877 
episode: 371 count: 1000 score: -30.1625 average_last200: 134.9558 epis: 0.0000 loss: 177.8991 
episode: 372 count: 1000 score: -64.9651 average_last200: 134.4907 epis: 0.0000 loss: 162.5747 
episode: 373 count: 660 score: 143.4555 average_last200: 135.5576 epis: 0.0000 loss: 96.3456 
episode: 374 count: 625 score: 153.5639 average_last200: 136.7956 epis: 0.0000 loss: 107.3859 
episode: 375 count: 305 score: -61.5979 average_last200: 136.4944 epis: 0.0000 loss: 57.3269 
episode: 376 count: 538 score: 184.2577 average_last200: 137.7468 epis: 0.0000 loss: 83.9038 
episode: 377 count: 701 score: 129.3253 average_last200: 138.5428 epis: 0.0000 loss: 108.3838 
episode: 378 count: 404 score: 203.9728 average_last200: 139.7284 epis: 0.0000 loss: 65.5706 
episode: 379 count: 1000 score: 9.5719 average_last200: 139.9480 epis: 0.0000 loss: 156.2113 
episode: 380 count: 855 score: 83.9613 average_last200: 139.1494 epis: 0.0000 loss: 124.9084 
episode: 381 count: 727 score: 103.4843 average_last200: 139.8192 epis: 0.0000 loss: 109.2805 
episode: 382 count: 251 score: -98.0015 average_last200: 139.7993 epis: 0.0000 loss: 38.3924 
episode: 383 count: 291 score: 246.7645 average_last200: 140.6547 epis: 0.0000 loss: 35.9324 
episode: 384 count: 208 score: 242.3043 average_last200: 143.3731 epis: 0.0000 loss: 27.7904 
episode: 385 count: 777 score: 124.0384 average_last200: 144.0970 epis: 0.0000 loss: 119.8791 
episode: 386 count: 148 score: 23.6896 average_last200: 144.2471 epis: 0.0000 loss: 24.1053 
episode: 387 count: 1000 score: -50.6619 average_last200: 144.0597 epis: 0.0000 loss: 143.1383 
episode: 388 count: 201 score: -17.5674 average_last200: 144.0264 epis: 0.0000 loss: 36.0959 
episode: 389 count: 299 score: 222.5523 average_last200: 145.3551 epis: 0.0000 loss: 46.2604 
episode: 390 count: 670 score: 138.6871 average_last200: 146.1942 epis: 0.0000 loss: 107.2759 
episode: 391 count: 415 score: 204.3903 average_last200: 146.9565 epis: 0.0000 loss: 60.1423 
episode: 392 count: 686 score: 135.3756 average_last200: 147.8294 epis: 0.0000 loss: 94.3766 
episode: 393 count: 646 score: 127.2721 average_last200: 147.4993 epis: 0.0000 loss: 94.2985 
episode: 394 count: 136 score: 26.3201 average_last200: 146.6996 epis: 0.0000 loss: 21.2847 
episode: 395 count: 203 score: 212.9255 average_last200: 147.8951 epis: 0.0000 loss: 25.9659 
episode: 396 count: 281 score: 187.4663 average_last200: 149.3428 epis: 0.0000 loss: 45.6816 
episode: 397 count: 142 score: 15.8455 average_last200: 148.2627 epis: 0.0000 loss: 16.9017 
episode: 398 count: 237 score: 216.5594 average_last200: 148.4942 epis: 0.0000 loss: 33.7484 
episode: 399 count: 320 score: 250.4069 average_last200: 148.5753 epis: 0.0000 loss: 43.8759 
episode: 400 count: 371 score: 182.4606 average_last200: 149.0092 epis: 0.0000 loss: 52.4185 
episode: 401 count: 163 score: -54.1519 average_last200: 148.2206 epis: 0.0000 loss: 22.3729 
episode: 402 count: 277 score: 257.0687 average_last200: 148.5616 epis: 0.0000 loss: 39.1539 
episode: 403 count: 297 score: -7.2254 average_last200: 147.5175 epis: 0.0000 loss: 40.6362 
episode: 404 count: 701 score: 197.6240 average_last200: 147.6854 epis: 0.0000 loss: 111.0363 
episode: 405 count: 380 score: 208.3562 average_last200: 148.9324 epis: 0.0000 loss: 61.8732 
episode: 406 count: 228 score: 223.7294 average_last200: 148.9523 epis: 0.0000 loss: 33.4200 
episode: 407 count: 635 score: 178.5838 average_last200: 149.8362 epis: 0.0000 loss: 95.9207 
episode: 408 count: 167 score: 32.4291 average_last200: 153.0345 epis: 0.0000 loss: 24.1433 
episode: 409 count: 429 score: 215.2627 average_last200: 153.4585 epis: 0.0000 loss: 63.4768 
episode: 410 count: 163 score: -36.8683 average_last200: 152.0064 epis: 0.0000 loss: 24.4503 
episode: 411 count: 153 score: -29.5706 average_last200: 151.0022 epis: 0.0000 loss: 22.9155 
episode: 412 count: 206 score: 202.1496 average_last200: 151.3001 epis: 0.0000 loss: 34.9887 
episode: 413 count: 384 score: 171.1708 average_last200: 151.4120 epis: 0.0000 loss: 67.2292 
episode: 414 count: 400 score: 178.9554 average_last200: 152.2266 epis: 0.0000 loss: 63.7023 
episode: 415 count: 228 score: 251.9037 average_last200: 153.5296 epis: 0.0000 loss: 36.8531 
episode: 416 count: 374 score: 196.1241 average_last200: 153.3459 epis: 0.0000 loss: 63.1117 
episode: 417 count: 80 score: -197.5310 average_last200: 151.8010 epis: 0.0000 loss: 12.6823 
episode: 418 count: 238 score: 257.0908 average_last200: 151.8931 epis: 0.0000 loss: 35.2870 
episode: 419 count: 121 score: -8.7022 average_last200: 150.7081 epis: 0.0000 loss: 23.1118 
episode: 420 count: 425 score: 189.9365 average_last200: 151.6425 epis: 0.0000 loss: 68.8186 
episode: 421 count: 533 score: 127.9077 average_last200: 151.2155 epis: 0.0000 loss: 77.8175 
episode: 422 count: 270 score: 10.0404 average_last200: 150.1222 epis: 0.0000 loss: 39.5401 
episode: 423 count: 169 score: -22.9288 average_last200: 148.8664 epis: 0.0000 loss: 23.7151 
episode: 424 count: 301 score: 13.5489 average_last200: 148.1601 epis: 0.0000 loss: 50.2690 
episode: 425 count: 364 score: 198.9428 average_last200: 148.0873 epis: 0.0000 loss: 55.9110 
episode: 426 count: 546 score: 194.6931 average_last200: 147.9501 epis: 0.0000 loss: 88.4158 
episode: 427 count: 212 score: -23.1448 average_last200: 148.6029 epis: 0.0000 loss: 30.9592 
episode: 428 count: 606 score: 140.7872 average_last200: 149.6541 epis: 0.0000 loss: 98.8512 
episode: 429 count: 223 score: 239.8451 average_last200: 149.8288 epis: 0.0000 loss: 40.3213 
episode: 430 count: 170 score: 205.6710 average_last200: 149.6926 epis: 0.0000 loss: 28.4066 
episode: 431 count: 265 score: 252.9503 average_last200: 150.2067 epis: 0.0000 loss: 40.8318 
episode: 432 count: 149 score: -21.1839 average_last200: 148.8772 epis: 0.0000 loss: 25.4410 
episode: 433 count: 223 score: -38.7139 average_last200: 147.6233 epis: 0.0000 loss: 33.0135 
episode: 434 count: 203 score: 15.4561 average_last200: 146.8587 epis: 0.0000 loss: 31.2113 
episode: 435 count: 334 score: 174.7340 average_last200: 146.9451 epis: 0.0000 loss: 48.0669 
episode: 436 count: 158 score: -36.4596 average_last200: 146.2786 epis: 0.0000 loss: 30.3283 
episode: 437 count: 408 score: 167.2419 average_last200: 146.1957 epis: 0.0000 loss: 60.3065 
episode: 438 count: 274 score: 235.5149 average_last200: 146.3923 epis: 0.0000 loss: 43.3982 
episode: 439 count: 239 score: 234.4797 average_last200: 148.4962 epis: 0.0000 loss: 34.5058 
episode: 440 count: 200 score: 206.0598 average_last200: 148.4246 epis: 0.0000 loss: 28.4313 
episode: 441 count: 135 score: 15.5288 average_last200: 147.5832 epis: 0.0000 loss: 25.5263 
episode: 442 count: 175 score: -19.4094 average_last200: 147.4893 epis: 0.0000 loss: 27.5610 
episode: 443 count: 293 score: 249.1918 average_last200: 149.8565 epis: 0.0000 loss: 44.1085 
episode: 444 count: 146 score: 9.1530 average_last200: 149.0105 epis: 0.0000 loss: 20.4092 
episode: 445 count: 180 score: 17.6343 average_last200: 147.9932 epis: 0.0000 loss: 30.9794 
episode: 446 count: 304 score: 219.4895 average_last200: 149.0680 epis: 0.0000 loss: 46.2990 
episode: 447 count: 262 score: 198.7408 average_last200: 148.9946 epis: 0.0000 loss: 37.6106 
episode: 448 count: 352 score: 197.4927 average_last200: 150.0748 epis: 0.0000 loss: 53.4651 
episode: 449 count: 204 score: 223.1670 average_last200: 150.0776 epis: 0.0000 loss: 36.3551 
episode: 450 count: 307 score: 236.0519 average_last200: 150.4136 epis: 0.0000 loss: 50.3725 
episode: 451 count: 390 score: 233.7218 average_last200: 150.6195 epis: 0.0000 loss: 60.0772 
episode: 452 count: 144 score: 8.2465 average_last200: 149.6401 epis: 0.0000 loss: 21.4862 
episode: 453 count: 271 score: 222.0326 average_last200: 151.0297 epis: 0.0000 loss: 37.1227 
episode: 454 count: 302 score: 187.7289 average_last200: 150.9293 epis: 0.0000 loss: 45.4985 
episode: 455 count: 270 score: 249.2771 average_last200: 151.1494 epis: 0.0000 loss: 50.5225 
episode: 456 count: 217 score: -37.0122 average_last200: 149.9648 epis: 0.0000 loss: 37.0617 
episode: 457 count: 151 score: -28.0450 average_last200: 148.7151 epis: 0.0000 loss: 25.7041 
episode: 458 count: 216 score: 210.7784 average_last200: 148.8256 epis: 0.0000 loss: 37.9735 
episode: 459 count: 168 score: 19.1694 average_last200: 147.7527 epis: 0.0000 loss: 30.2254 
episode: 460 count: 169 score: 23.7732 average_last200: 146.9402 epis: 0.0000 loss: 36.6270 
episode: 461 count: 508 score: 184.7506 average_last200: 146.9008 epis: 0.0000 loss: 76.7095 
episode: 462 count: 169 score: -12.3859 average_last200: 146.0129 epis: 0.0000 loss: 27.6043 
episode: 463 count: 239 score: -5.4489 average_last200: 145.3574 epis: 0.0000 loss: 34.5680 
episode: 464 count: 370 score: 241.5139 average_last200: 145.6558 epis: 0.0000 loss: 57.9912 
episode: 465 count: 173 score: 6.5424 average_last200: 144.7108 epis: 0.0000 loss: 29.0759 
episode: 466 count: 226 score: 213.2394 average_last200: 144.6028 epis: 0.0000 loss: 43.2572 
episode: 467 count: 379 score: 239.1597 average_last200: 145.9617 epis: 0.0000 loss: 65.2061 
episode: 468 count: 236 score: -5.2488 average_last200: 144.9433 epis: 0.0000 loss: 38.6050 
episode: 469 count: 358 score: 144.6360 average_last200: 144.6999 epis: 0.0000 loss: 62.3441 
episode: 470 count: 230 score: 227.3226 average_last200: 144.9686 epis: 0.0000 loss: 40.7003 
episode: 471 count: 255 score: 229.6159 average_last200: 145.1524 epis: 0.0000 loss: 43.3756 
episode: 472 count: 177 score: 203.8883 average_last200: 145.0205 epis: 0.0000 loss: 26.6780 
episode: 473 count: 311 score: 189.4324 average_last200: 144.6855 epis: 0.0000 loss: 50.3561 
episode: 474 count: 218 score: -26.2640 average_last200: 143.5751 epis: 0.0000 loss: 37.2811 
episode: 475 count: 124 score: -24.1216 average_last200: 142.5580 epis: 0.0000 loss: 18.8111 
episode: 476 count: 151 score: -1.4226 average_last200: 141.4977 epis: 0.0000 loss: 23.5247 
episode: 477 count: 178 score: 202.6390 average_last200: 141.3220 epis: 0.0000 loss: 22.9698 
episode: 478 count: 256 score: 240.7332 average_last200: 141.4376 epis: 0.0000 loss: 33.9993 
episode: 479 count: 138 score: 2.9622 average_last200: 140.3089 epis: 0.0000 loss: 22.1158 
episode: 480 count: 151 score: 5.8363 average_last200: 139.4842 epis: 0.0000 loss: 25.6404 
episode: 481 count: 164 score: 13.9951 average_last200: 138.4872 epis: 0.0000 loss: 27.8517 
episode: 482 count: 326 score: -46.7986 average_last200: 137.1449 epis: 0.0000 loss: 52.8409 
episode: 483 count: 116 score: -21.6328 average_last200: 135.9724 epis: 0.0000 loss: 13.8596 
episode: 484 count: 179 score: -19.0216 average_last200: 134.7373 epis: 0.0000 loss: 36.3773 
episode: 485 count: 150 score: 26.5376 average_last200: 133.8164 epis: 0.0000 loss: 20.2287 
episode: 486 count: 226 score: 251.8221 average_last200: 133.7408 epis: 0.0000 loss: 31.5303 
episode: 487 count: 161 score: -0.7957 average_last200: 132.4076 epis: 0.0000 loss: 22.5880 
episode: 488 count: 343 score: 190.5474 average_last200: 132.3081 epis: 0.0000 loss: 50.7793 
episode: 489 count: 108 score: -1.5634 average_last200: 131.3035 epis: 0.0000 loss: 15.7089 
episode: 490 count: 280 score: 216.4229 average_last200: 131.2956 epis: 0.0000 loss: 46.5268 
episode: 491 count: 225 score: 269.5048 average_last200: 131.6074 epis: 0.0000 loss: 45.3199 
episode: 492 count: 306 score: 227.5700 average_last200: 131.6740 epis: 0.0000 loss: 48.3717 
episode: 493 count: 106 score: 3.5863 average_last200: 130.6151 epis: 0.0000 loss: 19.1848 
episode: 494 count: 233 score: 265.4981 average_last200: 130.8218 epis: 0.0000 loss: 33.5202 
episode: 495 count: 162 score: 22.5094 average_last200: 129.8378 epis: 0.0000 loss: 26.3646 
episode: 496 count: 316 score: 233.0640 average_last200: 129.9513 epis: 0.0000 loss: 46.5001 
episode: 497 count: 393 score: 226.4583 average_last200: 130.1043 epis: 0.0000 loss: 68.1590 
episode: 498 count: 131 score: -15.4513 average_last200: 128.7710 epis: 0.0000 loss: 21.2535 
episode: 499 count: 163 score: -13.8928 average_last200: 127.5834 epis: 0.0000 loss: 36.5604 
episode: 500 count: 249 score: 188.3003 average_last200: 127.3772 epis: 0.0000 loss: 37.6068 
episode: 501 count: 249 score: 208.7029 average_last200: 127.3172 epis: 0.0000 loss: 42.0839 
episode: 502 count: 415 score: 215.7434 average_last200: 127.2080 epis: 0.0000 loss: 60.5450 
episode: 503 count: 401 score: 222.9727 average_last200: 127.3655 epis: 0.0000 loss: 75.0719 
episode: 504 count: 385 score: 218.3188 average_last200: 127.4344 epis: 0.0000 loss: 59.5646 
episode: 505 count: 240 score: 250.8712 average_last200: 127.4945 epis: 0.0000 loss: 34.6618 
episode: 506 count: 204 score: 252.0847 average_last200: 127.6792 epis: 0.0000 loss: 32.0622 
episode: 507 count: 171 score: 6.3335 average_last200: 126.5429 epis: 0.0000 loss: 29.5848 
episode: 508 count: 202 score: 219.0434 average_last200: 126.4548 epis: 0.0000 loss: 36.4983 
episode: 509 count: 304 score: 205.4989 average_last200: 126.4920 epis: 0.0000 loss: 43.0556 
episode: 510 count: 220 score: 8.7023 average_last200: 125.5641 epis: 0.0000 loss: 28.0224 
episode: 511 count: 143 score: -10.9391 average_last200: 124.2565 epis: 0.0000 loss: 23.7157 
episode: 512 count: 219 score: 218.2716 average_last200: 124.4008 epis: 0.0000 loss: 37.3560 
episode: 513 count: 522 score: 168.7543 average_last200: 124.2832 epis: 0.0000 loss: 91.7505 
episode: 514 count: 285 score: 229.0590 average_last200: 124.4018 epis: 0.0000 loss: 47.7554 
episode: 515 count: 244 score: 244.5181 average_last200: 124.4913 epis: 0.0000 loss: 39.6682 
episode: 516 count: 220 score: 253.4313 average_last200: 124.6611 epis: 0.0000 loss: 39.5422 
episode: 517 count: 227 score: 230.1761 average_last200: 124.7710 epis: 0.0000 loss: 32.6071 
episode: 518 count: 221 score: 216.4176 average_last200: 124.8713 epis: 0.0000 loss: 39.3059 
episode: 519 count: 176 score: 203.0117 average_last200: 124.9135 epis: 0.0000 loss: 30.9827 
episode: 520 count: 229 score: 243.4915 average_last200: 125.3557 epis: 0.0000 loss: 45.9918 
episode: 521 count: 385 score: 246.0410 average_last200: 125.7549 epis: 0.0000 loss: 63.8454 
episode: 522 count: 298 score: 192.7463 average_last200: 125.8463 epis: 0.0000 loss: 44.5651 
episode: 523 count: 359 score: 224.4659 average_last200: 127.2664 epis: 0.0000 loss: 48.5732 
episode: 524 count: 221 score: 208.1071 average_last200: 127.6706 epis: 0.0000 loss: 32.5714 
episode: 525 count: 456 score: 191.4642 average_last200: 127.9437 epis: 0.0000 loss: 81.5325 
episode: 526 count: 701 score: 198.9226 average_last200: 128.2859 epis: 0.0000 loss: 121.1798 
episode: 527 count: 197 score: 217.5352 average_last200: 128.7309 epis: 0.0000 loss: 34.5736 
episode: 528 count: 306 score: 190.5373 average_last200: 129.9522 epis: 0.0000 loss: 50.2370 
episode: 529 count: 262 score: 203.2006 average_last200: 129.8001 epis: 0.0000 loss: 44.5519 
episode: 530 count: 108 score: -21.5701 average_last200: 128.6343 epis: 0.0000 loss: 17.0140 
episode: 531 count: 355 score: 223.3583 average_last200: 128.6829 epis: 0.0000 loss: 60.1566 
episode: 532 count: 414 score: 208.4577 average_last200: 129.0013 epis: 0.0000 loss: 66.7519 
episode: 533 count: 300 score: 243.8849 average_last200: 129.4780 epis: 0.0000 loss: 49.4289 
episode: 534 count: 262 score: 236.6674 average_last200: 129.6064 epis: 0.0000 loss: 33.8199 
episode: 535 count: 286 score: 224.5986 average_last200: 129.8842 epis: 0.0000 loss: 47.7211 
episode: 536 count: 470 score: 177.6061 average_last200: 129.9144 epis: 0.0000 loss: 72.5076 
episode: 537 count: 341 score: 217.4214 average_last200: 130.2636 epis: 0.0000 loss: 53.5951 
episode: 538 count: 666 score: 135.0691 average_last200: 130.4641 epis: 0.0000 loss: 97.7960 
episode: 539 count: 327 score: 243.5250 average_last200: 131.0310 epis: 0.0000 loss: 51.7057 
episode: 540 count: 555 score: 196.2080 average_last200: 131.2112 epis: 0.0000 loss: 93.4941 
episode: 541 count: 272 score: 229.0663 average_last200: 131.6239 epis: 0.0000 loss: 40.1906 
episode: 542 count: 270 score: 229.6571 average_last200: 131.9409 epis: 0.0000 loss: 39.0543 
episode: 543 count: 522 score: 204.6376 average_last200: 131.9958 epis: 0.0000 loss: 91.8752 
episode: 544 count: 172 score: -27.1772 average_last200: 130.9377 epis: 0.0000 loss: 27.3198 
episode: 545 count: 293 score: 222.4706 average_last200: 131.2215 epis: 0.0000 loss: 47.2796 
episode: 546 count: 608 score: 172.9644 average_last200: 131.3500 epis: 0.0000 loss: 100.1940 
episode: 547 count: 127 score: -8.3038 average_last200: 130.5146 epis: 0.0000 loss: 19.6229 
episode: 548 count: 295 score: 228.5834 average_last200: 130.8696 epis: 0.0000 loss: 51.4621 
episode: 549 count: 279 score: 196.8680 average_last200: 130.5989 epis: 0.0000 loss: 45.4305 
episode: 550 count: 292 score: 251.7974 average_last200: 130.8445 epis: 0.0000 loss: 48.9214 
episode: 551 count: 273 score: 252.9550 average_last200: 131.2889 epis: 0.0000 loss: 40.8334 
episode: 552 count: 280 score: -16.5879 average_last200: 130.1465 epis: 0.0000 loss: 46.2987 
episode: 553 count: 362 score: 204.8455 average_last200: 130.2069 epis: 0.0000 loss: 51.7703 
episode: 554 count: 431 score: 178.4218 average_last200: 130.0461 epis: 0.0000 loss: 66.5808 
episode: 555 count: 300 score: 213.5961 average_last200: 130.1382 epis: 0.0000 loss: 49.8432 
episode: 556 count: 322 score: 208.6270 average_last200: 130.0979 epis: 0.0000 loss: 47.1236 
episode: 557 count: 450 score: 214.2256 average_last200: 130.1883 epis: 0.0000 loss: 64.4232 
episode: 558 count: 225 score: 234.3549 average_last200: 130.2608 epis: 0.0000 loss: 35.1314 
episode: 559 count: 278 score: 236.0621 average_last200: 130.4667 epis: 0.0000 loss: 36.9108 
episode: 560 count: 246 score: 248.8909 average_last200: 130.5700 epis: 0.0000 loss: 41.5659 
episode: 561 count: 265 score: 244.6243 average_last200: 131.0768 epis: 0.0000 loss: 43.5991 
episode: 562 count: 222 score: 238.5525 average_last200: 132.5497 epis: 0.0000 loss: 30.9800 
episode: 563 count: 340 score: 246.9812 average_last200: 134.0626 epis: 0.0000 loss: 48.8254 
episode: 564 count: 270 score: 204.6338 average_last200: 134.3030 epis: 0.0000 loss: 39.6592 
episode: 565 count: 332 score: 190.4997 average_last200: 134.4855 epis: 0.0000 loss: 55.5361 
episode: 566 count: 206 score: 5.1542 average_last200: 134.8263 epis: 0.0000 loss: 32.1466 
episode: 567 count: 232 score: 240.2351 average_last200: 136.3024 epis: 0.0000 loss: 39.1422 
episode: 568 count: 266 score: 199.8935 average_last200: 137.6062 epis: 0.0000 loss: 50.6441 
episode: 569 count: 279 score: 228.3484 average_last200: 139.2163 epis: 0.0000 loss: 40.2398 
episode: 570 count: 692 score: 158.7926 average_last200: 140.2730 epis: 0.0000 loss: 104.7274 
episode: 571 count: 773 score: 191.7515 average_last200: 141.3826 epis: 0.0000 loss: 118.7561 
episode: 572 count: 673 score: 148.7674 average_last200: 142.4513 epis: 0.0000 loss: 96.5854 
episode: 573 count: 369 score: 177.9244 average_last200: 142.6236 epis: 0.0000 loss: 52.7634 
episode: 574 count: 577 score: 206.6131 average_last200: 142.8888 epis: 0.0000 loss: 83.3559 
episode: 575 count: 267 score: 188.1684 average_last200: 144.1377 epis: 0.0000 loss: 41.5415 
episode: 576 count: 456 score: 196.5829 average_last200: 144.1993 epis: 0.0000 loss: 62.1496 
episode: 577 count: 338 score: 237.2438 average_last200: 144.7389 epis: 0.0000 loss: 43.2332 
episode: 578 count: 68 score: -43.5408 average_last200: 143.5013 epis: 0.0000 loss: 8.9135 
episode: 579 count: 256 score: 10.3484 average_last200: 143.5052 epis: 0.0000 loss: 35.8258 
episode: 580 count: 240 score: -23.7674 average_last200: 142.9666 epis: 0.0000 loss: 35.9135 
episode: 581 count: 348 score: 206.0902 average_last200: 143.4796 epis: 0.0000 loss: 50.8054 
episode: 582 count: 81 score: -1.8916 average_last200: 143.9601 epis: 0.0000 loss: 11.0260 
episode: 583 count: 287 score: 199.8872 average_last200: 143.7258 epis: 0.0000 loss: 50.0001 
episode: 584 count: 206 score: 207.9865 average_last200: 143.5542 epis: 0.0000 loss: 34.3192 
episode: 585 count: 522 score: 194.0479 average_last200: 143.9042 epis: 0.0000 loss: 74.0419 
episode: 586 count: 326 score: 228.1067 average_last200: 144.9263 epis: 0.0000 loss: 46.2203 
episode: 587 count: 75 score: -70.1327 average_last200: 144.8289 epis: 0.0000 loss: 9.5426 
episode: 588 count: 298 score: 252.5275 average_last200: 146.1794 epis: 0.0000 loss: 45.3542 
episode: 589 count: 88 score: 6.8356 average_last200: 145.1008 epis: 0.0000 loss: 10.4951 
episode: 590 count: 279 score: 226.2048 average_last200: 145.5384 epis: 0.0000 loss: 48.9041 
episode: 591 count: 371 score: 204.5017 average_last200: 145.5390 epis: 0.0000 loss: 56.5490 
episode: 592 count: 220 score: 11.2234 average_last200: 144.9182 epis: 0.0000 loss: 30.4425 
episode: 593 count: 86 score: 11.6096 average_last200: 144.3399 epis: 0.0000 loss: 7.5611 
episode: 594 count: 578 score: 212.1180 average_last200: 145.2689 epis: 0.0000 loss: 83.9088 
episode: 595 count: 210 score: -57.3144 average_last200: 143.9177 epis: 0.0000 loss: 42.8633 
episode: 596 count: 435 score: 233.7169 average_last200: 144.1490 epis: 0.0000 loss: 57.5874 
episode: 597 count: 507 score: 192.9061 average_last200: 145.0343 epis: 0.0000 loss: 73.2697 
episode: 598 count: 253 score: 233.9215 average_last200: 145.1211 epis: 0.0000 loss: 37.9574 
episode: 599 count: 89 score: -43.3829 average_last200: 143.6521 epis: 0.0000 loss: 15.1462 
episode: 600 count: 99 score: -32.4277 average_last200: 142.5777 epis: 0.0000 loss: 18.6856 
episode: 601 count: 237 score: 220.3336 average_last200: 143.9501 epis: 0.0000 loss: 32.3560 
episode: 602 count: 348 score: 247.3949 average_last200: 143.9017 epis: 0.0000 loss: 46.1503 
episode: 603 count: 320 score: 223.2300 average_last200: 145.0540 epis: 0.0000 loss: 39.8356 
episode: 604 count: 263 score: 245.0314 average_last200: 145.2910 epis: 0.0000 loss: 41.6149 
episode: 605 count: 637 score: 142.1505 average_last200: 144.9600 epis: 0.0000 loss: 102.1370 
episode: 606 count: 632 score: 137.1299 average_last200: 144.5270 epis: 0.0000 loss: 104.2191 
episode: 607 count: 363 score: 229.4117 average_last200: 144.7812 epis: 0.0000 loss: 57.8252 
episode: 608 count: 424 score: 214.8963 average_last200: 145.6935 epis: 0.0000 loss: 68.6875 
episode: 609 count: 276 score: 205.3551 average_last200: 145.6440 epis: 0.0000 loss: 45.0474 
episode: 610 count: 233 score: 226.1925 average_last200: 146.9593 epis: 0.0000 loss: 34.8877 
episode: 611 count: 528 score: 216.7544 average_last200: 148.1909 epis: 0.0000 loss: 88.8359 
episode: 612 count: 265 score: 228.7934 average_last200: 148.3241 epis: 0.0000 loss: 36.5781 
episode: 613 count: 352 score: 194.0480 average_last200: 148.4385 epis: 0.0000 loss: 56.4345 
episode: 614 count: 1000 score: -36.9302 average_last200: 147.3591 epis: 0.0000 loss: 147.2718 
episode: 615 count: 100 score: -1.6741 average_last200: 146.0912 epis: 0.0000 loss: 13.4384 
episode: 616 count: 160 score: 238.9953 average_last200: 146.3055 epis: 0.0000 loss: 18.0238 
episode: 617 count: 287 score: 241.5060 average_last200: 148.5007 epis: 0.0000 loss: 36.5455 
episode: 618 count: 279 score: 252.3904 average_last200: 148.4772 epis: 0.0000 loss: 40.1390 
episode: 619 count: 255 score: 260.1771 average_last200: 149.8216 epis: 0.0000 loss: 39.2081 
episode: 620 count: 502 score: 246.2412 average_last200: 150.1031 epis: 0.0000 loss: 76.8262 
episode: 621 count: 258 score: 217.2003 average_last200: 150.5496 epis: 0.0000 loss: 36.5093 
episode: 622 count: 434 score: 198.3817 average_last200: 151.4913 epis: 0.0000 loss: 75.6707 
episode: 623 count: 204 score: 190.3762 average_last200: 152.5578 epis: 0.0000 loss: 33.8649 
episode: 624 count: 582 score: 169.9065 average_last200: 153.3396 epis: 0.0000 loss: 92.0716 
episode: 625 count: 139 score: 10.9454 average_last200: 152.3996 epis: 0.0000 loss: 16.7792 
episode: 626 count: 346 score: 179.0831 average_last200: 152.3216 epis: 0.0000 loss: 59.3587 
episode: 627 count: 93 score: 8.8100 average_last200: 152.4814 epis: 0.0000 loss: 11.0647 
episode: 628 count: 349 score: 188.4549 average_last200: 152.7197 epis: 0.0000 loss: 59.7529 
episode: 629 count: 184 score: -37.2662 average_last200: 151.3341 epis: 0.0000 loss: 26.8987 
episode: 630 count: 218 score: 209.7074 average_last200: 151.3543 epis: 0.0000 loss: 36.3197 
episode: 631 count: 183 score: 212.2787 average_last200: 151.1510 epis: 0.0000 loss: 24.5844 
episode: 632 count: 264 score: 228.0234 average_last200: 152.3970 epis: 0.0000 loss: 34.1970 
episode: 633 count: 540 score: 174.9142 average_last200: 153.4651 epis: 0.0000 loss: 81.0728 
episode: 634 count: 631 score: 172.9134 average_last200: 154.2524 epis: 0.0000 loss: 98.1195 
episode: 635 count: 160 score: -38.6835 average_last200: 153.1853 epis: 0.0000 loss: 26.2484 
episode: 636 count: 206 score: 202.4631 average_last200: 154.3800 epis: 0.0000 loss: 37.8773 
episode: 637 count: 227 score: 259.5572 average_last200: 154.8415 epis: 0.0000 loss: 30.9013 
episode: 638 count: 784 score: 156.5825 average_last200: 154.4469 epis: 0.0000 loss: 129.2034 
episode: 639 count: 154 score: 250.4621 average_last200: 154.5268 epis: 0.0000 loss: 30.4927 
episode: 640 count: 229 score: 225.5759 average_last200: 154.6244 epis: 0.0000 loss: 38.0909 
episode: 641 count: 353 score: 223.8904 average_last200: 155.6662 epis: 0.0000 loss: 57.6322 
episode: 642 count: 198 score: 209.3387 average_last200: 156.8099 epis: 0.0000 loss: 37.3334 
episode: 643 count: 538 score: 185.3176 average_last200: 156.4905 epis: 0.0000 loss: 78.1137 
episode: 644 count: 82 score: -34.8681 average_last200: 156.2704 epis: 0.0000 loss: 16.3872 
episode: 645 count: 204 score: 192.3421 average_last200: 157.1440 epis: 0.0000 loss: 31.0343 
episode: 646 count: 146 score: 225.8196 average_last200: 157.1756 epis: 0.0000 loss: 23.2884 
episode: 647 count: 175 score: 244.3964 average_last200: 157.4039 epis: 0.0000 loss: 27.4311 
episode: 648 count: 141 score: -18.8419 average_last200: 156.3222 epis: 0.0000 loss: 22.3998 
episode: 649 count: 182 score: 4.7182 average_last200: 155.2300 epis: 0.0000 loss: 33.6235 
episode: 650 count: 496 score: 191.8960 average_last200: 155.0092 epis: 0.0000 loss: 79.5305 
episode: 651 count: 412 score: 219.2041 average_last200: 154.9366 epis: 0.0000 loss: 71.8190 
episode: 652 count: 289 score: 207.0552 average_last200: 155.9307 epis: 0.0000 loss: 42.3024 
episode: 653 count: 246 score: 218.8666 average_last200: 155.9148 epis: 0.0000 loss: 27.8994 
episode: 654 count: 977 score: 132.3239 average_last200: 155.6378 epis: 0.0000 loss: 158.1307 
episode: 655 count: 508 score: 194.1608 average_last200: 155.3622 epis: 0.0000 loss: 80.9901 
episode: 656 count: 330 score: 213.1360 average_last200: 156.6130 epis: 0.0000 loss: 53.0813 
episode: 657 count: 221 score: 243.8360 average_last200: 157.9724 epis: 0.0000 loss: 36.7172 
episode: 658 count: 320 score: 227.2231 average_last200: 158.0546 epis: 0.0000 loss: 57.1440 
episode: 659 count: 652 score: 151.9184 average_last200: 158.7183 epis: 0.0000 loss: 101.8586 
episode: 660 count: 737 score: 126.3124 average_last200: 159.2310 epis: 0.0000 loss: 107.0980 
episode: 661 count: 832 score: 112.7281 average_last200: 158.8709 epis: 0.0000 loss: 140.6969 
episode: 662 count: 163 score: -80.3948 average_last200: 158.5309 epis: 0.0000 loss: 26.2854 
episode: 663 count: 115 score: 18.8085 average_last200: 158.6522 epis: 0.0000 loss: 17.9561 
episode: 664 count: 268 score: 174.0865 average_last200: 158.3150 epis: 0.0000 loss: 36.9768 
episode: 665 count: 94 score: -34.9316 average_last200: 158.1077 epis: 0.0000 loss: 15.9828 
episode: 666 count: 1000 score: -54.8630 average_last200: 156.7671 epis: 0.0000 loss: 165.1367 
episode: 667 count: 350 score: 214.6572 average_last200: 156.6446 epis: 0.0000 loss: 53.6349 
episode: 668 count: 571 score: 166.6937 average_last200: 157.5043 epis: 0.0000 loss: 107.6588 
episode: 669 count: 88 score: 24.7157 average_last200: 156.9047 epis: 0.0000 loss: 21.6420 
episode: 670 count: 189 score: 212.6948 average_last200: 156.8316 epis: 0.0000 loss: 29.4778 
episode: 671 count: 342 score: 211.3967 average_last200: 156.7405 epis: 0.0000 loss: 53.1111 
episode: 672 count: 1000 score: -20.7767 average_last200: 155.6172 epis: 0.0000 loss: 164.5980 
episode: 673 count: 197 score: 14.4586 average_last200: 154.7423 epis: 0.0000 loss: 39.1877 
episode: 674 count: 375 score: 196.3534 average_last200: 155.8554 epis: 0.0000 loss: 58.1476 
episode: 675 count: 638 score: 161.6401 average_last200: 156.7842 epis: 0.0000 loss: 118.6335 
episode: 676 count: 300 score: 220.7427 average_last200: 157.8950 epis: 0.0000 loss: 51.6979 
episode: 677 count: 701 score: 146.9976 average_last200: 157.6168 epis: 0.0000 loss: 121.7100 
episode: 678 count: 118 score: 2.5147 average_last200: 156.4257 epis: 0.0000 loss: 19.4471 
episode: 679 count: 93 score: 3.7280 average_last200: 156.4296 epis: 0.0000 loss: 17.2340 
episode: 680 count: 464 score: 158.5391 average_last200: 157.1931 epis: 0.0000 loss: 64.1130 
episode: 681 count: 144 score: -5.1964 average_last200: 157.0971 epis: 0.0000 loss: 26.1202 
episode: 682 count: 259 score: 217.5073 average_last200: 158.4186 epis: 0.0000 loss: 47.1405 
episode: 683 count: 375 score: 212.0874 average_last200: 159.5873 epis: 0.0000 loss: 65.3761 
episode: 684 count: 148 score: 11.2600 average_last200: 159.7387 epis: 0.0000 loss: 29.2726 
episode: 685 count: 279 score: 218.1474 average_last200: 160.6967 epis: 0.0000 loss: 57.4529 
episode: 686 count: 266 score: 212.2799 average_last200: 160.4990 epis: 0.0000 loss: 51.9041 
episode: 687 count: 204 score: 224.1322 average_last200: 161.6236 epis: 0.0000 loss: 31.4692 
episode: 688 count: 631 score: 197.3067 average_last200: 161.6574 epis: 0.0000 loss: 106.8870 
episode: 689 count: 602 score: 126.9847 average_last200: 162.3002 epis: 0.0000 loss: 102.0278 
episode: 690 count: 352 score: 206.6782 average_last200: 162.2514 epis: 0.0000 loss: 50.4582 
episode: 691 count: 456 score: 197.2562 average_last200: 161.8902 epis: 0.0000 loss: 83.7333 
episode: 692 count: 329 score: 225.0252 average_last200: 161.8775 epis: 0.0000 loss: 58.1579 
episode: 693 count: 498 score: 208.6498 average_last200: 162.9028 epis: 0.0000 loss: 87.9561 
episode: 694 count: 219 score: 213.6637 average_last200: 162.6436 epis: 0.0000 loss: 39.6531 
episode: 695 count: 280 score: -45.2528 average_last200: 162.3048 epis: 0.0000 loss: 38.7246 
episode: 696 count: 111 score: -41.9475 average_last200: 160.9298 epis: 0.0000 loss: 18.8281 
episode: 697 count: 624 score: 181.7189 average_last200: 160.7061 epis: 0.0000 loss: 109.2820 
episode: 698 count: 147 score: 22.9532 average_last200: 160.8981 epis: 0.0000 loss: 21.4731 
episode: 699 count: 524 score: 194.6875 average_last200: 161.9410 epis: 0.0000 loss: 91.7808 
episode: 700 count: 499 score: 192.3100 average_last200: 161.9610 epis: 0.0000 loss: 95.2307 
episode: 701 count: 177 score: 201.5325 average_last200: 161.9252 epis: 0.0000 loss: 32.0499 
episode: 702 count: 100 score: 4.0084 average_last200: 160.8665 epis: 0.0000 loss: 12.3946 
episode: 703 count: 251 score: 217.1135 average_last200: 160.8372 epis: 0.0000 loss: 39.4685 
episode: 704 count: 166 score: 221.2198 average_last200: 160.8517 epis: 0.0000 loss: 26.4451 
episode: 705 count: 137 score: -2.4138 average_last200: 159.5853 epis: 0.0000 loss: 28.8662 
episode: 706 count: 129 score: 5.9125 average_last200: 158.3544 epis: 0.0000 loss: 23.7932 
episode: 707 count: 275 score: 227.2023 average_last200: 159.4588 epis: 0.0000 loss: 51.3827 
episode: 708 count: 234 score: 230.1442 average_last200: 159.5143 epis: 0.0000 loss: 43.5119 
episode: 709 count: 222 score: 221.4592 average_last200: 159.5941 epis: 0.0000 loss: 40.6841 
episode: 710 count: 548 score: 227.4288 average_last200: 160.6877 epis: 0.0000 loss: 103.4681 
episode: 711 count: 173 score: 198.6854 average_last200: 161.7358 epis: 0.0000 loss: 34.9166 
episode: 712 count: 99 score: -17.8011 average_last200: 160.5555 epis: 0.0000 loss: 21.6797 
episode: 713 count: 257 score: 232.7948 average_last200: 160.8757 epis: 0.0000 loss: 40.3923 
episode: 714 count: 291 score: 241.8471 average_last200: 160.9396 epis: 0.0000 loss: 51.4305 
episode: 715 count: 181 score: -16.8002 average_last200: 159.6330 epis: 0.0000 loss: 36.2853 
episode: 716 count: 117 score: -23.2579 average_last200: 158.2496 epis: 0.0000 loss: 17.0928 
episode: 717 count: 201 score: -7.8096 average_last200: 157.0596 epis: 0.0000 loss: 37.1472 
episode: 718 count: 268 score: 241.4049 average_last200: 157.1846 epis: 0.0000 loss: 46.3078 
episode: 719 count: 190 score: 195.2654 average_last200: 157.1459 epis: 0.0000 loss: 39.0394 
episode: 720 count: 112 score: -12.5503 average_last200: 155.8656 epis: 0.0000 loss: 19.2897 
episode: 721 count: 133 score: 4.8897 average_last200: 154.6599 epis: 0.0000 loss: 24.5331 
episode: 722 count: 103 score: -21.5708 average_last200: 153.5883 epis: 0.0000 loss: 23.5087 
episode: 723 count: 93 score: -29.5803 average_last200: 152.3181 epis: 0.0000 loss: 13.4369 
episode: 724 count: 127 score: 0.9371 average_last200: 151.2822 epis: 0.0000 loss: 21.5690 
episode: 725 count: 120 score: -8.0737 average_last200: 150.2845 epis: 0.0000 loss: 28.6283 
episode: 726 count: 121 score: 11.4559 average_last200: 149.3472 epis: 0.0000 loss: 25.5968 
episode: 727 count: 115 score: -19.7792 average_last200: 148.1606 epis: 0.0000 loss: 22.4494 
episode: 728 count: 218 score: 251.3035 average_last200: 148.4645 epis: 0.0000 loss: 38.3083 
episode: 729 count: 103 score: -41.6425 average_last200: 147.2402 epis: 0.0000 loss: 22.1723 
episode: 730 count: 148 score: 232.6119 average_last200: 148.5112 epis: 0.0000 loss: 32.2684 
episode: 731 count: 184 score: 244.8335 average_last200: 148.6185 epis: 0.0000 loss: 29.6755 
episode: 732 count: 188 score: 26.4424 average_last200: 147.7085 epis: 0.0000 loss: 37.6739 
episode: 733 count: 240 score: 277.6773 average_last200: 147.8774 epis: 0.0000 loss: 37.3591 
episode: 734 count: 93 score: -22.8130 average_last200: 146.5800 epis: 0.0000 loss: 16.2554 
episode: 735 count: 120 score: -59.9280 average_last200: 145.1574 epis: 0.0000 loss: 26.5092 
episode: 736 count: 548 score: 151.2988 average_last200: 145.0258 epis: 0.0000 loss: 99.8842 
episode: 737 count: 124 score: -32.1393 average_last200: 143.7780 epis: 0.0000 loss: 30.7820 
episode: 738 count: 172 score: 272.1015 average_last200: 144.4632 epis: 0.0000 loss: 26.8809 
episode: 739 count: 623 score: 177.6758 average_last200: 144.1340 epis: 0.0000 loss: 119.7317 
episode: 740 count: 206 score: 236.2460 average_last200: 144.3341 epis: 0.0000 loss: 41.9454 
episode: 741 count: 1000 score: 93.9373 average_last200: 143.6585 epis: 0.0000 loss: 194.7360 
episode: 742 count: 135 score: -50.0334 average_last200: 142.2600 epis: 0.0000 loss: 25.4929 
episode: 743 count: 199 score: 13.1025 average_last200: 141.3024 epis: 0.0000 loss: 31.1418 
episode: 744 count: 311 score: 216.9960 average_last200: 142.5232 epis: 0.0000 loss: 55.7129 
episode: 745 count: 206 score: 233.0454 average_last200: 142.5761 epis: 0.0000 loss: 37.4127 
episode: 746 count: 171 score: -37.5330 average_last200: 141.5236 epis: 0.0000 loss: 41.5748 
episode: 747 count: 163 score: 35.6988 average_last200: 141.7436 epis: 0.0000 loss: 30.4260 
episode: 748 count: 201 score: -42.2925 average_last200: 140.3893 epis: 0.0000 loss: 38.6271 
episode: 749 count: 100 score: 9.1716 average_last200: 139.4508 epis: 0.0000 loss: 16.9626 
episode: 750 count: 129 score: 9.1814 average_last200: 138.2377 epis: 0.0000 loss: 27.5548 
episode: 751 count: 111 score: 21.5102 average_last200: 137.0805 epis: 0.0000 loss: 21.6918 
episode: 752 count: 103 score: 3.9564 average_last200: 137.1832 epis: 0.0000 loss: 21.8686 
episode: 753 count: 105 score: 5.6946 average_last200: 136.1874 epis: 0.0000 loss: 17.0367 
episode: 754 count: 244 score: 207.3101 average_last200: 136.3319 epis: 0.0000 loss: 41.7060 
episode: 755 count: 196 score: 220.9058 average_last200: 136.3684 epis: 0.0000 loss: 38.8647 
episode: 756 count: 163 score: -13.9579 average_last200: 135.2555 epis: 0.0000 loss: 31.2529 
episode: 757 count: 228 score: 274.6075 average_last200: 135.5574 epis: 0.0000 loss: 36.6214 
episode: 758 count: 158 score: 217.1634 average_last200: 135.4715 epis: 0.0000 loss: 25.6029 
episode: 759 count: 344 score: 225.4946 average_last200: 135.4186 epis: 0.0000 loss: 64.0206 
episode: 760 count: 233 score: 223.8889 average_last200: 135.2936 epis: 0.0000 loss: 42.7261 
episode: 761 count: 222 score: 279.7445 average_last200: 135.4692 epis: 0.0000 loss: 39.6530 
episode: 762 count: 323 score: 177.5239 average_last200: 135.1641 epis: 0.0000 loss: 64.9972 
episode: 763 count: 123 score: 13.9976 average_last200: 133.9991 epis: 0.0000 loss: 22.8213 
episode: 764 count: 202 score: 242.5909 average_last200: 134.1889 epis: 0.0000 loss: 34.2721 
episode: 765 count: 692 score: 213.5157 average_last200: 134.3040 epis: 0.0000 loss: 130.6775 
episode: 766 count: 271 score: -9.5130 average_last200: 134.2307 epis: 0.0000 loss: 51.5598 
episode: 767 count: 236 score: 234.2644 average_last200: 134.2008 epis: 0.0000 loss: 46.8338 
episode: 768 count: 134 score: 0.6996 average_last200: 133.2049 epis: 0.0000 loss: 29.7024 
episode: 769 count: 250 score: 212.7155 average_last200: 133.1267 epis: 0.0000 loss: 48.8077 
episode: 770 count: 143 score: 241.1291 average_last200: 133.5384 epis: 0.0000 loss: 30.8644 
episode: 771 count: 268 score: 254.6943 average_last200: 133.8531 epis: 0.0000 loss: 55.7821 
episode: 772 count: 114 score: -15.5305 average_last200: 133.0316 epis: 0.0000 loss: 18.2469 
episode: 773 count: 107 score: -2.7363 average_last200: 132.1283 epis: 0.0000 loss: 24.5761 
episode: 774 count: 160 score: 5.1539 average_last200: 131.1210 epis: 0.0000 loss: 26.4398 
episode: 775 count: 191 score: 212.9069 average_last200: 131.2447 epis: 0.0000 loss: 35.1716 
episode: 776 count: 91 score: -8.0416 average_last200: 130.2216 epis: 0.0000 loss: 18.8259 
episode: 777 count: 124 score: -30.5638 average_last200: 128.8825 epis: 0.0000 loss: 21.6832 
episode: 778 count: 384 score: 198.6593 average_last200: 130.0935 epis: 0.0000 loss: 65.5719 
episode: 779 count: 154 score: 12.9193 average_last200: 130.1064 epis: 0.0000 loss: 23.2070 
episode: 780 count: 145 score: -7.8632 average_last200: 130.1859 epis: 0.0000 loss: 30.3396 
episode: 781 count: 204 score: 217.8139 average_last200: 130.2445 epis: 0.0000 loss: 44.5757 
episode: 782 count: 115 score: 31.2192 average_last200: 130.4101 epis: 0.0000 loss: 21.4175 
episode: 783 count: 141 score: 22.2796 average_last200: 129.5220 epis: 0.0000 loss: 22.0117 
episode: 784 count: 184 score: 269.5903 average_last200: 129.8301 epis: 0.0000 loss: 33.6728 
episode: 785 count: 242 score: 259.2654 average_last200: 130.1561 epis: 0.0000 loss: 49.2541 
episode: 786 count: 282 score: 251.5462 average_last200: 130.2733 epis: 0.0000 loss: 51.5231 
episode: 787 count: 218 score: 200.6257 average_last200: 131.6271 epis: 0.0000 loss: 41.1093 
episode: 788 count: 224 score: 225.5967 average_last200: 131.4925 epis: 0.0000 loss: 40.4848 
episode: 789 count: 142 score: -14.1802 average_last200: 131.3874 epis: 0.0000 loss: 28.4031 
episode: 790 count: 206 score: 227.8086 average_last200: 131.3954 epis: 0.0000 loss: 32.6135 
episode: 791 count: 236 score: 217.8384 average_last200: 131.4621 epis: 0.0000 loss: 42.9220 
episode: 792 count: 200 score: 234.4148 average_last200: 132.5781 epis: 0.0000 loss: 37.3580 
episode: 793 count: 222 score: 241.3657 average_last200: 133.7268 epis: 0.0000 loss: 42.7267 
episode: 794 count: 208 score: 207.6876 average_last200: 133.7047 epis: 0.0000 loss: 39.0127 
episode: 795 count: 128 score: 13.8781 average_last200: 134.0607 epis: 0.0000 loss: 25.5539 
episode: 796 count: 181 score: 195.1588 average_last200: 133.8679 epis: 0.0000 loss: 30.8817 
episode: 797 count: 191 score: 227.1403 average_last200: 134.0390 epis: 0.0000 loss: 31.2440 
episode: 798 count: 160 score: -10.1880 average_last200: 132.8185 epis: 0.0000 loss: 33.9461 
episode: 799 count: 101 score: 15.6357 average_last200: 133.1136 epis: 0.0000 loss: 21.9396 
episode: 800 count: 119 score: -7.6751 average_last200: 133.2373 epis: 0.0000 loss: 18.6016 
episode: 801 count: 316 score: 217.4259 average_last200: 133.2228 epis: 0.0000 loss: 54.3746 
episode: 802 count: 294 score: 211.3090 average_last200: 133.0424 epis: 0.0000 loss: 55.6651 
episode: 803 count: 266 score: 259.3716 average_last200: 133.2231 epis: 0.0000 loss: 54.3697 
episode: 804 count: 281 score: 213.3261 average_last200: 133.0646 epis: 0.0000 loss: 56.7601 
episode: 805 count: 211 score: -42.3333 average_last200: 132.1421 epis: 0.0000 loss: 41.9920 
episode: 806 count: 271 score: 251.0205 average_last200: 132.7116 epis: 0.0000 loss: 54.7213 
episode: 807 count: 621 score: 130.7043 average_last200: 132.2181 epis: 0.0000 loss: 114.1248 
episode: 808 count: 537 score: 178.5332 average_last200: 132.0362 epis: 0.0000 loss: 99.1291 
episode: 809 count: 280 score: 254.2291 average_last200: 132.2806 epis: 0.0000 loss: 54.7165 
episode: 810 count: 283 score: 226.8570 average_last200: 132.2839 epis: 0.0000 loss: 44.5333 
episode: 811 count: 194 score: 216.7785 average_last200: 132.2841 epis: 0.0000 loss: 31.5796 
episode: 812 count: 201 score: 237.8544 average_last200: 132.3294 epis: 0.0000 loss: 44.9797 
episode: 813 count: 175 score: -9.6803 average_last200: 131.3107 epis: 0.0000 loss: 25.9113 
episode: 814 count: 647 score: 157.4179 average_last200: 132.2825 epis: 0.0000 loss: 115.2536 
episode: 815 count: 644 score: 145.9728 average_last200: 133.0207 epis: 0.0000 loss: 124.1893 
episode: 816 count: 309 score: 207.3960 average_last200: 132.8627 epis: 0.0000 loss: 51.8723 
episode: 817 count: 119 score: 5.1137 average_last200: 131.6807 epis: 0.0000 loss: 19.2327 
episode: 818 count: 213 score: -1.8269 average_last200: 130.4096 epis: 0.0000 loss: 39.3215 
episode: 819 count: 139 score: 11.1613 average_last200: 129.1646 epis: 0.0000 loss: 27.1469 
episode: 820 count: 146 score: 43.4860 average_last200: 128.1508 epis: 0.0000 loss: 28.3323 
episode: 821 count: 215 score: 249.1099 average_last200: 128.3103 epis: 0.0000 loss: 45.7718 
episode: 822 count: 138 score: 11.8072 average_last200: 127.3775 epis: 0.0000 loss: 24.0960 
episode: 823 count: 207 score: 219.2214 average_last200: 127.5217 epis: 0.0000 loss: 32.1879 
episode: 824 count: 194 score: -32.3514 average_last200: 126.5104 epis: 0.0000 loss: 40.9248 
episode: 825 count: 223 score: 256.8664 average_last200: 127.7400 epis: 0.0000 loss: 44.2818 
episode: 826 count: 237 score: 234.8604 average_last200: 128.0189 epis: 0.0000 loss: 46.9657 
episode: 827 count: 350 score: 198.7282 average_last200: 128.9685 epis: 0.0000 loss: 62.5704 
episode: 828 count: 253 score: 217.1355 average_last200: 129.1119 epis: 0.0000 loss: 44.1915 
episode: 829 count: 339 score: 213.1911 average_last200: 130.3642 epis: 0.0000 loss: 62.4697 
episode: 830 count: 345 score: 229.5148 average_last200: 130.4632 epis: 0.0000 loss: 68.2804 
episode: 831 count: 432 score: 179.2248 average_last200: 130.2979 epis: 0.0000 loss: 89.5552 
episode: 832 count: 150 score: 209.9408 average_last200: 130.2075 epis: 0.0000 loss: 25.9571 
episode: 833 count: 179 score: -9.8432 average_last200: 129.2837 epis: 0.0000 loss: 27.6647 
episode: 834 count: 257 score: 220.4631 average_last200: 129.5215 epis: 0.0000 loss: 42.6668 
episode: 835 count: 149 score: 232.8726 average_last200: 130.8793 epis: 0.0000 loss: 29.9203 
episode: 836 count: 218 score: 235.0206 average_last200: 131.0421 epis: 0.0000 loss: 30.5066 
episode: 837 count: 163 score: 238.1365 average_last200: 130.9350 epis: 0.0000 loss: 23.8431 
episode: 838 count: 178 score: -41.0341 average_last200: 129.9469 epis: 0.0000 loss: 30.4011 
episode: 839 count: 215 score: 234.8493 average_last200: 129.8688 epis: 0.0000 loss: 39.2718 
episode: 840 count: 165 score: 212.3239 average_last200: 129.8025 epis: 0.0000 loss: 30.2861 
episode: 841 count: 370 score: 202.1262 average_last200: 129.6937 epis: 0.0000 loss: 61.1117 
episode: 842 count: 249 score: 248.3815 average_last200: 129.8889 epis: 0.0000 loss: 35.5302 
episode: 843 count: 154 score: 27.4276 average_last200: 129.0995 epis: 0.0000 loss: 26.2008 
episode: 844 count: 190 score: 222.6326 average_last200: 130.3870 epis: 0.0000 loss: 33.6911 
episode: 845 count: 248 score: 223.1488 average_last200: 130.5410 epis: 0.0000 loss: 41.1256 
episode: 846 count: 144 score: 8.6924 average_last200: 129.4554 epis: 0.0000 loss: 20.2386 
episode: 847 count: 215 score: 252.7423 average_last200: 129.4971 epis: 0.0000 loss: 43.3296 
episode: 848 count: 253 score: 238.7635 average_last200: 130.7851 epis: 0.0000 loss: 36.7551 
episode: 849 count: 301 score: 234.6612 average_last200: 131.9349 epis: 0.0000 loss: 55.6782 
episode: 850 count: 195 score: 234.3387 average_last200: 132.1471 epis: 0.0000 loss: 32.0762 
episode: 851 count: 293 score: -12.2371 average_last200: 130.9899 epis: 0.0000 loss: 50.6217 
episode: 852 count: 208 score: 242.5808 average_last200: 131.1675 epis: 0.0000 loss: 44.1995 
episode: 853 count: 325 score: 201.2610 average_last200: 131.0795 epis: 0.0000 loss: 60.3243 
episode: 854 count: 209 score: 222.5917 average_last200: 131.5308 epis: 0.0000 loss: 35.8433 
episode: 855 count: 374 score: 232.8520 average_last200: 131.7243 epis: 0.0000 loss: 62.6487 
episode: 856 count: 172 score: 223.5717 average_last200: 131.7764 epis: 0.0000 loss: 38.9538 
episode: 857 count: 173 score: -43.4792 average_last200: 130.3399 epis: 0.0000 loss: 24.4415 
episode: 858 count: 160 score: 20.8805 average_last200: 129.3082 epis: 0.0000 loss: 29.1263 
episode: 859 count: 71 score: -487.5575 average_last200: 126.1108 epis: 0.0000 loss: 10.3263 
episode: 860 count: 347 score: 218.0935 average_last200: 126.5697 epis: 0.0000 loss: 49.2131 
episode: 861 count: 116 score: 7.0224 average_last200: 126.0412 epis: 0.0000 loss: 17.4868 
episode: 862 count: 223 score: 236.1903 average_last200: 127.6241 epis: 0.0000 loss: 35.1237 
episode: 863 count: 209 score: 212.1388 average_last200: 128.5907 epis: 0.0000 loss: 40.2339 
episode: 864 count: 148 score: -14.8102 average_last200: 127.6462 epis: 0.0000 loss: 26.6024 
episode: 865 count: 126 score: -9.7329 average_last200: 127.7722 epis: 0.0000 loss: 20.0354 
episode: 866 count: 150 score: 0.8324 average_last200: 128.0507 epis: 0.0000 loss: 20.1226 
episode: 867 count: 134 score: -31.0317 average_last200: 126.8223 epis: 0.0000 loss: 21.1100 
episode: 868 count: 113 score: -5.4038 average_last200: 125.9618 epis: 0.0000 loss: 20.4413 
episode: 869 count: 134 score: -19.5866 average_last200: 125.7403 epis: 0.0000 loss: 30.8541 
episode: 870 count: 104 score: -47.9272 average_last200: 124.4372 epis: 0.0000 loss: 23.3655 
episode: 871 count: 140 score: -16.6895 average_last200: 123.2967 epis: 0.0000 loss: 23.8028 
episode: 872 count: 169 score: -22.0741 average_last200: 123.2902 epis: 0.0000 loss: 36.1195 
episode: 873 count: 169 score: 12.3896 average_last200: 123.2799 epis: 0.0000 loss: 32.3887 
episode: 874 count: 80 score: -1.7311 average_last200: 122.2895 epis: 0.0000 loss: 17.4465 
episode: 875 count: 114 score: -30.4805 average_last200: 121.3289 epis: 0.0000 loss: 23.2982 
episode: 876 count: 114 score: -21.3088 average_last200: 120.1186 epis: 0.0000 loss: 19.3684 
episode: 877 count: 159 score: -1.2841 average_last200: 119.3772 epis: 0.0000 loss: 29.9443 
episode: 878 count: 92 score: -44.3642 average_last200: 119.1428 epis: 0.0000 loss: 15.6413 
episode: 879 count: 104 score: -45.1225 average_last200: 118.8986 epis: 0.0000 loss: 18.5902 
episode: 880 count: 194 score: 236.9802 average_last200: 119.2908 epis: 0.0000 loss: 32.4918 
episode: 881 count: 325 score: 202.5515 average_last200: 120.3295 epis: 0.0000 loss: 64.3384 
episode: 882 count: 115 score: -39.0823 average_last200: 119.0466 epis: 0.0000 loss: 20.8382 
episode: 883 count: 112 score: -0.3371 average_last200: 117.9844 epis: 0.0000 loss: 15.8540 
episode: 884 count: 209 score: -1.9210 average_last200: 117.9185 epis: 0.0000 loss: 40.5196 
episode: 885 count: 91 score: -53.2536 average_last200: 116.5615 epis: 0.0000 loss: 14.7818 
episode: 886 count: 117 score: -40.9239 average_last200: 115.2955 epis: 0.0000 loss: 30.0435 
episode: 887 count: 144 score: -23.2909 average_last200: 114.0584 epis: 0.0000 loss: 23.9532 
episode: 888 count: 146 score: 7.9723 average_last200: 113.1117 epis: 0.0000 loss: 27.8803 
episode: 889 count: 278 score: 224.8923 average_last200: 113.6013 epis: 0.0000 loss: 52.6123 
episode: 890 count: 134 score: -40.5981 average_last200: 112.3649 epis: 0.0000 loss: 25.5722 
episode: 891 count: 140 score: -32.2962 average_last200: 111.2171 epis: 0.0000 loss: 28.5081 
episode: 892 count: 76 score: -37.4964 average_last200: 109.9045 epis: 0.0000 loss: 9.3014 
episode: 893 count: 136 score: 9.9787 average_last200: 108.9111 epis: 0.0000 loss: 23.2684 
episode: 894 count: 166 score: 13.2228 average_last200: 107.9089 epis: 0.0000 loss: 31.8429 
episode: 895 count: 146 score: -14.2352 average_last200: 108.0640 epis: 0.0000 loss: 30.0887 
episode: 896 count: 477 score: 236.6962 average_last200: 109.4572 epis: 0.0000 loss: 72.3750 
episode: 897 count: 208 score: 10.9468 average_last200: 108.6034 epis: 0.0000 loss: 47.6466 
episode: 898 count: 97 score: -10.1690 average_last200: 108.4378 epis: 0.0000 loss: 18.6467 
episode: 899 count: 236 score: 245.1044 average_last200: 108.6899 epis: 0.0000 loss: 46.4831 
episode: 900 count: 96 score: 20.7464 average_last200: 107.8320 epis: 0.0000 loss: 15.2838 
episode: 901 count: 77 score: 3.7785 average_last200: 106.8433 epis: 0.0000 loss: 12.1612 
episode: 902 count: 239 score: 2.2620 average_last200: 106.8345 epis: 0.0000 loss: 45.3339 
episode: 903 count: 263 score: 229.5049 average_last200: 106.8965 epis: 0.0000 loss: 50.6396 
episode: 904 count: 408 score: 236.0588 average_last200: 106.9707 epis: 0.0000 loss: 73.2609 
episode: 905 count: 176 score: 6.6203 average_last200: 107.0159 epis: 0.0000 loss: 32.4004 
episode: 906 count: 247 score: 234.6340 average_last200: 108.1595 epis: 0.0000 loss: 53.6295 
episode: 907 count: 126 score: -42.0194 average_last200: 106.8134 epis: 0.0000 loss: 17.0814 
episode: 908 count: 130 score: -26.8951 average_last200: 105.5282 epis: 0.0000 loss: 19.0923 
episode: 909 count: 233 score: 224.3088 average_last200: 105.5424 epis: 0.0000 loss: 55.1869 
episode: 910 count: 442 score: 185.2409 average_last200: 105.3315 epis: 0.0000 loss: 85.4013 
episode: 911 count: 129 score: -18.6565 average_last200: 104.2448 epis: 0.0000 loss: 27.8527 
episode: 912 count: 130 score: -22.6261 average_last200: 104.2206 epis: 0.0000 loss: 17.8502 
episode: 913 count: 568 score: 245.0465 average_last200: 104.2819 epis: 0.0000 loss: 89.0099 
episode: 914 count: 92 score: -2.0592 average_last200: 103.0624 epis: 0.0000 loss: 15.2338 
episode: 915 count: 317 score: 255.6718 average_last200: 104.4247 epis: 0.0000 loss: 62.0847 
episode: 916 count: 194 score: 232.3247 average_last200: 105.7026 epis: 0.0000 loss: 29.0553 
episode: 917 count: 241 score: 238.3163 average_last200: 106.9333 epis: 0.0000 loss: 44.7838 
episode: 918 count: 155 score: -33.0232 average_last200: 105.5611 epis: 0.0000 loss: 25.5082 
episode: 919 count: 345 score: 247.1510 average_last200: 105.8206 epis: 0.0000 loss: 60.7697 
episode: 920 count: 208 score: 4.2747 average_last200: 105.9047 epis: 0.0000 loss: 40.8925 
episode: 921 count: 229 score: 240.1163 average_last200: 107.0808 epis: 0.0000 loss: 37.1641 
episode: 922 count: 121 score: -20.9326 average_last200: 107.0840 epis: 0.0000 loss: 29.0328 
episode: 923 count: 231 score: 233.0584 average_last200: 108.3972 epis: 0.0000 loss: 39.9046 
episode: 924 count: 185 score: 260.5182 average_last200: 109.6951 epis: 0.0000 loss: 35.2629 
episode: 925 count: 299 score: 254.6083 average_last200: 111.0085 epis: 0.0000 loss: 59.6716 
episode: 926 count: 150 score: 0.1131 average_last200: 110.9518 epis: 0.0000 loss: 32.3014 
episode: 927 count: 211 score: 197.8305 average_last200: 112.0399 epis: 0.0000 loss: 31.4207 
episode: 928 count: 108 score: -16.1051 average_last200: 110.7028 epis: 0.0000 loss: 25.7846 
episode: 929 count: 188 score: 0.7678 average_last200: 110.9149 epis: 0.0000 loss: 30.4530 
episode: 930 count: 121 score: -19.9118 average_last200: 109.6522 epis: 0.0000 loss: 21.1662 
episode: 931 count: 295 score: 8.0675 average_last200: 108.4684 epis: 0.0000 loss: 46.3713 
episode: 932 count: 90 score: -26.7183 average_last200: 108.2026 epis: 0.0000 loss: 13.0990 
episode: 933 count: 195 score: 207.5974 average_last200: 107.8522 epis: 0.0000 loss: 40.1911 
episode: 934 count: 218 score: 211.1280 average_last200: 109.0219 epis: 0.0000 loss: 46.0961 
episode: 935 count: 305 score: 241.8068 average_last200: 110.5306 epis: 0.0000 loss: 54.4693 
episode: 936 count: 163 score: 212.2313 average_last200: 110.8353 epis: 0.0000 loss: 26.0693 
episode: 937 count: 135 score: -5.6934 average_last200: 110.9675 epis: 0.0000 loss: 29.7342 
episode: 938 count: 92 score: 20.0507 average_last200: 109.7072 epis: 0.0000 loss: 14.5227 
episode: 939 count: 231 score: 39.8182 average_last200: 109.0179 epis: 0.0000 loss: 40.8103 
episode: 940 count: 139 score: -20.7182 average_last200: 107.7331 epis: 0.0000 loss: 26.0742 
episode: 941 count: 152 score: 14.3129 average_last200: 107.3350 epis: 0.0000 loss: 27.6721 
episode: 942 count: 105 score: -23.4664 average_last200: 107.4678 epis: 0.0000 loss: 25.2325 
episode: 943 count: 329 score: 233.3575 average_last200: 108.5691 epis: 0.0000 loss: 62.3844 
episode: 944 count: 311 score: 243.2756 average_last200: 108.7005 epis: 0.0000 loss: 53.8745 
episode: 945 count: 118 score: -24.0750 average_last200: 107.4149 epis: 0.0000 loss: 23.3509 
episode: 946 count: 210 score: 214.9048 average_last200: 108.6771 epis: 0.0000 loss: 37.0471 
episode: 947 count: 346 score: 191.2600 average_last200: 109.4549 epis: 0.0000 loss: 69.9878 
episode: 948 count: 328 score: 226.5069 average_last200: 110.7989 epis: 0.0000 loss: 45.1967 
episode: 949 count: 715 score: 193.5355 average_last200: 111.7207 epis: 0.0000 loss: 138.5063 
episode: 950 count: 118 score: -49.1636 average_last200: 111.4290 epis: 0.0000 loss: 22.8953 
episode: 951 count: 323 score: 223.3060 average_last200: 112.4380 epis: 0.0000 loss: 65.8740 
episode: 952 count: 163 score: 218.9186 average_last200: 113.5128 epis: 0.0000 loss: 23.9467 
episode: 953 count: 320 score: 235.8496 average_last200: 114.6636 epis: 0.0000 loss: 68.2282 
episode: 954 count: 96 score: -26.7718 average_last200: 113.4931 epis: 0.0000 loss: 18.7294 
episode: 955 count: 490 score: 163.3243 average_last200: 113.2052 epis: 0.0000 loss: 118.4262 
episode: 956 count: 92 score: 5.7999 average_last200: 113.3040 epis: 0.0000 loss: 19.2550 
episode: 957 count: 356 score: 195.9900 average_last200: 112.9109 epis: 0.0000 loss: 68.8617 
episode: 958 count: 167 score: -12.8973 average_last200: 111.7606 epis: 0.0000 loss: 35.5395 
episode: 959 count: 204 score: -8.1349 average_last200: 110.5925 epis: 0.0000 loss: 46.7237 
episode: 960 count: 326 score: 245.1733 average_last200: 110.6989 epis: 0.0000 loss: 51.3958 
episode: 961 count: 132 score: -2.3190 average_last200: 109.2886 epis: 0.0000 loss: 23.7865 
episode: 962 count: 274 score: 2.6878 average_last200: 108.4144 epis: 0.0000 loss: 58.3300 
episode: 963 count: 138 score: 5.5961 average_last200: 108.3724 epis: 0.0000 loss: 23.9768 
episode: 964 count: 128 score: -29.9754 average_last200: 107.0096 epis: 0.0000 loss: 25.7944 
episode: 965 count: 83 score: -76.5176 average_last200: 105.5594 epis: 0.0000 loss: 14.4226 
episode: 966 count: 195 score: 220.1091 average_last200: 106.7075 epis: 0.0000 loss: 39.0280 
episode: 967 count: 89 score: -22.6641 average_last200: 105.4229 epis: 0.0000 loss: 14.8363 
episode: 968 count: 678 score: 163.0093 average_last200: 106.2344 epis: 0.0000 loss: 124.9034 
episode: 969 count: 209 score: -6.1824 average_last200: 105.1399 epis: 0.0000 loss: 40.8202 
episode: 970 count: 309 score: 232.2888 average_last200: 105.0957 epis: 0.0000 loss: 59.4886 
episode: 971 count: 214 score: 229.1841 average_last200: 104.9682 epis: 0.0000 loss: 46.1570 
episode: 972 count: 195 score: 246.6559 average_last200: 106.2791 epis: 0.0000 loss: 40.7330 
episode: 973 count: 211 score: -16.2325 average_last200: 106.2116 epis: 0.0000 loss: 34.8350 
episode: 974 count: 306 score: 194.0899 average_last200: 107.1563 epis: 0.0000 loss: 68.1281 
episode: 975 count: 260 score: 218.6961 average_last200: 107.1853 epis: 0.0000 loss: 52.8616 
episode: 976 count: 133 score: 10.7011 average_last200: 107.2790 epis: 0.0000 loss: 30.7228 
episode: 977 count: 81 score: -27.1133 average_last200: 107.2962 epis: 0.0000 loss: 16.5293 
episode: 978 count: 427 score: 205.9522 average_last200: 107.3327 epis: 0.0000 loss: 97.9737 
episode: 979 count: 288 score: 247.7751 average_last200: 108.5070 epis: 0.0000 loss: 55.3575 
episode: 980 count: 87 score: -24.5751 average_last200: 108.4234 epis: 0.0000 loss: 22.1422 
episode: 981 count: 137 score: -14.5889 average_last200: 107.2614 epis: 0.0000 loss: 30.6586 
episode: 982 count: 113 score: -34.3795 average_last200: 106.9334 epis: 0.0000 loss: 20.8347 
episode: 983 count: 193 score: 227.7256 average_last200: 107.9606 epis: 0.0000 loss: 40.0439 
episode: 984 count: 187 score: 5.6274 average_last200: 106.6408 epis: 0.0000 loss: 36.4950 
episode: 985 count: 465 score: 211.8019 average_last200: 106.4035 epis: 0.0000 loss: 87.5895 
episode: 986 count: 123 score: 8.0276 average_last200: 105.1859 epis: 0.0000 loss: 26.1120 
episode: 987 count: 282 score: 219.6212 average_last200: 105.2809 epis: 0.0000 loss: 60.3869 
episode: 988 count: 121 score: -15.7263 average_last200: 104.0743 epis: 0.0000 loss: 27.0186 
episode: 989 count: 113 score: -6.2110 average_last200: 104.1141 epis: 0.0000 loss: 25.0864 
episode: 990 count: 131 score: -12.0095 average_last200: 102.9150 epis: 0.0000 loss: 20.9184 
episode: 991 count: 205 score: -43.1819 average_last200: 101.6099 epis: 0.0000 loss: 41.7095 
episode: 992 count: 107 score: -29.4941 average_last200: 100.2904 epis: 0.0000 loss: 16.8119 
episode: 993 count: 255 score: 259.9374 average_last200: 100.3832 epis: 0.0000 loss: 52.0208 
episode: 994 count: 92 score: -23.1680 average_last200: 99.2290 epis: 0.0000 loss: 21.4204 
episode: 995 count: 194 score: -27.1124 average_last200: 99.0240 epis: 0.0000 loss: 35.3807 
episode: 996 count: 99 score: -20.6713 average_last200: 97.9449 epis: 0.0000 loss: 14.3739 
episode: 997 count: 116 score: -20.4202 average_last200: 96.7071 epis: 0.0000 loss: 21.6643 
episode: 998 count: 115 score: -19.2858 average_last200: 96.6616 epis: 0.0000 loss: 24.6279 
episode: 999 count: 138 score: -3.1068 average_last200: 96.5678 epis: 0.0000 loss: 29.5212 
