[33mWARN: gym.spaces.Box autodetected dtype as <class 'numpy.float32'>. Please provide explicit dtype.[0m
All para: Epis 1000 memlen 100000 gamma 0.990 epsilon 0.990 alpha 0.00020 batch 30 upfreq 500
episode: 0 count: 103 score: -201.7553 average_last200: -201.7553 epis: 0.9900 loss: 0.0000 
episode: 1 count: 84 score: -166.6921 average_last200: -184.2237 epis: 0.9801 loss: 0.0000 
episode: 2 count: 127 score: -140.9426 average_last200: -169.7967 epis: 0.9703 loss: 0.0000 
episode: 3 count: 98 score: -151.9605 average_last200: -165.3376 epis: 0.9606 loss: 0.0000 
episode: 4 count: 71 score: -305.0290 average_last200: -193.2759 epis: 0.9510 loss: 0.0000 
episode: 5 count: 124 score: -219.4452 average_last200: -197.6374 epis: 0.9415 loss: 0.0000 
episode: 6 count: 136 score: -149.6131 average_last200: -190.7768 epis: 0.9321 loss: 0.0000 
episode: 7 count: 105 score: -416.8472 average_last200: -219.0356 epis: 0.9227 loss: 0.0000 
episode: 8 count: 88 score: -384.5283 average_last200: -237.4237 epis: 0.9135 loss: 0.0000 
episode: 9 count: 101 score: -399.6424 average_last200: -253.6456 epis: 0.9044 loss: 21.1335 
episode: 10 count: 67 score: -175.5396 average_last200: -246.5450 epis: 0.8953 loss: 41.8672 
episode: 11 count: 91 score: -510.2835 average_last200: -268.5232 epis: 0.8864 loss: 52.7604 
episode: 12 count: 64 score: -291.9107 average_last200: -270.3223 epis: 0.8775 loss: 33.5279 
episode: 13 count: 97 score: -279.2350 average_last200: -270.9589 epis: 0.8687 loss: 54.5658 
episode: 14 count: 201 score: -324.5098 average_last200: -274.5289 epis: 0.8601 loss: 103.9542 
episode: 15 count: 81 score: -116.4046 average_last200: -264.6462 epis: 0.8515 loss: 40.0733 
episode: 16 count: 105 score: -132.6078 average_last200: -256.8792 epis: 0.8429 loss: 44.0470 
episode: 17 count: 155 score: -75.9519 average_last200: -246.8277 epis: 0.8345 loss: 69.8476 
episode: 18 count: 96 score: -238.4734 average_last200: -246.3880 epis: 0.8262 loss: 44.8072 
episode: 19 count: 80 score: -222.4903 average_last200: -245.1931 epis: 0.8179 loss: 35.9158 
episode: 20 count: 142 score: -76.2297 average_last200: -237.1472 epis: 0.8097 loss: 55.9792 
episode: 21 count: 84 score: -401.6384 average_last200: -244.6241 epis: 0.8016 loss: 39.1945 
episode: 22 count: 113 score: -138.6019 average_last200: -240.0144 epis: 0.7936 loss: 41.3459 
episode: 23 count: 122 score: -130.1659 average_last200: -235.4374 epis: 0.7857 loss: 45.6512 
episode: 24 count: 107 score: -162.2597 average_last200: -232.5103 epis: 0.7778 loss: 40.6285 
episode: 25 count: 85 score: -259.6163 average_last200: -233.5528 epis: 0.7700 loss: 33.4606 
episode: 26 count: 142 score: -96.4232 average_last200: -228.4740 epis: 0.7623 loss: 58.9314 
episode: 27 count: 128 score: -106.0720 average_last200: -224.1025 epis: 0.7547 loss: 54.3661 
episode: 28 count: 88 score: -214.5049 average_last200: -223.7715 epis: 0.7472 loss: 40.6212 
episode: 29 count: 114 score: -253.4640 average_last200: -224.7613 epis: 0.7397 loss: 45.8725 
episode: 30 count: 105 score: -225.4180 average_last200: -224.7825 epis: 0.7323 loss: 38.5210 
episode: 31 count: 128 score: -368.6357 average_last200: -229.2779 epis: 0.7250 loss: 54.9237 
episode: 32 count: 155 score: -231.7661 average_last200: -229.3533 epis: 0.7177 loss: 61.0709 
episode: 33 count: 139 score: -115.2470 average_last200: -225.9972 epis: 0.7106 loss: 50.1591 
episode: 34 count: 113 score: -211.3478 average_last200: -225.5786 epis: 0.7034 loss: 43.5616 
episode: 35 count: 102 score: -188.0040 average_last200: -224.5349 epis: 0.6964 loss: 36.9386 
episode: 36 count: 141 score: -79.4993 average_last200: -220.6150 epis: 0.6894 loss: 53.9185 
episode: 37 count: 98 score: -176.3091 average_last200: -219.4491 epis: 0.6826 loss: 34.7175 
episode: 38 count: 131 score: -148.1550 average_last200: -217.6210 epis: 0.6757 loss: 42.9989 
episode: 39 count: 183 score: -135.4607 average_last200: -215.5670 epis: 0.6690 loss: 61.8328 
episode: 40 count: 235 score: -49.1140 average_last200: -211.5072 epis: 0.6623 loss: 75.0279 
episode: 41 count: 128 score: -198.7406 average_last200: -211.2032 epis: 0.6557 loss: 42.2958 
episode: 42 count: 1000 score: 5.6455 average_last200: -206.1602 epis: 0.6491 loss: 341.2432 
episode: 43 count: 80 score: -152.6979 average_last200: -204.9452 epis: 0.6426 loss: 24.5900 
episode: 44 count: 139 score: -152.0380 average_last200: -203.7695 epis: 0.6362 loss: 47.4058 
episode: 45 count: 128 score: -67.3434 average_last200: -200.8037 epis: 0.6298 loss: 41.7074 
episode: 46 count: 206 score: -145.6957 average_last200: -199.6312 epis: 0.6235 loss: 62.8021 
episode: 47 count: 110 score: -99.5390 average_last200: -197.5459 epis: 0.6173 loss: 39.4758 
episode: 48 count: 192 score: -126.3969 average_last200: -196.0939 epis: 0.6111 loss: 67.2857 
episode: 49 count: 114 score: -238.9477 average_last200: -196.9510 epis: 0.6050 loss: 29.0670 
episode: 50 count: 85 score: -111.6326 average_last200: -195.2781 epis: 0.5990 loss: 26.8984 
episode: 51 count: 193 score: -42.8876 average_last200: -192.3475 epis: 0.5930 loss: 67.0700 
episode: 52 count: 163 score: -105.5040 average_last200: -190.7089 epis: 0.5870 loss: 51.5261 
episode: 53 count: 142 score: -99.0158 average_last200: -189.0109 epis: 0.5812 loss: 43.0505 
episode: 54 count: 250 score: -81.8725 average_last200: -187.0629 epis: 0.5754 loss: 86.2741 
episode: 55 count: 239 score: -18.6970 average_last200: -184.0564 epis: 0.5696 loss: 82.5227 
episode: 56 count: 110 score: -188.7004 average_last200: -184.1379 epis: 0.5639 loss: 39.0107 
episode: 57 count: 140 score: -42.1890 average_last200: -181.6905 epis: 0.5583 loss: 46.5452 
episode: 58 count: 1000 score: 52.2099 average_last200: -177.7261 epis: 0.5527 loss: 339.5696 
episode: 59 count: 197 score: -46.1126 average_last200: -175.5325 epis: 0.5472 loss: 64.9518 
episode: 60 count: 227 score: -119.7541 average_last200: -174.6181 epis: 0.5417 loss: 72.0840 
episode: 61 count: 77 score: -134.3508 average_last200: -173.9686 epis: 0.5363 loss: 28.7619 
episode: 62 count: 250 score: -147.1464 average_last200: -173.5429 epis: 0.5309 loss: 88.9105 
episode: 63 count: 101 score: -144.6363 average_last200: -173.0912 epis: 0.5256 loss: 30.0389 
episode: 64 count: 226 score: -103.3063 average_last200: -172.0176 epis: 0.5203 loss: 82.3087 
episode: 65 count: 228 score: -139.0120 average_last200: -171.5175 epis: 0.5151 loss: 76.1923 
episode: 66 count: 186 score: -118.9024 average_last200: -170.7322 epis: 0.5100 loss: 72.2091 
episode: 67 count: 262 score: -68.7180 average_last200: -169.2320 epis: 0.5049 loss: 87.7744 
episode: 68 count: 130 score: -115.2678 average_last200: -168.4499 epis: 0.4998 loss: 36.4895 
episode: 69 count: 261 score: -125.8567 average_last200: -167.8414 epis: 0.4948 loss: 87.9268 
episode: 70 count: 122 score: -74.7441 average_last200: -166.5302 epis: 0.4899 loss: 49.1585 
episode: 71 count: 222 score: -30.2062 average_last200: -164.6368 epis: 0.4850 loss: 80.2992 
episode: 72 count: 257 score: -82.4686 average_last200: -163.5112 epis: 0.4801 loss: 76.0032 
episode: 73 count: 204 score: -53.7787 average_last200: -162.0284 epis: 0.4753 loss: 72.0387 
episode: 74 count: 200 score: -126.8092 average_last200: -161.5588 epis: 0.4706 loss: 57.3264 
episode: 75 count: 533 score: -179.3119 average_last200: -161.7924 epis: 0.4659 loss: 176.2646 
episode: 76 count: 132 score: -47.0300 average_last200: -160.3019 epis: 0.4612 loss: 47.3542 
episode: 77 count: 1000 score: 20.0258 average_last200: -157.9900 epis: 0.4566 loss: 353.9637 
episode: 78 count: 610 score: -127.4065 average_last200: -157.6029 epis: 0.4520 loss: 209.7796 
episode: 79 count: 372 score: -75.9635 average_last200: -156.5824 epis: 0.4475 loss: 110.2860 
episode: 80 count: 236 score: -46.3881 average_last200: -155.2220 epis: 0.4430 loss: 74.3084 
episode: 81 count: 81 score: -52.6813 average_last200: -153.9715 epis: 0.4386 loss: 26.5878 
episode: 82 count: 90 score: -70.9644 average_last200: -152.9714 epis: 0.4342 loss: 33.5544 
episode: 83 count: 1000 score: -57.2050 average_last200: -151.8313 epis: 0.4299 loss: 320.4391 
episode: 84 count: 1000 score: 31.7976 average_last200: -149.6710 epis: 0.4256 loss: 358.6824 
episode: 85 count: 1000 score: 62.6066 average_last200: -147.2027 epis: 0.4213 loss: 354.2641 
episode: 86 count: 1000 score: -106.5291 average_last200: -146.7351 epis: 0.4171 loss: 365.3060 
episode: 87 count: 549 score: -130.4072 average_last200: -146.5496 epis: 0.4129 loss: 203.7426 
episode: 88 count: 493 score: -151.1316 average_last200: -146.6011 epis: 0.4088 loss: 171.9948 
episode: 89 count: 423 score: -148.7145 average_last200: -146.6246 epis: 0.4047 loss: 148.4280 
episode: 90 count: 1000 score: 21.9556 average_last200: -144.7720 epis: 0.4007 loss: 347.6157 
episode: 91 count: 1000 score: -69.0933 average_last200: -143.9494 epis: 0.3967 loss: 357.7814 
episode: 92 count: 145 score: -112.8953 average_last200: -143.6155 epis: 0.3927 loss: 46.3379 
episode: 93 count: 1000 score: -166.2442 average_last200: -143.8563 epis: 0.3888 loss: 355.3713 
episode: 94 count: 1000 score: -30.4694 average_last200: -142.6627 epis: 0.3849 loss: 365.5506 
episode: 95 count: 1000 score: -30.3585 average_last200: -141.4929 epis: 0.3810 loss: 337.8089 
episode: 96 count: 253 score: -51.3876 average_last200: -140.5640 epis: 0.3772 loss: 82.4155 
episode: 97 count: 1000 score: -23.1996 average_last200: -139.3664 epis: 0.3735 loss: 334.6335 
episode: 98 count: 1000 score: -10.3341 average_last200: -138.0630 epis: 0.3697 loss: 350.5849 
episode: 99 count: 356 score: -92.4217 average_last200: -137.6066 epis: 0.3660 loss: 118.7450 
episode: 100 count: 827 score: -154.7817 average_last200: -137.7766 epis: 0.3624 loss: 303.5440 
episode: 101 count: 234 score: -8.0446 average_last200: -136.5048 epis: 0.3587 loss: 89.3093 
episode: 102 count: 392 score: -159.7536 average_last200: -136.7305 epis: 0.3552 loss: 121.0361 
episode: 103 count: 1000 score: -153.1035 average_last200: -136.8879 epis: 0.3516 loss: 338.1740 
episode: 104 count: 1000 score: -97.1644 average_last200: -136.5096 epis: 0.3481 loss: 335.4614 
episode: 105 count: 1000 score: -107.6303 average_last200: -136.2371 epis: 0.3446 loss: 333.9290 
episode: 106 count: 896 score: -341.6948 average_last200: -138.1573 epis: 0.3412 loss: 292.4961 
episode: 107 count: 1000 score: -54.5706 average_last200: -137.3834 epis: 0.3378 loss: 332.2657 
episode: 108 count: 1000 score: -90.5404 average_last200: -136.9536 epis: 0.3344 loss: 334.2901 
episode: 109 count: 397 score: -123.4629 average_last200: -136.8310 epis: 0.3310 loss: 122.2939 
episode: 110 count: 812 score: -162.8146 average_last200: -137.0650 epis: 0.3277 loss: 267.8205 
episode: 111 count: 317 score: -267.1296 average_last200: -138.2263 epis: 0.3244 loss: 107.7156 
episode: 112 count: 1000 score: -83.4224 average_last200: -137.7413 epis: 0.3212 loss: 330.9327 
episode: 113 count: 1000 score: -158.3671 average_last200: -137.9223 epis: 0.3180 loss: 322.9155 
episode: 114 count: 1000 score: -124.4442 average_last200: -137.8051 epis: 0.3148 loss: 300.5691 
episode: 115 count: 394 score: -15.5165 average_last200: -136.7509 epis: 0.3117 loss: 118.3518 
episode: 116 count: 1000 score: -140.7937 average_last200: -136.7854 epis: 0.3085 loss: 310.0114 
episode: 117 count: 1000 score: -160.5164 average_last200: -136.9865 epis: 0.3055 loss: 299.4132 
episode: 118 count: 1000 score: -138.8175 average_last200: -137.0019 epis: 0.3024 loss: 306.8737 
episode: 119 count: 1000 score: -7.5836 average_last200: -135.9234 epis: 0.2994 loss: 321.4640 
episode: 120 count: 1000 score: -123.0674 average_last200: -135.8172 epis: 0.2964 loss: 287.4763 
episode: 121 count: 1000 score: -85.1733 average_last200: -135.4021 epis: 0.2934 loss: 289.0504 
episode: 122 count: 1000 score: -185.0174 average_last200: -135.8054 epis: 0.2905 loss: 304.5277 
episode: 123 count: 1000 score: -66.5428 average_last200: -135.2469 epis: 0.2876 loss: 319.4432 
episode: 124 count: 1000 score: -139.4309 average_last200: -135.2803 epis: 0.2847 loss: 299.0490 
episode: 125 count: 1000 score: -46.2120 average_last200: -134.5735 epis: 0.2819 loss: 303.8530 
episode: 126 count: 905 score: -184.1441 average_last200: -134.9638 epis: 0.2790 loss: 261.0290 
episode: 127 count: 818 score: -182.3068 average_last200: -135.3336 epis: 0.2763 loss: 252.6754 
episode: 128 count: 1000 score: -113.6432 average_last200: -135.1655 epis: 0.2735 loss: 300.9837 
episode: 129 count: 1000 score: -40.9214 average_last200: -134.4405 epis: 0.2708 loss: 298.3171 
episode: 130 count: 1000 score: -94.2171 average_last200: -134.1335 epis: 0.2680 loss: 311.0363 
episode: 131 count: 169 score: -27.9546 average_last200: -133.3291 epis: 0.2654 loss: 45.5206 
episode: 132 count: 1000 score: -34.2871 average_last200: -132.5844 epis: 0.2627 loss: 311.1653 
episode: 133 count: 1000 score: -30.0279 average_last200: -131.8191 epis: 0.2601 loss: 301.3202 
episode: 134 count: 1000 score: 10.9648 average_last200: -130.7614 epis: 0.2575 loss: 318.1206 
episode: 135 count: 1000 score: -32.9660 average_last200: -130.0423 epis: 0.2549 loss: 288.5107 
episode: 136 count: 1000 score: -29.0157 average_last200: -129.3049 epis: 0.2524 loss: 315.0056 
episode: 137 count: 1000 score: -47.4552 average_last200: -128.7118 epis: 0.2498 loss: 293.0282 
episode: 138 count: 1000 score: -7.2807 average_last200: -127.8382 epis: 0.2473 loss: 292.6197 
episode: 139 count: 1000 score: -106.0296 average_last200: -127.6824 epis: 0.2449 loss: 314.0531 
episode: 140 count: 1000 score: -8.4361 average_last200: -126.8367 epis: 0.2424 loss: 288.3328 
episode: 141 count: 1000 score: 99.7226 average_last200: -125.2412 epis: 0.2400 loss: 301.3996 
episode: 142 count: 1000 score: 67.5774 average_last200: -123.8928 epis: 0.2376 loss: 312.3058 
episode: 143 count: 1000 score: 26.9119 average_last200: -122.8456 epis: 0.2352 loss: 335.9295 
episode: 144 count: 1000 score: 19.2417 average_last200: -121.8657 epis: 0.2329 loss: 316.9607 
episode: 145 count: 1000 score: 92.4827 average_last200: -120.3975 epis: 0.2305 loss: 339.2751 
episode: 146 count: 1000 score: 57.1757 average_last200: -119.1895 epis: 0.2282 loss: 325.9693 
episode: 147 count: 1000 score: 56.5718 average_last200: -118.0020 epis: 0.2259 loss: 312.7819 
episode: 148 count: 725 score: 191.9910 average_last200: -115.9215 epis: 0.2237 loss: 226.5000 
episode: 149 count: 1000 score: 34.6643 average_last200: -114.9176 epis: 0.2215 loss: 310.8117 
episode: 150 count: 1000 score: 40.1739 average_last200: -113.8905 epis: 0.2192 loss: 322.5980 
episode: 151 count: 1000 score: 40.7993 average_last200: -112.8728 epis: 0.2170 loss: 336.5474 
episode: 152 count: 827 score: 123.3859 average_last200: -111.3286 epis: 0.2149 loss: 257.7670 
episode: 153 count: 1000 score: 28.3681 average_last200: -110.4215 epis: 0.2127 loss: 316.4109 
episode: 154 count: 595 score: 179.8038 average_last200: -108.5491 epis: 0.2106 loss: 185.8626 
episode: 155 count: 1000 score: 0.5906 average_last200: -107.8495 epis: 0.2085 loss: 330.5068 
episode: 156 count: 1000 score: -38.3562 average_last200: -107.4068 epis: 0.2064 loss: 336.0174 
episode: 157 count: 1000 score: -20.3667 average_last200: -106.8559 epis: 0.2043 loss: 338.2766 
episode: 158 count: 1000 score: -21.1488 average_last200: -106.3169 epis: 0.2023 loss: 300.9134 
episode: 159 count: 1000 score: -27.5638 average_last200: -105.8247 epis: 0.2003 loss: 306.5511 
episode: 160 count: 167 score: 3.6292 average_last200: -105.1449 epis: 0.1983 loss: 71.6037 
episode: 161 count: 648 score: 155.6377 average_last200: -103.5351 epis: 0.1963 loss: 207.7400 
episode: 162 count: 1000 score: -12.4758 average_last200: -102.9764 epis: 0.1943 loss: 350.7989 
episode: 163 count: 1000 score: -17.7203 average_last200: -102.4566 epis: 0.1924 loss: 346.2561 
episode: 164 count: 1000 score: -75.1247 average_last200: -102.2909 epis: 0.1905 loss: 342.1162 
episode: 165 count: 925 score: 99.4297 average_last200: -101.0757 epis: 0.1886 loss: 302.2962 
episode: 166 count: 1000 score: -18.7699 average_last200: -100.5829 epis: 0.1867 loss: 333.0346 
episode: 167 count: 373 score: 189.4394 average_last200: -98.8566 epis: 0.1848 loss: 127.9606 
episode: 168 count: 1000 score: -45.5855 average_last200: -98.5414 epis: 0.1830 loss: 301.4759 
episode: 169 count: 460 score: 165.6564 average_last200: -96.9873 epis: 0.1811 loss: 148.8595 
episode: 170 count: 1000 score: -50.3302 average_last200: -96.7144 epis: 0.1793 loss: 332.9389 
episode: 171 count: 433 score: 203.7312 average_last200: -94.9676 epis: 0.1775 loss: 150.7041 
episode: 172 count: 1000 score: -38.4890 average_last200: -94.6412 epis: 0.1757 loss: 333.1267 
episode: 173 count: 1000 score: 11.5769 average_last200: -94.0307 epis: 0.1740 loss: 331.7546 
episode: 174 count: 1000 score: -75.7735 average_last200: -93.9264 epis: 0.1722 loss: 325.1490 
episode: 175 count: 1000 score: -48.0798 average_last200: -93.6659 epis: 0.1705 loss: 313.1616 
episode: 176 count: 1000 score: -80.1813 average_last200: -93.5897 epis: 0.1688 loss: 308.9991 
episode: 177 count: 1000 score: -60.1817 average_last200: -93.4020 epis: 0.1671 loss: 312.3342 
episode: 178 count: 1000 score: -54.6660 average_last200: -93.1856 epis: 0.1655 loss: 307.9350 
episode: 179 count: 1000 score: -38.5397 average_last200: -92.8820 epis: 0.1638 loss: 304.8528 
episode: 180 count: 951 score: 140.1051 average_last200: -91.5948 epis: 0.1622 loss: 296.0534 
episode: 181 count: 398 score: 217.1541 average_last200: -89.8984 epis: 0.1605 loss: 118.8330 
episode: 182 count: 375 score: 205.2149 average_last200: -88.2858 epis: 0.1589 loss: 113.2366 
episode: 183 count: 1000 score: -20.7113 average_last200: -87.9185 epis: 0.1574 loss: 312.4213 
episode: 184 count: 1000 score: -98.6423 average_last200: -87.9765 epis: 0.1558 loss: 307.7067 
episode: 185 count: 1000 score: -53.9794 average_last200: -87.7937 epis: 0.1542 loss: 286.7287 
episode: 186 count: 99 score: -207.2137 average_last200: -88.4323 epis: 0.1527 loss: 31.7511 
episode: 187 count: 765 score: 158.9137 average_last200: -87.1166 epis: 0.1512 loss: 224.9788 
episode: 188 count: 1000 score: -36.7802 average_last200: -86.8503 epis: 0.1496 loss: 271.3862 
episode: 189 count: 427 score: 166.4138 average_last200: -85.5173 epis: 0.1481 loss: 109.5633 
episode: 190 count: 1000 score: -92.8585 average_last200: -85.5558 epis: 0.1467 loss: 265.6758 
episode: 191 count: 167 score: -163.6688 average_last200: -85.9626 epis: 0.1452 loss: 47.0855 
episode: 192 count: 507 score: 197.9859 average_last200: -84.4914 epis: 0.1437 loss: 134.6155 
episode: 193 count: 1000 score: -28.7672 average_last200: -84.2041 epis: 0.1423 loss: 256.3436 
episode: 194 count: 1000 score: -45.6294 average_last200: -84.0063 epis: 0.1409 loss: 253.0558 
episode: 195 count: 222 score: -102.8040 average_last200: -84.1022 epis: 0.1395 loss: 54.0089 
episode: 196 count: 1000 score: -67.2747 average_last200: -84.0168 epis: 0.1381 loss: 248.1837 
episode: 197 count: 1000 score: -49.3076 average_last200: -83.8415 epis: 0.1367 loss: 251.2950 
episode: 198 count: 968 score: 135.7955 average_last200: -82.7378 epis: 0.1353 loss: 244.9801 
episode: 199 count: 1000 score: -46.4194 average_last200: -82.5562 epis: 0.1340 loss: 254.7214 
episode: 200 count: 1000 score: -4.7402 average_last200: -81.5711 epis: 0.1326 loss: 254.3825 
episode: 201 count: 1000 score: -60.1013 average_last200: -81.0382 epis: 0.1313 loss: 244.1681 
episode: 202 count: 1000 score: -79.1482 average_last200: -80.7292 epis: 0.1300 loss: 233.1145 
episode: 203 count: 1000 score: -0.7731 average_last200: -79.9733 epis: 0.1287 loss: 226.7018 
episode: 204 count: 559 score: 109.8759 average_last200: -77.8987 epis: 0.1274 loss: 130.2245 
episode: 205 count: 126 score: -32.3518 average_last200: -76.9633 epis: 0.1261 loss: 23.7525 
episode: 206 count: 1000 score: -78.5441 average_last200: -76.6079 epis: 0.1249 loss: 228.8975 
episode: 207 count: 525 score: 152.1314 average_last200: -73.7630 epis: 0.1236 loss: 114.6775 
episode: 208 count: 1000 score: -81.7683 average_last200: -72.2492 epis: 0.1224 loss: 214.7060 
episode: 209 count: 1000 score: 25.2070 average_last200: -70.1250 epis: 0.1212 loss: 223.1738 
episode: 210 count: 1000 score: -63.2082 average_last200: -69.5633 epis: 0.1200 loss: 220.6177 
episode: 211 count: 512 score: 201.1897 average_last200: -66.0060 epis: 0.1188 loss: 109.2168 
episode: 212 count: 577 score: 175.5334 average_last200: -63.6687 epis: 0.1176 loss: 124.4018 
episode: 213 count: 648 score: 196.0427 average_last200: -61.2924 epis: 0.1164 loss: 135.2590 
episode: 214 count: 1000 score: -54.8881 average_last200: -59.9442 epis: 0.1152 loss: 205.5879 
episode: 215 count: 1000 score: -90.9086 average_last200: -59.8168 epis: 0.1141 loss: 213.6069 
episode: 216 count: 557 score: 172.5032 average_last200: -58.2912 epis: 0.1129 loss: 110.7767 
episode: 217 count: 1000 score: -63.1010 average_last200: -58.2270 epis: 0.1118 loss: 212.0700 
episode: 218 count: 447 score: 126.9841 average_last200: -56.3997 epis: 0.1107 loss: 80.5626 
episode: 219 count: 510 score: 212.0071 average_last200: -54.2272 epis: 0.1096 loss: 112.2965 
episode: 220 count: 391 score: 162.0108 average_last200: -53.0360 epis: 0.1085 loss: 82.4629 
episode: 221 count: 413 score: 193.7405 average_last200: -50.0591 epis: 0.1074 loss: 86.8043 
episode: 222 count: 1000 score: -101.8119 average_last200: -49.8751 epis: 0.1063 loss: 203.0279 
episode: 223 count: 1000 score: -142.3612 average_last200: -49.9361 epis: 0.1053 loss: 191.2454 
episode: 224 count: 1000 score: -106.4496 average_last200: -49.6571 epis: 0.1042 loss: 196.2568 
episode: 225 count: 1000 score: -84.2699 average_last200: -48.7803 epis: 0.1032 loss: 193.0571 
episode: 226 count: 435 score: 207.5691 average_last200: -47.2604 epis: 0.1021 loss: 84.8730 
episode: 227 count: 756 score: 175.2835 average_last200: -45.8536 epis: 0.1011 loss: 151.2190 
episode: 228 count: 499 score: 196.6459 average_last200: -43.7978 epis: 0.1001 loss: 92.7986 
episode: 229 count: 1000 score: -104.3551 average_last200: -43.0523 epis: 0.0991 loss: 186.2669 
episode: 230 count: 330 score: 200.6798 average_last200: -40.9218 epis: 0.0981 loss: 59.8527 
episode: 231 count: 1000 score: -79.4941 average_last200: -39.4761 epis: 0.0971 loss: 194.3997 
episode: 232 count: 1000 score: -64.7949 average_last200: -38.6412 epis: 0.0962 loss: 195.5257 
episode: 233 count: 339 score: 210.4015 average_last200: -37.0130 epis: 0.0952 loss: 66.4217 
episode: 234 count: 1000 score: -87.5750 average_last200: -36.3941 epis: 0.0942 loss: 188.2630 
episode: 235 count: 565 score: 126.2840 average_last200: -34.8227 epis: 0.0933 loss: 106.4040 
episode: 236 count: 533 score: 156.0157 average_last200: -33.6451 epis: 0.0924 loss: 96.4101 
episode: 237 count: 404 score: 199.8338 average_last200: -31.7644 epis: 0.0914 loss: 65.4700 
episode: 238 count: 510 score: 162.2372 average_last200: -30.2124 epis: 0.0905 loss: 92.8470 
episode: 239 count: 1000 score: -72.8554 average_last200: -29.8994 epis: 0.0896 loss: 183.9091 
episode: 240 count: 677 score: 169.0182 average_last200: -28.8088 epis: 0.0887 loss: 120.7965 
episode: 241 count: 495 score: 190.0939 average_last200: -26.8646 epis: 0.0878 loss: 95.8890 
episode: 242 count: 805 score: 129.0851 average_last200: -26.2474 epis: 0.0870 loss: 142.9872 
episode: 243 count: 611 score: 175.2595 average_last200: -24.6076 epis: 0.0861 loss: 112.4337 
episode: 244 count: 451 score: 188.8254 average_last200: -22.9033 epis: 0.0852 loss: 87.4817 
episode: 245 count: 435 score: 203.3761 average_last200: -21.5497 epis: 0.0844 loss: 81.7871 
episode: 246 count: 517 score: 194.3484 average_last200: -19.8495 epis: 0.0835 loss: 94.7244 
episode: 247 count: 643 score: 163.8570 average_last200: -18.5325 epis: 0.0827 loss: 123.0641 
episode: 248 count: 454 score: 189.2403 average_last200: -16.9543 epis: 0.0819 loss: 85.0975 
episode: 249 count: 535 score: 182.9752 average_last200: -14.8447 epis: 0.0811 loss: 92.8627 
episode: 250 count: 1000 score: -76.9014 average_last200: -14.6710 epis: 0.0802 loss: 184.5339 
episode: 251 count: 902 score: 116.9693 average_last200: -13.8717 epis: 0.0794 loss: 169.5761 
episode: 252 count: 302 score: 202.4552 average_last200: -12.3319 epis: 0.0787 loss: 58.1962 
episode: 253 count: 990 score: 130.7053 average_last200: -11.1833 epis: 0.0779 loss: 182.1259 
episode: 254 count: 408 score: 199.2197 average_last200: -9.7779 epis: 0.0771 loss: 71.3638 
episode: 255 count: 370 score: 229.5472 average_last200: -8.5367 epis: 0.0763 loss: 59.3371 
episode: 256 count: 437 score: 203.5045 average_last200: -6.5756 epis: 0.0756 loss: 78.1429 
episode: 257 count: 478 score: 180.1378 average_last200: -5.4640 epis: 0.0748 loss: 93.6385 
episode: 258 count: 527 score: 156.6451 average_last200: -4.9418 epis: 0.0740 loss: 99.6076 
episode: 259 count: 365 score: 176.1902 average_last200: -3.8303 epis: 0.0733 loss: 69.0617 
episode: 260 count: 804 score: 176.2106 average_last200: -2.3505 epis: 0.0726 loss: 141.9444 
episode: 261 count: 438 score: 200.8695 average_last200: -0.6744 epis: 0.0718 loss: 77.5548 
episode: 262 count: 357 score: 194.3090 average_last200: 1.0329 epis: 0.0711 loss: 63.1656 
episode: 263 count: 543 score: 180.5987 average_last200: 2.6591 epis: 0.0704 loss: 103.4261 
episode: 264 count: 883 score: 159.4266 average_last200: 3.9727 epis: 0.0697 loss: 156.4450 
episode: 265 count: 402 score: 193.8562 average_last200: 5.6371 epis: 0.0690 loss: 66.1271 
episode: 266 count: 390 score: 209.0062 average_last200: 7.2766 epis: 0.0683 loss: 66.4895 
episode: 267 count: 375 score: 209.3840 average_last200: 8.6671 epis: 0.0676 loss: 69.9663 
episode: 268 count: 407 score: 182.2759 average_last200: 10.1548 epis: 0.0670 loss: 65.4516 
episode: 269 count: 299 score: 196.3971 average_last200: 11.7661 epis: 0.0663 loss: 55.9018 
episode: 270 count: 304 score: 222.7547 average_last200: 13.2536 epis: 0.0656 loss: 50.5815 
episode: 271 count: 516 score: 182.9831 average_last200: 14.3196 epis: 0.0650 loss: 91.0996 
episode: 272 count: 330 score: 202.5330 average_last200: 15.7446 epis: 0.0643 loss: 55.3816 
episode: 273 count: 366 score: 180.1736 average_last200: 16.9143 epis: 0.0637 loss: 64.7263 
episode: 274 count: 308 score: 183.0384 average_last200: 18.4636 epis: 0.0630 loss: 52.2194 
episode: 275 count: 319 score: 215.0024 average_last200: 20.4351 epis: 0.0624 loss: 56.4972 
episode: 276 count: 193 score: -88.3715 average_last200: 20.2284 epis: 0.0618 loss: 37.9959 
episode: 277 count: 737 score: 112.7368 average_last200: 20.6920 epis: 0.0612 loss: 129.2097 
episode: 278 count: 227 score: 199.4934 average_last200: 22.3265 epis: 0.0606 loss: 39.6086 
episode: 279 count: 343 score: 188.1927 average_last200: 23.6473 epis: 0.0600 loss: 60.3840 
episode: 280 count: 366 score: 228.6621 average_last200: 25.0225 epis: 0.0594 loss: 62.3075 
episode: 281 count: 274 score: 205.1512 average_last200: 26.3117 epis: 0.0588 loss: 42.4298 
episode: 282 count: 409 score: 175.2352 average_last200: 27.5427 epis: 0.0582 loss: 73.7774 
episode: 283 count: 267 score: 197.5350 average_last200: 28.8164 epis: 0.0576 loss: 46.8542 
episode: 284 count: 541 score: 167.1020 average_last200: 29.4929 epis: 0.0570 loss: 94.2256 
episode: 285 count: 646 score: 164.8834 average_last200: 30.0043 epis: 0.0565 loss: 106.5900 
episode: 286 count: 263 score: 216.5234 average_last200: 31.6195 epis: 0.0559 loss: 46.4151 
episode: 287 count: 237 score: 235.2665 average_last200: 33.4479 epis: 0.0553 loss: 41.0062 
episode: 288 count: 292 score: -62.5900 average_last200: 33.8906 epis: 0.0548 loss: 52.7466 
episode: 289 count: 712 score: 188.1161 average_last200: 35.5748 epis: 0.0542 loss: 118.7260 
episode: 290 count: 371 score: 203.8198 average_last200: 36.4841 epis: 0.0537 loss: 57.6001 
episode: 291 count: 747 score: 208.4298 average_last200: 37.8717 epis: 0.0531 loss: 122.1839 
episode: 292 count: 322 score: 212.0621 average_last200: 39.4965 epis: 0.0526 loss: 53.6233 
episode: 293 count: 322 score: 205.2645 average_last200: 41.3540 epis: 0.0521 loss: 51.2618 
episode: 294 count: 247 score: 211.2073 average_last200: 42.5624 epis: 0.0516 loss: 40.6900 
episode: 295 count: 379 score: 154.0393 average_last200: 43.4844 epis: 0.0511 loss: 55.2969 
episode: 296 count: 352 score: 215.8919 average_last200: 44.8208 epis: 0.0505 loss: 57.4619 
episode: 297 count: 486 score: 175.7994 average_last200: 45.8158 epis: 0.0500 loss: 85.3916 
episode: 298 count: 395 score: 185.0728 average_last200: 46.7928 epis: 0.0495 loss: 62.5765 
episode: 299 count: 275 score: 192.7677 average_last200: 48.2188 epis: 0.0490 loss: 47.9548 
episode: 300 count: 327 score: 194.4848 average_last200: 49.9651 epis: 0.0486 loss: 51.0939 
episode: 301 count: 1000 score: -44.6343 average_last200: 49.7822 epis: 0.0481 loss: 158.7457 
episode: 302 count: 187 score: -22.4305 average_last200: 50.4688 epis: 0.0476 loss: 33.0218 
episode: 303 count: 232 score: 205.4750 average_last200: 52.2617 epis: 0.0471 loss: 36.2991 
episode: 304 count: 372 score: 183.3928 average_last200: 53.6645 epis: 0.0466 loss: 64.6826 
episode: 305 count: 379 score: 208.5181 average_last200: 55.2452 epis: 0.0462 loss: 64.2009 
episode: 306 count: 299 score: 182.8290 average_last200: 57.8678 epis: 0.0457 loss: 44.8783 
episode: 307 count: 372 score: 202.0697 average_last200: 59.1510 epis: 0.0453 loss: 62.6693 
episode: 308 count: 1000 score: -29.6875 average_last200: 59.4553 epis: 0.0448 loss: 165.5617 
episode: 309 count: 961 score: 92.9585 average_last200: 60.5374 epis: 0.0444 loss: 141.3818 
episode: 310 count: 551 score: 192.8401 average_last200: 62.3157 epis: 0.0439 loss: 81.1825 
episode: 311 count: 346 score: 227.7436 average_last200: 64.7900 epis: 0.0435 loss: 49.0095 
episode: 312 count: 464 score: 199.4612 average_last200: 66.2045 epis: 0.0430 loss: 63.9839 
episode: 313 count: 426 score: 167.7794 average_last200: 67.8352 epis: 0.0426 loss: 60.8443 
episode: 314 count: 336 score: 231.2386 average_last200: 69.6136 epis: 0.0422 loss: 52.4030 
episode: 315 count: 400 score: 195.1804 average_last200: 70.6671 epis: 0.0418 loss: 57.1712 
episode: 316 count: 1000 score: -51.0086 average_last200: 71.1160 epis: 0.0413 loss: 165.8283 
episode: 317 count: 265 score: 206.0016 average_last200: 72.9486 epis: 0.0409 loss: 37.4680 
episode: 318 count: 413 score: 158.9856 average_last200: 74.4376 epis: 0.0405 loss: 63.2816 
episode: 319 count: 462 score: 184.2260 average_last200: 75.3967 epis: 0.0401 loss: 68.9207 
episode: 320 count: 388 score: 223.9713 average_last200: 77.1319 epis: 0.0397 loss: 58.8786 
episode: 321 count: 416 score: 186.3197 average_last200: 78.4893 epis: 0.0393 loss: 52.9912 
episode: 322 count: 437 score: 218.0804 average_last200: 80.5048 epis: 0.0389 loss: 64.0957 
episode: 323 count: 246 score: 212.6051 average_last200: 81.9005 epis: 0.0385 loss: 32.7447 
episode: 324 count: 541 score: 188.6245 average_last200: 83.5408 epis: 0.0381 loss: 91.7875 
episode: 325 count: 1000 score: -12.7917 average_last200: 83.7079 epis: 0.0378 loss: 134.1824 
episode: 326 count: 314 score: 175.0374 average_last200: 85.5038 epis: 0.0374 loss: 47.0654 
episode: 327 count: 310 score: 230.4938 average_last200: 87.5678 epis: 0.0370 loss: 44.9929 
episode: 328 count: 488 score: 160.7803 average_last200: 88.9400 epis: 0.0366 loss: 67.1187 
episode: 329 count: 753 score: 144.2904 average_last200: 89.8660 epis: 0.0363 loss: 112.1262 
episode: 330 count: 362 score: 197.7702 average_last200: 91.3259 epis: 0.0359 loss: 51.4799 
episode: 331 count: 1000 score: -82.2613 average_last200: 91.0544 epis: 0.0356 loss: 140.4804 
episode: 332 count: 1000 score: -25.8577 average_last200: 91.0966 epis: 0.0352 loss: 133.6838 
episode: 333 count: 1000 score: -96.2401 average_last200: 90.7655 epis: 0.0348 loss: 139.5970 
episode: 334 count: 273 score: 193.4136 average_last200: 91.6777 epis: 0.0345 loss: 38.6002 
episode: 335 count: 1000 score: 45.2934 average_last200: 92.0690 epis: 0.0342 loss: 137.8232 
episode: 336 count: 425 score: 192.7465 average_last200: 93.1779 epis: 0.0338 loss: 54.3712 
episode: 337 count: 295 score: 219.8052 average_last200: 94.5142 epis: 0.0335 loss: 43.9444 
episode: 338 count: 371 score: 226.1794 average_last200: 95.6815 epis: 0.0331 loss: 47.3522 
episode: 339 count: 435 score: 138.4504 average_last200: 96.9039 epis: 0.0328 loss: 52.6922 
episode: 340 count: 303 score: 209.8706 average_last200: 97.9954 epis: 0.0325 loss: 40.0329 
episode: 341 count: 533 score: 198.4027 average_last200: 98.4888 epis: 0.0322 loss: 76.6883 
episode: 342 count: 572 score: 175.5579 average_last200: 99.0287 epis: 0.0318 loss: 77.1934 
episode: 343 count: 385 score: 212.2091 average_last200: 99.9552 epis: 0.0315 loss: 50.8223 
episode: 344 count: 296 score: 196.9318 average_last200: 100.8436 epis: 0.0312 loss: 37.9430 
episode: 345 count: 571 score: 185.5675 average_last200: 101.3091 epis: 0.0309 loss: 84.0678 
episode: 346 count: 551 score: 206.9407 average_last200: 102.0579 epis: 0.0306 loss: 74.9390 
episode: 347 count: 226 score: 190.2833 average_last200: 102.7264 epis: 0.0303 loss: 30.8279 
episode: 348 count: 677 score: 136.6885 average_last200: 102.4499 epis: 0.0300 loss: 87.9500 
episode: 349 count: 500 score: 204.7178 average_last200: 103.3002 epis: 0.0297 loss: 69.7524 
episode: 350 count: 338 score: 214.9672 average_last200: 104.1742 epis: 0.0294 loss: 45.4875 
episode: 351 count: 572 score: 145.7363 average_last200: 104.6988 epis: 0.0291 loss: 64.3531 
episode: 352 count: 266 score: 207.9340 average_last200: 105.1216 epis: 0.0288 loss: 34.7672 
episode: 353 count: 288 score: 208.1972 average_last200: 106.0207 epis: 0.0285 loss: 43.6826 
episode: 354 count: 333 score: 208.8363 average_last200: 106.1659 epis: 0.0282 loss: 48.7006 
episode: 355 count: 468 score: 198.7223 average_last200: 107.1565 epis: 0.0279 loss: 69.8681 
episode: 356 count: 562 score: 183.6109 average_last200: 108.2664 epis: 0.0277 loss: 80.0532 
episode: 357 count: 754 score: 152.1210 average_last200: 109.1288 epis: 0.0274 loss: 110.0690 
episode: 358 count: 338 score: 159.1757 average_last200: 110.0304 epis: 0.0271 loss: 43.5580 
episode: 359 count: 525 score: 208.5918 average_last200: 111.2112 epis: 0.0268 loss: 71.7967 
episode: 360 count: 722 score: 156.6183 average_last200: 111.9762 epis: 0.0266 loss: 90.2250 
episode: 361 count: 392 score: 172.7627 average_last200: 112.0618 epis: 0.0263 loss: 45.6914 
episode: 362 count: 825 score: 153.3498 average_last200: 112.8909 epis: 0.0260 loss: 113.9165 
episode: 363 count: 309 score: 192.1429 average_last200: 113.9402 epis: 0.0258 loss: 36.9879 
episode: 364 count: 422 score: 139.4158 average_last200: 115.0129 epis: 0.0255 loss: 57.8367 
episode: 365 count: 396 score: 211.2634 average_last200: 115.5721 epis: 0.0253 loss: 51.4265 
episode: 366 count: 611 score: 144.1309 average_last200: 116.3866 epis: 0.0250 loss: 77.0087 
episode: 367 count: 462 score: 168.9938 average_last200: 116.2844 epis: 0.0248 loss: 64.8574 
episode: 368 count: 301 score: 185.7722 average_last200: 117.4412 epis: 0.0245 loss: 39.5462 
episode: 369 count: 518 score: 202.7515 average_last200: 117.6266 epis: 0.0243 loss: 70.1351 
episode: 370 count: 405 score: 168.3936 average_last200: 118.7203 epis: 0.0240 loss: 44.9189 
episode: 371 count: 667 score: 138.5847 average_last200: 118.3945 epis: 0.0238 loss: 80.2611 
episode: 372 count: 752 score: 169.1223 average_last200: 119.4326 epis: 0.0235 loss: 94.2980 
episode: 373 count: 380 score: 174.6634 average_last200: 120.2480 epis: 0.0233 loss: 49.6432 
episode: 374 count: 439 score: 194.3200 average_last200: 121.5985 epis: 0.0231 loss: 55.8479 
episode: 375 count: 749 score: 149.8865 average_last200: 122.5883 epis: 0.0228 loss: 92.0017 
episode: 376 count: 1000 score: -41.6039 average_last200: 122.7812 epis: 0.0226 loss: 127.4158 
episode: 377 count: 1000 score: -75.9685 average_last200: 122.7023 epis: 0.0224 loss: 129.2753 
episode: 378 count: 121 score: -198.0690 average_last200: 121.9853 epis: 0.0222 loss: 17.6177 
episode: 379 count: 284 score: 131.3811 average_last200: 122.8349 epis: 0.0219 loss: 37.7056 
episode: 380 count: 434 score: 94.9076 average_last200: 122.6089 epis: 0.0217 loss: 52.7958 
episode: 381 count: 623 score: 197.2662 average_last200: 122.5094 epis: 0.0215 loss: 83.5174 
episode: 382 count: 405 score: 143.2414 average_last200: 122.1996 epis: 0.0213 loss: 57.1095 
episode: 383 count: 408 score: -55.7779 average_last200: 122.0242 epis: 0.0211 loss: 55.9445 
episode: 384 count: 502 score: 207.7048 average_last200: 123.5560 epis: 0.0209 loss: 62.3196 
episode: 385 count: 431 score: 155.4639 average_last200: 124.6032 epis: 0.0207 loss: 58.3812 
episode: 386 count: 275 score: 180.0135 average_last200: 126.5393 epis: 0.0205 loss: 36.6284 
episode: 387 count: 1000 score: -56.3014 average_last200: 125.4632 epis: 0.0203 loss: 139.7603 
episode: 388 count: 351 score: 162.5815 average_last200: 126.4601 epis: 0.0200 loss: 45.4989 
episode: 389 count: 562 score: -171.1385 average_last200: 124.7723 epis: 0.0198 loss: 71.4874 
episode: 390 count: 253 score: 203.0886 average_last200: 126.2520 epis: 0.0196 loss: 30.4420 
episode: 391 count: 301 score: 224.7014 average_last200: 128.1939 epis: 0.0195 loss: 37.7806 
episode: 392 count: 282 score: 206.1552 average_last200: 128.2347 epis: 0.0193 loss: 36.9845 
episode: 393 count: 1000 score: 23.9651 average_last200: 128.4984 epis: 0.0191 loss: 136.5569 
episode: 394 count: 340 score: 168.2593 average_last200: 129.5678 epis: 0.0189 loss: 51.9372 
episode: 395 count: 452 score: 0.3213 average_last200: 130.0835 epis: 0.0187 loss: 55.2699 
episode: 396 count: 350 score: 222.2223 average_last200: 131.5309 epis: 0.0185 loss: 49.9064 
episode: 397 count: 309 score: 228.1847 average_last200: 132.9184 epis: 0.0183 loss: 34.9721 
episode: 398 count: 399 score: 208.7306 average_last200: 133.2831 epis: 0.0181 loss: 48.8204 
episode: 399 count: 439 score: 196.9286 average_last200: 134.4998 epis: 0.0180 loss: 58.0567 
episode: 400 count: 309 score: 215.5495 average_last200: 135.6013 epis: 0.0178 loss: 38.8423 
episode: 401 count: 400 score: 212.1316 average_last200: 136.9624 epis: 0.0176 loss: 57.3332 
episode: 402 count: 339 score: 179.3202 average_last200: 138.2548 epis: 0.0174 loss: 48.8083 
episode: 403 count: 283 score: 197.4936 average_last200: 139.2461 epis: 0.0172 loss: 35.7541 
episode: 404 count: 309 score: 198.9693 average_last200: 139.6916 epis: 0.0171 loss: 43.8547 
episode: 405 count: 382 score: 215.0734 average_last200: 140.9287 epis: 0.0169 loss: 45.7933 
episode: 406 count: 352 score: 208.3722 average_last200: 142.3633 epis: 0.0167 loss: 46.7895 
episode: 407 count: 156 score: -418.1789 average_last200: 139.5117 epis: 0.0166 loss: 20.5713 
episode: 408 count: 596 score: 193.3828 average_last200: 140.8875 epis: 0.0164 loss: 83.5795 
episode: 409 count: 335 score: 185.3417 average_last200: 141.6882 epis: 0.0162 loss: 37.6999 
episode: 410 count: 1000 score: -14.7359 average_last200: 141.9305 epis: 0.0161 loss: 121.2741 
episode: 411 count: 292 score: 212.7999 average_last200: 141.9886 epis: 0.0159 loss: 33.1482 
episode: 412 count: 474 score: 184.0416 average_last200: 142.0311 epis: 0.0158 loss: 66.3108 
episode: 413 count: 519 score: 181.0146 average_last200: 141.9560 epis: 0.0156 loss: 55.5693 
episode: 414 count: 292 score: 207.2918 average_last200: 143.2669 epis: 0.0154 loss: 37.2402 
episode: 415 count: 390 score: 193.1198 average_last200: 144.6870 epis: 0.0153 loss: 47.6633 
episode: 416 count: 253 score: 170.7264 average_last200: 144.6781 epis: 0.0151 loss: 34.9362 
episode: 417 count: 376 score: 208.2754 average_last200: 146.0350 epis: 0.0150 loss: 46.9284 
episode: 418 count: 246 score: 199.7675 average_last200: 146.3989 epis: 0.0148 loss: 35.1852 
episode: 419 count: 281 score: 205.2096 average_last200: 146.3649 epis: 0.0147 loss: 31.3100 
episode: 420 count: 347 score: 184.1908 average_last200: 146.4758 epis: 0.0145 loss: 40.7199 
episode: 421 count: 456 score: 183.9110 average_last200: 146.4267 epis: 0.0144 loss: 70.2311 
episode: 422 count: 1000 score: -53.6782 average_last200: 146.6674 epis: 0.0142 loss: 134.8393 
episode: 423 count: 294 score: 201.3178 average_last200: 148.3858 epis: 0.0141 loss: 41.0720 
episode: 424 count: 828 score: 121.9945 average_last200: 149.5280 epis: 0.0140 loss: 110.4603 
episode: 425 count: 573 score: 153.5780 average_last200: 150.7172 epis: 0.0138 loss: 66.1670 
episode: 426 count: 359 score: 192.5092 average_last200: 150.6419 epis: 0.0137 loss: 52.0083 
episode: 427 count: 1000 score: 74.4010 average_last200: 150.1375 epis: 0.0135 loss: 140.1039 
episode: 428 count: 329 score: 186.2780 average_last200: 150.0857 epis: 0.0134 loss: 48.1368 
episode: 429 count: 860 score: 156.8665 average_last200: 151.3918 epis: 0.0133 loss: 103.0595 
episode: 430 count: 284 score: 212.3309 average_last200: 151.4500 epis: 0.0131 loss: 36.5520 
episode: 431 count: 358 score: 220.3526 average_last200: 152.9493 epis: 0.0130 loss: 51.8505 
episode: 432 count: 789 score: 146.7178 average_last200: 154.0068 epis: 0.0129 loss: 102.4939 
episode: 433 count: 266 score: 199.6627 average_last200: 153.9531 epis: 0.0128 loss: 36.3584 
episode: 434 count: 476 score: 169.6401 average_last200: 155.2392 epis: 0.0126 loss: 59.9902 
episode: 435 count: 352 score: 210.1769 average_last200: 155.6587 epis: 0.0125 loss: 41.6438 
episode: 436 count: 389 score: 197.2932 average_last200: 155.8651 epis: 0.0124 loss: 53.6798 
episode: 437 count: 311 score: 217.5931 average_last200: 155.9539 epis: 0.0123 loss: 41.9142 
episode: 438 count: 285 score: 180.0882 average_last200: 156.0431 epis: 0.0121 loss: 37.9140 
episode: 439 count: 1000 score: 35.3547 average_last200: 156.5842 epis: 0.0120 loss: 146.1457 
episode: 440 count: 639 score: 119.3344 average_last200: 156.3357 epis: 0.0119 loss: 75.1233 
episode: 441 count: 316 score: 194.9237 average_last200: 156.3599 epis: 0.0118 loss: 40.7141 
episode: 442 count: 799 score: 125.4649 average_last200: 156.3418 epis: 0.0117 loss: 100.5524 
episode: 443 count: 1000 score: 97.1445 average_last200: 155.9512 epis: 0.0115 loss: 137.0154 
episode: 444 count: 598 score: 191.7029 average_last200: 155.9656 epis: 0.0114 loss: 79.5653 
episode: 445 count: 911 score: 189.7703 average_last200: 155.8976 epis: 0.0113 loss: 120.4818 
episode: 446 count: 413 score: 218.1364 average_last200: 156.0165 epis: 0.0112 loss: 61.0155 
episode: 447 count: 505 score: 200.6254 average_last200: 156.2004 epis: 0.0111 loss: 71.8794 
episode: 448 count: 334 score: 199.6335 average_last200: 156.2523 epis: 0.0110 loss: 47.1185 
episode: 449 count: 524 score: 220.2653 average_last200: 156.4388 epis: 0.0109 loss: 65.8204 
episode: 450 count: 326 score: 220.6400 average_last200: 157.9265 epis: 0.0108 loss: 38.2013 
episode: 451 count: 481 score: 204.3556 average_last200: 158.3634 epis: 0.0106 loss: 57.9710 
episode: 452 count: 341 score: 187.5606 average_last200: 158.2889 epis: 0.0105 loss: 41.0303 
episode: 453 count: 420 score: 203.5404 average_last200: 158.6531 epis: 0.0104 loss: 59.1726 
episode: 454 count: 273 score: 201.3609 average_last200: 158.6638 epis: 0.0103 loss: 40.5449 
episode: 455 count: 357 score: 203.5431 average_last200: 158.5338 epis: 0.0102 loss: 55.0889 
episode: 456 count: 324 score: 173.4107 average_last200: 158.3833 epis: 0.0101 loss: 39.0256 
episode: 457 count: 393 score: 199.0543 average_last200: 158.4779 epis: 0.0100 loss: 45.7835 
episode: 458 count: 300 score: 175.6432 average_last200: 158.5729 epis: 0.0099 loss: 40.7173 
episode: 459 count: 654 score: 154.1562 average_last200: 158.4627 epis: 0.0098 loss: 90.2313 
episode: 460 count: 406 score: 184.7835 average_last200: 158.5056 epis: 0.0097 loss: 52.8928 
episode: 461 count: 639 score: 137.7029 average_last200: 158.1898 epis: 0.0096 loss: 83.5179 
episode: 462 count: 719 score: 220.7913 average_last200: 158.3222 epis: 0.0095 loss: 99.3801 
episode: 463 count: 315 score: 210.3309 average_last200: 158.4708 epis: 0.0094 loss: 46.0026 
episode: 464 count: 322 score: 214.8088 average_last200: 158.7477 epis: 0.0093 loss: 48.7250 
episode: 465 count: 285 score: 207.5690 average_last200: 158.8163 epis: 0.0092 loss: 35.1003 
episode: 466 count: 407 score: 162.3692 average_last200: 158.5831 epis: 0.0092 loss: 61.6767 
episode: 467 count: 284 score: 185.4400 average_last200: 158.4634 epis: 0.0091 loss: 41.4781 
episode: 468 count: 353 score: 229.8315 average_last200: 158.7012 epis: 0.0090 loss: 52.6199 
episode: 469 count: 314 score: 238.7658 average_last200: 158.9130 epis: 0.0089 loss: 41.7295 
episode: 470 count: 341 score: 174.9407 average_last200: 158.6740 epis: 0.0088 loss: 36.4207 
episode: 471 count: 526 score: -44.3496 average_last200: 157.5373 epis: 0.0087 loss: 76.2918 
episode: 472 count: 568 score: 191.7809 average_last200: 157.4835 epis: 0.0086 loss: 74.1575 
episode: 473 count: 614 score: 136.6103 average_last200: 157.2657 epis: 0.0085 loss: 88.6661 
episode: 474 count: 997 score: 165.5468 average_last200: 157.1783 epis: 0.0084 loss: 125.1149 
episode: 475 count: 866 score: 97.5813 average_last200: 156.5912 epis: 0.0084 loss: 113.6760 
episode: 476 count: 514 score: 162.2150 average_last200: 157.8441 epis: 0.0083 loss: 60.9101 
episode: 477 count: 296 score: 220.6962 average_last200: 158.3839 epis: 0.0082 loss: 37.7695 
episode: 478 count: 367 score: 226.1052 average_last200: 158.5169 epis: 0.0081 loss: 42.0154 
episode: 479 count: 382 score: 211.9991 average_last200: 158.6360 epis: 0.0080 loss: 45.5731 
episode: 480 count: 339 score: 168.4083 average_last200: 158.3347 epis: 0.0080 loss: 42.8377 
episode: 481 count: 338 score: 214.4016 average_last200: 158.3810 epis: 0.0079 loss: 41.4247 
episode: 482 count: 462 score: 207.7226 average_last200: 158.5434 epis: 0.0078 loss: 57.9677 
episode: 483 count: 505 score: 186.3980 average_last200: 158.4877 epis: 0.0077 loss: 69.5892 
episode: 484 count: 384 score: 199.7977 average_last200: 158.6512 epis: 0.0076 loss: 51.5540 
episode: 485 count: 1000 score: -39.2941 average_last200: 157.6303 epis: 0.0076 loss: 137.8610 
episode: 486 count: 466 score: 165.7680 average_last200: 157.3765 epis: 0.0075 loss: 58.4997 
episode: 487 count: 522 score: 207.7223 average_last200: 157.2388 epis: 0.0074 loss: 71.4277 
episode: 488 count: 492 score: 195.3114 average_last200: 158.5283 epis: 0.0073 loss: 64.2790 
episode: 489 count: 603 score: 133.3691 average_last200: 158.2546 epis: 0.0073 loss: 85.8857 
episode: 490 count: 620 score: 173.7136 average_last200: 158.1040 epis: 0.0072 loss: 78.8526 
episode: 491 count: 330 score: 178.0110 average_last200: 157.9520 epis: 0.0071 loss: 38.4085 
episode: 492 count: 418 score: 221.0088 average_last200: 157.9967 epis: 0.0070 loss: 51.7014 
episode: 493 count: 612 score: 194.4013 average_last200: 157.9424 epis: 0.0070 loss: 82.5313 
episode: 494 count: 503 score: 162.4215 average_last200: 157.6984 epis: 0.0069 loss: 69.9680 
episode: 495 count: 506 score: 189.8449 average_last200: 157.8775 epis: 0.0068 loss: 64.3834 
episode: 496 count: 728 score: 183.0610 average_last200: 157.7133 epis: 0.0068 loss: 88.3458 
episode: 497 count: 478 score: 228.1517 average_last200: 157.9751 epis: 0.0067 loss: 66.8251 
episode: 498 count: 519 score: 187.4662 average_last200: 157.9870 epis: 0.0066 loss: 55.6690 
episode: 499 count: 665 score: 141.5994 average_last200: 157.7312 epis: 0.0066 loss: 68.1909 
episode: 500 count: 476 score: 171.5217 average_last200: 157.6164 epis: 0.0065 loss: 65.8671 
episode: 501 count: 487 score: 201.4551 average_last200: 158.8468 epis: 0.0064 loss: 51.2140 
episode: 502 count: 382 score: 185.6510 average_last200: 159.8872 epis: 0.0064 loss: 44.6001 
episode: 503 count: 386 score: 176.0630 average_last200: 159.7402 epis: 0.0063 loss: 47.6069 
episode: 504 count: 408 score: 217.6674 average_last200: 159.9116 epis: 0.0062 loss: 50.8464 
episode: 505 count: 741 score: 173.2645 average_last200: 159.7353 epis: 0.0062 loss: 88.2198 
episode: 506 count: 583 score: 209.8513 average_last200: 159.8704 epis: 0.0061 loss: 74.7485 
episode: 507 count: 868 score: 100.1670 average_last200: 159.3609 epis: 0.0061 loss: 107.9503 
episode: 508 count: 173 score: 222.9164 average_last200: 160.6239 epis: 0.0060 loss: 16.5792 
episode: 509 count: 498 score: 142.2417 average_last200: 160.8703 epis: 0.0059 loss: 67.9533 
episode: 510 count: 618 score: 134.5786 average_last200: 160.5790 epis: 0.0059 loss: 69.0920 
episode: 511 count: 364 score: 211.9849 average_last200: 160.5002 epis: 0.0058 loss: 40.4884 
episode: 512 count: 414 score: 163.3739 average_last200: 160.3198 epis: 0.0058 loss: 51.9726 
episode: 513 count: 498 score: 162.4652 average_last200: 160.2932 epis: 0.0057 loss: 64.2589 
episode: 514 count: 357 score: 219.9398 average_last200: 160.2367 epis: 0.0057 loss: 34.4983 
episode: 515 count: 542 score: 179.5027 average_last200: 160.1583 epis: 0.0056 loss: 60.6982 
episode: 516 count: 446 score: 219.4419 average_last200: 161.5106 epis: 0.0055 loss: 58.8041 
episode: 517 count: 295 score: 239.3649 average_last200: 161.6774 epis: 0.0055 loss: 36.2514 
episode: 518 count: 488 score: 168.1110 average_last200: 161.7230 epis: 0.0054 loss: 49.8042 
episode: 519 count: 482 score: 168.7734 average_last200: 161.6458 epis: 0.0054 loss: 55.9401 
episode: 520 count: 338 score: 231.0376 average_last200: 161.6811 epis: 0.0053 loss: 45.2765 
episode: 521 count: 438 score: 198.0393 average_last200: 161.7397 epis: 0.0053 loss: 46.7483 
episode: 522 count: 272 score: 180.7264 average_last200: 161.5529 epis: 0.0052 loss: 35.6343 
episode: 523 count: 628 score: 142.3239 average_last200: 161.2015 epis: 0.0052 loss: 79.0303 
episode: 524 count: 363 score: 215.2131 average_last200: 161.3345 epis: 0.0051 loss: 44.7144 
episode: 525 count: 610 score: 162.9107 average_last200: 162.2130 epis: 0.0051 loss: 79.3554 
episode: 526 count: 172 score: -41.3448 average_last200: 161.1311 epis: 0.0050 loss: 29.3570 
episode: 527 count: 241 score: -408.8438 average_last200: 157.9344 epis: 0.0050 loss: 29.7664 
episode: 528 count: 669 score: 152.8101 average_last200: 157.8945 epis: 0.0049 loss: 77.4034 
episode: 529 count: 379 score: 185.6009 average_last200: 158.1011 epis: 0.0049 loss: 51.9101 
episode: 530 count: 341 score: 175.8247 average_last200: 157.9913 epis: 0.0048 loss: 39.9744 
episode: 531 count: 749 score: 122.4492 average_last200: 159.0149 epis: 0.0048 loss: 92.7607 
episode: 532 count: 1000 score: -53.0278 average_last200: 158.8790 epis: 0.0047 loss: 129.2198 
episode: 533 count: 504 score: 192.2432 average_last200: 160.3215 epis: 0.0047 loss: 58.8086 
episode: 534 count: 875 score: 91.6402 average_last200: 159.8126 epis: 0.0046 loss: 96.7111 
episode: 535 count: 171 score: -50.1407 average_last200: 159.3354 epis: 0.0046 loss: 17.4138 
episode: 536 count: 696 score: 136.0669 average_last200: 159.0520 epis: 0.0045 loss: 77.4094 
episode: 537 count: 358 score: 194.3692 average_last200: 158.9248 epis: 0.0045 loss: 38.8336 
episode: 538 count: 323 score: 206.0552 average_last200: 158.8242 epis: 0.0044 loss: 46.6747 
episode: 539 count: 308 score: 196.1311 average_last200: 159.1126 epis: 0.0044 loss: 34.2969 
episode: 540 count: 718 score: 126.0686 average_last200: 158.6936 epis: 0.0044 loss: 79.9750 
episode: 541 count: 157 score: -80.1381 average_last200: 157.3009 epis: 0.0043 loss: 22.8667 
episode: 542 count: 210 score: -90.3622 average_last200: 155.9713 epis: 0.0043 loss: 24.0534 
episode: 543 count: 104 score: -125.7033 average_last200: 154.2818 epis: 0.0042 loss: 12.4839 
episode: 544 count: 847 score: 115.3034 average_last200: 153.8736 epis: 0.0042 loss: 103.7095 
episode: 545 count: 350 score: 209.9663 average_last200: 153.9956 epis: 0.0041 loss: 37.9100 
episode: 546 count: 223 score: -54.0294 average_last200: 152.6908 epis: 0.0041 loss: 25.3643 
episode: 547 count: 211 score: -72.6637 average_last200: 151.3760 epis: 0.0041 loss: 25.5893 
episode: 548 count: 471 score: 179.0140 average_last200: 151.5877 epis: 0.0040 loss: 60.5495 
episode: 549 count: 596 score: 200.5759 average_last200: 151.5669 epis: 0.0040 loss: 76.0401 
episode: 550 count: 355 score: -26.1199 average_last200: 150.3615 epis: 0.0039 loss: 41.4166 
episode: 551 count: 541 score: 134.0294 average_last200: 150.3030 epis: 0.0039 loss: 67.6823 
episode: 552 count: 773 score: 131.2972 average_last200: 149.9198 epis: 0.0039 loss: 83.7859 
episode: 553 count: 80 score: -184.4726 average_last200: 147.9564 epis: 0.0038 loss: 11.2598 
episode: 554 count: 747 score: 116.7031 average_last200: 147.4958 epis: 0.0038 loss: 99.5617 
episode: 555 count: 70 score: -178.3741 average_last200: 145.6103 epis: 0.0037 loss: 9.9300 
episode: 556 count: 1000 score: -16.5635 average_last200: 144.6094 epis: 0.0037 loss: 116.2915 
episode: 557 count: 83 score: 5.1408 average_last200: 143.8745 epis: 0.0037 loss: 7.7790 
episode: 558 count: 693 score: 116.3499 average_last200: 143.6604 epis: 0.0036 loss: 96.1407 
episode: 559 count: 198 score: 227.9188 average_last200: 143.7570 epis: 0.0036 loss: 25.7811 
episode: 560 count: 167 score: 218.9334 average_last200: 144.0686 epis: 0.0036 loss: 23.2715 
episode: 561 count: 328 score: 183.7996 average_last200: 144.1238 epis: 0.0035 loss: 39.5976 
episode: 562 count: 316 score: 220.8951 average_last200: 144.4615 epis: 0.0035 loss: 39.7712 
episode: 563 count: 391 score: 201.5980 average_last200: 144.5088 epis: 0.0035 loss: 54.2775 
episode: 564 count: 499 score: 190.0297 average_last200: 144.7619 epis: 0.0034 loss: 61.1867 
episode: 565 count: 265 score: 187.8681 average_last200: 144.6449 epis: 0.0034 loss: 35.1271 
episode: 566 count: 383 score: 169.3414 average_last200: 144.7709 epis: 0.0034 loss: 51.6245 
episode: 567 count: 95 score: -33.7457 average_last200: 143.7572 epis: 0.0033 loss: 12.3227 
episode: 568 count: 255 score: 242.2113 average_last200: 144.0394 epis: 0.0033 loss: 32.4438 
episode: 569 count: 399 score: 155.7896 average_last200: 143.8046 epis: 0.0033 loss: 53.6873 
episode: 570 count: 97 score: -21.8659 average_last200: 142.8533 epis: 0.0032 loss: 13.4553 
episode: 571 count: 665 score: 209.9055 average_last200: 143.2099 epis: 0.0032 loss: 81.1303 
episode: 572 count: 293 score: 233.7285 average_last200: 143.5330 epis: 0.0032 loss: 38.4549 
episode: 573 count: 308 score: 197.4573 average_last200: 143.6469 epis: 0.0031 loss: 36.3348 
episode: 574 count: 500 score: 200.1049 average_last200: 143.6759 epis: 0.0031 loss: 63.9701 
episode: 575 count: 1000 score: -56.2092 average_last200: 142.6454 epis: 0.0031 loss: 145.6922 
episode: 576 count: 468 score: 200.2342 average_last200: 143.8546 epis: 0.0030 loss: 52.5132 
episode: 577 count: 647 score: 158.5927 average_last200: 145.0274 epis: 0.0030 loss: 85.8299 
episode: 578 count: 640 score: 185.6240 average_last200: 146.9458 epis: 0.0030 loss: 75.8721 
episode: 579 count: 619 score: 117.5270 average_last200: 146.8766 epis: 0.0029 loss: 78.0966 
episode: 580 count: 1000 score: 54.5549 average_last200: 146.6748 epis: 0.0029 loss: 135.0349 
episode: 581 count: 327 score: 173.3933 average_last200: 146.5554 epis: 0.0029 loss: 36.3676 
episode: 582 count: 349 score: 185.5083 average_last200: 146.7668 epis: 0.0029 loss: 45.7789 
episode: 583 count: 515 score: 162.0090 average_last200: 147.8557 epis: 0.0028 loss: 63.3529 
episode: 584 count: 1000 score: -26.1684 average_last200: 146.6863 epis: 0.0028 loss: 137.7645 
episode: 585 count: 354 score: 238.2110 average_last200: 147.1001 epis: 0.0028 loss: 39.3488 
episode: 586 count: 622 score: 159.3677 average_last200: 146.9968 epis: 0.0027 loss: 70.5905 
episode: 587 count: 386 score: 190.9451 average_last200: 148.2331 epis: 0.0027 loss: 51.7400 
episode: 588 count: 498 score: 168.4497 average_last200: 148.2624 epis: 0.0027 loss: 59.7267 
episode: 589 count: 415 score: 185.9708 average_last200: 150.0480 epis: 0.0027 loss: 58.3812 
episode: 590 count: 355 score: 222.0109 average_last200: 150.1426 epis: 0.0026 loss: 48.8933 
episode: 591 count: 438 score: 143.4686 average_last200: 149.7364 epis: 0.0026 loss: 57.4089 
episode: 592 count: 466 score: 184.3989 average_last200: 149.6276 epis: 0.0026 loss: 59.5772 
episode: 593 count: 623 score: 179.8155 average_last200: 150.4069 epis: 0.0026 loss: 83.3093 
episode: 594 count: 436 score: 158.1741 average_last200: 150.3565 epis: 0.0025 loss: 52.7437 
episode: 595 count: 351 score: 201.6016 average_last200: 151.3629 epis: 0.0025 loss: 40.9555 
episode: 596 count: 540 score: 161.1737 average_last200: 151.0576 epis: 0.0025 loss: 62.9314 
episode: 597 count: 573 score: 155.5913 average_last200: 150.6946 epis: 0.0025 loss: 65.6709 
episode: 598 count: 474 score: 203.0706 average_last200: 150.6663 epis: 0.0024 loss: 64.0254 
episode: 599 count: 432 score: 228.4667 average_last200: 150.8240 epis: 0.0024 loss: 52.0551 
episode: 600 count: 322 score: 204.9107 average_last200: 150.7708 epis: 0.0024 loss: 42.7360 
episode: 601 count: 675 score: 86.4238 average_last200: 150.1423 epis: 0.0024 loss: 83.4786 
episode: 602 count: 268 score: 195.9654 average_last200: 150.2255 epis: 0.0023 loss: 29.7169 
episode: 603 count: 312 score: 205.0057 average_last200: 150.2631 epis: 0.0023 loss: 31.3100 
episode: 604 count: 370 score: 166.0933 average_last200: 150.0987 epis: 0.0023 loss: 47.8540 
episode: 605 count: 374 score: 182.6561 average_last200: 149.9366 epis: 0.0023 loss: 46.2761 
episode: 606 count: 531 score: 166.0514 average_last200: 149.7250 epis: 0.0022 loss: 72.0096 
episode: 607 count: 291 score: 217.2832 average_last200: 152.9023 epis: 0.0022 loss: 41.7273 
episode: 608 count: 348 score: 159.6914 average_last200: 152.7339 epis: 0.0022 loss: 40.3535 
episode: 609 count: 663 score: 192.7969 average_last200: 152.7712 epis: 0.0022 loss: 82.9588 
episode: 610 count: 457 score: 216.0907 average_last200: 153.9253 epis: 0.0022 loss: 64.5205 
episode: 611 count: 384 score: 200.3792 average_last200: 153.8632 epis: 0.0021 loss: 45.5318 
episode: 612 count: 383 score: 220.7080 average_last200: 154.0465 epis: 0.0021 loss: 52.1115 
episode: 613 count: 461 score: 174.7312 average_last200: 154.0151 epis: 0.0021 loss: 60.5301 
episode: 614 count: 1000 score: 70.0773 average_last200: 153.3290 epis: 0.0021 loss: 127.1165 
episode: 615 count: 536 score: 182.4638 average_last200: 153.2757 epis: 0.0020 loss: 75.0258 
episode: 616 count: 310 score: 195.0335 average_last200: 153.3973 epis: 0.0020 loss: 44.1539 
episode: 617 count: 405 score: 177.6208 average_last200: 153.2440 epis: 0.0020 loss: 43.0632 
episode: 618 count: 272 score: 156.6538 average_last200: 153.0284 epis: 0.0020 loss: 37.8661 
episode: 619 count: 410 score: 209.7826 average_last200: 153.0513 epis: 0.0020 loss: 46.1215 
episode: 620 count: 309 score: 173.5146 average_last200: 152.9979 epis: 0.0019 loss: 37.3948 
episode: 621 count: 508 score: 222.8398 average_last200: 153.1926 epis: 0.0019 loss: 60.9744 
episode: 622 count: 315 score: 198.1890 average_last200: 154.4519 epis: 0.0019 loss: 35.0417 
episode: 623 count: 394 score: 230.6933 average_last200: 154.5988 epis: 0.0019 loss: 43.9790 
episode: 624 count: 363 score: 199.5548 average_last200: 154.9866 epis: 0.0019 loss: 44.0044 
episode: 625 count: 447 score: 215.0384 average_last200: 155.2939 epis: 0.0019 loss: 40.8756 
episode: 626 count: 399 score: 206.2938 average_last200: 155.3628 epis: 0.0018 loss: 52.0804 
episode: 627 count: 270 score: 234.6629 average_last200: 156.1641 epis: 0.0018 loss: 34.5402 
episode: 628 count: 364 score: 221.5656 average_last200: 156.3406 epis: 0.0018 loss: 47.4629 
episode: 629 count: 351 score: 198.1206 average_last200: 156.5468 epis: 0.0018 loss: 45.2313 
episode: 630 count: 310 score: 192.8804 average_last200: 156.4496 epis: 0.0018 loss: 41.5240 
episode: 631 count: 436 score: 211.4654 average_last200: 156.4051 epis: 0.0017 loss: 60.7594 
episode: 632 count: 456 score: 173.8071 average_last200: 156.5406 epis: 0.0017 loss: 58.3779 
episode: 633 count: 1000 score: 22.4567 average_last200: 155.6546 epis: 0.0017 loss: 111.3293 
episode: 634 count: 354 score: 200.2425 average_last200: 155.8076 epis: 0.0017 loss: 39.8366 
episode: 635 count: 296 score: -31.1529 average_last200: 154.6009 epis: 0.0017 loss: 33.7552 
episode: 636 count: 571 score: 164.7038 average_last200: 154.4380 epis: 0.0017 loss: 71.3759 
episode: 637 count: 298 score: 179.1695 average_last200: 154.2459 epis: 0.0016 loss: 37.4786 
episode: 638 count: 341 score: 200.5721 average_last200: 154.3483 epis: 0.0016 loss: 40.1774 
episode: 639 count: 424 score: 208.6310 average_last200: 155.2147 epis: 0.0016 loss: 50.8450 
episode: 640 count: 472 score: 153.5290 average_last200: 155.3856 epis: 0.0016 loss: 54.1320 
episode: 641 count: 425 score: 196.1809 average_last200: 155.3919 epis: 0.0016 loss: 51.0582 
episode: 642 count: 717 score: 147.3113 average_last200: 155.5011 epis: 0.0016 loss: 84.4489 
episode: 643 count: 534 score: 193.2720 average_last200: 155.9818 epis: 0.0015 loss: 61.3933 
episode: 644 count: 419 score: 196.7814 average_last200: 156.0072 epis: 0.0015 loss: 55.7790 
episode: 645 count: 416 score: 193.4581 average_last200: 156.0256 epis: 0.0015 loss: 51.2479 
episode: 646 count: 463 score: 183.0775 average_last200: 155.8503 epis: 0.0015 loss: 65.9565 
episode: 647 count: 361 score: 213.8802 average_last200: 155.9166 epis: 0.0015 loss: 59.8997 
episode: 648 count: 410 score: 149.5375 average_last200: 155.6661 epis: 0.0015 loss: 53.4428 
episode: 649 count: 349 score: 204.6941 average_last200: 155.5883 epis: 0.0015 loss: 51.4779 
episode: 650 count: 442 score: 165.4000 average_last200: 155.3121 epis: 0.0014 loss: 50.2407 
episode: 651 count: 453 score: 213.6488 average_last200: 155.3585 epis: 0.0014 loss: 53.8661 
episode: 652 count: 386 score: 226.2766 average_last200: 155.5521 epis: 0.0014 loss: 42.8202 
episode: 653 count: 296 score: 208.2612 average_last200: 155.5757 epis: 0.0014 loss: 33.1478 
episode: 654 count: 419 score: 210.7075 average_last200: 155.6224 epis: 0.0014 loss: 54.6735 
episode: 655 count: 317 score: 195.6771 average_last200: 155.5831 epis: 0.0014 loss: 37.4558 
episode: 656 count: 408 score: 168.9830 average_last200: 155.5610 epis: 0.0014 loss: 45.2951 
episode: 657 count: 400 score: 203.4914 average_last200: 155.5832 epis: 0.0013 loss: 53.2157 
episode: 658 count: 407 score: 194.4979 average_last200: 155.6774 epis: 0.0013 loss: 46.3047 
episode: 659 count: 360 score: 198.4367 average_last200: 155.8988 epis: 0.0013 loss: 48.6342 
episode: 660 count: 302 score: 200.9128 average_last200: 155.9795 epis: 0.0013 loss: 37.8174 
episode: 661 count: 432 score: 224.3540 average_last200: 156.4127 epis: 0.0013 loss: 60.8892 
episode: 662 count: 646 score: 178.0391 average_last200: 156.1990 epis: 0.0013 loss: 92.2867 
episode: 663 count: 506 score: 195.0456 average_last200: 156.1225 epis: 0.0013 loss: 66.2735 
episode: 664 count: 406 score: 172.3655 average_last200: 155.9103 epis: 0.0013 loss: 52.6630 
episode: 665 count: 773 score: 171.0586 average_last200: 155.7278 epis: 0.0012 loss: 92.8035 
episode: 666 count: 400 score: 202.3551 average_last200: 155.9277 epis: 0.0012 loss: 60.6025 
episode: 667 count: 476 score: 165.9155 average_last200: 155.8301 epis: 0.0012 loss: 68.5444 
episode: 668 count: 423 score: 204.9238 average_last200: 155.7055 epis: 0.0012 loss: 52.6946 
episode: 669 count: 518 score: 186.1133 average_last200: 155.4423 epis: 0.0012 loss: 71.2746 
episode: 670 count: 401 score: 193.6206 average_last200: 155.5357 epis: 0.0012 loss: 63.8141 
episode: 671 count: 363 score: 219.3777 average_last200: 156.8543 epis: 0.0012 loss: 43.9768 
episode: 672 count: 305 score: 186.0147 average_last200: 156.8255 epis: 0.0012 loss: 34.3185 
episode: 673 count: 523 score: 161.4414 average_last200: 156.9496 epis: 0.0011 loss: 60.5062 
episode: 674 count: 337 score: 199.0490 average_last200: 157.1172 epis: 0.0011 loss: 38.3719 
episode: 675 count: 1000 score: 100.6442 average_last200: 157.1325 epis: 0.0011 loss: 139.2226 
episode: 676 count: 433 score: 196.4421 average_last200: 157.3036 epis: 0.0011 loss: 49.6561 
episode: 677 count: 649 score: 168.2821 average_last200: 157.0415 epis: 0.0011 loss: 82.1104 
episode: 678 count: 1000 score: -87.4850 average_last200: 155.4736 epis: 0.0011 loss: 136.8548 
episode: 679 count: 531 score: 134.5714 average_last200: 155.0864 epis: 0.0011 loss: 63.4625 
episode: 680 count: 422 score: 190.0582 average_last200: 155.1947 epis: 0.0011 loss: 54.6460 
episode: 681 count: 498 score: 143.4507 average_last200: 154.8399 epis: 0.0011 loss: 63.9721 
episode: 682 count: 391 score: 184.2886 average_last200: 154.7228 epis: 0.0010 loss: 45.4538 
episode: 683 count: 360 score: 210.8135 average_last200: 154.8448 epis: 0.0010 loss: 42.4208 
episode: 684 count: 631 score: 141.3109 average_last200: 154.5524 epis: 0.0010 loss: 77.4152 
episode: 685 count: 643 score: 181.7733 average_last200: 155.6577 epis: 0.0010 loss: 86.3856 
episode: 686 count: 476 score: 152.9909 average_last200: 155.5939 epis: 0.0010 loss: 60.5138 
episode: 687 count: 604 score: 166.8841 average_last200: 155.3897 epis: 0.0010 loss: 81.5411 
episode: 688 count: 464 score: 174.5685 average_last200: 155.2860 epis: 0.0010 loss: 60.1039 
episode: 689 count: 576 score: 183.7457 average_last200: 155.5378 epis: 0.0010 loss: 63.5556 
episode: 690 count: 335 score: 206.7768 average_last200: 155.7032 epis: 0.0010 loss: 44.5837 
episode: 691 count: 386 score: 235.9123 average_last200: 155.9927 epis: 0.0010 loss: 48.3560 
episode: 692 count: 344 score: 227.5064 average_last200: 156.0252 epis: 0.0009 loss: 38.3693 
episode: 693 count: 352 score: 214.3977 average_last200: 156.1251 epis: 0.0009 loss: 33.5457 
episode: 694 count: 773 score: 160.5394 average_last200: 156.1157 epis: 0.0009 loss: 92.7595 
episode: 695 count: 701 score: 138.7601 average_last200: 155.8603 epis: 0.0009 loss: 77.7180 
episode: 696 count: 319 score: 205.5908 average_last200: 155.9729 epis: 0.0009 loss: 32.6200 
episode: 697 count: 306 score: 205.7879 average_last200: 155.8611 epis: 0.0009 loss: 33.9276 
episode: 698 count: 366 score: 174.7238 average_last200: 155.7974 epis: 0.0009 loss: 42.4480 
episode: 699 count: 318 score: 170.5926 average_last200: 155.9424 epis: 0.0009 loss: 42.5028 
episode: 700 count: 607 score: 107.4880 average_last200: 155.6222 epis: 0.0009 loss: 77.6850 
episode: 701 count: 351 score: 211.4685 average_last200: 155.6723 epis: 0.0009 loss: 47.8791 
episode: 702 count: 304 score: 162.7936 average_last200: 155.5580 epis: 0.0009 loss: 44.0232 
episode: 703 count: 287 score: 210.7429 average_last200: 155.7314 epis: 0.0008 loss: 35.4322 
episode: 704 count: 493 score: 192.2146 average_last200: 155.6041 epis: 0.0008 loss: 66.1024 
episode: 705 count: 275 score: 180.5800 average_last200: 155.6407 epis: 0.0008 loss: 29.8703 
episode: 706 count: 479 score: 188.2496 average_last200: 155.5327 epis: 0.0008 loss: 58.3920 
episode: 707 count: 284 score: -72.5795 average_last200: 154.6690 epis: 0.0008 loss: 37.5590 
episode: 708 count: 288 score: 206.1600 average_last200: 154.5852 epis: 0.0008 loss: 38.8199 
episode: 709 count: 281 score: 198.9617 average_last200: 154.8688 epis: 0.0008 loss: 36.8766 
episode: 710 count: 288 score: 191.6950 average_last200: 155.1544 epis: 0.0008 loss: 40.3866 
episode: 711 count: 283 score: 192.1181 average_last200: 155.0550 epis: 0.0008 loss: 38.9749 
episode: 712 count: 518 score: 210.2342 average_last200: 155.2893 epis: 0.0008 loss: 68.9419 
episode: 713 count: 530 score: 177.6750 average_last200: 155.3654 epis: 0.0008 loss: 57.8701 
episode: 714 count: 200 score: -19.5716 average_last200: 154.1678 epis: 0.0008 loss: 27.2321 
episode: 715 count: 474 score: 189.1723 average_last200: 154.2162 epis: 0.0007 loss: 57.2867 
episode: 716 count: 510 score: 151.6251 average_last200: 153.8771 epis: 0.0007 loss: 64.0040 
episode: 717 count: 368 score: 235.3313 average_last200: 153.8569 epis: 0.0007 loss: 52.0411 
episode: 718 count: 324 score: 225.4773 average_last200: 154.1438 epis: 0.0007 loss: 46.0020 
episode: 719 count: 329 score: 202.5927 average_last200: 154.3129 epis: 0.0007 loss: 39.4990 
episode: 720 count: 323 score: 192.9688 average_last200: 154.1225 epis: 0.0007 loss: 41.2081 
episode: 721 count: 704 score: 187.6651 average_last200: 154.0706 epis: 0.0007 loss: 80.4037 
episode: 722 count: 352 score: 198.3748 average_last200: 154.1589 epis: 0.0007 loss: 43.5032 
episode: 723 count: 434 score: 191.4475 average_last200: 154.4045 epis: 0.0007 loss: 50.7573 
episode: 724 count: 410 score: 164.4863 average_last200: 154.1509 epis: 0.0007 loss: 53.8246 
episode: 725 count: 556 score: 214.4073 average_last200: 154.4083 epis: 0.0007 loss: 76.5994 
episode: 726 count: 519 score: 173.3021 average_last200: 155.4816 epis: 0.0007 loss: 59.7908 
episode: 727 count: 378 score: 166.3765 average_last200: 158.3577 epis: 0.0007 loss: 43.1279 
episode: 728 count: 535 score: 151.6601 average_last200: 158.3519 epis: 0.0007 loss: 68.9679 
episode: 729 count: 460 score: 162.0320 average_last200: 158.2341 epis: 0.0007 loss: 60.8250 
episode: 730 count: 303 score: 180.9422 average_last200: 158.2597 epis: 0.0006 loss: 40.5610 
episode: 731 count: 302 score: 216.6033 average_last200: 158.7304 epis: 0.0006 loss: 32.6151 
episode: 732 count: 457 score: 179.6937 average_last200: 159.8941 epis: 0.0006 loss: 68.9707 
episode: 733 count: 500 score: 167.1617 average_last200: 159.7686 epis: 0.0006 loss: 63.0779 
episode: 734 count: 645 score: 150.8604 average_last200: 160.0647 epis: 0.0006 loss: 76.1408 
episode: 735 count: 255 score: 184.2142 average_last200: 161.2365 epis: 0.0006 loss: 38.6655 
episode: 736 count: 521 score: 174.0075 average_last200: 161.4262 epis: 0.0006 loss: 67.8329 
episode: 737 count: 408 score: 178.9692 average_last200: 161.3492 epis: 0.0006 loss: 52.7132 
episode: 738 count: 678 score: 158.9638 average_last200: 161.1138 epis: 0.0006 loss: 74.4455 
episode: 739 count: 380 score: 226.8549 average_last200: 161.2674 epis: 0.0006 loss: 45.3096 
episode: 740 count: 1000 score: 74.0601 average_last200: 161.0073 epis: 0.0006 loss: 134.4554 
episode: 741 count: 590 score: 141.5186 average_last200: 162.1156 epis: 0.0006 loss: 74.8371 
episode: 742 count: 572 score: 195.6846 average_last200: 163.5459 epis: 0.0006 loss: 72.8547 
episode: 743 count: 447 score: 152.3938 average_last200: 164.9363 epis: 0.0006 loss: 51.5118 
episode: 744 count: 587 score: 185.1564 average_last200: 165.2856 epis: 0.0006 loss: 75.8432 
episode: 745 count: 361 score: 201.9340 average_last200: 165.2454 epis: 0.0006 loss: 47.5378 
episode: 746 count: 229 score: 176.7217 average_last200: 166.3992 epis: 0.0005 loss: 31.4560 
episode: 747 count: 285 score: 215.7688 average_last200: 167.8414 epis: 0.0005 loss: 30.4869 
episode: 748 count: 666 score: 178.8303 average_last200: 167.8404 epis: 0.0005 loss: 84.8958 
episode: 749 count: 286 score: 208.0620 average_last200: 167.8779 epis: 0.0005 loss: 34.7384 
episode: 750 count: 412 score: 207.8285 average_last200: 169.0476 epis: 0.0005 loss: 63.6207 
episode: 751 count: 341 score: 218.9262 average_last200: 169.4721 epis: 0.0005 loss: 40.9595 
episode: 752 count: 401 score: 217.9289 average_last200: 169.9053 epis: 0.0005 loss: 49.9087 
episode: 753 count: 488 score: 166.5209 average_last200: 171.6602 epis: 0.0005 loss: 61.3008 
episode: 754 count: 414 score: 202.8963 average_last200: 172.0912 epis: 0.0005 loss: 54.0724 
episode: 755 count: 574 score: 196.5160 average_last200: 173.9656 epis: 0.0005 loss: 68.5030 
episode: 756 count: 307 score: 190.1783 average_last200: 174.9994 epis: 0.0005 loss: 41.2440 
episode: 757 count: 405 score: 191.3181 average_last200: 175.9302 epis: 0.0005 loss: 43.2136 
episode: 758 count: 690 score: 140.4752 average_last200: 176.0509 epis: 0.0005 loss: 101.8588 
episode: 759 count: 783 score: 132.9355 average_last200: 175.5759 epis: 0.0005 loss: 98.3385 
episode: 760 count: 149 score: -56.7384 average_last200: 174.1976 epis: 0.0005 loss: 18.4133 
episode: 761 count: 443 score: 176.1154 average_last200: 174.1592 epis: 0.0005 loss: 55.2341 
episode: 762 count: 293 score: 217.9259 average_last200: 174.1443 epis: 0.0005 loss: 35.6031 
episode: 763 count: 192 score: 209.5574 average_last200: 174.1841 epis: 0.0005 loss: 19.6371 
episode: 764 count: 662 score: 130.8620 average_last200: 173.8883 epis: 0.0005 loss: 79.1557 
episode: 765 count: 414 score: 181.5983 average_last200: 173.8569 epis: 0.0005 loss: 49.8162 
episode: 766 count: 525 score: 195.1021 average_last200: 173.9857 epis: 0.0004 loss: 56.7754 
episode: 767 count: 297 score: 207.5837 average_last200: 175.1924 epis: 0.0004 loss: 32.1924 
episode: 768 count: 419 score: 138.8067 average_last200: 174.6754 epis: 0.0004 loss: 48.6968 
episode: 769 count: 289 score: 211.0426 average_last200: 174.9516 epis: 0.0004 loss: 38.3944 
episode: 770 count: 538 score: 179.3600 average_last200: 175.9578 epis: 0.0004 loss: 73.0197 
episode: 771 count: 300 score: 212.8364 average_last200: 175.9724 epis: 0.0004 loss: 43.0707 
episode: 772 count: 458 score: 218.7343 average_last200: 175.8974 epis: 0.0004 loss: 53.3765 
episode: 773 count: 304 score: 180.0063 average_last200: 175.8102 epis: 0.0004 loss: 40.3580 
episode: 774 count: 296 score: 230.8993 average_last200: 175.9642 epis: 0.0004 loss: 36.8376 
episode: 775 count: 228 score: 176.8894 average_last200: 177.1296 epis: 0.0004 loss: 26.9966 
episode: 776 count: 310 score: 226.7903 average_last200: 177.2624 epis: 0.0004 loss: 33.1412 
episode: 777 count: 1000 score: 54.8419 average_last200: 176.7437 epis: 0.0004 loss: 127.6053 
episode: 778 count: 374 score: 206.4323 average_last200: 176.8477 epis: 0.0004 loss: 44.2528 
episode: 779 count: 407 score: 183.2808 average_last200: 177.1765 epis: 0.0004 loss: 55.2558 
episode: 780 count: 397 score: 223.1538 average_last200: 178.0195 epis: 0.0004 loss: 45.3943 
episode: 781 count: 826 score: 165.5025 average_last200: 177.9800 epis: 0.0004 loss: 96.4759 
episode: 782 count: 283 score: 221.7920 average_last200: 178.1614 epis: 0.0004 loss: 26.8580 
episode: 783 count: 374 score: 218.2964 average_last200: 178.4429 epis: 0.0004 loss: 45.7650 
episode: 784 count: 282 score: 180.8152 average_last200: 179.4778 epis: 0.0004 loss: 36.0103 
episode: 785 count: 361 score: 210.2798 average_last200: 179.3381 epis: 0.0004 loss: 42.7818 
episode: 786 count: 299 score: 173.6929 average_last200: 179.4098 epis: 0.0004 loss: 38.2090 
episode: 787 count: 365 score: 222.6273 average_last200: 179.5682 epis: 0.0004 loss: 39.5663 
episode: 788 count: 588 score: 151.5236 average_last200: 179.4836 epis: 0.0004 loss: 77.0188 
episode: 789 count: 353 score: 221.2429 average_last200: 179.6599 epis: 0.0004 loss: 37.7088 
episode: 790 count: 373 score: 185.2294 average_last200: 179.4760 epis: 0.0004 loss: 43.4454 
episode: 791 count: 437 score: 148.4964 average_last200: 179.5011 epis: 0.0003 loss: 53.2419 
episode: 792 count: 553 score: 164.3439 average_last200: 179.4009 epis: 0.0003 loss: 63.9442 
episode: 793 count: 393 score: 212.7885 average_last200: 179.5657 epis: 0.0003 loss: 42.1981 
episode: 794 count: 314 score: 229.2062 average_last200: 179.9209 epis: 0.0003 loss: 45.4338 
episode: 795 count: 557 score: 216.3387 average_last200: 179.9946 epis: 0.0003 loss: 57.8459 
episode: 796 count: 304 score: 207.8936 average_last200: 180.2282 epis: 0.0003 loss: 34.7889 
episode: 797 count: 413 score: 187.7540 average_last200: 180.3890 epis: 0.0003 loss: 54.3935 
episode: 798 count: 216 score: 200.8941 average_last200: 180.3781 epis: 0.0003 loss: 24.4363 
episode: 799 count: 335 score: 236.8753 average_last200: 180.4202 epis: 0.0003 loss: 45.4996 
episode: 800 count: 1000 score: 59.2414 average_last200: 179.6918 epis: 0.0003 loss: 126.8406 
episode: 801 count: 226 score: 167.6501 average_last200: 180.0979 epis: 0.0003 loss: 34.5281 
episode: 802 count: 779 score: 225.4043 average_last200: 180.2451 epis: 0.0003 loss: 89.9654 
episode: 803 count: 489 score: 186.3980 average_last200: 180.1521 epis: 0.0003 loss: 59.1711 
episode: 804 count: 362 score: -8.5782 average_last200: 179.2787 epis: 0.0003 loss: 50.5464 
episode: 805 count: 186 score: 173.3639 average_last200: 179.2323 epis: 0.0003 loss: 26.9292 
episode: 806 count: 416 score: -26.4375 average_last200: 178.2698 epis: 0.0003 loss: 43.1726 
episode: 807 count: 419 score: 206.6496 average_last200: 178.2167 epis: 0.0003 loss: 51.6871 
episode: 808 count: 392 score: 203.6746 average_last200: 178.4366 epis: 0.0003 loss: 39.1798 
episode: 809 count: 183 score: 198.1199 average_last200: 178.4632 epis: 0.0003 loss: 21.9296 
episode: 810 count: 493 score: 183.8074 average_last200: 178.3018 epis: 0.0003 loss: 48.2324 
episode: 811 count: 402 score: 198.4816 average_last200: 178.2923 epis: 0.0003 loss: 48.3714 
episode: 812 count: 375 score: 182.4835 average_last200: 178.1012 epis: 0.0003 loss: 42.8592 
episode: 813 count: 268 score: 238.0026 average_last200: 178.4175 epis: 0.0003 loss: 30.1644 
episode: 814 count: 324 score: 209.1257 average_last200: 179.1128 epis: 0.0003 loss: 38.8025 
episode: 815 count: 299 score: 233.5273 average_last200: 179.3681 epis: 0.0003 loss: 40.2733 
episode: 816 count: 542 score: 192.3073 average_last200: 179.3545 epis: 0.0003 loss: 65.8329 
episode: 817 count: 555 score: 194.4481 average_last200: 179.4386 epis: 0.0003 loss: 66.7762 
episode: 818 count: 321 score: 208.3572 average_last200: 179.6971 epis: 0.0003 loss: 43.2566 
episode: 819 count: 316 score: 208.2392 average_last200: 179.6894 epis: 0.0003 loss: 42.1163 
episode: 820 count: 456 score: 185.2524 average_last200: 179.7481 epis: 0.0003 loss: 51.8975 
episode: 821 count: 261 score: 197.7230 average_last200: 179.6225 epis: 0.0003 loss: 28.3182 
episode: 822 count: 748 score: 159.1725 average_last200: 179.4274 epis: 0.0003 loss: 85.6740 
episode: 823 count: 280 score: 229.0051 average_last200: 179.4190 epis: 0.0003 loss: 39.1060 
episode: 824 count: 312 score: 231.9000 average_last200: 179.5807 epis: 0.0003 loss: 38.5760 
episode: 825 count: 320 score: 237.3690 average_last200: 179.6923 epis: 0.0002 loss: 40.3705 
episode: 826 count: 840 score: 142.3652 average_last200: 179.3727 epis: 0.0002 loss: 88.5161 
episode: 827 count: 685 score: 123.6038 average_last200: 178.8174 epis: 0.0002 loss: 85.5246 
episode: 828 count: 246 score: 241.6358 average_last200: 178.9178 epis: 0.0002 loss: 31.8529 
episode: 829 count: 648 score: 137.7660 average_last200: 178.6160 epis: 0.0002 loss: 79.8046 
episode: 830 count: 729 score: 182.8439 average_last200: 178.5658 epis: 0.0002 loss: 86.9764 
episode: 831 count: 376 score: 186.6353 average_last200: 178.4417 epis: 0.0002 loss: 39.9495 
episode: 832 count: 405 score: 188.3604 average_last200: 178.5144 epis: 0.0002 loss: 48.3314 
episode: 833 count: 735 score: 133.7876 average_last200: 179.0711 epis: 0.0002 loss: 84.7072 
episode: 834 count: 367 score: 211.0712 average_last200: 179.1252 epis: 0.0002 loss: 44.3631 
episode: 835 count: 291 score: 249.8577 average_last200: 180.5303 epis: 0.0002 loss: 38.2699 
episode: 836 count: 569 score: 134.9610 average_last200: 180.3816 epis: 0.0002 loss: 65.9140 
episode: 837 count: 536 score: 175.0682 average_last200: 180.3611 epis: 0.0002 loss: 71.2683 
episode: 838 count: 519 score: 183.2891 average_last200: 180.2746 epis: 0.0002 loss: 60.3975 
episode: 839 count: 309 score: 182.6287 average_last200: 180.1446 epis: 0.0002 loss: 36.5438 
episode: 840 count: 265 score: 230.7188 average_last200: 180.5306 epis: 0.0002 loss: 40.3684 
episode: 841 count: 278 score: 217.4648 average_last200: 180.6370 epis: 0.0002 loss: 28.0429 
episode: 842 count: 369 score: 182.5418 average_last200: 180.8131 epis: 0.0002 loss: 44.5386 
episode: 843 count: 572 score: 169.3408 average_last200: 180.6935 epis: 0.0002 loss: 72.3268 
episode: 844 count: 314 score: 189.1830 average_last200: 180.6555 epis: 0.0002 loss: 43.1267 
episode: 845 count: 308 score: 201.9296 average_last200: 180.6979 epis: 0.0002 loss: 35.8273 
episode: 846 count: 626 score: 187.8528 average_last200: 180.7217 epis: 0.0002 loss: 69.5991 
episode: 847 count: 506 score: 161.2972 average_last200: 180.4588 epis: 0.0002 loss: 67.3562 
episode: 848 count: 687 score: 137.4840 average_last200: 180.3985 epis: 0.0002 loss: 75.9532 
episode: 849 count: 367 score: 241.4940 average_last200: 180.5825 epis: 0.0002 loss: 38.0910 
episode: 850 count: 333 score: 248.3964 average_last200: 180.9975 epis: 0.0002 loss: 41.0541 
episode: 851 count: 301 score: 233.6146 average_last200: 181.0974 epis: 0.0002 loss: 37.1235 
episode: 852 count: 363 score: 194.9488 average_last200: 180.9407 epis: 0.0002 loss: 36.3542 
episode: 853 count: 537 score: 179.2322 average_last200: 180.7956 epis: 0.0002 loss: 62.0696 
episode: 854 count: 425 score: 181.5768 average_last200: 180.6499 epis: 0.0002 loss: 64.4816 
episode: 855 count: 336 score: 215.9517 average_last200: 180.7513 epis: 0.0002 loss: 40.9629 
episode: 856 count: 532 score: 157.0054 average_last200: 180.6914 epis: 0.0002 loss: 55.1034 
episode: 857 count: 233 score: 210.0174 average_last200: 180.7240 epis: 0.0002 loss: 29.5277 
episode: 858 count: 267 score: 214.9929 average_last200: 180.8265 epis: 0.0002 loss: 34.0484 
episode: 859 count: 279 score: 247.3208 average_last200: 181.0709 epis: 0.0002 loss: 25.8338 
episode: 860 count: 232 score: 222.2758 average_last200: 181.1777 epis: 0.0002 loss: 26.1431 
episode: 861 count: 469 score: -30.7197 average_last200: 179.9024 epis: 0.0002 loss: 58.3248 
episode: 862 count: 268 score: 244.6801 average_last200: 180.2356 epis: 0.0002 loss: 33.8071 
episode: 863 count: 308 score: 181.6643 average_last200: 180.1687 epis: 0.0002 loss: 30.4908 
episode: 864 count: 452 score: 245.9776 average_last200: 180.5367 epis: 0.0002 loss: 54.1497 
episode: 865 count: 357 score: 198.2775 average_last200: 180.6728 epis: 0.0002 loss: 43.3711 
episode: 866 count: 335 score: 182.8819 average_last200: 180.5755 epis: 0.0002 loss: 40.2637 
episode: 867 count: 420 score: 192.5416 average_last200: 180.7086 epis: 0.0002 loss: 46.2582 
episode: 868 count: 417 score: 188.6886 average_last200: 180.6274 epis: 0.0002 loss: 49.8404 
episode: 869 count: 622 score: 211.6785 average_last200: 180.7552 epis: 0.0002 loss: 68.8714 
episode: 870 count: 329 score: 212.9540 average_last200: 180.8519 epis: 0.0002 loss: 35.2740 
episode: 871 count: 300 score: 177.5975 average_last200: 180.6430 epis: 0.0002 loss: 30.7163 
episode: 872 count: 427 score: 166.3800 average_last200: 180.5448 epis: 0.0002 loss: 45.7535 
episode: 873 count: 568 score: 171.7241 average_last200: 180.5963 epis: 0.0002 loss: 72.4727 
episode: 874 count: 334 score: 190.2736 average_last200: 180.5524 epis: 0.0002 loss: 37.9460 
episode: 875 count: 306 score: 239.5440 average_last200: 181.2469 epis: 0.0002 loss: 27.2672 
episode: 876 count: 243 score: 206.4546 average_last200: 181.2969 epis: 0.0001 loss: 28.2449 
episode: 877 count: 297 score: 216.4671 average_last200: 181.5379 epis: 0.0001 loss: 33.3443 
episode: 878 count: 423 score: 214.4293 average_last200: 183.0474 epis: 0.0001 loss: 43.3040 
episode: 879 count: 296 score: 257.2730 average_last200: 183.6609 epis: 0.0001 loss: 33.6077 
episode: 880 count: 594 score: 166.8343 average_last200: 183.5448 epis: 0.0001 loss: 63.5272 
episode: 881 count: 450 score: 239.4053 average_last200: 184.0246 epis: 0.0001 loss: 46.8498 
episode: 882 count: 265 score: 193.8905 average_last200: 184.0726 epis: 0.0001 loss: 30.6434 
episode: 883 count: 489 score: 176.6909 average_last200: 183.9020 epis: 0.0001 loss: 60.5948 
episode: 884 count: 391 score: 156.1176 average_last200: 183.9760 epis: 0.0001 loss: 44.2643 
episode: 885 count: 386 score: 193.8134 average_last200: 184.0362 epis: 0.0001 loss: 41.7176 
episode: 886 count: 388 score: 189.6761 average_last200: 184.2197 epis: 0.0001 loss: 45.2249 
episode: 887 count: 396 score: 184.7017 average_last200: 184.3087 epis: 0.0001 loss: 41.0145 
episode: 888 count: 575 score: 199.2553 average_last200: 184.4322 epis: 0.0001 loss: 62.7231 
episode: 889 count: 597 score: 174.7266 average_last200: 184.3871 epis: 0.0001 loss: 63.4926 
episode: 890 count: 303 score: 229.7386 average_last200: 184.5019 epis: 0.0001 loss: 40.8141 
episode: 891 count: 460 score: 153.1679 average_last200: 184.0882 epis: 0.0001 loss: 53.0455 
episode: 892 count: 497 score: 209.6391 average_last200: 183.9988 epis: 0.0001 loss: 54.4111 
episode: 893 count: 1000 score: 81.1545 average_last200: 183.3326 epis: 0.0001 loss: 108.8095 
episode: 894 count: 220 score: -23.1788 average_last200: 182.4140 epis: 0.0001 loss: 21.1562 
episode: 895 count: 215 score: 222.5420 average_last200: 182.8329 epis: 0.0001 loss: 21.6576 
episode: 896 count: 545 score: 179.0991 average_last200: 182.7005 epis: 0.0001 loss: 58.1657 
episode: 897 count: 175 score: -10.1503 average_last200: 181.6208 epis: 0.0001 loss: 22.9043 
episode: 898 count: 562 score: 215.4068 average_last200: 181.8242 epis: 0.0001 loss: 69.5383 
episode: 899 count: 331 score: 204.1797 average_last200: 181.9921 epis: 0.0001 loss: 48.6240 
episode: 900 count: 480 score: 189.4605 average_last200: 182.4020 epis: 0.0001 loss: 56.5028 
episode: 901 count: 609 score: 175.7115 average_last200: 182.2232 epis: 0.0001 loss: 57.3951 
episode: 902 count: 619 score: 171.6145 average_last200: 182.2673 epis: 0.0001 loss: 66.2458 
episode: 903 count: 527 score: 217.7836 average_last200: 182.3025 epis: 0.0001 loss: 64.4785 
episode: 904 count: 191 score: 16.3043 average_last200: 181.4230 epis: 0.0001 loss: 16.8766 
episode: 905 count: 401 score: 197.9849 average_last200: 181.5100 epis: 0.0001 loss: 42.8770 
episode: 906 count: 376 score: 204.5981 average_last200: 181.5917 epis: 0.0001 loss: 38.0780 
episode: 907 count: 259 score: 202.3072 average_last200: 182.9662 epis: 0.0001 loss: 36.5787 
episode: 908 count: 300 score: 245.6773 average_last200: 183.1638 epis: 0.0001 loss: 35.5100 
episode: 909 count: 500 score: 182.5077 average_last200: 183.0815 epis: 0.0001 loss: 46.9544 
episode: 910 count: 478 score: 146.7369 average_last200: 182.8567 epis: 0.0001 loss: 58.0443 
episode: 911 count: 256 score: 231.2019 average_last200: 183.0521 epis: 0.0001 loss: 26.7318 
episode: 912 count: 379 score: 211.7024 average_last200: 183.0595 epis: 0.0001 loss: 44.0178 
episode: 913 count: 961 score: 86.4720 average_last200: 182.6034 epis: 0.0001 loss: 113.0645 
episode: 914 count: 378 score: 180.5678 average_last200: 183.6041 epis: 0.0001 loss: 41.3897 
episode: 915 count: 1000 score: 69.1276 average_last200: 183.0039 epis: 0.0001 loss: 125.8938 
episode: 916 count: 342 score: 180.5580 average_last200: 183.1486 epis: 0.0001 loss: 37.2076 
episode: 917 count: 452 score: 213.8243 average_last200: 183.0410 epis: 0.0001 loss: 39.0176 
episode: 918 count: 363 score: 176.4358 average_last200: 182.7958 epis: 0.0001 loss: 37.5868 
episode: 919 count: 434 score: 222.6079 average_last200: 182.8959 epis: 0.0001 loss: 45.9564 
episode: 920 count: 579 score: 173.4282 average_last200: 182.7982 epis: 0.0001 loss: 64.6613 
episode: 921 count: 1000 score: 42.7582 average_last200: 182.0737 epis: 0.0001 loss: 108.9371 
episode: 922 count: 253 score: -13.0820 average_last200: 181.0164 epis: 0.0001 loss: 30.6657 
episode: 923 count: 220 score: -26.7074 average_last200: 179.9256 epis: 0.0001 loss: 29.4134 
episode: 924 count: 646 score: 182.2004 average_last200: 180.0142 epis: 0.0001 loss: 68.9328 
episode: 925 count: 423 score: 232.6785 average_last200: 180.1055 epis: 0.0001 loss: 45.4881 
episode: 926 count: 384 score: 185.7312 average_last200: 180.1677 epis: 0.0001 loss: 46.5550 
episode: 927 count: 412 score: 226.0692 average_last200: 180.4661 epis: 0.0001 loss: 40.8047 
episode: 928 count: 535 score: 123.3004 average_last200: 180.3243 epis: 0.0001 loss: 62.4837 
episode: 929 count: 442 score: 218.5648 average_last200: 180.6070 epis: 0.0001 loss: 45.4312 
episode: 930 count: 1000 score: -19.6259 average_last200: 179.6042 epis: 0.0001 loss: 99.7189 
episode: 931 count: 640 score: -94.1489 average_last200: 178.0504 epis: 0.0001 loss: 62.4013 
episode: 932 count: 244 score: 212.0756 average_last200: 178.2123 epis: 0.0001 loss: 29.1797 
episode: 933 count: 733 score: 152.3979 average_last200: 178.1385 epis: 0.0001 loss: 73.9504 
episode: 934 count: 431 score: 147.7130 average_last200: 178.1228 epis: 0.0001 loss: 48.6911 
episode: 935 count: 441 score: 194.7999 average_last200: 178.1757 epis: 0.0001 loss: 43.1599 
episode: 936 count: 360 score: 235.1426 average_last200: 178.4814 epis: 0.0001 loss: 42.1445 
episode: 937 count: 884 score: 96.3565 average_last200: 178.0683 epis: 0.0001 loss: 98.5610 
episode: 938 count: 1000 score: -49.4344 average_last200: 177.0263 epis: 0.0001 loss: 104.2155 
episode: 939 count: 563 score: 134.5980 average_last200: 176.5650 epis: 0.0001 loss: 54.1705 
episode: 940 count: 1000 score: -35.9926 average_last200: 176.0148 epis: 0.0001 loss: 109.5917 
episode: 941 count: 1000 score: -36.5477 average_last200: 175.1244 epis: 0.0001 loss: 110.2927 
episode: 942 count: 925 score: 82.9377 average_last200: 174.5607 epis: 0.0001 loss: 101.8825 
episode: 943 count: 600 score: 153.7734 average_last200: 174.5676 epis: 0.0001 loss: 61.8593 
episode: 944 count: 383 score: 234.0264 average_last200: 174.8119 epis: 0.0001 loss: 38.4301 
episode: 945 count: 545 score: 169.2059 average_last200: 174.6483 epis: 0.0001 loss: 54.0011 
episode: 946 count: 634 score: 112.1765 average_last200: 174.3256 epis: 0.0001 loss: 71.8301 
episode: 947 count: 375 score: 203.5915 average_last200: 174.2647 epis: 0.0001 loss: 40.2578 
episode: 948 count: 403 score: 200.8751 average_last200: 174.3749 epis: 0.0001 loss: 41.9848 
episode: 949 count: 413 score: 218.9618 average_last200: 174.4294 epis: 0.0001 loss: 45.9924 
episode: 950 count: 556 score: 117.8097 average_last200: 173.9793 epis: 0.0001 loss: 57.3567 
episode: 951 count: 268 score: 226.9566 average_last200: 174.0195 epis: 0.0001 loss: 26.5260 
episode: 952 count: 673 score: 141.3762 average_last200: 173.6367 epis: 0.0001 loss: 66.7974 
episode: 953 count: 254 score: 228.7018 average_last200: 173.9476 epis: 0.0001 loss: 20.8190 
episode: 954 count: 910 score: 106.0510 average_last200: 173.4634 epis: 0.0001 loss: 89.8462 
episode: 955 count: 839 score: 106.3973 average_last200: 173.0128 epis: 0.0001 loss: 76.2793 
episode: 956 count: 485 score: 226.6963 average_last200: 173.1954 epis: 0.0001 loss: 49.8793 
episode: 957 count: 270 score: 208.3419 average_last200: 173.2805 epis: 0.0001 loss: 23.2303 
episode: 958 count: 236 score: 236.8235 average_last200: 173.7622 epis: 0.0001 loss: 23.7941 
episode: 959 count: 555 score: 163.9074 average_last200: 173.9171 epis: 0.0001 loss: 51.5423 
episode: 960 count: 1000 score: -26.5011 average_last200: 174.0683 epis: 0.0001 loss: 100.7874 
episode: 961 count: 992 score: 117.8962 average_last200: 173.7772 epis: 0.0001 loss: 99.3542 
episode: 962 count: 271 score: 3.3448 average_last200: 172.7043 epis: 0.0001 loss: 23.1633 
episode: 963 count: 242 score: 226.0213 average_last200: 172.7866 epis: 0.0001 loss: 22.5187 
episode: 964 count: 513 score: 174.6622 average_last200: 173.0056 epis: 0.0001 loss: 50.1356 
episode: 965 count: 302 score: 233.3784 average_last200: 173.2645 epis: 0.0001 loss: 25.2784 
episode: 966 count: 1000 score: -51.3406 average_last200: 172.0323 epis: 0.0001 loss: 111.8286 
episode: 967 count: 621 score: 174.0713 average_last200: 171.8647 epis: 0.0001 loss: 63.0866 
episode: 968 count: 903 score: 67.2746 average_last200: 171.5071 epis: 0.0001 loss: 97.6873 
episode: 969 count: 271 score: 200.8639 average_last200: 171.4562 epis: 0.0001 loss: 26.7155 
episode: 970 count: 1000 score: -65.7861 average_last200: 170.2305 epis: 0.0001 loss: 97.9290 
episode: 971 count: 1000 score: -64.0965 average_last200: 168.8458 epis: 0.0001 loss: 103.1544 
episode: 972 count: 822 score: 90.2042 average_last200: 168.2031 epis: 0.0001 loss: 87.1901 
episode: 973 count: 573 score: 153.4974 average_last200: 168.0706 epis: 0.0001 loss: 55.0814 
episode: 974 count: 685 score: 146.6502 average_last200: 167.6494 epis: 0.0001 loss: 63.6430 
episode: 975 count: 1000 score: -73.6683 average_last200: 166.3966 epis: 0.0001 loss: 86.3831 
episode: 976 count: 368 score: 208.8966 average_last200: 166.3071 epis: 0.0001 loss: 33.4611 
episode: 977 count: 883 score: 122.6483 average_last200: 166.6461 epis: 0.0001 loss: 87.3539 
episode: 978 count: 284 score: 231.2798 average_last200: 166.7704 epis: 0.0001 loss: 28.6055 
episode: 979 count: 518 score: 183.7421 average_last200: 166.7727 epis: 0.0001 loss: 51.4341 
episode: 980 count: 1000 score: -41.0530 average_last200: 165.4516 epis: 0.0001 loss: 85.8696 
episode: 981 count: 289 score: 214.9155 average_last200: 165.6987 epis: 0.0001 loss: 28.1466 
episode: 982 count: 767 score: 100.6729 average_last200: 165.0931 epis: 0.0001 loss: 70.3685 
episode: 983 count: 1000 score: -9.8459 average_last200: 163.9524 epis: 0.0001 loss: 95.2040 
episode: 984 count: 793 score: 160.8549 average_last200: 163.8526 epis: 0.0001 loss: 74.1751 
episode: 985 count: 346 score: 217.1723 average_last200: 163.8871 epis: 0.0000 loss: 28.4673 
episode: 986 count: 707 score: 159.3932 average_last200: 163.8156 epis: 0.0000 loss: 69.0548 
episode: 987 count: 521 score: 157.7812 average_last200: 163.4913 epis: 0.0000 loss: 38.2797 
episode: 988 count: 306 score: 198.7108 average_last200: 163.7273 epis: 0.0000 loss: 36.6531 
episode: 989 count: 381 score: 206.6937 average_last200: 163.6545 epis: 0.0000 loss: 44.8503 
episode: 990 count: 962 score: 134.3440 average_last200: 163.4001 epis: 0.0000 loss: 94.4009 
episode: 991 count: 792 score: 123.5990 average_last200: 163.2756 epis: 0.0000 loss: 62.8488 
episode: 992 count: 509 score: 133.1891 average_last200: 163.1198 epis: 0.0000 loss: 41.1056 
episode: 993 count: 306 score: 216.6492 average_last200: 163.1391 epis: 0.0000 loss: 26.5378 
episode: 994 count: 324 score: 218.4150 average_last200: 163.0852 epis: 0.0000 loss: 25.9913 
episode: 995 count: 236 score: 245.7340 average_last200: 163.2322 epis: 0.0000 loss: 23.1222 
episode: 996 count: 314 score: 197.0558 average_last200: 163.1780 epis: 0.0000 loss: 34.5495 
episode: 997 count: 627 score: 176.9337 average_last200: 163.1239 epis: 0.0000 loss: 61.2813 
episode: 998 count: 304 score: 209.9211 average_last200: 163.1690 epis: 0.0000 loss: 27.7761 
episode: 999 count: 264 score: 212.1170 average_last200: 163.0452 epis: 0.0000 loss: 23.2973 
