[33mWARN: gym.spaces.Box autodetected dtype as <class 'numpy.float32'>. Please provide explicit dtype.[0m
All para: Epis 1000 memlen 100000 gamma 0.990 epsilon 0.990 alpha 0.00040 batch 30 upfreq 500
episode: 0 count: 103 score: -201.7553 average_last200: -201.7553 epis: 0.9900 loss: 0.0000 
episode: 1 count: 84 score: -166.6921 average_last200: -184.2237 epis: 0.9801 loss: 0.0000 
episode: 2 count: 127 score: -140.9426 average_last200: -169.7967 epis: 0.9703 loss: 0.0000 
episode: 3 count: 98 score: -151.9605 average_last200: -165.3376 epis: 0.9606 loss: 0.0000 
episode: 4 count: 71 score: -305.0290 average_last200: -193.2759 epis: 0.9510 loss: 0.0000 
episode: 5 count: 124 score: -219.4452 average_last200: -197.6374 epis: 0.9415 loss: 0.0000 
episode: 6 count: 136 score: -149.6131 average_last200: -190.7768 epis: 0.9321 loss: 0.0000 
episode: 7 count: 105 score: -416.8472 average_last200: -219.0356 epis: 0.9227 loss: 0.0000 
episode: 8 count: 88 score: -384.5283 average_last200: -237.4237 epis: 0.9135 loss: 0.0000 
episode: 9 count: 101 score: -403.4803 average_last200: -254.0294 epis: 0.9044 loss: 20.8832 
episode: 10 count: 67 score: -175.5396 average_last200: -246.8939 epis: 0.8953 loss: 39.7214 
episode: 11 count: 91 score: -510.2835 average_last200: -268.8431 epis: 0.8864 loss: 46.5066 
episode: 12 count: 64 score: -291.9107 average_last200: -270.6175 epis: 0.8775 loss: 29.4948 
episode: 13 count: 97 score: -279.2350 average_last200: -271.2330 epis: 0.8687 loss: 48.9194 
episode: 14 count: 159 score: -221.0084 average_last200: -267.8847 epis: 0.8601 loss: 75.0714 
episode: 15 count: 119 score: -158.5037 average_last200: -261.0484 epis: 0.8515 loss: 54.1168 
episode: 16 count: 130 score: -75.4425 average_last200: -250.1304 epis: 0.8429 loss: 41.0370 
episode: 17 count: 145 score: -275.0468 average_last200: -251.5147 epis: 0.8345 loss: 58.2552 
episode: 18 count: 79 score: -214.8365 average_last200: -249.5842 epis: 0.8262 loss: 31.2485 
episode: 19 count: 154 score: -127.1809 average_last200: -243.4641 epis: 0.8179 loss: 58.3208 
episode: 20 count: 98 score: -172.1697 average_last200: -240.0691 epis: 0.8097 loss: 39.0336 
episode: 21 count: 156 score: -223.7464 average_last200: -239.3272 epis: 0.8016 loss: 49.1252 
episode: 22 count: 162 score: -212.7925 average_last200: -238.1735 epis: 0.7936 loss: 52.6125 
episode: 23 count: 117 score: -188.1595 average_last200: -236.0896 epis: 0.7857 loss: 40.8199 
episode: 24 count: 92 score: -115.6741 average_last200: -231.2729 epis: 0.7778 loss: 37.7490 
episode: 25 count: 111 score: -195.3699 average_last200: -229.8921 epis: 0.7700 loss: 37.8909 
episode: 26 count: 137 score: -177.4956 average_last200: -227.9514 epis: 0.7623 loss: 52.1564 
episode: 27 count: 89 score: -145.1404 average_last200: -224.9939 epis: 0.7547 loss: 37.4936 
episode: 28 count: 99 score: -405.2842 average_last200: -231.2108 epis: 0.7472 loss: 31.8569 
episode: 29 count: 115 score: -128.0192 average_last200: -227.7711 epis: 0.7397 loss: 37.1736 
episode: 30 count: 105 score: -222.3756 average_last200: -227.5970 epis: 0.7323 loss: 28.5105 
episode: 31 count: 116 score: -174.5437 average_last200: -225.9391 epis: 0.7250 loss: 40.7360 
episode: 32 count: 142 score: -217.0180 average_last200: -225.6688 epis: 0.7177 loss: 51.6186 
episode: 33 count: 99 score: -79.4788 average_last200: -221.3691 epis: 0.7106 loss: 32.5057 
episode: 34 count: 103 score: -106.0548 average_last200: -218.0744 epis: 0.7034 loss: 43.0313 
episode: 35 count: 122 score: -242.0172 average_last200: -218.7395 epis: 0.6964 loss: 39.2444 
episode: 36 count: 113 score: -47.4565 average_last200: -214.1102 epis: 0.6894 loss: 38.8223 
episode: 37 count: 75 score: -70.1174 average_last200: -210.3209 epis: 0.6826 loss: 23.5705 
episode: 38 count: 98 score: -126.8712 average_last200: -208.1812 epis: 0.6757 loss: 33.6663 
episode: 39 count: 115 score: -140.6683 average_last200: -206.4934 epis: 0.6690 loss: 31.0814 
episode: 40 count: 188 score: -103.9933 average_last200: -203.9934 epis: 0.6623 loss: 70.2691 
episode: 41 count: 212 score: -147.5478 average_last200: -202.6494 epis: 0.6557 loss: 56.9172 
episode: 42 count: 81 score: -89.3954 average_last200: -200.0156 epis: 0.6491 loss: 26.9273 
episode: 43 count: 118 score: -208.8537 average_last200: -200.2165 epis: 0.6426 loss: 36.3520 
episode: 44 count: 137 score: -160.8791 average_last200: -199.3423 epis: 0.6362 loss: 43.7137 
episode: 45 count: 140 score: -140.1041 average_last200: -198.0545 epis: 0.6298 loss: 53.0621 
episode: 46 count: 95 score: -96.7068 average_last200: -195.8982 epis: 0.6235 loss: 28.4816 
episode: 47 count: 109 score: -73.5522 average_last200: -193.3493 epis: 0.6173 loss: 35.4144 
episode: 48 count: 177 score: -139.1551 average_last200: -192.2433 epis: 0.6111 loss: 53.8427 
episode: 49 count: 179 score: -220.8719 average_last200: -192.8159 epis: 0.6050 loss: 57.8508 
episode: 50 count: 84 score: -67.1235 average_last200: -190.3513 epis: 0.5990 loss: 21.8025 
episode: 51 count: 120 score: -127.4377 average_last200: -189.1414 epis: 0.5930 loss: 37.8069 
episode: 52 count: 182 score: -150.0902 average_last200: -188.4046 epis: 0.5870 loss: 51.3049 
episode: 53 count: 131 score: -135.3362 average_last200: -187.4219 epis: 0.5812 loss: 44.2569 
episode: 54 count: 217 score: -60.0544 average_last200: -185.1061 epis: 0.5754 loss: 69.9817 
episode: 55 count: 87 score: -131.2203 average_last200: -184.1439 epis: 0.5696 loss: 25.1061 
episode: 56 count: 210 score: -81.8100 average_last200: -182.3485 epis: 0.5639 loss: 64.7837 
episode: 57 count: 154 score: -56.3579 average_last200: -180.1763 epis: 0.5583 loss: 46.0194 
episode: 58 count: 1000 score: -38.0431 average_last200: -177.7672 epis: 0.5527 loss: 306.3753 
episode: 59 count: 377 score: -101.8139 average_last200: -176.5013 epis: 0.5472 loss: 117.7787 
episode: 60 count: 88 score: -96.9828 average_last200: -175.1978 epis: 0.5417 loss: 24.7071 
episode: 61 count: 107 score: -69.4338 average_last200: -173.4919 epis: 0.5363 loss: 29.8353 
episode: 62 count: 158 score: -84.0147 average_last200: -172.0716 epis: 0.5309 loss: 45.1136 
episode: 63 count: 229 score: -31.1058 average_last200: -169.8690 epis: 0.5256 loss: 66.0258 
episode: 64 count: 220 score: -131.8876 average_last200: -169.2847 epis: 0.5203 loss: 69.2706 
episode: 65 count: 191 score: -21.1989 average_last200: -167.0410 epis: 0.5151 loss: 51.6462 
episode: 66 count: 144 score: -64.2250 average_last200: -165.5064 epis: 0.5100 loss: 36.8059 
episode: 67 count: 257 score: -94.9422 average_last200: -164.4687 epis: 0.5049 loss: 83.9354 
episode: 68 count: 144 score: -180.1823 average_last200: -164.6964 epis: 0.4998 loss: 36.1831 
episode: 69 count: 124 score: -66.1926 average_last200: -163.2892 epis: 0.4948 loss: 32.3079 
episode: 70 count: 253 score: -56.0881 average_last200: -161.7794 epis: 0.4899 loss: 68.0274 
episode: 71 count: 109 score: -158.3095 average_last200: -161.7312 epis: 0.4850 loss: 36.3138 
episode: 72 count: 139 score: -124.7367 average_last200: -161.2244 epis: 0.4801 loss: 34.3405 
episode: 73 count: 255 score: -103.8118 average_last200: -160.4485 epis: 0.4753 loss: 85.7311 
episode: 74 count: 372 score: -24.6414 average_last200: -158.6378 epis: 0.4706 loss: 112.5917 
episode: 75 count: 179 score: -111.0697 average_last200: -158.0119 epis: 0.4659 loss: 56.3352 
episode: 76 count: 203 score: -0.8944 average_last200: -155.9714 epis: 0.4612 loss: 67.7664 
episode: 77 count: 134 score: -67.2408 average_last200: -154.8338 epis: 0.4566 loss: 52.4372 
episode: 78 count: 124 score: -55.8765 average_last200: -153.5812 epis: 0.4520 loss: 38.9745 
episode: 79 count: 347 score: -17.5282 average_last200: -151.8805 epis: 0.4475 loss: 113.5704 
episode: 80 count: 122 score: -133.1559 average_last200: -151.6494 epis: 0.4430 loss: 41.1414 
episode: 81 count: 197 score: -108.5053 average_last200: -151.1232 epis: 0.4386 loss: 62.8799 
episode: 82 count: 74 score: -86.6455 average_last200: -150.3464 epis: 0.4342 loss: 26.0232 
episode: 83 count: 1000 score: -5.2923 average_last200: -148.6196 epis: 0.4299 loss: 332.4358 
episode: 84 count: 1000 score: -39.5954 average_last200: -147.3369 epis: 0.4256 loss: 320.6013 
episode: 85 count: 1000 score: 2.1096 average_last200: -145.5992 epis: 0.4213 loss: 358.6084 
episode: 86 count: 256 score: -55.2312 average_last200: -144.5605 epis: 0.4171 loss: 100.5150 
episode: 87 count: 455 score: -84.4760 average_last200: -143.8777 epis: 0.4129 loss: 146.5912 
episode: 88 count: 907 score: -228.1865 average_last200: -144.8250 epis: 0.4088 loss: 324.2410 
episode: 89 count: 300 score: -49.2334 average_last200: -143.7628 epis: 0.4047 loss: 103.4376 
episode: 90 count: 163 score: -32.5805 average_last200: -142.5411 epis: 0.4007 loss: 58.9084 
episode: 91 count: 174 score: -61.1079 average_last200: -141.6559 epis: 0.3967 loss: 54.9070 
episode: 92 count: 1000 score: -82.0407 average_last200: -141.0149 epis: 0.3927 loss: 350.8332 
episode: 93 count: 107 score: -40.6473 average_last200: -139.9471 epis: 0.3888 loss: 30.0280 
episode: 94 count: 133 score: -57.8734 average_last200: -139.0832 epis: 0.3849 loss: 45.7229 
episode: 95 count: 1000 score: -72.3748 average_last200: -138.3883 epis: 0.3810 loss: 333.5033 
episode: 96 count: 1000 score: -97.0573 average_last200: -137.9622 epis: 0.3772 loss: 338.7304 
episode: 97 count: 708 score: -173.8529 average_last200: -138.3285 epis: 0.3735 loss: 235.9663 
episode: 98 count: 1000 score: -192.3522 average_last200: -138.8742 epis: 0.3697 loss: 314.3504 
episode: 99 count: 1000 score: -99.0981 average_last200: -138.4764 epis: 0.3660 loss: 300.8727 
episode: 100 count: 1000 score: -41.7278 average_last200: -137.5185 epis: 0.3624 loss: 291.3857 
episode: 101 count: 1000 score: -151.3638 average_last200: -137.6542 epis: 0.3587 loss: 297.7980 
episode: 102 count: 173 score: -167.2158 average_last200: -137.9412 epis: 0.3552 loss: 44.9094 
episode: 103 count: 346 score: -159.8708 average_last200: -138.1521 epis: 0.3516 loss: 103.1797 
episode: 104 count: 800 score: -408.0357 average_last200: -140.7224 epis: 0.3481 loss: 223.6305 
episode: 105 count: 582 score: -349.5325 average_last200: -142.6923 epis: 0.3446 loss: 165.3573 
episode: 106 count: 624 score: -216.8954 average_last200: -143.3858 epis: 0.3412 loss: 187.5048 
episode: 107 count: 1000 score: -34.2218 average_last200: -142.3750 epis: 0.3378 loss: 290.7870 
episode: 108 count: 753 score: -278.6136 average_last200: -143.6249 epis: 0.3344 loss: 230.4432 
episode: 109 count: 141 score: -206.7103 average_last200: -144.1984 epis: 0.3310 loss: 40.2804 
episode: 110 count: 984 score: -229.1005 average_last200: -144.9633 epis: 0.3277 loss: 281.4345 
episode: 111 count: 1000 score: -132.2585 average_last200: -144.8499 epis: 0.3244 loss: 310.4146 
episode: 112 count: 945 score: -264.4242 average_last200: -145.9081 epis: 0.3212 loss: 296.3938 
episode: 113 count: 547 score: -186.2072 average_last200: -146.2616 epis: 0.3180 loss: 169.7796 
episode: 114 count: 1000 score: -141.2789 average_last200: -146.2182 epis: 0.3148 loss: 318.0209 
episode: 115 count: 1000 score: -78.7174 average_last200: -145.6363 epis: 0.3117 loss: 297.9243 
episode: 116 count: 110 score: -11.9914 average_last200: -144.4941 epis: 0.3085 loss: 35.4557 
episode: 117 count: 1000 score: -78.8669 average_last200: -143.9379 epis: 0.3055 loss: 305.7043 
episode: 118 count: 1000 score: -137.2023 average_last200: -143.8813 epis: 0.3024 loss: 305.1500 
episode: 119 count: 1000 score: -61.3776 average_last200: -143.1938 epis: 0.2994 loss: 330.9403 
episode: 120 count: 1000 score: -146.1520 average_last200: -143.2182 epis: 0.2964 loss: 319.3456 
episode: 121 count: 1000 score: -146.6478 average_last200: -143.2463 epis: 0.2934 loss: 315.4572 
episode: 122 count: 1000 score: -121.4455 average_last200: -143.0691 epis: 0.2905 loss: 330.3445 
episode: 123 count: 1000 score: -55.6857 average_last200: -142.3644 epis: 0.2876 loss: 329.5751 
episode: 124 count: 1000 score: -24.6668 average_last200: -141.4228 epis: 0.2847 loss: 314.7283 
episode: 125 count: 1000 score: 18.4090 average_last200: -140.1543 epis: 0.2819 loss: 361.0410 
episode: 126 count: 1000 score: -78.0838 average_last200: -139.6656 epis: 0.2790 loss: 322.2984 
episode: 127 count: 1000 score: -66.9519 average_last200: -139.0975 epis: 0.2763 loss: 335.5311 
episode: 128 count: 1000 score: -55.6804 average_last200: -138.4508 epis: 0.2735 loss: 314.0185 
episode: 129 count: 1000 score: 0.4914 average_last200: -137.3820 epis: 0.2708 loss: 302.8191 
episode: 130 count: 1000 score: -26.6398 average_last200: -136.5367 epis: 0.2680 loss: 315.2358 
episode: 131 count: 125 score: -38.5572 average_last200: -135.7944 epis: 0.2654 loss: 42.5751 
episode: 132 count: 1000 score: -58.6840 average_last200: -135.2146 epis: 0.2627 loss: 336.4210 
episode: 133 count: 1000 score: -79.8512 average_last200: -134.8015 epis: 0.2601 loss: 326.5598 
episode: 134 count: 1000 score: -76.7730 average_last200: -134.3716 epis: 0.2575 loss: 348.0301 
episode: 135 count: 1000 score: -9.6381 average_last200: -133.4545 epis: 0.2549 loss: 339.1094 
episode: 136 count: 1000 score: -70.5325 average_last200: -132.9952 epis: 0.2524 loss: 334.9076 
episode: 137 count: 1000 score: -66.8869 average_last200: -132.5162 epis: 0.2498 loss: 330.3978 
episode: 138 count: 1000 score: -24.2395 average_last200: -131.7372 epis: 0.2473 loss: 329.8875 
episode: 139 count: 1000 score: -50.7078 average_last200: -131.1584 epis: 0.2449 loss: 332.6666 
episode: 140 count: 1000 score: -34.7753 average_last200: -130.4748 epis: 0.2424 loss: 323.4920 
episode: 141 count: 1000 score: -45.1409 average_last200: -129.8739 epis: 0.2400 loss: 327.9621 
episode: 142 count: 1000 score: -31.4283 average_last200: -129.1855 epis: 0.2376 loss: 303.3198 
episode: 143 count: 1000 score: -69.7215 average_last200: -128.7725 epis: 0.2352 loss: 321.9616 
episode: 144 count: 1000 score: -48.7362 average_last200: -128.2205 epis: 0.2329 loss: 305.7769 
episode: 145 count: 1000 score: -72.4980 average_last200: -127.8389 epis: 0.2305 loss: 318.5400 
episode: 146 count: 1000 score: -77.5618 average_last200: -127.4969 epis: 0.2282 loss: 318.6294 
episode: 147 count: 1000 score: -46.0745 average_last200: -126.9467 epis: 0.2259 loss: 312.5515 
episode: 148 count: 1000 score: -43.7770 average_last200: -126.3885 epis: 0.2237 loss: 324.4442 
episode: 149 count: 1000 score: -52.7285 average_last200: -125.8975 epis: 0.2215 loss: 304.5715 
episode: 150 count: 1000 score: -74.1021 average_last200: -125.5544 epis: 0.2192 loss: 323.8033 
episode: 151 count: 1000 score: 33.8703 average_last200: -124.5056 epis: 0.2170 loss: 298.0839 
episode: 152 count: 1000 score: 1.1581 average_last200: -123.6843 epis: 0.2149 loss: 299.5980 
episode: 153 count: 1000 score: -3.7996 average_last200: -122.9058 epis: 0.2127 loss: 303.1148 
episode: 154 count: 1000 score: -86.1812 average_last200: -122.6689 epis: 0.2106 loss: 301.2970 
episode: 155 count: 922 score: -367.1973 average_last200: -124.2363 epis: 0.2085 loss: 279.6763 
episode: 156 count: 1000 score: -43.7171 average_last200: -123.7235 epis: 0.2064 loss: 303.7540 
episode: 157 count: 1000 score: -24.0805 average_last200: -123.0928 epis: 0.2043 loss: 303.2504 
episode: 158 count: 514 score: 165.0524 average_last200: -121.2806 epis: 0.2023 loss: 145.4635 
episode: 159 count: 1000 score: -83.9600 average_last200: -121.0473 epis: 0.2003 loss: 325.2940 
episode: 160 count: 457 score: 127.5039 average_last200: -119.5035 epis: 0.1983 loss: 141.0005 
episode: 161 count: 1000 score: -7.9297 average_last200: -118.8148 epis: 0.1963 loss: 304.4406 
episode: 162 count: 1000 score: -26.1975 average_last200: -118.2466 epis: 0.1943 loss: 295.6031 
episode: 163 count: 1000 score: -78.3872 average_last200: -118.0036 epis: 0.1924 loss: 326.4289 
episode: 164 count: 1000 score: -26.8153 average_last200: -117.4509 epis: 0.1905 loss: 299.6780 
episode: 165 count: 1000 score: -31.9988 average_last200: -116.9361 epis: 0.1886 loss: 306.4976 
episode: 166 count: 1000 score: -38.4431 average_last200: -116.4661 epis: 0.1867 loss: 340.2210 
episode: 167 count: 1000 score: 5.7074 average_last200: -115.7389 epis: 0.1848 loss: 336.5137 
episode: 168 count: 1000 score: -67.2533 average_last200: -115.4520 epis: 0.1830 loss: 306.2356 
episode: 169 count: 1000 score: -52.6736 average_last200: -115.0827 epis: 0.1811 loss: 300.6714 
episode: 170 count: 1000 score: -29.9326 average_last200: -114.5848 epis: 0.1793 loss: 318.5433 
episode: 171 count: 1000 score: 37.3926 average_last200: -113.7012 epis: 0.1775 loss: 323.6241 
episode: 172 count: 419 score: 200.2849 average_last200: -111.8862 epis: 0.1757 loss: 124.7510 
episode: 173 count: 1000 score: -7.8120 average_last200: -111.2881 epis: 0.1740 loss: 284.0099 
episode: 174 count: 97 score: -54.9605 average_last200: -110.9662 epis: 0.1722 loss: 35.2558 
episode: 175 count: 1000 score: -105.2483 average_last200: -110.9337 epis: 0.1705 loss: 291.0419 
episode: 176 count: 1000 score: -44.3812 average_last200: -110.5577 epis: 0.1688 loss: 301.1062 
episode: 177 count: 116 score: -27.4011 average_last200: -110.0906 epis: 0.1671 loss: 32.7711 
episode: 178 count: 1000 score: -131.5958 average_last200: -110.2107 epis: 0.1655 loss: 304.8449 
episode: 179 count: 1000 score: 11.3217 average_last200: -109.5355 epis: 0.1638 loss: 321.2866 
episode: 180 count: 143 score: -114.4397 average_last200: -109.5626 epis: 0.1622 loss: 45.2525 
episode: 181 count: 214 score: 129.5347 average_last200: -108.2489 epis: 0.1605 loss: 66.0521 
episode: 182 count: 1000 score: -14.8232 average_last200: -107.7384 epis: 0.1589 loss: 316.0285 
episode: 183 count: 962 score: 107.6675 average_last200: -106.5677 epis: 0.1574 loss: 271.2588 
episode: 184 count: 1000 score: -66.7131 average_last200: -106.3523 epis: 0.1558 loss: 293.2647 
episode: 185 count: 1000 score: -17.0916 average_last200: -105.8724 epis: 0.1542 loss: 294.9172 
episode: 186 count: 1000 score: -64.0576 average_last200: -105.6488 epis: 0.1527 loss: 305.1102 
episode: 187 count: 1000 score: -33.6783 average_last200: -105.2659 epis: 0.1512 loss: 305.4887 
episode: 188 count: 1000 score: -47.1317 average_last200: -104.9583 epis: 0.1496 loss: 295.6917 
episode: 189 count: 1000 score: -62.0314 average_last200: -104.7324 epis: 0.1481 loss: 289.4341 
episode: 190 count: 1000 score: -72.4745 average_last200: -104.5635 epis: 0.1467 loss: 278.5758 
episode: 191 count: 313 score: 173.4486 average_last200: -103.1155 epis: 0.1452 loss: 95.1088 
episode: 192 count: 1000 score: -87.2590 average_last200: -103.0334 epis: 0.1437 loss: 281.7286 
episode: 193 count: 1000 score: -95.5290 average_last200: -102.9947 epis: 0.1423 loss: 259.8197 
episode: 194 count: 1000 score: -6.6101 average_last200: -102.5004 epis: 0.1409 loss: 263.0421 
episode: 195 count: 1000 score: -48.7451 average_last200: -102.2262 epis: 0.1395 loss: 246.2118 
episode: 196 count: 1000 score: -54.6458 average_last200: -101.9846 epis: 0.1381 loss: 251.8610 
episode: 197 count: 1000 score: -60.3815 average_last200: -101.7745 epis: 0.1367 loss: 236.6677 
episode: 198 count: 1000 score: -34.7253 average_last200: -101.4376 epis: 0.1353 loss: 246.3953 
episode: 199 count: 1000 score: -24.1798 average_last200: -101.0513 epis: 0.1340 loss: 235.7241 
episode: 200 count: 179 score: -91.8687 average_last200: -100.5019 epis: 0.1326 loss: 42.0549 
episode: 201 count: 1000 score: -25.9274 average_last200: -99.7980 epis: 0.1313 loss: 222.2165 
episode: 202 count: 1000 score: -35.8732 average_last200: -99.2727 epis: 0.1300 loss: 223.4023 
episode: 203 count: 1000 score: -60.8864 average_last200: -98.8173 epis: 0.1287 loss: 220.2644 
episode: 204 count: 1000 score: -95.0915 average_last200: -97.7676 epis: 0.1274 loss: 194.9380 
episode: 205 count: 290 score: -59.3308 average_last200: -96.9671 epis: 0.1261 loss: 61.8642 
episode: 206 count: 1000 score: -19.0542 average_last200: -96.3143 epis: 0.1249 loss: 202.4803 
episode: 207 count: 923 score: 79.8462 average_last200: -93.8308 epis: 0.1236 loss: 179.0445 
episode: 208 count: 282 score: 229.6333 average_last200: -90.7600 epis: 0.1224 loss: 55.1076 
episode: 209 count: 476 score: -155.8174 average_last200: -89.5217 epis: 0.1212 loss: 101.1383 
episode: 210 count: 961 score: 109.8695 average_last200: -88.0946 epis: 0.1200 loss: 212.0125 
episode: 211 count: 676 score: 117.8409 average_last200: -84.9540 epis: 0.1188 loss: 135.3753 
episode: 212 count: 1000 score: -34.4491 average_last200: -83.6667 epis: 0.1176 loss: 200.9705 
episode: 213 count: 1000 score: -72.4802 average_last200: -82.6329 epis: 0.1164 loss: 209.5794 
episode: 214 count: 1000 score: -21.4562 average_last200: -81.6352 epis: 0.1152 loss: 204.0940 
episode: 215 count: 635 score: 149.5736 average_last200: -80.0948 epis: 0.1141 loss: 131.1173 
episode: 216 count: 372 score: 171.6350 average_last200: -78.8594 epis: 0.1129 loss: 72.6263 
episode: 217 count: 809 score: 119.0521 average_last200: -76.8889 epis: 0.1118 loss: 171.2528 
episode: 218 count: 1000 score: -33.3105 average_last200: -75.9813 epis: 0.1107 loss: 199.4942 
episode: 219 count: 1000 score: -54.9280 average_last200: -75.6200 epis: 0.1096 loss: 203.3255 
episode: 220 count: 1000 score: -61.7247 average_last200: -75.0678 epis: 0.1085 loss: 192.0183 
episode: 221 count: 1000 score: -55.5051 average_last200: -74.2266 epis: 0.1074 loss: 196.3536 
episode: 222 count: 851 score: 146.8523 average_last200: -72.4284 epis: 0.1063 loss: 157.9270 
episode: 223 count: 843 score: 110.0159 average_last200: -70.9375 epis: 0.1053 loss: 164.6697 
episode: 224 count: 1000 score: -57.9275 average_last200: -70.6487 epis: 0.1042 loss: 189.2182 
episode: 225 count: 1000 score: -55.0579 average_last200: -69.9472 epis: 0.1032 loss: 183.3788 
episode: 226 count: 950 score: 107.4835 average_last200: -68.5223 epis: 0.1021 loss: 172.5567 
episode: 227 count: 500 score: 178.8576 average_last200: -66.9023 epis: 0.1011 loss: 95.7685 
episode: 228 count: 784 score: 109.5671 average_last200: -64.3280 epis: 0.1001 loss: 145.1615 
episode: 229 count: 497 score: 152.1343 average_last200: -62.9273 epis: 0.0991 loss: 92.7147 
episode: 230 count: 598 score: 125.1410 average_last200: -61.1897 epis: 0.0981 loss: 104.6479 
episode: 231 count: 1000 score: -5.2547 average_last200: -60.3433 epis: 0.0971 loss: 181.3125 
episode: 232 count: 586 score: 121.6829 average_last200: -58.6497 epis: 0.0962 loss: 107.6361 
episode: 233 count: 1000 score: 11.9289 average_last200: -58.1927 epis: 0.0952 loss: 180.3382 
episode: 234 count: 652 score: 130.2105 average_last200: -57.0114 epis: 0.0942 loss: 107.7494 
episode: 235 count: 1000 score: -18.8702 average_last200: -55.8956 epis: 0.0933 loss: 179.3955 
episode: 236 count: 1000 score: -24.2702 average_last200: -55.7797 epis: 0.0924 loss: 176.9378 
episode: 237 count: 1000 score: -34.6300 average_last200: -55.6023 epis: 0.0914 loss: 174.0210 
episode: 238 count: 1000 score: 40.9943 average_last200: -54.7629 epis: 0.0905 loss: 175.2270 
episode: 239 count: 1000 score: -23.8721 average_last200: -54.1790 epis: 0.0896 loss: 172.5861 
episode: 240 count: 1000 score: -42.0715 average_last200: -53.8694 epis: 0.0887 loss: 164.6391 
episode: 241 count: 1000 score: -19.4774 average_last200: -53.2290 epis: 0.0878 loss: 165.0803 
episode: 242 count: 1000 score: -35.3024 average_last200: -52.9585 epis: 0.0870 loss: 176.0035 
episode: 243 count: 1000 score: -55.1373 average_last200: -52.1900 epis: 0.0861 loss: 163.6816 
episode: 244 count: 1000 score: -26.4717 average_last200: -51.5179 epis: 0.0852 loss: 169.4890 
episode: 245 count: 803 score: 128.2522 average_last200: -50.1761 epis: 0.0844 loss: 130.7778 
episode: 246 count: 514 score: 206.0338 average_last200: -48.6624 epis: 0.0835 loss: 80.6064 
episode: 247 count: 510 score: 221.5478 average_last200: -47.1869 epis: 0.0827 loss: 80.7055 
episode: 248 count: 1000 score: -82.6155 average_last200: -46.9042 epis: 0.0819 loss: 143.2711 
episode: 249 count: 1000 score: -89.1567 average_last200: -46.2457 epis: 0.0811 loss: 159.9237 
episode: 250 count: 1000 score: -99.5919 average_last200: -46.4080 epis: 0.0802 loss: 161.9851 
episode: 251 count: 1000 score: -59.4435 average_last200: -46.0680 epis: 0.0794 loss: 163.2772 
episode: 252 count: 1000 score: -92.9934 average_last200: -45.7826 epis: 0.0787 loss: 151.4580 
episode: 253 count: 1000 score: -65.9250 average_last200: -45.4355 epis: 0.0779 loss: 153.6158 
episode: 254 count: 1000 score: -34.1090 average_last200: -45.3058 epis: 0.0771 loss: 157.5692 
episode: 255 count: 1000 score: -40.0506 average_last200: -44.8499 epis: 0.0763 loss: 152.9429 
episode: 256 count: 1000 score: -69.4639 average_last200: -44.7882 epis: 0.0756 loss: 159.1574 
episode: 257 count: 1000 score: -65.8676 average_last200: -44.8357 epis: 0.0748 loss: 159.3389 
episode: 258 count: 1000 score: -74.7619 average_last200: -45.0193 epis: 0.0740 loss: 150.9169 
episode: 259 count: 1000 score: -81.3843 average_last200: -44.9172 epis: 0.0733 loss: 153.7594 
episode: 260 count: 1000 score: -49.8874 average_last200: -44.6817 epis: 0.0726 loss: 144.5260 
episode: 261 count: 1000 score: -56.2670 average_last200: -44.6159 epis: 0.0718 loss: 151.4463 
episode: 262 count: 1000 score: -34.5379 average_last200: -44.3685 epis: 0.0711 loss: 138.2164 
episode: 263 count: 1000 score: -46.5699 average_last200: -44.4458 epis: 0.0704 loss: 143.9730 
episode: 264 count: 1000 score: -94.9059 average_last200: -44.2609 epis: 0.0697 loss: 146.9531 
episode: 265 count: 1000 score: -30.6302 average_last200: -44.3081 epis: 0.0690 loss: 144.5505 
episode: 266 count: 1000 score: -70.6817 average_last200: -44.3403 epis: 0.0683 loss: 124.6001 
episode: 267 count: 218 score: 271.0661 average_last200: -42.5103 epis: 0.0676 loss: 28.4497 
episode: 268 count: 1000 score: -84.3558 average_last200: -42.0312 epis: 0.0670 loss: 131.8114 
episode: 269 count: 466 score: 203.7487 average_last200: -40.6815 epis: 0.0663 loss: 58.3851 
episode: 270 count: 1000 score: -48.1445 average_last200: -40.6417 epis: 0.0656 loss: 109.3546 
episode: 271 count: 1000 score: -75.6381 average_last200: -40.2284 epis: 0.0650 loss: 115.6508 
episode: 272 count: 1000 score: -52.0195 average_last200: -39.8648 epis: 0.0643 loss: 99.5729 
episode: 273 count: 1000 score: -33.7203 average_last200: -39.5143 epis: 0.0637 loss: 107.5202 
episode: 274 count: 1000 score: -48.7581 average_last200: -39.6349 epis: 0.0630 loss: 109.0558 
episode: 275 count: 1000 score: -23.9658 average_last200: -39.1994 epis: 0.0624 loss: 107.2796 
episode: 276 count: 1000 score: -38.7350 average_last200: -39.3886 epis: 0.0618 loss: 105.5761 
episode: 277 count: 901 score: 93.9879 average_last200: -38.5825 epis: 0.0612 loss: 93.2338 
episode: 278 count: 1000 score: -105.2468 average_last200: -38.8293 epis: 0.0606 loss: 98.4243 
episode: 279 count: 1000 score: -69.5703 average_last200: -39.0895 epis: 0.0600 loss: 106.0126 
episode: 280 count: 1000 score: -54.2888 average_last200: -38.6952 epis: 0.0594 loss: 101.4496 
episode: 281 count: 1000 score: -20.5415 average_last200: -38.2554 epis: 0.0588 loss: 93.2281 
episode: 282 count: 1000 score: -30.7631 average_last200: -37.9760 epis: 0.0582 loss: 82.4685 
episode: 283 count: 1000 score: -73.0018 average_last200: -38.3145 epis: 0.0576 loss: 80.2132 
episode: 284 count: 1000 score: -20.4837 average_last200: -38.2190 epis: 0.0570 loss: 85.0261 
episode: 285 count: 1000 score: -38.5236 average_last200: -38.4221 epis: 0.0565 loss: 77.7665 
episode: 286 count: 1000 score: -106.3883 average_last200: -38.6779 epis: 0.0559 loss: 72.2744 
episode: 287 count: 1000 score: -134.7817 average_last200: -38.9294 epis: 0.0553 loss: 69.5546 
episode: 288 count: 1000 score: -16.3569 average_last200: -37.8703 epis: 0.0548 loss: 69.2989 
episode: 289 count: 1000 score: -69.7660 average_last200: -37.9729 epis: 0.0542 loss: 67.5100 
episode: 290 count: 1000 score: -130.8178 average_last200: -38.4641 epis: 0.0537 loss: 57.9003 
episode: 291 count: 1000 score: -92.2763 average_last200: -38.6200 epis: 0.0531 loss: 59.9148 
episode: 292 count: 625 score: -240.1629 average_last200: -39.4106 epis: 0.0526 loss: 41.4283 
episode: 293 count: 1000 score: -38.6153 average_last200: -39.4004 epis: 0.0521 loss: 57.3381 
episode: 294 count: 1000 score: -70.2865 average_last200: -39.4625 epis: 0.0516 loss: 56.9581 
episode: 295 count: 1000 score: -45.0563 average_last200: -39.3259 epis: 0.0511 loss: 54.3968 
episode: 296 count: 1000 score: -59.2266 average_last200: -39.1367 epis: 0.0505 loss: 56.7652 
episode: 297 count: 1000 score: -79.0950 average_last200: -38.6630 epis: 0.0500 loss: 54.6385 
episode: 298 count: 1000 score: -76.8274 average_last200: -38.0853 epis: 0.0495 loss: 52.7598 
episode: 299 count: 1000 score: -75.3545 average_last200: -37.9666 epis: 0.0490 loss: 57.9872 
episode: 300 count: 1000 score: -66.0435 average_last200: -38.0882 epis: 0.0486 loss: 55.2316 
episode: 301 count: 1000 score: -91.4754 average_last200: -37.7887 epis: 0.0481 loss: 53.4111 
episode: 302 count: 1000 score: -32.4061 average_last200: -37.1147 epis: 0.0476 loss: 52.7915 
episode: 303 count: 1000 score: -7.5687 average_last200: -36.3532 epis: 0.0471 loss: 52.7311 
episode: 304 count: 1000 score: -54.5764 average_last200: -34.5859 epis: 0.0466 loss: 52.0433 
episode: 305 count: 1000 score: -64.0943 average_last200: -33.1587 epis: 0.0462 loss: 49.5787 
episode: 306 count: 758 score: 183.7219 average_last200: -31.1556 epis: 0.0457 loss: 36.3825 
episode: 307 count: 1000 score: -88.3232 average_last200: -31.4261 epis: 0.0453 loss: 48.1372 
episode: 308 count: 1000 score: -60.9468 average_last200: -30.3378 epis: 0.0448 loss: 50.0359 
episode: 309 count: 1000 score: -68.1465 average_last200: -29.6450 epis: 0.0444 loss: 53.5054 
episode: 310 count: 1000 score: -65.1837 average_last200: -28.8254 epis: 0.0439 loss: 48.4298 
episode: 311 count: 552 score: 147.9858 average_last200: -27.4242 epis: 0.0435 loss: 26.4497 
episode: 312 count: 1000 score: -33.3705 average_last200: -26.2689 epis: 0.0430 loss: 52.0987 
episode: 313 count: 953 score: 93.4607 average_last200: -24.8706 epis: 0.0426 loss: 48.6571 
episode: 314 count: 596 score: 161.7319 average_last200: -23.3555 epis: 0.0422 loss: 28.3342 
episode: 315 count: 692 score: 136.9766 average_last200: -22.2770 epis: 0.0418 loss: 41.9291 
episode: 316 count: 1000 score: -28.0262 average_last200: -22.3572 epis: 0.0413 loss: 51.1139 
episode: 317 count: 1000 score: -39.2631 average_last200: -22.1592 epis: 0.0409 loss: 48.4721 
episode: 318 count: 571 score: 154.2662 average_last200: -20.7018 epis: 0.0405 loss: 29.2391 
episode: 319 count: 1000 score: -46.0001 average_last200: -20.6250 epis: 0.0401 loss: 51.8443 
episode: 320 count: 487 score: 190.6515 average_last200: -18.9409 epis: 0.0397 loss: 23.9875 
episode: 321 count: 1000 score: 95.0935 average_last200: -17.7322 epis: 0.0393 loss: 45.7781 
episode: 322 count: 1000 score: -77.7805 average_last200: -17.5139 epis: 0.0389 loss: 48.1900 
episode: 323 count: 1000 score: 18.1978 average_last200: -17.1445 epis: 0.0385 loss: 44.7745 
episode: 324 count: 999 score: 147.6892 average_last200: -16.2827 epis: 0.0381 loss: 43.9997 
episode: 325 count: 1000 score: 79.0121 average_last200: -15.9797 epis: 0.0378 loss: 45.4663 
episode: 326 count: 591 score: 146.0398 average_last200: -14.8591 epis: 0.0374 loss: 31.4332 
episode: 327 count: 1000 score: -11.4185 average_last200: -14.5814 epis: 0.0370 loss: 48.6177 
episode: 328 count: 513 score: 181.9829 average_last200: -13.3931 epis: 0.0366 loss: 27.2712 
episode: 329 count: 980 score: 97.4205 average_last200: -12.9085 epis: 0.0363 loss: 52.9319 
episode: 330 count: 441 score: 172.5360 average_last200: -11.9126 epis: 0.0359 loss: 22.5595 
episode: 331 count: 892 score: 97.4225 average_last200: -11.2327 epis: 0.0356 loss: 50.3970 
episode: 332 count: 345 score: 247.8416 average_last200: -9.7000 epis: 0.0352 loss: 18.3475 
episode: 333 count: 273 score: 253.6036 average_last200: -8.0328 epis: 0.0348 loss: 11.2352 
episode: 334 count: 468 score: 188.3206 average_last200: -6.7073 epis: 0.0345 loss: 24.3028 
episode: 335 count: 541 score: 165.5576 average_last200: -5.8313 epis: 0.0342 loss: 28.5988 
episode: 336 count: 382 score: 164.3339 average_last200: -4.6570 epis: 0.0338 loss: 16.6859 
episode: 337 count: 424 score: 179.8010 average_last200: -3.4236 epis: 0.0335 loss: 19.5502 
episode: 338 count: 338 score: 212.5019 average_last200: -2.2398 epis: 0.0331 loss: 22.4033 
episode: 339 count: 595 score: 142.2383 average_last200: -1.2751 epis: 0.0328 loss: 34.6116 
episode: 340 count: 548 score: 152.6940 average_last200: -0.3378 epis: 0.0325 loss: 27.2399 
episode: 341 count: 1000 score: -99.2567 average_last200: -0.6083 epis: 0.0322 loss: 49.4056 
episode: 342 count: 741 score: 79.4238 average_last200: -0.0541 epis: 0.0318 loss: 41.7932 
episode: 343 count: 663 score: 114.1242 average_last200: 0.8651 epis: 0.0315 loss: 33.9159 
episode: 344 count: 669 score: 143.3263 average_last200: 1.8255 epis: 0.0312 loss: 33.7509 
episode: 345 count: 812 score: 103.7219 average_last200: 2.7066 epis: 0.0309 loss: 40.5380 
episode: 346 count: 1000 score: -34.9425 average_last200: 2.9196 epis: 0.0306 loss: 52.6955 
episode: 347 count: 583 score: 150.4764 average_last200: 3.9024 epis: 0.0303 loss: 29.5437 
episode: 348 count: 346 score: 185.7629 average_last200: 5.0501 epis: 0.0300 loss: 17.9529 
episode: 349 count: 1000 score: -47.1542 average_last200: 5.0780 epis: 0.0297 loss: 55.0930 
episode: 350 count: 531 score: 209.6550 average_last200: 6.4968 epis: 0.0294 loss: 25.3332 
episode: 351 count: 702 score: 118.7367 average_last200: 6.9211 epis: 0.0291 loss: 38.0535 
episode: 352 count: 1000 score: -16.9474 average_last200: 6.8306 epis: 0.0288 loss: 50.3626 
episode: 353 count: 1000 score: -38.2109 average_last200: 6.6585 epis: 0.0285 loss: 51.0231 
episode: 354 count: 925 score: 108.2562 average_last200: 7.6307 epis: 0.0282 loss: 44.3837 
episode: 355 count: 535 score: 158.3511 average_last200: 10.2584 epis: 0.0279 loss: 25.7306 
episode: 356 count: 331 score: 149.8528 average_last200: 11.2263 epis: 0.0277 loss: 18.5722 
episode: 357 count: 1000 score: -8.7450 average_last200: 11.3030 epis: 0.0274 loss: 48.3841 
episode: 358 count: 469 score: 235.6981 average_last200: 11.6562 epis: 0.0271 loss: 24.4807 
episode: 359 count: 394 score: 175.4113 average_last200: 12.9530 epis: 0.0268 loss: 16.8160 
episode: 360 count: 343 score: 218.8045 average_last200: 13.4096 epis: 0.0266 loss: 15.1126 
episode: 361 count: 1000 score: -53.1131 average_last200: 13.1836 epis: 0.0263 loss: 44.2439 
episode: 362 count: 310 score: 188.3006 average_last200: 14.2561 epis: 0.0260 loss: 16.0411 
episode: 363 count: 263 score: 234.5556 average_last200: 15.8208 epis: 0.0258 loss: 12.2075 
episode: 364 count: 582 score: 189.3596 average_last200: 16.9017 epis: 0.0255 loss: 30.1878 
episode: 365 count: 751 score: 152.6380 average_last200: 17.8249 epis: 0.0253 loss: 41.3738 
episode: 366 count: 1000 score: -18.1494 average_last200: 17.9264 epis: 0.0250 loss: 56.4997 
episode: 367 count: 811 score: 124.6701 average_last200: 18.5212 epis: 0.0248 loss: 46.4448 
episode: 368 count: 965 score: 105.6206 average_last200: 19.3855 epis: 0.0245 loss: 51.9153 
episode: 369 count: 649 score: 177.1017 average_last200: 20.5344 epis: 0.0243 loss: 32.0315 
episode: 370 count: 325 score: 256.9344 average_last200: 21.9688 epis: 0.0240 loss: 18.6215 
episode: 371 count: 720 score: 125.5801 average_last200: 22.4097 epis: 0.0238 loss: 46.1331 
episode: 372 count: 592 score: 181.0461 average_last200: 22.3135 epis: 0.0235 loss: 38.3002 
episode: 373 count: 1000 score: -54.2700 average_last200: 22.0812 epis: 0.0233 loss: 58.3023 
episode: 374 count: 654 score: 137.3319 average_last200: 23.0427 epis: 0.0231 loss: 38.7314 
episode: 375 count: 762 score: 169.7518 average_last200: 24.4177 epis: 0.0228 loss: 42.9287 
episode: 376 count: 1000 score: -99.0653 average_last200: 24.1443 epis: 0.0226 loss: 60.5704 
episode: 377 count: 1000 score: -57.8679 average_last200: 23.9919 epis: 0.0224 loss: 65.3553 
episode: 378 count: 685 score: 173.6269 average_last200: 25.5180 epis: 0.0222 loss: 37.8596 
episode: 379 count: 1000 score: -6.3099 average_last200: 25.4299 epis: 0.0219 loss: 62.4056 
episode: 380 count: 1000 score: -40.3518 average_last200: 25.8003 epis: 0.0217 loss: 63.2883 
episode: 381 count: 1000 score: -35.6081 average_last200: 24.9746 epis: 0.0215 loss: 60.3682 
episode: 382 count: 1000 score: 24.4855 average_last200: 25.1711 epis: 0.0213 loss: 62.4335 
episode: 383 count: 1000 score: -96.2219 average_last200: 24.1517 epis: 0.0211 loss: 60.6546 
episode: 384 count: 433 score: 180.2387 average_last200: 25.3865 epis: 0.0209 loss: 22.5315 
episode: 385 count: 396 score: 214.0097 average_last200: 26.5420 epis: 0.0207 loss: 23.1596 
episode: 386 count: 353 score: 182.2052 average_last200: 27.7733 epis: 0.0205 loss: 21.1774 
episode: 387 count: 1000 score: 2.9127 average_last200: 27.9562 epis: 0.0203 loss: 61.4047 
episode: 388 count: 392 score: 185.8440 average_last200: 29.1211 epis: 0.0200 loss: 25.0566 
episode: 389 count: 1000 score: 15.3051 average_last200: 29.5078 epis: 0.0198 loss: 60.3037 
episode: 390 count: 688 score: 144.6699 average_last200: 30.5935 epis: 0.0196 loss: 41.5616 
episode: 391 count: 355 score: 207.5704 average_last200: 30.7641 epis: 0.0195 loss: 19.7287 
episode: 392 count: 387 score: 210.4212 average_last200: 32.2525 epis: 0.0193 loss: 21.9457 
episode: 393 count: 364 score: 219.2276 average_last200: 33.8263 epis: 0.0191 loss: 22.2282 
episode: 394 count: 674 score: 143.4184 average_last200: 34.5765 epis: 0.0189 loss: 38.7284 
episode: 395 count: 334 score: 165.1338 average_last200: 35.6458 epis: 0.0187 loss: 20.3322 
episode: 396 count: 276 score: 232.4626 average_last200: 37.0814 epis: 0.0185 loss: 16.6990 
episode: 397 count: 710 score: 148.1832 average_last200: 38.1242 epis: 0.0183 loss: 41.9422 
episode: 398 count: 207 score: 254.0218 average_last200: 39.5679 epis: 0.0181 loss: 13.3383 
episode: 399 count: 295 score: 206.4272 average_last200: 40.7210 epis: 0.0180 loss: 15.1290 
episode: 400 count: 546 score: 172.6969 average_last200: 42.0438 epis: 0.0178 loss: 34.3330 
episode: 401 count: 242 score: 261.9001 average_last200: 43.4829 epis: 0.0176 loss: 17.2476 
episode: 402 count: 841 score: 97.6335 average_last200: 44.1505 epis: 0.0174 loss: 60.3057 
episode: 403 count: 502 score: 188.3554 average_last200: 45.3967 epis: 0.0172 loss: 30.2200 
episode: 404 count: 293 score: 234.5735 average_last200: 47.0450 epis: 0.0171 loss: 17.8326 
episode: 405 count: 321 score: 196.8774 average_last200: 48.3261 epis: 0.0169 loss: 23.7153 
episode: 406 count: 330 score: 249.5242 average_last200: 49.6689 epis: 0.0167 loss: 24.2281 
episode: 407 count: 240 score: 223.1218 average_last200: 50.3853 epis: 0.0166 loss: 22.4702 
episode: 408 count: 294 score: 222.3957 average_last200: 50.3491 epis: 0.0164 loss: 23.3052 
episode: 409 count: 430 score: 197.7450 average_last200: 52.1170 epis: 0.0162 loss: 25.4611 
episode: 410 count: 494 score: 234.2494 average_last200: 52.7389 epis: 0.0161 loss: 33.2259 
episode: 411 count: 280 score: 225.1112 average_last200: 53.2752 epis: 0.0159 loss: 22.0130 
episode: 412 count: 646 score: 141.1303 average_last200: 54.1531 epis: 0.0158 loss: 42.7738 
episode: 413 count: 533 score: 190.9199 average_last200: 55.4701 epis: 0.0156 loss: 36.7560 
episode: 414 count: 1000 score: -42.4090 average_last200: 55.3653 epis: 0.0154 loss: 67.1009 
episode: 415 count: 714 score: 155.8608 average_last200: 55.3968 epis: 0.0153 loss: 46.4511 
episode: 416 count: 225 score: 245.0701 average_last200: 55.7639 epis: 0.0151 loss: 16.8680 
episode: 417 count: 663 score: 152.0437 average_last200: 55.9289 epis: 0.0150 loss: 52.8079 
episode: 418 count: 1000 score: -54.7136 average_last200: 55.8219 epis: 0.0148 loss: 73.9130 
episode: 419 count: 189 score: 249.5655 average_last200: 57.3444 epis: 0.0147 loss: 19.1034 
episode: 420 count: 299 score: 221.7188 average_last200: 58.7616 epis: 0.0145 loss: 24.5042 
episode: 421 count: 228 score: 244.0978 average_last200: 60.2596 epis: 0.0144 loss: 16.9808 
episode: 422 count: 987 score: 65.5161 average_last200: 59.8529 epis: 0.0142 loss: 78.8393 
episode: 423 count: 244 score: 209.2764 average_last200: 60.3492 epis: 0.0141 loss: 17.3857 
episode: 424 count: 684 score: 131.8321 average_last200: 61.2980 epis: 0.0140 loss: 51.9708 
episode: 425 count: 1000 score: -83.1594 average_last200: 61.1575 epis: 0.0138 loss: 75.4088 
episode: 426 count: 187 score: 252.9075 average_last200: 61.8846 epis: 0.0137 loss: 11.6131 
episode: 427 count: 315 score: 233.3390 average_last200: 62.1570 epis: 0.0135 loss: 27.5510 
episode: 428 count: 672 score: 127.1584 average_last200: 62.2450 epis: 0.0134 loss: 57.0777 
episode: 429 count: 182 score: 266.7157 average_last200: 62.8179 epis: 0.0133 loss: 14.2274 
episode: 430 count: 212 score: 241.3712 average_last200: 63.3990 epis: 0.0131 loss: 14.8641 
episode: 431 count: 1000 score: -72.1125 average_last200: 63.0648 epis: 0.0130 loss: 81.6832 
episode: 432 count: 146 score: -277.8585 average_last200: 61.0670 epis: 0.0129 loss: 10.7171 
episode: 433 count: 226 score: 235.2335 average_last200: 62.1836 epis: 0.0128 loss: 18.8898 
episode: 434 count: 1000 score: -68.4827 average_last200: 61.1901 epis: 0.0126 loss: 80.7976 
episode: 435 count: 211 score: 227.2986 average_last200: 62.4209 epis: 0.0125 loss: 17.7235 
episode: 436 count: 381 score: 192.8940 average_last200: 63.5068 epis: 0.0124 loss: 27.1830 
episode: 437 count: 269 score: 197.9214 average_last200: 64.6695 epis: 0.0123 loss: 21.7036 
episode: 438 count: 214 score: 235.3359 average_last200: 65.6412 epis: 0.0121 loss: 18.4662 
episode: 439 count: 258 score: 222.4825 average_last200: 66.8730 epis: 0.0120 loss: 19.0754 
episode: 440 count: 712 score: 158.4799 average_last200: 67.8758 epis: 0.0119 loss: 65.4654 
episode: 441 count: 127 score: 18.9646 average_last200: 68.0680 epis: 0.0118 loss: 9.4402 
episode: 442 count: 226 score: 217.0635 average_last200: 69.3298 epis: 0.0117 loss: 18.5411 
episode: 443 count: 201 score: 205.7599 average_last200: 70.6343 epis: 0.0115 loss: 17.0285 
episode: 444 count: 219 score: 213.5458 average_last200: 71.8344 epis: 0.0114 loss: 18.5999 
episode: 445 count: 502 score: 169.1825 average_last200: 72.0390 epis: 0.0113 loss: 40.2376 
episode: 446 count: 184 score: 172.5036 average_last200: 71.8714 epis: 0.0112 loss: 14.2144 
episode: 447 count: 578 score: -91.5609 average_last200: 70.3058 epis: 0.0111 loss: 44.6886 
episode: 448 count: 183 score: 261.9010 average_last200: 72.0284 epis: 0.0110 loss: 12.4209 
episode: 449 count: 212 score: 229.1046 average_last200: 73.6197 epis: 0.0109 loss: 19.3383 
episode: 450 count: 565 score: 186.1527 average_last200: 75.0484 epis: 0.0108 loss: 50.8954 
episode: 451 count: 783 score: 165.8501 average_last200: 76.1749 epis: 0.0106 loss: 75.2894 
episode: 452 count: 227 score: 210.2121 average_last200: 77.6909 epis: 0.0105 loss: 20.1723 
episode: 453 count: 626 score: 201.1646 average_last200: 79.0264 epis: 0.0104 loss: 47.7642 
episode: 454 count: 170 score: 206.7442 average_last200: 80.2307 epis: 0.0103 loss: 14.6539 
episode: 455 count: 187 score: 208.8046 average_last200: 81.4749 epis: 0.0102 loss: 16.2768 
episode: 456 count: 282 score: 225.3648 average_last200: 82.9491 epis: 0.0101 loss: 22.9881 
episode: 457 count: 216 score: 240.2921 average_last200: 84.4799 epis: 0.0100 loss: 20.2278 
episode: 458 count: 298 score: 209.7306 average_last200: 85.9023 epis: 0.0099 loss: 28.5982 
episode: 459 count: 722 score: 199.0833 average_last200: 87.3047 epis: 0.0098 loss: 70.5157 
episode: 460 count: 698 score: 163.0201 average_last200: 88.3692 epis: 0.0097 loss: 70.3244 
episode: 461 count: 138 score: 27.5632 average_last200: 88.7884 epis: 0.0096 loss: 10.3892 
episode: 462 count: 542 score: 205.8187 average_last200: 89.9901 epis: 0.0095 loss: 53.3400 
episode: 463 count: 194 score: 220.0398 average_last200: 91.3232 epis: 0.0094 loss: 16.6040 
episode: 464 count: 177 score: -7.4989 average_last200: 91.7602 epis: 0.0093 loss: 15.4136 
episode: 465 count: 354 score: 207.9778 average_last200: 92.9533 epis: 0.0092 loss: 37.3381 
episode: 466 count: 656 score: 163.1414 average_last200: 94.1224 epis: 0.0092 loss: 62.6946 
episode: 467 count: 559 score: 202.2859 average_last200: 93.7785 epis: 0.0091 loss: 49.7753 
episode: 468 count: 360 score: 254.7955 average_last200: 95.4742 epis: 0.0090 loss: 33.8116 
episode: 469 count: 256 score: 188.2311 average_last200: 95.3967 epis: 0.0089 loss: 21.9034 
episode: 470 count: 386 score: 220.8158 average_last200: 96.7415 epis: 0.0088 loss: 42.3174 
episode: 471 count: 243 score: 215.6632 average_last200: 98.1980 epis: 0.0087 loss: 25.3097 
episode: 472 count: 1000 score: -48.4734 average_last200: 98.2157 epis: 0.0086 loss: 103.3103 
episode: 473 count: 274 score: 196.7634 average_last200: 99.3681 epis: 0.0085 loss: 30.9690 
episode: 474 count: 329 score: 228.2985 average_last200: 100.7534 epis: 0.0084 loss: 39.2374 
episode: 475 count: 490 score: 149.1332 average_last200: 101.6189 epis: 0.0084 loss: 48.2870 
episode: 476 count: 277 score: 252.4420 average_last200: 103.0748 epis: 0.0083 loss: 30.2319 
episode: 477 count: 189 score: 224.2395 average_last200: 103.7260 epis: 0.0082 loss: 15.0644 
episode: 478 count: 265 score: 220.5188 average_last200: 105.3549 epis: 0.0081 loss: 27.7912 
episode: 479 count: 297 score: 200.1394 average_last200: 106.7034 epis: 0.0080 loss: 31.1210 
episode: 480 count: 373 score: 226.3715 average_last200: 108.1067 epis: 0.0080 loss: 37.4662 
episode: 481 count: 295 score: 229.2737 average_last200: 109.3558 epis: 0.0079 loss: 26.5695 
episode: 482 count: 630 score: 205.0326 average_last200: 110.5348 epis: 0.0078 loss: 61.4506 
episode: 483 count: 338 score: 235.6741 average_last200: 112.0781 epis: 0.0077 loss: 33.8673 
episode: 484 count: 425 score: 183.3131 average_last200: 113.0971 epis: 0.0076 loss: 35.4922 
episode: 485 count: 217 score: 222.9669 average_last200: 114.4046 epis: 0.0076 loss: 22.6424 
episode: 486 count: 300 score: -10.2084 average_last200: 114.8855 epis: 0.0075 loss: 32.7914 
episode: 487 count: 195 score: 224.3950 average_last200: 116.6814 epis: 0.0074 loss: 20.1303 
episode: 488 count: 376 score: 174.6940 average_last200: 117.6366 epis: 0.0073 loss: 42.9522 
episode: 489 count: 1000 score: 21.6104 average_last200: 118.0935 epis: 0.0073 loss: 103.3683 
episode: 490 count: 498 score: 211.9357 average_last200: 119.8073 epis: 0.0072 loss: 51.7931 
episode: 491 count: 275 score: 181.9689 average_last200: 121.1785 epis: 0.0071 loss: 30.8568 
episode: 492 count: 197 score: -23.2879 average_last200: 122.2629 epis: 0.0070 loss: 23.4081 
episode: 493 count: 264 score: 251.8342 average_last200: 123.7151 epis: 0.0070 loss: 35.6588 
episode: 494 count: 259 score: 215.3052 average_last200: 125.1431 epis: 0.0069 loss: 23.9770 
episode: 495 count: 360 score: 185.7758 average_last200: 126.2972 epis: 0.0068 loss: 37.0611 
episode: 496 count: 214 score: 199.7396 average_last200: 127.5921 epis: 0.0068 loss: 20.3722 
episode: 497 count: 398 score: 208.7342 average_last200: 129.0312 epis: 0.0067 loss: 42.1234 
episode: 498 count: 361 score: 242.8236 average_last200: 130.6295 epis: 0.0066 loss: 48.2232 
episode: 499 count: 247 score: 202.6371 average_last200: 132.0194 epis: 0.0066 loss: 26.5446 
episode: 500 count: 536 score: 154.4142 average_last200: 133.1217 epis: 0.0065 loss: 62.0375 
episode: 501 count: 655 score: 168.1409 average_last200: 134.4198 epis: 0.0064 loss: 70.0127 
episode: 502 count: 191 score: 200.6096 average_last200: 135.5849 epis: 0.0064 loss: 20.6145 
episode: 503 count: 475 score: 172.8722 average_last200: 136.4871 epis: 0.0063 loss: 58.2289 
episode: 504 count: 289 score: 195.1033 average_last200: 137.7355 epis: 0.0062 loss: 27.1099 
episode: 505 count: 657 score: 138.1949 average_last200: 138.7469 epis: 0.0062 loss: 57.4545 
episode: 506 count: 390 score: 182.4925 average_last200: 138.7408 epis: 0.0061 loss: 49.4330 
episode: 507 count: 236 score: 217.4659 average_last200: 140.2697 epis: 0.0061 loss: 26.4612 
episode: 508 count: 200 score: 258.3271 average_last200: 141.8661 epis: 0.0060 loss: 23.2508 
episode: 509 count: 510 score: 216.3454 average_last200: 143.2885 epis: 0.0059 loss: 56.9964 
episode: 510 count: 324 score: 214.5480 average_last200: 144.6872 epis: 0.0059 loss: 32.4907 
episode: 511 count: 493 score: 183.0140 average_last200: 144.8623 epis: 0.0058 loss: 55.6676 
episode: 512 count: 218 score: 208.6974 average_last200: 146.0727 epis: 0.0058 loss: 21.5598 
episode: 513 count: 472 score: 210.3819 average_last200: 146.6573 epis: 0.0057 loss: 53.4166 
episode: 514 count: 203 score: 231.6381 average_last200: 147.0068 epis: 0.0057 loss: 22.4898 
episode: 515 count: 250 score: 216.8027 average_last200: 147.4060 epis: 0.0056 loss: 29.7271 
episode: 516 count: 390 score: 226.7979 average_last200: 148.6801 epis: 0.0055 loss: 41.9441 
episode: 517 count: 238 score: 222.7291 average_last200: 149.9900 epis: 0.0055 loss: 23.1773 
episode: 518 count: 244 score: 208.3697 average_last200: 150.2606 epis: 0.0054 loss: 26.8891 
episode: 519 count: 738 score: 165.2708 average_last200: 151.3169 epis: 0.0054 loss: 87.8525 
episode: 520 count: 345 score: 210.4372 average_last200: 151.4158 epis: 0.0053 loss: 39.0337 
episode: 521 count: 300 score: 195.1477 average_last200: 151.9161 epis: 0.0053 loss: 30.2476 
episode: 522 count: 1000 score: -20.5031 average_last200: 152.2025 epis: 0.0052 loss: 126.1061 
episode: 523 count: 493 score: 158.7044 average_last200: 152.9050 epis: 0.0052 loss: 47.6218 
episode: 524 count: 860 score: 157.9362 average_last200: 152.9563 epis: 0.0051 loss: 104.1159 
episode: 525 count: 230 score: 211.4056 average_last200: 153.6182 epis: 0.0051 loss: 26.7768 
episode: 526 count: 876 score: 133.9302 average_last200: 153.5577 epis: 0.0050 loss: 101.6135 
episode: 527 count: 299 score: 229.1524 average_last200: 154.7605 epis: 0.0050 loss: 36.5599 
episode: 528 count: 232 score: 208.8821 average_last200: 154.8950 epis: 0.0049 loss: 23.1799 
episode: 529 count: 493 score: 213.2350 average_last200: 155.4741 epis: 0.0049 loss: 56.4627 
episode: 530 count: 331 score: 198.1334 average_last200: 155.6021 epis: 0.0048 loss: 35.6410 
episode: 531 count: 861 score: 145.0091 average_last200: 155.8400 epis: 0.0048 loss: 103.3774 
episode: 532 count: 317 score: 234.0423 average_last200: 155.7710 epis: 0.0047 loss: 34.4667 
episode: 533 count: 354 score: 198.3737 average_last200: 155.4949 epis: 0.0047 loss: 39.5062 
episode: 534 count: 677 score: 171.6383 average_last200: 155.4115 epis: 0.0046 loss: 85.8225 
episode: 535 count: 428 score: 179.2009 average_last200: 155.4797 epis: 0.0046 loss: 44.4877 
episode: 536 count: 245 score: 220.6243 average_last200: 155.7611 epis: 0.0045 loss: 29.6834 
episode: 537 count: 488 score: 155.5715 average_last200: 155.6400 epis: 0.0045 loss: 54.5894 
episode: 538 count: 318 score: 226.4497 average_last200: 155.7097 epis: 0.0044 loss: 34.3141 
episode: 539 count: 282 score: 209.3093 average_last200: 156.0451 epis: 0.0044 loss: 33.5898 
episode: 540 count: 367 score: 226.7964 average_last200: 156.4156 epis: 0.0044 loss: 42.9393 
episode: 541 count: 765 score: 136.6251 average_last200: 157.5950 epis: 0.0043 loss: 90.1861 
episode: 542 count: 279 score: 243.0390 average_last200: 158.4131 epis: 0.0043 loss: 32.2224 
episode: 543 count: 522 score: 185.5874 average_last200: 158.7704 epis: 0.0042 loss: 64.6687 
episode: 544 count: 1000 score: -58.3551 average_last200: 157.7620 epis: 0.0042 loss: 119.0103 
episode: 545 count: 298 score: 210.4774 average_last200: 158.2958 epis: 0.0041 loss: 36.0649 
episode: 546 count: 354 score: 214.8532 average_last200: 159.5447 epis: 0.0041 loss: 46.7035 
episode: 547 count: 308 score: 222.4086 average_last200: 159.9044 epis: 0.0041 loss: 37.3168 
episode: 548 count: 295 score: 208.6902 average_last200: 160.0190 epis: 0.0040 loss: 34.3947 
episode: 549 count: 198 score: 235.5615 average_last200: 161.4326 epis: 0.0040 loss: 24.0428 
episode: 550 count: 188 score: 264.3468 average_last200: 161.7061 epis: 0.0039 loss: 26.1566 
episode: 551 count: 258 score: 187.4370 average_last200: 162.0496 epis: 0.0039 loss: 32.1958 
episode: 552 count: 238 score: 232.4492 average_last200: 163.2966 epis: 0.0039 loss: 26.9380 
episode: 553 count: 232 score: 268.3743 average_last200: 164.8295 epis: 0.0038 loss: 29.4270 
episode: 554 count: 423 score: 189.7859 average_last200: 165.2371 epis: 0.0038 loss: 49.3769 
episode: 555 count: 204 score: 225.9124 average_last200: 165.5749 epis: 0.0037 loss: 22.5628 
episode: 556 count: 302 score: 201.4456 average_last200: 165.8329 epis: 0.0037 loss: 41.5823 
episode: 557 count: 243 score: 216.4973 average_last200: 166.9591 epis: 0.0037 loss: 28.7923 
episode: 558 count: 239 score: 197.0444 average_last200: 166.7659 epis: 0.0036 loss: 24.1009 
episode: 559 count: 978 score: 118.6237 average_last200: 166.4819 epis: 0.0036 loss: 126.6712 
episode: 560 count: 259 score: 240.9371 average_last200: 166.5926 epis: 0.0036 loss: 34.7413 
episode: 561 count: 540 score: 190.1885 average_last200: 167.8091 epis: 0.0035 loss: 70.1758 
episode: 562 count: 692 score: 157.0789 average_last200: 167.6530 epis: 0.0035 loss: 99.9849 
episode: 563 count: 249 score: 247.2813 average_last200: 167.7166 epis: 0.0035 loss: 32.7677 
episode: 564 count: 477 score: 147.1068 average_last200: 167.5053 epis: 0.0034 loss: 58.5823 
episode: 565 count: 277 score: 185.1771 average_last200: 167.6680 epis: 0.0034 loss: 34.7951 
episode: 566 count: 559 score: 132.6158 average_last200: 168.4219 epis: 0.0034 loss: 59.1125 
episode: 567 count: 373 score: 213.8127 average_last200: 168.8676 epis: 0.0033 loss: 41.9735 
episode: 568 count: 464 score: 172.4961 average_last200: 169.2020 epis: 0.0033 loss: 55.7456 
episode: 569 count: 631 score: 190.8028 average_last200: 169.2705 epis: 0.0033 loss: 78.5452 
episode: 570 count: 239 score: 200.1046 average_last200: 168.9863 epis: 0.0032 loss: 29.3463 
episode: 571 count: 334 score: 214.2724 average_last200: 169.4298 epis: 0.0032 loss: 45.5505 
episode: 572 count: 294 score: 210.1854 average_last200: 169.5755 epis: 0.0032 loss: 36.4945 
episode: 573 count: 305 score: 229.6810 average_last200: 170.9952 epis: 0.0031 loss: 36.3674 
episode: 574 count: 268 score: 219.3189 average_last200: 171.4052 epis: 0.0031 loss: 36.5468 
episode: 575 count: 1000 score: -75.9327 average_last200: 170.1767 epis: 0.0031 loss: 126.6417 
episode: 576 count: 239 score: 256.5603 average_last200: 171.9549 epis: 0.0030 loss: 33.5820 
episode: 577 count: 271 score: 197.0131 average_last200: 173.2293 epis: 0.0030 loss: 27.4361 
episode: 578 count: 861 score: 128.6131 average_last200: 173.0042 epis: 0.0030 loss: 96.5425 
episode: 579 count: 160 score: 23.0355 average_last200: 173.1509 epis: 0.0029 loss: 17.7507 
episode: 580 count: 489 score: 204.1593 average_last200: 174.3735 epis: 0.0029 loss: 59.5427 
episode: 581 count: 255 score: 198.8815 average_last200: 175.5459 epis: 0.0029 loss: 31.5862 
episode: 582 count: 271 score: 221.2169 average_last200: 176.5296 epis: 0.0029 loss: 39.4784 
episode: 583 count: 123 score: 19.5557 average_last200: 177.1085 epis: 0.0028 loss: 13.7295 
episode: 584 count: 444 score: 168.3864 average_last200: 177.0492 epis: 0.0028 loss: 60.2111 
episode: 585 count: 250 score: 206.8039 average_last200: 177.0132 epis: 0.0028 loss: 31.1742 
episode: 586 count: 561 score: 202.8396 average_last200: 177.1164 epis: 0.0027 loss: 67.6912 
episode: 587 count: 237 score: 204.8211 average_last200: 178.1259 epis: 0.0027 loss: 33.5316 
episode: 588 count: 217 score: 200.2655 average_last200: 178.1980 epis: 0.0027 loss: 30.3568 
episode: 589 count: 165 score: 212.9529 average_last200: 179.1862 epis: 0.0027 loss: 21.1773 
episode: 590 count: 404 score: 224.3775 average_last200: 179.5848 epis: 0.0026 loss: 59.6323 
episode: 591 count: 222 score: 256.6974 average_last200: 179.8304 epis: 0.0026 loss: 28.1505 
episode: 592 count: 491 score: 190.5496 average_last200: 179.7311 epis: 0.0026 loss: 64.9522 
episode: 593 count: 240 score: 218.1497 average_last200: 179.7257 epis: 0.0026 loss: 31.4466 
episode: 594 count: 338 score: 184.3082 average_last200: 179.9301 epis: 0.0025 loss: 50.8464 
episode: 595 count: 437 score: 208.0439 average_last200: 180.1447 epis: 0.0025 loss: 62.2459 
episode: 596 count: 225 score: 207.9512 average_last200: 180.0221 epis: 0.0025 loss: 29.8472 
episode: 597 count: 291 score: 247.3139 average_last200: 180.5178 epis: 0.0025 loss: 37.7501 
episode: 598 count: 830 score: 143.3608 average_last200: 179.9645 epis: 0.0024 loss: 108.5973 
episode: 599 count: 213 score: -6.8396 average_last200: 178.8981 epis: 0.0024 loss: 28.0433 
episode: 600 count: 183 score: 9.2117 average_last200: 178.0807 epis: 0.0024 loss: 23.0815 
episode: 601 count: 264 score: 218.3696 average_last200: 177.8631 epis: 0.0024 loss: 34.3048 
episode: 602 count: 228 score: 239.2164 average_last200: 178.5710 epis: 0.0023 loss: 26.3654 
episode: 603 count: 358 score: 231.3536 average_last200: 178.7860 epis: 0.0023 loss: 44.5834 
episode: 604 count: 204 score: 219.3677 average_last200: 178.7099 epis: 0.0023 loss: 29.5107 
episode: 605 count: 277 score: 201.8911 average_last200: 178.7350 epis: 0.0023 loss: 42.1549 
episode: 606 count: 224 score: 216.8489 average_last200: 178.5716 epis: 0.0022 loss: 27.2345 
episode: 607 count: 170 score: 239.3149 average_last200: 178.6526 epis: 0.0022 loss: 19.4330 
episode: 608 count: 236 score: 228.0557 average_last200: 178.6809 epis: 0.0022 loss: 26.2740 
episode: 609 count: 228 score: 225.0969 average_last200: 178.8176 epis: 0.0022 loss: 31.1318 
episode: 610 count: 282 score: 192.4293 average_last200: 178.6085 epis: 0.0022 loss: 32.2635 
episode: 611 count: 367 score: 231.5603 average_last200: 178.6408 epis: 0.0021 loss: 45.8749 
episode: 612 count: 276 score: 226.5726 average_last200: 179.0680 epis: 0.0021 loss: 36.8584 
episode: 613 count: 209 score: -11.1944 average_last200: 178.0574 epis: 0.0021 loss: 25.7435 
episode: 614 count: 225 score: 240.8787 average_last200: 179.4739 epis: 0.0021 loss: 23.0652 
episode: 615 count: 157 score: -33.7943 average_last200: 178.5256 epis: 0.0020 loss: 19.3741 
episode: 616 count: 242 score: 187.0191 average_last200: 178.2353 epis: 0.0020 loss: 28.3905 
episode: 617 count: 240 score: 198.5673 average_last200: 178.4680 epis: 0.0020 loss: 33.2527 
episode: 618 count: 179 score: -24.9713 average_last200: 178.6167 epis: 0.0020 loss: 22.6972 
episode: 619 count: 445 score: 184.1554 average_last200: 178.2896 epis: 0.0020 loss: 62.9961 
episode: 620 count: 195 score: 212.9349 average_last200: 178.2457 epis: 0.0019 loss: 27.3086 
episode: 621 count: 249 score: 2.6727 average_last200: 177.0386 epis: 0.0019 loss: 35.4097 
episode: 622 count: 153 score: 24.2679 average_last200: 176.8323 epis: 0.0019 loss: 20.3034 
episode: 623 count: 131 score: -1.1449 average_last200: 175.7802 epis: 0.0019 loss: 18.8231 
episode: 624 count: 276 score: 212.4291 average_last200: 176.1832 epis: 0.0019 loss: 40.0082 
episode: 625 count: 128 score: 6.9297 average_last200: 176.6337 epis: 0.0019 loss: 14.2281 
episode: 626 count: 189 score: -13.0983 average_last200: 175.3036 epis: 0.0018 loss: 19.1755 
episode: 627 count: 254 score: 250.8323 average_last200: 175.3911 epis: 0.0018 loss: 34.3544 
episode: 628 count: 137 score: -13.3242 average_last200: 174.6887 epis: 0.0018 loss: 16.7621 
episode: 629 count: 143 score: -27.4531 average_last200: 173.2178 epis: 0.0018 loss: 20.0563 
episode: 630 count: 125 score: -11.1976 average_last200: 171.9550 epis: 0.0018 loss: 15.3840 
episode: 631 count: 172 score: 12.7955 average_last200: 172.3795 epis: 0.0017 loss: 21.0476 
episode: 632 count: 216 score: -32.8031 average_last200: 173.6048 epis: 0.0017 loss: 32.1595 
episode: 633 count: 135 score: -18.1447 average_last200: 172.3379 epis: 0.0017 loss: 15.7937 
episode: 634 count: 140 score: 7.4294 average_last200: 172.7175 epis: 0.0017 loss: 21.8554 
episode: 635 count: 144 score: -19.4350 average_last200: 171.4838 epis: 0.0017 loss: 21.3879 
episode: 636 count: 153 score: -31.6425 average_last200: 170.3611 epis: 0.0017 loss: 20.9900 
episode: 637 count: 160 score: -24.4717 average_last200: 169.2492 epis: 0.0016 loss: 21.6233 
episode: 638 count: 108 score: -26.4081 average_last200: 167.9404 epis: 0.0016 loss: 17.1884 
episode: 639 count: 124 score: -35.3067 average_last200: 166.6515 epis: 0.0016 loss: 18.9026 
episode: 640 count: 167 score: -16.2638 average_last200: 165.7778 epis: 0.0016 loss: 29.6898 
episode: 641 count: 128 score: 0.7614 average_last200: 165.6868 epis: 0.0016 loss: 21.4673 
episode: 642 count: 185 score: -22.0681 average_last200: 164.4911 epis: 0.0016 loss: 26.0988 
episode: 643 count: 185 score: -23.1005 average_last200: 163.3468 epis: 0.0015 loss: 32.4246 
episode: 644 count: 141 score: -23.5221 average_last200: 162.1615 epis: 0.0015 loss: 17.8228 
episode: 645 count: 142 score: -23.1840 average_last200: 161.1996 epis: 0.0015 loss: 22.4412 
episode: 646 count: 160 score: -2.7101 average_last200: 160.3236 epis: 0.0015 loss: 33.2998 
episode: 647 count: 144 score: 5.8738 average_last200: 160.8107 epis: 0.0015 loss: 26.5122 
episode: 648 count: 182 score: -15.3014 average_last200: 159.4247 epis: 0.0015 loss: 27.3229 
episode: 649 count: 169 score: -49.5629 average_last200: 158.0314 epis: 0.0015 loss: 29.9368 
episode: 650 count: 162 score: -14.8289 average_last200: 157.0265 epis: 0.0014 loss: 33.4432 
episode: 651 count: 136 score: -40.7844 average_last200: 155.9933 epis: 0.0014 loss: 22.3669 
episode: 652 count: 123 score: -28.3711 average_last200: 154.8004 epis: 0.0014 loss: 21.5979 
episode: 653 count: 156 score: -22.6396 average_last200: 153.6814 epis: 0.0014 loss: 30.6306 
episode: 654 count: 123 score: -31.5223 average_last200: 152.4900 epis: 0.0014 loss: 20.4772 
episode: 655 count: 161 score: -13.1206 average_last200: 151.3804 epis: 0.0014 loss: 31.3521 
episode: 656 count: 115 score: -44.9988 average_last200: 150.0286 epis: 0.0014 loss: 20.1712 
episode: 657 count: 149 score: -47.5931 average_last200: 148.5892 epis: 0.0013 loss: 31.9347 
episode: 658 count: 148 score: -57.5119 average_last200: 147.2530 epis: 0.0013 loss: 24.0767 
episode: 659 count: 178 score: 4.3443 average_last200: 146.2793 epis: 0.0013 loss: 34.7452 
episode: 660 count: 173 score: -25.9251 average_last200: 145.3345 epis: 0.0013 loss: 39.6280 
episode: 661 count: 162 score: -18.2691 average_last200: 145.1054 epis: 0.0013 loss: 38.4824 
episode: 662 count: 149 score: -14.3598 average_last200: 144.0045 epis: 0.0013 loss: 31.0975 
episode: 663 count: 170 score: -12.8081 average_last200: 142.8402 epis: 0.0013 loss: 36.1313 
episode: 664 count: 125 score: -23.2090 average_last200: 142.7617 epis: 0.0013 loss: 23.5818 
episode: 665 count: 140 score: -16.5222 average_last200: 141.6392 epis: 0.0012 loss: 32.1877 
episode: 666 count: 149 score: -24.4856 average_last200: 140.7011 epis: 0.0012 loss: 30.3252 
episode: 667 count: 150 score: -23.2189 average_last200: 139.5735 epis: 0.0012 loss: 38.9326 
episode: 668 count: 136 score: -25.9166 average_last200: 138.1700 epis: 0.0012 loss: 32.0565 
episode: 669 count: 168 score: -12.6341 average_last200: 137.1656 epis: 0.0012 loss: 45.5211 
episode: 670 count: 100 score: -10.6076 average_last200: 136.0085 epis: 0.0012 loss: 22.9312 
episode: 671 count: 132 score: -35.7299 average_last200: 134.7516 epis: 0.0012 loss: 38.0627 
episode: 672 count: 156 score: -8.5453 average_last200: 134.9512 epis: 0.0012 loss: 40.9407 
episode: 673 count: 133 score: -35.2489 average_last200: 133.7911 epis: 0.0011 loss: 32.0046 
episode: 674 count: 127 score: -51.3847 average_last200: 132.3927 epis: 0.0011 loss: 29.6603 
episode: 675 count: 124 score: -60.0228 average_last200: 131.3469 epis: 0.0011 loss: 40.8247 
episode: 676 count: 130 score: -51.4903 average_last200: 129.8273 epis: 0.0011 loss: 37.7935 
episode: 677 count: 104 score: -33.0474 average_last200: 128.5408 epis: 0.0011 loss: 25.9893 
episode: 678 count: 332 score: 177.9981 average_last200: 128.3282 epis: 0.0011 loss: 98.0819 
episode: 679 count: 126 score: -18.5542 average_last200: 127.2348 epis: 0.0011 loss: 34.8067 
episode: 680 count: 120 score: -45.7781 average_last200: 125.8740 epis: 0.0011 loss: 32.6308 
episode: 681 count: 129 score: -40.7443 average_last200: 124.5239 epis: 0.0011 loss: 37.0693 
episode: 682 count: 151 score: -31.3596 average_last200: 123.3420 epis: 0.0010 loss: 41.2432 
episode: 683 count: 155 score: -28.1225 average_last200: 122.0230 epis: 0.0010 loss: 40.9561 
episode: 684 count: 119 score: -71.2689 average_last200: 120.7501 epis: 0.0010 loss: 39.9147 
episode: 685 count: 146 score: -82.7017 average_last200: 119.2217 epis: 0.0010 loss: 36.0079 
episode: 686 count: 132 score: -14.3989 average_last200: 119.2008 epis: 0.0010 loss: 41.7951 
episode: 687 count: 165 score: -80.1370 average_last200: 117.6781 epis: 0.0010 loss: 57.2180 
episode: 688 count: 138 score: -73.2718 average_last200: 116.4383 epis: 0.0010 loss: 37.2323 
episode: 689 count: 167 score: -1.0864 average_last200: 116.3248 epis: 0.0010 loss: 52.3756 
episode: 690 count: 130 score: -7.5939 average_last200: 115.2272 epis: 0.0010 loss: 37.3699 
episode: 691 count: 144 score: -35.5985 average_last200: 114.1393 epis: 0.0010 loss: 47.4983 
episode: 692 count: 133 score: 4.2917 average_last200: 114.2772 epis: 0.0009 loss: 45.8237 
episode: 693 count: 140 score: -76.1147 average_last200: 112.6375 epis: 0.0009 loss: 41.2622 
episode: 694 count: 150 score: -19.0213 average_last200: 111.4659 epis: 0.0009 loss: 52.2344 
episode: 695 count: 122 score: -66.0729 average_last200: 110.2066 epis: 0.0009 loss: 36.7720 
episode: 696 count: 148 score: -60.0948 average_last200: 108.9074 epis: 0.0009 loss: 45.8838 
episode: 697 count: 144 score: -46.9831 average_last200: 107.6288 epis: 0.0009 loss: 45.4535 
episode: 698 count: 169 score: -24.1483 average_last200: 106.2940 epis: 0.0009 loss: 59.7951 
episode: 699 count: 181 score: -16.7330 average_last200: 105.1971 epis: 0.0009 loss: 63.2122 
episode: 700 count: 174 score: 14.1242 average_last200: 104.4957 epis: 0.0009 loss: 58.2397 
episode: 701 count: 159 score: -29.0402 average_last200: 103.5098 epis: 0.0009 loss: 61.1730 
episode: 702 count: 167 score: -12.2055 average_last200: 102.4457 epis: 0.0009 loss: 58.0257 
episode: 703 count: 276 score: 251.4579 average_last200: 102.8386 epis: 0.0008 loss: 98.0952 
episode: 704 count: 151 score: -30.1141 average_last200: 101.7126 epis: 0.0008 loss: 51.8453 
episode: 705 count: 221 score: 228.4341 average_last200: 102.1637 epis: 0.0008 loss: 69.7402 
episode: 706 count: 153 score: 17.2035 average_last200: 101.3373 epis: 0.0008 loss: 58.9843 
episode: 707 count: 168 score: -12.3652 average_last200: 100.1881 epis: 0.0008 loss: 54.1010 
episode: 708 count: 198 score: -8.7360 average_last200: 98.8528 epis: 0.0008 loss: 63.8804 
episode: 709 count: 178 score: -18.8331 average_last200: 97.6769 epis: 0.0008 loss: 72.6429 
episode: 710 count: 179 score: -4.1968 average_last200: 96.5832 epis: 0.0008 loss: 62.3251 
episode: 711 count: 150 score: 25.1265 average_last200: 95.7938 epis: 0.0008 loss: 50.2602 
episode: 712 count: 187 score: -3.6376 average_last200: 94.7321 epis: 0.0008 loss: 63.5378 
episode: 713 count: 296 score: 239.7838 average_last200: 94.8791 epis: 0.0008 loss: 117.6921 
episode: 714 count: 530 score: 206.2615 average_last200: 94.7522 epis: 0.0008 loss: 194.9909 
episode: 715 count: 342 score: -414.3284 average_last200: 91.5966 epis: 0.0007 loss: 135.1624 
episode: 716 count: 284 score: 227.1614 average_last200: 91.5984 epis: 0.0007 loss: 118.2260 
episode: 717 count: 272 score: -77.4378 average_last200: 90.0976 epis: 0.0007 loss: 97.2783 
episode: 718 count: 211 score: -52.1058 average_last200: 88.7952 epis: 0.0007 loss: 77.8461 
episode: 719 count: 391 score: -102.3325 average_last200: 87.4572 epis: 0.0007 loss: 137.0558 
episode: 720 count: 383 score: 203.9537 average_last200: 87.4247 epis: 0.0007 loss: 141.0309 
episode: 721 count: 602 score: 174.4805 average_last200: 87.3214 epis: 0.0007 loss: 217.0994 
episode: 722 count: 122 score: 1.9043 average_last200: 87.4334 epis: 0.0007 loss: 44.2863 
episode: 723 count: 533 score: 192.2961 average_last200: 87.6014 epis: 0.0007 loss: 185.8913 
episode: 724 count: 271 score: -41.3392 average_last200: 86.6050 epis: 0.0007 loss: 99.2348 
episode: 725 count: 192 score: -47.2398 average_last200: 85.3118 epis: 0.0007 loss: 66.1609 
episode: 726 count: 140 score: -8.8918 average_last200: 84.5977 epis: 0.0007 loss: 47.7202 
episode: 727 count: 489 score: -86.6462 average_last200: 83.0187 epis: 0.0007 loss: 162.2917 
episode: 728 count: 269 score: -70.5546 average_last200: 81.6215 epis: 0.0007 loss: 93.0269 
episode: 729 count: 153 score: -17.3242 average_last200: 80.4687 epis: 0.0007 loss: 57.6772 
episode: 730 count: 139 score: 14.3401 average_last200: 79.5497 epis: 0.0006 loss: 46.0110 
episode: 731 count: 258 score: 242.9232 average_last200: 80.0393 epis: 0.0006 loss: 85.9386 
episode: 732 count: 578 score: 226.4389 average_last200: 80.0013 epis: 0.0006 loss: 195.2937 
episode: 733 count: 197 score: 228.5602 average_last200: 80.1522 epis: 0.0006 loss: 62.5080 
episode: 734 count: 178 score: -66.2957 average_last200: 78.9626 epis: 0.0006 loss: 56.1990 
episode: 735 count: 250 score: -74.1958 average_last200: 77.6956 epis: 0.0006 loss: 88.8063 
episode: 736 count: 94 score: -2.5793 average_last200: 76.5796 epis: 0.0006 loss: 34.3609 
episode: 737 count: 443 score: 233.2013 average_last200: 76.9677 epis: 0.0006 loss: 168.4177 
episode: 738 count: 116 score: -34.5028 average_last200: 75.6630 epis: 0.0006 loss: 37.6153 
episode: 739 count: 206 score: 179.9281 average_last200: 75.5160 epis: 0.0006 loss: 78.3470 
episode: 740 count: 545 score: 248.7250 average_last200: 75.6257 epis: 0.0006 loss: 185.6186 
episode: 741 count: 129 score: -41.7539 average_last200: 74.7338 epis: 0.0006 loss: 36.6667 
episode: 742 count: 165 score: -29.2943 average_last200: 73.3721 epis: 0.0006 loss: 62.7506 
episode: 743 count: 207 score: 225.2148 average_last200: 73.5703 epis: 0.0006 loss: 76.9174 
episode: 744 count: 182 score: -15.2706 average_last200: 73.7857 epis: 0.0006 loss: 61.1537 
episode: 745 count: 661 score: 243.0710 average_last200: 73.9487 epis: 0.0006 loss: 208.4393 
episode: 746 count: 329 score: 213.1342 average_last200: 73.9401 epis: 0.0005 loss: 102.1754 
episode: 747 count: 562 score: 193.6249 average_last200: 73.7961 epis: 0.0005 loss: 192.0440 
episode: 748 count: 298 score: 203.2049 average_last200: 73.7687 epis: 0.0005 loss: 102.2471 
episode: 749 count: 384 score: 236.9880 average_last200: 73.7758 epis: 0.0005 loss: 120.6205 
episode: 750 count: 968 score: 230.6247 average_last200: 73.6072 epis: 0.0005 loss: 314.2260 
episode: 751 count: 186 score: 185.0796 average_last200: 73.5954 epis: 0.0005 loss: 60.3786 
episode: 752 count: 759 score: 183.7534 average_last200: 73.3520 epis: 0.0005 loss: 255.5485 
episode: 753 count: 162 score: -13.3542 average_last200: 71.9433 epis: 0.0005 loss: 53.6109 
episode: 754 count: 95 score: -52.7143 average_last200: 70.7308 epis: 0.0005 loss: 29.1253 
episode: 755 count: 317 score: 240.4127 average_last200: 70.8033 epis: 0.0005 loss: 112.3484 
episode: 756 count: 204 score: 237.7736 average_last200: 70.9850 epis: 0.0005 loss: 66.4351 
episode: 757 count: 272 score: 195.2646 average_last200: 70.8788 epis: 0.0005 loss: 82.0717 
episode: 758 count: 454 score: 250.2133 average_last200: 71.1446 epis: 0.0005 loss: 148.1273 
episode: 759 count: 386 score: 221.4824 average_last200: 71.6589 epis: 0.0005 loss: 125.4188 
episode: 760 count: 435 score: 232.5085 average_last200: 71.6168 epis: 0.0005 loss: 146.9870 
episode: 761 count: 399 score: 203.2811 average_last200: 71.6823 epis: 0.0005 loss: 122.9338 
episode: 762 count: 676 score: 196.2275 average_last200: 71.8780 epis: 0.0005 loss: 207.0877 
episode: 763 count: 252 score: 219.1790 average_last200: 71.7375 epis: 0.0005 loss: 68.9136 
episode: 764 count: 214 score: 192.3982 average_last200: 71.9640 epis: 0.0005 loss: 54.6206 
episode: 765 count: 375 score: 202.1616 average_last200: 72.0489 epis: 0.0005 loss: 106.8312 
episode: 766 count: 1000 score: 77.1501 average_last200: 71.7715 epis: 0.0004 loss: 318.8089 
episode: 767 count: 412 score: 229.9283 average_last200: 71.8521 epis: 0.0004 loss: 138.2984 
episode: 768 count: 1000 score: 127.3274 average_last200: 71.6263 epis: 0.0004 loss: 315.3160 
episode: 769 count: 230 score: 195.8547 average_last200: 71.6515 epis: 0.0004 loss: 72.2965 
episode: 770 count: 205 score: -24.0055 average_last200: 70.5310 epis: 0.0004 loss: 61.5080 
episode: 771 count: 300 score: 203.0111 average_last200: 70.4747 epis: 0.0004 loss: 94.5034 
episode: 772 count: 340 score: 214.3027 average_last200: 70.4953 epis: 0.0004 loss: 119.9849 
episode: 773 count: 225 score: 209.2265 average_last200: 70.3930 epis: 0.0004 loss: 76.2422 
episode: 774 count: 116 score: -79.6242 average_last200: 68.8983 epis: 0.0004 loss: 32.1380 
episode: 775 count: 1000 score: 46.4702 average_last200: 69.5103 epis: 0.0004 loss: 316.4502 
episode: 776 count: 512 score: 192.7480 average_last200: 69.1912 epis: 0.0004 loss: 160.0360 
episode: 777 count: 407 score: 207.1263 average_last200: 69.2418 epis: 0.0004 loss: 130.8411 
episode: 778 count: 295 score: 222.6228 average_last200: 69.7118 epis: 0.0004 loss: 93.0498 
episode: 779 count: 294 score: 214.7176 average_last200: 70.6703 epis: 0.0004 loss: 93.1301 
episode: 780 count: 445 score: 139.5071 average_last200: 70.3470 epis: 0.0004 loss: 133.2515 
episode: 781 count: 276 score: 194.7834 average_last200: 70.3265 epis: 0.0004 loss: 83.0230 
episode: 782 count: 345 score: 174.7922 average_last200: 70.0944 epis: 0.0004 loss: 89.9453 
episode: 783 count: 259 score: 204.4494 average_last200: 71.0189 epis: 0.0004 loss: 81.1062 
episode: 784 count: 1000 score: 3.2584 average_last200: 70.1932 epis: 0.0004 loss: 301.0245 
episode: 785 count: 88 score: -31.2521 average_last200: 69.0029 epis: 0.0004 loss: 31.5619 
episode: 786 count: 561 score: 133.0765 average_last200: 68.6541 epis: 0.0004 loss: 157.8689 
episode: 787 count: 700 score: 128.8018 average_last200: 68.2740 epis: 0.0004 loss: 195.8870 
episode: 788 count: 833 score: -123.5084 average_last200: 66.6551 epis: 0.0004 loss: 220.5697 
episode: 789 count: 815 score: -125.8875 average_last200: 64.9609 epis: 0.0004 loss: 215.0047 
episode: 790 count: 878 score: 132.0490 average_last200: 64.4993 epis: 0.0004 loss: 237.2283 
episode: 791 count: 1000 score: -50.8890 average_last200: 62.9614 epis: 0.0003 loss: 272.1898 
episode: 792 count: 267 score: 222.6345 average_last200: 63.1218 epis: 0.0003 loss: 66.0611 
episode: 793 count: 292 score: 236.5705 average_last200: 63.2139 epis: 0.0003 loss: 72.2239 
episode: 794 count: 66 score: -81.2191 average_last200: 61.8863 epis: 0.0003 loss: 20.8916 
episode: 795 count: 1000 score: -19.9477 average_last200: 60.7463 epis: 0.0003 loss: 249.7883 
episode: 796 count: 1000 score: -78.9453 average_last200: 59.3118 epis: 0.0003 loss: 246.1489 
episode: 797 count: 1000 score: -67.9485 average_last200: 57.7355 epis: 0.0003 loss: 230.5259 
episode: 798 count: 688 score: 121.0691 average_last200: 57.6241 epis: 0.0003 loss: 165.6802 
episode: 799 count: 601 score: 170.7501 average_last200: 58.5120 epis: 0.0003 loss: 130.4583 
episode: 800 count: 270 score: 256.0238 average_last200: 59.7461 epis: 0.0003 loss: 65.4876 
episode: 801 count: 524 score: 187.7351 average_last200: 59.5929 epis: 0.0003 loss: 140.3976 
episode: 802 count: 64 score: -73.2965 average_last200: 58.0303 epis: 0.0003 loss: 16.0232 
episode: 803 count: 413 score: 181.0378 average_last200: 57.7787 epis: 0.0003 loss: 97.8952 
episode: 804 count: 588 score: -744.6887 average_last200: 52.9585 epis: 0.0003 loss: 128.3772 
episode: 805 count: 311 score: 237.6754 average_last200: 53.1374 epis: 0.0003 loss: 70.3526 
episode: 806 count: 369 score: 191.8912 average_last200: 53.0126 epis: 0.0003 loss: 86.3911 
episode: 807 count: 299 score: 226.8364 average_last200: 52.9502 epis: 0.0003 loss: 69.6907 
episode: 808 count: 78 score: -58.3355 average_last200: 51.5182 epis: 0.0003 loss: 18.4355 
episode: 809 count: 421 score: 190.4142 average_last200: 51.3448 epis: 0.0003 loss: 88.7259 
episode: 810 count: 263 score: 214.3733 average_last200: 51.4546 epis: 0.0003 loss: 53.2568 
episode: 811 count: 88 score: -13.0153 average_last200: 50.2317 epis: 0.0003 loss: 17.3258 
episode: 812 count: 424 score: 248.8425 average_last200: 50.3430 epis: 0.0003 loss: 99.0290 
episode: 813 count: 247 score: 227.3893 average_last200: 51.5359 epis: 0.0003 loss: 49.3991 
episode: 814 count: 232 score: 222.5935 average_last200: 51.4445 epis: 0.0003 loss: 44.5556 
episode: 815 count: 1000 score: 49.1202 average_last200: 51.8591 epis: 0.0003 loss: 209.0247 
episode: 816 count: 268 score: 238.0616 average_last200: 52.1143 epis: 0.0003 loss: 56.8772 
episode: 817 count: 184 score: 8.1123 average_last200: 51.1620 epis: 0.0003 loss: 31.9655 
episode: 818 count: 111 score: -12.2644 average_last200: 51.2256 epis: 0.0003 loss: 30.8539 
episode: 819 count: 175 score: 22.3000 average_last200: 50.4163 epis: 0.0003 loss: 41.8527 
episode: 820 count: 118 score: -4.5584 average_last200: 49.3288 epis: 0.0003 loss: 24.3536 
episode: 821 count: 304 score: 247.1776 average_last200: 50.5513 epis: 0.0003 loss: 56.5069 
episode: 822 count: 268 score: 253.7381 average_last200: 51.6987 epis: 0.0003 loss: 59.1459 
episode: 823 count: 146 score: 21.6094 average_last200: 51.8125 epis: 0.0003 loss: 31.1974 
episode: 824 count: 281 score: 255.8726 average_last200: 52.0297 epis: 0.0003 loss: 55.6823 
episode: 825 count: 172 score: 204.7450 average_last200: 53.0188 epis: 0.0002 loss: 32.8722 
episode: 826 count: 224 score: 221.5330 average_last200: 54.1919 epis: 0.0002 loss: 42.9060 
episode: 827 count: 193 score: 19.0456 average_last200: 53.0330 epis: 0.0002 loss: 41.8360 
episode: 828 count: 271 score: 209.6284 average_last200: 54.1477 epis: 0.0002 loss: 55.4350 
episode: 829 count: 186 score: 27.6619 average_last200: 54.4233 epis: 0.0002 loss: 36.6877 
episode: 830 count: 180 score: -2.2285 average_last200: 54.4682 epis: 0.0002 loss: 40.6794 
episode: 831 count: 95 score: -46.7529 average_last200: 54.1704 epis: 0.0002 loss: 22.5961 
episode: 832 count: 297 score: 219.4586 average_last200: 55.4317 epis: 0.0002 loss: 63.6013 
episode: 833 count: 148 score: 22.7335 average_last200: 55.6361 epis: 0.0002 loss: 27.4423 
episode: 834 count: 620 score: 214.1348 average_last200: 56.6697 epis: 0.0002 loss: 122.2017 
episode: 835 count: 106 score: 3.9100 average_last200: 56.7864 epis: 0.0002 loss: 20.1047 
episode: 836 count: 230 score: 218.4342 average_last200: 58.0368 epis: 0.0002 loss: 38.6078 
episode: 837 count: 115 score: -39.3562 average_last200: 57.9623 epis: 0.0002 loss: 20.0251 
episode: 838 count: 122 score: -54.6752 average_last200: 57.8210 epis: 0.0002 loss: 23.4440 
episode: 839 count: 194 score: 229.3352 average_last200: 59.1442 epis: 0.0002 loss: 33.3291 
episode: 840 count: 231 score: 231.6049 average_last200: 60.3836 epis: 0.0002 loss: 48.4483 
episode: 841 count: 215 score: 222.0701 average_last200: 61.4901 epis: 0.0002 loss: 38.0685 
episode: 842 count: 301 score: 257.2621 average_last200: 62.8868 epis: 0.0002 loss: 70.2341 
episode: 843 count: 183 score: 205.4171 average_last200: 64.0293 epis: 0.0002 loss: 39.1344 
episode: 844 count: 361 score: 211.3861 average_last200: 65.2039 epis: 0.0002 loss: 62.7157 
episode: 845 count: 201 score: 13.5469 average_last200: 65.3875 epis: 0.0002 loss: 37.3684 
episode: 846 count: 156 score: -5.4364 average_last200: 65.3739 epis: 0.0002 loss: 29.5313 
episode: 847 count: 173 score: -5.2390 average_last200: 65.3183 epis: 0.0002 loss: 33.1144 
episode: 848 count: 184 score: 216.2577 average_last200: 66.4761 epis: 0.0002 loss: 44.2774 
episode: 849 count: 289 score: 240.7876 average_last200: 67.9279 epis: 0.0002 loss: 54.3556 
episode: 850 count: 130 score: -41.4353 average_last200: 67.7949 epis: 0.0002 loss: 25.5338 
episode: 851 count: 213 score: 230.1680 average_last200: 69.1496 epis: 0.0002 loss: 51.8667 
episode: 852 count: 242 score: 237.2748 average_last200: 70.4778 epis: 0.0002 loss: 41.3613 
episode: 853 count: 213 score: 229.5028 average_last200: 71.7386 epis: 0.0002 loss: 40.8082 
episode: 854 count: 265 score: 211.2031 average_last200: 72.9522 epis: 0.0002 loss: 60.0956 
episode: 855 count: 362 score: 237.6823 average_last200: 74.2062 epis: 0.0002 loss: 79.7385 
episode: 856 count: 129 score: -7.5077 average_last200: 74.3937 epis: 0.0002 loss: 23.2129 
episode: 857 count: 277 score: 243.0776 average_last200: 75.8470 epis: 0.0002 loss: 58.5896 
episode: 858 count: 267 score: 223.0367 average_last200: 77.2498 epis: 0.0002 loss: 50.2948 
episode: 859 count: 161 score: 7.1577 average_last200: 77.2638 epis: 0.0002 loss: 37.0382 
episode: 860 count: 141 score: 13.8294 average_last200: 77.4626 epis: 0.0002 loss: 25.9106 
episode: 861 count: 140 score: -51.7734 average_last200: 77.2951 epis: 0.0002 loss: 19.6133 
episode: 862 count: 224 score: 200.4103 average_last200: 78.3689 epis: 0.0002 loss: 44.9799 
episode: 863 count: 244 score: 235.8529 average_last200: 79.6122 epis: 0.0002 loss: 51.1656 
episode: 864 count: 268 score: 237.0283 average_last200: 80.9134 epis: 0.0002 loss: 59.2951 
episode: 865 count: 248 score: 210.9502 average_last200: 82.0508 epis: 0.0002 loss: 53.2677 
episode: 866 count: 355 score: 172.7906 average_last200: 83.0372 epis: 0.0002 loss: 64.1967 
episode: 867 count: 344 score: 202.9440 average_last200: 84.1680 epis: 0.0002 loss: 65.8250 
episode: 868 count: 730 score: 159.4572 average_last200: 85.0948 epis: 0.0002 loss: 139.3704 
episode: 869 count: 267 score: 232.0247 average_last200: 86.3181 epis: 0.0002 loss: 51.6300 
episode: 870 count: 438 score: 180.2303 average_last200: 87.2723 epis: 0.0002 loss: 92.4403 
episode: 871 count: 238 score: 237.9759 average_last200: 88.6409 epis: 0.0002 loss: 41.3448 
episode: 872 count: 364 score: 206.4786 average_last200: 89.7160 epis: 0.0002 loss: 65.1912 
episode: 873 count: 258 score: 188.8768 average_last200: 90.8366 epis: 0.0002 loss: 52.8422 
episode: 874 count: 208 score: 249.5248 average_last200: 92.3411 epis: 0.0002 loss: 40.6499 
episode: 875 count: 386 score: 179.0134 average_last200: 93.5363 epis: 0.0002 loss: 71.5690 
episode: 876 count: 417 score: 246.6971 average_last200: 95.0273 epis: 0.0001 loss: 80.7375 
episode: 877 count: 307 score: 204.7958 average_last200: 96.2165 epis: 0.0001 loss: 54.1356 
episode: 878 count: 289 score: 206.8148 average_last200: 96.3606 epis: 0.0001 loss: 52.9976 
episode: 879 count: 286 score: 215.8604 average_last200: 97.5326 epis: 0.0001 loss: 60.5149 
episode: 880 count: 235 score: 209.6382 average_last200: 98.8097 epis: 0.0001 loss: 33.6957 
episode: 881 count: 283 score: 239.7062 average_last200: 100.2120 epis: 0.0001 loss: 56.6593 
episode: 882 count: 326 score: 218.1909 average_last200: 101.4597 epis: 0.0001 loss: 63.3136 
episode: 883 count: 387 score: 186.3281 average_last200: 102.5320 epis: 0.0001 loss: 65.0178 
episode: 884 count: 354 score: 231.2842 average_last200: 104.0447 epis: 0.0001 loss: 70.0020 
episode: 885 count: 294 score: 222.9922 average_last200: 105.5732 epis: 0.0001 loss: 44.9109 
episode: 886 count: 300 score: 190.3721 average_last200: 106.5971 epis: 0.0001 loss: 54.8850 
episode: 887 count: 403 score: 176.6745 average_last200: 107.8811 epis: 0.0001 loss: 81.1456 
episode: 888 count: 452 score: 189.7037 average_last200: 109.1960 epis: 0.0001 loss: 80.6193 
episode: 889 count: 575 score: 189.1311 average_last200: 110.1471 epis: 0.0001 loss: 108.1876 
episode: 890 count: 212 score: 255.0800 average_last200: 111.4605 epis: 0.0001 loss: 37.7037 
episode: 891 count: 213 score: 219.4464 average_last200: 112.7357 epis: 0.0001 loss: 37.8109 
episode: 892 count: 1000 score: 46.4871 average_last200: 112.9467 epis: 0.0001 loss: 177.9494 
episode: 893 count: 807 score: 153.7805 average_last200: 114.0961 epis: 0.0001 loss: 131.7468 
episode: 894 count: 220 score: 208.1842 average_last200: 115.2322 epis: 0.0001 loss: 43.7175 
episode: 895 count: 347 score: 221.2241 average_last200: 116.6686 epis: 0.0001 loss: 54.0089 
episode: 896 count: 1000 score: 62.2983 average_last200: 117.2806 epis: 0.0001 loss: 176.8488 
episode: 897 count: 203 score: 227.1262 average_last200: 118.6512 epis: 0.0001 loss: 35.4730 
episode: 898 count: 488 score: 187.2333 average_last200: 119.7081 epis: 0.0001 loss: 80.4964 
episode: 899 count: 151 score: -5.6765 average_last200: 119.7633 epis: 0.0001 loss: 23.6352 
episode: 900 count: 514 score: 187.1094 average_last200: 120.6283 epis: 0.0001 loss: 75.5831 
episode: 901 count: 295 score: 221.0539 average_last200: 121.8787 epis: 0.0001 loss: 45.8644 
episode: 902 count: 279 score: 224.2735 average_last200: 123.0611 epis: 0.0001 loss: 41.2547 
episode: 903 count: 338 score: 232.7964 average_last200: 122.9678 epis: 0.0001 loss: 60.0593 
episode: 904 count: 247 score: 217.6368 average_last200: 124.2066 epis: 0.0001 loss: 40.4656 
episode: 905 count: 253 score: 247.0515 average_last200: 124.2997 epis: 0.0001 loss: 36.8055 
episode: 906 count: 270 score: 239.2040 average_last200: 125.4097 epis: 0.0001 loss: 38.7034 
episode: 907 count: 319 score: 254.2872 average_last200: 126.7429 epis: 0.0001 loss: 52.8451 
episode: 908 count: 206 score: -14.5851 average_last200: 126.7137 epis: 0.0001 loss: 39.5193 
episode: 909 count: 321 score: 210.5260 average_last200: 127.8605 epis: 0.0001 loss: 52.7849 
episode: 910 count: 236 score: 198.3047 average_last200: 128.8730 epis: 0.0001 loss: 39.5958 
episode: 911 count: 154 score: -14.3391 average_last200: 128.6757 epis: 0.0001 loss: 26.1988 
episode: 912 count: 256 score: 208.4212 average_last200: 129.7360 epis: 0.0001 loss: 41.7423 
episode: 913 count: 510 score: 211.4580 average_last200: 129.5943 epis: 0.0001 loss: 84.0553 
episode: 914 count: 280 score: 225.7397 average_last200: 129.6917 epis: 0.0001 loss: 32.4255 
episode: 915 count: 271 score: 210.1078 average_last200: 132.8139 epis: 0.0001 loss: 55.3850 
episode: 916 count: 270 score: 193.3469 average_last200: 132.6448 epis: 0.0001 loss: 50.2521 
episode: 917 count: 272 score: 195.9847 average_last200: 134.0119 epis: 0.0001 loss: 38.3473 
episode: 918 count: 333 score: 222.0771 average_last200: 135.3829 epis: 0.0001 loss: 57.0291 
episode: 919 count: 277 score: 216.5442 average_last200: 136.9772 epis: 0.0001 loss: 52.1323 
episode: 920 count: 277 score: 192.6184 average_last200: 136.9206 epis: 0.0001 loss: 47.4175 
episode: 921 count: 232 score: 245.3247 average_last200: 137.2748 epis: 0.0001 loss: 29.5885 
episode: 922 count: 336 score: 214.3064 average_last200: 138.3368 epis: 0.0001 loss: 59.8094 
episode: 923 count: 269 score: 233.1153 average_last200: 138.5409 epis: 0.0001 loss: 50.5382 
episode: 924 count: 285 score: 200.3417 average_last200: 139.7493 epis: 0.0001 loss: 54.9927 
episode: 925 count: 336 score: 187.9471 average_last200: 140.9252 epis: 0.0001 loss: 66.6116 
episode: 926 count: 243 score: 219.0959 average_last200: 142.0652 epis: 0.0001 loss: 42.8879 
episode: 927 count: 329 score: 217.3321 average_last200: 143.5851 epis: 0.0001 loss: 64.1407 
episode: 928 count: 255 score: 251.3167 average_last200: 145.1944 epis: 0.0001 loss: 52.8647 
episode: 929 count: 259 score: 206.1386 average_last200: 146.3117 epis: 0.0001 loss: 51.3214 
episode: 930 count: 298 score: 207.7339 average_last200: 147.2787 epis: 0.0001 loss: 43.6011 
episode: 931 count: 254 score: 199.4471 average_last200: 147.0613 epis: 0.0001 loss: 46.1753 
episode: 932 count: 283 score: 222.1499 average_last200: 147.0399 epis: 0.0001 loss: 44.6715 
episode: 933 count: 248 score: 227.8937 average_last200: 147.0365 epis: 0.0001 loss: 42.2819 
episode: 934 count: 317 score: 234.9305 average_last200: 148.5427 epis: 0.0001 loss: 51.6486 
episode: 935 count: 264 score: 227.6764 average_last200: 150.0520 epis: 0.0001 loss: 33.8901 
episode: 936 count: 245 score: 211.7246 average_last200: 151.1236 epis: 0.0001 loss: 46.1574 
episode: 937 count: 305 score: 220.3116 average_last200: 151.0591 epis: 0.0001 loss: 54.3514 
episode: 938 count: 243 score: 213.9834 average_last200: 152.3015 epis: 0.0001 loss: 46.3802 
episode: 939 count: 312 score: -70.6645 average_last200: 151.0486 epis: 0.0001 loss: 51.7534 
episode: 940 count: 321 score: 191.6330 average_last200: 150.7631 epis: 0.0001 loss: 46.4966 
episode: 941 count: 406 score: 193.2467 average_last200: 151.9381 epis: 0.0001 loss: 74.4547 
episode: 942 count: 294 score: 180.9237 average_last200: 152.9892 epis: 0.0001 loss: 58.4069 
episode: 943 count: 275 score: 229.6691 average_last200: 153.0115 epis: 0.0001 loss: 45.7410 
episode: 944 count: 219 score: 37.0211 average_last200: 153.2729 epis: 0.0001 loss: 39.5106 
episode: 945 count: 310 score: 210.4827 average_last200: 153.1100 epis: 0.0001 loss: 52.4687 
episode: 946 count: 234 score: 238.9264 average_last200: 153.2390 epis: 0.0001 loss: 49.4540 
episode: 947 count: 243 score: 232.3991 average_last200: 153.4328 epis: 0.0001 loss: 41.8501 
episode: 948 count: 352 score: 222.9279 average_last200: 153.5314 epis: 0.0001 loss: 60.5086 
episode: 949 count: 333 score: 222.5101 average_last200: 153.4591 epis: 0.0001 loss: 58.5162 
episode: 950 count: 295 score: 240.4915 average_last200: 153.5084 epis: 0.0001 loss: 59.9493 
episode: 951 count: 235 score: 209.4657 average_last200: 153.6303 epis: 0.0001 loss: 34.1846 
episode: 952 count: 323 score: 182.3648 average_last200: 153.6234 epis: 0.0001 loss: 56.1280 
episode: 953 count: 224 score: 233.0125 average_last200: 154.8552 epis: 0.0001 loss: 38.3836 
episode: 954 count: 358 score: 193.2364 average_last200: 156.0850 epis: 0.0001 loss: 68.9613 
episode: 955 count: 263 score: 251.5005 average_last200: 156.1404 epis: 0.0001 loss: 38.1283 
episode: 956 count: 246 score: 233.8841 average_last200: 156.1210 epis: 0.0001 loss: 39.4371 
episode: 957 count: 134 score: -38.2100 average_last200: 154.9536 epis: 0.0001 loss: 22.6221 
episode: 958 count: 345 score: 242.4352 average_last200: 154.9147 epis: 0.0001 loss: 70.3763 
episode: 959 count: 271 score: 233.3549 average_last200: 154.9741 epis: 0.0001 loss: 50.4988 
episode: 960 count: 304 score: 197.7168 average_last200: 154.8001 epis: 0.0001 loss: 63.8326 
episode: 961 count: 266 score: 209.5726 average_last200: 154.8316 epis: 0.0001 loss: 50.3861 
episode: 962 count: 258 score: 236.0721 average_last200: 155.0308 epis: 0.0001 loss: 55.4104 
episode: 963 count: 297 score: 191.6759 average_last200: 154.8933 epis: 0.0001 loss: 55.5777 
episode: 964 count: 248 score: 215.8892 average_last200: 155.0107 epis: 0.0001 loss: 43.7292 
episode: 965 count: 203 score: 214.7132 average_last200: 155.0735 epis: 0.0001 loss: 30.1856 
episode: 966 count: 247 score: 227.9085 average_last200: 155.8273 epis: 0.0001 loss: 49.2613 
episode: 967 count: 234 score: 242.8769 average_last200: 155.8920 epis: 0.0001 loss: 44.1765 
episode: 968 count: 412 score: 174.2843 average_last200: 156.1268 epis: 0.0001 loss: 73.9529 
episode: 969 count: 317 score: 180.7304 average_last200: 156.0512 epis: 0.0001 loss: 53.3399 
episode: 970 count: 388 score: 208.4656 average_last200: 157.2135 epis: 0.0001 loss: 72.0306 
episode: 971 count: 243 score: 243.2995 average_last200: 157.4150 epis: 0.0001 loss: 53.7254 
episode: 972 count: 524 score: 183.9616 average_last200: 157.2633 epis: 0.0001 loss: 96.2266 
episode: 973 count: 286 score: 213.3162 average_last200: 157.2837 epis: 0.0001 loss: 53.0689 
episode: 974 count: 280 score: 237.1397 average_last200: 158.8675 epis: 0.0001 loss: 58.1288 
episode: 975 count: 253 score: 216.4879 average_last200: 159.7176 epis: 0.0001 loss: 41.9062 
episode: 976 count: 241 score: 204.0355 average_last200: 159.7741 epis: 0.0001 loss: 40.0297 
episode: 977 count: 305 score: 202.5849 average_last200: 159.7514 epis: 0.0001 loss: 78.0811 
episode: 978 count: 309 score: 230.6407 average_last200: 159.7914 epis: 0.0001 loss: 58.1085 
episode: 979 count: 294 score: 219.5537 average_last200: 159.8156 epis: 0.0001 loss: 52.9560 
episode: 980 count: 324 score: 243.2349 average_last200: 160.3343 epis: 0.0001 loss: 68.8641 
episode: 981 count: 456 score: 211.1012 average_last200: 160.4159 epis: 0.0001 loss: 93.2516 
episode: 982 count: 468 score: 187.3545 average_last200: 160.4787 epis: 0.0001 loss: 90.1789 
episode: 983 count: 353 score: 206.4061 average_last200: 160.4884 epis: 0.0001 loss: 74.9992 
episode: 984 count: 347 score: 222.2642 average_last200: 161.5835 epis: 0.0001 loss: 69.2388 
episode: 985 count: 325 score: 242.0647 average_last200: 162.9501 epis: 0.0000 loss: 61.8208 
episode: 986 count: 440 score: 222.2238 average_last200: 163.3958 epis: 0.0000 loss: 83.5571 
episode: 987 count: 245 score: 246.3102 average_last200: 163.9833 epis: 0.0000 loss: 52.3841 
episode: 988 count: 194 score: 230.0832 average_last200: 165.7513 epis: 0.0000 loss: 40.8927 
episode: 989 count: 231 score: 195.6000 average_last200: 167.3587 epis: 0.0000 loss: 43.6903 
episode: 990 count: 393 score: 186.9620 average_last200: 167.6333 epis: 0.0000 loss: 78.5115 
episode: 991 count: 203 score: 183.0956 average_last200: 168.8032 epis: 0.0000 loss: 38.7922 
episode: 992 count: 224 score: 235.6643 average_last200: 168.8684 epis: 0.0000 loss: 50.5949 
episode: 993 count: 402 score: 185.2494 average_last200: 168.6118 epis: 0.0000 loss: 70.0585 
episode: 994 count: 410 score: 176.6825 average_last200: 169.9013 epis: 0.0000 loss: 75.7767 
episode: 995 count: 254 score: 213.8820 average_last200: 171.0704 epis: 0.0000 loss: 49.0747 
episode: 996 count: 353 score: 197.1744 average_last200: 172.4510 epis: 0.0000 loss: 65.5802 
episode: 997 count: 302 score: 215.9098 average_last200: 173.8703 epis: 0.0000 loss: 53.0254 
episode: 998 count: 434 score: 211.9133 average_last200: 174.3245 epis: 0.0000 loss: 104.0051 
episode: 999 count: 291 score: 211.6087 average_last200: 174.5288 epis: 0.0000 loss: 55.2390 
