[33mWARN: gym.spaces.Box autodetected dtype as <class 'numpy.float32'>. Please provide explicit dtype.[0m
All para: Epis 1000 memlen 100000 gamma 0.985 epsilon 0.993 alpha 0.00030 batch 30 upfreq 500
episode: 0 count: 103 score: -201.7553 average_last200: -201.7553 epis: 0.9930 loss: 0.0000 
episode: 1 count: 84 score: -164.3968 average_last200: -183.0761 epis: 0.9860 loss: 0.0000 
episode: 2 count: 132 score: -150.1011 average_last200: -172.0844 epis: 0.9791 loss: 0.0000 
episode: 3 count: 75 score: -148.4693 average_last200: -166.1806 epis: 0.9723 loss: 0.0000 
episode: 4 count: 94 score: -340.2749 average_last200: -200.9995 epis: 0.9655 loss: 0.0000 
episode: 5 count: 85 score: -482.3786 average_last200: -247.8960 epis: 0.9587 loss: 0.0000 
episode: 6 count: 62 score: -104.0794 average_last200: -227.3508 epis: 0.9520 loss: 0.0000 
episode: 7 count: 101 score: -191.6797 average_last200: -222.8919 epis: 0.9454 loss: 0.0000 
episode: 8 count: 92 score: -351.0453 average_last200: -237.1312 epis: 0.9387 loss: 0.0000 
episode: 9 count: 129 score: -448.6276 average_last200: -258.2808 epis: 0.9322 loss: 0.0000 
episode: 10 count: 67 score: -276.9074 average_last200: -259.9741 epis: 0.9256 loss: 21.3196 
episode: 11 count: 104 score: -351.6185 average_last200: -267.6112 epis: 0.9192 loss: 75.5560 
episode: 12 count: 75 score: -322.4809 average_last200: -271.8319 epis: 0.9127 loss: 46.5441 
episode: 13 count: 122 score: -401.6388 average_last200: -281.1038 epis: 0.9063 loss: 60.1428 
episode: 14 count: 110 score: -613.4107 average_last200: -303.2576 epis: 0.9000 loss: 53.2214 
episode: 15 count: 85 score: -290.6234 average_last200: -302.4680 epis: 0.8937 loss: 48.5816 
episode: 16 count: 133 score: -280.9568 average_last200: -301.2026 epis: 0.8874 loss: 64.8012 
episode: 17 count: 106 score: -198.9455 average_last200: -295.5217 epis: 0.8812 loss: 53.8220 
episode: 18 count: 102 score: -198.1611 average_last200: -290.3974 epis: 0.8751 loss: 49.4975 
episode: 19 count: 118 score: -167.2024 average_last200: -284.2377 epis: 0.8689 loss: 47.9310 
episode: 20 count: 101 score: -436.9187 average_last200: -291.5082 epis: 0.8628 loss: 44.0270 
episode: 21 count: 179 score: -199.8516 average_last200: -287.3420 epis: 0.8568 loss: 67.2885 
episode: 22 count: 84 score: -236.8424 average_last200: -285.1464 epis: 0.8508 loss: 29.0593 
episode: 23 count: 80 score: -100.1780 average_last200: -277.4393 epis: 0.8449 loss: 28.5061 
episode: 24 count: 114 score: -330.9524 average_last200: -279.5799 epis: 0.8389 loss: 48.5327 
episode: 25 count: 73 score: -149.2582 average_last200: -274.5675 epis: 0.8331 loss: 32.5567 
episode: 26 count: 123 score: -109.0829 average_last200: -268.4384 epis: 0.8272 loss: 38.1870 
episode: 27 count: 130 score: -128.4584 average_last200: -263.4391 epis: 0.8214 loss: 48.7478 
episode: 28 count: 95 score: -333.9495 average_last200: -265.8705 epis: 0.8157 loss: 31.5689 
episode: 29 count: 106 score: -218.1900 average_last200: -264.2812 epis: 0.8100 loss: 43.7983 
episode: 30 count: 110 score: -145.8775 average_last200: -260.4617 epis: 0.8043 loss: 33.6276 
episode: 31 count: 109 score: -250.3853 average_last200: -260.1468 epis: 0.7987 loss: 34.0106 
episode: 32 count: 102 score: -285.8615 average_last200: -260.9260 epis: 0.7931 loss: 37.0240 
episode: 33 count: 104 score: -64.1496 average_last200: -255.1385 epis: 0.7875 loss: 32.4920 
episode: 34 count: 118 score: -148.8918 average_last200: -252.1029 epis: 0.7820 loss: 52.1889 
episode: 35 count: 135 score: -178.3715 average_last200: -250.0548 epis: 0.7766 loss: 43.0833 
episode: 36 count: 131 score: -133.4305 average_last200: -246.9028 epis: 0.7711 loss: 44.9535 
episode: 37 count: 77 score: -133.7190 average_last200: -243.9243 epis: 0.7657 loss: 22.4238 
episode: 38 count: 82 score: -136.0595 average_last200: -241.1585 epis: 0.7604 loss: 33.2731 
episode: 39 count: 155 score: -105.6167 average_last200: -237.7700 epis: 0.7550 loss: 57.0744 
episode: 40 count: 122 score: -170.2665 average_last200: -236.1235 epis: 0.7498 loss: 37.6076 
episode: 41 count: 108 score: -171.2664 average_last200: -234.5793 epis: 0.7445 loss: 29.2466 
episode: 42 count: 60 score: -193.0972 average_last200: -233.6146 epis: 0.7393 loss: 13.7854 
episode: 43 count: 121 score: -50.8025 average_last200: -229.4598 epis: 0.7341 loss: 42.4021 
episode: 44 count: 81 score: -63.9371 average_last200: -225.7815 epis: 0.7290 loss: 26.2539 
episode: 45 count: 119 score: -170.7734 average_last200: -224.5857 epis: 0.7239 loss: 44.7178 
episode: 46 count: 172 score: -128.5056 average_last200: -222.5414 epis: 0.7188 loss: 47.9634 
episode: 47 count: 100 score: -132.6852 average_last200: -220.6694 epis: 0.7138 loss: 34.4646 
episode: 48 count: 77 score: -69.1308 average_last200: -217.5768 epis: 0.7088 loss: 34.1243 
episode: 49 count: 127 score: -209.1675 average_last200: -217.4086 epis: 0.7038 loss: 41.7013 
episode: 50 count: 132 score: -147.0425 average_last200: -216.0289 epis: 0.6989 loss: 41.3859 
episode: 51 count: 175 score: -157.5822 average_last200: -214.9049 epis: 0.6940 loss: 59.0450 
episode: 52 count: 125 score: -224.2381 average_last200: -215.0810 epis: 0.6891 loss: 44.7181 
episode: 53 count: 128 score: -109.2290 average_last200: -213.1208 epis: 0.6843 loss: 43.9981 
episode: 54 count: 237 score: -127.0073 average_last200: -211.5551 epis: 0.6795 loss: 84.9489 
episode: 55 count: 158 score: -93.5788 average_last200: -209.4484 epis: 0.6748 loss: 55.4959 
episode: 56 count: 206 score: -250.2407 average_last200: -210.1640 epis: 0.6700 loss: 69.0152 
episode: 57 count: 145 score: -117.9761 average_last200: -208.5746 epis: 0.6654 loss: 45.2015 
episode: 58 count: 128 score: -119.4107 average_last200: -207.0633 epis: 0.6607 loss: 48.9677 
episode: 59 count: 127 score: -163.9205 average_last200: -206.3443 epis: 0.6561 loss: 42.5918 
episode: 60 count: 70 score: -125.0992 average_last200: -205.0124 epis: 0.6515 loss: 19.2723 
episode: 61 count: 201 score: -3.6220 average_last200: -201.7642 epis: 0.6469 loss: 57.9897 
episode: 62 count: 178 score: -150.3112 average_last200: -200.9474 epis: 0.6424 loss: 52.1607 
episode: 63 count: 170 score: -119.3569 average_last200: -199.6726 epis: 0.6379 loss: 55.0182 
episode: 64 count: 127 score: -179.9589 average_last200: -199.3693 epis: 0.6334 loss: 47.3610 
episode: 65 count: 90 score: -109.3231 average_last200: -198.0050 epis: 0.6290 loss: 29.0705 
episode: 66 count: 137 score: -176.5480 average_last200: -197.6847 epis: 0.6246 loss: 39.2622 
episode: 67 count: 160 score: -132.8889 average_last200: -196.7318 epis: 0.6202 loss: 54.3718 
episode: 68 count: 78 score: -122.1013 average_last200: -195.6502 epis: 0.6159 loss: 23.7840 
episode: 69 count: 77 score: -53.7324 average_last200: -193.6228 epis: 0.6116 loss: 26.9915 
episode: 70 count: 153 score: -118.0071 average_last200: -192.5578 epis: 0.6073 loss: 54.9885 
episode: 71 count: 153 score: -149.6726 average_last200: -191.9622 epis: 0.6030 loss: 49.6117 
episode: 72 count: 120 score: -148.3004 average_last200: -191.3641 epis: 0.5988 loss: 42.0793 
episode: 73 count: 155 score: -131.6028 average_last200: -190.5565 epis: 0.5946 loss: 47.7546 
episode: 74 count: 110 score: -85.2649 average_last200: -189.1526 epis: 0.5905 loss: 36.7163 
episode: 75 count: 192 score: -131.8579 average_last200: -188.3987 epis: 0.5863 loss: 51.5216 
episode: 76 count: 95 score: -160.2589 average_last200: -188.0333 epis: 0.5822 loss: 36.9762 
episode: 77 count: 189 score: -27.9796 average_last200: -185.9813 epis: 0.5782 loss: 60.7291 
episode: 78 count: 123 score: -143.0667 average_last200: -185.4381 epis: 0.5741 loss: 40.6461 
episode: 79 count: 120 score: -243.2097 average_last200: -186.1602 epis: 0.5701 loss: 36.6724 
episode: 80 count: 185 score: -153.7453 average_last200: -185.7601 epis: 0.5661 loss: 60.0370 
episode: 81 count: 77 score: -84.1503 average_last200: -184.5209 epis: 0.5621 loss: 27.1876 
episode: 82 count: 235 score: -46.9769 average_last200: -182.8638 epis: 0.5582 loss: 80.1071 
episode: 83 count: 141 score: -41.9332 average_last200: -181.1860 epis: 0.5543 loss: 43.9499 
episode: 84 count: 179 score: -84.2405 average_last200: -180.0455 epis: 0.5504 loss: 58.3426 
episode: 85 count: 226 score: -73.9999 average_last200: -178.8124 epis: 0.5466 loss: 70.4924 
episode: 86 count: 99 score: -64.9701 average_last200: -177.5039 epis: 0.5427 loss: 34.1133 
episode: 87 count: 169 score: -129.4983 average_last200: -176.9583 epis: 0.5389 loss: 50.2924 
episode: 88 count: 163 score: -44.4240 average_last200: -175.4692 epis: 0.5352 loss: 48.7392 
episode: 89 count: 157 score: -107.6087 average_last200: -174.7152 epis: 0.5314 loss: 51.0629 
episode: 90 count: 226 score: -40.6187 average_last200: -173.2416 epis: 0.5277 loss: 76.9821 
episode: 91 count: 96 score: -108.3611 average_last200: -172.5364 epis: 0.5240 loss: 24.3976 
episode: 92 count: 175 score: -100.5605 average_last200: -171.7624 epis: 0.5203 loss: 56.2220 
episode: 93 count: 72 score: -60.5499 average_last200: -170.5793 epis: 0.5167 loss: 23.2746 
episode: 94 count: 110 score: -89.3467 average_last200: -169.7242 epis: 0.5131 loss: 37.9572 
episode: 95 count: 191 score: -76.4529 average_last200: -168.7527 epis: 0.5095 loss: 58.9899 
episode: 96 count: 120 score: -13.6700 average_last200: -167.1539 epis: 0.5059 loss: 37.3333 
episode: 97 count: 163 score: -124.1167 average_last200: -166.7147 epis: 0.5024 loss: 49.5280 
episode: 98 count: 145 score: -138.3249 average_last200: -166.4280 epis: 0.4989 loss: 43.7691 
episode: 99 count: 221 score: -87.3217 average_last200: -165.6369 epis: 0.4954 loss: 69.8859 
episode: 100 count: 401 score: -128.6433 average_last200: -165.2706 epis: 0.4919 loss: 135.7015 
episode: 101 count: 274 score: -69.6822 average_last200: -164.3335 epis: 0.4885 loss: 88.3554 
episode: 102 count: 237 score: -142.5174 average_last200: -164.1217 epis: 0.4850 loss: 94.2104 
episode: 103 count: 144 score: -126.1667 average_last200: -163.7567 epis: 0.4816 loss: 42.3619 
episode: 104 count: 314 score: -112.4305 average_last200: -163.2679 epis: 0.4783 loss: 109.8452 
episode: 105 count: 179 score: -67.3708 average_last200: -162.3632 epis: 0.4749 loss: 49.8782 
episode: 106 count: 254 score: -88.8515 average_last200: -161.6762 epis: 0.4716 loss: 87.8381 
episode: 107 count: 880 score: -130.1775 average_last200: -161.3845 epis: 0.4683 loss: 293.2645 
episode: 108 count: 135 score: -53.6393 average_last200: -160.3960 epis: 0.4650 loss: 48.6633 
episode: 109 count: 201 score: -87.4222 average_last200: -159.7326 epis: 0.4618 loss: 60.8818 
episode: 110 count: 281 score: -157.4284 average_last200: -159.7119 epis: 0.4585 loss: 103.3752 
episode: 111 count: 1000 score: -80.5547 average_last200: -159.0051 epis: 0.4553 loss: 337.1995 
episode: 112 count: 315 score: -89.4887 average_last200: -158.3899 epis: 0.4521 loss: 96.8274 
episode: 113 count: 432 score: -292.5882 average_last200: -159.5671 epis: 0.4490 loss: 142.5603 
episode: 114 count: 1000 score: -63.6230 average_last200: -158.7328 epis: 0.4458 loss: 357.1057 
episode: 115 count: 401 score: -120.3874 average_last200: -158.4023 epis: 0.4427 loss: 147.2815 
episode: 116 count: 1000 score: -29.3197 average_last200: -157.2990 epis: 0.4396 loss: 342.4088 
episode: 117 count: 260 score: -82.0422 average_last200: -156.6612 epis: 0.4365 loss: 89.3718 
episode: 118 count: 167 score: -84.4427 average_last200: -156.0543 epis: 0.4335 loss: 57.0859 
episode: 119 count: 512 score: -124.7450 average_last200: -155.7934 epis: 0.4304 loss: 174.8373 
episode: 120 count: 199 score: -79.0192 average_last200: -155.1589 epis: 0.4274 loss: 59.8254 
episode: 121 count: 505 score: -90.5058 average_last200: -154.6290 epis: 0.4244 loss: 162.2913 
episode: 122 count: 211 score: -16.8664 average_last200: -153.5090 epis: 0.4215 loss: 82.3899 
episode: 123 count: 512 score: -128.6882 average_last200: -153.3088 epis: 0.4185 loss: 178.9384 
episode: 124 count: 278 score: -95.7885 average_last200: -152.8486 epis: 0.4156 loss: 94.8101 
episode: 125 count: 1000 score: -96.8008 average_last200: -152.4038 epis: 0.4127 loss: 318.0258 
episode: 126 count: 385 score: -63.5873 average_last200: -151.7045 epis: 0.4098 loss: 118.1925 
episode: 127 count: 1000 score: -182.5822 average_last200: -151.9457 epis: 0.4069 loss: 301.3216 
episode: 128 count: 1000 score: -105.3825 average_last200: -151.5847 epis: 0.4041 loss: 318.8252 
episode: 129 count: 268 score: -147.8900 average_last200: -151.5563 epis: 0.4012 loss: 84.8815 
episode: 130 count: 396 score: -217.0090 average_last200: -152.0560 epis: 0.3984 loss: 121.1969 
episode: 131 count: 725 score: -168.1394 average_last200: -152.1778 epis: 0.3956 loss: 208.1393 
episode: 132 count: 318 score: -27.6586 average_last200: -151.2416 epis: 0.3929 loss: 86.3203 
episode: 133 count: 311 score: -76.9764 average_last200: -150.6874 epis: 0.3901 loss: 81.7027 
episode: 134 count: 399 score: -162.4380 average_last200: -150.7744 epis: 0.3874 loss: 109.3297 
episode: 135 count: 183 score: -44.0793 average_last200: -149.9899 epis: 0.3847 loss: 45.4294 
episode: 136 count: 150 score: -53.8417 average_last200: -149.2881 epis: 0.3820 loss: 46.0159 
episode: 137 count: 1000 score: -70.4509 average_last200: -148.7168 epis: 0.3793 loss: 273.8305 
episode: 138 count: 480 score: -184.9749 average_last200: -148.9776 epis: 0.3767 loss: 128.9044 
episode: 139 count: 178 score: -26.7675 average_last200: -148.1047 epis: 0.3740 loss: 49.5780 
episode: 140 count: 1000 score: -151.4959 average_last200: -148.1287 epis: 0.3714 loss: 271.7384 
episode: 141 count: 579 score: -164.1140 average_last200: -148.2413 epis: 0.3688 loss: 153.5458 
episode: 142 count: 1000 score: -189.7894 average_last200: -148.5319 epis: 0.3662 loss: 289.1060 
episode: 143 count: 1000 score: -157.7743 average_last200: -148.5961 epis: 0.3637 loss: 276.1744 
episode: 144 count: 1000 score: -56.8200 average_last200: -147.9631 epis: 0.3611 loss: 269.0612 
episode: 145 count: 1000 score: -77.4534 average_last200: -147.4802 epis: 0.3586 loss: 269.3619 
episode: 146 count: 131 score: -83.2005 average_last200: -147.0429 epis: 0.3561 loss: 33.3211 
episode: 147 count: 1000 score: -108.6340 average_last200: -146.7834 epis: 0.3536 loss: 248.8515 
episode: 148 count: 594 score: -309.6362 average_last200: -147.8763 epis: 0.3511 loss: 159.0181 
episode: 149 count: 1000 score: -229.1821 average_last200: -148.4184 epis: 0.3486 loss: 275.2814 
episode: 150 count: 1000 score: -49.4268 average_last200: -147.7628 epis: 0.3462 loss: 259.4538 
episode: 151 count: 1000 score: -64.4343 average_last200: -147.2146 epis: 0.3438 loss: 256.5165 
episode: 152 count: 659 score: -309.1457 average_last200: -148.2730 epis: 0.3414 loss: 185.8899 
episode: 153 count: 227 score: -15.2492 average_last200: -147.4092 epis: 0.3390 loss: 53.4633 
episode: 154 count: 1000 score: -156.6329 average_last200: -147.4687 epis: 0.3366 loss: 250.8526 
episode: 155 count: 1000 score: -143.9806 average_last200: -147.4463 epis: 0.3343 loss: 270.9627 
episode: 156 count: 1000 score: -18.8128 average_last200: -146.6270 epis: 0.3319 loss: 273.2668 
episode: 157 count: 1000 score: -187.1457 average_last200: -146.8835 epis: 0.3296 loss: 266.3635 
episode: 158 count: 1000 score: -88.5080 average_last200: -146.5163 epis: 0.3273 loss: 254.3301 
episode: 159 count: 1000 score: -83.5560 average_last200: -146.1228 epis: 0.3250 loss: 261.9818 
episode: 160 count: 551 score: -105.9031 average_last200: -145.8730 epis: 0.3227 loss: 152.1096 
episode: 161 count: 1000 score: -30.4849 average_last200: -145.1607 epis: 0.3205 loss: 264.8713 
episode: 162 count: 1000 score: -58.4963 average_last200: -144.6290 epis: 0.3182 loss: 268.8172 
episode: 163 count: 1000 score: -47.2864 average_last200: -144.0355 epis: 0.3160 loss: 261.8750 
episode: 164 count: 416 score: -196.6414 average_last200: -144.3543 epis: 0.3138 loss: 117.0359 
episode: 165 count: 1000 score: -74.8562 average_last200: -143.9356 epis: 0.3116 loss: 293.4415 
episode: 166 count: 1000 score: -27.7624 average_last200: -143.2400 epis: 0.3094 loss: 280.2059 
episode: 167 count: 561 score: -109.8341 average_last200: -143.0412 epis: 0.3072 loss: 156.2688 
episode: 168 count: 1000 score: -43.0693 average_last200: -142.4496 epis: 0.3051 loss: 284.5038 
episode: 169 count: 1000 score: -72.8174 average_last200: -142.0400 epis: 0.3030 loss: 285.5875 
episode: 170 count: 1000 score: -105.4791 average_last200: -141.8262 epis: 0.3008 loss: 289.5977 
episode: 171 count: 1000 score: -68.3819 average_last200: -141.3992 epis: 0.2987 loss: 292.7457 
episode: 172 count: 1000 score: -56.8617 average_last200: -140.9105 epis: 0.2966 loss: 294.0450 
episode: 173 count: 1000 score: -64.3438 average_last200: -140.4705 epis: 0.2946 loss: 286.5458 
episode: 174 count: 1000 score: -88.7662 average_last200: -140.1750 epis: 0.2925 loss: 277.7287 
episode: 175 count: 1000 score: -70.4941 average_last200: -139.7791 epis: 0.2904 loss: 274.9051 
episode: 176 count: 1000 score: -51.0865 average_last200: -139.2780 epis: 0.2884 loss: 268.6927 
episode: 177 count: 1000 score: -100.3964 average_last200: -139.0596 epis: 0.2864 loss: 280.0759 
episode: 178 count: 1000 score: -36.5673 average_last200: -138.4870 epis: 0.2844 loss: 294.9651 
episode: 179 count: 1000 score: -41.8781 average_last200: -137.9503 epis: 0.2824 loss: 291.7511 
episode: 180 count: 1000 score: -23.9471 average_last200: -137.3205 epis: 0.2804 loss: 301.1906 
episode: 181 count: 1000 score: -29.0922 average_last200: -136.7258 epis: 0.2785 loss: 300.9219 
episode: 182 count: 1000 score: -135.9345 average_last200: -136.7215 epis: 0.2765 loss: 305.3150 
episode: 183 count: 1000 score: -72.3586 average_last200: -136.3717 epis: 0.2746 loss: 310.7923 
episode: 184 count: 1000 score: -69.1560 average_last200: -136.0083 epis: 0.2727 loss: 297.4965 
episode: 185 count: 1000 score: -41.8362 average_last200: -135.5020 epis: 0.2707 loss: 291.8205 
episode: 186 count: 1000 score: -23.0040 average_last200: -134.9005 epis: 0.2688 loss: 275.2790 
episode: 187 count: 1000 score: 4.2935 average_last200: -134.1601 epis: 0.2670 loss: 300.3598 
episode: 188 count: 1000 score: -83.3972 average_last200: -133.8915 epis: 0.2651 loss: 294.6750 
episode: 189 count: 1000 score: -96.7767 average_last200: -133.6961 epis: 0.2632 loss: 296.4885 
episode: 190 count: 1000 score: -31.5601 average_last200: -133.1614 epis: 0.2614 loss: 289.6138 
episode: 191 count: 1000 score: -23.6659 average_last200: -132.5911 epis: 0.2596 loss: 308.7100 
episode: 192 count: 1000 score: -49.8880 average_last200: -132.1626 epis: 0.2578 loss: 281.6932 
episode: 193 count: 1000 score: -64.0495 average_last200: -131.8115 epis: 0.2559 loss: 288.0813 
episode: 194 count: 1000 score: -91.1332 average_last200: -131.6029 epis: 0.2542 loss: 280.2729 
episode: 195 count: 1000 score: 25.2188 average_last200: -130.8028 epis: 0.2524 loss: 279.8863 
episode: 196 count: 1000 score: -44.5333 average_last200: -130.3649 epis: 0.2506 loss: 298.3381 
episode: 197 count: 1000 score: -53.3126 average_last200: -129.9757 epis: 0.2489 loss: 304.8025 
episode: 198 count: 271 score: -211.5158 average_last200: -130.3855 epis: 0.2471 loss: 84.7414 
episode: 199 count: 1000 score: -91.2424 average_last200: -130.1897 epis: 0.2454 loss: 304.9614 
episode: 200 count: 1000 score: -43.7595 average_last200: -129.3998 epis: 0.2437 loss: 285.8561 
episode: 201 count: 1000 score: -5.9377 average_last200: -128.6075 epis: 0.2420 loss: 287.9780 
episode: 202 count: 1000 score: -76.3163 average_last200: -128.2385 epis: 0.2403 loss: 283.0576 
episode: 203 count: 1000 score: -96.5202 average_last200: -127.9788 epis: 0.2386 loss: 278.2472 
episode: 204 count: 1000 score: -83.4977 average_last200: -126.6949 epis: 0.2369 loss: 284.7393 
episode: 205 count: 1000 score: -50.0283 average_last200: -124.5332 epis: 0.2353 loss: 269.9058 
episode: 206 count: 1000 score: -57.6899 average_last200: -124.3012 epis: 0.2336 loss: 268.1767 
episode: 207 count: 1000 score: -69.0563 average_last200: -123.6881 epis: 0.2320 loss: 268.2948 
episode: 208 count: 1000 score: -47.9510 average_last200: -122.1726 epis: 0.2304 loss: 278.3470 
episode: 209 count: 1000 score: 22.6609 average_last200: -119.8162 epis: 0.2287 loss: 271.4210 
episode: 210 count: 1000 score: -17.7803 average_last200: -118.5205 epis: 0.2271 loss: 273.5209 
episode: 211 count: 1000 score: -93.0455 average_last200: -117.2277 epis: 0.2255 loss: 253.1958 
episode: 212 count: 1000 score: -60.7192 average_last200: -115.9189 epis: 0.2240 loss: 262.9899 
episode: 213 count: 1000 score: -58.6718 average_last200: -114.2040 epis: 0.2224 loss: 272.8509 
episode: 214 count: 1000 score: -75.6634 average_last200: -111.5153 epis: 0.2208 loss: 243.4985 
episode: 215 count: 1000 score: -73.4685 average_last200: -110.4295 epis: 0.2193 loss: 240.0795 
episode: 216 count: 1000 score: 1.8392 average_last200: -109.0155 epis: 0.2178 loss: 245.8257 
episode: 217 count: 1000 score: -93.5650 average_last200: -108.4886 epis: 0.2162 loss: 244.4532 
episode: 218 count: 1000 score: 33.0535 average_last200: -107.3326 epis: 0.2147 loss: 241.9962 
episode: 219 count: 1000 score: 8.1159 average_last200: -106.4560 epis: 0.2132 loss: 223.7900 
episode: 220 count: 407 score: 204.8630 average_last200: -103.2471 epis: 0.2117 loss: 94.7114 
episode: 221 count: 1000 score: -68.4434 average_last200: -102.5900 epis: 0.2102 loss: 220.6903 
episode: 222 count: 1000 score: 34.3958 average_last200: -101.2338 epis: 0.2088 loss: 211.7097 
episode: 223 count: 1000 score: -34.3038 average_last200: -100.9045 epis: 0.2073 loss: 223.9171 
episode: 224 count: 555 score: 200.4326 average_last200: -98.2475 epis: 0.2059 loss: 118.1497 
episode: 225 count: 1000 score: -14.8736 average_last200: -97.5756 epis: 0.2044 loss: 221.2692 
episode: 226 count: 1000 score: 19.6330 average_last200: -96.9320 epis: 0.2030 loss: 216.8377 
episode: 227 count: 1000 score: 57.2825 average_last200: -96.0033 epis: 0.2016 loss: 235.3205 
episode: 228 count: 1000 score: 34.5419 average_last200: -94.1609 epis: 0.2002 loss: 218.8605 
episode: 229 count: 1000 score: -20.8894 average_last200: -93.1744 epis: 0.1988 loss: 219.8557 
episode: 230 count: 1000 score: -33.9719 average_last200: -92.6148 epis: 0.1974 loss: 223.4378 
episode: 231 count: 1000 score: 92.1102 average_last200: -90.9024 epis: 0.1960 loss: 215.3780 
episode: 232 count: 1000 score: 22.7239 average_last200: -89.3594 epis: 0.1946 loss: 210.1098 
episode: 233 count: 776 score: -385.5010 average_last200: -90.9662 epis: 0.1933 loss: 162.9062 
episode: 234 count: 1000 score: -11.2116 average_last200: -90.2778 epis: 0.1919 loss: 206.8700 
episode: 235 count: 335 score: 218.6562 average_last200: -88.2927 epis: 0.1906 loss: 69.5468 
episode: 236 count: 689 score: 181.8724 average_last200: -86.7161 epis: 0.1892 loss: 155.5682 
episode: 237 count: 653 score: 98.5170 average_last200: -85.5550 epis: 0.1879 loss: 138.8862 
episode: 238 count: 675 score: 133.3328 average_last200: -84.2080 epis: 0.1866 loss: 134.4055 
episode: 239 count: 880 score: 97.3913 average_last200: -83.1930 epis: 0.1853 loss: 190.8077 
episode: 240 count: 911 score: 147.2352 average_last200: -81.6055 epis: 0.1840 loss: 183.7768 
episode: 241 count: 1000 score: 91.3507 average_last200: -80.2924 epis: 0.1827 loss: 197.8451 
episode: 242 count: 417 score: 189.8697 average_last200: -78.3775 epis: 0.1814 loss: 83.6563 
episode: 243 count: 862 score: 187.5038 average_last200: -77.1860 epis: 0.1801 loss: 191.7579 
episode: 244 count: 394 score: 190.8366 average_last200: -75.9121 epis: 0.1789 loss: 85.6787 
episode: 245 count: 280 score: -218.5055 average_last200: -76.1508 epis: 0.1776 loss: 55.3484 
episode: 246 count: 536 score: 163.1753 average_last200: -74.6924 epis: 0.1764 loss: 109.4904 
episode: 247 count: 1000 score: -36.2482 average_last200: -74.2102 epis: 0.1752 loss: 208.9126 
episode: 248 count: 360 score: 207.5129 average_last200: -72.8270 epis: 0.1739 loss: 78.6704 
episode: 249 count: 1000 score: 12.8155 average_last200: -71.7171 epis: 0.1727 loss: 212.3445 
episode: 250 count: 444 score: 171.8372 average_last200: -70.1227 epis: 0.1715 loss: 82.9932 
episode: 251 count: 958 score: 184.0115 average_last200: -68.4147 epis: 0.1703 loss: 192.3122 
episode: 252 count: 833 score: 142.2856 average_last200: -66.5821 epis: 0.1691 loss: 170.4064 
episode: 253 count: 672 score: 153.9333 average_last200: -65.2663 epis: 0.1679 loss: 143.4162 
episode: 254 count: 810 score: 153.5041 average_last200: -63.8637 epis: 0.1667 loss: 159.4719 
episode: 255 count: 652 score: 187.5175 average_last200: -62.4582 epis: 0.1656 loss: 131.1113 
episode: 256 count: 1000 score: -102.5804 average_last200: -61.7199 epis: 0.1644 loss: 204.7854 
episode: 257 count: 1000 score: 78.4744 average_last200: -60.7377 epis: 0.1633 loss: 210.5979 
episode: 258 count: 712 score: 89.8477 average_last200: -59.6914 epis: 0.1621 loss: 141.5736 
episode: 259 count: 427 score: 177.0934 average_last200: -57.9863 epis: 0.1610 loss: 91.5982 
episode: 260 count: 583 score: 114.1826 average_last200: -56.7899 epis: 0.1599 loss: 117.5843 
episode: 261 count: 559 score: 215.8116 average_last200: -55.6927 epis: 0.1587 loss: 111.7497 
episode: 262 count: 378 score: 229.8655 average_last200: -53.7919 epis: 0.1576 loss: 78.4234 
episode: 263 count: 751 score: 169.8115 average_last200: -52.3460 epis: 0.1565 loss: 152.1712 
episode: 264 count: 737 score: 151.7567 average_last200: -50.6874 epis: 0.1554 loss: 150.6952 
episode: 265 count: 637 score: -257.7860 average_last200: -51.4298 epis: 0.1543 loss: 123.5602 
episode: 266 count: 1000 score: 55.9297 average_last200: -50.2674 epis: 0.1533 loss: 208.4997 
episode: 267 count: 555 score: 204.8025 average_last200: -48.5789 epis: 0.1522 loss: 115.3259 
episode: 268 count: 446 score: 192.3718 average_last200: -47.0065 epis: 0.1511 loss: 91.1501 
episode: 269 count: 607 score: 198.1173 average_last200: -45.7473 epis: 0.1501 loss: 121.0964 
episode: 270 count: 483 score: 168.7837 average_last200: -44.3133 epis: 0.1490 loss: 95.3960 
episode: 271 count: 568 score: 185.4858 average_last200: -42.6375 epis: 0.1480 loss: 107.2881 
episode: 272 count: 1000 score: 44.0636 average_last200: -41.6757 epis: 0.1469 loss: 200.4720 
episode: 273 count: 705 score: 168.9838 average_last200: -40.1728 epis: 0.1459 loss: 130.8935 
episode: 274 count: 277 score: -56.0161 average_last200: -40.0265 epis: 0.1449 loss: 59.9357 
episode: 275 count: 1000 score: 13.5864 average_last200: -39.2993 epis: 0.1439 loss: 200.6627 
episode: 276 count: 412 score: 217.6724 average_last200: -37.4097 epis: 0.1429 loss: 78.8704 
episode: 277 count: 573 score: 143.6291 average_last200: -36.5516 epis: 0.1419 loss: 122.1472 
episode: 278 count: 553 score: 179.2632 average_last200: -34.9400 epis: 0.1409 loss: 117.8786 
episode: 279 count: 632 score: 142.5509 average_last200: -33.0112 epis: 0.1399 loss: 133.8659 
episode: 280 count: 455 score: 207.0130 average_last200: -31.2074 epis: 0.1389 loss: 87.8624 
episode: 281 count: 672 score: 109.1813 average_last200: -30.2407 epis: 0.1379 loss: 133.6329 
episode: 282 count: 947 score: 195.0188 average_last200: -29.0307 epis: 0.1370 loss: 201.3357 
episode: 283 count: 443 score: 159.5053 average_last200: -28.0236 epis: 0.1360 loss: 85.7169 
episode: 284 count: 458 score: 174.1218 average_last200: -26.7317 epis: 0.1351 loss: 93.5854 
episode: 285 count: 457 score: 202.1968 average_last200: -25.3508 epis: 0.1341 loss: 86.5685 
episode: 286 count: 360 score: 238.4291 average_last200: -23.8338 epis: 0.1332 loss: 75.4101 
episode: 287 count: 950 score: 202.9084 average_last200: -22.1717 epis: 0.1322 loss: 198.6810 
episode: 288 count: 784 score: 142.2669 average_last200: -21.2383 epis: 0.1313 loss: 168.4095 
episode: 289 count: 660 score: 139.0751 average_last200: -20.0049 epis: 0.1304 loss: 137.7362 
episode: 290 count: 703 score: 125.2057 average_last200: -19.1757 epis: 0.1295 loss: 134.7277 
episode: 291 count: 754 score: -222.7477 average_last200: -19.7477 epis: 0.1286 loss: 139.8753 
episode: 292 count: 766 score: 105.4276 average_last200: -18.7177 epis: 0.1277 loss: 152.4878 
episode: 293 count: 824 score: 117.4407 average_last200: -17.8278 epis: 0.1268 loss: 160.1492 
episode: 294 count: 459 score: 234.6037 average_last200: -16.2080 epis: 0.1259 loss: 97.0612 
episode: 295 count: 862 score: 160.2283 average_last200: -15.0246 epis: 0.1250 loss: 174.4878 
episode: 296 count: 604 score: 144.5676 average_last200: -14.2334 epis: 0.1241 loss: 114.6632 
episode: 297 count: 659 score: 211.0868 average_last200: -12.5574 epis: 0.1233 loss: 129.3023 
episode: 298 count: 453 score: 222.5408 average_last200: -10.7531 epis: 0.1224 loss: 86.5473 
episode: 299 count: 639 score: 180.2466 average_last200: -9.4152 epis: 0.1216 loss: 129.7930 
episode: 300 count: 719 score: 138.5203 average_last200: -8.0794 epis: 0.1207 loss: 143.7562 
episode: 301 count: 562 score: 185.7477 average_last200: -6.8023 epis: 0.1199 loss: 109.7606 
episode: 302 count: 596 score: 158.4950 average_last200: -5.2972 epis: 0.1190 loss: 112.6640 
episode: 303 count: 1000 score: 14.8876 average_last200: -4.5919 epis: 0.1182 loss: 203.0064 
episode: 304 count: 1000 score: -41.4664 average_last200: -4.2371 epis: 0.1174 loss: 209.2403 
episode: 305 count: 1000 score: -31.6692 average_last200: -4.0586 epis: 0.1165 loss: 193.5458 
episode: 306 count: 293 score: 196.4563 average_last200: -2.6321 epis: 0.1157 loss: 62.5195 
episode: 307 count: 535 score: 156.1808 average_last200: -1.2003 epis: 0.1149 loss: 97.6386 
episode: 308 count: 1000 score: 9.9643 average_last200: -0.8823 epis: 0.1141 loss: 184.6648 
episode: 309 count: 407 score: 212.8600 average_last200: 0.6192 epis: 0.1133 loss: 83.7328 
episode: 310 count: 742 score: 140.4919 average_last200: 2.1088 epis: 0.1125 loss: 145.0985 
episode: 311 count: 486 score: 167.0112 average_last200: 3.3466 epis: 0.1117 loss: 94.5041 
episode: 312 count: 547 score: 144.6177 average_last200: 4.5171 epis: 0.1109 loss: 110.1414 
episode: 313 count: 600 score: 150.4246 average_last200: 6.7322 epis: 0.1102 loss: 115.5156 
episode: 314 count: 417 score: 220.1581 average_last200: 8.1511 epis: 0.1094 loss: 80.3457 
episode: 315 count: 655 score: 125.6094 average_last200: 9.3811 epis: 0.1086 loss: 123.6032 
episode: 316 count: 861 score: 140.3422 average_last200: 10.2294 epis: 0.1079 loss: 163.2903 
episode: 317 count: 530 score: 186.3315 average_last200: 11.5712 epis: 0.1071 loss: 94.0931 
episode: 318 count: 728 score: 144.4938 average_last200: 12.7159 epis: 0.1064 loss: 138.9910 
episode: 319 count: 325 score: 210.1141 average_last200: 14.3902 epis: 0.1056 loss: 61.0826 
episode: 320 count: 602 score: 150.6767 average_last200: 15.5387 epis: 0.1049 loss: 121.2722 
episode: 321 count: 310 score: 195.8240 average_last200: 16.9704 epis: 0.1041 loss: 62.3810 
episode: 322 count: 734 score: 133.6956 average_last200: 17.7232 epis: 0.1034 loss: 134.8841 
episode: 323 count: 1000 score: -89.9386 average_last200: 17.9169 epis: 0.1027 loss: 190.9692 
episode: 324 count: 460 score: 175.0751 average_last200: 19.2712 epis: 0.1020 loss: 89.6216 
episode: 325 count: 639 score: 123.7200 average_last200: 20.3738 epis: 0.1013 loss: 121.2423 
episode: 326 count: 775 score: 142.1660 average_last200: 21.4026 epis: 0.1006 loss: 142.6847 
episode: 327 count: 391 score: 186.6853 average_last200: 23.2489 epis: 0.0999 loss: 78.5161 
episode: 328 count: 610 score: 153.4367 average_last200: 24.5430 epis: 0.0992 loss: 120.8860 
episode: 329 count: 487 score: 222.4854 average_last200: 26.3949 epis: 0.0985 loss: 86.0667 
episode: 330 count: 755 score: 105.1182 average_last200: 28.0055 epis: 0.0978 loss: 128.9640 
episode: 331 count: 509 score: 185.7144 average_last200: 29.7748 epis: 0.0971 loss: 88.4431 
episode: 332 count: 422 score: 188.2672 average_last200: 30.8544 epis: 0.0964 loss: 76.7584 
episode: 333 count: 317 score: 248.2224 average_last200: 32.4804 epis: 0.0957 loss: 55.1876 
episode: 334 count: 623 score: 151.2965 average_last200: 34.0491 epis: 0.0951 loss: 118.1499 
episode: 335 count: 620 score: 176.9909 average_last200: 35.1545 epis: 0.0944 loss: 112.4192 
episode: 336 count: 385 score: 194.7493 average_last200: 36.3974 epis: 0.0937 loss: 66.0576 
episode: 337 count: 358 score: 227.7943 average_last200: 37.8886 epis: 0.0931 loss: 60.9348 
episode: 338 count: 499 score: 152.7269 average_last200: 39.5771 epis: 0.0924 loss: 90.1189 
episode: 339 count: 779 score: 136.7387 average_last200: 40.3947 epis: 0.0918 loss: 155.3960 
episode: 340 count: 338 score: 221.0328 average_last200: 42.2573 epis: 0.0911 loss: 61.2894 
episode: 341 count: 637 score: 133.4591 average_last200: 43.7452 epis: 0.0905 loss: 118.5001 
episode: 342 count: 707 score: 118.7483 average_last200: 45.2879 epis: 0.0899 loss: 143.6058 
episode: 343 count: 540 score: 166.7321 average_last200: 46.9104 epis: 0.0892 loss: 91.5841 
episode: 344 count: 265 score: 186.3699 average_last200: 48.1264 epis: 0.0886 loss: 44.3951 
episode: 345 count: 402 score: 201.5707 average_last200: 49.5215 epis: 0.0880 loss: 66.1186 
episode: 346 count: 727 score: 188.7508 average_last200: 50.8812 epis: 0.0874 loss: 143.7585 
episode: 347 count: 436 score: 201.0136 average_last200: 52.4295 epis: 0.0868 loss: 78.2142 
episode: 348 count: 328 score: 212.7325 average_last200: 55.0413 epis: 0.0862 loss: 59.8325 
episode: 349 count: 235 score: 191.9663 average_last200: 57.1471 epis: 0.0856 loss: 46.6017 
episode: 350 count: 885 score: 100.0645 average_last200: 57.8945 epis: 0.0850 loss: 170.1983 
episode: 351 count: 547 score: 184.6366 average_last200: 59.1399 epis: 0.0844 loss: 102.9791 
episode: 352 count: 1000 score: -49.2710 average_last200: 60.4392 epis: 0.0838 loss: 183.9227 
episode: 353 count: 500 score: 203.4276 average_last200: 61.5326 epis: 0.0832 loss: 90.4161 
episode: 354 count: 436 score: 200.7251 average_last200: 63.3194 epis: 0.0826 loss: 74.1923 
episode: 355 count: 411 score: 196.1120 average_last200: 65.0199 epis: 0.0820 loss: 72.4568 
episode: 356 count: 249 score: 223.3197 average_last200: 66.2305 epis: 0.0814 loss: 43.9670 
episode: 357 count: 288 score: 203.7836 average_last200: 68.1852 epis: 0.0809 loss: 53.9110 
episode: 358 count: 1000 score: -93.5251 average_last200: 68.1601 epis: 0.0803 loss: 187.8718 
episode: 359 count: 314 score: 184.4059 average_last200: 69.4999 epis: 0.0797 loss: 62.2310 
episode: 360 count: 152 score: -74.2649 average_last200: 69.6581 epis: 0.0792 loss: 29.4325 
episode: 361 count: 364 score: 184.2871 average_last200: 70.7320 epis: 0.0786 loss: 66.8593 
episode: 362 count: 816 score: 96.5918 average_last200: 71.5074 epis: 0.0781 loss: 151.6008 
episode: 363 count: 533 score: 174.2495 average_last200: 72.6151 epis: 0.0775 loss: 103.1223 
episode: 364 count: 517 score: 164.1526 average_last200: 74.4191 epis: 0.0770 loss: 90.4850 
episode: 365 count: 771 score: 110.6837 average_last200: 75.3468 epis: 0.0765 loss: 149.6312 
episode: 366 count: 464 score: 176.9781 average_last200: 76.3705 epis: 0.0759 loss: 85.3633 
episode: 367 count: 886 score: 137.0019 average_last200: 77.6046 epis: 0.0754 loss: 169.9594 
episode: 368 count: 499 score: 180.4827 average_last200: 78.7224 epis: 0.0749 loss: 90.8380 
episode: 369 count: 523 score: 142.5804 average_last200: 79.7994 epis: 0.0743 loss: 104.9865 
episode: 370 count: 416 score: 162.9522 average_last200: 81.1415 epis: 0.0738 loss: 75.4922 
episode: 371 count: 523 score: 185.2709 average_last200: 82.4098 epis: 0.0733 loss: 103.2517 
episode: 372 count: 385 score: 209.7507 average_last200: 83.7429 epis: 0.0728 loss: 72.8247 
episode: 373 count: 436 score: -72.0175 average_last200: 83.7045 epis: 0.0723 loss: 88.0908 
episode: 374 count: 373 score: 185.7013 average_last200: 85.0768 epis: 0.0718 loss: 72.9268 
episode: 375 count: 378 score: 209.4571 average_last200: 86.4766 epis: 0.0713 loss: 70.4663 
episode: 376 count: 184 score: -36.3791 average_last200: 86.5501 epis: 0.0708 loss: 30.5242 
episode: 377 count: 788 score: 96.5889 average_last200: 87.5351 epis: 0.0703 loss: 160.1619 
episode: 378 count: 690 score: 116.9050 average_last200: 88.3024 epis: 0.0698 loss: 134.1969 
episode: 379 count: 1000 score: -33.8721 average_last200: 88.3424 epis: 0.0693 loss: 185.0290 
episode: 380 count: 510 score: 210.8120 average_last200: 89.5162 epis: 0.0688 loss: 89.8789 
episode: 381 count: 959 score: 93.2879 average_last200: 90.1281 epis: 0.0683 loss: 184.2079 
episode: 382 count: 372 score: 228.0711 average_last200: 91.9482 epis: 0.0679 loss: 65.4222 
episode: 383 count: 578 score: 164.8206 average_last200: 93.1341 epis: 0.0674 loss: 107.5411 
episode: 384 count: 429 score: 205.7473 average_last200: 94.5086 epis: 0.0669 loss: 75.3923 
episode: 385 count: 615 score: 146.4803 average_last200: 95.4502 epis: 0.0664 loss: 111.4478 
episode: 386 count: 369 score: 222.5523 average_last200: 96.6780 epis: 0.0660 loss: 67.6167 
episode: 387 count: 506 score: 210.8901 average_last200: 97.7109 epis: 0.0655 loss: 87.3103 
episode: 388 count: 310 score: 250.2848 average_last200: 99.3793 epis: 0.0651 loss: 54.6999 
episode: 389 count: 610 score: 182.0946 average_last200: 100.7737 epis: 0.0646 loss: 113.5665 
episode: 390 count: 245 score: 247.0398 average_last200: 102.1667 epis: 0.0641 loss: 41.2685 
episode: 391 count: 578 score: 153.3740 average_last200: 103.0519 epis: 0.0637 loss: 98.5162 
episode: 392 count: 232 score: 230.5034 average_last200: 104.4539 epis: 0.0632 loss: 35.8486 
episode: 393 count: 607 score: 101.3363 average_last200: 105.2808 epis: 0.0628 loss: 103.2853 
episode: 394 count: 869 score: 125.5817 average_last200: 106.3644 epis: 0.0624 loss: 152.3734 
episode: 395 count: 794 score: 120.0527 average_last200: 106.8385 epis: 0.0619 loss: 135.9001 
episode: 396 count: 485 score: 169.9424 average_last200: 107.9109 epis: 0.0615 loss: 83.9862 
episode: 397 count: 400 score: 172.2962 average_last200: 109.0390 epis: 0.0611 loss: 58.7539 
episode: 398 count: 355 score: 219.6026 average_last200: 111.1945 epis: 0.0606 loss: 62.4819 
episode: 399 count: 456 score: 188.9108 average_last200: 112.5953 epis: 0.0602 loss: 71.3987 
episode: 400 count: 426 score: 170.5481 average_last200: 113.6668 epis: 0.0598 loss: 71.6918 
episode: 401 count: 294 score: 214.7861 average_last200: 114.7705 epis: 0.0594 loss: 53.7061 
episode: 402 count: 326 score: 244.8736 average_last200: 116.3764 epis: 0.0590 loss: 56.3298 
episode: 403 count: 792 score: 128.4469 average_last200: 117.5013 epis: 0.0585 loss: 134.2250 
episode: 404 count: 499 score: 170.3297 average_last200: 118.7704 epis: 0.0581 loss: 75.8628 
episode: 405 count: 361 score: 223.6869 average_last200: 120.1390 epis: 0.0577 loss: 52.4210 
episode: 406 count: 398 score: 202.4230 average_last200: 121.4395 epis: 0.0573 loss: 53.3573 
episode: 407 count: 339 score: 201.9342 average_last200: 122.7945 epis: 0.0569 loss: 56.7362 
episode: 408 count: 298 score: 195.0184 average_last200: 124.0093 epis: 0.0565 loss: 45.0500 
episode: 409 count: 496 score: 209.2693 average_last200: 124.9424 epis: 0.0561 loss: 80.2004 
episode: 410 count: 458 score: 168.3600 average_last200: 125.8731 epis: 0.0557 loss: 81.9190 
episode: 411 count: 1000 score: -38.0322 average_last200: 126.1481 epis: 0.0553 loss: 151.3872 
episode: 412 count: 390 score: 197.0541 average_last200: 127.4370 epis: 0.0550 loss: 61.6581 
episode: 413 count: 583 score: 147.7263 average_last200: 128.4690 epis: 0.0546 loss: 86.9959 
episode: 414 count: 439 score: 178.0714 average_last200: 129.7377 epis: 0.0542 loss: 70.5768 
episode: 415 count: 316 score: 194.3566 average_last200: 131.0768 epis: 0.0538 loss: 47.6316 
episode: 416 count: 445 score: 208.3052 average_last200: 132.1091 epis: 0.0534 loss: 78.4344 
episode: 417 count: 505 score: 176.1839 average_last200: 133.4579 epis: 0.0531 loss: 83.5829 
episode: 418 count: 1000 score: -55.4710 average_last200: 133.0152 epis: 0.0527 loss: 152.8030 
episode: 419 count: 364 score: 170.2568 average_last200: 133.8260 epis: 0.0523 loss: 51.7220 
episode: 420 count: 969 score: 90.8077 average_last200: 133.2557 epis: 0.0520 loss: 138.4852 
episode: 421 count: 682 score: 103.0578 average_last200: 134.1132 epis: 0.0516 loss: 100.7083 
episode: 422 count: 385 score: 205.9570 average_last200: 134.9710 epis: 0.0512 loss: 47.1456 
episode: 423 count: 315 score: 217.0861 average_last200: 136.2279 epis: 0.0509 loss: 47.6205 
episode: 424 count: 408 score: 216.8407 average_last200: 136.3100 epis: 0.0505 loss: 55.6348 
episode: 425 count: 349 score: 219.9743 average_last200: 137.4842 epis: 0.0502 loss: 52.6518 
episode: 426 count: 1000 score: -37.1044 average_last200: 137.2005 epis: 0.0498 loss: 149.8306 
episode: 427 count: 329 score: 213.7349 average_last200: 137.9828 epis: 0.0495 loss: 47.6324 
episode: 428 count: 402 score: 178.1363 average_last200: 138.7008 epis: 0.0491 loss: 64.6320 
episode: 429 count: 1000 score: -78.0265 average_last200: 138.4151 epis: 0.0488 loss: 152.8410 
episode: 430 count: 1000 score: -43.3783 average_last200: 138.3680 epis: 0.0484 loss: 149.4163 
episode: 431 count: 373 score: 195.3466 average_last200: 138.8842 epis: 0.0481 loss: 52.1168 
episode: 432 count: 1000 score: -48.5259 average_last200: 138.5280 epis: 0.0478 loss: 138.2833 
episode: 433 count: 633 score: 111.6366 average_last200: 141.0137 epis: 0.0474 loss: 97.5375 
episode: 434 count: 628 score: 138.8785 average_last200: 141.7641 epis: 0.0471 loss: 92.7281 
episode: 435 count: 684 score: 156.5058 average_last200: 141.4534 epis: 0.0468 loss: 91.5172 
episode: 436 count: 1000 score: -48.0490 average_last200: 140.3038 epis: 0.0464 loss: 145.2929 
episode: 437 count: 336 score: 199.9793 average_last200: 140.8111 epis: 0.0461 loss: 54.2443 
episode: 438 count: 406 score: 179.3671 average_last200: 141.0412 epis: 0.0458 loss: 53.8243 
episode: 439 count: 366 score: 190.6799 average_last200: 141.5077 epis: 0.0455 loss: 41.7511 
episode: 440 count: 203 score: 229.4085 average_last200: 141.9186 epis: 0.0451 loss: 29.2310 
episode: 441 count: 803 score: 138.0683 average_last200: 142.1521 epis: 0.0448 loss: 113.7515 
episode: 442 count: 300 score: 225.5886 average_last200: 142.3307 epis: 0.0445 loss: 40.0766 
episode: 443 count: 289 score: 188.3660 average_last200: 142.3350 epis: 0.0442 loss: 36.3613 
episode: 444 count: 380 score: 194.0839 average_last200: 142.3513 epis: 0.0439 loss: 51.0568 
episode: 445 count: 539 score: 170.2944 average_last200: 144.2953 epis: 0.0436 loss: 68.2317 
episode: 446 count: 600 score: 189.3118 average_last200: 144.4260 epis: 0.0433 loss: 71.8632 
episode: 447 count: 772 score: 134.3515 average_last200: 145.2790 epis: 0.0430 loss: 104.8434 
episode: 448 count: 299 score: 194.3235 average_last200: 145.2130 epis: 0.0427 loss: 35.4226 
episode: 449 count: 1000 score: -23.6861 average_last200: 145.0305 epis: 0.0424 loss: 120.3357 
episode: 450 count: 382 score: 243.3208 average_last200: 145.3879 epis: 0.0421 loss: 51.2108 
episode: 451 count: 977 score: 121.2743 average_last200: 145.0742 epis: 0.0418 loss: 128.0733 
episode: 452 count: 322 score: 201.9674 average_last200: 145.3726 epis: 0.0415 loss: 46.2033 
episode: 453 count: 425 score: 223.8324 average_last200: 145.7221 epis: 0.0412 loss: 52.6101 
episode: 454 count: 947 score: 110.0167 average_last200: 145.5047 epis: 0.0409 loss: 124.7477 
episode: 455 count: 821 score: 152.8792 average_last200: 145.3315 epis: 0.0406 loss: 107.9314 
episode: 456 count: 316 score: 217.3396 average_last200: 146.9311 epis: 0.0403 loss: 42.7870 
episode: 457 count: 298 score: 225.8263 average_last200: 147.6679 epis: 0.0401 loss: 45.5232 
episode: 458 count: 292 score: 192.6033 average_last200: 148.1817 epis: 0.0398 loss: 40.8900 
episode: 459 count: 287 score: 198.7909 average_last200: 148.2901 epis: 0.0395 loss: 34.4215 
episode: 460 count: 393 score: 223.8712 average_last200: 148.8386 epis: 0.0392 loss: 50.8609 
episode: 461 count: 565 score: 177.6206 average_last200: 148.6476 epis: 0.0390 loss: 72.3742 
episode: 462 count: 699 score: 137.8646 average_last200: 148.1876 epis: 0.0387 loss: 85.4617 
episode: 463 count: 242 score: 232.7453 average_last200: 148.5023 epis: 0.0384 loss: 36.3134 
episode: 464 count: 275 score: 235.3823 average_last200: 148.9204 epis: 0.0381 loss: 29.0901 
episode: 465 count: 403 score: 192.5114 average_last200: 151.1719 epis: 0.0379 loss: 46.7548 
episode: 466 count: 1000 score: -58.8838 average_last200: 150.5978 epis: 0.0376 loss: 127.0423 
episode: 467 count: 266 score: 198.9351 average_last200: 150.5685 epis: 0.0373 loss: 33.2689 
episode: 468 count: 303 score: 196.4054 average_last200: 150.5887 epis: 0.0371 loss: 42.7874 
episode: 469 count: 632 score: 178.6494 average_last200: 150.4913 epis: 0.0368 loss: 75.7154 
episode: 470 count: 379 score: 227.8394 average_last200: 150.7866 epis: 0.0366 loss: 50.7923 
episode: 471 count: 269 score: 190.1737 average_last200: 150.8100 epis: 0.0363 loss: 29.2744 
episode: 472 count: 288 score: 196.9759 average_last200: 151.5746 epis: 0.0361 loss: 37.5552 
episode: 473 count: 286 score: 207.6012 average_last200: 151.7677 epis: 0.0358 loss: 32.4841 
episode: 474 count: 436 score: 198.6617 average_last200: 153.0411 epis: 0.0356 loss: 52.2269 
episode: 475 count: 356 score: 166.8063 average_last200: 153.8072 epis: 0.0353 loss: 51.6850 
episode: 476 count: 422 score: 230.5281 average_last200: 153.8715 epis: 0.0351 loss: 53.9364 
episode: 477 count: 334 score: 173.1940 average_last200: 154.0193 epis: 0.0348 loss: 38.8627 
episode: 478 count: 346 score: 212.3579 average_last200: 154.1848 epis: 0.0346 loss: 45.6505 
episode: 479 count: 363 score: 200.3977 average_last200: 154.4740 epis: 0.0343 loss: 36.6734 
episode: 480 count: 596 score: 176.5114 average_last200: 154.3215 epis: 0.0341 loss: 68.2866 
episode: 481 count: 319 score: 220.6316 average_last200: 154.8787 epis: 0.0338 loss: 37.1125 
episode: 482 count: 276 score: 203.2534 average_last200: 154.9199 epis: 0.0336 loss: 38.1094 
episode: 483 count: 523 score: 213.9516 average_last200: 155.1921 epis: 0.0334 loss: 50.0585 
episode: 484 count: 358 score: 198.0263 average_last200: 155.3117 epis: 0.0331 loss: 42.8987 
episode: 485 count: 454 score: 209.6182 average_last200: 155.3488 epis: 0.0329 loss: 57.3206 
episode: 486 count: 502 score: 170.5593 average_last200: 155.0094 epis: 0.0327 loss: 64.3272 
episode: 487 count: 797 score: 159.1723 average_last200: 154.7907 epis: 0.0325 loss: 91.7456 
episode: 488 count: 1000 score: -59.8588 average_last200: 153.7801 epis: 0.0322 loss: 117.6738 
episode: 489 count: 842 score: 118.0556 average_last200: 153.6750 epis: 0.0320 loss: 88.5733 
episode: 490 count: 291 score: 185.3983 average_last200: 153.9760 epis: 0.0318 loss: 30.6063 
episode: 491 count: 621 score: 151.2373 average_last200: 155.8459 epis: 0.0316 loss: 75.3124 
episode: 492 count: 624 score: 192.6676 average_last200: 156.2821 epis: 0.0313 loss: 81.2297 
episode: 493 count: 680 score: 157.1788 average_last200: 156.4808 epis: 0.0311 loss: 84.7348 
episode: 494 count: 540 score: 213.6106 average_last200: 156.3758 epis: 0.0309 loss: 61.1002 
episode: 495 count: 762 score: 122.8156 average_last200: 156.1888 epis: 0.0307 loss: 83.9731 
episode: 496 count: 354 score: 240.9230 average_last200: 156.6705 epis: 0.0305 loss: 46.3788 
episode: 497 count: 697 score: 135.4880 average_last200: 156.2926 epis: 0.0303 loss: 71.8423 
episode: 498 count: 909 score: 164.7907 average_last200: 156.0038 epis: 0.0300 loss: 108.0548 
episode: 499 count: 272 score: 216.5532 average_last200: 156.1853 epis: 0.0298 loss: 31.5216 
episode: 500 count: 429 score: 175.9380 average_last200: 156.3724 epis: 0.0296 loss: 57.5603 
episode: 501 count: 608 score: 165.5224 average_last200: 156.2713 epis: 0.0294 loss: 80.3122 
episode: 502 count: 816 score: 140.0902 average_last200: 156.1793 epis: 0.0292 loss: 86.7554 
episode: 503 count: 297 score: 178.0032 average_last200: 156.9948 epis: 0.0290 loss: 33.9179 
episode: 504 count: 373 score: 203.8563 average_last200: 158.2215 epis: 0.0288 loss: 42.8945 
episode: 505 count: 319 score: 181.3340 average_last200: 159.2865 epis: 0.0286 loss: 40.5943 
episode: 506 count: 447 score: 203.2310 average_last200: 159.3204 epis: 0.0284 loss: 54.6513 
episode: 507 count: 345 score: 175.9071 average_last200: 159.4190 epis: 0.0282 loss: 36.6349 
episode: 508 count: 333 score: 183.3227 average_last200: 160.2858 epis: 0.0280 loss: 41.0025 
episode: 509 count: 479 score: 213.1011 average_last200: 160.2870 epis: 0.0278 loss: 51.2983 
episode: 510 count: 379 score: 178.9984 average_last200: 160.4795 epis: 0.0276 loss: 42.1186 
episode: 511 count: 392 score: 220.9369 average_last200: 160.7491 epis: 0.0274 loss: 44.4673 
episode: 512 count: 552 score: 192.9779 average_last200: 160.9909 epis: 0.0272 loss: 63.5608 
episode: 513 count: 792 score: 152.4828 average_last200: 161.0012 epis: 0.0270 loss: 90.5031 
episode: 514 count: 557 score: 171.7989 average_last200: 160.7594 epis: 0.0268 loss: 66.6767 
episode: 515 count: 275 score: 212.8627 average_last200: 161.1957 epis: 0.0267 loss: 30.4373 
episode: 516 count: 453 score: 192.0158 average_last200: 161.4541 epis: 0.0265 loss: 55.6005 
episode: 517 count: 385 score: 219.5608 average_last200: 161.6202 epis: 0.0263 loss: 50.0505 
episode: 518 count: 477 score: 170.4126 average_last200: 161.7498 epis: 0.0261 loss: 53.8691 
episode: 519 count: 315 score: 213.7221 average_last200: 161.7679 epis: 0.0259 loss: 36.5368 
episode: 520 count: 453 score: 225.1963 average_last200: 162.1405 epis: 0.0257 loss: 55.0764 
episode: 521 count: 371 score: 172.5811 average_last200: 162.0242 epis: 0.0256 loss: 37.3697 
episode: 522 count: 380 score: 197.9406 average_last200: 162.3455 epis: 0.0254 loss: 46.0816 
episode: 523 count: 491 score: 133.4042 average_last200: 163.4622 epis: 0.0252 loss: 56.7106 
episode: 524 count: 310 score: 210.1644 average_last200: 163.6376 epis: 0.0250 loss: 36.5399 
episode: 525 count: 345 score: 182.4894 average_last200: 163.9315 epis: 0.0248 loss: 51.6955 
episode: 526 count: 525 score: 173.1030 average_last200: 164.0862 epis: 0.0247 loss: 66.9474 
episode: 527 count: 623 score: 125.8660 average_last200: 163.7821 epis: 0.0245 loss: 84.1533 
episode: 528 count: 640 score: 151.6003 average_last200: 163.7729 epis: 0.0243 loss: 72.8912 
episode: 529 count: 337 score: 217.3461 average_last200: 163.7472 epis: 0.0242 loss: 38.5776 
episode: 530 count: 510 score: 177.8649 average_last200: 164.1109 epis: 0.0240 loss: 62.1144 
episode: 531 count: 303 score: 189.2709 average_last200: 164.1287 epis: 0.0238 loss: 36.6488 
episode: 532 count: 459 score: 205.9175 average_last200: 164.2169 epis: 0.0237 loss: 59.9335 
episode: 533 count: 719 score: 167.5901 average_last200: 163.8138 epis: 0.0235 loss: 79.6046 
episode: 534 count: 990 score: 102.8945 average_last200: 163.5718 epis: 0.0233 loss: 114.8591 
episode: 535 count: 440 score: 162.6419 average_last200: 163.5000 epis: 0.0232 loss: 51.0238 
episode: 536 count: 248 score: 215.8714 average_last200: 163.6056 epis: 0.0230 loss: 24.7358 
episode: 537 count: 322 score: 169.5290 average_last200: 163.3143 epis: 0.0228 loss: 39.2021 
episode: 538 count: 593 score: 188.5724 average_last200: 163.4935 epis: 0.0227 loss: 63.0863 
episode: 539 count: 405 score: 181.6457 average_last200: 163.7181 epis: 0.0225 loss: 53.8426 
episode: 540 count: 300 score: 199.8227 average_last200: 163.6120 epis: 0.0224 loss: 31.3767 
episode: 541 count: 416 score: 206.8307 average_last200: 163.9789 epis: 0.0222 loss: 43.0639 
episode: 542 count: 480 score: 193.5284 average_last200: 164.3528 epis: 0.0221 loss: 56.1284 
episode: 543 count: 430 score: 177.4324 average_last200: 164.4063 epis: 0.0219 loss: 50.4691 
episode: 544 count: 453 score: 229.6287 average_last200: 164.6226 epis: 0.0217 loss: 50.4025 
episode: 545 count: 352 score: 165.8081 average_last200: 164.4438 epis: 0.0216 loss: 47.5907 
episode: 546 count: 527 score: 217.3439 average_last200: 164.5867 epis: 0.0214 loss: 61.4424 
episode: 547 count: 493 score: 165.7453 average_last200: 164.4104 epis: 0.0213 loss: 51.1332 
episode: 548 count: 320 score: 190.6175 average_last200: 164.2998 epis: 0.0211 loss: 34.0131 
episode: 549 count: 378 score: 204.2189 average_last200: 164.3611 epis: 0.0210 loss: 39.4251 
episode: 550 count: 767 score: 122.0917 average_last200: 164.4712 epis: 0.0208 loss: 90.8172 
episode: 551 count: 374 score: 182.2927 average_last200: 164.4595 epis: 0.0207 loss: 40.8335 
episode: 552 count: 507 score: 167.3566 average_last200: 165.5426 epis: 0.0206 loss: 65.1714 
episode: 553 count: 1000 score: -24.1525 average_last200: 164.4047 epis: 0.0204 loss: 108.8974 
episode: 554 count: 557 score: 155.8313 average_last200: 164.1803 epis: 0.0203 loss: 58.0918 
episode: 555 count: 282 score: 193.7760 average_last200: 164.1686 epis: 0.0201 loss: 28.4052 
episode: 556 count: 373 score: 208.7847 average_last200: 164.0959 epis: 0.0200 loss: 36.0701 
episode: 557 count: 389 score: 245.5910 average_last200: 164.3049 epis: 0.0198 loss: 41.5499 
episode: 558 count: 278 score: 173.4699 average_last200: 165.6399 epis: 0.0197 loss: 31.2434 
episode: 559 count: 390 score: 199.4740 average_last200: 165.7153 epis: 0.0196 loss: 36.1417 
episode: 560 count: 726 score: 144.1646 average_last200: 166.8074 epis: 0.0194 loss: 88.5859 
episode: 561 count: 421 score: 185.9444 average_last200: 166.8157 epis: 0.0193 loss: 50.5634 
episode: 562 count: 386 score: 207.4160 average_last200: 167.3698 epis: 0.0192 loss: 38.8744 
episode: 563 count: 321 score: 202.8060 average_last200: 167.5126 epis: 0.0190 loss: 36.3043 
episode: 564 count: 294 score: 232.4053 average_last200: 167.8539 epis: 0.0189 loss: 27.6602 
episode: 565 count: 403 score: 216.8962 average_last200: 168.3849 epis: 0.0188 loss: 41.8166 
episode: 566 count: 342 score: 211.1602 average_last200: 168.5558 epis: 0.0186 loss: 30.8162 
episode: 567 count: 377 score: 198.3118 average_last200: 168.8624 epis: 0.0185 loss: 37.6643 
episode: 568 count: 492 score: 177.3921 average_last200: 168.8469 epis: 0.0184 loss: 46.9231 
episode: 569 count: 340 score: 199.6818 average_last200: 169.1324 epis: 0.0182 loss: 36.0530 
episode: 570 count: 494 score: 215.7399 average_last200: 169.3964 epis: 0.0181 loss: 53.9003 
episode: 571 count: 493 score: 193.4794 average_last200: 169.4374 epis: 0.0180 loss: 50.2575 
episode: 572 count: 897 score: 144.7253 average_last200: 169.1123 epis: 0.0179 loss: 98.6494 
episode: 573 count: 320 score: 204.7660 average_last200: 170.4962 epis: 0.0177 loss: 42.5691 
episode: 574 count: 451 score: 233.5012 average_last200: 170.7352 epis: 0.0176 loss: 48.3057 
episode: 575 count: 217 score: 208.5082 average_last200: 170.7305 epis: 0.0175 loss: 27.4021 
episode: 576 count: 434 score: 187.6117 average_last200: 171.8504 epis: 0.0174 loss: 49.7223 
episode: 577 count: 387 score: 187.8636 average_last200: 172.3068 epis: 0.0172 loss: 39.1788 
episode: 578 count: 300 score: 196.4710 average_last200: 172.7046 epis: 0.0171 loss: 27.1072 
episode: 579 count: 329 score: 195.6312 average_last200: 173.8521 epis: 0.0170 loss: 34.5044 
episode: 580 count: 472 score: 183.4321 average_last200: 173.7152 epis: 0.0169 loss: 47.3519 
episode: 581 count: 367 score: 193.9498 average_last200: 174.2186 epis: 0.0168 loss: 34.1415 
episode: 582 count: 419 score: 204.8484 average_last200: 174.1024 epis: 0.0166 loss: 47.1885 
episode: 583 count: 392 score: 164.7716 average_last200: 174.1022 epis: 0.0165 loss: 38.1559 
episode: 584 count: 262 score: 223.1904 average_last200: 174.1894 epis: 0.0164 loss: 30.6330 
episode: 585 count: 316 score: 214.0035 average_last200: 174.5270 epis: 0.0163 loss: 38.3009 
episode: 586 count: 338 score: 217.3358 average_last200: 174.5009 epis: 0.0162 loss: 33.2371 
episode: 587 count: 319 score: 183.8964 average_last200: 174.3660 epis: 0.0161 loss: 31.5024 
episode: 588 count: 319 score: 197.3294 average_last200: 174.1012 epis: 0.0160 loss: 26.4685 
episode: 589 count: 322 score: 210.1102 average_last200: 174.2413 epis: 0.0159 loss: 31.5820 
episode: 590 count: 341 score: 200.8926 average_last200: 174.0105 epis: 0.0157 loss: 32.3142 
episode: 591 count: 283 score: 183.2380 average_last200: 174.1599 epis: 0.0156 loss: 27.7630 
episode: 592 count: 456 score: 207.1690 average_last200: 174.0432 epis: 0.0155 loss: 40.0707 
episode: 593 count: 449 score: 181.5600 average_last200: 174.4443 epis: 0.0154 loss: 43.8213 
episode: 594 count: 362 score: 208.3549 average_last200: 174.8582 epis: 0.0153 loss: 39.7696 
episode: 595 count: 529 score: 179.4554 average_last200: 175.1552 epis: 0.0152 loss: 51.9155 
episode: 596 count: 522 score: 200.4651 average_last200: 175.3078 epis: 0.0151 loss: 56.6907 
episode: 597 count: 363 score: 199.4151 average_last200: 175.4434 epis: 0.0150 loss: 39.8487 
episode: 598 count: 417 score: 206.3356 average_last200: 175.3771 epis: 0.0149 loss: 44.2391 
episode: 599 count: 530 score: 189.5663 average_last200: 175.3803 epis: 0.0148 loss: 60.7367 
episode: 600 count: 266 score: 180.1046 average_last200: 175.4281 epis: 0.0147 loss: 30.9894 
episode: 601 count: 466 score: 164.8959 average_last200: 175.1787 epis: 0.0146 loss: 48.2211 
episode: 602 count: 339 score: 196.6492 average_last200: 174.9375 epis: 0.0145 loss: 40.3343 
episode: 603 count: 415 score: 192.3050 average_last200: 175.2568 epis: 0.0144 loss: 47.5677 
episode: 604 count: 372 score: 219.8252 average_last200: 175.5043 epis: 0.0143 loss: 37.9799 
episode: 605 count: 268 score: 189.8130 average_last200: 175.3349 epis: 0.0142 loss: 21.5638 
episode: 606 count: 691 score: 167.9454 average_last200: 175.1626 epis: 0.0141 loss: 70.6917 
episode: 607 count: 338 score: 239.9741 average_last200: 175.3528 epis: 0.0140 loss: 35.4429 
episode: 608 count: 420 score: 200.0881 average_last200: 175.3781 epis: 0.0139 loss: 43.5689 
episode: 609 count: 508 score: 191.2910 average_last200: 175.2882 epis: 0.0138 loss: 56.6439 
episode: 610 count: 252 score: 253.3728 average_last200: 175.7133 epis: 0.0137 loss: 19.9664 
episode: 611 count: 549 score: 221.3221 average_last200: 177.0101 epis: 0.0136 loss: 50.8073 
episode: 612 count: 584 score: 194.4775 average_last200: 176.9972 epis: 0.0135 loss: 64.6908 
episode: 613 count: 347 score: 163.4888 average_last200: 177.0760 epis: 0.0134 loss: 35.4590 
episode: 614 count: 632 score: 189.4427 average_last200: 177.1328 epis: 0.0133 loss: 69.6837 
episode: 615 count: 372 score: 193.6201 average_last200: 177.1292 epis: 0.0132 loss: 35.3292 
episode: 616 count: 443 score: 208.3480 average_last200: 177.1294 epis: 0.0131 loss: 39.9230 
episode: 617 count: 408 score: 222.7315 average_last200: 177.3621 epis: 0.0130 loss: 39.3539 
episode: 618 count: 783 score: 169.5884 average_last200: 178.4874 epis: 0.0129 loss: 93.9501 
episode: 619 count: 479 score: 204.9768 average_last200: 178.6610 epis: 0.0128 loss: 48.4868 
episode: 620 count: 323 score: 196.7452 average_last200: 179.1907 epis: 0.0127 loss: 35.7455 
episode: 621 count: 583 score: 183.4620 average_last200: 179.5927 epis: 0.0127 loss: 56.2569 
episode: 622 count: 395 score: 179.2164 average_last200: 179.4590 epis: 0.0126 loss: 42.8471 
episode: 623 count: 477 score: 174.0024 average_last200: 179.2436 epis: 0.0125 loss: 49.9063 
episode: 624 count: 519 score: 199.3585 average_last200: 179.1562 epis: 0.0124 loss: 53.2934 
episode: 625 count: 756 score: 147.7329 average_last200: 178.7950 epis: 0.0123 loss: 82.6527 
episode: 626 count: 301 score: 238.2588 average_last200: 180.1718 epis: 0.0122 loss: 25.9466 
episode: 627 count: 283 score: 204.9489 average_last200: 180.1279 epis: 0.0121 loss: 27.5478 
episode: 628 count: 715 score: 157.7891 average_last200: 180.0261 epis: 0.0121 loss: 80.6343 
episode: 629 count: 506 score: 198.6909 average_last200: 181.4097 epis: 0.0120 loss: 47.1199 
episode: 630 count: 263 score: 186.7019 average_last200: 182.5601 epis: 0.0119 loss: 27.8264 
episode: 631 count: 564 score: 151.7041 average_last200: 182.3419 epis: 0.0118 loss: 54.4153 
episode: 632 count: 288 score: 204.3935 average_last200: 183.6065 epis: 0.0117 loss: 27.5564 
episode: 633 count: 246 score: 209.0250 average_last200: 184.0934 epis: 0.0116 loss: 18.1596 
episode: 634 count: 783 score: 108.1241 average_last200: 183.9397 epis: 0.0116 loss: 75.5221 
episode: 635 count: 244 score: 201.9881 average_last200: 184.1671 epis: 0.0115 loss: 29.2818 
episode: 636 count: 699 score: 195.4972 average_last200: 185.3848 epis: 0.0114 loss: 74.2455 
episode: 637 count: 411 score: 167.3025 average_last200: 185.2214 epis: 0.0113 loss: 43.2224 
episode: 638 count: 455 score: 194.9015 average_last200: 185.2991 epis: 0.0112 loss: 48.3215 
episode: 639 count: 564 score: 168.1439 average_last200: 185.1864 epis: 0.0112 loss: 53.0698 
episode: 640 count: 621 score: 175.5155 average_last200: 184.9170 epis: 0.0111 loss: 66.3987 
episode: 641 count: 308 score: 180.4792 average_last200: 185.1290 epis: 0.0110 loss: 27.9371 
episode: 642 count: 553 score: 197.9970 average_last200: 184.9910 epis: 0.0109 loss: 57.8332 
episode: 643 count: 442 score: 194.2291 average_last200: 185.0204 epis: 0.0108 loss: 49.9083 
episode: 644 count: 538 score: 133.8038 average_last200: 184.7190 epis: 0.0108 loss: 58.0913 
episode: 645 count: 340 score: 165.7140 average_last200: 184.6961 epis: 0.0107 loss: 35.1197 
episode: 646 count: 293 score: 182.4861 average_last200: 184.6619 epis: 0.0106 loss: 17.8010 
episode: 647 count: 359 score: 181.7011 average_last200: 184.8987 epis: 0.0105 loss: 29.3945 
episode: 648 count: 603 score: 190.7003 average_last200: 184.8806 epis: 0.0105 loss: 62.6092 
episode: 649 count: 514 score: 172.1349 average_last200: 185.8597 epis: 0.0104 loss: 51.1233 
episode: 650 count: 321 score: 193.4276 average_last200: 185.6102 epis: 0.0103 loss: 30.3319 
episode: 651 count: 669 score: 170.9075 average_last200: 185.8584 epis: 0.0103 loss: 80.9784 
episode: 652 count: 1000 score: -43.9241 average_last200: 184.6289 epis: 0.0102 loss: 104.6798 
episode: 653 count: 349 score: 212.7057 average_last200: 184.5733 epis: 0.0101 loss: 35.7081 
episode: 654 count: 338 score: 206.3379 average_last200: 185.0549 epis: 0.0100 loss: 36.6357 
episode: 655 count: 411 score: 218.7836 average_last200: 185.3844 epis: 0.0100 loss: 52.0434 
episode: 656 count: 658 score: 173.8135 average_last200: 185.1668 epis: 0.0099 loss: 66.6485 
episode: 657 count: 672 score: 142.6729 average_last200: 184.7510 epis: 0.0098 loss: 73.6713 
episode: 658 count: 579 score: 159.8664 average_last200: 184.5873 epis: 0.0098 loss: 51.6778 
episode: 659 count: 1000 score: -7.8776 average_last200: 183.5540 epis: 0.0097 loss: 96.7383 
episode: 660 count: 503 score: 160.3123 average_last200: 183.2362 epis: 0.0096 loss: 45.7592 
episode: 661 count: 533 score: 145.6412 average_last200: 183.0763 epis: 0.0096 loss: 58.6836 
episode: 662 count: 588 score: 178.5607 average_last200: 183.2798 epis: 0.0095 loss: 54.7476 
episode: 663 count: 641 score: 155.0795 average_last200: 182.8914 epis: 0.0094 loss: 57.2387 
episode: 664 count: 519 score: 201.0871 average_last200: 182.7200 epis: 0.0094 loss: 53.7980 
episode: 665 count: 538 score: 147.9247 average_last200: 182.4970 epis: 0.0093 loss: 59.1326 
episode: 666 count: 907 score: 128.7910 average_last200: 183.4354 epis: 0.0092 loss: 90.0556 
episode: 667 count: 1000 score: -29.1131 average_last200: 182.2952 epis: 0.0092 loss: 106.0504 
episode: 668 count: 1000 score: -72.7997 average_last200: 180.9491 epis: 0.0091 loss: 98.5618 
episode: 669 count: 566 score: 164.3007 average_last200: 180.8774 epis: 0.0090 loss: 50.6497 
episode: 670 count: 653 score: 105.4339 average_last200: 180.2654 epis: 0.0090 loss: 51.6820 
episode: 671 count: 324 score: 244.6532 average_last200: 180.5378 epis: 0.0089 loss: 35.9942 
episode: 672 count: 733 score: 165.1436 average_last200: 180.3786 epis: 0.0088 loss: 71.0850 
episode: 673 count: 481 score: 195.6109 average_last200: 180.3187 epis: 0.0088 loss: 45.6622 
episode: 674 count: 266 score: 195.2175 average_last200: 180.3014 epis: 0.0087 loss: 25.1169 
episode: 675 count: 670 score: 175.5662 average_last200: 180.3452 epis: 0.0087 loss: 65.9019 
episode: 676 count: 371 score: 195.7176 average_last200: 180.1712 epis: 0.0086 loss: 29.4154 
episode: 677 count: 332 score: 205.9523 average_last200: 180.3350 epis: 0.0085 loss: 34.4680 
episode: 678 count: 474 score: 204.0192 average_last200: 180.2933 epis: 0.0085 loss: 50.8641 
episode: 679 count: 508 score: 168.7638 average_last200: 180.1351 epis: 0.0084 loss: 52.1542 
episode: 680 count: 879 score: 125.4171 average_last200: 179.8796 epis: 0.0084 loss: 87.7983 
episode: 681 count: 411 score: 181.1503 average_last200: 179.6822 epis: 0.0083 loss: 30.6278 
episode: 682 count: 385 score: 180.0520 average_last200: 179.5662 epis: 0.0082 loss: 28.2790 
episode: 683 count: 520 score: 198.1268 average_last200: 179.4871 epis: 0.0082 loss: 53.7598 
episode: 684 count: 349 score: 219.6487 average_last200: 179.5952 epis: 0.0081 loss: 25.6075 
episode: 685 count: 480 score: 174.0629 average_last200: 179.4174 epis: 0.0081 loss: 40.0606 
episode: 686 count: 547 score: 192.2757 average_last200: 179.5260 epis: 0.0080 loss: 49.2756 
episode: 687 count: 419 score: 250.7998 average_last200: 179.9842 epis: 0.0080 loss: 37.8481 
episode: 688 count: 823 score: 149.7342 average_last200: 181.0321 epis: 0.0079 loss: 82.8919 
episode: 689 count: 440 score: 188.3475 average_last200: 181.3836 epis: 0.0079 loss: 39.7298 
episode: 690 count: 329 score: 218.4584 average_last200: 181.5489 epis: 0.0078 loss: 24.4916 
episode: 691 count: 324 score: 185.4218 average_last200: 181.7198 epis: 0.0077 loss: 26.7373 
episode: 692 count: 755 score: 171.5356 average_last200: 181.6141 epis: 0.0077 loss: 60.5540 
episode: 693 count: 514 score: 199.2907 average_last200: 181.8247 epis: 0.0076 loss: 42.6768 
episode: 694 count: 565 score: 185.4728 average_last200: 181.6840 epis: 0.0076 loss: 59.6136 
episode: 695 count: 352 score: 169.4523 average_last200: 181.9172 epis: 0.0075 loss: 32.5348 
episode: 696 count: 363 score: 204.5652 average_last200: 181.7354 epis: 0.0075 loss: 36.1884 
episode: 697 count: 313 score: 214.5820 average_last200: 182.1309 epis: 0.0074 loss: 28.2949 
episode: 698 count: 454 score: 206.3571 average_last200: 182.3387 epis: 0.0074 loss: 42.7074 
episode: 699 count: 902 score: 157.3042 average_last200: 182.0425 epis: 0.0073 loss: 82.5441 
episode: 700 count: 815 score: 168.6934 average_last200: 182.0062 epis: 0.0073 loss: 70.5369 
episode: 701 count: 674 score: 175.2877 average_last200: 182.0551 epis: 0.0072 loss: 72.9812 
episode: 702 count: 233 score: 191.3844 average_last200: 182.3115 epis: 0.0072 loss: 20.3178 
episode: 703 count: 535 score: 151.6008 average_last200: 182.1795 epis: 0.0071 loss: 55.4990 
episode: 704 count: 578 score: 194.3630 average_last200: 182.1321 epis: 0.0071 loss: 54.3314 
episode: 705 count: 622 score: 138.6127 average_last200: 181.9184 epis: 0.0070 loss: 69.1643 
episode: 706 count: 636 score: 180.1958 average_last200: 181.8033 epis: 0.0070 loss: 60.2887 
episode: 707 count: 498 score: 184.4926 average_last200: 181.8462 epis: 0.0069 loss: 50.7212 
episode: 708 count: 448 score: 226.8484 average_last200: 182.0638 epis: 0.0069 loss: 39.6614 
episode: 709 count: 219 score: 194.7627 average_last200: 181.9721 epis: 0.0068 loss: 20.4001 
episode: 710 count: 363 score: 229.6711 average_last200: 182.2255 epis: 0.0068 loss: 42.7700 
episode: 711 count: 454 score: 196.8222 average_last200: 182.1049 epis: 0.0067 loss: 40.4384 
episode: 712 count: 219 score: 192.6326 average_last200: 182.1032 epis: 0.0067 loss: 19.4535 
episode: 713 count: 421 score: 192.8540 average_last200: 182.3051 epis: 0.0066 loss: 45.6219 
episode: 714 count: 488 score: 215.4316 average_last200: 182.5232 epis: 0.0066 loss: 36.2031 
episode: 715 count: 416 score: 207.3458 average_last200: 182.4956 epis: 0.0065 loss: 47.9778 
episode: 716 count: 482 score: 147.4659 average_last200: 182.2729 epis: 0.0065 loss: 37.8508 
episode: 717 count: 465 score: 208.8175 average_last200: 182.2192 epis: 0.0065 loss: 42.7298 
episode: 718 count: 274 score: 228.5044 average_last200: 182.5096 epis: 0.0064 loss: 29.2894 
episode: 719 count: 255 score: 229.4099 average_last200: 182.5881 epis: 0.0064 loss: 25.4162 
episode: 720 count: 375 score: 211.7040 average_last200: 182.5206 epis: 0.0063 loss: 40.1292 
episode: 721 count: 717 score: 155.2431 average_last200: 182.4339 epis: 0.0063 loss: 70.6378 
episode: 722 count: 383 score: 202.7898 average_last200: 182.4582 epis: 0.0062 loss: 32.3719 
episode: 723 count: 574 score: 213.7821 average_last200: 182.8600 epis: 0.0062 loss: 49.7073 
episode: 724 count: 420 score: 160.7688 average_last200: 182.6131 epis: 0.0061 loss: 43.0727 
episode: 725 count: 534 score: 202.5492 average_last200: 182.7134 epis: 0.0061 loss: 52.7885 
episode: 726 count: 437 score: 181.9502 average_last200: 182.7576 epis: 0.0061 loss: 46.5777 
episode: 727 count: 461 score: 176.7261 average_last200: 183.0119 epis: 0.0060 loss: 43.0284 
episode: 728 count: 659 score: 160.8419 average_last200: 183.0581 epis: 0.0060 loss: 54.2595 
episode: 729 count: 350 score: 213.6653 average_last200: 183.0397 epis: 0.0059 loss: 34.7513 
episode: 730 count: 411 score: 224.1873 average_last200: 183.2713 epis: 0.0059 loss: 37.1810 
episode: 731 count: 470 score: 179.6593 average_last200: 183.2233 epis: 0.0058 loss: 46.1000 
episode: 732 count: 670 score: 125.2454 average_last200: 182.8199 epis: 0.0058 loss: 62.5855 
episode: 733 count: 274 score: 202.2513 average_last200: 182.9932 epis: 0.0058 loss: 28.3828 
episode: 734 count: 339 score: 192.4462 average_last200: 183.4410 epis: 0.0057 loss: 34.6490 
episode: 735 count: 311 score: 228.1705 average_last200: 183.7686 epis: 0.0057 loss: 28.3931 
episode: 736 count: 360 score: 211.3808 average_last200: 183.7462 epis: 0.0056 loss: 30.0804 
episode: 737 count: 681 score: 160.8650 average_last200: 183.7028 epis: 0.0056 loss: 59.8597 
episode: 738 count: 426 score: 172.7461 average_last200: 183.6237 epis: 0.0056 loss: 43.7702 
episode: 739 count: 335 score: 203.0709 average_last200: 183.7308 epis: 0.0055 loss: 31.3929 
episode: 740 count: 307 score: 216.8730 average_last200: 183.8161 epis: 0.0055 loss: 29.1103 
episode: 741 count: 408 score: 220.0500 average_last200: 183.8822 epis: 0.0054 loss: 28.8104 
episode: 742 count: 249 score: 189.8289 average_last200: 183.8637 epis: 0.0054 loss: 21.3957 
episode: 743 count: 304 score: 206.1539 average_last200: 184.0073 epis: 0.0054 loss: 26.9229 
episode: 744 count: 386 score: 211.6179 average_last200: 183.9172 epis: 0.0053 loss: 41.4833 
episode: 745 count: 440 score: 189.8063 average_last200: 184.0372 epis: 0.0053 loss: 41.6212 
episode: 746 count: 450 score: 201.1746 average_last200: 183.9564 epis: 0.0053 loss: 40.3123 
episode: 747 count: 934 score: 100.8475 average_last200: 183.6319 epis: 0.0052 loss: 80.3027 
episode: 748 count: 426 score: 198.4324 average_last200: 183.6710 epis: 0.0052 loss: 40.8409 
episode: 749 count: 426 score: 187.8270 average_last200: 183.5890 epis: 0.0052 loss: 38.0558 
episode: 750 count: 375 score: 213.4297 average_last200: 184.0457 epis: 0.0051 loss: 38.1608 
episode: 751 count: 406 score: 180.9207 average_last200: 184.0388 epis: 0.0051 loss: 35.1313 
episode: 752 count: 413 score: 190.1754 average_last200: 184.1529 epis: 0.0050 loss: 33.4134 
episode: 753 count: 445 score: 188.1424 average_last200: 185.2144 epis: 0.0050 loss: 54.3865 
episode: 754 count: 200 score: 270.7035 average_last200: 185.7888 epis: 0.0050 loss: 23.6575 
episode: 755 count: 471 score: 198.1913 average_last200: 185.8108 epis: 0.0049 loss: 44.4102 
episode: 756 count: 719 score: 157.8688 average_last200: 185.5563 epis: 0.0049 loss: 68.3535 
episode: 757 count: 538 score: 215.8543 average_last200: 185.4076 epis: 0.0049 loss: 45.5682 
episode: 758 count: 914 score: 109.1791 average_last200: 185.0861 epis: 0.0048 loss: 85.4144 
episode: 759 count: 367 score: 232.9038 average_last200: 185.2533 epis: 0.0048 loss: 37.1359 
episode: 760 count: 846 score: 146.5069 average_last200: 185.2650 epis: 0.0048 loss: 80.5435 
episode: 761 count: 1000 score: -4.6622 average_last200: 184.3120 epis: 0.0047 loss: 96.9980 
episode: 762 count: 328 score: 213.8130 average_last200: 184.3439 epis: 0.0047 loss: 30.0979 
episode: 763 count: 856 score: 151.7564 average_last200: 184.0887 epis: 0.0047 loss: 74.0042 
episode: 764 count: 522 score: 188.8299 average_last200: 183.8708 epis: 0.0046 loss: 47.0247 
episode: 765 count: 512 score: 191.5888 average_last200: 183.7443 epis: 0.0046 loss: 52.8242 
episode: 766 count: 992 score: 123.3669 average_last200: 183.3053 epis: 0.0046 loss: 90.2873 
episode: 767 count: 546 score: 189.5966 average_last200: 183.2617 epis: 0.0045 loss: 59.2107 
episode: 768 count: 1000 score: -65.5432 average_last200: 182.0471 epis: 0.0045 loss: 84.5116 
episode: 769 count: 797 score: 151.3989 average_last200: 181.8056 epis: 0.0045 loss: 74.3985 
episode: 770 count: 578 score: 170.0756 average_last200: 181.5773 epis: 0.0044 loss: 44.2977 
episode: 771 count: 515 score: 192.7614 average_last200: 181.5737 epis: 0.0044 loss: 41.4762 
episode: 772 count: 653 score: 150.6656 average_last200: 181.6034 epis: 0.0044 loss: 63.0267 
episode: 773 count: 474 score: 184.0414 average_last200: 181.4998 epis: 0.0044 loss: 46.6083 
episode: 774 count: 371 score: 211.0793 average_last200: 181.3877 epis: 0.0043 loss: 32.1314 
episode: 775 count: 605 score: 135.2687 average_last200: 181.0215 epis: 0.0043 loss: 52.5804 
episode: 776 count: 322 score: 198.6040 average_last200: 181.0765 epis: 0.0043 loss: 28.0933 
episode: 777 count: 632 score: 194.4954 average_last200: 181.1096 epis: 0.0042 loss: 52.1842 
episode: 778 count: 313 score: 207.8936 average_last200: 181.1667 epis: 0.0042 loss: 23.5011 
episode: 779 count: 230 score: 212.8916 average_last200: 181.2530 epis: 0.0042 loss: 21.4744 
episode: 780 count: 473 score: 190.3427 average_last200: 181.2876 epis: 0.0041 loss: 30.8017 
episode: 781 count: 357 score: 220.0652 average_last200: 181.4182 epis: 0.0041 loss: 28.5710 
episode: 782 count: 274 score: 206.6432 average_last200: 181.4271 epis: 0.0041 loss: 21.4627 
episode: 783 count: 252 score: 229.2838 average_last200: 181.7497 epis: 0.0041 loss: 22.7963 
episode: 784 count: 266 score: 191.4988 average_last200: 181.5912 epis: 0.0040 loss: 20.3427 
episode: 785 count: 383 score: 208.2139 average_last200: 181.5623 epis: 0.0040 loss: 31.1004 
episode: 786 count: 302 score: 176.8182 average_last200: 181.3597 epis: 0.0040 loss: 23.7994 
episode: 787 count: 453 score: 199.8440 average_last200: 181.4394 epis: 0.0039 loss: 35.3039 
episode: 788 count: 368 score: 208.3840 average_last200: 181.4947 epis: 0.0039 loss: 29.5724 
episode: 789 count: 448 score: 205.4063 average_last200: 181.4712 epis: 0.0039 loss: 44.7773 
episode: 790 count: 445 score: 208.1312 average_last200: 181.5074 epis: 0.0039 loss: 44.2125 
episode: 791 count: 1000 score: -68.2213 average_last200: 180.2501 epis: 0.0038 loss: 89.5741 
episode: 792 count: 158 score: 37.1050 average_last200: 179.3998 epis: 0.0038 loss: 17.9421 
episode: 793 count: 313 score: 212.3319 average_last200: 179.5536 epis: 0.0038 loss: 24.7118 
episode: 794 count: 588 score: 186.1759 average_last200: 179.4427 epis: 0.0038 loss: 51.9066 
episode: 795 count: 279 score: 225.5891 average_last200: 179.6734 epis: 0.0037 loss: 23.4527 
episode: 796 count: 516 score: 188.8459 average_last200: 179.6153 epis: 0.0037 loss: 41.8286 
episode: 797 count: 555 score: 163.4367 average_last200: 179.4354 epis: 0.0037 loss: 45.6809 
episode: 798 count: 333 score: 168.7295 average_last200: 179.2474 epis: 0.0037 loss: 25.3709 
episode: 799 count: 317 score: 180.3385 average_last200: 179.2012 epis: 0.0036 loss: 24.4944 
episode: 800 count: 517 score: 182.0790 average_last200: 179.2111 epis: 0.0036 loss: 52.2859 
episode: 801 count: 499 score: 188.7604 average_last200: 179.3304 epis: 0.0036 loss: 46.5351 
episode: 802 count: 444 score: 190.9735 average_last200: 179.3021 epis: 0.0036 loss: 30.4065 
episode: 803 count: 615 score: 190.6701 average_last200: 179.2939 epis: 0.0035 loss: 54.5697 
episode: 804 count: 406 score: 236.5140 average_last200: 179.3773 epis: 0.0035 loss: 32.3263 
episode: 805 count: 324 score: 191.1324 average_last200: 179.3839 epis: 0.0035 loss: 29.6528 
episode: 806 count: 250 score: 212.5940 average_last200: 179.6072 epis: 0.0035 loss: 20.3995 
episode: 807 count: 259 score: 213.4707 average_last200: 179.4747 epis: 0.0034 loss: 28.3459 
episode: 808 count: 358 score: 209.5396 average_last200: 179.5219 epis: 0.0034 loss: 31.2620 
episode: 809 count: 843 score: 118.9501 average_last200: 179.1602 epis: 0.0034 loss: 80.7171 
episode: 810 count: 438 score: 191.7513 average_last200: 178.8521 epis: 0.0034 loss: 39.4942 
episode: 811 count: 734 score: 157.9889 average_last200: 178.5354 epis: 0.0033 loss: 69.0192 
episode: 812 count: 231 score: 173.6121 average_last200: 178.4311 epis: 0.0033 loss: 18.3001 
episode: 813 count: 291 score: 193.8616 average_last200: 178.5830 epis: 0.0033 loss: 21.1455 
episode: 814 count: 517 score: 192.4970 average_last200: 178.5982 epis: 0.0033 loss: 43.1063 
episode: 815 count: 380 score: 232.4660 average_last200: 178.7925 epis: 0.0032 loss: 28.4964 
episode: 816 count: 353 score: 225.0529 average_last200: 178.8760 epis: 0.0032 loss: 26.7587 
episode: 817 count: 293 score: 215.1266 average_last200: 178.8380 epis: 0.0032 loss: 23.0286 
episode: 818 count: 453 score: 205.1028 average_last200: 179.0155 epis: 0.0032 loss: 44.9726 
episode: 819 count: 669 score: 189.6124 average_last200: 178.9387 epis: 0.0032 loss: 66.5450 
episode: 820 count: 338 score: 242.9659 average_last200: 179.1698 epis: 0.0031 loss: 29.3552 
episode: 821 count: 591 score: 158.0954 average_last200: 179.0430 epis: 0.0031 loss: 66.7734 
episode: 822 count: 661 score: 151.8808 average_last200: 178.9063 epis: 0.0031 loss: 65.5848 
episode: 823 count: 318 score: 180.3983 average_last200: 178.9383 epis: 0.0031 loss: 27.6618 
episode: 824 count: 284 score: 220.5743 average_last200: 179.0444 epis: 0.0030 loss: 27.9033 
episode: 825 count: 312 score: 180.0499 average_last200: 179.2060 epis: 0.0030 loss: 25.7926 
episode: 826 count: 465 score: 205.9443 average_last200: 179.0444 epis: 0.0030 loss: 33.2430 
episode: 827 count: 410 score: 229.1752 average_last200: 179.1655 epis: 0.0030 loss: 33.2959 
episode: 828 count: 387 score: 210.1220 average_last200: 179.4272 epis: 0.0030 loss: 25.9745 
episode: 829 count: 265 score: 196.6527 average_last200: 179.4170 epis: 0.0029 loss: 23.3869 
episode: 830 count: 261 score: 199.8983 average_last200: 179.4830 epis: 0.0029 loss: 22.0341 
episode: 831 count: 423 score: 220.0415 average_last200: 179.8247 epis: 0.0029 loss: 34.5432 
episode: 832 count: 271 score: 223.9202 average_last200: 179.9223 epis: 0.0029 loss: 21.3024 
episode: 833 count: 548 score: 213.8887 average_last200: 179.9466 epis: 0.0029 loss: 46.9440 
episode: 834 count: 399 score: 194.8215 average_last200: 180.3801 epis: 0.0028 loss: 31.8732 
episode: 835 count: 264 score: 191.4299 average_last200: 180.3273 epis: 0.0028 loss: 19.9698 
episode: 836 count: 373 score: 174.6339 average_last200: 180.2230 epis: 0.0028 loss: 29.8778 
episode: 837 count: 685 score: 162.7636 average_last200: 180.2003 epis: 0.0028 loss: 65.9590 
episode: 838 count: 602 score: 176.3441 average_last200: 180.1075 epis: 0.0028 loss: 51.2073 
episode: 839 count: 260 score: 177.3375 average_last200: 180.1535 epis: 0.0027 loss: 22.2001 
episode: 840 count: 303 score: 192.5791 average_last200: 180.2388 epis: 0.0027 loss: 25.1100 
episode: 841 count: 697 score: 143.3115 average_last200: 180.0530 epis: 0.0027 loss: 53.1680 
episode: 842 count: 284 score: 223.7180 average_last200: 180.1816 epis: 0.0027 loss: 25.8977 
episode: 843 count: 288 score: 210.4447 average_last200: 180.2626 epis: 0.0027 loss: 25.2010 
episode: 844 count: 347 score: 232.0197 average_last200: 180.7537 epis: 0.0026 loss: 36.8615 
episode: 845 count: 257 score: 207.4711 average_last200: 180.9625 epis: 0.0026 loss: 22.7081 
episode: 846 count: 341 score: 170.3487 average_last200: 180.9018 epis: 0.0026 loss: 32.2666 
episode: 847 count: 485 score: 188.8952 average_last200: 180.9378 epis: 0.0026 loss: 41.1575 
episode: 848 count: 440 score: 201.5200 average_last200: 180.9919 epis: 0.0026 loss: 44.6958 
episode: 849 count: 577 score: 155.2855 average_last200: 180.9076 epis: 0.0026 loss: 51.8299 
episode: 850 count: 492 score: 197.5469 average_last200: 180.9282 epis: 0.0025 loss: 44.8976 
episode: 851 count: 518 score: 189.5951 average_last200: 181.0217 epis: 0.0025 loss: 42.3161 
episode: 852 count: 304 score: 189.2198 average_last200: 182.1874 epis: 0.0025 loss: 29.6842 
episode: 853 count: 460 score: 170.8867 average_last200: 181.9783 epis: 0.0025 loss: 40.5577 
episode: 854 count: 455 score: 194.9757 average_last200: 181.9215 epis: 0.0025 loss: 36.3880 
episode: 855 count: 377 score: 185.6622 average_last200: 181.7559 epis: 0.0024 loss: 32.9626 
episode: 856 count: 757 score: 141.2955 average_last200: 181.5933 epis: 0.0024 loss: 55.3085 
episode: 857 count: 356 score: 166.1865 average_last200: 181.7109 epis: 0.0024 loss: 29.1290 
episode: 858 count: 531 score: 162.2533 average_last200: 181.7228 epis: 0.0024 loss: 48.4240 
episode: 859 count: 362 score: 198.0089 average_last200: 182.7522 epis: 0.0024 loss: 28.6320 
episode: 860 count: 499 score: 177.9016 average_last200: 182.8402 epis: 0.0024 loss: 51.5744 
episode: 861 count: 395 score: 206.5837 average_last200: 183.1449 epis: 0.0023 loss: 31.8369 
episode: 862 count: 421 score: 175.5323 average_last200: 183.1297 epis: 0.0023 loss: 39.5758 
episode: 863 count: 557 score: 179.2757 average_last200: 183.2507 epis: 0.0023 loss: 52.0710 
episode: 864 count: 283 score: 183.0279 average_last200: 183.1604 epis: 0.0023 loss: 30.0329 
episode: 865 count: 334 score: 199.9326 average_last200: 183.4205 epis: 0.0023 loss: 30.5636 
episode: 866 count: 551 score: 191.7589 average_last200: 183.7353 epis: 0.0023 loss: 45.2464 
episode: 867 count: 449 score: 215.2112 average_last200: 184.9569 epis: 0.0022 loss: 39.6756 
episode: 868 count: 565 score: 158.2359 average_last200: 186.1121 epis: 0.0022 loss: 47.1465 
episode: 869 count: 865 score: 123.3828 average_last200: 185.9075 epis: 0.0022 loss: 80.4538 
episode: 870 count: 659 score: 167.9183 average_last200: 186.2199 epis: 0.0022 loss: 61.0909 
episode: 871 count: 534 score: 205.3872 average_last200: 186.0236 epis: 0.0022 loss: 48.8016 
episode: 872 count: 313 score: 174.4449 average_last200: 186.0701 epis: 0.0022 loss: 28.7415 
episode: 873 count: 484 score: 200.6212 average_last200: 186.0952 epis: 0.0022 loss: 46.2082 
episode: 874 count: 542 score: 192.1301 average_last200: 186.0797 epis: 0.0021 loss: 46.7321 
episode: 875 count: 261 score: 225.9965 average_last200: 186.3319 epis: 0.0021 loss: 29.3930 
episode: 876 count: 444 score: 182.6180 average_last200: 186.2664 epis: 0.0021 loss: 38.3766 
episode: 877 count: 479 score: 194.9032 average_last200: 186.2111 epis: 0.0021 loss: 43.5464 
episode: 878 count: 518 score: 194.3848 average_last200: 186.1630 epis: 0.0021 loss: 40.2809 
episode: 879 count: 466 score: 172.7864 average_last200: 186.1831 epis: 0.0021 loss: 39.9846 
episode: 880 count: 463 score: 145.3573 average_last200: 186.2828 epis: 0.0021 loss: 49.5866 
episode: 881 count: 529 score: 144.3798 average_last200: 186.0989 epis: 0.0020 loss: 45.6220 
episode: 882 count: 390 score: 230.6089 average_last200: 186.3517 epis: 0.0020 loss: 33.4696 
episode: 883 count: 542 score: 177.4472 average_last200: 186.2483 epis: 0.0020 loss: 43.5709 
episode: 884 count: 706 score: 179.5682 average_last200: 186.0479 epis: 0.0020 loss: 64.7989 
episode: 885 count: 365 score: 230.5720 average_last200: 186.3305 epis: 0.0020 loss: 34.0517 
episode: 886 count: 430 score: 190.3213 average_last200: 186.3207 epis: 0.0020 loss: 36.6206 
episode: 887 count: 553 score: 132.5822 average_last200: 185.7296 epis: 0.0020 loss: 46.0068 
episode: 888 count: 618 score: 162.0537 average_last200: 185.7912 epis: 0.0019 loss: 56.8479 
episode: 889 count: 312 score: 231.3276 average_last200: 186.0061 epis: 0.0019 loss: 28.2798 
episode: 890 count: 318 score: 201.6251 average_last200: 185.9219 epis: 0.0019 loss: 27.8637 
episode: 891 count: 585 score: 204.9412 average_last200: 186.0195 epis: 0.0019 loss: 66.9841 
episode: 892 count: 447 score: 180.0732 average_last200: 186.0622 epis: 0.0019 loss: 46.1521 
episode: 893 count: 394 score: 209.2467 average_last200: 186.1120 epis: 0.0019 loss: 31.7103 
episode: 894 count: 277 score: 216.7744 average_last200: 186.2685 epis: 0.0019 loss: 27.2598 
episode: 895 count: 260 score: 209.9702 average_last200: 186.4711 epis: 0.0018 loss: 22.5189 
episode: 896 count: 308 score: 239.8824 average_last200: 186.6477 epis: 0.0018 loss: 35.1382 
episode: 897 count: 382 score: 185.6995 average_last200: 186.5033 epis: 0.0018 loss: 45.4587 
episode: 898 count: 349 score: 220.0737 average_last200: 186.5719 epis: 0.0018 loss: 31.0591 
episode: 899 count: 614 score: 133.5252 average_last200: 186.4530 epis: 0.0018 loss: 55.0988 
episode: 900 count: 270 score: 215.2386 average_last200: 186.6857 epis: 0.0018 loss: 24.2063 
episode: 901 count: 220 score: 196.0429 average_last200: 186.7895 epis: 0.0018 loss: 23.7965 
episode: 902 count: 348 score: 204.3356 average_last200: 186.8542 epis: 0.0018 loss: 27.3353 
episode: 903 count: 245 score: 228.9755 average_last200: 187.2411 epis: 0.0017 loss: 22.8694 
episode: 904 count: 519 score: 224.7126 average_last200: 187.3928 epis: 0.0017 loss: 56.4619 
episode: 905 count: 575 score: 247.9443 average_last200: 187.9395 epis: 0.0017 loss: 51.2429 
episode: 906 count: 360 score: 190.6185 average_last200: 187.9916 epis: 0.0017 loss: 30.1579 
episode: 907 count: 349 score: 231.0244 average_last200: 188.2243 epis: 0.0017 loss: 44.5216 
episode: 908 count: 524 score: 169.8081 average_last200: 187.9391 epis: 0.0017 loss: 53.5032 
episode: 909 count: 522 score: 196.2282 average_last200: 187.9464 epis: 0.0017 loss: 51.6384 
episode: 910 count: 376 score: 204.5302 average_last200: 187.8207 epis: 0.0017 loss: 33.8605 
episode: 911 count: 214 score: 232.1982 average_last200: 187.9976 epis: 0.0017 loss: 19.2737 
episode: 912 count: 227 score: 202.4236 average_last200: 188.0465 epis: 0.0016 loss: 23.2350 
episode: 913 count: 483 score: 188.5170 average_last200: 188.0248 epis: 0.0016 loss: 48.9960 
episode: 914 count: 376 score: 206.4835 average_last200: 187.9801 epis: 0.0016 loss: 32.4791 
episode: 915 count: 326 score: 237.7990 average_last200: 188.1324 epis: 0.0016 loss: 33.9051 
episode: 916 count: 450 score: 198.0145 average_last200: 188.3851 epis: 0.0016 loss: 44.0721 
episode: 917 count: 193 score: 217.0705 average_last200: 188.4264 epis: 0.0016 loss: 15.1253 
episode: 918 count: 237 score: 207.5756 average_last200: 188.3217 epis: 0.0016 loss: 21.4329 
episode: 919 count: 370 score: 221.2117 average_last200: 188.2807 epis: 0.0016 loss: 43.2798 
episode: 920 count: 318 score: 226.6155 average_last200: 188.3553 epis: 0.0015 loss: 27.4397 
episode: 921 count: 573 score: 162.9850 average_last200: 188.3940 epis: 0.0015 loss: 60.1332 
episode: 922 count: 874 score: 141.2228 average_last200: 188.0862 epis: 0.0015 loss: 106.2509 
episode: 923 count: 438 score: 179.9033 average_last200: 187.9168 epis: 0.0015 loss: 48.4809 
episode: 924 count: 355 score: 239.6507 average_last200: 188.3112 epis: 0.0015 loss: 40.9124 
episode: 925 count: 386 score: 214.9318 average_last200: 188.3731 epis: 0.0015 loss: 37.4601 
episode: 926 count: 621 score: 169.6723 average_last200: 188.3117 epis: 0.0015 loss: 62.7417 
episode: 927 count: 709 score: 152.7396 average_last200: 188.1918 epis: 0.0015 loss: 72.5271 
episode: 928 count: 311 score: 207.3334 average_last200: 188.4242 epis: 0.0015 loss: 33.1297 
episode: 929 count: 332 score: 207.0757 average_last200: 188.3913 epis: 0.0015 loss: 31.8139 
episode: 930 count: 334 score: 211.8488 average_last200: 188.3296 epis: 0.0014 loss: 37.5234 
episode: 931 count: 353 score: 210.1371 average_last200: 188.4820 epis: 0.0014 loss: 31.7214 
episode: 932 count: 752 score: 145.6078 average_last200: 188.5838 epis: 0.0014 loss: 66.6617 
episode: 933 count: 533 score: 134.7808 average_last200: 188.2464 epis: 0.0014 loss: 53.3298 
episode: 934 count: 362 score: 210.4113 average_last200: 188.3363 epis: 0.0014 loss: 28.2478 
episode: 935 count: 626 score: 167.3334 average_last200: 188.0321 epis: 0.0014 loss: 66.5801 
episode: 936 count: 435 score: 196.5770 average_last200: 187.9581 epis: 0.0014 loss: 39.8254 
episode: 937 count: 389 score: 195.6773 average_last200: 188.1321 epis: 0.0014 loss: 36.2036 
episode: 938 count: 724 score: 148.6481 average_last200: 188.0116 epis: 0.0014 loss: 63.9204 
episode: 939 count: 361 score: 173.0165 average_last200: 187.8614 epis: 0.0014 loss: 41.0129 
episode: 940 count: 222 score: 199.2656 average_last200: 187.7733 epis: 0.0013 loss: 18.9336 
episode: 941 count: 226 score: 231.3900 average_last200: 187.8300 epis: 0.0013 loss: 20.3856 
episode: 942 count: 719 score: 174.6288 average_last200: 187.7540 epis: 0.0013 loss: 62.2431 
episode: 943 count: 256 score: 220.9341 average_last200: 187.8279 epis: 0.0013 loss: 23.9123 
episode: 944 count: 484 score: 180.8495 average_last200: 187.6741 epis: 0.0013 loss: 43.2441 
episode: 945 count: 687 score: 169.7049 average_last200: 187.5736 epis: 0.0013 loss: 68.3665 
episode: 946 count: 233 score: 259.1480 average_last200: 187.8634 epis: 0.0013 loss: 26.1797 
episode: 947 count: 525 score: 161.9549 average_last200: 188.1690 epis: 0.0013 loss: 50.4928 
episode: 948 count: 770 score: 171.0909 average_last200: 188.0323 epis: 0.0013 loss: 71.9008 
episode: 949 count: 424 score: 183.4338 average_last200: 188.0103 epis: 0.0013 loss: 39.1264 
episode: 950 count: 323 score: 212.1545 average_last200: 188.0039 epis: 0.0013 loss: 35.8116 
episode: 951 count: 352 score: 221.8177 average_last200: 188.2084 epis: 0.0012 loss: 32.6251 
episode: 952 count: 483 score: 158.2688 average_last200: 188.0489 epis: 0.0012 loss: 47.6415 
episode: 953 count: 241 score: 193.7962 average_last200: 188.0772 epis: 0.0012 loss: 23.2056 
episode: 954 count: 599 score: 176.9428 average_last200: 187.6083 epis: 0.0012 loss: 59.7143 
episode: 955 count: 318 score: 225.3584 average_last200: 187.7442 epis: 0.0012 loss: 35.4696 
episode: 956 count: 296 score: 234.0684 average_last200: 188.1252 epis: 0.0012 loss: 29.9263 
episode: 957 count: 523 score: 214.1028 average_last200: 188.1164 epis: 0.0012 loss: 46.2743 
episode: 958 count: 405 score: 181.4641 average_last200: 188.4778 epis: 0.0012 loss: 43.4482 
episode: 959 count: 340 score: 202.3949 average_last200: 188.3253 epis: 0.0012 loss: 34.9391 
episode: 960 count: 493 score: 194.0653 average_last200: 188.5631 epis: 0.0012 loss: 46.3399 
episode: 961 count: 590 score: 226.1191 average_last200: 189.7170 epis: 0.0012 loss: 58.3724 
episode: 962 count: 864 score: 134.2744 average_last200: 189.3193 epis: 0.0012 loss: 98.2731 
episode: 963 count: 461 score: 194.3957 average_last200: 189.5325 epis: 0.0011 loss: 42.5086 
episode: 964 count: 315 score: 224.8526 average_last200: 189.7126 epis: 0.0011 loss: 27.2313 
episode: 965 count: 702 score: 173.3415 average_last200: 189.6214 epis: 0.0011 loss: 74.1186 
episode: 966 count: 258 score: 208.5148 average_last200: 190.0471 epis: 0.0011 loss: 31.4878 
episode: 967 count: 656 score: 184.7023 average_last200: 190.0227 epis: 0.0011 loss: 68.6890 
episode: 968 count: 749 score: 166.7245 average_last200: 191.1840 epis: 0.0011 loss: 77.6519 
episode: 969 count: 1000 score: -53.3558 average_last200: 190.1602 epis: 0.0011 loss: 90.9678 
episode: 970 count: 403 score: 203.9228 average_last200: 190.3295 epis: 0.0011 loss: 43.1441 
episode: 971 count: 463 score: 207.9331 average_last200: 190.4053 epis: 0.0011 loss: 44.0968 
episode: 972 count: 313 score: 211.3366 average_last200: 190.7087 epis: 0.0011 loss: 34.5716 
episode: 973 count: 422 score: 186.8429 average_last200: 190.7227 epis: 0.0011 loss: 52.4044 
episode: 974 count: 525 score: 185.0520 average_last200: 190.5925 epis: 0.0011 loss: 61.5890 
episode: 975 count: 589 score: 186.7636 average_last200: 190.8500 epis: 0.0011 loss: 65.2318 
episode: 976 count: 343 score: 226.3598 average_last200: 190.9888 epis: 0.0010 loss: 34.7197 
episode: 977 count: 486 score: 196.0830 average_last200: 190.9967 epis: 0.0010 loss: 49.5687 
episode: 978 count: 644 score: 182.7493 average_last200: 190.8710 epis: 0.0010 loss: 56.5255 
episode: 979 count: 258 score: 201.3308 average_last200: 190.8132 epis: 0.0010 loss: 25.5706 
episode: 980 count: 391 score: 200.2983 average_last200: 190.8630 epis: 0.0010 loss: 34.1221 
episode: 981 count: 497 score: 210.1335 average_last200: 190.8133 epis: 0.0010 loss: 52.5978 
episode: 982 count: 838 score: 155.7984 average_last200: 190.5591 epis: 0.0010 loss: 84.4781 
episode: 983 count: 301 score: 231.9075 average_last200: 190.5722 epis: 0.0010 loss: 30.6912 
episode: 984 count: 324 score: 200.3533 average_last200: 190.6165 epis: 0.0010 loss: 33.4798 
episode: 985 count: 464 score: 162.5511 average_last200: 190.3882 epis: 0.0010 loss: 43.2098 
episode: 986 count: 317 score: 185.9198 average_last200: 190.4337 epis: 0.0010 loss: 32.9391 
episode: 987 count: 684 score: 161.1690 average_last200: 190.2403 epis: 0.0010 loss: 70.8624 
episode: 988 count: 327 score: 200.7565 average_last200: 190.2022 epis: 0.0010 loss: 36.8651 
episode: 989 count: 275 score: 237.1469 average_last200: 190.3609 epis: 0.0010 loss: 25.7986 
episode: 990 count: 608 score: 188.5471 average_last200: 190.2630 epis: 0.0009 loss: 54.8499 
episode: 991 count: 772 score: 83.7573 average_last200: 191.0228 epis: 0.0009 loss: 77.0892 
episode: 992 count: 867 score: 125.5160 average_last200: 191.4649 epis: 0.0009 loss: 91.0679 
episode: 993 count: 360 score: 199.4527 average_last200: 191.4005 epis: 0.0009 loss: 36.1679 
episode: 994 count: 320 score: 195.9824 average_last200: 191.4495 epis: 0.0009 loss: 34.2557 
episode: 995 count: 620 score: 156.0520 average_last200: 191.1019 epis: 0.0009 loss: 76.8868 
episode: 996 count: 303 score: 204.9723 average_last200: 191.1825 epis: 0.0009 loss: 34.3623 
episode: 997 count: 666 score: 179.1568 average_last200: 191.2611 epis: 0.0009 loss: 75.6934 
episode: 998 count: 584 score: 162.6669 average_last200: 191.2308 epis: 0.0009 loss: 68.3586 
episode: 999 count: 648 score: 128.6199 average_last200: 190.9722 epis: 0.0009 loss: 70.0178 
