[33mWARN: gym.spaces.Box autodetected dtype as <class 'numpy.float32'>. Please provide explicit dtype.[0m
All para: Epis 1000 memlen 100000 gamma 0.989 epsilon 0.993 alpha 0.00030 batch 30 upfreq 500
episode: 0 count: 103 score: -201.7553 average_last200: -201.7553 epis: 0.9930 loss: 0.0000 
episode: 1 count: 84 score: -164.3968 average_last200: -183.0761 epis: 0.9860 loss: 0.0000 
episode: 2 count: 132 score: -150.1011 average_last200: -172.0844 epis: 0.9791 loss: 0.0000 
episode: 3 count: 75 score: -148.4693 average_last200: -166.1806 epis: 0.9723 loss: 0.0000 
episode: 4 count: 94 score: -340.2749 average_last200: -200.9995 epis: 0.9655 loss: 0.0000 
episode: 5 count: 85 score: -482.3786 average_last200: -247.8960 epis: 0.9587 loss: 0.0000 
episode: 6 count: 62 score: -104.0794 average_last200: -227.3508 epis: 0.9520 loss: 0.0000 
episode: 7 count: 101 score: -191.6797 average_last200: -222.8919 epis: 0.9454 loss: 0.0000 
episode: 8 count: 92 score: -351.0453 average_last200: -237.1312 epis: 0.9387 loss: 0.0000 
episode: 9 count: 129 score: -448.6276 average_last200: -258.2808 epis: 0.9322 loss: 0.0000 
episode: 10 count: 67 score: -276.9074 average_last200: -259.9741 epis: 0.9256 loss: 21.3174 
episode: 11 count: 104 score: -351.6185 average_last200: -267.6112 epis: 0.9192 loss: 75.5494 
episode: 12 count: 75 score: -322.4809 average_last200: -271.8319 epis: 0.9127 loss: 46.5418 
episode: 13 count: 122 score: -401.6388 average_last200: -281.1038 epis: 0.9063 loss: 60.1435 
episode: 14 count: 110 score: -613.4107 average_last200: -303.2576 epis: 0.9000 loss: 53.2222 
episode: 15 count: 85 score: -290.6234 average_last200: -302.4680 epis: 0.8937 loss: 48.5899 
episode: 16 count: 133 score: -280.9568 average_last200: -301.2026 epis: 0.8874 loss: 64.8123 
episode: 17 count: 106 score: -198.9455 average_last200: -295.5217 epis: 0.8812 loss: 53.8273 
episode: 18 count: 102 score: -198.1611 average_last200: -290.3974 epis: 0.8751 loss: 49.4933 
episode: 19 count: 118 score: -167.2024 average_last200: -284.2377 epis: 0.8689 loss: 47.9623 
episode: 20 count: 101 score: -436.9187 average_last200: -291.5082 epis: 0.8628 loss: 44.0840 
episode: 21 count: 179 score: -199.8516 average_last200: -287.3420 epis: 0.8568 loss: 67.3398 
episode: 22 count: 84 score: -236.8424 average_last200: -285.1464 epis: 0.8508 loss: 29.0718 
episode: 23 count: 80 score: -100.1780 average_last200: -277.4393 epis: 0.8449 loss: 28.5100 
episode: 24 count: 110 score: -284.0501 average_last200: -277.7038 epis: 0.8389 loss: 47.1282 
episode: 25 count: 69 score: -113.0492 average_last200: -271.3709 epis: 0.8331 loss: 31.7229 
episode: 26 count: 135 score: -381.9761 average_last200: -275.4674 epis: 0.8272 loss: 44.0957 
episode: 27 count: 80 score: -106.3408 average_last200: -269.4271 epis: 0.8214 loss: 27.6828 
episode: 28 count: 96 score: -161.6645 average_last200: -265.7112 epis: 0.8157 loss: 33.7066 
episode: 29 count: 113 score: -132.6358 average_last200: -261.2754 epis: 0.8100 loss: 40.2073 
episode: 30 count: 72 score: -119.3017 average_last200: -256.6956 epis: 0.8043 loss: 30.2401 
episode: 31 count: 95 score: -140.3211 average_last200: -253.0589 epis: 0.7987 loss: 29.1321 
episode: 32 count: 93 score: -111.8870 average_last200: -248.7809 epis: 0.7931 loss: 32.5508 
episode: 33 count: 71 score: -118.8192 average_last200: -244.9585 epis: 0.7875 loss: 22.5566 
episode: 34 count: 104 score: -239.4065 average_last200: -244.7999 epis: 0.7820 loss: 35.7665 
episode: 35 count: 91 score: -161.5811 average_last200: -242.4883 epis: 0.7766 loss: 34.4792 
episode: 36 count: 124 score: -208.9324 average_last200: -241.5813 epis: 0.7711 loss: 50.6408 
episode: 37 count: 130 score: -267.5434 average_last200: -242.2646 epis: 0.7657 loss: 43.3636 
episode: 38 count: 105 score: -157.6780 average_last200: -240.0957 epis: 0.7604 loss: 39.6782 
episode: 39 count: 88 score: -116.4112 average_last200: -237.0036 epis: 0.7550 loss: 24.7498 
episode: 40 count: 119 score: -85.0637 average_last200: -233.2977 epis: 0.7498 loss: 44.9275 
episode: 41 count: 152 score: -154.3816 average_last200: -231.4187 epis: 0.7445 loss: 50.1009 
episode: 42 count: 112 score: -129.7779 average_last200: -229.0550 epis: 0.7393 loss: 34.3827 
episode: 43 count: 161 score: -123.0967 average_last200: -226.6469 epis: 0.7341 loss: 46.3020 
episode: 44 count: 143 score: -178.3224 average_last200: -225.5730 epis: 0.7290 loss: 50.5116 
episode: 45 count: 69 score: -157.4544 average_last200: -224.0922 epis: 0.7239 loss: 21.8131 
episode: 46 count: 120 score: -256.1737 average_last200: -224.7747 epis: 0.7188 loss: 35.1693 
episode: 47 count: 99 score: -135.0955 average_last200: -222.9064 epis: 0.7138 loss: 27.9280 
episode: 48 count: 85 score: -165.3994 average_last200: -221.7328 epis: 0.7088 loss: 31.8372 
episode: 49 count: 86 score: -124.8011 average_last200: -219.7942 epis: 0.7038 loss: 35.9621 
episode: 50 count: 123 score: -214.1231 average_last200: -219.6830 epis: 0.6989 loss: 35.4607 
episode: 51 count: 119 score: -33.3832 average_last200: -216.1003 epis: 0.6940 loss: 30.7292 
episode: 52 count: 127 score: -174.1949 average_last200: -215.3096 epis: 0.6891 loss: 42.4961 
episode: 53 count: 71 score: -117.2596 average_last200: -213.4939 epis: 0.6843 loss: 20.8233 
episode: 54 count: 136 score: -168.8397 average_last200: -212.6820 epis: 0.6795 loss: 43.3505 
episode: 55 count: 228 score: -82.3888 average_last200: -210.3553 epis: 0.6748 loss: 66.7594 
episode: 56 count: 126 score: -57.9677 average_last200: -207.6819 epis: 0.6700 loss: 42.2889 
episode: 57 count: 148 score: -142.5115 average_last200: -206.5582 epis: 0.6654 loss: 49.8377 
episode: 58 count: 131 score: -102.9341 average_last200: -204.8019 epis: 0.6607 loss: 36.8844 
episode: 59 count: 157 score: -118.0088 average_last200: -203.3553 epis: 0.6561 loss: 40.4562 
episode: 60 count: 89 score: -123.2908 average_last200: -202.0428 epis: 0.6515 loss: 36.1273 
episode: 61 count: 72 score: -124.8942 average_last200: -200.7985 epis: 0.6469 loss: 23.3903 
episode: 62 count: 94 score: -106.8237 average_last200: -199.3068 epis: 0.6424 loss: 26.5776 
episode: 63 count: 149 score: -50.6922 average_last200: -196.9847 epis: 0.6379 loss: 48.3351 
episode: 64 count: 119 score: -53.8788 average_last200: -194.7831 epis: 0.6334 loss: 36.5015 
episode: 65 count: 176 score: -47.1215 average_last200: -192.5458 epis: 0.6290 loss: 49.0448 
episode: 66 count: 104 score: -70.4522 average_last200: -190.7235 epis: 0.6246 loss: 29.9480 
episode: 67 count: 126 score: -110.1373 average_last200: -189.5384 epis: 0.6202 loss: 40.2859 
episode: 68 count: 114 score: -125.1236 average_last200: -188.6048 epis: 0.6159 loss: 41.1306 
episode: 69 count: 171 score: -95.5452 average_last200: -187.2754 epis: 0.6116 loss: 60.8552 
episode: 70 count: 72 score: -127.6183 average_last200: -186.4352 epis: 0.6073 loss: 21.8165 
episode: 71 count: 135 score: -113.0624 average_last200: -185.4161 epis: 0.6030 loss: 46.0871 
episode: 72 count: 176 score: -101.3125 average_last200: -184.2640 epis: 0.5988 loss: 58.5282 
episode: 73 count: 175 score: -121.6316 average_last200: -183.4176 epis: 0.5946 loss: 57.1886 
episode: 74 count: 132 score: -114.4615 average_last200: -182.4982 epis: 0.5905 loss: 37.6900 
episode: 75 count: 76 score: -94.5875 average_last200: -181.3415 epis: 0.5863 loss: 21.6150 
episode: 76 count: 329 score: -146.5348 average_last200: -180.8895 epis: 0.5822 loss: 111.4376 
episode: 77 count: 107 score: -75.4796 average_last200: -179.5380 epis: 0.5782 loss: 32.1929 
episode: 78 count: 150 score: -82.6664 average_last200: -178.3118 epis: 0.5741 loss: 48.9661 
episode: 79 count: 210 score: -84.7543 average_last200: -177.1424 epis: 0.5701 loss: 63.6156 
episode: 80 count: 177 score: -117.0229 average_last200: -176.4001 epis: 0.5661 loss: 54.5045 
episode: 81 count: 188 score: -109.9261 average_last200: -175.5895 epis: 0.5621 loss: 63.4977 
episode: 82 count: 1000 score: -14.3036 average_last200: -173.6463 epis: 0.5582 loss: 325.5578 
episode: 83 count: 107 score: -85.8546 average_last200: -172.6011 epis: 0.5543 loss: 35.1895 
episode: 84 count: 156 score: -48.2367 average_last200: -171.1380 epis: 0.5504 loss: 54.4249 
episode: 85 count: 216 score: -98.3238 average_last200: -170.2914 epis: 0.5466 loss: 70.0051 
episode: 86 count: 205 score: -112.3228 average_last200: -169.6250 epis: 0.5427 loss: 71.4652 
episode: 87 count: 175 score: -89.9788 average_last200: -168.7200 epis: 0.5389 loss: 58.1147 
episode: 88 count: 172 score: -53.9273 average_last200: -167.4302 epis: 0.5352 loss: 58.7824 
episode: 89 count: 135 score: -41.8642 average_last200: -166.0350 epis: 0.5314 loss: 46.4847 
episode: 90 count: 152 score: -60.5374 average_last200: -164.8757 epis: 0.5277 loss: 47.7896 
episode: 91 count: 1000 score: 1.2081 average_last200: -163.0704 epis: 0.5240 loss: 349.2907 
episode: 92 count: 243 score: -119.0699 average_last200: -162.5973 epis: 0.5203 loss: 86.9339 
episode: 93 count: 149 score: -120.9161 average_last200: -162.1539 epis: 0.5167 loss: 56.4190 
episode: 94 count: 250 score: -59.1140 average_last200: -161.0693 epis: 0.5131 loss: 85.8452 
episode: 95 count: 233 score: -56.1134 average_last200: -159.9760 epis: 0.5095 loss: 97.2551 
episode: 96 count: 247 score: -15.4751 average_last200: -158.4863 epis: 0.5059 loss: 81.9808 
episode: 97 count: 118 score: -98.6909 average_last200: -157.8761 epis: 0.5024 loss: 40.0388 
episode: 98 count: 327 score: -62.5234 average_last200: -156.9129 epis: 0.4989 loss: 108.6772 
episode: 99 count: 234 score: -89.9324 average_last200: -156.2431 epis: 0.4954 loss: 78.3243 
episode: 100 count: 180 score: -144.3535 average_last200: -156.1254 epis: 0.4919 loss: 66.8954 
episode: 101 count: 100 score: -109.8394 average_last200: -155.6716 epis: 0.4885 loss: 36.4394 
episode: 102 count: 294 score: -120.5889 average_last200: -155.3310 epis: 0.4850 loss: 104.2285 
episode: 103 count: 502 score: -207.0731 average_last200: -155.8286 epis: 0.4816 loss: 169.8901 
episode: 104 count: 156 score: -64.3579 average_last200: -154.9574 epis: 0.4783 loss: 57.5561 
episode: 105 count: 248 score: -137.5872 average_last200: -154.7935 epis: 0.4749 loss: 71.1512 
episode: 106 count: 1000 score: -39.2430 average_last200: -153.7136 epis: 0.4716 loss: 338.6431 
episode: 107 count: 282 score: -112.3192 average_last200: -153.3303 epis: 0.4683 loss: 79.9752 
episode: 108 count: 279 score: -96.8965 average_last200: -152.8126 epis: 0.4650 loss: 88.4340 
episode: 109 count: 235 score: -134.9612 average_last200: -152.6503 epis: 0.4618 loss: 77.8885 
episode: 110 count: 137 score: -71.1158 average_last200: -151.9158 epis: 0.4585 loss: 49.2941 
episode: 111 count: 177 score: -38.3254 average_last200: -150.9016 epis: 0.4553 loss: 54.9268 
episode: 112 count: 237 score: -64.6468 average_last200: -150.1382 epis: 0.4521 loss: 101.1163 
episode: 113 count: 217 score: -127.4179 average_last200: -149.9389 epis: 0.4490 loss: 80.8082 
episode: 114 count: 290 score: -55.8038 average_last200: -149.1204 epis: 0.4458 loss: 98.9904 
episode: 115 count: 127 score: -22.0029 average_last200: -148.0245 epis: 0.4427 loss: 36.0978 
episode: 116 count: 217 score: -60.2004 average_last200: -147.2739 epis: 0.4396 loss: 75.4567 
episode: 117 count: 152 score: -91.2908 average_last200: -146.7995 epis: 0.4365 loss: 58.4787 
episode: 118 count: 517 score: -102.6308 average_last200: -146.4283 epis: 0.4335 loss: 168.7630 
episode: 119 count: 250 score: -14.1543 average_last200: -145.3260 epis: 0.4304 loss: 82.5807 
episode: 120 count: 331 score: -118.2563 average_last200: -145.1023 epis: 0.4274 loss: 96.9795 
episode: 121 count: 416 score: -64.9626 average_last200: -144.4454 epis: 0.4244 loss: 137.6506 
episode: 122 count: 217 score: -108.1074 average_last200: -144.1500 epis: 0.4215 loss: 70.2290 
episode: 123 count: 228 score: -95.3962 average_last200: -143.7568 epis: 0.4185 loss: 84.0561 
episode: 124 count: 1000 score: -21.5635 average_last200: -142.7793 epis: 0.4156 loss: 318.8278 
episode: 125 count: 97 score: -116.6012 average_last200: -142.5715 epis: 0.4127 loss: 37.0005 
episode: 126 count: 795 score: -196.4232 average_last200: -142.9955 epis: 0.4098 loss: 259.3234 
episode: 127 count: 151 score: -61.1414 average_last200: -142.3561 epis: 0.4069 loss: 41.8326 
episode: 128 count: 115 score: -82.8073 average_last200: -141.8944 epis: 0.4041 loss: 38.9593 
episode: 129 count: 1000 score: -93.8522 average_last200: -141.5249 epis: 0.4012 loss: 326.7482 
episode: 130 count: 1000 score: -69.6515 average_last200: -140.9762 epis: 0.3984 loss: 322.9036 
episode: 131 count: 117 score: -74.5914 average_last200: -140.4733 epis: 0.3956 loss: 34.1880 
episode: 132 count: 667 score: -289.0246 average_last200: -141.5902 epis: 0.3929 loss: 205.8706 
episode: 133 count: 317 score: -27.6591 average_last200: -140.7400 epis: 0.3901 loss: 99.3431 
episode: 134 count: 1000 score: -20.7351 average_last200: -139.8511 epis: 0.3874 loss: 308.2234 
episode: 135 count: 220 score: -33.4418 average_last200: -139.0687 epis: 0.3847 loss: 74.5377 
episode: 136 count: 1000 score: -66.0258 average_last200: -138.5355 epis: 0.3820 loss: 306.2537 
episode: 137 count: 1000 score: 11.4786 average_last200: -137.4484 epis: 0.3793 loss: 316.3472 
episode: 138 count: 1000 score: -34.5963 average_last200: -136.7085 epis: 0.3767 loss: 303.6977 
episode: 139 count: 152 score: -122.5481 average_last200: -136.6074 epis: 0.3740 loss: 41.1008 
episode: 140 count: 140 score: -47.2774 average_last200: -135.9738 epis: 0.3714 loss: 45.0656 
episode: 141 count: 1000 score: 4.8169 average_last200: -134.9823 epis: 0.3688 loss: 310.3609 
episode: 142 count: 1000 score: -2.7788 average_last200: -134.0578 epis: 0.3662 loss: 309.7402 
episode: 143 count: 213 score: -60.4517 average_last200: -133.5467 epis: 0.3637 loss: 65.8447 
episode: 144 count: 460 score: -112.2441 average_last200: -133.3998 epis: 0.3611 loss: 150.6478 
episode: 145 count: 1000 score: -35.7384 average_last200: -132.7308 epis: 0.3586 loss: 301.4558 
episode: 146 count: 1000 score: -50.4078 average_last200: -132.1708 epis: 0.3561 loss: 286.1868 
episode: 147 count: 1000 score: -2.4139 average_last200: -131.2941 epis: 0.3536 loss: 301.8680 
episode: 148 count: 1000 score: -77.5030 average_last200: -130.9331 epis: 0.3511 loss: 301.7390 
episode: 149 count: 301 score: -245.4925 average_last200: -131.6968 epis: 0.3486 loss: 94.9569 
episode: 150 count: 1000 score: -74.8865 average_last200: -131.3206 epis: 0.3462 loss: 315.7254 
episode: 151 count: 1000 score: -2.2068 average_last200: -130.4711 epis: 0.3438 loss: 320.3207 
episode: 152 count: 1000 score: -40.0821 average_last200: -129.8804 epis: 0.3414 loss: 309.2447 
episode: 153 count: 1000 score: -36.6159 average_last200: -129.2747 epis: 0.3390 loss: 313.6212 
episode: 154 count: 103 score: -84.0632 average_last200: -128.9831 epis: 0.3366 loss: 30.9258 
episode: 155 count: 654 score: -83.4978 average_last200: -128.6915 epis: 0.3343 loss: 224.5687 
episode: 156 count: 1000 score: -37.5132 average_last200: -128.1107 epis: 0.3319 loss: 319.0987 
episode: 157 count: 1000 score: -76.2520 average_last200: -127.7825 epis: 0.3296 loss: 335.8429 
episode: 158 count: 1000 score: -50.3199 average_last200: -127.2953 epis: 0.3273 loss: 325.7092 
episode: 159 count: 329 score: -341.8447 average_last200: -128.6363 epis: 0.3250 loss: 110.6496 
episode: 160 count: 1000 score: -21.0720 average_last200: -127.9682 epis: 0.3227 loss: 354.5814 
episode: 161 count: 1000 score: -12.1378 average_last200: -127.2532 epis: 0.3205 loss: 374.8219 
episode: 162 count: 1000 score: 12.3372 average_last200: -126.3968 epis: 0.3182 loss: 343.5122 
episode: 163 count: 1000 score: -6.6327 average_last200: -125.6665 epis: 0.3160 loss: 361.8730 
episode: 164 count: 1000 score: -112.6846 average_last200: -125.5878 epis: 0.3138 loss: 349.2656 
episode: 165 count: 1000 score: -43.5504 average_last200: -125.0936 epis: 0.3116 loss: 375.2177 
episode: 166 count: 1000 score: -7.0331 average_last200: -124.3867 epis: 0.3094 loss: 399.9681 
episode: 167 count: 1000 score: 3.2111 average_last200: -123.6272 epis: 0.3072 loss: 384.6252 
episode: 168 count: 1000 score: -20.6667 average_last200: -123.0179 epis: 0.3051 loss: 391.6406 
episode: 169 count: 1000 score: -2.7814 average_last200: -122.3107 epis: 0.3030 loss: 370.2645 
episode: 170 count: 1000 score: -23.4692 average_last200: -121.7326 epis: 0.3008 loss: 370.0968 
episode: 171 count: 1000 score: 1.7599 average_last200: -121.0147 epis: 0.2987 loss: 414.6658 
episode: 172 count: 1000 score: 23.3442 average_last200: -120.1802 epis: 0.2966 loss: 399.8342 
episode: 173 count: 1000 score: -45.1236 average_last200: -119.7489 epis: 0.2946 loss: 392.4693 
episode: 174 count: 1000 score: -34.0120 average_last200: -119.2589 epis: 0.2925 loss: 379.8907 
episode: 175 count: 1000 score: 42.0072 average_last200: -118.3426 epis: 0.2904 loss: 392.9196 
episode: 176 count: 1000 score: -3.9064 average_last200: -117.6961 epis: 0.2884 loss: 380.0273 
episode: 177 count: 172 score: 0.2757 average_last200: -117.0334 epis: 0.2864 loss: 71.5597 
episode: 178 count: 1000 score: 55.8505 average_last200: -116.0675 epis: 0.2844 loss: 397.8278 
episode: 179 count: 1000 score: 34.2167 average_last200: -115.2326 epis: 0.2824 loss: 398.7309 
episode: 180 count: 1000 score: 24.7954 average_last200: -114.4590 epis: 0.2804 loss: 420.9659 
episode: 181 count: 1000 score: 8.0849 average_last200: -113.7857 epis: 0.2785 loss: 420.5301 
episode: 182 count: 1000 score: 9.1546 average_last200: -113.1138 epis: 0.2765 loss: 445.8161 
episode: 183 count: 1000 score: -23.4806 average_last200: -112.6267 epis: 0.2746 loss: 426.4686 
episode: 184 count: 1000 score: 17.2071 average_last200: -111.9249 epis: 0.2727 loss: 453.1492 
episode: 185 count: 1000 score: -11.6715 average_last200: -111.3859 epis: 0.2707 loss: 431.2987 
episode: 186 count: 1000 score: 10.6508 average_last200: -110.7333 epis: 0.2688 loss: 462.1372 
episode: 187 count: 1000 score: 14.2125 average_last200: -110.0687 epis: 0.2670 loss: 431.2314 
episode: 188 count: 1000 score: 8.0230 average_last200: -109.4439 epis: 0.2651 loss: 444.7318 
episode: 189 count: 1000 score: 39.0524 average_last200: -108.6623 epis: 0.2632 loss: 439.4330 
episode: 190 count: 1000 score: 44.1341 average_last200: -107.8623 epis: 0.2614 loss: 438.5791 
episode: 191 count: 1000 score: 27.4712 average_last200: -107.1575 epis: 0.2596 loss: 459.0171 
episode: 192 count: 558 score: 163.4099 average_last200: -105.7556 epis: 0.2578 loss: 242.9939 
episode: 193 count: 1000 score: 31.2334 average_last200: -105.0494 epis: 0.2559 loss: 431.6566 
episode: 194 count: 1000 score: 60.3009 average_last200: -104.2015 epis: 0.2542 loss: 437.3977 
episode: 195 count: 613 score: -276.8565 average_last200: -105.0824 epis: 0.2524 loss: 279.7221 
episode: 196 count: 1000 score: -75.6715 average_last200: -104.9331 epis: 0.2506 loss: 426.8013 
episode: 197 count: 125 score: -49.1265 average_last200: -104.6512 epis: 0.2489 loss: 57.3964 
episode: 198 count: 1000 score: 41.3110 average_last200: -103.9178 epis: 0.2471 loss: 436.3117 
episode: 199 count: 831 score: 175.7267 average_last200: -102.5195 epis: 0.2454 loss: 360.1082 
episode: 200 count: 1000 score: 53.3127 average_last200: -101.2442 epis: 0.2437 loss: 422.7098 
episode: 201 count: 1000 score: 96.0194 average_last200: -99.9421 epis: 0.2420 loss: 448.2653 
episode: 202 count: 386 score: 146.8271 average_last200: -98.4575 epis: 0.2403 loss: 162.7575 
episode: 203 count: 928 score: 159.7557 average_last200: -96.9164 epis: 0.2386 loss: 389.4653 
episode: 204 count: 1000 score: 31.9904 average_last200: -95.0550 epis: 0.2369 loss: 433.9501 
episode: 205 count: 1000 score: 82.5414 average_last200: -92.2304 epis: 0.2353 loss: 430.4778 
episode: 206 count: 1000 score: -59.7100 average_last200: -92.0086 epis: 0.2336 loss: 429.0338 
episode: 207 count: 121 score: -38.8740 average_last200: -91.2446 epis: 0.2320 loss: 48.8169 
episode: 208 count: 1000 score: 98.7308 average_last200: -88.9957 epis: 0.2304 loss: 400.9807 
episode: 209 count: 1000 score: -129.3728 average_last200: -87.3994 epis: 0.2287 loss: 435.3135 
episode: 210 count: 1000 score: -90.4264 average_last200: -86.4670 epis: 0.2271 loss: 414.4404 
episode: 211 count: 1000 score: -1.7204 average_last200: -84.7175 epis: 0.2255 loss: 415.3273 
episode: 212 count: 1000 score: -85.7392 average_last200: -83.5338 epis: 0.2240 loss: 418.3382 
episode: 213 count: 1000 score: -115.7877 average_last200: -82.1045 epis: 0.2224 loss: 422.3744 
episode: 214 count: 1000 score: 28.0090 average_last200: -78.8974 epis: 0.2208 loss: 409.9838 
episode: 215 count: 514 score: 112.2007 average_last200: -76.8833 epis: 0.2193 loss: 187.2328 
episode: 216 count: 1000 score: 17.8417 average_last200: -75.3893 epis: 0.2178 loss: 408.0529 
episode: 217 count: 151 score: -64.7562 average_last200: -74.7184 epis: 0.2162 loss: 64.2057 
episode: 218 count: 835 score: 180.8217 average_last200: -72.8235 epis: 0.2147 loss: 332.4356 
episode: 219 count: 1000 score: 78.9832 average_last200: -71.5925 epis: 0.2132 loss: 396.9042 
episode: 220 count: 1000 score: -13.9766 average_last200: -69.4778 epis: 0.2117 loss: 378.3239 
episode: 221 count: 1000 score: 21.0189 average_last200: -68.3735 epis: 0.2102 loss: 385.6170 
episode: 222 count: 622 score: 159.3996 average_last200: -66.3923 epis: 0.2088 loss: 241.5688 
episode: 223 count: 1000 score: 67.5114 average_last200: -65.5538 epis: 0.2073 loss: 369.3743 
episode: 224 count: 498 score: 169.2606 average_last200: -63.2873 epis: 0.2059 loss: 195.1144 
episode: 225 count: 340 score: 144.4130 average_last200: -62.0000 epis: 0.2044 loss: 123.0144 
episode: 226 count: 934 score: 129.8109 average_last200: -59.4410 epis: 0.2030 loss: 358.2406 
episode: 227 count: 1000 score: 8.6623 average_last200: -58.8660 epis: 0.2016 loss: 372.8817 
episode: 228 count: 853 score: 152.9805 average_last200: -57.2928 epis: 0.2002 loss: 335.0155 
episode: 229 count: 1000 score: 57.2571 average_last200: -56.3433 epis: 0.1988 loss: 378.8481 
episode: 230 count: 1000 score: 88.1703 average_last200: -55.3060 epis: 0.1974 loss: 369.8489 
episode: 231 count: 1000 score: 77.2429 average_last200: -54.2181 epis: 0.1960 loss: 364.6452 
episode: 232 count: 1000 score: 77.5644 average_last200: -53.2709 epis: 0.1946 loss: 370.2268 
episode: 233 count: 898 score: 113.1031 average_last200: -52.1113 epis: 0.1933 loss: 349.3127 
episode: 234 count: 912 score: 125.5223 average_last200: -50.2866 epis: 0.1919 loss: 324.2211 
episode: 235 count: 1000 score: -80.8282 average_last200: -49.8829 epis: 0.1906 loss: 357.9237 
episode: 236 count: 1000 score: -32.1967 average_last200: -48.9992 epis: 0.1892 loss: 368.4818 
episode: 237 count: 712 score: 70.5308 average_last200: -47.3088 epis: 0.1879 loss: 257.2576 
episode: 238 count: 1000 score: 6.0171 average_last200: -46.4903 epis: 0.1866 loss: 358.8690 
episode: 239 count: 752 score: 191.2045 average_last200: -44.9523 epis: 0.1853 loss: 271.4401 
episode: 240 count: 594 score: 193.2533 average_last200: -43.5607 epis: 0.1840 loss: 203.1046 
episode: 241 count: 1000 score: 62.5301 average_last200: -42.4761 epis: 0.1827 loss: 363.0731 
episode: 242 count: 798 score: 145.8682 average_last200: -41.0979 epis: 0.1814 loss: 277.6593 
episode: 243 count: 370 score: 206.6969 average_last200: -39.4489 epis: 0.1801 loss: 125.5080 
episode: 244 count: 551 score: 138.6648 average_last200: -37.8640 epis: 0.1789 loss: 192.0775 
episode: 245 count: 513 score: -106.2221 average_last200: -37.6078 epis: 0.1776 loss: 173.4464 
episode: 246 count: 654 score: 115.9309 average_last200: -35.7473 epis: 0.1764 loss: 223.9265 
episode: 247 count: 708 score: 150.4806 average_last200: -34.3194 epis: 0.1752 loss: 242.1570 
episode: 248 count: 1000 score: 26.4559 average_last200: -33.3601 epis: 0.1739 loss: 343.8610 
episode: 249 count: 1000 score: -40.2278 average_last200: -32.9373 epis: 0.1727 loss: 343.0567 
episode: 250 count: 1000 score: 27.7660 average_last200: -31.7278 epis: 0.1715 loss: 337.7407 
episode: 251 count: 1000 score: -69.7566 average_last200: -31.9097 epis: 0.1703 loss: 335.6270 
episode: 252 count: 729 score: 97.1685 average_last200: -30.5529 epis: 0.1691 loss: 239.6471 
episode: 253 count: 643 score: 128.3931 average_last200: -29.3246 epis: 0.1679 loss: 212.3617 
episode: 254 count: 1000 score: -120.1917 average_last200: -29.0814 epis: 0.1667 loss: 328.3854 
episode: 255 count: 522 score: 116.4039 average_last200: -28.0874 epis: 0.1656 loss: 177.7196 
episode: 256 count: 1000 score: -60.9366 average_last200: -28.1022 epis: 0.1644 loss: 329.3910 
episode: 257 count: 465 score: 184.0664 average_last200: -26.4694 epis: 0.1633 loss: 158.1434 
episode: 258 count: 1000 score: 4.8147 average_last200: -25.9306 epis: 0.1621 loss: 324.9084 
episode: 259 count: 1000 score: -44.5614 average_last200: -25.5634 epis: 0.1610 loss: 336.5198 
episode: 260 count: 781 score: 141.6082 average_last200: -24.2389 epis: 0.1599 loss: 254.9620 
episode: 261 count: 1000 score: -83.2592 average_last200: -24.0307 epis: 0.1587 loss: 326.3467 
episode: 262 count: 795 score: 169.4164 average_last200: -22.6495 epis: 0.1576 loss: 264.2590 
episode: 263 count: 1000 score: -95.1074 average_last200: -22.8716 epis: 0.1565 loss: 316.9138 
episode: 264 count: 663 score: 185.4273 average_last200: -21.6751 epis: 0.1554 loss: 202.0746 
episode: 265 count: 933 score: 79.4373 average_last200: -21.0423 epis: 0.1543 loss: 289.8437 
episode: 266 count: 933 score: 41.2132 average_last200: -20.4839 epis: 0.1533 loss: 297.8896 
episode: 267 count: 871 score: 25.9621 average_last200: -19.8034 epis: 0.1522 loss: 280.2402 
episode: 268 count: 906 score: 125.6416 average_last200: -18.5496 epis: 0.1511 loss: 272.2768 
episode: 269 count: 686 score: 70.9059 average_last200: -17.7174 epis: 0.1501 loss: 220.3073 
episode: 270 count: 844 score: 141.5791 average_last200: -16.3714 epis: 0.1490 loss: 269.5332 
episode: 271 count: 1000 score: 47.8438 average_last200: -15.5668 epis: 0.1480 loss: 307.1131 
episode: 272 count: 1000 score: -103.4542 average_last200: -15.5775 epis: 0.1469 loss: 318.5287 
episode: 273 count: 966 score: 46.5067 average_last200: -14.7369 epis: 0.1459 loss: 289.9031 
episode: 274 count: 1000 score: -102.0751 average_last200: -14.6749 epis: 0.1449 loss: 307.3952 
episode: 275 count: 1000 score: -105.6060 average_last200: -14.7300 epis: 0.1439 loss: 289.9883 
episode: 276 count: 1000 score: -46.2220 average_last200: -14.2284 epis: 0.1429 loss: 292.6960 
episode: 277 count: 630 score: 141.8280 average_last200: -13.1419 epis: 0.1419 loss: 189.9807 
episode: 278 count: 1000 score: -75.0803 average_last200: -13.1040 epis: 0.1409 loss: 288.7431 
episode: 279 count: 666 score: 131.1538 average_last200: -12.0244 epis: 0.1399 loss: 171.4715 
episode: 280 count: 1000 score: 55.7293 average_last200: -11.1607 epis: 0.1389 loss: 277.8064 
episode: 281 count: 1000 score: -68.8188 average_last200: -10.9551 epis: 0.1379 loss: 276.5307 
episode: 282 count: 1000 score: -72.0020 average_last200: -11.2436 epis: 0.1370 loss: 280.8383 
episode: 283 count: 702 score: -152.7139 average_last200: -11.5779 epis: 0.1360 loss: 196.7125 
episode: 284 count: 772 score: 96.2122 average_last200: -10.8557 epis: 0.1351 loss: 213.0866 
episode: 285 count: 1000 score: -95.5213 average_last200: -10.8417 epis: 0.1341 loss: 271.4916 
episode: 286 count: 970 score: 138.1863 average_last200: -9.5891 epis: 0.1332 loss: 259.6549 
episode: 287 count: 399 score: 170.0391 average_last200: -8.2890 epis: 0.1322 loss: 117.1534 
episode: 288 count: 1000 score: -64.6443 average_last200: -8.3426 epis: 0.1313 loss: 262.0274 
episode: 289 count: 914 score: 179.5508 average_last200: -7.2355 epis: 0.1304 loss: 236.6957 
episode: 290 count: 519 score: 149.1413 average_last200: -6.1872 epis: 0.1295 loss: 134.2683 
episode: 291 count: 1000 score: -48.2187 average_last200: -6.4343 epis: 0.1286 loss: 268.0971 
episode: 292 count: 145 score: -114.1911 average_last200: -6.4099 epis: 0.1277 loss: 40.9589 
episode: 293 count: 252 score: -140.3841 average_last200: -6.5072 epis: 0.1268 loss: 66.3963 
episode: 294 count: 1000 score: -70.4838 average_last200: -6.5641 epis: 0.1259 loss: 258.4461 
episode: 295 count: 1000 score: -53.9633 average_last200: -6.5533 epis: 0.1250 loss: 252.7552 
episode: 296 count: 1000 score: -68.4838 average_last200: -6.8184 epis: 0.1241 loss: 255.3934 
episode: 297 count: 278 score: -144.5845 average_last200: -7.0478 epis: 0.1233 loss: 70.7223 
episode: 298 count: 1000 score: -47.5813 average_last200: -6.9731 epis: 0.1224 loss: 251.0179 
episode: 299 count: 966 score: 90.5846 average_last200: -6.0705 epis: 0.1216 loss: 233.3896 
episode: 300 count: 1000 score: -71.9034 average_last200: -5.7083 epis: 0.1207 loss: 235.6984 
episode: 301 count: 754 score: -157.2393 average_last200: -5.9453 epis: 0.1199 loss: 172.5401 
episode: 302 count: 262 score: -109.9948 average_last200: -5.8923 epis: 0.1190 loss: 58.4907 
episode: 303 count: 341 score: 215.9540 average_last200: -3.7772 epis: 0.1182 loss: 82.0989 
episode: 304 count: 1000 score: 59.0574 average_last200: -3.1601 epis: 0.1174 loss: 225.8955 
episode: 305 count: 645 score: 170.2384 average_last200: -1.6210 epis: 0.1165 loss: 142.0718 
episode: 306 count: 1000 score: -45.2509 average_last200: -1.6510 epis: 0.1157 loss: 224.2896 
episode: 307 count: 1000 score: -28.2241 average_last200: -1.2305 epis: 0.1149 loss: 213.8433 
episode: 308 count: 961 score: 114.5422 average_last200: -0.1734 epis: 0.1141 loss: 200.4802 
episode: 309 count: 704 score: 119.6159 average_last200: 1.0995 epis: 0.1133 loss: 145.9386 
episode: 310 count: 1000 score: -32.2495 average_last200: 1.2939 epis: 0.1125 loss: 228.0274 
episode: 311 count: 795 score: 161.9876 average_last200: 2.2954 epis: 0.1117 loss: 155.4138 
episode: 312 count: 808 score: -168.4992 average_last200: 1.7762 epis: 0.1109 loss: 172.5461 
episode: 313 count: 306 score: -54.2308 average_last200: 2.1421 epis: 0.1102 loss: 63.7153 
episode: 314 count: 1000 score: -88.1300 average_last200: 1.9805 epis: 0.1094 loss: 194.7142 
episode: 315 count: 1000 score: -55.8006 average_last200: 1.8115 epis: 0.1086 loss: 197.5972 
episode: 316 count: 957 score: 61.5234 average_last200: 2.4201 epis: 0.1079 loss: 192.2065 
episode: 317 count: 1000 score: -10.1417 average_last200: 2.8258 epis: 0.1071 loss: 189.6950 
episode: 318 count: 1000 score: -52.9245 average_last200: 3.0744 epis: 0.1064 loss: 185.0675 
episode: 319 count: 582 score: 205.2739 average_last200: 4.1715 epis: 0.1056 loss: 107.5146 
episode: 320 count: 1000 score: -66.7435 average_last200: 4.4291 epis: 0.1049 loss: 174.2384 
episode: 321 count: 1000 score: 34.1497 average_last200: 4.9246 epis: 0.1041 loss: 176.6186 
episode: 322 count: 1000 score: -26.4545 average_last200: 5.3329 epis: 0.1034 loss: 177.6593 
episode: 323 count: 1000 score: -80.3637 average_last200: 5.4081 epis: 0.1027 loss: 175.8207 
episode: 324 count: 1000 score: -66.5834 average_last200: 5.1830 epis: 0.1020 loss: 176.9932 
episode: 325 count: 260 score: 189.0537 average_last200: 6.7112 epis: 0.1013 loss: 40.6722 
episode: 326 count: 304 score: 233.0092 average_last200: 8.8584 epis: 0.1006 loss: 52.5036 
episode: 327 count: 1000 score: -12.5913 average_last200: 9.1012 epis: 0.0999 loss: 168.7634 
episode: 328 count: 523 score: 219.1868 average_last200: 10.6111 epis: 0.0992 loss: 87.3667 
episode: 329 count: 712 score: 131.8383 average_last200: 11.7396 epis: 0.0985 loss: 117.4144 
episode: 330 count: 1000 score: -9.0551 average_last200: 12.0426 epis: 0.0978 loss: 160.3363 
episode: 331 count: 994 score: 79.0509 average_last200: 12.8108 epis: 0.0971 loss: 156.2414 
episode: 332 count: 891 score: 105.0013 average_last200: 14.7809 epis: 0.0964 loss: 144.5216 
episode: 333 count: 765 score: 138.1572 average_last200: 15.6100 epis: 0.0957 loss: 114.9215 
episode: 334 count: 441 score: 242.3285 average_last200: 16.9253 epis: 0.0951 loss: 70.0264 
episode: 335 count: 577 score: 192.9392 average_last200: 18.0572 epis: 0.0944 loss: 93.3688 
episode: 336 count: 738 score: 92.3690 average_last200: 18.8492 epis: 0.0937 loss: 115.5731 
episode: 337 count: 452 score: 220.6186 average_last200: 19.8949 epis: 0.0931 loss: 69.9903 
episode: 338 count: 403 score: 187.7575 average_last200: 21.0067 epis: 0.0924 loss: 67.0007 
episode: 339 count: 1000 score: -31.2350 average_last200: 21.4632 epis: 0.0918 loss: 162.6494 
episode: 340 count: 1000 score: -44.0238 average_last200: 21.4795 epis: 0.0911 loss: 150.3527 
episode: 341 count: 235 score: 239.3919 average_last200: 22.6524 epis: 0.0905 loss: 36.6767 
episode: 342 count: 348 score: 197.1285 average_last200: 23.6519 epis: 0.0899 loss: 47.1031 
episode: 343 count: 300 score: 242.4180 average_last200: 25.1662 epis: 0.0892 loss: 41.6203 
episode: 344 count: 916 score: 107.3316 average_last200: 26.2641 epis: 0.0886 loss: 141.4579 
episode: 345 count: 311 score: 225.2574 average_last200: 27.5691 epis: 0.0880 loss: 46.7848 
episode: 346 count: 460 score: 178.8687 average_last200: 28.7155 epis: 0.0874 loss: 68.8261 
episode: 347 count: 525 score: 161.2282 average_last200: 29.5337 epis: 0.0868 loss: 72.5978 
episode: 348 count: 366 score: 181.4990 average_last200: 30.8287 epis: 0.0862 loss: 49.3779 
episode: 349 count: 556 score: 177.1801 average_last200: 32.9421 epis: 0.0856 loss: 77.3215 
episode: 350 count: 346 score: 209.7221 average_last200: 34.3651 epis: 0.0850 loss: 48.4132 
episode: 351 count: 683 score: 198.4226 average_last200: 35.3683 epis: 0.0844 loss: 95.7296 
episode: 352 count: 557 score: 174.4082 average_last200: 36.4407 epis: 0.0838 loss: 79.6109 
episode: 353 count: 892 score: 122.5249 average_last200: 37.2364 epis: 0.0832 loss: 120.6726 
episode: 354 count: 880 score: 168.1715 average_last200: 38.4976 epis: 0.0826 loss: 121.8841 
episode: 355 count: 1000 score: -37.1781 average_last200: 38.7292 epis: 0.0820 loss: 134.4900 
episode: 356 count: 573 score: 148.3560 average_last200: 39.6585 epis: 0.0814 loss: 77.2152 
episode: 357 count: 327 score: 195.3356 average_last200: 41.0165 epis: 0.0809 loss: 41.4637 
episode: 358 count: 1000 score: 78.0631 average_last200: 41.6584 epis: 0.0803 loss: 127.4914 
episode: 359 count: 777 score: 216.1031 average_last200: 44.4481 epis: 0.0797 loss: 99.9309 
episode: 360 count: 762 score: 150.5815 average_last200: 45.3064 epis: 0.0792 loss: 90.3707 
episode: 361 count: 723 score: 181.5375 average_last200: 46.2748 epis: 0.0786 loss: 87.5548 
episode: 362 count: 643 score: 206.2790 average_last200: 47.2445 epis: 0.0781 loss: 82.6952 
episode: 363 count: 324 score: 188.5407 average_last200: 48.2203 epis: 0.0775 loss: 34.4773 
episode: 364 count: 576 score: 178.1720 average_last200: 49.6746 epis: 0.0770 loss: 66.0694 
episode: 365 count: 874 score: 125.5785 average_last200: 50.5203 epis: 0.0765 loss: 102.9313 
episode: 366 count: 310 score: 195.8090 average_last200: 51.5345 epis: 0.0759 loss: 41.9187 
episode: 367 count: 712 score: 175.1732 average_last200: 52.3943 epis: 0.0754 loss: 87.2285 
episode: 368 count: 710 score: 148.0464 average_last200: 53.2379 epis: 0.0749 loss: 88.0507 
episode: 369 count: 903 score: 134.1853 average_last200: 53.9227 epis: 0.0743 loss: 112.1166 
episode: 370 count: 460 score: 184.7508 average_last200: 54.9638 epis: 0.0738 loss: 54.8970 
episode: 371 count: 304 score: 226.5749 average_last200: 56.0879 epis: 0.0733 loss: 39.6456 
episode: 372 count: 328 score: 217.2511 average_last200: 57.0574 epis: 0.0728 loss: 39.5869 
episode: 373 count: 509 score: 139.8534 average_last200: 57.9823 epis: 0.0723 loss: 63.7158 
episode: 374 count: 677 score: 177.4224 average_last200: 59.0395 epis: 0.0718 loss: 85.0998 
episode: 375 count: 781 score: 222.4148 average_last200: 59.9415 epis: 0.0713 loss: 91.8746 
episode: 376 count: 692 score: 51.5825 average_last200: 60.2189 epis: 0.0708 loss: 87.5683 
episode: 377 count: 921 score: -232.5805 average_last200: 59.0547 epis: 0.0703 loss: 114.0988 
episode: 378 count: 538 score: 200.6470 average_last200: 59.7786 epis: 0.0698 loss: 58.9668 
episode: 379 count: 689 score: 145.3215 average_last200: 60.3342 epis: 0.0693 loss: 73.6474 
episode: 380 count: 795 score: 128.2148 average_last200: 60.8513 epis: 0.0688 loss: 96.8312 
episode: 381 count: 888 score: 94.1202 average_last200: 61.2814 epis: 0.0683 loss: 100.6855 
episode: 382 count: 1000 score: -71.8034 average_last200: 60.8766 epis: 0.0679 loss: 127.7792 
episode: 383 count: 535 score: 181.7747 average_last200: 61.9029 epis: 0.0674 loss: 57.8617 
episode: 384 count: 1000 score: -7.0400 average_last200: 61.7817 epis: 0.0669 loss: 119.7742 
episode: 385 count: 400 score: 222.9946 average_last200: 62.9550 epis: 0.0664 loss: 43.8322 
episode: 386 count: 804 score: 179.9190 average_last200: 63.8014 epis: 0.0660 loss: 87.4590 
episode: 387 count: 1000 score: -60.9926 average_last200: 63.4253 epis: 0.0655 loss: 118.3651 
episode: 388 count: 228 score: 225.4861 average_last200: 64.5126 epis: 0.0651 loss: 25.5642 
episode: 389 count: 575 score: 173.3148 average_last200: 65.1840 epis: 0.0646 loss: 65.4489 
episode: 390 count: 1000 score: -150.2814 average_last200: 64.2119 epis: 0.0641 loss: 115.6310 
episode: 391 count: 1000 score: -70.6862 average_last200: 63.7211 epis: 0.0637 loss: 109.0660 
episode: 392 count: 513 score: 247.6021 average_last200: 64.1421 epis: 0.0632 loss: 55.0029 
episode: 393 count: 1000 score: -84.3873 average_last200: 63.5640 epis: 0.0628 loss: 108.7305 
episode: 394 count: 258 score: 226.1097 average_last200: 64.3930 epis: 0.0624 loss: 29.7640 
episode: 395 count: 112 score: -170.9309 average_last200: 64.9226 epis: 0.0619 loss: 12.5748 
episode: 396 count: 162 score: -12.1847 average_last200: 65.2401 epis: 0.0615 loss: 16.6730 
episode: 397 count: 130 score: 8.1627 average_last200: 65.5265 epis: 0.0611 loss: 15.6644 
episode: 398 count: 479 score: 148.7428 average_last200: 66.0637 epis: 0.0606 loss: 59.8350 
episode: 399 count: 423 score: 234.9907 average_last200: 66.3600 epis: 0.0602 loss: 49.3570 
episode: 400 count: 230 score: 224.4172 average_last200: 67.2155 epis: 0.0598 loss: 25.1260 
episode: 401 count: 299 score: 216.5355 average_last200: 67.8181 epis: 0.0594 loss: 29.7285 
episode: 402 count: 354 score: 212.8660 average_last200: 68.1483 epis: 0.0590 loss: 43.7018 
episode: 403 count: 241 score: 243.5627 average_last200: 68.5673 epis: 0.0585 loss: 28.3205 
episode: 404 count: 240 score: 216.7739 average_last200: 69.4912 epis: 0.0581 loss: 25.6118 
episode: 405 count: 807 score: 170.2656 average_last200: 69.9299 epis: 0.0577 loss: 87.3018 
episode: 406 count: 560 score: 209.3180 average_last200: 71.2750 epis: 0.0573 loss: 74.3072 
episode: 407 count: 273 score: 203.0236 average_last200: 72.4845 epis: 0.0569 loss: 30.9844 
episode: 408 count: 352 score: 189.5757 average_last200: 72.9387 epis: 0.0565 loss: 42.3439 
episode: 409 count: 557 score: 158.3241 average_last200: 74.3772 epis: 0.0561 loss: 65.7117 
episode: 410 count: 205 score: 214.9968 average_last200: 75.9043 epis: 0.0557 loss: 20.7518 
episode: 411 count: 280 score: 199.4296 average_last200: 76.9101 epis: 0.0553 loss: 27.2819 
episode: 412 count: 309 score: 198.5740 average_last200: 78.3316 epis: 0.0550 loss: 30.4614 
episode: 413 count: 468 score: 185.6466 average_last200: 79.8388 epis: 0.0546 loss: 53.8583 
episode: 414 count: 1000 score: 55.7804 average_last200: 79.9777 epis: 0.0542 loss: 107.4581 
episode: 415 count: 257 score: 214.9544 average_last200: 80.4914 epis: 0.0538 loss: 27.3794 
episode: 416 count: 258 score: 269.3038 average_last200: 81.7487 epis: 0.0534 loss: 30.1519 
episode: 417 count: 322 score: 223.0349 average_last200: 83.1877 epis: 0.0531 loss: 34.8499 
episode: 418 count: 1000 score: 25.5498 average_last200: 82.4113 epis: 0.0527 loss: 113.0036 
episode: 419 count: 808 score: 101.0291 average_last200: 82.5216 epis: 0.0523 loss: 88.0822 
episode: 420 count: 675 score: 137.0302 average_last200: 83.2766 epis: 0.0520 loss: 69.3003 
episode: 421 count: 272 score: 190.9406 average_last200: 84.1262 epis: 0.0516 loss: 28.8213 
episode: 422 count: 761 score: 118.1356 average_last200: 83.9199 epis: 0.0512 loss: 95.0920 
episode: 423 count: 126 score: -33.2531 average_last200: 83.4161 epis: 0.0509 loss: 13.3287 
episode: 424 count: 285 score: 218.9319 average_last200: 83.6644 epis: 0.0505 loss: 32.0959 
episode: 425 count: 472 score: 224.6980 average_last200: 84.0658 epis: 0.0502 loss: 51.6262 
episode: 426 count: 275 score: 260.4337 average_last200: 84.7190 epis: 0.0498 loss: 28.1661 
episode: 427 count: 350 score: 258.8070 average_last200: 85.9697 epis: 0.0495 loss: 36.1704 
episode: 428 count: 173 score: -11.8910 average_last200: 85.1453 epis: 0.0491 loss: 22.3441 
episode: 429 count: 223 score: 234.0066 average_last200: 86.0291 epis: 0.0488 loss: 30.0230 
episode: 430 count: 1000 score: -73.5831 average_last200: 85.2203 epis: 0.0484 loss: 108.3897 
episode: 431 count: 412 score: 180.8984 average_last200: 85.7386 epis: 0.0481 loss: 56.3119 
episode: 432 count: 299 score: 178.9662 average_last200: 86.2456 epis: 0.0478 loss: 34.4094 
episode: 433 count: 213 score: 216.8511 average_last200: 86.7643 epis: 0.0474 loss: 26.7095 
episode: 434 count: 151 score: -110.6021 average_last200: 85.5837 epis: 0.0471 loss: 15.2370 
episode: 435 count: 543 score: 156.8498 average_last200: 86.7721 epis: 0.0468 loss: 60.9856 
episode: 436 count: 138 score: -62.9306 average_last200: 86.6184 epis: 0.0464 loss: 17.0815 
episode: 437 count: 342 score: 217.0751 average_last200: 87.3511 epis: 0.0461 loss: 41.5549 
episode: 438 count: 259 score: 228.1106 average_last200: 88.4616 epis: 0.0458 loss: 30.7238 
episode: 439 count: 143 score: -30.0541 average_last200: 87.3553 epis: 0.0455 loss: 18.4591 
episode: 440 count: 336 score: 225.0596 average_last200: 87.5144 epis: 0.0451 loss: 42.4641 
episode: 441 count: 295 score: 206.5306 average_last200: 88.2344 epis: 0.0448 loss: 34.1746 
episode: 442 count: 263 score: 249.2246 average_last200: 88.7511 epis: 0.0445 loss: 25.4696 
episode: 443 count: 554 score: 163.3035 average_last200: 88.5342 epis: 0.0442 loss: 56.6403 
episode: 444 count: 290 score: 241.7406 average_last200: 89.0495 epis: 0.0439 loss: 29.1546 
episode: 445 count: 246 score: 214.5058 average_last200: 90.6532 epis: 0.0436 loss: 24.2282 
episode: 446 count: 280 score: 223.7412 average_last200: 91.1922 epis: 0.0433 loss: 33.9572 
episode: 447 count: 311 score: 187.5660 average_last200: 91.3777 epis: 0.0430 loss: 40.2742 
episode: 448 count: 248 score: 240.2696 average_last200: 92.4467 epis: 0.0427 loss: 33.3345 
episode: 449 count: 294 score: 194.0320 average_last200: 93.6180 epis: 0.0424 loss: 31.9724 
episode: 450 count: 187 score: -2.4901 average_last200: 93.4668 epis: 0.0421 loss: 24.1074 
episode: 451 count: 338 score: 223.5354 average_last200: 94.9332 epis: 0.0418 loss: 35.8065 
episode: 452 count: 452 score: 207.0093 average_last200: 95.4824 epis: 0.0415 loss: 52.2358 
episode: 453 count: 1000 score: -70.5120 average_last200: 94.4879 epis: 0.0412 loss: 125.2387 
episode: 454 count: 167 score: 7.6362 average_last200: 95.1270 epis: 0.0409 loss: 20.3183 
episode: 455 count: 312 score: 203.1148 average_last200: 95.5606 epis: 0.0406 loss: 33.7696 
episode: 456 count: 227 score: 206.6463 average_last200: 96.8985 epis: 0.0403 loss: 23.3462 
episode: 457 count: 260 score: 216.2710 average_last200: 97.0595 epis: 0.0401 loss: 31.9919 
episode: 458 count: 207 score: 234.9641 average_last200: 98.2103 epis: 0.0398 loss: 30.0853 
episode: 459 count: 178 score: -12.0202 average_last200: 98.3730 epis: 0.0395 loss: 18.0574 
episode: 460 count: 912 score: 91.7827 average_last200: 98.1238 epis: 0.0392 loss: 100.4209 
episode: 461 count: 357 score: 231.9299 average_last200: 99.6998 epis: 0.0390 loss: 41.1570 
episode: 462 count: 355 score: 266.2931 average_last200: 100.1842 epis: 0.0387 loss: 43.9118 
episode: 463 count: 644 score: 177.2301 average_last200: 101.5459 epis: 0.0384 loss: 71.5294 
episode: 464 count: 225 score: 230.7321 average_last200: 101.7724 epis: 0.0381 loss: 26.6427 
episode: 465 count: 301 score: 251.6634 average_last200: 102.6335 epis: 0.0379 loss: 30.7037 
episode: 466 count: 275 score: 216.0650 average_last200: 103.5078 epis: 0.0376 loss: 35.9491 
episode: 467 count: 456 score: 235.1346 average_last200: 104.5536 epis: 0.0373 loss: 55.0240 
episode: 468 count: 280 score: 217.0525 average_last200: 105.0107 epis: 0.0371 loss: 30.0356 
episode: 469 count: 299 score: 237.2809 average_last200: 105.8426 epis: 0.0368 loss: 31.6288 
episode: 470 count: 253 score: 215.3410 average_last200: 106.2114 epis: 0.0366 loss: 28.6923 
episode: 471 count: 236 score: 253.5755 average_last200: 107.2400 epis: 0.0363 loss: 27.7028 
episode: 472 count: 489 score: 180.8076 average_last200: 108.6613 epis: 0.0361 loss: 65.2197 
episode: 473 count: 280 score: 225.7948 average_last200: 109.5578 epis: 0.0358 loss: 33.8687 
episode: 474 count: 518 score: 169.7272 average_last200: 110.9168 epis: 0.0356 loss: 68.1193 
episode: 475 count: 302 score: 250.9214 average_last200: 112.6994 epis: 0.0353 loss: 32.8996 
episode: 476 count: 182 score: -15.9781 average_last200: 112.8507 epis: 0.0351 loss: 20.2941 
episode: 477 count: 449 score: 147.5454 average_last200: 112.8792 epis: 0.0348 loss: 55.3237 
episode: 478 count: 263 score: 237.4260 average_last200: 114.4418 epis: 0.0346 loss: 37.6646 
episode: 479 count: 279 score: 199.3062 average_last200: 114.7825 epis: 0.0343 loss: 33.6939 
episode: 480 count: 698 score: 140.1941 average_last200: 115.2049 epis: 0.0341 loss: 96.4871 
episode: 481 count: 921 score: 128.6652 average_last200: 116.1923 epis: 0.0338 loss: 121.4495 
episode: 482 count: 216 score: 209.2131 average_last200: 117.5984 epis: 0.0336 loss: 23.2654 
episode: 483 count: 258 score: 225.2827 average_last200: 119.4883 epis: 0.0334 loss: 34.7496 
episode: 484 count: 526 score: 190.2435 average_last200: 119.9585 epis: 0.0331 loss: 63.3694 
episode: 485 count: 245 score: 11.5032 average_last200: 120.4936 epis: 0.0329 loss: 30.2575 
episode: 486 count: 480 score: 186.0291 average_last200: 120.7328 epis: 0.0327 loss: 57.3091 
episode: 487 count: 528 score: 193.2248 average_last200: 120.8488 epis: 0.0325 loss: 67.9970 
episode: 488 count: 571 score: 174.3773 average_last200: 122.0439 epis: 0.0322 loss: 76.8430 
episode: 489 count: 123 score: -30.5235 average_last200: 120.9935 epis: 0.0320 loss: 15.2378 
episode: 490 count: 473 score: 181.1076 average_last200: 121.1533 epis: 0.0318 loss: 59.2222 
episode: 491 count: 798 score: 164.0728 average_last200: 122.2148 epis: 0.0316 loss: 95.2705 
episode: 492 count: 178 score: -3.7997 average_last200: 122.7667 epis: 0.0313 loss: 26.6058 
episode: 493 count: 157 score: -30.1846 average_last200: 123.3177 epis: 0.0311 loss: 20.5117 
episode: 494 count: 325 score: 230.4433 average_last200: 124.8224 epis: 0.0309 loss: 43.4155 
episode: 495 count: 365 score: 197.0892 average_last200: 126.0776 epis: 0.0307 loss: 47.3460 
episode: 496 count: 221 score: 222.8684 average_last200: 127.5344 epis: 0.0305 loss: 24.9966 
episode: 497 count: 337 score: 229.7387 average_last200: 129.4060 epis: 0.0303 loss: 44.9142 
episode: 498 count: 341 score: 239.1487 average_last200: 130.8397 epis: 0.0300 loss: 40.5042 
episode: 499 count: 480 score: 166.8568 average_last200: 131.2210 epis: 0.0298 loss: 61.0718 
episode: 500 count: 1000 score: 77.1210 average_last200: 131.9661 epis: 0.0296 loss: 134.7992 
episode: 501 count: 508 score: 140.7029 average_last200: 133.4559 epis: 0.0294 loss: 71.2106 
episode: 502 count: 303 score: 203.8600 average_last200: 135.0251 epis: 0.0292 loss: 35.9020 
episode: 503 count: 222 score: 212.9391 average_last200: 135.0101 epis: 0.0290 loss: 25.0318 
episode: 504 count: 357 score: 173.8198 average_last200: 135.5839 epis: 0.0288 loss: 46.3906 
episode: 505 count: 461 score: 220.0054 average_last200: 135.8327 epis: 0.0286 loss: 59.8085 
episode: 506 count: 229 score: 232.6222 average_last200: 137.2221 epis: 0.0284 loss: 31.1834 
episode: 507 count: 294 score: 224.9740 average_last200: 138.4881 epis: 0.0282 loss: 36.9000 
episode: 508 count: 192 score: 16.6614 average_last200: 137.9987 epis: 0.0280 loss: 20.2392 
episode: 509 count: 456 score: 180.6767 average_last200: 138.3040 epis: 0.0278 loss: 56.9324 
episode: 510 count: 258 score: 228.6399 average_last200: 139.6084 epis: 0.0276 loss: 31.5752 
episode: 511 count: 301 score: 233.0063 average_last200: 139.9635 epis: 0.0274 loss: 40.7490 
episode: 512 count: 284 score: 224.2146 average_last200: 141.9271 epis: 0.0272 loss: 34.0244 
episode: 513 count: 189 score: -3.3924 average_last200: 142.1813 epis: 0.0270 loss: 24.2110 
episode: 514 count: 422 score: 204.5765 average_last200: 143.6448 epis: 0.0268 loss: 59.0383 
episode: 515 count: 282 score: 191.0248 average_last200: 144.8789 epis: 0.0267 loss: 37.6366 
episode: 516 count: 297 score: 193.0093 average_last200: 145.5364 epis: 0.0265 loss: 45.4362 
episode: 517 count: 170 score: -5.3000 average_last200: 145.5606 epis: 0.0263 loss: 23.5925 
episode: 518 count: 155 score: 31.0702 average_last200: 145.9805 epis: 0.0261 loss: 20.2853 
episode: 519 count: 264 score: 244.7437 average_last200: 146.1779 epis: 0.0259 loss: 35.5789 
episode: 520 count: 314 score: 193.7995 average_last200: 147.4806 epis: 0.0257 loss: 41.5447 
episode: 521 count: 276 score: 155.5827 average_last200: 148.0878 epis: 0.0256 loss: 36.1375 
episode: 522 count: 482 score: 170.2794 average_last200: 149.0714 epis: 0.0254 loss: 64.9376 
episode: 523 count: 642 score: 149.3806 average_last200: 150.2202 epis: 0.0252 loss: 86.2635 
episode: 524 count: 305 score: 198.9159 average_last200: 151.5477 epis: 0.0250 loss: 45.2769 
episode: 525 count: 268 score: 216.3601 average_last200: 151.6842 epis: 0.0248 loss: 33.3841 
episode: 526 count: 423 score: 196.5198 average_last200: 151.5017 epis: 0.0247 loss: 56.4213 
episode: 527 count: 239 score: 231.3434 average_last200: 152.7214 epis: 0.0245 loss: 34.9749 
episode: 528 count: 400 score: 181.8670 average_last200: 152.5348 epis: 0.0243 loss: 60.4280 
episode: 529 count: 441 score: 174.6130 average_last200: 152.7487 epis: 0.0242 loss: 60.0516 
episode: 530 count: 218 score: 217.5592 average_last200: 153.8818 epis: 0.0240 loss: 31.4676 
episode: 531 count: 626 score: 158.4592 average_last200: 154.2788 epis: 0.0238 loss: 89.4654 
episode: 532 count: 275 score: 238.1284 average_last200: 154.9444 epis: 0.0237 loss: 34.9785 
episode: 533 count: 496 score: 177.7450 average_last200: 155.1424 epis: 0.0235 loss: 65.6486 
episode: 534 count: 331 score: 229.4994 average_last200: 155.0782 epis: 0.0233 loss: 47.5157 
episode: 535 count: 201 score: 248.0414 average_last200: 155.3537 epis: 0.0232 loss: 26.3893 
episode: 536 count: 548 score: 184.9165 average_last200: 155.8165 epis: 0.0230 loss: 83.6484 
episode: 537 count: 294 score: 178.3757 average_last200: 155.6053 epis: 0.0228 loss: 37.0983 
episode: 538 count: 315 score: 234.4585 average_last200: 155.8388 epis: 0.0227 loss: 38.5186 
episode: 539 count: 257 score: 256.1340 average_last200: 157.2756 epis: 0.0225 loss: 32.9800 
episode: 540 count: 375 score: 210.0374 average_last200: 158.5459 epis: 0.0224 loss: 54.0624 
episode: 541 count: 344 score: 206.4318 average_last200: 158.3811 epis: 0.0222 loss: 43.9352 
episode: 542 count: 343 score: 210.5927 average_last200: 158.4484 epis: 0.0221 loss: 45.5047 
episode: 543 count: 281 score: 222.0541 average_last200: 158.3466 epis: 0.0219 loss: 39.3230 
episode: 544 count: 335 score: 194.6012 average_last200: 158.7830 epis: 0.0217 loss: 43.9669 
episode: 545 count: 272 score: 248.7021 average_last200: 158.9002 epis: 0.0216 loss: 38.0825 
episode: 546 count: 439 score: 218.8057 average_last200: 159.0999 epis: 0.0214 loss: 66.1800 
episode: 547 count: 486 score: 172.8612 average_last200: 159.1580 epis: 0.0213 loss: 73.7931 
episode: 548 count: 405 score: 192.8997 average_last200: 159.2150 epis: 0.0211 loss: 61.5830 
episode: 549 count: 366 score: 202.6385 average_last200: 159.3423 epis: 0.0210 loss: 46.8572 
episode: 550 count: 420 score: 163.1348 average_last200: 159.1094 epis: 0.0208 loss: 63.2029 
episode: 551 count: 617 score: 169.9611 average_last200: 158.9671 epis: 0.0207 loss: 84.5406 
episode: 552 count: 427 score: 182.0891 average_last200: 159.0055 epis: 0.0206 loss: 56.8990 
episode: 553 count: 416 score: 222.5225 average_last200: 159.5055 epis: 0.0204 loss: 57.1521 
episode: 554 count: 463 score: 173.4566 average_last200: 159.5319 epis: 0.0203 loss: 59.8159 
episode: 555 count: 481 score: -107.7270 average_last200: 159.1792 epis: 0.0201 loss: 66.2379 
episode: 556 count: 419 score: 213.4534 average_last200: 159.5047 epis: 0.0200 loss: 56.3169 
episode: 557 count: 543 score: 122.5555 average_last200: 159.1408 epis: 0.0198 loss: 77.4304 
episode: 558 count: 1000 score: -2.3460 average_last200: 158.7387 epis: 0.0197 loss: 140.5177 
episode: 559 count: 377 score: 157.2693 average_last200: 158.4445 epis: 0.0196 loss: 53.8110 
episode: 560 count: 465 score: 162.5851 average_last200: 158.5046 epis: 0.0194 loss: 63.2083 
episode: 561 count: 549 score: 131.8115 average_last200: 158.2559 epis: 0.0193 loss: 79.7831 
episode: 562 count: 371 score: 218.0034 average_last200: 158.3145 epis: 0.0192 loss: 41.0871 
episode: 563 count: 506 score: 162.2863 average_last200: 158.1833 epis: 0.0190 loss: 76.0845 
episode: 564 count: 407 score: 180.0350 average_last200: 158.1926 epis: 0.0189 loss: 51.3380 
episode: 565 count: 380 score: 233.9110 average_last200: 158.7343 epis: 0.0188 loss: 54.3540 
episode: 566 count: 232 score: 245.4040 average_last200: 158.9822 epis: 0.0186 loss: 30.3411 
episode: 567 count: 277 score: 238.3328 average_last200: 159.2980 epis: 0.0185 loss: 32.8367 
episode: 568 count: 410 score: 173.3700 average_last200: 159.4246 epis: 0.0184 loss: 60.9534 
episode: 569 count: 410 score: 185.6737 average_last200: 159.6821 epis: 0.0182 loss: 59.5463 
episode: 570 count: 253 score: 240.1369 average_last200: 159.9590 epis: 0.0181 loss: 36.6202 
episode: 571 count: 299 score: 254.6015 average_last200: 160.0992 epis: 0.0180 loss: 48.5160 
episode: 572 count: 445 score: 139.9793 average_last200: 159.7128 epis: 0.0179 loss: 59.2767 
episode: 573 count: 709 score: 103.1196 average_last200: 159.5291 epis: 0.0177 loss: 109.7955 
episode: 574 count: 303 score: 218.7834 average_last200: 159.7359 epis: 0.0176 loss: 43.3180 
episode: 575 count: 287 score: 201.7033 average_last200: 159.6324 epis: 0.0175 loss: 35.9236 
episode: 576 count: 1000 score: 12.3592 average_last200: 159.4363 epis: 0.0174 loss: 154.5100 
episode: 577 count: 461 score: 203.7186 average_last200: 161.6177 epis: 0.0172 loss: 56.2958 
episode: 578 count: 560 score: 146.7669 average_last200: 161.3483 epis: 0.0171 loss: 78.8206 
episode: 579 count: 420 score: 174.5829 average_last200: 161.4947 epis: 0.0170 loss: 52.1170 
episode: 580 count: 1000 score: -41.5546 average_last200: 160.6458 epis: 0.0169 loss: 147.8371 
episode: 581 count: 469 score: 161.3949 average_last200: 160.9822 epis: 0.0168 loss: 71.7219 
episode: 582 count: 623 score: 184.8835 average_last200: 162.2656 epis: 0.0166 loss: 87.8227 
episode: 583 count: 1000 score: -11.8591 average_last200: 161.2974 epis: 0.0165 loss: 146.3051 
episode: 584 count: 449 score: 175.5284 average_last200: 162.2103 epis: 0.0164 loss: 62.8128 
episode: 585 count: 1000 score: -38.5581 average_last200: 160.9025 epis: 0.0163 loss: 136.0957 
episode: 586 count: 881 score: 104.0999 average_last200: 160.5234 epis: 0.0162 loss: 116.3491 
episode: 587 count: 337 score: 200.1407 average_last200: 161.8291 epis: 0.0161 loss: 43.6818 
episode: 588 count: 299 score: 230.0775 average_last200: 161.8521 epis: 0.0160 loss: 47.9514 
episode: 589 count: 472 score: 166.5781 average_last200: 161.8184 epis: 0.0159 loss: 65.8005 
episode: 590 count: 216 score: 241.7634 average_last200: 163.7786 epis: 0.0157 loss: 28.8462 
episode: 591 count: 381 score: 176.7044 average_last200: 165.0155 epis: 0.0156 loss: 51.6615 
episode: 592 count: 376 score: 202.2979 average_last200: 164.7890 epis: 0.0155 loss: 51.6478 
episode: 593 count: 639 score: 180.0233 average_last200: 166.1111 epis: 0.0154 loss: 87.0930 
episode: 594 count: 229 score: 248.4485 average_last200: 166.2228 epis: 0.0153 loss: 32.8780 
episode: 595 count: 197 score: 231.4259 average_last200: 168.2346 epis: 0.0152 loss: 26.1737 
episode: 596 count: 236 score: 237.9951 average_last200: 169.4855 epis: 0.0151 loss: 26.3152 
episode: 597 count: 470 score: 172.7505 average_last200: 170.3084 epis: 0.0150 loss: 69.4725 
episode: 598 count: 259 score: 207.7045 average_last200: 170.6032 epis: 0.0149 loss: 33.6810 
episode: 599 count: 369 score: 238.3645 average_last200: 170.6201 epis: 0.0148 loss: 53.6811 
episode: 600 count: 335 score: 237.5714 average_last200: 170.6858 epis: 0.0147 loss: 42.3522 
episode: 601 count: 329 score: 179.0602 average_last200: 170.4985 epis: 0.0146 loss: 44.3715 
episode: 602 count: 584 score: 144.2452 average_last200: 170.1554 epis: 0.0145 loss: 78.0361 
episode: 603 count: 530 score: 197.7329 average_last200: 169.9262 epis: 0.0144 loss: 67.3204 
episode: 604 count: 384 score: 191.5754 average_last200: 169.8002 epis: 0.0143 loss: 54.6469 
episode: 605 count: 219 score: -29.5161 average_last200: 168.8013 epis: 0.0142 loss: 29.5093 
episode: 606 count: 364 score: 249.4045 average_last200: 169.0017 epis: 0.0141 loss: 47.9279 
episode: 607 count: 237 score: 204.1734 average_last200: 169.0075 epis: 0.0140 loss: 32.0520 
episode: 608 count: 359 score: 181.5792 average_last200: 168.9675 epis: 0.0139 loss: 58.4351 
episode: 609 count: 410 score: 212.0086 average_last200: 169.2359 epis: 0.0138 loss: 59.8223 
episode: 610 count: 355 score: 191.7802 average_last200: 169.1199 epis: 0.0137 loss: 51.1341 
episode: 611 count: 431 score: 189.7566 average_last200: 169.0715 epis: 0.0136 loss: 55.0307 
episode: 612 count: 333 score: 254.4659 average_last200: 169.3509 epis: 0.0135 loss: 57.8682 
episode: 613 count: 430 score: 152.5064 average_last200: 169.1852 epis: 0.0134 loss: 61.2994 
episode: 614 count: 265 score: 237.1957 average_last200: 170.0923 epis: 0.0133 loss: 39.6004 
episode: 615 count: 277 score: 224.6970 average_last200: 170.1410 epis: 0.0132 loss: 43.2512 
episode: 616 count: 458 score: 192.2615 average_last200: 169.7558 epis: 0.0131 loss: 67.7185 
episode: 617 count: 365 score: 225.8041 average_last200: 169.7697 epis: 0.0130 loss: 51.5222 
episode: 618 count: 321 score: 151.9938 average_last200: 170.4019 epis: 0.0129 loss: 45.6625 
episode: 619 count: 301 score: 197.2642 average_last200: 170.8831 epis: 0.0128 loss: 48.5256 
episode: 620 count: 374 score: 204.4422 average_last200: 171.2201 epis: 0.0127 loss: 57.1970 
episode: 621 count: 396 score: 206.1842 average_last200: 171.2963 epis: 0.0127 loss: 48.1345 
episode: 622 count: 563 score: 169.2001 average_last200: 171.5517 epis: 0.0126 loss: 87.8335 
episode: 623 count: 316 score: 196.6947 average_last200: 172.7014 epis: 0.0125 loss: 47.0227 
episode: 624 count: 325 score: 198.7232 average_last200: 172.6004 epis: 0.0124 loss: 56.4557 
episode: 625 count: 309 score: 196.3940 average_last200: 172.4588 epis: 0.0123 loss: 48.1785 
episode: 626 count: 374 score: 183.9097 average_last200: 172.0762 epis: 0.0122 loss: 52.5077 
episode: 627 count: 505 score: -65.7620 average_last200: 170.4534 epis: 0.0121 loss: 73.7361 
episode: 628 count: 404 score: 204.0699 average_last200: 171.5332 epis: 0.0121 loss: 56.2453 
episode: 629 count: 391 score: 186.1719 average_last200: 171.2940 epis: 0.0120 loss: 57.8316 
episode: 630 count: 393 score: 187.0439 average_last200: 172.5971 epis: 0.0119 loss: 61.4393 
episode: 631 count: 439 score: 176.8293 average_last200: 172.5768 epis: 0.0118 loss: 59.7786 
episode: 632 count: 331 score: 208.4943 average_last200: 172.7244 epis: 0.0117 loss: 56.7249 
episode: 633 count: 410 score: 212.9879 average_last200: 172.7051 epis: 0.0116 loss: 52.5488 
episode: 634 count: 231 score: 241.7545 average_last200: 174.4669 epis: 0.0116 loss: 34.8626 
episode: 635 count: 342 score: 194.4943 average_last200: 174.6551 epis: 0.0115 loss: 47.2170 
episode: 636 count: 253 score: 255.1157 average_last200: 176.2454 epis: 0.0114 loss: 32.8786 
episode: 637 count: 416 score: 240.5057 average_last200: 176.3625 epis: 0.0113 loss: 51.3428 
episode: 638 count: 255 score: 207.8957 average_last200: 176.2614 epis: 0.0112 loss: 37.4105 
episode: 639 count: 247 score: 234.4206 average_last200: 177.5838 epis: 0.0112 loss: 31.3976 
episode: 640 count: 300 score: 247.4338 average_last200: 177.6957 epis: 0.0111 loss: 44.1392 
episode: 641 count: 258 score: 216.5534 average_last200: 177.7458 epis: 0.0110 loss: 38.1759 
episode: 642 count: 304 score: 195.2562 average_last200: 177.4760 epis: 0.0109 loss: 41.1182 
episode: 643 count: 270 score: 236.2172 average_last200: 177.8405 epis: 0.0108 loss: 34.7892 
episode: 644 count: 263 score: 239.4912 average_last200: 177.8293 epis: 0.0108 loss: 38.6869 
episode: 645 count: 356 score: 200.7791 average_last200: 177.7606 epis: 0.0107 loss: 52.9118 
episode: 646 count: 308 score: 244.6913 average_last200: 177.8654 epis: 0.0106 loss: 40.6794 
episode: 647 count: 231 score: 188.1993 average_last200: 177.8686 epis: 0.0105 loss: 27.8706 
episode: 648 count: 256 score: -2.2547 average_last200: 176.6559 epis: 0.0105 loss: 43.4533 
episode: 649 count: 233 score: 238.4377 average_last200: 176.8780 epis: 0.0104 loss: 36.5657 
episode: 650 count: 391 score: 196.8086 average_last200: 177.8745 epis: 0.0103 loss: 63.0638 
episode: 651 count: 207 score: -20.5882 average_last200: 176.6538 epis: 0.0103 loss: 32.6805 
episode: 652 count: 269 score: 235.5204 average_last200: 176.7964 epis: 0.0102 loss: 42.6348 
episode: 653 count: 387 score: 209.0432 average_last200: 178.1942 epis: 0.0101 loss: 50.5812 
episode: 654 count: 1000 score: 53.8435 average_last200: 178.4252 epis: 0.0100 loss: 147.7396 
episode: 655 count: 311 score: 224.0556 average_last200: 178.5299 epis: 0.0100 loss: 38.1833 
episode: 656 count: 298 score: 253.6586 average_last200: 178.7650 epis: 0.0099 loss: 46.8256 
episode: 657 count: 1000 score: -76.6789 average_last200: 177.3002 epis: 0.0098 loss: 139.5980 
episode: 658 count: 192 score: 218.8389 average_last200: 177.2196 epis: 0.0098 loss: 27.2305 
episode: 659 count: 1000 score: -87.8416 average_last200: 176.8405 epis: 0.0097 loss: 132.5801 
episode: 660 count: 345 score: 237.9952 average_last200: 177.5716 epis: 0.0096 loss: 41.4246 
episode: 661 count: 693 score: 169.7656 average_last200: 177.2607 epis: 0.0096 loss: 89.4195 
episode: 662 count: 268 score: 231.2958 average_last200: 177.0857 epis: 0.0095 loss: 40.1668 
episode: 663 count: 272 score: 206.7866 average_last200: 177.2335 epis: 0.0094 loss: 36.5826 
episode: 664 count: 183 score: 9.7616 average_last200: 176.1287 epis: 0.0094 loss: 20.1192 
episode: 665 count: 218 score: 253.8247 average_last200: 176.1395 epis: 0.0093 loss: 24.4786 
episode: 666 count: 661 score: -89.9444 average_last200: 174.6094 epis: 0.0092 loss: 92.6251 
episode: 667 count: 295 score: 226.7186 average_last200: 174.5674 epis: 0.0092 loss: 39.1584 
episode: 668 count: 1000 score: -88.2659 average_last200: 173.0408 epis: 0.0091 loss: 135.2041 
episode: 669 count: 352 score: 204.6406 average_last200: 172.8776 epis: 0.0090 loss: 52.2433 
episode: 670 count: 1000 score: 84.7830 average_last200: 172.2248 epis: 0.0090 loss: 139.8688 
episode: 671 count: 523 score: 133.0305 average_last200: 171.6220 epis: 0.0089 loss: 71.3073 
episode: 672 count: 345 score: 198.6921 average_last200: 171.7115 epis: 0.0088 loss: 41.8569 
episode: 673 count: 450 score: 162.7705 average_last200: 171.3963 epis: 0.0088 loss: 52.2671 
episode: 674 count: 496 score: 128.4139 average_last200: 171.1898 epis: 0.0087 loss: 62.8374 
episode: 675 count: 261 score: 198.5358 average_last200: 170.9279 epis: 0.0087 loss: 27.9012 
episode: 676 count: 224 score: 261.7666 average_last200: 172.3166 epis: 0.0086 loss: 26.0748 
episode: 677 count: 167 score: 5.8988 average_last200: 171.6083 epis: 0.0085 loss: 24.0980 
episode: 678 count: 284 score: 229.0562 average_last200: 171.5665 epis: 0.0085 loss: 39.6506 
episode: 679 count: 1000 score: -72.4309 average_last200: 170.2078 epis: 0.0084 loss: 139.3319 
episode: 680 count: 589 score: 118.6075 average_last200: 170.0999 epis: 0.0084 loss: 71.9241 
episode: 681 count: 230 score: 3.1516 average_last200: 169.4723 epis: 0.0083 loss: 27.1288 
episode: 682 count: 215 score: -3.2883 average_last200: 168.4098 epis: 0.0082 loss: 30.4185 
episode: 683 count: 235 score: 187.3794 average_last200: 168.2203 epis: 0.0082 loss: 34.5606 
episode: 684 count: 307 score: 214.6799 average_last200: 168.3425 epis: 0.0081 loss: 52.0305 
episode: 685 count: 509 score: 182.4310 average_last200: 169.1971 epis: 0.0081 loss: 64.4151 
episode: 686 count: 302 score: 186.7344 average_last200: 169.2006 epis: 0.0080 loss: 36.2913 
episode: 687 count: 333 score: 190.1700 average_last200: 169.1854 epis: 0.0080 loss: 46.1665 
episode: 688 count: 263 score: 257.1908 average_last200: 169.5994 epis: 0.0079 loss: 37.7476 
episode: 689 count: 872 score: 87.8294 average_last200: 170.1912 epis: 0.0079 loss: 117.8494 
episode: 690 count: 346 score: 163.1866 average_last200: 170.1016 epis: 0.0078 loss: 44.1965 
episode: 691 count: 401 score: 189.4871 average_last200: 170.2287 epis: 0.0077 loss: 48.3936 
episode: 692 count: 277 score: 189.1525 average_last200: 171.1934 epis: 0.0077 loss: 37.6376 
episode: 693 count: 324 score: 214.4885 average_last200: 172.4168 epis: 0.0076 loss: 40.0804 
episode: 694 count: 320 score: 209.2314 average_last200: 172.3107 epis: 0.0076 loss: 43.5103 
episode: 695 count: 302 score: 227.2171 average_last200: 172.4614 epis: 0.0075 loss: 37.5640 
episode: 696 count: 330 score: 177.2992 average_last200: 172.2335 epis: 0.0075 loss: 38.2161 
episode: 697 count: 245 score: 247.4696 average_last200: 172.3222 epis: 0.0074 loss: 28.9751 
episode: 698 count: 316 score: 200.7230 average_last200: 172.1300 epis: 0.0074 loss: 38.6895 
episode: 699 count: 847 score: 111.8119 average_last200: 171.8548 epis: 0.0073 loss: 109.5066 
episode: 700 count: 299 score: 187.5316 average_last200: 172.4069 epis: 0.0073 loss: 43.4343 
episode: 701 count: 302 score: 226.4626 average_last200: 172.8357 epis: 0.0072 loss: 38.1129 
episode: 702 count: 447 score: 198.4272 average_last200: 172.8085 epis: 0.0072 loss: 51.6797 
episode: 703 count: 255 score: 228.4682 average_last200: 172.8862 epis: 0.0071 loss: 32.8481 
episode: 704 count: 237 score: 239.8998 average_last200: 173.2166 epis: 0.0071 loss: 35.2622 
episode: 705 count: 237 score: 232.4034 average_last200: 173.2785 epis: 0.0070 loss: 33.8784 
episode: 706 count: 204 score: 242.1511 average_last200: 173.3262 epis: 0.0070 loss: 28.6316 
episode: 707 count: 243 score: 209.6561 average_last200: 173.2496 epis: 0.0069 loss: 32.8287 
episode: 708 count: 293 score: 211.5099 average_last200: 174.2238 epis: 0.0069 loss: 37.3226 
episode: 709 count: 249 score: 243.4473 average_last200: 174.5377 epis: 0.0068 loss: 33.9737 
episode: 710 count: 269 score: 188.0225 average_last200: 174.3346 epis: 0.0068 loss: 43.3637 
episode: 711 count: 433 score: 214.6283 average_last200: 174.2427 epis: 0.0067 loss: 47.6109 
episode: 712 count: 258 score: 248.0801 average_last200: 174.3620 epis: 0.0067 loss: 33.2666 
episode: 713 count: 214 score: 221.4143 average_last200: 175.4861 epis: 0.0066 loss: 25.8886 
episode: 714 count: 226 score: 253.5426 average_last200: 175.7309 epis: 0.0066 loss: 31.5656 
episode: 715 count: 352 score: 195.0440 average_last200: 175.7510 epis: 0.0065 loss: 41.3049 
episode: 716 count: 323 score: 199.2616 average_last200: 175.7823 epis: 0.0065 loss: 40.5673 
episode: 717 count: 269 score: 262.4044 average_last200: 177.1208 epis: 0.0065 loss: 34.7518 
episode: 718 count: 497 score: 232.9584 average_last200: 178.1302 epis: 0.0064 loss: 61.9715 
episode: 719 count: 210 score: 234.9213 average_last200: 178.0811 epis: 0.0064 loss: 28.3039 
episode: 720 count: 223 score: 221.2864 average_last200: 178.2185 epis: 0.0063 loss: 26.9983 
episode: 721 count: 354 score: 207.7760 average_last200: 178.4795 epis: 0.0063 loss: 45.4436 
episode: 722 count: 311 score: 211.4215 average_last200: 178.6852 epis: 0.0062 loss: 35.8877 
episode: 723 count: 314 score: 179.5379 average_last200: 178.8360 epis: 0.0062 loss: 35.5263 
episode: 724 count: 296 score: 193.1433 average_last200: 178.8071 epis: 0.0061 loss: 35.8165 
episode: 725 count: 350 score: 206.4243 average_last200: 178.7575 epis: 0.0061 loss: 42.1379 
episode: 726 count: 232 score: 217.8166 average_last200: 178.8640 epis: 0.0061 loss: 25.2584 
episode: 727 count: 246 score: 192.1832 average_last200: 178.6682 epis: 0.0060 loss: 31.4473 
episode: 728 count: 197 score: 22.2370 average_last200: 177.8700 epis: 0.0060 loss: 23.9873 
episode: 729 count: 287 score: 217.4462 average_last200: 178.0842 epis: 0.0059 loss: 39.4099 
episode: 730 count: 261 score: 229.1994 average_last200: 178.1424 epis: 0.0059 loss: 37.6617 
episode: 731 count: 354 score: 200.7984 average_last200: 178.3541 epis: 0.0058 loss: 39.8344 
episode: 732 count: 293 score: 195.9881 average_last200: 178.1434 epis: 0.0058 loss: 32.1631 
episode: 733 count: 280 score: 243.4840 average_last200: 178.4721 epis: 0.0058 loss: 35.2844 
episode: 734 count: 229 score: 253.8113 average_last200: 178.5936 epis: 0.0057 loss: 29.8982 
episode: 735 count: 223 score: 236.7672 average_last200: 178.5372 epis: 0.0057 loss: 27.4904 
episode: 736 count: 314 score: 227.5756 average_last200: 178.7505 epis: 0.0056 loss: 34.3148 
episode: 737 count: 226 score: 208.1794 average_last200: 178.8996 epis: 0.0056 loss: 27.5189 
episode: 738 count: 223 score: 231.5614 average_last200: 178.8851 epis: 0.0056 loss: 27.9933 
episode: 739 count: 114 score: 3.7326 average_last200: 177.6231 epis: 0.0055 loss: 18.9860 
episode: 740 count: 260 score: 225.1142 average_last200: 177.6985 epis: 0.0055 loss: 35.8949 
episode: 741 count: 277 score: 236.1634 average_last200: 177.8471 epis: 0.0054 loss: 36.5979 
episode: 742 count: 268 score: 212.6413 average_last200: 177.8574 epis: 0.0054 loss: 36.6430 
episode: 743 count: 283 score: 233.2955 average_last200: 177.9136 epis: 0.0054 loss: 35.9091 
episode: 744 count: 346 score: 208.1913 average_last200: 177.9815 epis: 0.0053 loss: 41.4981 
episode: 745 count: 305 score: 205.4054 average_last200: 177.7650 epis: 0.0053 loss: 37.9012 
episode: 746 count: 232 score: 216.5216 average_last200: 177.7536 epis: 0.0053 loss: 28.7558 
episode: 747 count: 249 score: 239.8367 average_last200: 178.0885 epis: 0.0052 loss: 31.3744 
episode: 748 count: 239 score: 203.0685 average_last200: 178.1393 epis: 0.0052 loss: 35.2163 
episode: 749 count: 327 score: 227.2565 average_last200: 178.2624 epis: 0.0052 loss: 46.3085 
episode: 750 count: 313 score: 210.5736 average_last200: 178.4996 epis: 0.0051 loss: 44.6658 
episode: 751 count: 223 score: 277.9779 average_last200: 179.0397 epis: 0.0051 loss: 29.9923 
episode: 752 count: 272 score: 226.0413 average_last200: 179.2595 epis: 0.0050 loss: 40.7100 
episode: 753 count: 288 score: 200.1045 average_last200: 179.1474 epis: 0.0050 loss: 42.0594 
episode: 754 count: 239 score: 208.5578 average_last200: 179.3229 epis: 0.0050 loss: 30.1864 
episode: 755 count: 206 score: 259.6570 average_last200: 181.1598 epis: 0.0049 loss: 27.6110 
episode: 756 count: 253 score: 211.9566 average_last200: 181.1523 epis: 0.0049 loss: 33.0177 
episode: 757 count: 214 score: 254.1155 average_last200: 181.8101 epis: 0.0049 loss: 28.8661 
episode: 758 count: 297 score: 250.7654 average_last200: 183.0757 epis: 0.0048 loss: 27.7484 
episode: 759 count: 301 score: 224.1778 average_last200: 183.4102 epis: 0.0048 loss: 41.0519 
episode: 760 count: 233 score: 194.4621 average_last200: 183.5696 epis: 0.0048 loss: 27.2094 
episode: 761 count: 192 score: 261.8364 average_last200: 184.2197 epis: 0.0047 loss: 26.3338 
episode: 762 count: 347 score: 203.4108 average_last200: 184.1468 epis: 0.0047 loss: 38.4961 
episode: 763 count: 266 score: 184.2623 average_last200: 184.2566 epis: 0.0047 loss: 43.6479 
episode: 764 count: 201 score: 240.8705 average_last200: 184.5608 epis: 0.0046 loss: 25.8287 
episode: 765 count: 235 score: 177.3525 average_last200: 184.2780 epis: 0.0046 loss: 27.5662 
episode: 766 count: 229 score: 229.2054 average_last200: 184.1970 epis: 0.0046 loss: 31.1566 
episode: 767 count: 252 score: 220.6923 average_last200: 184.1088 epis: 0.0045 loss: 30.1134 
episode: 768 count: 279 score: 225.0424 average_last200: 184.3672 epis: 0.0045 loss: 33.6227 
episode: 769 count: 210 score: 210.7203 average_last200: 184.4924 epis: 0.0045 loss: 22.9318 
episode: 770 count: 361 score: 220.7626 average_last200: 184.3956 epis: 0.0044 loss: 40.5220 
episode: 771 count: 1000 score: 120.9726 average_last200: 183.7274 epis: 0.0044 loss: 127.9924 
episode: 772 count: 585 score: 203.1632 average_last200: 184.0433 epis: 0.0044 loss: 67.2414 
episode: 773 count: 914 score: 213.8437 average_last200: 184.5969 epis: 0.0044 loss: 118.2685 
episode: 774 count: 228 score: 219.7240 average_last200: 184.6016 epis: 0.0043 loss: 30.5304 
episode: 775 count: 308 score: 208.8744 average_last200: 184.6375 epis: 0.0043 loss: 42.9426 
episode: 776 count: 364 score: 193.4500 average_last200: 185.5430 epis: 0.0043 loss: 43.8611 
episode: 777 count: 389 score: 222.2408 average_last200: 185.6356 epis: 0.0042 loss: 56.5485 
episode: 778 count: 261 score: 212.0274 average_last200: 185.9619 epis: 0.0042 loss: 31.8864 
episode: 779 count: 499 score: 183.3802 average_last200: 186.0059 epis: 0.0042 loss: 61.2509 
episode: 780 count: 476 score: 233.4869 average_last200: 187.3811 epis: 0.0041 loss: 59.8528 
episode: 781 count: 261 score: 223.5072 average_last200: 187.6916 epis: 0.0041 loss: 30.3214 
episode: 782 count: 387 score: 249.5742 average_last200: 188.0151 epis: 0.0041 loss: 48.9389 
episode: 783 count: 354 score: 226.1637 average_last200: 189.2052 epis: 0.0041 loss: 43.6704 
episode: 784 count: 386 score: 218.4928 average_last200: 189.4200 epis: 0.0040 loss: 40.1748 
episode: 785 count: 352 score: 235.6031 average_last200: 190.7908 epis: 0.0040 loss: 40.9382 
episode: 786 count: 326 score: 249.6953 average_last200: 191.5188 epis: 0.0040 loss: 40.0085 
episode: 787 count: 298 score: 222.9325 average_last200: 191.6328 epis: 0.0039 loss: 39.1456 
episode: 788 count: 231 score: 244.6482 average_last200: 191.7056 epis: 0.0039 loss: 33.1426 
episode: 789 count: 261 score: 217.4187 average_last200: 191.9598 epis: 0.0039 loss: 31.0418 
episode: 790 count: 285 score: 231.1995 average_last200: 191.9070 epis: 0.0039 loss: 35.5128 
episode: 791 count: 359 score: 207.0298 average_last200: 192.0586 epis: 0.0038 loss: 45.5739 
episode: 792 count: 266 score: 206.8280 average_last200: 192.0813 epis: 0.0038 loss: 36.5696 
episode: 793 count: 299 score: 233.3518 average_last200: 192.3479 epis: 0.0038 loss: 38.3082 
episode: 794 count: 274 score: 176.9873 average_last200: 191.9906 epis: 0.0038 loss: 33.6125 
episode: 795 count: 258 score: 252.8961 average_last200: 192.0980 epis: 0.0037 loss: 37.3929 
episode: 796 count: 334 score: 222.4299 average_last200: 192.0201 epis: 0.0037 loss: 48.1282 
episode: 797 count: 333 score: 203.8655 average_last200: 192.1757 epis: 0.0037 loss: 38.0659 
episode: 798 count: 226 score: 257.0630 average_last200: 192.4225 epis: 0.0037 loss: 19.9268 
episode: 799 count: 278 score: 219.0568 average_last200: 192.3260 epis: 0.0036 loss: 31.0113 
episode: 800 count: 307 score: 226.8212 average_last200: 192.2722 epis: 0.0036 loss: 46.5167 
episode: 801 count: 388 score: 206.8861 average_last200: 192.4113 epis: 0.0036 loss: 54.0450 
episode: 802 count: 249 score: 216.3643 average_last200: 192.7719 epis: 0.0036 loss: 27.9649 
episode: 803 count: 247 score: 192.6912 average_last200: 192.7467 epis: 0.0035 loss: 30.4766 
episode: 804 count: 278 score: 252.5884 average_last200: 193.0518 epis: 0.0035 loss: 35.9144 
episode: 805 count: 273 score: 213.5205 average_last200: 194.2670 epis: 0.0035 loss: 36.7205 
episode: 806 count: 380 score: 215.0681 average_last200: 194.0953 epis: 0.0035 loss: 46.5476 
episode: 807 count: 292 score: 191.8361 average_last200: 194.0336 epis: 0.0034 loss: 41.9970 
episode: 808 count: 280 score: 209.9184 average_last200: 194.1753 epis: 0.0034 loss: 34.9184 
episode: 809 count: 280 score: 224.1971 average_last200: 194.2362 epis: 0.0034 loss: 32.1122 
episode: 810 count: 449 score: 207.8671 average_last200: 194.3167 epis: 0.0034 loss: 67.8618 
episode: 811 count: 297 score: 234.4875 average_last200: 194.5403 epis: 0.0033 loss: 38.4447 
episode: 812 count: 248 score: 198.6751 average_last200: 194.2614 epis: 0.0033 loss: 35.0917 
episode: 813 count: 257 score: 230.1557 average_last200: 194.6496 epis: 0.0033 loss: 30.2168 
episode: 814 count: 338 score: 207.3294 average_last200: 194.5003 epis: 0.0033 loss: 47.3354 
episode: 815 count: 213 score: 189.8124 average_last200: 194.3259 epis: 0.0032 loss: 26.2651 
episode: 816 count: 301 score: 204.3578 average_last200: 194.3864 epis: 0.0032 loss: 40.5631 
episode: 817 count: 276 score: 244.8103 average_last200: 194.4814 epis: 0.0032 loss: 39.4286 
episode: 818 count: 231 score: 229.2948 average_last200: 194.8679 epis: 0.0032 loss: 32.8846 
episode: 819 count: 335 score: 226.0409 average_last200: 195.0118 epis: 0.0032 loss: 42.0438 
episode: 820 count: 262 score: 239.5241 average_last200: 195.1872 epis: 0.0031 loss: 30.8297 
episode: 821 count: 265 score: 246.6878 average_last200: 195.3897 epis: 0.0031 loss: 35.3702 
episode: 822 count: 284 score: 214.6146 average_last200: 195.6168 epis: 0.0031 loss: 39.3753 
episode: 823 count: 275 score: 188.3604 average_last200: 195.5751 epis: 0.0031 loss: 40.6286 
episode: 824 count: 276 score: 202.0593 average_last200: 195.5918 epis: 0.0030 loss: 29.8324 
episode: 825 count: 256 score: 217.9731 average_last200: 195.6997 epis: 0.0030 loss: 25.4882 
episode: 826 count: 333 score: 226.5411 average_last200: 195.9128 epis: 0.0030 loss: 44.5833 
episode: 827 count: 352 score: 194.9303 average_last200: 197.2163 epis: 0.0030 loss: 41.5848 
episode: 828 count: 223 score: 199.6462 average_last200: 197.1942 epis: 0.0030 loss: 26.9300 
episode: 829 count: 195 score: 258.4454 average_last200: 197.5555 epis: 0.0029 loss: 25.1379 
episode: 830 count: 321 score: 221.3989 average_last200: 197.7273 epis: 0.0029 loss: 38.5111 
episode: 831 count: 383 score: 206.6234 average_last200: 197.8763 epis: 0.0029 loss: 47.6393 
episode: 832 count: 298 score: 234.5968 average_last200: 198.0068 epis: 0.0029 loss: 34.8223 
episode: 833 count: 268 score: 249.6511 average_last200: 198.1901 epis: 0.0029 loss: 35.4181 
episode: 834 count: 292 score: 173.9622 average_last200: 197.8512 epis: 0.0028 loss: 34.6120 
episode: 835 count: 336 score: -44.7516 average_last200: 196.6549 epis: 0.0028 loss: 49.0356 
episode: 836 count: 442 score: 201.6682 average_last200: 196.3877 epis: 0.0028 loss: 53.4561 
episode: 837 count: 255 score: 199.0106 average_last200: 196.1802 epis: 0.0028 loss: 34.3777 
episode: 838 count: 327 score: 204.8097 average_last200: 196.1648 epis: 0.0028 loss: 30.1672 
episode: 839 count: 363 score: 191.5804 average_last200: 195.9506 epis: 0.0027 loss: 59.0726 
episode: 840 count: 402 score: 159.3521 average_last200: 195.5102 epis: 0.0027 loss: 51.9808 
episode: 841 count: 380 score: 191.3999 average_last200: 195.3844 epis: 0.0027 loss: 41.3231 
episode: 842 count: 661 score: 165.6313 average_last200: 195.2363 epis: 0.0027 loss: 94.3603 
episode: 843 count: 363 score: 195.6722 average_last200: 195.0336 epis: 0.0027 loss: 44.3465 
episode: 844 count: 300 score: 195.3115 average_last200: 194.8127 epis: 0.0026 loss: 33.0482 
episode: 845 count: 236 score: 200.3051 average_last200: 194.8103 epis: 0.0026 loss: 32.8586 
episode: 846 count: 229 score: 186.5036 average_last200: 194.5194 epis: 0.0026 loss: 36.8451 
episode: 847 count: 363 score: 198.5390 average_last200: 194.5711 epis: 0.0026 loss: 53.4923 
episode: 848 count: 318 score: 243.8351 average_last200: 195.8015 epis: 0.0026 loss: 44.1869 
episode: 849 count: 355 score: 221.7382 average_last200: 195.7180 epis: 0.0026 loss: 51.0179 
episode: 850 count: 192 score: 196.4534 average_last200: 195.7162 epis: 0.0025 loss: 24.8291 
episode: 851 count: 295 score: 215.1740 average_last200: 196.8950 epis: 0.0025 loss: 41.2659 
episode: 852 count: 254 score: 233.3607 average_last200: 196.8842 epis: 0.0025 loss: 32.6908 
episode: 853 count: 217 score: 235.6107 average_last200: 197.0171 epis: 0.0025 loss: 28.2678 
episode: 854 count: 311 score: 229.0473 average_last200: 197.8931 epis: 0.0025 loss: 41.3991 
episode: 855 count: 231 score: 251.6536 average_last200: 198.0311 epis: 0.0024 loss: 32.8867 
episode: 856 count: 314 score: 216.7599 average_last200: 197.8466 epis: 0.0024 loss: 45.3044 
episode: 857 count: 266 score: 244.4179 average_last200: 199.4521 epis: 0.0024 loss: 33.0296 
episode: 858 count: 379 score: 230.7088 average_last200: 199.5114 epis: 0.0024 loss: 53.6162 
episode: 859 count: 249 score: -20.5291 average_last200: 199.8480 epis: 0.0024 loss: 35.6531 
episode: 860 count: 282 score: 204.1054 average_last200: 199.6785 epis: 0.0024 loss: 43.4076 
episode: 861 count: 262 score: 211.5472 average_last200: 199.8874 epis: 0.0023 loss: 32.7661 
episode: 862 count: 289 score: 186.6305 average_last200: 199.6641 epis: 0.0023 loss: 32.4327 
episode: 863 count: 245 score: 250.8085 average_last200: 199.8842 epis: 0.0023 loss: 31.1225 
episode: 864 count: 286 score: 225.4807 average_last200: 200.9628 epis: 0.0023 loss: 44.7993 
episode: 865 count: 262 score: 244.0123 average_last200: 200.9138 epis: 0.0023 loss: 35.7363 
episode: 866 count: 286 score: 230.4801 average_last200: 202.5159 epis: 0.0023 loss: 39.1921 
episode: 867 count: 349 score: 208.1704 average_last200: 202.4231 epis: 0.0022 loss: 41.8869 
episode: 868 count: 275 score: 240.8589 average_last200: 204.0688 epis: 0.0022 loss: 35.0001 
episode: 869 count: 280 score: 239.6686 average_last200: 204.2439 epis: 0.0022 loss: 34.6389 
episode: 870 count: 144 score: 13.4912 average_last200: 203.8875 epis: 0.0022 loss: 21.0926 
episode: 871 count: 313 score: 199.1321 average_last200: 204.2180 epis: 0.0022 loss: 34.5887 
episode: 872 count: 262 score: 240.5602 average_last200: 204.4273 epis: 0.0022 loss: 38.0377 
episode: 873 count: 262 score: 257.2539 average_last200: 204.8997 epis: 0.0022 loss: 35.9543 
episode: 874 count: 243 score: 262.7165 average_last200: 205.5712 epis: 0.0021 loss: 34.3147 
episode: 875 count: 462 score: 203.4314 average_last200: 205.5957 epis: 0.0021 loss: 57.4465 
episode: 876 count: 198 score: -50.0471 average_last200: 204.0366 epis: 0.0021 loss: 30.1155 
episode: 877 count: 383 score: 222.6760 average_last200: 205.1205 epis: 0.0021 loss: 53.5602 
episode: 878 count: 366 score: 205.1644 average_last200: 205.0011 epis: 0.0021 loss: 48.3740 
episode: 879 count: 326 score: 228.3607 average_last200: 206.5050 epis: 0.0021 loss: 49.6696 
episode: 880 count: 321 score: 220.1455 average_last200: 207.0127 epis: 0.0021 loss: 46.4467 
episode: 881 count: 304 score: 254.0062 average_last200: 208.2670 epis: 0.0020 loss: 40.0472 
episode: 882 count: 183 score: 227.3684 average_last200: 209.4203 epis: 0.0020 loss: 27.1662 
episode: 883 count: 328 score: 187.8723 average_last200: 209.4227 epis: 0.0020 loss: 45.7200 
episode: 884 count: 374 score: 175.2991 average_last200: 209.2258 epis: 0.0020 loss: 50.0307 
episode: 885 count: 372 score: 161.9716 average_last200: 209.1235 epis: 0.0020 loss: 65.6514 
episode: 886 count: 284 score: 221.5813 average_last200: 209.2978 epis: 0.0020 loss: 40.7612 
episode: 887 count: 382 score: 246.4229 average_last200: 209.5790 epis: 0.0020 loss: 52.3356 
episode: 888 count: 279 score: 197.3049 average_last200: 209.2796 epis: 0.0019 loss: 38.7609 
episode: 889 count: 303 score: 196.5167 average_last200: 209.8230 epis: 0.0019 loss: 36.7412 
episode: 890 count: 339 score: 193.6661 average_last200: 209.9754 epis: 0.0019 loss: 55.2198 
episode: 891 count: 181 score: -33.2528 average_last200: 208.8617 epis: 0.0019 loss: 22.5455 
episode: 892 count: 390 score: 192.1399 average_last200: 208.8767 epis: 0.0019 loss: 55.8338 
episode: 893 count: 285 score: 219.1386 average_last200: 208.8999 epis: 0.0019 loss: 37.3526 
episode: 894 count: 411 score: 161.9712 average_last200: 208.6636 epis: 0.0019 loss: 52.5791 
episode: 895 count: 357 score: 165.4669 average_last200: 208.3549 epis: 0.0018 loss: 55.3544 
episode: 896 count: 236 score: 235.8905 average_last200: 208.6478 epis: 0.0018 loss: 35.7938 
episode: 897 count: 367 score: 202.6694 average_last200: 208.4238 epis: 0.0018 loss: 54.6544 
episode: 898 count: 181 score: -1.7833 average_last200: 207.4113 epis: 0.0018 loss: 19.2694 
episode: 899 count: 229 score: -37.8248 average_last200: 206.6631 epis: 0.0018 loss: 33.2178 
episode: 900 count: 230 score: 232.5360 average_last200: 206.8881 epis: 0.0018 loss: 26.1807 
episode: 901 count: 479 score: 241.7961 average_last200: 206.9648 epis: 0.0018 loss: 63.0208 
episode: 902 count: 253 score: 248.3747 average_last200: 207.2145 epis: 0.0018 loss: 35.6380 
episode: 903 count: 176 score: 10.1851 average_last200: 206.1231 epis: 0.0017 loss: 25.2361 
episode: 904 count: 174 score: -2.1364 average_last200: 204.9129 epis: 0.0017 loss: 31.2569 
episode: 905 count: 168 score: 25.0050 average_last200: 203.8760 epis: 0.0017 loss: 26.2299 
episode: 906 count: 221 score: 225.2915 average_last200: 203.7917 epis: 0.0017 loss: 28.4315 
episode: 907 count: 1000 score: 86.7450 average_last200: 203.1771 epis: 0.0017 loss: 137.8131 
episode: 908 count: 150 score: 35.6999 average_last200: 202.2981 epis: 0.0017 loss: 21.2842 
episode: 909 count: 216 score: 205.4347 average_last200: 202.1080 epis: 0.0017 loss: 24.4214 
episode: 910 count: 253 score: 204.5646 average_last200: 202.1907 epis: 0.0017 loss: 33.8841 
episode: 911 count: 299 score: 226.8477 average_last200: 202.2518 epis: 0.0017 loss: 34.1778 
episode: 912 count: 218 score: 242.9962 average_last200: 202.2264 epis: 0.0016 loss: 31.5983 
episode: 913 count: 245 score: 211.5160 average_last200: 202.1769 epis: 0.0016 loss: 37.6538 
episode: 914 count: 259 score: 185.1525 average_last200: 201.8349 epis: 0.0016 loss: 32.4588 
episode: 915 count: 323 score: 256.1072 average_last200: 202.1402 epis: 0.0016 loss: 38.2813 
episode: 916 count: 255 score: 224.0582 average_last200: 202.2642 epis: 0.0016 loss: 32.8946 
episode: 917 count: 212 score: 218.7911 average_last200: 202.0462 epis: 0.0016 loss: 30.1208 
episode: 918 count: 184 score: -2.0931 average_last200: 200.8709 epis: 0.0016 loss: 37.8361 
episode: 919 count: 256 score: 237.3730 average_last200: 200.8832 epis: 0.0016 loss: 33.0432 
episode: 920 count: 239 score: 215.8699 average_last200: 200.8561 epis: 0.0015 loss: 31.9485 
episode: 921 count: 258 score: 228.1499 average_last200: 200.9580 epis: 0.0015 loss: 35.6825 
episode: 922 count: 290 score: 217.7559 average_last200: 200.9896 epis: 0.0015 loss: 36.8642 
episode: 923 count: 224 score: 214.7052 average_last200: 201.1655 epis: 0.0015 loss: 35.2861 
episode: 924 count: 235 score: 14.8885 average_last200: 200.2742 epis: 0.0015 loss: 34.5028 
episode: 925 count: 319 score: 184.7043 average_last200: 200.1656 epis: 0.0015 loss: 45.0615 
episode: 926 count: 234 score: 239.8334 average_last200: 200.2757 epis: 0.0015 loss: 32.0054 
episode: 927 count: 294 score: 179.3092 average_last200: 200.2113 epis: 0.0015 loss: 42.0121 
episode: 928 count: 332 score: 193.2161 average_last200: 201.0662 epis: 0.0015 loss: 36.0176 
episode: 929 count: 191 score: 222.8520 average_last200: 201.0932 epis: 0.0015 loss: 26.5788 
episode: 930 count: 274 score: 242.2560 average_last200: 201.1585 epis: 0.0014 loss: 36.8134 
episode: 931 count: 250 score: 231.1360 average_last200: 201.3102 epis: 0.0014 loss: 38.0440 
episode: 932 count: 216 score: 266.2151 average_last200: 201.6613 epis: 0.0014 loss: 32.3623 
episode: 933 count: 266 score: 238.3500 average_last200: 201.6357 epis: 0.0014 loss: 43.2072 
episode: 934 count: 264 score: 222.6491 average_last200: 201.4799 epis: 0.0014 loss: 33.9157 
episode: 935 count: 199 score: 203.0398 average_last200: 201.3112 epis: 0.0014 loss: 30.9591 
episode: 936 count: 293 score: 221.7765 average_last200: 201.2822 epis: 0.0014 loss: 40.1163 
episode: 937 count: 221 score: 232.4624 average_last200: 201.4036 epis: 0.0014 loss: 31.5279 
episode: 938 count: 276 score: 235.7101 average_last200: 201.4244 epis: 0.0014 loss: 40.7405 
episode: 939 count: 279 score: 227.9396 average_last200: 202.5454 epis: 0.0014 loss: 35.3365 
episode: 940 count: 233 score: 212.0640 average_last200: 202.4802 epis: 0.0013 loss: 35.3811 
episode: 941 count: 152 score: 24.2782 average_last200: 201.4207 epis: 0.0013 loss: 25.5685 
episode: 942 count: 268 score: 230.1653 average_last200: 201.5084 epis: 0.0013 loss: 42.8566 
episode: 943 count: 174 score: 27.5955 average_last200: 200.4799 epis: 0.0013 loss: 27.6833 
episode: 944 count: 253 score: 229.6337 average_last200: 200.5871 epis: 0.0013 loss: 29.5299 
episode: 945 count: 224 score: 214.8534 average_last200: 200.6343 epis: 0.0013 loss: 31.3757 
episode: 946 count: 264 score: 226.8301 average_last200: 200.6858 epis: 0.0013 loss: 39.6765 
episode: 947 count: 259 score: 209.8285 average_last200: 200.5358 epis: 0.0013 loss: 38.7330 
episode: 948 count: 130 score: 18.5353 average_last200: 199.6131 epis: 0.0013 loss: 20.9153 
episode: 949 count: 278 score: 223.0627 average_last200: 199.5922 epis: 0.0013 loss: 43.2037 
episode: 950 count: 353 score: 214.7724 average_last200: 199.6132 epis: 0.0013 loss: 64.1593 
episode: 951 count: 151 score: 22.5979 average_last200: 198.3363 epis: 0.0012 loss: 25.9821 
episode: 952 count: 258 score: 221.0772 average_last200: 198.3114 epis: 0.0012 loss: 40.3712 
episode: 953 count: 203 score: 211.9849 average_last200: 198.3708 epis: 0.0012 loss: 33.4207 
episode: 954 count: 270 score: 183.5589 average_last200: 198.2459 epis: 0.0012 loss: 43.0448 
episode: 955 count: 124 score: 21.5365 average_last200: 197.0553 epis: 0.0012 loss: 20.9615 
episode: 956 count: 148 score: 3.0202 average_last200: 196.0106 epis: 0.0012 loss: 24.8403 
episode: 957 count: 249 score: 193.5780 average_last200: 195.7079 epis: 0.0012 loss: 37.8465 
episode: 958 count: 160 score: 37.8780 average_last200: 194.6434 epis: 0.0012 loss: 23.2020 
episode: 959 count: 186 score: 210.1207 average_last200: 194.5732 epis: 0.0012 loss: 29.6962 
episode: 960 count: 311 score: 248.1213 average_last200: 194.8415 epis: 0.0012 loss: 42.1581 
episode: 961 count: 337 score: 203.5268 average_last200: 194.5499 epis: 0.0012 loss: 41.0735 
episode: 962 count: 225 score: 227.0688 average_last200: 194.6682 epis: 0.0012 loss: 30.6343 
episode: 963 count: 264 score: 192.1437 average_last200: 194.7076 epis: 0.0011 loss: 34.7411 
episode: 964 count: 212 score: 194.9385 average_last200: 194.4779 epis: 0.0011 loss: 30.2125 
episode: 965 count: 234 score: 262.1342 average_last200: 194.9019 epis: 0.0011 loss: 32.7949 
episode: 966 count: 214 score: 236.2760 average_last200: 194.9372 epis: 0.0011 loss: 31.6889 
episode: 967 count: 200 score: 201.8087 average_last200: 194.8428 epis: 0.0011 loss: 23.7476 
episode: 968 count: 150 score: 11.5810 average_last200: 193.7755 epis: 0.0011 loss: 20.3455 
episode: 969 count: 186 score: 227.1096 average_last200: 193.8574 epis: 0.0011 loss: 27.0252 
episode: 970 count: 199 score: 223.2776 average_last200: 193.8700 epis: 0.0011 loss: 28.7937 
episode: 971 count: 239 score: 217.2664 average_last200: 194.3515 epis: 0.0011 loss: 36.0761 
episode: 972 count: 228 score: 230.2348 average_last200: 194.4868 epis: 0.0011 loss: 34.0161 
episode: 973 count: 191 score: 226.3238 average_last200: 194.5492 epis: 0.0011 loss: 29.2646 
episode: 974 count: 217 score: 248.3374 average_last200: 194.6923 epis: 0.0011 loss: 39.1665 
episode: 975 count: 303 score: 237.7966 average_last200: 194.8369 epis: 0.0011 loss: 47.3183 
episode: 976 count: 160 score: 12.5072 average_last200: 193.9322 epis: 0.0010 loss: 23.4199 
episode: 977 count: 208 score: 231.5387 average_last200: 193.9787 epis: 0.0010 loss: 32.9136 
episode: 978 count: 260 score: 231.0691 average_last200: 194.0739 epis: 0.0010 loss: 36.5721 
episode: 979 count: 185 score: 21.1874 average_last200: 193.2629 epis: 0.0010 loss: 26.9384 
episode: 980 count: 218 score: 229.0981 average_last200: 193.2410 epis: 0.0010 loss: 32.7520 
episode: 981 count: 184 score: 208.4804 average_last200: 193.1659 epis: 0.0010 loss: 32.8391 
episode: 982 count: 186 score: 218.2116 average_last200: 193.0090 epis: 0.0010 loss: 32.3060 
episode: 983 count: 210 score: 226.0047 average_last200: 193.0082 epis: 0.0010 loss: 28.1928 
episode: 984 count: 241 score: -9.4172 average_last200: 191.8687 epis: 0.0010 loss: 32.1106 
episode: 985 count: 161 score: -14.2811 average_last200: 190.6193 epis: 0.0010 loss: 23.4809 
episode: 986 count: 197 score: 211.8137 average_last200: 190.4299 epis: 0.0010 loss: 31.7879 
episode: 987 count: 235 score: 218.5740 average_last200: 190.4081 epis: 0.0010 loss: 45.5635 
episode: 988 count: 227 score: 247.1643 average_last200: 190.4207 epis: 0.0010 loss: 33.7307 
episode: 989 count: 230 score: 246.9872 average_last200: 190.5685 epis: 0.0010 loss: 39.0261 
episode: 990 count: 134 score: 5.3539 average_last200: 189.4393 epis: 0.0009 loss: 18.7819 
episode: 991 count: 273 score: 230.5869 average_last200: 189.5571 epis: 0.0009 loss: 44.3427 
episode: 992 count: 178 score: 201.6908 average_last200: 189.5314 epis: 0.0009 loss: 30.5229 
episode: 993 count: 269 score: 259.0595 average_last200: 189.6599 epis: 0.0009 loss: 39.2288 
episode: 994 count: 323 score: 216.1430 average_last200: 189.8557 epis: 0.0009 loss: 51.4153 
episode: 995 count: 1000 score: 98.3558 average_last200: 189.0830 epis: 0.0009 loss: 158.6161 
episode: 996 count: 249 score: 213.8939 average_last200: 189.0403 epis: 0.0009 loss: 34.9723 
episode: 997 count: 249 score: 0.2511 average_last200: 188.0222 epis: 0.0009 loss: 45.5408 
episode: 998 count: 211 score: 211.8414 average_last200: 187.7961 epis: 0.0009 loss: 34.3291 
episode: 999 count: 239 score: 224.6784 average_last200: 187.8242 epis: 0.0009 loss: 35.7639 
