[33mWARN: gym.spaces.Box autodetected dtype as <class 'numpy.float32'>. Please provide explicit dtype.[0m
All para: Epis 1000 memlen 20000 gamma 0.990 epsilon 0.990 alpha 0.00050 batch 300 upfreq 500
episode: 0 count: 103 score: -201.7553 average_last200: -201.7553 epis: 0.9900 loss: 0.0000 
episode: 1 count: 84 score: -166.6921 average_last200: -184.2237 epis: 0.9801 loss: 0.0000 
episode: 2 count: 127 score: -140.9426 average_last200: -169.7967 epis: 0.9703 loss: 0.0000 
episode: 3 count: 98 score: -151.9605 average_last200: -165.3376 epis: 0.9606 loss: 0.0000 
episode: 4 count: 71 score: -305.0290 average_last200: -193.2759 epis: 0.9510 loss: 0.0000 
episode: 5 count: 124 score: -219.4452 average_last200: -197.6374 epis: 0.9415 loss: 0.0000 
episode: 6 count: 136 score: -149.6131 average_last200: -190.7768 epis: 0.9321 loss: 0.0000 
episode: 7 count: 105 score: -416.8472 average_last200: -219.0356 epis: 0.9227 loss: 0.0000 
episode: 8 count: 88 score: -384.5283 average_last200: -237.4237 epis: 0.9135 loss: 0.0000 
episode: 9 count: 103 score: -331.0088 average_last200: -246.7822 epis: 0.9044 loss: 22.0445 
episode: 10 count: 85 score: -182.5798 average_last200: -240.9456 epis: 0.8953 loss: 41.6069 
episode: 11 count: 149 score: -501.3693 average_last200: -262.6476 epis: 0.8864 loss: 61.9762 
episode: 12 count: 96 score: -387.6517 average_last200: -272.2633 epis: 0.8775 loss: 34.9533 
episode: 13 count: 79 score: -106.8356 average_last200: -260.4470 epis: 0.8687 loss: 27.4588 
episode: 14 count: 111 score: -146.5380 average_last200: -252.8531 epis: 0.8601 loss: 39.8927 
episode: 15 count: 121 score: -136.1816 average_last200: -245.5611 epis: 0.8515 loss: 38.3999 
episode: 16 count: 121 score: -256.5329 average_last200: -246.2065 epis: 0.8429 loss: 37.1269 
episode: 17 count: 78 score: -132.5365 average_last200: -239.8915 epis: 0.8345 loss: 23.5823 
episode: 18 count: 74 score: -156.3533 average_last200: -235.4948 epis: 0.8262 loss: 21.6443 
episode: 19 count: 150 score: -340.9739 average_last200: -240.7687 epis: 0.8179 loss: 46.3315 
episode: 20 count: 159 score: -131.1407 average_last200: -235.5483 epis: 0.8097 loss: 41.6647 
episode: 21 count: 102 score: -325.1400 average_last200: -239.6207 epis: 0.8016 loss: 28.8875 
episode: 22 count: 107 score: -219.4392 average_last200: -238.7432 epis: 0.7936 loss: 29.3897 
episode: 23 count: 57 score: -204.1476 average_last200: -237.3018 epis: 0.7857 loss: 16.4556 
episode: 24 count: 159 score: -128.7661 average_last200: -232.9603 epis: 0.7778 loss: 44.0270 
episode: 25 count: 93 score: -152.1721 average_last200: -229.8531 epis: 0.7700 loss: 24.8400 
episode: 26 count: 126 score: -278.3875 average_last200: -231.6507 epis: 0.7623 loss: 33.6151 
episode: 27 count: 78 score: -229.5369 average_last200: -231.5752 epis: 0.7547 loss: 21.2589 
episode: 28 count: 143 score: -223.2333 average_last200: -231.2875 epis: 0.7472 loss: 39.7859 
episode: 29 count: 86 score: -166.7692 average_last200: -229.1369 epis: 0.7397 loss: 24.0941 
episode: 30 count: 87 score: -48.7875 average_last200: -223.3192 epis: 0.7323 loss: 24.3534 
episode: 31 count: 112 score: -338.2528 average_last200: -226.9109 epis: 0.7250 loss: 33.4568 
episode: 32 count: 83 score: -95.4898 average_last200: -222.9284 epis: 0.7177 loss: 24.1683 
episode: 33 count: 99 score: -117.8032 average_last200: -219.8365 epis: 0.7106 loss: 30.6988 
episode: 34 count: 164 score: -106.9763 average_last200: -216.6119 epis: 0.7034 loss: 51.0671 
episode: 35 count: 118 score: -149.2658 average_last200: -214.7412 epis: 0.6964 loss: 37.1402 
episode: 36 count: 116 score: -108.8619 average_last200: -211.8796 epis: 0.6894 loss: 36.9680 
episode: 37 count: 115 score: -77.5530 average_last200: -208.3447 epis: 0.6826 loss: 36.7084 
episode: 38 count: 73 score: -107.5663 average_last200: -205.7606 epis: 0.6757 loss: 22.0183 
episode: 39 count: 96 score: -208.9067 average_last200: -205.8393 epis: 0.6690 loss: 28.8510 
episode: 40 count: 174 score: -116.5266 average_last200: -203.6609 epis: 0.6623 loss: 49.0677 
episode: 41 count: 83 score: -144.8491 average_last200: -202.2606 epis: 0.6557 loss: 28.5258 
episode: 42 count: 167 score: -83.6742 average_last200: -199.5028 epis: 0.6491 loss: 54.7811 
episode: 43 count: 221 score: -86.9827 average_last200: -196.9455 epis: 0.6426 loss: 67.7481 
episode: 44 count: 125 score: -140.1659 average_last200: -195.6838 epis: 0.6362 loss: 38.8361 
episode: 45 count: 1000 score: -36.0537 average_last200: -192.2135 epis: 0.6298 loss: 355.0984 
episode: 46 count: 88 score: -67.8657 average_last200: -189.5678 epis: 0.6235 loss: 35.7420 
episode: 47 count: 75 score: -95.3748 average_last200: -187.6055 epis: 0.6173 loss: 29.0288 
episode: 48 count: 158 score: -160.5537 average_last200: -187.0534 epis: 0.6111 loss: 62.7431 
episode: 49 count: 228 score: -91.5379 average_last200: -185.1431 epis: 0.6050 loss: 89.6895 
episode: 50 count: 274 score: -119.4973 average_last200: -183.8559 epis: 0.5990 loss: 99.1872 
episode: 51 count: 240 score: -48.5926 average_last200: -181.2547 epis: 0.5930 loss: 90.1815 
episode: 52 count: 179 score: -41.9508 average_last200: -178.6263 epis: 0.5870 loss: 62.1479 
episode: 53 count: 155 score: -134.2452 average_last200: -177.8045 epis: 0.5812 loss: 57.6014 
episode: 54 count: 132 score: -87.2760 average_last200: -176.1585 epis: 0.5754 loss: 47.6433 
episode: 55 count: 73 score: -75.7852 average_last200: -174.3661 epis: 0.5696 loss: 26.3532 
episode: 56 count: 106 score: -152.5419 average_last200: -173.9832 epis: 0.5639 loss: 40.2572 
episode: 57 count: 110 score: -111.2049 average_last200: -172.9008 epis: 0.5583 loss: 40.6775 
episode: 58 count: 183 score: -40.8350 average_last200: -170.6624 epis: 0.5527 loss: 62.0031 
episode: 59 count: 197 score: -43.8860 average_last200: -168.5495 epis: 0.5472 loss: 69.7758 
episode: 60 count: 183 score: -282.5737 average_last200: -170.4187 epis: 0.5417 loss: 66.5369 
episode: 61 count: 357 score: -193.7592 average_last200: -170.7952 epis: 0.5363 loss: 123.7189 
episode: 62 count: 237 score: -68.1652 average_last200: -169.1662 epis: 0.5309 loss: 81.7542 
episode: 63 count: 341 score: -52.8778 average_last200: -167.3492 epis: 0.5256 loss: 120.5873 
episode: 64 count: 115 score: -85.2465 average_last200: -166.0860 epis: 0.5203 loss: 39.1670 
episode: 65 count: 198 score: -45.7610 average_last200: -164.2629 epis: 0.5151 loss: 69.1486 
episode: 66 count: 237 score: -95.2746 average_last200: -163.2333 epis: 0.5100 loss: 79.0743 
episode: 67 count: 151 score: -78.9053 average_last200: -161.9931 epis: 0.5049 loss: 50.7926 
episode: 68 count: 149 score: -90.3959 average_last200: -160.9555 epis: 0.4998 loss: 49.2610 
episode: 69 count: 170 score: -47.2461 average_last200: -159.3311 epis: 0.4948 loss: 55.5376 
episode: 70 count: 141 score: -35.1856 average_last200: -157.5825 epis: 0.4899 loss: 46.8792 
episode: 71 count: 1000 score: 8.6954 average_last200: -155.2731 epis: 0.4850 loss: 342.1714 
episode: 72 count: 84 score: -98.3575 average_last200: -154.4935 epis: 0.4801 loss: 29.9618 
episode: 73 count: 1000 score: -52.2441 average_last200: -153.1117 epis: 0.4753 loss: 352.4654 
episode: 74 count: 359 score: -52.8228 average_last200: -151.7745 epis: 0.4706 loss: 129.9478 
episode: 75 count: 151 score: -67.6607 average_last200: -150.6678 epis: 0.4659 loss: 56.5000 
episode: 76 count: 164 score: -49.9819 average_last200: -149.3602 epis: 0.4612 loss: 60.1664 
episode: 77 count: 165 score: -32.6774 average_last200: -147.8642 epis: 0.4566 loss: 62.8738 
episode: 78 count: 297 score: -214.2255 average_last200: -148.7042 epis: 0.4520 loss: 111.7294 
episode: 79 count: 1000 score: -26.2401 average_last200: -147.1734 epis: 0.4475 loss: 392.5743 
episode: 80 count: 187 score: -34.7165 average_last200: -145.7851 epis: 0.4430 loss: 73.9061 
episode: 81 count: 165 score: -23.5209 average_last200: -144.2941 epis: 0.4386 loss: 68.3602 
episode: 82 count: 1000 score: -61.2057 average_last200: -143.2930 epis: 0.4342 loss: 408.9939 
episode: 83 count: 1000 score: -56.5038 average_last200: -142.2598 epis: 0.4299 loss: 428.8209 
episode: 84 count: 113 score: -57.1695 average_last200: -141.2587 epis: 0.4256 loss: 48.8088 
episode: 85 count: 1000 score: -14.5976 average_last200: -139.7859 epis: 0.4213 loss: 447.6989 
episode: 86 count: 1000 score: -12.0958 average_last200: -138.3182 epis: 0.4171 loss: 460.6744 
episode: 87 count: 83 score: -54.2272 average_last200: -137.3626 epis: 0.4129 loss: 40.2927 
episode: 88 count: 1000 score: -53.7216 average_last200: -136.4229 epis: 0.4088 loss: 482.9041 
episode: 89 count: 1000 score: 15.2681 average_last200: -134.7374 epis: 0.4047 loss: 512.6154 
episode: 90 count: 135 score: -64.2913 average_last200: -133.9633 epis: 0.4007 loss: 66.5722 
episode: 91 count: 133 score: -40.4482 average_last200: -132.9468 epis: 0.3967 loss: 66.7263 
episode: 92 count: 227 score: -243.7822 average_last200: -134.1386 epis: 0.3927 loss: 118.7123 
episode: 93 count: 384 score: -147.8589 average_last200: -134.2845 epis: 0.3888 loss: 202.3291 
episode: 94 count: 336 score: -263.4502 average_last200: -135.6442 epis: 0.3849 loss: 177.3629 
episode: 95 count: 131 score: -19.4907 average_last200: -134.4342 epis: 0.3810 loss: 70.4625 
episode: 96 count: 121 score: -71.7888 average_last200: -133.7884 epis: 0.3772 loss: 65.0474 
episode: 97 count: 1000 score: -11.7619 average_last200: -132.5432 epis: 0.3735 loss: 517.5643 
episode: 98 count: 324 score: -91.8258 average_last200: -132.1320 epis: 0.3697 loss: 169.8024 
episode: 99 count: 133 score: -174.3989 average_last200: -132.5546 epis: 0.3660 loss: 72.1537 
episode: 100 count: 698 score: -283.7989 average_last200: -134.0521 epis: 0.3624 loss: 364.9896 
episode: 101 count: 1000 score: 84.6981 average_last200: -131.9075 epis: 0.3587 loss: 537.4443 
episode: 102 count: 498 score: -191.4344 average_last200: -132.4854 epis: 0.3552 loss: 257.7681 
episode: 103 count: 1000 score: 43.9214 average_last200: -130.7892 epis: 0.3516 loss: 527.3704 
episode: 104 count: 1000 score: -12.8363 average_last200: -129.6658 epis: 0.3481 loss: 523.6896 
episode: 105 count: 1000 score: 24.4781 average_last200: -128.2116 epis: 0.3446 loss: 501.2288 
episode: 106 count: 1000 score: 39.0148 average_last200: -126.6488 epis: 0.3412 loss: 497.3111 
episode: 107 count: 1000 score: 11.9997 average_last200: -125.3650 epis: 0.3378 loss: 490.3706 
episode: 108 count: 95 score: -42.1774 average_last200: -124.6018 epis: 0.3344 loss: 46.2133 
episode: 109 count: 123 score: -181.1337 average_last200: -125.1157 epis: 0.3310 loss: 59.9449 
episode: 110 count: 1000 score: 110.7698 average_last200: -122.9906 epis: 0.3277 loss: 488.9640 
episode: 111 count: 211 score: -62.4581 average_last200: -122.4502 epis: 0.3244 loss: 102.5753 
episode: 112 count: 101 score: -31.7143 average_last200: -121.6472 epis: 0.3212 loss: 49.7176 
episode: 113 count: 122 score: -147.8506 average_last200: -121.8771 epis: 0.3180 loss: 59.0267 
episode: 114 count: 1000 score: -62.8782 average_last200: -121.3640 epis: 0.3148 loss: 469.4274 
episode: 115 count: 1000 score: -56.1310 average_last200: -120.8017 epis: 0.3117 loss: 443.9174 
episode: 116 count: 355 score: -281.9972 average_last200: -122.1794 epis: 0.3085 loss: 157.5618 
episode: 117 count: 1000 score: 51.0737 average_last200: -120.7112 epis: 0.3055 loss: 448.8504 
episode: 118 count: 1000 score: 42.5658 average_last200: -119.3391 epis: 0.3024 loss: 431.5838 
episode: 119 count: 1000 score: 39.6166 average_last200: -118.0145 epis: 0.2994 loss: 422.1347 
episode: 120 count: 1000 score: 90.2687 average_last200: -116.2931 epis: 0.2964 loss: 399.5342 
episode: 121 count: 130 score: -10.4351 average_last200: -115.4254 epis: 0.2934 loss: 50.7927 
episode: 122 count: 1000 score: 81.3332 average_last200: -113.8258 epis: 0.2905 loss: 388.0180 
episode: 123 count: 1000 score: 93.5269 average_last200: -112.1536 epis: 0.2876 loss: 366.5442 
episode: 124 count: 774 score: 183.7671 average_last200: -109.7862 epis: 0.2847 loss: 260.6620 
episode: 125 count: 122 score: -15.8737 average_last200: -109.0409 epis: 0.2819 loss: 40.5366 
episode: 126 count: 1000 score: 87.0618 average_last200: -107.4967 epis: 0.2790 loss: 306.7773 
episode: 127 count: 1000 score: 56.0041 average_last200: -106.2194 epis: 0.2763 loss: 282.7869 
episode: 128 count: 1000 score: 81.0864 average_last200: -104.7674 epis: 0.2735 loss: 255.6668 
episode: 129 count: 136 score: -98.7524 average_last200: -104.7211 epis: 0.2708 loss: 33.0184 
episode: 130 count: 1000 score: -47.0642 average_last200: -104.2810 epis: 0.2680 loss: 239.5100 
episode: 131 count: 1000 score: 63.4217 average_last200: -103.0105 epis: 0.2654 loss: 225.8771 
episode: 132 count: 658 score: 198.9944 average_last200: -100.7398 epis: 0.2627 loss: 147.1587 
episode: 133 count: 1000 score: 71.2822 average_last200: -99.4561 epis: 0.2601 loss: 209.5137 
episode: 134 count: 99 score: -38.0798 average_last200: -99.0014 epis: 0.2575 loss: 20.5690 
episode: 135 count: 215 score: 209.7899 average_last200: -96.7309 epis: 0.2549 loss: 43.8568 
episode: 136 count: 1000 score: 122.0641 average_last200: -95.1339 epis: 0.2524 loss: 203.7779 
episode: 137 count: 1000 score: 32.9185 average_last200: -94.2059 epis: 0.2498 loss: 201.5163 
episode: 138 count: 1000 score: 14.1750 average_last200: -93.4262 epis: 0.2473 loss: 182.5136 
episode: 139 count: 726 score: 207.1173 average_last200: -91.2795 epis: 0.2449 loss: 126.7412 
episode: 140 count: 1000 score: 32.9987 average_last200: -90.3981 epis: 0.2424 loss: 165.8892 
episode: 141 count: 86 score: -23.4295 average_last200: -89.9265 epis: 0.2400 loss: 13.3282 
episode: 142 count: 643 score: 153.5502 average_last200: -88.2238 epis: 0.2376 loss: 101.9301 
episode: 143 count: 1000 score: 50.1290 average_last200: -87.2631 epis: 0.2352 loss: 139.5195 
episode: 144 count: 738 score: 183.6108 average_last200: -85.3950 epis: 0.2329 loss: 96.3611 
episode: 145 count: 1000 score: 28.9243 average_last200: -84.6120 epis: 0.2305 loss: 129.3477 
episode: 146 count: 1000 score: -13.3294 average_last200: -84.1270 epis: 0.2282 loss: 128.9603 
episode: 147 count: 729 score: 135.0421 average_last200: -82.6462 epis: 0.2259 loss: 94.2432 
episode: 148 count: 104 score: -10.8398 average_last200: -82.1642 epis: 0.2237 loss: 14.9880 
episode: 149 count: 152 score: -116.5879 average_last200: -82.3937 epis: 0.2215 loss: 21.3622 
episode: 150 count: 118 score: -91.6137 average_last200: -82.4548 epis: 0.2192 loss: 14.6357 
episode: 151 count: 1000 score: 77.6475 average_last200: -81.4015 epis: 0.2170 loss: 129.0000 
episode: 152 count: 1000 score: 13.3462 average_last200: -80.7822 epis: 0.2149 loss: 129.8932 
episode: 153 count: 1000 score: 80.1250 average_last200: -79.7374 epis: 0.2127 loss: 126.9726 
episode: 154 count: 1000 score: 100.2428 average_last200: -78.5762 epis: 0.2106 loss: 120.4300 
episode: 155 count: 489 score: 246.8567 average_last200: -76.4901 epis: 0.2085 loss: 58.8870 
episode: 156 count: 690 score: 183.6305 average_last200: -74.8333 epis: 0.2064 loss: 85.4434 
episode: 157 count: 565 score: 238.2345 average_last200: -72.8518 epis: 0.2043 loss: 70.3253 
episode: 158 count: 597 score: 195.4895 average_last200: -71.1642 epis: 0.2023 loss: 73.2555 
episode: 159 count: 127 score: 2.9787 average_last200: -70.7008 epis: 0.2003 loss: 16.9999 
episode: 160 count: 1000 score: 93.0998 average_last200: -69.6834 epis: 0.1983 loss: 120.8029 
episode: 161 count: 1000 score: 49.3447 average_last200: -68.9486 epis: 0.1963 loss: 120.0104 
episode: 162 count: 1000 score: 15.7820 average_last200: -68.4288 epis: 0.1943 loss: 114.9706 
episode: 163 count: 377 score: 188.0019 average_last200: -66.8652 epis: 0.1924 loss: 40.7451 
episode: 164 count: 1000 score: 18.3760 average_last200: -66.3486 epis: 0.1905 loss: 106.4148 
episode: 165 count: 266 score: -190.4030 average_last200: -67.0959 epis: 0.1886 loss: 29.3256 
episode: 166 count: 900 score: 225.2777 average_last200: -65.3452 epis: 0.1867 loss: 101.8143 
episode: 167 count: 985 score: 240.6335 average_last200: -63.5239 epis: 0.1848 loss: 109.5535 
episode: 168 count: 342 score: 193.7603 average_last200: -62.0015 epis: 0.1830 loss: 37.0126 
episode: 169 count: 1000 score: 68.9332 average_last200: -61.2313 epis: 0.1811 loss: 106.5449 
episode: 170 count: 666 score: 174.4718 average_last200: -59.8529 epis: 0.1793 loss: 66.3160 
episode: 171 count: 710 score: 198.6236 average_last200: -58.3501 epis: 0.1775 loss: 73.8424 
episode: 172 count: 405 score: 194.0948 average_last200: -56.8909 epis: 0.1757 loss: 42.3380 
episode: 173 count: 585 score: 208.4679 average_last200: -55.3659 epis: 0.1740 loss: 61.2981 
episode: 174 count: 338 score: 230.3064 average_last200: -53.7334 epis: 0.1722 loss: 37.8027 
episode: 175 count: 123 score: -52.7964 average_last200: -53.7281 epis: 0.1705 loss: 12.8271 
episode: 176 count: 1000 score: 110.9543 average_last200: -52.7977 epis: 0.1688 loss: 108.1148 
episode: 177 count: 1000 score: 34.3007 average_last200: -52.3084 epis: 0.1671 loss: 104.7730 
episode: 178 count: 1000 score: 69.6071 average_last200: -51.6273 epis: 0.1655 loss: 100.5741 
episode: 179 count: 92 score: -63.9420 average_last200: -51.6957 epis: 0.1638 loss: 8.8651 
episode: 180 count: 211 score: 189.8175 average_last200: -50.3614 epis: 0.1622 loss: 20.9856 
episode: 181 count: 415 score: 217.1525 average_last200: -48.8915 epis: 0.1605 loss: 38.6053 
episode: 182 count: 491 score: 191.9153 average_last200: -47.5756 epis: 0.1589 loss: 45.3009 
episode: 183 count: 406 score: 213.1096 average_last200: -46.1589 epis: 0.1574 loss: 39.2715 
episode: 184 count: 864 score: 197.6407 average_last200: -44.8410 epis: 0.1558 loss: 81.8908 
episode: 185 count: 124 score: -235.3458 average_last200: -45.8653 epis: 0.1542 loss: 12.2424 
episode: 186 count: 565 score: 163.0836 average_last200: -44.7479 epis: 0.1527 loss: 55.4571 
episode: 187 count: 709 score: 211.3273 average_last200: -43.3858 epis: 0.1512 loss: 71.4003 
episode: 188 count: 393 score: 186.8603 average_last200: -42.1676 epis: 0.1496 loss: 38.2684 
episode: 189 count: 458 score: 202.5786 average_last200: -40.8794 epis: 0.1481 loss: 45.9869 
episode: 190 count: 254 score: 246.6613 average_last200: -39.3740 epis: 0.1467 loss: 24.9352 
episode: 191 count: 723 score: 204.1156 average_last200: -38.1058 epis: 0.1452 loss: 75.4086 
episode: 192 count: 500 score: 201.7661 average_last200: -36.8629 epis: 0.1437 loss: 50.9798 
episode: 193 count: 606 score: 153.4079 average_last200: -35.8822 epis: 0.1423 loss: 61.1657 
episode: 194 count: 651 score: 174.1631 average_last200: -34.8050 epis: 0.1409 loss: 69.5987 
episode: 195 count: 416 score: 225.3514 average_last200: -33.4777 epis: 0.1395 loss: 43.3615 
episode: 196 count: 508 score: 206.1162 average_last200: -32.2615 epis: 0.1381 loss: 53.9041 
episode: 197 count: 634 score: 182.6103 average_last200: -31.1762 epis: 0.1367 loss: 70.3189 
episode: 198 count: 1000 score: 59.3596 average_last200: -30.7213 epis: 0.1353 loss: 109.2625 
episode: 199 count: 886 score: 182.9267 average_last200: -29.6531 epis: 0.1340 loss: 91.4016 
episode: 200 count: 251 score: 180.9481 average_last200: -27.7395 epis: 0.1326 loss: 25.4526 
episode: 201 count: 417 score: 194.4778 average_last200: -25.9337 epis: 0.1313 loss: 40.6054 
episode: 202 count: 1000 score: 202.7120 average_last200: -24.2154 epis: 0.1300 loss: 97.9874 
episode: 203 count: 472 score: 163.6343 average_last200: -22.6374 epis: 0.1287 loss: 49.4746 
episode: 204 count: 270 score: 259.9195 average_last200: -19.8127 epis: 0.1274 loss: 28.1912 
episode: 205 count: 510 score: 181.5034 average_last200: -17.8080 epis: 0.1261 loss: 54.2747 
episode: 206 count: 937 score: 170.5741 average_last200: -16.2070 epis: 0.1249 loss: 100.6104 
episode: 207 count: 297 score: 230.6464 average_last200: -12.9695 epis: 0.1236 loss: 31.7927 
episode: 208 count: 530 score: 209.3066 average_last200: -10.0004 epis: 0.1224 loss: 54.0773 
episode: 209 count: 647 score: 199.4507 average_last200: -7.3481 epis: 0.1212 loss: 69.7248 
episode: 210 count: 406 score: 250.5385 average_last200: -5.1825 epis: 0.1200 loss: 44.6341 
episode: 211 count: 307 score: 194.0180 average_last200: -1.7055 epis: 0.1188 loss: 31.9574 
episode: 212 count: 447 score: 257.4906 average_last200: 1.5202 epis: 0.1176 loss: 49.4111 
episode: 213 count: 295 score: 212.5634 average_last200: 3.1172 epis: 0.1164 loss: 34.2808 
episode: 214 count: 512 score: 243.8658 average_last200: 5.0692 epis: 0.1152 loss: 57.0579 
episode: 215 count: 364 score: 242.1478 average_last200: 6.9608 epis: 0.1141 loss: 43.5270 
episode: 216 count: 287 score: 231.3460 average_last200: 9.4002 epis: 0.1129 loss: 36.0184 
episode: 217 count: 225 score: 201.9422 average_last200: 11.0726 epis: 0.1118 loss: 28.4327 
episode: 218 count: 143 score: 9.1759 average_last200: 11.9003 epis: 0.1107 loss: 17.4131 
episode: 219 count: 877 score: 210.0487 average_last200: 14.6554 epis: 0.1096 loss: 108.3269 
episode: 220 count: 492 score: 188.7900 average_last200: 16.2550 epis: 0.1085 loss: 62.4085 
episode: 221 count: 396 score: 233.0137 average_last200: 19.0458 epis: 0.1074 loss: 49.2677 
episode: 222 count: 195 score: 192.0958 average_last200: 21.1035 epis: 0.1063 loss: 25.6127 
episode: 223 count: 338 score: 222.4899 average_last200: 23.2367 epis: 0.1053 loss: 41.7067 
episode: 224 count: 671 score: 177.9570 average_last200: 24.7703 epis: 0.1042 loss: 81.2205 
episode: 225 count: 163 score: -23.5045 average_last200: 25.4136 epis: 0.1032 loss: 20.1457 
episode: 226 count: 198 score: 220.4265 average_last200: 27.9077 epis: 0.1021 loss: 24.9880 
episode: 227 count: 310 score: 239.4397 average_last200: 30.2526 epis: 0.1011 loss: 39.3603 
episode: 228 count: 365 score: 247.9235 average_last200: 32.6083 epis: 0.1001 loss: 45.0298 
episode: 229 count: 309 score: 258.1292 average_last200: 34.7328 epis: 0.0991 loss: 37.5119 
episode: 230 count: 230 score: 216.5772 average_last200: 36.0597 epis: 0.0981 loss: 29.7084 
episode: 231 count: 125 score: -37.4534 average_last200: 37.5637 epis: 0.0971 loss: 16.1555 
episode: 232 count: 383 score: 199.0871 average_last200: 39.0365 epis: 0.0962 loss: 48.4460 
episode: 233 count: 366 score: 213.8723 average_last200: 40.6949 epis: 0.0952 loss: 46.3910 
episode: 234 count: 326 score: 250.2064 average_last200: 42.4808 epis: 0.0942 loss: 43.3072 
episode: 235 count: 511 score: 238.4457 average_last200: 44.4194 epis: 0.0933 loss: 65.5332 
episode: 236 count: 523 score: 210.4803 average_last200: 46.0161 epis: 0.0924 loss: 69.4400 
episode: 237 count: 494 score: 201.6431 average_last200: 47.4121 epis: 0.0914 loss: 66.0538 
episode: 238 count: 117 score: -84.8514 average_last200: 47.5257 epis: 0.0905 loss: 15.7953 
episode: 239 count: 487 score: 205.8448 average_last200: 49.5994 epis: 0.0896 loss: 62.0011 
episode: 240 count: 223 score: 256.3344 average_last200: 51.4637 epis: 0.0887 loss: 29.6072 
episode: 241 count: 264 score: 254.4445 average_last200: 53.4602 epis: 0.0878 loss: 34.4955 
episode: 242 count: 1000 score: 61.1466 average_last200: 54.1843 epis: 0.0870 loss: 132.8803 
episode: 243 count: 227 score: 189.4304 average_last200: 55.5664 epis: 0.0861 loss: 28.5798 
episode: 244 count: 471 score: 231.6741 average_last200: 57.4256 epis: 0.0852 loss: 62.1352 
episode: 245 count: 258 score: 214.2221 average_last200: 58.6769 epis: 0.0844 loss: 32.3497 
episode: 246 count: 332 score: 189.7405 average_last200: 59.9650 epis: 0.0835 loss: 42.5594 
episode: 247 count: 745 score: 169.2995 average_last200: 61.2883 epis: 0.0827 loss: 98.9811 
episode: 248 count: 360 score: 171.6340 average_last200: 62.9493 epis: 0.0819 loss: 51.0707 
episode: 249 count: 746 score: 186.5183 average_last200: 64.3396 epis: 0.0811 loss: 95.1496 
episode: 250 count: 393 score: 184.7935 average_last200: 65.8610 epis: 0.0802 loss: 51.4122 
episode: 251 count: 573 score: 249.0479 average_last200: 67.3492 epis: 0.0794 loss: 74.6301 
episode: 252 count: 348 score: 215.1445 average_last200: 68.6347 epis: 0.0787 loss: 45.0116 
episode: 253 count: 264 score: 237.4331 average_last200: 70.4931 epis: 0.0779 loss: 34.0649 
episode: 254 count: 1000 score: 101.3840 average_last200: 71.4364 epis: 0.0771 loss: 131.6176 
episode: 255 count: 392 score: 210.3300 average_last200: 72.8670 epis: 0.0763 loss: 49.8704 
episode: 256 count: 298 score: 217.6506 average_last200: 74.7179 epis: 0.0756 loss: 40.2969 
episode: 257 count: 203 score: 220.3329 average_last200: 76.3756 epis: 0.0748 loss: 27.2427 
episode: 258 count: 371 score: -160.9856 average_last200: 75.7749 epis: 0.0740 loss: 47.7476 
episode: 259 count: 434 score: 185.3553 average_last200: 76.9211 epis: 0.0733 loss: 57.0526 
episode: 260 count: 383 score: 218.5437 average_last200: 79.4267 epis: 0.0726 loss: 52.0213 
episode: 261 count: 254 score: 204.9684 average_last200: 81.4203 epis: 0.0718 loss: 34.3903 
episode: 262 count: 684 score: 134.2202 average_last200: 82.4322 epis: 0.0711 loss: 87.8349 
episode: 263 count: 268 score: 197.1891 average_last200: 83.6826 epis: 0.0704 loss: 36.2199 
episode: 264 count: 395 score: 249.5671 average_last200: 85.3566 epis: 0.0697 loss: 53.1265 
episode: 265 count: 213 score: 201.3716 average_last200: 86.5923 epis: 0.0690 loss: 28.6342 
episode: 266 count: 532 score: 167.9162 average_last200: 87.9082 epis: 0.0683 loss: 74.2211 
episode: 267 count: 526 score: 244.7972 average_last200: 89.5267 epis: 0.0676 loss: 69.8552 
episode: 268 count: 282 score: 206.3089 average_last200: 91.0103 epis: 0.0670 loss: 34.3124 
episode: 269 count: 493 score: 201.6609 average_last200: 92.2548 epis: 0.0663 loss: 60.2600 
episode: 270 count: 1000 score: 18.8617 average_last200: 92.5250 epis: 0.0656 loss: 136.9907 
episode: 271 count: 952 score: 64.7679 average_last200: 92.8054 epis: 0.0650 loss: 121.8479 
episode: 272 count: 268 score: 203.3537 average_last200: 94.3140 epis: 0.0643 loss: 34.2893 
episode: 273 count: 905 score: 155.0212 average_last200: 95.3503 epis: 0.0637 loss: 114.3595 
episode: 274 count: 1000 score: 99.6082 average_last200: 96.1124 epis: 0.0630 loss: 120.0999 
episode: 275 count: 545 score: 212.5279 average_last200: 97.5134 epis: 0.0624 loss: 64.2888 
episode: 276 count: 343 score: 247.4507 average_last200: 99.0005 epis: 0.0618 loss: 39.8549 
episode: 277 count: 369 score: 206.7166 average_last200: 100.1975 epis: 0.0612 loss: 39.7883 
episode: 278 count: 925 score: 209.0786 average_last200: 102.3140 epis: 0.0606 loss: 107.1365 
episode: 279 count: 304 score: 215.2387 average_last200: 103.5214 epis: 0.0600 loss: 35.7239 
episode: 280 count: 537 score: 221.8651 average_last200: 104.8043 epis: 0.0594 loss: 62.2515 
episode: 281 count: 210 score: 217.8648 average_last200: 106.0113 epis: 0.0588 loss: 22.2993 
episode: 282 count: 315 score: 218.1149 average_last200: 107.4079 epis: 0.0582 loss: 35.4540 
episode: 283 count: 536 score: 179.8476 average_last200: 108.5896 epis: 0.0576 loss: 61.8870 
episode: 284 count: 203 score: 226.1675 average_last200: 110.0063 epis: 0.0570 loss: 22.8575 
episode: 285 count: 130 score: -282.2549 average_last200: 108.6680 epis: 0.0565 loss: 14.3822 
episode: 286 count: 347 score: 175.9034 average_last200: 109.6080 epis: 0.0559 loss: 42.9157 
episode: 287 count: 638 score: 229.7670 average_last200: 111.0280 epis: 0.0553 loss: 73.2070 
episode: 288 count: 675 score: 192.4550 average_last200: 112.2589 epis: 0.0548 loss: 79.0065 
episode: 289 count: 881 score: 225.6172 average_last200: 113.3106 epis: 0.0542 loss: 100.6154 
episode: 290 count: 1000 score: 126.8539 average_last200: 114.2663 epis: 0.0537 loss: 112.2222 
episode: 291 count: 405 score: 206.1276 average_last200: 115.4992 epis: 0.0531 loss: 44.2110 
episode: 292 count: 243 score: 217.6869 average_last200: 117.8066 epis: 0.0526 loss: 26.6652 
episode: 293 count: 405 score: 216.6204 average_last200: 119.6290 epis: 0.0521 loss: 44.9460 
episode: 294 count: 231 score: 222.0667 average_last200: 122.0566 epis: 0.0516 loss: 25.3722 
episode: 295 count: 544 score: 229.6643 average_last200: 123.3023 epis: 0.0511 loss: 58.4563 
episode: 296 count: 169 score: -19.2972 average_last200: 123.5648 epis: 0.0505 loss: 17.8319 
episode: 297 count: 303 score: 198.9700 average_last200: 124.6184 epis: 0.0500 loss: 31.6975 
episode: 298 count: 306 score: 230.0348 average_last200: 126.2278 epis: 0.0495 loss: 36.9331 
episode: 299 count: 282 score: 269.1854 average_last200: 128.4457 epis: 0.0490 loss: 33.3398 
episode: 300 count: 443 score: 271.2690 average_last200: 131.2210 epis: 0.0486 loss: 50.0340 
episode: 301 count: 237 score: 203.3187 average_last200: 131.8141 epis: 0.0481 loss: 25.3734 
episode: 302 count: 288 score: 241.8151 average_last200: 133.9804 epis: 0.0476 loss: 32.6570 
episode: 303 count: 279 score: 186.7468 average_last200: 134.6945 epis: 0.0471 loss: 30.2789 
episode: 304 count: 1000 score: 111.7835 average_last200: 135.3176 epis: 0.0466 loss: 104.0730 
episode: 305 count: 573 score: 182.9591 average_last200: 136.1100 epis: 0.0462 loss: 60.3023 
episode: 306 count: 660 score: 181.8449 average_last200: 136.8241 epis: 0.0457 loss: 64.0547 
episode: 307 count: 302 score: 233.7431 average_last200: 137.9329 epis: 0.0453 loss: 30.0845 
episode: 308 count: 350 score: 206.6850 average_last200: 139.1772 epis: 0.0448 loss: 35.5082 
episode: 309 count: 266 score: 242.3581 average_last200: 141.2946 epis: 0.0444 loss: 26.2173 
episode: 310 count: 300 score: 234.5183 average_last200: 141.9134 epis: 0.0439 loss: 30.7047 
episode: 311 count: 323 score: 198.3435 average_last200: 143.2174 epis: 0.0435 loss: 30.2524 
episode: 312 count: 170 score: -28.3993 average_last200: 143.2340 epis: 0.0430 loss: 15.7979 
episode: 313 count: 272 score: 225.1443 average_last200: 145.0989 epis: 0.0426 loss: 25.9757 
episode: 314 count: 321 score: 190.1109 average_last200: 146.3639 epis: 0.0422 loss: 31.7379 
episode: 315 count: 272 score: 214.7068 average_last200: 147.7181 epis: 0.0418 loss: 26.5552 
episode: 316 count: 285 score: 225.8326 average_last200: 150.2572 epis: 0.0413 loss: 30.5364 
episode: 317 count: 243 score: 215.9254 average_last200: 151.0815 epis: 0.0409 loss: 26.2093 
episode: 318 count: 675 score: 193.3619 average_last200: 151.8355 epis: 0.0405 loss: 72.2551 
episode: 319 count: 1000 score: 114.1177 average_last200: 152.2080 epis: 0.0401 loss: 108.7260 
episode: 320 count: 458 score: 223.5751 average_last200: 152.8745 epis: 0.0397 loss: 43.4903 
episode: 321 count: 182 score: -14.1137 average_last200: 152.8561 epis: 0.0393 loss: 16.8736 
episode: 322 count: 729 score: 197.4187 average_last200: 153.4365 epis: 0.0389 loss: 79.8434 
episode: 323 count: 196 score: 6.0404 average_last200: 152.9991 epis: 0.0385 loss: 20.2743 
episode: 324 count: 354 score: 188.0678 average_last200: 153.0206 epis: 0.0381 loss: 36.9775 
episode: 325 count: 555 score: 217.6494 average_last200: 154.1882 epis: 0.0378 loss: 58.8837 
episode: 326 count: 241 score: 202.4272 average_last200: 154.7650 epis: 0.0374 loss: 24.1232 
episode: 327 count: 877 score: 194.8660 average_last200: 155.4593 epis: 0.0370 loss: 91.9314 
episode: 328 count: 385 score: 253.1292 average_last200: 156.3196 epis: 0.0366 loss: 40.0511 
episode: 329 count: 1000 score: 99.7596 average_last200: 157.3121 epis: 0.0363 loss: 100.4682 
episode: 330 count: 1000 score: 114.5194 average_last200: 158.1200 epis: 0.0359 loss: 92.7576 
episode: 331 count: 179 score: -340.4336 average_last200: 156.1008 epis: 0.0356 loss: 15.6440 
episode: 332 count: 759 score: 204.3318 average_last200: 156.1274 epis: 0.0352 loss: 68.9679 
episode: 333 count: 167 score: -5.4052 average_last200: 155.7440 epis: 0.0348 loss: 15.6246 
episode: 334 count: 693 score: 248.5605 average_last200: 157.1772 epis: 0.0345 loss: 64.8552 
episode: 335 count: 261 score: 222.4837 average_last200: 157.2407 epis: 0.0342 loss: 25.6681 
episode: 336 count: 507 score: 215.5510 average_last200: 157.7081 epis: 0.0338 loss: 46.4236 
episode: 337 count: 227 score: -18.0203 average_last200: 157.4534 epis: 0.0335 loss: 22.7726 
episode: 338 count: 724 score: 224.6043 average_last200: 158.5056 epis: 0.0331 loss: 67.4698 
episode: 339 count: 280 score: 212.1785 average_last200: 158.5309 epis: 0.0328 loss: 26.4870 
episode: 340 count: 584 score: 232.1869 average_last200: 159.5268 epis: 0.0325 loss: 55.3664 
episode: 341 count: 197 score: 221.9008 average_last200: 160.7535 epis: 0.0322 loss: 17.4834 
episode: 342 count: 243 score: 197.2836 average_last200: 160.9721 epis: 0.0318 loss: 22.1267 
episode: 343 count: 221 score: 231.1745 average_last200: 161.8774 epis: 0.0315 loss: 19.9376 
episode: 344 count: 265 score: 273.7035 average_last200: 162.3278 epis: 0.0312 loss: 23.1211 
episode: 345 count: 160 score: -38.4096 average_last200: 161.9912 epis: 0.0309 loss: 14.9093 
episode: 346 count: 218 score: 220.7443 average_last200: 163.1615 epis: 0.0306 loss: 21.6679 
episode: 347 count: 488 score: 252.9312 average_last200: 163.7510 epis: 0.0303 loss: 50.1756 
episode: 348 count: 330 score: 233.4664 average_last200: 164.9725 epis: 0.0300 loss: 30.4699 
episode: 349 count: 282 score: 228.4791 average_last200: 166.6978 epis: 0.0297 loss: 27.8159 
episode: 350 count: 218 score: 225.6925 average_last200: 168.2844 epis: 0.0294 loss: 20.6663 
episode: 351 count: 376 score: -249.9906 average_last200: 166.6462 epis: 0.0291 loss: 37.8356 
episode: 352 count: 201 score: 221.0120 average_last200: 167.6845 epis: 0.0288 loss: 22.2264 
episode: 353 count: 198 score: 215.3340 average_last200: 168.3606 epis: 0.0285 loss: 22.4799 
episode: 354 count: 292 score: 223.5411 average_last200: 168.9770 epis: 0.0282 loss: 31.9846 
episode: 355 count: 226 score: 208.7391 average_last200: 168.7865 epis: 0.0279 loss: 25.5441 
episode: 356 count: 139 score: -45.3371 average_last200: 167.6416 epis: 0.0277 loss: 16.7005 
episode: 357 count: 174 score: 217.6462 average_last200: 167.5387 epis: 0.0274 loss: 20.3691 
episode: 358 count: 533 score: 211.2565 average_last200: 167.6175 epis: 0.0271 loss: 61.3553 
episode: 359 count: 235 score: 183.2172 average_last200: 168.5187 epis: 0.0268 loss: 30.8258 
episode: 360 count: 282 score: 249.1684 average_last200: 169.2990 epis: 0.0266 loss: 30.9688 
episode: 361 count: 195 score: 221.3118 average_last200: 170.1589 epis: 0.0263 loss: 21.3040 
episode: 362 count: 128 score: 0.3715 average_last200: 170.0818 epis: 0.0260 loss: 16.5832 
episode: 363 count: 214 score: 217.1893 average_last200: 170.2278 epis: 0.0258 loss: 25.9254 
episode: 364 count: 318 score: 252.2813 average_last200: 171.3973 epis: 0.0255 loss: 38.6057 
episode: 365 count: 164 score: 2.5577 average_last200: 172.3621 epis: 0.0253 loss: 21.0332 
episode: 366 count: 159 score: -36.8648 average_last200: 171.0514 epis: 0.0250 loss: 20.8475 
episode: 367 count: 248 score: 239.0737 average_last200: 171.0436 epis: 0.0248 loss: 31.8940 
episode: 368 count: 812 score: 192.4408 average_last200: 171.0370 epis: 0.0245 loss: 97.3333 
episode: 369 count: 244 score: 207.3933 average_last200: 171.7293 epis: 0.0243 loss: 30.3126 
episode: 370 count: 380 score: 239.4026 average_last200: 172.0539 epis: 0.0240 loss: 47.4729 
episode: 371 count: 257 score: 213.0459 average_last200: 172.1261 epis: 0.0238 loss: 31.4648 
episode: 372 count: 254 score: 239.2762 average_last200: 172.3520 epis: 0.0235 loss: 33.2327 
episode: 373 count: 240 score: 209.8068 average_last200: 172.3587 epis: 0.0233 loss: 30.4337 
episode: 374 count: 260 score: 211.0467 average_last200: 172.2624 epis: 0.0231 loss: 35.0973 
episode: 375 count: 216 score: 247.6420 average_last200: 173.7645 epis: 0.0228 loss: 26.0929 
episode: 376 count: 61 score: -188.4295 average_last200: 172.2676 epis: 0.0226 loss: 7.1111 
episode: 377 count: 287 score: 206.1755 average_last200: 173.1270 epis: 0.0224 loss: 36.5755 
episode: 378 count: 286 score: 247.6147 average_last200: 174.0170 epis: 0.0222 loss: 38.5104 
episode: 379 count: 267 score: 215.9427 average_last200: 175.4165 epis: 0.0219 loss: 34.0311 
episode: 380 count: 479 score: 239.6232 average_last200: 175.6655 epis: 0.0217 loss: 66.5676 
episode: 381 count: 678 score: 230.0318 average_last200: 175.7299 epis: 0.0215 loss: 89.9060 
episode: 382 count: 179 score: 1.6649 average_last200: 174.7786 epis: 0.0213 loss: 23.4761 
episode: 383 count: 203 score: 221.1773 average_last200: 174.8190 epis: 0.0211 loss: 25.5319 
episode: 384 count: 609 score: 224.0034 average_last200: 174.9508 epis: 0.0209 loss: 76.9934 
episode: 385 count: 346 score: 254.1331 average_last200: 177.3982 epis: 0.0207 loss: 45.2277 
episode: 386 count: 587 score: 183.7427 average_last200: 177.5015 epis: 0.0205 loss: 79.0566 
episode: 387 count: 290 score: 232.9118 average_last200: 177.6094 epis: 0.0203 loss: 38.1078 
episode: 388 count: 195 score: 220.7250 average_last200: 177.7787 epis: 0.0200 loss: 23.9569 
episode: 389 count: 337 score: 208.7967 average_last200: 177.8098 epis: 0.0198 loss: 44.0798 
episode: 390 count: 338 score: 219.3988 average_last200: 177.6735 epis: 0.0196 loss: 43.5222 
episode: 391 count: 225 score: 238.2126 average_last200: 177.8440 epis: 0.0195 loss: 29.7377 
episode: 392 count: 232 score: 232.6627 average_last200: 177.9985 epis: 0.0193 loss: 28.5068 
episode: 393 count: 235 score: 247.1949 average_last200: 178.4674 epis: 0.0191 loss: 30.0282 
episode: 394 count: 203 score: 213.7569 average_last200: 178.6654 epis: 0.0189 loss: 25.7157 
episode: 395 count: 326 score: 207.0857 average_last200: 178.5741 epis: 0.0187 loss: 45.3856 
episode: 396 count: 158 score: 8.8326 average_last200: 177.5876 epis: 0.0185 loss: 22.4068 
episode: 397 count: 162 score: -15.5399 average_last200: 176.5969 epis: 0.0183 loss: 21.0673 
episode: 398 count: 160 score: 3.0342 average_last200: 176.3153 epis: 0.0181 loss: 21.7499 
episode: 399 count: 138 score: -8.4906 average_last200: 175.3582 epis: 0.0180 loss: 19.4817 
episode: 400 count: 203 score: 236.7671 average_last200: 175.6373 epis: 0.0178 loss: 28.7205 
episode: 401 count: 157 score: -4.3026 average_last200: 174.6434 epis: 0.0176 loss: 22.9073 
episode: 402 count: 107 score: -54.2958 average_last200: 173.3583 epis: 0.0174 loss: 14.5783 
episode: 403 count: 112 score: -48.9797 average_last200: 172.2953 epis: 0.0172 loss: 15.3522 
episode: 404 count: 161 score: 224.0695 average_last200: 172.1160 epis: 0.0171 loss: 22.8601 
episode: 405 count: 131 score: -47.4160 average_last200: 170.9714 epis: 0.0169 loss: 18.8403 
episode: 406 count: 167 score: -25.3487 average_last200: 169.9918 epis: 0.0167 loss: 24.3087 
episode: 407 count: 278 score: 205.3413 average_last200: 169.8653 epis: 0.0166 loss: 42.3896 
episode: 408 count: 149 score: -17.3891 average_last200: 168.7318 epis: 0.0164 loss: 21.1783 
episode: 409 count: 223 score: 227.8391 average_last200: 168.8737 epis: 0.0162 loss: 34.4304 
episode: 410 count: 162 score: -8.5628 average_last200: 167.5782 epis: 0.0161 loss: 23.8429 
episode: 411 count: 150 score: -8.3164 average_last200: 166.5666 epis: 0.0159 loss: 23.4954 
episode: 412 count: 177 score: 9.6948 average_last200: 165.3276 epis: 0.0158 loss: 27.9036 
episode: 413 count: 321 score: 235.6468 average_last200: 165.4430 epis: 0.0156 loss: 50.5737 
episode: 414 count: 156 score: -3.1016 average_last200: 164.2082 epis: 0.0154 loss: 24.3322 
episode: 415 count: 134 score: -39.4659 average_last200: 162.8001 epis: 0.0153 loss: 19.7929 
episode: 416 count: 188 score: 238.4226 average_last200: 162.8355 epis: 0.0151 loss: 28.5497 
episode: 417 count: 150 score: -30.5681 average_last200: 161.6729 epis: 0.0150 loss: 22.9807 
episode: 418 count: 280 score: 242.4119 average_last200: 162.8391 epis: 0.0148 loss: 42.9800 
episode: 419 count: 231 score: 217.8955 average_last200: 162.8783 epis: 0.0147 loss: 36.6142 
episode: 420 count: 183 score: 15.8118 average_last200: 162.0134 epis: 0.0145 loss: 31.9449 
episode: 421 count: 177 score: -15.7286 average_last200: 160.7697 epis: 0.0144 loss: 26.6287 
episode: 422 count: 114 score: 14.9184 average_last200: 159.8838 epis: 0.0142 loss: 20.0236 
episode: 423 count: 186 score: -11.4040 average_last200: 158.7144 epis: 0.0141 loss: 29.9285 
episode: 424 count: 185 score: -31.7680 average_last200: 157.6657 epis: 0.0140 loss: 30.9688 
episode: 425 count: 189 score: 199.7767 average_last200: 158.7822 epis: 0.0138 loss: 31.5984 
episode: 426 count: 147 score: -8.5618 average_last200: 157.6372 epis: 0.0137 loss: 26.4015 
episode: 427 count: 123 score: -34.3259 average_last200: 156.2684 epis: 0.0135 loss: 20.9401 
episode: 428 count: 143 score: -16.9237 average_last200: 154.9441 epis: 0.0134 loss: 22.4152 
episode: 429 count: 167 score: 1.6775 average_last200: 153.6619 epis: 0.0133 loss: 26.8634 
episode: 430 count: 297 score: 219.5697 average_last200: 153.6768 epis: 0.0131 loss: 44.2924 
episode: 431 count: 235 score: 214.8598 average_last200: 154.9384 epis: 0.0130 loss: 36.8729 
episode: 432 count: 189 score: 1.5356 average_last200: 153.9507 epis: 0.0129 loss: 31.5337 
episode: 433 count: 188 score: 208.5361 average_last200: 153.9240 epis: 0.0128 loss: 30.4770 
episode: 434 count: 181 score: -45.9082 average_last200: 152.4434 epis: 0.0126 loss: 28.0787 
episode: 435 count: 228 score: 228.6009 average_last200: 152.3942 epis: 0.0125 loss: 37.3870 
episode: 436 count: 141 score: -16.2015 average_last200: 151.2608 epis: 0.0124 loss: 24.8538 
episode: 437 count: 177 score: 7.5818 average_last200: 150.2905 epis: 0.0123 loss: 27.9460 
episode: 438 count: 306 score: 218.8130 average_last200: 151.8088 epis: 0.0121 loss: 49.9964 
episode: 439 count: 160 score: -2.8884 average_last200: 150.7651 epis: 0.0120 loss: 24.8277 
episode: 440 count: 301 score: 232.5329 average_last200: 150.6461 epis: 0.0119 loss: 48.6563 
episode: 441 count: 158 score: -19.6536 average_last200: 149.2756 epis: 0.0118 loss: 24.8387 
episode: 442 count: 146 score: -17.4775 average_last200: 148.8825 epis: 0.0117 loss: 23.1129 
episode: 443 count: 108 score: 3.7224 average_last200: 147.9540 epis: 0.0115 loss: 17.3474 
episode: 444 count: 140 score: -16.8792 average_last200: 146.7112 epis: 0.0114 loss: 23.4188 
episode: 445 count: 278 score: 214.7882 average_last200: 146.7140 epis: 0.0113 loss: 45.7585 
episode: 446 count: 141 score: -0.4637 average_last200: 145.7630 epis: 0.0112 loss: 24.8357 
episode: 447 count: 232 score: 220.9865 average_last200: 146.0214 epis: 0.0111 loss: 39.8447 
episode: 448 count: 422 score: 243.0842 average_last200: 146.3787 epis: 0.0110 loss: 67.2505 
episode: 449 count: 190 score: 4.2632 average_last200: 145.4674 epis: 0.0109 loss: 31.8845 
episode: 450 count: 138 score: 3.2263 average_last200: 144.5596 epis: 0.0108 loss: 22.2924 
episode: 451 count: 174 score: -8.5547 average_last200: 143.2716 epis: 0.0106 loss: 26.5446 
episode: 452 count: 175 score: -5.6562 average_last200: 142.1676 epis: 0.0105 loss: 28.9457 
episode: 453 count: 249 score: 224.4413 average_last200: 142.1026 epis: 0.0104 loss: 41.0656 
episode: 454 count: 259 score: 243.4148 average_last200: 142.8128 epis: 0.0103 loss: 43.8390 
episode: 455 count: 157 score: -13.4947 average_last200: 141.6936 epis: 0.0102 loss: 23.0268 
episode: 456 count: 179 score: 15.4220 average_last200: 140.6825 epis: 0.0101 loss: 30.3758 
episode: 457 count: 181 score: 14.0609 average_last200: 139.6511 epis: 0.0100 loss: 29.5472 
episode: 458 count: 255 score: 245.6059 average_last200: 141.6841 epis: 0.0099 loss: 44.1608 
episode: 459 count: 162 score: 5.5839 average_last200: 140.7852 epis: 0.0098 loss: 26.8316 
episode: 460 count: 211 score: 245.2920 average_last200: 140.9190 epis: 0.0097 loss: 37.0363 
episode: 461 count: 85 score: -228.4261 average_last200: 138.7520 epis: 0.0096 loss: 14.8449 
episode: 462 count: 233 score: 219.4051 average_last200: 139.1779 epis: 0.0095 loss: 38.9252 
episode: 463 count: 293 score: 258.3673 average_last200: 139.4838 epis: 0.0094 loss: 51.6984 
episode: 464 count: 184 score: -15.1527 average_last200: 138.1602 epis: 0.0093 loss: 31.4543 
episode: 465 count: 122 score: -44.5611 average_last200: 136.9306 epis: 0.0092 loss: 20.7267 
episode: 466 count: 236 score: 236.6443 average_last200: 137.2742 epis: 0.0092 loss: 42.4683 
episode: 467 count: 182 score: 17.3377 average_last200: 136.1369 epis: 0.0091 loss: 31.3221 
episode: 468 count: 241 score: 228.1362 average_last200: 136.2460 epis: 0.0090 loss: 43.7965 
episode: 469 count: 211 score: 210.8174 average_last200: 136.2918 epis: 0.0089 loss: 40.3474 
episode: 470 count: 196 score: 223.3846 average_last200: 137.3144 epis: 0.0088 loss: 31.9217 
episode: 471 count: 314 score: 268.9850 average_last200: 138.3355 epis: 0.0087 loss: 59.8856 
episode: 472 count: 225 score: 214.8165 average_last200: 138.3928 epis: 0.0086 loss: 40.2613 
episode: 473 count: 304 score: 197.7764 average_last200: 138.6066 epis: 0.0085 loss: 57.2222 
episode: 474 count: 356 score: 207.9871 average_last200: 139.1485 epis: 0.0084 loss: 63.0003 
episode: 475 count: 329 score: 225.9144 average_last200: 139.2154 epis: 0.0084 loss: 60.9889 
episode: 476 count: 123 score: -11.2815 average_last200: 137.9218 epis: 0.0083 loss: 23.3940 
episode: 477 count: 239 score: 236.4163 average_last200: 138.0703 epis: 0.0082 loss: 43.4991 
episode: 478 count: 258 score: 232.6215 average_last200: 138.1880 epis: 0.0081 loss: 47.0749 
episode: 479 count: 313 score: 241.6614 average_last200: 138.3201 epis: 0.0080 loss: 53.0599 
episode: 480 count: 257 score: 228.0100 average_last200: 138.3508 epis: 0.0080 loss: 44.5827 
episode: 481 count: 111 score: -14.5243 average_last200: 137.1889 epis: 0.0079 loss: 21.3155 
episode: 482 count: 278 score: 206.6940 average_last200: 137.1318 epis: 0.0078 loss: 51.0476 
episode: 483 count: 245 score: 225.7730 average_last200: 137.3614 epis: 0.0077 loss: 45.4125 
episode: 484 count: 372 score: 205.3788 average_last200: 137.2575 epis: 0.0076 loss: 69.6700 
episode: 485 count: 159 score: 20.2686 average_last200: 138.7701 epis: 0.0076 loss: 28.3562 
episode: 486 count: 172 score: 236.9388 average_last200: 139.0753 epis: 0.0075 loss: 30.6850 
episode: 487 count: 143 score: -24.4103 average_last200: 137.8044 epis: 0.0074 loss: 25.5675 
episode: 488 count: 140 score: 13.2488 average_last200: 136.9083 epis: 0.0073 loss: 26.8512 
episode: 489 count: 353 score: 223.6929 average_last200: 136.8987 epis: 0.0073 loss: 64.3894 
episode: 490 count: 185 score: -40.3366 average_last200: 136.0628 epis: 0.0072 loss: 35.6389 
episode: 491 count: 205 score: 212.3099 average_last200: 136.0937 epis: 0.0071 loss: 37.3468 
episode: 492 count: 321 score: 234.9234 average_last200: 136.1799 epis: 0.0070 loss: 59.5283 
episode: 493 count: 463 score: 239.4313 average_last200: 136.2939 epis: 0.0070 loss: 85.8814 
episode: 494 count: 195 score: -0.8051 average_last200: 135.1795 epis: 0.0069 loss: 36.4222 
episode: 495 count: 172 score: 221.1751 average_last200: 135.1371 epis: 0.0068 loss: 32.0923 
episode: 496 count: 170 score: 222.7929 average_last200: 136.3476 epis: 0.0068 loss: 31.0551 
episode: 497 count: 117 score: 4.1256 average_last200: 135.3733 epis: 0.0067 loss: 21.9250 
episode: 498 count: 202 score: 219.8461 average_last200: 135.3224 epis: 0.0066 loss: 36.8355 
episode: 499 count: 163 score: 200.9639 average_last200: 134.9813 epis: 0.0066 loss: 32.5318 
episode: 500 count: 212 score: 234.2305 average_last200: 134.7961 epis: 0.0065 loss: 39.4090 
episode: 501 count: 201 score: 203.3037 average_last200: 134.7960 epis: 0.0064 loss: 38.9694 
episode: 502 count: 189 score: 220.4085 average_last200: 134.6890 epis: 0.0064 loss: 37.0407 
episode: 503 count: 173 score: 210.7234 average_last200: 134.8089 epis: 0.0063 loss: 33.8572 
episode: 504 count: 156 score: 213.1034 average_last200: 135.3155 epis: 0.0062 loss: 30.2439 
episode: 505 count: 395 score: 209.9040 average_last200: 135.4502 epis: 0.0062 loss: 74.1517 
episode: 506 count: 192 score: -19.5044 average_last200: 134.4434 epis: 0.0061 loss: 35.4577 
episode: 507 count: 184 score: 239.0813 average_last200: 134.4701 epis: 0.0061 loss: 36.4087 
episode: 508 count: 187 score: 220.9620 average_last200: 134.5415 epis: 0.0060 loss: 32.1030 
episode: 509 count: 181 score: -9.4368 average_last200: 133.2825 epis: 0.0059 loss: 33.2271 
episode: 510 count: 188 score: 232.0567 average_last200: 133.2702 epis: 0.0059 loss: 32.8469 
episode: 511 count: 228 score: 190.8909 average_last200: 133.2330 epis: 0.0058 loss: 42.2857 
episode: 512 count: 104 score: -31.0996 average_last200: 133.2195 epis: 0.0058 loss: 18.8633 
episode: 513 count: 601 score: 190.4305 average_last200: 133.0459 epis: 0.0057 loss: 114.3791 
episode: 514 count: 271 score: 233.2304 average_last200: 133.2615 epis: 0.0057 loss: 48.8608 
episode: 515 count: 293 score: 222.7771 average_last200: 133.3018 epis: 0.0056 loss: 52.9013 
episode: 516 count: 576 score: 219.3162 average_last200: 133.2693 epis: 0.0055 loss: 101.6836 
episode: 517 count: 190 score: -31.7785 average_last200: 132.0307 epis: 0.0055 loss: 32.1916 
episode: 518 count: 116 score: -44.1210 average_last200: 130.8433 epis: 0.0054 loss: 19.7869 
episode: 519 count: 93 score: -6.9196 average_last200: 130.2381 epis: 0.0054 loss: 16.1647 
episode: 520 count: 189 score: 201.7367 average_last200: 130.1290 epis: 0.0053 loss: 35.4680 
episode: 521 count: 207 score: 210.0986 average_last200: 131.2500 epis: 0.0053 loss: 35.2789 
episode: 522 count: 114 score: -10.1375 average_last200: 130.2122 epis: 0.0052 loss: 19.9476 
episode: 523 count: 267 score: 212.6673 average_last200: 131.2454 epis: 0.0052 loss: 47.0555 
episode: 524 count: 194 score: -19.5050 average_last200: 130.2075 epis: 0.0051 loss: 32.2855 
episode: 525 count: 206 score: 209.7047 average_last200: 130.1678 epis: 0.0051 loss: 38.5825 
episode: 526 count: 169 score: 231.0378 average_last200: 130.3108 epis: 0.0050 loss: 30.2237 
episode: 527 count: 180 score: 1.7562 average_last200: 129.3453 epis: 0.0050 loss: 31.8094 
episode: 528 count: 158 score: -30.9369 average_last200: 127.9250 epis: 0.0049 loss: 27.9641 
episode: 529 count: 335 score: 226.0684 average_last200: 128.5565 epis: 0.0049 loss: 59.4800 
episode: 530 count: 209 score: 219.9891 average_last200: 129.0838 epis: 0.0048 loss: 39.2456 
episode: 531 count: 173 score: 189.7725 average_last200: 131.7349 epis: 0.0048 loss: 31.0211 
episode: 532 count: 282 score: 213.3936 average_last200: 131.7802 epis: 0.0047 loss: 49.8877 
episode: 533 count: 129 score: -48.3835 average_last200: 131.5653 epis: 0.0047 loss: 24.3788 
episode: 534 count: 199 score: -25.4230 average_last200: 130.1954 epis: 0.0046 loss: 33.6787 
episode: 535 count: 185 score: 195.8467 average_last200: 130.0622 epis: 0.0046 loss: 33.6064 
episode: 536 count: 351 score: 208.6045 average_last200: 130.0275 epis: 0.0045 loss: 65.3018 
episode: 537 count: 171 score: -10.1206 average_last200: 130.0670 epis: 0.0045 loss: 30.1761 
episode: 538 count: 296 score: 244.9429 average_last200: 130.1687 epis: 0.0044 loss: 51.9861 
episode: 539 count: 749 score: 211.5747 average_last200: 130.1656 epis: 0.0044 loss: 141.1006 
episode: 540 count: 236 score: -21.7797 average_last200: 128.8958 epis: 0.0044 loss: 41.9967 
episode: 541 count: 383 score: 242.0568 average_last200: 128.9966 epis: 0.0043 loss: 68.9220 
episode: 542 count: 286 score: 223.3429 average_last200: 129.1269 epis: 0.0043 loss: 49.8967 
episode: 543 count: 360 score: 216.6237 average_last200: 129.0541 epis: 0.0042 loss: 68.9485 
episode: 544 count: 177 score: 194.6065 average_last200: 128.6586 epis: 0.0042 loss: 31.1952 
episode: 545 count: 318 score: 207.9854 average_last200: 129.8906 epis: 0.0041 loss: 58.7406 
episode: 546 count: 219 score: 245.1501 average_last200: 130.0126 epis: 0.0041 loss: 39.5793 
episode: 547 count: 222 score: 221.2096 average_last200: 129.8540 epis: 0.0041 loss: 39.7744 
episode: 548 count: 184 score: 215.1121 average_last200: 129.7623 epis: 0.0040 loss: 32.7814 
episode: 549 count: 320 score: 192.2575 average_last200: 129.5812 epis: 0.0040 loss: 58.3441 
episode: 550 count: 168 score: 202.0146 average_last200: 129.4628 epis: 0.0039 loss: 30.1388 
episode: 551 count: 156 score: -22.8190 average_last200: 130.5986 epis: 0.0039 loss: 27.5763 
episode: 552 count: 291 score: 238.6952 average_last200: 130.6870 epis: 0.0039 loss: 52.9767 
episode: 553 count: 198 score: 214.6615 average_last200: 130.6837 epis: 0.0038 loss: 38.3576 
episode: 554 count: 236 score: 226.6719 average_last200: 130.6993 epis: 0.0038 loss: 43.2959 
episode: 555 count: 178 score: 29.3736 average_last200: 129.8025 epis: 0.0037 loss: 33.0785 
episode: 556 count: 177 score: 210.6619 average_last200: 131.0825 epis: 0.0037 loss: 33.7954 
episode: 557 count: 192 score: 216.4486 average_last200: 131.0765 epis: 0.0037 loss: 36.3365 
episode: 558 count: 278 score: 242.6778 average_last200: 131.2336 epis: 0.0036 loss: 53.9057 
episode: 559 count: 198 score: 214.4091 average_last200: 131.3896 epis: 0.0036 loss: 39.5987 
episode: 560 count: 483 score: 255.5408 average_last200: 131.4214 epis: 0.0036 loss: 90.6535 
episode: 561 count: 157 score: 19.4112 average_last200: 130.4119 epis: 0.0035 loss: 30.6035 
episode: 562 count: 255 score: 223.1780 average_last200: 131.5260 epis: 0.0035 loss: 48.9607 
episode: 563 count: 233 score: 201.4677 average_last200: 131.4474 epis: 0.0035 loss: 41.8763 
episode: 564 count: 445 score: 214.3619 average_last200: 131.2578 epis: 0.0034 loss: 83.1578 
episode: 565 count: 155 score: 8.4222 average_last200: 131.2871 epis: 0.0034 loss: 27.9214 
episode: 566 count: 343 score: 249.5131 average_last200: 132.7190 epis: 0.0034 loss: 61.9008 
episode: 567 count: 475 score: 176.3253 average_last200: 132.4052 epis: 0.0033 loss: 92.0870 
episode: 568 count: 231 score: 215.8502 average_last200: 132.5223 epis: 0.0033 loss: 46.3969 
episode: 569 count: 144 score: -17.8220 average_last200: 131.3962 epis: 0.0033 loss: 30.2746 
episode: 570 count: 166 score: 242.7977 average_last200: 131.4132 epis: 0.0032 loss: 32.8023 
episode: 571 count: 250 score: 231.7871 average_last200: 131.5069 epis: 0.0032 loss: 44.7696 
episode: 572 count: 336 score: 197.2388 average_last200: 131.2967 epis: 0.0032 loss: 62.8324 
episode: 573 count: 405 score: 239.3390 average_last200: 131.4444 epis: 0.0031 loss: 76.4218 
episode: 574 count: 192 score: 221.9489 average_last200: 131.4989 epis: 0.0031 loss: 37.6186 
episode: 575 count: 299 score: 211.1276 average_last200: 131.3163 epis: 0.0031 loss: 55.3201 
episode: 576 count: 176 score: 7.9690 average_last200: 132.2983 epis: 0.0030 loss: 34.1841 
episode: 577 count: 258 score: 215.0701 average_last200: 132.3428 epis: 0.0030 loss: 48.2443 
episode: 578 count: 343 score: 208.6442 average_last200: 132.1479 epis: 0.0030 loss: 67.2206 
episode: 579 count: 527 score: 242.5184 average_last200: 132.2808 epis: 0.0029 loss: 97.9276 
episode: 580 count: 283 score: 201.1476 average_last200: 132.0884 epis: 0.0029 loss: 50.9113 
episode: 581 count: 195 score: 225.9834 average_last200: 132.0682 epis: 0.0029 loss: 36.6909 
episode: 582 count: 357 score: 198.9465 average_last200: 133.0546 epis: 0.0029 loss: 67.3421 
episode: 583 count: 309 score: 230.9848 average_last200: 133.1036 epis: 0.0028 loss: 53.4576 
episode: 584 count: 271 score: 260.7004 average_last200: 133.2871 epis: 0.0028 loss: 47.7115 
episode: 585 count: 242 score: 209.1451 average_last200: 133.0622 epis: 0.0028 loss: 44.2439 
episode: 586 count: 261 score: 227.0386 average_last200: 133.2786 epis: 0.0027 loss: 47.1882 
episode: 587 count: 316 score: 227.2190 average_last200: 133.2502 epis: 0.0027 loss: 52.2627 
episode: 588 count: 250 score: 238.3064 average_last200: 133.3381 epis: 0.0027 loss: 45.6819 
episode: 589 count: 356 score: 185.5671 average_last200: 133.2219 epis: 0.0027 loss: 64.4521 
episode: 590 count: 317 score: 218.4858 average_last200: 133.2174 epis: 0.0026 loss: 57.5166 
episode: 591 count: 312 score: 221.3376 average_last200: 133.1330 epis: 0.0026 loss: 54.8875 
episode: 592 count: 230 score: 224.0306 average_last200: 133.0898 epis: 0.0026 loss: 40.6608 
episode: 593 count: 250 score: 210.2380 average_last200: 132.9050 epis: 0.0026 loss: 43.5514 
episode: 594 count: 249 score: 214.0875 average_last200: 132.9067 epis: 0.0025 loss: 45.2989 
episode: 595 count: 225 score: 257.3923 average_last200: 133.1582 epis: 0.0025 loss: 38.8449 
episode: 596 count: 281 score: 205.0090 average_last200: 134.1391 epis: 0.0025 loss: 49.3466 
episode: 597 count: 217 score: 247.8507 average_last200: 135.4561 epis: 0.0025 loss: 33.6685 
episode: 598 count: 203 score: 224.8792 average_last200: 136.5653 epis: 0.0024 loss: 34.5511 
episode: 599 count: 328 score: 226.9273 average_last200: 137.7424 epis: 0.0024 loss: 56.9227 
episode: 600 count: 529 score: 208.5547 average_last200: 137.6013 epis: 0.0024 loss: 89.1795 
episode: 601 count: 218 score: 251.1223 average_last200: 138.8784 epis: 0.0024 loss: 36.5385 
episode: 602 count: 233 score: 247.2079 average_last200: 140.3860 epis: 0.0023 loss: 37.3585 
episode: 603 count: 166 score: 221.7732 average_last200: 141.7397 epis: 0.0023 loss: 29.8209 
episode: 604 count: 274 score: -43.2574 average_last200: 140.4031 epis: 0.0023 loss: 45.0661 
episode: 605 count: 242 score: 264.0861 average_last200: 141.9606 epis: 0.0023 loss: 40.5664 
episode: 606 count: 212 score: 232.3872 average_last200: 143.2493 epis: 0.0022 loss: 35.2373 
episode: 607 count: 268 score: 184.8429 average_last200: 143.1468 epis: 0.0022 loss: 48.7508 
episode: 608 count: 200 score: 221.8906 average_last200: 144.3432 epis: 0.0022 loss: 33.5757 
episode: 609 count: 204 score: 225.0834 average_last200: 144.3294 epis: 0.0022 loss: 37.3061 
episode: 610 count: 296 score: 207.1445 average_last200: 145.4079 epis: 0.0022 loss: 44.8745 
episode: 611 count: 231 score: 230.0789 average_last200: 146.5999 epis: 0.0021 loss: 39.0557 
episode: 612 count: 234 score: -21.5650 average_last200: 146.4436 epis: 0.0021 loss: 39.6184 
episode: 613 count: 310 score: 196.0876 average_last200: 146.2458 epis: 0.0021 loss: 49.1217 
episode: 614 count: 316 score: 234.0648 average_last200: 147.4317 epis: 0.0021 loss: 52.1049 
episode: 615 count: 195 score: 220.0882 average_last200: 148.7294 epis: 0.0020 loss: 33.6562 
episode: 616 count: 196 score: -25.4568 average_last200: 147.4100 epis: 0.0020 loss: 32.0227 
episode: 617 count: 212 score: 219.2599 average_last200: 148.6592 epis: 0.0020 loss: 33.7351 
episode: 618 count: 322 score: 198.0347 average_last200: 148.4373 epis: 0.0020 loss: 52.7780 
episode: 619 count: 315 score: 216.1169 average_last200: 148.4284 epis: 0.0020 loss: 49.9413 
episode: 620 count: 290 score: 185.3197 average_last200: 149.2759 epis: 0.0019 loss: 45.6911 
episode: 621 count: 213 score: 198.9519 average_last200: 150.3493 epis: 0.0019 loss: 35.0024 
episode: 622 count: 165 score: 228.7711 average_last200: 151.4186 epis: 0.0019 loss: 25.7856 
episode: 623 count: 256 score: 253.7252 average_last200: 152.7442 epis: 0.0019 loss: 40.6598 
episode: 624 count: 247 score: 206.6337 average_last200: 153.9363 epis: 0.0019 loss: 38.3720 
episode: 625 count: 276 score: 215.6961 average_last200: 154.0159 epis: 0.0019 loss: 41.8461 
episode: 626 count: 220 score: 261.9476 average_last200: 155.3684 epis: 0.0018 loss: 33.6612 
episode: 627 count: 258 score: 245.9596 average_last200: 156.7698 epis: 0.0018 loss: 42.2056 
episode: 628 count: 210 score: 232.2515 average_last200: 158.0157 epis: 0.0018 loss: 32.3565 
episode: 629 count: 209 score: 223.3107 average_last200: 159.1239 epis: 0.0018 loss: 32.4432 
episode: 630 count: 307 score: 216.1732 average_last200: 159.1069 epis: 0.0018 loss: 45.2183 
episode: 631 count: 255 score: 213.8070 average_last200: 159.1016 epis: 0.0017 loss: 41.6928 
episode: 632 count: 187 score: 257.2084 average_last200: 160.3800 epis: 0.0017 loss: 27.2406 
episode: 633 count: 207 score: 215.8312 average_last200: 160.4165 epis: 0.0017 loss: 32.6724 
episode: 634 count: 220 score: 238.6817 average_last200: 161.8394 epis: 0.0017 loss: 36.6142 
episode: 635 count: 226 score: 240.9580 average_last200: 161.9012 epis: 0.0017 loss: 35.8137 
episode: 636 count: 277 score: 226.6626 average_last200: 163.1155 epis: 0.0017 loss: 44.6084 
episode: 637 count: 231 score: 237.5231 average_last200: 164.2652 epis: 0.0016 loss: 36.8516 
episode: 638 count: 274 score: 217.7384 average_last200: 164.2599 epis: 0.0016 loss: 45.8090 
episode: 639 count: 221 score: 240.5933 average_last200: 165.4773 epis: 0.0016 loss: 34.2757 
episode: 640 count: 313 score: 202.8955 average_last200: 165.3291 epis: 0.0016 loss: 51.5788 
episode: 641 count: 248 score: 237.3776 average_last200: 166.6142 epis: 0.0016 loss: 39.7060 
episode: 642 count: 210 score: 220.4335 average_last200: 167.8038 epis: 0.0016 loss: 33.9756 
episode: 643 count: 238 score: 224.7807 average_last200: 168.9091 epis: 0.0015 loss: 39.0169 
episode: 644 count: 252 score: 214.8485 average_last200: 170.0677 epis: 0.0015 loss: 42.1329 
episode: 645 count: 280 score: 216.0616 average_last200: 170.0741 epis: 0.0015 loss: 43.7174 
episode: 646 count: 212 score: 244.3474 average_last200: 171.2981 epis: 0.0015 loss: 32.3750 
episode: 647 count: 224 score: 207.7189 average_last200: 171.2318 epis: 0.0015 loss: 34.8291 
episode: 648 count: 229 score: 249.3226 average_last200: 171.2630 epis: 0.0015 loss: 36.8484 
episode: 649 count: 273 score: 198.2269 average_last200: 172.2328 epis: 0.0015 loss: 42.2775 
episode: 650 count: 297 score: 221.1819 average_last200: 173.3226 epis: 0.0014 loss: 45.6832 
episode: 651 count: 211 score: 250.7976 average_last200: 174.6194 epis: 0.0014 loss: 33.7366 
episode: 652 count: 232 score: 185.6752 average_last200: 175.5760 epis: 0.0014 loss: 35.2778 
episode: 653 count: 191 score: -63.9185 average_last200: 174.1342 epis: 0.0014 loss: 30.4598 
episode: 654 count: 241 score: 203.4114 average_last200: 173.9342 epis: 0.0014 loss: 39.3922 
episode: 655 count: 264 score: 192.2515 average_last200: 174.9629 epis: 0.0014 loss: 42.2740 
episode: 656 count: 208 score: 256.0093 average_last200: 176.1659 epis: 0.0014 loss: 32.9753 
episode: 657 count: 234 score: 196.9097 average_last200: 177.0801 epis: 0.0013 loss: 37.7425 
episode: 658 count: 271 score: 216.2096 average_last200: 176.9331 epis: 0.0013 loss: 42.7116 
episode: 659 count: 231 score: 256.6109 average_last200: 178.1883 epis: 0.0013 loss: 37.5275 
episode: 660 count: 328 score: 218.2537 average_last200: 178.0531 epis: 0.0013 loss: 50.9680 
episode: 661 count: 228 score: 202.4105 average_last200: 180.2072 epis: 0.0013 loss: 38.2974 
episode: 662 count: 255 score: 191.9680 average_last200: 180.0701 epis: 0.0013 loss: 42.1422 
episode: 663 count: 282 score: 189.9618 average_last200: 179.7280 epis: 0.0013 loss: 48.0765 
episode: 664 count: 248 score: 221.8214 average_last200: 180.9129 epis: 0.0013 loss: 42.7187 
episode: 665 count: 276 score: 200.5411 average_last200: 182.1384 epis: 0.0012 loss: 47.3527 
episode: 666 count: 243 score: 182.3926 average_last200: 181.8672 epis: 0.0012 loss: 43.8973 
episode: 667 count: 259 score: 200.0191 average_last200: 182.7806 epis: 0.0012 loss: 41.0313 
episode: 668 count: 259 score: 253.2313 average_last200: 182.9060 epis: 0.0012 loss: 46.1033 
episode: 669 count: 296 score: 211.5835 average_last200: 182.9099 epis: 0.0012 loss: 53.3749 
episode: 670 count: 337 score: 221.2892 average_last200: 182.8994 epis: 0.0012 loss: 57.8561 
episode: 671 count: 499 score: 179.7288 average_last200: 182.4531 epis: 0.0012 loss: 86.3637 
episode: 672 count: 273 score: 220.9714 average_last200: 182.4839 epis: 0.0012 loss: 46.9101 
episode: 673 count: 784 score: 114.0867 average_last200: 182.0654 epis: 0.0011 loss: 126.4882 
episode: 674 count: 275 score: 235.4002 average_last200: 182.2025 epis: 0.0011 loss: 44.3084 
episode: 675 count: 280 score: 208.2647 average_last200: 182.1143 epis: 0.0011 loss: 46.9550 
episode: 676 count: 313 score: 249.8158 average_last200: 183.4197 epis: 0.0011 loss: 47.9235 
episode: 677 count: 441 score: 191.9683 average_last200: 183.1975 epis: 0.0011 loss: 71.6675 
episode: 678 count: 221 score: 212.7157 average_last200: 183.0980 epis: 0.0011 loss: 37.0778 
episode: 679 count: 247 score: 238.2980 average_last200: 183.0812 epis: 0.0011 loss: 40.4841 
episode: 680 count: 524 score: 233.0819 average_last200: 183.1065 epis: 0.0011 loss: 85.0261 
episode: 681 count: 220 score: 263.3955 average_last200: 184.4961 epis: 0.0011 loss: 33.3152 
episode: 682 count: 200 score: 234.3389 average_last200: 184.6343 epis: 0.0010 loss: 30.6525 
episode: 683 count: 193 score: 242.0723 average_last200: 184.7158 epis: 0.0010 loss: 31.7858 
episode: 684 count: 305 score: 240.6929 average_last200: 184.8924 epis: 0.0010 loss: 48.7201 
episode: 685 count: 288 score: 227.8494 average_last200: 185.9303 epis: 0.0010 loss: 46.0013 
episode: 686 count: 604 score: 158.1063 average_last200: 185.5361 epis: 0.0010 loss: 99.0973 
episode: 687 count: 211 score: 264.6719 average_last200: 186.9816 epis: 0.0010 loss: 33.9539 
episode: 688 count: 251 score: 235.9511 average_last200: 188.0951 epis: 0.0010 loss: 40.4020 
episode: 689 count: 257 score: 206.7320 average_last200: 188.0103 epis: 0.0010 loss: 41.7786 
episode: 690 count: 355 score: 232.5941 average_last200: 189.3749 epis: 0.0010 loss: 54.2536 
episode: 691 count: 207 score: 194.8451 average_last200: 189.2876 epis: 0.0010 loss: 30.5014 
episode: 692 count: 194 score: 222.1062 average_last200: 189.2235 epis: 0.0009 loss: 30.4292 
episode: 693 count: 218 score: 243.7425 average_last200: 189.2451 epis: 0.0009 loss: 32.3455 
episode: 694 count: 214 score: 224.2052 average_last200: 190.3701 epis: 0.0009 loss: 32.7133 
episode: 695 count: 298 score: 221.2054 average_last200: 190.3703 epis: 0.0009 loss: 46.5443 
episode: 696 count: 525 score: 208.3225 average_last200: 190.2979 epis: 0.0009 loss: 81.1340 
episode: 697 count: 608 score: 210.4346 average_last200: 191.3295 epis: 0.0009 loss: 94.3687 
episode: 698 count: 350 score: 232.2750 average_last200: 191.3916 epis: 0.0009 loss: 51.0005 
episode: 699 count: 265 score: 214.2642 average_last200: 191.4581 epis: 0.0009 loss: 40.3435 
episode: 700 count: 238 score: 214.3442 average_last200: 191.3587 epis: 0.0009 loss: 36.8450 
episode: 701 count: 393 score: 213.5938 average_last200: 191.4101 epis: 0.0009 loss: 58.0472 
episode: 702 count: 95 score: -505.9726 average_last200: 187.7782 epis: 0.0009 loss: 14.5147 
episode: 703 count: 431 score: 222.5176 average_last200: 187.8372 epis: 0.0008 loss: 63.5076 
episode: 704 count: 568 score: 143.8358 average_last200: 187.4909 epis: 0.0008 loss: 85.8124 
episode: 705 count: 240 score: -60.0267 average_last200: 186.1412 epis: 0.0008 loss: 37.4616 
episode: 706 count: 255 score: 207.2861 average_last200: 187.2752 epis: 0.0008 loss: 38.2955 
episode: 707 count: 529 score: 249.2674 average_last200: 187.3261 epis: 0.0008 loss: 77.8558 
episode: 708 count: 534 score: 198.1066 average_last200: 187.2118 epis: 0.0008 loss: 87.3309 
episode: 709 count: 233 score: 204.0462 average_last200: 188.2792 epis: 0.0008 loss: 35.1496 
episode: 710 count: 312 score: 205.4182 average_last200: 188.1460 epis: 0.0008 loss: 47.7144 
episode: 711 count: 193 score: -55.6502 average_last200: 186.9133 epis: 0.0008 loss: 26.7531 
episode: 712 count: 124 score: -113.4231 average_last200: 186.5017 epis: 0.0008 loss: 18.1898 
episode: 713 count: 399 score: 233.4968 average_last200: 186.7170 epis: 0.0008 loss: 64.9963 
episode: 714 count: 381 score: 216.6112 average_last200: 186.6339 epis: 0.0008 loss: 58.5762 
episode: 715 count: 237 score: 226.7045 average_last200: 186.6536 epis: 0.0007 loss: 33.8915 
episode: 716 count: 306 score: 231.8396 average_last200: 186.7162 epis: 0.0007 loss: 47.2558 
episode: 717 count: 113 score: -107.6805 average_last200: 186.3367 epis: 0.0007 loss: 17.2546 
episode: 718 count: 242 score: 229.4806 average_last200: 187.7047 epis: 0.0007 loss: 34.6294 
episode: 719 count: 252 score: 231.6155 average_last200: 188.8974 epis: 0.0007 loss: 36.7644 
episode: 720 count: 298 score: 205.0228 average_last200: 188.9138 epis: 0.0007 loss: 45.7994 
episode: 721 count: 208 score: 261.2348 average_last200: 189.1695 epis: 0.0007 loss: 33.0518 
episode: 722 count: 100 score: -277.5865 average_last200: 187.8322 epis: 0.0007 loss: 16.0246 
episode: 723 count: 206 score: 200.0554 average_last200: 187.7692 epis: 0.0007 loss: 30.3022 
episode: 724 count: 245 score: 206.4314 average_last200: 188.8989 epis: 0.0007 loss: 39.4998 
episode: 725 count: 108 score: -577.3281 average_last200: 184.9637 epis: 0.0007 loss: 17.5783 
episode: 726 count: 114 score: -311.6023 average_last200: 182.2505 epis: 0.0007 loss: 18.3404 
episode: 727 count: 98 score: -242.3738 average_last200: 181.0298 epis: 0.0007 loss: 17.3958 
episode: 728 count: 570 score: 197.5740 average_last200: 182.1724 epis: 0.0007 loss: 102.8542 
episode: 729 count: 158 score: 216.5379 average_last200: 182.1247 epis: 0.0007 loss: 25.7749 
episode: 730 count: 106 score: -259.2095 average_last200: 179.7288 epis: 0.0006 loss: 18.9116 
episode: 731 count: 230 score: 213.1247 average_last200: 179.8455 epis: 0.0006 loss: 37.1551 
episode: 732 count: 91 score: -245.0833 average_last200: 177.5531 epis: 0.0006 loss: 15.7843 
episode: 733 count: 256 score: 179.6922 average_last200: 178.6935 epis: 0.0006 loss: 46.7521 
episode: 734 count: 282 score: 236.5994 average_last200: 180.0036 epis: 0.0006 loss: 53.5987 
episode: 735 count: 280 score: 231.3536 average_last200: 180.1812 epis: 0.0006 loss: 53.2532 
episode: 736 count: 220 score: 231.1121 average_last200: 180.2937 epis: 0.0006 loss: 43.5900 
episode: 737 count: 109 score: -261.4281 average_last200: 179.0372 epis: 0.0006 loss: 20.4231 
episode: 738 count: 250 score: 231.2855 average_last200: 178.9689 epis: 0.0006 loss: 41.9240 
episode: 739 count: 355 score: 222.2419 average_last200: 179.0222 epis: 0.0006 loss: 67.3814 
episode: 740 count: 209 score: 203.1895 average_last200: 180.1471 epis: 0.0006 loss: 38.9904 
episode: 741 count: 557 score: 178.5481 average_last200: 179.8295 epis: 0.0006 loss: 104.9150 
episode: 742 count: 396 score: 204.5688 average_last200: 179.7356 epis: 0.0006 loss: 79.3581 
episode: 743 count: 288 score: 223.2037 average_last200: 179.7685 epis: 0.0006 loss: 54.2582 
episode: 744 count: 290 score: 216.2462 average_last200: 179.8767 epis: 0.0006 loss: 56.7318 
episode: 745 count: 523 score: 164.9367 average_last200: 179.6615 epis: 0.0006 loss: 104.9365 
episode: 746 count: 238 score: 219.7906 average_last200: 179.5347 epis: 0.0005 loss: 47.6570 
episode: 747 count: 536 score: 254.3032 average_last200: 179.7002 epis: 0.0005 loss: 105.2151 
episode: 748 count: 288 score: 207.0044 average_last200: 179.6596 epis: 0.0005 loss: 54.1348 
episode: 749 count: 220 score: 228.1672 average_last200: 179.8392 epis: 0.0005 loss: 43.3060 
episode: 750 count: 388 score: 195.3557 average_last200: 179.8059 epis: 0.0005 loss: 72.3545 
episode: 751 count: 305 score: 208.5717 average_last200: 180.9628 epis: 0.0005 loss: 60.0584 
episode: 752 count: 241 score: 231.1460 average_last200: 180.9251 epis: 0.0005 loss: 45.2576 
episode: 753 count: 61 score: -107.5055 average_last200: 179.3143 epis: 0.0005 loss: 11.3685 
episode: 754 count: 241 score: 204.2451 average_last200: 179.2021 epis: 0.0005 loss: 46.2213 
episode: 755 count: 254 score: 249.2907 average_last200: 180.3017 epis: 0.0005 loss: 51.8024 
episode: 756 count: 231 score: 234.8019 average_last200: 180.4224 epis: 0.0005 loss: 43.3690 
episode: 757 count: 59 score: -126.7225 average_last200: 178.7065 epis: 0.0005 loss: 10.7619 
episode: 758 count: 285 score: 247.0436 average_last200: 178.7284 epis: 0.0005 loss: 55.0591 
episode: 759 count: 267 score: 201.6401 average_last200: 178.6645 epis: 0.0005 loss: 51.5692 
episode: 760 count: 281 score: 230.0069 average_last200: 178.5369 epis: 0.0005 loss: 51.7634 
episode: 761 count: 240 score: 206.9709 average_last200: 179.4747 epis: 0.0005 loss: 46.5523 
episode: 762 count: 244 score: 200.2553 average_last200: 179.3600 epis: 0.0005 loss: 46.8844 
episode: 763 count: 276 score: 225.6110 average_last200: 179.4808 epis: 0.0005 loss: 54.1753 
episode: 764 count: 379 score: 182.8725 average_last200: 179.3233 epis: 0.0005 loss: 75.1759 
episode: 765 count: 209 score: 210.7688 average_last200: 180.3351 epis: 0.0005 loss: 37.9706 
episode: 766 count: 279 score: 201.7798 average_last200: 180.0964 epis: 0.0004 loss: 54.6259 
episode: 767 count: 236 score: 230.0931 average_last200: 180.3652 epis: 0.0004 loss: 43.0554 
episode: 768 count: 240 score: 187.8551 average_last200: 180.2252 epis: 0.0004 loss: 46.5897 
episode: 769 count: 264 score: 215.0122 average_last200: 181.3894 epis: 0.0004 loss: 49.5861 
episode: 770 count: 567 score: 201.0756 average_last200: 181.1808 epis: 0.0004 loss: 109.0119 
episode: 771 count: 183 score: 260.9263 average_last200: 181.3265 epis: 0.0004 loss: 34.8180 
episode: 772 count: 268 score: 256.1262 average_last200: 181.6209 epis: 0.0004 loss: 51.9182 
episode: 773 count: 190 score: 201.8757 average_last200: 181.4336 epis: 0.0004 loss: 37.5892 
episode: 774 count: 223 score: 229.7164 average_last200: 181.4725 epis: 0.0004 loss: 41.1897 
episode: 775 count: 222 score: 222.2255 average_last200: 181.5280 epis: 0.0004 loss: 45.6076 
episode: 776 count: 235 score: 198.5189 average_last200: 182.4807 epis: 0.0004 loss: 41.6865 
episode: 777 count: 234 score: 238.9353 average_last200: 182.6000 epis: 0.0004 loss: 46.1380 
episode: 778 count: 261 score: 206.7784 average_last200: 182.5907 epis: 0.0004 loss: 47.7769 
episode: 779 count: 244 score: 215.7225 average_last200: 182.4567 epis: 0.0004 loss: 46.7350 
episode: 780 count: 384 score: 223.4364 average_last200: 182.5682 epis: 0.0004 loss: 74.5804 
episode: 781 count: 271 score: 183.4092 average_last200: 182.3553 epis: 0.0004 loss: 54.2350 
episode: 782 count: 478 score: 235.8110 average_last200: 182.5396 epis: 0.0004 loss: 87.1940 
episode: 783 count: 238 score: 217.6099 average_last200: 182.4727 epis: 0.0004 loss: 42.8288 
episode: 784 count: 596 score: 196.9101 average_last200: 182.1538 epis: 0.0004 loss: 113.5416 
episode: 785 count: 246 score: 207.2548 average_last200: 182.1443 epis: 0.0004 loss: 44.1787 
episode: 786 count: 377 score: 245.0447 average_last200: 182.2344 epis: 0.0004 loss: 70.6638 
episode: 787 count: 228 score: 248.1752 average_last200: 182.3391 epis: 0.0004 loss: 43.8057 
episode: 788 count: 179 score: 263.3918 average_last200: 182.4646 epis: 0.0004 loss: 32.9223 
episode: 789 count: 229 score: 211.1095 average_last200: 182.5923 epis: 0.0004 loss: 43.1607 
episode: 790 count: 294 score: 237.1366 average_last200: 182.6855 epis: 0.0004 loss: 49.7640 
episode: 791 count: 181 score: 265.6155 average_last200: 182.9069 epis: 0.0003 loss: 35.4270 
episode: 792 count: 222 score: 252.2589 average_last200: 183.0481 epis: 0.0003 loss: 41.1098 
episode: 793 count: 217 score: 234.7379 average_last200: 183.1706 epis: 0.0003 loss: 41.7923 
episode: 794 count: 366 score: 220.0209 average_last200: 183.2002 epis: 0.0003 loss: 64.9011 
episode: 795 count: 279 score: 185.6476 average_last200: 182.8415 epis: 0.0003 loss: 50.4754 
episode: 796 count: 245 score: 205.0939 average_last200: 182.8419 epis: 0.0003 loss: 44.6650 
episode: 797 count: 197 score: 232.4358 average_last200: 182.7649 epis: 0.0003 loss: 36.2079 
episode: 798 count: 276 score: 255.3011 average_last200: 182.9170 epis: 0.0003 loss: 46.9207 
episode: 799 count: 204 score: 203.9388 average_last200: 182.8020 epis: 0.0003 loss: 34.4957 
episode: 800 count: 194 score: 219.9688 average_last200: 182.8591 epis: 0.0003 loss: 32.1613 
episode: 801 count: 252 score: 211.5613 average_last200: 182.6613 epis: 0.0003 loss: 42.7674 
episode: 802 count: 276 score: 242.3189 average_last200: 182.6369 epis: 0.0003 loss: 46.9212 
episode: 803 count: 241 score: 222.1687 average_last200: 182.6388 epis: 0.0003 loss: 38.8892 
episode: 804 count: 231 score: 238.1490 average_last200: 184.0459 epis: 0.0003 loss: 40.4341 
episode: 805 count: 266 score: 231.6137 average_last200: 183.8835 epis: 0.0003 loss: 43.2392 
episode: 806 count: 339 score: 200.8130 average_last200: 183.7256 epis: 0.0003 loss: 54.0823 
episode: 807 count: 261 score: 188.8575 average_last200: 183.7457 epis: 0.0003 loss: 44.1882 
episode: 808 count: 180 score: 231.3065 average_last200: 183.7928 epis: 0.0003 loss: 30.1779 
episode: 809 count: 167 score: -204.4970 average_last200: 181.6449 epis: 0.0003 loss: 26.7768 
episode: 810 count: 58 score: -171.3077 average_last200: 179.7526 epis: 0.0003 loss: 9.5133 
episode: 811 count: 263 score: 219.1225 average_last200: 179.6978 epis: 0.0003 loss: 39.1187 
episode: 812 count: 220 score: 189.8196 average_last200: 180.7548 epis: 0.0003 loss: 34.2825 
episode: 813 count: 249 score: 215.6245 average_last200: 180.8524 epis: 0.0003 loss: 39.4154 
episode: 814 count: 204 score: 269.5252 average_last200: 181.0297 epis: 0.0003 loss: 31.6323 
episode: 815 count: 252 score: 253.5774 average_last200: 181.1972 epis: 0.0003 loss: 39.0291 
episode: 816 count: 259 score: 195.1537 average_last200: 182.3002 epis: 0.0003 loss: 40.9898 
episode: 817 count: 279 score: 221.9805 average_last200: 182.3138 epis: 0.0003 loss: 43.3738 
episode: 818 count: 216 score: 271.5182 average_last200: 182.6813 epis: 0.0003 loss: 32.6065 
episode: 819 count: 266 score: 212.5047 average_last200: 182.6632 epis: 0.0003 loss: 40.2244 
episode: 820 count: 276 score: 209.1215 average_last200: 182.7822 epis: 0.0003 loss: 40.0633 
episode: 821 count: 185 score: 203.6648 average_last200: 182.8058 epis: 0.0003 loss: 28.2332 
episode: 822 count: 265 score: 247.0556 average_last200: 182.8972 epis: 0.0003 loss: 41.1197 
episode: 823 count: 304 score: 242.5895 average_last200: 182.8415 epis: 0.0003 loss: 44.6574 
episode: 824 count: 111 score: -666.0023 average_last200: 178.4783 epis: 0.0003 loss: 17.3233 
episode: 825 count: 208 score: 196.5939 average_last200: 178.3828 epis: 0.0002 loss: 33.8505 
episode: 826 count: 129 score: 10.9009 average_last200: 177.1276 epis: 0.0002 loss: 21.1984 
episode: 827 count: 234 score: 222.4290 average_last200: 177.0099 epis: 0.0002 loss: 37.3651 
episode: 828 count: 218 score: 236.0676 average_last200: 177.0290 epis: 0.0002 loss: 35.5718 
episode: 829 count: 301 score: 234.8098 average_last200: 177.0865 epis: 0.0002 loss: 48.7260 
episode: 830 count: 271 score: 221.5423 average_last200: 177.1134 epis: 0.0002 loss: 45.8095 
episode: 831 count: 271 score: 242.2204 average_last200: 177.2554 epis: 0.0002 loss: 43.2422 
episode: 832 count: 260 score: 190.1734 average_last200: 176.9203 epis: 0.0002 loss: 43.3645 
episode: 833 count: 224 score: 215.3881 average_last200: 176.9180 epis: 0.0002 loss: 35.1309 
episode: 834 count: 252 score: 183.7437 average_last200: 176.6433 epis: 0.0002 loss: 42.4895 
episode: 835 count: 266 score: 241.5575 average_last200: 176.6463 epis: 0.0002 loss: 45.2243 
episode: 836 count: 278 score: 236.3148 average_last200: 176.6946 epis: 0.0002 loss: 40.9207 
episode: 837 count: 254 score: 263.7659 average_last200: 176.8258 epis: 0.0002 loss: 42.7533 
episode: 838 count: 266 score: 256.2813 average_last200: 177.0185 epis: 0.0002 loss: 41.6120 
episode: 839 count: 310 score: 206.2155 average_last200: 176.8466 epis: 0.0002 loss: 49.5147 
episode: 840 count: 251 score: 233.4894 average_last200: 176.9996 epis: 0.0002 loss: 38.1723 
episode: 841 count: 248 score: 222.1213 average_last200: 176.9233 epis: 0.0002 loss: 39.7801 
episode: 842 count: 242 score: 228.8727 average_last200: 176.9655 epis: 0.0002 loss: 38.4201 
episode: 843 count: 232 score: 232.8358 average_last200: 177.0058 epis: 0.0002 loss: 37.7964 
episode: 844 count: 287 score: 211.8914 average_last200: 176.9910 epis: 0.0002 loss: 47.3171 
episode: 845 count: 250 score: 264.1108 average_last200: 177.2313 epis: 0.0002 loss: 39.1964 
episode: 846 count: 221 score: 208.2258 average_last200: 177.0507 epis: 0.0002 loss: 37.0174 
episode: 847 count: 249 score: 271.7849 average_last200: 177.3710 epis: 0.0002 loss: 38.2128 
episode: 848 count: 210 score: 279.6494 average_last200: 177.5226 epis: 0.0002 loss: 31.8274 
episode: 849 count: 234 score: 203.9477 average_last200: 177.5512 epis: 0.0002 loss: 36.1579 
episode: 850 count: 216 score: 264.5532 average_last200: 177.7681 epis: 0.0002 loss: 35.8190 
episode: 851 count: 249 score: 213.6219 average_last200: 177.5822 epis: 0.0002 loss: 41.0625 
episode: 852 count: 279 score: 217.1203 average_last200: 177.7394 epis: 0.0002 loss: 45.0198 
episode: 853 count: 230 score: 255.2923 average_last200: 179.3355 epis: 0.0002 loss: 35.8490 
episode: 854 count: 121 score: 18.6916 average_last200: 178.4119 epis: 0.0002 loss: 18.4773 
episode: 855 count: 270 score: 263.0144 average_last200: 178.7657 epis: 0.0002 loss: 43.4168 
episode: 856 count: 252 score: 203.1753 average_last200: 178.5015 epis: 0.0002 loss: 40.5453 
episode: 857 count: 273 score: 227.8212 average_last200: 178.6561 epis: 0.0002 loss: 43.0199 
episode: 858 count: 288 score: 236.0068 average_last200: 178.7551 epis: 0.0002 loss: 46.3499 
episode: 859 count: 246 score: 211.4363 average_last200: 178.5292 epis: 0.0002 loss: 38.5983 
episode: 860 count: 204 score: 246.6698 average_last200: 178.6713 epis: 0.0002 loss: 32.8154 
episode: 861 count: 212 score: 224.9286 average_last200: 178.7839 epis: 0.0002 loss: 34.5352 
episode: 862 count: 257 score: 239.0733 average_last200: 179.0194 epis: 0.0002 loss: 44.7300 
episode: 863 count: 348 score: 211.9521 average_last200: 179.1293 epis: 0.0002 loss: 56.9700 
episode: 864 count: 207 score: 241.6906 average_last200: 179.2287 epis: 0.0002 loss: 30.9710 
episode: 865 count: 320 score: 198.5460 average_last200: 179.2187 epis: 0.0002 loss: 52.3699 
episode: 866 count: 313 score: 241.7282 average_last200: 179.5154 epis: 0.0002 loss: 54.4474 
episode: 867 count: 208 score: 241.2273 average_last200: 179.7214 epis: 0.0002 loss: 37.3021 
episode: 868 count: 241 score: 268.3772 average_last200: 179.7972 epis: 0.0002 loss: 41.6311 
episode: 869 count: 224 score: 214.8962 average_last200: 179.8137 epis: 0.0002 loss: 35.7569 
episode: 870 count: 211 score: 234.1764 average_last200: 179.8782 epis: 0.0002 loss: 36.3939 
episode: 871 count: 302 score: 245.0959 average_last200: 180.2050 epis: 0.0002 loss: 51.3719 
episode: 872 count: 266 score: 237.5773 average_last200: 180.2880 epis: 0.0002 loss: 44.6100 
episode: 873 count: 252 score: 236.9667 average_last200: 180.9024 epis: 0.0002 loss: 42.6432 
episode: 874 count: 233 score: 200.9673 average_last200: 180.7303 epis: 0.0002 loss: 35.8300 
episode: 875 count: 312 score: 242.3199 average_last200: 180.9005 epis: 0.0002 loss: 48.4394 
episode: 876 count: 265 score: 262.7976 average_last200: 180.9655 epis: 0.0001 loss: 43.0126 
episode: 877 count: 243 score: 218.6107 average_last200: 181.0987 epis: 0.0001 loss: 39.3778 
episode: 878 count: 243 score: 205.0935 average_last200: 181.0606 epis: 0.0001 loss: 38.1056 
episode: 879 count: 171 score: -26.0066 average_last200: 179.7390 epis: 0.0001 loss: 27.7294 
episode: 880 count: 528 score: 219.0906 average_last200: 179.6691 epis: 0.0001 loss: 88.4547 
episode: 881 count: 246 score: 249.9974 average_last200: 179.6021 epis: 0.0001 loss: 40.9412 
episode: 882 count: 216 score: 266.2395 average_last200: 179.7616 epis: 0.0001 loss: 35.1237 
episode: 883 count: 272 score: 227.1805 average_last200: 179.6871 epis: 0.0001 loss: 44.3801 
episode: 884 count: 278 score: 193.8454 average_last200: 179.4529 epis: 0.0001 loss: 44.1232 
episode: 885 count: 220 score: 230.4161 average_last200: 179.4657 epis: 0.0001 loss: 37.1094 
episode: 886 count: 215 score: 256.2741 average_last200: 179.9566 epis: 0.0001 loss: 34.6000 
episode: 887 count: 583 score: 217.3052 average_last200: 179.7197 epis: 0.0001 loss: 91.0442 
episode: 888 count: 205 score: 208.4316 average_last200: 179.5821 epis: 0.0001 loss: 34.0917 
episode: 889 count: 239 score: 224.8370 average_last200: 179.6727 epis: 0.0001 loss: 40.2265 
episode: 890 count: 223 score: 193.7773 average_last200: 179.4786 epis: 0.0001 loss: 37.8182 
episode: 891 count: 247 score: 262.0744 average_last200: 179.8147 epis: 0.0001 loss: 40.9768 
episode: 892 count: 228 score: 221.8950 average_last200: 179.8137 epis: 0.0001 loss: 35.8237 
episode: 893 count: 249 score: 212.1571 average_last200: 179.6557 epis: 0.0001 loss: 43.7290 
episode: 894 count: 197 score: 183.4323 average_last200: 179.4519 epis: 0.0001 loss: 32.6121 
episode: 895 count: 212 score: 228.3692 average_last200: 179.4877 epis: 0.0001 loss: 34.2902 
episode: 896 count: 285 score: 208.7398 average_last200: 179.4898 epis: 0.0001 loss: 46.9969 
episode: 897 count: 341 score: 213.8771 average_last200: 179.5070 epis: 0.0001 loss: 51.4813 
episode: 898 count: 192 score: 243.2917 average_last200: 179.5621 epis: 0.0001 loss: 32.5153 
episode: 899 count: 237 score: 203.1679 average_last200: 179.5066 epis: 0.0001 loss: 40.3400 
episode: 900 count: 256 score: 221.9773 average_last200: 179.5448 epis: 0.0001 loss: 43.7656 
episode: 901 count: 335 score: 233.3729 average_last200: 179.6437 epis: 0.0001 loss: 56.4318 
episode: 902 count: 235 score: 267.8798 average_last200: 183.5129 epis: 0.0001 loss: 38.9095 
episode: 903 count: 242 score: 183.1569 average_last200: 183.3161 epis: 0.0001 loss: 38.8796 
episode: 904 count: 160 score: -14.9050 average_last200: 182.5224 epis: 0.0001 loss: 25.4599 
episode: 905 count: 237 score: 265.6962 average_last200: 184.1510 epis: 0.0001 loss: 39.3239 
episode: 906 count: 395 score: 237.5843 average_last200: 184.3025 epis: 0.0001 loss: 62.8231 
episode: 907 count: 274 score: 211.0979 average_last200: 184.1117 epis: 0.0001 loss: 42.7142 
episode: 908 count: 197 score: 203.2506 average_last200: 184.1374 epis: 0.0001 loss: 30.9322 
episode: 909 count: 250 score: 204.4821 average_last200: 184.1396 epis: 0.0001 loss: 39.5465 
episode: 910 count: 227 score: 244.7571 average_last200: 184.3363 epis: 0.0001 loss: 36.8846 
episode: 911 count: 286 score: 228.0726 average_last200: 185.7549 epis: 0.0001 loss: 46.6523 
episode: 912 count: 221 score: 231.5675 average_last200: 187.4798 epis: 0.0001 loss: 34.9218 
episode: 913 count: 232 score: 223.1380 average_last200: 187.4280 epis: 0.0001 loss: 41.8789 
episode: 914 count: 289 score: 248.7612 average_last200: 187.5888 epis: 0.0001 loss: 45.7662 
episode: 915 count: 315 score: 219.9025 average_last200: 187.5548 epis: 0.0001 loss: 50.9109 
episode: 916 count: 265 score: 245.4977 average_last200: 187.6231 epis: 0.0001 loss: 43.9466 
episode: 917 count: 297 score: 252.0747 average_last200: 189.4218 epis: 0.0001 loss: 47.4937 
episode: 918 count: 409 score: 236.4685 average_last200: 189.4568 epis: 0.0001 loss: 65.7722 
episode: 919 count: 247 score: 198.8694 average_last200: 189.2930 epis: 0.0001 loss: 43.2330 
episode: 920 count: 381 score: 193.3298 average_last200: 189.2346 epis: 0.0001 loss: 66.2458 
episode: 921 count: 268 score: 227.2938 average_last200: 189.0649 epis: 0.0001 loss: 42.4770 
episode: 922 count: 274 score: 240.4634 average_last200: 191.6551 epis: 0.0001 loss: 46.8086 
episode: 923 count: 256 score: 263.7626 average_last200: 191.9737 epis: 0.0001 loss: 40.9856 
episode: 924 count: 332 score: 229.4609 average_last200: 192.0888 epis: 0.0001 loss: 54.8599 
episode: 925 count: 297 score: 210.4515 average_last200: 196.0277 epis: 0.0001 loss: 51.0968 
episode: 926 count: 234 score: 253.3397 average_last200: 198.8524 epis: 0.0001 loss: 38.0208 
episode: 927 count: 203 score: 235.5473 average_last200: 201.2420 epis: 0.0001 loss: 34.0246 
episode: 928 count: 275 score: 215.4218 average_last200: 201.3313 epis: 0.0001 loss: 47.4769 
episode: 929 count: 364 score: 218.3172 average_last200: 201.3402 epis: 0.0001 loss: 59.9027 
episode: 930 count: 195 score: 202.3167 average_last200: 203.6478 epis: 0.0001 loss: 31.0944 
episode: 931 count: 176 score: 219.7657 average_last200: 203.6810 epis: 0.0001 loss: 28.0427 
episode: 932 count: 243 score: 192.8268 average_last200: 205.8705 epis: 0.0001 loss: 37.0957 
episode: 933 count: 220 score: 210.4997 average_last200: 206.0246 epis: 0.0001 loss: 37.2549 
episode: 934 count: 264 score: 188.2070 average_last200: 205.7826 epis: 0.0001 loss: 41.8196 
episode: 935 count: 303 score: 205.3605 average_last200: 205.6527 epis: 0.0001 loss: 48.6188 
episode: 936 count: 206 score: 187.8705 average_last200: 205.4364 epis: 0.0001 loss: 31.6016 
episode: 937 count: 591 score: 212.1357 average_last200: 207.8043 epis: 0.0001 loss: 97.6587 
episode: 938 count: 238 score: 215.8441 average_last200: 207.7271 epis: 0.0001 loss: 38.4168 
episode: 939 count: 241 score: 207.5713 average_last200: 207.6537 epis: 0.0001 loss: 36.6169 
episode: 940 count: 240 score: 238.9234 average_last200: 207.8324 epis: 0.0001 loss: 35.9005 
episode: 941 count: 194 score: 193.6819 average_last200: 207.9080 epis: 0.0001 loss: 30.3761 
episode: 942 count: 218 score: 196.6010 average_last200: 207.8682 epis: 0.0001 loss: 33.7744 
episode: 943 count: 381 score: 197.1474 average_last200: 207.7379 epis: 0.0001 loss: 59.7960 
episode: 944 count: 197 score: 216.6647 average_last200: 207.7400 epis: 0.0001 loss: 32.4821 
episode: 945 count: 507 score: 166.9637 average_last200: 207.7502 epis: 0.0001 loss: 73.9452 
episode: 946 count: 225 score: 209.1594 average_last200: 207.6970 epis: 0.0001 loss: 33.0303 
episode: 947 count: 224 score: 215.9412 average_last200: 207.5052 epis: 0.0001 loss: 34.7528 
episode: 948 count: 349 score: 244.4098 average_last200: 207.6922 epis: 0.0001 loss: 52.6112 
episode: 949 count: 336 score: 228.9609 average_last200: 207.6962 epis: 0.0001 loss: 51.4179 
episode: 950 count: 241 score: 245.0701 average_last200: 207.9448 epis: 0.0001 loss: 37.9363 
episode: 951 count: 183 score: 209.7566 average_last200: 207.9507 epis: 0.0001 loss: 29.1581 
episode: 952 count: 309 score: 217.7113 average_last200: 207.8835 epis: 0.0001 loss: 47.5481 
episode: 953 count: 267 score: 242.9043 average_last200: 209.6356 epis: 0.0001 loss: 40.0316 
episode: 954 count: 332 score: 241.6804 average_last200: 209.8227 epis: 0.0001 loss: 49.4207 
episode: 955 count: 321 score: 251.2757 average_last200: 209.8327 epis: 0.0001 loss: 50.5012 
episode: 956 count: 228 score: 13.2720 average_last200: 208.7250 epis: 0.0001 loss: 34.2328 
episode: 957 count: 329 score: 239.4945 average_last200: 210.5561 epis: 0.0001 loss: 48.2600 
episode: 958 count: 234 score: 226.5636 average_last200: 210.4537 epis: 0.0001 loss: 33.8162 
episode: 959 count: 237 score: 244.6139 average_last200: 210.6686 epis: 0.0001 loss: 34.9455 
episode: 960 count: 239 score: 234.5360 average_last200: 210.6912 epis: 0.0001 loss: 35.7176 
episode: 961 count: 215 score: 190.8391 average_last200: 210.6105 epis: 0.0001 loss: 33.9744 
episode: 962 count: 290 score: 235.3906 average_last200: 210.7862 epis: 0.0001 loss: 42.9990 
episode: 963 count: 375 score: 234.4986 average_last200: 210.8307 epis: 0.0001 loss: 56.1422 
episode: 964 count: 212 score: 225.3504 average_last200: 211.0430 epis: 0.0001 loss: 31.0226 
episode: 965 count: 300 score: 223.0003 average_last200: 211.1042 epis: 0.0001 loss: 43.2907 
episode: 966 count: 234 score: 253.6105 average_last200: 211.3634 epis: 0.0001 loss: 36.3861 
episode: 967 count: 282 score: 225.3510 average_last200: 211.3397 epis: 0.0001 loss: 43.3224 
episode: 968 count: 210 score: 226.1971 average_last200: 211.5314 epis: 0.0001 loss: 32.2013 
episode: 969 count: 191 score: 225.0760 average_last200: 211.5817 epis: 0.0001 loss: 29.9875 
episode: 970 count: 199 score: 209.3667 average_last200: 211.6231 epis: 0.0001 loss: 29.4568 
episode: 971 count: 303 score: 230.8905 average_last200: 211.4730 epis: 0.0001 loss: 44.7676 
episode: 972 count: 205 score: 238.3792 average_last200: 211.3842 epis: 0.0001 loss: 29.5205 
episode: 973 count: 323 score: 233.8732 average_last200: 211.5442 epis: 0.0001 loss: 46.9811 
episode: 974 count: 452 score: 231.1595 average_last200: 211.5514 epis: 0.0001 loss: 66.2578 
episode: 975 count: 212 score: 209.4007 average_last200: 211.4873 epis: 0.0001 loss: 29.6874 
episode: 976 count: 411 score: 229.7183 average_last200: 211.6433 epis: 0.0001 loss: 59.6470 
episode: 977 count: 279 score: 242.5454 average_last200: 211.6613 epis: 0.0001 loss: 39.3059 
episode: 978 count: 238 score: 246.2085 average_last200: 211.8585 epis: 0.0001 loss: 35.8994 
episode: 979 count: 204 score: 232.4221 average_last200: 211.9420 epis: 0.0001 loss: 28.7368 
episode: 980 count: 301 score: 232.4768 average_last200: 211.9872 epis: 0.0001 loss: 43.3763 
episode: 981 count: 237 score: 218.1536 average_last200: 212.1609 epis: 0.0001 loss: 32.2063 
episode: 982 count: 272 score: 249.5358 average_last200: 212.2295 epis: 0.0001 loss: 39.5496 
episode: 983 count: 113 score: 30.0884 average_last200: 211.2919 epis: 0.0001 loss: 16.8595 
episode: 984 count: 231 score: 234.3678 average_last200: 211.4792 epis: 0.0001 loss: 36.5276 
episode: 985 count: 273 score: 239.9201 average_last200: 211.6426 epis: 0.0000 loss: 42.1581 
episode: 986 count: 313 score: 243.3378 average_last200: 211.6340 epis: 0.0000 loss: 45.3325 
episode: 987 count: 284 score: 230.6413 average_last200: 211.5463 epis: 0.0000 loss: 42.4253 
episode: 988 count: 596 score: 250.4561 average_last200: 211.4817 epis: 0.0000 loss: 83.3801 
episode: 989 count: 252 score: 203.0451 average_last200: 211.4413 epis: 0.0000 loss: 35.7105 
episode: 990 count: 207 score: 206.2371 average_last200: 211.2869 epis: 0.0000 loss: 28.5789 
episode: 991 count: 160 score: 221.9226 average_last200: 211.0684 epis: 0.0000 loss: 24.5836 
episode: 992 count: 209 score: 221.2263 average_last200: 210.9132 epis: 0.0000 loss: 29.2261 
episode: 993 count: 849 score: 192.2855 average_last200: 210.7010 epis: 0.0000 loss: 129.1514 
episode: 994 count: 122 score: 2.7891 average_last200: 209.6148 epis: 0.0000 loss: 18.6001 
episode: 995 count: 184 score: -12.5405 average_last200: 208.6239 epis: 0.0000 loss: 27.2462 
episode: 996 count: 1000 score: -204.7286 average_last200: 206.5747 epis: 0.0000 loss: 145.6521 
episode: 997 count: 140 score: -41.8368 average_last200: 205.2034 epis: 0.0000 loss: 21.3020 
episode: 998 count: 165 score: 3.0503 average_last200: 203.9421 epis: 0.0000 loss: 26.4008 
episode: 999 count: 271 score: 228.0092 average_last200: 204.0625 epis: 0.0000 loss: 38.3252 
