[33mWARN: gym.spaces.Box autodetected dtype as <class 'numpy.float32'>. Please provide explicit dtype.[0m
All para: Epis 1000 memlen 500000 gamma 0.990 epsilon 0.990 alpha 0.00050 batch 20 upfreq 500
episode: 0 count: 103 score: -201.7553 average_last200: -201.7553 epis: 0.9900 loss: 0.0000 
episode: 1 count: 84 score: -166.6921 average_last200: -184.2237 epis: 0.9801 loss: 0.0000 
episode: 2 count: 127 score: -140.9426 average_last200: -169.7967 epis: 0.9703 loss: 0.0000 
episode: 3 count: 98 score: -151.9605 average_last200: -165.3376 epis: 0.9606 loss: 0.0000 
episode: 4 count: 71 score: -305.0290 average_last200: -193.2759 epis: 0.9510 loss: 0.0000 
episode: 5 count: 124 score: -219.4452 average_last200: -197.6374 epis: 0.9415 loss: 0.0000 
episode: 6 count: 136 score: -149.6131 average_last200: -190.7768 epis: 0.9321 loss: 0.0000 
episode: 7 count: 105 score: -416.8472 average_last200: -219.0356 epis: 0.9227 loss: 0.0000 
episode: 8 count: 88 score: -384.5283 average_last200: -237.4237 epis: 0.9135 loss: 0.0000 
episode: 9 count: 102 score: -379.6925 average_last200: -251.6506 epis: 0.9044 loss: 21.3760 
episode: 10 count: 107 score: -399.6924 average_last200: -265.1089 epis: 0.8953 loss: 55.2741 
episode: 11 count: 97 score: -346.5255 average_last200: -271.8936 epis: 0.8864 loss: 46.0067 
episode: 12 count: 125 score: -208.6529 average_last200: -267.0290 epis: 0.8775 loss: 48.6462 
episode: 13 count: 79 score: -185.5408 average_last200: -261.2084 epis: 0.8687 loss: 27.2289 
episode: 14 count: 94 score: -180.8343 average_last200: -255.8501 epis: 0.8601 loss: 43.3734 
episode: 15 count: 98 score: -256.7223 average_last200: -255.9046 epis: 0.8515 loss: 38.1913 
episode: 16 count: 98 score: -150.0668 average_last200: -249.6789 epis: 0.8429 loss: 38.9559 
episode: 17 count: 113 score: -261.4492 average_last200: -250.3328 epis: 0.8345 loss: 34.9164 
episode: 18 count: 86 score: -253.9786 average_last200: -250.5247 epis: 0.8262 loss: 28.7231 
episode: 19 count: 95 score: -250.8043 average_last200: -250.5386 epis: 0.8179 loss: 40.1397 
episode: 20 count: 156 score: -103.9038 average_last200: -243.5560 epis: 0.8097 loss: 48.7510 
episode: 21 count: 77 score: -201.6702 average_last200: -241.6521 epis: 0.8016 loss: 17.1336 
episode: 22 count: 73 score: -105.4340 average_last200: -235.7296 epis: 0.7936 loss: 20.4638 
episode: 23 count: 132 score: -81.4835 average_last200: -229.3027 epis: 0.7857 loss: 42.0799 
episode: 24 count: 61 score: -202.0560 average_last200: -228.2128 epis: 0.7778 loss: 21.8617 
episode: 25 count: 80 score: -232.0453 average_last200: -228.3602 epis: 0.7700 loss: 20.1633 
episode: 26 count: 133 score: -78.1445 average_last200: -222.7967 epis: 0.7623 loss: 45.6958 
episode: 27 count: 104 score: -207.9960 average_last200: -222.2681 epis: 0.7547 loss: 25.5911 
episode: 28 count: 115 score: -170.3798 average_last200: -220.4788 epis: 0.7472 loss: 35.1710 
episode: 29 count: 105 score: -138.3722 average_last200: -217.7419 epis: 0.7397 loss: 25.8814 
episode: 30 count: 142 score: -171.3012 average_last200: -216.2439 epis: 0.7323 loss: 42.3282 
episode: 31 count: 105 score: -151.8297 average_last200: -214.2309 epis: 0.7250 loss: 32.8910 
episode: 32 count: 105 score: -180.6800 average_last200: -213.2142 epis: 0.7177 loss: 27.0976 
episode: 33 count: 155 score: -184.8666 average_last200: -212.3805 epis: 0.7106 loss: 47.0095 
episode: 34 count: 154 score: -115.3143 average_last200: -209.6071 epis: 0.7034 loss: 48.2953 
episode: 35 count: 119 score: -195.3295 average_last200: -209.2105 epis: 0.6964 loss: 31.0097 
episode: 36 count: 134 score: -148.7701 average_last200: -207.5770 epis: 0.6894 loss: 36.4014 
episode: 37 count: 176 score: -97.1705 average_last200: -204.6716 epis: 0.6826 loss: 60.9435 
episode: 38 count: 120 score: -219.6176 average_last200: -205.0548 epis: 0.6757 loss: 34.6277 
episode: 39 count: 109 score: -202.7222 average_last200: -204.9965 epis: 0.6690 loss: 33.0252 
episode: 40 count: 1000 score: -0.7858 average_last200: -200.0157 epis: 0.6623 loss: 284.8026 
episode: 41 count: 142 score: -130.9417 average_last200: -198.3711 epis: 0.6557 loss: 41.4484 
episode: 42 count: 116 score: -121.4199 average_last200: -196.5816 epis: 0.6491 loss: 30.8820 
episode: 43 count: 143 score: -135.2280 average_last200: -195.1872 epis: 0.6426 loss: 45.1898 
episode: 44 count: 162 score: -112.7108 average_last200: -193.3544 epis: 0.6362 loss: 51.6915 
episode: 45 count: 184 score: -85.8145 average_last200: -191.0165 epis: 0.6298 loss: 47.5683 
episode: 46 count: 118 score: -80.4519 average_last200: -188.6641 epis: 0.6235 loss: 34.5718 
episode: 47 count: 149 score: -104.6672 average_last200: -186.9142 epis: 0.6173 loss: 47.2766 
episode: 48 count: 155 score: -250.6972 average_last200: -188.2159 epis: 0.6111 loss: 37.2385 
episode: 49 count: 129 score: -128.2082 average_last200: -187.0157 epis: 0.6050 loss: 36.7904 
episode: 50 count: 140 score: -70.3777 average_last200: -184.7287 epis: 0.5990 loss: 42.9626 
episode: 51 count: 223 score: -47.7952 average_last200: -182.0953 epis: 0.5930 loss: 63.0548 
episode: 52 count: 112 score: -86.4399 average_last200: -180.2905 epis: 0.5870 loss: 27.0805 
episode: 53 count: 129 score: -89.0517 average_last200: -178.6009 epis: 0.5812 loss: 37.6062 
episode: 54 count: 156 score: -63.0705 average_last200: -176.5004 epis: 0.5754 loss: 39.6687 
episode: 55 count: 270 score: -49.1049 average_last200: -174.2254 epis: 0.5696 loss: 80.9796 
episode: 56 count: 141 score: -124.1719 average_last200: -173.3473 epis: 0.5639 loss: 31.5302 
episode: 57 count: 183 score: -122.5750 average_last200: -172.4719 epis: 0.5583 loss: 56.8277 
episode: 58 count: 156 score: -46.3611 average_last200: -170.3345 epis: 0.5527 loss: 49.9362 
episode: 59 count: 166 score: -107.6507 average_last200: -169.2897 epis: 0.5472 loss: 41.8771 
episode: 60 count: 104 score: -98.0660 average_last200: -168.1221 epis: 0.5417 loss: 23.7038 
episode: 61 count: 254 score: -92.9116 average_last200: -166.9091 epis: 0.5363 loss: 80.7517 
episode: 62 count: 163 score: -119.3766 average_last200: -166.1546 epis: 0.5309 loss: 47.5448 
episode: 63 count: 335 score: -82.8072 average_last200: -164.8523 epis: 0.5256 loss: 103.5282 
episode: 64 count: 107 score: -92.3411 average_last200: -163.7367 epis: 0.5203 loss: 32.1451 
episode: 65 count: 239 score: -86.9769 average_last200: -162.5737 epis: 0.5151 loss: 68.7445 
episode: 66 count: 268 score: -81.5535 average_last200: -161.3644 epis: 0.5100 loss: 70.1545 
episode: 67 count: 312 score: -358.2194 average_last200: -164.2594 epis: 0.5049 loss: 86.9543 
episode: 68 count: 132 score: -120.5578 average_last200: -163.6260 epis: 0.4998 loss: 33.8615 
episode: 69 count: 87 score: -107.1424 average_last200: -162.8191 epis: 0.4948 loss: 21.7057 
episode: 70 count: 207 score: -83.2282 average_last200: -161.6981 epis: 0.4899 loss: 53.0136 
episode: 71 count: 1000 score: 60.5325 average_last200: -158.6116 epis: 0.4850 loss: 294.3048 
episode: 72 count: 259 score: -48.4387 average_last200: -157.1023 epis: 0.4801 loss: 73.0979 
episode: 73 count: 770 score: -397.1435 average_last200: -160.3461 epis: 0.4753 loss: 205.9067 
episode: 74 count: 1000 score: -20.6209 average_last200: -158.4831 epis: 0.4706 loss: 273.5593 
episode: 75 count: 267 score: -15.6781 average_last200: -156.6041 epis: 0.4659 loss: 69.6974 
episode: 76 count: 199 score: -87.5976 average_last200: -155.7079 epis: 0.4612 loss: 49.6149 
episode: 77 count: 278 score: -85.5028 average_last200: -154.8079 epis: 0.4566 loss: 75.7524 
episode: 78 count: 297 score: -107.9560 average_last200: -154.2148 epis: 0.4520 loss: 71.8743 
episode: 79 count: 112 score: -34.4673 average_last200: -152.7180 epis: 0.4475 loss: 31.4816 
episode: 80 count: 1000 score: 55.3922 average_last200: -150.1487 epis: 0.4430 loss: 268.8750 
episode: 81 count: 111 score: -82.0748 average_last200: -149.3185 epis: 0.4386 loss: 32.0452 
episode: 82 count: 445 score: -115.2710 average_last200: -148.9083 epis: 0.4342 loss: 118.5477 
episode: 83 count: 208 score: -46.0445 average_last200: -147.6838 epis: 0.4299 loss: 59.5241 
episode: 84 count: 115 score: -10.1521 average_last200: -146.0657 epis: 0.4256 loss: 31.5310 
episode: 85 count: 1000 score: 22.1760 average_last200: -144.1094 epis: 0.4213 loss: 274.5340 
episode: 86 count: 174 score: -43.5944 average_last200: -142.9541 epis: 0.4171 loss: 68.7540 
episode: 87 count: 1000 score: 2.4563 average_last200: -141.3017 epis: 0.4129 loss: 267.8850 
episode: 88 count: 1000 score: 37.5503 average_last200: -139.2921 epis: 0.4088 loss: 268.9312 
episode: 89 count: 1000 score: -97.5648 average_last200: -138.8285 epis: 0.4047 loss: 279.0716 
episode: 90 count: 1000 score: 52.9573 average_last200: -136.7209 epis: 0.4007 loss: 272.5063 
episode: 91 count: 194 score: -46.2948 average_last200: -135.7381 epis: 0.3967 loss: 64.0773 
episode: 92 count: 185 score: -48.4454 average_last200: -134.7994 epis: 0.3927 loss: 49.3393 
episode: 93 count: 106 score: -45.9501 average_last200: -133.8542 epis: 0.3888 loss: 28.3006 
episode: 94 count: 396 score: -152.9609 average_last200: -134.0553 epis: 0.3849 loss: 121.0157 
episode: 95 count: 138 score: -18.6094 average_last200: -132.8528 epis: 0.3810 loss: 30.9149 
episode: 96 count: 1000 score: 10.3092 average_last200: -131.3769 epis: 0.3772 loss: 275.4280 
episode: 97 count: 1000 score: -21.9630 average_last200: -130.2604 epis: 0.3735 loss: 266.2436 
episode: 98 count: 1000 score: -110.4280 average_last200: -130.0601 epis: 0.3697 loss: 261.9991 
episode: 99 count: 1000 score: -91.3997 average_last200: -129.6735 epis: 0.3660 loss: 271.0259 
episode: 100 count: 1000 score: 6.9147 average_last200: -128.3211 epis: 0.3624 loss: 256.0593 
episode: 101 count: 562 score: -177.8675 average_last200: -128.8069 epis: 0.3587 loss: 146.7823 
episode: 102 count: 914 score: -301.3398 average_last200: -130.4820 epis: 0.3552 loss: 238.8084 
episode: 103 count: 1000 score: -42.6892 average_last200: -129.6378 epis: 0.3516 loss: 258.5840 
episode: 104 count: 1000 score: -8.0583 average_last200: -128.4799 epis: 0.3481 loss: 268.9773 
episode: 105 count: 1000 score: -81.3039 average_last200: -128.0348 epis: 0.3446 loss: 298.9794 
episode: 106 count: 1000 score: -74.0681 average_last200: -127.5305 epis: 0.3412 loss: 290.5232 
episode: 107 count: 1000 score: -51.1179 average_last200: -126.8230 epis: 0.3378 loss: 282.4700 
episode: 108 count: 1000 score: -49.9482 average_last200: -126.1177 epis: 0.3344 loss: 307.3632 
episode: 109 count: 282 score: -249.2471 average_last200: -127.2370 epis: 0.3310 loss: 78.6681 
episode: 110 count: 1000 score: 1.5536 average_last200: -126.0768 epis: 0.3277 loss: 289.6803 
episode: 111 count: 209 score: -19.4216 average_last200: -125.1245 epis: 0.3244 loss: 58.6231 
episode: 112 count: 164 score: -41.6284 average_last200: -124.3856 epis: 0.3212 loss: 43.7338 
episode: 113 count: 1000 score: -64.1516 average_last200: -123.8572 epis: 0.3180 loss: 294.8225 
episode: 114 count: 1000 score: 2.3418 average_last200: -122.7598 epis: 0.3148 loss: 300.6498 
episode: 115 count: 1000 score: 35.6890 average_last200: -121.3939 epis: 0.3117 loss: 311.0955 
episode: 116 count: 153 score: -30.3402 average_last200: -120.6157 epis: 0.3085 loss: 44.1078 
episode: 117 count: 124 score: -76.3757 average_last200: -120.2407 epis: 0.3055 loss: 37.2028 
episode: 118 count: 1000 score: -9.9167 average_last200: -119.3136 epis: 0.3024 loss: 296.7654 
episode: 119 count: 290 score: -75.0858 average_last200: -118.9451 epis: 0.2994 loss: 79.4434 
episode: 120 count: 131 score: -91.3797 average_last200: -118.7173 epis: 0.2964 loss: 35.5720 
episode: 121 count: 173 score: -8.2943 average_last200: -117.8122 epis: 0.2934 loss: 61.5974 
episode: 122 count: 1000 score: 31.9298 average_last200: -116.5947 epis: 0.2905 loss: 282.7108 
episode: 123 count: 1000 score: -47.8834 average_last200: -116.0406 epis: 0.2876 loss: 285.1973 
episode: 124 count: 1000 score: -40.2983 average_last200: -115.4347 epis: 0.2847 loss: 292.6815 
episode: 125 count: 1000 score: -33.6719 average_last200: -114.7858 epis: 0.2819 loss: 289.9200 
episode: 126 count: 1000 score: -32.5282 average_last200: -114.1381 epis: 0.2790 loss: 313.7602 
episode: 127 count: 1000 score: -58.5235 average_last200: -113.7036 epis: 0.2763 loss: 312.9348 
episode: 128 count: 1000 score: 26.9138 average_last200: -112.6135 epis: 0.2735 loss: 300.9399 
episode: 129 count: 1000 score: 60.0899 average_last200: -111.2850 epis: 0.2708 loss: 302.2834 
episode: 130 count: 1000 score: -37.2551 average_last200: -110.7199 epis: 0.2680 loss: 323.3573 
episode: 131 count: 1000 score: 40.9767 average_last200: -109.5707 epis: 0.2654 loss: 340.8631 
episode: 132 count: 1000 score: 16.4964 average_last200: -108.6228 epis: 0.2627 loss: 319.8487 
episode: 133 count: 1000 score: -19.4338 average_last200: -107.9572 epis: 0.2601 loss: 303.1286 
episode: 134 count: 155 score: -212.7975 average_last200: -108.7338 epis: 0.2575 loss: 43.8955 
episode: 135 count: 149 score: -73.4497 average_last200: -108.4744 epis: 0.2549 loss: 56.2771 
episode: 136 count: 1000 score: -13.0845 average_last200: -107.7781 epis: 0.2524 loss: 303.9329 
episode: 137 count: 678 score: 139.9734 average_last200: -105.9828 epis: 0.2498 loss: 215.1769 
episode: 138 count: 1000 score: 3.2403 average_last200: -105.1970 epis: 0.2473 loss: 290.9451 
episode: 139 count: 304 score: -89.4136 average_last200: -105.0843 epis: 0.2449 loss: 96.2675 
episode: 140 count: 136 score: 11.4549 average_last200: -104.2578 epis: 0.2424 loss: 53.6249 
episode: 141 count: 124 score: -51.4225 average_last200: -103.8857 epis: 0.2400 loss: 39.1613 
episode: 142 count: 1000 score: -92.6128 average_last200: -103.8069 epis: 0.2376 loss: 316.2962 
episode: 143 count: 1000 score: -29.8022 average_last200: -103.2930 epis: 0.2352 loss: 304.9425 
episode: 144 count: 638 score: 140.5894 average_last200: -101.6110 epis: 0.2329 loss: 193.9490 
episode: 145 count: 1000 score: 29.3874 average_last200: -100.7138 epis: 0.2305 loss: 327.7254 
episode: 146 count: 691 score: 176.2234 average_last200: -98.8298 epis: 0.2282 loss: 228.1301 
episode: 147 count: 1000 score: -41.6227 average_last200: -98.4433 epis: 0.2259 loss: 302.2996 
episode: 148 count: 941 score: 95.0068 average_last200: -97.1450 epis: 0.2237 loss: 301.6774 
episode: 149 count: 450 score: 241.3510 average_last200: -94.8883 epis: 0.2215 loss: 164.9323 
episode: 150 count: 309 score: 255.7036 average_last200: -92.5665 epis: 0.2192 loss: 114.0447 
episode: 151 count: 1000 score: -56.5497 average_last200: -92.3296 epis: 0.2170 loss: 311.7803 
episode: 152 count: 1000 score: 48.7322 average_last200: -91.4076 epis: 0.2149 loss: 314.1088 
episode: 153 count: 815 score: 133.8487 average_last200: -89.9449 epis: 0.2127 loss: 239.6466 
episode: 154 count: 1000 score: 23.6723 average_last200: -89.2119 epis: 0.2106 loss: 326.3744 
episode: 155 count: 783 score: 141.5150 average_last200: -87.7329 epis: 0.2085 loss: 254.6526 
episode: 156 count: 1000 score: 79.5085 average_last200: -86.6676 epis: 0.2064 loss: 337.6774 
episode: 157 count: 857 score: 154.9816 average_last200: -85.1382 epis: 0.2043 loss: 266.9295 
episode: 158 count: 1000 score: -50.7248 average_last200: -84.9218 epis: 0.2023 loss: 301.9236 
episode: 159 count: 1000 score: 26.9160 average_last200: -84.2228 epis: 0.2003 loss: 300.7263 
episode: 160 count: 631 score: 231.3838 average_last200: -82.2625 epis: 0.1983 loss: 200.5586 
episode: 161 count: 1000 score: 21.9149 average_last200: -81.6194 epis: 0.1963 loss: 336.3864 
episode: 162 count: 954 score: 120.2263 average_last200: -80.3811 epis: 0.1943 loss: 324.1918 
episode: 163 count: 1000 score: 17.8842 average_last200: -79.7819 epis: 0.1924 loss: 306.9603 
episode: 164 count: 1000 score: -11.8871 average_last200: -79.3705 epis: 0.1905 loss: 296.5218 
episode: 165 count: 192 score: -21.1209 average_last200: -79.0195 epis: 0.1886 loss: 61.9804 
episode: 166 count: 1000 score: -39.9215 average_last200: -78.7854 epis: 0.1867 loss: 311.6880 
episode: 167 count: 986 score: 119.6778 average_last200: -77.6041 epis: 0.1848 loss: 297.0681 
episode: 168 count: 932 score: 137.0015 average_last200: -76.3342 epis: 0.1830 loss: 310.7525 
episode: 169 count: 1000 score: -21.7190 average_last200: -76.0130 epis: 0.1811 loss: 311.0417 
episode: 170 count: 194 score: -63.4036 average_last200: -75.9392 epis: 0.1793 loss: 61.4225 
episode: 171 count: 1000 score: 8.2028 average_last200: -75.4500 epis: 0.1775 loss: 317.0396 
episode: 172 count: 856 score: 149.5340 average_last200: -74.1496 epis: 0.1757 loss: 258.6557 
episode: 173 count: 1000 score: 26.8747 average_last200: -73.5690 epis: 0.1740 loss: 310.4289 
episode: 174 count: 1000 score: -9.4927 average_last200: -73.2028 epis: 0.1722 loss: 298.3943 
episode: 175 count: 1000 score: -3.3960 average_last200: -72.8062 epis: 0.1705 loss: 286.7586 
episode: 176 count: 1000 score: 14.1301 average_last200: -72.3150 epis: 0.1688 loss: 309.3887 
episode: 177 count: 834 score: 177.7037 average_last200: -70.9104 epis: 0.1671 loss: 246.9481 
episode: 178 count: 291 score: 238.3542 average_last200: -69.1827 epis: 0.1655 loss: 87.9485 
episode: 179 count: 1000 score: -57.5586 average_last200: -69.1181 epis: 0.1638 loss: 300.9518 
episode: 180 count: 635 score: 169.4361 average_last200: -67.8001 epis: 0.1622 loss: 186.5071 
episode: 181 count: 637 score: 159.5964 average_last200: -66.5507 epis: 0.1605 loss: 180.9369 
episode: 182 count: 377 score: 176.0696 average_last200: -65.2249 epis: 0.1589 loss: 104.6113 
episode: 183 count: 887 score: 149.7051 average_last200: -64.0568 epis: 0.1574 loss: 254.1090 
episode: 184 count: 1000 score: -8.8267 average_last200: -63.7583 epis: 0.1558 loss: 286.5900 
episode: 185 count: 617 score: 208.0244 average_last200: -62.2971 epis: 0.1542 loss: 187.0925 
episode: 186 count: 375 score: 212.7359 average_last200: -60.8263 epis: 0.1527 loss: 111.5043 
episode: 187 count: 443 score: 165.0282 average_last200: -59.6249 epis: 0.1512 loss: 143.2539 
episode: 188 count: 534 score: 204.5929 average_last200: -58.2270 epis: 0.1496 loss: 148.6983 
episode: 189 count: 633 score: 205.8992 average_last200: -56.8368 epis: 0.1481 loss: 180.0431 
episode: 190 count: 651 score: 226.0701 average_last200: -55.3556 epis: 0.1467 loss: 176.2172 
episode: 191 count: 344 score: 228.1265 average_last200: -53.8792 epis: 0.1452 loss: 91.7511 
episode: 192 count: 950 score: 131.4662 average_last200: -52.9188 epis: 0.1437 loss: 278.5810 
episode: 193 count: 1000 score: -48.8269 average_last200: -52.8977 epis: 0.1423 loss: 267.3324 
episode: 194 count: 355 score: 214.3293 average_last200: -51.5273 epis: 0.1409 loss: 90.6701 
episode: 195 count: 233 score: 206.7217 average_last200: -50.2097 epis: 0.1395 loss: 62.0467 
episode: 196 count: 408 score: 230.8736 average_last200: -48.7829 epis: 0.1381 loss: 121.9393 
episode: 197 count: 1000 score: -143.4043 average_last200: -49.2608 epis: 0.1367 loss: 266.1490 
episode: 198 count: 275 score: -58.1313 average_last200: -49.3054 epis: 0.1353 loss: 71.4973 
episode: 199 count: 247 score: 203.2951 average_last200: -48.0424 epis: 0.1340 loss: 72.7085 
episode: 200 count: 287 score: 223.6557 average_last200: -45.9153 epis: 0.1326 loss: 84.3062 
episode: 201 count: 435 score: 184.8822 average_last200: -44.1575 epis: 0.1313 loss: 121.0655 
episode: 202 count: 318 score: 241.4481 average_last200: -42.2455 epis: 0.1300 loss: 89.4808 
episode: 203 count: 415 score: 247.5979 average_last200: -40.2477 epis: 0.1287 loss: 111.3182 
episode: 204 count: 1000 score: 83.7943 average_last200: -38.3036 epis: 0.1274 loss: 267.3467 
episode: 205 count: 282 score: 177.1458 average_last200: -36.3206 epis: 0.1261 loss: 83.0517 
episode: 206 count: 448 score: 208.2225 average_last200: -34.5315 epis: 0.1249 loss: 118.4393 
episode: 207 count: 401 score: 194.5975 average_last200: -31.4742 epis: 0.1236 loss: 103.1448 
episode: 208 count: 426 score: 236.9420 average_last200: -28.3669 epis: 0.1224 loss: 114.2416 
episode: 209 count: 440 score: 237.3348 average_last200: -25.2818 epis: 0.1212 loss: 117.8656 
episode: 210 count: 361 score: 244.8404 average_last200: -22.0591 epis: 0.1200 loss: 92.5412 
episode: 211 count: 380 score: 220.9920 average_last200: -19.2215 epis: 0.1188 loss: 109.0188 
episode: 212 count: 448 score: 204.8767 average_last200: -17.1539 epis: 0.1176 loss: 122.6143 
episode: 213 count: 369 score: 213.6497 average_last200: -15.1579 epis: 0.1164 loss: 105.1491 
episode: 214 count: 517 score: 171.9444 average_last200: -13.3940 epis: 0.1152 loss: 137.6676 
episode: 215 count: 221 score: -102.1105 average_last200: -12.6209 epis: 0.1141 loss: 53.8459 
episode: 216 count: 385 score: 237.1067 average_last200: -10.6851 epis: 0.1129 loss: 103.9633 
episode: 217 count: 298 score: 191.3971 average_last200: -8.4208 epis: 0.1118 loss: 80.9275 
episode: 218 count: 446 score: 186.2585 average_last200: -6.2197 epis: 0.1107 loss: 113.5672 
episode: 219 count: 496 score: 179.8523 average_last200: -4.0664 epis: 0.1096 loss: 129.0371 
episode: 220 count: 256 score: 202.1159 average_last200: -2.5363 epis: 0.1085 loss: 61.3788 
episode: 221 count: 298 score: 194.4773 average_last200: -0.5555 epis: 0.1074 loss: 73.8124 
episode: 222 count: 261 score: 201.4688 average_last200: 0.9790 epis: 0.1063 loss: 68.8321 
episode: 223 count: 310 score: 199.8861 average_last200: 2.3858 epis: 0.1053 loss: 77.8030 
episode: 224 count: 458 score: 202.7034 average_last200: 4.4096 epis: 0.1042 loss: 106.6604 
episode: 225 count: 496 score: 201.5571 average_last200: 6.5776 epis: 0.1032 loss: 119.7684 
episode: 226 count: 395 score: 199.6653 average_last200: 7.9667 epis: 0.1021 loss: 102.4492 
episode: 227 count: 582 score: 168.2487 average_last200: 9.8479 epis: 0.1011 loss: 153.5316 
episode: 228 count: 429 score: 193.9326 average_last200: 11.6695 epis: 0.1001 loss: 114.5510 
episode: 229 count: 738 score: 156.4891 average_last200: 13.1438 epis: 0.0991 loss: 180.7454 
episode: 230 count: 723 score: 179.6865 average_last200: 14.8987 epis: 0.0981 loss: 174.0574 
episode: 231 count: 407 score: 201.5944 average_last200: 16.6658 epis: 0.0971 loss: 109.0467 
episode: 232 count: 377 score: 207.0446 average_last200: 18.6045 epis: 0.0962 loss: 98.3067 
episode: 233 count: 1000 score: 20.7536 average_last200: 19.6326 epis: 0.0952 loss: 262.2960 
episode: 234 count: 1000 score: -71.8716 average_last200: 19.8498 epis: 0.0942 loss: 267.0971 
episode: 235 count: 1000 score: -55.3439 average_last200: 20.5497 epis: 0.0933 loss: 255.9817 
episode: 236 count: 1000 score: -74.9555 average_last200: 20.9188 epis: 0.0924 loss: 261.6184 
episode: 237 count: 1000 score: -72.5070 average_last200: 21.0421 epis: 0.0914 loss: 251.4653 
episode: 238 count: 468 score: 231.6999 average_last200: 23.2987 epis: 0.0905 loss: 121.8013 
episode: 239 count: 1000 score: -46.7220 average_last200: 24.0787 epis: 0.0896 loss: 237.3235 
episode: 240 count: 509 score: 171.3181 average_last200: 24.9392 epis: 0.0887 loss: 128.2931 
episode: 241 count: 1000 score: -75.7219 average_last200: 25.2153 epis: 0.0878 loss: 267.9415 
episode: 242 count: 1000 score: -88.5648 average_last200: 25.3796 epis: 0.0870 loss: 264.4434 
episode: 243 count: 1000 score: -62.3901 average_last200: 25.7438 epis: 0.0861 loss: 230.1506 
episode: 244 count: 832 score: 103.7947 average_last200: 26.8263 epis: 0.0852 loss: 215.3059 
episode: 245 count: 644 score: 150.2027 average_last200: 28.0064 epis: 0.0844 loss: 158.3034 
episode: 246 count: 371 score: 185.9152 average_last200: 29.3382 epis: 0.0835 loss: 85.3450 
episode: 247 count: 850 score: 137.6770 average_last200: 30.5499 epis: 0.0827 loss: 201.0670 
episode: 248 count: 1000 score: -37.0070 average_last200: 31.6184 epis: 0.0819 loss: 257.2033 
episode: 249 count: 802 score: 103.0242 average_last200: 32.7745 epis: 0.0811 loss: 194.3037 
episode: 250 count: 489 score: 172.0521 average_last200: 33.9867 epis: 0.0802 loss: 123.5783 
episode: 251 count: 885 score: 83.5956 average_last200: 34.6436 epis: 0.0794 loss: 219.3113 
episode: 252 count: 475 score: 179.0903 average_last200: 35.9713 epis: 0.0787 loss: 132.0196 
episode: 253 count: 510 score: 223.6075 average_last200: 37.5346 epis: 0.0779 loss: 128.5787 
episode: 254 count: 264 score: 180.8223 average_last200: 38.7541 epis: 0.0771 loss: 61.1525 
episode: 255 count: 799 score: 90.8467 average_last200: 39.4538 epis: 0.0763 loss: 208.1639 
episode: 256 count: 624 score: 148.8217 average_last200: 40.8188 epis: 0.0756 loss: 151.7326 
episode: 257 count: 1000 score: -22.9501 average_last200: 41.3169 epis: 0.0748 loss: 250.0671 
episode: 258 count: 1000 score: -90.8916 average_last200: 41.0943 epis: 0.0740 loss: 242.7803 
episode: 259 count: 447 score: 198.9681 average_last200: 42.6273 epis: 0.0733 loss: 125.0865 
episode: 260 count: 304 score: 180.9610 average_last200: 44.0225 epis: 0.0726 loss: 70.8642 
episode: 261 count: 624 score: 184.5504 average_last200: 45.4098 epis: 0.0718 loss: 150.4305 
episode: 262 count: 373 score: 214.1065 average_last200: 47.0772 epis: 0.0711 loss: 84.6677 
episode: 263 count: 482 score: 219.6028 average_last200: 48.5893 epis: 0.0704 loss: 116.8351 
episode: 264 count: 254 score: -125.1737 average_last200: 48.4251 epis: 0.0697 loss: 57.7326 
episode: 265 count: 579 score: 147.5613 average_last200: 49.5978 epis: 0.0690 loss: 128.9874 
episode: 266 count: 324 score: 201.4194 average_last200: 51.0126 epis: 0.0683 loss: 76.5257 
episode: 267 count: 492 score: 186.3948 average_last200: 53.7357 epis: 0.0676 loss: 124.3520 
episode: 268 count: 351 score: 182.1911 average_last200: 55.2495 epis: 0.0670 loss: 85.0652 
episode: 269 count: 1000 score: -59.2310 average_last200: 55.4890 epis: 0.0663 loss: 243.4717 
episode: 270 count: 176 score: -15.3065 average_last200: 55.8286 epis: 0.0656 loss: 44.1345 
episode: 271 count: 1000 score: -91.4959 average_last200: 55.0685 epis: 0.0650 loss: 259.6328 
episode: 272 count: 374 score: 214.3441 average_last200: 56.3824 epis: 0.0643 loss: 97.5509 
episode: 273 count: 597 score: 145.1111 average_last200: 59.0937 epis: 0.0637 loss: 140.4041 
episode: 274 count: 314 score: 254.8011 average_last200: 60.4708 epis: 0.0630 loss: 78.3517 
episode: 275 count: 309 score: 158.4883 average_last200: 61.3416 epis: 0.0624 loss: 77.3651 
episode: 276 count: 591 score: 198.9629 average_last200: 62.7744 epis: 0.0618 loss: 142.3445 
episode: 277 count: 660 score: 176.9409 average_last200: 64.0866 epis: 0.0612 loss: 158.5842 
episode: 278 count: 389 score: 176.1365 average_last200: 65.5071 epis: 0.0606 loss: 87.4285 
episode: 279 count: 544 score: 193.5303 average_last200: 66.6471 epis: 0.0600 loss: 127.6368 
episode: 280 count: 433 score: 217.0519 average_last200: 67.4554 epis: 0.0594 loss: 93.5162 
episode: 281 count: 289 score: 210.3635 average_last200: 68.9176 epis: 0.0588 loss: 75.5864 
episode: 282 count: 632 score: 195.5645 average_last200: 70.4718 epis: 0.0582 loss: 151.7009 
episode: 283 count: 773 score: 134.2016 average_last200: 71.3730 epis: 0.0576 loss: 192.3632 
episode: 284 count: 1000 score: -87.1213 average_last200: 70.9881 epis: 0.0570 loss: 236.1026 
episode: 285 count: 1000 score: -88.4331 average_last200: 70.4351 epis: 0.0565 loss: 254.3464 
episode: 286 count: 1000 score: -87.5133 average_last200: 70.2155 epis: 0.0559 loss: 252.1482 
episode: 287 count: 1000 score: -40.2945 average_last200: 70.0017 epis: 0.0553 loss: 257.8314 
episode: 288 count: 1000 score: -62.6446 average_last200: 69.5008 epis: 0.0548 loss: 246.3293 
episode: 289 count: 774 score: 40.5011 average_last200: 70.1911 epis: 0.0542 loss: 172.6745 
episode: 290 count: 1000 score: -64.6423 average_last200: 69.6031 epis: 0.0537 loss: 221.9883 
episode: 291 count: 1000 score: -41.2252 average_last200: 69.6285 epis: 0.0531 loss: 239.7033 
episode: 292 count: 1000 score: -50.7258 average_last200: 69.6171 epis: 0.0526 loss: 235.0827 
episode: 293 count: 1000 score: -88.6286 average_last200: 69.4037 epis: 0.0521 loss: 258.3348 
episode: 294 count: 1000 score: -11.1164 average_last200: 70.1129 epis: 0.0516 loss: 257.2575 
episode: 295 count: 1000 score: -55.9407 average_last200: 69.9262 epis: 0.0511 loss: 245.7325 
episode: 296 count: 375 score: 164.8408 average_last200: 70.6989 epis: 0.0505 loss: 100.2435 
episode: 297 count: 1000 score: -35.2319 average_last200: 70.6325 epis: 0.0500 loss: 244.2779 
episode: 298 count: 1000 score: -93.5510 average_last200: 70.7169 epis: 0.0495 loss: 210.9380 
episode: 299 count: 1000 score: -98.5611 average_last200: 70.6811 epis: 0.0490 loss: 235.6993 
episode: 300 count: 1000 score: -63.7734 average_last200: 70.3277 epis: 0.0486 loss: 235.2374 
episode: 301 count: 867 score: 123.5016 average_last200: 71.8345 epis: 0.0481 loss: 188.5971 
episode: 302 count: 734 score: 99.9089 average_last200: 73.8408 epis: 0.0476 loss: 182.8347 
episode: 303 count: 452 score: 202.9061 average_last200: 75.0687 epis: 0.0471 loss: 101.0022 
episode: 304 count: 549 score: 183.9165 average_last200: 76.0286 epis: 0.0466 loss: 133.1481 
episode: 305 count: 811 score: 126.0770 average_last200: 77.0655 epis: 0.0462 loss: 195.9358 
episode: 306 count: 640 score: 167.0490 average_last200: 78.2711 epis: 0.0457 loss: 164.6893 
episode: 307 count: 418 score: 156.6660 average_last200: 79.3100 epis: 0.0453 loss: 89.7262 
episode: 308 count: 937 score: 124.4022 average_last200: 80.1818 epis: 0.0448 loss: 211.0276 
episode: 309 count: 618 score: 134.5437 average_last200: 82.1007 epis: 0.0444 loss: 137.7750 
episode: 310 count: 475 score: 202.4382 average_last200: 83.1052 epis: 0.0439 loss: 100.4772 
episode: 311 count: 1000 score: -29.8924 average_last200: 83.0528 epis: 0.0435 loss: 242.2209 
episode: 312 count: 957 score: 57.5788 average_last200: 83.5488 epis: 0.0430 loss: 218.2637 
episode: 313 count: 1000 score: -36.2750 average_last200: 83.6882 epis: 0.0426 loss: 222.2297 
episode: 314 count: 566 score: 172.6410 average_last200: 84.5397 epis: 0.0422 loss: 135.6255 
episode: 315 count: 501 score: 177.9223 average_last200: 85.2509 epis: 0.0418 loss: 123.4177 
episode: 316 count: 538 score: 199.8777 average_last200: 86.4020 epis: 0.0413 loss: 123.2570 
episode: 317 count: 480 score: 186.1916 average_last200: 87.7148 epis: 0.0409 loss: 111.4304 
episode: 318 count: 997 score: 106.0154 average_last200: 88.2945 epis: 0.0405 loss: 237.3254 
episode: 319 count: 1000 score: -47.9263 average_last200: 88.4303 epis: 0.0401 loss: 225.1231 
episode: 320 count: 1000 score: -86.8961 average_last200: 88.4527 epis: 0.0397 loss: 219.3153 
episode: 321 count: 329 score: 187.0815 average_last200: 89.4296 epis: 0.0393 loss: 70.3877 
episode: 322 count: 724 score: 140.5073 average_last200: 89.9725 epis: 0.0389 loss: 164.1304 
episode: 323 count: 1000 score: -126.6573 average_last200: 89.5786 epis: 0.0385 loss: 222.0817 
episode: 324 count: 841 score: 166.9090 average_last200: 90.6146 epis: 0.0381 loss: 172.4591 
episode: 325 count: 1000 score: -37.9851 average_last200: 90.5931 epis: 0.0378 loss: 219.3229 
episode: 326 count: 318 score: 174.6602 average_last200: 91.6290 epis: 0.0374 loss: 65.6837 
episode: 327 count: 318 score: 184.4955 average_last200: 92.8441 epis: 0.0370 loss: 74.9905 
episode: 328 count: 360 score: 177.6527 average_last200: 93.5978 epis: 0.0366 loss: 90.6944 
episode: 329 count: 418 score: 207.6231 average_last200: 94.3354 epis: 0.0363 loss: 96.3927 
episode: 330 count: 404 score: 208.3404 average_last200: 95.5634 epis: 0.0359 loss: 80.5428 
episode: 331 count: 370 score: 219.7517 average_last200: 96.4573 epis: 0.0356 loss: 88.2973 
episode: 332 count: 1000 score: -91.2910 average_last200: 95.9184 epis: 0.0352 loss: 225.3373 
episode: 333 count: 397 score: 222.4026 average_last200: 97.1275 epis: 0.0348 loss: 79.9390 
episode: 334 count: 308 score: 199.2234 average_last200: 99.1876 epis: 0.0345 loss: 62.6621 
episode: 335 count: 432 score: 175.5384 average_last200: 100.4326 epis: 0.0342 loss: 95.6393 
episode: 336 count: 347 score: 206.7910 average_last200: 101.5320 epis: 0.0338 loss: 68.4838 
episode: 337 count: 392 score: 193.2494 average_last200: 101.7983 epis: 0.0335 loss: 78.4060 
episode: 338 count: 373 score: 210.6691 average_last200: 102.8355 epis: 0.0331 loss: 68.9666 
episode: 339 count: 291 score: 234.9604 average_last200: 104.4574 epis: 0.0328 loss: 59.0858 
episode: 340 count: 295 score: 211.8925 average_last200: 105.4595 epis: 0.0325 loss: 66.8304 
episode: 341 count: 432 score: 173.2432 average_last200: 106.5829 epis: 0.0322 loss: 90.9958 
episode: 342 count: 414 score: 165.5227 average_last200: 107.8736 epis: 0.0318 loss: 77.0695 
episode: 343 count: 309 score: 191.2219 average_last200: 108.9787 epis: 0.0315 loss: 63.6347 
episode: 344 count: 360 score: 199.4004 average_last200: 109.2727 epis: 0.0312 loss: 81.5379 
episode: 345 count: 367 score: 194.1250 average_last200: 110.0964 epis: 0.0309 loss: 81.4092 
episode: 346 count: 338 score: 228.2410 average_last200: 110.3565 epis: 0.0306 loss: 59.3392 
episode: 347 count: 584 score: 188.4423 average_last200: 111.5068 epis: 0.0303 loss: 132.3770 
episode: 348 count: 515 score: 228.7260 average_last200: 112.1754 epis: 0.0300 loss: 103.1325 
episode: 349 count: 372 score: 214.0008 average_last200: 112.0387 epis: 0.0297 loss: 79.1244 
episode: 350 count: 670 score: 147.4506 average_last200: 111.4974 epis: 0.0294 loss: 136.5523 
episode: 351 count: 379 score: 202.5243 average_last200: 112.7928 epis: 0.0291 loss: 65.9764 
episode: 352 count: 287 score: 178.6236 average_last200: 113.4422 epis: 0.0288 loss: 66.1631 
episode: 353 count: 257 score: 249.6561 average_last200: 114.0213 epis: 0.0285 loss: 54.9341 
episode: 354 count: 313 score: 235.5315 average_last200: 115.0806 epis: 0.0282 loss: 61.4967 
episode: 355 count: 1000 score: 35.3212 average_last200: 114.5496 epis: 0.0279 loss: 206.5563 
episode: 356 count: 625 score: 113.1005 average_last200: 114.7176 epis: 0.0277 loss: 120.2542 
episode: 357 count: 699 score: 150.8068 average_last200: 114.6967 epis: 0.0274 loss: 145.5355 
episode: 358 count: 373 score: 155.9863 average_last200: 115.7302 epis: 0.0271 loss: 85.1893 
episode: 359 count: 283 score: 191.0726 average_last200: 116.5510 epis: 0.0268 loss: 52.6094 
episode: 360 count: 261 score: 240.7155 average_last200: 116.5977 epis: 0.0266 loss: 42.1765 
episode: 361 count: 365 score: 187.8464 average_last200: 117.4273 epis: 0.0263 loss: 94.2685 
episode: 362 count: 844 score: 108.5262 average_last200: 117.3688 epis: 0.0260 loss: 166.6607 
episode: 363 count: 489 score: 188.2848 average_last200: 118.2208 epis: 0.0258 loss: 101.6511 
episode: 364 count: 253 score: 227.9578 average_last200: 119.4201 epis: 0.0255 loss: 55.3723 
episode: 365 count: 409 score: 152.8207 average_last200: 120.2898 epis: 0.0253 loss: 83.9742 
episode: 366 count: 304 score: 211.9502 average_last200: 121.5491 epis: 0.0250 loss: 59.9824 
episode: 367 count: 350 score: 154.1917 average_last200: 121.7217 epis: 0.0248 loss: 78.1720 
episode: 368 count: 397 score: 156.2937 average_last200: 121.8182 epis: 0.0245 loss: 81.3095 
episode: 369 count: 1000 score: -34.1537 average_last200: 121.7560 epis: 0.0243 loss: 194.4143 
episode: 370 count: 1000 score: -48.5360 average_last200: 121.8303 epis: 0.0240 loss: 207.0517 
episode: 371 count: 481 score: 201.4962 average_last200: 122.7968 epis: 0.0238 loss: 94.7424 
episode: 372 count: 311 score: 237.8425 average_last200: 123.2383 epis: 0.0235 loss: 63.5989 
episode: 373 count: 1000 score: -107.7574 average_last200: 122.5652 epis: 0.0233 loss: 199.3297 
episode: 374 count: 1000 score: -54.5692 average_last200: 122.3398 epis: 0.0231 loss: 207.1618 
episode: 375 count: 576 score: 186.6858 average_last200: 123.2902 epis: 0.0228 loss: 115.8625 
episode: 376 count: 340 score: 228.4753 average_last200: 124.3619 epis: 0.0226 loss: 63.9681 
episode: 377 count: 534 score: 142.6477 average_last200: 124.1867 epis: 0.0224 loss: 118.8312 
episode: 378 count: 307 score: 184.4778 average_last200: 123.9173 epis: 0.0222 loss: 55.1432 
episode: 379 count: 427 score: 193.1663 average_last200: 125.1709 epis: 0.0219 loss: 82.2197 
episode: 380 count: 476 score: 212.9432 average_last200: 125.3884 epis: 0.0217 loss: 99.8808 
episode: 381 count: 442 score: 160.2770 average_last200: 125.3918 epis: 0.0215 loss: 89.5947 
episode: 382 count: 811 score: 206.2602 average_last200: 125.5428 epis: 0.0213 loss: 164.8619 
episode: 383 count: 336 score: 213.1313 average_last200: 125.8599 epis: 0.0211 loss: 63.2761 
episode: 384 count: 280 score: 217.1591 average_last200: 126.9898 epis: 0.0209 loss: 56.3092 
episode: 385 count: 379 score: 194.6719 average_last200: 126.9231 epis: 0.0207 loss: 70.6682 
episode: 386 count: 270 score: 248.6703 average_last200: 127.1028 epis: 0.0205 loss: 50.3563 
episode: 387 count: 547 score: 200.8210 average_last200: 127.2817 epis: 0.0203 loss: 123.9572 
episode: 388 count: 680 score: -212.1374 average_last200: 125.1981 epis: 0.0200 loss: 133.5984 
episode: 389 count: 433 score: 190.2312 average_last200: 125.1197 epis: 0.0198 loss: 82.4148 
episode: 390 count: 311 score: 173.3133 average_last200: 124.8559 epis: 0.0196 loss: 64.3183 
episode: 391 count: 1000 score: 31.0249 average_last200: 123.8704 epis: 0.0195 loss: 187.8545 
episode: 392 count: 284 score: 236.5889 average_last200: 124.3960 epis: 0.0193 loss: 65.1096 
episode: 393 count: 408 score: 188.4689 average_last200: 125.5825 epis: 0.0191 loss: 80.4609 
episode: 394 count: 259 score: 215.8044 average_last200: 125.5899 epis: 0.0189 loss: 53.4843 
episode: 395 count: 483 score: -114.7900 average_last200: 123.9823 epis: 0.0187 loss: 88.8112 
episode: 396 count: 381 score: 230.3756 average_last200: 123.9799 epis: 0.0185 loss: 82.6834 
episode: 397 count: 518 score: 162.1402 average_last200: 125.5076 epis: 0.0183 loss: 120.0267 
episode: 398 count: 564 score: 239.2004 average_last200: 126.9942 epis: 0.0181 loss: 107.3054 
episode: 399 count: 505 score: 199.1870 average_last200: 126.9737 epis: 0.0180 loss: 102.1085 
episode: 400 count: 283 score: 229.1738 average_last200: 127.0013 epis: 0.0178 loss: 48.5177 
episode: 401 count: 432 score: 208.1475 average_last200: 127.1176 epis: 0.0176 loss: 91.5115 
episode: 402 count: 392 score: 168.8075 average_last200: 126.7544 epis: 0.0174 loss: 82.0966 
episode: 403 count: 535 score: 156.2346 average_last200: 126.2976 epis: 0.0172 loss: 105.6707 
episode: 404 count: 712 score: 146.6032 average_last200: 126.6116 epis: 0.0171 loss: 145.5205 
episode: 405 count: 677 score: 187.5900 average_last200: 126.6639 epis: 0.0169 loss: 134.9430 
episode: 406 count: 779 score: 130.7021 average_last200: 126.2763 epis: 0.0167 loss: 154.4175 
episode: 407 count: 318 score: 199.7655 average_last200: 126.3021 epis: 0.0166 loss: 69.9309 
episode: 408 count: 403 score: 206.0935 average_last200: 126.1479 epis: 0.0164 loss: 75.5521 
episode: 409 count: 281 score: 197.2158 average_last200: 125.9473 epis: 0.0162 loss: 55.1893 
episode: 410 count: 1000 score: 110.8819 average_last200: 125.2775 epis: 0.0161 loss: 206.8397 
episode: 411 count: 458 score: 203.4924 average_last200: 125.1900 epis: 0.0159 loss: 94.8445 
episode: 412 count: 322 score: 208.6316 average_last200: 125.2087 epis: 0.0158 loss: 65.5814 
episode: 413 count: 539 score: 189.6754 average_last200: 125.0889 epis: 0.0156 loss: 112.4672 
episode: 414 count: 294 score: 228.6632 average_last200: 125.3725 epis: 0.0154 loss: 64.1354 
episode: 415 count: 413 score: 228.7390 average_last200: 127.0267 epis: 0.0153 loss: 92.6898 
episode: 416 count: 343 score: 201.8429 average_last200: 126.8504 epis: 0.0151 loss: 59.2888 
episode: 417 count: 514 score: 193.4548 average_last200: 126.8607 epis: 0.0150 loss: 98.5727 
episode: 418 count: 456 score: 203.6973 average_last200: 126.9479 epis: 0.0148 loss: 96.9621 
episode: 419 count: 406 score: 193.9168 average_last200: 127.0182 epis: 0.0147 loss: 83.4217 
episode: 420 count: 431 score: 151.2163 average_last200: 126.7637 epis: 0.0145 loss: 85.9864 
episode: 421 count: 508 score: -202.7945 average_last200: 124.7773 epis: 0.0144 loss: 107.9955 
episode: 422 count: 404 score: 196.0934 average_last200: 124.7505 epis: 0.0142 loss: 79.6690 
episode: 423 count: 498 score: 206.2124 average_last200: 124.7821 epis: 0.0141 loss: 102.8797 
episode: 424 count: 722 score: 169.8919 average_last200: 124.6180 epis: 0.0140 loss: 145.8063 
episode: 425 count: 302 score: 178.6499 average_last200: 124.5035 epis: 0.0138 loss: 62.9307 
episode: 426 count: 1000 score: -6.8155 average_last200: 123.4711 epis: 0.0137 loss: 197.1455 
episode: 427 count: 782 score: 146.1033 average_last200: 123.3604 epis: 0.0135 loss: 160.3261 
episode: 428 count: 471 score: 169.4804 average_last200: 123.2381 epis: 0.0134 loss: 102.5736 
episode: 429 count: 738 score: 165.6814 average_last200: 123.2841 epis: 0.0133 loss: 155.0600 
episode: 430 count: 605 score: 119.7473 average_last200: 122.9844 epis: 0.0131 loss: 108.5504 
episode: 431 count: 783 score: 147.0021 average_last200: 122.7114 epis: 0.0130 loss: 160.2460 
episode: 432 count: 666 score: 122.3859 average_last200: 122.2881 epis: 0.0129 loss: 141.9085 
episode: 433 count: 1000 score: -63.3083 average_last200: 121.8678 epis: 0.0128 loss: 196.4128 
episode: 434 count: 866 score: 83.6938 average_last200: 122.6456 epis: 0.0126 loss: 158.7247 
episode: 435 count: 687 score: 143.0224 average_last200: 123.6375 epis: 0.0125 loss: 134.0924 
episode: 436 count: 721 score: 120.5598 average_last200: 124.6150 epis: 0.0124 loss: 128.2984 
episode: 437 count: 588 score: 162.6245 average_last200: 125.7907 epis: 0.0123 loss: 113.2070 
episode: 438 count: 1000 score: -52.6568 average_last200: 124.3689 epis: 0.0121 loss: 193.6897 
episode: 439 count: 534 score: 116.3700 average_last200: 125.1844 epis: 0.0120 loss: 88.8014 
episode: 440 count: 366 score: 171.5909 average_last200: 125.1857 epis: 0.0119 loss: 75.6056 
episode: 441 count: 344 score: 182.9386 average_last200: 126.4790 epis: 0.0118 loss: 67.8221 
episode: 442 count: 413 score: 216.0528 average_last200: 128.0021 epis: 0.0117 loss: 72.9966 
episode: 443 count: 404 score: 172.5603 average_last200: 129.1769 epis: 0.0115 loss: 84.7526 
episode: 444 count: 438 score: -144.1869 average_last200: 127.9370 epis: 0.0114 loss: 84.3268 
episode: 445 count: 383 score: 200.0157 average_last200: 128.1860 epis: 0.0113 loss: 62.7802 
episode: 446 count: 315 score: 173.5003 average_last200: 128.1240 epis: 0.0112 loss: 58.9367 
episode: 447 count: 337 score: 219.1898 average_last200: 128.5315 epis: 0.0111 loss: 71.1713 
episode: 448 count: 254 score: 187.1754 average_last200: 129.6524 epis: 0.0110 loss: 56.6711 
episode: 449 count: 268 score: 194.2916 average_last200: 130.1088 epis: 0.0109 loss: 42.7406 
episode: 450 count: 381 score: 205.0141 average_last200: 130.2736 epis: 0.0108 loss: 69.1089 
episode: 451 count: 653 score: 198.3369 average_last200: 130.8473 epis: 0.0106 loss: 128.9494 
episode: 452 count: 345 score: 195.1123 average_last200: 130.9274 epis: 0.0105 loss: 70.1184 
episode: 453 count: 335 score: 179.6267 average_last200: 130.7075 epis: 0.0104 loss: 65.4920 
episode: 454 count: 301 score: 176.2165 average_last200: 130.6845 epis: 0.0103 loss: 57.2244 
episode: 455 count: 385 score: 221.2992 average_last200: 131.3367 epis: 0.0102 loss: 69.5106 
episode: 456 count: 480 score: 189.4444 average_last200: 131.5399 epis: 0.0101 loss: 84.6267 
episode: 457 count: 484 score: 171.4351 average_last200: 132.5118 epis: 0.0100 loss: 101.9840 
episode: 458 count: 406 score: 181.9406 average_last200: 133.8759 epis: 0.0099 loss: 85.3578 
episode: 459 count: 370 score: 176.7045 average_last200: 133.7646 epis: 0.0098 loss: 63.7175 
episode: 460 count: 285 score: 239.1595 average_last200: 134.0556 epis: 0.0097 loss: 58.5163 
episode: 461 count: 404 score: 204.8761 average_last200: 134.1572 epis: 0.0096 loss: 73.9253 
episode: 462 count: 475 score: 140.8255 average_last200: 133.7908 epis: 0.0095 loss: 88.6398 
episode: 463 count: 580 score: 132.7425 average_last200: 133.3565 epis: 0.0094 loss: 122.4882 
episode: 464 count: 410 score: 208.7086 average_last200: 135.0259 epis: 0.0093 loss: 72.4756 
episode: 465 count: 415 score: 208.5503 average_last200: 135.3309 epis: 0.0092 loss: 99.4473 
episode: 466 count: 451 score: 167.0119 average_last200: 135.1589 epis: 0.0092 loss: 76.6653 
episode: 467 count: 348 score: 224.7195 average_last200: 135.3505 epis: 0.0091 loss: 68.6924 
episode: 468 count: 504 score: 184.0408 average_last200: 135.3597 epis: 0.0090 loss: 89.1119 
episode: 469 count: 612 score: 126.9224 average_last200: 136.2905 epis: 0.0089 loss: 120.1402 
episode: 470 count: 365 score: 172.0795 average_last200: 137.2274 epis: 0.0088 loss: 68.1903 
episode: 471 count: 537 score: 178.8339 average_last200: 138.5791 epis: 0.0087 loss: 107.8513 
episode: 472 count: 747 score: 156.2468 average_last200: 138.2886 epis: 0.0086 loss: 137.4440 
episode: 473 count: 576 score: 189.0501 average_last200: 138.5083 epis: 0.0085 loss: 100.5251 
episode: 474 count: 985 score: 76.3970 average_last200: 137.6163 epis: 0.0084 loss: 199.7080 
episode: 475 count: 690 score: 140.4845 average_last200: 137.5262 epis: 0.0084 loss: 126.7138 
episode: 476 count: 361 score: 215.6269 average_last200: 137.6096 epis: 0.0083 loss: 66.3511 
episode: 477 count: 719 score: 175.7718 average_last200: 137.6037 epis: 0.0082 loss: 138.9751 
episode: 478 count: 727 score: 138.2256 average_last200: 137.4142 epis: 0.0081 loss: 145.6545 
episode: 479 count: 743 score: 155.0921 average_last200: 137.2220 epis: 0.0080 loss: 134.2333 
episode: 480 count: 548 score: 181.7430 average_last200: 137.0454 epis: 0.0080 loss: 107.3865 
episode: 481 count: 158 score: -112.8694 average_last200: 135.4293 epis: 0.0079 loss: 31.4977 
episode: 482 count: 449 score: -180.7684 average_last200: 133.5476 epis: 0.0078 loss: 81.8790 
episode: 483 count: 337 score: 165.2868 average_last200: 133.7030 epis: 0.0077 loss: 63.1246 
episode: 484 count: 439 score: 236.3198 average_last200: 135.3202 epis: 0.0076 loss: 81.8162 
episode: 485 count: 808 score: 132.1544 average_last200: 136.4232 epis: 0.0076 loss: 150.2319 
episode: 486 count: 765 score: 148.9124 average_last200: 137.6053 epis: 0.0075 loss: 141.1694 
episode: 487 count: 364 score: 183.3943 average_last200: 138.7237 epis: 0.0074 loss: 69.3969 
episode: 488 count: 680 score: 183.3314 average_last200: 139.9536 epis: 0.0073 loss: 118.0480 
episode: 489 count: 451 score: 214.9721 average_last200: 140.8260 epis: 0.0073 loss: 79.6466 
episode: 490 count: 493 score: 205.1367 average_last200: 142.1749 epis: 0.0072 loss: 84.8484 
episode: 491 count: 393 score: 203.8379 average_last200: 143.4002 epis: 0.0071 loss: 79.9980 
episode: 492 count: 500 score: 190.4862 average_last200: 144.6062 epis: 0.0070 loss: 97.3503 
episode: 493 count: 263 score: 174.8150 average_last200: 145.9235 epis: 0.0070 loss: 47.9688 
episode: 494 count: 485 score: 201.5253 average_last200: 146.9867 epis: 0.0069 loss: 93.2826 
episode: 495 count: 388 score: 231.8098 average_last200: 148.4254 epis: 0.0068 loss: 72.7017 
episode: 496 count: 394 score: 153.6899 average_last200: 148.3697 epis: 0.0068 loss: 82.9341 
episode: 497 count: 514 score: 202.5177 average_last200: 149.5584 epis: 0.0067 loss: 104.6210 
episode: 498 count: 292 score: 219.8419 average_last200: 151.1254 epis: 0.0066 loss: 56.1197 
episode: 499 count: 291 score: 214.4116 average_last200: 152.6902 epis: 0.0066 loss: 63.9143 
episode: 500 count: 261 score: 194.7012 average_last200: 153.9826 epis: 0.0065 loss: 45.5940 
episode: 501 count: 476 score: 211.0997 average_last200: 154.4206 epis: 0.0064 loss: 70.6344 
episode: 502 count: 260 score: 221.6057 average_last200: 155.0291 epis: 0.0064 loss: 54.0944 
episode: 503 count: 544 score: 191.9054 average_last200: 154.9741 epis: 0.0063 loss: 85.2394 
episode: 504 count: 935 score: 77.9793 average_last200: 154.4444 epis: 0.0062 loss: 191.2657 
episode: 505 count: 359 score: 192.6870 average_last200: 154.7774 epis: 0.0062 loss: 56.1016 
episode: 506 count: 561 score: 191.9001 average_last200: 154.9017 epis: 0.0061 loss: 99.6956 
episode: 507 count: 451 score: 189.9862 average_last200: 155.0683 epis: 0.0061 loss: 90.0440 
episode: 508 count: 471 score: 136.5266 average_last200: 155.1289 epis: 0.0060 loss: 80.1885 
episode: 509 count: 421 score: 198.9779 average_last200: 155.4511 epis: 0.0059 loss: 82.9843 
episode: 510 count: 575 score: 161.8177 average_last200: 155.2480 epis: 0.0059 loss: 97.3133 
episode: 511 count: 640 score: 156.9043 average_last200: 156.1820 epis: 0.0058 loss: 115.5990 
episode: 512 count: 467 score: 180.3300 average_last200: 156.7957 epis: 0.0058 loss: 81.9951 
episode: 513 count: 482 score: 160.4283 average_last200: 157.7793 epis: 0.0057 loss: 88.7412 
episode: 514 count: 462 score: 199.2592 average_last200: 157.9123 epis: 0.0057 loss: 83.9758 
episode: 515 count: 503 score: 182.5659 average_last200: 157.9356 epis: 0.0056 loss: 96.3003 
episode: 516 count: 311 score: 188.1051 average_last200: 157.8767 epis: 0.0055 loss: 56.1890 
episode: 517 count: 926 score: 105.1354 average_last200: 157.4714 epis: 0.0055 loss: 175.0034 
episode: 518 count: 532 score: 162.3472 average_last200: 157.7531 epis: 0.0054 loss: 92.6319 
episode: 519 count: 431 score: 162.0957 average_last200: 158.8032 epis: 0.0054 loss: 74.5535 
episode: 520 count: 287 score: 178.9038 average_last200: 160.1322 epis: 0.0053 loss: 50.4629 
episode: 521 count: 394 score: 213.4125 average_last200: 160.2638 epis: 0.0053 loss: 76.6833 
episode: 522 count: 379 score: 144.9448 average_last200: 160.2860 epis: 0.0052 loss: 67.2467 
episode: 523 count: 798 score: 135.4799 average_last200: 161.5967 epis: 0.0052 loss: 131.7547 
episode: 524 count: 423 score: 180.7279 average_last200: 161.6658 epis: 0.0051 loss: 81.5402 
episode: 525 count: 481 score: 151.2849 average_last200: 162.6122 epis: 0.0051 loss: 88.7398 
episode: 526 count: 386 score: 168.0567 average_last200: 162.5791 epis: 0.0050 loss: 70.7912 
episode: 527 count: 322 score: 200.0532 average_last200: 162.6569 epis: 0.0050 loss: 62.4538 
episode: 528 count: 447 score: 176.6128 average_last200: 162.6517 epis: 0.0049 loss: 89.6553 
episode: 529 count: 784 score: 143.6652 average_last200: 162.3319 epis: 0.0049 loss: 149.4453 
episode: 530 count: 309 score: 208.7131 average_last200: 162.3338 epis: 0.0048 loss: 59.4961 
episode: 531 count: 415 score: 195.5637 average_last200: 162.2129 epis: 0.0048 loss: 73.7488 
episode: 532 count: 535 score: 184.4249 average_last200: 163.5914 epis: 0.0047 loss: 96.5311 
episode: 533 count: 362 score: 170.2006 average_last200: 163.3304 epis: 0.0047 loss: 73.8780 
episode: 534 count: 873 score: 150.8598 average_last200: 163.0886 epis: 0.0046 loss: 149.8558 
episode: 535 count: 541 score: 186.1507 average_last200: 163.1417 epis: 0.0046 loss: 103.2984 
episode: 536 count: 609 score: 195.8397 average_last200: 163.0869 epis: 0.0045 loss: 90.5226 
episode: 537 count: 486 score: 173.8778 average_last200: 162.9901 epis: 0.0045 loss: 90.8864 
episode: 538 count: 1000 score: -30.7202 average_last200: 161.7831 epis: 0.0044 loss: 198.2879 
episode: 539 count: 427 score: 178.5085 average_last200: 161.5009 epis: 0.0044 loss: 85.7972 
episode: 540 count: 559 score: 169.8480 average_last200: 161.2906 epis: 0.0044 loss: 105.9670 
episode: 541 count: 579 score: 165.1986 average_last200: 161.2504 epis: 0.0043 loss: 105.1287 
episode: 542 count: 378 score: 169.8555 average_last200: 161.2721 epis: 0.0043 loss: 65.2392 
episode: 543 count: 452 score: 211.4575 average_last200: 161.3733 epis: 0.0042 loss: 76.7880 
episode: 544 count: 465 score: 162.3594 average_last200: 161.1880 epis: 0.0042 loss: 78.9149 
episode: 545 count: 472 score: 152.9591 average_last200: 160.9822 epis: 0.0041 loss: 84.6423 
episode: 546 count: 348 score: 218.1857 average_last200: 160.9319 epis: 0.0041 loss: 58.1043 
episode: 547 count: 420 score: 137.0704 average_last200: 160.6751 epis: 0.0041 loss: 69.0707 
episode: 548 count: 345 score: 200.5349 average_last200: 160.5341 epis: 0.0040 loss: 64.7949 
episode: 549 count: 530 score: 207.1917 average_last200: 160.5001 epis: 0.0040 loss: 113.0372 
episode: 550 count: 365 score: 187.7164 average_last200: 160.7014 epis: 0.0039 loss: 69.0069 
episode: 551 count: 389 score: 176.2625 average_last200: 160.5701 epis: 0.0039 loss: 60.9686 
episode: 552 count: 1000 score: -56.0867 average_last200: 159.3966 epis: 0.0039 loss: 170.0177 
episode: 553 count: 251 score: 217.3868 average_last200: 159.2352 epis: 0.0038 loss: 42.4687 
episode: 554 count: 527 score: 184.5716 average_last200: 158.9804 epis: 0.0038 loss: 97.3223 
episode: 555 count: 414 score: 173.9065 average_last200: 159.6733 epis: 0.0037 loss: 79.4716 
episode: 556 count: 702 score: 172.7466 average_last200: 159.9716 epis: 0.0037 loss: 110.8084 
episode: 557 count: 1000 score: -31.5034 average_last200: 159.0600 epis: 0.0037 loss: 184.9283 
episode: 558 count: 565 score: 177.2164 average_last200: 159.1662 epis: 0.0036 loss: 97.8388 
episode: 559 count: 418 score: 208.6445 average_last200: 159.2540 epis: 0.0036 loss: 66.7893 
episode: 560 count: 408 score: 187.2436 average_last200: 158.9867 epis: 0.0036 loss: 80.6850 
episode: 561 count: 1000 score: -28.3097 average_last200: 157.9059 epis: 0.0035 loss: 194.5161 
episode: 562 count: 422 score: 213.5063 average_last200: 158.4308 epis: 0.0035 loss: 73.6970 
episode: 563 count: 264 score: 212.5959 average_last200: 158.5523 epis: 0.0035 loss: 44.8246 
episode: 564 count: 661 score: 184.2670 average_last200: 158.3339 epis: 0.0034 loss: 116.5792 
episode: 565 count: 547 score: 144.2176 average_last200: 158.2909 epis: 0.0034 loss: 88.2211 
episode: 566 count: 544 score: 178.7218 average_last200: 158.1247 epis: 0.0034 loss: 81.1955 
episode: 567 count: 331 score: 226.5393 average_last200: 158.4865 epis: 0.0033 loss: 46.6164 
episode: 568 count: 306 score: 198.3656 average_last200: 158.6968 epis: 0.0033 loss: 53.2180 
episode: 569 count: 476 score: 199.4388 average_last200: 159.8648 epis: 0.0033 loss: 96.7518 
episode: 570 count: 804 score: 141.3922 average_last200: 160.8144 epis: 0.0032 loss: 135.2054 
episode: 571 count: 775 score: 122.5795 average_last200: 160.4198 epis: 0.0032 loss: 126.6390 
episode: 572 count: 1000 score: -64.4845 average_last200: 158.9082 epis: 0.0032 loss: 181.8132 
episode: 573 count: 487 score: 179.9739 average_last200: 160.3469 epis: 0.0031 loss: 79.8211 
episode: 574 count: 444 score: 156.1301 average_last200: 161.4004 epis: 0.0031 loss: 64.3303 
episode: 575 count: 810 score: 168.1256 average_last200: 161.3076 epis: 0.0031 loss: 136.1982 
episode: 576 count: 882 score: 104.2836 average_last200: 160.6866 epis: 0.0030 loss: 151.0875 
episode: 577 count: 667 score: 149.9505 average_last200: 160.7231 epis: 0.0030 loss: 119.3943 
episode: 578 count: 532 score: 169.5200 average_last200: 160.6483 epis: 0.0030 loss: 81.5143 
episode: 579 count: 461 score: 203.1487 average_last200: 160.6982 epis: 0.0029 loss: 68.4586 
episode: 580 count: 906 score: 136.1216 average_last200: 160.3141 epis: 0.0029 loss: 163.7770 
episode: 581 count: 578 score: 155.0792 average_last200: 160.2881 epis: 0.0029 loss: 94.9377 
episode: 582 count: 545 score: 170.5797 average_last200: 160.1097 epis: 0.0029 loss: 111.9842 
episode: 583 count: 717 score: 98.2842 average_last200: 159.5355 epis: 0.0028 loss: 114.9780 
episode: 584 count: 349 score: 229.8545 average_last200: 159.5990 epis: 0.0028 loss: 60.4783 
episode: 585 count: 384 score: 170.8305 average_last200: 159.4798 epis: 0.0028 loss: 51.0127 
episode: 586 count: 413 score: 238.4068 average_last200: 159.4285 epis: 0.0027 loss: 76.0023 
episode: 587 count: 520 score: 194.6633 average_last200: 159.3977 epis: 0.0027 loss: 90.5622 
episode: 588 count: 421 score: 211.0862 average_last200: 161.5138 epis: 0.0027 loss: 67.4140 
episode: 589 count: 537 score: 186.6464 average_last200: 161.4959 epis: 0.0027 loss: 93.8986 
episode: 590 count: 366 score: 205.2871 average_last200: 161.6557 epis: 0.0026 loss: 52.7399 
episode: 591 count: 625 score: 201.0429 average_last200: 162.5058 epis: 0.0026 loss: 107.5223 
episode: 592 count: 581 score: 172.9030 average_last200: 162.1874 epis: 0.0026 loss: 112.1061 
episode: 593 count: 490 score: 143.3279 average_last200: 161.9617 epis: 0.0026 loss: 89.4682 
episode: 594 count: 518 score: 184.2674 average_last200: 161.8040 epis: 0.0025 loss: 85.3696 
episode: 595 count: 263 score: 256.3922 average_last200: 163.6599 epis: 0.0025 loss: 45.8098 
episode: 596 count: 537 score: 208.2451 average_last200: 163.5493 epis: 0.0025 loss: 87.8252 
episode: 597 count: 432 score: 148.1717 average_last200: 163.4794 epis: 0.0025 loss: 68.3761 
episode: 598 count: 537 score: 164.1839 average_last200: 163.1043 epis: 0.0024 loss: 98.5399 
episode: 599 count: 921 score: 101.3171 average_last200: 162.6150 epis: 0.0024 loss: 155.4256 
episode: 600 count: 486 score: 142.7386 average_last200: 162.1828 epis: 0.0024 loss: 86.5904 
episode: 601 count: 443 score: 202.7928 average_last200: 162.1560 epis: 0.0024 loss: 85.9788 
episode: 602 count: 869 score: 114.4461 average_last200: 161.8842 epis: 0.0023 loss: 131.4761 
episode: 603 count: 676 score: 160.3252 average_last200: 161.9047 epis: 0.0023 loss: 114.9640 
episode: 604 count: 512 score: 181.4420 average_last200: 162.0789 epis: 0.0023 loss: 87.5890 
episode: 605 count: 332 score: 205.5750 average_last200: 162.1688 epis: 0.0023 loss: 56.6474 
episode: 606 count: 425 score: 214.0549 average_last200: 162.5856 epis: 0.0022 loss: 82.6202 
episode: 607 count: 452 score: 164.6971 average_last200: 162.4102 epis: 0.0022 loss: 84.6953 
episode: 608 count: 381 score: 156.0344 average_last200: 162.1599 epis: 0.0022 loss: 58.2397 
episode: 609 count: 505 score: 195.8387 average_last200: 162.1530 epis: 0.0022 loss: 95.7387 
episode: 610 count: 470 score: 196.7105 average_last200: 162.5822 epis: 0.0022 loss: 82.9151 
episode: 611 count: 849 score: 81.0855 average_last200: 161.9702 epis: 0.0021 loss: 144.8618 
episode: 612 count: 389 score: 224.2191 average_last200: 162.0481 epis: 0.0021 loss: 69.0062 
episode: 613 count: 403 score: 229.8906 average_last200: 162.2492 epis: 0.0021 loss: 73.8559 
episode: 614 count: 261 score: 196.0894 average_last200: 162.0863 epis: 0.0021 loss: 41.8753 
episode: 615 count: 391 score: 147.0042 average_last200: 161.6776 epis: 0.0020 loss: 73.7198 
episode: 616 count: 346 score: 224.5294 average_last200: 161.7911 epis: 0.0020 loss: 62.2454 
episode: 617 count: 428 score: 239.8391 average_last200: 162.0230 epis: 0.0020 loss: 74.5447 
episode: 618 count: 341 score: 205.6701 average_last200: 162.0328 epis: 0.0020 loss: 60.9932 
episode: 619 count: 500 score: 204.0173 average_last200: 162.0833 epis: 0.0020 loss: 87.9534 
episode: 620 count: 543 score: 154.1179 average_last200: 162.0979 epis: 0.0019 loss: 104.7514 
episode: 621 count: 503 score: 167.1883 average_last200: 163.9478 epis: 0.0019 loss: 73.2483 
episode: 622 count: 524 score: 193.9202 average_last200: 163.9369 epis: 0.0019 loss: 98.9317 
episode: 623 count: 338 score: 225.1288 average_last200: 164.0315 epis: 0.0019 loss: 57.8952 
episode: 624 count: 399 score: 227.1963 average_last200: 164.3180 epis: 0.0019 loss: 76.0171 
episode: 625 count: 583 score: 168.8283 average_last200: 164.2689 epis: 0.0019 loss: 93.3246 
episode: 626 count: 296 score: 225.0838 average_last200: 165.4284 epis: 0.0018 loss: 49.0225 
episode: 627 count: 1000 score: -58.2318 average_last200: 164.4067 epis: 0.0018 loss: 179.8027 
episode: 628 count: 831 score: 105.0328 average_last200: 164.0845 epis: 0.0018 loss: 136.3593 
episode: 629 count: 699 score: 171.7253 average_last200: 164.1147 epis: 0.0018 loss: 114.3518 
episode: 630 count: 466 score: 157.1974 average_last200: 164.3019 epis: 0.0018 loss: 80.0520 
episode: 631 count: 566 score: 167.4640 average_last200: 164.4043 epis: 0.0017 loss: 92.7451 
episode: 632 count: 1000 score: -34.8640 average_last200: 163.6180 epis: 0.0017 loss: 154.8084 
episode: 633 count: 698 score: 128.2805 average_last200: 164.5760 epis: 0.0017 loss: 129.6013 
episode: 634 count: 644 score: 171.9272 average_last200: 165.0171 epis: 0.0017 loss: 106.9961 
episode: 635 count: 865 score: 141.1059 average_last200: 165.0075 epis: 0.0017 loss: 150.0413 
episode: 636 count: 511 score: 146.1223 average_last200: 165.1353 epis: 0.0017 loss: 90.5065 
episode: 637 count: 626 score: 108.3659 average_last200: 164.8641 epis: 0.0016 loss: 103.6234 
episode: 638 count: 810 score: 110.6736 average_last200: 165.6807 epis: 0.0016 loss: 138.8864 
episode: 639 count: 508 score: 179.7966 average_last200: 165.9978 epis: 0.0016 loss: 80.6898 
episode: 640 count: 923 score: 126.5383 average_last200: 165.7726 epis: 0.0016 loss: 155.8909 
episode: 641 count: 418 score: 198.0215 average_last200: 165.8480 epis: 0.0016 loss: 69.1258 
episode: 642 count: 754 score: 121.1729 average_last200: 165.3736 epis: 0.0016 loss: 120.4200 
episode: 643 count: 543 score: 159.3549 average_last200: 165.3076 epis: 0.0015 loss: 91.4508 
episode: 644 count: 321 score: 221.8530 average_last200: 167.1378 epis: 0.0015 loss: 51.3845 
episode: 645 count: 1000 score: -64.2790 average_last200: 165.8163 epis: 0.0015 loss: 169.0015 
episode: 646 count: 365 score: 194.0658 average_last200: 165.9191 epis: 0.0015 loss: 55.1273 
episode: 647 count: 702 score: 131.0204 average_last200: 165.4783 epis: 0.0015 loss: 124.4321 
episode: 648 count: 1000 score: -44.7971 average_last200: 164.3184 epis: 0.0015 loss: 169.2843 
episode: 649 count: 1000 score: -41.8755 average_last200: 163.1376 epis: 0.0015 loss: 165.9274 
episode: 650 count: 1000 score: -50.0986 average_last200: 161.8620 epis: 0.0014 loss: 156.1261 
episode: 651 count: 305 score: 122.5506 average_last200: 161.4831 epis: 0.0014 loss: 42.7184 
episode: 652 count: 371 score: 194.7262 average_last200: 161.4811 epis: 0.0014 loss: 57.7548 
episode: 653 count: 341 score: 185.6062 average_last200: 161.5110 epis: 0.0014 loss: 57.0597 
episode: 654 count: 363 score: 197.7283 average_last200: 161.6186 epis: 0.0014 loss: 69.8436 
episode: 655 count: 595 score: 151.0880 average_last200: 161.2675 epis: 0.0014 loss: 98.0084 
episode: 656 count: 607 score: 157.2967 average_last200: 161.1068 epis: 0.0014 loss: 112.6649 
episode: 657 count: 557 score: 149.3861 average_last200: 160.9966 epis: 0.0013 loss: 85.6097 
episode: 658 count: 761 score: 101.1719 average_last200: 160.5927 epis: 0.0013 loss: 126.4782 
episode: 659 count: 584 score: 153.9758 average_last200: 160.4791 epis: 0.0013 loss: 98.3380 
episode: 660 count: 523 score: 155.0673 average_last200: 160.0586 epis: 0.0013 loss: 97.0315 
episode: 661 count: 646 score: 150.4399 average_last200: 159.7864 epis: 0.0013 loss: 113.7283 
episode: 662 count: 302 score: 201.4957 average_last200: 160.0898 epis: 0.0013 loss: 58.6762 
episode: 663 count: 532 score: 148.1105 average_last200: 160.1666 epis: 0.0013 loss: 80.6758 
episode: 664 count: 459 score: 202.3815 average_last200: 160.1350 epis: 0.0013 loss: 74.5698 
episode: 665 count: 650 score: 134.8407 average_last200: 159.7664 epis: 0.0012 loss: 126.7527 
episode: 666 count: 514 score: 135.1259 average_last200: 159.6070 epis: 0.0012 loss: 109.1729 
episode: 667 count: 409 score: 191.6618 average_last200: 159.4417 epis: 0.0012 loss: 68.1013 
episode: 668 count: 452 score: 204.3582 average_last200: 159.5433 epis: 0.0012 loss: 92.7013 
episode: 669 count: 337 score: 185.3628 average_last200: 159.8355 epis: 0.0012 loss: 49.4954 
episode: 670 count: 448 score: 150.9089 average_last200: 159.7297 epis: 0.0012 loss: 73.9375 
episode: 671 count: 856 score: 110.3374 average_last200: 159.3872 epis: 0.0012 loss: 146.1615 
episode: 672 count: 537 score: 180.1238 average_last200: 159.5066 epis: 0.0012 loss: 79.1278 
episode: 673 count: 577 score: 174.6588 average_last200: 159.4346 epis: 0.0011 loss: 112.1738 
episode: 674 count: 698 score: 163.2912 average_last200: 159.8691 epis: 0.0011 loss: 118.7544 
episode: 675 count: 762 score: 154.7259 average_last200: 159.9403 epis: 0.0011 loss: 139.0718 
episode: 676 count: 726 score: 145.7831 average_last200: 159.5911 epis: 0.0011 loss: 130.8939 
episode: 677 count: 700 score: 133.5062 average_last200: 159.3797 epis: 0.0011 loss: 123.2597 
episode: 678 count: 296 score: 201.3353 average_last200: 159.6953 epis: 0.0011 loss: 49.1043 
episode: 679 count: 387 score: 224.4768 average_last200: 160.0422 epis: 0.0011 loss: 60.3104 
episode: 680 count: 431 score: 191.2979 average_last200: 160.0900 epis: 0.0011 loss: 64.5459 
episode: 681 count: 476 score: 199.5522 average_last200: 161.6521 epis: 0.0011 loss: 83.2425 
episode: 682 count: 383 score: 238.0909 average_last200: 163.7464 epis: 0.0010 loss: 54.5614 
episode: 683 count: 679 score: 159.9785 average_last200: 163.7198 epis: 0.0010 loss: 105.3630 
episode: 684 count: 396 score: 218.7417 average_last200: 163.6320 epis: 0.0010 loss: 69.5625 
episode: 685 count: 341 score: 199.8793 average_last200: 163.9706 epis: 0.0010 loss: 62.6043 
episode: 686 count: 444 score: 209.4710 average_last200: 164.2734 epis: 0.0010 loss: 68.0085 
episode: 687 count: 783 score: 137.5180 average_last200: 164.0440 epis: 0.0010 loss: 129.9661 
episode: 688 count: 503 score: 199.8497 average_last200: 164.1266 epis: 0.0010 loss: 80.5533 
episode: 689 count: 359 score: 233.6659 average_last200: 164.2201 epis: 0.0010 loss: 59.3628 
episode: 690 count: 968 score: 153.9762 average_last200: 163.9643 epis: 0.0010 loss: 173.6117 
episode: 691 count: 1000 score: -54.5236 average_last200: 162.6724 epis: 0.0010 loss: 176.5153 
episode: 692 count: 526 score: 188.7824 average_last200: 162.6639 epis: 0.0009 loss: 107.1828 
episode: 693 count: 860 score: 71.5373 average_last200: 162.1475 epis: 0.0009 loss: 144.1951 
episode: 694 count: 551 score: 137.6433 average_last200: 161.8281 epis: 0.0009 loss: 100.0158 
episode: 695 count: 863 score: 122.0023 average_last200: 161.2791 epis: 0.0009 loss: 144.3372 
episode: 696 count: 854 score: 130.3087 average_last200: 161.1622 epis: 0.0009 loss: 149.8100 
episode: 697 count: 600 score: 196.3441 average_last200: 161.1313 epis: 0.0009 loss: 110.4732 
episode: 698 count: 367 score: 235.7624 average_last200: 161.2109 epis: 0.0009 loss: 63.8295 
episode: 699 count: 304 score: 221.8216 average_last200: 161.2480 epis: 0.0009 loss: 54.7592 
episode: 700 count: 1000 score: -37.3718 average_last200: 160.0876 epis: 0.0009 loss: 187.9927 
episode: 701 count: 601 score: 169.8966 average_last200: 159.8816 epis: 0.0009 loss: 89.6712 
episode: 702 count: 358 score: 210.3930 average_last200: 159.8255 epis: 0.0009 loss: 62.4320 
episode: 703 count: 558 score: 203.2425 average_last200: 159.8822 epis: 0.0008 loss: 85.3299 
episode: 704 count: 352 score: 171.4045 average_last200: 160.3493 epis: 0.0008 loss: 65.8870 
episode: 705 count: 317 score: 186.5337 average_last200: 160.3186 epis: 0.0008 loss: 48.5762 
episode: 706 count: 419 score: 149.2996 average_last200: 160.1056 epis: 0.0008 loss: 61.7480 
episode: 707 count: 614 score: 175.7866 average_last200: 160.0346 epis: 0.0008 loss: 100.1977 
episode: 708 count: 565 score: 166.7487 average_last200: 160.1857 epis: 0.0008 loss: 86.2889 
episode: 709 count: 448 score: 145.9223 average_last200: 159.9204 epis: 0.0008 loss: 72.1058 
episode: 710 count: 604 score: 152.2770 average_last200: 159.8727 epis: 0.0008 loss: 94.4904 
episode: 711 count: 402 score: 214.7284 average_last200: 160.1618 epis: 0.0008 loss: 84.9274 
episode: 712 count: 705 score: 154.9569 average_last200: 160.0350 epis: 0.0008 loss: 116.7150 
episode: 713 count: 292 score: 191.3850 average_last200: 160.1897 epis: 0.0008 loss: 48.5594 
episode: 714 count: 375 score: 210.0457 average_last200: 160.2437 epis: 0.0008 loss: 61.6992 
episode: 715 count: 497 score: 202.0727 average_last200: 160.3412 epis: 0.0007 loss: 79.6983 
episode: 716 count: 1000 score: -98.7935 average_last200: 158.9067 epis: 0.0007 loss: 198.7767 
episode: 717 count: 307 score: 216.3176 average_last200: 159.4626 epis: 0.0007 loss: 46.2823 
episode: 718 count: 1000 score: -91.9480 average_last200: 158.1911 epis: 0.0007 loss: 162.0762 
episode: 719 count: 318 score: 247.3652 average_last200: 158.6175 epis: 0.0007 loss: 51.7801 
episode: 720 count: 494 score: 199.7664 average_last200: 158.7218 epis: 0.0007 loss: 83.4791 
episode: 721 count: 530 score: 170.3095 average_last200: 158.5063 epis: 0.0007 loss: 75.0389 
episode: 722 count: 543 score: 163.9405 average_last200: 158.6013 epis: 0.0007 loss: 83.8037 
episode: 723 count: 539 score: 167.1389 average_last200: 158.7596 epis: 0.0007 loss: 102.8849 
episode: 724 count: 475 score: 196.8641 average_last200: 158.8402 epis: 0.0007 loss: 82.4550 
episode: 725 count: 422 score: 191.7680 average_last200: 159.0427 epis: 0.0007 loss: 76.5706 
episode: 726 count: 1000 score: -61.6515 average_last200: 157.8941 epis: 0.0007 loss: 194.9381 
episode: 727 count: 1000 score: -68.0044 average_last200: 156.5538 epis: 0.0007 loss: 164.3518 
episode: 728 count: 1000 score: -108.2721 average_last200: 155.1294 epis: 0.0007 loss: 164.0982 
episode: 729 count: 531 score: 144.1043 average_last200: 155.1316 epis: 0.0007 loss: 95.1841 
episode: 730 count: 536 score: 159.2821 average_last200: 154.8844 epis: 0.0006 loss: 83.3548 
episode: 731 count: 477 score: 203.0171 average_last200: 154.9217 epis: 0.0006 loss: 88.1489 
episode: 732 count: 901 score: 116.9422 average_last200: 154.5843 epis: 0.0006 loss: 131.6928 
episode: 733 count: 477 score: 176.1113 average_last200: 154.6139 epis: 0.0006 loss: 67.7475 
episode: 734 count: 560 score: 172.7597 average_last200: 154.7234 epis: 0.0006 loss: 97.5750 
episode: 735 count: 1000 score: -23.3230 average_last200: 153.6760 epis: 0.0006 loss: 177.2778 
episode: 736 count: 1000 score: -30.5444 average_last200: 152.5441 epis: 0.0006 loss: 150.5927 
episode: 737 count: 615 score: 160.7895 average_last200: 152.4786 epis: 0.0006 loss: 116.4935 
episode: 738 count: 596 score: 145.9770 average_last200: 153.3621 epis: 0.0006 loss: 103.7185 
episode: 739 count: 403 score: 177.1944 average_last200: 153.3555 epis: 0.0006 loss: 48.5920 
episode: 740 count: 836 score: 148.5810 average_last200: 153.2492 epis: 0.0006 loss: 136.1927 
episode: 741 count: 745 score: 130.9447 average_last200: 153.0779 epis: 0.0006 loss: 98.4646 
episode: 742 count: 475 score: 224.5820 average_last200: 153.3516 epis: 0.0006 loss: 69.2760 
episode: 743 count: 362 score: 202.4521 average_last200: 153.3065 epis: 0.0006 loss: 55.8353 
episode: 744 count: 571 score: 168.2106 average_last200: 153.3358 epis: 0.0006 loss: 94.1410 
episode: 745 count: 699 score: 141.3352 average_last200: 153.2777 epis: 0.0006 loss: 113.1919 
episode: 746 count: 439 score: 167.9425 average_last200: 153.0265 epis: 0.0005 loss: 56.1966 
episode: 747 count: 498 score: 177.4053 average_last200: 153.2281 epis: 0.0005 loss: 88.6183 
episode: 748 count: 459 score: 209.9560 average_last200: 153.2752 epis: 0.0005 loss: 64.8055 
episode: 749 count: 523 score: 186.2947 average_last200: 153.1708 epis: 0.0005 loss: 90.8213 
episode: 750 count: 603 score: 168.6871 average_last200: 153.0756 epis: 0.0005 loss: 92.9657 
episode: 751 count: 442 score: 202.2047 average_last200: 153.2053 epis: 0.0005 loss: 61.1923 
episode: 752 count: 448 score: 199.9251 average_last200: 154.4854 epis: 0.0005 loss: 83.2839 
episode: 753 count: 466 score: 179.3230 average_last200: 154.2951 epis: 0.0005 loss: 87.4815 
episode: 754 count: 385 score: 237.7766 average_last200: 154.5611 epis: 0.0005 loss: 63.5045 
episode: 755 count: 706 score: 151.7134 average_last200: 154.4501 epis: 0.0005 loss: 93.1835 
episode: 756 count: 346 score: 181.1488 average_last200: 154.4921 epis: 0.0005 loss: 56.4066 
episode: 757 count: 362 score: 179.4704 average_last200: 155.5470 epis: 0.0005 loss: 55.4230 
episode: 758 count: 441 score: 224.6356 average_last200: 155.7841 epis: 0.0005 loss: 71.8087 
episode: 759 count: 675 score: 179.0148 average_last200: 155.6359 epis: 0.0005 loss: 108.2072 
episode: 760 count: 378 score: 179.9471 average_last200: 155.5995 epis: 0.0005 loss: 66.0652 
episode: 761 count: 1000 score: -37.5983 average_last200: 155.5530 epis: 0.0005 loss: 160.7177 
episode: 762 count: 703 score: 164.2000 average_last200: 155.3065 epis: 0.0005 loss: 110.3884 
episode: 763 count: 549 score: 187.6555 average_last200: 155.1818 epis: 0.0005 loss: 80.6282 
episode: 764 count: 553 score: 169.2932 average_last200: 155.1069 epis: 0.0005 loss: 88.7294 
episode: 765 count: 550 score: 147.6209 average_last200: 155.1239 epis: 0.0005 loss: 77.0145 
episode: 766 count: 637 score: 181.3851 average_last200: 155.1373 epis: 0.0004 loss: 102.4553 
episode: 767 count: 386 score: 217.9167 average_last200: 155.0941 epis: 0.0004 loss: 76.1180 
episode: 768 count: 471 score: 182.4549 average_last200: 155.0146 epis: 0.0004 loss: 62.3580 
episode: 769 count: 739 score: 125.3715 average_last200: 154.6443 epis: 0.0004 loss: 113.0853 
episode: 770 count: 312 score: 223.8138 average_last200: 155.0564 epis: 0.0004 loss: 52.6307 
episode: 771 count: 369 score: 166.8068 average_last200: 155.2775 epis: 0.0004 loss: 55.9748 
episode: 772 count: 725 score: 140.5509 average_last200: 156.3027 epis: 0.0004 loss: 105.1804 
episode: 773 count: 1000 score: -76.3856 average_last200: 155.0209 epis: 0.0004 loss: 141.5192 
episode: 774 count: 384 score: 225.6296 average_last200: 155.3684 epis: 0.0004 loss: 69.4691 
episode: 775 count: 332 score: 234.6519 average_last200: 155.7010 epis: 0.0004 loss: 51.8035 
episode: 776 count: 1000 score: -14.6343 average_last200: 155.1064 epis: 0.0004 loss: 145.5928 
episode: 777 count: 766 score: 128.7692 average_last200: 155.0005 epis: 0.0004 loss: 139.4958 
episode: 778 count: 603 score: 190.9843 average_last200: 155.1078 epis: 0.0004 loss: 91.3428 
episode: 779 count: 798 score: 154.5314 average_last200: 154.8647 epis: 0.0004 loss: 135.5816 
episode: 780 count: 441 score: 207.6038 average_last200: 155.2222 epis: 0.0004 loss: 68.3037 
episode: 781 count: 1000 score: 4.6880 average_last200: 154.4702 epis: 0.0004 loss: 164.5409 
episode: 782 count: 424 score: 154.0704 average_last200: 154.3877 epis: 0.0004 loss: 67.0117 
episode: 783 count: 1000 score: -48.9589 average_last200: 153.6514 epis: 0.0004 loss: 151.6117 
episode: 784 count: 729 score: 132.4424 average_last200: 153.1644 epis: 0.0004 loss: 109.1223 
episode: 785 count: 478 score: 169.7612 average_last200: 153.1590 epis: 0.0004 loss: 59.0718 
episode: 786 count: 437 score: 193.1116 average_last200: 152.9326 epis: 0.0004 loss: 65.1691 
episode: 787 count: 487 score: 203.9950 average_last200: 152.9792 epis: 0.0004 loss: 77.5244 
episode: 788 count: 494 score: 211.5358 average_last200: 152.9815 epis: 0.0004 loss: 78.7248 
episode: 789 count: 343 score: 162.7893 average_last200: 152.8622 epis: 0.0004 loss: 57.4774 
episode: 790 count: 614 score: 173.8721 average_last200: 152.7051 epis: 0.0004 loss: 87.9737 
episode: 791 count: 324 score: 177.1207 average_last200: 152.5855 epis: 0.0003 loss: 48.2773 
episode: 792 count: 395 score: 200.2882 average_last200: 152.7224 epis: 0.0003 loss: 58.3411 
episode: 793 count: 389 score: 159.7955 average_last200: 152.8048 epis: 0.0003 loss: 58.4740 
episode: 794 count: 790 score: 123.5675 average_last200: 152.5013 epis: 0.0003 loss: 112.5363 
episode: 795 count: 407 score: 179.2253 average_last200: 152.1154 epis: 0.0003 loss: 71.4853 
episode: 796 count: 831 score: 78.5664 average_last200: 151.4670 epis: 0.0003 loss: 132.7477 
episode: 797 count: 621 score: 134.1683 average_last200: 151.3970 epis: 0.0003 loss: 99.6795 
episode: 798 count: 384 score: 236.6170 average_last200: 151.7592 epis: 0.0003 loss: 57.1673 
episode: 799 count: 1000 score: 23.5835 average_last200: 151.3705 epis: 0.0003 loss: 145.0164 
episode: 800 count: 317 score: 171.3305 average_last200: 151.5135 epis: 0.0003 loss: 42.3017 
episode: 801 count: 744 score: 128.4087 average_last200: 151.1415 epis: 0.0003 loss: 122.5618 
episode: 802 count: 479 score: 204.3193 average_last200: 151.5909 epis: 0.0003 loss: 87.5268 
episode: 803 count: 495 score: 204.1752 average_last200: 151.8102 epis: 0.0003 loss: 76.0875 
episode: 804 count: 271 score: 198.1720 average_last200: 151.8938 epis: 0.0003 loss: 43.0377 
episode: 805 count: 283 score: 209.6398 average_last200: 151.9141 epis: 0.0003 loss: 44.3752 
episode: 806 count: 451 score: 178.7671 average_last200: 151.7377 epis: 0.0003 loss: 86.8556 
episode: 807 count: 245 score: 190.8675 average_last200: 151.8685 epis: 0.0003 loss: 36.8219 
episode: 808 count: 193 score: 186.9906 average_last200: 152.0233 epis: 0.0003 loss: 30.2528 
episode: 809 count: 325 score: 200.0786 average_last200: 152.0445 epis: 0.0003 loss: 48.7992 
episode: 810 count: 552 score: 184.7230 average_last200: 151.9846 epis: 0.0003 loss: 92.4810 
episode: 811 count: 552 score: 180.3983 average_last200: 152.4812 epis: 0.0003 loss: 98.0486 
episode: 812 count: 314 score: 192.2010 average_last200: 152.3211 epis: 0.0003 loss: 41.7928 
episode: 813 count: 334 score: 169.2413 average_last200: 152.0178 epis: 0.0003 loss: 56.8913 
episode: 814 count: 851 score: 117.8673 average_last200: 151.6267 epis: 0.0003 loss: 119.7026 
episode: 815 count: 236 score: 236.5778 average_last200: 152.0746 epis: 0.0003 loss: 37.5390 
episode: 816 count: 223 score: 254.7013 average_last200: 152.2254 epis: 0.0003 loss: 35.8896 
episode: 817 count: 723 score: 154.3267 average_last200: 151.7979 epis: 0.0003 loss: 112.2138 
episode: 818 count: 507 score: 175.7323 average_last200: 151.6482 epis: 0.0003 loss: 79.5145 
episode: 819 count: 564 score: 184.6850 average_last200: 151.5515 epis: 0.0003 loss: 99.0652 
episode: 820 count: 242 score: 229.3180 average_last200: 151.9275 epis: 0.0003 loss: 43.4160 
episode: 821 count: 268 score: 221.3913 average_last200: 152.1985 epis: 0.0003 loss: 39.5607 
episode: 822 count: 461 score: 199.4360 average_last200: 152.2261 epis: 0.0003 loss: 76.4032 
episode: 823 count: 312 score: 190.5082 average_last200: 152.0530 epis: 0.0003 loss: 43.3019 
episode: 824 count: 649 score: 172.0433 average_last200: 151.7772 epis: 0.0003 loss: 106.3358 
episode: 825 count: 605 score: 162.3792 average_last200: 151.7450 epis: 0.0002 loss: 94.0421 
episode: 826 count: 311 score: 197.3256 average_last200: 151.6062 epis: 0.0002 loss: 36.4447 
episode: 827 count: 427 score: 215.3808 average_last200: 152.9743 epis: 0.0002 loss: 65.2797 
episode: 828 count: 525 score: 152.2964 average_last200: 153.2106 epis: 0.0002 loss: 79.2200 
episode: 829 count: 684 score: 110.9000 average_last200: 152.9065 epis: 0.0002 loss: 94.4118 
episode: 830 count: 433 score: 177.3789 average_last200: 153.0074 epis: 0.0002 loss: 59.5745 
episode: 831 count: 558 score: 156.4575 average_last200: 152.9523 epis: 0.0002 loss: 95.1972 
episode: 832 count: 366 score: 231.5487 average_last200: 154.2844 epis: 0.0002 loss: 44.7354 
episode: 833 count: 1000 score: -82.6993 average_last200: 153.2295 epis: 0.0002 loss: 153.8048 
episode: 834 count: 499 score: 211.9781 average_last200: 153.4298 epis: 0.0002 loss: 76.0802 
episode: 835 count: 444 score: 191.7968 average_last200: 153.6832 epis: 0.0002 loss: 73.6540 
episode: 836 count: 493 score: 183.0282 average_last200: 153.8677 epis: 0.0002 loss: 72.7144 
episode: 837 count: 341 score: 186.5123 average_last200: 154.2585 epis: 0.0002 loss: 69.7722 
episode: 838 count: 371 score: 188.3194 average_last200: 154.6467 epis: 0.0002 loss: 47.1945 
episode: 839 count: 456 score: 207.9108 average_last200: 154.7873 epis: 0.0002 loss: 66.4690 
episode: 840 count: 431 score: 177.2924 average_last200: 155.0410 epis: 0.0002 loss: 77.4404 
episode: 841 count: 597 score: 161.6404 average_last200: 154.8591 epis: 0.0002 loss: 92.1877 
episode: 842 count: 732 score: 171.5931 average_last200: 155.1112 epis: 0.0002 loss: 105.4730 
episode: 843 count: 759 score: 134.5784 average_last200: 154.9874 epis: 0.0002 loss: 108.0720 
episode: 844 count: 407 score: 182.6467 average_last200: 154.7913 epis: 0.0002 loss: 70.1575 
episode: 845 count: 665 score: 178.9764 average_last200: 156.0076 epis: 0.0002 loss: 104.0649 
episode: 846 count: 732 score: 146.9221 average_last200: 155.7719 epis: 0.0002 loss: 110.6696 
episode: 847 count: 594 score: 150.7660 average_last200: 155.8706 epis: 0.0002 loss: 86.9010 
episode: 848 count: 1000 score: -52.1336 average_last200: 155.8339 epis: 0.0002 loss: 156.9308 
episode: 849 count: 652 score: 134.2730 average_last200: 156.7147 epis: 0.0002 loss: 102.9486 
episode: 850 count: 1000 score: -30.1458 average_last200: 156.8144 epis: 0.0002 loss: 160.8231 
episode: 851 count: 628 score: 148.3639 average_last200: 156.9435 epis: 0.0002 loss: 82.9018 
episode: 852 count: 1000 score: -27.8350 average_last200: 155.8307 epis: 0.0002 loss: 140.6630 
episode: 853 count: 853 score: 79.6935 average_last200: 155.3011 epis: 0.0002 loss: 152.5771 
episode: 854 count: 508 score: 197.6021 average_last200: 155.3005 epis: 0.0002 loss: 88.5239 
episode: 855 count: 431 score: 196.3688 average_last200: 155.5269 epis: 0.0002 loss: 67.4981 
episode: 856 count: 289 score: 201.1068 average_last200: 155.7460 epis: 0.0002 loss: 35.4183 
episode: 857 count: 374 score: 165.4472 average_last200: 155.8263 epis: 0.0002 loss: 67.5100 
episode: 858 count: 483 score: 152.7198 average_last200: 156.0840 epis: 0.0002 loss: 91.0141 
episode: 859 count: 455 score: 185.8677 average_last200: 156.2435 epis: 0.0002 loss: 66.7646 
episode: 860 count: 715 score: 166.4192 average_last200: 156.3002 epis: 0.0002 loss: 107.2828 
episode: 861 count: 686 score: 178.7892 average_last200: 156.4420 epis: 0.0002 loss: 112.9753 
episode: 862 count: 469 score: 223.3226 average_last200: 156.5511 epis: 0.0002 loss: 68.6344 
episode: 863 count: 532 score: 148.9237 average_last200: 156.5552 epis: 0.0002 loss: 82.9379 
episode: 864 count: 429 score: 210.1516 average_last200: 156.5940 epis: 0.0002 loss: 75.5893 
episode: 865 count: 408 score: 215.6237 average_last200: 156.9979 epis: 0.0002 loss: 68.6113 
episode: 866 count: 380 score: 205.9075 average_last200: 157.3518 epis: 0.0002 loss: 52.6631 
episode: 867 count: 354 score: 192.6020 average_last200: 157.3565 epis: 0.0002 loss: 53.0313 
episode: 868 count: 421 score: 219.2652 average_last200: 157.4311 epis: 0.0002 loss: 65.4903 
episode: 869 count: 318 score: 244.3873 average_last200: 157.7262 epis: 0.0002 loss: 49.8938 
episode: 870 count: 422 score: 193.9965 average_last200: 157.9416 epis: 0.0002 loss: 66.9896 
episode: 871 count: 394 score: 196.9433 average_last200: 158.3747 epis: 0.0002 loss: 63.2884 
episode: 872 count: 284 score: 211.2959 average_last200: 158.5305 epis: 0.0002 loss: 29.8031 
episode: 873 count: 340 score: 236.0860 average_last200: 158.8377 epis: 0.0002 loss: 55.0673 
episode: 874 count: 378 score: 224.2421 average_last200: 159.1424 epis: 0.0002 loss: 67.7486 
episode: 875 count: 467 score: 213.9863 average_last200: 159.4387 epis: 0.0002 loss: 59.4505 
episode: 876 count: 520 score: 214.1340 average_last200: 159.7805 epis: 0.0001 loss: 70.5091 
episode: 877 count: 530 score: 220.6319 average_last200: 160.2161 epis: 0.0001 loss: 80.9598 
episode: 878 count: 273 score: 199.0866 average_last200: 160.2049 epis: 0.0001 loss: 40.5684 
episode: 879 count: 646 score: 204.0518 average_last200: 160.1027 epis: 0.0001 loss: 95.7444 
episode: 880 count: 381 score: 177.8909 average_last200: 160.0357 epis: 0.0001 loss: 59.6517 
episode: 881 count: 774 score: 147.9907 average_last200: 159.7779 epis: 0.0001 loss: 121.0747 
episode: 882 count: 538 score: 118.2832 average_last200: 159.1789 epis: 0.0001 loss: 83.7916 
episode: 883 count: 519 score: 186.1319 average_last200: 159.3096 epis: 0.0001 loss: 79.1021 
episode: 884 count: 500 score: 192.1810 average_last200: 159.1768 epis: 0.0001 loss: 70.5050 
episode: 885 count: 573 score: 180.4735 average_last200: 159.0798 epis: 0.0001 loss: 90.9415 
episode: 886 count: 641 score: 157.9856 average_last200: 158.8224 epis: 0.0001 loss: 97.8845 
episode: 887 count: 321 score: 222.8505 average_last200: 159.2490 epis: 0.0001 loss: 48.6340 
episode: 888 count: 320 score: 206.8908 average_last200: 159.2842 epis: 0.0001 loss: 47.2047 
episode: 889 count: 372 score: 220.7236 average_last200: 159.2195 epis: 0.0001 loss: 56.8069 
episode: 890 count: 340 score: 193.7928 average_last200: 159.4186 epis: 0.0001 loss: 57.0005 
episode: 891 count: 762 score: 109.9557 average_last200: 160.2410 epis: 0.0001 loss: 126.8443 
episode: 892 count: 354 score: 194.5004 average_last200: 160.2696 epis: 0.0001 loss: 44.8831 
episode: 893 count: 322 score: 204.4094 average_last200: 160.9339 epis: 0.0001 loss: 51.7116 
episode: 894 count: 373 score: 184.8146 average_last200: 161.1698 epis: 0.0001 loss: 70.3339 
episode: 895 count: 674 score: 170.7224 average_last200: 161.4134 epis: 0.0001 loss: 103.0011 
episode: 896 count: 414 score: 219.3062 average_last200: 161.8584 epis: 0.0001 loss: 76.4738 
episode: 897 count: 578 score: 153.4843 average_last200: 161.6441 epis: 0.0001 loss: 81.7868 
episode: 898 count: 400 score: 176.2318 average_last200: 161.3464 epis: 0.0001 loss: 65.7511 
episode: 899 count: 709 score: 149.0562 average_last200: 160.9826 epis: 0.0001 loss: 105.0682 
episode: 900 count: 595 score: 166.4621 average_last200: 162.0018 epis: 0.0001 loss: 119.9739 
episode: 901 count: 516 score: 217.7488 average_last200: 162.2410 epis: 0.0001 loss: 76.8365 
episode: 902 count: 393 score: 211.5693 average_last200: 162.2469 epis: 0.0001 loss: 62.1335 
episode: 903 count: 465 score: 206.3197 average_last200: 162.2623 epis: 0.0001 loss: 78.9784 
episode: 904 count: 331 score: 190.0453 average_last200: 162.3555 epis: 0.0001 loss: 56.0510 
episode: 905 count: 900 score: 99.6644 average_last200: 161.9212 epis: 0.0001 loss: 135.9100 
episode: 906 count: 523 score: 165.9700 average_last200: 162.0045 epis: 0.0001 loss: 77.6571 
episode: 907 count: 559 score: 185.5618 average_last200: 162.0534 epis: 0.0001 loss: 84.5967 
episode: 908 count: 741 score: 151.5468 average_last200: 161.9774 epis: 0.0001 loss: 112.4076 
episode: 909 count: 390 score: 221.4038 average_last200: 162.3548 epis: 0.0001 loss: 66.9040 
episode: 910 count: 1000 score: 42.0526 average_last200: 161.8037 epis: 0.0001 loss: 153.9724 
episode: 911 count: 545 score: 164.5889 average_last200: 161.5530 epis: 0.0001 loss: 74.9946 
episode: 912 count: 359 score: 227.6466 average_last200: 161.9164 epis: 0.0001 loss: 54.4071 
episode: 913 count: 339 score: 218.3583 average_last200: 162.0513 epis: 0.0001 loss: 52.2561 
episode: 914 count: 482 score: 160.2536 average_last200: 161.8023 epis: 0.0001 loss: 76.2761 
episode: 915 count: 533 score: 182.0495 average_last200: 161.7022 epis: 0.0001 loss: 75.3304 
episode: 916 count: 423 score: 191.1497 average_last200: 163.1519 epis: 0.0001 loss: 70.9998 
episode: 917 count: 395 score: 205.3185 average_last200: 163.0969 epis: 0.0001 loss: 53.3296 
episode: 918 count: 724 score: 169.6707 average_last200: 164.4050 epis: 0.0001 loss: 103.8106 
episode: 919 count: 382 score: 184.2832 average_last200: 164.0896 epis: 0.0001 loss: 57.2920 
episode: 920 count: 733 score: 129.0687 average_last200: 163.7361 epis: 0.0001 loss: 108.4517 
episode: 921 count: 298 score: 233.6272 average_last200: 164.0527 epis: 0.0001 loss: 48.7131 
episode: 922 count: 279 score: 221.3317 average_last200: 164.3397 epis: 0.0001 loss: 39.5719 
episode: 923 count: 412 score: 191.9817 average_last200: 164.4639 epis: 0.0001 loss: 56.6109 
episode: 924 count: 247 score: -223.5399 average_last200: 162.3619 epis: 0.0001 loss: 30.9806 
episode: 925 count: 478 score: 167.1054 average_last200: 162.2386 epis: 0.0001 loss: 83.1217 
episode: 926 count: 284 score: 232.3795 average_last200: 163.7087 epis: 0.0001 loss: 45.6302 
episode: 927 count: 478 score: 191.2183 average_last200: 165.0048 epis: 0.0001 loss: 71.0257 
episode: 928 count: 387 score: 215.5544 average_last200: 166.6240 epis: 0.0001 loss: 55.2450 
episode: 929 count: 332 score: 210.6216 average_last200: 166.9565 epis: 0.0001 loss: 51.5043 
episode: 930 count: 559 score: 155.8417 average_last200: 166.9393 epis: 0.0001 loss: 84.0287 
episode: 931 count: 515 score: 184.7709 average_last200: 166.8481 epis: 0.0001 loss: 76.4251 
episode: 932 count: 486 score: 180.6008 average_last200: 167.1664 epis: 0.0001 loss: 67.0275 
episode: 933 count: 380 score: 215.5364 average_last200: 167.3635 epis: 0.0001 loss: 51.9672 
episode: 934 count: 284 score: 223.3347 average_last200: 167.6164 epis: 0.0001 loss: 38.3652 
episode: 935 count: 680 score: 182.3744 average_last200: 168.6449 epis: 0.0001 loss: 92.0317 
episode: 936 count: 369 score: 206.2271 average_last200: 169.8287 epis: 0.0001 loss: 52.1033 
episode: 937 count: 302 score: 234.9234 average_last200: 170.1994 epis: 0.0001 loss: 44.8485 
episode: 938 count: 460 score: 223.0081 average_last200: 170.5846 epis: 0.0001 loss: 62.5820 
episode: 939 count: 304 score: 200.5911 average_last200: 170.7016 epis: 0.0001 loss: 38.3234 
episode: 940 count: 370 score: 202.1222 average_last200: 170.9693 epis: 0.0001 loss: 44.0324 
episode: 941 count: 730 score: 154.1382 average_last200: 171.0852 epis: 0.0001 loss: 101.0971 
episode: 942 count: 334 score: 236.6985 average_last200: 171.1458 epis: 0.0001 loss: 53.2319 
episode: 943 count: 548 score: 193.1036 average_last200: 171.0991 epis: 0.0001 loss: 73.1853 
episode: 944 count: 290 score: 209.6211 average_last200: 171.3061 epis: 0.0001 loss: 37.4518 
episode: 945 count: 841 score: 155.9961 average_last200: 171.3794 epis: 0.0001 loss: 127.0973 
episode: 946 count: 355 score: 193.8291 average_last200: 171.5089 epis: 0.0001 loss: 50.1999 
episode: 947 count: 515 score: 134.5382 average_last200: 171.2945 epis: 0.0001 loss: 65.1728 
episode: 948 count: 796 score: 161.5159 average_last200: 171.0523 epis: 0.0001 loss: 103.5364 
episode: 949 count: 154 score: 225.9266 average_last200: 171.2505 epis: 0.0001 loss: 17.2315 
episode: 950 count: 590 score: 148.7725 average_last200: 171.1509 epis: 0.0001 loss: 86.8842 
episode: 951 count: 679 score: 145.3081 average_last200: 170.8664 epis: 0.0001 loss: 106.8139 
episode: 952 count: 420 score: 232.8851 average_last200: 171.0312 epis: 0.0001 loss: 53.7547 
episode: 953 count: 327 score: 210.0494 average_last200: 171.1849 epis: 0.0001 loss: 49.0186 
episode: 954 count: 251 score: 227.4162 average_last200: 171.1331 epis: 0.0001 loss: 36.2593 
episode: 955 count: 318 score: 229.0218 average_last200: 171.5196 epis: 0.0001 loss: 43.2171 
episode: 956 count: 306 score: 260.2311 average_last200: 171.9150 epis: 0.0001 loss: 42.0161 
episode: 957 count: 383 score: 186.9363 average_last200: 171.9523 epis: 0.0001 loss: 52.3304 
episode: 958 count: 597 score: 175.7458 average_last200: 171.7079 epis: 0.0001 loss: 65.0313 
episode: 959 count: 245 score: 205.0196 average_last200: 171.8379 epis: 0.0001 loss: 34.1134 
episode: 960 count: 318 score: 246.9619 average_last200: 172.1730 epis: 0.0001 loss: 48.7587 
episode: 961 count: 266 score: 209.4847 average_last200: 173.4084 epis: 0.0001 loss: 31.2525 
episode: 962 count: 558 score: 170.3003 average_last200: 173.4389 epis: 0.0001 loss: 71.2058 
episode: 963 count: 400 score: 236.6212 average_last200: 173.6837 epis: 0.0001 loss: 57.1114 
episode: 964 count: 585 score: 204.4778 average_last200: 173.8597 epis: 0.0001 loss: 88.2065 
episode: 965 count: 145 score: 21.5578 average_last200: 173.2293 epis: 0.0001 loss: 24.5931 
episode: 966 count: 254 score: 236.3622 average_last200: 173.5042 epis: 0.0001 loss: 35.0447 
episode: 967 count: 319 score: 210.2809 average_last200: 173.4660 epis: 0.0001 loss: 42.8079 
episode: 968 count: 334 score: 195.2899 average_last200: 173.5302 epis: 0.0001 loss: 44.4522 
episode: 969 count: 282 score: 246.5607 average_last200: 174.1362 epis: 0.0001 loss: 31.6506 
episode: 970 count: 387 score: 214.4224 average_last200: 174.0892 epis: 0.0001 loss: 54.7406 
episode: 971 count: 227 score: 203.5283 average_last200: 174.2728 epis: 0.0001 loss: 31.4285 
episode: 972 count: 220 score: 202.8703 average_last200: 174.5844 epis: 0.0001 loss: 24.5759 
episode: 973 count: 254 score: 239.8147 average_last200: 176.1654 epis: 0.0001 loss: 33.1617 
episode: 974 count: 215 score: 221.6613 average_last200: 176.1456 epis: 0.0001 loss: 28.1852 
episode: 975 count: 249 score: 243.2229 average_last200: 176.1884 epis: 0.0001 loss: 40.2161 
episode: 976 count: 345 score: 212.2685 average_last200: 177.3229 epis: 0.0001 loss: 48.4949 
episode: 977 count: 202 score: 213.8851 average_last200: 177.7485 epis: 0.0001 loss: 23.5306 
episode: 978 count: 212 score: 234.2537 average_last200: 177.9649 epis: 0.0001 loss: 28.5118 
episode: 979 count: 327 score: 212.7421 average_last200: 178.2559 epis: 0.0001 loss: 52.3811 
episode: 980 count: 464 score: 192.9827 average_last200: 178.1828 epis: 0.0001 loss: 57.4509 
episode: 981 count: 244 score: 229.3923 average_last200: 179.3063 epis: 0.0001 loss: 36.0762 
episode: 982 count: 266 score: 205.6625 average_last200: 179.5643 epis: 0.0001 loss: 40.6167 
episode: 983 count: 483 score: 114.2551 average_last200: 180.3804 epis: 0.0001 loss: 59.6716 
episode: 984 count: 213 score: 219.6650 average_last200: 180.8165 epis: 0.0001 loss: 25.0958 
episode: 985 count: 335 score: 214.2101 average_last200: 181.0387 epis: 0.0000 loss: 39.0234 
episode: 986 count: 238 score: 207.9419 average_last200: 181.1129 epis: 0.0000 loss: 25.8837 
episode: 987 count: 322 score: 208.9105 average_last200: 181.1375 epis: 0.0000 loss: 44.7991 
episode: 988 count: 242 score: 246.3827 average_last200: 181.3117 epis: 0.0000 loss: 33.5391 
episode: 989 count: 391 score: 200.7843 average_last200: 181.5017 epis: 0.0000 loss: 57.2174 
episode: 990 count: 211 score: 253.1394 average_last200: 181.8980 epis: 0.0000 loss: 22.7332 
episode: 991 count: 397 score: 192.4773 average_last200: 181.9748 epis: 0.0000 loss: 51.4298 
episode: 992 count: 186 score: 224.5181 average_last200: 182.0959 epis: 0.0000 loss: 24.7120 
episode: 993 count: 246 score: 207.7536 average_last200: 182.3357 epis: 0.0000 loss: 34.6107 
episode: 994 count: 388 score: 158.7730 average_last200: 182.5118 epis: 0.0000 loss: 53.6850 
episode: 995 count: 254 score: 200.4699 average_last200: 182.6180 epis: 0.0000 loss: 28.4687 
episode: 996 count: 1000 score: 97.5563 average_last200: 182.7129 epis: 0.0000 loss: 115.1003 
episode: 997 count: 256 score: 195.3029 average_last200: 183.0186 epis: 0.0000 loss: 32.7289 
episode: 998 count: 367 score: 170.3123 average_last200: 182.6871 epis: 0.0000 loss: 43.1568 
episode: 999 count: 353 score: 252.3880 average_last200: 183.8311 epis: 0.0000 loss: 49.4230 
