[33mWARN: gym.spaces.Box autodetected dtype as <class 'numpy.float32'>. Please provide explicit dtype.[0m
All para: Epis 1000 memlen 50000 gamma 0.990 epsilon 0.990 alpha 0.00050 batch 30 upfreq 500
episode: 0 count: 103 score: -201.7553 average_last200: -201.7553 epis: 0.9900 loss: 0.0000 
episode: 1 count: 84 score: -166.6921 average_last200: -184.2237 epis: 0.9801 loss: 0.0000 
episode: 2 count: 127 score: -140.9426 average_last200: -169.7967 epis: 0.9703 loss: 0.0000 
episode: 3 count: 98 score: -151.9605 average_last200: -165.3376 epis: 0.9606 loss: 0.0000 
episode: 4 count: 71 score: -305.0290 average_last200: -193.2759 epis: 0.9510 loss: 0.0000 
episode: 5 count: 124 score: -219.4452 average_last200: -197.6374 epis: 0.9415 loss: 0.0000 
episode: 6 count: 136 score: -149.6131 average_last200: -190.7768 epis: 0.9321 loss: 0.0000 
episode: 7 count: 105 score: -416.8472 average_last200: -219.0356 epis: 0.9227 loss: 0.0000 
episode: 8 count: 88 score: -384.5283 average_last200: -237.4237 epis: 0.9135 loss: 0.0000 
episode: 9 count: 101 score: -403.4803 average_last200: -254.0294 epis: 0.9044 loss: 20.7456 
episode: 10 count: 67 score: -175.5396 average_last200: -246.8939 epis: 0.8953 loss: 38.5396 
episode: 11 count: 91 score: -510.2835 average_last200: -268.8431 epis: 0.8864 loss: 44.6873 
episode: 12 count: 64 score: -291.9107 average_last200: -270.6175 epis: 0.8775 loss: 28.5827 
episode: 13 count: 98 score: -244.5823 average_last200: -268.7578 epis: 0.8687 loss: 47.0975 
episode: 14 count: 101 score: -102.3902 average_last200: -257.6667 epis: 0.8601 loss: 46.9539 
episode: 15 count: 76 score: -187.3611 average_last200: -253.2726 epis: 0.8515 loss: 33.7555 
episode: 16 count: 110 score: -132.6323 average_last200: -246.1761 epis: 0.8429 loss: 45.9304 
episode: 17 count: 80 score: -83.1774 average_last200: -237.1206 epis: 0.8345 loss: 25.2385 
episode: 18 count: 97 score: -213.5893 average_last200: -235.8821 epis: 0.8262 loss: 35.6267 
episode: 19 count: 74 score: -109.4717 average_last200: -229.5616 epis: 0.8179 loss: 30.9225 
episode: 20 count: 146 score: -42.1792 average_last200: -220.6386 epis: 0.8097 loss: 57.1080 
episode: 21 count: 81 score: -181.8277 average_last200: -218.8745 epis: 0.8016 loss: 26.0035 
episode: 22 count: 169 score: -85.3233 average_last200: -213.0679 epis: 0.7936 loss: 67.5799 
episode: 23 count: 99 score: -152.2700 average_last200: -210.5347 epis: 0.7857 loss: 42.5445 
episode: 24 count: 168 score: -63.8769 average_last200: -204.6683 epis: 0.7778 loss: 57.8910 
episode: 25 count: 105 score: -131.5647 average_last200: -201.8567 epis: 0.7700 loss: 42.0747 
episode: 26 count: 89 score: -162.1398 average_last200: -200.3857 epis: 0.7623 loss: 42.3484 
episode: 27 count: 117 score: -316.3546 average_last200: -204.5274 epis: 0.7547 loss: 39.8077 
episode: 28 count: 123 score: -157.5699 average_last200: -202.9082 epis: 0.7472 loss: 51.1135 
episode: 29 count: 68 score: -134.3351 average_last200: -200.6224 epis: 0.7397 loss: 34.6619 
episode: 30 count: 77 score: -57.1530 average_last200: -195.9944 epis: 0.7323 loss: 30.8409 
episode: 31 count: 100 score: -177.3038 average_last200: -195.4103 epis: 0.7250 loss: 33.3435 
episode: 32 count: 108 score: -162.6420 average_last200: -194.4173 epis: 0.7177 loss: 42.3849 
episode: 33 count: 114 score: -273.5975 average_last200: -196.7461 epis: 0.7106 loss: 43.9431 
episode: 34 count: 103 score: -125.4998 average_last200: -194.7105 epis: 0.7034 loss: 54.1800 
episode: 35 count: 120 score: -156.5511 average_last200: -193.6506 epis: 0.6964 loss: 39.9048 
episode: 36 count: 127 score: -160.6553 average_last200: -192.7588 epis: 0.6894 loss: 55.9147 
episode: 37 count: 141 score: -188.2817 average_last200: -192.6410 epis: 0.6826 loss: 50.6565 
episode: 38 count: 71 score: -98.4137 average_last200: -190.2249 epis: 0.6757 loss: 23.1087 
episode: 39 count: 83 score: -93.8006 average_last200: -187.8143 epis: 0.6690 loss: 34.3590 
episode: 40 count: 88 score: -143.6618 average_last200: -186.7374 epis: 0.6623 loss: 36.1838 
episode: 41 count: 153 score: -33.3479 average_last200: -183.0853 epis: 0.6557 loss: 64.3364 
episode: 42 count: 166 score: -146.4609 average_last200: -182.2335 epis: 0.6491 loss: 57.1353 
episode: 43 count: 239 score: -78.4925 average_last200: -179.8758 epis: 0.6426 loss: 78.7892 
episode: 44 count: 137 score: -209.8867 average_last200: -180.5427 epis: 0.6362 loss: 47.0089 
episode: 45 count: 118 score: -128.5609 average_last200: -179.4127 epis: 0.6298 loss: 42.5988 
episode: 46 count: 101 score: -60.4025 average_last200: -176.8805 epis: 0.6235 loss: 36.9821 
episode: 47 count: 106 score: -151.7343 average_last200: -176.3566 epis: 0.6173 loss: 43.5244 
episode: 48 count: 204 score: -181.9550 average_last200: -176.4709 epis: 0.6111 loss: 74.8432 
episode: 49 count: 168 score: -142.5602 average_last200: -175.7927 epis: 0.6050 loss: 70.1504 
episode: 50 count: 167 score: -61.4497 average_last200: -173.5507 epis: 0.5990 loss: 70.8351 
episode: 51 count: 295 score: -117.9364 average_last200: -172.4812 epis: 0.5930 loss: 111.5108 
episode: 52 count: 175 score: -150.0047 average_last200: -172.0571 epis: 0.5870 loss: 63.6703 
episode: 53 count: 72 score: -67.4480 average_last200: -170.1199 epis: 0.5812 loss: 29.1311 
episode: 54 count: 313 score: -78.1127 average_last200: -168.4470 epis: 0.5754 loss: 100.2010 
episode: 55 count: 95 score: -115.3230 average_last200: -167.4984 epis: 0.5696 loss: 37.4550 
episode: 56 count: 84 score: -116.1208 average_last200: -166.5970 epis: 0.5639 loss: 28.4114 
episode: 57 count: 107 score: -101.2085 average_last200: -165.4696 epis: 0.5583 loss: 35.4682 
episode: 58 count: 1000 score: 17.9255 average_last200: -162.3612 epis: 0.5527 loss: 403.6733 
episode: 59 count: 182 score: -5.7166 average_last200: -159.7505 epis: 0.5472 loss: 83.0041 
episode: 60 count: 372 score: -86.6624 average_last200: -158.5523 epis: 0.5417 loss: 171.9968 
episode: 61 count: 303 score: -104.8490 average_last200: -157.6861 epis: 0.5363 loss: 118.9987 
episode: 62 count: 135 score: -63.8757 average_last200: -156.1971 epis: 0.5309 loss: 56.8550 
episode: 63 count: 134 score: -117.9843 average_last200: -155.6000 epis: 0.5256 loss: 57.2467 
episode: 64 count: 187 score: -89.0841 average_last200: -154.5767 epis: 0.5203 loss: 81.7872 
episode: 65 count: 239 score: -66.2972 average_last200: -153.2391 epis: 0.5151 loss: 95.7896 
episode: 66 count: 180 score: -136.7507 average_last200: -152.9930 epis: 0.5100 loss: 74.5634 
episode: 67 count: 217 score: -70.7450 average_last200: -151.7835 epis: 0.5049 loss: 88.3098 
episode: 68 count: 123 score: -69.1274 average_last200: -150.5856 epis: 0.4998 loss: 39.4906 
episode: 69 count: 1000 score: 24.4344 average_last200: -148.0853 epis: 0.4948 loss: 412.0057 
episode: 70 count: 337 score: -39.4019 average_last200: -146.5545 epis: 0.4899 loss: 146.9504 
episode: 71 count: 1000 score: 7.6052 average_last200: -144.4134 epis: 0.4850 loss: 430.1106 
episode: 72 count: 123 score: -73.2773 average_last200: -143.4390 epis: 0.4801 loss: 54.5949 
episode: 73 count: 76 score: -75.4374 average_last200: -142.5200 epis: 0.4753 loss: 30.4410 
episode: 74 count: 574 score: -83.4376 average_last200: -141.7323 epis: 0.4706 loss: 244.6413 
episode: 75 count: 1000 score: -75.2276 average_last200: -140.8572 epis: 0.4659 loss: 425.9527 
episode: 76 count: 1000 score: -39.6220 average_last200: -139.5425 epis: 0.4612 loss: 409.5628 
episode: 77 count: 136 score: -83.5878 average_last200: -138.8251 epis: 0.4566 loss: 53.8226 
episode: 78 count: 1000 score: -112.8810 average_last200: -138.4967 epis: 0.4520 loss: 426.2970 
episode: 79 count: 190 score: -72.7978 average_last200: -137.6754 epis: 0.4475 loss: 78.7664 
episode: 80 count: 1000 score: 15.2802 average_last200: -135.7871 epis: 0.4430 loss: 447.4019 
episode: 81 count: 425 score: -124.9443 average_last200: -135.6549 epis: 0.4386 loss: 178.8287 
episode: 82 count: 217 score: -80.3288 average_last200: -134.9883 epis: 0.4342 loss: 92.5829 
episode: 83 count: 902 score: -288.2973 average_last200: -136.8134 epis: 0.4299 loss: 396.2324 
episode: 84 count: 114 score: -56.1227 average_last200: -135.8641 epis: 0.4256 loss: 57.8140 
episode: 85 count: 1000 score: 0.1954 average_last200: -134.2820 epis: 0.4213 loss: 434.5424 
episode: 86 count: 310 score: -41.5478 average_last200: -133.2161 epis: 0.4171 loss: 133.2556 
episode: 87 count: 1000 score: -14.6896 average_last200: -131.8692 epis: 0.4129 loss: 439.3184 
episode: 88 count: 243 score: -253.1636 average_last200: -133.2321 epis: 0.4088 loss: 114.8558 
episode: 89 count: 1000 score: 31.2143 average_last200: -131.4049 epis: 0.4047 loss: 470.2783 
episode: 90 count: 186 score: -107.5287 average_last200: -131.1425 epis: 0.4007 loss: 89.2950 
episode: 91 count: 1000 score: 7.4481 average_last200: -129.6361 epis: 0.3967 loss: 472.1625 
episode: 92 count: 1000 score: 14.8778 average_last200: -128.0822 epis: 0.3927 loss: 456.2930 
episode: 93 count: 1000 score: -7.8110 average_last200: -126.8027 epis: 0.3888 loss: 452.2785 
episode: 94 count: 124 score: -63.5243 average_last200: -126.1366 epis: 0.3849 loss: 58.2538 
episode: 95 count: 437 score: -298.0202 average_last200: -127.9271 epis: 0.3810 loss: 213.2744 
episode: 96 count: 1000 score: 3.0888 average_last200: -126.5764 epis: 0.3772 loss: 475.2867 
episode: 97 count: 118 score: -80.0735 average_last200: -126.1019 epis: 0.3735 loss: 56.4404 
episode: 98 count: 1000 score: -34.9020 average_last200: -125.1807 epis: 0.3697 loss: 488.1262 
episode: 99 count: 86 score: -102.1790 average_last200: -124.9506 epis: 0.3660 loss: 48.5641 
episode: 100 count: 1000 score: -90.0854 average_last200: -124.6054 epis: 0.3624 loss: 490.8358 
episode: 101 count: 1000 score: 43.8042 average_last200: -122.9544 epis: 0.3587 loss: 501.1767 
episode: 102 count: 114 score: -101.3585 average_last200: -122.7447 epis: 0.3552 loss: 55.1878 
episode: 103 count: 1000 score: -45.3739 average_last200: -122.0007 epis: 0.3516 loss: 501.3430 
episode: 104 count: 167 score: -226.8205 average_last200: -122.9990 epis: 0.3481 loss: 79.6132 
episode: 105 count: 1000 score: 3.9651 average_last200: -121.8013 epis: 0.3446 loss: 511.0807 
episode: 106 count: 422 score: -364.5133 average_last200: -124.0696 epis: 0.3412 loss: 221.2063 
episode: 107 count: 119 score: -36.6419 average_last200: -123.2601 epis: 0.3378 loss: 60.2636 
episode: 108 count: 1000 score: 29.2042 average_last200: -121.8613 epis: 0.3344 loss: 515.9571 
episode: 109 count: 1000 score: -53.5613 average_last200: -121.2404 epis: 0.3310 loss: 509.1112 
episode: 110 count: 138 score: -68.9694 average_last200: -120.7695 epis: 0.3277 loss: 72.1302 
episode: 111 count: 1000 score: -41.1840 average_last200: -120.0589 epis: 0.3244 loss: 497.5436 
episode: 112 count: 1000 score: 23.8924 average_last200: -118.7850 epis: 0.3212 loss: 503.1669 
episode: 113 count: 1000 score: -175.8461 average_last200: -119.2855 epis: 0.3180 loss: 523.6561 
episode: 114 count: 149 score: -44.2092 average_last200: -118.6327 epis: 0.3148 loss: 72.4785 
episode: 115 count: 260 score: 207.0365 average_last200: -115.8252 epis: 0.3117 loss: 120.7474 
episode: 116 count: 1000 score: -115.5856 average_last200: -115.8232 epis: 0.3085 loss: 505.3850 
episode: 117 count: 180 score: -54.5656 average_last200: -115.3040 epis: 0.3055 loss: 84.4569 
episode: 118 count: 1000 score: 34.5815 average_last200: -114.0445 epis: 0.3024 loss: 512.6519 
episode: 119 count: 1000 score: -114.8754 average_last200: -114.0514 epis: 0.2994 loss: 490.8875 
episode: 120 count: 1000 score: -9.6704 average_last200: -113.1888 epis: 0.2964 loss: 488.5576 
episode: 121 count: 1000 score: -57.1893 average_last200: -112.7297 epis: 0.2934 loss: 514.7761 
episode: 122 count: 1000 score: -98.3082 average_last200: -112.6125 epis: 0.2905 loss: 455.2901 
episode: 123 count: 1000 score: 77.3000 average_last200: -111.0809 epis: 0.2876 loss: 462.4411 
episode: 124 count: 1000 score: 101.6954 average_last200: -109.3787 epis: 0.2847 loss: 463.0714 
episode: 125 count: 1000 score: 89.7067 average_last200: -107.7987 epis: 0.2819 loss: 476.7251 
episode: 126 count: 133 score: -55.1053 average_last200: -107.3838 epis: 0.2790 loss: 61.8769 
episode: 127 count: 208 score: -65.4580 average_last200: -107.0562 epis: 0.2763 loss: 95.2562 
episode: 128 count: 1000 score: -40.4862 average_last200: -106.5402 epis: 0.2735 loss: 472.9239 
episode: 129 count: 1000 score: -58.0593 average_last200: -106.1673 epis: 0.2708 loss: 461.9230 
episode: 130 count: 1000 score: -49.1277 average_last200: -105.7318 epis: 0.2680 loss: 444.6666 
episode: 131 count: 1000 score: 34.7564 average_last200: -104.6675 epis: 0.2654 loss: 444.7246 
episode: 132 count: 725 score: 152.8524 average_last200: -102.7313 epis: 0.2627 loss: 316.9936 
episode: 133 count: 900 score: -153.2853 average_last200: -103.1086 epis: 0.2601 loss: 375.7591 
episode: 134 count: 139 score: -39.6458 average_last200: -102.6385 epis: 0.2575 loss: 57.9969 
episode: 135 count: 455 score: 192.5294 average_last200: -100.4681 epis: 0.2549 loss: 193.4904 
episode: 136 count: 1000 score: -69.7846 average_last200: -100.2442 epis: 0.2524 loss: 431.3722 
episode: 137 count: 106 score: -13.1960 average_last200: -99.6134 epis: 0.2498 loss: 46.0294 
episode: 138 count: 1000 score: 38.3483 average_last200: -98.6208 epis: 0.2473 loss: 400.9038 
episode: 139 count: 1000 score: 54.5631 average_last200: -97.5267 epis: 0.2449 loss: 395.4937 
episode: 140 count: 1000 score: -21.8438 average_last200: -96.9899 epis: 0.2424 loss: 394.8661 
episode: 141 count: 1000 score: -50.8657 average_last200: -96.6651 epis: 0.2400 loss: 394.1709 
episode: 142 count: 1000 score: -87.2684 average_last200: -96.5994 epis: 0.2376 loss: 395.3456 
episode: 143 count: 664 score: 124.1267 average_last200: -95.0666 epis: 0.2352 loss: 247.6162 
episode: 144 count: 101 score: -50.2040 average_last200: -94.7572 epis: 0.2329 loss: 38.3872 
episode: 145 count: 757 score: 128.4049 average_last200: -93.2287 epis: 0.2305 loss: 286.9319 
episode: 146 count: 1000 score: 44.6866 average_last200: -92.2905 epis: 0.2282 loss: 392.6199 
episode: 147 count: 1000 score: 65.5183 average_last200: -91.2242 epis: 0.2259 loss: 376.9111 
episode: 148 count: 1000 score: -26.9790 average_last200: -90.7930 epis: 0.2237 loss: 379.6747 
episode: 149 count: 1000 score: -33.9232 average_last200: -90.4139 epis: 0.2215 loss: 365.5145 
episode: 150 count: 1000 score: -38.2688 average_last200: -90.0685 epis: 0.2192 loss: 358.4987 
episode: 151 count: 666 score: 241.6964 average_last200: -87.8859 epis: 0.2170 loss: 244.6209 
episode: 152 count: 1000 score: 31.0741 average_last200: -87.1084 epis: 0.2149 loss: 349.0631 
episode: 153 count: 1000 score: -5.2005 average_last200: -86.5765 epis: 0.2127 loss: 343.8279 
episode: 154 count: 1000 score: -90.5546 average_last200: -86.6022 epis: 0.2106 loss: 353.5439 
episode: 155 count: 1000 score: 40.6302 average_last200: -85.7866 epis: 0.2085 loss: 337.5715 
episode: 156 count: 1000 score: 81.2010 average_last200: -84.7230 epis: 0.2064 loss: 324.9498 
episode: 157 count: 1000 score: 41.2573 average_last200: -83.9256 epis: 0.2043 loss: 320.5173 
episode: 158 count: 1000 score: -64.0346 average_last200: -83.8005 epis: 0.2023 loss: 320.3388 
episode: 159 count: 1000 score: -26.7647 average_last200: -83.4440 epis: 0.2003 loss: 306.6302 
episode: 160 count: 1000 score: -29.0508 average_last200: -83.1062 epis: 0.1983 loss: 302.0789 
episode: 161 count: 924 score: 63.5804 average_last200: -82.2007 epis: 0.1963 loss: 267.6725 
episode: 162 count: 868 score: 140.2013 average_last200: -80.8363 epis: 0.1943 loss: 255.5141 
episode: 163 count: 1000 score: 61.7096 average_last200: -79.9671 epis: 0.1924 loss: 288.2369 
episode: 164 count: 1000 score: -18.0079 average_last200: -79.5916 epis: 0.1905 loss: 292.0517 
episode: 165 count: 159 score: -11.5198 average_last200: -79.1815 epis: 0.1886 loss: 41.2357 
episode: 166 count: 381 score: 175.8966 average_last200: -77.6541 epis: 0.1867 loss: 100.2758 
episode: 167 count: 818 score: 191.2255 average_last200: -76.0536 epis: 0.1848 loss: 216.3440 
episode: 168 count: 491 score: 166.0316 average_last200: -74.6212 epis: 0.1830 loss: 128.6030 
episode: 169 count: 1000 score: 25.1055 average_last200: -74.0346 epis: 0.1811 loss: 246.2069 
episode: 170 count: 670 score: 140.4255 average_last200: -72.7804 epis: 0.1793 loss: 167.1230 
episode: 171 count: 840 score: 196.3271 average_last200: -71.2158 epis: 0.1775 loss: 206.7748 
episode: 172 count: 1000 score: 32.4550 average_last200: -70.6166 epis: 0.1757 loss: 255.5772 
episode: 173 count: 891 score: 80.5365 average_last200: -69.7479 epis: 0.1740 loss: 213.4911 
episode: 174 count: 1000 score: 2.2236 average_last200: -69.3366 epis: 0.1722 loss: 229.1160 
episode: 175 count: 840 score: 144.3344 average_last200: -68.1226 epis: 0.1705 loss: 186.2757 
episode: 176 count: 335 score: 235.1898 average_last200: -66.4089 epis: 0.1688 loss: 78.7174 
episode: 177 count: 678 score: 238.8480 average_last200: -64.6940 epis: 0.1671 loss: 152.4523 
episode: 178 count: 547 score: 204.0481 average_last200: -63.1927 epis: 0.1655 loss: 132.8227 
episode: 179 count: 1000 score: 106.9262 average_last200: -62.2476 epis: 0.1638 loss: 220.3022 
episode: 180 count: 290 score: 202.5915 average_last200: -60.7844 epis: 0.1622 loss: 65.8949 
episode: 181 count: 1000 score: -124.1049 average_last200: -61.1323 epis: 0.1605 loss: 217.0355 
episode: 182 count: 541 score: 201.1798 average_last200: -59.6989 epis: 0.1589 loss: 119.9187 
episode: 183 count: 617 score: 206.3564 average_last200: -58.2529 epis: 0.1574 loss: 130.0753 
episode: 184 count: 305 score: 220.7807 average_last200: -56.7446 epis: 0.1558 loss: 64.4028 
episode: 185 count: 281 score: 208.7508 average_last200: -55.3172 epis: 0.1542 loss: 61.0027 
episode: 186 count: 538 score: 168.7108 average_last200: -54.1192 epis: 0.1527 loss: 110.0494 
episode: 187 count: 338 score: 189.9281 average_last200: -52.8211 epis: 0.1512 loss: 70.3537 
episode: 188 count: 433 score: 254.3171 average_last200: -51.1960 epis: 0.1496 loss: 93.9681 
episode: 189 count: 342 score: 222.4266 average_last200: -49.7559 epis: 0.1481 loss: 76.9116 
episode: 190 count: 299 score: 227.3387 average_last200: -48.3052 epis: 0.1467 loss: 59.8115 
episode: 191 count: 839 score: 229.8958 average_last200: -46.8562 epis: 0.1452 loss: 172.0394 
episode: 192 count: 334 score: 195.9556 average_last200: -45.5981 epis: 0.1437 loss: 68.5282 
episode: 193 count: 377 score: 231.2971 average_last200: -44.1708 epis: 0.1423 loss: 73.2454 
episode: 194 count: 319 score: 197.9526 average_last200: -42.9291 epis: 0.1409 loss: 63.3788 
episode: 195 count: 305 score: 216.0446 average_last200: -41.6078 epis: 0.1395 loss: 59.2676 
episode: 196 count: 459 score: 189.7037 average_last200: -40.4337 epis: 0.1381 loss: 104.4768 
episode: 197 count: 729 score: 230.4505 average_last200: -39.0656 epis: 0.1367 loss: 150.6692 
episode: 198 count: 1000 score: 59.5224 average_last200: -38.5702 epis: 0.1353 loss: 193.5114 
episode: 199 count: 238 score: 247.9217 average_last200: -37.1377 epis: 0.1340 loss: 48.1974 
episode: 200 count: 243 score: 210.4776 average_last200: -35.0765 epis: 0.1326 loss: 43.4386 
episode: 201 count: 265 score: 238.7815 average_last200: -33.0492 epis: 0.1313 loss: 51.0824 
episode: 202 count: 349 score: 189.2009 average_last200: -31.3985 epis: 0.1300 loss: 69.2210 
episode: 203 count: 518 score: 223.8792 average_last200: -29.5193 epis: 0.1287 loss: 102.0305 
episode: 204 count: 324 score: 229.7644 average_last200: -26.8453 epis: 0.1274 loss: 58.4601 
episode: 205 count: 419 score: 229.2177 average_last200: -24.6020 epis: 0.1261 loss: 68.3508 
episode: 206 count: 347 score: 246.6901 average_last200: -22.6205 epis: 0.1249 loss: 63.4445 
episode: 207 count: 516 score: 211.1972 average_last200: -19.4802 epis: 0.1236 loss: 98.5285 
episode: 208 count: 316 score: 201.5660 average_last200: -16.5498 epis: 0.1224 loss: 57.6624 
episode: 209 count: 443 score: 173.5183 average_last200: -13.6648 epis: 0.1212 loss: 81.6399 
episode: 210 count: 546 score: 162.3677 average_last200: -11.9752 epis: 0.1200 loss: 94.5862 
episode: 211 count: 331 score: 249.2888 average_last200: -8.1774 epis: 0.1188 loss: 53.4656 
episode: 212 count: 356 score: 178.1496 average_last200: -5.8271 epis: 0.1176 loss: 61.2331 
episode: 213 count: 238 score: 212.6650 average_last200: -3.5408 epis: 0.1164 loss: 41.4067 
episode: 214 count: 419 score: 231.4409 average_last200: -1.8717 epis: 0.1152 loss: 74.8508 
episode: 215 count: 392 score: 231.1596 average_last200: 0.2209 epis: 0.1141 loss: 67.2263 
episode: 216 count: 420 score: 188.7470 average_last200: 1.8278 epis: 0.1129 loss: 70.7753 
episode: 217 count: 444 score: 188.2895 average_last200: 3.1852 epis: 0.1118 loss: 70.4401 
episode: 218 count: 728 score: 161.1706 average_last200: 5.0590 epis: 0.1107 loss: 120.8668 
episode: 219 count: 634 score: 160.1885 average_last200: 6.4073 epis: 0.1096 loss: 102.6402 
episode: 220 count: 520 score: 165.5003 average_last200: 7.4457 epis: 0.1085 loss: 79.5944 
episode: 221 count: 529 score: 166.2933 average_last200: 9.1863 epis: 0.1074 loss: 90.1937 
episode: 222 count: 545 score: 138.6045 average_last200: 10.3059 epis: 0.1063 loss: 85.5914 
episode: 223 count: 427 score: 218.9340 average_last200: 12.1619 epis: 0.1053 loss: 66.1235 
episode: 224 count: 429 score: 191.9279 average_last200: 13.4409 epis: 0.1042 loss: 65.8300 
episode: 225 count: 441 score: 214.8890 average_last200: 15.1732 epis: 0.1032 loss: 68.2054 
episode: 226 count: 263 score: 243.9470 average_last200: 17.2036 epis: 0.1021 loss: 46.0251 
episode: 227 count: 648 score: 212.9116 average_last200: 19.8500 epis: 0.1011 loss: 100.5632 
episode: 228 count: 286 score: 225.3610 average_last200: 21.7646 epis: 0.1001 loss: 43.8031 
episode: 229 count: 434 score: 228.2429 average_last200: 23.5775 epis: 0.0991 loss: 69.3043 
episode: 230 count: 407 score: 253.6136 average_last200: 25.1314 epis: 0.0981 loss: 70.9448 
episode: 231 count: 444 score: 224.6525 average_last200: 27.1411 epis: 0.0971 loss: 72.7890 
episode: 232 count: 312 score: 221.8354 average_last200: 29.0635 epis: 0.0962 loss: 46.2845 
episode: 233 count: 456 score: 185.7413 average_last200: 31.3602 epis: 0.0952 loss: 76.7066 
episode: 234 count: 473 score: 162.3523 average_last200: 32.7995 epis: 0.0942 loss: 66.1488 
episode: 235 count: 535 score: 208.9470 average_last200: 34.6270 epis: 0.0933 loss: 86.1035 
episode: 236 count: 624 score: 165.7935 average_last200: 36.2592 epis: 0.0924 loss: 110.1674 
episode: 237 count: 344 score: 242.4021 average_last200: 38.4126 epis: 0.0914 loss: 48.1163 
episode: 238 count: 525 score: 201.9257 average_last200: 39.9143 epis: 0.0905 loss: 74.8310 
episode: 239 count: 294 score: 197.7556 average_last200: 41.3721 epis: 0.0896 loss: 41.8083 
episode: 240 count: 298 score: 205.1009 average_last200: 43.1159 epis: 0.0887 loss: 48.7786 
episode: 241 count: 282 score: 245.7916 average_last200: 44.5116 epis: 0.0878 loss: 40.1263 
episode: 242 count: 249 score: 221.6954 average_last200: 46.3524 epis: 0.0870 loss: 34.4851 
episode: 243 count: 266 score: 234.0552 average_last200: 47.9151 epis: 0.0861 loss: 40.7312 
episode: 244 count: 265 score: 230.5067 average_last200: 50.1171 epis: 0.0852 loss: 40.9082 
episode: 245 count: 251 score: 242.2650 average_last200: 51.9712 epis: 0.0844 loss: 39.9004 
episode: 246 count: 392 score: 198.9255 average_last200: 53.2679 epis: 0.0835 loss: 56.1865 
episode: 247 count: 215 score: 214.9891 average_last200: 55.1015 epis: 0.0827 loss: 34.5208 
episode: 248 count: 456 score: 188.6966 average_last200: 56.9548 epis: 0.0819 loss: 78.7911 
episode: 249 count: 430 score: 211.4357 average_last200: 58.7247 epis: 0.0811 loss: 71.9706 
episode: 250 count: 394 score: 228.0551 average_last200: 60.1723 epis: 0.0802 loss: 65.1346 
episode: 251 count: 282 score: 240.4370 average_last200: 61.9641 epis: 0.0794 loss: 45.3276 
episode: 252 count: 257 score: 246.4189 average_last200: 63.9462 epis: 0.0787 loss: 34.6592 
episode: 253 count: 240 score: 238.4038 average_last200: 65.4755 epis: 0.0779 loss: 36.6850 
episode: 254 count: 573 score: 155.7988 average_last200: 66.6451 epis: 0.0771 loss: 82.5651 
episode: 255 count: 315 score: 257.4870 average_last200: 68.5091 epis: 0.0763 loss: 52.2159 
episode: 256 count: 196 score: -8.2655 average_last200: 69.0484 epis: 0.0756 loss: 33.4903 
episode: 257 count: 458 score: 193.7014 average_last200: 70.5229 epis: 0.0748 loss: 69.9821 
episode: 258 count: 388 score: 229.3386 average_last200: 71.5800 epis: 0.0740 loss: 68.7666 
episode: 259 count: 265 score: 222.7975 average_last200: 72.7226 epis: 0.0733 loss: 38.7174 
episode: 260 count: 383 score: 253.0855 average_last200: 74.4213 epis: 0.0726 loss: 56.1384 
episode: 261 count: 375 score: 155.2805 average_last200: 75.7220 epis: 0.0718 loss: 62.5744 
episode: 262 count: 306 score: 260.6059 average_last200: 77.3444 epis: 0.0711 loss: 44.8561 
episode: 263 count: 234 score: 168.4953 average_last200: 78.7768 epis: 0.0704 loss: 37.5712 
episode: 264 count: 197 score: -21.8278 average_last200: 79.1130 epis: 0.0697 loss: 28.3391 
episode: 265 count: 244 score: 240.2920 average_last200: 80.6460 epis: 0.0690 loss: 40.0938 
episode: 266 count: 364 score: 198.8302 average_last200: 82.3239 epis: 0.0683 loss: 63.9187 
episode: 267 count: 626 score: 120.2606 average_last200: 83.2789 epis: 0.0676 loss: 106.6676 
episode: 268 count: 495 score: 248.5394 average_last200: 84.8673 epis: 0.0670 loss: 84.5176 
episode: 269 count: 276 score: 199.2687 average_last200: 85.7414 epis: 0.0663 loss: 41.6793 
episode: 270 count: 204 score: -3.6782 average_last200: 85.9200 epis: 0.0656 loss: 33.7491 
episode: 271 count: 312 score: 182.6119 average_last200: 86.7951 epis: 0.0650 loss: 48.1287 
episode: 272 count: 250 score: 243.6015 average_last200: 88.3795 epis: 0.0643 loss: 38.6128 
episode: 273 count: 275 score: 251.9060 average_last200: 90.0162 epis: 0.0637 loss: 37.0854 
episode: 274 count: 422 score: 211.4968 average_last200: 91.4909 epis: 0.0630 loss: 65.2374 
episode: 275 count: 336 score: 230.5760 average_last200: 93.0199 epis: 0.0624 loss: 47.6519 
episode: 276 count: 342 score: 179.3832 average_last200: 94.1149 epis: 0.0618 loss: 60.7771 
episode: 277 count: 386 score: 183.5498 average_last200: 95.4506 epis: 0.0612 loss: 64.3883 
episode: 278 count: 226 score: 227.4496 average_last200: 97.1522 epis: 0.0606 loss: 32.2637 
episode: 279 count: 279 score: 215.0962 average_last200: 98.5917 epis: 0.0600 loss: 40.3264 
episode: 280 count: 280 score: 246.1164 average_last200: 99.7459 epis: 0.0594 loss: 44.7456 
episode: 281 count: 181 score: 190.0616 average_last200: 101.3209 epis: 0.0588 loss: 26.9557 
episode: 282 count: 653 score: 115.1665 average_last200: 102.2984 epis: 0.0582 loss: 96.0891 
episode: 283 count: 311 score: 239.0878 average_last200: 104.9353 epis: 0.0576 loss: 56.3723 
episode: 284 count: 949 score: 166.5873 average_last200: 106.0489 epis: 0.0570 loss: 148.9098 
episode: 285 count: 604 score: 104.9296 average_last200: 106.5725 epis: 0.0565 loss: 98.1988 
episode: 286 count: 743 score: 134.2192 average_last200: 107.4514 epis: 0.0559 loss: 116.0862 
episode: 287 count: 253 score: 185.1490 average_last200: 108.4506 epis: 0.0553 loss: 41.8183 
episode: 288 count: 212 score: 219.9116 average_last200: 110.8160 epis: 0.0548 loss: 28.1458 
episode: 289 count: 534 score: 218.2747 average_last200: 111.7513 epis: 0.0542 loss: 87.1844 
episode: 290 count: 313 score: 236.1064 average_last200: 113.4694 epis: 0.0537 loss: 49.4663 
episode: 291 count: 190 score: 205.4084 average_last200: 114.4592 epis: 0.0531 loss: 28.6446 
episode: 292 count: 273 score: 212.3721 average_last200: 115.4467 epis: 0.0526 loss: 40.3922 
episode: 293 count: 258 score: 235.0289 average_last200: 116.6609 epis: 0.0521 loss: 43.5222 
episode: 294 count: 362 score: 233.2658 average_last200: 118.1449 epis: 0.0516 loss: 65.8775 
episode: 295 count: 536 score: 158.0976 average_last200: 120.4254 epis: 0.0511 loss: 84.5110 
episode: 296 count: 311 score: 242.9707 average_last200: 121.6249 epis: 0.0505 loss: 48.0322 
episode: 297 count: 380 score: 195.1818 average_last200: 123.0011 epis: 0.0500 loss: 61.1378 
episode: 298 count: 377 score: 193.3974 average_last200: 124.1426 epis: 0.0495 loss: 63.5596 
episode: 299 count: 332 score: 237.6992 average_last200: 125.8420 epis: 0.0490 loss: 59.1826 
episode: 300 count: 1000 score: 61.1705 average_last200: 126.5983 epis: 0.0486 loss: 152.2944 
episode: 301 count: 586 score: 236.2861 average_last200: 127.5607 epis: 0.0481 loss: 90.4327 
episode: 302 count: 223 score: 208.6709 average_last200: 129.1109 epis: 0.0476 loss: 30.0409 
episode: 303 count: 144 score: 16.8047 average_last200: 129.4217 epis: 0.0471 loss: 23.1225 
episode: 304 count: 297 score: 205.2894 average_last200: 131.5823 epis: 0.0466 loss: 42.3127 
episode: 305 count: 236 score: 219.7777 average_last200: 132.6614 epis: 0.0462 loss: 40.9616 
episode: 306 count: 212 score: 20.8205 average_last200: 134.5880 epis: 0.0457 loss: 35.7827 
episode: 307 count: 310 score: 209.5686 average_last200: 135.8191 epis: 0.0453 loss: 57.9316 
episode: 308 count: 425 score: 212.0337 average_last200: 136.7332 epis: 0.0448 loss: 64.3553 
episode: 309 count: 221 score: 240.4444 average_last200: 138.2033 epis: 0.0444 loss: 38.8001 
episode: 310 count: 248 score: 212.0264 average_last200: 139.6082 epis: 0.0439 loss: 35.3943 
episode: 311 count: 1000 score: 36.6419 average_last200: 139.9974 epis: 0.0435 loss: 161.1806 
episode: 312 count: 303 score: 242.7678 average_last200: 141.0917 epis: 0.0430 loss: 40.5990 
episode: 313 count: 689 score: 111.6543 average_last200: 142.5292 epis: 0.0426 loss: 103.0087 
episode: 314 count: 724 score: 150.5148 average_last200: 143.5029 epis: 0.0422 loss: 112.1947 
episode: 315 count: 527 score: 165.7006 average_last200: 143.2962 epis: 0.0418 loss: 81.5039 
episode: 316 count: 491 score: 179.3030 average_last200: 144.7706 epis: 0.0413 loss: 81.9189 
episode: 317 count: 398 score: 223.1649 average_last200: 146.1593 epis: 0.0409 loss: 56.9881 
episode: 318 count: 244 score: 193.2203 average_last200: 146.9525 epis: 0.0405 loss: 38.1368 
episode: 319 count: 308 score: 232.0888 average_last200: 148.6873 epis: 0.0401 loss: 47.6004 
episode: 320 count: 243 score: 208.7040 average_last200: 149.7792 epis: 0.0397 loss: 39.8620 
episode: 321 count: 1000 score: 133.3225 average_last200: 150.7317 epis: 0.0393 loss: 144.1160 
episode: 322 count: 289 score: 201.3929 average_last200: 152.2302 epis: 0.0389 loss: 41.5813 
episode: 323 count: 298 score: 143.5969 average_last200: 152.5617 epis: 0.0385 loss: 50.0807 
episode: 324 count: 741 score: 141.4901 average_last200: 152.7607 epis: 0.0381 loss: 123.7613 
episode: 325 count: 280 score: 237.7048 average_last200: 153.5007 epis: 0.0378 loss: 51.4364 
episode: 326 count: 278 score: 218.3867 average_last200: 154.8681 epis: 0.0374 loss: 44.6244 
episode: 327 count: 288 score: 211.8419 average_last200: 156.2546 epis: 0.0370 loss: 42.2366 
episode: 328 count: 208 score: 214.0105 average_last200: 157.5271 epis: 0.0366 loss: 35.3503 
episode: 329 count: 934 score: 220.7810 average_last200: 158.9213 epis: 0.0363 loss: 139.1137 
episode: 330 count: 673 score: 183.1285 average_last200: 160.0826 epis: 0.0359 loss: 99.7190 
episode: 331 count: 283 score: 183.0043 average_last200: 160.8238 epis: 0.0356 loss: 42.9533 
episode: 332 count: 220 score: 232.8136 average_last200: 161.2236 epis: 0.0352 loss: 32.0550 
episode: 333 count: 323 score: 212.6312 average_last200: 163.0532 epis: 0.0348 loss: 49.7802 
episode: 334 count: 278 score: 196.6335 average_last200: 164.2346 epis: 0.0345 loss: 39.8372 
episode: 335 count: 350 score: 198.2567 average_last200: 164.2633 epis: 0.0342 loss: 51.0007 
episode: 336 count: 343 score: 213.7274 average_last200: 165.6808 epis: 0.0338 loss: 49.8163 
episode: 337 count: 576 score: -188.4501 average_last200: 164.8046 epis: 0.0335 loss: 100.5487 
episode: 338 count: 218 score: 244.2506 average_last200: 165.8341 epis: 0.0331 loss: 30.1541 
episode: 339 count: 235 score: 225.1065 average_last200: 166.6868 epis: 0.0328 loss: 39.6707 
episode: 340 count: 705 score: 156.0615 average_last200: 167.5763 epis: 0.0325 loss: 106.3170 
episode: 341 count: 249 score: -97.6137 average_last200: 167.3426 epis: 0.0322 loss: 40.1437 
episode: 342 count: 306 score: 229.7743 average_last200: 168.9278 epis: 0.0318 loss: 51.9033 
episode: 343 count: 177 score: 219.3947 average_last200: 169.4041 epis: 0.0315 loss: 26.4843 
episode: 344 count: 281 score: 186.2416 average_last200: 170.5864 epis: 0.0312 loss: 39.9401 
episode: 345 count: 343 score: 194.1722 average_last200: 170.9152 epis: 0.0309 loss: 53.2662 
episode: 346 count: 652 score: 215.5898 average_last200: 171.7697 epis: 0.0306 loss: 108.0811 
episode: 347 count: 299 score: 207.2718 average_last200: 172.4785 epis: 0.0303 loss: 49.2697 
episode: 348 count: 636 score: 107.2254 average_last200: 173.1495 epis: 0.0300 loss: 103.0559 
episode: 349 count: 424 score: 235.8772 average_last200: 174.4985 epis: 0.0297 loss: 67.3838 
episode: 350 count: 562 score: 155.0940 average_last200: 175.4653 epis: 0.0294 loss: 82.5835 
episode: 351 count: 662 score: 144.4893 average_last200: 174.9793 epis: 0.0291 loss: 99.5920 
episode: 352 count: 196 score: 214.8419 average_last200: 175.8981 epis: 0.0288 loss: 34.7346 
episode: 353 count: 315 score: 219.5002 average_last200: 177.0216 epis: 0.0285 loss: 48.2952 
episode: 354 count: 306 score: 246.6379 average_last200: 178.7076 epis: 0.0282 loss: 52.4506 
episode: 355 count: 392 score: 217.9708 average_last200: 179.5943 epis: 0.0279 loss: 61.6699 
episode: 356 count: 296 score: 194.3156 average_last200: 180.1599 epis: 0.0277 loss: 48.8302 
episode: 357 count: 447 score: 176.2305 average_last200: 180.8347 epis: 0.0274 loss: 77.4020 
episode: 358 count: 376 score: 203.9381 average_last200: 182.1746 epis: 0.0271 loss: 62.5499 
episode: 359 count: 1000 score: 110.2403 average_last200: 182.8596 epis: 0.0268 loss: 163.1685 
episode: 360 count: 376 score: 213.8225 average_last200: 184.0740 epis: 0.0266 loss: 55.0271 
episode: 361 count: 273 score: 234.4832 average_last200: 184.9285 epis: 0.0263 loss: 40.7281 
episode: 362 count: 242 score: 234.8352 average_last200: 185.4017 epis: 0.0260 loss: 40.7738 
episode: 363 count: 286 score: 189.6114 average_last200: 186.0412 epis: 0.0258 loss: 48.0446 
episode: 364 count: 293 score: 215.3053 average_last200: 187.2077 epis: 0.0255 loss: 41.3253 
episode: 365 count: 348 score: 223.7026 average_last200: 188.3838 epis: 0.0253 loss: 54.3764 
episode: 366 count: 293 score: 186.0493 average_last200: 188.4346 epis: 0.0250 loss: 49.7212 
episode: 367 count: 258 score: 187.2876 average_last200: 188.4149 epis: 0.0248 loss: 44.2233 
episode: 368 count: 676 score: 164.9680 average_last200: 188.4096 epis: 0.0245 loss: 105.9185 
episode: 369 count: 315 score: 240.3763 average_last200: 189.4860 epis: 0.0243 loss: 53.0942 
episode: 370 count: 396 score: 183.6342 average_last200: 189.7020 epis: 0.0240 loss: 62.1281 
episode: 371 count: 328 score: 234.0557 average_last200: 189.8906 epis: 0.0238 loss: 51.3497 
episode: 372 count: 314 score: 202.0993 average_last200: 190.7389 epis: 0.0235 loss: 44.0341 
episode: 373 count: 229 score: 206.5030 average_last200: 191.3687 epis: 0.0233 loss: 30.6993 
episode: 374 count: 227 score: 185.2940 average_last200: 192.2840 epis: 0.0231 loss: 36.7218 
episode: 375 count: 275 score: 179.0688 average_last200: 192.4577 epis: 0.0228 loss: 44.9959 
episode: 376 count: 259 score: 235.2626 average_last200: 192.4581 epis: 0.0226 loss: 36.6019 
episode: 377 count: 435 score: 162.6956 average_last200: 192.0773 epis: 0.0224 loss: 71.9077 
episode: 378 count: 468 score: 206.0845 average_last200: 192.0875 epis: 0.0222 loss: 73.4110 
episode: 379 count: 381 score: 212.2092 average_last200: 192.6139 epis: 0.0219 loss: 59.3199 
episode: 380 count: 287 score: 239.3220 average_last200: 192.7976 epis: 0.0217 loss: 50.0706 
episode: 381 count: 345 score: 179.9908 average_last200: 194.3180 epis: 0.0215 loss: 55.5121 
episode: 382 count: 294 score: 203.6108 average_last200: 194.3302 epis: 0.0213 loss: 37.7044 
episode: 383 count: 317 score: 211.5871 average_last200: 194.3564 epis: 0.0211 loss: 45.5922 
episode: 384 count: 316 score: 199.9639 average_last200: 194.2523 epis: 0.0209 loss: 46.9051 
episode: 385 count: 332 score: 243.7241 average_last200: 194.4271 epis: 0.0207 loss: 46.6363 
episode: 386 count: 219 score: 266.3572 average_last200: 194.9154 epis: 0.0205 loss: 35.7898 
episode: 387 count: 330 score: 227.5704 average_last200: 195.1036 epis: 0.0203 loss: 50.6067 
episode: 388 count: 296 score: 195.7733 average_last200: 194.8109 epis: 0.0200 loss: 43.8942 
episode: 389 count: 345 score: 221.4325 average_last200: 194.8059 epis: 0.0198 loss: 56.9731 
episode: 390 count: 322 score: 214.0440 average_last200: 194.7394 epis: 0.0196 loss: 44.2179 
episode: 391 count: 377 score: 230.3181 average_last200: 194.7415 epis: 0.0195 loss: 50.6412 
episode: 392 count: 289 score: 232.6656 average_last200: 194.9251 epis: 0.0193 loss: 43.0079 
episode: 393 count: 318 score: 185.2948 average_last200: 194.6951 epis: 0.0191 loss: 44.1643 
episode: 394 count: 261 score: 217.0919 average_last200: 194.7908 epis: 0.0189 loss: 33.2837 
episode: 395 count: 261 score: 182.2088 average_last200: 194.6216 epis: 0.0187 loss: 47.0880 
episode: 396 count: 495 score: 197.4209 average_last200: 194.6602 epis: 0.0185 loss: 75.3757 
episode: 397 count: 320 score: 251.3300 average_last200: 194.7646 epis: 0.0183 loss: 44.6252 
episode: 398 count: 362 score: 204.9355 average_last200: 195.4916 epis: 0.0181 loss: 50.1509 
episode: 399 count: 355 score: 206.5232 average_last200: 195.2846 epis: 0.0180 loss: 58.5729 
episode: 400 count: 516 score: 164.6332 average_last200: 195.0554 epis: 0.0178 loss: 81.6946 
episode: 401 count: 282 score: 232.3482 average_last200: 195.0233 epis: 0.0176 loss: 44.0092 
episode: 402 count: 252 score: -19.9112 average_last200: 193.9777 epis: 0.0174 loss: 36.3383 
episode: 403 count: 321 score: 229.8398 average_last200: 194.0075 epis: 0.0172 loss: 56.7068 
episode: 404 count: 293 score: 201.1992 average_last200: 193.8647 epis: 0.0171 loss: 37.8677 
episode: 405 count: 632 score: 175.7023 average_last200: 193.5971 epis: 0.0169 loss: 93.7313 
episode: 406 count: 255 score: 212.5736 average_last200: 193.4265 epis: 0.0167 loss: 39.4945 
episode: 407 count: 305 score: 173.6190 average_last200: 193.2386 epis: 0.0166 loss: 35.7198 
episode: 408 count: 313 score: 203.5271 average_last200: 193.2484 epis: 0.0164 loss: 53.0504 
episode: 409 count: 540 score: 183.7119 average_last200: 193.2994 epis: 0.0162 loss: 86.5069 
episode: 410 count: 878 score: 131.2337 average_last200: 193.1437 epis: 0.0161 loss: 137.7407 
episode: 411 count: 341 score: 181.7448 average_last200: 192.8060 epis: 0.0159 loss: 48.2616 
episode: 412 count: 551 score: 169.3800 average_last200: 192.7622 epis: 0.0158 loss: 83.0623 
episode: 413 count: 351 score: 211.5717 average_last200: 192.7567 epis: 0.0156 loss: 61.7634 
episode: 414 count: 245 score: 240.4719 average_last200: 192.8018 epis: 0.0154 loss: 34.7889 
episode: 415 count: 628 score: 131.3836 average_last200: 192.3030 epis: 0.0153 loss: 107.1312 
episode: 416 count: 682 score: 125.9274 average_last200: 191.9889 epis: 0.0151 loss: 97.5066 
episode: 417 count: 369 score: 195.9214 average_last200: 192.0270 epis: 0.0150 loss: 57.3215 
episode: 418 count: 339 score: 212.3234 average_last200: 192.2828 epis: 0.0148 loss: 47.3932 
episode: 419 count: 281 score: 179.9102 average_last200: 192.3814 epis: 0.0147 loss: 34.3542 
episode: 420 count: 404 score: 210.5637 average_last200: 192.6067 epis: 0.0145 loss: 62.6001 
episode: 421 count: 409 score: 207.3505 average_last200: 192.8120 epis: 0.0144 loss: 50.5872 
episode: 422 count: 462 score: 175.8170 average_last200: 192.9981 epis: 0.0142 loss: 68.5988 
episode: 423 count: 325 score: 213.2974 average_last200: 192.9699 epis: 0.0141 loss: 46.6214 
episode: 424 count: 507 score: 195.4725 average_last200: 192.9876 epis: 0.0140 loss: 76.2702 
episode: 425 count: 374 score: 224.7508 average_last200: 193.0369 epis: 0.0138 loss: 53.5761 
episode: 426 count: 999 score: 119.3678 average_last200: 192.4140 epis: 0.0137 loss: 146.4323 
episode: 427 count: 348 score: 195.2435 average_last200: 192.3257 epis: 0.0135 loss: 40.5225 
episode: 428 count: 610 score: 221.6977 average_last200: 192.3074 epis: 0.0134 loss: 85.4913 
episode: 429 count: 183 score: -46.5395 average_last200: 190.9334 epis: 0.0133 loss: 28.1710 
episode: 430 count: 785 score: 110.6091 average_last200: 190.2184 epis: 0.0131 loss: 109.7289 
episode: 431 count: 771 score: 136.3354 average_last200: 189.7768 epis: 0.0130 loss: 131.8107 
episode: 432 count: 349 score: 245.0811 average_last200: 189.8931 epis: 0.0129 loss: 58.3185 
episode: 433 count: 385 score: 245.6972 average_last200: 190.1928 epis: 0.0128 loss: 54.6154 
episode: 434 count: 349 score: 238.9871 average_last200: 190.5760 epis: 0.0126 loss: 46.0564 
episode: 435 count: 344 score: 173.7963 average_last200: 190.4003 epis: 0.0125 loss: 55.9259 
episode: 436 count: 223 score: 240.2647 average_last200: 190.7726 epis: 0.0124 loss: 37.1381 
episode: 437 count: 597 score: 196.3819 average_last200: 190.5425 epis: 0.0123 loss: 94.7415 
episode: 438 count: 168 score: -21.1502 average_last200: 189.4271 epis: 0.0121 loss: 22.0717 
episode: 439 count: 260 score: 235.5214 average_last200: 189.6160 epis: 0.0120 loss: 38.3418 
episode: 440 count: 879 score: 142.3179 average_last200: 189.3021 epis: 0.0119 loss: 130.2549 
episode: 441 count: 196 score: 209.4008 average_last200: 189.1201 epis: 0.0118 loss: 27.9806 
episode: 442 count: 169 score: 8.3495 average_last200: 188.0534 epis: 0.0117 loss: 23.2005 
episode: 443 count: 925 score: 122.1217 average_last200: 187.4937 epis: 0.0115 loss: 137.0705 
episode: 444 count: 289 score: 209.1568 average_last200: 187.3870 epis: 0.0114 loss: 45.4398 
episode: 445 count: 787 score: 159.0119 average_last200: 186.9707 epis: 0.0113 loss: 113.6061 
episode: 446 count: 962 score: 116.7049 average_last200: 186.5596 epis: 0.0112 loss: 148.9914 
episode: 447 count: 607 score: 113.2562 average_last200: 186.0509 epis: 0.0111 loss: 93.1652 
episode: 448 count: 242 score: 227.4996 average_last200: 186.2449 epis: 0.0110 loss: 36.5641 
episode: 449 count: 614 score: 201.7499 average_last200: 186.1965 epis: 0.0109 loss: 74.7296 
episode: 450 count: 493 score: 164.2059 average_last200: 185.8773 epis: 0.0108 loss: 63.0344 
episode: 451 count: 608 score: 132.7787 average_last200: 185.3390 epis: 0.0106 loss: 71.1929 
episode: 452 count: 157 score: -4.5663 average_last200: 184.0840 epis: 0.0105 loss: 25.4063 
episode: 453 count: 268 score: 221.9114 average_last200: 184.0016 epis: 0.0104 loss: 45.6278 
episode: 454 count: 242 score: 231.6556 average_last200: 184.3809 epis: 0.0103 loss: 42.7071 
episode: 455 count: 300 score: 210.1139 average_last200: 184.1440 epis: 0.0102 loss: 41.4993 
episode: 456 count: 156 score: 28.7749 average_last200: 184.3292 epis: 0.0101 loss: 20.8128 
episode: 457 count: 211 score: -39.3344 average_last200: 183.1640 epis: 0.0100 loss: 30.2602 
episode: 458 count: 344 score: 232.0039 average_last200: 183.1774 epis: 0.0099 loss: 50.5159 
episode: 459 count: 166 score: -11.1893 average_last200: 182.0074 epis: 0.0098 loss: 21.1197 
episode: 460 count: 288 score: 202.1606 average_last200: 181.7528 epis: 0.0097 loss: 41.3202 
episode: 461 count: 103 score: -18.4361 average_last200: 180.8842 epis: 0.0096 loss: 16.4016 
episode: 462 count: 144 score: -24.3634 average_last200: 179.4594 epis: 0.0095 loss: 16.4515 
episode: 463 count: 293 score: 251.4789 average_last200: 179.8743 epis: 0.0094 loss: 39.1727 
episode: 464 count: 132 score: -58.0946 average_last200: 179.6929 epis: 0.0093 loss: 18.4672 
episode: 465 count: 158 score: -39.4479 average_last200: 178.2942 epis: 0.0092 loss: 20.5937 
episode: 466 count: 82 score: -51.3456 average_last200: 177.0434 epis: 0.0092 loss: 12.2078 
episode: 467 count: 212 score: -2.9260 average_last200: 176.4274 epis: 0.0091 loss: 37.4520 
episode: 468 count: 330 score: 205.2279 average_last200: 176.2109 epis: 0.0090 loss: 52.7814 
episode: 469 count: 206 score: 200.4516 average_last200: 176.2168 epis: 0.0089 loss: 28.9837 
episode: 470 count: 292 score: 252.3961 average_last200: 177.4972 epis: 0.0088 loss: 42.1908 
episode: 471 count: 308 score: 184.1555 average_last200: 177.5049 epis: 0.0087 loss: 48.0186 
episode: 472 count: 236 score: -17.3110 average_last200: 176.2003 epis: 0.0086 loss: 32.7863 
episode: 473 count: 128 score: 24.8168 average_last200: 175.0649 epis: 0.0085 loss: 20.0393 
episode: 474 count: 386 score: 236.0817 average_last200: 175.1878 epis: 0.0084 loss: 62.8937 
episode: 475 count: 153 score: -27.2686 average_last200: 173.8986 epis: 0.0084 loss: 19.9358 
episode: 476 count: 320 score: 242.0907 average_last200: 174.2121 epis: 0.0083 loss: 49.5883 
episode: 477 count: 304 score: 186.7691 average_last200: 174.2282 epis: 0.0082 loss: 43.2950 
episode: 478 count: 241 score: 216.2281 average_last200: 174.1721 epis: 0.0081 loss: 35.9303 
episode: 479 count: 274 score: 218.5522 average_last200: 174.1894 epis: 0.0080 loss: 37.6829 
episode: 480 count: 196 score: -36.1967 average_last200: 172.7778 epis: 0.0080 loss: 32.9324 
episode: 481 count: 288 score: 222.8487 average_last200: 172.9418 epis: 0.0079 loss: 39.0130 
episode: 482 count: 338 score: 210.1099 average_last200: 173.4165 epis: 0.0078 loss: 46.3415 
episode: 483 count: 596 score: 193.0811 average_last200: 173.1864 epis: 0.0077 loss: 83.2857 
episode: 484 count: 669 score: 170.1111 average_last200: 173.2041 epis: 0.0076 loss: 99.0900 
episode: 485 count: 468 score: 137.7797 average_last200: 173.3683 epis: 0.0076 loss: 72.3843 
episode: 486 count: 311 score: 205.9466 average_last200: 173.7269 epis: 0.0075 loss: 49.2977 
episode: 487 count: 152 score: 21.0518 average_last200: 172.9065 epis: 0.0074 loss: 20.9942 
episode: 488 count: 291 score: 219.9444 average_last200: 172.9066 epis: 0.0073 loss: 40.3581 
episode: 489 count: 283 score: 233.1280 average_last200: 172.9809 epis: 0.0073 loss: 41.2337 
episode: 490 count: 1000 score: 112.6203 average_last200: 172.3635 epis: 0.0072 loss: 142.2041 
episode: 491 count: 271 score: 201.7418 average_last200: 172.3451 epis: 0.0071 loss: 45.5564 
episode: 492 count: 480 score: 180.6315 average_last200: 172.1864 epis: 0.0070 loss: 72.3803 
episode: 493 count: 230 score: -15.7905 average_last200: 170.9323 epis: 0.0070 loss: 34.7280 
episode: 494 count: 447 score: 141.5973 average_last200: 170.4740 epis: 0.0069 loss: 67.0851 
episode: 495 count: 247 score: 203.5660 average_last200: 170.7013 epis: 0.0068 loss: 45.9229 
episode: 496 count: 416 score: 209.2941 average_last200: 170.5329 epis: 0.0068 loss: 60.4964 
episode: 497 count: 279 score: -48.0678 average_last200: 169.3167 epis: 0.0067 loss: 39.6122 
episode: 498 count: 307 score: 203.1662 average_last200: 169.3655 epis: 0.0066 loss: 41.1185 
episode: 499 count: 574 score: 177.8450 average_last200: 169.0663 epis: 0.0066 loss: 100.0873 
episode: 500 count: 379 score: 217.6146 average_last200: 169.8485 epis: 0.0065 loss: 46.0137 
episode: 501 count: 262 score: 249.7359 average_last200: 169.9157 epis: 0.0064 loss: 40.8098 
episode: 502 count: 379 score: 210.3963 average_last200: 169.9244 epis: 0.0064 loss: 63.1461 
episode: 503 count: 342 score: -57.6804 average_last200: 169.5519 epis: 0.0063 loss: 57.6897 
episode: 504 count: 225 score: 9.6525 average_last200: 168.5738 epis: 0.0062 loss: 37.6639 
episode: 505 count: 258 score: 261.6952 average_last200: 168.7833 epis: 0.0062 loss: 36.4271 
episode: 506 count: 287 score: 229.8326 average_last200: 169.8284 epis: 0.0061 loss: 36.3776 
episode: 507 count: 260 score: 211.0594 average_last200: 169.8359 epis: 0.0061 loss: 41.5808 
episode: 508 count: 226 score: 217.7495 average_last200: 169.8644 epis: 0.0060 loss: 34.6708 
episode: 509 count: 267 score: 217.8055 average_last200: 169.7512 epis: 0.0059 loss: 41.6017 
episode: 510 count: 234 score: 199.2884 average_last200: 169.6876 epis: 0.0059 loss: 34.3292 
episode: 511 count: 277 score: 186.3451 average_last200: 170.4361 epis: 0.0058 loss: 46.1189 
episode: 512 count: 232 score: 1.2005 average_last200: 169.2282 epis: 0.0058 loss: 33.9695 
episode: 513 count: 215 score: 203.0950 average_last200: 169.6854 epis: 0.0057 loss: 36.0198 
episode: 514 count: 367 score: 241.0540 average_last200: 170.1381 epis: 0.0057 loss: 48.3415 
episode: 515 count: 607 score: 199.0655 average_last200: 170.3050 epis: 0.0056 loss: 90.7775 
episode: 516 count: 292 score: 197.6941 average_last200: 170.3969 epis: 0.0055 loss: 45.8489 
episode: 517 count: 296 score: 160.2785 average_last200: 170.0825 epis: 0.0055 loss: 42.2507 
episode: 518 count: 823 score: 119.3234 average_last200: 169.7130 epis: 0.0054 loss: 141.1320 
episode: 519 count: 387 score: 212.4122 average_last200: 169.6146 epis: 0.0054 loss: 61.8813 
episode: 520 count: 913 score: 87.3130 average_last200: 169.0077 epis: 0.0053 loss: 147.3740 
episode: 521 count: 611 score: 175.1167 average_last200: 169.2166 epis: 0.0053 loss: 76.3992 
episode: 522 count: 577 score: 193.7207 average_last200: 169.1783 epis: 0.0052 loss: 75.6490 
episode: 523 count: 281 score: 247.6425 average_last200: 169.6985 epis: 0.0052 loss: 36.4894 
episode: 524 count: 363 score: 199.3513 average_last200: 169.9878 epis: 0.0051 loss: 49.4714 
episode: 525 count: 842 score: 148.5319 average_last200: 169.5419 epis: 0.0051 loss: 121.6918 
episode: 526 count: 364 score: 189.7743 average_last200: 169.3989 epis: 0.0050 loss: 51.2605 
episode: 527 count: 434 score: 198.5911 average_last200: 169.3326 epis: 0.0050 loss: 66.1756 
episode: 528 count: 1000 score: -66.1937 average_last200: 167.9316 epis: 0.0049 loss: 136.3480 
episode: 529 count: 425 score: 178.2080 average_last200: 167.7187 epis: 0.0049 loss: 57.6553 
episode: 530 count: 948 score: 105.2906 average_last200: 167.3295 epis: 0.0048 loss: 127.2747 
episode: 531 count: 293 score: 190.7387 average_last200: 167.3682 epis: 0.0048 loss: 36.6410 
episode: 532 count: 322 score: 182.5376 average_last200: 167.1168 epis: 0.0047 loss: 41.5726 
episode: 533 count: 435 score: 188.8380 average_last200: 166.9979 epis: 0.0047 loss: 53.3829 
episode: 534 count: 251 score: 192.3331 average_last200: 166.9764 epis: 0.0046 loss: 31.8707 
episode: 535 count: 829 score: 83.8918 average_last200: 166.4045 epis: 0.0046 loss: 127.4154 
episode: 536 count: 471 score: 183.5087 average_last200: 166.2534 epis: 0.0045 loss: 77.1800 
episode: 537 count: 501 score: 174.2236 average_last200: 168.0668 epis: 0.0045 loss: 57.1386 
episode: 538 count: 462 score: 126.0782 average_last200: 167.4760 epis: 0.0044 loss: 66.9922 
episode: 539 count: 318 score: 241.6422 average_last200: 167.5586 epis: 0.0044 loss: 39.1164 
episode: 540 count: 841 score: 77.5878 average_last200: 167.1663 epis: 0.0044 loss: 116.2752 
episode: 541 count: 722 score: 144.2610 average_last200: 168.3756 epis: 0.0043 loss: 103.2360 
episode: 542 count: 1000 score: -68.7938 average_last200: 166.8828 epis: 0.0043 loss: 127.0896 
episode: 543 count: 747 score: 153.2615 average_last200: 166.5521 epis: 0.0042 loss: 106.0445 
episode: 544 count: 608 score: 191.0031 average_last200: 166.5759 epis: 0.0042 loss: 88.0511 
episode: 545 count: 604 score: 141.4983 average_last200: 166.3126 epis: 0.0041 loss: 90.0975 
episode: 546 count: 877 score: 80.1478 average_last200: 165.6354 epis: 0.0041 loss: 114.5783 
episode: 547 count: 1000 score: -61.9540 average_last200: 164.2892 epis: 0.0041 loss: 138.6352 
episode: 548 count: 298 score: 187.8525 average_last200: 164.6924 epis: 0.0040 loss: 36.4919 
episode: 549 count: 1000 score: -54.3610 average_last200: 163.2412 epis: 0.0040 loss: 131.9846 
episode: 550 count: 883 score: 91.6888 average_last200: 162.9241 epis: 0.0039 loss: 126.4699 
episode: 551 count: 1000 score: -33.9547 average_last200: 162.0319 epis: 0.0039 loss: 139.0940 
episode: 552 count: 330 score: 221.8365 average_last200: 162.0669 epis: 0.0039 loss: 36.8784 
episode: 553 count: 335 score: 241.1681 average_last200: 162.1752 epis: 0.0038 loss: 34.6131 
episode: 554 count: 355 score: 224.1279 average_last200: 162.0627 epis: 0.0038 loss: 36.4961 
episode: 555 count: 410 score: 226.7580 average_last200: 162.1066 epis: 0.0037 loss: 50.3988 
episode: 556 count: 300 score: 238.0338 average_last200: 162.3252 epis: 0.0037 loss: 37.2110 
episode: 557 count: 598 score: 120.9534 average_last200: 162.0488 epis: 0.0037 loss: 78.9018 
episode: 558 count: 576 score: 177.9205 average_last200: 161.9187 epis: 0.0036 loss: 76.1491 
episode: 559 count: 279 score: 239.5383 average_last200: 162.5652 epis: 0.0036 loss: 34.7499 
episode: 560 count: 496 score: 170.6143 average_last200: 162.3492 epis: 0.0036 loss: 64.9325 
episode: 561 count: 1000 score: -61.1343 average_last200: 160.8711 epis: 0.0035 loss: 133.2573 
episode: 562 count: 432 score: 179.8432 average_last200: 160.5961 epis: 0.0035 loss: 49.3090 
episode: 563 count: 872 score: 126.4596 average_last200: 160.2804 epis: 0.0035 loss: 112.1532 
episode: 564 count: 609 score: 149.1495 average_last200: 159.9496 epis: 0.0034 loss: 63.9435 
episode: 565 count: 380 score: 188.2785 average_last200: 159.7725 epis: 0.0034 loss: 53.0711 
episode: 566 count: 1000 score: -47.3923 average_last200: 158.6053 epis: 0.0034 loss: 124.5985 
episode: 567 count: 959 score: 92.4099 average_last200: 158.1309 epis: 0.0033 loss: 115.0128 
episode: 568 count: 1000 score: 16.0369 average_last200: 157.3862 epis: 0.0033 loss: 137.8119 
episode: 569 count: 306 score: 217.7454 average_last200: 157.2731 epis: 0.0033 loss: 37.0061 
episode: 570 count: 370 score: 180.0510 average_last200: 157.2552 epis: 0.0032 loss: 49.0885 
episode: 571 count: 239 score: 250.7479 average_last200: 157.3386 epis: 0.0032 loss: 32.4022 
episode: 572 count: 523 score: 202.4751 average_last200: 157.3405 epis: 0.0032 loss: 64.0323 
episode: 573 count: 198 score: 197.0837 average_last200: 157.2934 epis: 0.0031 loss: 21.9263 
episode: 574 count: 407 score: 226.8688 average_last200: 157.5013 epis: 0.0031 loss: 47.2542 
episode: 575 count: 233 score: 250.4696 average_last200: 157.8583 epis: 0.0031 loss: 31.1792 
episode: 576 count: 262 score: 253.1933 average_last200: 157.9479 epis: 0.0030 loss: 28.5029 
episode: 577 count: 455 score: 180.8208 average_last200: 158.0386 epis: 0.0030 loss: 49.5791 
episode: 578 count: 187 score: 252.4591 average_last200: 158.2704 epis: 0.0030 loss: 22.8287 
episode: 579 count: 261 score: 259.9289 average_last200: 158.5090 epis: 0.0029 loss: 35.2057 
episode: 580 count: 232 score: 232.5650 average_last200: 158.4753 epis: 0.0029 loss: 31.6723 
episode: 581 count: 523 score: 153.5598 average_last200: 158.3431 epis: 0.0029 loss: 55.9539 
episode: 582 count: 594 score: 148.4669 average_last200: 158.0674 epis: 0.0029 loss: 67.0572 
episode: 583 count: 365 score: 224.0005 average_last200: 158.1294 epis: 0.0028 loss: 40.8804 
episode: 584 count: 541 score: 180.3054 average_last200: 158.0312 epis: 0.0028 loss: 63.2487 
episode: 585 count: 244 score: 203.5248 average_last200: 157.8302 epis: 0.0028 loss: 35.6300 
episode: 586 count: 411 score: 241.0773 average_last200: 157.7038 epis: 0.0027 loss: 45.1192 
episode: 587 count: 618 score: 144.9025 average_last200: 157.2904 epis: 0.0027 loss: 78.5681 
episode: 588 count: 542 score: 221.4555 average_last200: 157.4188 epis: 0.0027 loss: 67.2858 
episode: 589 count: 406 score: 226.4081 average_last200: 157.4437 epis: 0.0027 loss: 46.4301 
episode: 590 count: 246 score: 220.5298 average_last200: 157.4761 epis: 0.0026 loss: 25.0411 
episode: 591 count: 426 score: 184.4520 average_last200: 157.2468 epis: 0.0026 loss: 47.0045 
episode: 592 count: 613 score: 159.3408 average_last200: 156.8802 epis: 0.0026 loss: 73.5778 
episode: 593 count: 332 score: 229.9058 average_last200: 157.1032 epis: 0.0026 loss: 33.8963 
episode: 594 count: 653 score: 185.8313 average_last200: 156.9469 epis: 0.0025 loss: 67.9064 
episode: 595 count: 364 score: 197.0230 average_last200: 157.0210 epis: 0.0025 loss: 42.5764 
episode: 596 count: 334 score: 229.4560 average_last200: 157.1812 epis: 0.0025 loss: 37.3567 
episode: 597 count: 159 score: 206.9859 average_last200: 156.9595 epis: 0.0025 loss: 15.1266 
episode: 598 count: 348 score: 222.8365 average_last200: 157.0490 epis: 0.0024 loss: 37.5011 
episode: 599 count: 372 score: 238.5309 average_last200: 157.2090 epis: 0.0024 loss: 36.7217 
episode: 600 count: 398 score: 198.0568 average_last200: 157.3761 epis: 0.0024 loss: 43.1797 
episode: 601 count: 254 score: 223.8380 average_last200: 157.3336 epis: 0.0024 loss: 33.0007 
episode: 602 count: 660 score: 253.6446 average_last200: 158.7014 epis: 0.0023 loss: 74.2087 
episode: 603 count: 617 score: 136.3899 average_last200: 158.2341 epis: 0.0023 loss: 67.1336 
episode: 604 count: 329 score: 196.7300 average_last200: 158.2118 epis: 0.0023 loss: 35.5801 
episode: 605 count: 712 score: 138.6273 average_last200: 158.0264 epis: 0.0023 loss: 71.0972 
episode: 606 count: 157 score: 217.2400 average_last200: 158.0497 epis: 0.0022 loss: 19.4799 
episode: 607 count: 360 score: 202.1930 average_last200: 158.1926 epis: 0.0022 loss: 45.8554 
episode: 608 count: 327 score: 217.4980 average_last200: 158.2624 epis: 0.0022 loss: 26.4558 
episode: 609 count: 254 score: 202.2314 average_last200: 158.3550 epis: 0.0022 loss: 26.6182 
episode: 610 count: 309 score: 171.8814 average_last200: 158.5583 epis: 0.0022 loss: 31.0491 
episode: 611 count: 162 score: 201.4870 average_last200: 158.6570 epis: 0.0021 loss: 14.9820 
episode: 612 count: 259 score: 245.1501 average_last200: 159.0358 epis: 0.0021 loss: 22.7934 
episode: 613 count: 199 score: 211.4748 average_last200: 159.0354 epis: 0.0021 loss: 19.1795 
episode: 614 count: 288 score: 258.9969 average_last200: 159.1280 epis: 0.0021 loss: 26.5398 
episode: 615 count: 370 score: 214.4747 average_last200: 159.5434 epis: 0.0020 loss: 38.1596 
episode: 616 count: 296 score: 199.4771 average_last200: 159.9112 epis: 0.0020 loss: 32.4219 
episode: 617 count: 222 score: 238.1102 average_last200: 160.1221 epis: 0.0020 loss: 27.8944 
episode: 618 count: 413 score: 201.2779 average_last200: 160.0669 epis: 0.0020 loss: 41.3582 
episode: 619 count: 364 score: 207.1395 average_last200: 160.2030 epis: 0.0020 loss: 37.1354 
episode: 620 count: 300 score: 197.9575 average_last200: 160.1400 epis: 0.0019 loss: 27.0685 
episode: 621 count: 336 score: 182.2186 average_last200: 160.0144 epis: 0.0019 loss: 36.9771 
episode: 622 count: 275 score: 216.9785 average_last200: 160.2202 epis: 0.0019 loss: 29.2973 
episode: 623 count: 193 score: 228.4760 average_last200: 160.2961 epis: 0.0019 loss: 18.7299 
episode: 624 count: 289 score: 216.7342 average_last200: 160.4024 epis: 0.0019 loss: 30.7297 
episode: 625 count: 204 score: 197.1652 average_last200: 160.2644 epis: 0.0019 loss: 23.2635 
episode: 626 count: 359 score: 201.5947 average_last200: 160.6756 epis: 0.0018 loss: 39.1893 
episode: 627 count: 549 score: 201.0415 average_last200: 160.7046 epis: 0.0018 loss: 55.4693 
episode: 628 count: 431 score: 225.3616 average_last200: 160.7229 epis: 0.0018 loss: 50.5514 
episode: 629 count: 249 score: -260.0443 average_last200: 159.6554 epis: 0.0018 loss: 26.4927 
episode: 630 count: 410 score: 209.6357 average_last200: 160.1505 epis: 0.0018 loss: 47.0000 
episode: 631 count: 205 score: 244.5948 average_last200: 160.6918 epis: 0.0017 loss: 21.8781 
episode: 632 count: 120 score: -3.7716 average_last200: 159.4475 epis: 0.0017 loss: 11.3236 
episode: 633 count: 277 score: 214.1506 average_last200: 159.2898 epis: 0.0017 loss: 31.2697 
episode: 634 count: 323 score: 186.9391 average_last200: 159.0295 epis: 0.0017 loss: 36.1524 
episode: 635 count: 143 score: 243.3761 average_last200: 159.3774 epis: 0.0017 loss: 15.0529 
episode: 636 count: 365 score: 150.5906 average_last200: 158.9291 epis: 0.0017 loss: 43.6275 
episode: 637 count: 150 score: 26.5291 average_last200: 158.0798 epis: 0.0016 loss: 17.6307 
episode: 638 count: 287 score: 211.3714 average_last200: 159.2424 epis: 0.0016 loss: 29.5705 
episode: 639 count: 72 score: -57.9307 average_last200: 157.7752 epis: 0.0016 loss: 9.8619 
episode: 640 count: 273 score: 243.5737 average_last200: 158.2814 epis: 0.0016 loss: 32.2563 
episode: 641 count: 349 score: 210.2498 average_last200: 158.2857 epis: 0.0016 loss: 37.4093 
episode: 642 count: 284 score: 227.7799 average_last200: 159.3828 epis: 0.0016 loss: 36.0879 
episode: 643 count: 156 score: 197.0087 average_last200: 159.7573 epis: 0.0015 loss: 15.8362 
episode: 644 count: 95 score: -19.6835 average_last200: 158.6131 epis: 0.0015 loss: 9.7474 
episode: 645 count: 158 score: 236.2984 average_last200: 158.9995 epis: 0.0015 loss: 18.2653 
episode: 646 count: 243 score: 234.4249 average_last200: 159.5881 epis: 0.0015 loss: 29.9632 
episode: 647 count: 376 score: 197.6797 average_last200: 160.0102 epis: 0.0015 loss: 56.0227 
episode: 648 count: 320 score: 221.5040 average_last200: 159.9802 epis: 0.0015 loss: 37.2777 
episode: 649 count: 471 score: 230.9452 average_last200: 160.1262 epis: 0.0015 loss: 57.7040 
episode: 650 count: 309 score: 216.9882 average_last200: 160.3901 epis: 0.0014 loss: 35.2916 
episode: 651 count: 343 score: 236.5155 average_last200: 160.9088 epis: 0.0014 loss: 44.6442 
episode: 652 count: 252 score: 227.3626 average_last200: 162.0685 epis: 0.0014 loss: 32.5732 
episode: 653 count: 189 score: 252.6206 average_last200: 162.2220 epis: 0.0014 loss: 22.4507 
episode: 654 count: 498 score: 206.1312 average_last200: 162.0944 epis: 0.0014 loss: 68.8775 
episode: 655 count: 281 score: 209.7752 average_last200: 162.0927 epis: 0.0014 loss: 33.7766 
episode: 656 count: 237 score: 233.7099 average_last200: 163.1174 epis: 0.0014 loss: 27.9994 
episode: 657 count: 302 score: 207.7464 average_last200: 164.3528 epis: 0.0013 loss: 41.1934 
episode: 658 count: 232 score: 241.7557 average_last200: 164.4015 epis: 0.0013 loss: 24.4912 
episode: 659 count: 332 score: 205.7243 average_last200: 165.4861 epis: 0.0013 loss: 35.9604 
episode: 660 count: 225 score: 229.9040 average_last200: 165.6248 epis: 0.0013 loss: 33.3127 
episode: 661 count: 236 score: 226.4336 average_last200: 166.8492 epis: 0.0013 loss: 21.0374 
episode: 662 count: 146 score: 235.0045 average_last200: 168.1460 epis: 0.0013 loss: 17.4141 
episode: 663 count: 308 score: 249.6147 average_last200: 168.1367 epis: 0.0013 loss: 36.0970 
episode: 664 count: 210 score: 197.3976 average_last200: 169.4141 epis: 0.0013 loss: 23.2163 
episode: 665 count: 354 score: 192.4569 average_last200: 170.5737 epis: 0.0012 loss: 46.8414 
episode: 666 count: 169 score: 205.6245 average_last200: 171.8585 epis: 0.0012 loss: 19.0932 
episode: 667 count: 178 score: 221.1642 average_last200: 172.9790 epis: 0.0012 loss: 19.4930 
episode: 668 count: 176 score: 242.9932 average_last200: 173.1678 epis: 0.0012 loss: 26.0434 
episode: 669 count: 176 score: 244.9243 average_last200: 173.3902 epis: 0.0012 loss: 17.1949 
episode: 670 count: 186 score: 191.6802 average_last200: 173.0866 epis: 0.0012 loss: 27.2212 
episode: 671 count: 238 score: 254.8778 average_last200: 173.4402 epis: 0.0012 loss: 40.9192 
episode: 672 count: 327 score: 250.7223 average_last200: 174.7804 epis: 0.0012 loss: 40.8111 
episode: 673 count: 281 score: 209.2635 average_last200: 175.7026 epis: 0.0011 loss: 41.9604 
episode: 674 count: 377 score: 204.8893 average_last200: 175.5466 epis: 0.0011 loss: 47.8546 
episode: 675 count: 175 score: 202.0264 average_last200: 176.6931 epis: 0.0011 loss: 22.4687 
episode: 676 count: 216 score: 207.1096 average_last200: 176.5182 epis: 0.0011 loss: 32.1827 
episode: 677 count: 224 score: 236.5597 average_last200: 176.7671 epis: 0.0011 loss: 26.6986 
episode: 678 count: 152 score: 227.1151 average_last200: 176.8216 epis: 0.0011 loss: 20.2956 
episode: 679 count: 166 score: 9.8882 average_last200: 175.7783 epis: 0.0011 loss: 22.6840 
episode: 680 count: 349 score: 210.2553 average_last200: 177.0105 epis: 0.0011 loss: 46.8047 
episode: 681 count: 265 score: 219.1257 average_last200: 176.9919 epis: 0.0011 loss: 36.4298 
episode: 682 count: 224 score: 255.3675 average_last200: 177.2182 epis: 0.0010 loss: 33.8654 
episode: 683 count: 228 score: 251.6715 average_last200: 177.5111 epis: 0.0010 loss: 33.5833 
episode: 684 count: 251 score: 258.7479 average_last200: 177.9543 epis: 0.0010 loss: 33.2483 
episode: 685 count: 187 score: 229.2512 average_last200: 178.4117 epis: 0.0010 loss: 20.9409 
episode: 686 count: 223 score: 247.6429 average_last200: 178.6202 epis: 0.0010 loss: 33.4495 
episode: 687 count: 334 score: 215.4918 average_last200: 179.5924 epis: 0.0010 loss: 48.4498 
episode: 688 count: 168 score: -12.4282 average_last200: 178.4305 epis: 0.0010 loss: 22.6216 
episode: 689 count: 218 score: 246.9666 average_last200: 178.4997 epis: 0.0010 loss: 27.7740 
episode: 690 count: 262 score: 253.8721 average_last200: 179.2060 epis: 0.0010 loss: 30.0357 
episode: 691 count: 302 score: 209.4779 average_last200: 179.2446 epis: 0.0010 loss: 44.5242 
episode: 692 count: 428 score: 185.4147 average_last200: 179.2686 epis: 0.0009 loss: 66.7337 
episode: 693 count: 234 score: 250.2355 average_last200: 180.5987 epis: 0.0009 loss: 40.5633 
episode: 694 count: 285 score: 209.1415 average_last200: 180.9364 epis: 0.0009 loss: 41.8616 
episode: 695 count: 253 score: 195.3139 average_last200: 180.8951 epis: 0.0009 loss: 37.2286 
episode: 696 count: 195 score: 227.8850 average_last200: 180.9881 epis: 0.0009 loss: 33.1345 
episode: 697 count: 163 score: 183.7076 average_last200: 182.1470 epis: 0.0009 loss: 31.5251 
episode: 698 count: 319 score: 203.1388 average_last200: 182.1468 epis: 0.0009 loss: 52.3670 
episode: 699 count: 163 score: 0.7686 average_last200: 181.2615 epis: 0.0009 loss: 21.0833 
episode: 700 count: 304 score: 221.9243 average_last200: 181.2830 epis: 0.0009 loss: 45.7012 
episode: 701 count: 212 score: 222.6916 average_last200: 181.1478 epis: 0.0009 loss: 29.8524 
episode: 702 count: 281 score: 221.4033 average_last200: 181.2028 epis: 0.0009 loss: 40.7988 
episode: 703 count: 209 score: 212.6191 average_last200: 182.5543 epis: 0.0008 loss: 33.3767 
episode: 704 count: 108 score: -22.1493 average_last200: 182.3953 epis: 0.0008 loss: 12.2726 
episode: 705 count: 465 score: 210.8442 average_last200: 182.1411 epis: 0.0008 loss: 72.0195 
episode: 706 count: 213 score: 218.4115 average_last200: 182.0839 epis: 0.0008 loss: 36.5035 
episode: 707 count: 158 score: 30.5991 average_last200: 181.1816 epis: 0.0008 loss: 27.9219 
episode: 708 count: 159 score: 243.6155 average_last200: 181.3110 epis: 0.0008 loss: 22.1774 
episode: 709 count: 147 score: 2.0080 average_last200: 180.2320 epis: 0.0008 loss: 22.1863 
episode: 710 count: 241 score: 240.4189 average_last200: 180.4376 epis: 0.0008 loss: 38.4074 
episode: 711 count: 260 score: 225.5146 average_last200: 180.6335 epis: 0.0008 loss: 43.4487 
episode: 712 count: 445 score: 204.5554 average_last200: 181.6503 epis: 0.0008 loss: 60.9689 
episode: 713 count: 164 score: 216.3435 average_last200: 181.7165 epis: 0.0008 loss: 35.8568 
episode: 714 count: 423 score: 219.4326 average_last200: 181.6084 epis: 0.0008 loss: 58.2192 
episode: 715 count: 170 score: 202.6532 average_last200: 181.6263 epis: 0.0007 loss: 24.1250 
episode: 716 count: 226 score: 220.5004 average_last200: 181.7404 epis: 0.0007 loss: 34.2255 
episode: 717 count: 166 score: 219.7585 average_last200: 182.0378 epis: 0.0007 loss: 29.0619 
episode: 718 count: 262 score: 230.6495 average_last200: 182.5944 epis: 0.0007 loss: 40.9406 
episode: 719 count: 253 score: 213.9860 average_last200: 182.6023 epis: 0.0007 loss: 43.6250 
episode: 720 count: 183 score: -4.3508 average_last200: 182.1439 epis: 0.0007 loss: 32.0355 
episode: 721 count: 182 score: 208.5963 average_last200: 182.3113 epis: 0.0007 loss: 34.4114 
episode: 722 count: 129 score: 5.9607 average_last200: 181.3725 epis: 0.0007 loss: 17.5019 
episode: 723 count: 377 score: 228.7842 average_last200: 181.2783 epis: 0.0007 loss: 58.4769 
episode: 724 count: 178 score: 205.6541 average_last200: 181.3098 epis: 0.0007 loss: 27.6391 
episode: 725 count: 216 score: 218.7529 average_last200: 181.6609 epis: 0.0007 loss: 32.5201 
episode: 726 count: 339 score: 226.2213 average_last200: 181.8431 epis: 0.0007 loss: 52.5679 
episode: 727 count: 182 score: 199.5337 average_last200: 181.8478 epis: 0.0007 loss: 26.6074 
episode: 728 count: 213 score: 222.0451 average_last200: 183.2890 epis: 0.0007 loss: 37.8602 
episode: 729 count: 170 score: 207.0988 average_last200: 183.4335 epis: 0.0007 loss: 29.4922 
episode: 730 count: 131 score: -88.7581 average_last200: 182.4632 epis: 0.0006 loss: 22.1675 
episode: 731 count: 190 score: 230.7121 average_last200: 182.6631 epis: 0.0006 loss: 26.1465 
episode: 732 count: 184 score: 208.6176 average_last200: 182.7935 epis: 0.0006 loss: 33.8205 
episode: 733 count: 213 score: 218.9996 average_last200: 182.9443 epis: 0.0006 loss: 41.8963 
episode: 734 count: 248 score: 223.5277 average_last200: 183.1003 epis: 0.0006 loss: 38.0506 
episode: 735 count: 162 score: 195.0197 average_last200: 183.6559 epis: 0.0006 loss: 25.8752 
episode: 736 count: 211 score: 236.4428 average_last200: 183.9206 epis: 0.0006 loss: 31.5829 
episode: 737 count: 220 score: 218.6836 average_last200: 184.1429 epis: 0.0006 loss: 34.9053 
episode: 738 count: 308 score: 236.9078 average_last200: 184.6970 epis: 0.0006 loss: 51.4234 
episode: 739 count: 235 score: 227.4563 average_last200: 184.6261 epis: 0.0006 loss: 39.0406 
episode: 740 count: 226 score: 255.8006 average_last200: 185.5172 epis: 0.0006 loss: 37.0726 
episode: 741 count: 274 score: 0.1200 average_last200: 184.7965 epis: 0.0006 loss: 50.3230 
episode: 742 count: 394 score: 229.8458 average_last200: 186.2897 epis: 0.0006 loss: 59.5454 
episode: 743 count: 175 score: 12.9906 average_last200: 185.5883 epis: 0.0006 loss: 25.2340 
episode: 744 count: 859 score: 232.5841 average_last200: 185.7962 epis: 0.0006 loss: 163.4291 
episode: 745 count: 73 score: -61.0770 average_last200: 184.7833 epis: 0.0006 loss: 16.2790 
episode: 746 count: 277 score: 232.1542 average_last200: 185.5434 epis: 0.0005 loss: 51.1543 
episode: 747 count: 166 score: 207.1567 average_last200: 186.8889 epis: 0.0005 loss: 24.2071 
episode: 748 count: 230 score: 191.3862 average_last200: 186.9066 epis: 0.0005 loss: 38.7575 
episode: 749 count: 364 score: 216.7362 average_last200: 188.2621 epis: 0.0005 loss: 56.0318 
episode: 750 count: 198 score: 199.5554 average_last200: 188.8014 epis: 0.0005 loss: 30.0376 
episode: 751 count: 221 score: 226.3854 average_last200: 190.1031 epis: 0.0005 loss: 41.3759 
episode: 752 count: 165 score: -14.4012 average_last200: 188.9219 epis: 0.0005 loss: 26.8449 
episode: 753 count: 385 score: 229.9304 average_last200: 188.8657 epis: 0.0005 loss: 59.7520 
episode: 754 count: 170 score: 212.7803 average_last200: 188.8090 epis: 0.0005 loss: 34.6205 
episode: 755 count: 309 score: 243.6361 average_last200: 188.8934 epis: 0.0005 loss: 53.3677 
episode: 756 count: 192 score: 217.8373 average_last200: 188.7924 epis: 0.0005 loss: 31.6280 
episode: 757 count: 565 score: 203.7972 average_last200: 189.2066 epis: 0.0005 loss: 92.4501 
episode: 758 count: 305 score: 212.4773 average_last200: 189.3794 epis: 0.0005 loss: 45.7390 
episode: 759 count: 171 score: 204.7197 average_last200: 189.2053 epis: 0.0005 loss: 31.0126 
episode: 760 count: 854 score: 148.0189 average_last200: 189.0923 epis: 0.0005 loss: 152.3667 
episode: 761 count: 455 score: 213.8136 average_last200: 190.4671 epis: 0.0005 loss: 84.8612 
episode: 762 count: 216 score: 207.8880 average_last200: 190.6073 epis: 0.0005 loss: 40.1271 
episode: 763 count: 161 score: 4.7433 average_last200: 189.9987 epis: 0.0005 loss: 32.4527 
episode: 764 count: 130 score: -31.1703 average_last200: 189.0971 epis: 0.0005 loss: 17.3407 
episode: 765 count: 313 score: -7.8490 average_last200: 188.1165 epis: 0.0005 loss: 54.6548 
episode: 766 count: 166 score: 2.6311 average_last200: 188.3666 epis: 0.0004 loss: 29.0115 
episode: 767 count: 156 score: -2.0893 average_last200: 187.8941 epis: 0.0004 loss: 31.8727 
episode: 768 count: 247 score: 209.6359 average_last200: 188.8621 epis: 0.0004 loss: 43.3890 
episode: 769 count: 244 score: 224.7783 average_last200: 188.8973 epis: 0.0004 loss: 42.4378 
episode: 770 count: 570 score: 214.5485 average_last200: 189.0697 epis: 0.0004 loss: 96.4090 
episode: 771 count: 247 score: 214.4529 average_last200: 188.8883 epis: 0.0004 loss: 46.4951 
episode: 772 count: 217 score: 225.4990 average_last200: 189.0034 epis: 0.0004 loss: 40.8069 
episode: 773 count: 217 score: 245.0637 average_last200: 189.2433 epis: 0.0004 loss: 42.8499 
episode: 774 count: 189 score: 236.9715 average_last200: 189.2938 epis: 0.0004 loss: 37.1495 
episode: 775 count: 241 score: 230.4850 average_last200: 189.1939 epis: 0.0004 loss: 36.6391 
episode: 776 count: 222 score: 1.3023 average_last200: 187.9344 epis: 0.0004 loss: 42.6005 
episode: 777 count: 188 score: 216.7514 average_last200: 188.1141 epis: 0.0004 loss: 35.2472 
episode: 778 count: 266 score: 241.2723 average_last200: 188.0581 epis: 0.0004 loss: 55.7307 
episode: 779 count: 228 score: -8.4791 average_last200: 186.7161 epis: 0.0004 loss: 36.9076 
episode: 780 count: 252 score: 209.2976 average_last200: 186.5998 epis: 0.0004 loss: 45.0014 
episode: 781 count: 163 score: -3.9152 average_last200: 185.8124 epis: 0.0004 loss: 33.0624 
episode: 782 count: 174 score: -10.7570 average_last200: 185.0163 epis: 0.0004 loss: 28.3220 
episode: 783 count: 186 score: 201.4700 average_last200: 184.9036 epis: 0.0004 loss: 30.3791 
episode: 784 count: 193 score: 28.3379 average_last200: 184.1438 epis: 0.0004 loss: 36.6153 
episode: 785 count: 156 score: -39.7439 average_last200: 182.9274 epis: 0.0004 loss: 28.6774 
episode: 786 count: 252 score: 250.5108 average_last200: 182.9746 epis: 0.0004 loss: 40.7995 
episode: 787 count: 151 score: 5.7098 average_last200: 182.2786 epis: 0.0004 loss: 27.2493 
episode: 788 count: 175 score: 7.4840 average_last200: 181.2088 epis: 0.0004 loss: 33.4477 
episode: 789 count: 246 score: 243.8550 average_last200: 181.2960 epis: 0.0004 loss: 37.5127 
episode: 790 count: 199 score: 220.3937 average_last200: 181.2953 epis: 0.0004 loss: 29.5129 
episode: 791 count: 196 score: 15.1024 average_last200: 180.4486 epis: 0.0003 loss: 35.6406 
episode: 792 count: 142 score: 8.0827 average_last200: 179.6923 epis: 0.0003 loss: 29.9402 
episode: 793 count: 135 score: -7.3387 average_last200: 178.5061 epis: 0.0003 loss: 23.6997 
episode: 794 count: 178 score: 9.6271 average_last200: 177.6251 epis: 0.0003 loss: 35.6302 
episode: 795 count: 105 score: -21.1063 average_last200: 176.5344 epis: 0.0003 loss: 18.0097 
episode: 796 count: 232 score: 209.4968 average_last200: 176.4346 epis: 0.0003 loss: 44.5205 
episode: 797 count: 253 score: 233.0731 average_last200: 176.5651 epis: 0.0003 loss: 47.4085 
episode: 798 count: 257 score: 249.3487 average_last200: 176.6976 epis: 0.0003 loss: 45.9653 
episode: 799 count: 221 score: 248.3879 average_last200: 176.7469 epis: 0.0003 loss: 44.5876 
episode: 800 count: 202 score: 242.0850 average_last200: 176.9670 epis: 0.0003 loss: 34.0141 
episode: 801 count: 132 score: -6.3002 average_last200: 175.8163 epis: 0.0003 loss: 23.9968 
episode: 802 count: 124 score: 14.7276 average_last200: 174.6218 epis: 0.0003 loss: 20.1019 
episode: 803 count: 169 score: 238.7699 average_last200: 175.1337 epis: 0.0003 loss: 32.0874 
episode: 804 count: 223 score: 236.5150 average_last200: 175.3326 epis: 0.0003 loss: 33.8176 
episode: 805 count: 170 score: -11.4728 average_last200: 174.5821 epis: 0.0003 loss: 36.9847 
episode: 806 count: 141 score: 11.7878 average_last200: 173.5548 epis: 0.0003 loss: 21.9421 
episode: 807 count: 194 score: 8.3445 average_last200: 172.5856 epis: 0.0003 loss: 32.5969 
episode: 808 count: 266 score: 235.3228 average_last200: 172.6747 epis: 0.0003 loss: 48.8890 
episode: 809 count: 175 score: -6.8784 average_last200: 171.6292 epis: 0.0003 loss: 37.5247 
episode: 810 count: 302 score: 242.8154 average_last200: 171.9838 epis: 0.0003 loss: 53.7103 
episode: 811 count: 234 score: 244.2614 average_last200: 172.1977 epis: 0.0003 loss: 47.0245 
episode: 812 count: 233 score: 219.0237 average_last200: 172.0671 epis: 0.0003 loss: 50.5290 
episode: 813 count: 1000 score: 105.0346 average_last200: 171.5349 epis: 0.0003 loss: 193.9638 
episode: 814 count: 221 score: 220.6832 average_last200: 171.3433 epis: 0.0003 loss: 45.8028 
episode: 815 count: 192 score: 224.9919 average_last200: 171.3959 epis: 0.0003 loss: 36.7182 
episode: 816 count: 255 score: 229.4415 average_last200: 171.5457 epis: 0.0003 loss: 49.5594 
episode: 817 count: 176 score: 242.3834 average_last200: 171.5671 epis: 0.0003 loss: 33.4398 
episode: 818 count: 230 score: 225.4366 average_last200: 171.6879 epis: 0.0003 loss: 38.7419 
episode: 819 count: 255 score: 218.3722 average_last200: 171.7440 epis: 0.0003 loss: 46.1438 
episode: 820 count: 234 score: 261.0171 average_last200: 172.0593 epis: 0.0003 loss: 42.0928 
episode: 821 count: 169 score: 23.6790 average_last200: 171.2666 epis: 0.0003 loss: 28.6903 
episode: 822 count: 156 score: -2.2783 average_last200: 170.1703 epis: 0.0003 loss: 24.4636 
episode: 823 count: 236 score: 261.4811 average_last200: 170.3354 epis: 0.0003 loss: 46.0987 
episode: 824 count: 119 score: 2.8518 average_last200: 169.2660 epis: 0.0003 loss: 23.6823 
episode: 825 count: 159 score: -7.1221 average_last200: 168.2445 epis: 0.0002 loss: 31.9257 
episode: 826 count: 219 score: 211.7316 average_last200: 168.2952 epis: 0.0002 loss: 42.1552 
episode: 827 count: 237 score: 240.8797 average_last200: 168.4944 epis: 0.0002 loss: 47.6797 
episode: 828 count: 215 score: 232.2055 average_last200: 168.5286 epis: 0.0002 loss: 40.1804 
episode: 829 count: 206 score: 227.8167 average_last200: 170.9679 epis: 0.0002 loss: 34.9727 
episode: 830 count: 181 score: 10.6753 average_last200: 169.9731 epis: 0.0002 loss: 30.4335 
episode: 831 count: 228 score: 212.2793 average_last200: 169.8115 epis: 0.0002 loss: 38.8441 
episode: 832 count: 140 score: 22.3428 average_last200: 169.9421 epis: 0.0002 loss: 22.8212 
episode: 833 count: 270 score: 213.6846 average_last200: 169.9398 epis: 0.0002 loss: 55.8905 
episode: 834 count: 910 score: 124.1871 average_last200: 169.6260 epis: 0.0002 loss: 181.2247 
episode: 835 count: 283 score: 266.0770 average_last200: 169.7395 epis: 0.0002 loss: 61.8259 
episode: 836 count: 213 score: 231.7851 average_last200: 170.1455 epis: 0.0002 loss: 50.5769 
episode: 837 count: 665 score: 219.3800 average_last200: 171.1098 epis: 0.0002 loss: 134.7401 
episode: 838 count: 305 score: 254.3222 average_last200: 171.3245 epis: 0.0002 loss: 59.8684 
episode: 839 count: 201 score: 228.1961 average_last200: 172.7551 epis: 0.0002 loss: 45.3254 
episode: 840 count: 157 score: 21.3320 average_last200: 171.6439 epis: 0.0002 loss: 29.7655 
episode: 841 count: 166 score: 26.4912 average_last200: 170.7251 epis: 0.0002 loss: 31.0383 
episode: 842 count: 401 score: 233.2998 average_last200: 170.7527 epis: 0.0002 loss: 84.1872 
episode: 843 count: 117 score: -76.2178 average_last200: 169.3866 epis: 0.0002 loss: 20.0845 
episode: 844 count: 257 score: 212.0604 average_last200: 170.5453 epis: 0.0002 loss: 58.9517 
episode: 845 count: 526 score: 204.2361 average_last200: 170.3850 epis: 0.0002 loss: 94.1488 
episode: 846 count: 297 score: 228.1484 average_last200: 170.3536 epis: 0.0002 loss: 49.9950 
episode: 847 count: 295 score: 254.7356 average_last200: 170.6389 epis: 0.0002 loss: 61.0439 
episode: 848 count: 208 score: -186.8615 average_last200: 168.5971 epis: 0.0002 loss: 38.9522 
episode: 849 count: 178 score: 237.7097 average_last200: 168.6309 epis: 0.0002 loss: 34.1391 
episode: 850 count: 204 score: 223.4955 average_last200: 168.6634 epis: 0.0002 loss: 40.1976 
episode: 851 count: 272 score: 201.5892 average_last200: 168.4888 epis: 0.0002 loss: 44.0786 
episode: 852 count: 270 score: 223.2299 average_last200: 168.4682 epis: 0.0002 loss: 49.0972 
episode: 853 count: 172 score: 43.4493 average_last200: 167.4223 epis: 0.0002 loss: 34.3366 
episode: 854 count: 404 score: 195.1580 average_last200: 167.3674 epis: 0.0002 loss: 89.2494 
episode: 855 count: 282 score: 211.4871 average_last200: 167.3760 epis: 0.0002 loss: 55.7105 
episode: 856 count: 279 score: 236.5095 average_last200: 167.3900 epis: 0.0002 loss: 58.8134 
episode: 857 count: 151 score: -10.1113 average_last200: 166.3007 epis: 0.0002 loss: 34.4101 
episode: 858 count: 345 score: 260.3015 average_last200: 166.3934 epis: 0.0002 loss: 70.9524 
episode: 859 count: 175 score: 30.2842 average_last200: 165.5162 epis: 0.0002 loss: 34.5936 
episode: 860 count: 1000 score: 99.1649 average_last200: 164.8625 epis: 0.0002 loss: 175.2710 
episode: 861 count: 702 score: 192.4126 average_last200: 164.6924 epis: 0.0002 loss: 118.6002 
episode: 862 count: 200 score: 233.5744 average_last200: 164.6853 epis: 0.0002 loss: 36.6527 
episode: 863 count: 294 score: 181.4084 average_last200: 164.3442 epis: 0.0002 loss: 52.8231 
episode: 864 count: 229 score: 206.7657 average_last200: 164.3911 epis: 0.0002 loss: 39.3552 
episode: 865 count: 289 score: 196.0741 average_last200: 164.4092 epis: 0.0002 loss: 52.1642 
episode: 866 count: 266 score: 230.9147 average_last200: 164.5356 epis: 0.0002 loss: 48.1647 
episode: 867 count: 306 score: 194.6961 average_last200: 164.4033 epis: 0.0002 loss: 58.9404 
episode: 868 count: 273 score: 220.9923 average_last200: 164.2933 epis: 0.0002 loss: 55.7669 
episode: 869 count: 412 score: 186.7156 average_last200: 164.0022 epis: 0.0002 loss: 73.7680 
episode: 870 count: 265 score: 208.0902 average_last200: 164.0843 epis: 0.0002 loss: 47.9309 
episode: 871 count: 269 score: 232.1797 average_last200: 163.9708 epis: 0.0002 loss: 51.5066 
episode: 872 count: 528 score: 164.6211 average_last200: 163.5403 epis: 0.0002 loss: 97.9392 
episode: 873 count: 562 score: 213.6582 average_last200: 163.5623 epis: 0.0002 loss: 101.4384 
episode: 874 count: 495 score: 176.1751 average_last200: 163.4187 epis: 0.0002 loss: 95.9585 
episode: 875 count: 313 score: 180.4462 average_last200: 163.3108 epis: 0.0002 loss: 54.6241 
episode: 876 count: 254 score: 172.1857 average_last200: 163.1362 epis: 0.0001 loss: 46.5191 
episode: 877 count: 290 score: 194.2904 average_last200: 162.9248 epis: 0.0001 loss: 53.5272 
episode: 878 count: 239 score: 223.3301 average_last200: 162.9059 epis: 0.0001 loss: 41.6811 
episode: 879 count: 262 score: 246.2704 average_last200: 164.0878 epis: 0.0001 loss: 48.2435 
episode: 880 count: 324 score: 195.9907 average_last200: 164.0165 epis: 0.0001 loss: 55.4450 
episode: 881 count: 400 score: 179.1999 average_last200: 163.8169 epis: 0.0001 loss: 80.3472 
episode: 882 count: 277 score: 245.1910 average_last200: 163.7660 epis: 0.0001 loss: 52.0852 
episode: 883 count: 447 score: 160.9065 average_last200: 163.3122 epis: 0.0001 loss: 77.9383 
episode: 884 count: 298 score: 232.7951 average_last200: 163.1824 epis: 0.0001 loss: 45.6094 
episode: 885 count: 226 score: 211.7754 average_last200: 163.0950 epis: 0.0001 loss: 44.2403 
episode: 886 count: 495 score: 151.6869 average_last200: 162.6152 epis: 0.0001 loss: 91.2731 
episode: 887 count: 260 score: 165.8386 average_last200: 162.3670 epis: 0.0001 loss: 44.9917 
episode: 888 count: 108 score: -191.6711 average_last200: 161.4707 epis: 0.0001 loss: 16.9172 
episode: 889 count: 260 score: 225.8206 average_last200: 161.3650 epis: 0.0001 loss: 42.1780 
episode: 890 count: 559 score: 178.4190 average_last200: 160.9878 epis: 0.0001 loss: 107.7103 
episode: 891 count: 509 score: 211.5698 average_last200: 160.9982 epis: 0.0001 loss: 91.1203 
episode: 892 count: 475 score: 140.2303 average_last200: 160.7723 epis: 0.0001 loss: 81.3894 
episode: 893 count: 344 score: 207.3908 average_last200: 160.5581 epis: 0.0001 loss: 56.7696 
episode: 894 count: 226 score: 199.0587 average_last200: 160.5077 epis: 0.0001 loss: 27.0193 
episode: 895 count: 164 score: -4.3486 average_last200: 159.5093 epis: 0.0001 loss: 29.0667 
episode: 896 count: 607 score: 154.3744 average_last200: 159.1418 epis: 0.0001 loss: 99.3913 
episode: 897 count: 200 score: -42.0850 average_last200: 158.0128 epis: 0.0001 loss: 32.5519 
episode: 898 count: 307 score: 226.3010 average_last200: 158.1286 epis: 0.0001 loss: 53.8497 
episode: 899 count: 543 score: 180.8554 average_last200: 159.0291 epis: 0.0001 loss: 88.8882 
episode: 900 count: 365 score: 203.4305 average_last200: 158.9366 epis: 0.0001 loss: 65.3872 
episode: 901 count: 200 score: 169.8355 average_last200: 158.6723 epis: 0.0001 loss: 33.6642 
episode: 902 count: 235 score: 225.6196 average_last200: 158.6934 epis: 0.0001 loss: 37.8349 
episode: 903 count: 164 score: 183.8880 average_last200: 158.5497 epis: 0.0001 loss: 24.4720 
episode: 904 count: 191 score: 203.2532 average_last200: 159.6768 epis: 0.0001 loss: 46.3499 
episode: 905 count: 414 score: 229.0732 average_last200: 159.7679 epis: 0.0001 loss: 75.5049 
episode: 906 count: 239 score: 220.8082 average_last200: 159.7799 epis: 0.0001 loss: 42.7211 
episode: 907 count: 104 score: -12.3497 average_last200: 159.5651 epis: 0.0001 loss: 14.3121 
episode: 908 count: 127 score: -57.7873 average_last200: 158.0581 epis: 0.0001 loss: 20.4277 
episode: 909 count: 95 score: -42.6231 average_last200: 157.8350 epis: 0.0001 loss: 13.6082 
episode: 910 count: 217 score: 224.3886 average_last200: 157.7548 epis: 0.0001 loss: 36.3126 
episode: 911 count: 140 score: 7.9241 average_last200: 156.6669 epis: 0.0001 loss: 28.3922 
episode: 912 count: 172 score: 240.2270 average_last200: 156.8452 epis: 0.0001 loss: 37.2842 
episode: 913 count: 246 score: 185.1790 average_last200: 156.6894 epis: 0.0001 loss: 40.6587 
episode: 914 count: 881 score: 202.8383 average_last200: 156.6064 epis: 0.0001 loss: 151.6652 
episode: 915 count: 291 score: 177.0553 average_last200: 156.4784 epis: 0.0001 loss: 50.0405 
episode: 916 count: 231 score: 240.8240 average_last200: 156.5801 epis: 0.0001 loss: 27.8741 
episode: 917 count: 127 score: -235.2816 average_last200: 154.3049 epis: 0.0001 loss: 19.0519 
episode: 918 count: 269 score: 222.3632 average_last200: 154.2634 epis: 0.0001 loss: 44.6580 
episode: 919 count: 681 score: 218.9364 average_last200: 154.2882 epis: 0.0001 loss: 122.7897 
episode: 920 count: 268 score: 223.5682 average_last200: 155.4278 epis: 0.0001 loss: 48.7516 
episode: 921 count: 219 score: 220.8388 average_last200: 155.4890 epis: 0.0001 loss: 39.1736 
episode: 922 count: 239 score: 187.2977 average_last200: 156.3957 epis: 0.0001 loss: 37.0017 
episode: 923 count: 249 score: 235.4392 average_last200: 156.4289 epis: 0.0001 loss: 39.1677 
episode: 924 count: 159 score: -31.4509 average_last200: 155.2434 epis: 0.0001 loss: 27.8488 
episode: 925 count: 211 score: 237.8449 average_last200: 155.3389 epis: 0.0001 loss: 33.6630 
episode: 926 count: 251 score: 241.0666 average_last200: 155.4131 epis: 0.0001 loss: 41.1762 
episode: 927 count: 258 score: 251.2292 average_last200: 155.6716 epis: 0.0001 loss: 34.5617 
episode: 928 count: 279 score: 228.9820 average_last200: 155.7063 epis: 0.0001 loss: 36.6789 
episode: 929 count: 150 score: 203.8356 average_last200: 155.6900 epis: 0.0001 loss: 29.2634 
episode: 930 count: 295 score: 219.4902 average_last200: 157.2312 epis: 0.0001 loss: 49.9312 
episode: 931 count: 201 score: 56.4478 average_last200: 156.3599 epis: 0.0001 loss: 35.0827 
episode: 932 count: 597 score: 228.1271 average_last200: 156.4574 epis: 0.0001 loss: 102.5869 
episode: 933 count: 154 score: 6.6604 average_last200: 155.3957 epis: 0.0001 loss: 26.6107 
episode: 934 count: 536 score: 198.8738 average_last200: 155.2725 epis: 0.0001 loss: 96.9086 
episode: 935 count: 329 score: 212.1281 average_last200: 155.3580 epis: 0.0001 loss: 72.9640 
episode: 936 count: 228 score: 206.5858 average_last200: 155.2087 epis: 0.0001 loss: 35.2391 
episode: 937 count: 369 score: 199.1373 average_last200: 155.1110 epis: 0.0001 loss: 67.5893 
episode: 938 count: 266 score: 234.1588 average_last200: 155.0972 epis: 0.0001 loss: 43.7995 
episode: 939 count: 254 score: 238.8651 average_last200: 155.1543 epis: 0.0001 loss: 46.2196 
episode: 940 count: 164 score: 16.8346 average_last200: 153.9595 epis: 0.0001 loss: 24.4361 
episode: 941 count: 315 score: 218.3055 average_last200: 155.0504 epis: 0.0001 loss: 58.4526 
episode: 942 count: 150 score: -4.7420 average_last200: 153.8774 epis: 0.0001 loss: 23.2576 
episode: 943 count: 177 score: 239.8493 average_last200: 155.0117 epis: 0.0001 loss: 28.0661 
episode: 944 count: 281 score: 229.4124 average_last200: 154.9959 epis: 0.0001 loss: 52.8285 
episode: 945 count: 330 score: 199.8146 average_last200: 156.3003 epis: 0.0001 loss: 56.2351 
episode: 946 count: 262 score: 258.4266 average_last200: 156.4317 epis: 0.0001 loss: 46.6010 
episode: 947 count: 172 score: 215.7175 average_last200: 156.4745 epis: 0.0001 loss: 37.8645 
episode: 948 count: 167 score: 213.6792 average_last200: 156.5860 epis: 0.0001 loss: 27.6290 
episode: 949 count: 656 score: 212.1264 average_last200: 156.5629 epis: 0.0001 loss: 128.8506 
episode: 950 count: 157 score: -96.1546 average_last200: 155.0844 epis: 0.0001 loss: 30.4442 
episode: 951 count: 114 score: -6.5689 average_last200: 153.9196 epis: 0.0001 loss: 23.2801 
episode: 952 count: 160 score: 3.4676 average_last200: 154.0089 epis: 0.0001 loss: 34.5563 
episode: 953 count: 188 score: -35.2995 average_last200: 152.6828 epis: 0.0001 loss: 39.6558 
episode: 954 count: 111 score: -23.8024 average_last200: 151.4999 epis: 0.0001 loss: 21.1026 
episode: 955 count: 172 score: 209.9738 average_last200: 151.3316 epis: 0.0001 loss: 29.8173 
episode: 956 count: 153 score: 240.4560 average_last200: 151.4447 epis: 0.0001 loss: 28.2922 
episode: 957 count: 248 score: 193.8901 average_last200: 151.3951 epis: 0.0001 loss: 51.2743 
episode: 958 count: 203 score: 238.5148 average_last200: 151.5253 epis: 0.0001 loss: 33.3888 
episode: 959 count: 222 score: 208.7033 average_last200: 151.5452 epis: 0.0001 loss: 36.8914 
episode: 960 count: 190 score: 221.7869 average_last200: 151.9141 epis: 0.0001 loss: 36.0422 
episode: 961 count: 236 score: 254.6290 average_last200: 152.1181 epis: 0.0001 loss: 47.8997 
episode: 962 count: 176 score: 187.7780 average_last200: 152.0176 epis: 0.0001 loss: 31.2998 
episode: 963 count: 189 score: 220.0236 average_last200: 153.0940 epis: 0.0001 loss: 33.2702 
episode: 964 count: 178 score: 204.9578 average_last200: 154.2746 epis: 0.0001 loss: 34.0706 
episode: 965 count: 196 score: 212.1725 average_last200: 155.3747 epis: 0.0001 loss: 37.9318 
episode: 966 count: 194 score: -20.1970 average_last200: 155.2606 epis: 0.0001 loss: 33.8118 
episode: 967 count: 612 score: 198.9761 average_last200: 156.2659 epis: 0.0001 loss: 125.8621 
episode: 968 count: 226 score: 242.6684 average_last200: 156.4311 epis: 0.0001 loss: 36.0419 
episode: 969 count: 230 score: 231.3213 average_last200: 156.4638 epis: 0.0001 loss: 47.8345 
episode: 970 count: 212 score: 225.3335 average_last200: 156.5177 epis: 0.0001 loss: 34.4208 
episode: 971 count: 1000 score: 91.8040 average_last200: 155.9045 epis: 0.0001 loss: 209.2670 
episode: 972 count: 200 score: -255.0720 average_last200: 153.5016 epis: 0.0001 loss: 39.1201 
episode: 973 count: 270 score: -42.4545 average_last200: 152.0640 epis: 0.0001 loss: 56.4766 
episode: 974 count: 236 score: -209.1289 average_last200: 149.8335 epis: 0.0001 loss: 39.3409 
episode: 975 count: 311 score: 219.8871 average_last200: 149.7806 epis: 0.0001 loss: 55.6965 
episode: 976 count: 216 score: -179.2914 average_last200: 148.8776 epis: 0.0001 loss: 39.9015 
episode: 977 count: 248 score: 216.9616 average_last200: 148.8786 epis: 0.0001 loss: 49.0544 
episode: 978 count: 460 score: 216.9783 average_last200: 148.7572 epis: 0.0001 loss: 102.6950 
episode: 979 count: 257 score: 214.2174 average_last200: 149.8706 epis: 0.0001 loss: 56.8299 
episode: 980 count: 248 score: 240.2210 average_last200: 150.0253 epis: 0.0001 loss: 60.6376 
episode: 981 count: 140 score: 23.0977 average_last200: 150.1603 epis: 0.0001 loss: 26.5654 
episode: 982 count: 146 score: 30.0942 average_last200: 150.3646 epis: 0.0001 loss: 35.0970 
episode: 983 count: 162 score: 207.1902 average_last200: 150.3932 epis: 0.0001 loss: 34.6691 
episode: 984 count: 308 score: 247.0014 average_last200: 151.4865 epis: 0.0001 loss: 58.9062 
episode: 985 count: 697 score: 233.6825 average_last200: 152.8536 epis: 0.0000 loss: 142.7614 
episode: 986 count: 239 score: -213.5328 average_last200: 150.5334 epis: 0.0000 loss: 54.0207 
episode: 987 count: 260 score: 216.1541 average_last200: 151.5856 epis: 0.0000 loss: 53.0530 
episode: 988 count: 378 score: 191.2169 average_last200: 152.5043 epis: 0.0000 loss: 72.4208 
episode: 989 count: 184 score: 49.1312 average_last200: 151.5307 epis: 0.0000 loss: 32.8411 
episode: 990 count: 157 score: 4.3924 average_last200: 150.4507 epis: 0.0000 loss: 27.7653 
episode: 991 count: 202 score: 209.4538 average_last200: 151.4224 epis: 0.0000 loss: 42.9430 
episode: 992 count: 158 score: -1.0604 average_last200: 151.3767 epis: 0.0000 loss: 35.3801 
episode: 993 count: 162 score: 7.9428 average_last200: 151.4531 epis: 0.0000 loss: 27.4566 
episode: 994 count: 305 score: 228.0697 average_last200: 152.5453 epis: 0.0000 loss: 50.9230 
episode: 995 count: 199 score: 228.6221 average_last200: 153.7940 epis: 0.0000 loss: 36.8886 
episode: 996 count: 146 score: 216.8610 average_last200: 153.8308 epis: 0.0000 loss: 26.5369 
episode: 997 count: 722 score: 224.4331 average_last200: 153.7876 epis: 0.0000 loss: 160.7883 
episode: 998 count: 819 score: 210.6153 average_last200: 153.5939 epis: 0.0000 loss: 195.8973 
episode: 999 count: 152 score: 231.0430 average_last200: 153.5072 epis: 0.0000 loss: 41.6206 
