[33mWARN: gym.spaces.Box autodetected dtype as <class 'numpy.float32'>. Please provide explicit dtype.[0m
All para: Epis 1000 memlen 500000 gamma 0.990 epsilon 0.990 alpha 0.00050 batch 300 upfreq 500
episode: 0 count: 103 score: -201.7553 average_last200: -201.7553 epis: 0.9900 loss: 0.0000 
episode: 1 count: 84 score: -166.6921 average_last200: -184.2237 epis: 0.9801 loss: 0.0000 
episode: 2 count: 127 score: -140.9426 average_last200: -169.7967 epis: 0.9703 loss: 0.0000 
episode: 3 count: 98 score: -151.9605 average_last200: -165.3376 epis: 0.9606 loss: 0.0000 
episode: 4 count: 71 score: -305.0290 average_last200: -193.2759 epis: 0.9510 loss: 0.0000 
episode: 5 count: 124 score: -219.4452 average_last200: -197.6374 epis: 0.9415 loss: 0.0000 
episode: 6 count: 136 score: -149.6131 average_last200: -190.7768 epis: 0.9321 loss: 0.0000 
episode: 7 count: 105 score: -416.8472 average_last200: -219.0356 epis: 0.9227 loss: 0.0000 
episode: 8 count: 88 score: -384.5283 average_last200: -237.4237 epis: 0.9135 loss: 0.0000 
episode: 9 count: 103 score: -331.0088 average_last200: -246.7822 epis: 0.9044 loss: 22.0445 
episode: 10 count: 85 score: -182.5798 average_last200: -240.9456 epis: 0.8953 loss: 41.6069 
episode: 11 count: 149 score: -501.3693 average_last200: -262.6476 epis: 0.8864 loss: 61.9762 
episode: 12 count: 96 score: -387.6517 average_last200: -272.2633 epis: 0.8775 loss: 34.9533 
episode: 13 count: 79 score: -106.8356 average_last200: -260.4470 epis: 0.8687 loss: 27.4588 
episode: 14 count: 111 score: -146.5380 average_last200: -252.8531 epis: 0.8601 loss: 39.8927 
episode: 15 count: 121 score: -136.1816 average_last200: -245.5611 epis: 0.8515 loss: 38.3999 
episode: 16 count: 121 score: -256.5329 average_last200: -246.2065 epis: 0.8429 loss: 37.1269 
episode: 17 count: 78 score: -132.5365 average_last200: -239.8915 epis: 0.8345 loss: 23.5823 
episode: 18 count: 74 score: -156.3533 average_last200: -235.4948 epis: 0.8262 loss: 21.6443 
episode: 19 count: 150 score: -340.9739 average_last200: -240.7687 epis: 0.8179 loss: 46.3315 
episode: 20 count: 159 score: -131.1407 average_last200: -235.5483 epis: 0.8097 loss: 41.6647 
episode: 21 count: 102 score: -325.1400 average_last200: -239.6207 epis: 0.8016 loss: 28.8875 
episode: 22 count: 107 score: -219.4392 average_last200: -238.7432 epis: 0.7936 loss: 29.3897 
episode: 23 count: 57 score: -204.1476 average_last200: -237.3018 epis: 0.7857 loss: 16.4556 
episode: 24 count: 159 score: -128.7661 average_last200: -232.9603 epis: 0.7778 loss: 44.0270 
episode: 25 count: 93 score: -152.1721 average_last200: -229.8531 epis: 0.7700 loss: 24.8400 
episode: 26 count: 126 score: -278.3875 average_last200: -231.6507 epis: 0.7623 loss: 33.6151 
episode: 27 count: 78 score: -229.5369 average_last200: -231.5752 epis: 0.7547 loss: 21.2589 
episode: 28 count: 143 score: -223.2333 average_last200: -231.2875 epis: 0.7472 loss: 39.7859 
episode: 29 count: 86 score: -166.7692 average_last200: -229.1369 epis: 0.7397 loss: 24.0941 
episode: 30 count: 87 score: -48.7875 average_last200: -223.3192 epis: 0.7323 loss: 24.3534 
episode: 31 count: 112 score: -338.2528 average_last200: -226.9109 epis: 0.7250 loss: 33.4568 
episode: 32 count: 83 score: -95.4898 average_last200: -222.9284 epis: 0.7177 loss: 24.1683 
episode: 33 count: 99 score: -117.8032 average_last200: -219.8365 epis: 0.7106 loss: 30.6988 
episode: 34 count: 164 score: -106.9763 average_last200: -216.6119 epis: 0.7034 loss: 51.0671 
episode: 35 count: 118 score: -149.2658 average_last200: -214.7412 epis: 0.6964 loss: 37.1402 
episode: 36 count: 116 score: -108.8619 average_last200: -211.8796 epis: 0.6894 loss: 36.9680 
episode: 37 count: 115 score: -77.5530 average_last200: -208.3447 epis: 0.6826 loss: 36.7084 
episode: 38 count: 73 score: -107.5663 average_last200: -205.7606 epis: 0.6757 loss: 22.0183 
episode: 39 count: 96 score: -208.9067 average_last200: -205.8393 epis: 0.6690 loss: 28.8510 
episode: 40 count: 174 score: -116.5266 average_last200: -203.6609 epis: 0.6623 loss: 49.0677 
episode: 41 count: 83 score: -144.8491 average_last200: -202.2606 epis: 0.6557 loss: 28.5258 
episode: 42 count: 167 score: -83.6742 average_last200: -199.5028 epis: 0.6491 loss: 54.7811 
episode: 43 count: 221 score: -86.9827 average_last200: -196.9455 epis: 0.6426 loss: 67.7481 
episode: 44 count: 125 score: -140.1659 average_last200: -195.6838 epis: 0.6362 loss: 38.8361 
episode: 45 count: 1000 score: -36.0537 average_last200: -192.2135 epis: 0.6298 loss: 355.0984 
episode: 46 count: 88 score: -67.8657 average_last200: -189.5678 epis: 0.6235 loss: 35.7420 
episode: 47 count: 75 score: -95.3748 average_last200: -187.6055 epis: 0.6173 loss: 29.0288 
episode: 48 count: 158 score: -160.5537 average_last200: -187.0534 epis: 0.6111 loss: 62.7431 
episode: 49 count: 228 score: -91.5379 average_last200: -185.1431 epis: 0.6050 loss: 89.6895 
episode: 50 count: 274 score: -119.4973 average_last200: -183.8559 epis: 0.5990 loss: 99.1872 
episode: 51 count: 240 score: -48.5926 average_last200: -181.2547 epis: 0.5930 loss: 90.1815 
episode: 52 count: 179 score: -41.9508 average_last200: -178.6263 epis: 0.5870 loss: 62.1479 
episode: 53 count: 155 score: -134.2452 average_last200: -177.8045 epis: 0.5812 loss: 57.6014 
episode: 54 count: 132 score: -87.2760 average_last200: -176.1585 epis: 0.5754 loss: 47.6433 
episode: 55 count: 73 score: -75.7852 average_last200: -174.3661 epis: 0.5696 loss: 26.3532 
episode: 56 count: 106 score: -152.5419 average_last200: -173.9832 epis: 0.5639 loss: 40.2572 
episode: 57 count: 110 score: -111.2049 average_last200: -172.9008 epis: 0.5583 loss: 40.6775 
episode: 58 count: 183 score: -40.8350 average_last200: -170.6624 epis: 0.5527 loss: 62.0031 
episode: 59 count: 197 score: -43.8860 average_last200: -168.5495 epis: 0.5472 loss: 69.7758 
episode: 60 count: 183 score: -282.5737 average_last200: -170.4187 epis: 0.5417 loss: 66.5369 
episode: 61 count: 357 score: -193.7592 average_last200: -170.7952 epis: 0.5363 loss: 123.7189 
episode: 62 count: 237 score: -68.1652 average_last200: -169.1662 epis: 0.5309 loss: 81.7542 
episode: 63 count: 341 score: -52.8778 average_last200: -167.3492 epis: 0.5256 loss: 120.5873 
episode: 64 count: 115 score: -85.2465 average_last200: -166.0860 epis: 0.5203 loss: 39.1670 
episode: 65 count: 198 score: -45.7610 average_last200: -164.2629 epis: 0.5151 loss: 69.1486 
episode: 66 count: 237 score: -95.2746 average_last200: -163.2333 epis: 0.5100 loss: 79.0743 
episode: 67 count: 151 score: -78.9053 average_last200: -161.9931 epis: 0.5049 loss: 50.7926 
episode: 68 count: 149 score: -90.3959 average_last200: -160.9555 epis: 0.4998 loss: 49.2610 
episode: 69 count: 170 score: -47.2461 average_last200: -159.3311 epis: 0.4948 loss: 55.5376 
episode: 70 count: 141 score: -35.1856 average_last200: -157.5825 epis: 0.4899 loss: 46.8792 
episode: 71 count: 1000 score: 8.6954 average_last200: -155.2731 epis: 0.4850 loss: 342.1714 
episode: 72 count: 84 score: -98.3575 average_last200: -154.4935 epis: 0.4801 loss: 29.9618 
episode: 73 count: 1000 score: -52.2441 average_last200: -153.1117 epis: 0.4753 loss: 352.4654 
episode: 74 count: 359 score: -52.8228 average_last200: -151.7745 epis: 0.4706 loss: 129.9478 
episode: 75 count: 151 score: -67.6607 average_last200: -150.6678 epis: 0.4659 loss: 56.5000 
episode: 76 count: 164 score: -49.9819 average_last200: -149.3602 epis: 0.4612 loss: 60.1664 
episode: 77 count: 165 score: -32.6774 average_last200: -147.8642 epis: 0.4566 loss: 62.8738 
episode: 78 count: 297 score: -214.2255 average_last200: -148.7042 epis: 0.4520 loss: 111.7294 
episode: 79 count: 1000 score: -26.2401 average_last200: -147.1734 epis: 0.4475 loss: 392.5743 
episode: 80 count: 187 score: -34.7165 average_last200: -145.7851 epis: 0.4430 loss: 73.9061 
episode: 81 count: 165 score: -23.5209 average_last200: -144.2941 epis: 0.4386 loss: 68.3602 
episode: 82 count: 1000 score: -61.2057 average_last200: -143.2930 epis: 0.4342 loss: 408.9939 
episode: 83 count: 1000 score: -56.5038 average_last200: -142.2598 epis: 0.4299 loss: 428.8209 
episode: 84 count: 113 score: -57.1695 average_last200: -141.2587 epis: 0.4256 loss: 48.8088 
episode: 85 count: 1000 score: -14.5976 average_last200: -139.7859 epis: 0.4213 loss: 447.6989 
episode: 86 count: 1000 score: -12.0958 average_last200: -138.3182 epis: 0.4171 loss: 460.6744 
episode: 87 count: 83 score: -54.2272 average_last200: -137.3626 epis: 0.4129 loss: 40.2927 
episode: 88 count: 1000 score: -66.1467 average_last200: -136.5625 epis: 0.4088 loss: 483.7931 
episode: 89 count: 1000 score: 35.9517 average_last200: -134.6456 epis: 0.4047 loss: 494.8901 
episode: 90 count: 126 score: -97.5071 average_last200: -134.2375 epis: 0.4007 loss: 61.3060 
episode: 91 count: 84 score: -146.4151 average_last200: -134.3699 epis: 0.3967 loss: 39.4396 
episode: 92 count: 100 score: -88.3598 average_last200: -133.8752 epis: 0.3927 loss: 48.1229 
episode: 93 count: 1000 score: -60.3542 average_last200: -133.0930 epis: 0.3888 loss: 498.7987 
episode: 94 count: 1000 score: 77.0445 average_last200: -130.8810 epis: 0.3849 loss: 489.7321 
episode: 95 count: 114 score: -31.1569 average_last200: -129.8422 epis: 0.3810 loss: 55.2988 
episode: 96 count: 132 score: -35.6927 average_last200: -128.8716 epis: 0.3772 loss: 62.3260 
episode: 97 count: 222 score: -54.5578 average_last200: -128.1133 epis: 0.3735 loss: 105.3605 
episode: 98 count: 1000 score: 75.9911 average_last200: -126.0517 epis: 0.3697 loss: 472.0753 
episode: 99 count: 227 score: -13.4046 average_last200: -124.9252 epis: 0.3660 loss: 111.0172 
episode: 100 count: 1000 score: 42.8722 average_last200: -123.2638 epis: 0.3624 loss: 471.5645 
episode: 101 count: 1000 score: 34.6642 average_last200: -121.7155 epis: 0.3587 loss: 467.6063 
episode: 102 count: 106 score: -47.3797 average_last200: -120.9938 epis: 0.3552 loss: 46.9705 
episode: 103 count: 1000 score: 15.4044 average_last200: -119.6823 epis: 0.3516 loss: 462.7483 
episode: 104 count: 141 score: -43.4852 average_last200: -118.9566 epis: 0.3481 loss: 66.8188 
episode: 105 count: 1000 score: 7.2396 average_last200: -117.7661 epis: 0.3446 loss: 451.7623 
episode: 106 count: 1000 score: 3.5288 average_last200: -116.6325 epis: 0.3412 loss: 432.6432 
episode: 107 count: 134 score: -38.1480 average_last200: -115.9058 epis: 0.3378 loss: 56.3647 
episode: 108 count: 103 score: 16.8941 average_last200: -114.6874 epis: 0.3344 loss: 44.0262 
episode: 109 count: 1000 score: -90.6175 average_last200: -114.4686 epis: 0.3310 loss: 430.8253 
episode: 110 count: 587 score: -323.5985 average_last200: -116.3527 epis: 0.3277 loss: 256.5691 
episode: 111 count: 1000 score: 69.6517 average_last200: -114.6919 epis: 0.3244 loss: 427.7947 
episode: 112 count: 310 score: -141.4129 average_last200: -114.9284 epis: 0.3212 loss: 135.3083 
episode: 113 count: 1000 score: 51.5793 average_last200: -113.4678 epis: 0.3180 loss: 417.1651 
episode: 114 count: 1000 score: 30.3224 average_last200: -112.2174 epis: 0.3148 loss: 415.4163 
episode: 115 count: 1000 score: 47.2502 average_last200: -110.8427 epis: 0.3117 loss: 416.0185 
episode: 116 count: 1000 score: 12.8623 average_last200: -109.7854 epis: 0.3085 loss: 406.2811 
episode: 117 count: 1000 score: 30.7387 average_last200: -108.5945 epis: 0.3055 loss: 400.6888 
episode: 118 count: 1000 score: 43.3296 average_last200: -107.3178 epis: 0.3024 loss: 398.0168 
episode: 119 count: 468 score: -300.8914 average_last200: -108.9310 epis: 0.2994 loss: 183.5962 
episode: 120 count: 1000 score: 89.5215 average_last200: -107.2909 epis: 0.2964 loss: 399.1337 
episode: 121 count: 1000 score: 4.0873 average_last200: -106.3779 epis: 0.2934 loss: 383.5091 
episode: 122 count: 424 score: 162.4420 average_last200: -104.1924 epis: 0.2905 loss: 164.5929 
episode: 123 count: 473 score: -253.0360 average_last200: -105.3927 epis: 0.2876 loss: 176.8090 
episode: 124 count: 375 score: -291.9653 average_last200: -106.8853 epis: 0.2847 loss: 143.5317 
episode: 125 count: 1000 score: 100.1373 average_last200: -105.2423 epis: 0.2819 loss: 374.1917 
episode: 126 count: 1000 score: 26.2542 average_last200: -104.2069 epis: 0.2790 loss: 366.4882 
episode: 127 count: 1000 score: 99.8174 average_last200: -102.6129 epis: 0.2763 loss: 361.0209 
episode: 128 count: 1000 score: 73.0855 average_last200: -101.2509 epis: 0.2735 loss: 345.1566 
episode: 129 count: 1000 score: -83.1709 average_last200: -101.1119 epis: 0.2708 loss: 349.3553 
episode: 130 count: 1000 score: 80.8855 average_last200: -99.7226 epis: 0.2680 loss: 334.2168 
episode: 131 count: 717 score: 203.6681 average_last200: -97.4242 epis: 0.2654 loss: 237.3981 
episode: 132 count: 1000 score: 34.7291 average_last200: -96.4305 epis: 0.2627 loss: 325.5586 
episode: 133 count: 453 score: 216.5435 average_last200: -94.0949 epis: 0.2601 loss: 145.0748 
episode: 134 count: 1000 score: 34.1265 average_last200: -93.1451 epis: 0.2575 loss: 321.4263 
episode: 135 count: 1000 score: -40.9825 average_last200: -92.7616 epis: 0.2549 loss: 320.2758 
episode: 136 count: 1000 score: 41.1809 average_last200: -91.7839 epis: 0.2524 loss: 306.5625 
episode: 137 count: 1000 score: 17.4344 average_last200: -90.9924 epis: 0.2498 loss: 296.9634 
episode: 138 count: 1000 score: -39.1867 average_last200: -90.6197 epis: 0.2473 loss: 304.1087 
episode: 139 count: 1000 score: 97.4129 average_last200: -89.2767 epis: 0.2449 loss: 295.2223 
episode: 140 count: 671 score: 218.5968 average_last200: -87.0932 epis: 0.2424 loss: 197.5712 
episode: 141 count: 1000 score: -48.3806 average_last200: -86.8205 epis: 0.2400 loss: 285.3018 
episode: 142 count: 1000 score: 90.0795 average_last200: -85.5835 epis: 0.2376 loss: 289.9279 
episode: 143 count: 1000 score: -97.7570 average_last200: -85.6680 epis: 0.2352 loss: 288.3991 
episode: 144 count: 1000 score: -5.3493 average_last200: -85.1141 epis: 0.2329 loss: 290.1365 
episode: 145 count: 329 score: 241.3349 average_last200: -82.8781 epis: 0.2305 loss: 92.1548 
episode: 146 count: 1000 score: 69.9353 average_last200: -81.8386 epis: 0.2282 loss: 280.3660 
episode: 147 count: 1000 score: -41.9483 average_last200: -81.5691 epis: 0.2259 loss: 281.1048 
episode: 148 count: 685 score: 153.6526 average_last200: -79.9904 epis: 0.2237 loss: 193.6443 
episode: 149 count: 147 score: 17.8394 average_last200: -79.3382 epis: 0.2215 loss: 42.6854 
episode: 150 count: 750 score: 105.2138 average_last200: -78.1160 epis: 0.2192 loss: 220.1367 
episode: 151 count: 1000 score: 116.6435 average_last200: -76.8347 epis: 0.2170 loss: 290.4244 
episode: 152 count: 1000 score: -25.4585 average_last200: -76.4989 epis: 0.2149 loss: 292.9809 
episode: 153 count: 1000 score: 88.0062 average_last200: -75.4307 epis: 0.2127 loss: 284.8143 
episode: 154 count: 843 score: 101.0522 average_last200: -74.2921 epis: 0.2106 loss: 233.0132 
episode: 155 count: 99 score: -49.7280 average_last200: -74.1346 epis: 0.2085 loss: 27.6791 
episode: 156 count: 1000 score: 96.2819 average_last200: -73.0492 epis: 0.2064 loss: 275.1685 
episode: 157 count: 1000 score: 59.9453 average_last200: -72.2074 epis: 0.2043 loss: 278.0711 
episode: 158 count: 1000 score: 69.8376 average_last200: -71.3140 epis: 0.2023 loss: 273.6884 
episode: 159 count: 1000 score: 71.6281 average_last200: -70.4207 epis: 0.2003 loss: 275.5378 
episode: 160 count: 1000 score: 63.3710 average_last200: -69.5897 epis: 0.1983 loss: 274.1358 
episode: 161 count: 1000 score: 75.7117 average_last200: -68.6927 epis: 0.1963 loss: 274.8579 
episode: 162 count: 712 score: 186.7824 average_last200: -67.1254 epis: 0.1943 loss: 194.1090 
episode: 163 count: 835 score: 202.8905 average_last200: -65.4790 epis: 0.1924 loss: 222.5029 
episode: 164 count: 1000 score: 115.7064 average_last200: -64.3809 epis: 0.1905 loss: 266.4040 
episode: 165 count: 474 score: 216.8792 average_last200: -62.6865 epis: 0.1886 loss: 123.8941 
episode: 166 count: 713 score: 205.8058 average_last200: -61.0788 epis: 0.1867 loss: 185.4601 
episode: 167 count: 1000 score: 115.6269 average_last200: -60.0270 epis: 0.1848 loss: 254.5232 
episode: 168 count: 764 score: 185.3681 average_last200: -58.5749 epis: 0.1830 loss: 196.9046 
episode: 169 count: 1000 score: 92.6044 average_last200: -57.6856 epis: 0.1811 loss: 255.9212 
episode: 170 count: 939 score: 208.5307 average_last200: -56.1288 epis: 0.1793 loss: 235.5734 
episode: 171 count: 475 score: 228.3029 average_last200: -54.4752 epis: 0.1775 loss: 119.9200 
episode: 172 count: 286 score: 202.3280 average_last200: -52.9907 epis: 0.1757 loss: 71.3174 
episode: 173 count: 1000 score: 57.4586 average_last200: -52.3560 epis: 0.1740 loss: 248.9237 
episode: 174 count: 516 score: 218.4438 average_last200: -50.8085 epis: 0.1722 loss: 131.1172 
episode: 175 count: 236 score: 200.4915 average_last200: -49.3807 epis: 0.1705 loss: 57.2427 
episode: 176 count: 765 score: 184.2867 average_last200: -48.0605 epis: 0.1688 loss: 198.2147 
episode: 177 count: 569 score: 242.2740 average_last200: -46.4295 epis: 0.1671 loss: 143.8628 
episode: 178 count: 760 score: 163.8754 average_last200: -45.2546 epis: 0.1655 loss: 191.6506 
episode: 179 count: 349 score: 218.7473 average_last200: -43.7879 epis: 0.1638 loss: 83.6673 
episode: 180 count: 540 score: 206.0716 average_last200: -42.4075 epis: 0.1622 loss: 131.2712 
episode: 181 count: 555 score: 214.5346 average_last200: -40.9957 epis: 0.1605 loss: 139.5807 
episode: 182 count: 393 score: 232.8521 average_last200: -39.4992 epis: 0.1589 loss: 95.3022 
episode: 183 count: 278 score: 213.5509 average_last200: -38.1240 epis: 0.1574 loss: 64.8818 
episode: 184 count: 651 score: 226.7441 average_last200: -36.6923 epis: 0.1558 loss: 158.4444 
episode: 185 count: 453 score: 209.7255 average_last200: -35.3674 epis: 0.1542 loss: 104.4407 
episode: 186 count: 1000 score: 101.4610 average_last200: -34.6357 epis: 0.1527 loss: 235.7331 
episode: 187 count: 287 score: -245.7942 average_last200: -35.7589 epis: 0.1512 loss: 66.4525 
episode: 188 count: 401 score: 226.1822 average_last200: -34.3730 epis: 0.1496 loss: 96.4648 
episode: 189 count: 145 score: -26.4005 average_last200: -34.3310 epis: 0.1481 loss: 35.2466 
episode: 190 count: 1000 score: 76.9547 average_last200: -33.7484 epis: 0.1467 loss: 240.9748 
episode: 191 count: 811 score: 187.7336 average_last200: -32.5948 epis: 0.1452 loss: 196.4558 
episode: 192 count: 307 score: 231.8186 average_last200: -31.2248 epis: 0.1437 loss: 73.8851 
episode: 193 count: 248 score: 211.5021 average_last200: -29.9736 epis: 0.1423 loss: 58.2551 
episode: 194 count: 476 score: 227.7164 average_last200: -28.6521 epis: 0.1409 loss: 115.4124 
episode: 195 count: 157 score: -44.3378 average_last200: -28.7322 epis: 0.1395 loss: 36.9028 
episode: 196 count: 388 score: 212.8580 average_last200: -27.5058 epis: 0.1381 loss: 96.9330 
episode: 197 count: 491 score: 220.9161 average_last200: -26.2512 epis: 0.1367 loss: 115.6478 
episode: 198 count: 328 score: 202.0263 average_last200: -25.1040 epis: 0.1353 loss: 79.7562 
episode: 199 count: 325 score: 203.1076 average_last200: -23.9630 epis: 0.1340 loss: 76.7910 
episode: 200 count: 259 score: 245.4327 average_last200: -21.7270 epis: 0.1326 loss: 61.0463 
episode: 201 count: 465 score: 192.5990 average_last200: -19.9306 epis: 0.1313 loss: 111.7259 
episode: 202 count: 1000 score: 100.5997 average_last200: -18.7229 epis: 0.1300 loss: 234.0154 
episode: 203 count: 507 score: 189.6429 average_last200: -17.0149 epis: 0.1287 loss: 115.5335 
episode: 204 count: 1000 score: 8.0368 average_last200: -15.4495 epis: 0.1274 loss: 230.6970 
episode: 205 count: 922 score: 202.9933 average_last200: -13.3373 epis: 0.1261 loss: 209.5842 
episode: 206 count: 478 score: 226.2434 average_last200: -11.4581 epis: 0.1249 loss: 106.3788 
episode: 207 count: 284 score: 260.5166 average_last200: -8.0712 epis: 0.1236 loss: 64.7727 
episode: 208 count: 540 score: 204.5846 average_last200: -5.1257 epis: 0.1224 loss: 125.1019 
episode: 209 count: 505 score: 194.6794 average_last200: -2.4972 epis: 0.1212 loss: 115.4988 
episode: 210 count: 307 score: 175.4828 average_last200: -0.7069 epis: 0.1200 loss: 71.0971 
episode: 211 count: 295 score: 232.4714 average_last200: 2.9623 epis: 0.1188 loss: 67.3353 
episode: 212 count: 381 score: 205.4875 average_last200: 5.9280 epis: 0.1176 loss: 87.9056 
episode: 213 count: 348 score: 222.1681 average_last200: 7.5730 epis: 0.1164 loss: 79.0232 
episode: 214 count: 182 score: 16.1074 average_last200: 8.3862 epis: 0.1152 loss: 43.3347 
episode: 215 count: 469 score: 258.9467 average_last200: 10.3619 epis: 0.1141 loss: 104.1231 
episode: 216 count: 206 score: -36.9677 average_last200: 11.4597 epis: 0.1129 loss: 43.3576 
episode: 217 count: 370 score: 200.4307 average_last200: 13.1245 epis: 0.1118 loss: 87.1008 
episode: 218 count: 425 score: 222.0207 average_last200: 15.0164 epis: 0.1107 loss: 96.2668 
episode: 219 count: 550 score: 211.3171 average_last200: 17.7779 epis: 0.1096 loss: 128.3507 
episode: 220 count: 150 score: -21.8389 average_last200: 18.3244 epis: 0.1085 loss: 33.8687 
episode: 221 count: 145 score: -52.7157 average_last200: 19.6865 epis: 0.1074 loss: 30.9305 
episode: 222 count: 220 score: 187.7553 average_last200: 21.7225 epis: 0.1063 loss: 49.4442 
episode: 223 count: 770 score: 233.6965 average_last200: 23.9117 epis: 0.1053 loss: 176.0860 
episode: 224 count: 293 score: 231.2114 average_last200: 25.7116 epis: 0.1042 loss: 65.2333 
episode: 225 count: 382 score: 200.3586 average_last200: 27.4742 epis: 0.1032 loss: 84.5658 
episode: 226 count: 546 score: 204.2575 average_last200: 29.8874 epis: 0.1021 loss: 124.8316 
episode: 227 count: 630 score: 180.1051 average_last200: 31.9357 epis: 0.1011 loss: 144.9256 
episode: 228 count: 406 score: 242.0711 average_last200: 34.2622 epis: 0.1001 loss: 89.5221 
episode: 229 count: 222 score: 202.9397 average_last200: 36.1107 epis: 0.0991 loss: 48.1884 
episode: 230 count: 214 score: 232.1187 average_last200: 37.5153 epis: 0.0981 loss: 45.7164 
episode: 231 count: 275 score: 222.6455 average_last200: 40.3197 epis: 0.0971 loss: 59.8080 
episode: 232 count: 251 score: 237.2972 average_last200: 41.9837 epis: 0.0962 loss: 55.9749 
episode: 233 count: 869 score: 236.1072 average_last200: 43.7532 epis: 0.0952 loss: 184.2210 
episode: 234 count: 403 score: 196.4467 average_last200: 45.2703 epis: 0.0942 loss: 87.3365 
episode: 235 count: 1000 score: 75.0071 average_last200: 46.3917 epis: 0.0933 loss: 220.0163 
episode: 236 count: 721 score: 108.7744 average_last200: 47.4799 epis: 0.0924 loss: 159.1016 
episode: 237 count: 625 score: 236.5913 average_last200: 49.0506 epis: 0.0914 loss: 131.4481 
episode: 238 count: 533 score: 209.6695 average_last200: 50.6368 epis: 0.0905 loss: 113.4478 
episode: 239 count: 762 score: 207.3153 average_last200: 52.7179 epis: 0.0896 loss: 167.0971 
episode: 240 count: 1000 score: -108.4507 average_last200: 52.7583 epis: 0.0887 loss: 219.9548 
episode: 241 count: 477 score: 201.2394 average_last200: 54.4887 epis: 0.0878 loss: 107.0495 
episode: 242 count: 766 score: 127.7953 average_last200: 55.5461 epis: 0.0870 loss: 176.6078 
episode: 243 count: 322 score: 190.1387 average_last200: 56.9317 epis: 0.0861 loss: 71.9344 
episode: 244 count: 172 score: -218.7732 average_last200: 56.5386 epis: 0.0852 loss: 35.9176 
episode: 245 count: 328 score: 179.2390 average_last200: 57.6151 epis: 0.0844 loss: 73.4943 
episode: 246 count: 431 score: 200.7518 average_last200: 58.9582 epis: 0.0835 loss: 100.4548 
episode: 247 count: 936 score: 221.7479 average_last200: 60.5438 epis: 0.0827 loss: 206.1827 
episode: 248 count: 426 score: 200.3958 average_last200: 62.3486 epis: 0.0819 loss: 95.0863 
episode: 249 count: 535 score: 207.9509 average_last200: 63.8460 epis: 0.0811 loss: 121.7086 
episode: 250 count: 364 score: 238.1711 average_last200: 65.6343 epis: 0.0802 loss: 82.0167 
episode: 251 count: 232 score: 205.8823 average_last200: 66.9067 epis: 0.0794 loss: 53.0091 
episode: 252 count: 501 score: 196.1513 average_last200: 68.0972 epis: 0.0787 loss: 115.0683 
episode: 253 count: 332 score: 148.5389 average_last200: 69.5111 epis: 0.0779 loss: 73.9818 
episode: 254 count: 395 score: 168.8621 average_last200: 70.7918 epis: 0.0771 loss: 88.6635 
episode: 255 count: 332 score: 151.8140 average_last200: 71.9298 epis: 0.0763 loss: 74.7649 
episode: 256 count: 329 score: 242.0339 average_last200: 73.9027 epis: 0.0756 loss: 72.2049 
episode: 257 count: 288 score: 237.3544 average_last200: 75.6455 epis: 0.0748 loss: 66.2250 
episode: 258 count: 439 score: 176.6026 average_last200: 76.7327 epis: 0.0740 loss: 97.6386 
episode: 259 count: 1000 score: 3.6298 average_last200: 76.9703 epis: 0.0733 loss: 228.4252 
episode: 260 count: 359 score: 181.1907 average_last200: 79.2891 epis: 0.0726 loss: 82.5807 
episode: 261 count: 391 score: 197.3185 average_last200: 81.2445 epis: 0.0718 loss: 85.1014 
episode: 262 count: 590 score: 196.3006 average_last200: 82.5668 epis: 0.0711 loss: 132.8782 
episode: 263 count: 726 score: 235.0907 average_last200: 84.0067 epis: 0.0704 loss: 164.5991 
episode: 264 count: 860 score: 135.7534 average_last200: 85.1117 epis: 0.0697 loss: 197.0757 
episode: 265 count: 1000 score: 35.0906 average_last200: 85.5159 epis: 0.0690 loss: 233.2240 
episode: 266 count: 502 score: 186.3826 average_last200: 86.9242 epis: 0.0683 loss: 111.7001 
episode: 267 count: 434 score: 119.0162 average_last200: 87.9138 epis: 0.0676 loss: 95.6797 
episode: 268 count: 142 score: -66.2280 average_last200: 88.0346 epis: 0.0670 loss: 32.2531 
episode: 269 count: 435 score: 225.2942 average_last200: 89.3973 epis: 0.0663 loss: 98.7398 
episode: 270 count: 348 score: 242.5794 average_last200: 90.7862 epis: 0.0656 loss: 80.0736 
episode: 271 count: 375 score: 179.7254 average_last200: 91.6413 epis: 0.0650 loss: 83.3284 
episode: 272 count: 563 score: 156.2061 average_last200: 92.9141 epis: 0.0643 loss: 134.1787 
episode: 273 count: 493 score: 173.0558 average_last200: 94.0406 epis: 0.0637 loss: 105.7638 
episode: 274 count: 248 score: -2.4433 average_last200: 94.2925 epis: 0.0630 loss: 54.0140 
episode: 275 count: 422 score: 220.5541 average_last200: 95.7336 epis: 0.0624 loss: 92.0761 
episode: 276 count: 387 score: 209.7700 average_last200: 97.0324 epis: 0.0618 loss: 91.2077 
episode: 277 count: 443 score: 178.0054 average_last200: 98.0858 epis: 0.0612 loss: 101.4529 
episode: 278 count: 328 score: 228.4719 average_last200: 100.2993 epis: 0.0606 loss: 74.7978 
episode: 279 count: 507 score: 214.3134 average_last200: 101.5020 epis: 0.0600 loss: 114.2924 
episode: 280 count: 459 score: 179.7412 average_last200: 102.5743 epis: 0.0594 loss: 107.0012 
episode: 281 count: 533 score: 159.3251 average_last200: 103.4886 epis: 0.0588 loss: 125.1623 
episode: 282 count: 337 score: 208.7580 average_last200: 104.8384 epis: 0.0582 loss: 81.2425 
episode: 283 count: 553 score: 186.8520 average_last200: 106.0552 epis: 0.0576 loss: 123.8414 
episode: 284 count: 587 score: 179.8839 average_last200: 107.2404 epis: 0.0570 loss: 141.8577 
episode: 285 count: 354 score: 202.0109 average_last200: 108.3235 epis: 0.0565 loss: 81.4706 
episode: 286 count: 549 score: 168.6680 average_last200: 109.2273 epis: 0.0559 loss: 121.6173 
episode: 287 count: 534 score: 147.9502 average_last200: 110.2382 epis: 0.0553 loss: 122.4620 
episode: 288 count: 371 score: 256.0815 average_last200: 111.8493 epis: 0.0548 loss: 85.4383 
episode: 289 count: 286 score: 198.4221 average_last200: 112.6617 epis: 0.0542 loss: 65.5036 
episode: 290 count: 350 score: 238.8585 average_last200: 114.3435 epis: 0.0537 loss: 82.0852 
episode: 291 count: 621 score: 140.2661 average_last200: 115.7769 epis: 0.0531 loss: 141.5694 
episode: 292 count: 580 score: 200.2262 average_last200: 117.2198 epis: 0.0526 loss: 140.1281 
episode: 293 count: 417 score: 188.1670 average_last200: 118.4624 epis: 0.0521 loss: 101.3453 
episode: 294 count: 506 score: 177.5349 average_last200: 118.9649 epis: 0.0516 loss: 120.5023 
episode: 295 count: 405 score: 208.8354 average_last200: 120.1648 epis: 0.0511 loss: 98.7516 
episode: 296 count: 474 score: 181.8232 average_last200: 121.2524 epis: 0.0505 loss: 118.3231 
episode: 297 count: 343 score: 226.1725 average_last200: 122.6561 epis: 0.0500 loss: 80.5373 
episode: 298 count: 429 score: 182.3234 average_last200: 123.1877 epis: 0.0495 loss: 105.7027 
episode: 299 count: 473 score: 154.4788 average_last200: 124.0272 epis: 0.0490 loss: 115.5096 
episode: 300 count: 785 score: 143.3391 average_last200: 124.5295 epis: 0.0486 loss: 190.0521 
episode: 301 count: 385 score: 244.4620 average_last200: 125.5785 epis: 0.0481 loss: 89.2276 
episode: 302 count: 523 score: 145.9796 average_last200: 126.5453 epis: 0.0476 loss: 124.0310 
episode: 303 count: 268 score: 217.6041 average_last200: 127.5563 epis: 0.0471 loss: 61.0366 
episode: 304 count: 830 score: 125.5312 average_last200: 128.4014 epis: 0.0466 loss: 195.9204 
episode: 305 count: 571 score: 221.1094 average_last200: 129.4707 epis: 0.0462 loss: 137.7215 
episode: 306 count: 476 score: 192.4657 average_last200: 130.4154 epis: 0.0457 loss: 119.9212 
episode: 307 count: 894 score: 151.2625 average_last200: 131.3624 epis: 0.0453 loss: 212.5327 
episode: 308 count: 436 score: 206.6461 average_last200: 132.3112 epis: 0.0448 loss: 101.6682 
episode: 309 count: 482 score: 186.2292 average_last200: 133.6954 epis: 0.0444 loss: 114.8406 
episode: 310 count: 177 score: -75.4090 average_last200: 134.9364 epis: 0.0439 loss: 43.8542 
episode: 311 count: 255 score: 237.8334 average_last200: 135.7773 epis: 0.0435 loss: 60.3180 
episode: 312 count: 762 score: 151.0113 average_last200: 137.2394 epis: 0.0430 loss: 185.3223 
episode: 313 count: 351 score: 173.9609 average_last200: 137.8513 epis: 0.0426 loss: 84.4947 
episode: 314 count: 746 score: 177.0818 average_last200: 138.5851 epis: 0.0422 loss: 176.3977 
episode: 315 count: 382 score: 160.3146 average_last200: 139.1504 epis: 0.0418 loss: 89.0787 
episode: 316 count: 333 score: 247.5774 average_last200: 140.3240 epis: 0.0413 loss: 82.8296 
episode: 317 count: 447 score: 177.2704 average_last200: 141.0567 epis: 0.0409 loss: 110.3624 
episode: 318 count: 707 score: 156.1504 average_last200: 141.6208 epis: 0.0405 loss: 171.3089 
episode: 319 count: 653 score: 195.8814 average_last200: 144.1046 epis: 0.0401 loss: 156.0465 
episode: 320 count: 556 score: 152.1170 average_last200: 144.4176 epis: 0.0397 loss: 135.3180 
episode: 321 count: 210 score: 252.1890 average_last200: 145.6581 epis: 0.0393 loss: 49.7161 
episode: 322 count: 399 score: 191.5524 average_last200: 145.8037 epis: 0.0389 loss: 93.1623 
episode: 323 count: 661 score: 144.4967 average_last200: 147.7913 epis: 0.0385 loss: 154.2693 
episode: 324 count: 432 score: 204.7642 average_last200: 150.2750 epis: 0.0381 loss: 107.9184 
episode: 325 count: 474 score: 210.4007 average_last200: 150.8263 epis: 0.0378 loss: 115.8988 
episode: 326 count: 225 score: 255.2394 average_last200: 151.9712 epis: 0.0374 loss: 53.1825 
episode: 327 count: 299 score: 250.3308 average_last200: 152.7238 epis: 0.0370 loss: 72.3899 
episode: 328 count: 231 score: 236.6238 average_last200: 153.5415 epis: 0.0366 loss: 60.8205 
episode: 329 count: 356 score: 249.2917 average_last200: 155.2038 epis: 0.0363 loss: 89.1813 
episode: 330 count: 426 score: 181.5738 average_last200: 155.7072 epis: 0.0359 loss: 104.2567 
episode: 331 count: 935 score: 88.0676 average_last200: 155.1292 epis: 0.0356 loss: 230.2682 
episode: 332 count: 436 score: 185.8313 average_last200: 155.8848 epis: 0.0352 loss: 107.0194 
episode: 333 count: 460 score: 229.5456 average_last200: 155.9498 epis: 0.0348 loss: 107.9998 
episode: 334 count: 505 score: 186.7485 average_last200: 156.7129 epis: 0.0345 loss: 123.3891 
episode: 335 count: 294 score: 210.8528 average_last200: 157.9721 epis: 0.0342 loss: 71.7142 
episode: 336 count: 355 score: 215.9803 average_last200: 158.8460 epis: 0.0338 loss: 89.4477 
episode: 337 count: 822 score: 44.0603 average_last200: 158.9792 epis: 0.0335 loss: 209.5379 
episode: 338 count: 255 score: 224.8562 average_last200: 160.2994 epis: 0.0331 loss: 62.7728 
episode: 339 count: 331 score: 214.9065 average_last200: 160.8869 epis: 0.0328 loss: 77.7379 
episode: 340 count: 1000 score: 8.9389 average_last200: 159.8386 epis: 0.0325 loss: 245.2180 
episode: 341 count: 547 score: 190.7436 average_last200: 161.0342 epis: 0.0322 loss: 135.0791 
episode: 342 count: 214 score: 249.4557 average_last200: 161.8311 epis: 0.0318 loss: 51.7651 
episode: 343 count: 316 score: 221.1969 average_last200: 163.4258 epis: 0.0315 loss: 82.7970 
episode: 344 count: 373 score: 188.0187 average_last200: 164.3927 epis: 0.0312 loss: 91.8617 
episode: 345 count: 255 score: 244.3718 average_last200: 164.4079 epis: 0.0309 loss: 59.6732 
episode: 346 count: 257 score: 207.1896 average_last200: 165.0941 epis: 0.0306 loss: 68.7612 
episode: 347 count: 189 score: 226.0927 average_last200: 166.4343 epis: 0.0303 loss: 46.1687 
episode: 348 count: 230 score: 227.5726 average_last200: 166.8039 epis: 0.0300 loss: 58.3259 
episode: 349 count: 290 score: 215.6385 average_last200: 167.7929 epis: 0.0297 loss: 79.1131 
episode: 350 count: 227 score: 255.5505 average_last200: 168.5446 epis: 0.0294 loss: 58.3513 
episode: 351 count: 239 score: 209.8029 average_last200: 169.0104 epis: 0.0291 loss: 64.6337 
episode: 352 count: 268 score: 209.4642 average_last200: 170.1850 epis: 0.0288 loss: 67.7553 
episode: 353 count: 309 score: 216.2168 average_last200: 170.8261 epis: 0.0285 loss: 78.3351 
episode: 354 count: 353 score: 234.2807 average_last200: 171.4922 epis: 0.0282 loss: 88.1004 
episode: 355 count: 190 score: 240.2821 average_last200: 172.9423 epis: 0.0279 loss: 49.1893 
episode: 356 count: 489 score: 212.2395 average_last200: 173.5221 epis: 0.0277 loss: 123.5327 
episode: 357 count: 229 score: 231.3207 average_last200: 174.3789 epis: 0.0274 loss: 58.9292 
episode: 358 count: 331 score: 231.3621 average_last200: 175.1866 epis: 0.0271 loss: 83.6823 
episode: 359 count: 267 score: 221.8550 average_last200: 175.9377 epis: 0.0268 loss: 74.1367 
episode: 360 count: 344 score: 178.5582 average_last200: 176.5136 epis: 0.0266 loss: 88.8503 
episode: 361 count: 290 score: 218.7891 average_last200: 177.2290 epis: 0.0263 loss: 79.0618 
episode: 362 count: 275 score: 182.3362 average_last200: 177.2068 epis: 0.0260 loss: 70.7914 
episode: 363 count: 211 score: 231.4868 average_last200: 177.3498 epis: 0.0258 loss: 51.0658 
episode: 364 count: 566 score: 223.9598 average_last200: 177.8910 epis: 0.0255 loss: 141.8690 
episode: 365 count: 248 score: 196.6501 average_last200: 177.7899 epis: 0.0253 loss: 63.7794 
episode: 366 count: 225 score: 235.6961 average_last200: 177.9393 epis: 0.0250 loss: 55.3594 
episode: 367 count: 230 score: 230.4582 average_last200: 178.5135 epis: 0.0248 loss: 59.7391 
episode: 368 count: 682 score: 149.6967 average_last200: 178.3351 epis: 0.0245 loss: 178.3322 
episode: 369 count: 354 score: 216.4758 average_last200: 178.9545 epis: 0.0243 loss: 96.1015 
episode: 370 count: 235 score: 187.1560 average_last200: 178.8476 epis: 0.0240 loss: 59.6388 
episode: 371 count: 315 score: 228.3664 average_last200: 178.8480 epis: 0.0238 loss: 75.8104 
episode: 372 count: 273 score: 186.0224 average_last200: 178.7664 epis: 0.0235 loss: 72.0849 
episode: 373 count: 841 score: 193.3284 average_last200: 179.4458 epis: 0.0233 loss: 218.6765 
episode: 374 count: 212 score: 201.5720 average_last200: 179.3614 epis: 0.0231 loss: 54.6536 
episode: 375 count: 365 score: 243.2943 average_last200: 179.5754 epis: 0.0228 loss: 92.8504 
episode: 376 count: 289 score: 214.2720 average_last200: 179.7254 epis: 0.0226 loss: 74.2161 
episode: 377 count: 198 score: 212.5317 average_last200: 179.5766 epis: 0.0224 loss: 54.4426 
episode: 378 count: 294 score: 209.6967 average_last200: 179.8057 epis: 0.0222 loss: 75.5266 
episode: 379 count: 236 score: 212.3367 average_last200: 179.7737 epis: 0.0219 loss: 62.3326 
episode: 380 count: 264 score: 271.4724 average_last200: 180.1007 epis: 0.0217 loss: 69.0157 
episode: 381 count: 456 score: 164.1273 average_last200: 179.8487 epis: 0.0215 loss: 117.5485 
episode: 382 count: 204 score: 207.4832 average_last200: 179.7218 epis: 0.0213 loss: 51.5327 
episode: 383 count: 285 score: 227.1770 average_last200: 179.7899 epis: 0.0211 loss: 75.0258 
episode: 384 count: 508 score: 196.9315 average_last200: 179.6409 epis: 0.0209 loss: 130.4756 
episode: 385 count: 246 score: 197.3612 average_last200: 179.5791 epis: 0.0207 loss: 58.8742 
episode: 386 count: 377 score: 239.8983 average_last200: 180.2712 epis: 0.0205 loss: 95.1461 
episode: 387 count: 344 score: 211.6468 average_last200: 182.5585 epis: 0.0203 loss: 88.8903 
episode: 388 count: 343 score: 217.7824 average_last200: 182.5165 epis: 0.0200 loss: 86.5820 
episode: 389 count: 197 score: 232.6439 average_last200: 183.8117 epis: 0.0198 loss: 48.9129 
episode: 390 count: 330 score: 211.7902 average_last200: 184.4859 epis: 0.0196 loss: 84.8091 
episode: 391 count: 264 score: 230.5521 average_last200: 184.6999 epis: 0.0195 loss: 65.5791 
episode: 392 count: 333 score: 230.7917 average_last200: 184.6948 epis: 0.0193 loss: 84.5310 
episode: 393 count: 503 score: 165.5167 average_last200: 184.4649 epis: 0.0191 loss: 130.2443 
episode: 394 count: 197 score: 245.6365 average_last200: 184.5545 epis: 0.0189 loss: 53.5883 
episode: 395 count: 269 score: 245.0999 average_last200: 186.0017 epis: 0.0187 loss: 66.4912 
episode: 396 count: 493 score: 153.1893 average_last200: 185.7033 epis: 0.0185 loss: 128.9990 
episode: 397 count: 311 score: 168.9376 average_last200: 185.4434 epis: 0.0183 loss: 81.5447 
episode: 398 count: 208 score: 241.5326 average_last200: 185.6410 epis: 0.0181 loss: 51.9590 
episode: 399 count: 317 score: 168.5045 average_last200: 185.4680 epis: 0.0180 loss: 79.0471 
episode: 400 count: 1000 score: 83.6986 average_last200: 184.6593 epis: 0.0178 loss: 259.9187 
episode: 401 count: 255 score: 262.6910 average_last200: 185.0097 epis: 0.0176 loss: 63.9943 
episode: 402 count: 219 score: 213.3754 average_last200: 185.5736 epis: 0.0174 loss: 55.8542 
episode: 403 count: 352 score: 204.3705 average_last200: 185.6473 epis: 0.0172 loss: 88.9445 
episode: 404 count: 151 score: 2.3379 average_last200: 185.6188 epis: 0.0171 loss: 37.9799 
episode: 405 count: 240 score: 260.2635 average_last200: 185.9051 epis: 0.0169 loss: 62.3595 
episode: 406 count: 242 score: 236.4183 average_last200: 185.9560 epis: 0.0167 loss: 62.5494 
episode: 407 count: 274 score: 220.0232 average_last200: 185.7535 epis: 0.0166 loss: 67.7490 
episode: 408 count: 209 score: 251.3063 average_last200: 185.9871 epis: 0.0164 loss: 51.8950 
episode: 409 count: 195 score: 264.6250 average_last200: 186.3369 epis: 0.0162 loss: 49.7908 
episode: 410 count: 236 score: 228.7847 average_last200: 186.6034 epis: 0.0161 loss: 55.2909 
episode: 411 count: 230 score: 182.2819 average_last200: 186.3524 epis: 0.0159 loss: 53.5006 
episode: 412 count: 315 score: 269.3660 average_last200: 186.6718 epis: 0.0158 loss: 79.2370 
episode: 413 count: 247 score: 228.9640 average_last200: 186.7058 epis: 0.0156 loss: 65.4777 
episode: 414 count: 209 score: 219.1260 average_last200: 187.7209 epis: 0.0154 loss: 52.4175 
episode: 415 count: 210 score: 218.1146 average_last200: 187.5167 epis: 0.0153 loss: 54.9616 
episode: 416 count: 230 score: 264.2865 average_last200: 189.0230 epis: 0.0151 loss: 58.2627 
episode: 417 count: 199 score: 264.5500 average_last200: 189.3436 epis: 0.0150 loss: 48.7833 
episode: 418 count: 302 score: 191.7488 average_last200: 189.1922 epis: 0.0148 loss: 74.7701 
episode: 419 count: 354 score: 214.5283 average_last200: 189.2083 epis: 0.0147 loss: 93.6542 
episode: 420 count: 511 score: 205.7934 average_last200: 190.3465 epis: 0.0145 loss: 134.8617 
episode: 421 count: 317 score: 210.9222 average_last200: 191.6646 epis: 0.0144 loss: 80.4191 
episode: 422 count: 344 score: 250.6770 average_last200: 191.9793 epis: 0.0142 loss: 88.9832 
episode: 423 count: 226 score: 225.3602 average_last200: 191.9376 epis: 0.0141 loss: 60.6863 
episode: 424 count: 897 score: 181.7714 average_last200: 191.6904 epis: 0.0140 loss: 228.0409 
episode: 425 count: 244 score: 207.6661 average_last200: 191.7269 epis: 0.0138 loss: 60.1407 
episode: 426 count: 320 score: 208.8799 average_last200: 191.7500 epis: 0.0137 loss: 87.0856 
episode: 427 count: 288 score: 217.6048 average_last200: 191.9375 epis: 0.0135 loss: 73.0972 
episode: 428 count: 202 score: 193.1248 average_last200: 191.6928 epis: 0.0134 loss: 54.5461 
episode: 429 count: 797 score: 195.1895 average_last200: 191.6540 epis: 0.0133 loss: 208.7711 
episode: 430 count: 319 score: 233.3191 average_last200: 191.6600 epis: 0.0131 loss: 81.3979 
episode: 431 count: 275 score: 219.2317 average_last200: 191.6430 epis: 0.0130 loss: 70.9552 
episode: 432 count: 335 score: 215.0383 average_last200: 191.5317 epis: 0.0129 loss: 84.2482 
episode: 433 count: 214 score: 182.5915 average_last200: 191.2641 epis: 0.0128 loss: 51.0273 
episode: 434 count: 263 score: 218.8374 average_last200: 191.3760 epis: 0.0126 loss: 69.1063 
episode: 435 count: 191 score: 210.9264 average_last200: 192.0556 epis: 0.0125 loss: 49.6921 
episode: 436 count: 427 score: 203.2819 average_last200: 192.5282 epis: 0.0124 loss: 109.4561 
episode: 437 count: 498 score: 227.4398 average_last200: 192.4824 epis: 0.0123 loss: 123.8244 
episode: 438 count: 279 score: 203.3444 average_last200: 192.4508 epis: 0.0121 loss: 70.4556 
episode: 439 count: 244 score: 228.9316 average_last200: 192.5589 epis: 0.0120 loss: 59.9220 
episode: 440 count: 254 score: 229.8686 average_last200: 194.2505 epis: 0.0119 loss: 63.7960 
episode: 441 count: 249 score: 249.0191 average_last200: 194.4894 epis: 0.0118 loss: 60.3090 
episode: 442 count: 213 score: 204.4541 average_last200: 194.8727 epis: 0.0117 loss: 54.3324 
episode: 443 count: 319 score: 170.5348 average_last200: 194.7747 epis: 0.0115 loss: 77.2542 
episode: 444 count: 220 score: 255.8939 average_last200: 197.1480 epis: 0.0114 loss: 54.3998 
episode: 445 count: 1000 score: 120.4783 average_last200: 196.8542 epis: 0.0113 loss: 251.7245 
episode: 446 count: 138 score: 24.2109 average_last200: 195.9715 epis: 0.0112 loss: 35.9654 
episode: 447 count: 127 score: 4.7415 average_last200: 194.8864 epis: 0.0111 loss: 31.5556 
episode: 448 count: 222 score: 261.7823 average_last200: 195.1934 epis: 0.0110 loss: 52.1336 
episode: 449 count: 281 score: 189.6265 average_last200: 195.1018 epis: 0.0109 loss: 69.4050 
episode: 450 count: 226 score: 263.3368 average_last200: 195.2276 epis: 0.0108 loss: 57.0968 
episode: 451 count: 217 score: -28.6563 average_last200: 194.0549 epis: 0.0106 loss: 53.8646 
episode: 452 count: 255 score: 229.2357 average_last200: 194.2203 epis: 0.0105 loss: 66.1553 
episode: 453 count: 214 score: 256.2307 average_last200: 194.7588 epis: 0.0104 loss: 53.3543 
episode: 454 count: 321 score: 195.1991 average_last200: 194.8905 epis: 0.0103 loss: 81.6602 
episode: 455 count: 385 score: 181.4770 average_last200: 195.0388 epis: 0.0102 loss: 93.5039 
episode: 456 count: 581 score: 202.0449 average_last200: 194.8388 epis: 0.0101 loss: 148.9334 
episode: 457 count: 286 score: 188.0645 average_last200: 194.5924 epis: 0.0100 loss: 75.5872 
episode: 458 count: 313 score: 213.3810 average_last200: 194.7763 epis: 0.0099 loss: 77.5095 
episode: 459 count: 745 score: 166.2613 average_last200: 195.5894 epis: 0.0098 loss: 187.9791 
episode: 460 count: 493 score: 187.5774 average_last200: 195.6214 epis: 0.0097 loss: 122.3702 
episode: 461 count: 304 score: 221.2903 average_last200: 195.7412 epis: 0.0096 loss: 80.1216 
episode: 462 count: 227 score: 237.3716 average_last200: 195.9466 epis: 0.0095 loss: 54.5480 
episode: 463 count: 115 score: 13.8381 average_last200: 194.8403 epis: 0.0094 loss: 28.1709 
episode: 464 count: 123 score: -0.9344 average_last200: 194.1569 epis: 0.0093 loss: 29.8711 
episode: 465 count: 261 score: 182.5061 average_last200: 194.8940 epis: 0.0092 loss: 64.6995 
episode: 466 count: 412 score: 207.9778 average_last200: 195.0019 epis: 0.0092 loss: 99.7227 
episode: 467 count: 382 score: 233.7494 average_last200: 195.5756 epis: 0.0091 loss: 94.3628 
episode: 468 count: 270 score: 230.7095 average_last200: 197.0603 epis: 0.0090 loss: 62.3344 
episode: 469 count: 381 score: 200.3700 average_last200: 196.9357 epis: 0.0089 loss: 97.1564 
episode: 470 count: 321 score: 223.0258 average_last200: 196.8379 epis: 0.0088 loss: 80.2983 
episode: 471 count: 295 score: 216.4852 average_last200: 197.0217 epis: 0.0087 loss: 76.4115 
episode: 472 count: 297 score: 206.5657 average_last200: 197.2735 epis: 0.0086 loss: 72.0765 
episode: 473 count: 278 score: 240.4040 average_last200: 197.6102 epis: 0.0085 loss: 67.7709 
episode: 474 count: 117 score: 2.5652 average_last200: 197.6353 epis: 0.0084 loss: 28.2004 
episode: 475 count: 277 score: 193.1460 average_last200: 197.4982 epis: 0.0084 loss: 69.8600 
episode: 476 count: 249 score: -71.0142 average_last200: 196.0943 epis: 0.0083 loss: 59.8301 
episode: 477 count: 217 score: 237.8986 average_last200: 196.3938 epis: 0.0082 loss: 53.2644 
episode: 478 count: 121 score: -12.1138 average_last200: 195.1908 epis: 0.0081 loss: 29.4382 
episode: 479 count: 132 score: -41.1868 average_last200: 193.9133 epis: 0.0080 loss: 29.1963 
episode: 480 count: 259 score: 226.7889 average_last200: 194.1486 epis: 0.0080 loss: 61.4957 
episode: 481 count: 117 score: -16.2308 average_last200: 193.2708 epis: 0.0079 loss: 27.7634 
episode: 482 count: 537 score: 151.5619 average_last200: 192.9848 epis: 0.0078 loss: 130.2190 
episode: 483 count: 416 score: 210.8462 average_last200: 193.1048 epis: 0.0077 loss: 104.1235 
episode: 484 count: 335 score: 232.9674 average_last200: 193.3702 epis: 0.0076 loss: 84.2107 
episode: 485 count: 279 score: 191.6098 average_last200: 193.3182 epis: 0.0076 loss: 72.9610 
episode: 486 count: 118 score: 6.5970 average_last200: 192.5079 epis: 0.0075 loss: 29.4571 
episode: 487 count: 617 score: 146.5693 average_last200: 192.5010 epis: 0.0074 loss: 149.9116 
episode: 488 count: 279 score: 203.8615 average_last200: 192.2399 epis: 0.0073 loss: 67.5067 
episode: 489 count: 622 score: 223.1055 average_last200: 192.3633 epis: 0.0073 loss: 153.5254 
episode: 490 count: 140 score: -39.0946 average_last200: 190.9735 epis: 0.0072 loss: 33.4505 
episode: 491 count: 155 score: -13.4389 average_last200: 190.2050 epis: 0.0071 loss: 35.5003 
episode: 492 count: 491 score: 195.7617 average_last200: 190.1827 epis: 0.0070 loss: 118.4398 
episode: 493 count: 192 score: 227.7931 average_last200: 190.3808 epis: 0.0070 loss: 46.1012 
episode: 494 count: 143 score: -24.0622 average_last200: 189.3728 epis: 0.0069 loss: 33.3945 
episode: 495 count: 237 score: 232.6626 average_last200: 189.4919 epis: 0.0068 loss: 56.4733 
episode: 496 count: 121 score: -6.8778 average_last200: 188.5484 epis: 0.0068 loss: 30.6097 
episode: 497 count: 133 score: -5.0720 average_last200: 187.3922 epis: 0.0067 loss: 32.8210 
episode: 498 count: 221 score: 203.6334 average_last200: 187.4988 epis: 0.0066 loss: 55.3991 
episode: 499 count: 261 score: 227.6585 average_last200: 187.8647 epis: 0.0066 loss: 63.9492 
episode: 500 count: 293 score: 243.5701 average_last200: 188.3658 epis: 0.0065 loss: 67.1235 
episode: 501 count: 225 score: 180.7032 average_last200: 188.0470 epis: 0.0064 loss: 48.9830 
episode: 502 count: 118 score: -32.0255 average_last200: 187.1570 epis: 0.0064 loss: 26.3916 
episode: 503 count: 146 score: -19.5613 average_last200: 185.9712 epis: 0.0063 loss: 33.9969 
episode: 504 count: 115 score: -2.1782 average_last200: 185.3326 epis: 0.0062 loss: 26.6964 
episode: 505 count: 146 score: 20.0086 average_last200: 184.3271 epis: 0.0062 loss: 35.2108 
episode: 506 count: 411 score: 228.0712 average_last200: 184.5051 epis: 0.0061 loss: 94.7536 
episode: 507 count: 745 score: 204.8334 average_last200: 184.7730 epis: 0.0061 loss: 176.2987 
episode: 508 count: 127 score: -19.5674 average_last200: 183.6419 epis: 0.0060 loss: 28.7942 
episode: 509 count: 279 score: 192.1918 average_last200: 183.6717 epis: 0.0059 loss: 68.0793 
episode: 510 count: 128 score: -6.4603 average_last200: 184.0165 epis: 0.0059 loss: 29.7599 
episode: 511 count: 127 score: 12.8616 average_last200: 182.8916 epis: 0.0058 loss: 29.7036 
episode: 512 count: 232 score: 210.6620 average_last200: 183.1899 epis: 0.0058 loss: 55.4270 
episode: 513 count: 271 score: 195.7624 average_last200: 183.2989 epis: 0.0057 loss: 65.6712 
episode: 514 count: 153 score: -1.1982 average_last200: 182.4075 epis: 0.0057 loss: 35.6539 
episode: 515 count: 1000 score: 49.8878 average_last200: 181.8554 epis: 0.0056 loss: 237.6008 
episode: 516 count: 124 score: -132.1835 average_last200: 179.9565 epis: 0.0055 loss: 28.4965 
episode: 517 count: 217 score: 255.1731 average_last200: 180.3461 epis: 0.0055 loss: 51.1596 
episode: 518 count: 205 score: 208.3112 average_last200: 180.6069 epis: 0.0054 loss: 46.0817 
episode: 519 count: 190 score: 199.8119 average_last200: 180.6265 epis: 0.0054 loss: 41.4779 
episode: 520 count: 130 score: -10.9370 average_last200: 179.8113 epis: 0.0053 loss: 31.4778 
episode: 521 count: 102 score: -81.1649 average_last200: 178.1445 epis: 0.0053 loss: 22.1680 
episode: 522 count: 295 score: 234.1048 average_last200: 178.3572 epis: 0.0052 loss: 67.0055 
episode: 523 count: 138 score: -55.8716 average_last200: 177.3554 epis: 0.0052 loss: 32.1085 
episode: 524 count: 427 score: 135.4244 average_last200: 177.0087 epis: 0.0051 loss: 94.6086 
episode: 525 count: 201 score: -26.2937 average_last200: 175.8252 epis: 0.0051 loss: 46.5392 
episode: 526 count: 134 score: -40.5252 average_last200: 174.3464 epis: 0.0050 loss: 32.7823 
episode: 527 count: 214 score: 220.1271 average_last200: 174.1954 epis: 0.0050 loss: 50.2333 
episode: 528 count: 317 score: 258.1952 average_last200: 174.3032 epis: 0.0049 loss: 70.5725 
episode: 529 count: 818 score: 216.7039 average_last200: 174.1403 epis: 0.0049 loss: 183.1776 
episode: 530 count: 168 score: -235.0979 average_last200: 172.0569 epis: 0.0048 loss: 38.4144 
episode: 531 count: 241 score: -173.6504 average_last200: 170.7484 epis: 0.0048 loss: 55.9706 
episode: 532 count: 123 score: -0.4425 average_last200: 169.8170 epis: 0.0047 loss: 27.9263 
episode: 533 count: 145 score: -17.6901 average_last200: 168.5808 epis: 0.0047 loss: 33.7191 
episode: 534 count: 155 score: -14.4656 average_last200: 167.5747 epis: 0.0046 loss: 36.2020 
episode: 535 count: 122 score: -34.0835 average_last200: 166.3501 epis: 0.0046 loss: 30.0176 
episode: 536 count: 184 score: -56.0863 average_last200: 164.9897 epis: 0.0045 loss: 43.3712 
episode: 537 count: 288 score: 221.5250 average_last200: 165.8770 epis: 0.0045 loss: 63.5057 
episode: 538 count: 131 score: -29.0259 average_last200: 164.6076 epis: 0.0044 loss: 31.6355 
episode: 539 count: 153 score: -22.6464 average_last200: 163.4199 epis: 0.0044 loss: 33.1406 
episode: 540 count: 488 score: -232.8266 average_last200: 162.2110 epis: 0.0044 loss: 116.3844 
episode: 541 count: 442 score: 216.5771 average_last200: 162.3402 epis: 0.0043 loss: 101.0041 
episode: 542 count: 175 score: 207.7087 average_last200: 162.1315 epis: 0.0043 loss: 39.9458 
episode: 543 count: 277 score: -99.4525 average_last200: 160.5282 epis: 0.0042 loss: 66.0577 
episode: 544 count: 123 score: -54.7359 average_last200: 159.3145 epis: 0.0042 loss: 29.0574 
episode: 545 count: 840 score: 93.2932 average_last200: 158.5591 epis: 0.0041 loss: 197.3626 
episode: 546 count: 121 score: -34.4835 average_last200: 157.3507 epis: 0.0041 loss: 28.3876 
episode: 547 count: 249 score: 241.0525 average_last200: 157.4255 epis: 0.0041 loss: 61.9829 
episode: 548 count: 167 score: -13.1269 average_last200: 156.2220 epis: 0.0040 loss: 40.3963 
episode: 549 count: 123 score: -15.1882 average_last200: 155.0679 epis: 0.0040 loss: 26.5773 
episode: 550 count: 267 score: 160.0516 average_last200: 154.5904 epis: 0.0039 loss: 58.5227 
episode: 551 count: 120 score: -32.9131 average_last200: 153.3768 epis: 0.0039 loss: 26.9160 
episode: 552 count: 488 score: 230.8504 average_last200: 153.4837 epis: 0.0039 loss: 110.8891 
episode: 553 count: 108 score: -8.3204 average_last200: 152.3610 epis: 0.0038 loss: 23.6024 
episode: 554 count: 119 score: -48.6816 average_last200: 150.9462 epis: 0.0038 loss: 26.4518 
episode: 555 count: 121 score: -40.7718 average_last200: 149.5410 epis: 0.0037 loss: 28.0751 
episode: 556 count: 264 score: 178.7387 average_last200: 149.3735 epis: 0.0037 loss: 58.2561 
episode: 557 count: 105 score: -54.4064 average_last200: 147.9448 epis: 0.0037 loss: 23.0513 
episode: 558 count: 128 score: -32.8144 average_last200: 146.6239 epis: 0.0036 loss: 28.4792 
episode: 559 count: 234 score: 161.8908 average_last200: 146.3241 epis: 0.0036 loss: 52.0952 
episode: 560 count: 131 score: -65.3205 average_last200: 145.1047 epis: 0.0036 loss: 31.9146 
episode: 561 count: 135 score: -42.7216 average_last200: 143.7972 epis: 0.0035 loss: 29.3988 
episode: 562 count: 129 score: -65.2644 average_last200: 142.5592 epis: 0.0035 loss: 32.3077 
episode: 563 count: 157 score: -35.9280 average_last200: 141.2221 epis: 0.0035 loss: 35.4582 
episode: 564 count: 124 score: -20.0612 average_last200: 140.0020 epis: 0.0034 loss: 27.2254 
episode: 565 count: 122 score: -25.4700 average_last200: 138.8914 epis: 0.0034 loss: 26.8079 
episode: 566 count: 120 score: -19.0057 average_last200: 137.6179 epis: 0.0034 loss: 26.1181 
episode: 567 count: 246 score: 189.9314 average_last200: 137.4152 epis: 0.0033 loss: 53.9902 
episode: 568 count: 567 score: 212.4050 average_last200: 137.7288 epis: 0.0033 loss: 127.8933 
episode: 569 count: 224 score: 147.0504 average_last200: 137.3817 epis: 0.0033 loss: 51.1248 
episode: 570 count: 163 score: -44.5899 average_last200: 136.2229 epis: 0.0032 loss: 37.8470 
episode: 571 count: 124 score: -20.9337 average_last200: 134.9764 epis: 0.0032 loss: 26.1032 
episode: 572 count: 139 score: -50.1771 average_last200: 133.7954 epis: 0.0032 loss: 32.3772 
episode: 573 count: 250 score: 227.6111 average_last200: 133.9668 epis: 0.0031 loss: 59.1949 
episode: 574 count: 385 score: 118.0974 average_last200: 133.5495 epis: 0.0031 loss: 86.8656 
episode: 575 count: 156 score: -13.0042 average_last200: 132.2680 epis: 0.0031 loss: 33.7510 
episode: 576 count: 382 score: 174.4033 average_last200: 132.0686 epis: 0.0030 loss: 88.9957 
episode: 577 count: 130 score: -54.0874 average_last200: 130.7355 epis: 0.0030 loss: 28.5871 
episode: 578 count: 145 score: -45.0775 average_last200: 129.4617 epis: 0.0030 loss: 32.3004 
episode: 579 count: 446 score: -222.4444 average_last200: 127.2878 epis: 0.0029 loss: 101.2939 
episode: 580 count: 223 score: 187.0530 average_last200: 126.8657 epis: 0.0029 loss: 51.0367 
episode: 581 count: 112 score: -37.5990 average_last200: 125.8570 epis: 0.0029 loss: 24.5023 
episode: 582 count: 125 score: -56.9807 average_last200: 124.5347 epis: 0.0029 loss: 27.4606 
episode: 583 count: 233 score: 223.5271 average_last200: 124.5165 epis: 0.0028 loss: 55.0494 
episode: 584 count: 113 score: -20.1439 average_last200: 123.4311 epis: 0.0028 loss: 26.3449 
episode: 585 count: 158 score: -33.5285 average_last200: 122.2766 epis: 0.0028 loss: 34.0096 
episode: 586 count: 592 score: 232.7460 average_last200: 122.2409 epis: 0.0027 loss: 136.4980 
episode: 587 count: 273 score: 168.8970 average_last200: 122.0271 epis: 0.0027 loss: 63.5587 
episode: 588 count: 507 score: 244.0788 average_last200: 122.1586 epis: 0.0027 loss: 119.1663 
episode: 589 count: 128 score: -48.4061 average_last200: 120.7534 epis: 0.0027 loss: 29.6585 
episode: 590 count: 206 score: -11.9555 average_last200: 119.6346 epis: 0.0026 loss: 46.3068 
episode: 591 count: 125 score: -35.5113 average_last200: 118.3043 epis: 0.0026 loss: 30.0477 
episode: 592 count: 223 score: 233.2042 average_last200: 118.3164 epis: 0.0026 loss: 50.3293 
episode: 593 count: 241 score: 225.6450 average_last200: 118.6170 epis: 0.0026 loss: 58.7780 
episode: 594 count: 113 score: 0.8145 average_last200: 117.3929 epis: 0.0025 loss: 29.0630 
episode: 595 count: 243 score: 227.3749 average_last200: 117.3043 epis: 0.0025 loss: 59.0195 
episode: 596 count: 120 score: -25.1018 average_last200: 116.4128 epis: 0.0025 loss: 27.4106 
episode: 597 count: 291 score: 228.9294 average_last200: 116.7128 epis: 0.0025 loss: 63.6353 
episode: 598 count: 113 score: -12.1284 average_last200: 115.4445 epis: 0.0024 loss: 28.7670 
episode: 599 count: 158 score: -33.8073 average_last200: 114.4329 epis: 0.0024 loss: 36.9458 
episode: 600 count: 360 score: 190.7027 average_last200: 114.9679 epis: 0.0024 loss: 85.0981 
episode: 601 count: 271 score: 239.8715 average_last200: 114.8538 epis: 0.0024 loss: 63.1009 
episode: 602 count: 353 score: 219.2504 average_last200: 114.8832 epis: 0.0023 loss: 80.4286 
episode: 603 count: 230 score: 215.6037 average_last200: 114.9394 epis: 0.0023 loss: 53.6780 
episode: 604 count: 128 score: -22.3629 average_last200: 114.8159 epis: 0.0023 loss: 29.1733 
episode: 605 count: 298 score: 217.5628 average_last200: 114.6024 epis: 0.0023 loss: 67.3177 
episode: 606 count: 205 score: 232.6703 average_last200: 114.5836 epis: 0.0022 loss: 47.0908 
episode: 607 count: 134 score: -41.2207 average_last200: 113.2774 epis: 0.0022 loss: 31.9551 
episode: 608 count: 204 score: 229.4967 average_last200: 113.1684 epis: 0.0022 loss: 48.4132 
episode: 609 count: 327 score: 217.1435 average_last200: 112.9310 epis: 0.0022 loss: 75.8602 
episode: 610 count: 233 score: 250.5192 average_last200: 113.0396 epis: 0.0022 loss: 50.8450 
episode: 611 count: 212 score: 243.9641 average_last200: 113.3480 epis: 0.0021 loss: 51.8500 
episode: 612 count: 603 score: 198.7617 average_last200: 112.9950 epis: 0.0021 loss: 142.6226 
episode: 613 count: 385 score: 235.7532 average_last200: 113.0290 epis: 0.0021 loss: 89.5632 
episode: 614 count: 204 score: 223.6864 average_last200: 113.0518 epis: 0.0021 loss: 47.8805 
episode: 615 count: 196 score: 209.0762 average_last200: 113.0066 epis: 0.0020 loss: 49.6537 
episode: 616 count: 223 score: 248.9842 average_last200: 112.9301 epis: 0.0020 loss: 55.8129 
episode: 617 count: 732 score: 222.6428 average_last200: 112.7205 epis: 0.0020 loss: 173.5313 
episode: 618 count: 291 score: 217.7378 average_last200: 112.8505 epis: 0.0020 loss: 74.4970 
episode: 619 count: 249 score: 210.7454 average_last200: 112.8316 epis: 0.0020 loss: 57.9649 
episode: 620 count: 279 score: 207.4108 average_last200: 112.8397 epis: 0.0019 loss: 64.6471 
episode: 621 count: 234 score: 221.0679 average_last200: 112.8904 epis: 0.0019 loss: 55.3312 
episode: 622 count: 233 score: 234.8933 average_last200: 112.8115 epis: 0.0019 loss: 55.1519 
episode: 623 count: 211 score: 204.7716 average_last200: 112.7085 epis: 0.0019 loss: 50.1224 
episode: 624 count: 261 score: 215.7414 average_last200: 112.8784 epis: 0.0019 loss: 57.0754 
episode: 625 count: 485 score: 168.1006 average_last200: 112.6805 epis: 0.0019 loss: 114.9526 
episode: 626 count: 318 score: 245.8008 average_last200: 112.8651 epis: 0.0018 loss: 73.5241 
episode: 627 count: 1000 score: 81.0692 average_last200: 112.1825 epis: 0.0018 loss: 236.5463 
episode: 628 count: 213 score: 199.3003 average_last200: 112.2133 epis: 0.0018 loss: 50.0865 
episode: 629 count: 428 score: 189.6650 average_last200: 112.1857 epis: 0.0018 loss: 98.6232 
episode: 630 count: 1000 score: 65.3264 average_last200: 111.3458 epis: 0.0018 loss: 233.6466 
episode: 631 count: 272 score: 246.6440 average_last200: 111.4828 epis: 0.0017 loss: 63.9608 
episode: 632 count: 220 score: 246.8850 average_last200: 111.6421 epis: 0.0017 loss: 52.1018 
episode: 633 count: 488 score: 212.3506 average_last200: 111.7909 epis: 0.0017 loss: 120.0278 
episode: 634 count: 363 score: 214.0821 average_last200: 111.7671 epis: 0.0017 loss: 87.9782 
episode: 635 count: 328 score: 200.6248 average_last200: 111.7156 epis: 0.0017 loss: 78.6251 
episode: 636 count: 233 score: 223.9370 average_last200: 111.8188 epis: 0.0017 loss: 54.1775 
episode: 637 count: 222 score: 203.6869 average_last200: 111.7001 epis: 0.0016 loss: 53.1067 
episode: 638 count: 584 score: 184.5994 average_last200: 111.6064 epis: 0.0016 loss: 144.9203 
episode: 639 count: 202 score: 228.6977 average_last200: 111.6052 epis: 0.0016 loss: 44.7398 
episode: 640 count: 576 score: 188.5974 average_last200: 111.3988 epis: 0.0016 loss: 138.3653 
episode: 641 count: 379 score: 233.7610 average_last200: 111.3225 epis: 0.0016 loss: 88.9593 
episode: 642 count: 412 score: 179.0023 average_last200: 111.1953 epis: 0.0016 loss: 99.6357 
episode: 643 count: 205 score: 228.1368 average_last200: 111.4833 epis: 0.0015 loss: 47.7631 
episode: 644 count: 206 score: 240.5663 average_last200: 111.4067 epis: 0.0015 loss: 49.8374 
episode: 645 count: 579 score: 174.4474 average_last200: 111.6765 epis: 0.0015 loss: 137.6024 
episode: 646 count: 259 score: 221.5882 average_last200: 112.6634 epis: 0.0015 loss: 61.4330 
episode: 647 count: 261 score: 179.4788 average_last200: 113.5371 epis: 0.0015 loss: 64.4393 
episode: 648 count: 269 score: 224.3317 average_last200: 113.3498 epis: 0.0015 loss: 63.3154 
episode: 649 count: 582 score: 174.4684 average_last200: 113.2740 epis: 0.0015 loss: 140.7419 
episode: 650 count: 339 score: 211.0061 average_last200: 113.0124 epis: 0.0014 loss: 80.6784 
episode: 651 count: 257 score: 183.7657 average_last200: 114.0745 epis: 0.0014 loss: 62.8946 
episode: 652 count: 196 score: 233.5235 average_last200: 114.0959 epis: 0.0014 loss: 45.1728 
episode: 653 count: 486 score: 160.5785 average_last200: 113.6177 epis: 0.0014 loss: 113.4982 
episode: 654 count: 269 score: 230.1560 average_last200: 113.7924 epis: 0.0014 loss: 66.0435 
episode: 655 count: 405 score: 162.3840 average_last200: 113.6970 epis: 0.0014 loss: 100.9761 
episode: 656 count: 195 score: 240.1505 average_last200: 113.8875 epis: 0.0014 loss: 50.1903 
episode: 657 count: 387 score: 222.4945 average_last200: 114.0597 epis: 0.0013 loss: 95.6723 
episode: 658 count: 1000 score: 93.0434 average_last200: 113.4580 epis: 0.0013 loss: 234.9224 
episode: 659 count: 835 score: 164.4482 average_last200: 113.4489 epis: 0.0013 loss: 196.7525 
episode: 660 count: 784 score: 140.8946 average_last200: 113.2155 epis: 0.0013 loss: 190.9617 
episode: 661 count: 542 score: 166.5057 average_last200: 112.9416 epis: 0.0013 loss: 128.5229 
episode: 662 count: 588 score: 183.3793 average_last200: 112.6716 epis: 0.0013 loss: 142.2391 
episode: 663 count: 792 score: 134.8290 average_last200: 113.2766 epis: 0.0013 loss: 189.4132 
episode: 664 count: 205 score: 197.8562 average_last200: 114.2705 epis: 0.0013 loss: 50.5086 
episode: 665 count: 448 score: 152.2647 average_last200: 114.1193 epis: 0.0012 loss: 113.3527 
episode: 666 count: 491 score: 143.9604 average_last200: 113.7992 epis: 0.0012 loss: 120.1911 
episode: 667 count: 261 score: 203.0436 average_last200: 113.6457 epis: 0.0012 loss: 62.9113 
episode: 668 count: 768 score: 179.9830 average_last200: 113.3921 epis: 0.0012 loss: 189.0077 
episode: 669 count: 869 score: 148.4251 average_last200: 113.1323 epis: 0.0012 loss: 213.1878 
episode: 670 count: 811 score: 147.7925 average_last200: 112.7562 epis: 0.0012 loss: 201.5021 
episode: 671 count: 796 score: 158.8416 average_last200: 112.4679 epis: 0.0012 loss: 198.6744 
episode: 672 count: 621 score: 143.5702 average_last200: 112.1530 epis: 0.0012 loss: 159.2876 
episode: 673 count: 1000 score: -85.7536 average_last200: 110.5222 epis: 0.0011 loss: 245.3914 
episode: 674 count: 228 score: 245.4810 average_last200: 111.7368 epis: 0.0011 loss: 54.9310 
episode: 675 count: 917 score: 140.2174 average_last200: 111.4721 epis: 0.0011 loss: 228.5394 
episode: 676 count: 376 score: 206.6112 average_last200: 112.8602 epis: 0.0011 loss: 91.3604 
episode: 677 count: 690 score: 154.6544 average_last200: 112.4440 epis: 0.0011 loss: 177.7035 
episode: 678 count: 1000 score: -45.1479 average_last200: 112.2789 epis: 0.0011 loss: 262.4480 
episode: 679 count: 1000 score: -44.8950 average_last200: 112.2603 epis: 0.0011 loss: 254.4787 
episode: 680 count: 1000 score: -79.0637 average_last200: 110.7310 epis: 0.0011 loss: 255.7688 
episode: 681 count: 1000 score: -85.2043 average_last200: 110.3862 epis: 0.0011 loss: 262.0218 
episode: 682 count: 585 score: 181.0170 average_last200: 110.5335 epis: 0.0010 loss: 150.2560 
episode: 683 count: 728 score: 164.2915 average_last200: 110.3007 epis: 0.0010 loss: 192.3286 
episode: 684 count: 493 score: 211.5875 average_last200: 110.1938 epis: 0.0010 loss: 127.4535 
episode: 685 count: 552 score: 202.7677 average_last200: 110.2496 epis: 0.0010 loss: 149.4752 
episode: 686 count: 975 score: 84.0535 average_last200: 110.6369 epis: 0.0010 loss: 247.9973 
episode: 687 count: 1000 score: -30.9466 average_last200: 109.7493 epis: 0.0010 loss: 251.5884 
episode: 688 count: 458 score: 203.2831 average_last200: 109.7464 epis: 0.0010 loss: 119.6888 
episode: 689 count: 1000 score: -51.8831 average_last200: 108.3714 epis: 0.0010 loss: 257.8530 
episode: 690 count: 253 score: 263.7255 average_last200: 109.8855 epis: 0.0010 loss: 61.5229 
episode: 691 count: 493 score: 207.2082 average_last200: 110.9888 epis: 0.0010 loss: 128.7028 
episode: 692 count: 741 score: 144.4276 average_last200: 110.7321 epis: 0.0009 loss: 189.8742 
episode: 693 count: 820 score: 122.9546 average_last200: 110.2079 epis: 0.0009 loss: 213.2970 
episode: 694 count: 1000 score: -69.0314 average_last200: 109.9831 epis: 0.0009 loss: 250.9090 
episode: 695 count: 273 score: 209.2312 average_last200: 109.8659 epis: 0.0009 loss: 71.9984 
episode: 696 count: 925 score: 129.9540 average_last200: 110.5501 epis: 0.0009 loss: 237.9125 
episode: 697 count: 307 score: 200.9491 average_last200: 111.5802 epis: 0.0009 loss: 81.6243 
episode: 698 count: 1000 score: -33.1718 average_last200: 110.3962 epis: 0.0009 loss: 258.2198 
episode: 699 count: 1000 score: -25.6742 average_last200: 109.1295 epis: 0.0009 loss: 251.1107 
episode: 700 count: 419 score: 189.1491 average_last200: 108.8574 epis: 0.0009 loss: 108.2068 
episode: 701 count: 1000 score: -34.8431 average_last200: 107.7797 epis: 0.0009 loss: 260.5910 
episode: 702 count: 356 score: 246.8732 average_last200: 109.1741 epis: 0.0009 loss: 88.9238 
episode: 703 count: 1000 score: -34.7008 average_last200: 109.0984 epis: 0.0008 loss: 254.2831 
episode: 704 count: 407 score: 188.1408 average_last200: 110.0500 epis: 0.0008 loss: 104.1848 
episode: 705 count: 1000 score: -41.1378 average_last200: 109.7443 epis: 0.0008 loss: 249.7271 
episode: 706 count: 1000 score: -90.3386 average_last200: 108.1523 epis: 0.0008 loss: 252.8161 
episode: 707 count: 1000 score: -43.0499 average_last200: 106.9128 epis: 0.0008 loss: 258.6743 
episode: 708 count: 1000 score: -78.7059 average_last200: 106.6172 epis: 0.0008 loss: 247.6370 
episode: 709 count: 1000 score: -63.7172 average_last200: 105.3376 epis: 0.0008 loss: 251.9842 
episode: 710 count: 1000 score: -24.3364 average_last200: 105.2482 epis: 0.0008 loss: 255.4954 
episode: 711 count: 1000 score: -43.0716 average_last200: 104.9686 epis: 0.0008 loss: 241.8487 
episode: 712 count: 1000 score: -4.6958 average_last200: 103.8918 epis: 0.0008 loss: 244.2493 
episode: 713 count: 1000 score: -62.2087 average_last200: 102.6019 epis: 0.0008 loss: 249.4990 
episode: 714 count: 1000 score: -34.1808 average_last200: 102.4370 epis: 0.0008 loss: 242.5770 
episode: 715 count: 970 score: 105.3608 average_last200: 102.7144 epis: 0.0007 loss: 238.6211 
episode: 716 count: 1000 score: -28.6441 average_last200: 103.2321 epis: 0.0007 loss: 246.8465 
episode: 717 count: 1000 score: -69.4366 average_last200: 101.6090 epis: 0.0007 loss: 241.7674 
episode: 718 count: 311 score: 153.1094 average_last200: 101.3330 epis: 0.0007 loss: 72.3048 
episode: 719 count: 335 score: 220.8071 average_last200: 101.4380 epis: 0.0007 loss: 80.9612 
episode: 720 count: 1000 score: -55.2177 average_last200: 101.2166 epis: 0.0007 loss: 258.9406 
episode: 721 count: 541 score: 172.4195 average_last200: 102.4845 epis: 0.0007 loss: 133.3798 
episode: 722 count: 292 score: 222.8891 average_last200: 102.4284 epis: 0.0007 loss: 79.7690 
episode: 723 count: 1000 score: 11.6614 average_last200: 102.7661 epis: 0.0007 loss: 249.0186 
episode: 724 count: 269 score: 199.5533 average_last200: 103.0867 epis: 0.0007 loss: 67.8967 
episode: 725 count: 635 score: 200.3666 average_last200: 104.2200 epis: 0.0007 loss: 157.2667 
episode: 726 count: 780 score: 163.4509 average_last200: 105.2399 epis: 0.0007 loss: 197.1550 
episode: 727 count: 323 score: 246.1994 average_last200: 105.3703 epis: 0.0007 loss: 82.8986 
episode: 728 count: 312 score: 199.3850 average_last200: 105.0762 epis: 0.0007 loss: 75.1085 
episode: 729 count: 1000 score: -72.5468 average_last200: 103.6300 epis: 0.0007 loss: 238.9547 
episode: 730 count: 311 score: 234.9693 average_last200: 105.9803 epis: 0.0006 loss: 78.7092 
episode: 731 count: 582 score: 151.1961 average_last200: 107.6045 epis: 0.0006 loss: 143.7648 
episode: 732 count: 577 score: 165.8028 average_last200: 108.4358 epis: 0.0006 loss: 146.1022 
episode: 733 count: 245 score: 223.4312 average_last200: 109.6414 epis: 0.0006 loss: 60.4811 
episode: 734 count: 375 score: 213.1852 average_last200: 110.7796 epis: 0.0006 loss: 90.1036 
episode: 735 count: 282 score: 216.1471 average_last200: 112.0308 epis: 0.0006 loss: 73.5626 
episode: 736 count: 343 score: 204.8927 average_last200: 113.3357 epis: 0.0006 loss: 87.8933 
episode: 737 count: 342 score: 209.5465 average_last200: 113.2758 epis: 0.0006 loss: 86.9858 
episode: 738 count: 316 score: 200.3887 average_last200: 114.4229 epis: 0.0006 loss: 76.0237 
episode: 739 count: 283 score: 251.5462 average_last200: 115.7938 epis: 0.0006 loss: 67.7010 
episode: 740 count: 509 score: 215.4299 average_last200: 118.0351 epis: 0.0006 loss: 130.9916 
episode: 741 count: 240 score: 211.7835 average_last200: 118.0111 epis: 0.0006 loss: 54.4613 
episode: 742 count: 270 score: 219.3579 average_last200: 118.0694 epis: 0.0006 loss: 65.5532 
episode: 743 count: 665 score: 159.1776 average_last200: 119.3625 epis: 0.0006 loss: 164.9461 
episode: 744 count: 314 score: 179.4197 average_last200: 120.5333 epis: 0.0006 loss: 77.8972 
episode: 745 count: 515 score: 178.8176 average_last200: 120.9609 epis: 0.0006 loss: 130.5210 
episode: 746 count: 213 score: 238.5026 average_last200: 122.3259 epis: 0.0005 loss: 52.4534 
episode: 747 count: 340 score: 162.0105 average_last200: 121.9306 epis: 0.0005 loss: 85.1715 
episode: 748 count: 312 score: 250.3068 average_last200: 123.2478 epis: 0.0005 loss: 74.6414 
episode: 749 count: 288 score: 251.6138 average_last200: 124.5818 epis: 0.0005 loss: 71.1769 
episode: 750 count: 375 score: 235.8964 average_last200: 124.9610 epis: 0.0005 loss: 87.7703 
episode: 751 count: 337 score: 221.4754 average_last200: 126.2330 epis: 0.0005 loss: 89.1280 
episode: 752 count: 387 score: 215.4074 average_last200: 126.1558 epis: 0.0005 loss: 96.5396 
episode: 753 count: 476 score: 191.1957 average_last200: 127.1534 epis: 0.0005 loss: 123.5441 
episode: 754 count: 467 score: 138.5947 average_last200: 128.0897 epis: 0.0005 loss: 117.6146 
episode: 755 count: 619 score: 221.5676 average_last200: 129.4014 epis: 0.0005 loss: 157.8607 
episode: 756 count: 326 score: 230.7817 average_last200: 129.6617 epis: 0.0005 loss: 77.7821 
episode: 757 count: 455 score: 151.3407 average_last200: 130.6904 epis: 0.0005 loss: 112.7182 
episode: 758 count: 222 score: 208.3113 average_last200: 131.8960 epis: 0.0005 loss: 57.9213 
episode: 759 count: 299 score: 186.1984 average_last200: 132.0176 epis: 0.0005 loss: 75.3069 
episode: 760 count: 357 score: 194.1089 average_last200: 133.3147 epis: 0.0005 loss: 89.7580 
episode: 761 count: 340 score: 210.2929 average_last200: 134.5798 epis: 0.0005 loss: 80.2861 
episode: 762 count: 172 score: 227.8587 average_last200: 136.0454 epis: 0.0005 loss: 42.3306 
episode: 763 count: 350 score: 207.4602 average_last200: 137.2623 epis: 0.0005 loss: 89.1322 
episode: 764 count: 523 score: 233.0139 average_last200: 138.5277 epis: 0.0005 loss: 128.6803 
episode: 765 count: 301 score: 215.2302 average_last200: 139.7312 epis: 0.0005 loss: 75.9031 
episode: 766 count: 330 score: 214.7172 average_last200: 140.8998 epis: 0.0004 loss: 79.7639 
episode: 767 count: 442 score: 204.0097 average_last200: 140.9702 epis: 0.0004 loss: 108.5358 
episode: 768 count: 341 score: 191.5179 average_last200: 140.8658 epis: 0.0004 loss: 85.0654 
episode: 769 count: 382 score: 186.8721 average_last200: 141.0649 epis: 0.0004 loss: 98.7017 
episode: 770 count: 239 score: 222.9849 average_last200: 142.4028 epis: 0.0004 loss: 58.4662 
episode: 771 count: 232 score: 222.8653 average_last200: 143.6218 epis: 0.0004 loss: 54.0941 
episode: 772 count: 355 score: 214.7101 average_last200: 144.9462 epis: 0.0004 loss: 88.5563 
episode: 773 count: 278 score: 216.7479 average_last200: 144.8919 epis: 0.0004 loss: 68.3677 
episode: 774 count: 311 score: 216.5253 average_last200: 145.3840 epis: 0.0004 loss: 78.1877 
episode: 775 count: 266 score: 243.4979 average_last200: 146.6665 epis: 0.0004 loss: 69.7116 
episode: 776 count: 338 score: 213.7647 average_last200: 146.8633 epis: 0.0004 loss: 84.6135 
episode: 777 count: 309 score: 238.2588 average_last200: 148.3251 epis: 0.0004 loss: 76.7316 
episode: 778 count: 236 score: 221.2593 average_last200: 149.6567 epis: 0.0004 loss: 57.4105 
episode: 779 count: 265 score: 222.2267 average_last200: 151.8801 epis: 0.0004 loss: 66.1587 
episode: 780 count: 250 score: 238.1363 average_last200: 152.1355 epis: 0.0004 loss: 67.5474 
episode: 781 count: 164 score: 224.6860 average_last200: 153.4469 epis: 0.0004 loss: 39.6108 
episode: 782 count: 320 score: 208.9157 average_last200: 154.7764 epis: 0.0004 loss: 85.7050 
episode: 783 count: 339 score: 190.6118 average_last200: 154.6118 epis: 0.0004 loss: 83.5872 
episode: 784 count: 180 score: 211.6392 average_last200: 155.7708 epis: 0.0004 loss: 45.9990 
episode: 785 count: 219 score: 217.1400 average_last200: 157.0241 epis: 0.0004 loss: 53.8361 
episode: 786 count: 353 score: 221.9184 average_last200: 156.9700 epis: 0.0004 loss: 84.1118 
episode: 787 count: 269 score: 238.8745 average_last200: 157.3199 epis: 0.0004 loss: 69.6659 
episode: 788 count: 289 score: 226.2391 average_last200: 157.2307 epis: 0.0004 loss: 71.3726 
episode: 789 count: 376 score: 233.0236 average_last200: 158.6378 epis: 0.0004 loss: 89.1985 
episode: 790 count: 287 score: 255.0945 average_last200: 159.9731 epis: 0.0004 loss: 74.7175 
episode: 791 count: 313 score: 225.8920 average_last200: 161.2801 epis: 0.0003 loss: 80.4110 
episode: 792 count: 296 score: 238.1934 average_last200: 161.3050 epis: 0.0003 loss: 74.8324 
episode: 793 count: 448 score: 225.5158 average_last200: 161.3044 epis: 0.0003 loss: 109.5043 
episode: 794 count: 260 score: 218.9925 average_last200: 162.3953 epis: 0.0003 loss: 63.3729 
episode: 795 count: 251 score: 252.0194 average_last200: 162.5185 epis: 0.0003 loss: 63.1188 
episode: 796 count: 317 score: 236.3778 average_last200: 163.8259 epis: 0.0003 loss: 80.3531 
episode: 797 count: 115 score: -18.5551 average_last200: 162.5885 epis: 0.0003 loss: 28.1120 
episode: 798 count: 249 score: 254.7351 average_last200: 163.9228 epis: 0.0003 loss: 63.8377 
episode: 799 count: 281 score: 203.6416 average_last200: 165.1100 epis: 0.0003 loss: 73.9617 
episode: 800 count: 272 score: 246.8311 average_last200: 165.3907 epis: 0.0003 loss: 69.9259 
episode: 801 count: 179 score: 201.5468 average_last200: 165.1990 epis: 0.0003 loss: 43.7821 
episode: 802 count: 298 score: 254.3898 average_last200: 165.3747 epis: 0.0003 loss: 73.1474 
episode: 803 count: 278 score: 203.5898 average_last200: 165.3147 epis: 0.0003 loss: 69.0898 
episode: 804 count: 252 score: 245.3554 average_last200: 166.6533 epis: 0.0003 loss: 60.2828 
episode: 805 count: 214 score: 245.3905 average_last200: 166.7924 epis: 0.0003 loss: 52.4312 
episode: 806 count: 222 score: 216.6714 average_last200: 166.7124 epis: 0.0003 loss: 56.3865 
episode: 807 count: 203 score: 190.8949 average_last200: 167.8730 epis: 0.0003 loss: 48.6461 
episode: 808 count: 109 score: -6.8616 average_last200: 166.6912 epis: 0.0003 loss: 27.1288 
episode: 809 count: 121 score: 8.1156 average_last200: 165.6460 epis: 0.0003 loss: 29.1440 
episode: 810 count: 103 score: -1.7981 average_last200: 164.3845 epis: 0.0003 loss: 23.7205 
episode: 811 count: 168 score: 15.8859 average_last200: 163.2441 epis: 0.0003 loss: 45.8937 
episode: 812 count: 259 score: 189.5252 average_last200: 163.1979 epis: 0.0003 loss: 65.4292 
episode: 813 count: 177 score: 28.1354 average_last200: 162.1598 epis: 0.0003 loss: 41.7133 
episode: 814 count: 146 score: 9.5457 average_last200: 161.0891 epis: 0.0003 loss: 37.9989 
episode: 815 count: 249 score: 249.4728 average_last200: 161.2911 epis: 0.0003 loss: 65.6163 
episode: 816 count: 164 score: 25.1956 average_last200: 160.1721 epis: 0.0003 loss: 39.6608 
episode: 817 count: 149 score: 18.1551 average_last200: 159.1497 epis: 0.0003 loss: 38.4783 
episode: 818 count: 280 score: 263.3153 average_last200: 159.3776 epis: 0.0003 loss: 70.1987 
episode: 819 count: 107 score: 13.3495 average_last200: 158.3906 epis: 0.0003 loss: 25.4335 
episode: 820 count: 152 score: -14.5344 average_last200: 157.2809 epis: 0.0003 loss: 38.0819 
episode: 821 count: 143 score: 19.8131 average_last200: 156.2746 epis: 0.0003 loss: 34.2644 
episode: 822 count: 245 score: 2.2787 average_last200: 155.1115 epis: 0.0003 loss: 61.7912 
episode: 823 count: 216 score: 203.6615 average_last200: 155.1060 epis: 0.0003 loss: 56.9592 
episode: 824 count: 173 score: -40.5886 average_last200: 153.8243 epis: 0.0003 loss: 47.3970 
episode: 825 count: 341 score: 215.3180 average_last200: 154.0604 epis: 0.0002 loss: 85.9472 
episode: 826 count: 109 score: 8.8891 average_last200: 152.8759 epis: 0.0002 loss: 28.0147 
episode: 827 count: 128 score: 8.9690 average_last200: 152.5154 epis: 0.0002 loss: 33.9382 
episode: 828 count: 238 score: 261.9326 average_last200: 152.8285 epis: 0.0002 loss: 61.9850 
episode: 829 count: 168 score: 11.2080 average_last200: 151.9362 epis: 0.0002 loss: 43.0089 
episode: 830 count: 283 score: 254.7972 average_last200: 152.8836 epis: 0.0002 loss: 72.5605 
episode: 831 count: 213 score: 249.1511 average_last200: 152.8961 epis: 0.0002 loss: 55.6156 
episode: 832 count: 153 score: -16.9098 average_last200: 151.5772 epis: 0.0002 loss: 37.9744 
episode: 833 count: 101 score: -4.2884 average_last200: 150.4940 epis: 0.0002 loss: 26.6566 
episode: 834 count: 236 score: 263.3047 average_last200: 150.7401 epis: 0.0002 loss: 59.0510 
episode: 835 count: 182 score: 214.9185 average_last200: 150.8115 epis: 0.0002 loss: 50.1626 
episode: 836 count: 102 score: 24.6804 average_last200: 149.8153 epis: 0.0002 loss: 24.7173 
episode: 837 count: 262 score: 248.1832 average_last200: 150.0377 epis: 0.0002 loss: 69.9884 
episode: 838 count: 130 score: -28.7188 average_last200: 148.9711 epis: 0.0002 loss: 34.6781 
episode: 839 count: 106 score: -43.8760 average_last200: 147.6083 epis: 0.0002 loss: 27.8640 
episode: 840 count: 185 score: -14.2081 average_last200: 146.5942 epis: 0.0002 loss: 48.4071 
episode: 841 count: 148 score: -6.1282 average_last200: 145.3948 epis: 0.0002 loss: 38.5342 
episode: 842 count: 109 score: -7.9815 average_last200: 144.4599 epis: 0.0002 loss: 30.2021 
episode: 843 count: 229 score: -5.6695 average_last200: 143.2909 epis: 0.0002 loss: 63.5663 
episode: 844 count: 693 score: 154.4402 average_last200: 142.8602 epis: 0.0002 loss: 175.9751 
episode: 845 count: 115 score: 27.6390 average_last200: 142.1262 epis: 0.0002 loss: 29.5171 
episode: 846 count: 301 score: 251.9765 average_last200: 142.2781 epis: 0.0002 loss: 76.2755 
episode: 847 count: 211 score: 242.7205 average_last200: 142.5943 epis: 0.0002 loss: 54.9679 
episode: 848 count: 347 score: 203.2075 average_last200: 142.4887 epis: 0.0002 loss: 91.1618 
episode: 849 count: 235 score: 238.9443 average_last200: 142.8111 epis: 0.0002 loss: 60.4088 
episode: 850 count: 300 score: 197.8827 average_last200: 142.7455 epis: 0.0002 loss: 76.5066 
episode: 851 count: 125 score: -17.9579 average_last200: 141.7369 epis: 0.0002 loss: 34.1861 
episode: 852 count: 261 score: 240.4136 average_last200: 141.7713 epis: 0.0002 loss: 66.1798 
episode: 853 count: 148 score: 5.4800 average_last200: 140.9958 epis: 0.0002 loss: 39.0194 
episode: 854 count: 136 score: -38.8344 average_last200: 139.6509 epis: 0.0002 loss: 32.1292 
episode: 855 count: 133 score: 26.0734 average_last200: 138.9693 epis: 0.0002 loss: 31.7628 
episode: 856 count: 139 score: -17.4912 average_last200: 137.6811 epis: 0.0002 loss: 35.6292 
episode: 857 count: 141 score: 6.1177 average_last200: 136.5992 epis: 0.0002 loss: 34.0514 
episode: 858 count: 169 score: -8.8072 average_last200: 136.0900 epis: 0.0002 loss: 43.1663 
episode: 859 count: 269 score: 253.4125 average_last200: 136.5348 epis: 0.0002 loss: 64.1640 
episode: 860 count: 425 score: 207.8838 average_last200: 136.8697 epis: 0.0002 loss: 113.4997 
episode: 861 count: 216 score: 247.6892 average_last200: 137.2756 epis: 0.0002 loss: 50.7137 
episode: 862 count: 168 score: -35.0137 average_last200: 136.1837 epis: 0.0002 loss: 42.5590 
episode: 863 count: 110 score: -5.1480 average_last200: 135.4838 epis: 0.0002 loss: 29.2903 
episode: 864 count: 126 score: -9.8390 average_last200: 134.4453 epis: 0.0002 loss: 30.3367 
episode: 865 count: 233 score: 251.6679 average_last200: 134.9423 epis: 0.0002 loss: 60.2011 
episode: 866 count: 184 score: 248.0647 average_last200: 135.4629 epis: 0.0002 loss: 45.0993 
episode: 867 count: 130 score: -9.5001 average_last200: 134.4001 epis: 0.0002 loss: 30.5423 
episode: 868 count: 320 score: 227.9965 average_last200: 134.6402 epis: 0.0002 loss: 76.3268 
episode: 869 count: 216 score: 217.8353 average_last200: 134.9873 epis: 0.0002 loss: 54.6764 
episode: 870 count: 243 score: 235.9303 average_last200: 135.4279 epis: 0.0002 loss: 59.1820 
episode: 871 count: 192 score: 190.0866 average_last200: 135.5842 epis: 0.0002 loss: 51.4297 
episode: 872 count: 202 score: 211.5563 average_last200: 135.9241 epis: 0.0002 loss: 50.0869 
episode: 873 count: 200 score: 193.2848 average_last200: 137.3193 epis: 0.0002 loss: 47.8829 
episode: 874 count: 177 score: 226.3317 average_last200: 137.2235 epis: 0.0002 loss: 43.9747 
episode: 875 count: 211 score: 222.7245 average_last200: 137.6361 epis: 0.0002 loss: 53.7221 
episode: 876 count: 219 score: 260.9697 average_last200: 137.9079 epis: 0.0001 loss: 50.1442 
episode: 877 count: 372 score: 231.4374 average_last200: 138.2918 epis: 0.0001 loss: 95.6222 
episode: 878 count: 203 score: 242.4686 average_last200: 139.7299 epis: 0.0001 loss: 48.5712 
episode: 879 count: 181 score: 217.6822 average_last200: 141.0428 epis: 0.0001 loss: 46.6127 
episode: 880 count: 138 score: -4.7678 average_last200: 141.4142 epis: 0.0001 loss: 35.3902 
episode: 881 count: 164 score: -63.9122 average_last200: 141.5207 epis: 0.0001 loss: 41.7367 
episode: 882 count: 219 score: 236.5879 average_last200: 141.7986 epis: 0.0001 loss: 54.7580 
episode: 883 count: 118 score: -56.4014 average_last200: 140.6951 epis: 0.0001 loss: 31.6474 
episode: 884 count: 195 score: 197.0935 average_last200: 140.6226 epis: 0.0001 loss: 49.0985 
episode: 885 count: 233 score: 241.6503 average_last200: 140.8170 epis: 0.0001 loss: 57.8677 
episode: 886 count: 258 score: 251.1152 average_last200: 141.6523 epis: 0.0001 loss: 62.3582 
episode: 887 count: 213 score: 249.0273 average_last200: 143.0522 epis: 0.0001 loss: 51.7070 
episode: 888 count: 222 score: 210.4408 average_last200: 143.0880 epis: 0.0001 loss: 52.7950 
episode: 889 count: 188 score: 238.0612 average_last200: 144.5377 epis: 0.0001 loss: 44.4690 
episode: 890 count: 206 score: 251.1818 average_last200: 144.4750 epis: 0.0001 loss: 50.9654 
episode: 891 count: 209 score: 217.1223 average_last200: 144.5246 epis: 0.0001 loss: 50.6412 
episode: 892 count: 250 score: 239.8575 average_last200: 145.0017 epis: 0.0001 loss: 58.6650 
episode: 893 count: 200 score: 224.8794 average_last200: 145.5113 epis: 0.0001 loss: 48.4437 
episode: 894 count: 206 score: 209.5332 average_last200: 146.9042 epis: 0.0001 loss: 51.7193 
episode: 895 count: 421 score: 207.6610 average_last200: 146.8963 epis: 0.0001 loss: 104.8077 
episode: 896 count: 163 score: -35.7032 average_last200: 146.0680 epis: 0.0001 loss: 39.2723 
episode: 897 count: 223 score: 242.3378 average_last200: 146.2750 epis: 0.0001 loss: 55.9306 
episode: 898 count: 210 score: 236.1728 average_last200: 147.6217 epis: 0.0001 loss: 49.1780 
episode: 899 count: 448 score: 185.7615 average_last200: 148.6789 epis: 0.0001 loss: 109.0144 
episode: 900 count: 215 score: -20.9535 average_last200: 147.6284 epis: 0.0001 loss: 54.0253 
episode: 901 count: 200 score: 229.6243 average_last200: 148.9507 epis: 0.0001 loss: 48.1748 
episode: 902 count: 176 score: 228.2369 average_last200: 148.8575 epis: 0.0001 loss: 43.8292 
episode: 903 count: 242 score: 263.0334 average_last200: 150.3462 epis: 0.0001 loss: 57.2252 
episode: 904 count: 473 score: 118.7503 average_last200: 149.9992 epis: 0.0001 loss: 115.2072 
episode: 905 count: 253 score: -124.7830 average_last200: 149.5810 epis: 0.0001 loss: 60.5581 
episode: 906 count: 170 score: 217.7054 average_last200: 151.1212 epis: 0.0001 loss: 41.3041 
episode: 907 count: 356 score: 215.8718 average_last200: 152.4158 epis: 0.0001 loss: 85.7296 
episode: 908 count: 318 score: 192.8523 average_last200: 153.7736 epis: 0.0001 loss: 78.1044 
episode: 909 count: 215 score: 201.7665 average_last200: 155.1011 epis: 0.0001 loss: 49.1525 
episode: 910 count: 197 score: 235.0933 average_last200: 156.3982 epis: 0.0001 loss: 49.2935 
episode: 911 count: 374 score: 248.3792 average_last200: 157.8555 epis: 0.0001 loss: 91.9273 
episode: 912 count: 187 score: 233.7438 average_last200: 159.0477 epis: 0.0001 loss: 47.2443 
episode: 913 count: 211 score: 246.6161 average_last200: 160.5918 epis: 0.0001 loss: 56.4669 
episode: 914 count: 226 score: 180.5609 average_last200: 161.6655 epis: 0.0001 loss: 55.9399 
episode: 915 count: 189 score: 203.2829 average_last200: 162.1551 epis: 0.0001 loss: 45.8527 
episode: 916 count: 259 score: 184.3456 average_last200: 163.2200 epis: 0.0001 loss: 66.2230 
episode: 917 count: 259 score: 226.1369 average_last200: 164.6979 epis: 0.0001 loss: 64.7371 
episode: 918 count: 264 score: 239.7686 average_last200: 165.1312 epis: 0.0001 loss: 63.0849 
episode: 919 count: 224 score: 190.9412 average_last200: 164.9819 epis: 0.0001 loss: 57.1124 
episode: 920 count: 148 score: -36.3890 average_last200: 165.0760 epis: 0.0001 loss: 35.4414 
episode: 921 count: 258 score: 214.5232 average_last200: 165.2865 epis: 0.0001 loss: 62.2361 
episode: 922 count: 258 score: 202.4705 average_last200: 165.1844 epis: 0.0001 loss: 64.1751 
episode: 923 count: 330 score: 185.3685 average_last200: 166.0530 epis: 0.0001 loss: 84.9526 
episode: 924 count: 268 score: 186.9679 average_last200: 165.9901 epis: 0.0001 loss: 67.4970 
episode: 925 count: 251 score: 231.8257 average_last200: 166.1474 epis: 0.0001 loss: 63.8250 
episode: 926 count: 744 score: 187.2039 average_last200: 166.2661 epis: 0.0001 loss: 187.3524 
episode: 927 count: 228 score: 202.0466 average_last200: 166.0454 epis: 0.0001 loss: 57.0697 
episode: 928 count: 267 score: 202.2264 average_last200: 166.0596 epis: 0.0001 loss: 66.7686 
episode: 929 count: 204 score: 211.3585 average_last200: 167.4791 epis: 0.0001 loss: 49.6069 
episode: 930 count: 287 score: 239.7517 average_last200: 167.5030 epis: 0.0001 loss: 69.3548 
episode: 931 count: 580 score: 197.4899 average_last200: 167.7345 epis: 0.0001 loss: 146.5365 
episode: 932 count: 235 score: 231.3198 average_last200: 168.0621 epis: 0.0001 loss: 63.0066 
episode: 933 count: 1000 score: 118.6829 average_last200: 167.5383 epis: 0.0001 loss: 260.9414 
episode: 934 count: 261 score: 256.8941 average_last200: 167.7569 epis: 0.0001 loss: 63.6936 
episode: 935 count: 365 score: 172.7245 average_last200: 167.5397 epis: 0.0001 loss: 93.4457 
episode: 936 count: 250 score: 249.7995 average_last200: 167.7643 epis: 0.0001 loss: 63.5044 
episode: 937 count: 260 score: 251.2037 average_last200: 167.9726 epis: 0.0001 loss: 63.4844 
episode: 938 count: 175 score: 231.2143 average_last200: 168.1267 epis: 0.0001 loss: 41.5086 
episode: 939 count: 195 score: 212.5517 average_last200: 167.9317 epis: 0.0001 loss: 45.5096 
episode: 940 count: 1000 score: 87.9294 average_last200: 167.2942 epis: 0.0001 loss: 255.7766 
episode: 941 count: 249 score: 217.2669 average_last200: 167.3216 epis: 0.0001 loss: 62.4906 
episode: 942 count: 250 score: 248.6860 average_last200: 167.4683 epis: 0.0001 loss: 65.9899 
episode: 943 count: 193 score: 233.2453 average_last200: 167.8386 epis: 0.0001 loss: 51.9385 
episode: 944 count: 224 score: 257.1768 average_last200: 168.2274 epis: 0.0001 loss: 59.1393 
episode: 945 count: 247 score: 248.0563 average_last200: 168.5736 epis: 0.0001 loss: 63.3097 
episode: 946 count: 237 score: 182.2988 average_last200: 168.2926 epis: 0.0001 loss: 63.1561 
episode: 947 count: 336 score: 167.8345 average_last200: 168.3217 epis: 0.0001 loss: 82.7684 
episode: 948 count: 262 score: 218.1302 average_last200: 168.1608 epis: 0.0001 loss: 68.6497 
episode: 949 count: 228 score: 210.3929 average_last200: 167.9547 epis: 0.0001 loss: 62.9734 
episode: 950 count: 241 score: 185.8581 average_last200: 167.7045 epis: 0.0001 loss: 65.1676 
episode: 951 count: 192 score: 189.6524 average_last200: 167.5454 epis: 0.0001 loss: 51.1873 
episode: 952 count: 486 score: 161.1774 average_last200: 167.2742 epis: 0.0001 loss: 128.9847 
episode: 953 count: 904 score: 210.0461 average_last200: 167.3685 epis: 0.0001 loss: 237.6985 
episode: 954 count: 212 score: 196.5767 average_last200: 167.6584 epis: 0.0001 loss: 57.6915 
episode: 955 count: 816 score: 185.0509 average_last200: 167.4758 epis: 0.0001 loss: 216.6989 
episode: 956 count: 403 score: 151.7370 average_last200: 167.0806 epis: 0.0001 loss: 103.4874 
episode: 957 count: 232 score: -54.6857 average_last200: 166.0505 epis: 0.0001 loss: 65.8467 
episode: 958 count: 215 score: 246.5966 average_last200: 166.2419 epis: 0.0001 loss: 58.9187 
episode: 959 count: 293 score: 171.7224 average_last200: 166.1695 epis: 0.0001 loss: 82.1754 
episode: 960 count: 1000 score: -111.6383 average_last200: 164.6408 epis: 0.0001 loss: 272.3925 
episode: 961 count: 381 score: 201.1981 average_last200: 164.5953 epis: 0.0001 loss: 96.7094 
episode: 962 count: 168 score: -143.0096 average_last200: 162.7410 epis: 0.0001 loss: 45.8572 
episode: 963 count: 219 score: 159.4181 average_last200: 162.5008 epis: 0.0001 loss: 60.4760 
episode: 964 count: 237 score: 226.7127 average_last200: 162.4692 epis: 0.0001 loss: 63.4351 
episode: 965 count: 232 score: 215.1469 average_last200: 162.4688 epis: 0.0001 loss: 59.9373 
episode: 966 count: 221 score: 215.7773 average_last200: 162.4741 epis: 0.0001 loss: 58.2922 
episode: 967 count: 275 score: 253.6137 average_last200: 162.7222 epis: 0.0001 loss: 72.8179 
episode: 968 count: 238 score: 168.2445 average_last200: 162.6058 epis: 0.0001 loss: 60.8540 
episode: 969 count: 197 score: 189.6786 average_last200: 162.6198 epis: 0.0001 loss: 55.7600 
episode: 970 count: 237 score: 175.1172 average_last200: 162.3805 epis: 0.0001 loss: 66.2954 
episode: 971 count: 222 score: 264.0930 average_last200: 162.5866 epis: 0.0001 loss: 61.3234 
episode: 972 count: 230 score: 241.7307 average_last200: 162.7217 epis: 0.0001 loss: 60.3153 
episode: 973 count: 262 score: 200.2425 average_last200: 162.6392 epis: 0.0001 loss: 68.5362 
episode: 974 count: 202 score: 145.3664 average_last200: 162.2834 epis: 0.0001 loss: 51.7881 
episode: 975 count: 170 score: -60.7754 average_last200: 160.7620 epis: 0.0001 loss: 40.1658 
episode: 976 count: 1000 score: 28.2715 average_last200: 159.8346 epis: 0.0001 loss: 274.2931 
episode: 977 count: 164 score: -22.3656 average_last200: 158.5314 epis: 0.0001 loss: 41.7103 
episode: 978 count: 193 score: 203.2096 average_last200: 158.4412 epis: 0.0001 loss: 49.2948 
episode: 979 count: 565 score: -300.4666 average_last200: 155.8277 epis: 0.0001 loss: 157.6752 
episode: 980 count: 1000 score: -119.4788 average_last200: 154.0397 epis: 0.0001 loss: 271.0193 
episode: 981 count: 233 score: 250.0166 average_last200: 154.1663 epis: 0.0001 loss: 60.9452 
episode: 982 count: 291 score: -195.2185 average_last200: 152.1456 epis: 0.0001 loss: 75.2738 
episode: 983 count: 256 score: -105.4473 average_last200: 150.6653 epis: 0.0001 loss: 68.7139 
episode: 984 count: 266 score: 151.4014 average_last200: 150.3642 epis: 0.0001 loss: 74.6912 
episode: 985 count: 253 score: 193.7268 average_last200: 150.2471 epis: 0.0000 loss: 66.5090 
episode: 986 count: 157 score: -53.3439 average_last200: 148.8708 epis: 0.0000 loss: 41.5059 
episode: 987 count: 274 score: 227.9251 average_last200: 148.8160 epis: 0.0000 loss: 73.6325 
episode: 988 count: 298 score: 235.2276 average_last200: 148.8610 epis: 0.0000 loss: 85.1435 
episode: 989 count: 215 score: 219.6135 average_last200: 148.7939 epis: 0.0000 loss: 61.6298 
episode: 990 count: 363 score: 139.0874 average_last200: 148.2139 epis: 0.0000 loss: 104.9808 
episode: 991 count: 488 score: -190.5727 average_last200: 146.1316 epis: 0.0000 loss: 136.9530 
episode: 992 count: 506 score: 175.2687 average_last200: 145.8169 epis: 0.0000 loss: 133.9728 
episode: 993 count: 253 score: 224.3077 average_last200: 145.8109 epis: 0.0000 loss: 68.1863 
episode: 994 count: 403 score: 192.1012 average_last200: 145.6764 epis: 0.0000 loss: 107.8485 
episode: 995 count: 1000 score: -49.1883 average_last200: 144.1704 epis: 0.0000 loss: 270.1702 
episode: 996 count: 221 score: 204.3734 average_last200: 144.0104 epis: 0.0000 loss: 58.8538 
episode: 997 count: 1000 score: -84.3281 average_last200: 143.6815 epis: 0.0000 loss: 268.6619 
episode: 998 count: 215 score: 252.9448 average_last200: 143.6726 epis: 0.0000 loss: 58.8086 
episode: 999 count: 1000 score: -106.1833 average_last200: 142.1234 epis: 0.0000 loss: 275.1759 
