[33mWARN: gym.spaces.Box autodetected dtype as <class 'numpy.float32'>. Please provide explicit dtype.[0m
All para: Epis 1000 memlen 300000 gamma 0.990 epsilon 0.990 alpha 0.00050 batch 5 upfreq 500
episode: 0 count: 103 score: -201.7553 average_last200: -201.7553 epis: 0.9900 loss: 0.0000 
episode: 1 count: 84 score: -166.6921 average_last200: -184.2237 epis: 0.9801 loss: 0.0000 
episode: 2 count: 127 score: -140.9426 average_last200: -169.7967 epis: 0.9703 loss: 0.0000 
episode: 3 count: 98 score: -151.9605 average_last200: -165.3376 epis: 0.9606 loss: 0.0000 
episode: 4 count: 71 score: -305.0290 average_last200: -193.2759 epis: 0.9510 loss: 0.0000 
episode: 5 count: 124 score: -219.4452 average_last200: -197.6374 epis: 0.9415 loss: 0.0000 
episode: 6 count: 136 score: -149.6131 average_last200: -190.7768 epis: 0.9321 loss: 0.0000 
episode: 7 count: 105 score: -416.8472 average_last200: -219.0356 epis: 0.9227 loss: 0.0000 
episode: 8 count: 88 score: -384.5283 average_last200: -237.4237 epis: 0.9135 loss: 0.0000 
episode: 9 count: 101 score: -358.2294 average_last200: -249.5043 epis: 0.9044 loss: 12.7580 
episode: 10 count: 73 score: -123.7995 average_last200: -238.0766 epis: 0.8953 loss: 53.4939 
episode: 11 count: 98 score: -295.7538 average_last200: -242.8830 epis: 0.8864 loss: 45.8613 
episode: 12 count: 170 score: -386.3248 average_last200: -253.9170 epis: 0.8775 loss: 71.7474 
episode: 13 count: 108 score: -349.5622 average_last200: -260.7488 epis: 0.8687 loss: 42.5518 
episode: 14 count: 147 score: -89.2295 average_last200: -249.3142 epis: 0.8601 loss: 87.8591 
episode: 15 count: 113 score: -137.6539 average_last200: -242.3354 epis: 0.8515 loss: 33.7870 
episode: 16 count: 106 score: -162.1642 average_last200: -237.6194 epis: 0.8429 loss: 37.2750 
episode: 17 count: 117 score: -423.6802 average_last200: -247.9561 epis: 0.8345 loss: 49.3937 
episode: 18 count: 67 score: -196.1251 average_last200: -245.2282 epis: 0.8262 loss: 33.4887 
episode: 19 count: 70 score: -164.1062 average_last200: -241.1721 epis: 0.8179 loss: 47.4553 
episode: 20 count: 132 score: -128.1306 average_last200: -235.7892 epis: 0.8097 loss: 37.1770 
episode: 21 count: 120 score: -24.5088 average_last200: -226.1855 epis: 0.8016 loss: 43.3849 
episode: 22 count: 100 score: -93.1344 average_last200: -220.4007 epis: 0.7936 loss: 52.7198 
episode: 23 count: 82 score: -180.7594 average_last200: -218.7490 epis: 0.7857 loss: 36.8825 
episode: 24 count: 130 score: -260.2223 average_last200: -220.4079 epis: 0.7778 loss: 67.5640 
episode: 25 count: 98 score: -299.9525 average_last200: -223.4673 epis: 0.7700 loss: 35.2830 
episode: 26 count: 73 score: -69.8739 average_last200: -217.7787 epis: 0.7623 loss: 18.1906 
episode: 27 count: 134 score: -158.5554 average_last200: -215.6635 epis: 0.7547 loss: 36.7119 
episode: 28 count: 139 score: -158.4203 average_last200: -213.6896 epis: 0.7472 loss: 39.5762 
episode: 29 count: 119 score: -156.5335 average_last200: -211.7844 epis: 0.7397 loss: 59.6506 
episode: 30 count: 120 score: -174.6408 average_last200: -210.5863 epis: 0.7323 loss: 39.3407 
episode: 31 count: 74 score: -127.4593 average_last200: -207.9885 epis: 0.7250 loss: 28.8834 
episode: 32 count: 176 score: -257.2154 average_last200: -209.4803 epis: 0.7177 loss: 98.0829 
episode: 33 count: 117 score: -97.0051 average_last200: -206.1722 epis: 0.7106 loss: 40.5818 
episode: 34 count: 157 score: -260.5810 average_last200: -207.7267 epis: 0.7034 loss: 56.2473 
episode: 35 count: 139 score: -390.9302 average_last200: -212.8157 epis: 0.6964 loss: 46.2368 
episode: 36 count: 146 score: -130.2161 average_last200: -210.5833 epis: 0.6894 loss: 54.3139 
episode: 37 count: 130 score: -113.4095 average_last200: -208.0261 epis: 0.6826 loss: 32.2359 
episode: 38 count: 128 score: -198.3339 average_last200: -207.7775 epis: 0.6757 loss: 37.5350 
episode: 39 count: 142 score: -159.3105 average_last200: -206.5659 epis: 0.6690 loss: 54.3033 
episode: 40 count: 131 score: -190.5602 average_last200: -206.1755 epis: 0.6623 loss: 39.2388 
episode: 41 count: 163 score: -131.1220 average_last200: -204.3885 epis: 0.6557 loss: 39.4150 
episode: 42 count: 77 score: -120.1470 average_last200: -202.4294 epis: 0.6491 loss: 21.1792 
episode: 43 count: 135 score: -116.5535 average_last200: -200.4777 epis: 0.6426 loss: 44.8197 
episode: 44 count: 98 score: -127.1997 average_last200: -198.8493 epis: 0.6362 loss: 46.9180 
episode: 45 count: 141 score: -120.8986 average_last200: -197.1547 epis: 0.6298 loss: 46.0257 
episode: 46 count: 139 score: -116.5427 average_last200: -195.4395 epis: 0.6235 loss: 29.1114 
episode: 47 count: 134 score: -149.5639 average_last200: -194.4838 epis: 0.6173 loss: 56.1262 
episode: 48 count: 74 score: -129.4207 average_last200: -193.1560 epis: 0.6111 loss: 13.0329 
episode: 49 count: 146 score: -169.8455 average_last200: -192.6898 epis: 0.6050 loss: 39.6124 
episode: 50 count: 177 score: -90.5372 average_last200: -190.6868 epis: 0.5990 loss: 52.5481 
episode: 51 count: 94 score: -92.3753 average_last200: -188.7962 epis: 0.5930 loss: 20.1675 
episode: 52 count: 86 score: -113.2895 average_last200: -187.3715 epis: 0.5870 loss: 34.1263 
episode: 53 count: 156 score: -125.6933 average_last200: -186.2293 epis: 0.5812 loss: 47.6100 
episode: 54 count: 206 score: -81.6173 average_last200: -184.3273 epis: 0.5754 loss: 44.8918 
episode: 55 count: 142 score: -129.8672 average_last200: -183.3548 epis: 0.5696 loss: 64.6768 
episode: 56 count: 121 score: -279.7799 average_last200: -185.0465 epis: 0.5639 loss: 21.0688 
episode: 57 count: 163 score: -68.0410 average_last200: -183.0291 epis: 0.5583 loss: 56.7739 
episode: 58 count: 121 score: -38.2421 average_last200: -180.5751 epis: 0.5527 loss: 33.4914 
episode: 59 count: 238 score: -109.8389 average_last200: -179.3962 epis: 0.5472 loss: 88.9421 
episode: 60 count: 182 score: -113.1639 average_last200: -178.3104 epis: 0.5417 loss: 49.9588 
episode: 61 count: 178 score: -23.9107 average_last200: -175.8201 epis: 0.5363 loss: 58.9778 
episode: 62 count: 308 score: -77.4611 average_last200: -174.2588 epis: 0.5309 loss: 92.9670 
episode: 63 count: 165 score: -123.7284 average_last200: -173.4693 epis: 0.5256 loss: 49.7585 
episode: 64 count: 173 score: -118.2294 average_last200: -172.6194 epis: 0.5203 loss: 63.4361 
episode: 65 count: 133 score: -140.8321 average_last200: -172.1378 epis: 0.5151 loss: 38.4033 
episode: 66 count: 213 score: -83.2983 average_last200: -170.8118 epis: 0.5100 loss: 57.8041 
episode: 67 count: 151 score: -38.5195 average_last200: -168.8664 epis: 0.5049 loss: 25.6370 
episode: 68 count: 212 score: -68.1798 average_last200: -167.4071 epis: 0.4998 loss: 84.4136 
episode: 69 count: 154 score: -96.4899 average_last200: -166.3940 epis: 0.4948 loss: 59.7398 
episode: 70 count: 124 score: -65.1644 average_last200: -164.9683 epis: 0.4899 loss: 24.8328 
episode: 71 count: 149 score: -77.5364 average_last200: -163.7539 epis: 0.4850 loss: 35.9111 
episode: 72 count: 131 score: -89.9206 average_last200: -162.7425 epis: 0.4801 loss: 59.9903 
episode: 73 count: 178 score: -60.2953 average_last200: -161.3581 epis: 0.4753 loss: 59.5387 
episode: 74 count: 281 score: -83.2779 average_last200: -160.3170 epis: 0.4706 loss: 76.2843 
episode: 75 count: 114 score: -68.8001 average_last200: -159.1129 epis: 0.4659 loss: 24.6089 
episode: 76 count: 194 score: -92.4548 average_last200: -158.2472 epis: 0.4612 loss: 57.8495 
episode: 77 count: 164 score: -111.4337 average_last200: -157.6470 epis: 0.4566 loss: 38.4754 
episode: 78 count: 144 score: -79.0684 average_last200: -156.6523 epis: 0.4520 loss: 46.1494 
episode: 79 count: 157 score: -57.0750 average_last200: -155.4076 epis: 0.4475 loss: 41.8770 
episode: 80 count: 465 score: -58.5824 average_last200: -154.2123 epis: 0.4430 loss: 169.6526 
episode: 81 count: 284 score: -115.0616 average_last200: -153.7348 epis: 0.4386 loss: 88.5088 
episode: 82 count: 1000 score: -118.1363 average_last200: -153.3059 epis: 0.4342 loss: 327.2543 
episode: 83 count: 1000 score: -106.1099 average_last200: -152.7440 epis: 0.4299 loss: 288.9687 
episode: 84 count: 387 score: -147.5634 average_last200: -152.6831 epis: 0.4256 loss: 101.3284 
episode: 85 count: 105 score: -75.1344 average_last200: -151.7814 epis: 0.4213 loss: 35.9122 
episode: 86 count: 111 score: -143.7540 average_last200: -151.6891 epis: 0.4171 loss: 23.7564 
episode: 87 count: 304 score: -148.9884 average_last200: -151.6584 epis: 0.4129 loss: 74.3076 
episode: 88 count: 452 score: -267.7238 average_last200: -152.9625 epis: 0.4088 loss: 125.3925 
episode: 89 count: 469 score: -109.2331 average_last200: -152.4766 epis: 0.4047 loss: 160.9078 
episode: 90 count: 279 score: -56.4077 average_last200: -151.4209 epis: 0.4007 loss: 68.2202 
episode: 91 count: 214 score: -73.6914 average_last200: -150.5760 epis: 0.3967 loss: 48.5585 
episode: 92 count: 1000 score: -29.0449 average_last200: -149.2693 epis: 0.3927 loss: 343.2506 
episode: 93 count: 1000 score: -96.0763 average_last200: -148.7034 epis: 0.3888 loss: 293.5612 
episode: 94 count: 1000 score: -16.6596 average_last200: -147.3134 epis: 0.3849 loss: 366.9170 
episode: 95 count: 1000 score: 30.8096 average_last200: -145.4580 epis: 0.3810 loss: 347.0400 
episode: 96 count: 302 score: -15.4472 average_last200: -144.1177 epis: 0.3772 loss: 132.7871 
episode: 97 count: 546 score: -98.7072 average_last200: -143.6543 epis: 0.3735 loss: 215.4014 
episode: 98 count: 1000 score: -13.3586 average_last200: -142.3382 epis: 0.3697 loss: 380.7343 
episode: 99 count: 1000 score: -41.8114 average_last200: -141.3329 epis: 0.3660 loss: 435.5463 
episode: 100 count: 1000 score: -165.2717 average_last200: -141.5699 epis: 0.3624 loss: 365.2983 
episode: 101 count: 139 score: -232.6738 average_last200: -142.4631 epis: 0.3587 loss: 63.5444 
episode: 102 count: 1000 score: -37.0769 average_last200: -141.4399 epis: 0.3552 loss: 367.4051 
episode: 103 count: 183 score: -135.9874 average_last200: -141.3875 epis: 0.3516 loss: 91.2833 
episode: 104 count: 336 score: -48.8826 average_last200: -140.5065 epis: 0.3481 loss: 121.6623 
episode: 105 count: 1000 score: -19.3938 average_last200: -139.3639 epis: 0.3446 loss: 360.4256 
episode: 106 count: 883 score: -140.1849 average_last200: -139.3716 epis: 0.3412 loss: 324.5765 
episode: 107 count: 158 score: -77.3079 average_last200: -138.7970 epis: 0.3378 loss: 56.1925 
episode: 108 count: 461 score: -129.3634 average_last200: -138.7104 epis: 0.3344 loss: 155.6433 
episode: 109 count: 1000 score: -74.5630 average_last200: -138.1272 epis: 0.3310 loss: 405.3414 
episode: 110 count: 412 score: -178.1830 average_last200: -138.4881 epis: 0.3277 loss: 150.7937 
episode: 111 count: 164 score: -44.8556 average_last200: -137.6521 epis: 0.3244 loss: 55.6213 
episode: 112 count: 1000 score: -43.5340 average_last200: -136.8192 epis: 0.3212 loss: 370.4900 
episode: 113 count: 1000 score: 3.4611 average_last200: -135.5887 epis: 0.3180 loss: 436.9409 
episode: 114 count: 1000 score: -204.5840 average_last200: -136.1886 epis: 0.3148 loss: 337.2639 
episode: 115 count: 996 score: -270.7133 average_last200: -137.3483 epis: 0.3117 loss: 329.2730 
episode: 116 count: 1000 score: -92.8411 average_last200: -136.9679 epis: 0.3085 loss: 326.3935 
episode: 117 count: 761 score: -238.4550 average_last200: -137.8280 epis: 0.3055 loss: 249.4703 
episode: 118 count: 360 score: -167.1010 average_last200: -138.0740 epis: 0.3024 loss: 91.3562 
episode: 119 count: 1000 score: -141.6114 average_last200: -138.1035 epis: 0.2994 loss: 311.7741 
episode: 120 count: 495 score: -213.9922 average_last200: -138.7306 epis: 0.2964 loss: 139.0198 
episode: 121 count: 720 score: -275.1115 average_last200: -139.8485 epis: 0.2934 loss: 215.4914 
episode: 122 count: 1000 score: -59.0219 average_last200: -139.1914 epis: 0.2905 loss: 244.7978 
episode: 123 count: 700 score: -257.1581 average_last200: -140.1427 epis: 0.2876 loss: 183.8021 
episode: 124 count: 1000 score: -98.8784 average_last200: -139.8126 epis: 0.2847 loss: 247.3363 
episode: 125 count: 1000 score: -33.5134 average_last200: -138.9690 epis: 0.2819 loss: 275.2768 
episode: 126 count: 1000 score: -46.5698 average_last200: -138.2414 epis: 0.2790 loss: 252.8298 
episode: 127 count: 775 score: -186.1136 average_last200: -138.6154 epis: 0.2763 loss: 208.1531 
episode: 128 count: 283 score: -109.2994 average_last200: -138.3882 epis: 0.2735 loss: 76.6805 
episode: 129 count: 555 score: -196.5440 average_last200: -138.8355 epis: 0.2708 loss: 169.8760 
episode: 130 count: 525 score: -195.1631 average_last200: -139.2655 epis: 0.2680 loss: 121.9990 
episode: 131 count: 435 score: -217.4712 average_last200: -139.8580 epis: 0.2654 loss: 110.9469 
episode: 132 count: 396 score: -164.5124 average_last200: -140.0433 epis: 0.2627 loss: 118.4252 
episode: 133 count: 177 score: -109.3948 average_last200: -139.8146 epis: 0.2601 loss: 44.5825 
episode: 134 count: 392 score: -143.8308 average_last200: -139.8444 epis: 0.2575 loss: 94.6534 
episode: 135 count: 1000 score: -76.3760 average_last200: -139.3777 epis: 0.2549 loss: 228.5578 
episode: 136 count: 126 score: -32.8995 average_last200: -138.6005 epis: 0.2524 loss: 24.8006 
episode: 137 count: 1000 score: -90.5688 average_last200: -138.2524 epis: 0.2498 loss: 235.1370 
episode: 138 count: 1000 score: -58.0955 average_last200: -137.6757 epis: 0.2473 loss: 237.5086 
episode: 139 count: 1000 score: -59.1756 average_last200: -137.1150 epis: 0.2449 loss: 223.9593 
episode: 140 count: 1000 score: -38.0001 average_last200: -136.4121 epis: 0.2424 loss: 216.7581 
episode: 141 count: 1000 score: -139.6980 average_last200: -136.4352 epis: 0.2400 loss: 268.8814 
episode: 142 count: 1000 score: -83.2987 average_last200: -136.0636 epis: 0.2376 loss: 247.0059 
episode: 143 count: 1000 score: -22.0463 average_last200: -135.2719 epis: 0.2352 loss: 238.0097 
episode: 144 count: 1000 score: -59.4561 average_last200: -134.7490 epis: 0.2329 loss: 206.4832 
episode: 145 count: 1000 score: -63.4285 average_last200: -134.2605 epis: 0.2305 loss: 266.5805 
episode: 146 count: 1000 score: -65.7315 average_last200: -133.7943 epis: 0.2282 loss: 220.3334 
episode: 147 count: 1000 score: -70.7544 average_last200: -133.3684 epis: 0.2259 loss: 216.8683 
episode: 148 count: 1000 score: -42.9836 average_last200: -132.7618 epis: 0.2237 loss: 219.0159 
episode: 149 count: 1000 score: -58.0427 average_last200: -132.2636 epis: 0.2215 loss: 198.9710 
episode: 150 count: 1000 score: -63.2188 average_last200: -131.8064 epis: 0.2192 loss: 202.1491 
episode: 151 count: 1000 score: -55.7142 average_last200: -131.3058 epis: 0.2170 loss: 259.4987 
episode: 152 count: 1000 score: -24.7288 average_last200: -130.6092 epis: 0.2149 loss: 207.5485 
episode: 153 count: 1000 score: -26.2500 average_last200: -129.9315 epis: 0.2127 loss: 217.9780 
episode: 154 count: 1000 score: -89.0604 average_last200: -129.6678 epis: 0.2106 loss: 233.8340 
episode: 155 count: 1000 score: -65.4474 average_last200: -129.2562 epis: 0.2085 loss: 199.4548 
episode: 156 count: 1000 score: -40.4050 average_last200: -128.6902 epis: 0.2064 loss: 203.0238 
episode: 157 count: 1000 score: -57.7288 average_last200: -128.2411 epis: 0.2043 loss: 226.5505 
episode: 158 count: 1000 score: -75.9460 average_last200: -127.9122 epis: 0.2023 loss: 210.5931 
episode: 159 count: 1000 score: -88.0987 average_last200: -127.6634 epis: 0.2003 loss: 218.0834 
episode: 160 count: 1000 score: -40.4260 average_last200: -127.1215 epis: 0.1983 loss: 248.1046 
episode: 161 count: 1000 score: -57.7118 average_last200: -126.6931 epis: 0.1963 loss: 210.4252 
episode: 162 count: 1000 score: -14.2779 average_last200: -126.0034 epis: 0.1943 loss: 230.7361 
episode: 163 count: 1000 score: -70.1250 average_last200: -125.6627 epis: 0.1924 loss: 186.4565 
episode: 164 count: 1000 score: -75.4325 average_last200: -125.3583 epis: 0.1905 loss: 200.1925 
episode: 165 count: 1000 score: -85.3251 average_last200: -125.1171 epis: 0.1886 loss: 218.7992 
episode: 166 count: 1000 score: -33.5010 average_last200: -124.5685 epis: 0.1867 loss: 199.8061 
episode: 167 count: 1000 score: -58.8795 average_last200: -124.1775 epis: 0.1848 loss: 190.6496 
episode: 168 count: 1000 score: -27.3478 average_last200: -123.6045 epis: 0.1830 loss: 187.9468 
episode: 169 count: 1000 score: -69.0583 average_last200: -123.2837 epis: 0.1811 loss: 227.9091 
episode: 170 count: 1000 score: -78.9631 average_last200: -123.0245 epis: 0.1793 loss: 193.7528 
episode: 171 count: 1000 score: -81.4855 average_last200: -122.7830 epis: 0.1775 loss: 198.3540 
episode: 172 count: 1000 score: -55.4031 average_last200: -122.3935 epis: 0.1757 loss: 195.3557 
episode: 173 count: 1000 score: -46.2483 average_last200: -121.9559 epis: 0.1740 loss: 228.3728 
episode: 174 count: 1000 score: -42.6041 average_last200: -121.5025 epis: 0.1722 loss: 238.5515 
episode: 175 count: 1000 score: -93.1742 average_last200: -121.3415 epis: 0.1705 loss: 220.9533 
episode: 176 count: 1000 score: -86.4414 average_last200: -121.1443 epis: 0.1688 loss: 181.6638 
episode: 177 count: 1000 score: -44.3559 average_last200: -120.7129 epis: 0.1671 loss: 192.8361 
episode: 178 count: 1000 score: -44.1868 average_last200: -120.2854 epis: 0.1655 loss: 220.8840 
episode: 179 count: 1000 score: -40.9948 average_last200: -119.8449 epis: 0.1638 loss: 216.0529 
episode: 180 count: 1000 score: -54.5792 average_last200: -119.4843 epis: 0.1622 loss: 186.2039 
episode: 181 count: 1000 score: -64.1885 average_last200: -119.1805 epis: 0.1605 loss: 194.4044 
episode: 182 count: 1000 score: -118.0772 average_last200: -119.1745 epis: 0.1589 loss: 253.6703 
episode: 183 count: 1000 score: -58.7636 average_last200: -118.8462 epis: 0.1574 loss: 237.6984 
episode: 184 count: 1000 score: -44.8423 average_last200: -118.4461 epis: 0.1558 loss: 221.0177 
episode: 185 count: 1000 score: -80.6612 average_last200: -118.2430 epis: 0.1542 loss: 189.8899 
episode: 186 count: 1000 score: -58.2578 average_last200: -117.9222 epis: 0.1527 loss: 179.1400 
episode: 187 count: 1000 score: -37.8618 average_last200: -117.4964 epis: 0.1512 loss: 225.0537 
episode: 188 count: 1000 score: -71.7671 average_last200: -117.2544 epis: 0.1496 loss: 197.9998 
episode: 189 count: 1000 score: -53.5596 average_last200: -116.9192 epis: 0.1481 loss: 211.0570 
episode: 190 count: 1000 score: -49.8867 average_last200: -116.5682 epis: 0.1467 loss: 230.6184 
episode: 191 count: 1000 score: -55.1105 average_last200: -116.2481 epis: 0.1452 loss: 205.2062 
episode: 192 count: 1000 score: -61.9756 average_last200: -115.9669 epis: 0.1437 loss: 233.7764 
episode: 193 count: 1000 score: -80.6636 average_last200: -115.7849 epis: 0.1423 loss: 185.7445 
episode: 194 count: 1000 score: -42.7422 average_last200: -115.4104 epis: 0.1409 loss: 216.6244 
episode: 195 count: 1000 score: -23.1534 average_last200: -114.9397 epis: 0.1395 loss: 194.5074 
episode: 196 count: 1000 score: -52.7176 average_last200: -114.6238 epis: 0.1381 loss: 179.3197 
episode: 197 count: 1000 score: -42.2473 average_last200: -114.2583 epis: 0.1367 loss: 195.5342 
episode: 198 count: 1000 score: -41.0915 average_last200: -113.8906 epis: 0.1353 loss: 216.4172 
episode: 199 count: 1000 score: -83.2851 average_last200: -113.7376 epis: 0.1340 loss: 224.2544 
episode: 200 count: 1000 score: -39.7650 average_last200: -112.9276 epis: 0.1326 loss: 174.1737 
episode: 201 count: 1000 score: -84.5515 average_last200: -112.5169 epis: 0.1313 loss: 198.0952 
episode: 202 count: 245 score: -63.3015 average_last200: -112.1287 epis: 0.1300 loss: 48.8397 
episode: 203 count: 1000 score: -41.7445 average_last200: -111.5776 epis: 0.1287 loss: 210.7486 
episode: 204 count: 1000 score: -112.3403 average_last200: -110.6142 epis: 0.1274 loss: 172.5169 
episode: 205 count: 1000 score: -62.9903 average_last200: -109.8319 epis: 0.1261 loss: 177.2392 
episode: 206 count: 1000 score: -100.9186 average_last200: -109.5885 epis: 0.1249 loss: 229.3379 
episode: 207 count: 1000 score: -19.0385 average_last200: -107.5994 epis: 0.1236 loss: 218.3379 
episode: 208 count: 1000 score: -73.5374 average_last200: -106.0445 epis: 0.1224 loss: 179.0147 
episode: 209 count: 1000 score: -32.2431 average_last200: -104.4145 epis: 0.1212 loss: 226.3797 
episode: 210 count: 1000 score: -13.2994 average_last200: -103.8620 epis: 0.1200 loss: 188.8031 
episode: 211 count: 1000 score: -67.1847 average_last200: -102.7192 epis: 0.1188 loss: 167.3736 
episode: 212 count: 1000 score: -7.7253 average_last200: -100.8262 epis: 0.1176 loss: 179.5477 
episode: 213 count: 1000 score: -55.9214 average_last200: -99.3580 epis: 0.1164 loss: 183.2326 
episode: 214 count: 1000 score: -87.1061 average_last200: -99.3474 epis: 0.1152 loss: 223.2868 
episode: 215 count: 1000 score: -31.1486 average_last200: -98.8148 epis: 0.1141 loss: 213.8384 
episode: 216 count: 1000 score: -40.5967 average_last200: -98.2070 epis: 0.1129 loss: 200.3406 
episode: 217 count: 1000 score: -52.6111 average_last200: -96.3516 epis: 0.1118 loss: 223.4340 
episode: 218 count: 1000 score: -56.2545 average_last200: -95.6523 epis: 0.1107 loss: 177.1191 
episode: 219 count: 1000 score: -51.7684 average_last200: -95.0906 epis: 0.1096 loss: 207.9467 
episode: 220 count: 1000 score: -65.0826 average_last200: -94.7754 epis: 0.1085 loss: 198.4096 
episode: 221 count: 1000 score: -100.5152 average_last200: -95.1554 epis: 0.1074 loss: 206.0512 
episode: 222 count: 1000 score: -108.8983 average_last200: -95.2342 epis: 0.1063 loss: 184.2944 
episode: 223 count: 1000 score: -77.6597 average_last200: -94.7187 epis: 0.1053 loss: 197.4933 
episode: 224 count: 1000 score: -68.0932 average_last200: -93.7581 epis: 0.1042 loss: 179.1780 
episode: 225 count: 1000 score: -74.2796 average_last200: -92.6297 epis: 0.1032 loss: 237.7540 
episode: 226 count: 1000 score: -96.9340 average_last200: -92.7650 epis: 0.1021 loss: 193.6309 
episode: 227 count: 1000 score: -80.4485 average_last200: -92.3745 epis: 0.1011 loss: 200.3564 
episode: 228 count: 1000 score: -68.6246 average_last200: -91.9255 epis: 0.1001 loss: 218.6297 
episode: 229 count: 1000 score: -105.7282 average_last200: -91.6715 epis: 0.0991 loss: 158.4005 
episode: 230 count: 1000 score: -39.1323 average_last200: -90.9939 epis: 0.0981 loss: 186.7259 
episode: 231 count: 1000 score: -81.6408 average_last200: -90.7648 epis: 0.0971 loss: 166.7648 
episode: 232 count: 1000 score: -44.1631 average_last200: -89.6996 epis: 0.0962 loss: 173.5994 
episode: 233 count: 670 score: 110.5971 average_last200: -88.6616 epis: 0.0952 loss: 128.8634 
episode: 234 count: 409 score: 226.3893 average_last200: -86.2267 epis: 0.0942 loss: 73.1743 
episode: 235 count: 1000 score: -36.2276 average_last200: -84.4532 epis: 0.0933 loss: 210.0470 
episode: 236 count: 1000 score: -50.2579 average_last200: -84.0534 epis: 0.0924 loss: 166.6411 
episode: 237 count: 1000 score: -72.1880 average_last200: -83.8473 epis: 0.0914 loss: 148.5845 
episode: 238 count: 1000 score: -40.2111 average_last200: -83.0567 epis: 0.0905 loss: 170.9722 
episode: 239 count: 1000 score: -49.7573 average_last200: -82.5089 epis: 0.0896 loss: 186.8794 
episode: 240 count: 1000 score: -20.1071 average_last200: -81.6567 epis: 0.0887 loss: 218.5632 
episode: 241 count: 1000 score: -29.1016 average_last200: -81.1466 epis: 0.0878 loss: 192.2641 
episode: 242 count: 1000 score: -36.0850 average_last200: -80.7262 epis: 0.0870 loss: 157.5360 
episode: 243 count: 1000 score: -42.2533 average_last200: -80.3547 epis: 0.0861 loss: 198.1513 
episode: 244 count: 1000 score: -54.5721 average_last200: -79.9916 epis: 0.0852 loss: 175.1574 
episode: 245 count: 1000 score: 11.3167 average_last200: -79.3305 epis: 0.0844 loss: 177.7463 
episode: 246 count: 1000 score: -101.0201 average_last200: -79.2529 epis: 0.0835 loss: 147.1282 
episode: 247 count: 1000 score: -17.8962 average_last200: -78.5946 epis: 0.0827 loss: 185.9335 
episode: 248 count: 643 score: 180.2849 average_last200: -77.0460 epis: 0.0819 loss: 88.1743 
episode: 249 count: 1000 score: -59.8442 average_last200: -76.4960 epis: 0.0811 loss: 158.0861 
episode: 250 count: 1000 score: -26.8103 average_last200: -76.1774 epis: 0.0802 loss: 184.2082 
episode: 251 count: 1000 score: -46.7506 average_last200: -75.9493 epis: 0.0794 loss: 195.7289 
episode: 252 count: 1000 score: -35.6184 average_last200: -75.5609 epis: 0.0787 loss: 181.6282 
episode: 253 count: 1000 score: -63.8692 average_last200: -75.2518 epis: 0.0779 loss: 194.4174 
episode: 254 count: 1000 score: -64.7223 average_last200: -75.1673 epis: 0.0771 loss: 189.3220 
episode: 255 count: 954 score: 63.4903 average_last200: -74.2005 epis: 0.0763 loss: 196.7453 
episode: 256 count: 1000 score: -61.0405 average_last200: -73.1068 epis: 0.0756 loss: 172.8765 
episode: 257 count: 1000 score: -52.2090 average_last200: -73.0277 epis: 0.0748 loss: 183.7680 
episode: 258 count: 978 score: 105.5239 average_last200: -72.3089 epis: 0.0740 loss: 162.8475 
episode: 259 count: 1000 score: -87.2038 average_last200: -72.1957 epis: 0.0733 loss: 186.7909 
episode: 260 count: 1000 score: -9.7178 average_last200: -71.6785 epis: 0.0726 loss: 158.2057 
episode: 261 count: 1000 score: -56.0310 average_last200: -71.8391 epis: 0.0718 loss: 208.0893 
episode: 262 count: 1000 score: -75.5375 average_last200: -71.8294 epis: 0.0711 loss: 145.1782 
episode: 263 count: 1000 score: 9.0383 average_last200: -71.1656 epis: 0.0704 loss: 155.1258 
episode: 264 count: 632 score: 141.1247 average_last200: -69.8688 epis: 0.0697 loss: 98.3650 
episode: 265 count: 432 score: 199.0390 average_last200: -68.1695 epis: 0.0690 loss: 74.2194 
episode: 266 count: 1000 score: 31.7434 average_last200: -67.5943 epis: 0.0683 loss: 188.0363 
episode: 267 count: 781 score: -281.5660 average_last200: -68.8095 epis: 0.0676 loss: 163.6453 
episode: 268 count: 1000 score: -63.1390 average_last200: -68.7843 epis: 0.0670 loss: 158.2664 
episode: 269 count: 1000 score: -61.5534 average_last200: -68.6096 epis: 0.0663 loss: 198.6016 
episode: 270 count: 1000 score: -40.2203 average_last200: -68.4849 epis: 0.0656 loss: 181.1706 
episode: 271 count: 1000 score: -27.1599 average_last200: -68.2330 epis: 0.0650 loss: 183.6854 
episode: 272 count: 1000 score: -40.7390 average_last200: -67.9871 epis: 0.0643 loss: 166.1557 
episode: 273 count: 1000 score: -98.7204 average_last200: -68.1792 epis: 0.0637 loss: 217.2729 
episode: 274 count: 719 score: -170.9107 average_last200: -68.6174 epis: 0.0630 loss: 104.7145 
episode: 275 count: 1000 score: -86.6630 average_last200: -68.7067 epis: 0.0624 loss: 184.3637 
episode: 276 count: 737 score: -186.6324 average_last200: -69.1776 epis: 0.0618 loss: 127.7056 
episode: 277 count: 1000 score: -84.3406 average_last200: -69.0421 epis: 0.0612 loss: 161.7313 
episode: 278 count: 1000 score: -60.8092 average_last200: -68.9508 epis: 0.0606 loss: 153.1729 
episode: 279 count: 1000 score: -123.9590 average_last200: -69.2853 epis: 0.0600 loss: 163.8615 
episode: 280 count: 1000 score: -80.2178 average_last200: -69.3934 epis: 0.0594 loss: 179.5136 
episode: 281 count: 1000 score: -111.7163 average_last200: -69.3767 epis: 0.0588 loss: 159.6487 
episode: 282 count: 1000 score: -45.2794 average_last200: -69.0124 epis: 0.0582 loss: 178.8492 
episode: 283 count: 1000 score: -43.2121 average_last200: -68.6979 epis: 0.0576 loss: 147.1923 
episode: 284 count: 1000 score: -29.0854 average_last200: -68.1055 epis: 0.0570 loss: 177.7837 
episode: 285 count: 863 score: 145.6768 average_last200: -67.0015 epis: 0.0565 loss: 142.8334 
episode: 286 count: 529 score: 188.1948 average_last200: -65.3417 epis: 0.0559 loss: 109.7011 
episode: 287 count: 354 score: 218.0597 average_last200: -63.5065 epis: 0.0553 loss: 47.2912 
episode: 288 count: 551 score: 180.0437 average_last200: -61.2677 epis: 0.0548 loss: 89.9235 
episode: 289 count: 502 score: 170.4113 average_last200: -59.8694 epis: 0.0542 loss: 68.9195 
episode: 290 count: 519 score: 144.2663 average_last200: -58.8661 epis: 0.0537 loss: 84.0297 
episode: 291 count: 1000 score: -31.1549 average_last200: -58.6534 epis: 0.0531 loss: 183.2253 
episode: 292 count: 979 score: 67.8486 average_last200: -58.1689 epis: 0.0526 loss: 191.1305 
episode: 293 count: 1000 score: -20.5135 average_last200: -57.7911 epis: 0.0521 loss: 138.3493 
episode: 294 count: 1000 score: -14.8307 average_last200: -57.7820 epis: 0.0516 loss: 169.0969 
episode: 295 count: 666 score: 166.5102 average_last200: -57.1035 epis: 0.0511 loss: 145.5926 
episode: 296 count: 1000 score: -65.8836 average_last200: -57.3556 epis: 0.0505 loss: 172.6105 
episode: 297 count: 702 score: 139.0357 average_last200: -56.1669 epis: 0.0500 loss: 120.9907 
episode: 298 count: 838 score: 95.9368 average_last200: -55.6204 epis: 0.0495 loss: 154.5055 
episode: 299 count: 616 score: 140.0991 average_last200: -54.7109 epis: 0.0490 loss: 103.0944 
episode: 300 count: 1000 score: -55.1307 average_last200: -54.1602 epis: 0.0486 loss: 152.1018 
episode: 301 count: 1000 score: -74.3905 average_last200: -53.3688 epis: 0.0481 loss: 143.1236 
episode: 302 count: 694 score: 149.9226 average_last200: -52.4338 epis: 0.0476 loss: 110.5751 
episode: 303 count: 1000 score: -44.0768 average_last200: -51.9742 epis: 0.0471 loss: 150.9390 
episode: 304 count: 1000 score: -106.7401 average_last200: -52.2635 epis: 0.0466 loss: 162.6046 
episode: 305 count: 1000 score: -33.5625 average_last200: -52.3344 epis: 0.0462 loss: 163.8935 
episode: 306 count: 354 score: 201.3402 average_last200: -50.6267 epis: 0.0457 loss: 59.7655 
episode: 307 count: 1000 score: -49.6493 average_last200: -50.4884 epis: 0.0453 loss: 155.1764 
episode: 308 count: 385 score: 182.7637 average_last200: -48.9278 epis: 0.0448 loss: 65.2436 
episode: 309 count: 685 score: 144.5025 average_last200: -47.8325 epis: 0.0444 loss: 111.2829 
episode: 310 count: 460 score: 171.8295 average_last200: -46.0824 epis: 0.0439 loss: 81.6050 
episode: 311 count: 709 score: 151.7953 average_last200: -45.0992 epis: 0.0435 loss: 124.9195 
episode: 312 count: 1000 score: -80.4539 average_last200: -45.2838 epis: 0.0430 loss: 150.5070 
episode: 313 count: 1000 score: -93.1664 average_last200: -45.7669 epis: 0.0426 loss: 133.1236 
episode: 314 count: 300 score: 249.9992 average_last200: -43.4940 epis: 0.0422 loss: 53.9965 
episode: 315 count: 364 score: 235.4424 average_last200: -40.9632 epis: 0.0418 loss: 59.4632 
episode: 316 count: 1000 score: -35.7952 average_last200: -40.6780 epis: 0.0413 loss: 177.5119 
episode: 317 count: 666 score: 183.5365 average_last200: -38.5680 epis: 0.0409 loss: 96.0576 
episode: 318 count: 1000 score: -30.0816 average_last200: -37.8829 epis: 0.0405 loss: 158.7289 
episode: 319 count: 1000 score: -37.4328 average_last200: -37.3620 epis: 0.0401 loss: 149.5182 
episode: 320 count: 1000 score: -73.4100 average_last200: -36.6591 epis: 0.0397 loss: 130.4470 
episode: 321 count: 1000 score: -66.9260 average_last200: -35.6182 epis: 0.0393 loss: 160.5465 
episode: 322 count: 1000 score: -54.9224 average_last200: -35.5977 epis: 0.0389 loss: 160.8657 
episode: 323 count: 1000 score: -28.5124 average_last200: -34.4545 epis: 0.0385 loss: 137.6733 
episode: 324 count: 668 score: 178.1201 average_last200: -33.0695 epis: 0.0381 loss: 104.3189 
episode: 325 count: 143 score: -158.9195 average_last200: -33.6965 epis: 0.0378 loss: 22.8188 
episode: 326 count: 917 score: 143.4593 average_last200: -32.7464 epis: 0.0374 loss: 165.5971 
episode: 327 count: 1000 score: -12.4737 average_last200: -31.8782 epis: 0.0370 loss: 192.8579 
episode: 328 count: 106 score: -165.7411 average_last200: -32.1604 epis: 0.0366 loss: 12.8156 
episode: 329 count: 277 score: -145.6478 average_last200: -31.9059 epis: 0.0363 loss: 50.6041 
episode: 330 count: 563 score: 172.0669 average_last200: -30.0697 epis: 0.0359 loss: 101.3259 
episode: 331 count: 868 score: 112.8271 average_last200: -28.4182 epis: 0.0356 loss: 127.7963 
episode: 332 count: 1000 score: -66.4113 average_last200: -27.9277 epis: 0.0352 loss: 158.8437 
episode: 333 count: 1000 score: -65.1288 average_last200: -27.7064 epis: 0.0348 loss: 177.5679 
episode: 334 count: 1000 score: -47.1669 average_last200: -27.2231 epis: 0.0345 loss: 196.9444 
episode: 335 count: 1000 score: -33.7987 average_last200: -27.0102 epis: 0.0342 loss: 167.1470 
episode: 336 count: 1000 score: -61.0827 average_last200: -27.1511 epis: 0.0338 loss: 142.2368 
episode: 337 count: 1000 score: -88.7884 average_last200: -27.1422 epis: 0.0335 loss: 168.6939 
episode: 338 count: 1000 score: -58.8831 average_last200: -27.1461 epis: 0.0331 loss: 127.7040 
episode: 339 count: 1000 score: -64.3731 average_last200: -27.1721 epis: 0.0328 loss: 135.0727 
episode: 340 count: 1000 score: -76.2035 average_last200: -27.3632 epis: 0.0325 loss: 172.7333 
episode: 341 count: 1000 score: -43.1657 average_last200: -26.8805 epis: 0.0322 loss: 140.2413 
episode: 342 count: 1000 score: -16.4568 average_last200: -26.5463 epis: 0.0318 loss: 137.6313 
episode: 343 count: 1000 score: -80.1502 average_last200: -26.8368 epis: 0.0315 loss: 156.2566 
episode: 344 count: 1000 score: -64.8759 average_last200: -26.8639 epis: 0.0312 loss: 156.2992 
episode: 345 count: 1000 score: -21.1006 average_last200: -26.6523 epis: 0.0309 loss: 157.0407 
episode: 346 count: 763 score: 159.6857 average_last200: -25.5252 epis: 0.0306 loss: 102.5449 
episode: 347 count: 1000 score: -39.9112 average_last200: -25.3710 epis: 0.0303 loss: 167.5906 
episode: 348 count: 1000 score: -75.2140 average_last200: -25.5321 epis: 0.0300 loss: 126.7200 
episode: 349 count: 1000 score: -112.4011 average_last200: -25.8039 epis: 0.0297 loss: 142.1409 
episode: 350 count: 1000 score: -77.8368 average_last200: -25.8770 epis: 0.0294 loss: 145.9777 
episode: 351 count: 1000 score: -65.7662 average_last200: -25.9273 epis: 0.0291 loss: 143.0315 
episode: 352 count: 1000 score: -63.1435 average_last200: -26.1193 epis: 0.0288 loss: 154.8044 
episode: 353 count: 1000 score: -41.4948 average_last200: -26.1956 epis: 0.0285 loss: 144.7889 
episode: 354 count: 1000 score: -77.8306 average_last200: -26.1394 epis: 0.0282 loss: 167.7397 
episode: 355 count: 1000 score: -16.4881 average_last200: -25.8946 epis: 0.0279 loss: 141.6406 
episode: 356 count: 618 score: 161.9197 average_last200: -24.8830 epis: 0.0277 loss: 94.4094 
episode: 357 count: 1000 score: -52.6028 average_last200: -24.8574 epis: 0.0274 loss: 154.3281 
episode: 358 count: 939 score: 83.6736 average_last200: -24.0593 epis: 0.0271 loss: 119.2421 
episode: 359 count: 1000 score: -61.3843 average_last200: -23.9257 epis: 0.0268 loss: 150.0676 
episode: 360 count: 1000 score: -63.3466 average_last200: -24.0403 epis: 0.0266 loss: 138.7687 
episode: 361 count: 1000 score: -23.0870 average_last200: -23.8672 epis: 0.0263 loss: 139.6690 
episode: 362 count: 1000 score: -80.6771 average_last200: -24.1992 epis: 0.0260 loss: 173.4300 
episode: 363 count: 1000 score: -77.7587 average_last200: -24.2373 epis: 0.0258 loss: 162.1865 
episode: 364 count: 1000 score: -65.4057 average_last200: -24.1872 epis: 0.0255 loss: 178.0884 
episode: 365 count: 1000 score: -52.4700 average_last200: -24.0229 epis: 0.0253 loss: 177.1839 
episode: 366 count: 1000 score: -46.5313 average_last200: -24.0881 epis: 0.0250 loss: 129.5857 
episode: 367 count: 1000 score: -57.8725 average_last200: -24.0830 epis: 0.0248 loss: 148.0595 
episode: 368 count: 649 score: 149.4016 average_last200: -23.1993 epis: 0.0245 loss: 80.1462 
episode: 369 count: 345 score: 136.5214 average_last200: -22.1714 epis: 0.0243 loss: 54.4362 
episode: 370 count: 719 score: 130.6517 average_last200: -21.1233 epis: 0.0240 loss: 123.8471 
episode: 371 count: 406 score: 214.4999 average_last200: -19.6434 epis: 0.0238 loss: 71.1946 
episode: 372 count: 671 score: 158.0661 average_last200: -18.5760 epis: 0.0235 loss: 89.6295 
episode: 373 count: 639 score: 156.6658 average_last200: -17.5615 epis: 0.0233 loss: 86.4213 
episode: 374 count: 651 score: 143.5376 average_last200: -16.6308 epis: 0.0231 loss: 91.7059 
episode: 375 count: 368 score: 214.5720 average_last200: -15.0920 epis: 0.0228 loss: 79.1115 
episode: 376 count: 461 score: 167.5514 average_last200: -13.8221 epis: 0.0226 loss: 60.0745 
episode: 377 count: 686 score: 75.4999 average_last200: -13.2228 epis: 0.0224 loss: 84.5250 
episode: 378 count: 1000 score: -66.7220 average_last200: -13.3355 epis: 0.0222 loss: 135.3407 
episode: 379 count: 618 score: 152.1344 average_last200: -12.3698 epis: 0.0219 loss: 82.2727 
episode: 380 count: 1000 score: -51.8134 average_last200: -12.3560 epis: 0.0217 loss: 141.9903 
episode: 381 count: 757 score: 167.0566 average_last200: -11.1998 epis: 0.0215 loss: 114.4346 
episode: 382 count: 553 score: 186.6304 average_last200: -9.6762 epis: 0.0213 loss: 73.6247 
episode: 383 count: 542 score: -117.1942 average_last200: -9.9684 epis: 0.0211 loss: 69.4738 
episode: 384 count: 570 score: 86.1985 average_last200: -9.3132 epis: 0.0209 loss: 66.3386 
episode: 385 count: 956 score: 85.5622 average_last200: -8.4821 epis: 0.0207 loss: 106.6637 
episode: 386 count: 1000 score: -64.1706 average_last200: -8.5116 epis: 0.0205 loss: 146.1910 
episode: 387 count: 1000 score: 21.7736 average_last200: -8.2134 epis: 0.0203 loss: 129.7895 
episode: 388 count: 1000 score: -35.9782 average_last200: -8.0345 epis: 0.0200 loss: 143.1312 
episode: 389 count: 1000 score: -106.4601 average_last200: -8.2990 epis: 0.0198 loss: 136.5792 
episode: 390 count: 1000 score: -41.1858 average_last200: -8.2555 epis: 0.0196 loss: 145.1608 
episode: 391 count: 1000 score: -134.8102 average_last200: -8.6540 epis: 0.0195 loss: 171.9873 
episode: 392 count: 526 score: 74.3056 average_last200: -7.9726 epis: 0.0193 loss: 81.6349 
episode: 393 count: 539 score: 138.6919 average_last200: -6.8758 epis: 0.0191 loss: 66.4634 
episode: 394 count: 943 score: 51.7389 average_last200: -6.4034 epis: 0.0189 loss: 137.0995 
episode: 395 count: 1000 score: -63.5915 average_last200: -6.6056 epis: 0.0187 loss: 158.9728 
episode: 396 count: 1000 score: -36.1114 average_last200: -6.5226 epis: 0.0185 loss: 166.0074 
episode: 397 count: 1000 score: -35.1261 average_last200: -6.4870 epis: 0.0183 loss: 158.6541 
episode: 398 count: 1000 score: -44.9367 average_last200: -6.5062 epis: 0.0181 loss: 159.8032 
episode: 399 count: 1000 score: -77.3314 average_last200: -6.4764 epis: 0.0180 loss: 147.7797 
episode: 400 count: 1000 score: -50.3444 average_last200: -6.5293 epis: 0.0178 loss: 176.4121 
episode: 401 count: 475 score: 148.3728 average_last200: -5.3647 epis: 0.0176 loss: 54.1297 
episode: 402 count: 1000 score: -66.8099 average_last200: -5.3822 epis: 0.0174 loss: 149.5321 
episode: 403 count: 1000 score: -76.7124 average_last200: -5.5571 epis: 0.0172 loss: 135.7818 
episode: 404 count: 1000 score: -88.6111 average_last200: -5.4384 epis: 0.0171 loss: 113.8709 
episode: 405 count: 1000 score: -35.4427 average_last200: -5.3007 epis: 0.0169 loss: 127.3555 
episode: 406 count: 1000 score: -48.6395 average_last200: -5.0393 epis: 0.0167 loss: 163.3273 
episode: 407 count: 1000 score: -37.3486 average_last200: -5.1308 epis: 0.0166 loss: 158.1828 
episode: 408 count: 938 score: 113.5316 average_last200: -4.1955 epis: 0.0164 loss: 148.7580 
episode: 409 count: 501 score: 204.7660 average_last200: -3.0105 epis: 0.0162 loss: 87.6955 
episode: 410 count: 553 score: 176.0460 average_last200: -2.0637 epis: 0.0161 loss: 92.0701 
episode: 411 count: 474 score: 169.2535 average_last200: -0.8815 epis: 0.0159 loss: 58.2419 
episode: 412 count: 588 score: 110.3234 average_last200: -0.2913 epis: 0.0158 loss: 100.6971 
episode: 413 count: 418 score: 192.2172 average_last200: 0.9494 epis: 0.0156 loss: 60.3918 
episode: 414 count: 437 score: 158.1473 average_last200: 2.1757 epis: 0.0154 loss: 57.4932 
episode: 415 count: 797 score: 142.8635 average_last200: 3.0457 epis: 0.0153 loss: 102.4841 
episode: 416 count: 764 score: 174.8777 average_last200: 4.1231 epis: 0.0151 loss: 104.0375 
episode: 417 count: 398 score: 234.8101 average_last200: 5.5602 epis: 0.0150 loss: 49.6328 
episode: 418 count: 427 score: 193.4357 average_last200: 6.8087 epis: 0.0148 loss: 61.1015 
episode: 419 count: 511 score: 169.8987 average_last200: 7.9170 epis: 0.0147 loss: 57.9862 
episode: 420 count: 239 score: -44.8070 average_last200: 8.0184 epis: 0.0145 loss: 18.7831 
episode: 421 count: 465 score: 135.0887 average_last200: 9.1964 epis: 0.0144 loss: 57.6485 
episode: 422 count: 515 score: 154.5017 average_last200: 10.5134 epis: 0.0142 loss: 51.1177 
episode: 423 count: 1000 score: 43.2913 average_last200: 11.1181 epis: 0.0141 loss: 159.1795 
episode: 424 count: 225 score: 231.6969 average_last200: 12.6171 epis: 0.0140 loss: 45.0337 
episode: 425 count: 487 score: 187.2468 average_last200: 13.9247 epis: 0.0138 loss: 81.8019 
episode: 426 count: 752 score: 158.6217 average_last200: 15.2025 epis: 0.0137 loss: 119.1570 
episode: 427 count: 302 score: 225.7849 average_last200: 16.7337 epis: 0.0135 loss: 35.1552 
episode: 428 count: 441 score: 214.9196 average_last200: 18.1514 epis: 0.0134 loss: 52.6393 
episode: 429 count: 777 score: 147.4276 average_last200: 19.4172 epis: 0.0133 loss: 120.4273 
episode: 430 count: 1000 score: -19.9579 average_last200: 19.5130 epis: 0.0131 loss: 152.8956 
episode: 431 count: 1000 score: -76.3858 average_last200: 19.5393 epis: 0.0130 loss: 133.0149 
episode: 432 count: 1000 score: -134.3131 average_last200: 19.0886 epis: 0.0129 loss: 127.4452 
episode: 433 count: 682 score: 189.2586 average_last200: 19.4819 epis: 0.0128 loss: 98.7142 
episode: 434 count: 1000 score: -38.9832 average_last200: 18.1550 epis: 0.0126 loss: 125.8899 
episode: 435 count: 1000 score: -114.1871 average_last200: 17.7652 epis: 0.0125 loss: 122.2586 
episode: 436 count: 1000 score: -38.3270 average_last200: 17.8249 epis: 0.0124 loss: 126.5809 
episode: 437 count: 1000 score: -66.7131 average_last200: 17.8522 epis: 0.0123 loss: 126.9836 
episode: 438 count: 1000 score: -79.7406 average_last200: 17.6546 epis: 0.0121 loss: 100.2223 
episode: 439 count: 1000 score: -77.6512 average_last200: 17.5151 epis: 0.0120 loss: 129.2047 
episode: 440 count: 1000 score: -122.3623 average_last200: 17.0039 epis: 0.0119 loss: 134.8775 
episode: 441 count: 1000 score: -113.9955 average_last200: 16.5794 epis: 0.0118 loss: 138.7620 
episode: 442 count: 1000 score: -51.9044 average_last200: 16.5003 epis: 0.0117 loss: 132.3466 
episode: 443 count: 1000 score: -170.0569 average_last200: 15.8613 epis: 0.0115 loss: 134.4487 
episode: 444 count: 1000 score: -98.4001 average_last200: 15.6421 epis: 0.0114 loss: 120.3864 
episode: 445 count: 1000 score: -78.6517 average_last200: 15.1923 epis: 0.0113 loss: 119.8645 
episode: 446 count: 1000 score: -118.4685 average_last200: 15.1050 epis: 0.0112 loss: 111.3216 
episode: 447 count: 1000 score: -152.1141 average_last200: 14.4340 epis: 0.0111 loss: 113.2749 
episode: 448 count: 1000 score: -147.8846 average_last200: 12.7931 epis: 0.0110 loss: 96.1032 
episode: 449 count: 1000 score: -101.0960 average_last200: 12.5868 epis: 0.0109 loss: 94.6408 
episode: 450 count: 1000 score: -119.3979 average_last200: 12.1239 epis: 0.0108 loss: 95.5069 
episode: 451 count: 1000 score: -90.9973 average_last200: 11.9027 epis: 0.0106 loss: 102.3354 
episode: 452 count: 974 score: -257.4720 average_last200: 10.7934 epis: 0.0105 loss: 92.8117 
episode: 453 count: 1000 score: -66.6369 average_last200: 10.7796 epis: 0.0104 loss: 85.3155 
episode: 454 count: 1000 score: -105.7483 average_last200: 10.5744 epis: 0.0103 loss: 118.7690 
episode: 455 count: 1000 score: -177.8558 average_last200: 9.3677 epis: 0.0102 loss: 88.5256 
episode: 456 count: 897 score: -247.2617 average_last200: 8.4366 epis: 0.0101 loss: 86.1732 
episode: 457 count: 1000 score: -92.2793 average_last200: 8.2363 epis: 0.0100 loss: 77.7467 
episode: 458 count: 1000 score: -185.7070 average_last200: 6.7801 epis: 0.0099 loss: 107.4299 
episode: 459 count: 747 score: 127.6934 average_last200: 7.8546 epis: 0.0098 loss: 68.2396 
episode: 460 count: 851 score: 155.6413 average_last200: 8.6814 epis: 0.0097 loss: 90.0038 
episode: 461 count: 1000 score: -44.8062 average_last200: 8.7375 epis: 0.0096 loss: 82.5907 
episode: 462 count: 1000 score: -50.2641 average_last200: 8.8639 epis: 0.0095 loss: 85.1479 
episode: 463 count: 1000 score: -36.8649 average_last200: 8.6344 epis: 0.0094 loss: 93.5813 
episode: 464 count: 1000 score: -60.2247 average_last200: 7.6276 epis: 0.0093 loss: 82.3695 
episode: 465 count: 837 score: 109.3547 average_last200: 7.1792 epis: 0.0092 loss: 71.8675 
episode: 466 count: 768 score: 106.5419 average_last200: 7.5532 epis: 0.0092 loss: 63.4253 
episode: 467 count: 1000 score: -53.8197 average_last200: 8.6919 epis: 0.0091 loss: 97.1728 
episode: 468 count: 610 score: 108.0569 average_last200: 9.5479 epis: 0.0090 loss: 59.6289 
episode: 469 count: 551 score: 151.2358 average_last200: 10.6118 epis: 0.0089 loss: 42.0094 
episode: 470 count: 1000 score: -47.7037 average_last200: 10.5744 epis: 0.0088 loss: 72.5292 
episode: 471 count: 914 score: 117.2165 average_last200: 11.2963 epis: 0.0087 loss: 80.9905 
episode: 472 count: 1000 score: -103.4143 average_last200: 10.9829 epis: 0.0086 loss: 76.1440 
episode: 473 count: 1000 score: -6.6945 average_last200: 11.4431 epis: 0.0085 loss: 76.6693 
episode: 474 count: 1000 score: -77.5834 average_last200: 11.9097 epis: 0.0084 loss: 82.7683 
episode: 475 count: 504 score: 180.1070 average_last200: 13.2435 epis: 0.0084 loss: 40.7605 
episode: 476 count: 871 score: 104.2465 average_last200: 14.6979 epis: 0.0083 loss: 69.2268 
episode: 477 count: 372 score: 229.5595 average_last200: 16.2674 epis: 0.0082 loss: 42.6331 
episode: 478 count: 518 score: 211.0069 average_last200: 17.6265 epis: 0.0081 loss: 45.3603 
episode: 479 count: 610 score: 184.4853 average_last200: 19.1687 epis: 0.0080 loss: 55.9315 
episode: 480 count: 495 score: 192.8892 average_last200: 20.5343 epis: 0.0080 loss: 41.0759 
episode: 481 count: 402 score: 175.6081 average_last200: 21.9709 epis: 0.0079 loss: 24.5075 
episode: 482 count: 477 score: 170.1761 average_last200: 23.0482 epis: 0.0078 loss: 48.3673 
episode: 483 count: 434 score: 183.7686 average_last200: 24.1831 epis: 0.0077 loss: 38.3235 
episode: 484 count: 619 score: 193.1022 average_last200: 25.2940 epis: 0.0076 loss: 54.2316 
episode: 485 count: 568 score: 134.2813 average_last200: 25.2370 epis: 0.0076 loss: 53.2397 
episode: 486 count: 254 score: 237.0978 average_last200: 25.4815 epis: 0.0075 loss: 22.2999 
episode: 487 count: 290 score: 213.4219 average_last200: 25.4584 epis: 0.0074 loss: 21.5722 
episode: 488 count: 321 score: 211.3028 average_last200: 25.6147 epis: 0.0073 loss: 20.0889 
episode: 489 count: 467 score: 209.0309 average_last200: 25.8078 epis: 0.0073 loss: 38.1155 
episode: 490 count: 676 score: 142.2577 average_last200: 25.7977 epis: 0.0072 loss: 61.7939 
episode: 491 count: 455 score: 154.2830 average_last200: 26.7249 epis: 0.0071 loss: 37.6513 
episode: 492 count: 468 score: 146.5134 average_last200: 27.1182 epis: 0.0070 loss: 47.1934 
episode: 493 count: 285 score: 246.0325 average_last200: 28.4510 epis: 0.0070 loss: 23.4154 
episode: 494 count: 422 score: 204.5815 average_last200: 29.5480 epis: 0.0069 loss: 36.7129 
episode: 495 count: 728 score: 125.7068 average_last200: 29.3440 epis: 0.0068 loss: 53.6315 
episode: 496 count: 768 score: 142.3345 average_last200: 30.3851 epis: 0.0068 loss: 73.4053 
episode: 497 count: 497 score: 140.5526 average_last200: 30.3927 epis: 0.0067 loss: 35.5515 
episode: 498 count: 433 score: 229.3059 average_last200: 31.0595 epis: 0.0066 loss: 37.9677 
episode: 499 count: 1000 score: -39.2844 average_last200: 30.1626 epis: 0.0066 loss: 75.8449 
episode: 500 count: 1000 score: -33.3469 average_last200: 30.2715 epis: 0.0065 loss: 112.1804 
episode: 501 count: 804 score: 148.6406 average_last200: 31.3867 epis: 0.0064 loss: 59.7541 
episode: 502 count: 612 score: 223.9035 average_last200: 31.7566 epis: 0.0064 loss: 61.1627 
episode: 503 count: 435 score: 197.8945 average_last200: 32.9664 epis: 0.0063 loss: 39.9368 
episode: 504 count: 332 score: 181.3519 average_last200: 34.4069 epis: 0.0062 loss: 22.5855 
episode: 505 count: 444 score: -94.1304 average_last200: 34.1041 epis: 0.0062 loss: 43.0876 
episode: 506 count: 622 score: 176.8389 average_last200: 33.9816 epis: 0.0061 loss: 60.6245 
episode: 507 count: 381 score: 236.5170 average_last200: 35.4124 epis: 0.0061 loss: 40.8207 
episode: 508 count: 482 score: 187.9884 average_last200: 35.4385 epis: 0.0060 loss: 45.0104 
episode: 509 count: 305 score: 228.7701 average_last200: 35.8598 epis: 0.0059 loss: 21.5677 
episode: 510 count: 600 score: 165.6125 average_last200: 35.8288 epis: 0.0059 loss: 55.0693 
episode: 511 count: 312 score: 243.2193 average_last200: 36.2859 epis: 0.0058 loss: 23.4972 
episode: 512 count: 1000 score: 4.6862 average_last200: 36.7116 epis: 0.0058 loss: 85.8679 
episode: 513 count: 425 score: 211.7101 average_last200: 38.2360 epis: 0.0057 loss: 36.3337 
episode: 514 count: 380 score: 186.4697 average_last200: 37.9183 epis: 0.0057 loss: 30.9685 
episode: 515 count: 863 score: 125.5621 average_last200: 37.3689 epis: 0.0056 loss: 65.2087 
episode: 516 count: 498 score: 147.2137 average_last200: 38.2840 epis: 0.0055 loss: 49.4346 
episode: 517 count: 367 score: 213.1240 average_last200: 38.4319 epis: 0.0055 loss: 35.6787 
episode: 518 count: 498 score: 226.7058 average_last200: 39.7158 epis: 0.0054 loss: 41.4216 
episode: 519 count: 511 score: 121.1481 average_last200: 40.5087 epis: 0.0054 loss: 48.4776 
episode: 520 count: 409 score: 209.3447 average_last200: 41.9225 epis: 0.0053 loss: 39.8429 
episode: 521 count: 382 score: 160.1149 average_last200: 43.0577 epis: 0.0053 loss: 30.6360 
episode: 522 count: 570 score: 175.5746 average_last200: 44.2102 epis: 0.0052 loss: 58.7689 
episode: 523 count: 426 score: 227.0283 average_last200: 45.4879 epis: 0.0052 loss: 36.4402 
episode: 524 count: 447 score: 218.6917 average_last200: 45.6908 epis: 0.0051 loss: 37.4908 
episode: 525 count: 715 score: 173.1454 average_last200: 47.3511 epis: 0.0051 loss: 57.0877 
episode: 526 count: 1000 score: -85.7411 average_last200: 46.2051 epis: 0.0050 loss: 83.3538 
episode: 527 count: 1000 score: -11.2103 average_last200: 46.2114 epis: 0.0050 loss: 85.0932 
episode: 528 count: 431 score: 209.8981 average_last200: 48.0896 epis: 0.0049 loss: 38.8200 
episode: 529 count: 1000 score: -26.7063 average_last200: 48.6843 epis: 0.0049 loss: 87.8750 
episode: 530 count: 1000 score: -55.8031 average_last200: 47.5450 epis: 0.0048 loss: 97.7766 
episode: 531 count: 918 score: 92.3353 average_last200: 47.4425 epis: 0.0048 loss: 77.9439 
episode: 532 count: 507 score: 178.6602 average_last200: 48.6679 epis: 0.0047 loss: 40.8089 
episode: 533 count: 463 score: 211.3712 average_last200: 50.0504 epis: 0.0047 loss: 60.5959 
episode: 534 count: 942 score: 92.9661 average_last200: 50.7510 epis: 0.0046 loss: 63.5264 
episode: 535 count: 560 score: 190.6277 average_last200: 51.8732 epis: 0.0046 loss: 53.2030 
episode: 536 count: 978 score: 170.3783 average_last200: 53.0305 epis: 0.0045 loss: 109.7387 
episode: 537 count: 486 score: 156.3017 average_last200: 54.2559 epis: 0.0045 loss: 44.3328 
episode: 538 count: 349 score: 178.6949 average_last200: 55.4438 epis: 0.0044 loss: 28.8639 
episode: 539 count: 311 score: 233.2919 average_last200: 56.9321 epis: 0.0044 loss: 43.0569 
episode: 540 count: 445 score: 215.4267 average_last200: 58.3903 epis: 0.0044 loss: 33.9719 
episode: 541 count: 332 score: 203.3547 average_last200: 59.6229 epis: 0.0043 loss: 39.0932 
episode: 542 count: 463 score: 163.9731 average_last200: 60.5250 epis: 0.0043 loss: 40.5680 
episode: 543 count: 1000 score: -22.8805 average_last200: 60.8114 epis: 0.0042 loss: 109.4985 
episode: 544 count: 1000 score: -76.1606 average_last200: 60.7549 epis: 0.0042 loss: 75.6276 
episode: 545 count: 604 score: 157.0798 average_last200: 61.6459 epis: 0.0041 loss: 52.9762 
episode: 546 count: 493 score: 198.1333 average_last200: 61.8381 epis: 0.0041 loss: 49.7741 
episode: 547 count: 465 score: 185.2470 average_last200: 62.9639 epis: 0.0041 loss: 31.0648 
episode: 548 count: 699 score: 187.2123 average_last200: 64.2760 epis: 0.0040 loss: 55.7817 
episode: 549 count: 386 score: 175.1040 average_last200: 65.7135 epis: 0.0040 loss: 26.1013 
episode: 550 count: 426 score: 192.5524 average_last200: 67.0655 epis: 0.0039 loss: 44.0322 
episode: 551 count: 554 score: 157.2187 average_last200: 68.1804 epis: 0.0039 loss: 53.9992 
episode: 552 count: 622 score: 160.8285 average_last200: 69.3003 epis: 0.0039 loss: 63.5633 
episode: 553 count: 929 score: 105.0304 average_last200: 70.0329 epis: 0.0038 loss: 92.9628 
episode: 554 count: 430 score: 176.7385 average_last200: 71.3057 epis: 0.0038 loss: 32.9264 
episode: 555 count: 693 score: 154.7281 average_last200: 72.1618 epis: 0.0037 loss: 55.5807 
episode: 556 count: 670 score: 129.1940 average_last200: 71.9982 epis: 0.0037 loss: 77.8759 
episode: 557 count: 348 score: 221.6456 average_last200: 73.3694 epis: 0.0037 loss: 30.0325 
episode: 558 count: 532 score: 173.3198 average_last200: 73.8177 epis: 0.0036 loss: 57.4251 
episode: 559 count: 595 score: 154.2972 average_last200: 74.8961 epis: 0.0036 loss: 60.7542 
episode: 560 count: 382 score: 236.6556 average_last200: 76.3961 epis: 0.0036 loss: 22.9003 
episode: 561 count: 563 score: 190.0966 average_last200: 77.4620 epis: 0.0035 loss: 56.9882 
episode: 562 count: 730 score: 185.8296 average_last200: 78.7945 epis: 0.0035 loss: 67.5623 
episode: 563 count: 420 score: 200.0758 average_last200: 80.1837 epis: 0.0035 loss: 30.1525 
episode: 564 count: 298 score: 197.9995 average_last200: 81.5007 epis: 0.0034 loss: 22.9086 
episode: 565 count: 272 score: 216.5875 average_last200: 82.8460 epis: 0.0034 loss: 36.7777 
episode: 566 count: 1000 score: -95.7239 average_last200: 82.6001 epis: 0.0034 loss: 87.4543 
episode: 567 count: 1000 score: -54.4465 average_last200: 82.6172 epis: 0.0033 loss: 77.0505 
episode: 568 count: 465 score: 178.4748 average_last200: 82.7626 epis: 0.0033 loss: 29.3374 
episode: 569 count: 863 score: 131.4918 average_last200: 82.7374 epis: 0.0033 loss: 79.0545 
episode: 570 count: 407 score: -128.1362 average_last200: 81.4435 epis: 0.0032 loss: 35.9394 
episode: 571 count: 791 score: 117.3495 average_last200: 80.9577 epis: 0.0032 loss: 64.9947 
episode: 572 count: 455 score: 194.1956 average_last200: 81.1384 epis: 0.0032 loss: 45.4911 
episode: 573 count: 368 score: 248.7008 average_last200: 81.5985 epis: 0.0031 loss: 47.4094 
episode: 574 count: 575 score: 131.9019 average_last200: 81.5404 epis: 0.0031 loss: 47.5712 
episode: 575 count: 469 score: 174.7655 average_last200: 81.3413 epis: 0.0031 loss: 59.3470 
episode: 576 count: 588 score: 225.8230 average_last200: 81.6327 epis: 0.0030 loss: 56.3921 
episode: 577 count: 656 score: 192.1515 average_last200: 82.2159 epis: 0.0030 loss: 45.7039 
episode: 578 count: 343 score: 227.3974 average_last200: 83.6865 epis: 0.0030 loss: 25.3724 
episode: 579 count: 602 score: 122.2265 average_last200: 83.5370 epis: 0.0029 loss: 61.4425 
episode: 580 count: 241 score: -26.2547 average_last200: 83.6648 epis: 0.0029 loss: 29.5800 
episode: 581 count: 438 score: 176.8800 average_last200: 83.7139 epis: 0.0029 loss: 33.2681 
episode: 582 count: 1000 score: -74.8733 average_last200: 82.4064 epis: 0.0029 loss: 83.2655 
episode: 583 count: 401 score: 226.9405 average_last200: 84.1271 epis: 0.0028 loss: 31.3439 
episode: 584 count: 1000 score: -78.0926 average_last200: 83.3056 epis: 0.0028 loss: 87.7453 
episode: 585 count: 1000 score: -65.1504 average_last200: 82.5520 epis: 0.0028 loss: 76.1521 
episode: 586 count: 1000 score: -39.9711 average_last200: 82.6730 epis: 0.0027 loss: 87.8509 
episode: 587 count: 1000 score: 46.2398 average_last200: 82.7954 epis: 0.0027 loss: 88.0650 
episode: 588 count: 1000 score: -54.8016 average_last200: 82.7013 epis: 0.0027 loss: 82.0184 
episode: 589 count: 299 score: 230.5509 average_last200: 84.3863 epis: 0.0027 loss: 32.8405 
episode: 590 count: 593 score: 154.2723 average_last200: 85.3636 epis: 0.0026 loss: 67.9904 
episode: 591 count: 829 score: 127.4334 average_last200: 86.6748 epis: 0.0026 loss: 80.8325 
episode: 592 count: 310 score: 221.5218 average_last200: 87.4109 epis: 0.0026 loss: 27.5256 
episode: 593 count: 707 score: 114.5118 average_last200: 87.2900 epis: 0.0026 loss: 59.4534 
episode: 594 count: 587 score: 187.8301 average_last200: 87.9705 epis: 0.0025 loss: 60.6988 
episode: 595 count: 629 score: 174.0386 average_last200: 89.1586 epis: 0.0025 loss: 51.0034 
episode: 596 count: 946 score: 82.4924 average_last200: 89.7516 epis: 0.0025 loss: 103.1848 
episode: 597 count: 377 score: 221.4821 average_last200: 91.0347 epis: 0.0025 loss: 27.0428 
episode: 598 count: 339 score: 237.5309 average_last200: 92.4470 epis: 0.0024 loss: 33.0307 
episode: 599 count: 370 score: 189.8192 average_last200: 93.7828 epis: 0.0024 loss: 44.5892 
episode: 600 count: 490 score: 182.6801 average_last200: 94.9479 epis: 0.0024 loss: 56.8208 
episode: 601 count: 569 score: 172.3619 average_last200: 95.0678 epis: 0.0024 loss: 53.5201 
episode: 602 count: 557 score: 206.2127 average_last200: 96.4329 epis: 0.0023 loss: 63.1264 
episode: 603 count: 437 score: 230.7583 average_last200: 97.9703 epis: 0.0023 loss: 42.5231 
episode: 604 count: 580 score: 150.4064 average_last200: 99.1654 epis: 0.0023 loss: 74.6634 
episode: 605 count: 670 score: 119.9985 average_last200: 99.9426 epis: 0.0023 loss: 55.5313 
episode: 606 count: 839 score: 98.6631 average_last200: 100.6791 epis: 0.0022 loss: 74.0360 
episode: 607 count: 906 score: 111.5605 average_last200: 101.4236 epis: 0.0022 loss: 78.5436 
episode: 608 count: 1000 score: -42.7981 average_last200: 100.6420 epis: 0.0022 loss: 113.3561 
episode: 609 count: 323 score: 194.1604 average_last200: 100.5890 epis: 0.0022 loss: 29.0168 
episode: 610 count: 603 score: 198.8479 average_last200: 100.7030 epis: 0.0022 loss: 53.5171 
episode: 611 count: 321 score: 244.3404 average_last200: 101.0784 epis: 0.0021 loss: 33.8739 
episode: 612 count: 372 score: 211.2621 average_last200: 101.5831 epis: 0.0021 loss: 25.4558 
episode: 613 count: 385 score: 221.3416 average_last200: 101.7287 epis: 0.0021 loss: 34.2333 
episode: 614 count: 523 score: 198.0385 average_last200: 101.9282 epis: 0.0021 loss: 54.3991 
episode: 615 count: 636 score: 158.7845 average_last200: 102.0078 epis: 0.0020 loss: 48.0589 
episode: 616 count: 1000 score: -73.9016 average_last200: 100.7639 epis: 0.0020 loss: 96.9928 
episode: 617 count: 987 score: 77.9677 average_last200: 99.9797 epis: 0.0020 loss: 98.3172 
episode: 618 count: 270 score: 1.4271 average_last200: 99.0196 epis: 0.0020 loss: 21.6439 
episode: 619 count: 706 score: 149.2213 average_last200: 98.9163 epis: 0.0020 loss: 87.9167 
episode: 620 count: 371 score: 239.2060 average_last200: 100.3363 epis: 0.0019 loss: 50.8076 
episode: 621 count: 805 score: 117.8294 average_last200: 100.2500 epis: 0.0019 loss: 77.5641 
episode: 622 count: 378 score: 250.4064 average_last200: 100.7295 epis: 0.0019 loss: 35.5687 
episode: 623 count: 489 score: 207.4875 average_last200: 101.5505 epis: 0.0019 loss: 45.2920 
episode: 624 count: 511 score: 158.8929 average_last200: 101.1865 epis: 0.0019 loss: 67.1031 
episode: 625 count: 363 score: 198.4757 average_last200: 101.2427 epis: 0.0019 loss: 43.0573 
episode: 626 count: 635 score: 180.6749 average_last200: 101.3529 epis: 0.0018 loss: 59.4544 
episode: 627 count: 402 score: 180.8224 average_last200: 101.1281 epis: 0.0018 loss: 35.6168 
episode: 628 count: 508 score: 157.7094 average_last200: 100.8421 epis: 0.0018 loss: 56.5317 
episode: 629 count: 436 score: 191.6735 average_last200: 101.0633 epis: 0.0018 loss: 53.6447 
episode: 630 count: 404 score: 208.4575 average_last200: 102.2054 epis: 0.0018 loss: 45.0945 
episode: 631 count: 386 score: 223.1535 average_last200: 103.7031 epis: 0.0017 loss: 35.3152 
episode: 632 count: 478 score: 160.5713 average_last200: 105.1775 epis: 0.0017 loss: 46.1560 
episode: 633 count: 518 score: 164.2862 average_last200: 105.0526 epis: 0.0017 loss: 68.8383 
episode: 634 count: 711 score: 205.2196 average_last200: 106.2736 epis: 0.0017 loss: 80.3337 
episode: 635 count: 215 score: -38.4728 average_last200: 106.6522 epis: 0.0017 loss: 30.5852 
episode: 636 count: 177 score: -1.5526 average_last200: 106.8361 epis: 0.0017 loss: 14.7709 
episode: 637 count: 382 score: 261.9078 average_last200: 108.4792 epis: 0.0016 loss: 47.5656 
episode: 638 count: 211 score: -15.2256 average_last200: 108.8018 epis: 0.0016 loss: 19.9807 
episode: 639 count: 306 score: 257.1176 average_last200: 110.4756 epis: 0.0016 loss: 37.8592 
episode: 640 count: 609 score: 145.9144 average_last200: 111.8170 epis: 0.0016 loss: 80.9938 
episode: 641 count: 344 score: 246.3369 average_last200: 113.6186 epis: 0.0016 loss: 35.9548 
episode: 642 count: 428 score: 186.3872 average_last200: 114.8101 epis: 0.0016 loss: 30.2960 
episode: 643 count: 462 score: 246.9424 average_last200: 116.8951 epis: 0.0015 loss: 45.4213 
episode: 644 count: 539 score: 164.8049 average_last200: 118.2111 epis: 0.0015 loss: 69.4793 
episode: 645 count: 826 score: 108.8109 average_last200: 119.1484 epis: 0.0015 loss: 76.9378 
episode: 646 count: 321 score: 197.5843 average_last200: 120.7287 epis: 0.0015 loss: 26.8107 
episode: 647 count: 241 score: -64.5999 average_last200: 121.1663 epis: 0.0015 loss: 17.4744 
episode: 648 count: 363 score: 204.9056 average_last200: 122.9302 epis: 0.0015 loss: 28.1106 
episode: 649 count: 413 score: 176.2711 average_last200: 124.3171 epis: 0.0015 loss: 41.2356 
episode: 650 count: 368 score: 214.0666 average_last200: 125.9844 epis: 0.0014 loss: 38.1482 
episode: 651 count: 401 score: 227.9746 average_last200: 127.5792 epis: 0.0014 loss: 46.7889 
episode: 652 count: 377 score: 194.7182 average_last200: 129.8402 epis: 0.0014 loss: 37.0023 
episode: 653 count: 402 score: 240.4577 average_last200: 131.3757 epis: 0.0014 loss: 40.7954 
episode: 654 count: 757 score: 156.2209 average_last200: 132.6855 epis: 0.0014 loss: 69.5911 
episode: 655 count: 1000 score: -96.1103 average_last200: 133.0942 epis: 0.0014 loss: 91.9132 
episode: 656 count: 610 score: 199.4015 average_last200: 135.3276 epis: 0.0014 loss: 66.0938 
episode: 657 count: 383 score: 225.9377 average_last200: 136.9186 epis: 0.0013 loss: 39.3728 
episode: 658 count: 412 score: 230.5985 average_last200: 139.0002 epis: 0.0013 loss: 33.5317 
episode: 659 count: 445 score: -133.2347 average_last200: 137.6955 epis: 0.0013 loss: 28.7387 
episode: 660 count: 466 score: 218.1122 average_last200: 138.0079 epis: 0.0013 loss: 43.1844 
episode: 661 count: 542 score: 187.0761 average_last200: 139.1673 epis: 0.0013 loss: 56.1558 
episode: 662 count: 601 score: 201.2496 average_last200: 140.4249 epis: 0.0013 loss: 60.4940 
episode: 663 count: 535 score: 176.1628 average_last200: 141.4900 epis: 0.0013 loss: 57.7602 
episode: 664 count: 819 score: 188.6424 average_last200: 142.7343 epis: 0.0013 loss: 106.1844 
episode: 665 count: 1000 score: -72.2041 average_last200: 141.8265 epis: 0.0012 loss: 106.1042 
episode: 666 count: 294 score: 212.5962 average_last200: 142.3568 epis: 0.0012 loss: 31.0710 
episode: 667 count: 492 score: 154.3131 average_last200: 143.3975 epis: 0.0012 loss: 38.8260 
episode: 668 count: 417 score: 216.1869 average_last200: 143.9381 epis: 0.0012 loss: 45.7136 
episode: 669 count: 515 score: 163.2723 average_last200: 143.9983 epis: 0.0012 loss: 57.0448 
episode: 670 count: 588 score: 146.7267 average_last200: 144.9705 epis: 0.0012 loss: 68.7894 
episode: 671 count: 261 score: 223.9086 average_last200: 145.5039 epis: 0.0012 loss: 25.8303 
episode: 672 count: 888 score: 159.9889 average_last200: 146.8209 epis: 0.0012 loss: 82.6552 
episode: 673 count: 1000 score: -92.4895 average_last200: 146.3920 epis: 0.0011 loss: 82.3601 
episode: 674 count: 901 score: 143.3205 average_last200: 147.4965 epis: 0.0011 loss: 77.2616 
episode: 675 count: 664 score: 122.6998 average_last200: 147.2094 epis: 0.0011 loss: 63.4874 
episode: 676 count: 735 score: 161.7576 average_last200: 147.4970 epis: 0.0011 loss: 66.6814 
episode: 677 count: 365 score: 166.3272 average_last200: 147.1808 epis: 0.0011 loss: 51.2943 
episode: 678 count: 397 score: 187.4756 average_last200: 147.0632 epis: 0.0011 loss: 29.9943 
episode: 679 count: 479 score: 149.6169 average_last200: 146.8888 epis: 0.0011 loss: 45.3887 
episode: 680 count: 481 score: 179.4207 average_last200: 146.8215 epis: 0.0011 loss: 57.5173 
episode: 681 count: 507 score: 177.5194 average_last200: 146.8311 epis: 0.0011 loss: 49.6957 
episode: 682 count: 296 score: 165.8893 average_last200: 146.8096 epis: 0.0010 loss: 31.0885 
episode: 683 count: 493 score: 208.6402 average_last200: 146.9340 epis: 0.0010 loss: 55.8014 
episode: 684 count: 501 score: 196.7648 average_last200: 146.9523 epis: 0.0010 loss: 68.4089 
episode: 685 count: 899 score: 80.3235 average_last200: 146.6825 epis: 0.0010 loss: 104.3427 
episode: 686 count: 408 score: 190.3706 average_last200: 146.4489 epis: 0.0010 loss: 34.2279 
episode: 687 count: 328 score: 246.5338 average_last200: 146.6144 epis: 0.0010 loss: 28.1844 
episode: 688 count: 413 score: 207.3738 average_last200: 146.5948 epis: 0.0010 loss: 38.5402 
episode: 689 count: 461 score: 152.6169 average_last200: 146.3127 epis: 0.0010 loss: 56.2532 
episode: 690 count: 774 score: 138.9980 average_last200: 146.2964 epis: 0.0010 loss: 84.8459 
episode: 691 count: 693 score: 157.4790 average_last200: 146.3124 epis: 0.0010 loss: 81.6108 
episode: 692 count: 399 score: 188.1122 average_last200: 146.5204 epis: 0.0009 loss: 41.4618 
episode: 693 count: 439 score: -74.7556 average_last200: 144.9164 epis: 0.0009 loss: 44.9278 
episode: 694 count: 899 score: 108.7170 average_last200: 144.4371 epis: 0.0009 loss: 108.6254 
episode: 695 count: 1000 score: -52.8396 average_last200: 143.5444 epis: 0.0009 loss: 82.6697 
episode: 696 count: 1000 score: -12.7239 average_last200: 142.7691 epis: 0.0009 loss: 103.4807 
episode: 697 count: 467 score: 224.4801 average_last200: 143.1887 epis: 0.0009 loss: 35.2726 
episode: 698 count: 551 score: 152.1860 average_last200: 142.8031 epis: 0.0009 loss: 67.8782 
episode: 699 count: 534 score: 194.2439 average_last200: 143.9708 epis: 0.0009 loss: 63.0791 
episode: 700 count: 671 score: 136.6326 average_last200: 144.8207 epis: 0.0009 loss: 60.2299 
episode: 701 count: 726 score: 144.1109 average_last200: 144.7980 epis: 0.0009 loss: 74.1828 
episode: 702 count: 835 score: 140.8102 average_last200: 144.3826 epis: 0.0009 loss: 94.0135 
episode: 703 count: 233 score: 10.1013 average_last200: 143.4436 epis: 0.0008 loss: 26.8753 
episode: 704 count: 851 score: 179.1523 average_last200: 143.4326 epis: 0.0008 loss: 84.4949 
episode: 705 count: 861 score: 132.6759 average_last200: 144.5666 epis: 0.0008 loss: 100.7502 
episode: 706 count: 1000 score: -62.0409 average_last200: 143.3722 epis: 0.0008 loss: 88.2944 
episode: 707 count: 277 score: 265.0461 average_last200: 143.5149 epis: 0.0008 loss: 35.4376 
episode: 708 count: 223 score: -31.7149 average_last200: 142.4164 epis: 0.0008 loss: 33.6080 
episode: 709 count: 749 score: 135.2273 average_last200: 141.9486 epis: 0.0008 loss: 99.9045 
episode: 710 count: 402 score: 227.7396 average_last200: 142.2593 epis: 0.0008 loss: 49.4603 
episode: 711 count: 730 score: 142.3089 average_last200: 141.7547 epis: 0.0008 loss: 82.8777 
episode: 712 count: 447 score: 203.8558 average_last200: 142.7506 epis: 0.0008 loss: 52.0842 
episode: 713 count: 132 score: 31.0028 average_last200: 141.8470 epis: 0.0008 loss: 12.3666 
episode: 714 count: 201 score: -26.3030 average_last200: 140.7832 epis: 0.0008 loss: 19.1375 
episode: 715 count: 481 score: 179.7254 average_last200: 141.0540 epis: 0.0007 loss: 53.2108 
episode: 716 count: 111 score: 16.8734 average_last200: 140.4023 epis: 0.0007 loss: 17.2150 
episode: 717 count: 186 score: -14.8973 average_last200: 139.2622 epis: 0.0007 loss: 26.0015 
episode: 718 count: 193 score: -77.1054 average_last200: 137.7431 epis: 0.0007 loss: 27.2722 
episode: 719 count: 413 score: 171.0777 average_last200: 137.9928 epis: 0.0007 loss: 33.9954 
episode: 720 count: 266 score: -52.1199 average_last200: 136.6855 epis: 0.0007 loss: 29.3162 
episode: 721 count: 776 score: 128.0481 average_last200: 136.5251 epis: 0.0007 loss: 83.4962 
episode: 722 count: 442 score: 188.3598 average_last200: 136.5890 epis: 0.0007 loss: 63.3241 
episode: 723 count: 373 score: 205.5092 average_last200: 136.4814 epis: 0.0007 loss: 35.9130 
episode: 724 count: 154 score: -6.8972 average_last200: 135.3535 epis: 0.0007 loss: 22.4944 
episode: 725 count: 160 score: -101.2836 average_last200: 133.9814 epis: 0.0007 loss: 14.4885 
episode: 726 count: 226 score: 181.0060 average_last200: 135.3151 epis: 0.0007 loss: 19.0965 
episode: 727 count: 113 score: -0.5118 average_last200: 135.3686 epis: 0.0007 loss: 11.7626 
episode: 728 count: 738 score: 167.0842 average_last200: 135.1545 epis: 0.0007 loss: 73.2052 
episode: 729 count: 1000 score: -68.6614 average_last200: 134.9447 epis: 0.0007 loss: 113.8397 
episode: 730 count: 719 score: 104.1753 average_last200: 135.7446 epis: 0.0006 loss: 65.1241 
episode: 731 count: 783 score: 134.9771 average_last200: 135.9578 epis: 0.0006 loss: 90.8413 
episode: 732 count: 735 score: 90.4099 average_last200: 135.5166 epis: 0.0006 loss: 70.7500 
episode: 733 count: 409 score: 191.9983 average_last200: 135.4197 epis: 0.0006 loss: 43.2499 
episode: 734 count: 1000 score: -10.7384 average_last200: 134.9012 epis: 0.0006 loss: 111.4390 
episode: 735 count: 207 score: -43.5792 average_last200: 133.7302 epis: 0.0006 loss: 14.6590 
episode: 736 count: 256 score: 198.1526 average_last200: 133.8690 epis: 0.0006 loss: 23.3940 
episode: 737 count: 104 score: -14.2208 average_last200: 133.0164 epis: 0.0006 loss: 9.5533 
episode: 738 count: 762 score: 107.3993 average_last200: 132.6600 epis: 0.0006 loss: 104.5395 
episode: 739 count: 216 score: -50.5646 average_last200: 131.2407 epis: 0.0006 loss: 27.7410 
episode: 740 count: 687 score: 52.2824 average_last200: 130.4249 epis: 0.0006 loss: 78.2969 
episode: 741 count: 1000 score: -92.8634 average_last200: 128.9439 epis: 0.0006 loss: 98.9925 
episode: 742 count: 227 score: 240.7193 average_last200: 129.3276 epis: 0.0006 loss: 28.1834 
episode: 743 count: 795 score: 129.5194 average_last200: 130.0896 epis: 0.0006 loss: 105.0942 
episode: 744 count: 703 score: 169.7251 average_last200: 131.3190 epis: 0.0006 loss: 78.7145 
episode: 745 count: 219 score: 193.6429 average_last200: 131.5018 epis: 0.0006 loss: 34.5370 
episode: 746 count: 324 score: 235.2301 average_last200: 131.6873 epis: 0.0005 loss: 40.6205 
episode: 747 count: 252 score: -77.9629 average_last200: 130.3713 epis: 0.0005 loss: 14.1884 
episode: 748 count: 588 score: 118.6108 average_last200: 130.0283 epis: 0.0005 loss: 58.9482 
episode: 749 count: 121 score: -5.6232 average_last200: 129.1246 epis: 0.0005 loss: 16.9855 
episode: 750 count: 673 score: 71.3941 average_last200: 128.5188 epis: 0.0005 loss: 73.8594 
episode: 751 count: 434 score: 144.8116 average_last200: 128.4568 epis: 0.0005 loss: 47.9090 
episode: 752 count: 108 score: 7.3186 average_last200: 127.6892 epis: 0.0005 loss: 6.1902 
episode: 753 count: 701 score: 55.0641 average_last200: 127.4394 epis: 0.0005 loss: 80.1796 
episode: 754 count: 112 score: 12.7500 average_last200: 126.6195 epis: 0.0005 loss: 16.2398 
episode: 755 count: 299 score: -27.5737 average_last200: 125.7080 epis: 0.0005 loss: 40.3394 
episode: 756 count: 118 score: -91.9932 average_last200: 124.6020 epis: 0.0005 loss: 9.5506 
episode: 757 count: 465 score: 152.4031 average_last200: 124.2558 epis: 0.0005 loss: 67.4791 
episode: 758 count: 398 score: 157.7706 average_last200: 124.1781 epis: 0.0005 loss: 38.9617 
episode: 759 count: 110 score: 4.1781 average_last200: 123.4275 epis: 0.0005 loss: 7.9251 
episode: 760 count: 466 score: 254.6625 average_last200: 123.5175 epis: 0.0005 loss: 53.5093 
episode: 761 count: 134 score: 7.2346 average_last200: 122.6032 epis: 0.0005 loss: 11.5728 
episode: 762 count: 84 score: -55.7290 average_last200: 121.3954 epis: 0.0005 loss: 19.3411 
episode: 763 count: 668 score: 200.8033 average_last200: 121.3990 epis: 0.0005 loss: 75.5036 
episode: 764 count: 111 score: -24.0553 average_last200: 120.2888 epis: 0.0005 loss: 8.4105 
episode: 765 count: 241 score: 1.8871 average_last200: 119.2153 epis: 0.0005 loss: 18.6155 
episode: 766 count: 201 score: 16.7826 average_last200: 119.7778 epis: 0.0004 loss: 29.2250 
episode: 767 count: 409 score: 215.0112 average_last200: 121.1251 epis: 0.0004 loss: 45.3520 
episode: 768 count: 170 score: -42.9892 average_last200: 120.0178 epis: 0.0004 loss: 13.8005 
episode: 769 count: 173 score: -13.1469 average_last200: 119.2946 epis: 0.0004 loss: 20.7113 
episode: 770 count: 211 score: -45.3037 average_last200: 119.7087 epis: 0.0004 loss: 16.8693 
episode: 771 count: 182 score: -58.8699 average_last200: 118.8276 epis: 0.0004 loss: 19.9889 
episode: 772 count: 300 score: 218.8311 average_last200: 118.9508 epis: 0.0004 loss: 36.9172 
episode: 773 count: 439 score: 201.8190 average_last200: 118.7164 epis: 0.0004 loss: 48.8858 
episode: 774 count: 458 score: 231.6614 average_last200: 119.2152 epis: 0.0004 loss: 51.4431 
episode: 775 count: 109 score: 2.4909 average_last200: 118.3538 epis: 0.0004 loss: 16.9960 
episode: 776 count: 215 score: -27.3049 average_last200: 117.0882 epis: 0.0004 loss: 25.7023 
episode: 777 count: 259 score: 243.5055 average_last200: 117.3450 epis: 0.0004 loss: 20.6010 
episode: 778 count: 201 score: -25.3974 average_last200: 116.0810 epis: 0.0004 loss: 36.5205 
episode: 779 count: 293 score: -62.1992 average_last200: 115.1589 epis: 0.0004 loss: 28.0684 
episode: 780 count: 1000 score: -96.0752 average_last200: 114.8098 epis: 0.0004 loss: 120.9054 
episode: 781 count: 219 score: 247.8762 average_last200: 115.1647 epis: 0.0004 loss: 11.6833 
episode: 782 count: 294 score: 205.6569 average_last200: 116.5674 epis: 0.0004 loss: 40.2635 
episode: 783 count: 115 score: 31.3935 average_last200: 115.5897 epis: 0.0004 loss: 20.7163 
episode: 784 count: 186 score: 223.0593 average_last200: 117.0954 epis: 0.0004 loss: 23.7124 
episode: 785 count: 151 score: 5.5221 average_last200: 117.4488 epis: 0.0004 loss: 15.7618 
episode: 786 count: 516 score: 160.3391 average_last200: 118.4503 epis: 0.0004 loss: 60.5211 
episode: 787 count: 416 score: -55.1907 average_last200: 117.9432 epis: 0.0004 loss: 55.1497 
episode: 788 count: 824 score: 111.4993 average_last200: 118.7747 epis: 0.0004 loss: 99.7608 
episode: 789 count: 396 score: 165.0724 average_last200: 118.4473 epis: 0.0004 loss: 38.5947 
episode: 790 count: 479 score: 189.3306 average_last200: 118.6226 epis: 0.0004 loss: 62.0026 
episode: 791 count: 399 score: 174.9288 average_last200: 118.8601 epis: 0.0003 loss: 47.2309 
episode: 792 count: 244 score: 252.4599 average_last200: 119.0147 epis: 0.0003 loss: 24.8395 
episode: 793 count: 398 score: 177.2954 average_last200: 119.3287 epis: 0.0003 loss: 46.2562 
episode: 794 count: 445 score: 185.9599 average_last200: 119.3193 epis: 0.0003 loss: 53.5486 
episode: 795 count: 498 score: 198.1965 average_last200: 119.4401 epis: 0.0003 loss: 62.6824 
episode: 796 count: 432 score: 217.6586 average_last200: 120.1159 epis: 0.0003 loss: 54.4130 
episode: 797 count: 151 score: -141.0445 average_last200: 118.3033 epis: 0.0003 loss: 17.4711 
episode: 798 count: 632 score: 177.1613 average_last200: 118.0015 epis: 0.0003 loss: 46.3547 
episode: 799 count: 576 score: 171.0294 average_last200: 117.9075 epis: 0.0003 loss: 67.6680 
episode: 800 count: 161 score: -32.1374 average_last200: 116.8334 epis: 0.0003 loss: 20.8533 
episode: 801 count: 207 score: -17.4589 average_last200: 115.8843 epis: 0.0003 loss: 23.3350 
episode: 802 count: 142 score: -26.9422 average_last200: 114.7185 epis: 0.0003 loss: 13.9227 
episode: 803 count: 133 score: -36.3942 average_last200: 113.3828 epis: 0.0003 loss: 6.9201 
episode: 804 count: 209 score: 258.3990 average_last200: 113.9227 epis: 0.0003 loss: 32.4356 
episode: 805 count: 797 score: 139.0746 average_last200: 114.0181 epis: 0.0003 loss: 95.3765 
episode: 806 count: 415 score: 178.1098 average_last200: 114.4154 epis: 0.0003 loss: 50.5008 
episode: 807 count: 396 score: 174.7107 average_last200: 114.7311 epis: 0.0003 loss: 33.6121 
episode: 808 count: 200 score: -128.0215 average_last200: 114.3050 epis: 0.0003 loss: 15.9228 
episode: 809 count: 646 score: 166.3213 average_last200: 114.1658 epis: 0.0003 loss: 94.0118 
episode: 810 count: 905 score: 73.3877 average_last200: 113.5385 epis: 0.0003 loss: 112.3969 
episode: 811 count: 1000 score: -53.8177 average_last200: 112.0477 epis: 0.0003 loss: 118.5105 
episode: 812 count: 491 score: -82.5453 average_last200: 110.5787 epis: 0.0003 loss: 62.9373 
episode: 813 count: 352 score: 210.6595 average_last200: 110.5253 epis: 0.0003 loss: 33.3848 
episode: 814 count: 664 score: 105.5641 average_last200: 110.0629 epis: 0.0003 loss: 59.9175 
episode: 815 count: 552 score: 164.3642 average_last200: 110.0908 epis: 0.0003 loss: 65.3909 
episode: 816 count: 842 score: 99.0807 average_last200: 110.9557 epis: 0.0003 loss: 84.5799 
episode: 817 count: 527 score: 172.8979 average_last200: 111.4303 epis: 0.0003 loss: 56.9173 
episode: 818 count: 383 score: 196.9336 average_last200: 112.4079 epis: 0.0003 loss: 48.5137 
episode: 819 count: 520 score: 204.8893 average_last200: 112.6862 epis: 0.0003 loss: 41.9582 
episode: 820 count: 88 score: -63.3714 average_last200: 111.1733 epis: 0.0003 loss: 7.3347 
episode: 821 count: 197 score: 254.2792 average_last200: 111.8556 epis: 0.0003 loss: 10.8834 
episode: 822 count: 162 score: 8.6262 average_last200: 110.6467 epis: 0.0003 loss: 22.1716 
episode: 823 count: 610 score: 152.9338 average_last200: 110.3739 epis: 0.0003 loss: 54.2599 
episode: 824 count: 615 score: 156.9160 average_last200: 110.3640 epis: 0.0003 loss: 83.5673 
episode: 825 count: 493 score: 162.8487 average_last200: 110.1859 epis: 0.0002 loss: 41.2492 
episode: 826 count: 419 score: 143.3273 average_last200: 109.9992 epis: 0.0002 loss: 52.7944 
episode: 827 count: 585 score: 147.4015 average_last200: 109.8320 epis: 0.0002 loss: 68.0580 
episode: 828 count: 355 score: 201.4938 average_last200: 110.0510 epis: 0.0002 loss: 46.1020 
episode: 829 count: 450 score: 185.0669 average_last200: 110.0179 epis: 0.0002 loss: 62.5951 
episode: 830 count: 654 score: 163.7879 average_last200: 109.7946 epis: 0.0002 loss: 98.2152 
episode: 831 count: 515 score: 165.7424 average_last200: 109.5075 epis: 0.0002 loss: 41.7391 
episode: 832 count: 587 score: 151.0394 average_last200: 109.4599 epis: 0.0002 loss: 52.8181 
episode: 833 count: 1000 score: -15.2352 average_last200: 108.5623 epis: 0.0002 loss: 125.0368 
episode: 834 count: 259 score: 247.5731 average_last200: 108.7740 epis: 0.0002 loss: 25.0217 
episode: 835 count: 92 score: -4.0986 average_last200: 108.9459 epis: 0.0002 loss: 10.2903 
episode: 836 count: 436 score: 166.7086 average_last200: 109.7872 epis: 0.0002 loss: 52.0704 
episode: 837 count: 851 score: 102.7614 average_last200: 108.9915 epis: 0.0002 loss: 79.6804 
episode: 838 count: 239 score: 255.9384 average_last200: 110.3473 epis: 0.0002 loss: 24.7614 
episode: 839 count: 261 score: 241.4713 average_last200: 110.2691 epis: 0.0002 loss: 33.3836 
episode: 840 count: 254 score: 231.1010 average_last200: 110.6950 epis: 0.0002 loss: 19.0521 
episode: 841 count: 1000 score: -63.6019 average_last200: 109.1453 epis: 0.0002 loss: 110.3769 
episode: 842 count: 1000 score: -14.2980 average_last200: 108.1419 epis: 0.0002 loss: 117.1597 
episode: 843 count: 320 score: 224.5061 average_last200: 108.0297 epis: 0.0002 loss: 15.9622 
episode: 844 count: 702 score: 152.9652 average_last200: 107.9705 epis: 0.0002 loss: 80.4728 
episode: 845 count: 1000 score: -29.3586 average_last200: 107.2797 epis: 0.0002 loss: 155.6217 
episode: 846 count: 692 score: 141.2174 average_last200: 106.9978 epis: 0.0002 loss: 84.9938 
episode: 847 count: 244 score: 238.5482 average_last200: 108.5136 epis: 0.0002 loss: 22.8513 
episode: 848 count: 818 score: 178.6522 average_last200: 108.3823 epis: 0.0002 loss: 72.0073 
episode: 849 count: 709 score: -101.9780 average_last200: 106.9910 epis: 0.0002 loss: 70.3169 
episode: 850 count: 1000 score: -77.2396 average_last200: 105.5345 epis: 0.0002 loss: 98.1597 
episode: 851 count: 116 score: -37.0749 average_last200: 104.2093 epis: 0.0002 loss: 13.3055 
episode: 852 count: 456 score: 150.6714 average_last200: 103.9890 epis: 0.0002 loss: 48.4878 
episode: 853 count: 286 score: -29.0634 average_last200: 102.6414 epis: 0.0002 loss: 22.3213 
episode: 854 count: 155 score: 9.7118 average_last200: 101.9089 epis: 0.0002 loss: 21.1896 
episode: 855 count: 491 score: 206.1446 average_last200: 103.4202 epis: 0.0002 loss: 80.2211 
episode: 856 count: 489 score: 152.3584 average_last200: 103.1849 epis: 0.0002 loss: 55.3436 
episode: 857 count: 754 score: 117.3083 average_last200: 102.6418 epis: 0.0002 loss: 78.3949 
episode: 858 count: 446 score: 195.4261 average_last200: 102.4659 epis: 0.0002 loss: 47.2913 
episode: 859 count: 747 score: 139.6859 average_last200: 103.8305 epis: 0.0002 loss: 77.4966 
episode: 860 count: 296 score: 252.7342 average_last200: 104.0036 epis: 0.0002 loss: 22.4393 
episode: 861 count: 186 score: -21.1810 average_last200: 102.9624 epis: 0.0002 loss: 22.5036 
episode: 862 count: 487 score: 198.7243 average_last200: 102.9497 epis: 0.0002 loss: 45.6908 
episode: 863 count: 301 score: 245.3240 average_last200: 103.2955 epis: 0.0002 loss: 36.0973 
episode: 864 count: 333 score: 237.7260 average_last200: 103.5410 epis: 0.0002 loss: 40.0899 
episode: 865 count: 135 score: -53.0905 average_last200: 103.6365 epis: 0.0002 loss: 11.7662 
episode: 866 count: 263 score: 231.0646 average_last200: 103.7289 epis: 0.0002 loss: 27.1787 
episode: 867 count: 824 score: 174.3592 average_last200: 103.8291 epis: 0.0002 loss: 76.4076 
episode: 868 count: 371 score: 209.7134 average_last200: 103.7967 epis: 0.0002 loss: 27.1488 
episode: 869 count: 874 score: 84.1852 average_last200: 103.4013 epis: 0.0002 loss: 90.7058 
episode: 870 count: 413 score: 255.0985 average_last200: 103.9432 epis: 0.0002 loss: 44.2702 
episode: 871 count: 238 score: 205.5979 average_last200: 103.8516 epis: 0.0002 loss: 30.8621 
episode: 872 count: 232 score: 225.1148 average_last200: 104.1772 epis: 0.0002 loss: 21.7545 
episode: 873 count: 139 score: -1.9335 average_last200: 104.6300 epis: 0.0002 loss: 14.3603 
episode: 874 count: 284 score: 184.6328 average_last200: 104.8366 epis: 0.0002 loss: 44.5176 
episode: 875 count: 219 score: 20.9140 average_last200: 104.3276 epis: 0.0002 loss: 28.3257 
episode: 876 count: 483 score: 169.5173 average_last200: 104.3664 epis: 0.0001 loss: 53.7575 
episode: 877 count: 1000 score: -90.7937 average_last200: 103.0808 epis: 0.0001 loss: 115.4590 
episode: 878 count: 1000 score: -78.5131 average_last200: 101.7509 epis: 0.0001 loss: 123.7732 
episode: 879 count: 1000 score: -81.7179 average_last200: 100.5942 epis: 0.0001 loss: 100.8891 
episode: 880 count: 600 score: 155.2569 average_last200: 100.4734 epis: 0.0001 loss: 67.2686 
episode: 881 count: 383 score: 198.0434 average_last200: 100.5760 epis: 0.0001 loss: 42.7971 
episode: 882 count: 375 score: 246.0992 average_last200: 100.9771 epis: 0.0001 loss: 57.7050 
episode: 883 count: 700 score: 135.0841 average_last200: 100.6093 epis: 0.0001 loss: 92.2152 
episode: 884 count: 1000 score: -67.6835 average_last200: 99.2870 epis: 0.0001 loss: 106.4533 
episode: 885 count: 550 score: 211.7288 average_last200: 99.9441 epis: 0.0001 loss: 68.4750 
episode: 886 count: 374 score: 192.6041 average_last200: 99.9552 epis: 0.0001 loss: 40.1108 
episode: 887 count: 1000 score: -65.5777 average_last200: 98.3947 epis: 0.0001 loss: 129.4998 
episode: 888 count: 956 score: 84.5939 average_last200: 97.7808 epis: 0.0001 loss: 107.5870 
episode: 889 count: 857 score: 103.1648 average_last200: 97.5335 epis: 0.0001 loss: 113.9766 
episode: 890 count: 556 score: 148.9148 average_last200: 97.5831 epis: 0.0001 loss: 64.6132 
episode: 891 count: 852 score: 130.6944 average_last200: 97.4492 epis: 0.0001 loss: 87.5755 
episode: 892 count: 189 score: -10.3347 average_last200: 96.4570 epis: 0.0001 loss: 23.3261 
episode: 893 count: 557 score: 144.8066 average_last200: 97.5548 epis: 0.0001 loss: 73.5139 
episode: 894 count: 374 score: 189.3374 average_last200: 97.9579 epis: 0.0001 loss: 45.3299 
episode: 895 count: 459 score: 179.9601 average_last200: 99.1219 epis: 0.0001 loss: 51.2095 
episode: 896 count: 154 score: -1.9452 average_last200: 99.1758 epis: 0.0001 loss: 7.0596 
episode: 897 count: 557 score: 184.5784 average_last200: 98.9762 epis: 0.0001 loss: 51.5481 
episode: 898 count: 1000 score: -66.1341 average_last200: 97.8846 epis: 0.0001 loss: 118.0724 
episode: 899 count: 882 score: 85.2678 average_last200: 97.3398 epis: 0.0001 loss: 78.9982 
episode: 900 count: 510 score: 177.6823 average_last200: 97.5450 epis: 0.0001 loss: 49.6983 
episode: 901 count: 278 score: -44.4732 average_last200: 96.6021 epis: 0.0001 loss: 29.8419 
episode: 902 count: 201 score: -18.1892 average_last200: 95.8071 epis: 0.0001 loss: 16.0608 
episode: 903 count: 190 score: -30.4483 average_last200: 95.6043 epis: 0.0001 loss: 14.0079 
episode: 904 count: 350 score: 214.6543 average_last200: 95.7819 epis: 0.0001 loss: 39.0375 
episode: 905 count: 253 score: -18.2086 average_last200: 95.0274 epis: 0.0001 loss: 40.9827 
episode: 906 count: 1000 score: -79.8212 average_last200: 94.9385 epis: 0.0001 loss: 98.9132 
episode: 907 count: 669 score: 173.6887 average_last200: 94.4817 epis: 0.0001 loss: 74.6658 
episode: 908 count: 147 score: 6.3867 average_last200: 94.6723 epis: 0.0001 loss: 23.6913 
episode: 909 count: 534 score: 163.5442 average_last200: 94.8138 epis: 0.0001 loss: 80.8496 
episode: 910 count: 428 score: 213.2918 average_last200: 94.7416 epis: 0.0001 loss: 50.4039 
episode: 911 count: 226 score: -31.4713 average_last200: 93.8727 epis: 0.0001 loss: 22.5926 
episode: 912 count: 214 score: 14.5424 average_last200: 92.9261 epis: 0.0001 loss: 20.1098 
episode: 913 count: 886 score: 123.8981 average_last200: 93.3906 epis: 0.0001 loss: 76.1983 
episode: 914 count: 337 score: 241.2648 average_last200: 94.7284 epis: 0.0001 loss: 37.6704 
episode: 915 count: 151 score: -19.2379 average_last200: 93.7336 epis: 0.0001 loss: 12.4559 
episode: 916 count: 381 score: 220.3931 average_last200: 94.7512 epis: 0.0001 loss: 32.2045 
episode: 917 count: 473 score: 260.5658 average_last200: 96.1285 epis: 0.0001 loss: 51.1254 
episode: 918 count: 716 score: 166.0753 average_last200: 97.3444 epis: 0.0001 loss: 76.8397 
episode: 919 count: 272 score: -32.5551 average_last200: 96.3263 epis: 0.0001 loss: 44.0875 
episode: 920 count: 192 score: -24.3146 average_last200: 96.4653 epis: 0.0001 loss: 17.9339 
episode: 921 count: 547 score: 156.5088 average_last200: 96.6076 epis: 0.0001 loss: 75.8188 
episode: 922 count: 213 score: -34.4888 average_last200: 95.4934 epis: 0.0001 loss: 22.7021 
episode: 923 count: 453 score: 173.6143 average_last200: 95.3339 epis: 0.0001 loss: 43.0390 
episode: 924 count: 482 score: 186.5379 average_last200: 96.3011 epis: 0.0001 loss: 49.2907 
episode: 925 count: 373 score: 257.4754 average_last200: 98.0949 epis: 0.0001 loss: 41.5150 
episode: 926 count: 184 score: -22.7534 average_last200: 97.0761 epis: 0.0001 loss: 12.0219 
episode: 927 count: 174 score: 0.9667 average_last200: 97.0835 epis: 0.0001 loss: 30.9870 
episode: 928 count: 503 score: 183.9580 average_last200: 97.1678 epis: 0.0001 loss: 51.8480 
episode: 929 count: 440 score: 259.3153 average_last200: 98.8077 epis: 0.0001 loss: 42.2486 
episode: 930 count: 262 score: 219.1294 average_last200: 99.3825 epis: 0.0001 loss: 27.2961 
episode: 931 count: 342 score: 228.2999 average_last200: 99.8491 epis: 0.0001 loss: 33.2355 
episode: 932 count: 308 score: 232.1915 average_last200: 100.5580 epis: 0.0001 loss: 33.4292 
episode: 933 count: 294 score: 225.4615 average_last200: 100.7253 epis: 0.0001 loss: 23.1873 
episode: 934 count: 391 score: 209.4656 average_last200: 101.8263 epis: 0.0001 loss: 59.9177 
episode: 935 count: 397 score: 140.9594 average_last200: 102.7490 epis: 0.0001 loss: 33.2620 
episode: 936 count: 173 score: -39.6964 average_last200: 101.5598 epis: 0.0001 loss: 11.9381 
episode: 937 count: 183 score: -34.3141 average_last200: 101.4593 epis: 0.0001 loss: 29.5298 
episode: 938 count: 355 score: -35.7155 average_last200: 100.7438 epis: 0.0001 loss: 32.3068 
episode: 939 count: 510 score: 154.8810 average_last200: 101.7710 epis: 0.0001 loss: 64.5006 
episode: 940 count: 333 score: 220.2542 average_last200: 102.6108 epis: 0.0001 loss: 35.9895 
episode: 941 count: 186 score: -50.2805 average_last200: 102.8238 epis: 0.0001 loss: 27.8844 
episode: 942 count: 520 score: 168.0473 average_last200: 102.4604 epis: 0.0001 loss: 53.4270 
episode: 943 count: 195 score: -76.1076 average_last200: 101.4323 epis: 0.0001 loss: 16.7290 
episode: 944 count: 108 score: -45.6694 average_last200: 100.3553 epis: 0.0001 loss: 20.1135 
episode: 945 count: 114 score: -19.0753 average_last200: 99.2917 epis: 0.0001 loss: 8.7030 
episode: 946 count: 235 score: 235.5188 average_last200: 99.2931 epis: 0.0001 loss: 24.0922 
episode: 947 count: 321 score: 249.9489 average_last200: 100.9327 epis: 0.0001 loss: 40.1339 
episode: 948 count: 284 score: 255.1132 average_last200: 101.6152 epis: 0.0001 loss: 33.1840 
episode: 949 count: 355 score: 141.4297 average_last200: 102.3505 epis: 0.0001 loss: 38.6785 
episode: 950 count: 467 score: 170.9222 average_last200: 102.8481 epis: 0.0001 loss: 41.9331 
episode: 951 count: 461 score: 158.6581 average_last200: 102.9173 epis: 0.0001 loss: 38.9875 
episode: 952 count: 438 score: 191.6980 average_last200: 103.8392 epis: 0.0001 loss: 33.9319 
episode: 953 count: 319 score: 190.8961 average_last200: 104.5184 epis: 0.0001 loss: 39.4411 
episode: 954 count: 252 score: 140.3724 average_last200: 105.1565 epis: 0.0001 loss: 29.3417 
episode: 955 count: 257 score: 162.8765 average_last200: 106.1088 epis: 0.0001 loss: 37.4254 
episode: 956 count: 522 score: 130.9798 average_last200: 107.2236 epis: 0.0001 loss: 75.4245 
episode: 957 count: 315 score: 227.4367 average_last200: 107.5988 epis: 0.0001 loss: 43.3663 
episode: 958 count: 595 score: 175.9646 average_last200: 107.6898 epis: 0.0001 loss: 66.0446 
episode: 959 count: 335 score: 166.0249 average_last200: 108.4990 epis: 0.0001 loss: 39.3723 
episode: 960 count: 318 score: 201.7602 average_last200: 108.2345 epis: 0.0001 loss: 38.8027 
episode: 961 count: 350 score: 155.6541 average_last200: 108.9766 epis: 0.0001 loss: 51.2275 
episode: 962 count: 234 score: 225.2062 average_last200: 110.3813 epis: 0.0001 loss: 54.7538 
episode: 963 count: 325 score: 140.9730 average_last200: 110.0821 epis: 0.0001 loss: 43.8425 
episode: 964 count: 323 score: 240.5610 average_last200: 111.4052 epis: 0.0001 loss: 42.6446 
episode: 965 count: 260 score: 239.2495 average_last200: 112.5920 epis: 0.0001 loss: 35.7859 
episode: 966 count: 1000 score: 55.7779 average_last200: 112.7870 epis: 0.0001 loss: 104.9656 
episode: 967 count: 413 score: 163.0331 average_last200: 112.5271 epis: 0.0001 loss: 37.0346 
episode: 968 count: 524 score: 157.0399 average_last200: 113.5272 epis: 0.0001 loss: 55.3425 
episode: 969 count: 523 score: 162.3960 average_last200: 114.4050 epis: 0.0001 loss: 61.3643 
episode: 970 count: 372 score: 135.2230 average_last200: 115.3076 epis: 0.0001 loss: 46.6737 
episode: 971 count: 512 score: 173.6886 average_last200: 116.4704 epis: 0.0001 loss: 53.9631 
episode: 972 count: 854 score: 104.0581 average_last200: 115.8965 epis: 0.0001 loss: 107.3064 
episode: 973 count: 307 score: 171.6297 average_last200: 115.7456 epis: 0.0001 loss: 54.8932 
episode: 974 count: 923 score: 115.6581 average_last200: 115.1655 epis: 0.0001 loss: 137.2571 
episode: 975 count: 311 score: 178.5911 average_last200: 116.0461 epis: 0.0001 loss: 42.6230 
episode: 976 count: 684 score: 139.8594 average_last200: 116.8819 epis: 0.0001 loss: 100.2346 
episode: 977 count: 467 score: 184.7055 average_last200: 116.5879 epis: 0.0001 loss: 52.8957 
episode: 978 count: 255 score: 206.2236 average_last200: 117.7460 epis: 0.0001 loss: 36.3461 
episode: 979 count: 446 score: 156.7388 average_last200: 118.8407 epis: 0.0001 loss: 60.1619 
episode: 980 count: 717 score: 147.3749 average_last200: 120.0579 epis: 0.0001 loss: 97.9203 
episode: 981 count: 1000 score: -49.6607 average_last200: 118.5702 epis: 0.0001 loss: 101.1181 
episode: 982 count: 476 score: 199.0968 average_last200: 118.5374 epis: 0.0001 loss: 45.3815 
episode: 983 count: 777 score: 184.4201 average_last200: 119.3026 epis: 0.0001 loss: 125.6800 
episode: 984 count: 1000 score: 19.6634 average_last200: 118.2856 epis: 0.0001 loss: 110.6831 
episode: 985 count: 557 score: 154.9697 average_last200: 119.0328 epis: 0.0000 loss: 63.5605 
episode: 986 count: 350 score: 231.4334 average_last200: 119.3883 epis: 0.0000 loss: 47.8494 
episode: 987 count: 343 score: 201.7002 average_last200: 120.6728 epis: 0.0000 loss: 46.6113 
episode: 988 count: 263 score: 230.1379 average_last200: 121.2659 epis: 0.0000 loss: 24.1095 
episode: 989 count: 256 score: 253.5714 average_last200: 121.7084 epis: 0.0000 loss: 13.6143 
episode: 990 count: 636 score: 159.0791 average_last200: 121.5572 epis: 0.0000 loss: 70.1830 
episode: 991 count: 330 score: 240.3492 average_last200: 121.8843 epis: 0.0000 loss: 37.1268 
episode: 992 count: 515 score: 174.0239 average_last200: 121.4921 epis: 0.0000 loss: 63.5164 
episode: 993 count: 725 score: 125.6320 average_last200: 121.2338 epis: 0.0000 loss: 89.5938 
episode: 994 count: 1000 score: -79.5763 average_last200: 119.9061 epis: 0.0000 loss: 105.9019 
episode: 995 count: 384 score: 214.7807 average_last200: 119.9890 epis: 0.0000 loss: 37.4153 
episode: 996 count: 681 score: 144.8545 average_last200: 119.6250 epis: 0.0000 loss: 66.7269 
episode: 997 count: 541 score: 203.7392 average_last200: 121.3489 epis: 0.0000 loss: 63.2800 
episode: 998 count: 308 score: 224.1744 average_last200: 121.5840 epis: 0.0000 loss: 36.2372 
episode: 999 count: 577 score: 140.3740 average_last200: 121.4307 epis: 0.0000 loss: 68.6491 
