[33mWARN: gym.spaces.Box autodetected dtype as <class 'numpy.float32'>. Please provide explicit dtype.[0m
All para: Epis 1000 memlen 200000 gamma 0.990 epsilon 0.990 alpha 0.00050 batch 75 upfreq 500
episode: 0 count: 103 score: -201.7553 average_last200: -201.7553 epis: 0.9900 loss: 0.0000 
episode: 1 count: 84 score: -166.6921 average_last200: -184.2237 epis: 0.9801 loss: 0.0000 
episode: 2 count: 127 score: -140.9426 average_last200: -169.7967 epis: 0.9703 loss: 0.0000 
episode: 3 count: 98 score: -151.9605 average_last200: -165.3376 epis: 0.9606 loss: 0.0000 
episode: 4 count: 71 score: -305.0290 average_last200: -193.2759 epis: 0.9510 loss: 0.0000 
episode: 5 count: 124 score: -219.4452 average_last200: -197.6374 epis: 0.9415 loss: 0.0000 
episode: 6 count: 136 score: -149.6131 average_last200: -190.7768 epis: 0.9321 loss: 0.0000 
episode: 7 count: 105 score: -416.8472 average_last200: -219.0356 epis: 0.9227 loss: 0.0000 
episode: 8 count: 88 score: -384.5283 average_last200: -237.4237 epis: 0.9135 loss: 0.0000 
episode: 9 count: 101 score: -324.3420 average_last200: -246.1155 epis: 0.9044 loss: 19.9724 
episode: 10 count: 87 score: -152.1871 average_last200: -237.5766 epis: 0.8953 loss: 43.5328 
episode: 11 count: 150 score: -139.1667 average_last200: -229.3758 epis: 0.8864 loss: 63.6021 
episode: 12 count: 109 score: -329.7468 average_last200: -237.0966 epis: 0.8775 loss: 40.5106 
episode: 13 count: 127 score: -386.6078 average_last200: -247.7760 epis: 0.8687 loss: 54.8179 
episode: 14 count: 126 score: -159.4950 average_last200: -241.8906 epis: 0.8601 loss: 47.4753 
episode: 15 count: 112 score: -204.1495 average_last200: -239.5318 epis: 0.8515 loss: 33.5632 
episode: 16 count: 116 score: -212.5594 average_last200: -237.9451 epis: 0.8429 loss: 36.0281 
episode: 17 count: 125 score: -144.5542 average_last200: -232.7568 epis: 0.8345 loss: 35.2925 
episode: 18 count: 111 score: -111.4983 average_last200: -226.3747 epis: 0.8262 loss: 37.9243 
episode: 19 count: 67 score: -127.8502 average_last200: -221.4485 epis: 0.8179 loss: 21.9109 
episode: 20 count: 86 score: -137.7727 average_last200: -217.4639 epis: 0.8097 loss: 24.2309 
episode: 21 count: 106 score: -98.4805 average_last200: -212.0556 epis: 0.8016 loss: 31.8056 
episode: 22 count: 97 score: -309.5575 average_last200: -216.2948 epis: 0.7936 loss: 25.6969 
episode: 23 count: 127 score: -360.2472 average_last200: -222.2928 epis: 0.7857 loss: 36.8215 
episode: 24 count: 105 score: -153.4760 average_last200: -219.5402 epis: 0.7778 loss: 24.0837 
episode: 25 count: 115 score: -271.9037 average_last200: -221.5541 epis: 0.7700 loss: 28.5025 
episode: 26 count: 107 score: -185.5074 average_last200: -220.2191 epis: 0.7623 loss: 25.4599 
episode: 27 count: 123 score: -116.1752 average_last200: -216.5032 epis: 0.7547 loss: 38.1947 
episode: 28 count: 104 score: -157.8203 average_last200: -214.4797 epis: 0.7472 loss: 29.8114 
episode: 29 count: 122 score: -158.1591 average_last200: -212.6023 epis: 0.7397 loss: 29.3918 
episode: 30 count: 106 score: -236.2719 average_last200: -213.3659 epis: 0.7323 loss: 31.4392 
episode: 31 count: 159 score: -188.0088 average_last200: -212.5735 epis: 0.7250 loss: 42.1287 
episode: 32 count: 150 score: -263.1005 average_last200: -214.1046 epis: 0.7177 loss: 38.9153 
episode: 33 count: 81 score: -191.5430 average_last200: -213.4410 epis: 0.7106 loss: 20.4239 
episode: 34 count: 153 score: -155.4080 average_last200: -211.7829 epis: 0.7034 loss: 33.0062 
episode: 35 count: 132 score: -167.9564 average_last200: -210.5655 epis: 0.6964 loss: 38.5267 
episode: 36 count: 139 score: -151.2856 average_last200: -208.9634 epis: 0.6894 loss: 38.6902 
episode: 37 count: 123 score: -252.0073 average_last200: -210.0961 epis: 0.6826 loss: 31.2741 
episode: 38 count: 145 score: -97.7027 average_last200: -207.2142 epis: 0.6757 loss: 35.8943 
episode: 39 count: 158 score: -93.3292 average_last200: -204.3671 epis: 0.6690 loss: 39.8270 
episode: 40 count: 112 score: -166.9300 average_last200: -203.4540 epis: 0.6623 loss: 31.0766 
episode: 41 count: 74 score: -138.5970 average_last200: -201.9098 epis: 0.6557 loss: 21.2747 
episode: 42 count: 141 score: -132.5561 average_last200: -200.2969 epis: 0.6491 loss: 27.7723 
episode: 43 count: 147 score: -25.0012 average_last200: -196.3129 epis: 0.6426 loss: 45.8113 
episode: 44 count: 139 score: -294.6550 average_last200: -198.4983 epis: 0.6362 loss: 39.7003 
episode: 45 count: 129 score: -145.8737 average_last200: -197.3543 epis: 0.6298 loss: 34.1912 
episode: 46 count: 102 score: -117.4608 average_last200: -195.6544 epis: 0.6235 loss: 27.6673 
episode: 47 count: 161 score: -86.3370 average_last200: -193.3770 epis: 0.6173 loss: 42.5883 
episode: 48 count: 85 score: -103.3898 average_last200: -191.5405 epis: 0.6111 loss: 22.4683 
episode: 49 count: 1000 score: -78.6542 average_last200: -189.2828 epis: 0.6050 loss: 285.3343 
episode: 50 count: 165 score: -87.1034 average_last200: -187.2792 epis: 0.5990 loss: 47.9519 
episode: 51 count: 240 score: -86.2884 average_last200: -185.3371 epis: 0.5930 loss: 66.6860 
episode: 52 count: 131 score: -90.2187 average_last200: -183.5424 epis: 0.5870 loss: 36.6731 
episode: 53 count: 1000 score: -30.9655 average_last200: -180.7169 epis: 0.5812 loss: 290.9351 
episode: 54 count: 170 score: -77.9587 average_last200: -178.8486 epis: 0.5754 loss: 51.1891 
episode: 55 count: 143 score: -30.4822 average_last200: -176.1992 epis: 0.5696 loss: 40.7339 
episode: 56 count: 275 score: -56.1510 average_last200: -174.0931 epis: 0.5639 loss: 79.8171 
episode: 57 count: 86 score: -95.8189 average_last200: -172.7435 epis: 0.5583 loss: 26.6249 
episode: 58 count: 195 score: -129.1745 average_last200: -172.0051 epis: 0.5527 loss: 57.7589 
episode: 59 count: 117 score: -130.4775 average_last200: -171.3129 epis: 0.5472 loss: 31.0549 
episode: 60 count: 568 score: -316.8174 average_last200: -173.6983 epis: 0.5417 loss: 160.1933 
episode: 61 count: 160 score: -65.8592 average_last200: -171.9589 epis: 0.5363 loss: 46.7300 
episode: 62 count: 241 score: -85.0437 average_last200: -170.5793 epis: 0.5309 loss: 72.0044 
episode: 63 count: 218 score: -78.8671 average_last200: -169.1463 epis: 0.5256 loss: 66.7258 
episode: 64 count: 226 score: -23.6798 average_last200: -166.9084 epis: 0.5203 loss: 70.9882 
episode: 65 count: 240 score: -57.6298 average_last200: -165.2526 epis: 0.5151 loss: 68.2225 
episode: 66 count: 111 score: -82.8127 average_last200: -164.0222 epis: 0.5100 loss: 27.9920 
episode: 67 count: 1000 score: -16.8789 average_last200: -161.8583 epis: 0.5049 loss: 302.4740 
episode: 68 count: 109 score: -109.2739 average_last200: -161.0962 epis: 0.4998 loss: 35.2652 
episode: 69 count: 1000 score: -33.3401 average_last200: -159.2711 epis: 0.4948 loss: 313.7133 
episode: 70 count: 120 score: -29.6582 average_last200: -157.4456 epis: 0.4899 loss: 36.7439 
episode: 71 count: 1000 score: -87.3228 average_last200: -156.4717 epis: 0.4850 loss: 313.4343 
episode: 72 count: 91 score: -66.2609 average_last200: -155.2359 epis: 0.4801 loss: 29.0894 
episode: 73 count: 120 score: -37.0405 average_last200: -153.6387 epis: 0.4753 loss: 40.1545 
episode: 74 count: 225 score: -86.7305 average_last200: -152.7466 epis: 0.4706 loss: 69.0082 
episode: 75 count: 1000 score: -49.7616 average_last200: -151.3915 epis: 0.4659 loss: 316.9003 
episode: 76 count: 142 score: -65.2031 average_last200: -150.2722 epis: 0.4612 loss: 41.3775 
episode: 77 count: 698 score: -182.9534 average_last200: -150.6912 epis: 0.4566 loss: 217.7873 
episode: 78 count: 122 score: -73.4382 average_last200: -149.7133 epis: 0.4520 loss: 39.1634 
episode: 79 count: 136 score: -59.7122 average_last200: -148.5883 epis: 0.4475 loss: 42.9466 
episode: 80 count: 147 score: -14.5573 average_last200: -146.9336 epis: 0.4430 loss: 52.9713 
episode: 81 count: 174 score: -120.0966 average_last200: -146.6063 epis: 0.4386 loss: 58.9941 
episode: 82 count: 806 score: -161.2793 average_last200: -146.7831 epis: 0.4342 loss: 262.0361 
episode: 83 count: 1000 score: -64.7433 average_last200: -145.8064 epis: 0.4299 loss: 323.1718 
episode: 84 count: 129 score: -85.2676 average_last200: -145.0942 epis: 0.4256 loss: 46.4781 
episode: 85 count: 1000 score: -29.6611 average_last200: -143.7519 epis: 0.4213 loss: 324.6780 
episode: 86 count: 913 score: -375.5561 average_last200: -146.4163 epis: 0.4171 loss: 305.9323 
episode: 87 count: 103 score: -112.1389 average_last200: -146.0268 epis: 0.4129 loss: 35.9695 
episode: 88 count: 1000 score: -111.0005 average_last200: -145.6333 epis: 0.4088 loss: 356.5373 
episode: 89 count: 111 score: -91.6772 average_last200: -145.0338 epis: 0.4047 loss: 39.6744 
episode: 90 count: 1000 score: -81.8237 average_last200: -144.3391 epis: 0.4007 loss: 364.5935 
episode: 91 count: 1000 score: -14.7117 average_last200: -142.9302 epis: 0.3967 loss: 353.2915 
episode: 92 count: 110 score: -53.2547 average_last200: -141.9659 epis: 0.3927 loss: 37.3082 
episode: 93 count: 116 score: 7.1929 average_last200: -140.3791 epis: 0.3888 loss: 42.3160 
episode: 94 count: 132 score: -110.4620 average_last200: -140.0642 epis: 0.3849 loss: 52.7490 
episode: 95 count: 476 score: -67.3950 average_last200: -139.3072 epis: 0.3810 loss: 163.2385 
episode: 96 count: 1000 score: -156.9910 average_last200: -139.4895 epis: 0.3772 loss: 341.8941 
episode: 97 count: 109 score: -76.6111 average_last200: -138.8479 epis: 0.3735 loss: 38.0236 
episode: 98 count: 1000 score: 6.6262 average_last200: -137.3785 epis: 0.3697 loss: 339.6892 
episode: 99 count: 111 score: -25.0420 average_last200: -136.2551 epis: 0.3660 loss: 43.0318 
episode: 100 count: 104 score: -22.3390 average_last200: -135.1272 epis: 0.3624 loss: 35.5205 
episode: 101 count: 135 score: -90.3571 average_last200: -134.6883 epis: 0.3587 loss: 48.8028 
episode: 102 count: 1000 score: -19.7610 average_last200: -133.5725 epis: 0.3552 loss: 354.0186 
episode: 103 count: 89 score: -47.4728 average_last200: -132.7446 epis: 0.3516 loss: 35.6480 
episode: 104 count: 225 score: -181.4698 average_last200: -133.2087 epis: 0.3481 loss: 77.6936 
episode: 105 count: 140 score: -110.7542 average_last200: -132.9968 epis: 0.3446 loss: 46.9694 
episode: 106 count: 157 score: -34.1203 average_last200: -132.0728 epis: 0.3412 loss: 57.7418 
episode: 107 count: 319 score: -69.1135 average_last200: -131.4898 epis: 0.3378 loss: 119.9032 
episode: 108 count: 1000 score: -96.8140 average_last200: -131.1717 epis: 0.3344 loss: 361.1654 
episode: 109 count: 1000 score: -9.0507 average_last200: -130.0615 epis: 0.3310 loss: 344.5515 
episode: 110 count: 1000 score: -98.0777 average_last200: -129.7733 epis: 0.3277 loss: 350.8068 
episode: 111 count: 108 score: -67.4310 average_last200: -129.2167 epis: 0.3244 loss: 40.8231 
episode: 112 count: 1000 score: -82.0728 average_last200: -128.7995 epis: 0.3212 loss: 345.8132 
episode: 113 count: 175 score: -42.2325 average_last200: -128.0402 epis: 0.3180 loss: 60.2253 
episode: 114 count: 1000 score: -51.7226 average_last200: -127.3765 epis: 0.3148 loss: 352.1655 
episode: 115 count: 1000 score: -48.6995 average_last200: -126.6983 epis: 0.3117 loss: 331.8826 
episode: 116 count: 163 score: -43.2420 average_last200: -125.9850 epis: 0.3085 loss: 53.7123 
episode: 117 count: 1000 score: -47.1887 average_last200: -125.3172 epis: 0.3055 loss: 337.1756 
episode: 118 count: 1000 score: -30.9557 average_last200: -124.5242 epis: 0.3024 loss: 318.1037 
episode: 119 count: 102 score: -15.6539 average_last200: -123.6170 epis: 0.2994 loss: 32.4589 
episode: 120 count: 145 score: -32.0081 average_last200: -122.8599 epis: 0.2964 loss: 47.5646 
episode: 121 count: 1000 score: -71.8384 average_last200: -122.4417 epis: 0.2934 loss: 308.0825 
episode: 122 count: 671 score: 114.2766 average_last200: -120.5171 epis: 0.2905 loss: 208.8311 
episode: 123 count: 1000 score: -4.9605 average_last200: -119.5852 epis: 0.2876 loss: 319.6162 
episode: 124 count: 146 score: -23.8346 average_last200: -118.8192 epis: 0.2847 loss: 45.9704 
episode: 125 count: 1000 score: 21.9151 average_last200: -117.7023 epis: 0.2819 loss: 323.4222 
episode: 126 count: 1000 score: -51.5221 average_last200: -117.1812 epis: 0.2790 loss: 312.3022 
episode: 127 count: 100 score: -50.8231 average_last200: -116.6628 epis: 0.2763 loss: 32.7743 
episode: 128 count: 1000 score: 24.4716 average_last200: -115.5687 epis: 0.2735 loss: 316.1186 
episode: 129 count: 1000 score: 29.0005 average_last200: -114.4566 epis: 0.2708 loss: 320.7804 
episode: 130 count: 1000 score: 2.8751 average_last200: -113.5610 epis: 0.2680 loss: 311.6770 
episode: 131 count: 97 score: -18.9647 average_last200: -112.8443 epis: 0.2654 loss: 32.5108 
episode: 132 count: 1000 score: 31.2779 average_last200: -111.7607 epis: 0.2627 loss: 318.7521 
episode: 133 count: 1000 score: 63.2166 average_last200: -110.4549 epis: 0.2601 loss: 317.3220 
episode: 134 count: 296 score: 213.5161 average_last200: -108.0551 epis: 0.2575 loss: 90.2835 
episode: 135 count: 1000 score: 13.3425 average_last200: -107.1625 epis: 0.2549 loss: 312.8495 
episode: 136 count: 1000 score: 47.1723 average_last200: -106.0360 epis: 0.2524 loss: 309.2371 
episode: 137 count: 1000 score: 38.2996 average_last200: -104.9901 epis: 0.2498 loss: 337.3896 
episode: 138 count: 662 score: 184.9835 average_last200: -102.9039 epis: 0.2473 loss: 221.0398 
episode: 139 count: 697 score: 192.9973 average_last200: -100.7903 epis: 0.2449 loss: 232.4996 
episode: 140 count: 654 score: 210.4920 average_last200: -98.5827 epis: 0.2424 loss: 218.3049 
episode: 141 count: 1000 score: 45.9413 average_last200: -97.5649 epis: 0.2400 loss: 342.8461 
episode: 142 count: 1000 score: 38.6440 average_last200: -96.6124 epis: 0.2376 loss: 314.0216 
episode: 143 count: 1000 score: 100.3410 average_last200: -95.2446 epis: 0.2352 loss: 330.9870 
episode: 144 count: 776 score: 135.8479 average_last200: -93.6509 epis: 0.2329 loss: 255.6738 
episode: 145 count: 760 score: 189.9641 average_last200: -91.7083 epis: 0.2305 loss: 250.7973 
episode: 146 count: 1000 score: 6.6379 average_last200: -91.0393 epis: 0.2282 loss: 336.0543 
episode: 147 count: 1000 score: 60.9129 average_last200: -90.0126 epis: 0.2259 loss: 330.1371 
episode: 148 count: 364 score: 194.7652 average_last200: -88.1013 epis: 0.2237 loss: 123.4095 
episode: 149 count: 1000 score: 37.8162 average_last200: -87.2619 epis: 0.2215 loss: 327.2959 
episode: 150 count: 711 score: 180.8746 average_last200: -85.4862 epis: 0.2192 loss: 239.4011 
episode: 151 count: 1000 score: -42.4018 average_last200: -85.2027 epis: 0.2170 loss: 324.8922 
episode: 152 count: 539 score: 183.7148 average_last200: -83.4451 epis: 0.2149 loss: 172.8728 
episode: 153 count: 1000 score: -9.6387 average_last200: -82.9658 epis: 0.2127 loss: 327.1328 
episode: 154 count: 163 score: -52.1701 average_last200: -82.7671 epis: 0.2106 loss: 57.6094 
episode: 155 count: 853 score: 202.1697 average_last200: -80.9406 epis: 0.2085 loss: 286.2733 
episode: 156 count: 1000 score: 76.1880 average_last200: -79.9398 epis: 0.2064 loss: 334.7177 
episode: 157 count: 1000 score: 22.2266 average_last200: -79.2932 epis: 0.2043 loss: 319.9960 
episode: 158 count: 1000 score: 78.2790 average_last200: -78.3021 epis: 0.2023 loss: 343.9701 
episode: 159 count: 1000 score: 34.6860 average_last200: -77.5960 epis: 0.2003 loss: 320.0930 
episode: 160 count: 1000 score: -10.6188 average_last200: -77.1800 epis: 0.1983 loss: 326.2191 
episode: 161 count: 1000 score: 67.7800 average_last200: -76.2852 epis: 0.1963 loss: 319.9279 
episode: 162 count: 1000 score: 60.7987 average_last200: -75.4441 epis: 0.1943 loss: 328.3259 
episode: 163 count: 383 score: 246.6937 average_last200: -73.4799 epis: 0.1924 loss: 120.2069 
episode: 164 count: 1000 score: -118.4968 average_last200: -73.7527 epis: 0.1905 loss: 316.8484 
episode: 165 count: 679 score: 219.4327 average_last200: -71.9865 epis: 0.1886 loss: 222.0483 
episode: 166 count: 1000 score: 71.4049 average_last200: -71.1279 epis: 0.1867 loss: 310.1190 
episode: 167 count: 1000 score: 57.0887 average_last200: -70.3647 epis: 0.1848 loss: 320.1374 
episode: 168 count: 1000 score: -104.5749 average_last200: -70.5671 epis: 0.1830 loss: 306.9061 
episode: 169 count: 1000 score: -14.2419 average_last200: -70.2358 epis: 0.1811 loss: 320.2803 
episode: 170 count: 1000 score: -48.2780 average_last200: -70.1074 epis: 0.1793 loss: 316.9888 
episode: 171 count: 1000 score: 84.0577 average_last200: -69.2111 epis: 0.1775 loss: 318.5747 
episode: 172 count: 1000 score: 87.4964 average_last200: -68.3053 epis: 0.1757 loss: 312.7163 
episode: 173 count: 1000 score: -43.2637 average_last200: -68.1614 epis: 0.1740 loss: 310.2785 
episode: 174 count: 890 score: 139.6601 average_last200: -66.9738 epis: 0.1722 loss: 270.4166 
episode: 175 count: 781 score: 194.6500 average_last200: -65.4873 epis: 0.1705 loss: 238.9643 
episode: 176 count: 447 score: 188.2058 average_last200: -64.0540 epis: 0.1688 loss: 139.4537 
episode: 177 count: 874 score: 193.3713 average_last200: -62.6078 epis: 0.1671 loss: 267.3032 
episode: 178 count: 381 score: 188.3087 average_last200: -61.2060 epis: 0.1655 loss: 120.8872 
episode: 179 count: 1000 score: -59.7178 average_last200: -61.1978 epis: 0.1638 loss: 314.1260 
episode: 180 count: 855 score: 178.8848 average_last200: -59.8713 epis: 0.1622 loss: 273.2826 
episode: 181 count: 765 score: 158.3823 average_last200: -58.6722 epis: 0.1605 loss: 252.7730 
episode: 182 count: 461 score: 189.0185 average_last200: -57.3187 epis: 0.1589 loss: 142.8980 
episode: 183 count: 579 score: 143.0905 average_last200: -56.2295 epis: 0.1574 loss: 181.5069 
episode: 184 count: 679 score: 182.5173 average_last200: -54.9389 epis: 0.1558 loss: 217.3014 
episode: 185 count: 630 score: 143.8519 average_last200: -53.8702 epis: 0.1542 loss: 206.2111 
episode: 186 count: 312 score: 187.8796 average_last200: -52.5774 epis: 0.1527 loss: 102.1170 
episode: 187 count: 1000 score: -54.2381 average_last200: -52.5862 epis: 0.1512 loss: 318.7982 
episode: 188 count: 951 score: 128.1784 average_last200: -51.6298 epis: 0.1496 loss: 305.4356 
episode: 189 count: 1000 score: -72.2756 average_last200: -51.7385 epis: 0.1481 loss: 335.4501 
episode: 190 count: 1000 score: 4.3057 average_last200: -51.4450 epis: 0.1467 loss: 322.2532 
episode: 191 count: 1000 score: -28.1371 average_last200: -51.3236 epis: 0.1452 loss: 317.7341 
episode: 192 count: 530 score: 184.0288 average_last200: -50.1042 epis: 0.1437 loss: 165.4948 
episode: 193 count: 540 score: 159.1177 average_last200: -49.0257 epis: 0.1423 loss: 177.4237 
episode: 194 count: 670 score: 165.1843 average_last200: -47.9272 epis: 0.1409 loss: 220.6399 
episode: 195 count: 456 score: 231.8438 average_last200: -46.4998 epis: 0.1395 loss: 139.8829 
episode: 196 count: 367 score: 220.6564 average_last200: -45.1437 epis: 0.1381 loss: 113.2498 
episode: 197 count: 1000 score: -91.0584 average_last200: -45.3756 epis: 0.1367 loss: 314.9206 
episode: 198 count: 1000 score: -2.7054 average_last200: -45.1612 epis: 0.1353 loss: 322.1349 
episode: 199 count: 393 score: 174.5437 average_last200: -44.0626 epis: 0.1340 loss: 119.0287 
episode: 200 count: 86 score: -86.5599 average_last200: -43.4867 epis: 0.1326 loss: 28.3678 
episode: 201 count: 799 score: 130.0849 average_last200: -42.0028 epis: 0.1313 loss: 243.3168 
episode: 202 count: 629 score: 160.2335 average_last200: -40.4969 epis: 0.1300 loss: 205.3476 
episode: 203 count: 1000 score: 12.0970 average_last200: -39.6766 epis: 0.1287 loss: 323.7758 
episode: 204 count: 516 score: 198.0020 average_last200: -37.1615 epis: 0.1274 loss: 165.6245 
episode: 205 count: 228 score: 200.9779 average_last200: -35.0593 epis: 0.1261 loss: 73.9333 
episode: 206 count: 517 score: 139.0360 average_last200: -33.6161 epis: 0.1249 loss: 165.3909 
episode: 207 count: 356 score: 210.1951 average_last200: -30.4809 epis: 0.1236 loss: 110.4165 
episode: 208 count: 1000 score: 30.0130 average_last200: -28.4082 epis: 0.1224 loss: 312.7475 
episode: 209 count: 791 score: 195.6064 average_last200: -25.8084 epis: 0.1212 loss: 244.6676 
episode: 210 count: 1000 score: -5.9775 average_last200: -25.0774 epis: 0.1200 loss: 321.2512 
episode: 211 count: 490 score: 180.0673 average_last200: -23.4812 epis: 0.1188 loss: 156.4972 
episode: 212 count: 1000 score: -47.7394 average_last200: -22.0712 epis: 0.1176 loss: 335.3318 
episode: 213 count: 1000 score: -61.6294 average_last200: -20.4463 epis: 0.1164 loss: 303.0407 
episode: 214 count: 1000 score: -79.9244 average_last200: -20.0484 epis: 0.1152 loss: 311.2492 
episode: 215 count: 767 score: 151.1101 average_last200: -18.2721 epis: 0.1141 loss: 244.6218 
episode: 216 count: 260 score: 222.4488 average_last200: -16.0971 epis: 0.1129 loss: 70.3256 
episode: 217 count: 771 score: 135.3857 average_last200: -14.6974 epis: 0.1118 loss: 229.3235 
episode: 218 count: 382 score: 209.0635 average_last200: -13.0946 epis: 0.1107 loss: 113.5919 
episode: 219 count: 1000 score: -89.5871 average_last200: -12.9033 epis: 0.1096 loss: 306.9724 
episode: 220 count: 336 score: 221.0717 average_last200: -11.1091 epis: 0.1085 loss: 101.1519 
episode: 221 count: 266 score: 200.7404 average_last200: -9.6130 epis: 0.1074 loss: 77.2550 
episode: 222 count: 145 score: -70.7600 average_last200: -8.4190 epis: 0.1063 loss: 42.1360 
episode: 223 count: 353 score: 239.0999 average_last200: -5.4222 epis: 0.1053 loss: 115.8588 
episode: 224 count: 1000 score: -60.7811 average_last200: -4.9588 epis: 0.1042 loss: 300.8331 
episode: 225 count: 427 score: 152.1380 average_last200: -2.8385 epis: 0.1032 loss: 127.0448 
episode: 226 count: 773 score: -98.3050 average_last200: -2.4025 epis: 0.1021 loss: 229.1384 
episode: 227 count: 443 score: 180.1316 average_last200: -0.9210 epis: 0.1011 loss: 127.4277 
episode: 228 count: 222 score: 250.7191 average_last200: 1.1217 epis: 0.1001 loss: 69.8207 
episode: 229 count: 584 score: 173.0708 average_last200: 2.7778 epis: 0.0991 loss: 167.4936 
episode: 230 count: 632 score: 121.5939 average_last200: 4.5672 epis: 0.0981 loss: 186.3489 
episode: 231 count: 287 score: -249.8877 average_last200: 4.2578 epis: 0.0971 loss: 78.8041 
episode: 232 count: 402 score: 171.5633 average_last200: 6.4311 epis: 0.0962 loss: 112.9206 
episode: 233 count: 330 score: 248.0999 average_last200: 8.6293 epis: 0.0952 loss: 92.1855 
episode: 234 count: 767 score: 136.8111 average_last200: 10.0904 epis: 0.0942 loss: 239.2786 
episode: 235 count: 1000 score: -19.8104 average_last200: 10.8311 epis: 0.0933 loss: 287.0421 
episode: 236 count: 307 score: 172.8623 average_last200: 12.4519 epis: 0.0924 loss: 96.8910 
episode: 237 count: 567 score: 183.7485 average_last200: 14.6307 epis: 0.0914 loss: 166.4825 
episode: 238 count: 591 score: 158.4746 average_last200: 15.9115 epis: 0.0905 loss: 174.0368 
episode: 239 count: 293 score: 190.0032 average_last200: 17.3282 epis: 0.0896 loss: 93.6311 
episode: 240 count: 384 score: 152.1166 average_last200: 18.9234 epis: 0.0887 loss: 120.3087 
episode: 241 count: 260 score: 224.2910 average_last200: 20.7379 epis: 0.0878 loss: 78.8954 
episode: 242 count: 254 score: 200.8477 average_last200: 22.4049 epis: 0.0870 loss: 69.8300 
episode: 243 count: 271 score: 256.5233 average_last200: 23.8125 epis: 0.0861 loss: 82.2486 
episode: 244 count: 256 score: 256.3028 average_last200: 26.5673 epis: 0.0852 loss: 76.4861 
episode: 245 count: 242 score: 192.0094 average_last200: 28.2567 epis: 0.0844 loss: 72.8241 
episode: 246 count: 281 score: 222.0699 average_last200: 29.9544 epis: 0.0835 loss: 81.0270 
episode: 247 count: 280 score: 192.1840 average_last200: 31.3470 epis: 0.0827 loss: 91.5126 
episode: 248 count: 382 score: 207.7865 average_last200: 32.9029 epis: 0.0819 loss: 114.5309 
episode: 249 count: 825 score: 125.9023 average_last200: 33.9256 epis: 0.0811 loss: 236.0061 
episode: 250 count: 342 score: 186.6693 average_last200: 35.2945 epis: 0.0802 loss: 97.8971 
episode: 251 count: 372 score: 215.6100 average_last200: 36.8040 epis: 0.0794 loss: 113.8700 
episode: 252 count: 170 score: -63.5025 average_last200: 36.9376 epis: 0.0787 loss: 53.3112 
episode: 253 count: 738 score: 82.9780 average_last200: 37.5073 epis: 0.0779 loss: 214.5294 
episode: 254 count: 314 score: 248.1825 average_last200: 39.1380 epis: 0.0771 loss: 96.7764 
episode: 255 count: 231 score: 221.1481 average_last200: 40.3962 epis: 0.0763 loss: 68.4690 
episode: 256 count: 220 score: 250.6640 average_last200: 41.9302 epis: 0.0756 loss: 64.3010 
episode: 257 count: 290 score: 185.1493 average_last200: 43.3351 epis: 0.0748 loss: 81.4714 
episode: 258 count: 229 score: 211.0614 average_last200: 45.0363 epis: 0.0740 loss: 63.1161 
episode: 259 count: 612 score: 148.0555 average_last200: 46.4289 epis: 0.0733 loss: 183.6608 
episode: 260 count: 1000 score: -44.8087 average_last200: 47.7890 epis: 0.0726 loss: 291.3696 
episode: 261 count: 547 score: 218.6123 average_last200: 49.2113 epis: 0.0718 loss: 156.0502 
episode: 262 count: 219 score: 202.3119 average_last200: 50.6481 epis: 0.0711 loss: 62.0975 
episode: 263 count: 271 score: 226.0599 average_last200: 52.1727 epis: 0.0704 loss: 75.8719 
episode: 264 count: 286 score: 181.0733 average_last200: 53.1965 epis: 0.0697 loss: 87.8280 
episode: 265 count: 1000 score: -6.8008 average_last200: 53.4506 epis: 0.0690 loss: 284.4814 
episode: 266 count: 556 score: 178.2271 average_last200: 54.7558 epis: 0.0683 loss: 157.1661 
episode: 267 count: 477 score: 183.6694 average_last200: 55.7586 epis: 0.0676 loss: 134.9097 
episode: 268 count: 241 score: 243.8892 average_last200: 57.5244 epis: 0.0670 loss: 78.8497 
episode: 269 count: 463 score: 251.5542 average_last200: 58.9489 epis: 0.0663 loss: 130.8632 
episode: 270 count: 285 score: 234.7393 average_last200: 60.2709 epis: 0.0656 loss: 77.6842 
episode: 271 count: 246 score: 242.2998 average_last200: 61.9190 epis: 0.0650 loss: 72.5195 
episode: 272 count: 255 score: 235.0670 average_last200: 63.4256 epis: 0.0643 loss: 75.6447 
episode: 273 count: 779 score: 128.7794 average_last200: 64.2547 epis: 0.0637 loss: 222.9827 
episode: 274 count: 597 score: 214.2185 average_last200: 65.7595 epis: 0.0630 loss: 173.7272 
episode: 275 count: 327 score: 197.5305 average_last200: 66.9959 epis: 0.0624 loss: 93.2300 
episode: 276 count: 322 score: 192.6921 average_last200: 68.2854 epis: 0.0618 loss: 90.9142 
episode: 277 count: 335 score: 175.2188 average_last200: 70.0763 epis: 0.0612 loss: 94.1327 
episode: 278 count: 226 score: 209.2711 average_last200: 71.4898 epis: 0.0606 loss: 62.3254 
episode: 279 count: 574 score: 152.9730 average_last200: 72.5532 epis: 0.0600 loss: 167.5688 
episode: 280 count: 288 score: 191.3798 average_last200: 73.5829 epis: 0.0594 loss: 81.7005 
episode: 281 count: 265 score: 225.9347 average_last200: 75.3131 epis: 0.0588 loss: 76.2951 
episode: 282 count: 405 score: 214.5095 average_last200: 77.1920 epis: 0.0582 loss: 112.6402 
episode: 283 count: 278 score: 202.5175 average_last200: 78.5283 epis: 0.0576 loss: 80.2112 
episode: 284 count: 524 score: 185.3068 average_last200: 79.8812 epis: 0.0570 loss: 147.1000 
episode: 285 count: 509 score: 222.9895 average_last200: 81.1444 epis: 0.0565 loss: 141.2836 
episode: 286 count: 589 score: 190.9859 average_last200: 83.9771 epis: 0.0559 loss: 158.5196 
episode: 287 count: 395 score: 194.0842 average_last200: 85.5083 epis: 0.0553 loss: 113.1998 
episode: 288 count: 449 score: 184.9065 average_last200: 86.9878 epis: 0.0548 loss: 130.6252 
episode: 289 count: 258 score: 198.7558 average_last200: 88.4400 epis: 0.0542 loss: 74.6890 
episode: 290 count: 433 score: 189.7911 average_last200: 89.7980 epis: 0.0537 loss: 125.6027 
episode: 291 count: 297 score: 191.5659 average_last200: 90.8294 epis: 0.0531 loss: 95.6662 
episode: 292 count: 288 score: 181.4254 average_last200: 92.0028 epis: 0.0526 loss: 84.0541 
episode: 293 count: 565 score: 160.9463 average_last200: 92.7716 epis: 0.0521 loss: 154.5787 
episode: 294 count: 671 score: 151.2022 average_last200: 94.0799 epis: 0.0516 loss: 193.2352 
episode: 295 count: 749 score: 171.1661 average_last200: 95.2727 epis: 0.0511 loss: 202.7779 
episode: 296 count: 824 score: 138.8700 average_last200: 96.7520 epis: 0.0505 loss: 225.3678 
episode: 297 count: 505 score: 175.4160 average_last200: 98.0122 epis: 0.0500 loss: 137.8538 
episode: 298 count: 428 score: 155.4496 average_last200: 98.7563 epis: 0.0495 loss: 117.2532 
episode: 299 count: 607 score: 162.8346 average_last200: 99.6957 epis: 0.0490 loss: 163.6990 
episode: 300 count: 456 score: 170.0379 average_last200: 100.6575 epis: 0.0486 loss: 129.8984 
episode: 301 count: 452 score: 195.8500 average_last200: 102.0886 epis: 0.0481 loss: 115.6788 
episode: 302 count: 517 score: 141.5757 average_last200: 102.8953 epis: 0.0476 loss: 141.5841 
episode: 303 count: 278 score: 257.3964 average_last200: 104.4196 epis: 0.0471 loss: 77.4854 
episode: 304 count: 448 score: 141.6103 average_last200: 106.0350 epis: 0.0466 loss: 124.4136 
episode: 305 count: 574 score: 132.9677 average_last200: 107.2536 epis: 0.0462 loss: 157.5550 
episode: 306 count: 301 score: 260.3966 average_last200: 108.7262 epis: 0.0457 loss: 78.0542 
episode: 307 count: 382 score: 186.1091 average_last200: 110.0023 epis: 0.0453 loss: 103.9695 
episode: 308 count: 323 score: 253.6454 average_last200: 111.7546 epis: 0.0448 loss: 88.1939 
episode: 309 count: 437 score: 171.8234 average_last200: 112.6590 epis: 0.0444 loss: 120.3790 
episode: 310 count: 354 score: 185.8860 average_last200: 114.0788 epis: 0.0439 loss: 91.1276 
episode: 311 count: 401 score: 151.8438 average_last200: 115.1752 epis: 0.0435 loss: 103.5313 
episode: 312 count: 637 score: 109.3295 average_last200: 116.1322 epis: 0.0430 loss: 164.8288 
episode: 313 count: 534 score: 183.9619 average_last200: 117.2632 epis: 0.0426 loss: 156.0800 
episode: 314 count: 508 score: 194.2547 average_last200: 118.4930 epis: 0.0422 loss: 127.5626 
episode: 315 count: 1000 score: -61.6596 average_last200: 118.4282 epis: 0.0418 loss: 260.9069 
episode: 316 count: 813 score: 120.3559 average_last200: 119.2462 epis: 0.0413 loss: 214.1740 
episode: 317 count: 1000 score: -34.9064 average_last200: 119.3076 epis: 0.0409 loss: 269.3541 
episode: 318 count: 403 score: 216.9968 average_last200: 120.5474 epis: 0.0405 loss: 105.4921 
episode: 319 count: 386 score: 205.2904 average_last200: 121.6521 epis: 0.0401 loss: 101.5559 
episode: 320 count: 445 score: 156.4052 average_last200: 122.5942 epis: 0.0397 loss: 117.7223 
episode: 321 count: 442 score: 202.6650 average_last200: 123.9667 epis: 0.0393 loss: 118.1410 
episode: 322 count: 831 score: 84.0598 average_last200: 123.8156 epis: 0.0389 loss: 221.4267 
episode: 323 count: 345 score: 209.8355 average_last200: 124.8896 epis: 0.0385 loss: 84.8224 
episode: 324 count: 394 score: 235.8995 average_last200: 126.1883 epis: 0.0381 loss: 102.5245 
episode: 325 count: 277 score: 239.3765 average_last200: 127.2756 epis: 0.0378 loss: 71.1705 
episode: 326 count: 389 score: 189.0911 average_last200: 128.4787 epis: 0.0374 loss: 104.5982 
episode: 327 count: 653 score: 193.8554 average_last200: 129.7020 epis: 0.0370 loss: 174.9151 
episode: 328 count: 240 score: 258.4729 average_last200: 130.8721 epis: 0.0366 loss: 65.0316 
episode: 329 count: 1000 score: -90.1130 average_last200: 130.2765 epis: 0.0363 loss: 252.9607 
episode: 330 count: 233 score: 241.9441 average_last200: 131.4718 epis: 0.0359 loss: 55.0727 
episode: 331 count: 298 score: 219.2254 average_last200: 132.6628 epis: 0.0356 loss: 76.3342 
episode: 332 count: 405 score: 218.4267 average_last200: 133.5985 epis: 0.0352 loss: 104.3189 
episode: 333 count: 495 score: -6.8693 average_last200: 133.2481 epis: 0.0348 loss: 122.8731 
episode: 334 count: 235 score: 252.7172 average_last200: 133.4441 epis: 0.0345 loss: 70.0808 
episode: 335 count: 235 score: 232.2900 average_last200: 134.5388 epis: 0.0342 loss: 61.5955 
episode: 336 count: 1000 score: -110.3210 average_last200: 133.7514 epis: 0.0338 loss: 260.9992 
episode: 337 count: 234 score: 235.1660 average_last200: 134.7357 epis: 0.0335 loss: 62.0110 
episode: 338 count: 261 score: 250.0763 average_last200: 135.0612 epis: 0.0331 loss: 63.6695 
episode: 339 count: 276 score: 237.2015 average_last200: 135.2822 epis: 0.0328 loss: 70.2619 
episode: 340 count: 897 score: -6.2273 average_last200: 134.1986 epis: 0.0325 loss: 237.3290 
episode: 341 count: 1000 score: -17.7241 average_last200: 133.8803 epis: 0.0322 loss: 264.5214 
episode: 342 count: 242 score: 256.7994 average_last200: 134.9710 epis: 0.0318 loss: 59.7444 
episode: 343 count: 731 score: 68.2632 average_last200: 134.8107 epis: 0.0315 loss: 180.3768 
episode: 344 count: 1000 score: -75.2080 average_last200: 133.7554 epis: 0.0312 loss: 253.8212 
episode: 345 count: 305 score: 180.5670 average_last200: 133.7084 epis: 0.0309 loss: 79.3737 
episode: 346 count: 252 score: 254.6715 average_last200: 134.9486 epis: 0.0306 loss: 65.2682 
episode: 347 count: 558 score: 234.1647 average_last200: 135.8148 epis: 0.0303 loss: 139.0858 
episode: 348 count: 413 score: 209.4042 average_last200: 135.8880 epis: 0.0300 loss: 103.4842 
episode: 349 count: 994 score: 53.8162 average_last200: 135.9680 epis: 0.0297 loss: 257.4392 
episode: 350 count: 424 score: 173.9416 average_last200: 135.9333 epis: 0.0294 loss: 110.0744 
episode: 351 count: 279 score: 194.0068 average_last200: 137.1154 epis: 0.0291 loss: 69.5760 
episode: 352 count: 291 score: 202.3605 average_last200: 137.2086 epis: 0.0288 loss: 73.0671 
episode: 353 count: 258 score: 245.9189 average_last200: 138.4864 epis: 0.0285 loss: 69.7372 
episode: 354 count: 577 score: 217.0930 average_last200: 139.8327 epis: 0.0282 loss: 149.0389 
episode: 355 count: 224 score: 233.8000 average_last200: 139.9909 epis: 0.0279 loss: 61.9992 
episode: 356 count: 422 score: 262.5647 average_last200: 140.9228 epis: 0.0277 loss: 108.7090 
episode: 357 count: 201 score: 241.7516 average_last200: 142.0204 epis: 0.0274 loss: 54.3441 
episode: 358 count: 300 score: 238.9234 average_last200: 142.8236 epis: 0.0271 loss: 73.3811 
episode: 359 count: 272 score: 237.0862 average_last200: 143.8356 epis: 0.0268 loss: 70.0023 
episode: 360 count: 317 score: 165.5528 average_last200: 144.7165 epis: 0.0266 loss: 83.1470 
episode: 361 count: 406 score: 186.5148 average_last200: 145.3101 epis: 0.0263 loss: 105.8474 
episode: 362 count: 954 score: 180.9462 average_last200: 145.9109 epis: 0.0260 loss: 236.1886 
episode: 363 count: 334 score: -109.0511 average_last200: 144.1322 epis: 0.0258 loss: 80.3069 
episode: 364 count: 536 score: 141.1174 average_last200: 145.4302 epis: 0.0255 loss: 130.9245 
episode: 365 count: 293 score: 224.2863 average_last200: 145.4545 epis: 0.0253 loss: 72.6869 
episode: 366 count: 1000 score: -65.7333 average_last200: 144.7688 epis: 0.0250 loss: 243.3576 
episode: 367 count: 190 score: 225.0433 average_last200: 145.6086 epis: 0.0248 loss: 47.6544 
episode: 368 count: 240 score: 236.2089 average_last200: 147.3125 epis: 0.0245 loss: 62.7780 
episode: 369 count: 328 score: 189.1627 average_last200: 148.3295 epis: 0.0243 loss: 86.2446 
episode: 370 count: 380 score: 198.6657 average_last200: 149.5642 epis: 0.0240 loss: 102.5319 
episode: 371 count: 312 score: 217.8575 average_last200: 150.2332 epis: 0.0238 loss: 77.2421 
episode: 372 count: 268 score: 234.4763 average_last200: 150.9681 epis: 0.0235 loss: 70.2929 
episode: 373 count: 217 score: 236.3307 average_last200: 152.3661 epis: 0.0233 loss: 54.5350 
episode: 374 count: 184 score: 242.1512 average_last200: 152.8786 epis: 0.0231 loss: 43.8546 
episode: 375 count: 288 score: 199.2322 average_last200: 152.9015 epis: 0.0228 loss: 71.6465 
episode: 376 count: 273 score: 223.4771 average_last200: 153.0778 epis: 0.0226 loss: 75.4768 
episode: 377 count: 354 score: 209.4910 average_last200: 153.1584 epis: 0.0224 loss: 84.1122 
episode: 378 count: 275 score: 223.1350 average_last200: 153.3326 epis: 0.0222 loss: 68.3203 
episode: 379 count: 537 score: 190.4464 average_last200: 154.5834 epis: 0.0219 loss: 138.7444 
episode: 380 count: 247 score: 240.7385 average_last200: 154.8926 epis: 0.0217 loss: 55.9991 
episode: 381 count: 200 score: 245.7933 average_last200: 155.3297 epis: 0.0215 loss: 45.2619 
episode: 382 count: 205 score: 261.8535 average_last200: 155.6939 epis: 0.0213 loss: 51.3845 
episode: 383 count: 387 score: 175.0153 average_last200: 155.8535 epis: 0.0211 loss: 99.8488 
episode: 384 count: 819 score: 88.7183 average_last200: 155.3845 epis: 0.0209 loss: 207.8980 
episode: 385 count: 828 score: 96.5986 average_last200: 155.1482 epis: 0.0207 loss: 207.9225 
episode: 386 count: 366 score: 201.5979 average_last200: 155.2168 epis: 0.0205 loss: 85.0641 
episode: 387 count: 277 score: 214.5054 average_last200: 156.5605 epis: 0.0203 loss: 65.8442 
episode: 388 count: 336 score: 223.4359 average_last200: 157.0368 epis: 0.0200 loss: 81.1383 
episode: 389 count: 310 score: 216.4921 average_last200: 158.4807 epis: 0.0198 loss: 75.2336 
episode: 390 count: 260 score: 186.7923 average_last200: 159.3931 epis: 0.0196 loss: 58.3326 
episode: 391 count: 325 score: 191.0173 average_last200: 160.4889 epis: 0.0195 loss: 81.1524 
episode: 392 count: 319 score: 203.8642 average_last200: 160.5881 epis: 0.0193 loss: 80.6146 
episode: 393 count: 220 score: 242.5519 average_last200: 161.0052 epis: 0.0191 loss: 52.7640 
episode: 394 count: 334 score: 221.4414 average_last200: 161.2865 epis: 0.0189 loss: 79.4905 
episode: 395 count: 1000 score: -74.3639 average_last200: 159.7555 epis: 0.0187 loss: 253.4998 
episode: 396 count: 267 score: 250.4725 average_last200: 159.9046 epis: 0.0185 loss: 61.0710 
episode: 397 count: 202 score: 202.3667 average_last200: 161.3717 epis: 0.0183 loss: 53.6041 
episode: 398 count: 208 score: 207.4149 average_last200: 162.4223 epis: 0.0181 loss: 52.0266 
episode: 399 count: 1000 score: -47.0344 average_last200: 161.3144 epis: 0.0180 loss: 259.0622 
episode: 400 count: 237 score: 208.0625 average_last200: 162.7875 epis: 0.0178 loss: 63.4121 
episode: 401 count: 308 score: 214.3368 average_last200: 163.2088 epis: 0.0176 loss: 73.9370 
episode: 402 count: 1000 score: -87.8901 average_last200: 161.9681 epis: 0.0174 loss: 244.0568 
episode: 403 count: 304 score: 234.0066 average_last200: 163.0777 epis: 0.0172 loss: 73.7218 
episode: 404 count: 851 score: 86.7917 average_last200: 162.5216 epis: 0.0171 loss: 216.7061 
episode: 405 count: 390 score: 182.9154 average_last200: 162.4313 epis: 0.0169 loss: 99.2851 
episode: 406 count: 291 score: 204.9055 average_last200: 162.7607 epis: 0.0167 loss: 72.4145 
episode: 407 count: 276 score: 207.3518 average_last200: 162.7465 epis: 0.0166 loss: 69.9852 
episode: 408 count: 234 score: 223.7323 average_last200: 163.7151 epis: 0.0164 loss: 59.4595 
episode: 409 count: 1000 score: -70.9133 average_last200: 162.3825 epis: 0.0162 loss: 252.5589 
episode: 410 count: 273 score: 250.6130 average_last200: 163.6654 epis: 0.0161 loss: 66.4266 
episode: 411 count: 1000 score: -62.3792 average_last200: 162.4532 epis: 0.0159 loss: 252.3837 
episode: 412 count: 1000 score: -145.0948 average_last200: 161.9664 epis: 0.0158 loss: 241.3868 
episode: 413 count: 738 score: 125.9220 average_last200: 162.9042 epis: 0.0156 loss: 182.4993 
episode: 414 count: 296 score: 195.2924 average_last200: 164.2802 epis: 0.0154 loss: 66.3871 
episode: 415 count: 1000 score: 11.5610 average_last200: 163.5825 epis: 0.0153 loss: 232.0839 
episode: 416 count: 408 score: 178.1543 average_last200: 163.3610 epis: 0.0151 loss: 94.3124 
episode: 417 count: 148 score: 239.3221 average_last200: 163.8807 epis: 0.0150 loss: 35.9331 
episode: 418 count: 222 score: 220.2646 average_last200: 163.9367 epis: 0.0148 loss: 56.3911 
episode: 419 count: 226 score: 234.8597 average_last200: 165.5589 epis: 0.0147 loss: 52.7704 
episode: 420 count: 249 score: 204.0617 average_last200: 165.4739 epis: 0.0145 loss: 61.0522 
episode: 421 count: 1000 score: -108.0670 average_last200: 163.9299 epis: 0.0144 loss: 224.9430 
episode: 422 count: 248 score: 230.2160 average_last200: 165.4347 epis: 0.0142 loss: 56.2181 
episode: 423 count: 200 score: -29.8008 average_last200: 164.0902 epis: 0.0141 loss: 45.4687 
episode: 424 count: 448 score: 224.3687 average_last200: 165.5160 epis: 0.0140 loss: 105.7120 
episode: 425 count: 374 score: 168.2734 average_last200: 165.5967 epis: 0.0138 loss: 88.3665 
episode: 426 count: 453 score: 200.0312 average_last200: 167.0883 epis: 0.0137 loss: 107.4727 
episode: 427 count: 274 score: 218.6868 average_last200: 167.2811 epis: 0.0135 loss: 58.4486 
episode: 428 count: 228 score: 142.3535 average_last200: 166.7393 epis: 0.0134 loss: 57.2641 
episode: 429 count: 335 score: 190.6957 average_last200: 166.8274 epis: 0.0133 loss: 80.4519 
episode: 430 count: 383 score: 253.3873 average_last200: 167.4864 epis: 0.0131 loss: 85.5131 
episode: 431 count: 239 score: 216.3254 average_last200: 169.8174 epis: 0.0130 loss: 52.6571 
episode: 432 count: 273 score: 191.2291 average_last200: 169.9158 epis: 0.0129 loss: 56.4421 
episode: 433 count: 281 score: 208.8351 average_last200: 169.7195 epis: 0.0128 loss: 64.3310 
episode: 434 count: 281 score: 209.9250 average_last200: 170.0850 epis: 0.0126 loss: 64.3865 
episode: 435 count: 366 score: 192.5746 average_last200: 171.1469 epis: 0.0125 loss: 82.3731 
episode: 436 count: 381 score: 175.1721 average_last200: 171.1585 epis: 0.0124 loss: 83.9267 
episode: 437 count: 251 score: 189.7246 average_last200: 171.1884 epis: 0.0123 loss: 54.4809 
episode: 438 count: 455 score: 208.3840 average_last200: 171.4379 epis: 0.0121 loss: 98.9143 
episode: 439 count: 308 score: 193.6537 average_last200: 171.4562 epis: 0.0120 loss: 67.1018 
episode: 440 count: 317 score: 210.1603 average_last200: 171.7464 epis: 0.0119 loss: 68.8058 
episode: 441 count: 327 score: 221.9802 average_last200: 171.7348 epis: 0.0118 loss: 68.8050 
episode: 442 count: 247 score: 236.0708 average_last200: 171.9110 epis: 0.0117 loss: 52.2270 
episode: 443 count: 322 score: 217.6522 average_last200: 171.7166 epis: 0.0115 loss: 66.6794 
episode: 444 count: 561 score: 154.7414 average_last200: 171.2088 epis: 0.0114 loss: 117.6059 
episode: 445 count: 462 score: 192.7055 average_last200: 171.2123 epis: 0.0113 loss: 97.2920 
episode: 446 count: 257 score: 215.4532 average_last200: 171.1792 epis: 0.0112 loss: 55.2965 
episode: 447 count: 459 score: 200.6626 average_last200: 171.2216 epis: 0.0111 loss: 92.5841 
episode: 448 count: 438 score: 208.6219 average_last200: 171.2258 epis: 0.0110 loss: 90.3408 
episode: 449 count: 269 score: 211.8582 average_last200: 171.6555 epis: 0.0109 loss: 57.8229 
episode: 450 count: 297 score: 232.6841 average_last200: 171.8856 epis: 0.0108 loss: 65.2920 
episode: 451 count: 231 score: 7.8950 average_last200: 170.8470 epis: 0.0106 loss: 45.9629 
episode: 452 count: 326 score: 230.8406 average_last200: 172.3188 epis: 0.0105 loss: 70.2084 
episode: 453 count: 372 score: 157.4833 average_last200: 172.6913 epis: 0.0104 loss: 79.4396 
episode: 454 count: 242 score: 231.5039 average_last200: 172.6079 epis: 0.0103 loss: 50.8334 
episode: 455 count: 253 score: 250.1058 average_last200: 172.7527 epis: 0.0102 loss: 52.4247 
episode: 456 count: 342 score: 204.0315 average_last200: 172.5195 epis: 0.0101 loss: 71.3821 
episode: 457 count: 308 score: 211.1579 average_last200: 172.6496 epis: 0.0100 loss: 61.4358 
episode: 458 count: 303 score: 219.2477 average_last200: 172.6905 epis: 0.0099 loss: 68.0302 
episode: 459 count: 413 score: 230.1134 average_last200: 173.1008 epis: 0.0098 loss: 80.9895 
episode: 460 count: 369 score: 241.1094 average_last200: 174.5304 epis: 0.0097 loss: 76.3049 
episode: 461 count: 244 score: 204.7544 average_last200: 174.4611 epis: 0.0096 loss: 46.1689 
episode: 462 count: 260 score: 190.6537 average_last200: 174.4028 epis: 0.0095 loss: 53.6161 
episode: 463 count: 365 score: 210.7351 average_last200: 174.3262 epis: 0.0094 loss: 75.4424 
episode: 464 count: 249 score: 220.9062 average_last200: 174.5253 epis: 0.0093 loss: 49.7791 
episode: 465 count: 196 score: 227.3689 average_last200: 175.6962 epis: 0.0092 loss: 35.8195 
episode: 466 count: 333 score: 214.2443 average_last200: 175.8763 epis: 0.0092 loss: 69.4637 
episode: 467 count: 299 score: 245.0930 average_last200: 176.1834 epis: 0.0091 loss: 60.4483 
episode: 468 count: 1000 score: 4.6683 average_last200: 174.9873 epis: 0.0090 loss: 201.2791 
episode: 469 count: 284 score: 238.7850 average_last200: 174.9234 epis: 0.0089 loss: 56.2995 
episode: 470 count: 1000 score: 116.7234 average_last200: 174.3334 epis: 0.0088 loss: 194.5768 
episode: 471 count: 312 score: 245.3592 average_last200: 174.3486 epis: 0.0087 loss: 62.0021 
episode: 472 count: 237 score: 208.3406 average_last200: 174.2150 epis: 0.0086 loss: 46.7929 
episode: 473 count: 602 score: 160.0662 average_last200: 174.3715 epis: 0.0085 loss: 119.1518 
episode: 474 count: 244 score: 216.1677 average_last200: 174.3812 epis: 0.0084 loss: 51.2305 
episode: 475 count: 207 score: 216.7076 average_last200: 174.4771 epis: 0.0084 loss: 39.8608 
episode: 476 count: 255 score: 205.1131 average_last200: 174.5392 epis: 0.0083 loss: 49.7865 
episode: 477 count: 178 score: -24.1047 average_last200: 173.5426 epis: 0.0082 loss: 32.0176 
episode: 478 count: 235 score: 233.3952 average_last200: 173.6632 epis: 0.0081 loss: 42.4997 
episode: 479 count: 175 score: 261.3101 average_last200: 174.2049 epis: 0.0080 loss: 33.2959 
episode: 480 count: 217 score: 238.9075 average_last200: 174.4425 epis: 0.0080 loss: 39.5018 
episode: 481 count: 271 score: 198.1661 average_last200: 174.3037 epis: 0.0079 loss: 52.5346 
episode: 482 count: 220 score: 226.6483 average_last200: 174.3644 epis: 0.0078 loss: 43.3488 
episode: 483 count: 270 score: 199.4167 average_last200: 174.3489 epis: 0.0077 loss: 53.7958 
episode: 484 count: 212 score: 256.9833 average_last200: 174.7072 epis: 0.0076 loss: 38.9715 
episode: 485 count: 362 score: 176.9695 average_last200: 174.4771 epis: 0.0076 loss: 73.4299 
episode: 486 count: 211 score: 236.1141 average_last200: 174.7028 epis: 0.0075 loss: 40.3518 
episode: 487 count: 201 score: 255.9379 average_last200: 175.0121 epis: 0.0074 loss: 38.6405 
episode: 488 count: 192 score: 262.4896 average_last200: 175.4000 epis: 0.0073 loss: 36.4987 
episode: 489 count: 254 score: 223.9399 average_last200: 175.5259 epis: 0.0073 loss: 48.5703 
episode: 490 count: 153 score: 7.9938 average_last200: 174.6169 epis: 0.0072 loss: 26.8914 
episode: 491 count: 293 score: 231.8336 average_last200: 174.8182 epis: 0.0071 loss: 59.6011 
episode: 492 count: 251 score: 236.9133 average_last200: 175.0957 epis: 0.0070 loss: 50.8758 
episode: 493 count: 257 score: 223.5943 average_last200: 175.4089 epis: 0.0070 loss: 47.2294 
episode: 494 count: 400 score: 193.6205 average_last200: 175.6210 epis: 0.0069 loss: 71.0967 
episode: 495 count: 265 score: -30.7451 average_last200: 174.6115 epis: 0.0068 loss: 48.6887 
episode: 496 count: 1000 score: 114.6830 average_last200: 174.4905 epis: 0.0068 loss: 196.8444 
episode: 497 count: 360 score: 172.6392 average_last200: 174.4766 epis: 0.0067 loss: 71.3676 
episode: 498 count: 270 score: 251.2044 average_last200: 174.9554 epis: 0.0066 loss: 48.6819 
episode: 499 count: 317 score: 190.8298 average_last200: 175.0954 epis: 0.0066 loss: 54.9678 
episode: 500 count: 235 score: 210.7132 average_last200: 175.2988 epis: 0.0065 loss: 42.3531 
episode: 501 count: 461 score: 195.0632 average_last200: 175.2948 epis: 0.0064 loss: 88.4684 
episode: 502 count: 320 score: 213.9257 average_last200: 175.6566 epis: 0.0064 loss: 59.7412 
episode: 503 count: 258 score: 250.6739 average_last200: 175.6230 epis: 0.0063 loss: 49.8099 
episode: 504 count: 253 score: 191.8197 average_last200: 175.8740 epis: 0.0062 loss: 46.8660 
episode: 505 count: 335 score: 182.4799 average_last200: 176.1216 epis: 0.0062 loss: 65.0645 
episode: 506 count: 1000 score: 134.0883 average_last200: 175.4900 epis: 0.0061 loss: 183.0698 
episode: 507 count: 201 score: 199.1207 average_last200: 175.5551 epis: 0.0061 loss: 38.3343 
episode: 508 count: 269 score: 256.4512 average_last200: 175.5691 epis: 0.0060 loss: 49.6546 
episode: 509 count: 191 score: 224.6084 average_last200: 175.8330 epis: 0.0059 loss: 35.3380 
episode: 510 count: 243 score: 239.1242 average_last200: 176.0992 epis: 0.0059 loss: 42.8958 
episode: 511 count: 529 score: 206.7923 average_last200: 176.3740 epis: 0.0058 loss: 102.2646 
episode: 512 count: 249 score: 220.4466 average_last200: 176.9296 epis: 0.0058 loss: 41.8360 
episode: 513 count: 301 score: 211.3947 average_last200: 177.0667 epis: 0.0057 loss: 58.5831 
episode: 514 count: 230 score: 229.3551 average_last200: 177.2422 epis: 0.0057 loss: 39.5838 
episode: 515 count: 858 score: 222.4299 average_last200: 178.6627 epis: 0.0056 loss: 154.9425 
episode: 516 count: 204 score: 208.0630 average_last200: 179.1012 epis: 0.0055 loss: 41.7134 
episode: 517 count: 396 score: 181.0182 average_last200: 180.1808 epis: 0.0055 loss: 74.0753 
episode: 518 count: 272 score: 213.1317 average_last200: 180.1615 epis: 0.0054 loss: 48.3719 
episode: 519 count: 275 score: 207.5709 average_last200: 180.1729 epis: 0.0054 loss: 49.5425 
episode: 520 count: 238 score: 203.1120 average_last200: 180.4064 epis: 0.0053 loss: 46.3325 
episode: 521 count: 307 score: 184.1940 average_last200: 180.3141 epis: 0.0053 loss: 56.8763 
episode: 522 count: 313 score: 201.6572 average_last200: 180.9021 epis: 0.0052 loss: 58.7364 
episode: 523 count: 219 score: 178.8138 average_last200: 180.7470 epis: 0.0052 loss: 43.3736 
episode: 524 count: 248 score: 231.5429 average_last200: 180.7252 epis: 0.0051 loss: 49.9221 
episode: 525 count: 273 score: 220.3203 average_last200: 180.6299 epis: 0.0051 loss: 53.4226 
episode: 526 count: 256 score: 256.4191 average_last200: 180.9665 epis: 0.0050 loss: 46.1314 
episode: 527 count: 308 score: 166.7349 average_last200: 180.8309 epis: 0.0050 loss: 58.9281 
episode: 528 count: 239 score: 209.6993 average_last200: 180.5871 epis: 0.0049 loss: 49.6640 
episode: 529 count: 217 score: 222.4872 average_last200: 182.1501 epis: 0.0049 loss: 36.6424 
episode: 530 count: 256 score: 238.6960 average_last200: 182.1338 epis: 0.0048 loss: 51.8690 
episode: 531 count: 264 score: 204.1805 average_last200: 182.0586 epis: 0.0048 loss: 51.5826 
episode: 532 count: 362 score: 197.7793 average_last200: 181.9554 epis: 0.0047 loss: 62.6523 
episode: 533 count: 283 score: 196.6593 average_last200: 182.9730 epis: 0.0047 loss: 49.3272 
episode: 534 count: 204 score: 219.1431 average_last200: 182.8051 epis: 0.0046 loss: 37.7985 
episode: 535 count: 300 score: 179.2328 average_last200: 182.5399 epis: 0.0046 loss: 52.2811 
episode: 536 count: 298 score: 210.6631 average_last200: 184.1448 epis: 0.0045 loss: 48.4432 
episode: 537 count: 429 score: 191.8553 average_last200: 183.9282 epis: 0.0045 loss: 74.0400 
episode: 538 count: 286 score: 203.0499 average_last200: 183.6931 epis: 0.0044 loss: 47.2036 
episode: 539 count: 298 score: 166.5573 average_last200: 183.3399 epis: 0.0044 loss: 54.3110 
episode: 540 count: 422 score: 190.3019 average_last200: 184.3225 epis: 0.0044 loss: 75.9977 
episode: 541 count: 349 score: 188.5957 average_last200: 185.3541 epis: 0.0043 loss: 61.2298 
episode: 542 count: 225 score: 229.5379 average_last200: 185.2178 epis: 0.0043 loss: 38.7833 
episode: 543 count: 231 score: 252.9541 average_last200: 186.1413 epis: 0.0042 loss: 39.6211 
episode: 544 count: 1000 score: 60.8332 average_last200: 186.8215 epis: 0.0042 loss: 164.7988 
episode: 545 count: 264 score: 253.5221 average_last200: 187.1862 epis: 0.0041 loss: 49.1489 
episode: 546 count: 205 score: 236.6540 average_last200: 187.0962 epis: 0.0041 loss: 33.9911 
episode: 547 count: 744 score: 81.9981 average_last200: 186.3353 epis: 0.0041 loss: 121.1228 
episode: 548 count: 925 score: 72.8454 average_last200: 185.6525 epis: 0.0040 loss: 151.5413 
episode: 549 count: 392 score: 134.0182 average_last200: 186.0535 epis: 0.0040 loss: 58.1713 
episode: 550 count: 414 score: 175.0069 average_last200: 186.0589 epis: 0.0039 loss: 69.8993 
episode: 551 count: 213 score: 226.6104 average_last200: 186.2219 epis: 0.0039 loss: 33.0933 
episode: 552 count: 135 score: -14.5301 average_last200: 185.1374 epis: 0.0039 loss: 21.7723 
episode: 553 count: 334 score: 180.7943 average_last200: 184.8118 epis: 0.0038 loss: 58.0943 
episode: 554 count: 265 score: 240.6645 average_last200: 184.9297 epis: 0.0038 loss: 42.0330 
episode: 555 count: 238 score: 254.4215 average_last200: 185.0328 epis: 0.0037 loss: 38.1062 
episode: 556 count: 206 score: 214.2208 average_last200: 184.7911 epis: 0.0037 loss: 30.6847 
episode: 557 count: 403 score: 259.8123 average_last200: 184.8814 epis: 0.0037 loss: 62.1047 
episode: 558 count: 162 score: 239.2231 average_last200: 184.8829 epis: 0.0036 loss: 27.6160 
episode: 559 count: 227 score: 231.6285 average_last200: 184.8556 epis: 0.0036 loss: 37.2057 
episode: 560 count: 619 score: 152.7738 average_last200: 184.7917 epis: 0.0036 loss: 93.1268 
episode: 561 count: 265 score: 271.1257 average_last200: 185.2147 epis: 0.0035 loss: 38.3282 
episode: 562 count: 185 score: 236.6419 average_last200: 185.4932 epis: 0.0035 loss: 28.0084 
episode: 563 count: 1000 score: 60.0413 average_last200: 186.3387 epis: 0.0035 loss: 154.1949 
episode: 564 count: 341 score: 233.0556 average_last200: 186.7984 epis: 0.0034 loss: 48.7941 
episode: 565 count: 254 score: 205.2702 average_last200: 186.7033 epis: 0.0034 loss: 40.7119 
episode: 566 count: 439 score: 136.6912 average_last200: 187.7154 epis: 0.0034 loss: 64.6569 
episode: 567 count: 206 score: 240.5527 average_last200: 187.7929 epis: 0.0033 loss: 35.5772 
episode: 568 count: 224 score: 218.5807 average_last200: 187.7048 epis: 0.0033 loss: 33.3076 
episode: 569 count: 651 score: 171.5872 average_last200: 187.6169 epis: 0.0033 loss: 98.8017 
episode: 570 count: 202 score: 250.3198 average_last200: 187.8752 epis: 0.0032 loss: 32.4768 
episode: 571 count: 198 score: 236.1569 average_last200: 187.9667 epis: 0.0032 loss: 29.8121 
episode: 572 count: 146 score: -41.9016 average_last200: 186.5848 epis: 0.0032 loss: 21.8514 
episode: 573 count: 202 score: 280.8652 average_last200: 186.8075 epis: 0.0031 loss: 30.7340 
episode: 574 count: 463 score: 209.2925 average_last200: 186.6432 epis: 0.0031 loss: 70.7486 
episode: 575 count: 183 score: 216.5265 average_last200: 186.7297 epis: 0.0031 loss: 27.6285 
episode: 576 count: 232 score: 263.8325 average_last200: 186.9314 epis: 0.0030 loss: 36.2216 
episode: 577 count: 402 score: 220.7753 average_last200: 186.9879 epis: 0.0030 loss: 58.8341 
episode: 578 count: 116 score: -38.9976 average_last200: 185.6772 epis: 0.0030 loss: 16.4731 
episode: 579 count: 421 score: 206.4202 average_last200: 185.7571 epis: 0.0029 loss: 63.9198 
episode: 580 count: 368 score: 216.5751 average_last200: 185.6362 epis: 0.0029 loss: 55.3792 
episode: 581 count: 224 score: 226.4464 average_last200: 185.5395 epis: 0.0029 loss: 34.2825 
episode: 582 count: 190 score: 234.3846 average_last200: 185.4022 epis: 0.0029 loss: 28.7932 
episode: 583 count: 147 score: 249.6821 average_last200: 185.7755 epis: 0.0028 loss: 27.1386 
episode: 584 count: 121 score: 1.9586 average_last200: 185.3417 epis: 0.0028 loss: 19.3424 
episode: 585 count: 201 score: 228.3333 average_last200: 186.0004 epis: 0.0028 loss: 32.8797 
episode: 586 count: 205 score: 265.7327 average_last200: 186.3211 epis: 0.0027 loss: 30.5054 
episode: 587 count: 266 score: 190.4131 average_last200: 186.2006 epis: 0.0027 loss: 38.8763 
episode: 588 count: 412 score: 255.9915 average_last200: 186.3634 epis: 0.0027 loss: 68.3888 
episode: 589 count: 279 score: 189.7799 average_last200: 186.2298 epis: 0.0027 loss: 39.6934 
episode: 590 count: 171 score: 281.2067 average_last200: 186.7019 epis: 0.0026 loss: 28.3820 
episode: 591 count: 141 score: 234.1026 average_last200: 186.9173 epis: 0.0026 loss: 23.0234 
episode: 592 count: 399 score: 229.4813 average_last200: 187.0454 epis: 0.0026 loss: 61.0304 
episode: 593 count: 186 score: 232.0366 average_last200: 186.9928 epis: 0.0026 loss: 30.7136 
episode: 594 count: 200 score: 200.5551 average_last200: 186.8884 epis: 0.0025 loss: 27.4147 
episode: 595 count: 174 score: 202.4325 average_last200: 188.2724 epis: 0.0025 loss: 25.5430 
episode: 596 count: 142 score: 240.1291 average_last200: 188.2206 epis: 0.0025 loss: 23.3954 
episode: 597 count: 452 score: 258.1166 average_last200: 188.4994 epis: 0.0025 loss: 74.4505 
episode: 598 count: 211 score: 216.1942 average_last200: 188.5433 epis: 0.0024 loss: 30.7296 
episode: 599 count: 280 score: 245.2029 average_last200: 190.0045 epis: 0.0024 loss: 42.9614 
episode: 600 count: 219 score: 209.6233 average_last200: 190.0123 epis: 0.0024 loss: 33.8461 
episode: 601 count: 1000 score: 102.1904 average_last200: 189.4516 epis: 0.0024 loss: 158.8414 
episode: 602 count: 170 score: 224.2622 average_last200: 191.0123 epis: 0.0023 loss: 25.0302 
episode: 603 count: 182 score: 220.4409 average_last200: 190.9445 epis: 0.0023 loss: 23.8298 
episode: 604 count: 634 score: 214.6894 average_last200: 191.5840 epis: 0.0023 loss: 100.9552 
episode: 605 count: 111 score: 7.0449 average_last200: 190.7046 epis: 0.0023 loss: 16.6599 
episode: 606 count: 233 score: 187.9565 average_last200: 190.6199 epis: 0.0022 loss: 37.6146 
episode: 607 count: 183 score: -21.9881 average_last200: 189.4732 epis: 0.0022 loss: 29.9539 
episode: 608 count: 169 score: -27.4028 average_last200: 188.2175 epis: 0.0022 loss: 27.2498 
episode: 609 count: 253 score: 211.2408 average_last200: 189.6283 epis: 0.0022 loss: 43.1804 
episode: 610 count: 188 score: 231.1312 average_last200: 189.5309 epis: 0.0022 loss: 25.7028 
episode: 611 count: 215 score: 214.8379 average_last200: 190.9169 epis: 0.0021 loss: 36.8414 
episode: 612 count: 226 score: 250.7459 average_last200: 192.8962 epis: 0.0021 loss: 35.7413 
episode: 613 count: 176 score: 204.9868 average_last200: 193.2915 epis: 0.0021 loss: 26.2057 
episode: 614 count: 250 score: 262.2331 average_last200: 193.6262 epis: 0.0021 loss: 43.3918 
episode: 615 count: 270 score: 243.7999 average_last200: 194.7874 epis: 0.0020 loss: 41.8844 
episode: 616 count: 301 score: 231.9957 average_last200: 195.0566 epis: 0.0020 loss: 53.9506 
episode: 617 count: 205 score: 229.9251 average_last200: 195.0096 epis: 0.0020 loss: 30.9696 
episode: 618 count: 239 score: 227.0805 average_last200: 195.0437 epis: 0.0020 loss: 38.3814 
episode: 619 count: 246 score: 263.3273 average_last200: 195.1860 epis: 0.0020 loss: 40.0332 
episode: 620 count: 115 score: -6.2197 average_last200: 194.1346 epis: 0.0019 loss: 19.0329 
episode: 621 count: 187 score: 217.1735 average_last200: 195.7608 epis: 0.0019 loss: 31.0182 
episode: 622 count: 223 score: 266.0275 average_last200: 195.9399 epis: 0.0019 loss: 35.9769 
episode: 623 count: 157 score: -39.2381 average_last200: 195.8927 epis: 0.0019 loss: 23.6436 
episode: 624 count: 193 score: 225.5394 average_last200: 195.8985 epis: 0.0019 loss: 31.6379 
episode: 625 count: 279 score: 262.8718 average_last200: 196.3715 epis: 0.0019 loss: 44.6295 
episode: 626 count: 290 score: 203.5771 average_last200: 196.3893 epis: 0.0018 loss: 47.4358 
episode: 627 count: 146 score: 7.1690 average_last200: 195.3317 epis: 0.0018 loss: 25.0350 
episode: 628 count: 257 score: 215.3826 average_last200: 195.6968 epis: 0.0018 loss: 41.9728 
episode: 629 count: 466 score: 245.0479 average_last200: 195.9686 epis: 0.0018 loss: 82.0988 
episode: 630 count: 307 score: 208.6767 average_last200: 195.7450 epis: 0.0018 loss: 48.4253 
episode: 631 count: 480 score: 213.1342 average_last200: 195.7291 epis: 0.0017 loss: 76.1888 
episode: 632 count: 225 score: -64.4626 average_last200: 194.4506 epis: 0.0017 loss: 37.6764 
episode: 633 count: 169 score: 217.4599 average_last200: 194.4937 epis: 0.0017 loss: 30.6738 
episode: 634 count: 206 score: 234.3540 average_last200: 194.6159 epis: 0.0017 loss: 35.0042 
episode: 635 count: 411 score: 209.7298 average_last200: 194.7016 epis: 0.0017 loss: 68.1925 
episode: 636 count: 136 score: -26.9457 average_last200: 193.6911 epis: 0.0017 loss: 21.8208 
episode: 637 count: 393 score: 252.7241 average_last200: 194.0061 epis: 0.0016 loss: 66.0226 
episode: 638 count: 207 score: 198.2358 average_last200: 193.9553 epis: 0.0016 loss: 32.4585 
episode: 639 count: 168 score: 229.9980 average_last200: 194.1370 epis: 0.0016 loss: 28.0385 
episode: 640 count: 132 score: -27.7919 average_last200: 192.9473 epis: 0.0016 loss: 26.2431 
episode: 641 count: 138 score: 4.7296 average_last200: 191.8610 epis: 0.0016 loss: 24.4491 
episode: 642 count: 1000 score: 81.1940 average_last200: 191.0866 epis: 0.0016 loss: 168.0854 
episode: 643 count: 514 score: 181.7504 average_last200: 190.9071 epis: 0.0015 loss: 85.0796 
episode: 644 count: 144 score: -1.3397 average_last200: 190.1267 epis: 0.0015 loss: 23.0716 
episode: 645 count: 468 score: 186.4314 average_last200: 190.0954 epis: 0.0015 loss: 77.4164 
episode: 646 count: 213 score: 245.6482 average_last200: 190.2463 epis: 0.0015 loss: 37.1871 
episode: 647 count: 204 score: 215.9452 average_last200: 190.3227 epis: 0.0015 loss: 37.5038 
episode: 648 count: 202 score: -38.9388 average_last200: 189.0849 epis: 0.0015 loss: 32.7854 
episode: 649 count: 177 score: 234.7251 average_last200: 189.1993 epis: 0.0015 loss: 27.9639 
episode: 650 count: 351 score: 219.7548 average_last200: 189.1346 epis: 0.0014 loss: 56.6862 
episode: 651 count: 158 score: -28.3628 average_last200: 188.9533 epis: 0.0014 loss: 26.4524 
episode: 652 count: 248 score: 217.8549 average_last200: 188.8884 epis: 0.0014 loss: 42.9779 
episode: 653 count: 183 score: -76.5431 average_last200: 187.7183 epis: 0.0014 loss: 34.5377 
episode: 654 count: 122 score: -48.4404 average_last200: 186.3186 epis: 0.0014 loss: 21.1359 
episode: 655 count: 201 score: -468.5103 average_last200: 182.7255 epis: 0.0014 loss: 35.5422 
episode: 656 count: 297 score: 181.6301 average_last200: 182.6135 epis: 0.0014 loss: 54.5534 
episode: 657 count: 466 score: 173.3924 average_last200: 182.4246 epis: 0.0013 loss: 80.5683 
episode: 658 count: 415 score: -192.1536 average_last200: 180.3676 epis: 0.0013 loss: 75.9678 
episode: 659 count: 260 score: 179.6715 average_last200: 180.1154 epis: 0.0013 loss: 50.2792 
episode: 660 count: 505 score: 228.9500 average_last200: 180.0546 epis: 0.0013 loss: 99.3159 
episode: 661 count: 347 score: 183.0812 average_last200: 179.9463 epis: 0.0013 loss: 60.8624 
episode: 662 count: 216 score: -29.3150 average_last200: 178.8464 epis: 0.0013 loss: 38.6172 
episode: 663 count: 478 score: 150.8560 average_last200: 178.5470 epis: 0.0013 loss: 91.8494 
episode: 664 count: 100 score: -28.6868 average_last200: 177.2991 epis: 0.0013 loss: 18.7519 
episode: 665 count: 248 score: 154.3633 average_last200: 176.9340 epis: 0.0012 loss: 43.7979 
episode: 666 count: 1000 score: 37.7078 average_last200: 176.0513 epis: 0.0012 loss: 202.7687 
episode: 667 count: 266 score: 143.1278 average_last200: 175.5415 epis: 0.0012 loss: 54.4599 
episode: 668 count: 162 score: -107.3885 average_last200: 174.9812 epis: 0.0012 loss: 33.9608 
episode: 669 count: 353 score: 139.1172 average_last200: 174.4829 epis: 0.0012 loss: 81.5329 
episode: 670 count: 416 score: 166.1740 average_last200: 174.7302 epis: 0.0012 loss: 93.3484 
episode: 671 count: 281 score: 103.3832 average_last200: 174.0203 epis: 0.0012 loss: 62.0013 
episode: 672 count: 608 score: 208.2382 average_last200: 174.0198 epis: 0.0012 loss: 145.4890 
episode: 673 count: 161 score: -159.3437 average_last200: 172.4227 epis: 0.0011 loss: 41.5501 
episode: 674 count: 146 score: -357.4408 average_last200: 169.5547 epis: 0.0011 loss: 38.9023 
episode: 675 count: 219 score: -409.1653 average_last200: 166.4253 epis: 0.0011 loss: 48.5442 
episode: 676 count: 154 score: -235.8822 average_last200: 164.2203 epis: 0.0011 loss: 41.0812 
episode: 677 count: 446 score: 169.6275 average_last200: 165.1890 epis: 0.0011 loss: 117.7790 
episode: 678 count: 160 score: -203.9571 average_last200: 163.0022 epis: 0.0011 loss: 41.8155 
episode: 679 count: 242 score: -283.2557 average_last200: 160.2794 epis: 0.0011 loss: 68.3872 
episode: 680 count: 311 score: 199.7770 average_last200: 160.0837 epis: 0.0011 loss: 81.7167 
episode: 681 count: 1000 score: -15.4643 average_last200: 159.0156 epis: 0.0011 loss: 285.2411 
episode: 682 count: 298 score: -171.5837 average_last200: 157.0244 epis: 0.0010 loss: 79.3849 
episode: 683 count: 1000 score: 88.9904 average_last200: 156.4723 epis: 0.0010 loss: 295.5767 
episode: 684 count: 384 score: 155.4607 average_last200: 155.9647 epis: 0.0010 loss: 113.5544 
episode: 685 count: 339 score: 170.4632 average_last200: 155.9322 epis: 0.0010 loss: 106.1689 
episode: 686 count: 395 score: 227.8931 average_last200: 155.8911 epis: 0.0010 loss: 122.4811 
episode: 687 count: 710 score: 50.9275 average_last200: 154.8660 epis: 0.0010 loss: 219.2319 
episode: 688 count: 287 score: -242.5500 average_last200: 152.3408 epis: 0.0010 loss: 94.4544 
episode: 689 count: 162 score: -65.0489 average_last200: 150.8959 epis: 0.0010 loss: 42.4762 
episode: 690 count: 96 score: -405.2506 average_last200: 148.8296 epis: 0.0010 loss: 25.8692 
episode: 691 count: 380 score: 169.2954 average_last200: 148.5169 epis: 0.0010 loss: 116.0981 
episode: 692 count: 459 score: -379.2564 average_last200: 145.4361 epis: 0.0009 loss: 144.8451 
episode: 693 count: 273 score: 242.7689 average_last200: 145.5320 epis: 0.0009 loss: 84.5273 
episode: 694 count: 296 score: 154.3023 average_last200: 145.3354 epis: 0.0009 loss: 85.7963 
episode: 695 count: 273 score: 197.3615 average_last200: 146.4759 epis: 0.0009 loss: 86.3472 
episode: 696 count: 353 score: 246.6297 average_last200: 147.1356 epis: 0.0009 loss: 111.2842 
episode: 697 count: 231 score: 260.8855 average_last200: 147.5769 epis: 0.0009 loss: 71.0720 
episode: 698 count: 171 score: -43.0128 average_last200: 146.1058 epis: 0.0009 loss: 58.7104 
episode: 699 count: 498 score: 156.4440 average_last200: 145.9339 epis: 0.0009 loss: 164.6259 
episode: 700 count: 385 score: 170.9258 average_last200: 145.7349 epis: 0.0009 loss: 122.3190 
episode: 701 count: 529 score: 222.5835 average_last200: 145.8725 epis: 0.0009 loss: 161.4414 
episode: 702 count: 411 score: 188.1181 average_last200: 145.7435 epis: 0.0009 loss: 133.8312 
episode: 703 count: 393 score: 213.6981 average_last200: 145.5586 epis: 0.0008 loss: 117.3179 
episode: 704 count: 169 score: -40.6446 average_last200: 144.3963 epis: 0.0008 loss: 55.1460 
episode: 705 count: 383 score: 194.0083 average_last200: 144.4539 epis: 0.0008 loss: 116.9787 
episode: 706 count: 222 score: 219.5088 average_last200: 144.8810 epis: 0.0008 loss: 68.7058 
episode: 707 count: 375 score: 205.0498 average_last200: 144.9107 epis: 0.0008 loss: 117.3672 
episode: 708 count: 327 score: 237.8125 average_last200: 144.8175 epis: 0.0008 loss: 102.2305 
episode: 709 count: 385 score: 184.4990 average_last200: 144.6169 epis: 0.0008 loss: 119.2905 
episode: 710 count: 457 score: 166.2176 average_last200: 144.2524 epis: 0.0008 loss: 134.2733 
episode: 711 count: 367 score: 202.3732 average_last200: 144.2303 epis: 0.0008 loss: 106.7300 
episode: 712 count: 380 score: 186.5962 average_last200: 144.0611 epis: 0.0008 loss: 118.1046 
episode: 713 count: 353 score: 224.4137 average_last200: 144.1262 epis: 0.0008 loss: 106.9222 
episode: 714 count: 373 score: 192.0772 average_last200: 143.9398 epis: 0.0008 loss: 108.7429 
episode: 715 count: 266 score: 228.0407 average_last200: 143.9678 epis: 0.0007 loss: 79.9653 
episode: 716 count: 439 score: 179.7552 average_last200: 143.8263 epis: 0.0007 loss: 123.6471 
episode: 717 count: 405 score: 168.9804 average_last200: 143.7661 epis: 0.0007 loss: 124.1481 
episode: 718 count: 1000 score: -50.7445 average_last200: 142.4467 epis: 0.0007 loss: 292.6559 
episode: 719 count: 1000 score: -34.3114 average_last200: 141.2373 epis: 0.0007 loss: 280.2551 
episode: 720 count: 1000 score: -78.5271 average_last200: 139.8291 epis: 0.0007 loss: 287.3282 
episode: 721 count: 1000 score: -66.0763 average_last200: 138.5778 epis: 0.0007 loss: 283.5835 
episode: 722 count: 1000 score: -47.4031 average_last200: 137.3324 epis: 0.0007 loss: 285.9688 
episode: 723 count: 1000 score: -76.0632 average_last200: 136.0581 epis: 0.0007 loss: 267.2392 
episode: 724 count: 1000 score: -37.6092 average_last200: 134.7123 epis: 0.0007 loss: 269.5733 
episode: 725 count: 1000 score: -16.5606 average_last200: 133.5279 epis: 0.0007 loss: 268.5491 
episode: 726 count: 1000 score: -82.4672 average_last200: 131.8335 epis: 0.0007 loss: 241.8775 
episode: 727 count: 1000 score: -112.2349 average_last200: 130.4386 epis: 0.0007 loss: 253.1978 
episode: 728 count: 1000 score: -84.7391 average_last200: 128.9664 epis: 0.0007 loss: 241.0511 
episode: 729 count: 1000 score: -73.2111 average_last200: 127.4879 epis: 0.0007 loss: 250.9071 
episode: 730 count: 1000 score: -106.4710 average_last200: 125.7621 epis: 0.0006 loss: 243.9096 
episode: 731 count: 1000 score: -56.1408 average_last200: 124.4605 epis: 0.0006 loss: 227.4272 
episode: 732 count: 1000 score: -73.7581 average_last200: 123.1028 epis: 0.0006 loss: 229.4636 
episode: 733 count: 75 score: -726.1533 average_last200: 118.4887 epis: 0.0006 loss: 16.0965 
episode: 734 count: 68 score: -717.0565 average_last200: 113.8077 epis: 0.0006 loss: 16.0260 
episode: 735 count: 1000 score: -101.8901 average_last200: 112.4021 epis: 0.0006 loss: 233.7482 
episode: 736 count: 1000 score: -85.8144 average_last200: 110.9197 epis: 0.0006 loss: 233.4311 
episode: 737 count: 294 score: -130.1984 average_last200: 109.3095 epis: 0.0006 loss: 64.7001 
episode: 738 count: 1000 score: -118.3680 average_last200: 107.7024 epis: 0.0006 loss: 218.9216 
episode: 739 count: 1000 score: -84.8343 average_last200: 106.4454 epis: 0.0006 loss: 222.3797 
episode: 740 count: 1000 score: -58.6007 average_last200: 105.2009 epis: 0.0006 loss: 221.6758 
episode: 741 count: 1000 score: -83.7035 average_last200: 103.8394 epis: 0.0006 loss: 206.8489 
episode: 742 count: 597 score: 184.2825 average_last200: 103.6131 epis: 0.0006 loss: 132.9906 
episode: 743 count: 1000 score: -132.2988 average_last200: 101.6869 epis: 0.0006 loss: 211.2598 
episode: 744 count: 307 score: -131.8451 average_last200: 100.7235 epis: 0.0006 loss: 69.1220 
episode: 745 count: 1000 score: -57.7825 average_last200: 99.1670 epis: 0.0006 loss: 209.0049 
episode: 746 count: 278 score: -49.7517 average_last200: 97.7349 epis: 0.0005 loss: 56.7748 
episode: 747 count: 1000 score: -31.7939 average_last200: 97.1660 epis: 0.0005 loss: 215.8273 
episode: 748 count: 326 score: -94.3249 average_last200: 96.3301 epis: 0.0005 loss: 71.1682 
episode: 749 count: 1000 score: -32.5932 average_last200: 95.4971 epis: 0.0005 loss: 206.6243 
episode: 750 count: 1000 score: -32.0409 average_last200: 94.4618 epis: 0.0005 loss: 216.6467 
episode: 751 count: 589 score: 75.6800 average_last200: 93.7072 epis: 0.0005 loss: 120.0694 
episode: 752 count: 534 score: -308.4853 average_last200: 92.2374 epis: 0.0005 loss: 109.2716 
episode: 753 count: 1000 score: -60.7860 average_last200: 91.0295 epis: 0.0005 loss: 212.9458 
episode: 754 count: 1000 score: -27.0559 average_last200: 89.6909 epis: 0.0005 loss: 210.0978 
episode: 755 count: 1000 score: -88.9539 average_last200: 87.9740 epis: 0.0005 loss: 204.2948 
episode: 756 count: 1000 score: -33.3761 average_last200: 86.7360 epis: 0.0005 loss: 213.9203 
episode: 757 count: 1000 score: -55.8708 average_last200: 85.1576 epis: 0.0005 loss: 207.1683 
episode: 758 count: 1000 score: -18.0840 average_last200: 83.8711 epis: 0.0005 loss: 204.2477 
episode: 759 count: 1000 score: -30.2610 average_last200: 82.5616 epis: 0.0005 loss: 211.1006 
episode: 760 count: 1000 score: -25.3671 average_last200: 81.6709 epis: 0.0005 loss: 198.4792 
episode: 761 count: 1000 score: -84.0730 average_last200: 79.8949 epis: 0.0005 loss: 199.2534 
episode: 762 count: 1000 score: -15.4233 average_last200: 78.6346 epis: 0.0005 loss: 194.4435 
episode: 763 count: 1000 score: -51.6519 average_last200: 78.0761 epis: 0.0005 loss: 189.6407 
episode: 764 count: 1000 score: -48.6035 average_last200: 76.6678 epis: 0.0005 loss: 200.1674 
episode: 765 count: 1000 score: -36.7539 average_last200: 75.4577 epis: 0.0005 loss: 192.5550 
episode: 766 count: 1000 score: -85.4974 average_last200: 74.3468 epis: 0.0004 loss: 200.2231 
episode: 767 count: 1000 score: -23.6318 average_last200: 73.0259 epis: 0.0004 loss: 197.1892 
episode: 768 count: 1000 score: -35.4180 average_last200: 71.7559 epis: 0.0004 loss: 191.3879 
episode: 769 count: 1000 score: -48.4837 average_last200: 70.6555 epis: 0.0004 loss: 192.2699 
episode: 770 count: 1000 score: -46.2645 average_last200: 69.1726 epis: 0.0004 loss: 188.8292 
episode: 771 count: 1000 score: -42.6280 average_last200: 67.7787 epis: 0.0004 loss: 185.2571 
episode: 772 count: 1000 score: -17.9233 average_last200: 67.8986 epis: 0.0004 loss: 208.6528 
episode: 773 count: 1000 score: -42.7353 average_last200: 66.2806 epis: 0.0004 loss: 192.5109 
episode: 774 count: 1000 score: -33.4524 average_last200: 65.0668 epis: 0.0004 loss: 190.1850 
episode: 775 count: 1000 score: -35.7595 average_last200: 63.8054 epis: 0.0004 loss: 182.6377 
episode: 776 count: 661 score: 183.8839 average_last200: 63.4057 epis: 0.0004 loss: 122.1498 
episode: 777 count: 1000 score: -40.7029 average_last200: 62.0983 epis: 0.0004 loss: 181.5151 
episode: 778 count: 1000 score: -13.8995 average_last200: 62.2238 epis: 0.0004 loss: 196.5098 
episode: 779 count: 1000 score: -74.4455 average_last200: 60.8194 epis: 0.0004 loss: 176.6471 
episode: 780 count: 1000 score: 8.7390 average_last200: 59.7803 epis: 0.0004 loss: 195.6409 
episode: 781 count: 1000 score: -74.0757 average_last200: 58.2776 epis: 0.0004 loss: 188.9382 
episode: 782 count: 1000 score: -20.6283 average_last200: 57.0026 epis: 0.0004 loss: 191.5912 
episode: 783 count: 1000 score: -81.9177 average_last200: 55.3446 epis: 0.0004 loss: 185.5154 
episode: 784 count: 1000 score: 45.6490 average_last200: 55.5630 epis: 0.0004 loss: 190.5029 
episode: 785 count: 1000 score: -18.9520 average_last200: 54.3266 epis: 0.0004 loss: 197.6171 
episode: 786 count: 692 score: 135.9113 average_last200: 53.6775 epis: 0.0004 loss: 147.8870 
episode: 787 count: 542 score: 236.6414 average_last200: 53.9086 epis: 0.0004 loss: 105.8006 
episode: 788 count: 1000 score: -61.9404 average_last200: 52.3190 epis: 0.0004 loss: 197.6574 
episode: 789 count: 1000 score: -33.4273 average_last200: 51.2029 epis: 0.0004 loss: 200.3753 
episode: 790 count: 574 score: 169.4785 average_last200: 50.6443 epis: 0.0004 loss: 108.4541 
episode: 791 count: 942 score: 165.4850 average_last200: 50.3012 epis: 0.0003 loss: 184.0681 
episode: 792 count: 626 score: 154.6507 average_last200: 49.9271 epis: 0.0003 loss: 114.2332 
episode: 793 count: 1000 score: 14.4138 average_last200: 48.8389 epis: 0.0003 loss: 187.4642 
episode: 794 count: 539 score: 198.6321 average_last200: 48.8293 epis: 0.0003 loss: 106.4203 
episode: 795 count: 648 score: 190.6470 average_last200: 48.7704 epis: 0.0003 loss: 119.6263 
episode: 796 count: 346 score: 168.7977 average_last200: 48.4137 epis: 0.0003 loss: 65.4671 
episode: 797 count: 479 score: 198.5990 average_last200: 48.1162 epis: 0.0003 loss: 85.0817 
episode: 798 count: 474 score: 205.9434 average_last200: 48.0649 epis: 0.0003 loss: 90.7782 
episode: 799 count: 326 score: 216.0988 average_last200: 47.9194 epis: 0.0003 loss: 60.7889 
episode: 800 count: 248 score: 178.7115 average_last200: 47.7648 epis: 0.0003 loss: 45.2594 
episode: 801 count: 350 score: 191.6514 average_last200: 48.2121 epis: 0.0003 loss: 65.1885 
episode: 802 count: 251 score: 216.2229 average_last200: 48.1719 epis: 0.0003 loss: 44.0884 
episode: 803 count: 217 score: 246.5812 average_last200: 48.3026 epis: 0.0003 loss: 40.3781 
episode: 804 count: 508 score: 212.8590 average_last200: 48.2935 epis: 0.0003 loss: 101.2511 
episode: 805 count: 500 score: 187.1060 average_last200: 49.1938 epis: 0.0003 loss: 90.3376 
episode: 806 count: 986 score: 114.6907 average_last200: 48.8275 epis: 0.0003 loss: 176.6036 
episode: 807 count: 423 score: 228.7964 average_last200: 50.0814 epis: 0.0003 loss: 71.9270 
episode: 808 count: 350 score: 226.9890 average_last200: 51.3533 epis: 0.0003 loss: 65.6243 
episode: 809 count: 403 score: 208.8481 average_last200: 51.3414 epis: 0.0003 loss: 69.2579 
episode: 810 count: 463 score: 209.6837 average_last200: 51.2341 epis: 0.0003 loss: 89.9439 
episode: 811 count: 745 score: 173.8902 average_last200: 51.0294 epis: 0.0003 loss: 124.9257 
episode: 812 count: 245 score: 228.1710 average_last200: 50.9165 epis: 0.0003 loss: 42.1883 
episode: 813 count: 625 score: 174.4040 average_last200: 50.7636 epis: 0.0003 loss: 115.6118 
episode: 814 count: 238 score: 247.8977 average_last200: 50.6919 epis: 0.0003 loss: 46.2638 
episode: 815 count: 257 score: -41.7216 average_last200: 49.2643 epis: 0.0003 loss: 54.7623 
episode: 816 count: 332 score: 207.9381 average_last200: 49.1440 epis: 0.0003 loss: 56.0149 
episode: 817 count: 323 score: 212.1849 average_last200: 49.0553 epis: 0.0003 loss: 61.3746 
episode: 818 count: 231 score: -21.5533 average_last200: 47.8122 epis: 0.0003 loss: 44.0816 
episode: 819 count: 226 score: 229.6741 average_last200: 47.6439 epis: 0.0003 loss: 39.2719 
episode: 820 count: 392 score: 205.8230 average_last200: 48.7041 epis: 0.0003 loss: 70.2910 
episode: 821 count: 244 score: 253.3912 average_last200: 48.8852 epis: 0.0003 loss: 41.9290 
episode: 822 count: 729 score: 206.5209 average_last200: 48.5877 epis: 0.0003 loss: 129.8764 
episode: 823 count: 1000 score: 63.4143 average_last200: 49.1009 epis: 0.0003 loss: 181.8595 
episode: 824 count: 849 score: 224.0305 average_last200: 49.0934 epis: 0.0003 loss: 151.9987 
episode: 825 count: 310 score: 219.0944 average_last200: 48.8745 epis: 0.0002 loss: 64.6456 
episode: 826 count: 436 score: 208.3687 average_last200: 48.8985 epis: 0.0002 loss: 77.5982 
episode: 827 count: 433 score: 201.8145 average_last200: 49.8717 epis: 0.0002 loss: 81.2642 
episode: 828 count: 260 score: 200.2020 average_last200: 49.7958 epis: 0.0002 loss: 49.7234 
episode: 829 count: 292 score: 220.5357 average_last200: 49.6732 epis: 0.0002 loss: 52.9923 
episode: 830 count: 299 score: 230.8116 average_last200: 49.7839 epis: 0.0002 loss: 50.6066 
episode: 831 count: 1000 score: 120.7955 average_last200: 49.3222 epis: 0.0002 loss: 189.2887 
episode: 832 count: 207 score: -1.3530 average_last200: 49.6378 epis: 0.0002 loss: 37.3568 
episode: 833 count: 685 score: 202.1544 average_last200: 49.5612 epis: 0.0002 loss: 120.8169 
episode: 834 count: 211 score: 231.8242 average_last200: 49.5486 epis: 0.0002 loss: 35.6905 
episode: 835 count: 253 score: 229.1575 average_last200: 49.6457 epis: 0.0002 loss: 44.9449 
episode: 836 count: 529 score: 196.6895 average_last200: 50.7639 epis: 0.0002 loss: 91.7177 
episode: 837 count: 285 score: 227.9324 average_last200: 50.6399 epis: 0.0002 loss: 48.7686 
episode: 838 count: 326 score: 247.6299 average_last200: 50.8869 epis: 0.0002 loss: 59.8413 
episode: 839 count: 255 score: 221.0301 average_last200: 50.8421 epis: 0.0002 loss: 44.8778 
episode: 840 count: 1000 score: 114.5318 average_last200: 51.5537 epis: 0.0002 loss: 182.8419 
episode: 841 count: 274 score: 230.1229 average_last200: 52.6806 epis: 0.0002 loss: 47.4611 
episode: 842 count: 281 score: 190.6711 average_last200: 53.2280 epis: 0.0002 loss: 44.1144 
episode: 843 count: 320 score: 216.0851 average_last200: 53.3997 epis: 0.0002 loss: 57.2547 
episode: 844 count: 698 score: 195.1628 average_last200: 54.3822 epis: 0.0002 loss: 116.5006 
episode: 845 count: 251 score: 207.6463 average_last200: 54.4883 epis: 0.0002 loss: 43.1798 
episode: 846 count: 215 score: 211.4860 average_last200: 54.3175 epis: 0.0002 loss: 35.7970 
episode: 847 count: 491 score: 228.4397 average_last200: 54.3800 epis: 0.0002 loss: 80.6830 
episode: 848 count: 488 score: 217.1271 average_last200: 55.6603 epis: 0.0002 loss: 85.1876 
episode: 849 count: 388 score: 234.2487 average_last200: 55.6579 epis: 0.0002 loss: 63.3612 
episode: 850 count: 252 score: 228.8812 average_last200: 55.7035 epis: 0.0002 loss: 44.2179 
episode: 851 count: 312 score: 216.2588 average_last200: 56.9266 epis: 0.0002 loss: 52.1832 
episode: 852 count: 274 score: 230.6582 average_last200: 56.9907 epis: 0.0002 loss: 43.3618 
episode: 853 count: 303 score: 254.6528 average_last200: 58.6466 epis: 0.0002 loss: 49.2628 
episode: 854 count: 300 score: 251.0154 average_last200: 60.1439 epis: 0.0002 loss: 49.9192 
episode: 855 count: 285 score: 263.4295 average_last200: 63.8036 epis: 0.0002 loss: 47.4487 
episode: 856 count: 329 score: 227.2201 average_last200: 64.0316 epis: 0.0002 loss: 56.1444 
episode: 857 count: 199 score: 176.2508 average_last200: 64.0459 epis: 0.0002 loss: 33.8042 
episode: 858 count: 469 score: 219.4032 average_last200: 66.1036 epis: 0.0002 loss: 78.4426 
episode: 859 count: 336 score: 210.2179 average_last200: 66.2564 epis: 0.0002 loss: 58.3939 
episode: 860 count: 213 score: 212.7693 average_last200: 66.1755 epis: 0.0002 loss: 35.8556 
episode: 861 count: 662 score: 204.3943 average_last200: 66.2820 epis: 0.0002 loss: 107.3180 
episode: 862 count: 288 score: 204.2671 average_last200: 67.4499 epis: 0.0002 loss: 48.8655 
episode: 863 count: 206 score: -55.6572 average_last200: 66.4174 epis: 0.0002 loss: 35.2086 
episode: 864 count: 216 score: 248.8628 average_last200: 67.8051 epis: 0.0002 loss: 35.9851 
episode: 865 count: 426 score: 190.1445 average_last200: 67.9840 epis: 0.0002 loss: 71.6395 
episode: 866 count: 434 score: 227.1971 average_last200: 68.9315 epis: 0.0002 loss: 69.3240 
episode: 867 count: 253 score: 212.0110 average_last200: 69.2759 epis: 0.0002 loss: 41.8352 
episode: 868 count: 332 score: 230.4836 average_last200: 70.9653 epis: 0.0002 loss: 56.5971 
episode: 869 count: 262 score: 196.3446 average_last200: 71.2514 epis: 0.0002 loss: 46.2245 
episode: 870 count: 400 score: 213.2097 average_last200: 71.4866 epis: 0.0002 loss: 71.2612 
episode: 871 count: 273 score: 215.5323 average_last200: 72.0473 epis: 0.0002 loss: 43.5202 
episode: 872 count: 520 score: 162.2929 average_last200: 71.8176 epis: 0.0002 loss: 89.4203 
episode: 873 count: 303 score: 199.3884 average_last200: 73.6113 epis: 0.0002 loss: 54.9124 
episode: 874 count: 304 score: 250.8631 average_last200: 76.6528 epis: 0.0002 loss: 52.4956 
episode: 875 count: 324 score: 208.5011 average_last200: 79.7411 epis: 0.0002 loss: 50.8404 
episode: 876 count: 264 score: 212.3407 average_last200: 81.9822 epis: 0.0001 loss: 46.3053 
episode: 877 count: 485 score: 188.9312 average_last200: 82.0787 epis: 0.0001 loss: 84.8033 
episode: 878 count: 379 score: 197.9738 average_last200: 84.0884 epis: 0.0001 loss: 64.8002 
episode: 879 count: 312 score: -426.8899 average_last200: 83.3702 epis: 0.0001 loss: 49.9996 
episode: 880 count: 405 score: 206.2093 average_last200: 83.4024 epis: 0.0001 loss: 67.5103 
episode: 881 count: 454 score: 204.5953 average_last200: 84.5027 epis: 0.0001 loss: 73.5747 
episode: 882 count: 407 score: 196.6738 average_last200: 86.3440 epis: 0.0001 loss: 63.9681 
episode: 883 count: 266 score: 226.9981 average_last200: 87.0340 epis: 0.0001 loss: 45.4461 
episode: 884 count: 270 score: 236.9498 average_last200: 87.4415 epis: 0.0001 loss: 45.2614 
episode: 885 count: 317 score: 194.7051 average_last200: 87.5627 epis: 0.0001 loss: 57.4762 
episode: 886 count: 308 score: 174.4388 average_last200: 87.2954 epis: 0.0001 loss: 52.3779 
episode: 887 count: 554 score: 189.7879 average_last200: 87.9897 epis: 0.0001 loss: 90.9138 
episode: 888 count: 425 score: 202.3457 average_last200: 90.2142 epis: 0.0001 loss: 70.7677 
episode: 889 count: 320 score: 240.8142 average_last200: 91.7435 epis: 0.0001 loss: 53.3013 
episode: 890 count: 425 score: 195.2969 average_last200: 94.7462 epis: 0.0001 loss: 65.9369 
episode: 891 count: 234 score: 208.9173 average_last200: 94.9443 epis: 0.0001 loss: 40.3914 
episode: 892 count: 505 score: 231.2806 average_last200: 97.9970 epis: 0.0001 loss: 82.9501 
episode: 893 count: 205 score: 230.3071 average_last200: 97.9347 epis: 0.0001 loss: 31.0651 
episode: 894 count: 570 score: 172.5998 average_last200: 98.0262 epis: 0.0001 loss: 91.7373 
episode: 895 count: 281 score: 238.2839 average_last200: 98.2308 epis: 0.0001 loss: 44.9219 
episode: 896 count: 578 score: 174.1454 average_last200: 97.8684 epis: 0.0001 loss: 89.6265 
episode: 897 count: 302 score: 201.1956 average_last200: 97.5699 epis: 0.0001 loss: 54.1010 
episode: 898 count: 355 score: 185.5506 average_last200: 98.7128 epis: 0.0001 loss: 60.2862 
episode: 899 count: 982 score: 172.6084 average_last200: 98.7936 epis: 0.0001 loss: 157.6187 
episode: 900 count: 523 score: 205.4285 average_last200: 98.9661 epis: 0.0001 loss: 83.1061 
episode: 901 count: 1000 score: 94.8944 average_last200: 98.3276 epis: 0.0001 loss: 161.8187 
episode: 902 count: 311 score: 204.9253 average_last200: 98.4117 epis: 0.0001 loss: 46.3695 
episode: 903 count: 322 score: 261.6970 average_last200: 98.6517 epis: 0.0001 loss: 54.5331 
episode: 904 count: 396 score: 209.7350 average_last200: 99.9036 epis: 0.0001 loss: 60.5377 
episode: 905 count: 335 score: 222.2868 average_last200: 100.0450 epis: 0.0001 loss: 52.0845 
episode: 906 count: 367 score: 189.6529 average_last200: 99.8957 epis: 0.0001 loss: 59.8769 
episode: 907 count: 760 score: 209.1809 average_last200: 99.9163 epis: 0.0001 loss: 122.1078 
episode: 908 count: 575 score: 212.6133 average_last200: 99.7903 epis: 0.0001 loss: 91.0410 
episode: 909 count: 517 score: 153.3974 average_last200: 99.6348 epis: 0.0001 loss: 91.0995 
episode: 910 count: 630 score: 151.0102 average_last200: 99.5588 epis: 0.0001 loss: 100.4382 
episode: 911 count: 142 score: -63.0285 average_last200: 98.2318 epis: 0.0001 loss: 22.8562 
episode: 912 count: 316 score: 215.5237 average_last200: 98.3764 epis: 0.0001 loss: 50.7864 
episode: 913 count: 420 score: 142.0578 average_last200: 97.9646 epis: 0.0001 loss: 64.7916 
episode: 914 count: 452 score: 144.2620 average_last200: 97.7256 epis: 0.0001 loss: 69.7020 
episode: 915 count: 464 score: 144.1639 average_last200: 97.3062 epis: 0.0001 loss: 75.9492 
episode: 916 count: 1000 score: 33.4689 average_last200: 96.5748 epis: 0.0001 loss: 160.2676 
episode: 917 count: 1000 score: -9.4273 average_last200: 95.6827 epis: 0.0001 loss: 163.0442 
episode: 918 count: 808 score: 140.9588 average_last200: 96.6412 epis: 0.0001 loss: 124.9864 
episode: 919 count: 403 score: 163.5983 average_last200: 97.6308 epis: 0.0001 loss: 59.2566 
episode: 920 count: 57 score: -160.4901 average_last200: 97.2210 epis: 0.0001 loss: 8.8942 
episode: 921 count: 84 score: -123.4113 average_last200: 96.9343 epis: 0.0001 loss: 14.6898 
episode: 922 count: 592 score: 152.6877 average_last200: 97.9347 epis: 0.0001 loss: 92.9999 
episode: 923 count: 1000 score: -72.4311 average_last200: 97.9529 epis: 0.0001 loss: 162.5354 
episode: 924 count: 154 score: -3.1545 average_last200: 98.1252 epis: 0.0001 loss: 25.9276 
episode: 925 count: 215 score: -67.7770 average_last200: 97.8691 epis: 0.0001 loss: 32.9396 
episode: 926 count: 1000 score: -155.7057 average_last200: 97.5029 epis: 0.0001 loss: 162.6425 
episode: 927 count: 1000 score: -87.6182 average_last200: 97.6260 epis: 0.0001 loss: 161.2496 
episode: 928 count: 327 score: 159.5024 average_last200: 98.8472 epis: 0.0001 loss: 53.5073 
episode: 929 count: 61 score: -59.9100 average_last200: 98.9137 epis: 0.0001 loss: 9.0314 
episode: 930 count: 1000 score: -76.2307 average_last200: 99.0649 epis: 0.0001 loss: 150.5735 
episode: 931 count: 184 score: -52.1597 average_last200: 99.0848 epis: 0.0001 loss: 30.3644 
episode: 932 count: 77 score: -23.1881 average_last200: 99.3377 epis: 0.0001 loss: 12.5121 
episode: 933 count: 566 score: -223.6380 average_last200: 101.8502 epis: 0.0001 loss: 97.4820 
episode: 934 count: 869 score: 150.8642 average_last200: 106.1898 epis: 0.0001 loss: 139.3333 
episode: 935 count: 72 score: -34.2029 average_last200: 106.5283 epis: 0.0001 loss: 11.8212 
episode: 936 count: 1000 score: -25.5666 average_last200: 106.8295 epis: 0.0001 loss: 150.7061 
episode: 937 count: 455 score: 190.6960 average_last200: 108.4340 epis: 0.0001 loss: 71.5924 
episode: 938 count: 1000 score: -100.2749 average_last200: 108.5245 epis: 0.0001 loss: 166.2776 
episode: 939 count: 1000 score: -21.7746 average_last200: 108.8398 epis: 0.0001 loss: 153.9293 
episode: 940 count: 1000 score: -99.0859 average_last200: 108.6373 epis: 0.0001 loss: 169.3742 
episode: 941 count: 185 score: 204.4058 average_last200: 110.0779 epis: 0.0001 loss: 34.4661 
episode: 942 count: 1000 score: -43.9136 average_last200: 108.9369 epis: 0.0001 loss: 174.9383 
episode: 943 count: 1000 score: -87.6950 average_last200: 109.1599 epis: 0.0001 loss: 164.4296 
episode: 944 count: 254 score: 197.9435 average_last200: 110.8089 epis: 0.0001 loss: 38.7081 
episode: 945 count: 154 score: -21.6610 average_last200: 110.9895 epis: 0.0001 loss: 23.1335 
episode: 946 count: 164 score: -47.0790 average_last200: 111.0028 epis: 0.0001 loss: 24.5852 
episode: 947 count: 253 score: 201.7655 average_last200: 112.1706 epis: 0.0001 loss: 36.2960 
episode: 948 count: 252 score: -54.5929 average_last200: 112.3693 epis: 0.0001 loss: 36.5521 
episode: 949 count: 147 score: -27.3511 average_last200: 112.3955 epis: 0.0001 loss: 25.5514 
episode: 950 count: 198 score: 206.1910 average_last200: 113.5867 epis: 0.0001 loss: 31.8237 
episode: 951 count: 627 score: 127.9864 average_last200: 113.8482 epis: 0.0001 loss: 98.4731 
episode: 952 count: 167 score: -29.5332 average_last200: 115.2429 epis: 0.0001 loss: 23.1754 
episode: 953 count: 196 score: 191.5620 average_last200: 116.5047 epis: 0.0001 loss: 32.8713 
episode: 954 count: 707 score: -130.7968 average_last200: 115.9860 epis: 0.0001 loss: 118.6026 
episode: 955 count: 489 score: 169.1052 average_last200: 117.2763 epis: 0.0001 loss: 79.0874 
episode: 956 count: 172 score: -31.8537 average_last200: 117.2839 epis: 0.0001 loss: 25.2074 
episode: 957 count: 137 score: -24.9481 average_last200: 117.4385 epis: 0.0001 loss: 22.8943 
episode: 958 count: 1000 score: -110.8993 average_last200: 116.9744 epis: 0.0001 loss: 164.1437 
episode: 959 count: 182 score: -16.5256 average_last200: 117.0431 epis: 0.0001 loss: 26.3210 
episode: 960 count: 178 score: -53.3726 average_last200: 116.9031 epis: 0.0001 loss: 26.2375 
episode: 961 count: 117 score: -45.9925 average_last200: 117.0935 epis: 0.0001 loss: 18.8316 
episode: 962 count: 152 score: -25.1465 average_last200: 117.0449 epis: 0.0001 loss: 27.3158 
episode: 963 count: 92 score: -30.9523 average_last200: 117.1484 epis: 0.0001 loss: 16.4133 
episode: 964 count: 646 score: 179.5779 average_last200: 118.2893 epis: 0.0001 loss: 106.6999 
episode: 965 count: 1000 score: -76.8405 average_last200: 118.0888 epis: 0.0001 loss: 163.2087 
episode: 966 count: 1000 score: 50.5912 average_last200: 118.7693 epis: 0.0001 loss: 160.5123 
episode: 967 count: 183 score: 12.2941 average_last200: 118.9489 epis: 0.0001 loss: 31.2379 
episode: 968 count: 96 score: -15.7015 average_last200: 119.0475 epis: 0.0001 loss: 12.8256 
episode: 969 count: 1000 score: -129.1601 average_last200: 118.6441 epis: 0.0001 loss: 155.6569 
episode: 970 count: 98 score: -66.9410 average_last200: 118.5407 epis: 0.0001 loss: 14.7175 
episode: 971 count: 226 score: 222.3601 average_last200: 119.8657 epis: 0.0001 loss: 38.6944 
episode: 972 count: 998 score: 157.3563 average_last200: 120.7421 epis: 0.0001 loss: 158.7558 
episode: 973 count: 243 score: 204.5208 average_last200: 121.9783 epis: 0.0001 loss: 35.0222 
episode: 974 count: 331 score: 186.9634 average_last200: 123.0804 epis: 0.0001 loss: 49.4152 
episode: 975 count: 655 score: 210.5635 average_last200: 124.3120 epis: 0.0001 loss: 103.4305 
episode: 976 count: 879 score: 85.0316 average_last200: 123.8178 epis: 0.0001 loss: 146.7903 
episode: 977 count: 1000 score: 23.7830 average_last200: 124.1402 epis: 0.0001 loss: 160.8722 
episode: 978 count: 289 score: 220.8756 average_last200: 125.3141 epis: 0.0001 loss: 48.8153 
episode: 979 count: 527 score: 158.6502 average_last200: 126.4796 epis: 0.0001 loss: 89.9431 
episode: 980 count: 370 score: 174.7703 average_last200: 127.3097 epis: 0.0001 loss: 54.3076 
episode: 981 count: 192 score: 213.6367 average_last200: 128.7483 epis: 0.0001 loss: 32.7532 
episode: 982 count: 164 score: -25.2305 average_last200: 128.7253 epis: 0.0001 loss: 27.1089 
episode: 983 count: 523 score: 164.7961 average_last200: 129.9588 epis: 0.0001 loss: 80.0620 
episode: 984 count: 327 score: 203.9151 average_last200: 130.7502 epis: 0.0001 loss: 58.5700 
episode: 985 count: 245 score: 224.7949 average_last200: 131.9689 epis: 0.0000 loss: 39.4392 
episode: 986 count: 110 score: -31.9890 average_last200: 131.1294 epis: 0.0000 loss: 18.4241 
episode: 987 count: 96 score: -51.8357 average_last200: 129.6870 epis: 0.0000 loss: 15.6796 
episode: 988 count: 445 score: 166.1480 average_last200: 130.8275 epis: 0.0000 loss: 77.2143 
episode: 989 count: 293 score: -46.6554 average_last200: 130.7613 epis: 0.0000 loss: 44.0006 
episode: 990 count: 174 score: -44.9894 average_last200: 129.6890 epis: 0.0000 loss: 32.6959 
episode: 991 count: 310 score: -33.7990 average_last200: 128.6926 epis: 0.0000 loss: 50.4513 
episode: 992 count: 556 score: 243.9060 average_last200: 129.1388 epis: 0.0000 loss: 89.9378 
episode: 993 count: 270 score: 241.0276 average_last200: 130.2719 epis: 0.0000 loss: 40.9015 
episode: 994 count: 1000 score: 104.6607 average_last200: 129.8020 epis: 0.0000 loss: 154.7346 
episode: 995 count: 1000 score: 120.7043 average_last200: 129.4523 epis: 0.0000 loss: 164.5983 
episode: 996 count: 758 score: 221.9937 average_last200: 129.7183 epis: 0.0000 loss: 127.0116 
episode: 997 count: 409 score: 189.7249 average_last200: 129.6739 epis: 0.0000 loss: 68.4986 
episode: 998 count: 246 score: -55.1163 average_last200: 128.3686 epis: 0.0000 loss: 39.6354 
episode: 999 count: 396 score: 204.1826 average_last200: 128.3091 epis: 0.0000 loss: 62.9220 
