[33mWARN: gym.spaces.Box autodetected dtype as <class 'numpy.float32'>. Please provide explicit dtype.[0m
All para: Epis 1000 memlen 40000 gamma 0.990 epsilon 0.990 alpha 0.00050 batch 75 upfreq 500
episode: 0 count: 103 score: -201.7553 average_last200: -201.7553 epis: 0.9900 loss: 0.0000 
episode: 1 count: 84 score: -166.6921 average_last200: -184.2237 epis: 0.9801 loss: 0.0000 
episode: 2 count: 127 score: -140.9426 average_last200: -169.7967 epis: 0.9703 loss: 0.0000 
episode: 3 count: 98 score: -151.9605 average_last200: -165.3376 epis: 0.9606 loss: 0.0000 
episode: 4 count: 71 score: -305.0290 average_last200: -193.2759 epis: 0.9510 loss: 0.0000 
episode: 5 count: 124 score: -219.4452 average_last200: -197.6374 epis: 0.9415 loss: 0.0000 
episode: 6 count: 136 score: -149.6131 average_last200: -190.7768 epis: 0.9321 loss: 0.0000 
episode: 7 count: 105 score: -416.8472 average_last200: -219.0356 epis: 0.9227 loss: 0.0000 
episode: 8 count: 88 score: -384.5283 average_last200: -237.4237 epis: 0.9135 loss: 0.0000 
episode: 9 count: 101 score: -324.3420 average_last200: -246.1155 epis: 0.9044 loss: 19.9724 
episode: 10 count: 87 score: -152.1871 average_last200: -237.5766 epis: 0.8953 loss: 43.5328 
episode: 11 count: 150 score: -139.1667 average_last200: -229.3758 epis: 0.8864 loss: 63.6021 
episode: 12 count: 109 score: -329.7468 average_last200: -237.0966 epis: 0.8775 loss: 40.5106 
episode: 13 count: 127 score: -386.6078 average_last200: -247.7760 epis: 0.8687 loss: 54.8179 
episode: 14 count: 126 score: -159.4950 average_last200: -241.8906 epis: 0.8601 loss: 47.4753 
episode: 15 count: 112 score: -204.1495 average_last200: -239.5318 epis: 0.8515 loss: 33.5632 
episode: 16 count: 116 score: -212.5594 average_last200: -237.9451 epis: 0.8429 loss: 36.0281 
episode: 17 count: 125 score: -144.5542 average_last200: -232.7568 epis: 0.8345 loss: 35.2925 
episode: 18 count: 111 score: -111.4983 average_last200: -226.3747 epis: 0.8262 loss: 37.9243 
episode: 19 count: 67 score: -127.8502 average_last200: -221.4485 epis: 0.8179 loss: 21.9109 
episode: 20 count: 86 score: -137.7727 average_last200: -217.4639 epis: 0.8097 loss: 24.2309 
episode: 21 count: 106 score: -98.4805 average_last200: -212.0556 epis: 0.8016 loss: 31.8056 
episode: 22 count: 97 score: -309.5575 average_last200: -216.2948 epis: 0.7936 loss: 25.6969 
episode: 23 count: 127 score: -360.2472 average_last200: -222.2928 epis: 0.7857 loss: 36.8215 
episode: 24 count: 105 score: -153.4760 average_last200: -219.5402 epis: 0.7778 loss: 24.0837 
episode: 25 count: 115 score: -271.9037 average_last200: -221.5541 epis: 0.7700 loss: 28.5025 
episode: 26 count: 107 score: -185.5074 average_last200: -220.2191 epis: 0.7623 loss: 25.4599 
episode: 27 count: 123 score: -116.1752 average_last200: -216.5032 epis: 0.7547 loss: 38.1947 
episode: 28 count: 104 score: -157.8203 average_last200: -214.4797 epis: 0.7472 loss: 29.8114 
episode: 29 count: 122 score: -158.1591 average_last200: -212.6023 epis: 0.7397 loss: 29.3918 
episode: 30 count: 106 score: -236.2719 average_last200: -213.3659 epis: 0.7323 loss: 31.4392 
episode: 31 count: 159 score: -188.0088 average_last200: -212.5735 epis: 0.7250 loss: 42.1287 
episode: 32 count: 150 score: -263.1005 average_last200: -214.1046 epis: 0.7177 loss: 38.9153 
episode: 33 count: 81 score: -191.5430 average_last200: -213.4410 epis: 0.7106 loss: 20.4239 
episode: 34 count: 153 score: -155.4080 average_last200: -211.7829 epis: 0.7034 loss: 33.0062 
episode: 35 count: 132 score: -167.9564 average_last200: -210.5655 epis: 0.6964 loss: 38.5267 
episode: 36 count: 139 score: -151.2856 average_last200: -208.9634 epis: 0.6894 loss: 38.6902 
episode: 37 count: 123 score: -252.0073 average_last200: -210.0961 epis: 0.6826 loss: 31.2741 
episode: 38 count: 145 score: -97.7027 average_last200: -207.2142 epis: 0.6757 loss: 35.8943 
episode: 39 count: 158 score: -93.3292 average_last200: -204.3671 epis: 0.6690 loss: 39.8270 
episode: 40 count: 112 score: -166.9300 average_last200: -203.4540 epis: 0.6623 loss: 31.0766 
episode: 41 count: 74 score: -138.5970 average_last200: -201.9098 epis: 0.6557 loss: 21.2747 
episode: 42 count: 141 score: -132.5561 average_last200: -200.2969 epis: 0.6491 loss: 27.7723 
episode: 43 count: 147 score: -25.0012 average_last200: -196.3129 epis: 0.6426 loss: 45.8113 
episode: 44 count: 139 score: -294.6550 average_last200: -198.4983 epis: 0.6362 loss: 39.7003 
episode: 45 count: 129 score: -145.8737 average_last200: -197.3543 epis: 0.6298 loss: 34.1912 
episode: 46 count: 102 score: -117.4608 average_last200: -195.6544 epis: 0.6235 loss: 27.6673 
episode: 47 count: 161 score: -86.3370 average_last200: -193.3770 epis: 0.6173 loss: 42.5883 
episode: 48 count: 85 score: -103.3898 average_last200: -191.5405 epis: 0.6111 loss: 22.4683 
episode: 49 count: 1000 score: -78.6542 average_last200: -189.2828 epis: 0.6050 loss: 285.3343 
episode: 50 count: 165 score: -87.1034 average_last200: -187.2792 epis: 0.5990 loss: 47.9519 
episode: 51 count: 240 score: -86.2884 average_last200: -185.3371 epis: 0.5930 loss: 66.6860 
episode: 52 count: 131 score: -90.2187 average_last200: -183.5424 epis: 0.5870 loss: 36.6731 
episode: 53 count: 1000 score: -30.9655 average_last200: -180.7169 epis: 0.5812 loss: 290.9351 
episode: 54 count: 170 score: -77.9587 average_last200: -178.8486 epis: 0.5754 loss: 51.1891 
episode: 55 count: 143 score: -30.4822 average_last200: -176.1992 epis: 0.5696 loss: 40.7339 
episode: 56 count: 275 score: -56.1510 average_last200: -174.0931 epis: 0.5639 loss: 79.8171 
episode: 57 count: 86 score: -95.8189 average_last200: -172.7435 epis: 0.5583 loss: 26.6249 
episode: 58 count: 195 score: -129.1745 average_last200: -172.0051 epis: 0.5527 loss: 57.7589 
episode: 59 count: 117 score: -130.4775 average_last200: -171.3129 epis: 0.5472 loss: 31.0549 
episode: 60 count: 568 score: -316.8174 average_last200: -173.6983 epis: 0.5417 loss: 160.1933 
episode: 61 count: 160 score: -65.8592 average_last200: -171.9589 epis: 0.5363 loss: 46.7300 
episode: 62 count: 241 score: -85.0437 average_last200: -170.5793 epis: 0.5309 loss: 72.0044 
episode: 63 count: 218 score: -78.8671 average_last200: -169.1463 epis: 0.5256 loss: 66.7258 
episode: 64 count: 226 score: -23.6798 average_last200: -166.9084 epis: 0.5203 loss: 70.9882 
episode: 65 count: 240 score: -57.6298 average_last200: -165.2526 epis: 0.5151 loss: 68.2225 
episode: 66 count: 111 score: -82.8127 average_last200: -164.0222 epis: 0.5100 loss: 27.9920 
episode: 67 count: 1000 score: -16.8789 average_last200: -161.8583 epis: 0.5049 loss: 302.4740 
episode: 68 count: 109 score: -109.2739 average_last200: -161.0962 epis: 0.4998 loss: 35.2652 
episode: 69 count: 1000 score: -33.3401 average_last200: -159.2711 epis: 0.4948 loss: 313.7133 
episode: 70 count: 120 score: -29.6582 average_last200: -157.4456 epis: 0.4899 loss: 36.7439 
episode: 71 count: 1000 score: -87.3228 average_last200: -156.4717 epis: 0.4850 loss: 313.4343 
episode: 72 count: 91 score: -66.2609 average_last200: -155.2359 epis: 0.4801 loss: 29.0894 
episode: 73 count: 120 score: -37.0405 average_last200: -153.6387 epis: 0.4753 loss: 40.1545 
episode: 74 count: 225 score: -86.7305 average_last200: -152.7466 epis: 0.4706 loss: 69.0082 
episode: 75 count: 1000 score: -49.7616 average_last200: -151.3915 epis: 0.4659 loss: 316.9003 
episode: 76 count: 142 score: -65.2031 average_last200: -150.2722 epis: 0.4612 loss: 41.3775 
episode: 77 count: 698 score: -182.9534 average_last200: -150.6912 epis: 0.4566 loss: 217.7873 
episode: 78 count: 122 score: -73.4382 average_last200: -149.7133 epis: 0.4520 loss: 39.1634 
episode: 79 count: 136 score: -59.7122 average_last200: -148.5883 epis: 0.4475 loss: 42.9466 
episode: 80 count: 147 score: -14.5573 average_last200: -146.9336 epis: 0.4430 loss: 52.9713 
episode: 81 count: 174 score: -120.0966 average_last200: -146.6063 epis: 0.4386 loss: 58.9941 
episode: 82 count: 806 score: -161.2793 average_last200: -146.7831 epis: 0.4342 loss: 262.0361 
episode: 83 count: 1000 score: -64.7433 average_last200: -145.8064 epis: 0.4299 loss: 323.1718 
episode: 84 count: 129 score: -85.2676 average_last200: -145.0942 epis: 0.4256 loss: 46.4781 
episode: 85 count: 1000 score: -29.6611 average_last200: -143.7519 epis: 0.4213 loss: 324.6780 
episode: 86 count: 913 score: -375.5561 average_last200: -146.4163 epis: 0.4171 loss: 305.9323 
episode: 87 count: 103 score: -112.1389 average_last200: -146.0268 epis: 0.4129 loss: 35.9695 
episode: 88 count: 1000 score: -111.0005 average_last200: -145.6333 epis: 0.4088 loss: 356.5373 
episode: 89 count: 111 score: -91.6772 average_last200: -145.0338 epis: 0.4047 loss: 39.6744 
episode: 90 count: 1000 score: -81.8237 average_last200: -144.3391 epis: 0.4007 loss: 364.5935 
episode: 91 count: 1000 score: -14.7117 average_last200: -142.9302 epis: 0.3967 loss: 353.2915 
episode: 92 count: 110 score: -53.2547 average_last200: -141.9659 epis: 0.3927 loss: 37.3082 
episode: 93 count: 116 score: 7.1929 average_last200: -140.3791 epis: 0.3888 loss: 42.3160 
episode: 94 count: 132 score: -110.4620 average_last200: -140.0642 epis: 0.3849 loss: 52.7490 
episode: 95 count: 476 score: -67.3950 average_last200: -139.3072 epis: 0.3810 loss: 163.2385 
episode: 96 count: 1000 score: -156.9910 average_last200: -139.4895 epis: 0.3772 loss: 341.8941 
episode: 97 count: 109 score: -76.6111 average_last200: -138.8479 epis: 0.3735 loss: 38.0236 
episode: 98 count: 1000 score: 6.6262 average_last200: -137.3785 epis: 0.3697 loss: 339.6892 
episode: 99 count: 111 score: -25.0420 average_last200: -136.2551 epis: 0.3660 loss: 43.0318 
episode: 100 count: 104 score: -22.3390 average_last200: -135.1272 epis: 0.3624 loss: 35.5205 
episode: 101 count: 135 score: -90.3571 average_last200: -134.6883 epis: 0.3587 loss: 48.8028 
episode: 102 count: 1000 score: -19.7610 average_last200: -133.5725 epis: 0.3552 loss: 354.0186 
episode: 103 count: 89 score: -47.4728 average_last200: -132.7446 epis: 0.3516 loss: 35.6480 
episode: 104 count: 225 score: -181.4698 average_last200: -133.2087 epis: 0.3481 loss: 77.6936 
episode: 105 count: 140 score: -110.7542 average_last200: -132.9968 epis: 0.3446 loss: 46.9694 
episode: 106 count: 157 score: -34.1203 average_last200: -132.0728 epis: 0.3412 loss: 57.7418 
episode: 107 count: 319 score: -69.1135 average_last200: -131.4898 epis: 0.3378 loss: 119.9032 
episode: 108 count: 1000 score: -96.8140 average_last200: -131.1717 epis: 0.3344 loss: 361.1654 
episode: 109 count: 1000 score: -9.0507 average_last200: -130.0615 epis: 0.3310 loss: 344.5515 
episode: 110 count: 1000 score: -98.0777 average_last200: -129.7733 epis: 0.3277 loss: 350.8068 
episode: 111 count: 108 score: -67.4310 average_last200: -129.2167 epis: 0.3244 loss: 40.8231 
episode: 112 count: 1000 score: -82.0728 average_last200: -128.7995 epis: 0.3212 loss: 345.8132 
episode: 113 count: 175 score: -42.2325 average_last200: -128.0402 epis: 0.3180 loss: 60.2253 
episode: 114 count: 1000 score: -51.7226 average_last200: -127.3765 epis: 0.3148 loss: 352.1655 
episode: 115 count: 1000 score: -48.6995 average_last200: -126.6983 epis: 0.3117 loss: 331.8826 
episode: 116 count: 163 score: -43.2420 average_last200: -125.9850 epis: 0.3085 loss: 53.7123 
episode: 117 count: 1000 score: -47.1887 average_last200: -125.3172 epis: 0.3055 loss: 337.1756 
episode: 118 count: 1000 score: -30.9557 average_last200: -124.5242 epis: 0.3024 loss: 318.1037 
episode: 119 count: 102 score: -15.6539 average_last200: -123.6170 epis: 0.2994 loss: 32.4589 
episode: 120 count: 145 score: -32.0081 average_last200: -122.8599 epis: 0.2964 loss: 47.5646 
episode: 121 count: 1000 score: -71.8384 average_last200: -122.4417 epis: 0.2934 loss: 308.0825 
episode: 122 count: 671 score: 114.2766 average_last200: -120.5171 epis: 0.2905 loss: 208.8311 
episode: 123 count: 1000 score: -0.9748 average_last200: -119.5531 epis: 0.2876 loss: 317.9936 
episode: 124 count: 116 score: -199.9319 average_last200: -120.1961 epis: 0.2847 loss: 36.6305 
episode: 125 count: 1000 score: -22.4726 average_last200: -119.4205 epis: 0.2819 loss: 316.8892 
episode: 126 count: 171 score: -11.0862 average_last200: -118.5675 epis: 0.2790 loss: 57.0782 
episode: 127 count: 1000 score: -61.0621 average_last200: -118.1183 epis: 0.2763 loss: 321.3763 
episode: 128 count: 1000 score: 21.1417 average_last200: -117.0387 epis: 0.2735 loss: 334.0858 
episode: 129 count: 1000 score: 2.1581 average_last200: -116.1218 epis: 0.2708 loss: 330.8367 
episode: 130 count: 1000 score: -3.1558 average_last200: -115.2595 epis: 0.2680 loss: 319.3578 
episode: 131 count: 96 score: 1.2901 average_last200: -114.3765 epis: 0.2654 loss: 31.0903 
episode: 132 count: 1000 score: -1.6715 average_last200: -113.5291 epis: 0.2627 loss: 328.7148 
episode: 133 count: 554 score: -272.1253 average_last200: -114.7127 epis: 0.2601 loss: 179.4223 
episode: 134 count: 701 score: 134.4253 average_last200: -112.8672 epis: 0.2575 loss: 218.6152 
episode: 135 count: 1000 score: -7.4174 average_last200: -112.0919 epis: 0.2549 loss: 322.0183 
episode: 136 count: 108 score: -237.4858 average_last200: -113.0071 epis: 0.2524 loss: 35.5695 
episode: 137 count: 97 score: -89.5041 average_last200: -112.8368 epis: 0.2498 loss: 30.6146 
episode: 138 count: 1000 score: 79.9593 average_last200: -111.4498 epis: 0.2473 loss: 315.4631 
episode: 139 count: 1000 score: 116.9766 average_last200: -109.8182 epis: 0.2449 loss: 312.4478 
episode: 140 count: 1000 score: 57.0497 average_last200: -108.6347 epis: 0.2424 loss: 300.4215 
episode: 141 count: 1000 score: -12.3506 average_last200: -107.9567 epis: 0.2400 loss: 293.0641 
episode: 142 count: 1000 score: 68.5127 average_last200: -106.7226 epis: 0.2376 loss: 290.7364 
episode: 143 count: 1000 score: 79.4135 average_last200: -105.4300 epis: 0.2352 loss: 288.9912 
episode: 144 count: 1000 score: -89.1349 average_last200: -105.3176 epis: 0.2329 loss: 294.9091 
episode: 145 count: 587 score: 188.2959 average_last200: -103.3066 epis: 0.2305 loss: 169.6426 
episode: 146 count: 594 score: 108.5048 average_last200: -101.8657 epis: 0.2282 loss: 169.2038 
episode: 147 count: 1000 score: 84.0469 average_last200: -100.6095 epis: 0.2259 loss: 289.8890 
episode: 148 count: 463 score: 214.9146 average_last200: -98.4919 epis: 0.2237 loss: 132.9534 
episode: 149 count: 642 score: -103.5440 average_last200: -98.5256 epis: 0.2215 loss: 188.3863 
episode: 150 count: 560 score: 122.8424 average_last200: -97.0596 epis: 0.2192 loss: 167.4139 
episode: 151 count: 1000 score: 77.3029 average_last200: -95.9124 epis: 0.2170 loss: 269.0415 
episode: 152 count: 577 score: 181.3507 average_last200: -94.1003 epis: 0.2149 loss: 161.4303 
episode: 153 count: 915 score: 161.5550 average_last200: -92.4402 epis: 0.2127 loss: 257.4472 
episode: 154 count: 1000 score: -16.1315 average_last200: -91.9479 epis: 0.2106 loss: 281.1161 
episode: 155 count: 556 score: 189.1187 average_last200: -90.1461 epis: 0.2085 loss: 158.1655 
episode: 156 count: 822 score: 136.8519 average_last200: -88.7003 epis: 0.2064 loss: 231.3323 
episode: 157 count: 1000 score: 60.3051 average_last200: -87.7572 epis: 0.2043 loss: 283.2239 
episode: 158 count: 809 score: 164.5919 average_last200: -86.1701 epis: 0.2023 loss: 222.8324 
episode: 159 count: 374 score: -258.1939 average_last200: -87.2453 epis: 0.2003 loss: 102.6738 
episode: 160 count: 1000 score: -40.6058 average_last200: -86.9556 epis: 0.1983 loss: 279.1111 
episode: 161 count: 402 score: 180.7944 average_last200: -85.3028 epis: 0.1963 loss: 108.8311 
episode: 162 count: 775 score: 141.7770 average_last200: -83.9097 epis: 0.1943 loss: 209.9293 
episode: 163 count: 1000 score: 11.6675 average_last200: -83.3269 epis: 0.1924 loss: 277.5048 
episode: 164 count: 740 score: 184.0247 average_last200: -81.7066 epis: 0.1905 loss: 191.5641 
episode: 165 count: 833 score: 166.2243 average_last200: -80.2130 epis: 0.1886 loss: 226.9155 
episode: 166 count: 673 score: 185.1818 average_last200: -78.6238 epis: 0.1867 loss: 185.1264 
episode: 167 count: 1000 score: 7.1053 average_last200: -78.1135 epis: 0.1848 loss: 276.2652 
episode: 168 count: 650 score: 190.0148 average_last200: -76.5270 epis: 0.1830 loss: 175.3190 
episode: 169 count: 1000 score: -76.2350 average_last200: -76.5253 epis: 0.1811 loss: 272.6140 
episode: 170 count: 419 score: 176.1357 average_last200: -75.0477 epis: 0.1793 loss: 110.7256 
episode: 171 count: 663 score: 193.5043 average_last200: -73.4864 epis: 0.1775 loss: 179.7369 
episode: 172 count: 1000 score: 30.1292 average_last200: -72.8874 epis: 0.1757 loss: 273.8056 
episode: 173 count: 318 score: 175.1467 average_last200: -71.4619 epis: 0.1740 loss: 83.6279 
episode: 174 count: 1000 score: 85.2432 average_last200: -70.5665 epis: 0.1722 loss: 264.4849 
episode: 175 count: 431 score: 199.4564 average_last200: -69.0323 epis: 0.1705 loss: 114.7247 
episode: 176 count: 318 score: 177.0403 average_last200: -67.6420 epis: 0.1688 loss: 87.1831 
episode: 177 count: 309 score: 182.3580 average_last200: -66.2375 epis: 0.1671 loss: 76.9108 
episode: 178 count: 531 score: 205.0157 average_last200: -64.7222 epis: 0.1655 loss: 142.2547 
episode: 179 count: 59 score: -97.0106 average_last200: -64.9015 epis: 0.1638 loss: 14.6152 
episode: 180 count: 1000 score: 2.4108 average_last200: -64.5296 epis: 0.1622 loss: 255.4337 
episode: 181 count: 744 score: 206.2735 average_last200: -63.0417 epis: 0.1605 loss: 179.0049 
episode: 182 count: 320 score: 244.6928 average_last200: -61.3601 epis: 0.1589 loss: 84.6579 
episode: 183 count: 332 score: 219.8300 average_last200: -59.8319 epis: 0.1574 loss: 87.8867 
episode: 184 count: 484 score: 188.2513 average_last200: -58.4909 epis: 0.1558 loss: 108.8112 
episode: 185 count: 701 score: 142.2393 average_last200: -57.4117 epis: 0.1542 loss: 170.8067 
episode: 186 count: 1000 score: 96.3518 average_last200: -56.5894 epis: 0.1527 loss: 232.4146 
episode: 187 count: 1000 score: -22.4512 average_last200: -56.4079 epis: 0.1512 loss: 224.5471 
episode: 188 count: 279 score: 247.9442 average_last200: -54.7975 epis: 0.1496 loss: 58.1698 
episode: 189 count: 115 score: -18.7957 average_last200: -54.6080 epis: 0.1481 loss: 24.1882 
episode: 190 count: 954 score: 102.8198 average_last200: -53.7838 epis: 0.1467 loss: 204.4545 
episode: 191 count: 308 score: 196.8401 average_last200: -52.4785 epis: 0.1452 loss: 66.3367 
episode: 192 count: 1000 score: -49.2197 average_last200: -52.4616 epis: 0.1437 loss: 207.7668 
episode: 193 count: 77 score: -22.0658 average_last200: -52.3049 epis: 0.1423 loss: 16.3439 
episode: 194 count: 1000 score: -14.4161 average_last200: -52.1106 epis: 0.1409 loss: 193.8358 
episode: 195 count: 406 score: 216.0161 average_last200: -50.7426 epis: 0.1395 loss: 81.9001 
episode: 196 count: 1000 score: 5.7709 average_last200: -50.4558 epis: 0.1381 loss: 193.0971 
episode: 197 count: 130 score: 11.7610 average_last200: -50.1415 epis: 0.1367 loss: 23.0435 
episode: 198 count: 492 score: 232.1436 average_last200: -48.7230 epis: 0.1353 loss: 93.5271 
episode: 199 count: 318 score: 225.9923 average_last200: -47.3494 epis: 0.1340 loss: 57.4899 
episode: 200 count: 860 score: 195.8771 average_last200: -45.3613 epis: 0.1326 loss: 166.3776 
episode: 201 count: 296 score: 226.6088 average_last200: -43.3948 epis: 0.1313 loss: 60.3433 
episode: 202 count: 189 score: -9.5753 average_last200: -42.7379 epis: 0.1300 loss: 34.0062 
episode: 203 count: 395 score: 240.3529 average_last200: -40.7764 epis: 0.1287 loss: 70.9206 
episode: 204 count: 770 score: 208.0046 average_last200: -38.2112 epis: 0.1274 loss: 143.7742 
episode: 205 count: 405 score: 224.2932 average_last200: -35.9925 epis: 0.1261 loss: 75.6854 
episode: 206 count: 295 score: 239.3991 average_last200: -34.0474 epis: 0.1249 loss: 56.7886 
episode: 207 count: 1000 score: -92.9590 average_last200: -32.4280 epis: 0.1236 loss: 186.5176 
episode: 208 count: 282 score: 250.7859 average_last200: -29.2514 epis: 0.1224 loss: 55.0822 
episode: 209 count: 322 score: 221.7924 average_last200: -26.5208 epis: 0.1212 loss: 61.3836 
episode: 210 count: 236 score: 221.9672 average_last200: -24.6500 epis: 0.1200 loss: 41.5582 
episode: 211 count: 1000 score: 31.9331 average_last200: -23.7945 epis: 0.1188 loss: 184.0735 
episode: 212 count: 393 score: 226.8913 average_last200: -21.0113 epis: 0.1176 loss: 71.2515 
episode: 213 count: 365 score: 211.6295 average_last200: -18.0201 epis: 0.1164 loss: 68.2717 
episode: 214 count: 469 score: 195.7003 average_last200: -16.2441 epis: 0.1152 loss: 78.8148 
episode: 215 count: 344 score: 224.1974 average_last200: -14.1024 epis: 0.1141 loss: 62.6811 
episode: 216 count: 318 score: 205.6544 average_last200: -12.0113 epis: 0.1129 loss: 54.8057 
episode: 217 count: 311 score: 184.1330 average_last200: -10.3679 epis: 0.1118 loss: 52.3141 
episode: 218 count: 301 score: 212.1260 average_last200: -8.7498 epis: 0.1107 loss: 54.6081 
episode: 219 count: 476 score: 212.7668 average_last200: -7.0467 epis: 0.1096 loss: 86.1036 
episode: 220 count: 336 score: 205.0979 average_last200: -5.3323 epis: 0.1085 loss: 64.3836 
episode: 221 count: 388 score: 242.1605 average_last200: -3.6291 epis: 0.1074 loss: 70.1063 
episode: 222 count: 316 score: 163.3839 average_last200: -1.2644 epis: 0.1063 loss: 55.9381 
episode: 223 count: 359 score: 201.3998 average_last200: 1.5438 epis: 0.1053 loss: 60.0755 
episode: 224 count: 622 score: 104.8396 average_last200: 2.8354 epis: 0.1042 loss: 105.6915 
episode: 225 count: 1000 score: 81.0016 average_last200: 4.5999 epis: 0.1032 loss: 169.5261 
episode: 226 count: 533 score: 138.1533 average_last200: 6.2182 epis: 0.1021 loss: 90.4339 
episode: 227 count: 386 score: 216.2467 average_last200: 7.8803 epis: 0.1011 loss: 63.2541 
episode: 228 count: 1000 score: 36.3747 average_last200: 8.8513 epis: 0.1001 loss: 165.4471 
episode: 229 count: 1000 score: -35.5446 average_last200: 9.4644 epis: 0.0991 loss: 166.0480 
episode: 230 count: 431 score: 187.6033 average_last200: 11.5838 epis: 0.0981 loss: 67.7616 
episode: 231 count: 290 score: 204.6922 average_last200: 13.5473 epis: 0.0971 loss: 48.9719 
episode: 232 count: 370 score: 197.2717 average_last200: 15.8491 epis: 0.0962 loss: 58.3166 
episode: 233 count: 419 score: 182.9400 average_last200: 17.7215 epis: 0.0952 loss: 60.1302 
episode: 234 count: 404 score: 197.1326 average_last200: 19.4842 epis: 0.0942 loss: 62.0379 
episode: 235 count: 527 score: 175.7030 average_last200: 21.2025 epis: 0.0933 loss: 79.7701 
episode: 236 count: 380 score: 183.3663 average_last200: 22.8758 epis: 0.0924 loss: 55.5270 
episode: 237 count: 647 score: 176.2831 average_last200: 25.0172 epis: 0.0914 loss: 93.0853 
episode: 238 count: 297 score: 200.0187 average_last200: 26.5058 epis: 0.0905 loss: 44.9146 
episode: 239 count: 384 score: 193.9757 average_last200: 27.9424 epis: 0.0896 loss: 58.7986 
episode: 240 count: 362 score: 163.7503 average_last200: 29.5958 epis: 0.0887 loss: 48.8306 
episode: 241 count: 533 score: 187.3531 average_last200: 31.2255 epis: 0.0878 loss: 82.7025 
episode: 242 count: 397 score: 199.7987 average_last200: 32.8873 epis: 0.0870 loss: 59.1915 
episode: 243 count: 543 score: 196.4883 average_last200: 33.9947 epis: 0.0861 loss: 81.9343 
episode: 244 count: 783 score: 147.7598 average_last200: 36.2068 epis: 0.0852 loss: 112.6898 
episode: 245 count: 460 score: 178.2302 average_last200: 37.8273 epis: 0.0844 loss: 72.0131 
episode: 246 count: 402 score: 193.7794 average_last200: 39.3835 epis: 0.0835 loss: 60.5830 
episode: 247 count: 689 score: 171.0920 average_last200: 40.6707 epis: 0.0827 loss: 102.2265 
episode: 248 count: 633 score: 176.5379 average_last200: 42.0703 epis: 0.0819 loss: 90.6833 
episode: 249 count: 518 score: 170.1346 average_last200: 43.3143 epis: 0.0811 loss: 79.6872 
episode: 250 count: 260 score: 243.2823 average_last200: 44.9662 epis: 0.0802 loss: 38.7413 
episode: 251 count: 342 score: 189.1374 average_last200: 46.3433 epis: 0.0794 loss: 58.5838 
episode: 252 count: 400 score: 211.5113 average_last200: 47.8520 epis: 0.0787 loss: 61.2258 
episode: 253 count: 488 score: 170.2424 average_last200: 48.8580 epis: 0.0779 loss: 75.3181 
episode: 254 count: 316 score: 221.9761 average_last200: 50.3577 epis: 0.0771 loss: 53.5344 
episode: 255 count: 358 score: 214.4794 average_last200: 51.5825 epis: 0.0763 loss: 55.9356 
episode: 256 count: 326 score: 194.9998 average_last200: 52.8383 epis: 0.0756 loss: 53.2355 
episode: 257 count: 462 score: 222.5119 average_last200: 54.4299 epis: 0.0748 loss: 66.9271 
episode: 258 count: 448 score: 242.3054 average_last200: 56.2873 epis: 0.0740 loss: 70.0577 
episode: 259 count: 411 score: 222.6142 average_last200: 58.0528 epis: 0.0733 loss: 63.2522 
episode: 260 count: 293 score: 165.6698 average_last200: 60.4652 epis: 0.0726 loss: 44.1755 
episode: 261 count: 368 score: 179.3770 average_last200: 61.6914 epis: 0.0718 loss: 58.3955 
episode: 262 count: 519 score: 200.1753 average_last200: 63.1175 epis: 0.0711 loss: 79.0711 
episode: 263 count: 391 score: 218.9635 average_last200: 64.6066 epis: 0.0704 loss: 55.5264 
episode: 264 count: 367 score: 202.3811 average_last200: 65.7369 epis: 0.0697 loss: 53.1183 
episode: 265 count: 293 score: 219.8591 average_last200: 67.1244 epis: 0.0690 loss: 43.5205 
episode: 266 count: 246 score: 223.5438 average_last200: 68.6562 epis: 0.0683 loss: 35.3865 
episode: 267 count: 332 score: 218.6422 average_last200: 69.8338 epis: 0.0676 loss: 53.4872 
episode: 268 count: 628 score: 187.7610 average_last200: 71.3189 epis: 0.0670 loss: 93.5194 
episode: 269 count: 175 score: 210.8863 average_last200: 72.5401 epis: 0.0663 loss: 28.0963 
episode: 270 count: 146 score: -6.8233 average_last200: 72.6542 epis: 0.0656 loss: 22.8066 
episode: 271 count: 249 score: 227.4261 average_last200: 74.2280 epis: 0.0650 loss: 35.6385 
episode: 272 count: 323 score: 208.8463 average_last200: 75.6035 epis: 0.0643 loss: 49.6143 
episode: 273 count: 154 score: -22.4258 average_last200: 75.6766 epis: 0.0637 loss: 25.2295 
episode: 274 count: 136 score: 202.8955 average_last200: 77.1247 epis: 0.0630 loss: 17.6873 
episode: 275 count: 100 score: -55.6414 average_last200: 77.0953 epis: 0.0624 loss: 16.0146 
episode: 276 count: 68 score: -100.1788 average_last200: 76.9205 epis: 0.0618 loss: 9.5363 
episode: 277 count: 209 score: 201.7818 average_last200: 78.8441 epis: 0.0612 loss: 30.4952 
episode: 278 count: 154 score: -33.3194 average_last200: 79.0447 epis: 0.0606 loss: 26.0476 
episode: 279 count: 77 score: -41.1736 average_last200: 79.1374 epis: 0.0600 loss: 12.3728 
episode: 280 count: 85 score: -50.3181 average_last200: 78.9586 epis: 0.0594 loss: 12.1676 
episode: 281 count: 179 score: 229.1799 average_last200: 80.7050 epis: 0.0588 loss: 31.8257 
episode: 282 count: 80 score: -22.3997 average_last200: 81.3994 epis: 0.0582 loss: 12.0850 
episode: 283 count: 136 score: -59.9097 average_last200: 81.4236 epis: 0.0576 loss: 21.2023 
episode: 284 count: 122 score: -30.6709 average_last200: 81.6965 epis: 0.0570 loss: 17.7315 
episode: 285 count: 362 score: 204.2869 average_last200: 82.8663 epis: 0.0565 loss: 60.4748 
episode: 286 count: 170 score: -48.1603 average_last200: 84.5033 epis: 0.0559 loss: 25.8290 
episode: 287 count: 77 score: -64.7618 average_last200: 84.7402 epis: 0.0553 loss: 10.9969 
episode: 288 count: 61 score: -68.5165 average_last200: 84.9526 epis: 0.0548 loss: 9.8399 
episode: 289 count: 115 score: -22.5093 average_last200: 85.2984 epis: 0.0542 loss: 19.2782 
episode: 290 count: 78 score: -37.1635 average_last200: 85.5217 epis: 0.0537 loss: 14.9740 
episode: 291 count: 96 score: -38.3311 average_last200: 85.4036 epis: 0.0531 loss: 18.3878 
episode: 292 count: 101 score: -49.3558 average_last200: 85.4231 epis: 0.0526 loss: 16.3033 
episode: 293 count: 63 score: -70.8838 average_last200: 85.0327 epis: 0.0521 loss: 9.1646 
episode: 294 count: 71 score: -57.6321 average_last200: 85.2969 epis: 0.0516 loss: 12.7215 
episode: 295 count: 257 score: -67.6111 average_last200: 85.2958 epis: 0.0511 loss: 45.1005 
episode: 296 count: 78 score: -69.0511 average_last200: 85.7355 epis: 0.0505 loss: 11.2482 
episode: 297 count: 128 score: -70.1041 average_last200: 85.7680 epis: 0.0500 loss: 22.3616 
episode: 298 count: 104 score: -45.2694 average_last200: 85.5086 epis: 0.0495 loss: 19.0455 
episode: 299 count: 72 score: -28.6823 average_last200: 85.4903 epis: 0.0490 loss: 13.2880 
episode: 300 count: 124 score: -48.7389 average_last200: 85.3583 epis: 0.0486 loss: 25.3576 
episode: 301 count: 89 score: -70.8283 average_last200: 85.4560 epis: 0.0481 loss: 12.6910 
episode: 302 count: 90 score: -64.9934 average_last200: 85.2298 epis: 0.0476 loss: 16.5280 
episode: 303 count: 83 score: -67.0385 average_last200: 85.1320 epis: 0.0471 loss: 16.7502 
episode: 304 count: 142 score: -76.2240 average_last200: 85.6582 epis: 0.0466 loss: 30.3689 
episode: 305 count: 165 score: -24.9229 average_last200: 86.0874 epis: 0.0462 loss: 30.2924 
episode: 306 count: 106 score: -34.2856 average_last200: 86.0866 epis: 0.0457 loss: 16.2116 
episode: 307 count: 263 score: 147.0746 average_last200: 87.1675 epis: 0.0453 loss: 54.1601 
episode: 308 count: 73 score: -41.7569 average_last200: 87.4428 epis: 0.0448 loss: 13.6634 
episode: 309 count: 81 score: -56.8707 average_last200: 87.2037 epis: 0.0444 loss: 11.4719 
episode: 310 count: 121 score: -35.3035 average_last200: 87.5176 epis: 0.0439 loss: 21.1242 
episode: 311 count: 72 score: -51.1787 average_last200: 87.5988 epis: 0.0435 loss: 13.8883 
episode: 312 count: 131 score: -57.0058 average_last200: 87.7242 epis: 0.0430 loss: 24.9790 
episode: 313 count: 76 score: -43.4576 average_last200: 87.7180 epis: 0.0426 loss: 12.6677 
episode: 314 count: 112 score: -47.1879 average_last200: 87.7407 epis: 0.0422 loss: 25.5522 
episode: 315 count: 99 score: -20.1349 average_last200: 87.8835 epis: 0.0418 loss: 23.1451 
episode: 316 count: 74 score: -71.4622 average_last200: 87.7424 epis: 0.0413 loss: 12.6736 
episode: 317 count: 63 score: -93.0078 average_last200: 87.5133 epis: 0.0409 loss: 9.3394 
episode: 318 count: 75 score: -13.0377 average_last200: 87.6029 epis: 0.0405 loss: 12.5118 
episode: 319 count: 67 score: -9.5669 average_last200: 87.6334 epis: 0.0401 loss: 13.0944 
episode: 320 count: 73 score: -101.3623 average_last200: 87.2866 epis: 0.0397 loss: 15.3640 
episode: 321 count: 130 score: -57.4580 average_last200: 87.3585 epis: 0.0393 loss: 27.0441 
episode: 322 count: 85 score: -50.1342 average_last200: 86.5364 epis: 0.0389 loss: 17.7970 
episode: 323 count: 145 score: -40.1351 average_last200: 86.3406 epis: 0.0385 loss: 30.5739 
episode: 324 count: 65 score: -91.3151 average_last200: 86.8837 epis: 0.0381 loss: 13.6797 
episode: 325 count: 87 score: -46.6809 average_last200: 86.7627 epis: 0.0378 loss: 17.7919 
episode: 326 count: 71 score: -25.1340 average_last200: 86.6924 epis: 0.0374 loss: 14.0745 
episode: 327 count: 296 score: 199.8607 average_last200: 87.9970 epis: 0.0370 loss: 60.5135 
episode: 328 count: 213 score: 214.1092 average_last200: 88.9619 epis: 0.0366 loss: 45.7587 
episode: 329 count: 101 score: -34.5790 average_last200: 88.7782 epis: 0.0363 loss: 22.1186 
episode: 330 count: 99 score: -41.3902 average_last200: 88.5870 epis: 0.0359 loss: 19.0390 
episode: 331 count: 112 score: -26.5427 average_last200: 88.4479 epis: 0.0356 loss: 19.5438 
episode: 332 count: 88 score: -31.9697 average_last200: 88.2964 epis: 0.0352 loss: 19.0255 
episode: 333 count: 75 score: 12.9246 average_last200: 89.7216 epis: 0.0348 loss: 14.9052 
episode: 334 count: 87 score: -9.1450 average_last200: 89.0038 epis: 0.0345 loss: 19.4305 
episode: 335 count: 55 score: -90.1824 average_last200: 88.5899 epis: 0.0342 loss: 12.3390 
episode: 336 count: 145 score: -33.0085 average_last200: 89.6123 epis: 0.0338 loss: 31.5825 
episode: 337 count: 114 score: -29.9864 average_last200: 89.9099 epis: 0.0335 loss: 27.8217 
episode: 338 count: 167 score: 215.7761 average_last200: 90.5890 epis: 0.0331 loss: 39.2842 
episode: 339 count: 92 score: -32.6500 average_last200: 89.8409 epis: 0.0328 loss: 17.0028 
episode: 340 count: 67 score: -62.0674 average_last200: 89.2453 epis: 0.0325 loss: 12.5609 
episode: 341 count: 78 score: -100.2959 average_last200: 88.8056 epis: 0.0322 loss: 19.0341 
episode: 342 count: 97 score: -19.5008 average_last200: 88.3655 epis: 0.0318 loss: 23.3588 
episode: 343 count: 115 score: -40.0958 average_last200: 87.7679 epis: 0.0315 loss: 24.3443 
episode: 344 count: 143 score: -14.2495 average_last200: 88.1424 epis: 0.0312 loss: 32.7449 
episode: 345 count: 125 score: -23.3985 average_last200: 87.0839 epis: 0.0309 loss: 28.7906 
episode: 346 count: 183 score: 231.4077 average_last200: 87.6984 epis: 0.0306 loss: 41.7134 
episode: 347 count: 89 score: -28.5429 average_last200: 87.1355 epis: 0.0303 loss: 18.4672 
episode: 348 count: 115 score: -40.7593 average_last200: 85.8571 epis: 0.0300 loss: 26.3321 
episode: 349 count: 117 score: -88.5618 average_last200: 85.9320 epis: 0.0297 loss: 28.6932 
episode: 350 count: 210 score: 225.1484 average_last200: 86.4435 epis: 0.0294 loss: 48.8674 
episode: 351 count: 301 score: 159.4708 average_last200: 86.8544 epis: 0.0291 loss: 63.2382 
episode: 352 count: 90 score: 1.2868 average_last200: 85.9541 epis: 0.0288 loss: 18.7224 
episode: 353 count: 212 score: 198.0857 average_last200: 86.1367 epis: 0.0285 loss: 46.3948 
episode: 354 count: 109 score: -58.6901 average_last200: 85.9239 epis: 0.0282 loss: 22.9573 
episode: 355 count: 69 score: -40.5345 average_last200: 84.7757 epis: 0.0279 loss: 15.4311 
episode: 356 count: 192 score: 203.1966 average_last200: 85.1074 epis: 0.0277 loss: 44.3541 
episode: 357 count: 109 score: -1.8192 average_last200: 84.7968 epis: 0.0274 loss: 23.5630 
episode: 358 count: 218 score: 198.4087 average_last200: 84.9658 epis: 0.0271 loss: 50.7363 
episode: 359 count: 86 score: -39.4932 average_last200: 86.0593 epis: 0.0268 loss: 20.0772 
episode: 360 count: 99 score: -55.8327 average_last200: 85.9832 epis: 0.0266 loss: 25.5788 
episode: 361 count: 87 score: -42.4729 average_last200: 84.8669 epis: 0.0263 loss: 19.9293 
episode: 362 count: 179 score: 207.7489 average_last200: 85.1967 epis: 0.0260 loss: 45.8769 
episode: 363 count: 98 score: -58.2831 average_last200: 84.8470 epis: 0.0258 loss: 21.8010 
episode: 364 count: 90 score: -13.9264 average_last200: 83.8572 epis: 0.0255 loss: 21.4401 
episode: 365 count: 66 score: -79.2000 average_last200: 82.6301 epis: 0.0253 loss: 15.0268 
episode: 366 count: 184 score: 221.8972 average_last200: 82.8137 epis: 0.0250 loss: 52.0493 
episode: 367 count: 99 score: -23.1328 average_last200: 82.6625 epis: 0.0248 loss: 20.8537 
episode: 368 count: 176 score: -28.1613 average_last200: 81.5716 epis: 0.0245 loss: 45.6929 
episode: 369 count: 472 score: 157.2794 average_last200: 82.7392 epis: 0.0243 loss: 118.4504 
episode: 370 count: 96 score: -26.6148 average_last200: 81.7254 epis: 0.0240 loss: 24.7360 
episode: 371 count: 72 score: -151.5222 average_last200: 80.0003 epis: 0.0238 loss: 15.3303 
episode: 372 count: 104 score: -63.5130 average_last200: 79.5321 epis: 0.0235 loss: 29.3384 
episode: 373 count: 79 score: 15.2744 average_last200: 78.7327 epis: 0.0233 loss: 20.3007 
episode: 374 count: 109 score: -35.9491 average_last200: 78.1268 epis: 0.0231 loss: 32.3310 
episode: 375 count: 256 score: 202.8683 average_last200: 78.1438 epis: 0.0228 loss: 62.4357 
episode: 376 count: 107 score: -34.4462 average_last200: 77.0864 epis: 0.0226 loss: 27.5577 
episode: 377 count: 127 score: -40.2742 average_last200: 75.9732 epis: 0.0224 loss: 33.9899 
episode: 378 count: 101 score: -34.4949 average_last200: 74.7757 epis: 0.0222 loss: 26.2238 
episode: 379 count: 233 score: 247.4925 average_last200: 76.4982 epis: 0.0219 loss: 65.0063 
episode: 380 count: 134 score: -32.7559 average_last200: 76.3224 epis: 0.0217 loss: 41.8885 
episode: 381 count: 116 score: -19.2453 average_last200: 75.1948 epis: 0.0215 loss: 32.2722 
episode: 382 count: 216 score: 225.6801 average_last200: 75.0997 epis: 0.0213 loss: 57.3894 
episode: 383 count: 77 score: -39.5456 average_last200: 73.8028 epis: 0.0211 loss: 23.3980 
episode: 384 count: 186 score: 231.0278 average_last200: 74.0167 epis: 0.0209 loss: 43.7866 
episode: 385 count: 323 score: 205.5709 average_last200: 74.3334 epis: 0.0207 loss: 92.9746 
episode: 386 count: 175 score: 225.3864 average_last200: 74.9785 epis: 0.0205 loss: 48.9653 
episode: 387 count: 108 score: 3.5104 average_last200: 75.1083 epis: 0.0203 loss: 30.4432 
episode: 388 count: 180 score: 237.7739 average_last200: 75.0575 epis: 0.0200 loss: 44.8814 
episode: 389 count: 162 score: -21.6268 average_last200: 75.0433 epis: 0.0198 loss: 42.6249 
episode: 390 count: 230 score: 174.1751 average_last200: 75.4001 epis: 0.0196 loss: 73.6015 
episode: 391 count: 128 score: -44.5335 average_last200: 74.1932 epis: 0.0195 loss: 40.6958 
episode: 392 count: 140 score: 232.3767 average_last200: 75.6012 epis: 0.0193 loss: 39.6163 
episode: 393 count: 171 score: 222.6980 average_last200: 76.8250 epis: 0.0191 loss: 51.1483 
episode: 394 count: 161 score: 228.4479 average_last200: 78.0394 epis: 0.0189 loss: 53.7226 
episode: 395 count: 182 score: 216.5971 average_last200: 78.0423 epis: 0.0187 loss: 52.3678 
episode: 396 count: 139 score: 202.0417 average_last200: 79.0236 epis: 0.0185 loss: 36.5736 
episode: 397 count: 226 score: 228.9936 average_last200: 80.1098 epis: 0.0183 loss: 70.8658 
episode: 398 count: 188 score: 219.6327 average_last200: 80.0472 epis: 0.0181 loss: 58.5129 
episode: 399 count: 184 score: 186.7633 average_last200: 79.8511 epis: 0.0180 loss: 61.4034 
episode: 400 count: 135 score: -16.3877 average_last200: 78.7898 epis: 0.0178 loss: 37.1205 
episode: 401 count: 224 score: 219.8988 average_last200: 78.7562 epis: 0.0176 loss: 63.5548 
episode: 402 count: 196 score: 232.7268 average_last200: 79.9677 epis: 0.0174 loss: 58.7661 
episode: 403 count: 123 score: -92.7415 average_last200: 78.3022 epis: 0.0172 loss: 38.6733 
episode: 404 count: 185 score: 196.3654 average_last200: 78.2441 epis: 0.0171 loss: 55.2895 
episode: 405 count: 121 score: -59.8753 average_last200: 76.8232 epis: 0.0169 loss: 40.8390 
episode: 406 count: 129 score: -27.2834 average_last200: 75.4898 epis: 0.0167 loss: 40.2475 
episode: 407 count: 93 score: 15.4321 average_last200: 76.0318 epis: 0.0166 loss: 25.8830 
episode: 408 count: 135 score: -22.1273 average_last200: 74.6672 epis: 0.0164 loss: 40.4839 
episode: 409 count: 176 score: 205.5703 average_last200: 74.5861 epis: 0.0162 loss: 54.5951 
episode: 410 count: 737 score: 220.1723 average_last200: 74.5771 epis: 0.0161 loss: 228.0654 
episode: 411 count: 258 score: 249.7191 average_last200: 75.6660 epis: 0.0159 loss: 74.8939 
episode: 412 count: 132 score: -16.0090 average_last200: 74.4515 epis: 0.0158 loss: 44.2791 
episode: 413 count: 192 score: 213.1837 average_last200: 74.4593 epis: 0.0156 loss: 57.2319 
episode: 414 count: 161 score: 244.4563 average_last200: 74.7031 epis: 0.0154 loss: 48.0507 
episode: 415 count: 556 score: 213.9356 average_last200: 74.6518 epis: 0.0153 loss: 168.8433 
episode: 416 count: 145 score: -42.5841 average_last200: 73.4106 epis: 0.0151 loss: 49.4048 
episode: 417 count: 150 score: 229.7565 average_last200: 73.6387 epis: 0.0150 loss: 40.3445 
episode: 418 count: 128 score: -64.4223 average_last200: 72.2560 epis: 0.0148 loss: 42.2589 
episode: 419 count: 176 score: 219.4983 average_last200: 72.2896 epis: 0.0147 loss: 51.3925 
episode: 420 count: 154 score: 219.6220 average_last200: 72.3622 epis: 0.0145 loss: 51.2147 
episode: 421 count: 192 score: 214.3077 average_last200: 72.2230 epis: 0.0144 loss: 64.7349 
episode: 422 count: 158 score: 207.9431 average_last200: 72.4458 epis: 0.0142 loss: 50.6921 
episode: 423 count: 141 score: 225.2093 average_last200: 72.5648 epis: 0.0141 loss: 48.0298 
episode: 424 count: 136 score: 22.8691 average_last200: 72.1550 epis: 0.0140 loss: 39.7562 
episode: 425 count: 146 score: 3.6510 average_last200: 71.7682 epis: 0.0138 loss: 42.4053 
episode: 426 count: 218 score: 229.0093 average_last200: 72.2225 epis: 0.0137 loss: 70.4054 
episode: 427 count: 108 score: 0.7927 average_last200: 71.1452 epis: 0.0135 loss: 32.9321 
episode: 428 count: 149 score: 204.1729 average_last200: 71.9842 epis: 0.0134 loss: 36.3032 
episode: 429 count: 325 score: 196.6693 average_last200: 73.1453 epis: 0.0133 loss: 112.8872 
episode: 430 count: 326 score: 211.0776 average_last200: 73.2627 epis: 0.0131 loss: 105.6643 
episode: 431 count: 476 score: 198.1903 average_last200: 73.2301 epis: 0.0130 loss: 149.9453 
episode: 432 count: 129 score: 24.3545 average_last200: 72.3656 epis: 0.0129 loss: 39.1590 
episode: 433 count: 223 score: 217.1151 average_last200: 72.5364 epis: 0.0128 loss: 80.1632 
episode: 434 count: 404 score: 212.0803 average_last200: 72.6112 epis: 0.0126 loss: 129.6412 
episode: 435 count: 205 score: 253.4739 average_last200: 73.0000 epis: 0.0125 loss: 68.9941 
episode: 436 count: 147 score: 5.3454 average_last200: 72.1099 epis: 0.0124 loss: 46.7369 
episode: 437 count: 236 score: 230.3688 average_last200: 72.3803 epis: 0.0123 loss: 82.2116 
episode: 438 count: 120 score: 4.9210 average_last200: 71.4049 epis: 0.0121 loss: 34.4761 
episode: 439 count: 249 score: 225.5922 average_last200: 71.5629 epis: 0.0120 loss: 87.7012 
episode: 440 count: 208 score: 237.5133 average_last200: 71.9318 epis: 0.0119 loss: 63.4753 
episode: 441 count: 225 score: 243.6861 average_last200: 72.2134 epis: 0.0118 loss: 73.0432 
episode: 442 count: 188 score: 215.8876 average_last200: 72.2939 epis: 0.0117 loss: 63.9489 
episode: 443 count: 151 score: 26.1145 average_last200: 71.4420 epis: 0.0115 loss: 52.7732 
episode: 444 count: 380 score: 170.0235 average_last200: 71.5533 epis: 0.0114 loss: 122.1179 
episode: 445 count: 496 score: 176.8965 average_last200: 71.5466 epis: 0.0113 loss: 155.5631 
episode: 446 count: 190 score: 231.2817 average_last200: 71.7342 epis: 0.0112 loss: 67.9073 
episode: 447 count: 324 score: 186.9633 average_last200: 71.8135 epis: 0.0111 loss: 103.3579 
episode: 448 count: 577 score: 150.4723 average_last200: 71.6832 epis: 0.0110 loss: 190.9177 
episode: 449 count: 223 score: 234.6929 average_last200: 72.0060 epis: 0.0109 loss: 71.5963 
episode: 450 count: 291 score: 175.0668 average_last200: 71.6649 epis: 0.0108 loss: 81.1712 
episode: 451 count: 524 score: 187.7055 average_last200: 71.6577 epis: 0.0106 loss: 166.6860 
episode: 452 count: 191 score: 228.3699 average_last200: 71.7420 epis: 0.0105 loss: 70.4516 
episode: 453 count: 219 score: 243.6487 average_last200: 72.1091 epis: 0.0104 loss: 71.0108 
episode: 454 count: 196 score: 244.1217 average_last200: 72.2198 epis: 0.0103 loss: 67.8351 
episode: 455 count: 311 score: 185.4691 average_last200: 72.0747 epis: 0.0102 loss: 100.1746 
episode: 456 count: 631 score: 222.6320 average_last200: 72.2129 epis: 0.0101 loss: 209.6944 
episode: 457 count: 194 score: 226.5482 average_last200: 72.2331 epis: 0.0100 loss: 68.3072 
episode: 458 count: 439 score: 160.1348 average_last200: 71.8222 epis: 0.0099 loss: 135.0625 
episode: 459 count: 194 score: 254.5658 average_last200: 71.9820 epis: 0.0098 loss: 57.1654 
episode: 460 count: 450 score: 197.5905 average_last200: 72.1416 epis: 0.0097 loss: 143.5530 
episode: 461 count: 424 score: 70.7318 average_last200: 71.5984 epis: 0.0096 loss: 134.2099 
episode: 462 count: 1000 score: -56.6123 average_last200: 70.3144 epis: 0.0095 loss: 324.4508 
episode: 463 count: 208 score: 229.5965 average_last200: 70.3676 epis: 0.0094 loss: 61.2719 
episode: 464 count: 1000 score: 8.3929 average_last200: 69.3977 epis: 0.0093 loss: 324.1185 
episode: 465 count: 105 score: -13.3215 average_last200: 68.2318 epis: 0.0092 loss: 30.2353 
episode: 466 count: 495 score: 198.5802 average_last200: 68.1069 epis: 0.0092 loss: 162.6780 
episode: 467 count: 989 score: 168.5679 average_last200: 67.8566 epis: 0.0091 loss: 327.3466 
episode: 468 count: 455 score: 175.9052 average_last200: 67.7973 epis: 0.0090 loss: 145.7857 
episode: 469 count: 512 score: 142.2427 average_last200: 67.4541 epis: 0.0089 loss: 172.8786 
episode: 470 count: 294 score: 216.5049 average_last200: 68.5707 epis: 0.0088 loss: 97.6912 
episode: 471 count: 767 score: 196.6850 average_last200: 68.4170 epis: 0.0087 loss: 239.1017 
episode: 472 count: 345 score: 209.9561 average_last200: 68.4225 epis: 0.0086 loss: 106.0444 
episode: 473 count: 576 score: 187.3572 average_last200: 69.4715 epis: 0.0085 loss: 174.4581 
episode: 474 count: 614 score: 189.9643 average_last200: 69.4068 epis: 0.0084 loss: 191.4775 
episode: 475 count: 254 score: 248.8540 average_last200: 70.9293 epis: 0.0084 loss: 74.1792 
episode: 476 count: 309 score: 211.9528 average_last200: 72.4899 epis: 0.0083 loss: 94.5492 
episode: 477 count: 165 score: -31.1922 average_last200: 71.3251 epis: 0.0082 loss: 50.4003 
episode: 478 count: 304 score: 176.7093 average_last200: 72.3752 epis: 0.0081 loss: 91.2764 
episode: 479 count: 328 score: 242.9680 average_last200: 73.7959 epis: 0.0080 loss: 93.4084 
episode: 480 count: 283 score: 198.0706 average_last200: 75.0379 epis: 0.0080 loss: 87.1534 
episode: 481 count: 313 score: 169.3148 average_last200: 74.7385 epis: 0.0079 loss: 93.5513 
episode: 482 count: 339 score: 229.8103 average_last200: 75.9996 epis: 0.0078 loss: 94.4191 
episode: 483 count: 465 score: 166.1312 average_last200: 77.1298 epis: 0.0077 loss: 140.0120 
episode: 484 count: 286 score: 182.0044 average_last200: 78.1932 epis: 0.0076 loss: 85.1245 
episode: 485 count: 225 score: 260.6735 average_last200: 78.4751 epis: 0.0076 loss: 64.8638 
episode: 486 count: 380 score: 191.2136 average_last200: 79.6720 epis: 0.0075 loss: 105.2872 
episode: 487 count: 347 score: 174.4210 average_last200: 80.8679 epis: 0.0074 loss: 90.0984 
episode: 488 count: 310 score: 209.4035 average_last200: 82.2575 epis: 0.0073 loss: 82.3757 
episode: 489 count: 302 score: 220.9593 average_last200: 83.4748 epis: 0.0073 loss: 78.3360 
episode: 490 count: 144 score: -72.1977 average_last200: 83.2997 epis: 0.0072 loss: 38.2142 
episode: 491 count: 428 score: -262.5422 average_last200: 82.1786 epis: 0.0071 loss: 130.3141 
episode: 492 count: 632 score: 190.6317 average_last200: 83.3785 epis: 0.0070 loss: 171.2745 
episode: 493 count: 667 score: 172.3144 average_last200: 84.5945 epis: 0.0070 loss: 164.8274 
episode: 494 count: 512 score: 198.0182 average_last200: 85.8728 epis: 0.0069 loss: 131.7478 
episode: 495 count: 218 score: 196.9749 average_last200: 87.1957 epis: 0.0068 loss: 50.6047 
episode: 496 count: 304 score: 224.5334 average_last200: 88.6636 epis: 0.0068 loss: 69.1818 
episode: 497 count: 284 score: 198.7878 average_last200: 90.0081 epis: 0.0067 loss: 74.9459 
episode: 498 count: 258 score: 252.4987 average_last200: 91.4969 epis: 0.0066 loss: 64.0158 
episode: 499 count: 556 score: 204.5955 average_last200: 92.6633 epis: 0.0066 loss: 130.4838 
episode: 500 count: 306 score: 187.3471 average_last200: 93.8438 epis: 0.0065 loss: 72.3383 
episode: 501 count: 810 score: 132.2684 average_last200: 94.8592 epis: 0.0064 loss: 184.4839 
episode: 502 count: 314 score: 213.9933 average_last200: 96.2542 epis: 0.0064 loss: 73.5782 
episode: 503 count: 261 score: 210.5242 average_last200: 97.6420 epis: 0.0063 loss: 60.8052 
episode: 504 count: 312 score: 210.2192 average_last200: 99.0742 epis: 0.0062 loss: 75.1191 
episode: 505 count: 639 score: 146.1121 average_last200: 99.9294 epis: 0.0062 loss: 144.0792 
episode: 506 count: 275 score: 239.3552 average_last200: 101.2976 epis: 0.0061 loss: 63.2407 
episode: 507 count: 354 score: 212.2062 average_last200: 101.6232 epis: 0.0061 loss: 81.6892 
episode: 508 count: 475 score: 207.6494 average_last200: 102.8703 epis: 0.0060 loss: 105.0172 
episode: 509 count: 783 score: 119.0250 average_last200: 103.7497 epis: 0.0059 loss: 170.3975 
episode: 510 count: 419 score: 203.5904 average_last200: 104.9442 epis: 0.0059 loss: 83.2390 
episode: 511 count: 669 score: 175.6708 average_last200: 106.0785 epis: 0.0058 loss: 139.4219 
episode: 512 count: 337 score: 207.0250 average_last200: 107.3986 epis: 0.0058 loss: 69.5633 
episode: 513 count: 338 score: 184.4232 average_last200: 108.5380 epis: 0.0057 loss: 75.0669 
episode: 514 count: 566 score: 167.1298 average_last200: 109.6096 epis: 0.0057 loss: 125.2070 
episode: 515 count: 331 score: 204.0949 average_last200: 110.7308 epis: 0.0056 loss: 61.3425 
episode: 516 count: 221 score: 246.0985 average_last200: 112.3186 epis: 0.0055 loss: 41.3955 
episode: 517 count: 286 score: 204.1441 average_last200: 113.8043 epis: 0.0055 loss: 53.3008 
episode: 518 count: 304 score: 247.2458 average_last200: 115.1057 epis: 0.0054 loss: 58.7868 
episode: 519 count: 353 score: 181.9765 average_last200: 116.0635 epis: 0.0054 loss: 68.9321 
episode: 520 count: 544 score: 124.2324 average_last200: 117.1914 epis: 0.0053 loss: 106.4214 
episode: 521 count: 958 score: 59.6920 average_last200: 117.7772 epis: 0.0053 loss: 187.7185 
episode: 522 count: 482 score: 202.6162 average_last200: 119.0409 epis: 0.0052 loss: 88.0670 
episode: 523 count: 425 score: 167.5956 average_last200: 120.0796 epis: 0.0052 loss: 90.0022 
episode: 524 count: 128 score: -74.2862 average_last200: 120.1647 epis: 0.0051 loss: 20.8006 
episode: 525 count: 399 score: 197.9958 average_last200: 121.3881 epis: 0.0051 loss: 78.1480 
episode: 526 count: 536 score: 211.6824 average_last200: 122.5722 epis: 0.0050 loss: 103.9693 
episode: 527 count: 126 score: -57.8994 average_last200: 121.2834 epis: 0.0050 loss: 21.5521 
episode: 528 count: 580 score: 202.6197 average_last200: 121.2260 epis: 0.0049 loss: 111.8811 
episode: 529 count: 610 score: 173.6756 average_last200: 122.2672 epis: 0.0049 loss: 118.6693 
episode: 530 count: 441 score: 190.3889 average_last200: 123.4261 epis: 0.0048 loss: 74.3527 
episode: 531 count: 275 score: 214.2399 average_last200: 124.6300 epis: 0.0048 loss: 48.7998 
episode: 532 count: 107 score: -65.7321 average_last200: 124.4612 epis: 0.0047 loss: 18.4029 
episode: 533 count: 203 score: 216.5417 average_last200: 125.4793 epis: 0.0047 loss: 35.1606 
episode: 534 count: 122 score: -35.2450 average_last200: 125.3488 epis: 0.0046 loss: 25.8073 
episode: 535 count: 319 score: 222.2876 average_last200: 126.9112 epis: 0.0046 loss: 56.5277 
episode: 536 count: 127 score: -94.4445 average_last200: 126.6040 epis: 0.0045 loss: 23.8691 
episode: 537 count: 108 score: -376.6965 average_last200: 124.8704 epis: 0.0045 loss: 17.3011 
episode: 538 count: 564 score: 154.7379 average_last200: 124.5652 epis: 0.0044 loss: 105.3034 
episode: 539 count: 182 score: -0.2117 average_last200: 124.7274 epis: 0.0044 loss: 33.2813 
episode: 540 count: 83 score: -95.3618 average_last200: 124.5610 epis: 0.0044 loss: 15.1831 
episode: 541 count: 54 score: -185.5141 average_last200: 124.1349 epis: 0.0043 loss: 10.6270 
episode: 542 count: 513 score: 132.9053 average_last200: 124.8969 epis: 0.0043 loss: 95.4612 
episode: 543 count: 207 score: 238.1238 average_last200: 126.2880 epis: 0.0042 loss: 36.1162 
episode: 544 count: 162 score: 17.1328 average_last200: 126.4449 epis: 0.0042 loss: 26.9641 
episode: 545 count: 123 score: 19.6111 average_last200: 126.6600 epis: 0.0041 loss: 19.4710 
episode: 546 count: 136 score: -87.6612 average_last200: 125.0646 epis: 0.0041 loss: 25.7957 
episode: 547 count: 376 score: 183.4501 average_last200: 126.1246 epis: 0.0041 loss: 74.0275 
episode: 548 count: 656 score: 165.2118 average_last200: 127.1544 epis: 0.0040 loss: 124.5228 
episode: 549 count: 597 score: 185.7294 average_last200: 128.5259 epis: 0.0040 loss: 113.3067 
episode: 550 count: 733 score: 124.5324 average_last200: 128.0228 epis: 0.0039 loss: 134.8664 
episode: 551 count: 320 score: 175.0376 average_last200: 128.1006 epis: 0.0039 loss: 54.4969 
episode: 552 count: 149 score: 9.2502 average_last200: 128.1405 epis: 0.0039 loss: 25.2377 
episode: 553 count: 773 score: 147.6941 average_last200: 127.8885 epis: 0.0038 loss: 148.1874 
episode: 554 count: 237 score: 246.7124 average_last200: 129.4155 epis: 0.0038 loss: 43.3764 
episode: 555 count: 1000 score: 73.5771 average_last200: 129.9861 epis: 0.0037 loss: 180.4833 
episode: 556 count: 166 score: 15.0111 average_last200: 129.0451 epis: 0.0037 loss: 28.7945 
episode: 557 count: 641 score: 144.7865 average_last200: 129.7782 epis: 0.0037 loss: 111.2902 
episode: 558 count: 175 score: 8.8991 average_last200: 128.8306 epis: 0.0036 loss: 34.6266 
episode: 559 count: 170 score: 19.4887 average_last200: 129.1255 epis: 0.0036 loss: 26.8300 
episode: 560 count: 773 score: 171.2148 average_last200: 130.2608 epis: 0.0036 loss: 142.3704 
episode: 561 count: 146 score: 33.4581 average_last200: 130.6404 epis: 0.0035 loss: 24.7845 
episode: 562 count: 449 score: 193.2660 average_last200: 130.5680 epis: 0.0035 loss: 69.1500 
episode: 563 count: 389 score: 171.9128 average_last200: 131.7190 epis: 0.0035 loss: 64.7596 
episode: 564 count: 323 score: 203.9324 average_last200: 132.8083 epis: 0.0034 loss: 51.9327 
episode: 565 count: 581 score: 213.7376 average_last200: 134.2730 epis: 0.0034 loss: 96.8330 
episode: 566 count: 513 score: 199.9369 average_last200: 134.1632 epis: 0.0034 loss: 86.2863 
episode: 567 count: 155 score: 5.1615 average_last200: 134.3046 epis: 0.0033 loss: 24.3941 
episode: 568 count: 317 score: 160.6298 average_last200: 135.2486 epis: 0.0033 loss: 59.3402 
episode: 569 count: 390 score: 214.9199 average_last200: 135.5368 epis: 0.0033 loss: 67.2487 
episode: 570 count: 282 score: 195.2328 average_last200: 136.6460 epis: 0.0032 loss: 49.8757 
episode: 571 count: 368 score: 197.3759 average_last200: 138.3905 epis: 0.0032 loss: 60.8388 
episode: 572 count: 488 score: 200.4841 average_last200: 139.7105 epis: 0.0032 loss: 82.0857 
episode: 573 count: 298 score: 182.4366 average_last200: 140.5463 epis: 0.0031 loss: 49.3645 
episode: 574 count: 363 score: 203.0644 average_last200: 141.7414 epis: 0.0031 loss: 59.9754 
episode: 575 count: 327 score: 217.6688 average_last200: 141.8154 epis: 0.0031 loss: 56.4353 
episode: 576 count: 273 score: 248.2329 average_last200: 143.2288 epis: 0.0030 loss: 46.9598 
episode: 577 count: 411 score: 190.0731 average_last200: 144.3805 epis: 0.0030 loss: 74.3847 
episode: 578 count: 346 score: 181.6884 average_last200: 145.4614 epis: 0.0030 loss: 56.7680 
episode: 579 count: 489 score: 178.3645 average_last200: 145.1158 epis: 0.0029 loss: 83.0959 
episode: 580 count: 250 score: 208.6563 average_last200: 146.3229 epis: 0.0029 loss: 43.2420 
episode: 581 count: 193 score: 233.9151 average_last200: 147.5887 epis: 0.0029 loss: 27.8118 
episode: 582 count: 568 score: 189.4817 average_last200: 147.4077 epis: 0.0029 loss: 93.9419 
episode: 583 count: 411 score: 172.9271 average_last200: 148.4700 epis: 0.0028 loss: 63.0741 
episode: 584 count: 263 score: 167.6559 average_last200: 148.1532 epis: 0.0028 loss: 39.7983 
episode: 585 count: 515 score: 188.2075 average_last200: 148.0664 epis: 0.0028 loss: 73.7265 
episode: 586 count: 238 score: 249.3468 average_last200: 148.1862 epis: 0.0027 loss: 37.6300 
episode: 587 count: 166 score: 5.7736 average_last200: 148.1975 epis: 0.0027 loss: 27.6718 
episode: 588 count: 273 score: 200.9460 average_last200: 148.0133 epis: 0.0027 loss: 43.0980 
episode: 589 count: 198 score: 243.6806 average_last200: 149.3399 epis: 0.0027 loss: 32.4314 
episode: 590 count: 692 score: 171.7589 average_last200: 149.3278 epis: 0.0026 loss: 112.8552 
episode: 591 count: 201 score: 225.5890 average_last200: 150.6784 epis: 0.0026 loss: 33.5234 
episode: 592 count: 408 score: 206.0279 average_last200: 150.5467 epis: 0.0026 loss: 59.8144 
episode: 593 count: 396 score: 213.3130 average_last200: 150.4997 epis: 0.0026 loss: 60.7958 
episode: 594 count: 475 score: 156.4903 average_last200: 150.1399 epis: 0.0025 loss: 72.0819 
episode: 595 count: 244 score: 223.7826 average_last200: 150.1759 epis: 0.0025 loss: 37.8195 
episode: 596 count: 544 score: 150.5098 average_last200: 149.9182 epis: 0.0025 loss: 81.6156 
episode: 597 count: 220 score: 231.4334 average_last200: 149.9304 epis: 0.0025 loss: 27.8572 
episode: 598 count: 415 score: 173.0264 average_last200: 149.6974 epis: 0.0024 loss: 57.0993 
episode: 599 count: 202 score: 245.8225 average_last200: 149.9927 epis: 0.0024 loss: 26.9093 
episode: 600 count: 230 score: 217.6778 average_last200: 151.1630 epis: 0.0024 loss: 33.1302 
episode: 601 count: 442 score: 181.8015 average_last200: 150.9725 epis: 0.0024 loss: 66.0391 
episode: 602 count: 427 score: 178.7731 average_last200: 150.7028 epis: 0.0023 loss: 55.5872 
episode: 603 count: 267 score: 216.7024 average_last200: 152.2500 epis: 0.0023 loss: 39.3640 
episode: 604 count: 448 score: 143.8784 average_last200: 151.9875 epis: 0.0023 loss: 66.3463 
episode: 605 count: 594 score: 163.6598 average_last200: 153.1052 epis: 0.0023 loss: 88.2949 
episode: 606 count: 191 score: 246.1557 average_last200: 154.4724 epis: 0.0022 loss: 29.6204 
episode: 607 count: 635 score: 152.8869 average_last200: 155.1597 epis: 0.0022 loss: 85.2688 
episode: 608 count: 154 score: 19.8332 average_last200: 155.3695 epis: 0.0022 loss: 20.2081 
episode: 609 count: 230 score: 249.3870 average_last200: 155.5886 epis: 0.0022 loss: 32.6312 
episode: 610 count: 568 score: 161.6831 average_last200: 155.2961 epis: 0.0022 loss: 79.4370 
episode: 611 count: 720 score: 106.3590 average_last200: 154.5793 epis: 0.0021 loss: 109.5555 
episode: 612 count: 152 score: 16.4195 average_last200: 154.7415 epis: 0.0021 loss: 21.6879 
episode: 613 count: 526 score: 165.6694 average_last200: 154.5039 epis: 0.0021 loss: 79.7127 
episode: 614 count: 611 score: 190.3537 average_last200: 154.2334 epis: 0.0021 loss: 89.9149 
episode: 615 count: 441 score: 188.7083 average_last200: 154.1072 epis: 0.0020 loss: 62.7507 
episode: 616 count: 174 score: 267.3361 average_last200: 155.6568 epis: 0.0020 loss: 27.7515 
episode: 617 count: 852 score: 128.0216 average_last200: 155.1482 epis: 0.0020 loss: 116.4818 
episode: 618 count: 353 score: 215.6741 average_last200: 156.5486 epis: 0.0020 loss: 55.4341 
episode: 619 count: 486 score: 180.8982 average_last200: 156.3556 epis: 0.0020 loss: 68.8698 
episode: 620 count: 909 score: 62.1857 average_last200: 155.5685 epis: 0.0019 loss: 127.3999 
episode: 621 count: 620 score: 134.3993 average_last200: 155.1689 epis: 0.0019 loss: 84.6560 
episode: 622 count: 692 score: 129.2894 average_last200: 154.7757 epis: 0.0019 loss: 100.2980 
episode: 623 count: 556 score: 151.4562 average_last200: 154.4069 epis: 0.0019 loss: 80.4104 
episode: 624 count: 540 score: 185.0173 average_last200: 155.2176 epis: 0.0019 loss: 68.9189 
episode: 625 count: 551 score: 182.1460 average_last200: 156.1101 epis: 0.0019 loss: 75.7128 
episode: 626 count: 218 score: 256.1676 average_last200: 156.2459 epis: 0.0018 loss: 29.3894 
episode: 627 count: 323 score: 234.0746 average_last200: 157.4123 epis: 0.0018 loss: 42.3075 
episode: 628 count: 873 score: 107.0447 average_last200: 156.9267 epis: 0.0018 loss: 118.0578 
episode: 629 count: 123 score: -10.4942 average_last200: 155.8909 epis: 0.0018 loss: 10.9101 
episode: 630 count: 155 score: 6.0496 average_last200: 154.8657 epis: 0.0018 loss: 20.3221 
episode: 631 count: 422 score: 206.4387 average_last200: 154.9070 epis: 0.0017 loss: 58.7669 
episode: 632 count: 515 score: 151.0048 average_last200: 155.5402 epis: 0.0017 loss: 71.0047 
episode: 633 count: 373 score: 201.1953 average_last200: 155.4606 epis: 0.0017 loss: 48.7802 
episode: 634 count: 738 score: 136.2619 average_last200: 155.0815 epis: 0.0017 loss: 99.8262 
episode: 635 count: 796 score: 86.0436 average_last200: 154.2444 epis: 0.0017 loss: 109.5313 
episode: 636 count: 462 score: 162.3204 average_last200: 155.0292 epis: 0.0017 loss: 60.8644 
episode: 637 count: 426 score: 229.1748 average_last200: 155.0233 epis: 0.0016 loss: 56.8600 
episode: 638 count: 457 score: 193.8546 average_last200: 155.9679 epis: 0.0016 loss: 60.7851 
episode: 639 count: 340 score: 228.7777 average_last200: 155.9839 epis: 0.0016 loss: 41.1879 
episode: 640 count: 806 score: 99.5583 average_last200: 155.2941 epis: 0.0016 loss: 95.1521 
episode: 641 count: 337 score: 246.7882 average_last200: 155.3096 epis: 0.0016 loss: 43.1357 
episode: 642 count: 375 score: 180.9139 average_last200: 155.1347 epis: 0.0016 loss: 43.7097 
episode: 643 count: 642 score: 156.5427 average_last200: 155.7869 epis: 0.0015 loss: 76.5601 
episode: 644 count: 369 score: 192.9809 average_last200: 155.9017 epis: 0.0015 loss: 45.5725 
episode: 645 count: 328 score: 250.2973 average_last200: 156.2687 epis: 0.0015 loss: 38.5464 
episode: 646 count: 237 score: 261.8994 average_last200: 156.4217 epis: 0.0015 loss: 28.8102 
episode: 647 count: 390 score: 231.8515 average_last200: 156.6462 epis: 0.0015 loss: 52.8321 
episode: 648 count: 147 score: 8.6236 average_last200: 155.9369 epis: 0.0015 loss: 17.2596 
episode: 649 count: 111 score: 6.1303 average_last200: 154.7941 epis: 0.0015 loss: 13.7914 
episode: 650 count: 407 score: 192.9375 average_last200: 154.8835 epis: 0.0014 loss: 51.6991 
episode: 651 count: 391 score: 218.0608 average_last200: 155.0353 epis: 0.0014 loss: 47.8632 
episode: 652 count: 182 score: 261.5862 average_last200: 155.2013 epis: 0.0014 loss: 22.8206 
episode: 653 count: 158 score: 10.1401 average_last200: 154.0338 epis: 0.0014 loss: 20.4994 
episode: 654 count: 284 score: 246.8960 average_last200: 154.0477 epis: 0.0014 loss: 33.2246 
episode: 655 count: 382 score: 223.8884 average_last200: 154.2398 epis: 0.0014 loss: 51.9000 
episode: 656 count: 682 score: 155.7273 average_last200: 153.9052 epis: 0.0014 loss: 82.9799 
episode: 657 count: 523 score: 169.2776 average_last200: 153.6189 epis: 0.0013 loss: 63.8836 
episode: 658 count: 590 score: 169.3956 average_last200: 153.6652 epis: 0.0013 loss: 73.7032 
episode: 659 count: 642 score: 138.1195 average_last200: 153.0830 epis: 0.0013 loss: 83.2575 
episode: 660 count: 305 score: 222.0337 average_last200: 153.2052 epis: 0.0013 loss: 43.7465 
episode: 661 count: 366 score: 214.7310 average_last200: 153.9252 epis: 0.0013 loss: 46.2141 
episode: 662 count: 337 score: 219.9825 average_last200: 155.3082 epis: 0.0013 loss: 41.9941 
episode: 663 count: 504 score: 151.4819 average_last200: 154.9176 epis: 0.0013 loss: 65.1492 
episode: 664 count: 668 score: 151.4674 average_last200: 155.6330 epis: 0.0013 loss: 80.5645 
episode: 665 count: 595 score: 142.1871 average_last200: 156.4105 epis: 0.0012 loss: 68.8646 
episode: 666 count: 397 score: 202.8591 average_last200: 156.4319 epis: 0.0012 loss: 50.6317 
episode: 667 count: 151 score: -9.7260 average_last200: 155.5404 epis: 0.0012 loss: 18.5299 
episode: 668 count: 671 score: 151.4495 average_last200: 155.4181 epis: 0.0012 loss: 82.1034 
episode: 669 count: 139 score: -4.7799 average_last200: 154.6830 epis: 0.0012 loss: 19.6002 
episode: 670 count: 366 score: 226.3753 average_last200: 154.7324 epis: 0.0012 loss: 45.7751 
episode: 671 count: 284 score: 232.0669 average_last200: 154.9093 epis: 0.0012 loss: 40.5287 
episode: 672 count: 622 score: 140.3863 average_last200: 154.5614 epis: 0.0012 loss: 83.7334 
episode: 673 count: 164 score: -14.7586 average_last200: 153.5509 epis: 0.0011 loss: 22.2447 
episode: 674 count: 698 score: 132.1272 average_last200: 153.2617 epis: 0.0011 loss: 84.2637 
episode: 675 count: 631 score: 155.9696 average_last200: 152.7973 epis: 0.0011 loss: 75.9127 
episode: 676 count: 179 score: -245.1708 average_last200: 150.5116 epis: 0.0011 loss: 22.9215 
episode: 677 count: 749 score: 136.9928 average_last200: 151.3526 epis: 0.0011 loss: 93.0410 
episode: 678 count: 274 score: 199.5810 average_last200: 151.4669 epis: 0.0011 loss: 31.3319 
episode: 679 count: 468 score: 196.1110 average_last200: 151.2326 epis: 0.0011 loss: 54.4109 
episode: 680 count: 371 score: 226.3761 average_last200: 151.3742 epis: 0.0011 loss: 40.9883 
episode: 681 count: 412 score: 227.8611 average_last200: 151.6669 epis: 0.0011 loss: 56.2773 
episode: 682 count: 417 score: 186.4787 average_last200: 151.4502 epis: 0.0010 loss: 51.9865 
episode: 683 count: 488 score: 188.5564 average_last200: 151.5624 epis: 0.0010 loss: 61.6428 
episode: 684 count: 880 score: 82.1920 average_last200: 151.0633 epis: 0.0010 loss: 110.0469 
episode: 685 count: 234 score: 240.5596 average_last200: 150.9627 epis: 0.0010 loss: 34.8697 
episode: 686 count: 411 score: 202.0452 average_last200: 151.0169 epis: 0.0010 loss: 47.7466 
episode: 687 count: 215 score: 243.6067 average_last200: 151.3628 epis: 0.0010 loss: 28.2316 
episode: 688 count: 955 score: 64.0270 average_last200: 150.6359 epis: 0.0010 loss: 120.1267 
episode: 689 count: 501 score: 174.1769 average_last200: 150.4020 epis: 0.0010 loss: 63.8456 
episode: 690 count: 319 score: 238.6938 average_last200: 151.9565 epis: 0.0010 loss: 32.7045 
episode: 691 count: 212 score: 259.9939 average_last200: 154.5692 epis: 0.0010 loss: 25.9641 
episode: 692 count: 936 score: 87.3878 average_last200: 154.0529 epis: 0.0009 loss: 106.6524 
episode: 693 count: 324 score: 205.2698 average_last200: 154.2177 epis: 0.0009 loss: 43.0373 
episode: 694 count: 1000 score: -78.2969 average_last200: 152.8361 epis: 0.0009 loss: 124.5745 
episode: 695 count: 521 score: 192.0822 average_last200: 152.8117 epis: 0.0009 loss: 63.5123 
episode: 696 count: 1000 score: -73.8203 average_last200: 151.3199 epis: 0.0009 loss: 116.9969 
episode: 697 count: 305 score: 226.3068 average_last200: 151.4575 epis: 0.0009 loss: 34.2339 
episode: 698 count: 313 score: 251.7453 average_last200: 151.4537 epis: 0.0009 loss: 36.3603 
episode: 699 count: 391 score: 219.3809 average_last200: 151.5277 epis: 0.0009 loss: 47.9878 
episode: 700 count: 752 score: 131.4379 average_last200: 151.2481 epis: 0.0009 loss: 92.0606 
episode: 701 count: 369 score: 212.2658 average_last200: 151.6481 epis: 0.0009 loss: 40.6489 
episode: 702 count: 177 score: 22.5903 average_last200: 150.6911 epis: 0.0009 loss: 20.2019 
episode: 703 count: 1000 score: -48.7061 average_last200: 149.3949 epis: 0.0008 loss: 114.1056 
episode: 704 count: 668 score: 132.7125 average_last200: 149.0074 epis: 0.0008 loss: 76.2255 
episode: 705 count: 894 score: 70.0598 average_last200: 148.6271 epis: 0.0008 loss: 96.9833 
episode: 706 count: 485 score: 174.9046 average_last200: 148.3049 epis: 0.0008 loss: 52.2086 
episode: 707 count: 568 score: 142.9337 average_last200: 147.9585 epis: 0.0008 loss: 63.1266 
episode: 708 count: 242 score: 229.8940 average_last200: 148.0698 epis: 0.0008 loss: 26.3197 
episode: 709 count: 398 score: 181.4357 average_last200: 148.3818 epis: 0.0008 loss: 40.4598 
episode: 710 count: 382 score: 182.3103 average_last200: 148.2754 epis: 0.0008 loss: 40.5379 
episode: 711 count: 193 score: -8.6155 average_last200: 147.3540 epis: 0.0008 loss: 20.8068 
episode: 712 count: 701 score: 121.3463 average_last200: 146.9256 epis: 0.0008 loss: 78.6863 
episode: 713 count: 271 score: 217.2231 average_last200: 147.0896 epis: 0.0008 loss: 32.1849 
episode: 714 count: 235 score: 254.2098 average_last200: 147.5250 epis: 0.0008 loss: 24.5952 
episode: 715 count: 346 score: 212.5307 average_last200: 147.5672 epis: 0.0007 loss: 38.5872 
episode: 716 count: 622 score: 133.9453 average_last200: 147.0064 epis: 0.0007 loss: 59.5247 
episode: 717 count: 314 score: 219.4437 average_last200: 147.0829 epis: 0.0007 loss: 34.1471 
episode: 718 count: 229 score: 240.9910 average_last200: 147.0516 epis: 0.0007 loss: 27.7401 
episode: 719 count: 177 score: 11.8104 average_last200: 146.2008 epis: 0.0007 loss: 21.6057 
episode: 720 count: 640 score: 125.9043 average_last200: 146.2091 epis: 0.0007 loss: 76.6355 
episode: 721 count: 285 score: 257.4561 average_last200: 147.1980 epis: 0.0007 loss: 32.4602 
episode: 722 count: 1000 score: -38.2414 average_last200: 145.9937 epis: 0.0007 loss: 115.2181 
episode: 723 count: 637 score: 116.7169 average_last200: 145.7393 epis: 0.0007 loss: 70.5768 
episode: 724 count: 370 score: 206.5062 average_last200: 147.1432 epis: 0.0007 loss: 38.7530 
episode: 725 count: 315 score: 225.6896 average_last200: 147.2817 epis: 0.0007 loss: 31.8183 
episode: 726 count: 286 score: 239.2711 average_last200: 147.4197 epis: 0.0007 loss: 26.5463 
episode: 727 count: 381 score: 173.6630 average_last200: 148.5775 epis: 0.0007 loss: 42.4842 
episode: 728 count: 351 score: 207.0959 average_last200: 148.5999 epis: 0.0007 loss: 40.6266 
episode: 729 count: 268 score: 242.1399 average_last200: 148.9422 epis: 0.0007 loss: 25.1569 
episode: 730 count: 475 score: 241.3372 average_last200: 149.1969 epis: 0.0006 loss: 50.2186 
episode: 731 count: 314 score: 222.8749 average_last200: 149.2401 epis: 0.0006 loss: 34.4209 
episode: 732 count: 235 score: 238.6337 average_last200: 150.7619 epis: 0.0006 loss: 21.4460 
episode: 733 count: 200 score: 11.7151 average_last200: 149.7378 epis: 0.0006 loss: 18.1658 
episode: 734 count: 751 score: 109.7036 average_last200: 150.4625 epis: 0.0006 loss: 82.8362 
episode: 735 count: 318 score: 208.3894 average_last200: 150.3930 epis: 0.0006 loss: 36.6878 
episode: 736 count: 238 score: 245.4383 average_last200: 152.0925 epis: 0.0006 loss: 22.8875 
episode: 737 count: 333 score: 219.8153 average_last200: 155.0750 epis: 0.0006 loss: 34.9705 
episode: 738 count: 1000 score: -36.6839 average_last200: 154.1179 epis: 0.0006 loss: 110.9346 
episode: 739 count: 1000 score: 98.0331 average_last200: 154.6091 epis: 0.0006 loss: 119.8188 
episode: 740 count: 300 score: 220.9898 average_last200: 156.1909 epis: 0.0006 loss: 35.3892 
episode: 741 count: 280 score: 220.3914 average_last200: 158.2204 epis: 0.0006 loss: 37.3192 
episode: 742 count: 637 score: 152.5084 average_last200: 158.3184 epis: 0.0006 loss: 80.6418 
episode: 743 count: 332 score: 237.6731 average_last200: 158.3162 epis: 0.0006 loss: 38.1383 
episode: 744 count: 731 score: 115.0394 average_last200: 158.8057 epis: 0.0006 loss: 88.7159 
episode: 745 count: 281 score: 223.1345 average_last200: 159.8233 epis: 0.0006 loss: 35.8582 
episode: 746 count: 625 score: 137.3350 average_last200: 160.9483 epis: 0.0005 loss: 77.9722 
episode: 747 count: 761 score: 125.2574 average_last200: 160.6573 epis: 0.0005 loss: 85.5072 
episode: 748 count: 295 score: 222.2661 average_last200: 160.9426 epis: 0.0005 loss: 35.7175 
episode: 749 count: 209 score: 12.0336 average_last200: 160.0741 epis: 0.0005 loss: 26.3367 
episode: 750 count: 503 score: 210.5154 average_last200: 160.5041 epis: 0.0005 loss: 58.7160 
episode: 751 count: 480 score: 150.4663 average_last200: 160.3812 epis: 0.0005 loss: 58.6315 
episode: 752 count: 408 score: 177.2072 average_last200: 161.2210 epis: 0.0005 loss: 51.0172 
episode: 753 count: 303 score: 238.8536 average_last200: 161.6768 epis: 0.0005 loss: 42.2827 
episode: 754 count: 426 score: 189.6545 average_last200: 161.3915 epis: 0.0005 loss: 48.3490 
episode: 755 count: 442 score: 161.5837 average_last200: 161.8315 epis: 0.0005 loss: 51.0504 
episode: 756 count: 300 score: 191.7717 average_last200: 162.7153 epis: 0.0005 loss: 34.1234 
episode: 757 count: 265 score: -21.7292 average_last200: 161.8827 epis: 0.0005 loss: 31.2993 
episode: 758 count: 371 score: 186.4539 average_last200: 162.7705 epis: 0.0005 loss: 46.0459 
episode: 759 count: 383 score: 191.4474 average_last200: 163.6303 epis: 0.0005 loss: 48.4283 
episode: 760 count: 577 score: 147.0345 average_last200: 163.5094 epis: 0.0005 loss: 69.2609 
episode: 761 count: 321 score: 234.6893 average_last200: 164.5156 epis: 0.0005 loss: 35.0323 
episode: 762 count: 373 score: 180.5218 average_last200: 164.4518 epis: 0.0005 loss: 39.2202 
episode: 763 count: 807 score: 192.7127 average_last200: 164.5558 epis: 0.0005 loss: 94.7977 
episode: 764 count: 288 score: 188.4535 average_last200: 164.4785 epis: 0.0005 loss: 32.7395 
episode: 765 count: 626 score: 210.7607 average_last200: 164.4636 epis: 0.0005 loss: 72.4598 
episode: 766 count: 334 score: 217.9613 average_last200: 164.5537 epis: 0.0004 loss: 41.3697 
episode: 767 count: 381 score: 166.8902 average_last200: 165.3623 epis: 0.0004 loss: 43.3456 
episode: 768 count: 221 score: 266.5139 average_last200: 165.8918 epis: 0.0004 loss: 24.0503 
episode: 769 count: 198 score: -36.9579 average_last200: 164.6324 epis: 0.0004 loss: 23.1216 
episode: 770 count: 250 score: 207.4307 average_last200: 164.6934 epis: 0.0004 loss: 32.7967 
episode: 771 count: 442 score: 168.6088 average_last200: 164.5495 epis: 0.0004 loss: 50.8614 
episode: 772 count: 248 score: -13.9489 average_last200: 163.4774 epis: 0.0004 loss: 29.9324 
episode: 773 count: 262 score: 241.5906 average_last200: 163.7731 epis: 0.0004 loss: 32.1936 
episode: 774 count: 163 score: 182.6189 average_last200: 163.6709 epis: 0.0004 loss: 18.5243 
episode: 775 count: 730 score: 127.9042 average_last200: 163.2221 epis: 0.0004 loss: 88.0755 
episode: 776 count: 336 score: 196.3647 average_last200: 162.9627 epis: 0.0004 loss: 34.7990 
episode: 777 count: 258 score: 230.2379 average_last200: 163.1636 epis: 0.0004 loss: 24.5294 
episode: 778 count: 468 score: 174.4061 average_last200: 163.1271 epis: 0.0004 loss: 52.1102 
episode: 779 count: 443 score: 182.6651 average_last200: 163.1486 epis: 0.0004 loss: 47.3679 
episode: 780 count: 1000 score: 99.9224 average_last200: 162.6050 epis: 0.0004 loss: 114.1973 
episode: 781 count: 619 score: 164.2387 average_last200: 162.2566 epis: 0.0004 loss: 68.4618 
episode: 782 count: 277 score: 224.0275 average_last200: 162.4293 epis: 0.0004 loss: 30.3105 
episode: 783 count: 260 score: 179.0060 average_last200: 162.4597 epis: 0.0004 loss: 30.4484 
episode: 784 count: 150 score: 15.0840 average_last200: 161.6969 epis: 0.0004 loss: 16.0380 
episode: 785 count: 239 score: 252.8144 average_last200: 162.0199 epis: 0.0004 loss: 29.4772 
episode: 786 count: 611 score: 150.7905 average_last200: 161.5271 epis: 0.0004 loss: 68.7076 
episode: 787 count: 357 score: 205.8783 average_last200: 162.5276 epis: 0.0004 loss: 44.4385 
episode: 788 count: 428 score: 209.7260 average_last200: 162.5715 epis: 0.0004 loss: 45.4676 
episode: 789 count: 795 score: 103.7001 average_last200: 161.8716 epis: 0.0004 loss: 87.6382 
episode: 790 count: 269 score: 216.4980 average_last200: 162.0953 epis: 0.0004 loss: 31.5196 
episode: 791 count: 244 score: 204.0892 average_last200: 161.9878 epis: 0.0003 loss: 28.6605 
episode: 792 count: 262 score: 242.0067 average_last200: 162.1677 epis: 0.0003 loss: 29.7704 
episode: 793 count: 291 score: 243.1783 average_last200: 162.3171 epis: 0.0003 loss: 29.4493 
episode: 794 count: 391 score: 197.5566 average_last200: 162.5224 epis: 0.0003 loss: 45.0873 
episode: 795 count: 693 score: 137.3737 average_last200: 162.0903 epis: 0.0003 loss: 81.3880 
episode: 796 count: 244 score: 235.4703 average_last200: 162.5151 epis: 0.0003 loss: 28.8270 
episode: 797 count: 359 score: 188.9803 average_last200: 162.3029 epis: 0.0003 loss: 45.1286 
episode: 798 count: 276 score: 242.6221 average_last200: 162.6509 epis: 0.0003 loss: 31.8429 
episode: 799 count: 295 score: 224.0528 average_last200: 162.5420 epis: 0.0003 loss: 34.3786 
episode: 800 count: 776 score: 102.8925 average_last200: 161.9681 epis: 0.0003 loss: 95.1756 
episode: 801 count: 424 score: 218.3317 average_last200: 162.1507 epis: 0.0003 loss: 51.8176 
episode: 802 count: 370 score: 177.1928 average_last200: 162.1428 epis: 0.0003 loss: 48.3003 
episode: 803 count: 505 score: 137.5710 average_last200: 161.7472 epis: 0.0003 loss: 60.2225 
episode: 804 count: 356 score: 205.5347 average_last200: 162.0555 epis: 0.0003 loss: 43.1373 
episode: 805 count: 256 score: 209.6166 average_last200: 162.2852 epis: 0.0003 loss: 26.2239 
episode: 806 count: 670 score: 122.1637 average_last200: 161.6653 epis: 0.0003 loss: 79.6043 
episode: 807 count: 356 score: 206.7574 average_last200: 161.9346 epis: 0.0003 loss: 40.2688 
episode: 808 count: 359 score: 216.1320 average_last200: 162.9161 epis: 0.0003 loss: 45.4165 
episode: 809 count: 199 score: 5.4253 average_last200: 161.6963 epis: 0.0003 loss: 23.4127 
episode: 810 count: 258 score: 234.4306 average_last200: 162.0601 epis: 0.0003 loss: 35.7210 
episode: 811 count: 240 score: 239.9397 average_last200: 162.7280 epis: 0.0003 loss: 31.1110 
episode: 812 count: 580 score: 180.9643 average_last200: 163.5507 epis: 0.0003 loss: 69.1679 
episode: 813 count: 251 score: 227.4269 average_last200: 163.8595 epis: 0.0003 loss: 31.4278 
episode: 814 count: 294 score: 229.3095 average_last200: 164.0542 epis: 0.0003 loss: 37.9277 
episode: 815 count: 210 score: 258.1498 average_last200: 164.4015 epis: 0.0003 loss: 29.1783 
episode: 816 count: 240 score: 233.7436 average_last200: 164.2335 epis: 0.0003 loss: 29.6922 
episode: 817 count: 308 score: 234.8354 average_last200: 164.7676 epis: 0.0003 loss: 39.8708 
episode: 818 count: 423 score: 192.4766 average_last200: 164.6516 epis: 0.0003 loss: 52.4604 
episode: 819 count: 334 score: 192.7415 average_last200: 164.7108 epis: 0.0003 loss: 35.9626 
episode: 820 count: 705 score: 142.5441 average_last200: 165.1126 epis: 0.0003 loss: 84.2113 
episode: 821 count: 243 score: 231.3476 average_last200: 165.5973 epis: 0.0003 loss: 32.3989 
episode: 822 count: 131 score: 13.0297 average_last200: 165.0160 epis: 0.0003 loss: 16.5595 
episode: 823 count: 310 score: 166.5570 average_last200: 165.0915 epis: 0.0003 loss: 39.7988 
episode: 824 count: 394 score: 232.1359 average_last200: 165.3271 epis: 0.0003 loss: 46.5207 
episode: 825 count: 231 score: -85.8188 average_last200: 163.9873 epis: 0.0002 loss: 28.0769 
episode: 826 count: 603 score: 144.5512 average_last200: 163.4292 epis: 0.0002 loss: 72.5132 
episode: 827 count: 591 score: 187.1429 average_last200: 163.1946 epis: 0.0002 loss: 78.1890 
episode: 828 count: 275 score: 223.8982 average_last200: 163.7788 epis: 0.0002 loss: 33.1800 
episode: 829 count: 427 score: 187.3982 average_last200: 164.7683 epis: 0.0002 loss: 58.7567 
episode: 830 count: 472 score: 183.4357 average_last200: 165.6552 epis: 0.0002 loss: 61.0784 
episode: 831 count: 599 score: 142.2088 average_last200: 165.3341 epis: 0.0002 loss: 75.1591 
episode: 832 count: 426 score: 183.6078 average_last200: 165.4971 epis: 0.0002 loss: 54.6589 
episode: 833 count: 549 score: 183.4669 average_last200: 165.4084 epis: 0.0002 loss: 71.9090 
episode: 834 count: 479 score: 144.5703 average_last200: 165.4500 epis: 0.0002 loss: 57.5887 
episode: 835 count: 1000 score: -50.1331 average_last200: 164.7691 epis: 0.0002 loss: 124.1908 
episode: 836 count: 238 score: 257.3700 average_last200: 165.2443 epis: 0.0002 loss: 25.3494 
episode: 837 count: 629 score: 207.8806 average_last200: 165.1379 epis: 0.0002 loss: 69.7643 
episode: 838 count: 223 score: 212.1864 average_last200: 165.2295 epis: 0.0002 loss: 24.1774 
episode: 839 count: 702 score: 125.6816 average_last200: 164.7141 epis: 0.0002 loss: 81.9789 
episode: 840 count: 592 score: 136.7012 average_last200: 164.8998 epis: 0.0002 loss: 61.1187 
episode: 841 count: 266 score: 228.1838 average_last200: 164.8067 epis: 0.0002 loss: 31.6931 
episode: 842 count: 338 score: 231.2084 average_last200: 165.0582 epis: 0.0002 loss: 39.4285 
episode: 843 count: 318 score: 215.8657 average_last200: 165.3548 epis: 0.0002 loss: 43.4372 
episode: 844 count: 292 score: 225.1370 average_last200: 165.5156 epis: 0.0002 loss: 30.5590 
episode: 845 count: 268 score: 225.3326 average_last200: 165.3908 epis: 0.0002 loss: 29.8621 
episode: 846 count: 252 score: 233.9582 average_last200: 165.2511 epis: 0.0002 loss: 29.4496 
episode: 847 count: 205 score: 252.0142 average_last200: 165.3519 epis: 0.0002 loss: 23.9972 
episode: 848 count: 368 score: 188.2264 average_last200: 166.2499 epis: 0.0002 loss: 41.9113 
episode: 849 count: 108 score: -19.6274 average_last200: 166.1211 epis: 0.0002 loss: 8.6832 
episode: 850 count: 181 score: 31.9226 average_last200: 165.3160 epis: 0.0002 loss: 19.7207 
episode: 851 count: 272 score: 255.6140 average_last200: 165.5038 epis: 0.0002 loss: 37.2136 
episode: 852 count: 223 score: 260.6460 average_last200: 165.4991 epis: 0.0002 loss: 27.6918 
episode: 853 count: 455 score: 157.7278 average_last200: 166.2371 epis: 0.0002 loss: 50.7316 
episode: 854 count: 211 score: 264.1396 average_last200: 166.3233 epis: 0.0002 loss: 25.9222 
episode: 855 count: 581 score: 128.4124 average_last200: 165.8459 epis: 0.0002 loss: 74.2119 
episode: 856 count: 431 score: 197.5743 average_last200: 166.0551 epis: 0.0002 loss: 52.8555 
episode: 857 count: 764 score: 122.2136 average_last200: 165.8198 epis: 0.0002 loss: 95.6571 
episode: 858 count: 513 score: 183.0517 average_last200: 165.8881 epis: 0.0002 loss: 58.7494 
episode: 859 count: 198 score: 241.3791 average_last200: 166.4044 epis: 0.0002 loss: 22.4018 
episode: 860 count: 895 score: 77.5580 average_last200: 165.6820 epis: 0.0002 loss: 97.5257 
episode: 861 count: 1000 score: 62.5581 average_last200: 164.9211 epis: 0.0002 loss: 115.2331 
episode: 862 count: 910 score: 88.4589 average_last200: 164.2635 epis: 0.0002 loss: 107.1968 
episode: 863 count: 596 score: 143.7717 average_last200: 164.2250 epis: 0.0002 loss: 70.0584 
episode: 864 count: 921 score: 116.6997 average_last200: 164.0511 epis: 0.0002 loss: 105.9053 
episode: 865 count: 624 score: 129.8556 average_last200: 163.9895 epis: 0.0002 loss: 70.9510 
episode: 866 count: 516 score: 187.8441 average_last200: 163.9144 epis: 0.0002 loss: 59.1295 
episode: 867 count: 597 score: 184.8380 average_last200: 164.8872 epis: 0.0002 loss: 63.4045 
episode: 868 count: 575 score: 157.2469 average_last200: 164.9162 epis: 0.0002 loss: 67.1508 
episode: 869 count: 471 score: 187.7236 average_last200: 165.8787 epis: 0.0002 loss: 54.3917 
episode: 870 count: 695 score: 156.7597 average_last200: 165.5306 epis: 0.0002 loss: 75.5242 
episode: 871 count: 695 score: 110.2391 average_last200: 164.9215 epis: 0.0002 loss: 67.2318 
episode: 872 count: 764 score: 139.8119 average_last200: 164.9186 epis: 0.0002 loss: 87.7702 
episode: 873 count: 1000 score: 11.3443 average_last200: 165.0492 epis: 0.0002 loss: 112.9950 
episode: 874 count: 406 score: 194.8728 average_last200: 165.3629 epis: 0.0002 loss: 43.0594 
episode: 875 count: 1000 score: 76.7663 average_last200: 164.9669 epis: 0.0002 loss: 108.4387 
episode: 876 count: 1000 score: -16.7772 average_last200: 166.1088 epis: 0.0001 loss: 115.8917 
episode: 877 count: 455 score: 198.1450 average_last200: 166.4146 epis: 0.0001 loss: 52.1400 
episode: 878 count: 324 score: 194.2308 average_last200: 166.3878 epis: 0.0001 loss: 43.8727 
episode: 879 count: 281 score: 204.9573 average_last200: 166.4321 epis: 0.0001 loss: 32.8909 
episode: 880 count: 370 score: 176.9503 average_last200: 166.1849 epis: 0.0001 loss: 39.0721 
episode: 881 count: 278 score: 196.3963 average_last200: 166.0276 epis: 0.0001 loss: 28.8697 
episode: 882 count: 871 score: 86.1065 average_last200: 165.5258 epis: 0.0001 loss: 105.0785 
episode: 883 count: 566 score: 140.4452 average_last200: 165.2852 epis: 0.0001 loss: 57.3956 
episode: 884 count: 405 score: 194.0170 average_last200: 165.8443 epis: 0.0001 loss: 42.7265 
episode: 885 count: 346 score: 237.4890 average_last200: 165.8290 epis: 0.0001 loss: 36.2332 
episode: 886 count: 402 score: 161.5685 average_last200: 165.6266 epis: 0.0001 loss: 43.6913 
episode: 887 count: 374 score: 166.3607 average_last200: 165.2404 epis: 0.0001 loss: 39.5162 
episode: 888 count: 284 score: 186.0164 average_last200: 165.8503 epis: 0.0001 loss: 31.5032 
episode: 889 count: 149 score: -83.2406 average_last200: 164.5632 epis: 0.0001 loss: 14.5649 
episode: 890 count: 489 score: 184.1389 average_last200: 164.2904 epis: 0.0001 loss: 58.8314 
episode: 891 count: 267 score: 240.4790 average_last200: 164.1929 epis: 0.0001 loss: 28.2485 
episode: 892 count: 286 score: 251.3788 average_last200: 165.0128 epis: 0.0001 loss: 28.9032 
episode: 893 count: 267 score: 235.4238 average_last200: 165.1636 epis: 0.0001 loss: 28.1264 
episode: 894 count: 225 score: 236.7609 average_last200: 166.7389 epis: 0.0001 loss: 28.7592 
episode: 895 count: 332 score: 188.4069 average_last200: 166.7205 epis: 0.0001 loss: 35.3992 
episode: 896 count: 539 score: 152.6280 average_last200: 167.8527 epis: 0.0001 loss: 66.5699 
episode: 897 count: 477 score: 173.7702 average_last200: 167.5901 epis: 0.0001 loss: 53.9164 
episode: 898 count: 531 score: 175.9020 average_last200: 167.2108 epis: 0.0001 loss: 57.2541 
episode: 899 count: 223 score: 231.0367 average_last200: 167.2691 epis: 0.0001 loss: 28.2194 
episode: 900 count: 373 score: 181.1179 average_last200: 167.5175 epis: 0.0001 loss: 42.1926 
episode: 901 count: 293 score: 246.6927 average_last200: 167.6897 epis: 0.0001 loss: 33.5396 
episode: 902 count: 323 score: 176.8987 average_last200: 168.4612 epis: 0.0001 loss: 36.4310 
episode: 903 count: 500 score: 151.8745 average_last200: 169.4641 epis: 0.0001 loss: 59.2296 
episode: 904 count: 295 score: 206.6695 average_last200: 169.8339 epis: 0.0001 loss: 33.3673 
episode: 905 count: 638 score: 110.3024 average_last200: 170.0351 epis: 0.0001 loss: 66.3324 
episode: 906 count: 261 score: 219.8598 average_last200: 170.2599 epis: 0.0001 loss: 26.8623 
episode: 907 count: 395 score: 193.2269 average_last200: 170.5113 epis: 0.0001 loss: 40.8635 
episode: 908 count: 240 score: 208.2048 average_last200: 170.4029 epis: 0.0001 loss: 24.6400 
episode: 909 count: 539 score: 172.5418 average_last200: 170.3584 epis: 0.0001 loss: 62.6374 
episode: 910 count: 683 score: 170.6421 average_last200: 170.3001 epis: 0.0001 loss: 75.9928 
episode: 911 count: 366 score: 188.5001 average_last200: 171.2857 epis: 0.0001 loss: 39.4156 
episode: 912 count: 351 score: 168.2946 average_last200: 171.5204 epis: 0.0001 loss: 44.6092 
episode: 913 count: 369 score: 195.8656 average_last200: 171.4136 epis: 0.0001 loss: 45.3580 
episode: 914 count: 322 score: 173.0318 average_last200: 171.0077 epis: 0.0001 loss: 32.5699 
episode: 915 count: 312 score: 247.8849 average_last200: 171.1845 epis: 0.0001 loss: 38.9600 
episode: 916 count: 291 score: 215.7293 average_last200: 171.5934 epis: 0.0001 loss: 34.6475 
episode: 917 count: 246 score: 236.0170 average_last200: 171.6763 epis: 0.0001 loss: 32.3530 
episode: 918 count: 437 score: 193.8831 average_last200: 171.4408 epis: 0.0001 loss: 51.1478 
episode: 919 count: 1000 score: 42.3766 average_last200: 171.5936 epis: 0.0001 loss: 116.7147 
episode: 920 count: 665 score: 178.9011 average_last200: 171.8586 epis: 0.0001 loss: 81.8016 
episode: 921 count: 1000 score: 71.0595 average_last200: 170.9266 epis: 0.0001 loss: 123.5105 
episode: 922 count: 491 score: 179.9590 average_last200: 172.0176 epis: 0.0001 loss: 56.7173 
episode: 923 count: 316 score: 237.5651 average_last200: 172.6218 epis: 0.0001 loss: 33.6342 
episode: 924 count: 235 score: -27.6533 average_last200: 171.4510 epis: 0.0001 loss: 22.4918 
episode: 925 count: 1000 score: -8.3031 average_last200: 170.2811 epis: 0.0001 loss: 120.2653 
episode: 926 count: 698 score: 137.2596 average_last200: 169.7710 epis: 0.0001 loss: 77.8608 
episode: 927 count: 1000 score: 50.0199 average_last200: 169.1528 epis: 0.0001 loss: 122.3464 
episode: 928 count: 368 score: 191.5220 average_last200: 169.0749 epis: 0.0001 loss: 42.1257 
episode: 929 count: 361 score: 187.0405 average_last200: 168.7994 epis: 0.0001 loss: 40.0632 
episode: 930 count: 405 score: 205.5979 average_last200: 168.6207 epis: 0.0001 loss: 43.6401 
episode: 931 count: 317 score: 182.3405 average_last200: 168.4181 epis: 0.0001 loss: 34.5013 
episode: 932 count: 923 score: -214.4210 average_last200: 166.1528 epis: 0.0001 loss: 95.7588 
episode: 933 count: 266 score: -4.8343 average_last200: 166.0700 epis: 0.0001 loss: 29.9844 
episode: 934 count: 209 score: -66.1107 average_last200: 165.1910 epis: 0.0001 loss: 19.3257 
episode: 935 count: 882 score: -221.0681 average_last200: 163.0437 epis: 0.0001 loss: 89.6305 
episode: 936 count: 383 score: 207.4566 average_last200: 162.8538 epis: 0.0001 loss: 36.1171 
episode: 937 count: 227 score: 243.0959 average_last200: 162.9702 epis: 0.0001 loss: 24.0748 
episode: 938 count: 231 score: 235.0286 average_last200: 164.3287 epis: 0.0001 loss: 27.1417 
episode: 939 count: 639 score: -199.3497 average_last200: 162.8418 epis: 0.0001 loss: 66.8132 
episode: 940 count: 1000 score: -3.5397 average_last200: 161.7192 epis: 0.0001 loss: 110.1268 
episode: 941 count: 344 score: -80.0283 average_last200: 160.2171 epis: 0.0001 loss: 40.1551 
episode: 942 count: 391 score: 115.5268 average_last200: 160.0322 epis: 0.0001 loss: 47.7189 
episode: 943 count: 1000 score: -110.2417 average_last200: 158.2926 epis: 0.0001 loss: 117.2833 
episode: 944 count: 300 score: 232.3599 average_last200: 158.8792 epis: 0.0001 loss: 35.4594 
episode: 945 count: 538 score: -321.0424 average_last200: 156.1583 epis: 0.0001 loss: 65.9893 
episode: 946 count: 353 score: 221.6634 average_last200: 156.5800 epis: 0.0001 loss: 44.2014 
episode: 947 count: 553 score: 85.0213 average_last200: 156.3788 epis: 0.0001 loss: 70.2662 
episode: 948 count: 444 score: 190.3691 average_last200: 156.2193 epis: 0.0001 loss: 54.5428 
episode: 949 count: 883 score: -234.3669 average_last200: 154.9873 epis: 0.0001 loss: 111.8703 
episode: 950 count: 285 score: 235.5985 average_last200: 155.1127 epis: 0.0001 loss: 39.0347 
episode: 951 count: 1000 score: 60.8349 average_last200: 154.6645 epis: 0.0001 loss: 126.3382 
episode: 952 count: 1000 score: -165.2754 average_last200: 152.9521 epis: 0.0001 loss: 122.3065 
episode: 953 count: 556 score: 164.7801 average_last200: 152.5818 epis: 0.0001 loss: 69.1759 
episode: 954 count: 1000 score: 32.7549 average_last200: 151.7973 epis: 0.0001 loss: 119.1600 
episode: 955 count: 315 score: 215.9093 average_last200: 152.0689 epis: 0.0001 loss: 38.3976 
episode: 956 count: 1000 score: -118.9429 average_last200: 150.5153 epis: 0.0001 loss: 117.2070 
episode: 957 count: 967 score: 27.0274 average_last200: 150.7591 epis: 0.0001 loss: 114.0387 
episode: 958 count: 680 score: 140.8637 average_last200: 150.5311 epis: 0.0001 loss: 75.4798 
episode: 959 count: 1000 score: -142.4522 average_last200: 148.8617 epis: 0.0001 loss: 115.4553 
episode: 960 count: 1000 score: 41.8546 average_last200: 148.3358 epis: 0.0001 loss: 110.2068 
episode: 961 count: 384 score: 222.6498 average_last200: 148.2756 epis: 0.0001 loss: 40.2895 
episode: 962 count: 285 score: 251.5182 average_last200: 148.6305 epis: 0.0001 loss: 31.9441 
episode: 963 count: 590 score: 125.1626 average_last200: 148.2928 epis: 0.0001 loss: 64.8013 
episode: 964 count: 1000 score: 69.8224 average_last200: 147.6996 epis: 0.0001 loss: 106.0475 
episode: 965 count: 389 score: 198.2542 average_last200: 147.6371 epis: 0.0001 loss: 41.8746 
episode: 966 count: 254 score: 226.2352 average_last200: 147.6785 epis: 0.0001 loss: 27.4914 
episode: 967 count: 366 score: 223.1220 average_last200: 147.9596 epis: 0.0001 loss: 37.8561 
episode: 968 count: 324 score: 241.4486 average_last200: 147.8343 epis: 0.0001 loss: 36.6468 
episode: 969 count: 252 score: 227.9533 average_last200: 149.1589 epis: 0.0001 loss: 28.0613 
episode: 970 count: 637 score: 113.9416 average_last200: 148.6914 epis: 0.0001 loss: 64.8974 
episode: 971 count: 233 score: 262.1144 average_last200: 149.1589 epis: 0.0001 loss: 20.2790 
episode: 972 count: 527 score: 157.9122 average_last200: 150.0182 epis: 0.0001 loss: 51.1030 
episode: 973 count: 185 score: 18.2590 average_last200: 148.9016 epis: 0.0001 loss: 18.4758 
episode: 974 count: 358 score: 223.6881 average_last200: 149.1069 epis: 0.0001 loss: 39.4542 
episode: 975 count: 400 score: 225.1281 average_last200: 149.5931 epis: 0.0001 loss: 41.5886 
episode: 976 count: 226 score: 0.1978 average_last200: 148.6122 epis: 0.0001 loss: 24.6657 
episode: 977 count: 1000 score: -19.0084 average_last200: 147.3660 epis: 0.0001 loss: 99.0622 
episode: 978 count: 647 score: 117.3729 average_last200: 147.0808 epis: 0.0001 loss: 61.0510 
episode: 979 count: 602 score: 134.3057 average_last200: 146.8390 epis: 0.0001 loss: 59.1537 
episode: 980 count: 215 score: 20.6765 average_last200: 146.4428 epis: 0.0001 loss: 20.5204 
episode: 981 count: 683 score: 131.0096 average_last200: 146.2766 epis: 0.0001 loss: 71.8968 
episode: 982 count: 543 score: 151.7038 average_last200: 145.9150 epis: 0.0001 loss: 52.8405 
episode: 983 count: 310 score: 244.2925 average_last200: 146.2415 epis: 0.0001 loss: 27.6776 
episode: 984 count: 822 score: 88.0924 average_last200: 146.6065 epis: 0.0001 loss: 89.7152 
episode: 985 count: 382 score: 231.7561 average_last200: 146.5012 epis: 0.0000 loss: 34.8757 
episode: 986 count: 674 score: 130.8503 average_last200: 146.4015 epis: 0.0000 loss: 65.1897 
episode: 987 count: 150 score: -119.6611 average_last200: 144.7738 epis: 0.0000 loss: 15.7889 
episode: 988 count: 862 score: 113.3349 average_last200: 144.2919 epis: 0.0000 loss: 84.6452 
episode: 989 count: 711 score: 144.6730 average_last200: 144.4967 epis: 0.0000 loss: 65.0619 
episode: 990 count: 199 score: 31.8351 average_last200: 143.5734 epis: 0.0000 loss: 17.4450 
episode: 991 count: 404 score: 191.8897 average_last200: 143.5124 epis: 0.0000 loss: 35.9313 
episode: 992 count: 550 score: 166.8037 average_last200: 143.1364 epis: 0.0000 loss: 56.6317 
episode: 993 count: 434 score: 202.4267 average_last200: 142.9326 epis: 0.0000 loss: 43.8768 
episode: 994 count: 520 score: 190.3060 average_last200: 142.8964 epis: 0.0000 loss: 50.7550 
episode: 995 count: 608 score: 151.7182 average_last200: 142.9681 epis: 0.0000 loss: 60.6633 
episode: 996 count: 720 score: 123.8480 average_last200: 142.4100 epis: 0.0000 loss: 69.7753 
episode: 997 count: 736 score: 121.9150 average_last200: 142.0747 epis: 0.0000 loss: 72.2820 
episode: 998 count: 607 score: 141.5405 average_last200: 141.5693 epis: 0.0000 loss: 55.2038 
episode: 999 count: 509 score: 159.9987 average_last200: 141.2490 epis: 0.0000 loss: 54.4487 
