[33mWARN: gym.spaces.Box autodetected dtype as <class 'numpy.float32'>. Please provide explicit dtype.[0m
All para: Epis 1000 memlen 50000 gamma 0.990 epsilon 0.990 alpha 0.00050 batch 150 upfreq 500
episode: 0 count: 103 score: -201.7553 average_last200: -201.7553 epis: 0.9900 loss: 0.0000 
episode: 1 count: 84 score: -166.6921 average_last200: -184.2237 epis: 0.9801 loss: 0.0000 
episode: 2 count: 127 score: -140.9426 average_last200: -169.7967 epis: 0.9703 loss: 0.0000 
episode: 3 count: 98 score: -151.9605 average_last200: -165.3376 epis: 0.9606 loss: 0.0000 
episode: 4 count: 71 score: -305.0290 average_last200: -193.2759 epis: 0.9510 loss: 0.0000 
episode: 5 count: 124 score: -219.4452 average_last200: -197.6374 epis: 0.9415 loss: 0.0000 
episode: 6 count: 136 score: -149.6131 average_last200: -190.7768 epis: 0.9321 loss: 0.0000 
episode: 7 count: 105 score: -416.8472 average_last200: -219.0356 epis: 0.9227 loss: 0.0000 
episode: 8 count: 88 score: -384.5283 average_last200: -237.4237 epis: 0.9135 loss: 0.0000 
episode: 9 count: 103 score: -394.0600 average_last200: -253.0873 epis: 0.9044 loss: 22.9021 
episode: 10 count: 93 score: -379.6854 average_last200: -264.5962 epis: 0.8953 loss: 47.9582 
episode: 11 count: 73 score: -144.0976 average_last200: -254.5547 epis: 0.8864 loss: 33.5372 
episode: 12 count: 111 score: -255.1051 average_last200: -254.5970 epis: 0.8775 loss: 46.2940 
episode: 13 count: 138 score: -346.1359 average_last200: -261.1355 epis: 0.8687 loss: 48.7249 
episode: 14 count: 90 score: -169.5728 average_last200: -255.0313 epis: 0.8601 loss: 33.2916 
episode: 15 count: 108 score: -154.0125 average_last200: -248.7177 epis: 0.8515 loss: 34.9936 
episode: 16 count: 100 score: -39.3543 average_last200: -236.4022 epis: 0.8429 loss: 30.8543 
episode: 17 count: 113 score: -272.6749 average_last200: -238.4173 epis: 0.8345 loss: 36.5671 
episode: 18 count: 78 score: -132.4486 average_last200: -232.8400 epis: 0.8262 loss: 25.3638 
episode: 19 count: 120 score: -149.1114 average_last200: -228.6536 epis: 0.8179 loss: 43.2834 
episode: 20 count: 171 score: -272.1788 average_last200: -230.7262 epis: 0.8097 loss: 57.5308 
episode: 21 count: 133 score: -268.5751 average_last200: -232.4466 epis: 0.8016 loss: 38.9909 
episode: 22 count: 125 score: -85.4028 average_last200: -226.0534 epis: 0.7936 loss: 37.4375 
episode: 23 count: 78 score: -168.0089 average_last200: -223.6349 epis: 0.7857 loss: 26.7408 
episode: 24 count: 118 score: -158.1729 average_last200: -221.0164 epis: 0.7778 loss: 39.1187 
episode: 25 count: 130 score: -438.6377 average_last200: -229.3865 epis: 0.7700 loss: 36.4192 
episode: 26 count: 177 score: -192.8099 average_last200: -228.0318 epis: 0.7623 loss: 49.3686 
episode: 27 count: 118 score: -334.0073 average_last200: -231.8166 epis: 0.7547 loss: 36.3732 
episode: 28 count: 98 score: -96.3408 average_last200: -227.1450 epis: 0.7472 loss: 29.3403 
episode: 29 count: 137 score: -111.9683 average_last200: -223.3058 epis: 0.7397 loss: 35.9542 
episode: 30 count: 159 score: -90.4915 average_last200: -219.0215 epis: 0.7323 loss: 47.1614 
episode: 31 count: 112 score: -164.0270 average_last200: -217.3029 epis: 0.7250 loss: 31.6939 
episode: 32 count: 132 score: -184.5925 average_last200: -216.3117 epis: 0.7177 loss: 40.2748 
episode: 33 count: 121 score: -384.0433 average_last200: -221.2450 epis: 0.7106 loss: 32.9885 
episode: 34 count: 121 score: -160.5801 average_last200: -219.5117 epis: 0.7034 loss: 34.1007 
episode: 35 count: 137 score: -190.9014 average_last200: -218.7169 epis: 0.6964 loss: 42.7374 
episode: 36 count: 98 score: -133.8695 average_last200: -216.4238 epis: 0.6894 loss: 28.8281 
episode: 37 count: 82 score: -96.4004 average_last200: -213.2653 epis: 0.6826 loss: 22.4995 
episode: 38 count: 105 score: -122.5209 average_last200: -210.9385 epis: 0.6757 loss: 33.0615 
episode: 39 count: 98 score: -128.1468 average_last200: -208.8687 epis: 0.6690 loss: 30.2215 
episode: 40 count: 133 score: -108.5549 average_last200: -206.4220 epis: 0.6623 loss: 39.5767 
episode: 41 count: 118 score: -133.8692 average_last200: -204.6946 epis: 0.6557 loss: 35.8084 
episode: 42 count: 151 score: -164.7559 average_last200: -203.7658 epis: 0.6491 loss: 40.1125 
episode: 43 count: 116 score: -16.0434 average_last200: -199.4993 epis: 0.6426 loss: 35.9622 
episode: 44 count: 138 score: -55.4899 average_last200: -196.2991 epis: 0.6362 loss: 39.1871 
episode: 45 count: 103 score: -242.4113 average_last200: -197.3016 epis: 0.6298 loss: 30.4674 
episode: 46 count: 111 score: -105.4161 average_last200: -195.3466 epis: 0.6235 loss: 30.8631 
episode: 47 count: 137 score: -130.3169 average_last200: -193.9918 epis: 0.6173 loss: 35.8811 
episode: 48 count: 101 score: -131.3743 average_last200: -192.7139 epis: 0.6111 loss: 31.2627 
episode: 49 count: 111 score: -15.0421 average_last200: -189.1604 epis: 0.6050 loss: 31.7544 
episode: 50 count: 175 score: -131.1645 average_last200: -188.0233 epis: 0.5990 loss: 50.5648 
episode: 51 count: 226 score: -76.6328 average_last200: -185.8811 epis: 0.5930 loss: 67.6467 
episode: 52 count: 81 score: -124.6304 average_last200: -184.7255 epis: 0.5870 loss: 22.2374 
episode: 53 count: 141 score: -56.7181 average_last200: -182.3549 epis: 0.5812 loss: 41.1969 
episode: 54 count: 195 score: -61.0668 average_last200: -180.1497 epis: 0.5754 loss: 57.9823 
episode: 55 count: 125 score: -25.2300 average_last200: -177.3833 epis: 0.5696 loss: 36.3449 
episode: 56 count: 177 score: -91.3001 average_last200: -175.8731 epis: 0.5639 loss: 47.5833 
episode: 57 count: 174 score: -114.8110 average_last200: -174.8203 epis: 0.5583 loss: 45.8073 
episode: 58 count: 123 score: -70.1123 average_last200: -173.0455 epis: 0.5527 loss: 37.0579 
episode: 59 count: 62 score: -84.3477 average_last200: -171.5673 epis: 0.5472 loss: 17.6936 
episode: 60 count: 166 score: -89.6719 average_last200: -170.2247 epis: 0.5417 loss: 43.8502 
episode: 61 count: 123 score: -108.8446 average_last200: -169.2347 epis: 0.5363 loss: 30.4748 
episode: 62 count: 262 score: -71.3503 average_last200: -167.6810 epis: 0.5309 loss: 73.7424 
episode: 63 count: 125 score: -24.6109 average_last200: -165.4455 epis: 0.5256 loss: 33.0742 
episode: 64 count: 77 score: -102.9334 average_last200: -164.4838 epis: 0.5203 loss: 24.5159 
episode: 65 count: 177 score: -102.9523 average_last200: -163.5515 epis: 0.5151 loss: 53.7912 
episode: 66 count: 105 score: -62.4676 average_last200: -162.0428 epis: 0.5100 loss: 31.8337 
episode: 67 count: 143 score: -29.7397 average_last200: -160.0971 epis: 0.5049 loss: 42.5179 
episode: 68 count: 201 score: -118.5690 average_last200: -159.4953 epis: 0.4998 loss: 59.5816 
episode: 69 count: 273 score: -212.0513 average_last200: -160.2461 epis: 0.4948 loss: 81.5301 
episode: 70 count: 447 score: -107.4230 average_last200: -159.5021 epis: 0.4899 loss: 141.0025 
episode: 71 count: 199 score: -109.2045 average_last200: -158.8035 epis: 0.4850 loss: 58.9280 
episode: 72 count: 222 score: -91.8131 average_last200: -157.8858 epis: 0.4801 loss: 69.8511 
episode: 73 count: 70 score: -73.9154 average_last200: -156.7511 epis: 0.4753 loss: 20.5658 
episode: 74 count: 98 score: -65.1873 average_last200: -155.5303 epis: 0.4706 loss: 29.9033 
episode: 75 count: 432 score: -35.9598 average_last200: -153.9570 epis: 0.4659 loss: 127.5508 
episode: 76 count: 260 score: -106.0959 average_last200: -153.3354 epis: 0.4612 loss: 82.9305 
episode: 77 count: 102 score: -25.4790 average_last200: -151.6962 epis: 0.4566 loss: 33.7525 
episode: 78 count: 372 score: -104.0431 average_last200: -151.0930 epis: 0.4520 loss: 117.7782 
episode: 79 count: 835 score: -181.3216 average_last200: -151.4709 epis: 0.4475 loss: 266.2958 
episode: 80 count: 84 score: -123.6447 average_last200: -151.1273 epis: 0.4430 loss: 28.8224 
episode: 81 count: 239 score: -53.9850 average_last200: -149.9427 epis: 0.4386 loss: 78.4624 
episode: 82 count: 218 score: -57.4139 average_last200: -148.8279 epis: 0.4342 loss: 73.7658 
episode: 83 count: 1000 score: -67.8709 average_last200: -147.8641 epis: 0.4299 loss: 351.5727 
episode: 84 count: 218 score: -82.8613 average_last200: -147.0993 epis: 0.4256 loss: 76.0003 
episode: 85 count: 483 score: -125.4887 average_last200: -146.8481 epis: 0.4213 loss: 160.4479 
episode: 86 count: 360 score: -106.4409 average_last200: -146.3836 epis: 0.4171 loss: 124.3697 
episode: 87 count: 279 score: -44.8034 average_last200: -145.2293 epis: 0.4129 loss: 98.1016 
episode: 88 count: 1000 score: -71.5375 average_last200: -144.4013 epis: 0.4088 loss: 372.4663 
episode: 89 count: 1000 score: -91.1087 average_last200: -143.8092 epis: 0.4047 loss: 387.4825 
episode: 90 count: 1000 score: -109.0921 average_last200: -143.4276 epis: 0.4007 loss: 396.3610 
episode: 91 count: 1000 score: -69.0328 average_last200: -142.6190 epis: 0.3967 loss: 394.2886 
episode: 92 count: 1000 score: -131.7492 average_last200: -142.5021 epis: 0.3927 loss: 425.6874 
episode: 93 count: 500 score: -219.9947 average_last200: -143.3265 epis: 0.3888 loss: 222.0096 
episode: 94 count: 890 score: -273.9972 average_last200: -144.7020 epis: 0.3849 loss: 387.4418 
episode: 95 count: 176 score: -48.9094 average_last200: -143.7042 epis: 0.3810 loss: 72.8876 
episode: 96 count: 97 score: -28.4677 average_last200: -142.5162 epis: 0.3772 loss: 39.2917 
episode: 97 count: 186 score: -34.2120 average_last200: -141.4110 epis: 0.3735 loss: 82.9443 
episode: 98 count: 1000 score: -61.2437 average_last200: -140.6012 epis: 0.3697 loss: 446.9942 
episode: 99 count: 130 score: -10.4450 average_last200: -139.2997 epis: 0.3660 loss: 61.3636 
episode: 100 count: 1000 score: 16.9903 average_last200: -137.7523 epis: 0.3624 loss: 481.1633 
episode: 101 count: 110 score: -49.9027 average_last200: -136.8910 epis: 0.3587 loss: 56.0208 
episode: 102 count: 1000 score: -101.3490 average_last200: -136.5459 epis: 0.3552 loss: 511.9692 
episode: 103 count: 973 score: -213.7022 average_last200: -137.2878 epis: 0.3516 loss: 519.6994 
episode: 104 count: 235 score: -32.9383 average_last200: -136.2940 epis: 0.3481 loss: 123.8742 
episode: 105 count: 83 score: -35.8392 average_last200: -135.3463 epis: 0.3446 loss: 47.7525 
episode: 106 count: 96 score: -47.7951 average_last200: -134.5281 epis: 0.3412 loss: 53.5272 
episode: 107 count: 1000 score: -54.0351 average_last200: -133.7828 epis: 0.3378 loss: 535.2664 
episode: 108 count: 1000 score: -83.8398 average_last200: -133.3246 epis: 0.3344 loss: 541.2068 
episode: 109 count: 1000 score: -4.1043 average_last200: -132.1498 epis: 0.3310 loss: 530.1575 
episode: 110 count: 128 score: -41.5672 average_last200: -131.3338 epis: 0.3277 loss: 75.3981 
episode: 111 count: 342 score: -65.1642 average_last200: -130.7430 epis: 0.3244 loss: 188.7634 
episode: 112 count: 1000 score: -126.0826 average_last200: -130.7017 epis: 0.3212 loss: 577.0100 
episode: 113 count: 1000 score: -4.8243 average_last200: -129.5976 epis: 0.3180 loss: 568.4091 
episode: 114 count: 1000 score: 35.2994 average_last200: -128.1637 epis: 0.3148 loss: 585.9665 
episode: 115 count: 1000 score: -63.6060 average_last200: -127.6071 epis: 0.3117 loss: 579.2425 
episode: 116 count: 1000 score: 3.4802 average_last200: -126.4867 epis: 0.3085 loss: 597.4829 
episode: 117 count: 126 score: -19.8252 average_last200: -125.5828 epis: 0.3055 loss: 71.7055 
episode: 118 count: 1000 score: -12.2087 average_last200: -124.6301 epis: 0.3024 loss: 580.8142 
episode: 119 count: 1000 score: 72.5790 average_last200: -122.9867 epis: 0.2994 loss: 580.3189 
episode: 120 count: 1000 score: -42.9693 average_last200: -122.3254 epis: 0.2964 loss: 589.8005 
episode: 121 count: 1000 score: -34.7606 average_last200: -121.6076 epis: 0.2934 loss: 572.4051 
episode: 122 count: 1000 score: -71.4302 average_last200: -121.1997 epis: 0.2905 loss: 546.8964 
episode: 123 count: 939 score: 77.0593 average_last200: -119.6008 epis: 0.2876 loss: 508.0736 
episode: 124 count: 1000 score: 27.6119 average_last200: -118.4231 epis: 0.2847 loss: 541.6728 
episode: 125 count: 1000 score: -48.9028 average_last200: -117.8714 epis: 0.2819 loss: 549.1325 
episode: 126 count: 276 score: -67.9622 average_last200: -117.4784 epis: 0.2790 loss: 153.3868 
episode: 127 count: 1000 score: 28.0278 average_last200: -116.3416 epis: 0.2763 loss: 539.5962 
episode: 128 count: 1000 score: 52.4168 average_last200: -115.0334 epis: 0.2735 loss: 535.5678 
episode: 129 count: 1000 score: -10.6536 average_last200: -114.2305 epis: 0.2708 loss: 539.3576 
episode: 130 count: 1000 score: 22.3394 average_last200: -113.1880 epis: 0.2680 loss: 542.8032 
episode: 131 count: 1000 score: 1.5145 average_last200: -112.3190 epis: 0.2654 loss: 563.7614 
episode: 132 count: 1000 score: -18.0276 average_last200: -111.6101 epis: 0.2627 loss: 555.1603 
episode: 133 count: 1000 score: 46.3216 average_last200: -110.4315 epis: 0.2601 loss: 534.9086 
episode: 134 count: 1000 score: 5.6128 average_last200: -109.5719 epis: 0.2575 loss: 537.5018 
episode: 135 count: 701 score: 193.7851 average_last200: -107.3413 epis: 0.2549 loss: 361.2991 
episode: 136 count: 1000 score: 53.4528 average_last200: -106.1676 epis: 0.2524 loss: 512.5065 
episode: 137 count: 1000 score: -147.8797 average_last200: -106.4699 epis: 0.2498 loss: 520.3233 
episode: 138 count: 1000 score: 4.9166 average_last200: -105.6686 epis: 0.2473 loss: 509.2521 
episode: 139 count: 874 score: 161.0877 average_last200: -103.7632 epis: 0.2449 loss: 444.0350 
episode: 140 count: 122 score: -40.0240 average_last200: -103.3111 epis: 0.2424 loss: 61.7186 
episode: 141 count: 1000 score: -93.8110 average_last200: -103.2442 epis: 0.2400 loss: 490.4772 
episode: 142 count: 821 score: 144.1939 average_last200: -101.5139 epis: 0.2376 loss: 394.4885 
episode: 143 count: 363 score: 224.8649 average_last200: -99.2473 epis: 0.2352 loss: 175.7787 
episode: 144 count: 1000 score: -12.2124 average_last200: -98.6471 epis: 0.2329 loss: 464.0525 
episode: 145 count: 1000 score: 60.8187 average_last200: -97.5549 epis: 0.2305 loss: 455.3202 
episode: 146 count: 1000 score: 73.0985 average_last200: -96.3940 epis: 0.2282 loss: 449.8673 
episode: 147 count: 215 score: -13.1633 average_last200: -95.8316 epis: 0.2259 loss: 96.1034 
episode: 148 count: 1000 score: 67.8697 average_last200: -94.7329 epis: 0.2237 loss: 432.4599 
episode: 149 count: 961 score: 110.2154 average_last200: -93.3666 epis: 0.2215 loss: 421.6280 
episode: 150 count: 1000 score: 70.6535 average_last200: -92.2804 epis: 0.2192 loss: 439.4986 
episode: 151 count: 135 score: -64.2031 average_last200: -92.0957 epis: 0.2170 loss: 59.8887 
episode: 152 count: 550 score: 174.2652 average_last200: -90.3547 epis: 0.2149 loss: 237.9053 
episode: 153 count: 449 score: 224.8131 average_last200: -88.3082 epis: 0.2127 loss: 194.3616 
episode: 154 count: 130 score: -42.8721 average_last200: -88.0151 epis: 0.2106 loss: 56.7667 
episode: 155 count: 1000 score: 49.3408 average_last200: -87.1346 epis: 0.2085 loss: 433.1101 
episode: 156 count: 412 score: 228.7055 average_last200: -85.1229 epis: 0.2064 loss: 173.6305 
episode: 157 count: 603 score: 184.4549 average_last200: -83.4167 epis: 0.2043 loss: 253.9848 
episode: 158 count: 1000 score: 92.0197 average_last200: -82.3133 epis: 0.2023 loss: 422.8254 
episode: 159 count: 644 score: 227.4183 average_last200: -80.3775 epis: 0.2003 loss: 265.2928 
episode: 160 count: 1000 score: 76.6335 average_last200: -79.4023 epis: 0.1983 loss: 416.7449 
episode: 161 count: 332 score: 214.3799 average_last200: -77.5888 epis: 0.1963 loss: 136.1291 
episode: 162 count: 318 score: 229.0013 average_last200: -75.7079 epis: 0.1943 loss: 143.5150 
episode: 163 count: 951 score: 154.3752 average_last200: -74.3049 epis: 0.1924 loss: 403.8122 
episode: 164 count: 544 score: 189.3592 average_last200: -72.7070 epis: 0.1905 loss: 220.7046 
episode: 165 count: 1000 score: 12.3778 average_last200: -72.1944 epis: 0.1886 loss: 413.2372 
episode: 166 count: 1000 score: 81.9975 average_last200: -71.2711 epis: 0.1867 loss: 395.8723 
episode: 167 count: 705 score: 169.2430 average_last200: -69.8395 epis: 0.1848 loss: 276.9404 
episode: 168 count: 628 score: 135.4914 average_last200: -68.6245 epis: 0.1830 loss: 248.3324 
episode: 169 count: 1000 score: 70.2895 average_last200: -67.8073 epis: 0.1811 loss: 378.6092 
episode: 170 count: 122 score: -14.0934 average_last200: -67.4932 epis: 0.1793 loss: 45.7715 
episode: 171 count: 461 score: 207.7696 average_last200: -65.8929 epis: 0.1775 loss: 178.7640 
episode: 172 count: 1000 score: 84.4114 average_last200: -65.0240 epis: 0.1757 loss: 377.8867 
episode: 173 count: 1000 score: 129.3258 average_last200: -63.9071 epis: 0.1740 loss: 363.7975 
episode: 174 count: 727 score: 191.1479 average_last200: -62.4496 epis: 0.1722 loss: 262.4221 
episode: 175 count: 528 score: 216.9090 average_last200: -60.8624 epis: 0.1705 loss: 193.2014 
episode: 176 count: 861 score: 157.0672 average_last200: -59.6311 epis: 0.1688 loss: 307.0065 
episode: 177 count: 325 score: 242.1581 average_last200: -57.9357 epis: 0.1671 loss: 117.8968 
episode: 178 count: 994 score: 194.5298 average_last200: -56.5253 epis: 0.1655 loss: 337.8906 
episode: 179 count: 1000 score: 70.7301 average_last200: -55.8183 epis: 0.1638 loss: 340.6356 
episode: 180 count: 705 score: 180.9804 average_last200: -54.5100 epis: 0.1622 loss: 235.6339 
episode: 181 count: 599 score: 189.8975 average_last200: -53.1671 epis: 0.1605 loss: 201.8153 
episode: 182 count: 300 score: 203.5612 average_last200: -51.7642 epis: 0.1589 loss: 96.2852 
episode: 183 count: 498 score: 168.3204 average_last200: -50.5681 epis: 0.1574 loss: 166.6383 
episode: 184 count: 1000 score: -31.2341 average_last200: -50.4636 epis: 0.1558 loss: 325.5215 
episode: 185 count: 110 score: -46.4277 average_last200: -50.4419 epis: 0.1542 loss: 35.4712 
episode: 186 count: 244 score: 266.9020 average_last200: -48.7449 epis: 0.1527 loss: 80.5469 
episode: 187 count: 462 score: 182.1466 average_last200: -47.5167 epis: 0.1512 loss: 148.4184 
episode: 188 count: 406 score: 203.8656 average_last200: -46.1867 epis: 0.1496 loss: 127.7646 
episode: 189 count: 1000 score: 88.4341 average_last200: -45.4781 epis: 0.1481 loss: 311.3681 
episode: 190 count: 578 score: 199.6985 average_last200: -44.1945 epis: 0.1467 loss: 186.2561 
episode: 191 count: 471 score: 202.6021 average_last200: -42.9091 epis: 0.1452 loss: 151.0957 
episode: 192 count: 548 score: 208.1524 average_last200: -41.6083 epis: 0.1437 loss: 171.8602 
episode: 193 count: 1000 score: -61.1745 average_last200: -41.7091 epis: 0.1423 loss: 319.2265 
episode: 194 count: 415 score: 163.3555 average_last200: -40.6575 epis: 0.1409 loss: 130.4678 
episode: 195 count: 1000 score: -40.6593 average_last200: -40.6575 epis: 0.1395 loss: 308.3594 
episode: 196 count: 714 score: 150.8415 average_last200: -39.6854 epis: 0.1381 loss: 211.6738 
episode: 197 count: 529 score: 166.8753 average_last200: -38.6422 epis: 0.1367 loss: 162.1305 
episode: 198 count: 595 score: 206.4405 average_last200: -37.4106 epis: 0.1353 loss: 173.1809 
episode: 199 count: 118 score: -32.4104 average_last200: -37.3856 epis: 0.1340 loss: 34.6295 
episode: 200 count: 248 score: 244.7650 average_last200: -35.1530 epis: 0.1326 loss: 74.2083 
episode: 201 count: 426 score: 211.2464 average_last200: -33.2633 epis: 0.1313 loss: 130.2234 
episode: 202 count: 371 score: 205.6659 average_last200: -31.5303 epis: 0.1300 loss: 112.8983 
episode: 203 count: 299 score: 200.8793 average_last200: -29.7661 epis: 0.1287 loss: 85.8042 
episode: 204 count: 325 score: 234.8280 average_last200: -27.0668 epis: 0.1274 loss: 93.4695 
episode: 205 count: 525 score: 152.7773 average_last200: -25.2057 epis: 0.1261 loss: 144.7076 
episode: 206 count: 247 score: 226.2971 average_last200: -23.3261 epis: 0.1249 loss: 69.0470 
episode: 207 count: 357 score: 215.8943 average_last200: -20.1624 epis: 0.1236 loss: 102.7721 
episode: 208 count: 362 score: 213.0106 average_last200: -17.1747 epis: 0.1224 loss: 105.4524 
episode: 209 count: 296 score: 175.3507 average_last200: -14.3277 epis: 0.1212 loss: 84.7592 
episode: 210 count: 429 score: 167.6895 average_last200: -11.5908 epis: 0.1200 loss: 122.2116 
episode: 211 count: 263 score: 244.9763 average_last200: -9.6454 epis: 0.1188 loss: 74.5271 
episode: 212 count: 297 score: 243.2682 average_last200: -7.1536 epis: 0.1176 loss: 82.5790 
episode: 213 count: 426 score: 214.3665 average_last200: -4.3511 epis: 0.1164 loss: 116.5138 
episode: 214 count: 398 score: 227.5243 average_last200: -2.3656 epis: 0.1152 loss: 108.2887 
episode: 215 count: 346 score: 205.2874 average_last200: -0.5691 epis: 0.1141 loss: 94.4900 
episode: 216 count: 340 score: 207.7161 average_last200: 0.6663 epis: 0.1129 loss: 89.4655 
episode: 217 count: 387 score: 195.9959 average_last200: 3.0096 epis: 0.1118 loss: 100.2048 
episode: 218 count: 341 score: 176.0461 average_last200: 4.5521 epis: 0.1107 loss: 90.6648 
episode: 219 count: 422 score: 191.8419 average_last200: 6.2569 epis: 0.1096 loss: 112.1734 
episode: 220 count: 366 score: 240.8847 average_last200: 8.8222 epis: 0.1085 loss: 98.1976 
episode: 221 count: 632 score: 184.6748 average_last200: 11.0884 epis: 0.1074 loss: 160.9508 
episode: 222 count: 239 score: 226.1350 average_last200: 12.6461 epis: 0.1063 loss: 63.9332 
episode: 223 count: 422 score: 189.4539 average_last200: 14.4334 epis: 0.1053 loss: 107.5915 
episode: 224 count: 346 score: 201.4876 average_last200: 16.2317 epis: 0.1042 loss: 88.2375 
episode: 225 count: 274 score: 241.7638 average_last200: 19.6337 epis: 0.1032 loss: 71.8893 
episode: 226 count: 313 score: 216.9919 average_last200: 21.6828 epis: 0.1021 loss: 75.7275 
episode: 227 count: 440 score: 220.5329 average_last200: 24.4555 epis: 0.1011 loss: 105.3322 
episode: 228 count: 537 score: 145.0690 average_last200: 25.6625 epis: 0.1001 loss: 131.4053 
episode: 229 count: 541 score: 201.2584 average_last200: 27.2286 epis: 0.0991 loss: 121.2462 
episode: 230 count: 358 score: 176.5088 average_last200: 28.5636 epis: 0.0981 loss: 84.8183 
episode: 231 count: 434 score: 186.1989 average_last200: 30.3148 epis: 0.0971 loss: 97.2226 
episode: 232 count: 554 score: 161.4017 average_last200: 32.0447 epis: 0.0962 loss: 129.0871 
episode: 233 count: 848 score: 183.3413 average_last200: 34.8817 epis: 0.0952 loss: 201.9911 
episode: 234 count: 392 score: 167.6635 average_last200: 36.5229 epis: 0.0942 loss: 93.3142 
episode: 235 count: 585 score: 195.3509 average_last200: 38.4541 epis: 0.0933 loss: 135.6684 
episode: 236 count: 583 score: 176.5707 average_last200: 40.0063 epis: 0.0924 loss: 130.8872 
episode: 237 count: 455 score: 180.6627 average_last200: 41.3917 epis: 0.0914 loss: 104.3939 
episode: 238 count: 344 score: 206.3676 average_last200: 43.0361 epis: 0.0905 loss: 74.9050 
episode: 239 count: 429 score: 197.5694 average_last200: 44.6647 epis: 0.0896 loss: 95.0484 
episode: 240 count: 256 score: 245.9384 average_last200: 46.4372 epis: 0.0887 loss: 56.9317 
episode: 241 count: 306 score: 229.1427 average_last200: 48.2522 epis: 0.0878 loss: 69.1020 
episode: 242 count: 371 score: 194.8639 average_last200: 50.0503 epis: 0.0870 loss: 79.4409 
episode: 243 count: 259 score: 260.6506 average_last200: 51.4338 epis: 0.0861 loss: 59.0710 
episode: 244 count: 520 score: 227.2700 average_last200: 52.8476 epis: 0.0852 loss: 113.4200 
episode: 245 count: 601 score: 149.2127 average_last200: 54.8057 epis: 0.0844 loss: 133.9387 
episode: 246 count: 381 score: 172.3698 average_last200: 56.1946 epis: 0.0835 loss: 80.5542 
episode: 247 count: 667 score: 195.5702 average_last200: 57.8241 epis: 0.0827 loss: 142.9171 
episode: 248 count: 447 score: 181.5149 average_last200: 59.3885 epis: 0.0819 loss: 94.9909 
episode: 249 count: 560 score: 175.8068 average_last200: 60.3428 epis: 0.0811 loss: 119.6354 
episode: 250 count: 244 score: 205.3574 average_last200: 62.0254 epis: 0.0802 loss: 51.2205 
episode: 251 count: 627 score: 173.3210 average_last200: 63.2751 epis: 0.0794 loss: 129.8551 
episode: 252 count: 343 score: 241.2955 average_last200: 65.1048 epis: 0.0787 loss: 72.0745 
episode: 253 count: 373 score: 162.8693 average_last200: 66.2027 epis: 0.0779 loss: 77.3710 
episode: 254 count: 939 score: 125.5265 average_last200: 67.1357 epis: 0.0771 loss: 187.5380 
episode: 255 count: 350 score: 189.1924 average_last200: 68.2078 epis: 0.0763 loss: 68.7998 
episode: 256 count: 280 score: 256.2574 average_last200: 69.9456 epis: 0.0756 loss: 53.5430 
episode: 257 count: 377 score: 198.0602 average_last200: 71.5099 epis: 0.0748 loss: 72.9344 
episode: 258 count: 587 score: 123.7684 average_last200: 72.4793 epis: 0.0740 loss: 115.0822 
episode: 259 count: 398 score: 227.0717 average_last200: 74.0364 epis: 0.0733 loss: 76.5294 
episode: 260 count: 459 score: 188.6067 average_last200: 75.4278 epis: 0.0726 loss: 85.2231 
episode: 261 count: 447 score: 210.1670 average_last200: 77.0229 epis: 0.0718 loss: 82.4036 
episode: 262 count: 373 score: 224.2704 average_last200: 78.5010 epis: 0.0711 loss: 71.7776 
episode: 263 count: 334 score: 202.8085 average_last200: 79.6381 epis: 0.0704 loss: 65.1625 
episode: 264 count: 448 score: 216.1055 average_last200: 81.2333 epis: 0.0697 loss: 85.4568 
episode: 265 count: 277 score: 228.6397 average_last200: 82.8912 epis: 0.0690 loss: 56.0487 
episode: 266 count: 840 score: 144.4357 average_last200: 83.9257 epis: 0.0683 loss: 159.2028 
episode: 267 count: 248 score: 213.0716 average_last200: 85.1398 epis: 0.0676 loss: 46.0660 
episode: 268 count: 216 score: 269.6068 average_last200: 87.0807 epis: 0.0670 loss: 42.4918 
episode: 269 count: 549 score: 214.0593 average_last200: 89.2112 epis: 0.0663 loss: 99.5374 
episode: 270 count: 312 score: 205.4912 average_last200: 90.7758 epis: 0.0656 loss: 57.6249 
episode: 271 count: 468 score: 217.8567 average_last200: 92.4111 epis: 0.0650 loss: 84.6117 
episode: 272 count: 400 score: 196.1281 average_last200: 93.8508 epis: 0.0643 loss: 70.6428 
episode: 273 count: 401 score: 215.8816 average_last200: 95.2998 epis: 0.0637 loss: 71.8813 
episode: 274 count: 377 score: 209.5599 average_last200: 96.6735 epis: 0.0630 loss: 67.2365 
episode: 275 count: 228 score: 237.1179 average_last200: 98.0389 epis: 0.0624 loss: 43.7797 
episode: 276 count: 242 score: 222.3241 average_last200: 99.6810 epis: 0.0618 loss: 42.2733 
episode: 277 count: 362 score: 224.1431 average_last200: 100.9291 epis: 0.0612 loss: 61.7449 
episode: 278 count: 427 score: 230.0262 average_last200: 102.5995 epis: 0.0606 loss: 76.2103 
episode: 279 count: 362 score: 193.1915 average_last200: 104.4720 epis: 0.0600 loss: 64.0103 
episode: 280 count: 177 score: 257.6388 average_last200: 106.3785 epis: 0.0594 loss: 29.5178 
episode: 281 count: 253 score: 243.3624 average_last200: 107.8652 epis: 0.0588 loss: 41.3559 
episode: 282 count: 362 score: 227.4098 average_last200: 109.2893 epis: 0.0582 loss: 59.3381 
episode: 283 count: 196 score: 243.0562 average_last200: 110.8440 epis: 0.0576 loss: 33.0780 
episode: 284 count: 258 score: 220.5128 average_last200: 112.3608 epis: 0.0570 loss: 40.8316 
episode: 285 count: 289 score: 230.8729 average_last200: 114.1426 epis: 0.0565 loss: 52.1032 
episode: 286 count: 446 score: 224.9104 average_last200: 115.7994 epis: 0.0559 loss: 75.7377 
episode: 287 count: 192 score: 243.6231 average_last200: 117.2415 epis: 0.0553 loss: 33.2149 
episode: 288 count: 312 score: 186.2528 average_last200: 118.5305 epis: 0.0548 loss: 52.0424 
episode: 289 count: 121 score: -74.7528 average_last200: 118.6123 epis: 0.0542 loss: 19.1317 
episode: 290 count: 261 score: 213.6416 average_last200: 120.2259 epis: 0.0537 loss: 45.7666 
episode: 291 count: 334 score: 233.1003 average_last200: 121.7366 epis: 0.0531 loss: 56.4973 
episode: 292 count: 366 score: 196.7888 average_last200: 123.3793 epis: 0.0526 loss: 64.0542 
episode: 293 count: 317 score: 224.1184 average_last200: 125.5998 epis: 0.0521 loss: 49.5711 
episode: 294 count: 344 score: 193.9358 average_last200: 127.9395 epis: 0.0516 loss: 57.0218 
episode: 295 count: 348 score: 207.7470 average_last200: 129.2228 epis: 0.0511 loss: 55.8855 
episode: 296 count: 337 score: 175.5862 average_last200: 130.2431 epis: 0.0505 loss: 57.7528 
episode: 297 count: 366 score: 214.2291 average_last200: 131.4853 epis: 0.0500 loss: 59.4675 
episode: 298 count: 402 score: 218.8032 average_last200: 132.8855 epis: 0.0495 loss: 67.7803 
episode: 299 count: 246 score: 264.8678 average_last200: 134.2621 epis: 0.0490 loss: 40.1382 
episode: 300 count: 282 score: 214.6178 average_last200: 135.2502 epis: 0.0486 loss: 45.9905 
episode: 301 count: 306 score: 242.0102 average_last200: 136.7098 epis: 0.0481 loss: 52.6919 
episode: 302 count: 354 score: 191.9661 average_last200: 138.1763 epis: 0.0476 loss: 61.1993 
episode: 303 count: 314 score: 220.0947 average_last200: 140.3453 epis: 0.0471 loss: 49.7920 
episode: 304 count: 371 score: 205.3486 average_last200: 141.5368 epis: 0.0466 loss: 60.4292 
episode: 305 count: 298 score: 245.1416 average_last200: 142.9417 epis: 0.0462 loss: 45.3475 
episode: 306 count: 349 score: 199.2478 average_last200: 144.1769 epis: 0.0457 loss: 54.8212 
episode: 307 count: 258 score: 240.3372 average_last200: 145.6487 epis: 0.0453 loss: 42.0390 
episode: 308 count: 348 score: 198.5523 average_last200: 147.0607 epis: 0.0448 loss: 54.1540 
episode: 309 count: 221 score: 257.0845 average_last200: 148.3666 epis: 0.0444 loss: 36.8122 
episode: 310 count: 238 score: 267.1641 average_last200: 149.9103 epis: 0.0439 loss: 37.9704 
episode: 311 count: 252 score: 195.9830 average_last200: 151.2160 epis: 0.0435 loss: 43.9119 
episode: 312 count: 196 score: 244.2103 average_last200: 153.0675 epis: 0.0430 loss: 30.4318 
episode: 313 count: 170 score: 240.2811 average_last200: 154.2930 epis: 0.0426 loss: 26.9259 
episode: 314 count: 373 score: 220.7844 average_last200: 155.2205 epis: 0.0422 loss: 62.5220 
episode: 315 count: 279 score: 222.2436 average_last200: 156.6497 epis: 0.0418 loss: 40.5794 
episode: 316 count: 304 score: 232.4043 average_last200: 157.7943 epis: 0.0413 loss: 47.6749 
episode: 317 count: 276 score: 217.4775 average_last200: 158.9808 epis: 0.0409 loss: 44.2378 
episode: 318 count: 522 score: 220.2452 average_last200: 160.1431 epis: 0.0405 loss: 84.5897 
episode: 319 count: 250 score: 198.4387 average_last200: 160.7724 epis: 0.0401 loss: 42.4528 
episode: 320 count: 454 score: 209.4288 average_last200: 162.0344 epis: 0.0397 loss: 74.3363 
episode: 321 count: 354 score: 194.2904 average_last200: 163.1797 epis: 0.0393 loss: 57.6511 
episode: 322 count: 228 score: 251.0554 average_last200: 164.7921 epis: 0.0389 loss: 39.0316 
episode: 323 count: 266 score: 179.8978 average_last200: 165.3063 epis: 0.0385 loss: 44.0765 
episode: 324 count: 235 score: 200.7699 average_last200: 166.1721 epis: 0.0381 loss: 37.9691 
episode: 325 count: 375 score: 230.3231 average_last200: 167.5682 epis: 0.0378 loss: 56.9139 
episode: 326 count: 275 score: 186.5812 average_last200: 168.8409 epis: 0.0374 loss: 43.9199 
episode: 327 count: 345 score: 162.4488 average_last200: 169.5130 epis: 0.0370 loss: 58.5144 
episode: 328 count: 347 score: 202.8118 average_last200: 170.2650 epis: 0.0366 loss: 55.6366 
episode: 329 count: 230 score: 214.0796 average_last200: 171.3887 epis: 0.0363 loss: 33.6809 
episode: 330 count: 267 score: 204.2019 average_last200: 172.2980 epis: 0.0359 loss: 41.5188 
episode: 331 count: 255 score: 194.6967 average_last200: 173.2639 epis: 0.0356 loss: 44.5570 
episode: 332 count: 295 score: 239.1986 average_last200: 174.5500 epis: 0.0352 loss: 47.0159 
episode: 333 count: 273 score: 188.4937 average_last200: 175.2609 epis: 0.0348 loss: 41.6121 
episode: 334 count: 177 score: -23.6721 average_last200: 175.1144 epis: 0.0345 loss: 29.1147 
episode: 335 count: 405 score: 203.4027 average_last200: 175.1625 epis: 0.0342 loss: 67.5235 
episode: 336 count: 263 score: 245.2443 average_last200: 176.1215 epis: 0.0338 loss: 41.8199 
episode: 337 count: 289 score: 197.6299 average_last200: 177.8490 epis: 0.0335 loss: 47.3388 
episode: 338 count: 281 score: 200.1018 average_last200: 178.8250 epis: 0.0331 loss: 43.9659 
episode: 339 count: 233 score: 232.9504 average_last200: 179.1843 epis: 0.0328 loss: 38.3794 
episode: 340 count: 280 score: 217.6818 average_last200: 180.4728 epis: 0.0325 loss: 45.2090 
episode: 341 count: 323 score: 223.1562 average_last200: 182.0576 epis: 0.0322 loss: 51.7459 
episode: 342 count: 266 score: 232.9068 average_last200: 182.5012 epis: 0.0318 loss: 38.3616 
episode: 343 count: 288 score: 211.1865 average_last200: 182.4328 epis: 0.0315 loss: 44.1870 
episode: 344 count: 530 score: 147.8912 average_last200: 183.2333 epis: 0.0312 loss: 87.3420 
episode: 345 count: 1000 score: -60.3401 average_last200: 182.6275 epis: 0.0309 loss: 157.0586 
episode: 346 count: 232 score: 210.2204 average_last200: 183.3131 epis: 0.0306 loss: 35.3965 
episode: 347 count: 419 score: 214.2479 average_last200: 184.4502 epis: 0.0303 loss: 66.7017 
episode: 348 count: 270 score: 238.5864 average_last200: 185.3038 epis: 0.0300 loss: 44.9794 
episode: 349 count: 136 score: 16.5298 average_last200: 184.8354 epis: 0.0297 loss: 20.8034 
episode: 350 count: 554 score: 148.8667 average_last200: 185.2264 epis: 0.0294 loss: 88.1303 
episode: 351 count: 398 score: 227.6826 average_last200: 186.6859 epis: 0.0291 loss: 62.7044 
episode: 352 count: 266 score: 206.5498 average_last200: 186.8473 epis: 0.0288 loss: 44.0149 
episode: 353 count: 536 score: 218.6300 average_last200: 186.8164 epis: 0.0285 loss: 85.1172 
episode: 354 count: 204 score: 230.3863 average_last200: 188.1827 epis: 0.0282 loss: 32.1062 
episode: 355 count: 284 score: 197.9608 average_last200: 188.9258 epis: 0.0279 loss: 45.0750 
episode: 356 count: 1000 score: -61.8753 average_last200: 187.4729 epis: 0.0277 loss: 155.1923 
episode: 357 count: 385 score: 199.3882 average_last200: 187.5475 epis: 0.0274 loss: 64.4314 
episode: 358 count: 247 score: 235.3032 average_last200: 188.2639 epis: 0.0271 loss: 42.2932 
episode: 359 count: 182 score: -210.2847 average_last200: 186.0754 epis: 0.0268 loss: 35.4980 
episode: 360 count: 316 score: 218.3407 average_last200: 186.7840 epis: 0.0266 loss: 49.7161 
episode: 361 count: 87 score: -63.8480 average_last200: 185.3928 epis: 0.0263 loss: 14.5565 
episode: 362 count: 234 score: 229.2235 average_last200: 185.3939 epis: 0.0260 loss: 39.1705 
episode: 363 count: 336 score: 196.9915 average_last200: 185.6070 epis: 0.0258 loss: 54.4477 
episode: 364 count: 203 score: 255.2200 average_last200: 185.9363 epis: 0.0255 loss: 37.7153 
episode: 365 count: 1000 score: -52.5530 average_last200: 185.6117 epis: 0.0253 loss: 173.3533 
episode: 366 count: 656 score: -127.3263 average_last200: 184.5650 epis: 0.0250 loss: 121.6430 
episode: 367 count: 254 score: 236.9756 average_last200: 184.9037 epis: 0.0248 loss: 46.7395 
episode: 368 count: 423 score: 203.0884 average_last200: 185.2417 epis: 0.0245 loss: 79.6683 
episode: 369 count: 729 score: 116.2467 average_last200: 185.4715 epis: 0.0243 loss: 129.7506 
episode: 370 count: 203 score: 214.5429 average_last200: 186.6147 epis: 0.0240 loss: 38.1265 
episode: 371 count: 659 score: 159.4216 average_last200: 186.3729 epis: 0.0238 loss: 124.7429 
episode: 372 count: 234 score: 260.8297 average_last200: 187.2550 epis: 0.0235 loss: 40.8234 
episode: 373 count: 164 score: -29.7125 average_last200: 186.4598 epis: 0.0233 loss: 30.0050 
episode: 374 count: 466 score: 145.9869 average_last200: 186.2340 epis: 0.0231 loss: 86.6445 
episode: 375 count: 265 score: 244.1890 average_last200: 186.3704 epis: 0.0228 loss: 47.8816 
episode: 376 count: 681 score: 126.7665 average_last200: 186.2189 epis: 0.0226 loss: 118.0091 
episode: 377 count: 537 score: 178.0224 average_last200: 185.8982 epis: 0.0224 loss: 94.5927 
episode: 378 count: 327 score: 187.7434 average_last200: 185.8643 epis: 0.0222 loss: 58.4983 
episode: 379 count: 371 score: 192.4987 average_last200: 186.4731 epis: 0.0219 loss: 65.7732 
episode: 380 count: 1000 score: -17.8484 average_last200: 185.4790 epis: 0.0217 loss: 174.6405 
episode: 381 count: 164 score: -1.8515 average_last200: 184.5203 epis: 0.0215 loss: 28.8269 
episode: 382 count: 1000 score: -58.7013 average_last200: 183.2089 epis: 0.0213 loss: 172.1040 
episode: 383 count: 1000 score: -58.4744 average_last200: 182.0750 epis: 0.0211 loss: 173.5473 
episode: 384 count: 216 score: 224.4407 average_last200: 183.3533 epis: 0.0209 loss: 36.0918 
episode: 385 count: 161 score: -9.1357 average_last200: 183.5398 epis: 0.0207 loss: 29.7769 
episode: 386 count: 358 score: 180.1274 average_last200: 183.1059 epis: 0.0205 loss: 63.1883 
episode: 387 count: 1000 score: -83.1437 average_last200: 181.7795 epis: 0.0203 loss: 171.3492 
episode: 388 count: 577 score: 148.1544 average_last200: 181.5009 epis: 0.0200 loss: 95.4981 
episode: 389 count: 408 score: 153.5762 average_last200: 181.8266 epis: 0.0198 loss: 68.4186 
episode: 390 count: 245 score: -17.2807 average_last200: 180.7417 epis: 0.0196 loss: 42.7844 
episode: 391 count: 204 score: 217.6852 average_last200: 180.8171 epis: 0.0195 loss: 36.9755 
episode: 392 count: 640 score: 155.3778 average_last200: 180.5533 epis: 0.0193 loss: 106.5598 
episode: 393 count: 529 score: 146.1834 average_last200: 181.5901 epis: 0.0191 loss: 87.4860 
episode: 394 count: 1000 score: -34.8859 average_last200: 180.5989 epis: 0.0189 loss: 169.7533 
episode: 395 count: 139 score: -7.0883 average_last200: 180.7667 epis: 0.0187 loss: 24.1821 
episode: 396 count: 491 score: 183.5997 average_last200: 180.9305 epis: 0.0185 loss: 89.3597 
episode: 397 count: 198 score: 246.5089 average_last200: 181.3287 epis: 0.0183 loss: 37.6389 
episode: 398 count: 467 score: 186.2453 average_last200: 181.2277 epis: 0.0181 loss: 85.4428 
episode: 399 count: 191 score: 25.2787 average_last200: 181.5161 epis: 0.0180 loss: 32.8100 
episode: 400 count: 552 score: 157.8385 average_last200: 181.0815 epis: 0.0178 loss: 98.0823 
episode: 401 count: 632 score: 165.4712 average_last200: 180.8526 epis: 0.0176 loss: 115.9369 
episode: 402 count: 253 score: 263.2787 average_last200: 181.1407 epis: 0.0174 loss: 42.6226 
episode: 403 count: 187 score: 207.1874 average_last200: 181.1722 epis: 0.0172 loss: 35.5348 
episode: 404 count: 173 score: 216.1225 average_last200: 181.0787 epis: 0.0171 loss: 31.6685 
episode: 405 count: 272 score: 268.7879 average_last200: 181.6588 epis: 0.0169 loss: 49.3005 
episode: 406 count: 243 score: 209.5475 average_last200: 181.5750 epis: 0.0167 loss: 43.1596 
episode: 407 count: 231 score: 233.8401 average_last200: 181.6647 epis: 0.0166 loss: 40.8030 
episode: 408 count: 634 score: 137.2674 average_last200: 181.2860 epis: 0.0164 loss: 113.9125 
episode: 409 count: 215 score: 242.3402 average_last200: 181.6210 epis: 0.0162 loss: 43.3742 
episode: 410 count: 363 score: 241.9018 average_last200: 181.9920 epis: 0.0161 loss: 65.3730 
episode: 411 count: 1000 score: -80.7095 average_last200: 180.3636 epis: 0.0159 loss: 188.9873 
episode: 412 count: 460 score: 193.9878 average_last200: 180.1172 epis: 0.0158 loss: 86.1408 
episode: 413 count: 229 score: 219.2725 average_last200: 180.1417 epis: 0.0156 loss: 41.6627 
episode: 414 count: 255 score: 250.5760 average_last200: 180.2570 epis: 0.0154 loss: 49.0443 
episode: 415 count: 211 score: 249.4183 average_last200: 180.4777 epis: 0.0153 loss: 38.6056 
episode: 416 count: 465 score: 208.3626 average_last200: 180.4809 epis: 0.0151 loss: 85.6174 
episode: 417 count: 367 score: 215.3756 average_last200: 180.5778 epis: 0.0150 loss: 64.6052 
episode: 418 count: 978 score: 96.7493 average_last200: 180.1813 epis: 0.0148 loss: 172.3445 
episode: 419 count: 569 score: -202.8735 average_last200: 178.2077 epis: 0.0147 loss: 102.7450 
episode: 420 count: 474 score: 169.1200 average_last200: 177.8489 epis: 0.0145 loss: 86.5781 
episode: 421 count: 299 score: 230.4444 average_last200: 178.0777 epis: 0.0144 loss: 55.3407 
episode: 422 count: 524 score: 177.2752 average_last200: 177.8334 epis: 0.0142 loss: 98.0765 
episode: 423 count: 361 score: 215.1311 average_last200: 177.9618 epis: 0.0141 loss: 66.0151 
episode: 424 count: 591 score: 200.5367 average_last200: 177.9571 epis: 0.0140 loss: 102.2238 
episode: 425 count: 556 score: 165.0115 average_last200: 177.5733 epis: 0.0138 loss: 93.9940 
episode: 426 count: 281 score: 209.9371 average_last200: 177.5380 epis: 0.0137 loss: 49.6630 
episode: 427 count: 388 score: 197.0436 average_last200: 177.4206 epis: 0.0135 loss: 67.0308 
episode: 428 count: 395 score: 252.8788 average_last200: 177.9596 epis: 0.0134 loss: 69.5708 
episode: 429 count: 350 score: 216.5392 average_last200: 178.0360 epis: 0.0133 loss: 56.7935 
episode: 430 count: 411 score: 221.0132 average_last200: 178.2586 epis: 0.0131 loss: 74.2004 
episode: 431 count: 385 score: 251.5905 average_last200: 178.5855 epis: 0.0130 loss: 68.6706 
episode: 432 count: 266 score: 231.1500 average_last200: 178.9343 epis: 0.0129 loss: 46.4292 
episode: 433 count: 244 score: 188.2357 average_last200: 178.9587 epis: 0.0128 loss: 44.4142 
episode: 434 count: 201 score: 226.9007 average_last200: 179.2549 epis: 0.0126 loss: 34.8758 
episode: 435 count: 254 score: 249.1939 average_last200: 179.5241 epis: 0.0125 loss: 49.2107 
episode: 436 count: 210 score: 241.0275 average_last200: 179.8464 epis: 0.0124 loss: 37.4812 
episode: 437 count: 229 score: 231.6784 average_last200: 180.1015 epis: 0.0123 loss: 39.3843 
episode: 438 count: 216 score: 207.3056 average_last200: 180.1062 epis: 0.0121 loss: 36.6469 
episode: 439 count: 227 score: 202.2050 average_last200: 180.1294 epis: 0.0120 loss: 42.4853 
episode: 440 count: 178 score: 227.6698 average_last200: 180.0380 epis: 0.0119 loss: 30.8636 
episode: 441 count: 353 score: 207.1265 average_last200: 179.9279 epis: 0.0118 loss: 59.8926 
episode: 442 count: 247 score: 220.1699 average_last200: 180.0545 epis: 0.0117 loss: 44.3164 
episode: 443 count: 512 score: 165.7122 average_last200: 179.5798 epis: 0.0115 loss: 92.8221 
episode: 444 count: 430 score: 201.3144 average_last200: 179.4500 epis: 0.0114 loss: 76.0609 
episode: 445 count: 344 score: 206.7567 average_last200: 179.7377 epis: 0.0113 loss: 60.8576 
episode: 446 count: 214 score: 214.9590 average_last200: 179.9507 epis: 0.0112 loss: 37.3204 
episode: 447 count: 312 score: 238.0590 average_last200: 180.1631 epis: 0.0111 loss: 57.1134 
episode: 448 count: 315 score: 225.1217 average_last200: 180.3812 epis: 0.0110 loss: 56.4551 
episode: 449 count: 469 score: 194.8286 average_last200: 180.4763 epis: 0.0109 loss: 85.0068 
episode: 450 count: 306 score: 216.2180 average_last200: 180.5306 epis: 0.0108 loss: 52.2251 
episode: 451 count: 350 score: 197.3682 average_last200: 180.6508 epis: 0.0106 loss: 59.8556 
episode: 452 count: 273 score: 195.2703 average_last200: 180.4207 epis: 0.0105 loss: 48.1745 
episode: 453 count: 169 score: 281.7963 average_last200: 181.0153 epis: 0.0104 loss: 32.5621 
episode: 454 count: 359 score: 199.1209 average_last200: 181.3833 epis: 0.0103 loss: 61.1891 
episode: 455 count: 323 score: 199.6425 average_last200: 181.4355 epis: 0.0102 loss: 55.9394 
episode: 456 count: 293 score: 201.6231 average_last200: 181.1624 epis: 0.0101 loss: 50.3066 
episode: 457 count: 207 score: 223.7354 average_last200: 181.2907 epis: 0.0100 loss: 35.0133 
episode: 458 count: 385 score: 199.6153 average_last200: 181.6700 epis: 0.0099 loss: 77.1904 
episode: 459 count: 90 score: -252.7900 average_last200: 179.2707 epis: 0.0098 loss: 16.5402 
episode: 460 count: 289 score: 219.3551 average_last200: 179.4244 epis: 0.0097 loss: 53.7991 
episode: 461 count: 180 score: 221.6025 average_last200: 179.4816 epis: 0.0096 loss: 34.7383 
episode: 462 count: 289 score: 201.4971 average_last200: 179.3677 epis: 0.0095 loss: 51.9770 
episode: 463 count: 251 score: 257.7907 average_last200: 179.6426 epis: 0.0094 loss: 45.4595 
episode: 464 count: 244 score: 226.9527 average_last200: 179.6969 epis: 0.0093 loss: 44.0370 
episode: 465 count: 323 score: 216.0525 average_last200: 179.6339 epis: 0.0092 loss: 61.3359 
episode: 466 count: 367 score: 220.1383 average_last200: 180.0124 epis: 0.0092 loss: 65.1991 
episode: 467 count: 389 score: 190.6155 average_last200: 179.9002 epis: 0.0091 loss: 66.9709 
episode: 468 count: 269 score: 228.5690 average_last200: 179.6950 epis: 0.0090 loss: 49.9737 
episode: 469 count: 379 score: 183.0235 average_last200: 179.5398 epis: 0.0089 loss: 67.0910 
episode: 470 count: 254 score: 213.6756 average_last200: 179.5807 epis: 0.0088 loss: 44.0653 
episode: 471 count: 257 score: 186.8564 average_last200: 179.4257 epis: 0.0087 loss: 47.6249 
episode: 472 count: 297 score: 238.0173 average_last200: 179.6352 epis: 0.0086 loss: 53.9310 
episode: 473 count: 336 score: 226.3572 average_last200: 179.6875 epis: 0.0085 loss: 59.0538 
episode: 474 count: 262 score: 244.6035 average_last200: 179.8628 epis: 0.0084 loss: 52.2061 
episode: 475 count: 426 score: 214.4262 average_last200: 179.7493 epis: 0.0084 loss: 84.4550 
episode: 476 count: 1000 score: -22.3943 average_last200: 178.5257 epis: 0.0083 loss: 172.2808 
episode: 477 count: 258 score: 245.8996 average_last200: 178.6345 epis: 0.0082 loss: 43.5708 
episode: 478 count: 196 score: 254.5241 average_last200: 178.7570 epis: 0.0081 loss: 32.4718 
episode: 479 count: 206 score: 246.6420 average_last200: 179.0242 epis: 0.0080 loss: 33.2401 
episode: 480 count: 1000 score: -50.6254 average_last200: 177.4829 epis: 0.0080 loss: 173.0950 
episode: 481 count: 229 score: 225.8354 average_last200: 177.3953 epis: 0.0079 loss: 41.3994 
episode: 482 count: 771 score: 173.5533 average_last200: 177.1260 epis: 0.0078 loss: 133.4268 
episode: 483 count: 225 score: 260.1742 average_last200: 177.2116 epis: 0.0077 loss: 37.7827 
episode: 484 count: 605 score: 156.0535 average_last200: 176.8893 epis: 0.0076 loss: 103.5224 
episode: 485 count: 258 score: 233.8641 average_last200: 176.9042 epis: 0.0076 loss: 38.8918 
episode: 486 count: 414 score: 215.5039 average_last200: 176.8572 epis: 0.0075 loss: 59.0853 
episode: 487 count: 507 score: 199.8423 average_last200: 176.6383 epis: 0.0074 loss: 72.1909 
episode: 488 count: 1000 score: -51.1636 average_last200: 175.4512 epis: 0.0073 loss: 139.0762 
episode: 489 count: 1000 score: -63.9892 average_last200: 175.5050 epis: 0.0073 loss: 133.7101 
episode: 490 count: 219 score: 234.5031 average_last200: 175.6093 epis: 0.0072 loss: 26.4889 
episode: 491 count: 222 score: 247.0321 average_last200: 175.6790 epis: 0.0071 loss: 26.9127 
episode: 492 count: 185 score: 235.5772 average_last200: 175.8729 epis: 0.0070 loss: 20.4909 
episode: 493 count: 1000 score: -63.7473 average_last200: 174.4336 epis: 0.0070 loss: 120.1634 
episode: 494 count: 129 score: -16.3581 average_last200: 173.3821 epis: 0.0069 loss: 16.4660 
episode: 495 count: 175 score: 231.6395 average_last200: 173.5016 epis: 0.0068 loss: 18.6242 
episode: 496 count: 1000 score: -23.5614 average_last200: 172.5059 epis: 0.0068 loss: 116.4107 
episode: 497 count: 404 score: 229.4384 average_last200: 172.5819 epis: 0.0067 loss: 45.1379 
episode: 498 count: 142 score: 33.4949 average_last200: 171.6554 epis: 0.0066 loss: 16.3758 
episode: 499 count: 177 score: 252.8216 average_last200: 171.5951 epis: 0.0066 loss: 18.8205 
episode: 500 count: 306 score: 235.8344 average_last200: 171.7012 epis: 0.0065 loss: 35.2054 
episode: 501 count: 281 score: 205.8539 average_last200: 171.5204 epis: 0.0064 loss: 32.6653 
episode: 502 count: 279 score: 220.4874 average_last200: 171.6631 epis: 0.0064 loss: 32.2529 
episode: 503 count: 206 score: 241.3818 average_last200: 171.7695 epis: 0.0063 loss: 25.1189 
episode: 504 count: 221 score: 234.5172 average_last200: 171.9153 epis: 0.0062 loss: 24.0490 
episode: 505 count: 170 score: -28.1462 average_last200: 170.5489 epis: 0.0062 loss: 21.5309 
episode: 506 count: 236 score: 230.5042 average_last200: 170.7052 epis: 0.0061 loss: 26.6300 
episode: 507 count: 252 score: 256.4918 average_last200: 170.7859 epis: 0.0061 loss: 33.2758 
episode: 508 count: 300 score: 222.3334 average_last200: 170.9049 epis: 0.0060 loss: 35.2684 
episode: 509 count: 288 score: 227.9462 average_last200: 170.7592 epis: 0.0059 loss: 33.2181 
episode: 510 count: 190 score: 241.4182 average_last200: 170.6304 epis: 0.0059 loss: 22.2729 
episode: 511 count: 260 score: 240.2272 average_last200: 170.8517 epis: 0.0058 loss: 33.6703 
episode: 512 count: 1000 score: -41.5504 average_last200: 169.4228 epis: 0.0058 loss: 125.3455 
episode: 513 count: 1000 score: -48.3015 average_last200: 167.9799 epis: 0.0057 loss: 122.2639 
episode: 514 count: 195 score: 220.2547 average_last200: 167.9773 epis: 0.0057 loss: 25.2135 
episode: 515 count: 260 score: 221.4562 average_last200: 167.9734 epis: 0.0056 loss: 31.1704 
episode: 516 count: 1000 score: -58.0983 average_last200: 166.5208 epis: 0.0055 loss: 128.3083 
episode: 517 count: 241 score: 238.1583 average_last200: 166.6242 epis: 0.0055 loss: 30.6156 
episode: 518 count: 269 score: 262.5830 average_last200: 166.8359 epis: 0.0054 loss: 34.7081 
episode: 519 count: 190 score: 258.2395 average_last200: 167.1349 epis: 0.0054 loss: 23.7690 
episode: 520 count: 304 score: 239.7555 average_last200: 167.2866 epis: 0.0053 loss: 41.9444 
episode: 521 count: 360 score: 237.6052 average_last200: 167.5031 epis: 0.0053 loss: 50.9106 
episode: 522 count: 225 score: 201.5729 average_last200: 167.2557 epis: 0.0052 loss: 28.5102 
episode: 523 count: 339 score: 208.9785 average_last200: 167.4011 epis: 0.0052 loss: 48.1394 
episode: 524 count: 182 score: 224.4128 average_last200: 167.5193 epis: 0.0051 loss: 25.9311 
episode: 525 count: 260 score: 225.5178 average_last200: 167.4953 epis: 0.0051 loss: 37.0313 
episode: 526 count: 386 score: 194.1879 average_last200: 167.5334 epis: 0.0050 loss: 50.5727 
episode: 527 count: 269 score: 249.8062 average_last200: 167.9701 epis: 0.0050 loss: 35.9293 
episode: 528 count: 601 score: 148.9090 average_last200: 167.7006 epis: 0.0049 loss: 79.6634 
episode: 529 count: 335 score: 222.8697 average_last200: 167.7446 epis: 0.0049 loss: 41.9893 
episode: 530 count: 357 score: -70.4436 average_last200: 166.3714 epis: 0.0048 loss: 49.6631 
episode: 531 count: 393 score: 205.8558 average_last200: 166.4271 epis: 0.0048 loss: 48.7723 
episode: 532 count: 197 score: 237.6658 average_last200: 166.4195 epis: 0.0047 loss: 25.1178 
episode: 533 count: 415 score: 214.4570 average_last200: 166.5493 epis: 0.0047 loss: 55.1351 
episode: 534 count: 888 score: 198.2431 average_last200: 167.6589 epis: 0.0046 loss: 108.7735 
episode: 535 count: 242 score: 243.2943 average_last200: 167.8583 epis: 0.0046 loss: 26.3904 
episode: 536 count: 280 score: 228.3929 average_last200: 167.7741 epis: 0.0045 loss: 35.1658 
episode: 537 count: 226 score: 199.1775 average_last200: 167.7818 epis: 0.0045 loss: 26.5104 
episode: 538 count: 297 score: 258.6466 average_last200: 168.0745 epis: 0.0044 loss: 37.5930 
episode: 539 count: 280 score: 194.8925 average_last200: 167.8842 epis: 0.0044 loss: 34.3218 
episode: 540 count: 407 score: -225.0891 average_last200: 165.6704 epis: 0.0044 loss: 49.6552 
episode: 541 count: 191 score: 193.5902 average_last200: 165.5226 epis: 0.0043 loss: 24.2076 
episode: 542 count: 172 score: 254.5085 average_last200: 165.6306 epis: 0.0043 loss: 17.5931 
episode: 543 count: 364 score: 218.5942 average_last200: 165.6676 epis: 0.0042 loss: 46.3591 
episode: 544 count: 148 score: -17.0106 average_last200: 164.8431 epis: 0.0042 loss: 18.9217 
episode: 545 count: 515 score: 194.5384 average_last200: 166.1175 epis: 0.0041 loss: 65.0537 
episode: 546 count: 333 score: 212.7031 average_last200: 166.1299 epis: 0.0041 loss: 39.4104 
episode: 547 count: 236 score: -62.0713 average_last200: 164.7483 epis: 0.0041 loss: 28.8521 
episode: 548 count: 370 score: 183.5581 average_last200: 164.4732 epis: 0.0040 loss: 45.5605 
episode: 549 count: 150 score: 9.0730 average_last200: 164.4359 epis: 0.0040 loss: 17.4819 
episode: 550 count: 511 score: 190.8757 average_last200: 164.6459 epis: 0.0039 loss: 66.8800 
episode: 551 count: 346 score: 181.5321 average_last200: 164.4152 epis: 0.0039 loss: 42.0720 
episode: 552 count: 506 score: 205.6000 average_last200: 164.4104 epis: 0.0039 loss: 65.3671 
episode: 553 count: 177 score: 216.4818 average_last200: 164.3997 epis: 0.0038 loss: 24.6710 
episode: 554 count: 193 score: 224.4122 average_last200: 164.3698 epis: 0.0038 loss: 21.6891 
episode: 555 count: 593 score: 219.8650 average_last200: 164.4793 epis: 0.0037 loss: 75.7407 
episode: 556 count: 417 score: 208.2812 average_last200: 165.8301 epis: 0.0037 loss: 57.4886 
episode: 557 count: 410 score: 213.4095 average_last200: 165.9002 epis: 0.0037 loss: 50.6623 
episode: 558 count: 433 score: 213.5199 average_last200: 165.7913 epis: 0.0036 loss: 53.3151 
episode: 559 count: 479 score: 213.7240 average_last200: 167.9114 epis: 0.0036 loss: 57.3730 
episode: 560 count: 155 score: 10.0063 average_last200: 166.8697 epis: 0.0036 loss: 19.7468 
episode: 561 count: 301 score: 191.9417 average_last200: 168.1486 epis: 0.0035 loss: 38.3672 
episode: 562 count: 240 score: 216.1388 average_last200: 168.0832 epis: 0.0035 loss: 30.3098 
episode: 563 count: 138 score: 7.3394 average_last200: 167.1349 epis: 0.0035 loss: 18.3096 
episode: 564 count: 505 score: 134.9971 average_last200: 166.5338 epis: 0.0034 loss: 61.3957 
episode: 565 count: 415 score: 194.8442 average_last200: 167.7708 epis: 0.0034 loss: 55.0891 
episode: 566 count: 559 score: 141.6138 average_last200: 169.1155 epis: 0.0034 loss: 70.9889 
episode: 567 count: 508 score: 220.0975 average_last200: 169.0311 epis: 0.0033 loss: 64.9926 
episode: 568 count: 439 score: 207.1969 average_last200: 169.0517 epis: 0.0033 loss: 53.6471 
episode: 569 count: 357 score: 225.8366 average_last200: 169.5996 epis: 0.0033 loss: 45.3796 
episode: 570 count: 435 score: 235.0705 average_last200: 169.7023 epis: 0.0032 loss: 57.2566 
episode: 571 count: 132 score: 11.6459 average_last200: 168.9634 epis: 0.0032 loss: 16.1061 
episode: 572 count: 338 score: 241.1178 average_last200: 168.8648 epis: 0.0032 loss: 42.5441 
episode: 573 count: 406 score: 170.9325 average_last200: 169.8680 epis: 0.0031 loss: 53.3717 
episode: 574 count: 399 score: 208.4080 average_last200: 170.1801 epis: 0.0031 loss: 50.3347 
episode: 575 count: 464 score: 205.3862 average_last200: 169.9861 epis: 0.0031 loss: 59.1399 
episode: 576 count: 612 score: 171.9402 average_last200: 170.2120 epis: 0.0030 loss: 77.4672 
episode: 577 count: 340 score: 210.4885 average_last200: 170.3743 epis: 0.0030 loss: 44.8172 
episode: 578 count: 365 score: 184.9066 average_last200: 170.3602 epis: 0.0030 loss: 45.9725 
episode: 579 count: 146 score: 15.0305 average_last200: 169.4728 epis: 0.0029 loss: 19.0853 
episode: 580 count: 484 score: 185.6085 average_last200: 170.4901 epis: 0.0029 loss: 60.0469 
episode: 581 count: 307 score: 230.9472 average_last200: 171.6541 epis: 0.0029 loss: 40.7431 
episode: 582 count: 88 score: -20.2214 average_last200: 171.8465 epis: 0.0029 loss: 11.0468 
episode: 583 count: 391 score: 217.8839 average_last200: 173.2283 epis: 0.0028 loss: 54.3084 
episode: 584 count: 161 score: -2.9621 average_last200: 172.0913 epis: 0.0028 loss: 21.1766 
episode: 585 count: 341 score: 253.5265 average_last200: 173.4046 epis: 0.0028 loss: 41.7653 
episode: 586 count: 342 score: 197.5696 average_last200: 173.4918 epis: 0.0027 loss: 46.4835 
episode: 587 count: 303 score: 206.8759 average_last200: 174.9419 epis: 0.0027 loss: 40.5882 
episode: 588 count: 342 score: 215.9276 average_last200: 175.2808 epis: 0.0027 loss: 40.8978 
episode: 589 count: 92 score: -10.9887 average_last200: 174.4579 epis: 0.0027 loss: 12.6273 
episode: 590 count: 216 score: 233.0367 average_last200: 175.7095 epis: 0.0026 loss: 29.4101 
episode: 591 count: 343 score: 204.2636 average_last200: 175.6424 epis: 0.0026 loss: 44.3105 
episode: 592 count: 414 score: 223.5940 average_last200: 175.9835 epis: 0.0026 loss: 53.6128 
episode: 593 count: 287 score: 240.5848 average_last200: 176.4555 epis: 0.0026 loss: 32.8875 
episode: 594 count: 361 score: 169.4792 average_last200: 177.4773 epis: 0.0025 loss: 47.1374 
episode: 595 count: 252 score: 239.2679 average_last200: 178.7091 epis: 0.0025 loss: 29.2353 
episode: 596 count: 104 score: -18.6808 average_last200: 177.6977 epis: 0.0025 loss: 15.3679 
episode: 597 count: 335 score: 252.5035 average_last200: 177.7277 epis: 0.0025 loss: 43.7858 
episode: 598 count: 341 score: 231.5327 average_last200: 177.9541 epis: 0.0024 loss: 45.0004 
episode: 599 count: 350 score: 163.8972 average_last200: 178.6472 epis: 0.0024 loss: 46.2938 
episode: 600 count: 217 score: 217.1290 average_last200: 178.9437 epis: 0.0024 loss: 26.6281 
episode: 601 count: 197 score: -0.4742 average_last200: 178.1139 epis: 0.0024 loss: 23.8932 
episode: 602 count: 427 score: 226.7601 average_last200: 177.9313 epis: 0.0023 loss: 58.2817 
episode: 603 count: 144 score: -23.9442 average_last200: 176.7757 epis: 0.0023 loss: 18.9826 
episode: 604 count: 245 score: 204.7889 average_last200: 176.7190 epis: 0.0023 loss: 35.2750 
episode: 605 count: 353 score: 199.0108 average_last200: 176.3701 epis: 0.0023 loss: 43.5772 
episode: 606 count: 703 score: 156.1277 average_last200: 176.1030 epis: 0.0022 loss: 93.5093 
episode: 607 count: 545 score: 222.9977 average_last200: 176.0488 epis: 0.0022 loss: 77.1963 
episode: 608 count: 449 score: 238.4522 average_last200: 176.5547 epis: 0.0022 loss: 62.6651 
episode: 609 count: 196 score: -51.6944 average_last200: 175.0846 epis: 0.0022 loss: 29.7131 
episode: 610 count: 516 score: 172.2120 average_last200: 174.7361 epis: 0.0022 loss: 76.0428 
episode: 611 count: 367 score: 201.9361 average_last200: 176.1493 epis: 0.0021 loss: 52.8176 
episode: 612 count: 141 score: -30.6422 average_last200: 175.0262 epis: 0.0021 loss: 20.6545 
episode: 613 count: 417 score: 184.0448 average_last200: 174.8501 epis: 0.0021 loss: 62.8797 
episode: 614 count: 223 score: 245.1260 average_last200: 174.8228 epis: 0.0021 loss: 31.3907 
episode: 615 count: 256 score: 190.9746 average_last200: 174.5306 epis: 0.0020 loss: 36.8411 
episode: 616 count: 234 score: 231.1895 average_last200: 174.6447 epis: 0.0020 loss: 35.1633 
episode: 617 count: 151 score: -46.3826 average_last200: 173.3359 epis: 0.0020 loss: 24.3434 
episode: 618 count: 259 score: 242.6875 average_last200: 174.0656 epis: 0.0020 loss: 36.8180 
episode: 619 count: 145 score: -23.7392 average_last200: 174.9613 epis: 0.0020 loss: 22.9879 
episode: 620 count: 263 score: 217.7445 average_last200: 175.2044 epis: 0.0019 loss: 40.9087 
episode: 621 count: 158 score: -27.6922 average_last200: 173.9137 epis: 0.0019 loss: 23.1670 
episode: 622 count: 309 score: 194.3471 average_last200: 173.9991 epis: 0.0019 loss: 46.5335 
episode: 623 count: 131 score: 4.4489 average_last200: 172.9457 epis: 0.0019 loss: 18.9555 
episode: 624 count: 216 score: 224.1481 average_last200: 173.0637 epis: 0.0019 loss: 32.5539 
episode: 625 count: 114 score: -35.3526 average_last200: 172.0619 epis: 0.0019 loss: 17.6589 
episode: 626 count: 260 score: 225.3134 average_last200: 172.1388 epis: 0.0018 loss: 41.0865 
episode: 627 count: 253 score: 229.6706 average_last200: 172.3019 epis: 0.0018 loss: 40.5189 
episode: 628 count: 143 score: 8.0601 average_last200: 171.0778 epis: 0.0018 loss: 21.8608 
episode: 629 count: 342 score: 196.2258 average_last200: 170.9763 epis: 0.0018 loss: 50.4855 
episode: 630 count: 108 score: -4.3970 average_last200: 169.8492 epis: 0.0018 loss: 17.6185 
episode: 631 count: 171 score: 27.0814 average_last200: 168.7267 epis: 0.0017 loss: 26.3946 
episode: 632 count: 314 score: 202.3155 average_last200: 168.5825 epis: 0.0017 loss: 50.0732 
episode: 633 count: 191 score: -21.6877 average_last200: 167.5329 epis: 0.0017 loss: 31.3901 
episode: 634 count: 178 score: 213.1300 average_last200: 167.4640 epis: 0.0017 loss: 28.8841 
episode: 635 count: 94 score: -14.6461 average_last200: 166.1448 epis: 0.0017 loss: 15.8946 
episode: 636 count: 266 score: 236.2062 average_last200: 166.1207 epis: 0.0017 loss: 43.8819 
episode: 637 count: 254 score: 213.7923 average_last200: 166.0313 epis: 0.0016 loss: 43.7247 
episode: 638 count: 216 score: 201.4192 average_last200: 166.0019 epis: 0.0016 loss: 32.6704 
episode: 639 count: 220 score: 197.2355 average_last200: 165.9770 epis: 0.0016 loss: 31.2095 
episode: 640 count: 438 score: 179.0294 average_last200: 165.7338 epis: 0.0016 loss: 66.9658 
episode: 641 count: 142 score: 11.3947 average_last200: 164.7552 epis: 0.0016 loss: 25.1152 
episode: 642 count: 362 score: 208.9913 average_last200: 164.6993 epis: 0.0016 loss: 53.6863 
episode: 643 count: 290 score: 201.6312 average_last200: 164.8789 epis: 0.0015 loss: 48.3654 
episode: 644 count: 202 score: 243.2221 average_last200: 165.0884 epis: 0.0015 loss: 35.6209 
episode: 645 count: 194 score: -2.6885 average_last200: 164.0412 epis: 0.0015 loss: 34.9236 
episode: 646 count: 111 score: 12.2525 average_last200: 163.0276 epis: 0.0015 loss: 20.4067 
episode: 647 count: 257 score: 211.3541 average_last200: 162.8941 epis: 0.0015 loss: 42.1015 
episode: 648 count: 281 score: 184.2719 average_last200: 162.6899 epis: 0.0015 loss: 44.3408 
episode: 649 count: 233 score: -15.2838 average_last200: 161.6393 epis: 0.0015 loss: 36.5890 
episode: 650 count: 399 score: 211.0410 average_last200: 161.6134 epis: 0.0014 loss: 61.6530 
episode: 651 count: 294 score: 207.8463 average_last200: 161.6658 epis: 0.0014 loss: 50.5288 
episode: 652 count: 372 score: 191.7662 average_last200: 161.6483 epis: 0.0014 loss: 66.4767 
episode: 653 count: 195 score: 264.0703 average_last200: 161.5597 epis: 0.0014 loss: 31.4989 
episode: 654 count: 242 score: -1.4152 average_last200: 160.5570 epis: 0.0014 loss: 40.3596 
episode: 655 count: 299 score: 212.0977 average_last200: 160.6192 epis: 0.0014 loss: 47.5739 
episode: 656 count: 190 score: 231.6663 average_last200: 160.7695 epis: 0.0014 loss: 33.5988 
episode: 657 count: 116 score: 10.5192 average_last200: 159.7034 epis: 0.0013 loss: 21.1422 
episode: 658 count: 265 score: 233.7020 average_last200: 159.8738 epis: 0.0013 loss: 48.0781 
episode: 659 count: 312 score: 174.1393 average_last200: 162.0085 epis: 0.0013 loss: 55.9968 
episode: 660 count: 334 score: 195.0361 average_last200: 161.8869 epis: 0.0013 loss: 57.9004 
episode: 661 count: 308 score: 244.1161 average_last200: 161.9994 epis: 0.0013 loss: 55.4036 
episode: 662 count: 267 score: 204.4244 average_last200: 162.0141 epis: 0.0013 loss: 46.0898 
episode: 663 count: 146 score: -11.4326 average_last200: 160.6680 epis: 0.0013 loss: 25.2783 
episode: 664 count: 319 score: 203.3985 average_last200: 160.5502 epis: 0.0013 loss: 53.7089 
episode: 665 count: 224 score: 215.3949 average_last200: 160.5469 epis: 0.0012 loss: 35.3054 
episode: 666 count: 235 score: 209.0025 average_last200: 160.4912 epis: 0.0012 loss: 40.1075 
episode: 667 count: 281 score: 216.0731 average_last200: 160.6185 epis: 0.0012 loss: 47.2252 
episode: 668 count: 191 score: 223.2673 average_last200: 160.5920 epis: 0.0012 loss: 34.3515 
episode: 669 count: 177 score: 214.2859 average_last200: 160.7483 epis: 0.0012 loss: 30.6069 
episode: 670 count: 157 score: 2.7979 average_last200: 159.6939 epis: 0.0012 loss: 29.0581 
episode: 671 count: 281 score: 217.8796 average_last200: 159.8490 epis: 0.0012 loss: 49.8866 
episode: 672 count: 127 score: 3.7641 average_last200: 158.6778 epis: 0.0012 loss: 18.7684 
episode: 673 count: 146 score: 9.5769 average_last200: 157.5939 epis: 0.0011 loss: 21.3966 
episode: 674 count: 428 score: 238.3649 average_last200: 157.5627 epis: 0.0011 loss: 69.6260 
episode: 675 count: 355 score: 217.0499 average_last200: 157.5758 epis: 0.0011 loss: 60.6849 
episode: 676 count: 236 score: -6.9874 average_last200: 157.6528 epis: 0.0011 loss: 38.4997 
episode: 677 count: 152 score: -6.0937 average_last200: 156.3929 epis: 0.0011 loss: 26.5016 
episode: 678 count: 124 score: -3.2771 average_last200: 155.1039 epis: 0.0011 loss: 21.9371 
episode: 679 count: 153 score: -18.8471 average_last200: 153.7764 epis: 0.0011 loss: 24.7923 
episode: 680 count: 293 score: 214.8539 average_last200: 155.1038 epis: 0.0011 loss: 52.7987 
episode: 681 count: 215 score: 194.6435 average_last200: 154.9479 epis: 0.0011 loss: 40.1635 
episode: 682 count: 135 score: -7.9340 average_last200: 154.0404 epis: 0.0010 loss: 26.0496 
episode: 683 count: 147 score: -0.6291 average_last200: 152.7364 epis: 0.0010 loss: 29.2164 
episode: 684 count: 246 score: 220.7199 average_last200: 153.0597 epis: 0.0010 loss: 45.8755 
episode: 685 count: 149 score: -15.4377 average_last200: 151.8132 epis: 0.0010 loss: 27.9008 
episode: 686 count: 147 score: -11.3579 average_last200: 150.6789 epis: 0.0010 loss: 26.7905 
episode: 687 count: 273 score: 235.9084 average_last200: 150.8592 epis: 0.0010 loss: 45.9412 
episode: 688 count: 149 score: 12.0439 average_last200: 151.1753 epis: 0.0010 loss: 28.1231 
episode: 689 count: 239 score: 255.6932 average_last200: 152.7737 epis: 0.0010 loss: 45.6133 
episode: 690 count: 325 score: 197.6882 average_last200: 152.5896 epis: 0.0010 loss: 62.1672 
episode: 691 count: 280 score: 182.2800 average_last200: 152.2659 epis: 0.0010 loss: 49.7126 
episode: 692 count: 314 score: 226.5781 average_last200: 152.2209 epis: 0.0009 loss: 55.3531 
episode: 693 count: 388 score: 205.4415 average_last200: 153.5668 epis: 0.0009 loss: 72.1762 
episode: 694 count: 137 score: 2.5702 average_last200: 153.6614 epis: 0.0009 loss: 23.4872 
episode: 695 count: 140 score: 17.4410 average_last200: 152.5905 epis: 0.0009 loss: 27.4841 
episode: 696 count: 380 score: 218.7924 average_last200: 153.8022 epis: 0.0009 loss: 70.2845 
episode: 697 count: 330 score: 220.6924 average_last200: 153.7585 epis: 0.0009 loss: 58.6698 
episode: 698 count: 316 score: 209.0884 average_last200: 154.6365 epis: 0.0009 loss: 57.0767 
episode: 699 count: 144 score: 7.7133 average_last200: 153.4109 epis: 0.0009 loss: 27.2973 
episode: 700 count: 297 score: 233.9946 average_last200: 153.4017 epis: 0.0009 loss: 54.6904 
episode: 701 count: 436 score: 203.6726 average_last200: 153.3908 epis: 0.0009 loss: 82.7259 
episode: 702 count: 282 score: 231.5066 average_last200: 153.4459 epis: 0.0009 loss: 52.8296 
episode: 703 count: 255 score: 235.6465 average_last200: 153.4172 epis: 0.0008 loss: 44.0803 
episode: 704 count: 214 score: 258.3198 average_last200: 153.5362 epis: 0.0008 loss: 38.7730 
episode: 705 count: 224 score: 226.6140 average_last200: 154.8100 epis: 0.0008 loss: 40.7470 
episode: 706 count: 313 score: 232.5388 average_last200: 154.8202 epis: 0.0008 loss: 60.7883 
episode: 707 count: 184 score: -3.2041 average_last200: 153.5217 epis: 0.0008 loss: 32.5457 
episode: 708 count: 407 score: 216.4621 average_last200: 153.4924 epis: 0.0008 loss: 73.4743 
episode: 709 count: 165 score: 15.7352 average_last200: 152.4313 epis: 0.0008 loss: 29.2276 
episode: 710 count: 249 score: 194.4118 average_last200: 152.1963 epis: 0.0008 loss: 47.4148 
episode: 711 count: 234 score: 234.2201 average_last200: 152.1663 epis: 0.0008 loss: 45.6651 
episode: 712 count: 154 score: -10.3227 average_last200: 152.3224 epis: 0.0008 loss: 25.4771 
episode: 713 count: 140 score: 9.8786 average_last200: 152.6133 epis: 0.0008 loss: 27.8760 
episode: 714 count: 594 score: 243.8512 average_last200: 152.7313 epis: 0.0008 loss: 111.1348 
episode: 715 count: 285 score: 250.7584 average_last200: 152.8778 epis: 0.0007 loss: 57.1890 
episode: 716 count: 224 score: 205.7294 average_last200: 154.1969 epis: 0.0007 loss: 42.3498 
episode: 717 count: 258 score: 222.3565 average_last200: 154.1179 epis: 0.0007 loss: 46.8313 
episode: 718 count: 240 score: 218.7467 average_last200: 153.8987 epis: 0.0007 loss: 44.4037 
episode: 719 count: 265 score: 238.5420 average_last200: 153.8003 epis: 0.0007 loss: 53.8441 
episode: 720 count: 219 score: 225.5615 average_last200: 153.7293 epis: 0.0007 loss: 41.5478 
episode: 721 count: 233 score: 228.4771 average_last200: 153.6836 epis: 0.0007 loss: 40.8009 
episode: 722 count: 266 score: 239.6602 average_last200: 153.8741 epis: 0.0007 loss: 47.2535 
episode: 723 count: 242 score: 241.7381 average_last200: 154.0379 epis: 0.0007 loss: 46.3572 
episode: 724 count: 271 score: 214.4475 average_last200: 153.9881 epis: 0.0007 loss: 48.0190 
episode: 725 count: 194 score: 222.8265 average_last200: 153.9746 epis: 0.0007 loss: 38.0913 
episode: 726 count: 303 score: 210.9538 average_last200: 154.0584 epis: 0.0007 loss: 53.2975 
episode: 727 count: 167 score: -38.0354 average_last200: 152.6192 epis: 0.0007 loss: 33.1400 
episode: 728 count: 240 score: 244.8919 average_last200: 153.0991 epis: 0.0007 loss: 42.1746 
episode: 729 count: 215 score: 222.5321 average_last200: 153.0974 epis: 0.0007 loss: 38.6355 
episode: 730 count: 220 score: 223.8721 average_last200: 154.5690 epis: 0.0006 loss: 40.2569 
episode: 731 count: 200 score: 264.5539 average_last200: 154.8625 epis: 0.0006 loss: 40.3492 
episode: 732 count: 274 score: -64.3464 average_last200: 153.3524 epis: 0.0006 loss: 51.2471 
episode: 733 count: 292 score: 233.8582 average_last200: 153.4495 epis: 0.0006 loss: 58.3044 
episode: 734 count: 137 score: 16.5165 average_last200: 152.5408 epis: 0.0006 loss: 25.2410 
episode: 735 count: 191 score: 223.3582 average_last200: 152.4411 epis: 0.0006 loss: 37.8633 
episode: 736 count: 203 score: 231.0326 average_last200: 152.4543 epis: 0.0006 loss: 41.9294 
episode: 737 count: 173 score: 283.3340 average_last200: 152.8751 epis: 0.0006 loss: 30.5342 
episode: 738 count: 226 score: 227.9254 average_last200: 152.7215 epis: 0.0006 loss: 44.5627 
episode: 739 count: 243 score: 214.5341 average_last200: 152.8197 epis: 0.0006 loss: 45.1788 
episode: 740 count: 266 score: 237.7332 average_last200: 155.1338 epis: 0.0006 loss: 57.6350 
episode: 741 count: 255 score: 228.8908 average_last200: 155.3103 epis: 0.0006 loss: 53.4804 
episode: 742 count: 287 score: 234.9542 average_last200: 155.2126 epis: 0.0006 loss: 53.7940 
episode: 743 count: 386 score: 213.8864 average_last200: 155.1890 epis: 0.0006 loss: 75.9213 
episode: 744 count: 214 score: 241.5035 average_last200: 156.4816 epis: 0.0006 loss: 40.9762 
episode: 745 count: 189 score: 250.4686 average_last200: 156.7613 epis: 0.0006 loss: 38.0994 
episode: 746 count: 226 score: 254.6052 average_last200: 156.9708 epis: 0.0005 loss: 43.3112 
episode: 747 count: 327 score: 229.5192 average_last200: 158.4287 epis: 0.0005 loss: 66.7129 
episode: 748 count: 168 score: -13.9582 average_last200: 157.4411 epis: 0.0005 loss: 28.3015 
episode: 749 count: 163 score: 13.5252 average_last200: 157.4634 epis: 0.0005 loss: 30.5908 
episode: 750 count: 240 score: 192.5570 average_last200: 157.4718 epis: 0.0005 loss: 44.4634 
episode: 751 count: 260 score: 186.2693 average_last200: 157.4955 epis: 0.0005 loss: 44.8275 
episode: 752 count: 895 score: 189.5265 average_last200: 157.4151 epis: 0.0005 loss: 176.3248 
episode: 753 count: 215 score: 241.9515 average_last200: 157.5425 epis: 0.0005 loss: 43.3128 
episode: 754 count: 123 score: 22.4137 average_last200: 156.5325 epis: 0.0005 loss: 25.7021 
episode: 755 count: 229 score: 187.9059 average_last200: 156.3727 epis: 0.0005 loss: 45.6624 
episode: 756 count: 117 score: 16.4146 average_last200: 155.4133 epis: 0.0005 loss: 22.2810 
episode: 757 count: 291 score: 234.5038 average_last200: 155.5188 epis: 0.0005 loss: 55.4872 
episode: 758 count: 295 score: 203.5780 average_last200: 155.4691 epis: 0.0005 loss: 54.7853 
episode: 759 count: 233 score: 261.7906 average_last200: 155.7094 epis: 0.0005 loss: 50.2026 
episode: 760 count: 305 score: 210.9298 average_last200: 156.7141 epis: 0.0005 loss: 59.8724 
episode: 761 count: 440 score: 150.6162 average_last200: 156.5074 epis: 0.0005 loss: 86.1226 
episode: 762 count: 261 score: 263.3474 average_last200: 156.7435 epis: 0.0005 loss: 50.3242 
episode: 763 count: 385 score: 172.2287 average_last200: 157.5679 epis: 0.0005 loss: 74.2342 
episode: 764 count: 389 score: 148.0668 average_last200: 157.6333 epis: 0.0005 loss: 77.9805 
episode: 765 count: 352 score: 203.8767 average_last200: 157.6784 epis: 0.0005 loss: 70.5896 
episode: 766 count: 256 score: 266.1585 average_last200: 158.3012 epis: 0.0004 loss: 49.3028 
episode: 767 count: 294 score: 242.7467 average_last200: 158.4144 epis: 0.0004 loss: 55.3979 
episode: 768 count: 563 score: 168.6048 average_last200: 158.2214 epis: 0.0004 loss: 112.2769 
episode: 769 count: 162 score: 16.7610 average_last200: 157.1761 epis: 0.0004 loss: 30.5882 
episode: 770 count: 268 score: 219.2421 average_last200: 157.0969 epis: 0.0004 loss: 54.5192 
episode: 771 count: 145 score: -8.4709 average_last200: 156.9963 epis: 0.0004 loss: 27.7105 
episode: 772 count: 479 score: 155.2584 average_last200: 156.5670 epis: 0.0004 loss: 96.6636 
episode: 773 count: 697 score: -284.4477 average_last200: 154.2901 epis: 0.0004 loss: 145.7808 
episode: 774 count: 156 score: 7.2431 average_last200: 153.2843 epis: 0.0004 loss: 29.4882 
episode: 775 count: 322 score: 182.7208 average_last200: 153.1710 epis: 0.0004 loss: 62.6590 
episode: 776 count: 245 score: 240.6322 average_last200: 153.5144 epis: 0.0004 loss: 48.1950 
episode: 777 count: 322 score: 228.2962 average_last200: 153.6035 epis: 0.0004 loss: 66.1528 
episode: 778 count: 113 score: -42.3795 average_last200: 152.4671 epis: 0.0004 loss: 21.6440 
episode: 779 count: 459 score: 164.0450 average_last200: 153.2121 epis: 0.0004 loss: 89.9558 
episode: 780 count: 601 score: 141.2816 average_last200: 152.9905 epis: 0.0004 loss: 117.7773 
episode: 781 count: 557 score: 156.8710 average_last200: 152.6201 epis: 0.0004 loss: 103.8692 
episode: 782 count: 494 score: 183.0654 average_last200: 153.6365 epis: 0.0004 loss: 98.2736 
episode: 783 count: 460 score: 160.6269 average_last200: 153.3503 epis: 0.0004 loss: 88.6887 
episode: 784 count: 156 score: 18.8246 average_last200: 153.4592 epis: 0.0004 loss: 29.0960 
episode: 785 count: 635 score: 158.7780 average_last200: 152.9855 epis: 0.0004 loss: 128.6257 
episode: 786 count: 574 score: 180.7911 average_last200: 152.9016 epis: 0.0004 loss: 110.6499 
episode: 787 count: 132 score: -13.8817 average_last200: 151.7978 epis: 0.0004 loss: 28.8169 
episode: 788 count: 687 score: 123.4844 average_last200: 151.3356 epis: 0.0004 loss: 137.6756 
episode: 789 count: 153 score: 27.4505 average_last200: 151.5278 epis: 0.0004 loss: 27.2491 
episode: 790 count: 402 score: 174.6935 average_last200: 151.2360 epis: 0.0004 loss: 82.4493 
episode: 791 count: 451 score: 225.4185 average_last200: 151.3418 epis: 0.0003 loss: 85.8587 
episode: 792 count: 414 score: 211.5397 average_last200: 151.2815 epis: 0.0003 loss: 73.6680 
episode: 793 count: 229 score: 234.2239 average_last200: 151.2497 epis: 0.0003 loss: 42.1381 
episode: 794 count: 368 score: 170.4398 average_last200: 151.2545 epis: 0.0003 loss: 66.3584 
episode: 795 count: 322 score: 169.9028 average_last200: 150.9077 epis: 0.0003 loss: 56.3118 
episode: 796 count: 426 score: 192.1250 average_last200: 151.9617 epis: 0.0003 loss: 74.3598 
episode: 797 count: 602 score: 124.9393 average_last200: 151.3239 epis: 0.0003 loss: 109.8933 
episode: 798 count: 374 score: 194.8285 average_last200: 151.1404 epis: 0.0003 loss: 64.2273 
episode: 799 count: 282 score: 208.6124 average_last200: 151.3640 epis: 0.0003 loss: 52.4427 
episode: 800 count: 456 score: 154.4767 average_last200: 151.0507 epis: 0.0003 loss: 79.5347 
episode: 801 count: 358 score: 162.6144 average_last200: 151.8662 epis: 0.0003 loss: 62.6696 
episode: 802 count: 174 score: 5.5527 average_last200: 150.7601 epis: 0.0003 loss: 28.0492 
episode: 803 count: 158 score: -14.8737 average_last200: 150.8055 epis: 0.0003 loss: 28.1864 
episode: 804 count: 153 score: 18.8399 average_last200: 149.8757 epis: 0.0003 loss: 25.8052 
episode: 805 count: 327 score: 218.8824 average_last200: 149.9751 epis: 0.0003 loss: 60.1897 
episode: 806 count: 412 score: 163.4839 average_last200: 150.0119 epis: 0.0003 loss: 74.5839 
episode: 807 count: 455 score: 169.7677 average_last200: 149.7457 epis: 0.0003 loss: 80.3630 
episode: 808 count: 113 score: 28.3997 average_last200: 148.6955 epis: 0.0003 loss: 19.3369 
episode: 809 count: 174 score: 6.5413 average_last200: 148.9866 epis: 0.0003 loss: 29.2096 
episode: 810 count: 231 score: 233.6858 average_last200: 149.2940 epis: 0.0003 loss: 41.1219 
episode: 811 count: 138 score: 22.5066 average_last200: 148.3969 epis: 0.0003 loss: 20.9884 
episode: 812 count: 388 score: 217.9798 average_last200: 149.6400 epis: 0.0003 loss: 68.6843 
episode: 813 count: 392 score: 200.9809 average_last200: 149.7246 epis: 0.0003 loss: 68.0936 
episode: 814 count: 280 score: 253.5033 average_last200: 149.7665 epis: 0.0003 loss: 46.2717 
episode: 815 count: 584 score: 124.1343 average_last200: 149.4323 epis: 0.0003 loss: 100.1002 
episode: 816 count: 238 score: 210.3675 average_last200: 149.3282 epis: 0.0003 loss: 44.5910 
episode: 817 count: 129 score: -36.7597 average_last200: 149.3763 epis: 0.0003 loss: 22.5300 
episode: 818 count: 476 score: 169.4075 average_last200: 149.0099 epis: 0.0003 loss: 86.9010 
episode: 819 count: 393 score: 201.2133 average_last200: 150.1347 epis: 0.0003 loss: 68.8559 
episode: 820 count: 145 score: 24.1841 average_last200: 149.1669 epis: 0.0003 loss: 23.9879 
episode: 821 count: 212 score: 224.0005 average_last200: 150.4254 epis: 0.0003 loss: 36.1711 
episode: 822 count: 336 score: 177.7835 average_last200: 150.3425 epis: 0.0003 loss: 55.2793 
episode: 823 count: 153 score: 9.9638 average_last200: 150.3701 epis: 0.0003 loss: 26.0830 
episode: 824 count: 245 score: 234.0280 average_last200: 150.4195 epis: 0.0003 loss: 37.0714 
episode: 825 count: 201 score: 246.6116 average_last200: 151.8293 epis: 0.0002 loss: 34.3790 
episode: 826 count: 198 score: 233.9847 average_last200: 151.8727 epis: 0.0002 loss: 33.1129 
episode: 827 count: 255 score: 221.4164 average_last200: 151.8314 epis: 0.0002 loss: 46.4042 
episode: 828 count: 375 score: 200.7274 average_last200: 152.7948 epis: 0.0002 loss: 64.6700 
episode: 829 count: 194 score: -6.9985 average_last200: 151.7786 epis: 0.0002 loss: 34.7465 
episode: 830 count: 160 score: -0.5552 average_last200: 151.7978 epis: 0.0002 loss: 26.1376 
episode: 831 count: 162 score: -0.8487 average_last200: 151.6582 epis: 0.0002 loss: 27.2224 
episode: 832 count: 184 score: 206.4296 average_last200: 151.6788 epis: 0.0002 loss: 30.3318 
episode: 833 count: 212 score: 227.3705 average_last200: 152.9241 epis: 0.0002 loss: 40.0330 
episode: 834 count: 300 score: 201.5693 average_last200: 152.8663 epis: 0.0002 loss: 48.8729 
episode: 835 count: 150 score: -27.4579 average_last200: 152.8022 epis: 0.0002 loss: 23.6012 
episode: 836 count: 422 score: 163.3063 average_last200: 152.4377 epis: 0.0002 loss: 73.3740 
episode: 837 count: 171 score: -2.9334 average_last200: 151.3541 epis: 0.0002 loss: 29.1202 
episode: 838 count: 391 score: 198.5972 average_last200: 151.3400 epis: 0.0002 loss: 68.8988 
episode: 839 count: 230 score: 241.8802 average_last200: 151.5632 epis: 0.0002 loss: 39.2943 
episode: 840 count: 137 score: -10.4079 average_last200: 150.6160 epis: 0.0002 loss: 24.0473 
episode: 841 count: 327 score: 201.9204 average_last200: 151.5686 epis: 0.0002 loss: 51.6110 
episode: 842 count: 93 score: -0.4850 average_last200: 150.5212 epis: 0.0002 loss: 14.2625 
episode: 843 count: 326 score: 191.7610 average_last200: 150.4719 epis: 0.0002 loss: 53.9220 
episode: 844 count: 118 score: 1.3374 average_last200: 149.2625 epis: 0.0002 loss: 20.3099 
episode: 845 count: 393 score: 216.2609 average_last200: 150.3572 epis: 0.0002 loss: 67.8851 
episode: 846 count: 471 score: 168.1769 average_last200: 151.1368 epis: 0.0002 loss: 78.8483 
episode: 847 count: 92 score: 15.2258 average_last200: 150.1562 epis: 0.0002 loss: 17.0604 
episode: 848 count: 129 score: -24.2683 average_last200: 149.1135 epis: 0.0002 loss: 21.2308 
episode: 849 count: 211 score: 237.0031 average_last200: 150.3749 epis: 0.0002 loss: 32.7440 
episode: 850 count: 134 score: 24.0442 average_last200: 149.4399 epis: 0.0002 loss: 23.5777 
episode: 851 count: 228 score: 250.7390 average_last200: 149.6544 epis: 0.0002 loss: 41.4772 
episode: 852 count: 365 score: 222.1006 average_last200: 149.8061 epis: 0.0002 loss: 60.2494 
episode: 853 count: 173 score: 11.5573 average_last200: 148.5435 epis: 0.0002 loss: 24.7194 
episode: 854 count: 212 score: 259.9307 average_last200: 149.8502 epis: 0.0002 loss: 33.6880 
episode: 855 count: 112 score: -46.3534 average_last200: 148.5580 epis: 0.0002 loss: 18.8943 
episode: 856 count: 118 score: -10.8533 average_last200: 147.3454 epis: 0.0002 loss: 20.0905 
episode: 857 count: 353 score: 234.3612 average_last200: 148.4646 epis: 0.0002 loss: 60.6906 
episode: 858 count: 347 score: 220.9041 average_last200: 148.4006 epis: 0.0002 loss: 62.1563 
episode: 859 count: 301 score: 216.1992 average_last200: 148.6109 epis: 0.0002 loss: 51.5139 
episode: 860 count: 151 score: 13.6369 average_last200: 147.7039 epis: 0.0002 loss: 25.5710 
episode: 861 count: 149 score: -15.8228 average_last200: 146.4042 epis: 0.0002 loss: 24.0472 
episode: 862 count: 224 score: 200.1318 average_last200: 146.3828 epis: 0.0002 loss: 39.8210 
episode: 863 count: 101 score: -19.0147 average_last200: 146.3448 epis: 0.0002 loss: 19.8538 
episode: 864 count: 168 score: 23.0601 average_last200: 145.4432 epis: 0.0002 loss: 30.8539 
episode: 865 count: 159 score: 19.5951 average_last200: 144.4642 epis: 0.0002 loss: 29.7961 
episode: 866 count: 293 score: 191.4396 average_last200: 144.3763 epis: 0.0002 loss: 48.6508 
episode: 867 count: 92 score: -17.4868 average_last200: 143.2085 epis: 0.0002 loss: 18.8293 
episode: 868 count: 191 score: 224.1447 average_last200: 143.2129 epis: 0.0002 loss: 34.0490 
episode: 869 count: 241 score: 214.9184 average_last200: 143.2161 epis: 0.0002 loss: 38.0860 
episode: 870 count: 465 score: 198.4747 average_last200: 144.1945 epis: 0.0002 loss: 77.8417 
episode: 871 count: 592 score: -114.3100 average_last200: 142.5335 epis: 0.0002 loss: 96.4503 
episode: 872 count: 118 score: -22.0217 average_last200: 142.4046 epis: 0.0002 loss: 19.3250 
episode: 873 count: 200 score: 263.9833 average_last200: 143.6766 epis: 0.0002 loss: 35.9312 
episode: 874 count: 153 score: -1.3875 average_last200: 142.4779 epis: 0.0002 loss: 26.1960 
episode: 875 count: 97 score: -45.0831 average_last200: 141.1672 epis: 0.0002 loss: 16.2239 
episode: 876 count: 123 score: -30.1741 average_last200: 141.0513 epis: 0.0001 loss: 19.3759 
episode: 877 count: 278 score: 254.4231 average_last200: 142.3539 epis: 0.0001 loss: 50.2533 
episode: 878 count: 126 score: 4.5942 average_last200: 142.3932 epis: 0.0001 loss: 21.1316 
episode: 879 count: 159 score: -36.8628 average_last200: 142.3031 epis: 0.0001 loss: 25.7112 
episode: 880 count: 94 score: -15.0312 average_last200: 141.1537 epis: 0.0001 loss: 15.9979 
episode: 881 count: 316 score: 241.5243 average_last200: 141.3881 epis: 0.0001 loss: 57.2737 
episode: 882 count: 199 score: 232.8435 average_last200: 142.5920 epis: 0.0001 loss: 32.4974 
episode: 883 count: 97 score: -36.3985 average_last200: 142.4131 epis: 0.0001 loss: 15.8358 
episode: 884 count: 187 score: 216.1879 average_last200: 142.3905 epis: 0.0001 loss: 29.1791 
episode: 885 count: 142 score: -20.2653 average_last200: 142.3663 epis: 0.0001 loss: 23.4725 
episode: 886 count: 193 score: 222.7362 average_last200: 143.5368 epis: 0.0001 loss: 31.9891 
episode: 887 count: 87 score: 0.5498 average_last200: 142.3600 epis: 0.0001 loss: 14.7780 
episode: 888 count: 118 score: -18.4211 average_last200: 142.2077 epis: 0.0001 loss: 19.6467 
episode: 889 count: 149 score: 15.5207 average_last200: 141.0068 epis: 0.0001 loss: 25.2227 
episode: 890 count: 119 score: -20.3751 average_last200: 139.9165 epis: 0.0001 loss: 21.6269 
episode: 891 count: 126 score: 49.1519 average_last200: 139.2509 epis: 0.0001 loss: 20.3256 
episode: 892 count: 105 score: -17.0221 average_last200: 138.0329 epis: 0.0001 loss: 16.0578 
episode: 893 count: 104 score: -43.0683 average_last200: 136.7903 epis: 0.0001 loss: 16.8353 
episode: 894 count: 139 score: 4.7469 average_last200: 136.8012 epis: 0.0001 loss: 25.7091 
episode: 895 count: 266 score: 229.1250 average_last200: 137.8596 epis: 0.0001 loss: 45.2718 
episode: 896 count: 126 score: 17.0826 average_last200: 136.8511 epis: 0.0001 loss: 21.8216 
episode: 897 count: 431 score: 250.5783 average_last200: 137.0005 epis: 0.0001 loss: 80.4427 
episode: 898 count: 271 score: 260.7978 average_last200: 137.2591 epis: 0.0001 loss: 50.0985 
episode: 899 count: 93 score: -43.7156 average_last200: 137.0019 epis: 0.0001 loss: 17.0036 
episode: 900 count: 292 score: 230.0641 average_last200: 136.9823 epis: 0.0001 loss: 52.0357 
episode: 901 count: 88 score: -2.6515 average_last200: 135.9506 epis: 0.0001 loss: 14.2856 
episode: 902 count: 73 score: -52.8531 average_last200: 134.5288 epis: 0.0001 loss: 13.1918 
episode: 903 count: 386 score: 249.1183 average_last200: 134.5962 epis: 0.0001 loss: 70.1605 
episode: 904 count: 86 score: -15.5152 average_last200: 133.2270 epis: 0.0001 loss: 14.7701 
episode: 905 count: 184 score: 241.5833 average_last200: 133.3019 epis: 0.0001 loss: 31.3567 
episode: 906 count: 191 score: 229.7335 average_last200: 133.2879 epis: 0.0001 loss: 36.1238 
episode: 907 count: 101 score: -57.3940 average_last200: 133.0169 epis: 0.0001 loss: 18.4950 
episode: 908 count: 116 score: -36.3732 average_last200: 131.7527 epis: 0.0001 loss: 19.3248 
episode: 909 count: 413 score: 210.0573 average_last200: 132.7243 epis: 0.0001 loss: 80.2835 
episode: 910 count: 85 score: -9.9160 average_last200: 131.7027 epis: 0.0001 loss: 11.8638 
episode: 911 count: 90 score: -55.0276 average_last200: 130.2565 epis: 0.0001 loss: 19.2796 
episode: 912 count: 75 score: -77.4205 average_last200: 129.9210 epis: 0.0001 loss: 13.3480 
episode: 913 count: 221 score: 225.9076 average_last200: 131.0011 epis: 0.0001 loss: 41.1475 
episode: 914 count: 133 score: 0.2762 average_last200: 129.7832 epis: 0.0001 loss: 24.1508 
episode: 915 count: 232 score: 241.8591 average_last200: 129.7387 epis: 0.0001 loss: 45.6942 
episode: 916 count: 264 score: 249.9704 average_last200: 129.9599 epis: 0.0001 loss: 50.1903 
episode: 917 count: 329 score: 253.1814 average_last200: 130.1141 epis: 0.0001 loss: 59.1598 
episode: 918 count: 237 score: 257.4411 average_last200: 130.3075 epis: 0.0001 loss: 42.8318 
episode: 919 count: 139 score: 20.1954 average_last200: 129.2158 epis: 0.0001 loss: 23.5721 
episode: 920 count: 154 score: -0.3795 average_last200: 128.0861 epis: 0.0001 loss: 29.4681 
episode: 921 count: 101 score: -38.5757 average_last200: 126.7508 epis: 0.0001 loss: 15.1503 
episode: 922 count: 167 score: 0.6166 average_last200: 125.5556 epis: 0.0001 loss: 30.4954 
episode: 923 count: 112 score: -32.7862 average_last200: 124.1830 epis: 0.0001 loss: 21.4311 
episode: 924 count: 104 score: -28.2668 average_last200: 122.9694 epis: 0.0001 loss: 18.7089 
episode: 925 count: 210 score: 223.4051 average_last200: 122.9723 epis: 0.0001 loss: 40.7661 
episode: 926 count: 120 score: -11.9373 average_last200: 121.8579 epis: 0.0001 loss: 22.8397 
episode: 927 count: 128 score: 10.3709 average_last200: 122.0999 epis: 0.0001 loss: 25.1285 
episode: 928 count: 374 score: 215.5466 average_last200: 121.9532 epis: 0.0001 loss: 71.2702 
episode: 929 count: 153 score: 15.6385 average_last200: 120.9187 epis: 0.0001 loss: 32.0576 
episode: 930 count: 104 score: -35.4713 average_last200: 119.6220 epis: 0.0001 loss: 19.8387 
episode: 931 count: 135 score: 0.1746 average_last200: 118.3001 epis: 0.0001 loss: 22.5727 
episode: 932 count: 281 score: 213.9356 average_last200: 119.6915 epis: 0.0001 loss: 53.7540 
episode: 933 count: 141 score: 24.9642 average_last200: 118.6470 epis: 0.0001 loss: 24.8003 
episode: 934 count: 102 score: -37.4653 average_last200: 118.3771 epis: 0.0001 loss: 19.7448 
episode: 935 count: 148 score: 10.2151 average_last200: 117.3114 epis: 0.0001 loss: 30.2488 
episode: 936 count: 222 score: 23.1616 average_last200: 116.2721 epis: 0.0001 loss: 43.0627 
episode: 937 count: 152 score: -2.2269 average_last200: 114.8442 epis: 0.0001 loss: 28.9243 
episode: 938 count: 199 score: -16.6522 average_last200: 113.6214 epis: 0.0001 loss: 37.5324 
episode: 939 count: 236 score: 254.6332 average_last200: 113.8219 epis: 0.0001 loss: 43.6375 
episode: 940 count: 210 score: 240.0908 average_last200: 113.8336 epis: 0.0001 loss: 39.4571 
episode: 941 count: 292 score: 241.8578 average_last200: 113.8985 epis: 0.0001 loss: 52.9309 
episode: 942 count: 289 score: 246.6857 average_last200: 113.9571 epis: 0.0001 loss: 56.0809 
episode: 943 count: 162 score: 6.0473 average_last200: 112.9179 epis: 0.0001 loss: 31.4233 
episode: 944 count: 157 score: 20.5614 average_last200: 111.8132 epis: 0.0001 loss: 31.3117 
episode: 945 count: 230 score: -418.4250 average_last200: 108.4688 epis: 0.0001 loss: 45.9843 
episode: 946 count: 91 score: -6.4547 average_last200: 107.1635 epis: 0.0001 loss: 17.9176 
episode: 947 count: 107 score: -39.5896 average_last200: 105.8179 epis: 0.0001 loss: 17.5877 
episode: 948 count: 165 score: -42.9584 average_last200: 105.6729 epis: 0.0001 loss: 31.8859 
episode: 949 count: 139 score: 0.5439 average_last200: 105.6080 epis: 0.0001 loss: 26.3773 
episode: 950 count: 202 score: 190.2660 average_last200: 105.5966 epis: 0.0001 loss: 35.5331 
episode: 951 count: 337 score: 191.4137 average_last200: 105.6223 epis: 0.0001 loss: 64.7048 
episode: 952 count: 250 score: 193.9943 average_last200: 105.6446 epis: 0.0001 loss: 50.8620 
episode: 953 count: 93 score: -73.9205 average_last200: 104.0653 epis: 0.0001 loss: 18.9361 
episode: 954 count: 377 score: 213.7023 average_last200: 105.0217 epis: 0.0001 loss: 72.2012 
episode: 955 count: 96 score: -58.3080 average_last200: 103.7906 epis: 0.0001 loss: 19.9800 
episode: 956 count: 168 score: -16.0535 average_last200: 103.6283 epis: 0.0001 loss: 32.1031 
episode: 957 count: 198 score: 23.9962 average_last200: 102.5758 epis: 0.0001 loss: 36.8538 
episode: 958 count: 99 score: 14.6629 average_last200: 101.6312 epis: 0.0001 loss: 21.4075 
episode: 959 count: 172 score: -37.3102 average_last200: 100.1357 epis: 0.0001 loss: 32.1284 
episode: 960 count: 517 score: 246.7439 average_last200: 100.3147 epis: 0.0001 loss: 100.8756 
episode: 961 count: 117 score: -71.1117 average_last200: 99.2061 epis: 0.0001 loss: 21.7233 
episode: 962 count: 171 score: -27.4883 average_last200: 97.7519 epis: 0.0001 loss: 32.1542 
episode: 963 count: 308 score: 198.6217 average_last200: 97.8839 epis: 0.0001 loss: 53.4450 
episode: 964 count: 160 score: -50.3331 average_last200: 96.8919 epis: 0.0001 loss: 29.4935 
episode: 965 count: 89 score: -58.2345 average_last200: 95.5813 epis: 0.0001 loss: 20.4787 
episode: 966 count: 144 score: 12.8693 average_last200: 94.3149 epis: 0.0001 loss: 25.2192 
episode: 967 count: 196 score: 28.7306 average_last200: 93.2448 epis: 0.0001 loss: 37.0352 
episode: 968 count: 246 score: 187.4409 average_last200: 93.3390 epis: 0.0001 loss: 49.5404 
episode: 969 count: 389 score: -70.6771 average_last200: 92.9018 epis: 0.0001 loss: 71.7914 
episode: 970 count: 145 score: -13.5041 average_last200: 91.7381 epis: 0.0001 loss: 29.1767 
episode: 971 count: 56 score: -342.5690 average_last200: 90.0676 epis: 0.0001 loss: 10.6880 
episode: 972 count: 128 score: -62.1431 average_last200: 88.9806 epis: 0.0001 loss: 22.3625 
episode: 973 count: 181 score: 244.1725 average_last200: 91.6237 epis: 0.0001 loss: 36.2379 
episode: 974 count: 253 score: 227.8020 average_last200: 92.7265 epis: 0.0001 loss: 50.8395 
episode: 975 count: 129 score: -47.2068 average_last200: 91.5768 epis: 0.0001 loss: 26.1946 
episode: 976 count: 168 score: -69.8087 average_last200: 90.0246 epis: 0.0001 loss: 30.9113 
episode: 977 count: 173 score: 223.5544 average_last200: 90.0009 epis: 0.0001 loss: 36.2926 
episode: 978 count: 90 score: -26.1720 average_last200: 90.0820 epis: 0.0001 loss: 16.1325 
episode: 979 count: 239 score: 201.4723 average_last200: 90.2691 epis: 0.0001 loss: 44.6345 
episode: 980 count: 100 score: -9.3635 average_last200: 89.5159 epis: 0.0001 loss: 16.4810 
episode: 981 count: 104 score: -41.5800 average_last200: 88.5236 epis: 0.0001 loss: 18.9317 
episode: 982 count: 87 score: -21.0196 average_last200: 87.5032 epis: 0.0001 loss: 12.0464 
episode: 983 count: 243 score: 196.5292 average_last200: 87.6827 epis: 0.0001 loss: 49.6011 
episode: 984 count: 118 score: -59.1759 average_last200: 87.2927 epis: 0.0001 loss: 22.4918 
episode: 985 count: 243 score: 253.3676 average_last200: 87.7656 epis: 0.0000 loss: 51.0425 
episode: 986 count: 240 score: 229.7169 average_last200: 88.0103 epis: 0.0000 loss: 47.0543 
episode: 987 count: 120 score: -58.0107 average_last200: 87.7896 epis: 0.0000 loss: 24.8685 
episode: 988 count: 285 score: 236.4496 average_last200: 88.3545 epis: 0.0000 loss: 60.1588 
episode: 989 count: 128 score: -23.9449 average_last200: 88.0975 epis: 0.0000 loss: 25.3366 
episode: 990 count: 164 score: -59.4507 average_last200: 86.9268 epis: 0.0000 loss: 31.2883 
episode: 991 count: 355 score: 239.8648 average_last200: 86.9990 epis: 0.0000 loss: 70.5770 
episode: 992 count: 108 score: -26.2121 average_last200: 85.8102 epis: 0.0000 loss: 22.6779 
episode: 993 count: 136 score: -17.0561 average_last200: 84.5538 epis: 0.0000 loss: 28.3403 
episode: 994 count: 170 score: 229.1269 average_last200: 84.8473 epis: 0.0000 loss: 32.3495 
episode: 995 count: 274 score: 234.2971 average_last200: 85.1692 epis: 0.0000 loss: 54.1158 
episode: 996 count: 131 score: -62.1516 average_last200: 83.8978 epis: 0.0000 loss: 25.5920 
episode: 997 count: 228 score: 204.5975 average_last200: 84.2961 epis: 0.0000 loss: 46.3091 
episode: 998 count: 275 score: 249.5819 average_last200: 84.5699 epis: 0.0000 loss: 60.0480 
episode: 999 count: 252 score: 222.8139 average_last200: 84.6409 epis: 0.0000 loss: 50.0010 
