[33mWARN: gym.spaces.Box autodetected dtype as <class 'numpy.float32'>. Please provide explicit dtype.[0m
All para: Epis 1000 memlen 40000 gamma 0.990 epsilon 0.990 alpha 0.00050 batch 30 upfreq 500
episode: 0 count: 103 score: -201.7553 average_last200: -201.7553 epis: 0.9900 loss: 0.0000 
episode: 1 count: 84 score: -166.6921 average_last200: -184.2237 epis: 0.9801 loss: 0.0000 
episode: 2 count: 127 score: -140.9426 average_last200: -169.7967 epis: 0.9703 loss: 0.0000 
episode: 3 count: 98 score: -151.9605 average_last200: -165.3376 epis: 0.9606 loss: 0.0000 
episode: 4 count: 71 score: -305.0290 average_last200: -193.2759 epis: 0.9510 loss: 0.0000 
episode: 5 count: 124 score: -219.4452 average_last200: -197.6374 epis: 0.9415 loss: 0.0000 
episode: 6 count: 136 score: -149.6131 average_last200: -190.7768 epis: 0.9321 loss: 0.0000 
episode: 7 count: 105 score: -416.8472 average_last200: -219.0356 epis: 0.9227 loss: 0.0000 
episode: 8 count: 88 score: -384.5283 average_last200: -237.4237 epis: 0.9135 loss: 0.0000 
episode: 9 count: 101 score: -403.4803 average_last200: -254.0294 epis: 0.9044 loss: 20.7456 
episode: 10 count: 67 score: -175.5396 average_last200: -246.8939 epis: 0.8953 loss: 38.5396 
episode: 11 count: 91 score: -510.2835 average_last200: -268.8431 epis: 0.8864 loss: 44.6873 
episode: 12 count: 64 score: -291.9107 average_last200: -270.6175 epis: 0.8775 loss: 28.5827 
episode: 13 count: 98 score: -244.5823 average_last200: -268.7578 epis: 0.8687 loss: 47.0975 
episode: 14 count: 101 score: -102.3902 average_last200: -257.6667 epis: 0.8601 loss: 46.9539 
episode: 15 count: 76 score: -187.3611 average_last200: -253.2726 epis: 0.8515 loss: 33.7555 
episode: 16 count: 110 score: -132.6323 average_last200: -246.1761 epis: 0.8429 loss: 45.9304 
episode: 17 count: 80 score: -83.1774 average_last200: -237.1206 epis: 0.8345 loss: 25.2385 
episode: 18 count: 97 score: -213.5893 average_last200: -235.8821 epis: 0.8262 loss: 35.6267 
episode: 19 count: 74 score: -109.4717 average_last200: -229.5616 epis: 0.8179 loss: 30.9225 
episode: 20 count: 146 score: -42.1792 average_last200: -220.6386 epis: 0.8097 loss: 57.1080 
episode: 21 count: 81 score: -181.8277 average_last200: -218.8745 epis: 0.8016 loss: 26.0035 
episode: 22 count: 169 score: -85.3233 average_last200: -213.0679 epis: 0.7936 loss: 67.5799 
episode: 23 count: 99 score: -152.2700 average_last200: -210.5347 epis: 0.7857 loss: 42.5445 
episode: 24 count: 168 score: -63.8769 average_last200: -204.6683 epis: 0.7778 loss: 57.8910 
episode: 25 count: 105 score: -131.5647 average_last200: -201.8567 epis: 0.7700 loss: 42.0747 
episode: 26 count: 89 score: -162.1398 average_last200: -200.3857 epis: 0.7623 loss: 42.3484 
episode: 27 count: 117 score: -316.3546 average_last200: -204.5274 epis: 0.7547 loss: 39.8077 
episode: 28 count: 123 score: -157.5699 average_last200: -202.9082 epis: 0.7472 loss: 51.1135 
episode: 29 count: 68 score: -134.3351 average_last200: -200.6224 epis: 0.7397 loss: 34.6619 
episode: 30 count: 77 score: -57.1530 average_last200: -195.9944 epis: 0.7323 loss: 30.8409 
episode: 31 count: 100 score: -177.3038 average_last200: -195.4103 epis: 0.7250 loss: 33.3435 
episode: 32 count: 108 score: -162.6420 average_last200: -194.4173 epis: 0.7177 loss: 42.3849 
episode: 33 count: 114 score: -273.5975 average_last200: -196.7461 epis: 0.7106 loss: 43.9431 
episode: 34 count: 103 score: -125.4998 average_last200: -194.7105 epis: 0.7034 loss: 54.1800 
episode: 35 count: 120 score: -156.5511 average_last200: -193.6506 epis: 0.6964 loss: 39.9048 
episode: 36 count: 127 score: -160.6553 average_last200: -192.7588 epis: 0.6894 loss: 55.9147 
episode: 37 count: 141 score: -188.2817 average_last200: -192.6410 epis: 0.6826 loss: 50.6565 
episode: 38 count: 71 score: -98.4137 average_last200: -190.2249 epis: 0.6757 loss: 23.1087 
episode: 39 count: 83 score: -93.8006 average_last200: -187.8143 epis: 0.6690 loss: 34.3590 
episode: 40 count: 88 score: -143.6618 average_last200: -186.7374 epis: 0.6623 loss: 36.1838 
episode: 41 count: 153 score: -33.3479 average_last200: -183.0853 epis: 0.6557 loss: 64.3364 
episode: 42 count: 166 score: -146.4609 average_last200: -182.2335 epis: 0.6491 loss: 57.1353 
episode: 43 count: 239 score: -78.4925 average_last200: -179.8758 epis: 0.6426 loss: 78.7892 
episode: 44 count: 137 score: -209.8867 average_last200: -180.5427 epis: 0.6362 loss: 47.0089 
episode: 45 count: 118 score: -128.5609 average_last200: -179.4127 epis: 0.6298 loss: 42.5988 
episode: 46 count: 101 score: -60.4025 average_last200: -176.8805 epis: 0.6235 loss: 36.9821 
episode: 47 count: 106 score: -151.7343 average_last200: -176.3566 epis: 0.6173 loss: 43.5244 
episode: 48 count: 204 score: -181.9550 average_last200: -176.4709 epis: 0.6111 loss: 74.8432 
episode: 49 count: 168 score: -142.5602 average_last200: -175.7927 epis: 0.6050 loss: 70.1504 
episode: 50 count: 167 score: -61.4497 average_last200: -173.5507 epis: 0.5990 loss: 70.8351 
episode: 51 count: 295 score: -117.9364 average_last200: -172.4812 epis: 0.5930 loss: 111.5108 
episode: 52 count: 175 score: -150.0047 average_last200: -172.0571 epis: 0.5870 loss: 63.6703 
episode: 53 count: 72 score: -67.4480 average_last200: -170.1199 epis: 0.5812 loss: 29.1311 
episode: 54 count: 313 score: -78.1127 average_last200: -168.4470 epis: 0.5754 loss: 100.2010 
episode: 55 count: 95 score: -115.3230 average_last200: -167.4984 epis: 0.5696 loss: 37.4550 
episode: 56 count: 84 score: -116.1208 average_last200: -166.5970 epis: 0.5639 loss: 28.4114 
episode: 57 count: 107 score: -101.2085 average_last200: -165.4696 epis: 0.5583 loss: 35.4682 
episode: 58 count: 1000 score: 17.9255 average_last200: -162.3612 epis: 0.5527 loss: 403.6733 
episode: 59 count: 182 score: -5.7166 average_last200: -159.7505 epis: 0.5472 loss: 83.0041 
episode: 60 count: 372 score: -86.6624 average_last200: -158.5523 epis: 0.5417 loss: 171.9968 
episode: 61 count: 303 score: -104.8490 average_last200: -157.6861 epis: 0.5363 loss: 118.9987 
episode: 62 count: 135 score: -63.8757 average_last200: -156.1971 epis: 0.5309 loss: 56.8550 
episode: 63 count: 134 score: -117.9843 average_last200: -155.6000 epis: 0.5256 loss: 57.2467 
episode: 64 count: 187 score: -89.0841 average_last200: -154.5767 epis: 0.5203 loss: 81.7872 
episode: 65 count: 239 score: -66.2972 average_last200: -153.2391 epis: 0.5151 loss: 95.7896 
episode: 66 count: 180 score: -136.7507 average_last200: -152.9930 epis: 0.5100 loss: 74.5634 
episode: 67 count: 217 score: -70.7450 average_last200: -151.7835 epis: 0.5049 loss: 88.3098 
episode: 68 count: 123 score: -69.1274 average_last200: -150.5856 epis: 0.4998 loss: 39.4906 
episode: 69 count: 1000 score: 24.4344 average_last200: -148.0853 epis: 0.4948 loss: 412.0057 
episode: 70 count: 337 score: -39.4019 average_last200: -146.5545 epis: 0.4899 loss: 146.9504 
episode: 71 count: 1000 score: 7.6052 average_last200: -144.4134 epis: 0.4850 loss: 430.1106 
episode: 72 count: 123 score: -73.2773 average_last200: -143.4390 epis: 0.4801 loss: 54.5949 
episode: 73 count: 76 score: -75.4374 average_last200: -142.5200 epis: 0.4753 loss: 30.4410 
episode: 74 count: 574 score: -83.4376 average_last200: -141.7323 epis: 0.4706 loss: 244.6413 
episode: 75 count: 1000 score: -75.2276 average_last200: -140.8572 epis: 0.4659 loss: 425.9527 
episode: 76 count: 1000 score: -39.6220 average_last200: -139.5425 epis: 0.4612 loss: 409.5628 
episode: 77 count: 136 score: -83.5878 average_last200: -138.8251 epis: 0.4566 loss: 53.8226 
episode: 78 count: 1000 score: -112.8810 average_last200: -138.4967 epis: 0.4520 loss: 426.2970 
episode: 79 count: 190 score: -72.7978 average_last200: -137.6754 epis: 0.4475 loss: 78.7664 
episode: 80 count: 1000 score: 15.2802 average_last200: -135.7871 epis: 0.4430 loss: 447.4019 
episode: 81 count: 425 score: -124.9443 average_last200: -135.6549 epis: 0.4386 loss: 178.8287 
episode: 82 count: 217 score: -80.3288 average_last200: -134.9883 epis: 0.4342 loss: 92.5829 
episode: 83 count: 902 score: -288.2973 average_last200: -136.8134 epis: 0.4299 loss: 396.2324 
episode: 84 count: 114 score: -56.1227 average_last200: -135.8641 epis: 0.4256 loss: 57.8140 
episode: 85 count: 1000 score: 0.1954 average_last200: -134.2820 epis: 0.4213 loss: 434.5424 
episode: 86 count: 310 score: -41.5478 average_last200: -133.2161 epis: 0.4171 loss: 133.2556 
episode: 87 count: 1000 score: -14.6896 average_last200: -131.8692 epis: 0.4129 loss: 439.3184 
episode: 88 count: 243 score: -253.1636 average_last200: -133.2321 epis: 0.4088 loss: 114.8558 
episode: 89 count: 1000 score: 31.2143 average_last200: -131.4049 epis: 0.4047 loss: 470.2783 
episode: 90 count: 186 score: -107.5287 average_last200: -131.1425 epis: 0.4007 loss: 89.2950 
episode: 91 count: 1000 score: 7.4481 average_last200: -129.6361 epis: 0.3967 loss: 472.1625 
episode: 92 count: 1000 score: 14.8778 average_last200: -128.0822 epis: 0.3927 loss: 456.2930 
episode: 93 count: 1000 score: -7.8110 average_last200: -126.8027 epis: 0.3888 loss: 452.2785 
episode: 94 count: 124 score: -63.5243 average_last200: -126.1366 epis: 0.3849 loss: 58.2538 
episode: 95 count: 437 score: -298.0202 average_last200: -127.9271 epis: 0.3810 loss: 213.2744 
episode: 96 count: 1000 score: 3.0888 average_last200: -126.5764 epis: 0.3772 loss: 475.2867 
episode: 97 count: 118 score: -80.0735 average_last200: -126.1019 epis: 0.3735 loss: 56.4404 
episode: 98 count: 1000 score: -34.9020 average_last200: -125.1807 epis: 0.3697 loss: 488.1262 
episode: 99 count: 86 score: -102.1790 average_last200: -124.9506 epis: 0.3660 loss: 48.5641 
episode: 100 count: 1000 score: -90.0854 average_last200: -124.6054 epis: 0.3624 loss: 490.8358 
episode: 101 count: 1000 score: 43.8042 average_last200: -122.9544 epis: 0.3587 loss: 501.1767 
episode: 102 count: 114 score: -101.3585 average_last200: -122.7447 epis: 0.3552 loss: 55.1878 
episode: 103 count: 1000 score: -45.3739 average_last200: -122.0007 epis: 0.3516 loss: 501.3430 
episode: 104 count: 167 score: -226.8205 average_last200: -122.9990 epis: 0.3481 loss: 79.6132 
episode: 105 count: 1000 score: 3.9651 average_last200: -121.8013 epis: 0.3446 loss: 511.0807 
episode: 106 count: 422 score: -364.5133 average_last200: -124.0696 epis: 0.3412 loss: 221.2063 
episode: 107 count: 119 score: -36.6419 average_last200: -123.2601 epis: 0.3378 loss: 60.2636 
episode: 108 count: 1000 score: 29.2042 average_last200: -121.8613 epis: 0.3344 loss: 515.9571 
episode: 109 count: 1000 score: -53.5613 average_last200: -121.2404 epis: 0.3310 loss: 509.1112 
episode: 110 count: 138 score: -68.9694 average_last200: -120.7695 epis: 0.3277 loss: 72.1302 
episode: 111 count: 1000 score: -41.1840 average_last200: -120.0589 epis: 0.3244 loss: 497.5436 
episode: 112 count: 1000 score: 23.8924 average_last200: -118.7850 epis: 0.3212 loss: 503.1669 
episode: 113 count: 1000 score: -175.8461 average_last200: -119.2855 epis: 0.3180 loss: 523.6561 
episode: 114 count: 149 score: -44.2092 average_last200: -118.6327 epis: 0.3148 loss: 72.4785 
episode: 115 count: 260 score: 207.0365 average_last200: -115.8252 epis: 0.3117 loss: 120.7474 
episode: 116 count: 1000 score: -115.5856 average_last200: -115.8232 epis: 0.3085 loss: 505.3850 
episode: 117 count: 179 score: -49.9844 average_last200: -115.2652 epis: 0.3055 loss: 96.8235 
episode: 118 count: 1000 score: 20.2489 average_last200: -114.1264 epis: 0.3024 loss: 474.9668 
episode: 119 count: 1000 score: -105.7837 average_last200: -114.0569 epis: 0.2994 loss: 485.2574 
episode: 120 count: 1000 score: -87.5017 average_last200: -113.8374 epis: 0.2964 loss: 471.4462 
episode: 121 count: 1000 score: -55.6660 average_last200: -113.3606 epis: 0.2934 loss: 461.7835 
episode: 122 count: 1000 score: -92.6385 average_last200: -113.1922 epis: 0.2905 loss: 470.0769 
episode: 123 count: 1000 score: 61.3944 average_last200: -111.7842 epis: 0.2876 loss: 466.1129 
episode: 124 count: 1000 score: 102.8367 average_last200: -110.0672 epis: 0.2847 loss: 457.9317 
episode: 125 count: 1000 score: -45.6208 average_last200: -109.5558 epis: 0.2819 loss: 439.4271 
episode: 126 count: 149 score: -14.9140 average_last200: -108.8105 epis: 0.2790 loss: 67.6890 
episode: 127 count: 112 score: -66.1330 average_last200: -108.4771 epis: 0.2763 loss: 56.8859 
episode: 128 count: 1000 score: -43.5127 average_last200: -107.9735 epis: 0.2735 loss: 425.1456 
episode: 129 count: 1000 score: 3.6383 average_last200: -107.1150 epis: 0.2708 loss: 420.8347 
episode: 130 count: 1000 score: 41.0649 average_last200: -105.9838 epis: 0.2680 loss: 436.5472 
episode: 131 count: 1000 score: -15.1128 average_last200: -105.2954 epis: 0.2654 loss: 428.6472 
episode: 132 count: 263 score: -200.3084 average_last200: -106.0098 epis: 0.2627 loss: 104.0160 
episode: 133 count: 321 score: -41.5522 average_last200: -105.5288 epis: 0.2601 loss: 128.3762 
episode: 134 count: 720 score: 213.1145 average_last200: -103.1684 epis: 0.2575 loss: 300.3204 
episode: 135 count: 1000 score: 3.5132 average_last200: -102.3840 epis: 0.2549 loss: 411.2847 
episode: 136 count: 472 score: 196.9750 average_last200: -100.1989 epis: 0.2524 loss: 190.6301 
episode: 137 count: 1000 score: 36.9271 average_last200: -99.2053 epis: 0.2498 loss: 407.1617 
episode: 138 count: 1000 score: 83.4017 average_last200: -97.8915 epis: 0.2473 loss: 412.2296 
episode: 139 count: 857 score: 178.6491 average_last200: -95.9162 epis: 0.2449 loss: 334.7510 
episode: 140 count: 1000 score: -2.9290 average_last200: -95.2568 epis: 0.2424 loss: 386.5263 
episode: 141 count: 1000 score: 75.9721 average_last200: -94.0509 epis: 0.2400 loss: 371.4751 
episode: 142 count: 691 score: 196.6692 average_last200: -92.0179 epis: 0.2376 loss: 252.3585 
episode: 143 count: 469 score: 206.0060 average_last200: -89.9483 epis: 0.2352 loss: 167.9084 
episode: 144 count: 776 score: 145.0441 average_last200: -88.3277 epis: 0.2329 loss: 272.0081 
episode: 145 count: 686 score: 141.5056 average_last200: -86.7535 epis: 0.2305 loss: 236.7578 
episode: 146 count: 1000 score: 33.6903 average_last200: -85.9341 epis: 0.2282 loss: 354.4992 
episode: 147 count: 1000 score: 71.8756 average_last200: -84.8678 epis: 0.2259 loss: 350.5189 
episode: 148 count: 464 score: 171.6681 average_last200: -83.1461 epis: 0.2237 loss: 169.5534 
episode: 149 count: 595 score: 136.5880 average_last200: -81.6812 epis: 0.2215 loss: 193.5623 
episode: 150 count: 715 score: 164.3215 average_last200: -80.0521 epis: 0.2192 loss: 231.4252 
episode: 151 count: 671 score: 211.0525 average_last200: -78.1369 epis: 0.2170 loss: 226.1714 
episode: 152 count: 1000 score: 50.4839 average_last200: -77.2963 epis: 0.2149 loss: 323.5304 
episode: 153 count: 746 score: 191.2099 average_last200: -75.5527 epis: 0.2127 loss: 247.7366 
episode: 154 count: 1000 score: -11.4802 average_last200: -75.1393 epis: 0.2106 loss: 313.6788 
episode: 155 count: 140 score: -10.0803 average_last200: -74.7223 epis: 0.2085 loss: 41.9399 
episode: 156 count: 1000 score: 22.6002 average_last200: -74.1024 epis: 0.2064 loss: 315.0002 
episode: 157 count: 1000 score: 41.8097 average_last200: -73.3688 epis: 0.2043 loss: 292.6340 
episode: 158 count: 722 score: 139.1178 average_last200: -72.0324 epis: 0.2023 loss: 211.8436 
episode: 159 count: 158 score: -54.4645 average_last200: -71.9226 epis: 0.2003 loss: 46.9138 
episode: 160 count: 517 score: 188.2620 average_last200: -70.3065 epis: 0.1983 loss: 152.1854 
episode: 161 count: 802 score: 149.6855 average_last200: -68.9486 epis: 0.1963 loss: 223.8648 
episode: 162 count: 1000 score: 69.1467 average_last200: -68.1014 epis: 0.1943 loss: 284.6131 
episode: 163 count: 1000 score: 33.6945 average_last200: -67.4806 epis: 0.1924 loss: 277.9739 
episode: 164 count: 302 score: 143.2310 average_last200: -66.2036 epis: 0.1905 loss: 74.8155 
episode: 165 count: 1000 score: 36.1214 average_last200: -65.5872 epis: 0.1886 loss: 263.0545 
episode: 166 count: 326 score: 214.0138 average_last200: -63.9129 epis: 0.1867 loss: 85.0328 
episode: 167 count: 1000 score: -7.3099 average_last200: -63.5760 epis: 0.1848 loss: 253.4459 
episode: 168 count: 1000 score: 108.1608 average_last200: -62.5598 epis: 0.1830 loss: 256.2128 
episode: 169 count: 583 score: 139.9429 average_last200: -61.3686 epis: 0.1811 loss: 146.6069 
episode: 170 count: 565 score: 207.6528 average_last200: -59.7954 epis: 0.1793 loss: 133.2722 
episode: 171 count: 479 score: 141.7311 average_last200: -58.6237 epis: 0.1775 loss: 110.7605 
episode: 172 count: 709 score: 163.9288 average_last200: -57.3373 epis: 0.1757 loss: 172.8278 
episode: 173 count: 280 score: 219.7010 average_last200: -55.7451 epis: 0.1740 loss: 64.5046 
episode: 174 count: 421 score: 243.8923 average_last200: -54.0329 epis: 0.1722 loss: 99.5728 
episode: 175 count: 875 score: 140.2791 average_last200: -52.9289 epis: 0.1705 loss: 203.4196 
episode: 176 count: 263 score: 145.6904 average_last200: -51.8067 epis: 0.1688 loss: 59.1429 
episode: 177 count: 1000 score: 47.9231 average_last200: -51.2464 epis: 0.1671 loss: 237.0049 
episode: 178 count: 681 score: 154.7386 average_last200: -50.0957 epis: 0.1655 loss: 158.7319 
episode: 179 count: 368 score: 184.6093 average_last200: -48.7918 epis: 0.1638 loss: 83.7866 
episode: 180 count: 263 score: 226.3368 average_last200: -47.2717 epis: 0.1622 loss: 59.4614 
episode: 181 count: 274 score: 242.1228 average_last200: -45.6816 epis: 0.1605 loss: 57.3114 
episode: 182 count: 1000 score: 41.1731 average_last200: -45.2070 epis: 0.1589 loss: 218.0236 
episode: 183 count: 668 score: 160.9810 average_last200: -44.0864 epis: 0.1574 loss: 135.1823 
episode: 184 count: 363 score: 217.7418 average_last200: -42.6712 epis: 0.1558 loss: 73.9694 
episode: 185 count: 359 score: 212.3647 average_last200: -41.3000 epis: 0.1542 loss: 80.3261 
episode: 186 count: 378 score: 161.5711 average_last200: -40.2151 epis: 0.1527 loss: 79.9400 
episode: 187 count: 549 score: 164.6792 average_last200: -39.1253 epis: 0.1512 loss: 118.2725 
episode: 188 count: 534 score: 209.2594 average_last200: -37.8111 epis: 0.1496 loss: 106.8494 
episode: 189 count: 1000 score: -41.9180 average_last200: -37.8327 epis: 0.1481 loss: 196.8329 
episode: 190 count: 803 score: 193.3146 average_last200: -36.6225 epis: 0.1467 loss: 162.0337 
episode: 191 count: 403 score: 199.4687 average_last200: -35.3928 epis: 0.1452 loss: 85.8971 
episode: 192 count: 341 score: 187.4704 average_last200: -34.2381 epis: 0.1437 loss: 64.0644 
episode: 193 count: 298 score: 201.1264 average_last200: -33.0249 epis: 0.1423 loss: 57.5461 
episode: 194 count: 581 score: 140.4964 average_last200: -32.1350 epis: 0.1409 loss: 116.7374 
episode: 195 count: 339 score: 221.3336 average_last200: -30.8418 epis: 0.1395 loss: 61.5093 
episode: 196 count: 623 score: 207.0764 average_last200: -29.6341 epis: 0.1381 loss: 115.8692 
episode: 197 count: 271 score: 212.0186 average_last200: -28.4136 epis: 0.1367 loss: 47.5879 
episode: 198 count: 273 score: 213.5087 average_last200: -27.1980 epis: 0.1353 loss: 53.6369 
episode: 199 count: 419 score: 249.9105 average_last200: -25.8124 epis: 0.1340 loss: 76.3978 
episode: 200 count: 410 score: 245.8280 average_last200: -23.5745 epis: 0.1326 loss: 77.1334 
episode: 201 count: 1000 score: 8.6801 average_last200: -22.6976 epis: 0.1313 loss: 179.1810 
episode: 202 count: 407 score: 208.7987 average_last200: -20.9489 epis: 0.1300 loss: 66.9103 
episode: 203 count: 359 score: 201.5306 average_last200: -19.1815 epis: 0.1287 loss: 71.3011 
episode: 204 count: 642 score: 213.3189 average_last200: -16.5897 epis: 0.1274 loss: 116.0066 
episode: 205 count: 298 score: 245.9467 average_last200: -14.2628 epis: 0.1261 loss: 48.8052 
episode: 206 count: 247 score: 257.2971 average_last200: -12.2282 epis: 0.1249 loss: 38.9137 
episode: 207 count: 1000 score: 92.2508 average_last200: -9.6827 epis: 0.1236 loss: 178.2031 
episode: 208 count: 291 score: 205.9493 average_last200: -6.7303 epis: 0.1224 loss: 50.1323 
episode: 209 count: 432 score: 194.5701 average_last200: -3.7401 epis: 0.1212 loss: 74.6234 
episode: 210 count: 349 score: 192.0431 average_last200: -1.9022 epis: 0.1200 loss: 59.4414 
episode: 211 count: 739 score: 195.8658 average_last200: 1.6286 epis: 0.1188 loss: 131.8347 
episode: 212 count: 416 score: 209.8862 average_last200: 4.1375 epis: 0.1176 loss: 70.1876 
episode: 213 count: 235 score: 225.0675 average_last200: 6.4858 epis: 0.1164 loss: 39.1860 
episode: 214 count: 286 score: 210.1695 average_last200: 8.0486 epis: 0.1152 loss: 50.4896 
episode: 215 count: 251 score: 194.4666 average_last200: 9.9577 epis: 0.1141 loss: 45.4569 
episode: 216 count: 347 score: 220.6119 average_last200: 11.7240 epis: 0.1129 loss: 61.7677 
episode: 217 count: 355 score: 212.9029 average_last200: 13.2044 epis: 0.1118 loss: 63.0207 
episode: 218 count: 504 score: 202.9699 average_last200: 15.2872 epis: 0.1107 loss: 84.1888 
episode: 219 count: 421 score: 196.5378 average_last200: 16.8172 epis: 0.1096 loss: 67.1497 
episode: 220 count: 270 score: 208.8290 average_last200: 18.0722 epis: 0.1085 loss: 44.3321 
episode: 221 count: 328 score: 226.6247 average_last200: 20.1145 epis: 0.1074 loss: 53.0301 
episode: 222 count: 285 score: 219.7510 average_last200: 21.6399 epis: 0.1063 loss: 48.3787 
episode: 223 count: 213 score: 257.0631 average_last200: 23.6865 epis: 0.1053 loss: 34.5629 
episode: 224 count: 656 score: 229.0569 average_last200: 25.1512 epis: 0.1042 loss: 118.3823 
episode: 225 count: 300 score: 216.6165 average_last200: 26.8921 epis: 0.1032 loss: 53.0458 
episode: 226 count: 266 score: 220.5949 average_last200: 28.8058 epis: 0.1021 loss: 39.9836 
episode: 227 count: 319 score: 240.4656 average_last200: 31.5899 epis: 0.1011 loss: 50.7171 
episode: 228 count: 386 score: 208.6789 average_last200: 33.4211 epis: 0.1001 loss: 65.5807 
episode: 229 count: 294 score: 186.1440 average_last200: 35.0235 epis: 0.0991 loss: 54.4231 
episode: 230 count: 371 score: 218.5843 average_last200: 36.4022 epis: 0.0981 loss: 68.2798 
episode: 231 count: 348 score: 224.9114 average_last200: 38.4133 epis: 0.0971 loss: 68.9752 
episode: 232 count: 357 score: 224.2148 average_last200: 40.3476 epis: 0.0962 loss: 60.3956 
episode: 233 count: 224 score: 200.7313 average_last200: 42.7192 epis: 0.0952 loss: 34.4657 
episode: 234 count: 355 score: 206.9134 average_last200: 44.3813 epis: 0.0942 loss: 55.1615 
episode: 235 count: 296 score: 212.9895 average_last200: 46.2290 epis: 0.0933 loss: 47.0069 
episode: 236 count: 278 score: 202.6776 average_last200: 48.0457 epis: 0.0924 loss: 46.5101 
episode: 237 count: 331 score: 169.1438 average_last200: 49.8328 epis: 0.0914 loss: 59.8505 
episode: 238 count: 342 score: 210.7628 average_last200: 51.3787 epis: 0.0905 loss: 58.4218 
episode: 239 count: 353 score: 185.5598 average_last200: 52.7755 epis: 0.0896 loss: 72.1468 
episode: 240 count: 661 score: 169.5547 average_last200: 54.3415 epis: 0.0887 loss: 118.1036 
episode: 241 count: 566 score: 206.6650 average_last200: 55.5416 epis: 0.0878 loss: 88.1042 
episode: 242 count: 237 score: 240.6211 average_last200: 57.4770 epis: 0.0870 loss: 42.5304 
episode: 243 count: 265 score: 206.9871 average_last200: 58.9044 epis: 0.0861 loss: 51.7592 
episode: 244 count: 291 score: 194.2489 average_last200: 60.9251 epis: 0.0852 loss: 51.5518 
episode: 245 count: 286 score: 225.4292 average_last200: 62.6950 epis: 0.0844 loss: 56.1859 
episode: 246 count: 344 score: 212.4771 average_last200: 64.0594 epis: 0.0835 loss: 61.0500 
episode: 247 count: 266 score: 237.8993 average_last200: 66.0076 epis: 0.0827 loss: 43.8241 
episode: 248 count: 397 score: 203.1800 average_last200: 67.9333 epis: 0.0819 loss: 65.8200 
episode: 249 count: 762 score: 178.6744 average_last200: 69.5395 epis: 0.0811 loss: 129.3646 
episode: 250 count: 342 score: 193.0349 average_last200: 70.8119 epis: 0.0802 loss: 62.0884 
episode: 251 count: 354 score: 236.4258 average_last200: 72.5837 epis: 0.0794 loss: 56.4086 
episode: 252 count: 311 score: 220.1351 average_last200: 74.4344 epis: 0.0787 loss: 50.8046 
episode: 253 count: 369 score: 202.0222 average_last200: 75.7817 epis: 0.0779 loss: 58.1026 
episode: 254 count: 246 score: 215.2813 average_last200: 77.2487 epis: 0.0771 loss: 43.3526 
episode: 255 count: 470 score: 234.6909 average_last200: 78.9988 epis: 0.0763 loss: 75.5286 
episode: 256 count: 233 score: 215.1987 average_last200: 80.6554 epis: 0.0756 loss: 38.1709 
episode: 257 count: 305 score: 229.3897 average_last200: 82.3084 epis: 0.0748 loss: 48.9510 
episode: 258 count: 235 score: 185.2483 average_last200: 83.1450 epis: 0.0740 loss: 37.4929 
episode: 259 count: 342 score: 224.7495 average_last200: 84.2973 epis: 0.0733 loss: 62.5944 
episode: 260 count: 318 score: 219.2338 average_last200: 85.8268 epis: 0.0726 loss: 55.2356 
episode: 261 count: 197 score: 222.4246 average_last200: 87.4632 epis: 0.0718 loss: 32.5085 
episode: 262 count: 274 score: 258.3883 average_last200: 89.0745 epis: 0.0711 loss: 51.6113 
episode: 263 count: 256 score: 209.0687 average_last200: 90.7098 epis: 0.0704 loss: 46.1351 
episode: 264 count: 232 score: 261.1274 average_last200: 92.4608 epis: 0.0697 loss: 36.3314 
episode: 265 count: 270 score: 192.0454 average_last200: 93.7525 epis: 0.0690 loss: 40.7279 
episode: 266 count: 248 score: 221.1016 average_last200: 95.5418 epis: 0.0683 loss: 37.1138 
episode: 267 count: 339 score: 232.6866 average_last200: 97.0589 epis: 0.0676 loss: 55.5664 
episode: 268 count: 226 score: 203.8923 average_last200: 98.4240 epis: 0.0670 loss: 31.3590 
episode: 269 count: 230 score: 247.8076 average_last200: 99.5409 epis: 0.0663 loss: 40.2454 
episode: 270 count: 307 score: 229.1399 average_last200: 100.8836 epis: 0.0656 loss: 49.7519 
episode: 271 count: 332 score: 228.4699 average_last200: 101.9879 epis: 0.0650 loss: 58.8008 
episode: 272 count: 340 score: 222.8662 average_last200: 103.4687 epis: 0.0643 loss: 53.7672 
episode: 273 count: 242 score: 230.6897 average_last200: 104.9993 epis: 0.0637 loss: 43.3348 
episode: 274 count: 309 score: 245.0631 average_last200: 106.6418 epis: 0.0630 loss: 55.7174 
episode: 275 count: 273 score: 246.2460 average_last200: 108.2492 epis: 0.0624 loss: 48.4028 
episode: 276 count: 213 score: 258.6419 average_last200: 109.7405 epis: 0.0618 loss: 37.2766 
episode: 277 count: 309 score: 219.6773 average_last200: 111.2568 epis: 0.0612 loss: 53.3638 
episode: 278 count: 277 score: 235.4569 average_last200: 112.9985 epis: 0.0606 loss: 50.1179 
episode: 279 count: 216 score: 224.3462 average_last200: 114.4842 epis: 0.0600 loss: 36.5796 
episode: 280 count: 476 score: 221.7290 average_last200: 115.5165 epis: 0.0594 loss: 70.6327 
episode: 281 count: 376 score: 221.3299 average_last200: 117.2478 epis: 0.0588 loss: 58.8312 
episode: 282 count: 325 score: 231.1759 average_last200: 118.8054 epis: 0.0582 loss: 57.1015 
episode: 283 count: 231 score: 215.8067 average_last200: 121.3259 epis: 0.0576 loss: 32.4715 
episode: 284 count: 345 score: 199.2757 average_last200: 122.6029 epis: 0.0570 loss: 57.8739 
episode: 285 count: 275 score: 234.6318 average_last200: 123.7751 epis: 0.0565 loss: 48.0333 
episode: 286 count: 215 score: 275.0160 average_last200: 125.3579 epis: 0.0559 loss: 29.5312 
episode: 287 count: 251 score: 230.8746 average_last200: 126.5857 epis: 0.0553 loss: 42.1303 
episode: 288 count: 259 score: 236.5700 average_last200: 129.0344 epis: 0.0548 loss: 38.1078 
episode: 289 count: 271 score: 206.1713 average_last200: 129.9091 epis: 0.0542 loss: 46.9372 
episode: 290 count: 263 score: 224.7025 average_last200: 131.5703 epis: 0.0537 loss: 42.9314 
episode: 291 count: 270 score: 245.7320 average_last200: 132.7617 epis: 0.0531 loss: 45.0573 
episode: 292 count: 283 score: 253.4761 average_last200: 133.9547 epis: 0.0526 loss: 43.7414 
episode: 293 count: 256 score: 213.9265 average_last200: 135.0634 epis: 0.0521 loss: 27.8379 
episode: 294 count: 212 score: 209.1486 average_last200: 136.4268 epis: 0.0516 loss: 35.7602 
episode: 295 count: 230 score: 223.9332 average_last200: 139.0365 epis: 0.0511 loss: 31.1171 
episode: 296 count: 260 score: 192.3887 average_last200: 139.9830 epis: 0.0505 loss: 35.5760 
episode: 297 count: 249 score: 215.8442 average_last200: 141.4626 epis: 0.0500 loss: 33.5296 
episode: 298 count: 289 score: 222.4163 average_last200: 142.7492 epis: 0.0495 loss: 44.2263 
episode: 299 count: 210 score: 229.0226 average_last200: 144.4052 epis: 0.0490 loss: 33.0818 
episode: 300 count: 230 score: 191.4871 average_last200: 145.8131 epis: 0.0486 loss: 36.7138 
episode: 301 count: 287 score: 214.1141 average_last200: 146.6646 epis: 0.0481 loss: 44.6477 
episode: 302 count: 268 score: 190.7204 average_last200: 148.1250 epis: 0.0476 loss: 41.3374 
episode: 303 count: 243 score: 248.8105 average_last200: 149.5959 epis: 0.0471 loss: 40.9901 
episode: 304 count: 284 score: 215.9539 average_last200: 151.8098 epis: 0.0466 loss: 45.9180 
episode: 305 count: 268 score: 206.4714 average_last200: 152.8224 epis: 0.0462 loss: 52.0004 
episode: 306 count: 239 score: 204.2167 average_last200: 155.6660 epis: 0.0457 loss: 42.1038 
episode: 307 count: 306 score: 224.5435 average_last200: 156.9719 epis: 0.0453 loss: 50.4545 
episode: 308 count: 259 score: 209.1946 average_last200: 157.8719 epis: 0.0448 loss: 43.9453 
episode: 309 count: 279 score: 228.9523 average_last200: 159.2844 epis: 0.0444 loss: 41.9469 
episode: 310 count: 270 score: 248.3739 average_last200: 160.8712 epis: 0.0439 loss: 42.3368 
episode: 311 count: 224 score: 202.3780 average_last200: 162.0890 epis: 0.0435 loss: 36.7146 
episode: 312 count: 376 score: 186.9549 average_last200: 162.9043 epis: 0.0430 loss: 58.0107 
episode: 313 count: 251 score: 257.7829 average_last200: 165.0724 epis: 0.0426 loss: 39.3907 
episode: 314 count: 283 score: 218.6667 average_last200: 166.3868 epis: 0.0422 loss: 42.4275 
episode: 315 count: 215 score: 184.4404 average_last200: 166.2738 epis: 0.0418 loss: 35.1766 
episode: 316 count: 259 score: 208.3796 average_last200: 167.8937 epis: 0.0413 loss: 43.4242 
episode: 317 count: 211 score: 189.7084 average_last200: 169.0921 epis: 0.0409 loss: 32.0231 
episode: 318 count: 270 score: 222.9628 average_last200: 170.1057 epis: 0.0405 loss: 48.2454 
episode: 319 count: 307 score: 231.7639 average_last200: 171.7934 epis: 0.0401 loss: 48.2814 
episode: 320 count: 262 score: 219.2265 average_last200: 173.3271 epis: 0.0397 loss: 46.1099 
episode: 321 count: 288 score: 255.7831 average_last200: 174.8843 epis: 0.0393 loss: 36.3327 
episode: 322 count: 298 score: 221.8595 average_last200: 176.4568 epis: 0.0389 loss: 44.7047 
episode: 323 count: 214 score: 200.3107 average_last200: 177.1514 epis: 0.0385 loss: 33.7886 
episode: 324 count: 317 score: 220.4438 average_last200: 177.7394 epis: 0.0381 loss: 43.9004 
episode: 325 count: 277 score: 216.3089 average_last200: 179.0491 epis: 0.0378 loss: 44.5121 
episode: 326 count: 293 score: 227.0543 average_last200: 180.2589 epis: 0.0374 loss: 36.1334 
episode: 327 count: 291 score: 208.1594 average_last200: 181.6304 epis: 0.0370 loss: 43.5338 
episode: 328 count: 325 score: 234.7396 average_last200: 183.0216 epis: 0.0366 loss: 45.8458 
episode: 329 count: 238 score: 203.1969 average_last200: 184.0194 epis: 0.0363 loss: 33.2010 
episode: 330 count: 217 score: 203.2130 average_last200: 184.8302 epis: 0.0359 loss: 32.2411 
episode: 331 count: 293 score: 214.8019 average_last200: 185.9797 epis: 0.0356 loss: 44.3698 
episode: 332 count: 290 score: 224.5858 average_last200: 188.1042 epis: 0.0352 loss: 46.7496 
episode: 333 count: 243 score: 216.5559 average_last200: 189.3948 epis: 0.0348 loss: 29.0151 
episode: 334 count: 331 score: 223.7138 average_last200: 189.4478 epis: 0.0345 loss: 50.5339 
episode: 335 count: 258 score: 220.8526 average_last200: 190.5344 epis: 0.0342 loss: 36.8212 
episode: 336 count: 333 score: 251.5815 average_last200: 190.8075 epis: 0.0338 loss: 51.0059 
episode: 337 count: 363 score: 209.2530 average_last200: 191.6691 epis: 0.0335 loss: 47.3849 
episode: 338 count: 219 score: 209.3744 average_last200: 192.2990 epis: 0.0331 loss: 38.5942 
episode: 339 count: 284 score: 227.8821 average_last200: 192.5451 epis: 0.0328 loss: 48.0390 
episode: 340 count: 855 score: 195.2600 average_last200: 193.5361 epis: 0.0325 loss: 131.8007 
episode: 341 count: 245 score: 200.6419 average_last200: 194.1594 epis: 0.0322 loss: 33.9175 
episode: 342 count: 261 score: 200.5414 average_last200: 194.1788 epis: 0.0318 loss: 35.0126 
episode: 343 count: 285 score: 206.6544 average_last200: 194.1820 epis: 0.0315 loss: 46.1023 
episode: 344 count: 250 score: 201.4678 average_last200: 194.4642 epis: 0.0312 loss: 41.3829 
episode: 345 count: 343 score: 182.5293 average_last200: 194.6693 epis: 0.0309 loss: 52.7619 
episode: 346 count: 637 score: 178.9698 average_last200: 195.3957 epis: 0.0306 loss: 96.5156 
episode: 347 count: 359 score: 204.0275 average_last200: 196.0564 epis: 0.0303 loss: 49.6911 
episode: 348 count: 243 score: 184.9733 average_last200: 196.1230 epis: 0.0300 loss: 36.2933 
episode: 349 count: 428 score: 179.4971 average_last200: 196.3375 epis: 0.0297 loss: 60.0072 
episode: 350 count: 1000 score: 39.6606 average_last200: 195.7142 epis: 0.0294 loss: 138.2790 
episode: 351 count: 267 score: 180.1605 average_last200: 195.5597 epis: 0.0291 loss: 36.0043 
episode: 352 count: 230 score: 249.9603 average_last200: 196.5571 epis: 0.0288 loss: 29.5103 
episode: 353 count: 421 score: 200.7219 average_last200: 196.6047 epis: 0.0285 loss: 70.8917 
episode: 354 count: 312 score: 185.9458 average_last200: 197.5918 epis: 0.0282 loss: 49.8320 
episode: 355 count: 251 score: 216.9046 average_last200: 198.7267 epis: 0.0279 loss: 30.2837 
episode: 356 count: 158 score: 11.4112 average_last200: 198.6708 epis: 0.0277 loss: 27.7154 
episode: 357 count: 233 score: 188.6236 average_last200: 199.4049 epis: 0.0274 loss: 36.0620 
episode: 358 count: 218 score: 198.3256 average_last200: 199.7009 epis: 0.0271 loss: 30.4223 
episode: 359 count: 288 score: 203.5881 average_last200: 200.9912 epis: 0.0268 loss: 46.6212 
episode: 360 count: 313 score: 222.0578 average_last200: 201.1601 epis: 0.0266 loss: 43.4853 
episode: 361 count: 222 score: 205.1481 average_last200: 201.4375 epis: 0.0263 loss: 30.4801 
episode: 362 count: 239 score: 214.3895 average_last200: 202.1637 epis: 0.0260 loss: 29.4581 
episode: 363 count: 258 score: 218.3788 average_last200: 203.0871 epis: 0.0258 loss: 31.9559 
episode: 364 count: 210 score: 210.4265 average_last200: 203.4231 epis: 0.0255 loss: 30.1011 
episode: 365 count: 371 score: 242.7714 average_last200: 204.4563 epis: 0.0253 loss: 54.4017 
episode: 366 count: 225 score: 203.9437 average_last200: 204.4060 epis: 0.0250 loss: 37.7833 
episode: 367 count: 425 score: 246.2770 average_last200: 205.6739 epis: 0.0248 loss: 71.4853 
episode: 368 count: 845 score: 213.9406 average_last200: 206.2028 epis: 0.0245 loss: 112.5987 
episode: 369 count: 296 score: 237.5822 average_last200: 206.6910 epis: 0.0243 loss: 40.0475 
episode: 370 count: 247 score: 244.6980 average_last200: 206.8762 epis: 0.0240 loss: 40.6600 
episode: 371 count: 219 score: 193.2259 average_last200: 207.1337 epis: 0.0238 loss: 28.0605 
episode: 372 count: 213 score: 249.7815 average_last200: 207.5630 epis: 0.0235 loss: 30.7835 
episode: 373 count: 272 score: 220.8197 average_last200: 207.5685 epis: 0.0233 loss: 41.4459 
episode: 374 count: 245 score: 212.3311 average_last200: 207.4107 epis: 0.0231 loss: 31.7546 
episode: 375 count: 1000 score: 80.2802 average_last200: 207.1107 epis: 0.0228 loss: 144.5146 
episode: 376 count: 222 score: 192.0303 average_last200: 207.3424 epis: 0.0226 loss: 26.2523 
episode: 377 count: 231 score: 201.7060 average_last200: 208.1114 epis: 0.0224 loss: 36.8554 
episode: 378 count: 629 score: 187.5790 average_last200: 208.2756 epis: 0.0222 loss: 82.5949 
episode: 379 count: 244 score: -39.9589 average_last200: 207.1527 epis: 0.0219 loss: 36.3343 
episode: 380 count: 362 score: 196.2310 average_last200: 207.0022 epis: 0.0217 loss: 53.8274 
episode: 381 count: 247 score: 230.2766 average_last200: 206.9430 epis: 0.0215 loss: 36.6838 
episode: 382 count: 206 score: 23.2220 average_last200: 206.8532 epis: 0.0213 loss: 31.0109 
episode: 383 count: 289 score: 233.3340 average_last200: 207.2150 epis: 0.0211 loss: 40.4115 
episode: 384 count: 403 score: 198.6162 average_last200: 207.1193 epis: 0.0209 loss: 51.3005 
episode: 385 count: 264 score: 226.5442 average_last200: 207.1902 epis: 0.0207 loss: 45.2448 
episode: 386 count: 254 score: 203.9479 average_last200: 207.4021 epis: 0.0205 loss: 31.8933 
episode: 387 count: 261 score: 224.4597 average_last200: 207.7010 epis: 0.0203 loss: 28.1564 
episode: 388 count: 375 score: 211.5397 average_last200: 207.7124 epis: 0.0200 loss: 52.6786 
episode: 389 count: 672 score: 194.8016 average_last200: 208.8960 epis: 0.0198 loss: 112.2047 
episode: 390 count: 337 score: 230.1988 average_last200: 209.0804 epis: 0.0196 loss: 47.1123 
episode: 391 count: 221 score: 217.8012 average_last200: 209.1721 epis: 0.0195 loss: 31.2431 
episode: 392 count: 330 score: 232.2238 average_last200: 209.3959 epis: 0.0193 loss: 40.7277 
episode: 393 count: 323 score: 189.7989 average_last200: 209.3392 epis: 0.0191 loss: 45.7001 
episode: 394 count: 221 score: -1.1558 average_last200: 208.6310 epis: 0.0189 loss: 32.7535 
episode: 395 count: 326 score: 215.5533 average_last200: 208.6021 epis: 0.0187 loss: 43.0159 
episode: 396 count: 291 score: 224.0952 average_last200: 208.6872 epis: 0.0185 loss: 43.6608 
episode: 397 count: 290 score: 203.9595 average_last200: 208.6469 epis: 0.0183 loss: 43.5488 
episode: 398 count: 212 score: 228.0077 average_last200: 208.7194 epis: 0.0181 loss: 31.0660 
episode: 399 count: 222 score: 190.9477 average_last200: 208.4246 epis: 0.0180 loss: 34.4728 
episode: 400 count: 279 score: 249.9575 average_last200: 208.4452 epis: 0.0178 loss: 42.0344 
episode: 401 count: 289 score: 196.3130 average_last200: 209.3834 epis: 0.0176 loss: 39.8348 
episode: 402 count: 261 score: 219.5621 average_last200: 209.4372 epis: 0.0174 loss: 40.8366 
episode: 403 count: 214 score: 194.0481 average_last200: 209.3998 epis: 0.0172 loss: 36.1147 
episode: 404 count: 281 score: 227.1005 average_last200: 209.4687 epis: 0.0171 loss: 34.1601 
episode: 405 count: 244 score: 234.7546 average_last200: 209.4127 epis: 0.0169 loss: 31.3007 
episode: 406 count: 233 score: 215.0584 average_last200: 209.2015 epis: 0.0167 loss: 28.6709 
episode: 407 count: 612 score: 209.5263 average_last200: 209.7879 epis: 0.0166 loss: 72.5644 
episode: 408 count: 227 score: 229.6024 average_last200: 209.9062 epis: 0.0164 loss: 29.8323 
episode: 409 count: 245 score: 231.9764 average_last200: 210.0932 epis: 0.0162 loss: 35.3420 
episode: 410 count: 258 score: 211.7948 average_last200: 210.1920 epis: 0.0161 loss: 31.3641 
episode: 411 count: 417 score: 211.1763 average_last200: 210.2685 epis: 0.0159 loss: 56.6633 
episode: 412 count: 262 score: 237.7074 average_last200: 210.4076 epis: 0.0158 loss: 38.2345 
episode: 413 count: 321 score: 215.8922 average_last200: 210.3617 epis: 0.0156 loss: 44.7521 
episode: 414 count: 221 score: 215.5638 average_last200: 210.3887 epis: 0.0154 loss: 31.3736 
episode: 415 count: 267 score: 234.2580 average_last200: 210.5877 epis: 0.0153 loss: 35.1316 
episode: 416 count: 334 score: 197.9360 average_last200: 210.4743 epis: 0.0151 loss: 49.5977 
episode: 417 count: 217 score: 209.0792 average_last200: 210.4552 epis: 0.0150 loss: 32.0666 
episode: 418 count: 258 score: 205.8630 average_last200: 210.4696 epis: 0.0148 loss: 31.7963 
episode: 419 count: 150 score: -11.8055 average_last200: 209.4279 epis: 0.0147 loss: 20.8259 
episode: 420 count: 246 score: 182.5543 average_last200: 209.2966 epis: 0.0145 loss: 28.8149 
episode: 421 count: 253 score: 214.3126 average_last200: 209.2350 epis: 0.0144 loss: 33.7992 
episode: 422 count: 274 score: 227.4450 average_last200: 209.2735 epis: 0.0142 loss: 33.7946 
episode: 423 count: 1000 score: 74.4056 average_last200: 208.3602 epis: 0.0141 loss: 144.8882 
episode: 424 count: 250 score: 185.1659 average_last200: 208.1407 epis: 0.0140 loss: 38.4015 
episode: 425 count: 530 score: 198.4258 average_last200: 208.0498 epis: 0.0138 loss: 81.4116 
episode: 426 count: 537 score: 193.1070 average_last200: 207.9123 epis: 0.0137 loss: 83.9415 
episode: 427 count: 281 score: 207.3045 average_last200: 207.7465 epis: 0.0135 loss: 36.7307 
episode: 428 count: 225 score: 190.1831 average_last200: 207.6540 epis: 0.0134 loss: 28.1977 
episode: 429 count: 273 score: 190.3995 average_last200: 207.6753 epis: 0.0133 loss: 33.6949 
episode: 430 count: 242 score: 211.0956 average_last200: 207.6379 epis: 0.0131 loss: 31.9664 
episode: 431 count: 311 score: 234.6456 average_last200: 207.6865 epis: 0.0130 loss: 45.7660 
episode: 432 count: 342 score: 230.9214 average_last200: 207.7201 epis: 0.0129 loss: 44.8219 
episode: 433 count: 321 score: 240.2527 average_last200: 207.9177 epis: 0.0128 loss: 43.1315 
episode: 434 count: 363 score: 244.1284 average_last200: 208.1038 epis: 0.0126 loss: 51.0398 
episode: 435 count: 303 score: 176.9391 average_last200: 207.9235 epis: 0.0125 loss: 40.0768 
episode: 436 count: 293 score: 227.2297 average_last200: 208.0463 epis: 0.0124 loss: 32.8967 
episode: 437 count: 289 score: 207.5399 average_last200: 208.2383 epis: 0.0123 loss: 42.3686 
episode: 438 count: 225 score: 237.4725 average_last200: 208.3718 epis: 0.0121 loss: 27.4838 
episode: 439 count: 228 score: 202.2038 average_last200: 208.4550 epis: 0.0120 loss: 34.8737 
episode: 440 count: 213 score: 192.1682 average_last200: 208.5681 epis: 0.0119 loss: 26.3288 
episode: 441 count: 204 score: 257.3994 average_last200: 208.8218 epis: 0.0118 loss: 26.9655 
episode: 442 count: 279 score: 230.2278 average_last200: 208.7698 epis: 0.0117 loss: 38.9830 
episode: 443 count: 250 score: 257.9217 average_last200: 209.0245 epis: 0.0115 loss: 38.1345 
episode: 444 count: 239 score: 204.9310 average_last200: 209.0779 epis: 0.0114 loss: 31.7708 
episode: 445 count: 370 score: 221.0149 average_last200: 209.0558 epis: 0.0113 loss: 51.4521 
episode: 446 count: 239 score: 182.3067 average_last200: 208.9050 epis: 0.0112 loss: 29.2004 
episode: 447 count: 240 score: 220.2650 average_last200: 208.8168 epis: 0.0111 loss: 34.5923 
episode: 448 count: 200 score: 214.4358 average_last200: 208.8731 epis: 0.0110 loss: 29.4875 
episode: 449 count: 302 score: 231.4467 average_last200: 209.1369 epis: 0.0109 loss: 38.0417 
episode: 450 count: 179 score: 21.6309 average_last200: 208.2799 epis: 0.0108 loss: 24.6607 
episode: 451 count: 229 score: 218.0317 average_last200: 208.1879 epis: 0.0106 loss: 29.1447 
episode: 452 count: 305 score: 202.5516 average_last200: 208.1000 epis: 0.0105 loss: 33.4343 
episode: 453 count: 248 score: 216.9442 average_last200: 208.1746 epis: 0.0104 loss: 39.0102 
episode: 454 count: 256 score: 237.4052 average_last200: 208.2852 epis: 0.0103 loss: 27.9570 
episode: 455 count: 169 score: 226.0738 average_last200: 208.2422 epis: 0.0102 loss: 20.2064 
episode: 456 count: 301 score: 229.1555 average_last200: 208.3119 epis: 0.0101 loss: 39.1320 
episode: 457 count: 392 score: 222.7849 average_last200: 208.2789 epis: 0.0100 loss: 59.2940 
episode: 458 count: 211 score: 200.9466 average_last200: 208.3574 epis: 0.0099 loss: 23.8093 
episode: 459 count: 510 score: 151.1562 average_last200: 207.9894 epis: 0.0098 loss: 67.1365 
episode: 460 count: 511 score: 206.7005 average_last200: 207.9268 epis: 0.0097 loss: 57.2617 
episode: 461 count: 360 score: 217.2772 average_last200: 207.9010 epis: 0.0096 loss: 48.3396 
episode: 462 count: 222 score: 218.4248 average_last200: 207.7012 epis: 0.0095 loss: 27.7227 
episode: 463 count: 293 score: 208.1880 average_last200: 207.6968 epis: 0.0094 loss: 38.5213 
episode: 464 count: 236 score: 202.3026 average_last200: 207.4027 epis: 0.0093 loss: 28.3376 
episode: 465 count: 973 score: 156.6186 average_last200: 207.2256 epis: 0.0092 loss: 124.5926 
episode: 466 count: 376 score: 237.9934 average_last200: 207.3100 epis: 0.0092 loss: 55.0429 
episode: 467 count: 252 score: 242.7681 average_last200: 207.3604 epis: 0.0091 loss: 37.2536 
episode: 468 count: 251 score: 200.3574 average_last200: 207.3428 epis: 0.0090 loss: 25.1357 
episode: 469 count: 207 score: 219.6285 average_last200: 207.2019 epis: 0.0089 loss: 32.3136 
episode: 470 count: 267 score: 221.4879 average_last200: 207.1636 epis: 0.0088 loss: 30.5076 
episode: 471 count: 339 score: 227.1365 average_last200: 207.1569 epis: 0.0087 loss: 44.1934 
episode: 472 count: 405 score: 220.0149 average_last200: 207.1427 epis: 0.0086 loss: 54.2302 
episode: 473 count: 202 score: 192.5227 average_last200: 206.9518 epis: 0.0085 loss: 25.4741 
episode: 474 count: 209 score: 214.9949 average_last200: 206.8015 epis: 0.0084 loss: 26.8380 
episode: 475 count: 231 score: 203.7191 average_last200: 206.5889 epis: 0.0084 loss: 36.9936 
episode: 476 count: 532 score: 228.2377 average_last200: 206.4368 epis: 0.0083 loss: 58.1221 
episode: 477 count: 290 score: 212.8744 average_last200: 206.4028 epis: 0.0082 loss: 47.7922 
episode: 478 count: 214 score: 231.2512 average_last200: 206.3818 epis: 0.0081 loss: 27.4415 
episode: 479 count: 213 score: 242.0964 average_last200: 206.4705 epis: 0.0080 loss: 25.0386 
episode: 480 count: 389 score: 208.9973 average_last200: 206.4069 epis: 0.0080 loss: 57.9867 
episode: 481 count: 1000 score: 106.6694 average_last200: 205.8336 epis: 0.0079 loss: 141.9197 
episode: 482 count: 199 score: 203.5720 average_last200: 205.6956 epis: 0.0078 loss: 32.4755 
episode: 483 count: 246 score: 235.8134 average_last200: 205.7956 epis: 0.0077 loss: 40.1307 
episode: 484 count: 166 score: 246.8189 average_last200: 206.0333 epis: 0.0076 loss: 25.3720 
episode: 485 count: 193 score: 221.2155 average_last200: 205.9662 epis: 0.0076 loss: 23.3586 
episode: 486 count: 174 score: -8.5713 average_last200: 204.5483 epis: 0.0075 loss: 21.2166 
episode: 487 count: 165 score: -0.4129 average_last200: 203.3919 epis: 0.0074 loss: 20.5244 
episode: 488 count: 252 score: 238.0891 average_last200: 203.3995 epis: 0.0073 loss: 36.7107 
episode: 489 count: 237 score: 203.1035 average_last200: 203.3841 epis: 0.0073 loss: 30.4854 
episode: 490 count: 300 score: 230.1403 average_last200: 203.4113 epis: 0.0072 loss: 43.5624 
episode: 491 count: 208 score: 209.7070 average_last200: 203.2312 epis: 0.0071 loss: 21.4187 
episode: 492 count: 245 score: 205.7396 average_last200: 202.9925 epis: 0.0070 loss: 34.2777 
episode: 493 count: 155 score: -4.5889 average_last200: 201.8999 epis: 0.0070 loss: 15.8838 
episode: 494 count: 139 score: -3.8179 average_last200: 200.8351 epis: 0.0069 loss: 12.0079 
episode: 495 count: 284 score: 233.6702 average_last200: 200.8838 epis: 0.0068 loss: 39.8259 
episode: 496 count: 262 score: 258.7859 average_last200: 201.2158 epis: 0.0068 loss: 36.2212 
episode: 497 count: 145 score: 16.3147 average_last200: 200.2181 epis: 0.0067 loss: 25.5139 
episode: 498 count: 512 score: 185.6166 average_last200: 200.0341 epis: 0.0066 loss: 65.8226 
episode: 499 count: 242 score: 216.0174 average_last200: 199.9691 epis: 0.0066 loss: 24.5836 
episode: 500 count: 858 score: 236.0261 average_last200: 200.1918 epis: 0.0065 loss: 117.3961 
episode: 501 count: 315 score: 226.9577 average_last200: 200.2560 epis: 0.0064 loss: 45.5526 
episode: 502 count: 231 score: 204.3491 average_last200: 200.3241 epis: 0.0064 loss: 30.5928 
episode: 503 count: 237 score: 202.7104 average_last200: 200.0936 epis: 0.0063 loss: 32.9942 
episode: 504 count: 235 score: 236.9858 average_last200: 200.1988 epis: 0.0062 loss: 31.0436 
episode: 505 count: 145 score: 3.5433 average_last200: 199.1842 epis: 0.0062 loss: 17.7720 
episode: 506 count: 331 score: 225.9221 average_last200: 199.2927 epis: 0.0061 loss: 53.3298 
episode: 507 count: 148 score: 6.1564 average_last200: 198.2008 epis: 0.0061 loss: 19.2033 
episode: 508 count: 221 score: 256.7979 average_last200: 198.4388 epis: 0.0060 loss: 33.0002 
episode: 509 count: 233 score: 207.5165 average_last200: 198.3316 epis: 0.0059 loss: 31.4424 
episode: 510 count: 202 score: -5.8992 average_last200: 197.0602 epis: 0.0059 loss: 33.5174 
episode: 511 count: 146 score: -9.4282 average_last200: 196.0012 epis: 0.0058 loss: 20.6946 
episode: 512 count: 234 score: 261.5269 average_last200: 196.3741 epis: 0.0058 loss: 31.1560 
episode: 513 count: 225 score: 234.2308 average_last200: 196.2563 epis: 0.0057 loss: 28.7715 
episode: 514 count: 250 score: 234.3708 average_last200: 196.3348 epis: 0.0057 loss: 39.1253 
episode: 515 count: 598 score: 212.4685 average_last200: 196.4750 epis: 0.0056 loss: 79.3969 
episode: 516 count: 309 score: 223.5582 average_last200: 196.5509 epis: 0.0055 loss: 33.9083 
episode: 517 count: 761 score: 199.6345 average_last200: 196.6005 epis: 0.0055 loss: 104.3136 
episode: 518 count: 215 score: 224.5298 average_last200: 196.6083 epis: 0.0054 loss: 25.9170 
episode: 519 count: 229 score: 236.0255 average_last200: 196.6296 epis: 0.0054 loss: 28.0435 
episode: 520 count: 287 score: 220.9676 average_last200: 196.6383 epis: 0.0053 loss: 36.3488 
episode: 521 count: 242 score: 249.7419 average_last200: 196.6081 epis: 0.0053 loss: 32.0410 
episode: 522 count: 202 score: 241.4271 average_last200: 196.7060 epis: 0.0052 loss: 31.4890 
episode: 523 count: 134 score: 8.2667 average_last200: 195.7457 epis: 0.0052 loss: 17.4060 
episode: 524 count: 237 score: 227.2727 average_last200: 195.7799 epis: 0.0051 loss: 29.9046 
episode: 525 count: 215 score: 218.1557 average_last200: 195.7891 epis: 0.0051 loss: 29.4806 
episode: 526 count: 204 score: 201.6279 average_last200: 195.6620 epis: 0.0050 loss: 30.9301 
episode: 527 count: 270 score: 218.4185 average_last200: 195.7133 epis: 0.0050 loss: 34.8101 
episode: 528 count: 248 score: 200.7360 average_last200: 195.5433 epis: 0.0049 loss: 30.8621 
episode: 529 count: 182 score: 23.8282 average_last200: 194.6464 epis: 0.0049 loss: 23.2163 
episode: 530 count: 196 score: 244.4243 average_last200: 194.8525 epis: 0.0048 loss: 26.1228 
episode: 531 count: 179 score: 4.3736 average_last200: 193.8003 epis: 0.0048 loss: 22.2608 
episode: 532 count: 223 score: 245.5892 average_last200: 193.9054 epis: 0.0047 loss: 23.0289 
episode: 533 count: 235 score: 235.1105 average_last200: 193.9981 epis: 0.0047 loss: 29.2170 
episode: 534 count: 262 score: 250.2898 average_last200: 194.1310 epis: 0.0046 loss: 37.2209 
episode: 535 count: 224 score: 219.5272 average_last200: 194.1244 epis: 0.0046 loss: 32.4045 
episode: 536 count: 230 score: 262.7992 average_last200: 194.1805 epis: 0.0045 loss: 25.2782 
episode: 537 count: 306 score: 229.3075 average_last200: 194.2807 epis: 0.0045 loss: 39.0943 
episode: 538 count: 141 score: 8.9960 average_last200: 193.2788 epis: 0.0044 loss: 26.5776 
episode: 539 count: 156 score: 7.9491 average_last200: 192.1792 epis: 0.0044 loss: 21.6378 
episode: 540 count: 280 score: 236.9542 average_last200: 192.3877 epis: 0.0044 loss: 32.2264 
episode: 541 count: 140 score: 19.1655 average_last200: 191.4803 epis: 0.0043 loss: 19.9231 
episode: 542 count: 246 score: 227.6213 average_last200: 191.6157 epis: 0.0043 loss: 30.9940 
episode: 543 count: 216 score: 228.7301 average_last200: 191.7261 epis: 0.0042 loss: 26.7468 
episode: 544 count: 279 score: 254.5543 average_last200: 191.9915 epis: 0.0042 loss: 37.2956 
episode: 545 count: 175 score: -14.8843 average_last200: 191.0044 epis: 0.0041 loss: 18.8977 
episode: 546 count: 166 score: 12.8981 average_last200: 190.1741 epis: 0.0041 loss: 20.9831 
episode: 547 count: 152 score: -10.8309 average_last200: 189.0998 epis: 0.0041 loss: 25.4657 
episode: 548 count: 224 score: 197.2382 average_last200: 189.1611 epis: 0.0040 loss: 28.0742 
episode: 549 count: 270 score: 235.7519 average_last200: 189.4424 epis: 0.0040 loss: 35.9976 
episode: 550 count: 143 score: -12.2676 average_last200: 189.1827 epis: 0.0039 loss: 20.9448 
episode: 551 count: 128 score: -21.5098 average_last200: 188.1744 epis: 0.0039 loss: 18.5338 
episode: 552 count: 334 score: 200.6670 average_last200: 187.9279 epis: 0.0039 loss: 51.6892 
episode: 553 count: 660 score: 143.7098 average_last200: 187.6428 epis: 0.0038 loss: 102.5736 
episode: 554 count: 142 score: 5.7526 average_last200: 186.7419 epis: 0.0038 loss: 27.3833 
episode: 555 count: 575 score: 231.4968 average_last200: 186.8148 epis: 0.0037 loss: 76.2124 
episode: 556 count: 237 score: 198.3903 average_last200: 187.7497 epis: 0.0037 loss: 33.5488 
episode: 557 count: 127 score: -36.6301 average_last200: 186.6235 epis: 0.0037 loss: 16.8546 
episode: 558 count: 137 score: 5.1513 average_last200: 185.6576 epis: 0.0036 loss: 18.6167 
episode: 559 count: 719 score: 214.5816 average_last200: 185.7126 epis: 0.0036 loss: 105.9521 
episode: 560 count: 1000 score: 83.0199 average_last200: 185.0174 epis: 0.0036 loss: 139.7155 
episode: 561 count: 233 score: 244.2558 average_last200: 185.2129 epis: 0.0035 loss: 40.7045 
episode: 562 count: 335 score: 210.9100 average_last200: 185.1955 epis: 0.0035 loss: 39.6130 
episode: 563 count: 237 score: 233.5149 average_last200: 185.2712 epis: 0.0035 loss: 26.9664 
episode: 564 count: 273 score: 190.8991 average_last200: 185.1736 epis: 0.0034 loss: 38.6872 
episode: 565 count: 374 score: 218.9084 average_last200: 185.0542 epis: 0.0034 loss: 59.0781 
episode: 566 count: 222 score: 235.1699 average_last200: 185.2104 epis: 0.0034 loss: 31.9895 
episode: 567 count: 181 score: 2.2669 average_last200: 183.9903 epis: 0.0033 loss: 22.7526 
episode: 568 count: 221 score: 231.9177 average_last200: 184.0802 epis: 0.0033 loss: 35.2593 
episode: 569 count: 265 score: 212.8700 average_last200: 183.9566 epis: 0.0033 loss: 29.4666 
episode: 570 count: 69 score: -102.3841 average_last200: 182.2212 epis: 0.0032 loss: 13.4499 
episode: 571 count: 346 score: 239.3514 average_last200: 182.4519 epis: 0.0032 loss: 50.9237 
episode: 572 count: 228 score: 225.2856 average_last200: 182.3294 epis: 0.0032 loss: 27.0238 
episode: 573 count: 269 score: 201.6392 average_last200: 182.2335 epis: 0.0031 loss: 36.1311 
episode: 574 count: 381 score: 201.0128 average_last200: 182.1769 epis: 0.0031 loss: 55.0226 
episode: 575 count: 268 score: 204.8579 average_last200: 182.7998 epis: 0.0031 loss: 39.5059 
episode: 576 count: 307 score: 195.6422 average_last200: 182.8178 epis: 0.0030 loss: 54.0947 
episode: 577 count: 462 score: 230.8425 average_last200: 182.9635 epis: 0.0030 loss: 58.2973 
episode: 578 count: 348 score: 241.0261 average_last200: 183.2308 epis: 0.0030 loss: 49.1854 
episode: 579 count: 109 score: -68.5547 average_last200: 183.0878 epis: 0.0029 loss: 15.5147 
episode: 580 count: 184 score: -19.4436 average_last200: 182.0094 epis: 0.0029 loss: 22.5242 
episode: 581 count: 120 score: 9.3971 average_last200: 180.9050 epis: 0.0029 loss: 15.6890 
episode: 582 count: 245 score: 225.6713 average_last200: 181.9173 epis: 0.0029 loss: 29.6069 
episode: 583 count: 136 score: -1.6895 average_last200: 180.7421 epis: 0.0028 loss: 19.6486 
episode: 584 count: 177 score: 203.7117 average_last200: 180.7676 epis: 0.0028 loss: 23.4920 
episode: 585 count: 355 score: 233.2536 average_last200: 180.8012 epis: 0.0028 loss: 51.6549 
episode: 586 count: 185 score: 209.0838 average_last200: 180.8268 epis: 0.0027 loss: 23.8491 
episode: 587 count: 256 score: 233.0407 average_last200: 180.8697 epis: 0.0027 loss: 31.8288 
episode: 588 count: 600 score: 197.8364 average_last200: 180.8012 epis: 0.0027 loss: 80.6847 
episode: 589 count: 195 score: 232.8559 average_last200: 180.9915 epis: 0.0027 loss: 35.3163 
episode: 590 count: 122 score: -89.7172 average_last200: 179.3919 epis: 0.0026 loss: 19.9432 
episode: 591 count: 257 score: 222.4727 average_last200: 179.4153 epis: 0.0026 loss: 39.4115 
episode: 592 count: 238 score: 201.2511 average_last200: 179.2604 epis: 0.0026 loss: 28.3093 
episode: 593 count: 243 score: 214.5426 average_last200: 179.3841 epis: 0.0026 loss: 34.6394 
episode: 594 count: 201 score: 199.7106 average_last200: 180.3885 epis: 0.0025 loss: 37.0948 
episode: 595 count: 148 score: -21.3857 average_last200: 179.2038 epis: 0.0025 loss: 16.1733 
episode: 596 count: 152 score: 17.9827 average_last200: 178.1732 epis: 0.0025 loss: 20.9984 
episode: 597 count: 477 score: 210.6296 average_last200: 178.2066 epis: 0.0025 loss: 59.1644 
episode: 598 count: 461 score: 193.4593 average_last200: 178.0338 epis: 0.0024 loss: 61.1761 
episode: 599 count: 177 score: 9.8756 average_last200: 177.1285 epis: 0.0024 loss: 25.6408 
episode: 600 count: 148 score: 4.6643 average_last200: 175.9020 epis: 0.0024 loss: 18.5743 
episode: 601 count: 238 score: 249.6965 average_last200: 176.1689 epis: 0.0024 loss: 30.1877 
episode: 602 count: 209 score: 193.5645 average_last200: 176.0389 epis: 0.0023 loss: 29.4162 
episode: 603 count: 106 score: -101.1517 average_last200: 174.5629 epis: 0.0023 loss: 13.3831 
episode: 604 count: 258 score: 186.6182 average_last200: 174.3605 epis: 0.0023 loss: 35.8546 
episode: 605 count: 120 score: -14.3779 average_last200: 173.1149 epis: 0.0023 loss: 20.2536 
episode: 606 count: 368 score: 218.4199 average_last200: 173.1317 epis: 0.0022 loss: 47.2741 
episode: 607 count: 282 score: 210.5152 average_last200: 173.1366 epis: 0.0022 loss: 41.3648 
episode: 608 count: 247 score: 211.5710 average_last200: 173.0464 epis: 0.0022 loss: 41.6024 
episode: 609 count: 653 score: 239.8799 average_last200: 173.0860 epis: 0.0022 loss: 86.2457 
episode: 610 count: 217 score: 237.2825 average_last200: 173.2134 epis: 0.0022 loss: 31.5368 
episode: 611 count: 246 score: 197.8770 average_last200: 173.1469 epis: 0.0021 loss: 29.6836 
episode: 612 count: 296 score: 227.8382 average_last200: 173.0976 epis: 0.0021 loss: 45.6596 
episode: 613 count: 1000 score: 89.8376 average_last200: 172.4673 epis: 0.0021 loss: 129.5434 
episode: 614 count: 244 score: 246.8298 average_last200: 172.6236 epis: 0.0021 loss: 35.8899 
episode: 615 count: 235 score: 218.4054 average_last200: 172.5444 epis: 0.0020 loss: 32.7431 
episode: 616 count: 260 score: 180.3209 average_last200: 172.4563 epis: 0.0020 loss: 41.4142 
episode: 617 count: 118 score: -98.7003 average_last200: 170.9174 epis: 0.0020 loss: 21.1039 
episode: 618 count: 207 score: 198.4583 average_last200: 170.8804 epis: 0.0020 loss: 29.3833 
episode: 619 count: 244 score: 248.0712 average_last200: 172.1797 epis: 0.0020 loss: 39.2705 
episode: 620 count: 253 score: 244.2645 average_last200: 172.4883 epis: 0.0019 loss: 51.4279 
episode: 621 count: 148 score: 12.7311 average_last200: 171.4804 epis: 0.0019 loss: 21.4422 
episode: 622 count: 527 score: 198.1698 average_last200: 171.3340 epis: 0.0019 loss: 75.6402 
episode: 623 count: 146 score: 3.7787 average_last200: 170.9809 epis: 0.0019 loss: 25.1150 
episode: 624 count: 221 score: 241.1152 average_last200: 171.2606 epis: 0.0019 loss: 33.8676 
episode: 625 count: 244 score: 231.3084 average_last200: 171.4250 epis: 0.0019 loss: 31.6658 
episode: 626 count: 240 score: 216.5712 average_last200: 171.5424 epis: 0.0018 loss: 38.4632 
episode: 627 count: 578 score: 204.1965 average_last200: 171.5268 epis: 0.0018 loss: 102.2703 
episode: 628 count: 314 score: 187.7595 average_last200: 171.5147 epis: 0.0018 loss: 46.0905 
episode: 629 count: 190 score: 226.5369 average_last200: 171.6954 epis: 0.0018 loss: 29.6751 
episode: 630 count: 440 score: 177.2757 average_last200: 171.5263 epis: 0.0018 loss: 72.3583 
episode: 631 count: 243 score: 200.7686 average_last200: 171.3569 epis: 0.0017 loss: 44.5230 
episode: 632 count: 621 score: 223.6692 average_last200: 171.3206 epis: 0.0017 loss: 103.5671 
episode: 633 count: 271 score: 236.7148 average_last200: 171.3029 epis: 0.0017 loss: 49.3382 
episode: 634 count: 292 score: 221.2116 average_last200: 171.1884 epis: 0.0017 loss: 47.5179 
episode: 635 count: 256 score: 207.2870 average_last200: 171.3401 epis: 0.0017 loss: 40.3136 
episode: 636 count: 698 score: 239.8903 average_last200: 171.4034 epis: 0.0017 loss: 107.0515 
episode: 637 count: 527 score: 214.3649 average_last200: 171.4375 epis: 0.0016 loss: 81.7660 
episode: 638 count: 361 score: 188.7196 average_last200: 171.1938 epis: 0.0016 loss: 46.1129 
episode: 639 count: 117 score: -43.4700 average_last200: 169.9654 epis: 0.0016 loss: 22.9236 
episode: 640 count: 118 score: 8.7038 average_last200: 169.0481 epis: 0.0016 loss: 15.9779 
episode: 641 count: 219 score: 242.5485 average_last200: 168.9738 epis: 0.0016 loss: 29.8818 
episode: 642 count: 361 score: 167.2558 average_last200: 168.6590 epis: 0.0016 loss: 48.8533 
episode: 643 count: 235 score: 220.5447 average_last200: 168.4721 epis: 0.0015 loss: 36.2247 
episode: 644 count: 555 score: 214.7613 average_last200: 168.5212 epis: 0.0015 loss: 90.3790 
episode: 645 count: 110 score: -21.0026 average_last200: 167.3111 epis: 0.0015 loss: 11.7840 
episode: 646 count: 539 score: 176.8475 average_last200: 167.2838 epis: 0.0015 loss: 77.8783 
episode: 647 count: 256 score: 195.8920 average_last200: 167.1620 epis: 0.0015 loss: 40.9556 
episode: 648 count: 355 score: 257.9726 average_last200: 167.3797 epis: 0.0015 loss: 56.0906 
episode: 649 count: 254 score: 204.8720 average_last200: 167.2468 epis: 0.0015 loss: 42.3164 
episode: 650 count: 205 score: 208.4371 average_last200: 168.1808 epis: 0.0014 loss: 33.4131 
episode: 651 count: 231 score: 266.5599 average_last200: 168.4235 epis: 0.0014 loss: 39.0984 
episode: 652 count: 275 score: 200.7827 average_last200: 168.4146 epis: 0.0014 loss: 40.3380 
episode: 653 count: 189 score: 250.9430 average_last200: 168.5846 epis: 0.0014 loss: 29.5254 
episode: 654 count: 350 score: 170.2970 average_last200: 168.2491 epis: 0.0014 loss: 48.8231 
episode: 655 count: 323 score: 213.6147 average_last200: 168.1868 epis: 0.0014 loss: 45.0715 
episode: 656 count: 238 score: 219.3221 average_last200: 168.1376 epis: 0.0014 loss: 34.9109 
episode: 657 count: 219 score: 236.0153 average_last200: 168.2038 epis: 0.0013 loss: 27.8768 
episode: 658 count: 128 score: -27.4302 average_last200: 167.0619 epis: 0.0013 loss: 15.0875 
episode: 659 count: 282 score: 250.2752 average_last200: 167.5575 epis: 0.0013 loss: 43.9658 
episode: 660 count: 171 score: 217.7285 average_last200: 167.6126 epis: 0.0013 loss: 24.9534 
episode: 661 count: 294 score: 244.8657 average_last200: 167.7506 epis: 0.0013 loss: 45.6713 
episode: 662 count: 173 score: 237.6144 average_last200: 167.8465 epis: 0.0013 loss: 29.5135 
episode: 663 count: 350 score: 198.6641 average_last200: 167.7989 epis: 0.0013 loss: 52.5242 
episode: 664 count: 181 score: 243.3140 average_last200: 168.0039 epis: 0.0013 loss: 24.4419 
episode: 665 count: 187 score: 248.9995 average_last200: 168.4658 epis: 0.0012 loss: 28.0259 
episode: 666 count: 699 score: 172.2850 average_last200: 168.1373 epis: 0.0012 loss: 112.3034 
episode: 667 count: 133 score: 5.2578 average_last200: 166.9497 epis: 0.0012 loss: 18.4917 
episode: 668 count: 306 score: 230.7756 average_last200: 167.1018 epis: 0.0012 loss: 52.8998 
episode: 669 count: 300 score: 175.5861 average_last200: 166.8816 epis: 0.0012 loss: 57.2874 
episode: 670 count: 319 score: 187.6279 average_last200: 166.7123 epis: 0.0012 loss: 52.2119 
episode: 671 count: 219 score: 228.3145 average_last200: 166.7182 epis: 0.0012 loss: 31.8730 
episode: 672 count: 210 score: 249.0569 average_last200: 166.8634 epis: 0.0012 loss: 32.2988 
episode: 673 count: 125 score: 4.3630 average_last200: 165.9226 epis: 0.0011 loss: 21.1158 
episode: 674 count: 362 score: 200.0436 average_last200: 165.8479 epis: 0.0011 loss: 59.9451 
episode: 675 count: 192 score: 235.8367 average_last200: 166.0085 epis: 0.0011 loss: 25.1575 
episode: 676 count: 209 score: 228.2886 average_last200: 166.0087 epis: 0.0011 loss: 37.2420 
episode: 677 count: 202 score: 249.5654 average_last200: 166.1922 epis: 0.0011 loss: 32.5910 
episode: 678 count: 809 score: 228.5742 average_last200: 166.1788 epis: 0.0011 loss: 120.0451 
episode: 679 count: 199 score: 225.2001 average_last200: 166.0943 epis: 0.0011 loss: 35.1360 
episode: 680 count: 231 score: 237.4787 average_last200: 166.2367 epis: 0.0011 loss: 34.0526 
episode: 681 count: 240 score: 238.9467 average_last200: 166.8981 epis: 0.0011 loss: 40.8002 
episode: 682 count: 245 score: 235.8814 average_last200: 167.0596 epis: 0.0010 loss: 47.9999 
episode: 683 count: 134 score: 6.4335 average_last200: 165.9127 epis: 0.0010 loss: 17.5387 
episode: 684 count: 198 score: 244.8337 average_last200: 165.9028 epis: 0.0010 loss: 27.2088 
episode: 685 count: 758 score: 241.9126 average_last200: 166.0063 epis: 0.0010 loss: 110.2485 
episode: 686 count: 426 score: 165.0289 average_last200: 166.8743 epis: 0.0010 loss: 59.4780 
episode: 687 count: 171 score: 240.4755 average_last200: 168.0787 epis: 0.0010 loss: 20.5788 
episode: 688 count: 133 score: -10.3268 average_last200: 166.8367 epis: 0.0010 loss: 21.4788 
episode: 689 count: 305 score: 179.4222 average_last200: 166.7183 epis: 0.0010 loss: 58.7817 
episode: 690 count: 234 score: 237.1582 average_last200: 166.7533 epis: 0.0010 loss: 35.6285 
episode: 691 count: 196 score: 207.9364 average_last200: 166.7445 epis: 0.0010 loss: 31.1769 
episode: 692 count: 814 score: 252.5121 average_last200: 166.9784 epis: 0.0009 loss: 119.0426 
episode: 693 count: 220 score: 247.1469 average_last200: 168.2370 epis: 0.0009 loss: 24.8134 
episode: 694 count: 232 score: 203.2271 average_last200: 169.2723 epis: 0.0009 loss: 36.3484 
episode: 695 count: 228 score: 215.9179 average_last200: 169.1835 epis: 0.0009 loss: 28.8519 
episode: 696 count: 350 score: 183.5240 average_last200: 168.8072 epis: 0.0009 loss: 44.2156 
episode: 697 count: 207 score: 237.2814 average_last200: 169.9120 epis: 0.0009 loss: 30.9900 
episode: 698 count: 353 score: 205.2585 average_last200: 170.0102 epis: 0.0009 loss: 54.7826 
episode: 699 count: 359 score: 187.9549 average_last200: 169.8699 epis: 0.0009 loss: 63.4092 
episode: 700 count: 387 score: 200.0847 average_last200: 169.6902 epis: 0.0009 loss: 59.4917 
episode: 701 count: 398 score: 168.4636 average_last200: 169.3977 epis: 0.0009 loss: 58.4851 
episode: 702 count: 412 score: 178.2407 average_last200: 169.2672 epis: 0.0009 loss: 53.6258 
episode: 703 count: 418 score: 190.2617 average_last200: 169.2050 epis: 0.0008 loss: 61.2121 
episode: 704 count: 462 score: 160.5058 average_last200: 168.8226 epis: 0.0008 loss: 73.4016 
episode: 705 count: 667 score: 214.6115 average_last200: 169.8779 epis: 0.0008 loss: 103.9579 
episode: 706 count: 199 score: 233.8956 average_last200: 169.9178 epis: 0.0008 loss: 27.2374 
episode: 707 count: 183 score: 218.4066 average_last200: 170.9790 epis: 0.0008 loss: 22.3063 
episode: 708 count: 65 score: -191.9837 average_last200: 168.7351 epis: 0.0008 loss: 13.0575 
episode: 709 count: 259 score: 219.6192 average_last200: 168.7956 epis: 0.0008 loss: 35.3678 
episode: 710 count: 199 score: 234.9442 average_last200: 169.9998 epis: 0.0008 loss: 28.8454 
episode: 711 count: 136 score: 9.3775 average_last200: 170.0939 epis: 0.0008 loss: 24.1339 
episode: 712 count: 191 score: 241.7831 average_last200: 169.9952 epis: 0.0008 loss: 23.9249 
episode: 713 count: 672 score: 226.8115 average_last200: 169.9581 epis: 0.0008 loss: 112.4473 
episode: 714 count: 103 score: 9.3797 average_last200: 168.8331 epis: 0.0008 loss: 16.6445 
episode: 715 count: 248 score: 260.4515 average_last200: 169.0730 epis: 0.0007 loss: 37.0813 
episode: 716 count: 68 score: -95.0230 average_last200: 167.4801 epis: 0.0007 loss: 6.6457 
episode: 717 count: 920 score: 173.4998 average_last200: 167.3494 epis: 0.0007 loss: 135.8824 
episode: 718 count: 230 score: 212.0211 average_last200: 167.2869 epis: 0.0007 loss: 42.9498 
episode: 719 count: 206 score: 238.6904 average_last200: 167.3002 epis: 0.0007 loss: 25.3520 
episode: 720 count: 312 score: 246.1935 average_last200: 167.4263 epis: 0.0007 loss: 37.2413 
episode: 721 count: 372 score: 214.0488 average_last200: 167.2479 epis: 0.0007 loss: 64.4230 
episode: 722 count: 430 score: 167.9079 average_last200: 166.8803 epis: 0.0007 loss: 68.8644 
episode: 723 count: 345 score: 186.1819 average_last200: 167.7699 epis: 0.0007 loss: 37.8801 
episode: 724 count: 485 score: 192.1490 average_last200: 167.5942 epis: 0.0007 loss: 74.6625 
episode: 725 count: 331 score: 186.5420 average_last200: 167.4362 epis: 0.0007 loss: 56.8235 
episode: 726 count: 443 score: 179.7711 average_last200: 167.3269 epis: 0.0007 loss: 63.2588 
episode: 727 count: 431 score: 180.4366 average_last200: 167.1370 epis: 0.0007 loss: 67.8531 
episode: 728 count: 238 score: 238.6531 average_last200: 167.3266 epis: 0.0007 loss: 34.4794 
episode: 729 count: 397 score: 213.1187 average_last200: 168.2730 epis: 0.0007 loss: 60.1397 
episode: 730 count: 353 score: 172.9588 average_last200: 167.9157 epis: 0.0006 loss: 60.9998 
episode: 731 count: 382 score: 198.5887 average_last200: 168.8868 epis: 0.0006 loss: 64.1378 
episode: 732 count: 350 score: 174.0288 average_last200: 168.5290 epis: 0.0006 loss: 59.9540 
episode: 733 count: 393 score: 196.9852 average_last200: 168.3383 epis: 0.0006 loss: 62.3379 
episode: 734 count: 324 score: 232.8193 average_last200: 168.2510 epis: 0.0006 loss: 45.8218 
episode: 735 count: 407 score: 191.8351 average_last200: 168.1125 epis: 0.0006 loss: 61.2321 
episode: 736 count: 301 score: 197.2024 average_last200: 167.7845 epis: 0.0006 loss: 44.8524 
episode: 737 count: 362 score: 179.1856 average_last200: 167.5339 epis: 0.0006 loss: 64.6443 
episode: 738 count: 430 score: 173.4681 average_last200: 168.3563 epis: 0.0006 loss: 65.0005 
episode: 739 count: 118 score: 12.2839 average_last200: 168.3780 epis: 0.0006 loss: 16.0664 
episode: 740 count: 258 score: 216.0578 average_last200: 168.2735 epis: 0.0006 loss: 36.2319 
episode: 741 count: 385 score: 221.0104 average_last200: 169.2827 epis: 0.0006 loss: 61.0639 
episode: 742 count: 397 score: 168.6397 average_last200: 168.9878 epis: 0.0006 loss: 55.9913 
episode: 743 count: 246 score: 239.1012 average_last200: 169.0397 epis: 0.0006 loss: 34.7311 
episode: 744 count: 221 score: 234.9377 average_last200: 168.9416 epis: 0.0006 loss: 30.5302 
episode: 745 count: 348 score: 169.1559 average_last200: 169.8618 epis: 0.0006 loss: 49.8304 
episode: 746 count: 294 score: 212.5939 average_last200: 170.8602 epis: 0.0005 loss: 39.8941 
episode: 747 count: 366 score: 176.9050 average_last200: 171.7989 epis: 0.0005 loss: 51.4649 
episode: 748 count: 111 score: 27.4597 average_last200: 170.9500 epis: 0.0005 loss: 10.4760 
episode: 749 count: 508 score: 225.3774 average_last200: 170.8982 epis: 0.0005 loss: 72.4848 
episode: 750 count: 228 score: 218.0090 average_last200: 172.0495 epis: 0.0005 loss: 32.4927 
episode: 751 count: 283 score: 253.3054 average_last200: 173.4236 epis: 0.0005 loss: 39.5866 
episode: 752 count: 200 score: 206.9513 average_last200: 173.4550 epis: 0.0005 loss: 28.2754 
episode: 753 count: 252 score: 235.4818 average_last200: 173.9139 epis: 0.0005 loss: 33.8264 
episode: 754 count: 379 score: 213.6004 average_last200: 174.9531 epis: 0.0005 loss: 54.3480 
episode: 755 count: 420 score: 215.3011 average_last200: 174.8722 epis: 0.0005 loss: 59.9374 
episode: 756 count: 486 score: 178.9031 average_last200: 174.7747 epis: 0.0005 loss: 77.9532 
episode: 757 count: 324 score: 181.6117 average_last200: 175.8659 epis: 0.0005 loss: 45.1648 
episode: 758 count: 678 score: 203.7215 average_last200: 176.8588 epis: 0.0005 loss: 84.2336 
episode: 759 count: 342 score: 191.6108 average_last200: 176.7439 epis: 0.0005 loss: 51.0574 
episode: 760 count: 327 score: 209.8862 average_last200: 177.3783 epis: 0.0005 loss: 48.6947 
episode: 761 count: 357 score: 221.7059 average_last200: 177.2655 epis: 0.0005 loss: 52.9165 
episode: 762 count: 261 score: 249.6418 average_last200: 177.4592 epis: 0.0005 loss: 27.9745 
episode: 763 count: 332 score: 231.8209 average_last200: 177.4507 epis: 0.0005 loss: 54.0823 
episode: 764 count: 374 score: 191.8825 average_last200: 177.4556 epis: 0.0005 loss: 59.9024 
episode: 765 count: 356 score: 209.4889 average_last200: 177.4085 epis: 0.0005 loss: 58.0420 
episode: 766 count: 368 score: 217.3903 average_last200: 177.3196 epis: 0.0004 loss: 56.2769 
episode: 767 count: 316 score: 220.9025 average_last200: 178.4128 epis: 0.0004 loss: 44.9716 
episode: 768 count: 384 score: 232.3288 average_last200: 178.4149 epis: 0.0004 loss: 59.9576 
episode: 769 count: 357 score: 165.3380 average_last200: 178.1772 epis: 0.0004 loss: 54.0751 
episode: 770 count: 412 score: 181.4159 average_last200: 179.5962 epis: 0.0004 loss: 57.7647 
episode: 771 count: 338 score: 249.6935 average_last200: 179.6479 epis: 0.0004 loss: 44.7639 
episode: 772 count: 461 score: 175.2846 average_last200: 179.3979 epis: 0.0004 loss: 56.3387 
episode: 773 count: 220 score: 244.0505 average_last200: 179.6100 epis: 0.0004 loss: 31.8235 
episode: 774 count: 365 score: 204.1863 average_last200: 179.6258 epis: 0.0004 loss: 45.7965 
episode: 775 count: 241 score: 1.2466 average_last200: 178.6078 epis: 0.0004 loss: 35.0572 
episode: 776 count: 417 score: 182.7770 average_last200: 178.5434 epis: 0.0004 loss: 56.3401 
episode: 777 count: 359 score: 204.2271 average_last200: 178.4104 epis: 0.0004 loss: 48.0592 
episode: 778 count: 428 score: 184.9322 average_last200: 178.1299 epis: 0.0004 loss: 67.3828 
episode: 779 count: 336 score: 205.8145 average_last200: 179.5017 epis: 0.0004 loss: 45.9786 
episode: 780 count: 568 score: 148.0000 average_last200: 180.3390 epis: 0.0004 loss: 93.6431 
episode: 781 count: 389 score: 169.5083 average_last200: 181.1395 epis: 0.0004 loss: 57.0400 
episode: 782 count: 417 score: 175.2725 average_last200: 180.8875 epis: 0.0004 loss: 51.9963 
episode: 783 count: 442 score: 168.0270 average_last200: 181.7361 epis: 0.0004 loss: 63.8711 
episode: 784 count: 560 score: 164.7017 average_last200: 181.5411 epis: 0.0004 loss: 79.1698 
episode: 785 count: 654 score: 137.8881 average_last200: 181.0642 epis: 0.0004 loss: 84.4973 
episode: 786 count: 560 score: 159.2222 average_last200: 180.8149 epis: 0.0004 loss: 85.1918 
episode: 787 count: 278 score: 215.0396 average_last200: 180.7249 epis: 0.0004 loss: 43.8360 
episode: 788 count: 211 score: 226.9058 average_last200: 180.8703 epis: 0.0004 loss: 24.7376 
episode: 789 count: 302 score: 238.1291 average_last200: 180.8966 epis: 0.0004 loss: 52.7003 
episode: 790 count: 553 score: 159.0129 average_last200: 182.1403 epis: 0.0004 loss: 77.2725 
episode: 791 count: 473 score: 167.0661 average_last200: 181.8632 epis: 0.0003 loss: 55.7744 
episode: 792 count: 296 score: 252.8094 average_last200: 182.1210 epis: 0.0003 loss: 43.6405 
episode: 793 count: 194 score: -48.5391 average_last200: 180.8056 epis: 0.0003 loss: 27.0826 
episode: 794 count: 373 score: 200.3093 average_last200: 180.8086 epis: 0.0003 loss: 58.1994 
episode: 795 count: 226 score: 204.4477 average_last200: 181.9378 epis: 0.0003 loss: 32.2450 
episode: 796 count: 379 score: 220.4112 average_last200: 182.9499 epis: 0.0003 loss: 47.8862 
episode: 797 count: 167 score: -48.4559 average_last200: 181.6545 epis: 0.0003 loss: 27.1415 
episode: 798 count: 146 score: -33.4178 average_last200: 180.5201 epis: 0.0003 loss: 23.8084 
episode: 799 count: 192 score: 239.4776 average_last200: 181.6681 epis: 0.0003 loss: 23.3823 
episode: 800 count: 569 score: 125.1471 average_last200: 182.2705 epis: 0.0003 loss: 80.0494 
episode: 801 count: 418 score: 197.9233 average_last200: 182.0117 epis: 0.0003 loss: 44.4806 
episode: 802 count: 569 score: 187.9438 average_last200: 181.9836 epis: 0.0003 loss: 80.3044 
episode: 803 count: 260 score: 238.2098 average_last200: 183.6804 epis: 0.0003 loss: 34.9946 
episode: 804 count: 246 score: 206.2873 average_last200: 183.7787 epis: 0.0003 loss: 39.1709 
episode: 805 count: 213 score: 230.6063 average_last200: 185.0036 epis: 0.0003 loss: 32.6612 
episode: 806 count: 313 score: 216.7586 average_last200: 184.9953 epis: 0.0003 loss: 38.9901 
episode: 807 count: 279 score: 232.9875 average_last200: 185.1077 epis: 0.0003 loss: 35.2087 
episode: 808 count: 333 score: 207.0793 average_last200: 185.0852 epis: 0.0003 loss: 40.0387 
episode: 809 count: 210 score: 224.1260 average_last200: 185.0065 epis: 0.0003 loss: 27.9319 
episode: 810 count: 243 score: 204.6832 average_last200: 184.8435 epis: 0.0003 loss: 29.1791 
episode: 811 count: 517 score: 196.1125 average_last200: 184.8347 epis: 0.0003 loss: 85.2727 
episode: 812 count: 192 score: 244.4944 average_last200: 184.9179 epis: 0.0003 loss: 30.0514 
episode: 813 count: 244 score: 210.1529 average_last200: 185.5195 epis: 0.0003 loss: 32.4144 
episode: 814 count: 266 score: 234.0840 average_last200: 185.4558 epis: 0.0003 loss: 37.3930 
episode: 815 count: 208 score: 194.8310 average_last200: 185.3379 epis: 0.0003 loss: 28.5211 
episode: 816 count: 303 score: 248.1654 average_last200: 185.6771 epis: 0.0003 loss: 48.7295 
episode: 817 count: 237 score: 246.5301 average_last200: 187.4033 epis: 0.0003 loss: 31.1130 
episode: 818 count: 281 score: 265.6347 average_last200: 187.7392 epis: 0.0003 loss: 39.7084 
episode: 819 count: 191 score: 243.9939 average_last200: 187.7188 epis: 0.0003 loss: 22.4009 
episode: 820 count: 210 score: 237.3699 average_last200: 187.6843 epis: 0.0003 loss: 34.5245 
episode: 821 count: 425 score: 181.5180 average_last200: 188.5282 epis: 0.0003 loss: 60.2181 
episode: 822 count: 315 score: 212.3508 average_last200: 188.5992 epis: 0.0003 loss: 40.7141 
episode: 823 count: 403 score: 165.2479 average_last200: 189.4065 epis: 0.0003 loss: 48.3014 
episode: 824 count: 311 score: 205.7157 average_last200: 189.2295 epis: 0.0003 loss: 41.8219 
episode: 825 count: 254 score: 222.3817 average_last200: 189.1849 epis: 0.0002 loss: 35.1616 
episode: 826 count: 218 score: 256.8787 average_last200: 189.3864 epis: 0.0002 loss: 28.8912 
episode: 827 count: 226 score: 247.5279 average_last200: 189.6031 epis: 0.0002 loss: 28.5500 
episode: 828 count: 197 score: 250.3531 average_last200: 189.9160 epis: 0.0002 loss: 34.2540 
episode: 829 count: 324 score: 201.3722 average_last200: 189.7902 epis: 0.0002 loss: 43.6507 
episode: 830 count: 372 score: 195.2040 average_last200: 189.8798 epis: 0.0002 loss: 58.8905 
episode: 831 count: 207 score: 236.8059 average_last200: 190.0600 epis: 0.0002 loss: 34.9847 
episode: 832 count: 401 score: 251.7209 average_last200: 190.2003 epis: 0.0002 loss: 53.0225 
episode: 833 count: 299 score: 214.9834 average_last200: 190.0916 epis: 0.0002 loss: 43.0388 
episode: 834 count: 286 score: 264.8532 average_last200: 190.3098 epis: 0.0002 loss: 43.8694 
episode: 835 count: 267 score: 196.7794 average_last200: 190.2573 epis: 0.0002 loss: 38.3060 
episode: 836 count: 859 score: 73.0171 average_last200: 189.4229 epis: 0.0002 loss: 127.3876 
episode: 837 count: 263 score: 206.5907 average_last200: 189.3841 epis: 0.0002 loss: 39.1984 
episode: 838 count: 605 score: 149.4869 average_last200: 189.1879 epis: 0.0002 loss: 96.6611 
episode: 839 count: 260 score: 225.8146 average_last200: 190.5343 epis: 0.0002 loss: 40.1277 
episode: 840 count: 264 score: 249.3264 average_last200: 191.7374 epis: 0.0002 loss: 35.1922 
episode: 841 count: 165 score: -10.7953 average_last200: 190.4707 epis: 0.0002 loss: 21.0702 
episode: 842 count: 228 score: 239.3254 average_last200: 190.8311 epis: 0.0002 loss: 25.9739 
episode: 843 count: 235 score: 197.2824 average_last200: 190.7148 epis: 0.0002 loss: 32.9147 
episode: 844 count: 175 score: 218.0905 average_last200: 190.7314 epis: 0.0002 loss: 21.8003 
episode: 845 count: 384 score: 231.5986 average_last200: 191.9944 epis: 0.0002 loss: 57.7687 
episode: 846 count: 222 score: 223.8954 average_last200: 192.2296 epis: 0.0002 loss: 39.7290 
episode: 847 count: 241 score: 259.6293 average_last200: 192.5483 epis: 0.0002 loss: 26.4653 
episode: 848 count: 238 score: 226.1724 average_last200: 192.3893 epis: 0.0002 loss: 31.0700 
episode: 849 count: 163 score: 235.2088 average_last200: 192.5410 epis: 0.0002 loss: 23.8686 
episode: 850 count: 242 score: 212.1274 average_last200: 192.5595 epis: 0.0002 loss: 34.9473 
episode: 851 count: 188 score: 206.7281 average_last200: 192.2603 epis: 0.0002 loss: 24.5925 
episode: 852 count: 317 score: 224.3010 average_last200: 192.3779 epis: 0.0002 loss: 48.8620 
episode: 853 count: 348 score: 249.6032 average_last200: 192.3712 epis: 0.0002 loss: 43.8083 
episode: 854 count: 195 score: 251.8787 average_last200: 192.7791 epis: 0.0002 loss: 26.6333 
episode: 855 count: 232 score: 257.6989 average_last200: 192.9995 epis: 0.0002 loss: 29.8255 
episode: 856 count: 214 score: 230.4299 average_last200: 193.0551 epis: 0.0002 loss: 31.7396 
episode: 857 count: 380 score: 195.8632 average_last200: 192.8543 epis: 0.0002 loss: 60.3305 
episode: 858 count: 242 score: 221.0122 average_last200: 194.0965 epis: 0.0002 loss: 43.7768 
episode: 859 count: 307 score: 215.9864 average_last200: 193.9251 epis: 0.0002 loss: 45.8942 
episode: 860 count: 229 score: 223.2236 average_last200: 193.9526 epis: 0.0002 loss: 35.9055 
episode: 861 count: 315 score: 203.4866 average_last200: 193.7457 epis: 0.0002 loss: 38.6867 
episode: 862 count: 262 score: 239.9104 average_last200: 193.7571 epis: 0.0002 loss: 39.2135 
episode: 863 count: 238 score: 208.7412 average_last200: 193.8075 epis: 0.0002 loss: 34.6190 
episode: 864 count: 253 score: 235.6839 average_last200: 193.7694 epis: 0.0002 loss: 42.8154 
episode: 865 count: 513 score: 220.1356 average_last200: 193.6251 epis: 0.0002 loss: 86.1071 
episode: 866 count: 268 score: 221.8405 average_last200: 193.8728 epis: 0.0002 loss: 38.0217 
episode: 867 count: 253 score: 224.5325 average_last200: 194.9692 epis: 0.0002 loss: 39.3032 
episode: 868 count: 263 score: 253.3049 average_last200: 195.0819 epis: 0.0002 loss: 49.7707 
episode: 869 count: 273 score: 194.6023 average_last200: 195.1769 epis: 0.0002 loss: 43.3722 
episode: 870 count: 247 score: 244.7717 average_last200: 195.4627 epis: 0.0002 loss: 33.7718 
episode: 871 count: 263 score: 261.6951 average_last200: 195.6296 epis: 0.0002 loss: 33.8977 
episode: 872 count: 241 score: 264.4968 average_last200: 195.7068 epis: 0.0002 loss: 38.2605 
episode: 873 count: 201 score: 239.1831 average_last200: 196.8809 epis: 0.0002 loss: 32.4754 
episode: 874 count: 295 score: 213.2142 average_last200: 196.9467 epis: 0.0002 loss: 48.7354 
episode: 875 count: 343 score: 213.0303 average_last200: 196.8327 epis: 0.0002 loss: 50.2939 
episode: 876 count: 243 score: 223.6670 average_last200: 196.8096 epis: 0.0001 loss: 37.1231 
episode: 877 count: 252 score: 180.3300 average_last200: 196.4634 epis: 0.0001 loss: 36.5739 
episode: 878 count: 1000 score: 76.5571 average_last200: 195.7033 epis: 0.0001 loss: 151.4383 
episode: 879 count: 183 score: 209.9760 average_last200: 195.6272 epis: 0.0001 loss: 28.5646 
episode: 880 count: 228 score: 227.4291 average_last200: 195.5769 epis: 0.0001 loss: 33.8955 
episode: 881 count: 267 score: 247.2222 average_last200: 195.6183 epis: 0.0001 loss: 39.4042 
episode: 882 count: 213 score: 230.2919 average_last200: 195.5904 epis: 0.0001 loss: 30.1771 
episode: 883 count: 269 score: 223.9772 average_last200: 196.6781 epis: 0.0001 loss: 43.6552 
episode: 884 count: 302 score: 233.3256 average_last200: 196.6205 epis: 0.0001 loss: 42.4849 
episode: 885 count: 328 score: 175.6506 average_last200: 196.2892 epis: 0.0001 loss: 47.4669 
episode: 886 count: 273 score: 208.4189 average_last200: 196.5062 epis: 0.0001 loss: 47.0037 
episode: 887 count: 263 score: 171.2638 average_last200: 196.1601 epis: 0.0001 loss: 36.1993 
episode: 888 count: 286 score: 217.8425 average_last200: 197.3010 epis: 0.0001 loss: 42.0031 
episode: 889 count: 240 score: 237.0167 average_last200: 197.5889 epis: 0.0001 loss: 32.5364 
episode: 890 count: 253 score: 253.2205 average_last200: 197.6693 epis: 0.0001 loss: 42.2528 
episode: 891 count: 313 score: 220.5461 average_last200: 197.7323 epis: 0.0001 loss: 36.0256 
episode: 892 count: 242 score: 217.1408 average_last200: 197.5555 epis: 0.0001 loss: 39.7617 
episode: 893 count: 250 score: 221.5699 average_last200: 197.4276 epis: 0.0001 loss: 25.6281 
episode: 894 count: 222 score: 184.6384 average_last200: 197.3346 epis: 0.0001 loss: 37.0571 
episode: 895 count: 249 score: 229.3993 average_last200: 197.4020 epis: 0.0001 loss: 30.5066 
episode: 896 count: 198 score: 208.3733 average_last200: 197.5263 epis: 0.0001 loss: 30.3996 
episode: 897 count: 258 score: 222.7200 average_last200: 197.4535 epis: 0.0001 loss: 46.2132 
episode: 898 count: 216 score: 187.0157 average_last200: 197.3623 epis: 0.0001 loss: 32.9322 
episode: 899 count: 249 score: 230.7320 average_last200: 197.5761 epis: 0.0001 loss: 34.5693 
episode: 900 count: 244 score: 237.7141 average_last200: 197.7643 epis: 0.0001 loss: 37.9203 
episode: 901 count: 223 score: 242.5042 average_last200: 198.1345 epis: 0.0001 loss: 38.5110 
episode: 902 count: 242 score: 234.7786 average_last200: 198.4172 epis: 0.0001 loss: 30.6222 
episode: 903 count: 370 score: 229.2265 average_last200: 198.6120 epis: 0.0001 loss: 67.8808 
episode: 904 count: 197 score: 264.9513 average_last200: 199.1342 epis: 0.0001 loss: 31.9276 
episode: 905 count: 244 score: 225.6160 average_last200: 199.1893 epis: 0.0001 loss: 40.2330 
episode: 906 count: 278 score: 217.3159 average_last200: 199.1064 epis: 0.0001 loss: 37.1902 
episode: 907 count: 227 score: 240.1372 average_last200: 199.2150 epis: 0.0001 loss: 38.2801 
episode: 908 count: 157 score: -17.8376 average_last200: 200.0857 epis: 0.0001 loss: 27.3433 
episode: 909 count: 310 score: 198.4198 average_last200: 199.9797 epis: 0.0001 loss: 47.5204 
episode: 910 count: 301 score: 236.5734 average_last200: 199.9879 epis: 0.0001 loss: 40.4358 
episode: 911 count: 136 score: 14.6155 average_last200: 200.0141 epis: 0.0001 loss: 25.9959 
episode: 912 count: 198 score: 216.7481 average_last200: 199.8889 epis: 0.0001 loss: 33.2032 
episode: 913 count: 407 score: 194.1003 average_last200: 199.7253 epis: 0.0001 loss: 58.1591 
episode: 914 count: 236 score: 219.5978 average_last200: 200.7764 epis: 0.0001 loss: 36.6486 
episode: 915 count: 373 score: 206.7274 average_last200: 200.5078 epis: 0.0001 loss: 62.5513 
episode: 916 count: 351 score: 192.0070 average_last200: 201.9430 epis: 0.0001 loss: 46.8661 
episode: 917 count: 237 score: 219.2327 average_last200: 202.1716 epis: 0.0001 loss: 37.6794 
episode: 918 count: 299 score: 209.8758 average_last200: 202.1609 epis: 0.0001 loss: 45.5309 
episode: 919 count: 190 score: -28.2782 average_last200: 200.8261 epis: 0.0001 loss: 27.2132 
episode: 920 count: 365 score: 217.5112 average_last200: 200.6827 epis: 0.0001 loss: 47.9317 
episode: 921 count: 234 score: 265.6281 average_last200: 200.9405 epis: 0.0001 loss: 35.1201 
episode: 922 count: 581 score: 244.4012 average_last200: 201.3230 epis: 0.0001 loss: 79.4855 
episode: 923 count: 119 score: -82.2398 average_last200: 199.9809 epis: 0.0001 loss: 24.0965 
episode: 924 count: 136 score: -45.7221 average_last200: 198.7915 epis: 0.0001 loss: 16.2643 
episode: 925 count: 160 score: 15.2133 average_last200: 197.9349 epis: 0.0001 loss: 23.6903 
episode: 926 count: 346 score: 201.4805 average_last200: 198.0435 epis: 0.0001 loss: 53.1922 
episode: 927 count: 178 score: 206.6270 average_last200: 198.1744 epis: 0.0001 loss: 21.7987 
episode: 928 count: 124 score: -37.9796 average_last200: 196.7912 epis: 0.0001 loss: 19.2812 
episode: 929 count: 129 score: -54.4605 average_last200: 195.4533 epis: 0.0001 loss: 23.8528 
episode: 930 count: 483 score: 145.4925 average_last200: 195.3160 epis: 0.0001 loss: 72.8511 
episode: 931 count: 166 score: 20.0063 average_last200: 194.4231 epis: 0.0001 loss: 28.0231 
episode: 932 count: 256 score: 221.8637 average_last200: 194.6623 epis: 0.0001 loss: 51.7625 
episode: 933 count: 358 score: 217.8817 average_last200: 194.7668 epis: 0.0001 loss: 54.1197 
episode: 934 count: 484 score: 186.5923 average_last200: 194.5356 epis: 0.0001 loss: 73.0641 
episode: 935 count: 53 score: -126.7760 average_last200: 192.9426 epis: 0.0001 loss: 8.0444 
episode: 936 count: 175 score: 2.9848 average_last200: 191.9715 epis: 0.0001 loss: 28.6480 
episode: 937 count: 156 score: -5.8146 average_last200: 191.0465 epis: 0.0001 loss: 19.6177 
episode: 938 count: 93 score: -42.4289 average_last200: 189.9670 epis: 0.0001 loss: 17.4384 
episode: 939 count: 297 score: 193.2133 average_last200: 190.8716 epis: 0.0001 loss: 52.7094 
episode: 940 count: 227 score: 172.5343 average_last200: 190.6540 epis: 0.0001 loss: 34.0968 
episode: 941 count: 522 score: 147.0660 average_last200: 190.2843 epis: 0.0001 loss: 91.2537 
episode: 942 count: 266 score: 253.4370 average_last200: 190.7083 epis: 0.0001 loss: 40.9562 
episode: 943 count: 285 score: 173.0317 average_last200: 190.3779 epis: 0.0001 loss: 41.3278 
episode: 944 count: 552 score: 185.2772 average_last200: 190.1296 epis: 0.0001 loss: 77.3762 
episode: 945 count: 225 score: 265.9205 average_last200: 190.6135 epis: 0.0001 loss: 29.1101 
episode: 946 count: 212 score: 233.7707 average_last200: 190.7193 epis: 0.0001 loss: 40.0306 
episode: 947 count: 234 score: 207.7287 average_last200: 190.8735 epis: 0.0001 loss: 39.4675 
episode: 948 count: 267 score: 230.6638 average_last200: 191.8895 epis: 0.0001 loss: 35.2654 
episode: 949 count: 338 score: 203.2277 average_last200: 191.7787 epis: 0.0001 loss: 56.6114 
episode: 950 count: 301 score: 209.9451 average_last200: 191.7384 epis: 0.0001 loss: 49.8156 
episode: 951 count: 227 score: 223.5760 average_last200: 191.5898 epis: 0.0001 loss: 37.6956 
episode: 952 count: 142 score: 2.4962 average_last200: 190.5675 epis: 0.0001 loss: 23.3746 
episode: 953 count: 158 score: 21.0933 average_last200: 189.4956 epis: 0.0001 loss: 25.2409 
episode: 954 count: 320 score: 223.2010 average_last200: 189.5436 epis: 0.0001 loss: 49.0432 
episode: 955 count: 268 score: 199.9776 average_last200: 189.4669 epis: 0.0001 loss: 46.8103 
episode: 956 count: 95 score: -21.3845 average_last200: 188.4655 epis: 0.0001 loss: 15.4714 
episode: 957 count: 226 score: 231.8921 average_last200: 188.7169 epis: 0.0001 loss: 33.0839 
episode: 958 count: 256 score: 217.9278 average_last200: 188.7879 epis: 0.0001 loss: 54.9088 
episode: 959 count: 100 score: 12.9717 average_last200: 187.8947 epis: 0.0001 loss: 16.0259 
episode: 960 count: 275 score: 195.8330 average_last200: 187.8245 epis: 0.0001 loss: 43.8534 
episode: 961 count: 98 score: -49.4592 average_last200: 186.4686 epis: 0.0001 loss: 15.2239 
episode: 962 count: 414 score: 212.9132 average_last200: 186.2850 epis: 0.0001 loss: 68.5259 
episode: 963 count: 192 score: 202.0740 average_last200: 186.1363 epis: 0.0001 loss: 26.5546 
episode: 964 count: 180 score: 229.0335 average_last200: 186.3220 epis: 0.0001 loss: 23.5358 
episode: 965 count: 329 score: 212.0508 average_last200: 186.3348 epis: 0.0001 loss: 57.5039 
episode: 966 count: 108 score: -58.8684 average_last200: 184.9535 epis: 0.0001 loss: 18.0713 
episode: 967 count: 284 score: 200.3850 average_last200: 184.8510 epis: 0.0001 loss: 43.6966 
episode: 968 count: 134 score: 17.5053 average_last200: 183.7768 epis: 0.0001 loss: 22.8048 
episode: 969 count: 210 score: 216.8021 average_last200: 184.0342 epis: 0.0001 loss: 33.4014 
episode: 970 count: 199 score: 213.1799 average_last200: 184.1930 epis: 0.0001 loss: 38.0112 
episode: 971 count: 218 score: 249.4459 average_last200: 184.1917 epis: 0.0001 loss: 44.3841 
episode: 972 count: 213 score: 237.7059 average_last200: 184.5038 epis: 0.0001 loss: 42.2966 
episode: 973 count: 302 score: 239.6613 average_last200: 184.4819 epis: 0.0001 loss: 42.9484 
episode: 974 count: 207 score: -3.6755 average_last200: 183.4426 epis: 0.0001 loss: 32.7765 
episode: 975 count: 171 score: 203.0094 average_last200: 184.4514 epis: 0.0001 loss: 25.7601 
episode: 976 count: 245 score: 204.5646 average_last200: 184.5603 epis: 0.0001 loss: 46.9694 
episode: 977 count: 184 score: 235.3629 average_last200: 184.7160 epis: 0.0001 loss: 26.2959 
episode: 978 count: 227 score: 237.2078 average_last200: 184.9774 epis: 0.0001 loss: 36.4725 
episode: 979 count: 231 score: 235.8485 average_last200: 185.1276 epis: 0.0001 loss: 34.6440 
episode: 980 count: 224 score: 234.4393 average_last200: 185.5598 epis: 0.0001 loss: 41.5865 
episode: 981 count: 190 score: 222.6325 average_last200: 185.8254 epis: 0.0001 loss: 30.9907 
episode: 982 count: 131 score: 25.6639 average_last200: 185.0773 epis: 0.0001 loss: 25.4631 
episode: 983 count: 247 score: 227.2579 average_last200: 185.3735 epis: 0.0001 loss: 35.0097 
episode: 984 count: 171 score: 229.1265 average_last200: 185.6956 epis: 0.0001 loss: 36.6551 
episode: 985 count: 241 score: 229.3618 average_last200: 186.1530 epis: 0.0000 loss: 39.9339 
episode: 986 count: 177 score: 185.5201 average_last200: 186.2845 epis: 0.0000 loss: 33.0884 
episode: 987 count: 194 score: 212.1236 average_last200: 186.2699 epis: 0.0000 loss: 26.5697 
episode: 988 count: 146 score: 13.5243 average_last200: 185.2030 epis: 0.0000 loss: 25.7400 
episode: 989 count: 232 score: 225.7962 average_last200: 185.1413 epis: 0.0000 loss: 29.1652 
episode: 990 count: 186 score: 241.8533 average_last200: 185.5555 epis: 0.0000 loss: 42.4156 
episode: 991 count: 181 score: 206.6336 average_last200: 185.7534 epis: 0.0000 loss: 34.7626 
episode: 992 count: 347 score: 205.5277 average_last200: 185.5170 epis: 0.0000 loss: 50.2687 
episode: 993 count: 525 score: 176.4471 average_last200: 186.6419 epis: 0.0000 loss: 96.2506 
episode: 994 count: 215 score: 241.7925 average_last200: 186.8493 epis: 0.0000 loss: 41.7809 
episode: 995 count: 678 score: 123.1155 average_last200: 186.4426 epis: 0.0000 loss: 109.5708 
episode: 996 count: 286 score: 202.3070 average_last200: 186.3521 epis: 0.0000 loss: 42.9194 
episode: 997 count: 226 score: 264.2654 average_last200: 187.9157 epis: 0.0000 loss: 26.8924 
episode: 998 count: 195 score: 234.1763 average_last200: 189.2537 epis: 0.0000 loss: 32.4604 
episode: 999 count: 170 score: 201.8680 average_last200: 189.0656 epis: 0.0000 loss: 26.6503 
