[33mWARN: gym.spaces.Box autodetected dtype as <class 'numpy.float32'>. Please provide explicit dtype.[0m
All para: Epis 1000 memlen 50000 gamma 0.990 epsilon 0.990 alpha 0.00050 batch 100 upfreq 500
episode: 0 count: 103 score: -201.7553 average_last200: -201.7553 epis: 0.9900 loss: 0.0000 
episode: 1 count: 84 score: -166.6921 average_last200: -184.2237 epis: 0.9801 loss: 0.0000 
episode: 2 count: 127 score: -140.9426 average_last200: -169.7967 epis: 0.9703 loss: 0.0000 
episode: 3 count: 98 score: -151.9605 average_last200: -165.3376 epis: 0.9606 loss: 0.0000 
episode: 4 count: 71 score: -305.0290 average_last200: -193.2759 epis: 0.9510 loss: 0.0000 
episode: 5 count: 124 score: -219.4452 average_last200: -197.6374 epis: 0.9415 loss: 0.0000 
episode: 6 count: 136 score: -149.6131 average_last200: -190.7768 epis: 0.9321 loss: 0.0000 
episode: 7 count: 105 score: -416.8472 average_last200: -219.0356 epis: 0.9227 loss: 0.0000 
episode: 8 count: 88 score: -384.5283 average_last200: -237.4237 epis: 0.9135 loss: 0.0000 
episode: 9 count: 103 score: -349.5269 average_last200: -248.6340 epis: 0.9044 loss: 22.6708 
episode: 10 count: 90 score: -369.4405 average_last200: -259.6164 epis: 0.8953 loss: 48.3421 
episode: 11 count: 76 score: -259.4610 average_last200: -259.6035 epis: 0.8864 loss: 33.9988 
episode: 12 count: 113 score: -228.4637 average_last200: -257.2081 epis: 0.8775 loss: 44.7630 
episode: 13 count: 81 score: -104.5366 average_last200: -246.3030 epis: 0.8687 loss: 29.3917 
episode: 14 count: 111 score: -35.9239 average_last200: -232.2777 epis: 0.8601 loss: 42.6646 
episode: 15 count: 143 score: -170.3106 average_last200: -228.4048 epis: 0.8515 loss: 56.7067 
episode: 16 count: 106 score: -130.7182 average_last200: -222.6585 epis: 0.8429 loss: 35.4507 
episode: 17 count: 86 score: -173.7406 average_last200: -219.9408 epis: 0.8345 loss: 27.3040 
episode: 18 count: 131 score: -363.4622 average_last200: -227.4946 epis: 0.8262 loss: 43.6269 
episode: 19 count: 120 score: -114.6543 average_last200: -221.8526 epis: 0.8179 loss: 42.9990 
episode: 20 count: 205 score: -60.8903 average_last200: -214.1877 epis: 0.8097 loss: 61.5614 
episode: 21 count: 135 score: -388.9494 average_last200: -222.1314 epis: 0.8016 loss: 43.4311 
episode: 22 count: 101 score: -158.4773 average_last200: -219.3639 epis: 0.7936 loss: 37.6220 
episode: 23 count: 83 score: -165.8228 average_last200: -217.1330 epis: 0.7857 loss: 26.2800 
episode: 24 count: 72 score: -185.2094 average_last200: -215.8560 epis: 0.7778 loss: 23.7248 
episode: 25 count: 77 score: -279.7080 average_last200: -218.3119 epis: 0.7700 loss: 23.7168 
episode: 26 count: 141 score: -116.7649 average_last200: -214.5509 epis: 0.7623 loss: 44.1594 
episode: 27 count: 141 score: -169.0766 average_last200: -212.9268 epis: 0.7547 loss: 43.4437 
episode: 28 count: 153 score: -10.2120 average_last200: -205.9366 epis: 0.7472 loss: 47.3034 
episode: 29 count: 106 score: -150.8131 average_last200: -204.0992 epis: 0.7397 loss: 33.3087 
episode: 30 count: 93 score: -119.7547 average_last200: -201.3784 epis: 0.7323 loss: 28.7482 
episode: 31 count: 89 score: -127.2530 average_last200: -199.0620 epis: 0.7250 loss: 27.2267 
episode: 32 count: 157 score: -332.2944 average_last200: -203.0993 epis: 0.7177 loss: 49.8959 
episode: 33 count: 140 score: -150.3495 average_last200: -201.5479 epis: 0.7106 loss: 38.8489 
episode: 34 count: 90 score: -136.7418 average_last200: -199.6963 epis: 0.7034 loss: 27.7174 
episode: 35 count: 164 score: -132.9644 average_last200: -197.8426 epis: 0.6964 loss: 46.5532 
episode: 36 count: 127 score: -207.2400 average_last200: -198.0966 epis: 0.6894 loss: 36.4240 
episode: 37 count: 121 score: -249.1837 average_last200: -199.4410 epis: 0.6826 loss: 36.2596 
episode: 38 count: 135 score: -158.1491 average_last200: -198.3822 epis: 0.6757 loss: 43.2417 
episode: 39 count: 138 score: -141.8026 average_last200: -196.9677 epis: 0.6690 loss: 40.3680 
episode: 40 count: 88 score: -130.4446 average_last200: -195.3452 epis: 0.6623 loss: 27.3420 
episode: 41 count: 113 score: -185.5442 average_last200: -195.1118 epis: 0.6557 loss: 31.6318 
episode: 42 count: 157 score: -114.1205 average_last200: -193.2283 epis: 0.6491 loss: 45.5336 
episode: 43 count: 124 score: -81.0565 average_last200: -190.6790 epis: 0.6426 loss: 40.7355 
episode: 44 count: 82 score: -40.0758 average_last200: -187.3322 epis: 0.6362 loss: 24.9718 
episode: 45 count: 139 score: -103.9203 average_last200: -185.5189 epis: 0.6298 loss: 40.5316 
episode: 46 count: 80 score: -70.1844 average_last200: -183.0650 epis: 0.6235 loss: 21.3868 
episode: 47 count: 119 score: -71.1775 average_last200: -180.7340 epis: 0.6173 loss: 34.4650 
episode: 48 count: 140 score: -131.5202 average_last200: -179.7296 epis: 0.6111 loss: 41.7191 
episode: 49 count: 99 score: -147.4635 average_last200: -179.0843 epis: 0.6050 loss: 35.1240 
episode: 50 count: 210 score: -83.4976 average_last200: -177.2101 epis: 0.5990 loss: 63.4997 
episode: 51 count: 136 score: -107.4674 average_last200: -175.8689 epis: 0.5930 loss: 45.4506 
episode: 52 count: 99 score: -80.6804 average_last200: -174.0729 epis: 0.5870 loss: 31.7814 
episode: 53 count: 198 score: -108.0988 average_last200: -172.8511 epis: 0.5812 loss: 63.0791 
episode: 54 count: 102 score: -43.3906 average_last200: -170.4973 epis: 0.5754 loss: 30.7207 
episode: 55 count: 183 score: -103.7005 average_last200: -169.3045 epis: 0.5696 loss: 59.8386 
episode: 56 count: 141 score: -88.1664 average_last200: -167.8810 epis: 0.5639 loss: 44.6116 
episode: 57 count: 109 score: -108.7829 average_last200: -166.8621 epis: 0.5583 loss: 32.1623 
episode: 58 count: 155 score: -164.8269 average_last200: -166.8276 epis: 0.5527 loss: 47.5908 
episode: 59 count: 190 score: -52.9077 average_last200: -164.9289 epis: 0.5472 loss: 59.2745 
episode: 60 count: 111 score: -132.6774 average_last200: -164.4002 epis: 0.5417 loss: 29.0654 
episode: 61 count: 192 score: -69.6587 average_last200: -162.8721 epis: 0.5363 loss: 61.6807 
episode: 62 count: 194 score: -66.5063 average_last200: -161.3425 epis: 0.5309 loss: 62.3779 
episode: 63 count: 155 score: -49.1320 average_last200: -159.5892 epis: 0.5256 loss: 46.1286 
episode: 64 count: 145 score: -65.9095 average_last200: -158.1480 epis: 0.5203 loss: 47.2722 
episode: 65 count: 86 score: -88.0255 average_last200: -157.0855 epis: 0.5151 loss: 25.3246 
episode: 66 count: 239 score: -101.4209 average_last200: -156.2547 epis: 0.5100 loss: 71.1603 
episode: 67 count: 191 score: -19.7112 average_last200: -154.2467 epis: 0.5049 loss: 56.6479 
episode: 68 count: 85 score: -64.8163 average_last200: -152.9506 epis: 0.4998 loss: 25.2028 
episode: 69 count: 91 score: -91.9026 average_last200: -152.0785 epis: 0.4948 loss: 27.1055 
episode: 70 count: 211 score: -53.7517 average_last200: -150.6936 epis: 0.4899 loss: 57.3164 
episode: 71 count: 114 score: -43.8155 average_last200: -149.2092 epis: 0.4850 loss: 32.3721 
episode: 72 count: 108 score: -149.1463 average_last200: -149.2083 epis: 0.4801 loss: 33.9974 
episode: 73 count: 142 score: -42.2930 average_last200: -147.7635 epis: 0.4753 loss: 46.3599 
episode: 74 count: 233 score: -43.9883 average_last200: -146.3799 epis: 0.4706 loss: 69.8512 
episode: 75 count: 468 score: -45.9327 average_last200: -145.0582 epis: 0.4659 loss: 137.6235 
episode: 76 count: 166 score: -50.8680 average_last200: -143.8349 epis: 0.4612 loss: 48.1617 
episode: 77 count: 229 score: -49.2214 average_last200: -142.6220 epis: 0.4566 loss: 68.2704 
episode: 78 count: 145 score: -44.2087 average_last200: -141.3762 epis: 0.4520 loss: 42.5021 
episode: 79 count: 1000 score: -72.6675 average_last200: -140.5174 epis: 0.4475 loss: 305.9615 
episode: 80 count: 197 score: -20.0747 average_last200: -139.0304 epis: 0.4430 loss: 56.9052 
episode: 81 count: 1000 score: -42.3050 average_last200: -137.8508 epis: 0.4386 loss: 297.8734 
episode: 82 count: 288 score: -133.7558 average_last200: -137.8015 epis: 0.4342 loss: 86.4799 
episode: 83 count: 429 score: -78.8964 average_last200: -137.1002 epis: 0.4299 loss: 133.1019 
episode: 84 count: 447 score: -54.2543 average_last200: -136.1256 epis: 0.4256 loss: 135.0515 
episode: 85 count: 155 score: -76.1031 average_last200: -135.4276 epis: 0.4213 loss: 46.4531 
episode: 86 count: 1000 score: -34.3248 average_last200: -134.2655 epis: 0.4171 loss: 312.3333 
episode: 87 count: 203 score: -35.1728 average_last200: -133.1395 epis: 0.4129 loss: 61.7969 
episode: 88 count: 224 score: -20.6449 average_last200: -131.8755 epis: 0.4088 loss: 71.0597 
episode: 89 count: 1000 score: -78.6078 average_last200: -131.2836 epis: 0.4047 loss: 317.7658 
episode: 90 count: 125 score: -37.9940 average_last200: -130.2585 epis: 0.4007 loss: 38.5309 
episode: 91 count: 1000 score: -27.0292 average_last200: -129.1364 epis: 0.3967 loss: 331.2901 
episode: 92 count: 135 score: -26.2647 average_last200: -128.0303 epis: 0.3927 loss: 46.0657 
episode: 93 count: 412 score: -79.0094 average_last200: -127.5088 epis: 0.3888 loss: 144.0496 
episode: 94 count: 741 score: -361.3013 average_last200: -129.9698 epis: 0.3849 loss: 259.3831 
episode: 95 count: 1000 score: -45.3998 average_last200: -129.0888 epis: 0.3810 loss: 372.3047 
episode: 96 count: 72 score: -83.6207 average_last200: -128.6201 epis: 0.3772 loss: 25.4471 
episode: 97 count: 1000 score: -34.6730 average_last200: -127.6614 epis: 0.3735 loss: 379.7288 
episode: 98 count: 1000 score: -41.0113 average_last200: -126.7862 epis: 0.3697 loss: 425.3828 
episode: 99 count: 360 score: -66.0712 average_last200: -126.1790 epis: 0.3660 loss: 159.0200 
episode: 100 count: 364 score: -286.4050 average_last200: -127.7654 epis: 0.3624 loss: 165.8070 
episode: 101 count: 143 score: -62.3059 average_last200: -127.1237 epis: 0.3587 loss: 64.9510 
episode: 102 count: 1000 score: -50.5901 average_last200: -126.3806 epis: 0.3552 loss: 472.5398 
episode: 103 count: 1000 score: -65.9889 average_last200: -125.7999 epis: 0.3516 loss: 504.4635 
episode: 104 count: 1000 score: -26.1755 average_last200: -124.8511 epis: 0.3481 loss: 517.3714 
episode: 105 count: 151 score: -23.7313 average_last200: -123.8972 epis: 0.3446 loss: 69.9273 
episode: 106 count: 663 score: -155.4407 average_last200: -124.1920 epis: 0.3412 loss: 322.8731 
episode: 107 count: 1000 score: -27.5680 average_last200: -123.2973 epis: 0.3378 loss: 499.5367 
episode: 108 count: 1000 score: 27.0434 average_last200: -121.9180 epis: 0.3344 loss: 508.0384 
episode: 109 count: 637 score: 72.7346 average_last200: -120.1485 epis: 0.3310 loss: 321.7268 
episode: 110 count: 129 score: -24.5275 average_last200: -119.2870 epis: 0.3277 loss: 61.2510 
episode: 111 count: 1000 score: -104.4439 average_last200: -119.1545 epis: 0.3244 loss: 482.3905 
episode: 112 count: 896 score: -195.9080 average_last200: -119.8337 epis: 0.3212 loss: 443.6324 
episode: 113 count: 522 score: -203.0527 average_last200: -120.5637 epis: 0.3180 loss: 264.2572 
episode: 114 count: 1000 score: -51.1891 average_last200: -119.9604 epis: 0.3148 loss: 478.9398 
episode: 115 count: 465 score: -250.5702 average_last200: -121.0864 epis: 0.3117 loss: 213.9004 
episode: 116 count: 580 score: -203.2266 average_last200: -121.7884 epis: 0.3085 loss: 270.1195 
episode: 117 count: 1000 score: -5.8607 average_last200: -120.8060 epis: 0.3055 loss: 471.6300 
episode: 118 count: 1000 score: -57.6967 average_last200: -120.2757 epis: 0.3024 loss: 465.8455 
episode: 119 count: 538 score: -215.7071 average_last200: -121.0709 epis: 0.2994 loss: 253.3331 
episode: 120 count: 1000 score: -67.1292 average_last200: -120.6251 epis: 0.2964 loss: 451.9055 
episode: 121 count: 1000 score: -47.6934 average_last200: -120.0273 epis: 0.2934 loss: 446.5711 
episode: 122 count: 1000 score: 23.3034 average_last200: -118.8620 epis: 0.2905 loss: 448.7472 
episode: 123 count: 1000 score: -13.8306 average_last200: -118.0150 epis: 0.2876 loss: 452.7837 
episode: 124 count: 524 score: -148.5829 average_last200: -118.2596 epis: 0.2847 loss: 241.9557 
episode: 125 count: 1000 score: 3.5506 average_last200: -117.2928 epis: 0.2819 loss: 456.2054 
episode: 126 count: 1000 score: -44.9454 average_last200: -116.7232 epis: 0.2790 loss: 442.1931 
episode: 127 count: 1000 score: -4.0451 average_last200: -115.8429 epis: 0.2763 loss: 467.6375 
episode: 128 count: 98 score: -3.2319 average_last200: -114.9699 epis: 0.2735 loss: 45.2634 
episode: 129 count: 1000 score: -4.5903 average_last200: -114.1208 epis: 0.2708 loss: 466.2176 
episode: 130 count: 450 score: -80.2695 average_last200: -113.8624 epis: 0.2680 loss: 206.5216 
episode: 131 count: 1000 score: -9.1486 average_last200: -113.0691 epis: 0.2654 loss: 471.3982 
episode: 132 count: 1000 score: 16.6849 average_last200: -112.0935 epis: 0.2627 loss: 471.6483 
episode: 133 count: 1000 score: -161.6713 average_last200: -112.4635 epis: 0.2601 loss: 462.3175 
episode: 134 count: 1000 score: -77.5958 average_last200: -112.2052 epis: 0.2575 loss: 456.0435 
episode: 135 count: 170 score: 4.6135 average_last200: -111.3463 epis: 0.2549 loss: 77.2156 
episode: 136 count: 1000 score: -18.3288 average_last200: -110.6673 epis: 0.2524 loss: 460.9359 
episode: 137 count: 1000 score: -115.0709 average_last200: -110.6992 epis: 0.2498 loss: 452.8706 
episode: 138 count: 1000 score: -80.4719 average_last200: -110.4818 epis: 0.2473 loss: 438.2615 
episode: 139 count: 1000 score: 42.7068 average_last200: -109.3876 epis: 0.2449 loss: 439.5839 
episode: 140 count: 82 score: -65.4354 average_last200: -109.0758 epis: 0.2424 loss: 35.5392 
episode: 141 count: 162 score: -35.0308 average_last200: -108.5544 epis: 0.2400 loss: 75.9567 
episode: 142 count: 1000 score: 26.1394 average_last200: -107.6125 epis: 0.2376 loss: 444.7365 
episode: 143 count: 1000 score: -97.4862 average_last200: -107.5422 epis: 0.2352 loss: 433.3602 
episode: 144 count: 1000 score: -84.7953 average_last200: -107.3853 epis: 0.2329 loss: 430.8514 
episode: 145 count: 1000 score: -54.4964 average_last200: -107.0230 epis: 0.2305 loss: 411.9651 
episode: 146 count: 1000 score: -58.0759 average_last200: -106.6901 epis: 0.2282 loss: 409.3355 
episode: 147 count: 328 score: 139.6842 average_last200: -105.0254 epis: 0.2259 loss: 131.5955 
episode: 148 count: 1000 score: -37.7864 average_last200: -104.5741 epis: 0.2237 loss: 408.9505 
episode: 149 count: 1000 score: -5.4115 average_last200: -103.9130 epis: 0.2215 loss: 415.2487 
episode: 150 count: 226 score: -154.3349 average_last200: -104.2469 epis: 0.2192 loss: 90.8481 
episode: 151 count: 974 score: 137.8129 average_last200: -102.6544 epis: 0.2170 loss: 398.1374 
episode: 152 count: 1000 score: -46.7806 average_last200: -102.2893 epis: 0.2149 loss: 396.3371 
episode: 153 count: 420 score: 152.9224 average_last200: -100.6320 epis: 0.2127 loss: 164.0192 
episode: 154 count: 1000 score: -78.4989 average_last200: -100.4892 epis: 0.2106 loss: 390.7027 
episode: 155 count: 1000 score: -35.6854 average_last200: -100.0738 epis: 0.2085 loss: 382.4221 
episode: 156 count: 1000 score: 22.6612 average_last200: -99.2921 epis: 0.2064 loss: 371.8259 
episode: 157 count: 441 score: 172.0315 average_last200: -97.5748 epis: 0.2043 loss: 162.5552 
episode: 158 count: 1000 score: 95.7284 average_last200: -96.3591 epis: 0.2023 loss: 368.6981 
episode: 159 count: 1000 score: -87.2999 average_last200: -96.3025 epis: 0.2003 loss: 366.3003 
episode: 160 count: 1000 score: 53.0117 average_last200: -95.3751 epis: 0.1983 loss: 360.0912 
episode: 161 count: 434 score: 193.9563 average_last200: -93.5891 epis: 0.1963 loss: 156.6442 
episode: 162 count: 890 score: 172.5813 average_last200: -91.9561 epis: 0.1943 loss: 313.4974 
episode: 163 count: 1000 score: 39.7191 average_last200: -91.1532 epis: 0.1924 loss: 348.4666 
episode: 164 count: 1000 score: 104.8656 average_last200: -89.9652 epis: 0.1905 loss: 343.4839 
episode: 165 count: 639 score: 189.4236 average_last200: -88.2822 epis: 0.1886 loss: 220.7383 
episode: 166 count: 877 score: 164.3455 average_last200: -86.7694 epis: 0.1867 loss: 294.8629 
episode: 167 count: 592 score: 162.3209 average_last200: -85.2867 epis: 0.1848 loss: 198.9231 
episode: 168 count: 1000 score: -123.7403 average_last200: -85.5143 epis: 0.1830 loss: 334.3169 
episode: 169 count: 1000 score: -113.8187 average_last200: -85.6808 epis: 0.1811 loss: 322.3151 
episode: 170 count: 571 score: 194.8575 average_last200: -84.0402 epis: 0.1793 loss: 185.5685 
episode: 171 count: 1000 score: -72.2590 average_last200: -83.9717 epis: 0.1775 loss: 311.7064 
episode: 172 count: 1000 score: -79.3881 average_last200: -83.9452 epis: 0.1757 loss: 300.3572 
episode: 173 count: 726 score: 176.8812 average_last200: -82.4462 epis: 0.1740 loss: 214.6250 
episode: 174 count: 1000 score: -32.0976 average_last200: -82.1585 epis: 0.1722 loss: 283.9901 
episode: 175 count: 490 score: 176.0226 average_last200: -80.6916 epis: 0.1705 loss: 133.7033 
episode: 176 count: 1000 score: 46.1895 average_last200: -79.9747 epis: 0.1688 loss: 285.7031 
episode: 177 count: 483 score: 193.0506 average_last200: -78.4409 epis: 0.1671 loss: 132.6856 
episode: 178 count: 378 score: -636.1185 average_last200: -81.5564 epis: 0.1655 loss: 100.3812 
episode: 179 count: 1000 score: 112.0592 average_last200: -80.4807 epis: 0.1638 loss: 277.2354 
episode: 180 count: 869 score: 166.5533 average_last200: -79.1159 epis: 0.1622 loss: 244.2094 
episode: 181 count: 281 score: 211.8713 average_last200: -77.5171 epis: 0.1605 loss: 78.3755 
episode: 182 count: 635 score: 139.4471 average_last200: -76.3315 epis: 0.1589 loss: 176.9776 
episode: 183 count: 641 score: 204.7724 average_last200: -74.8037 epis: 0.1574 loss: 174.5094 
episode: 184 count: 1000 score: 15.2505 average_last200: -74.3170 epis: 0.1558 loss: 276.7032 
episode: 185 count: 424 score: 187.6169 average_last200: -72.9087 epis: 0.1542 loss: 112.1299 
episode: 186 count: 1000 score: 54.9498 average_last200: -72.2250 epis: 0.1527 loss: 266.0651 
episode: 187 count: 343 score: -58.0337 average_last200: -72.1495 epis: 0.1512 loss: 84.5141 
episode: 188 count: 338 score: 255.5754 average_last200: -70.4155 epis: 0.1496 loss: 87.2795 
episode: 189 count: 622 score: 172.7624 average_last200: -69.1356 epis: 0.1481 loss: 160.0798 
episode: 190 count: 396 score: 208.6517 average_last200: -67.6812 epis: 0.1467 loss: 100.4888 
episode: 191 count: 162 score: -13.2612 average_last200: -67.3978 epis: 0.1452 loss: 39.2631 
episode: 192 count: 649 score: 167.7166 average_last200: -66.1796 epis: 0.1437 loss: 156.6941 
episode: 193 count: 1000 score: 60.1313 average_last200: -65.5285 epis: 0.1423 loss: 249.9168 
episode: 194 count: 836 score: 142.8125 average_last200: -64.4601 epis: 0.1409 loss: 201.4366 
episode: 195 count: 658 score: 200.0952 average_last200: -63.1103 epis: 0.1395 loss: 162.6664 
episode: 196 count: 424 score: 168.0989 average_last200: -61.9367 epis: 0.1381 loss: 101.0861 
episode: 197 count: 803 score: 178.9007 average_last200: -60.7203 epis: 0.1367 loss: 187.1321 
episode: 198 count: 464 score: 196.8349 average_last200: -59.4261 epis: 0.1353 loss: 108.9051 
episode: 199 count: 329 score: 227.2813 average_last200: -57.9925 epis: 0.1340 loss: 72.7879 
episode: 200 count: 261 score: 242.9005 average_last200: -55.7693 epis: 0.1326 loss: 59.2605 
episode: 201 count: 291 score: 196.2198 average_last200: -53.9547 epis: 0.1313 loss: 65.2082 
episode: 202 count: 236 score: 206.3674 average_last200: -52.2181 epis: 0.1300 loss: 50.3274 
episode: 203 count: 199 score: 218.2641 average_last200: -50.3670 epis: 0.1287 loss: 45.3727 
episode: 204 count: 460 score: 191.2876 average_last200: -47.8854 epis: 0.1274 loss: 105.3481 
episode: 205 count: 266 score: 207.6672 average_last200: -45.7499 epis: 0.1261 loss: 63.0094 
episode: 206 count: 404 score: 181.1965 average_last200: -44.0958 epis: 0.1249 loss: 94.4241 
episode: 207 count: 390 score: 195.4571 average_last200: -41.0343 epis: 0.1236 loss: 92.9251 
episode: 208 count: 125 score: -23.0354 average_last200: -39.2268 epis: 0.1224 loss: 28.5223 
episode: 209 count: 340 score: 191.8663 average_last200: -36.5199 epis: 0.1212 loss: 78.6225 
episode: 210 count: 721 score: 171.5021 average_last200: -33.8152 epis: 0.1200 loss: 163.2874 
episode: 211 count: 397 score: 193.8089 average_last200: -31.5488 epis: 0.1188 loss: 89.2413 
episode: 212 count: 978 score: 59.6668 average_last200: -30.1082 epis: 0.1176 loss: 226.0506 
episode: 213 count: 774 score: 178.9906 average_last200: -28.6905 epis: 0.1164 loss: 170.9750 
episode: 214 count: 156 score: 191.8389 average_last200: -27.5517 epis: 0.1152 loss: 35.1368 
episode: 215 count: 910 score: 218.0353 average_last200: -25.6100 epis: 0.1141 loss: 205.3016 
episode: 216 count: 329 score: 196.4100 average_last200: -23.9743 epis: 0.1129 loss: 72.0124 
episode: 217 count: 546 score: 225.6336 average_last200: -21.9775 epis: 0.1118 loss: 115.6702 
episode: 218 count: 209 score: 239.4752 average_last200: -18.9628 epis: 0.1107 loss: 43.8191 
episode: 219 count: 78 score: -96.6539 average_last200: -18.8728 epis: 0.1096 loss: 16.0668 
episode: 220 count: 325 score: 193.6272 average_last200: -17.6002 epis: 0.1085 loss: 67.3881 
episode: 221 count: 192 score: 190.8794 average_last200: -14.7011 epis: 0.1074 loss: 40.2273 
episode: 222 count: 306 score: 255.8226 average_last200: -12.6296 epis: 0.1063 loss: 62.9915 
episode: 223 count: 553 score: 211.0192 average_last200: -10.7453 epis: 0.1053 loss: 112.5424 
episode: 224 count: 83 score: -89.3285 average_last200: -10.2659 epis: 0.1042 loss: 18.7015 
episode: 225 count: 331 score: 191.8169 average_last200: -7.9083 epis: 0.1032 loss: 69.1759 
episode: 226 count: 351 score: 187.1518 average_last200: -6.3887 epis: 0.1021 loss: 72.5885 
episode: 227 count: 702 score: 186.4389 average_last200: -4.6112 epis: 0.1011 loss: 143.4800 
episode: 228 count: 278 score: 236.8769 average_last200: -3.3757 epis: 0.1001 loss: 57.7988 
episode: 229 count: 79 score: -42.0004 average_last200: -2.8316 epis: 0.0991 loss: 16.6187 
episode: 230 count: 86 score: -90.4657 average_last200: -2.6852 epis: 0.0981 loss: 16.3319 
episode: 231 count: 649 score: 173.0097 average_last200: -1.1839 epis: 0.0971 loss: 139.2891 
episode: 232 count: 248 score: 198.8209 average_last200: 1.4717 epis: 0.0962 loss: 51.0790 
episode: 233 count: 106 score: -23.9589 average_last200: 2.1036 epis: 0.0952 loss: 22.7711 
episode: 234 count: 304 score: 219.6662 average_last200: 3.8857 epis: 0.0942 loss: 64.1261 
episode: 235 count: 230 score: 197.0105 average_last200: 5.5356 epis: 0.0933 loss: 46.4407 
episode: 236 count: 121 score: -18.4598 average_last200: 6.4795 epis: 0.0924 loss: 25.2863 
episode: 237 count: 1000 score: 62.4194 average_last200: 8.0375 epis: 0.0914 loss: 211.6296 
episode: 238 count: 676 score: 221.4407 average_last200: 9.9354 epis: 0.0905 loss: 136.1875 
episode: 239 count: 151 score: 23.2622 average_last200: 10.7607 epis: 0.0896 loss: 31.6222 
episode: 240 count: 122 score: -62.2753 average_last200: 11.1016 epis: 0.0887 loss: 22.6625 
episode: 241 count: 154 score: -15.1537 average_last200: 11.9535 epis: 0.0878 loss: 34.0545 
episode: 242 count: 231 score: 183.1572 average_last200: 13.4399 epis: 0.0870 loss: 42.7136 
episode: 243 count: 335 score: 206.2888 average_last200: 14.8767 epis: 0.0861 loss: 70.3411 
episode: 244 count: 304 score: 228.4795 average_last200: 16.2194 epis: 0.0852 loss: 63.9597 
episode: 245 count: 193 score: 226.8122 average_last200: 17.8731 epis: 0.0844 loss: 41.8782 
episode: 246 count: 247 score: -61.1563 average_last200: 17.9182 epis: 0.0835 loss: 53.5076 
episode: 247 count: 556 score: 161.9907 average_last200: 19.0841 epis: 0.0827 loss: 112.6530 
episode: 248 count: 103 score: -43.3323 average_last200: 19.5250 epis: 0.0819 loss: 23.0110 
episode: 249 count: 432 score: 202.8226 average_last200: 21.2765 epis: 0.0811 loss: 91.9473 
episode: 250 count: 125 score: -45.2292 average_last200: 21.4678 epis: 0.0802 loss: 28.9229 
episode: 251 count: 174 score: 221.2192 average_last200: 23.1112 epis: 0.0794 loss: 35.7024 
episode: 252 count: 149 score: -57.7637 average_last200: 23.2258 epis: 0.0787 loss: 32.1244 
episode: 253 count: 458 score: 172.9186 average_last200: 24.6309 epis: 0.0779 loss: 93.8349 
episode: 254 count: 115 score: -68.1012 average_last200: 24.5073 epis: 0.0771 loss: 24.1777 
episode: 255 count: 94 score: -33.3497 average_last200: 24.8591 epis: 0.0763 loss: 19.4283 
episode: 256 count: 147 score: 12.0811 average_last200: 25.3603 epis: 0.0756 loss: 32.0941 
episode: 257 count: 555 score: 186.0569 average_last200: 26.8345 epis: 0.0748 loss: 118.0372 
episode: 258 count: 118 score: -68.8205 average_last200: 27.3146 epis: 0.0740 loss: 23.1795 
episode: 259 count: 117 score: 8.3527 average_last200: 27.6209 epis: 0.0733 loss: 24.6496 
episode: 260 count: 118 score: 16.2933 average_last200: 28.3657 epis: 0.0726 loss: 24.8824 
episode: 261 count: 258 score: -131.0642 average_last200: 28.0587 epis: 0.0718 loss: 53.1118 
episode: 262 count: 122 score: -27.5129 average_last200: 28.2537 epis: 0.0711 loss: 27.0705 
episode: 263 count: 414 score: 97.8709 average_last200: 28.9887 epis: 0.0704 loss: 87.7940 
episode: 264 count: 311 score: 218.8078 average_last200: 30.4123 epis: 0.0697 loss: 65.0097 
episode: 265 count: 312 score: 224.4359 average_last200: 31.9746 epis: 0.0690 loss: 66.5649 
episode: 266 count: 615 score: 92.3164 average_last200: 32.9433 epis: 0.0683 loss: 134.9979 
episode: 267 count: 303 score: 192.8454 average_last200: 34.0060 epis: 0.0676 loss: 66.4390 
episode: 268 count: 105 score: -33.4735 average_last200: 34.1628 epis: 0.0670 loss: 21.7799 
episode: 269 count: 218 score: 238.9144 average_last200: 35.8168 epis: 0.0663 loss: 48.3340 
episode: 270 count: 120 score: 20.1041 average_last200: 36.1861 epis: 0.0656 loss: 26.2783 
episode: 271 count: 463 score: 141.7759 average_last200: 37.1141 epis: 0.0650 loss: 106.4454 
episode: 272 count: 238 score: 198.5723 average_last200: 38.8527 epis: 0.0643 loss: 53.0482 
episode: 273 count: 273 score: 227.5471 average_last200: 40.2019 epis: 0.0637 loss: 59.5109 
episode: 274 count: 237 score: 182.9107 average_last200: 41.3364 epis: 0.0630 loss: 50.1101 
episode: 275 count: 223 score: 202.1964 average_last200: 42.5770 epis: 0.0624 loss: 47.2792 
episode: 276 count: 195 score: -329.3531 average_last200: 41.1846 epis: 0.0618 loss: 45.0579 
episode: 277 count: 298 score: 232.3598 average_last200: 42.5925 epis: 0.0612 loss: 59.9587 
episode: 278 count: 123 score: 26.3470 average_last200: 42.9453 epis: 0.0606 loss: 28.1635 
episode: 279 count: 221 score: 245.5452 average_last200: 44.5363 epis: 0.0600 loss: 48.8611 
episode: 280 count: 543 score: 170.1158 average_last200: 45.4873 epis: 0.0594 loss: 115.5137 
episode: 281 count: 369 score: 189.0861 average_last200: 46.6442 epis: 0.0588 loss: 80.6999 
episode: 282 count: 532 score: -160.8714 average_last200: 46.5087 epis: 0.0582 loss: 121.6999 
episode: 283 count: 180 score: 196.3603 average_last200: 47.8849 epis: 0.0576 loss: 41.7881 
episode: 284 count: 143 score: 19.9810 average_last200: 48.2561 epis: 0.0570 loss: 31.9006 
episode: 285 count: 186 score: 220.5208 average_last200: 49.7392 epis: 0.0565 loss: 41.0588 
episode: 286 count: 179 score: -48.9555 average_last200: 49.6661 epis: 0.0559 loss: 42.1431 
episode: 287 count: 374 score: 214.3419 average_last200: 50.9137 epis: 0.0553 loss: 83.6737 
episode: 288 count: 800 score: 124.3326 average_last200: 51.6385 epis: 0.0548 loss: 176.7452 
episode: 289 count: 634 score: 239.1436 average_last200: 53.2273 epis: 0.0542 loss: 140.1273 
episode: 290 count: 451 score: 152.1948 average_last200: 54.1782 epis: 0.0537 loss: 108.8226 
episode: 291 count: 159 score: 1.0290 average_last200: 54.3185 epis: 0.0531 loss: 40.6305 
episode: 292 count: 290 score: 173.2463 average_last200: 55.3161 epis: 0.0526 loss: 66.7994 
episode: 293 count: 256 score: 257.3002 average_last200: 56.9976 epis: 0.0521 loss: 58.0767 
episode: 294 count: 206 score: 215.0981 average_last200: 59.8796 epis: 0.0516 loss: 48.4800 
episode: 295 count: 170 score: 7.9819 average_last200: 60.1465 epis: 0.0511 loss: 39.2840 
episode: 296 count: 1000 score: -64.1714 average_last200: 60.2438 epis: 0.0505 loss: 237.1095 
episode: 297 count: 243 score: 258.2858 average_last200: 61.7086 epis: 0.0500 loss: 61.6472 
episode: 298 count: 1000 score: 18.1273 average_last200: 62.0043 epis: 0.0495 loss: 233.8984 
episode: 299 count: 1000 score: -37.1953 average_last200: 62.1487 epis: 0.0490 loss: 262.9367 
episode: 300 count: 235 score: 246.8074 average_last200: 64.8147 epis: 0.0486 loss: 54.3558 
episode: 301 count: 1000 score: 117.9809 average_last200: 65.7162 epis: 0.0481 loss: 240.5136 
episode: 302 count: 259 score: 147.1001 average_last200: 66.7046 epis: 0.0476 loss: 65.8220 
episode: 303 count: 181 score: -200.1720 average_last200: 66.0337 epis: 0.0471 loss: 41.3011 
episode: 304 count: 226 score: 208.9649 average_last200: 67.2094 epis: 0.0466 loss: 60.0499 
episode: 305 count: 246 score: 205.1131 average_last200: 68.3536 epis: 0.0462 loss: 61.4296 
episode: 306 count: 274 score: 232.4979 average_last200: 70.2933 epis: 0.0457 loss: 69.7250 
episode: 307 count: 1000 score: 47.8957 average_last200: 70.6706 epis: 0.0453 loss: 247.3742 
episode: 308 count: 352 score: 138.9002 average_last200: 71.2299 epis: 0.0448 loss: 90.0087 
episode: 309 count: 181 score: 213.3099 average_last200: 71.9328 epis: 0.0444 loss: 43.0986 
episode: 310 count: 499 score: 158.7797 average_last200: 72.8493 epis: 0.0439 loss: 122.9105 
episode: 311 count: 196 score: 254.8988 average_last200: 74.6460 epis: 0.0435 loss: 54.2723 
episode: 312 count: 179 score: 186.6561 average_last200: 76.5589 epis: 0.0430 loss: 46.2166 
episode: 313 count: 319 score: 184.3828 average_last200: 78.4960 epis: 0.0426 loss: 82.7147 
episode: 314 count: 304 score: 188.4231 average_last200: 79.6941 epis: 0.0422 loss: 75.0109 
episode: 315 count: 243 score: 209.1122 average_last200: 81.9925 epis: 0.0418 loss: 63.3548 
episode: 316 count: 151 score: 31.5803 average_last200: 83.1665 epis: 0.0413 loss: 39.5077 
episode: 317 count: 335 score: 201.5177 average_last200: 84.2034 epis: 0.0409 loss: 84.7789 
episode: 318 count: 1000 score: 16.0907 average_last200: 84.5724 epis: 0.0405 loss: 248.7838 
episode: 319 count: 606 score: 146.7565 average_last200: 86.3847 epis: 0.0401 loss: 162.7843 
episode: 320 count: 303 score: 209.0397 average_last200: 87.7655 epis: 0.0397 loss: 79.9323 
episode: 321 count: 1000 score: 107.3868 average_last200: 88.5409 epis: 0.0393 loss: 251.2438 
episode: 322 count: 384 score: 202.8899 average_last200: 89.4389 epis: 0.0389 loss: 92.2101 
episode: 323 count: 373 score: 225.1961 average_last200: 90.6340 epis: 0.0385 loss: 100.6995 
episode: 324 count: 1000 score: 13.0185 average_last200: 91.4420 epis: 0.0381 loss: 245.9781 
episode: 325 count: 1000 score: 66.5383 average_last200: 91.7569 epis: 0.0378 loss: 239.5903 
episode: 326 count: 212 score: 219.2310 average_last200: 93.0778 epis: 0.0374 loss: 49.1127 
episode: 327 count: 248 score: 215.9016 average_last200: 94.1776 epis: 0.0370 loss: 64.9724 
episode: 328 count: 400 score: 201.5356 average_last200: 95.2014 epis: 0.0366 loss: 102.1352 
episode: 329 count: 258 score: 208.0163 average_last200: 96.2644 epis: 0.0363 loss: 61.8089 
episode: 330 count: 1000 score: -85.8397 average_last200: 96.2366 epis: 0.0359 loss: 251.5340 
episode: 331 count: 158 score: -99.7753 average_last200: 95.7834 epis: 0.0356 loss: 41.4446 
episode: 332 count: 152 score: -24.8300 average_last200: 95.5759 epis: 0.0352 loss: 38.0413 
episode: 333 count: 136 score: 11.4677 average_last200: 96.4416 epis: 0.0348 loss: 34.8622 
episode: 334 count: 182 score: 235.3425 average_last200: 98.0063 epis: 0.0345 loss: 43.0995 
episode: 335 count: 250 score: 263.6176 average_last200: 99.3013 epis: 0.0342 loss: 62.7344 
episode: 336 count: 628 score: 203.7253 average_last200: 100.4116 epis: 0.0338 loss: 148.0688 
episode: 337 count: 225 score: 261.3857 average_last200: 102.2938 epis: 0.0335 loss: 56.1765 
episode: 338 count: 210 score: 263.4457 average_last200: 104.0134 epis: 0.0331 loss: 50.0867 
episode: 339 count: 184 score: 246.6504 average_last200: 105.0331 epis: 0.0328 loss: 46.6751 
episode: 340 count: 436 score: -82.0867 average_last200: 104.9499 epis: 0.0325 loss: 106.4013 
episode: 341 count: 271 score: 251.1674 average_last200: 106.3809 epis: 0.0322 loss: 62.3521 
episode: 342 count: 104 score: -60.0306 average_last200: 105.9500 epis: 0.0318 loss: 28.2622 
episode: 343 count: 107 score: -68.9873 average_last200: 106.0925 epis: 0.0315 loss: 29.2569 
episode: 344 count: 107 score: -12.6056 average_last200: 106.4535 epis: 0.0312 loss: 26.2008 
episode: 345 count: 184 score: 200.4198 average_last200: 107.7280 epis: 0.0309 loss: 43.8662 
episode: 346 count: 131 score: 8.0994 average_last200: 108.0589 epis: 0.0306 loss: 31.0414 
episode: 347 count: 700 score: 159.8595 average_last200: 108.1598 epis: 0.0303 loss: 173.2273 
episode: 348 count: 328 score: -63.7040 average_last200: 108.0302 epis: 0.0300 loss: 81.7603 
episode: 349 count: 1000 score: 81.6765 average_last200: 108.4657 epis: 0.0297 loss: 242.0531 
episode: 350 count: 124 score: -13.4275 average_last200: 109.1702 epis: 0.0294 loss: 29.7511 
episode: 351 count: 95 score: 24.4193 average_last200: 108.6032 epis: 0.0291 loss: 22.7179 
episode: 352 count: 692 score: 188.5821 average_last200: 109.7800 epis: 0.0288 loss: 173.5827 
episode: 353 count: 281 score: 239.0889 average_last200: 110.2109 epis: 0.0285 loss: 61.6701 
episode: 354 count: 104 score: -26.5208 average_last200: 110.4708 epis: 0.0282 loss: 25.9450 
episode: 355 count: 348 score: 207.7123 average_last200: 111.6877 epis: 0.0279 loss: 90.8951 
episode: 356 count: 210 score: 229.7897 average_last200: 112.7234 epis: 0.0277 loss: 50.0916 
episode: 357 count: 256 score: 241.4372 average_last200: 113.0704 epis: 0.0274 loss: 64.4920 
episode: 358 count: 84 score: 32.7503 average_last200: 112.7555 epis: 0.0271 loss: 21.3140 
episode: 359 count: 184 score: -5.8172 average_last200: 113.1629 epis: 0.0268 loss: 41.3259 
episode: 360 count: 176 score: 189.0966 average_last200: 113.8434 epis: 0.0266 loss: 43.2294 
episode: 361 count: 208 score: 258.5278 average_last200: 114.1662 epis: 0.0263 loss: 50.2373 
episode: 362 count: 91 score: -22.6252 average_last200: 113.1902 epis: 0.0260 loss: 21.4226 
episode: 363 count: 268 score: 203.7989 average_last200: 114.0106 epis: 0.0258 loss: 74.2300 
episode: 364 count: 153 score: 35.2227 average_last200: 113.6624 epis: 0.0255 loss: 38.9484 
episode: 365 count: 181 score: 212.7810 average_last200: 113.7792 epis: 0.0253 loss: 45.8025 
episode: 366 count: 78 score: -9.8193 average_last200: 112.9083 epis: 0.0250 loss: 18.5037 
episode: 367 count: 773 score: 113.0054 average_last200: 112.6618 epis: 0.0248 loss: 203.3219 
episode: 368 count: 170 score: -19.6804 average_last200: 113.1821 epis: 0.0245 loss: 45.7855 
episode: 369 count: 1000 score: -63.2243 average_last200: 113.4350 epis: 0.0243 loss: 260.6589 
episode: 370 count: 112 score: -12.9674 average_last200: 112.3959 epis: 0.0240 loss: 26.6577 
episode: 371 count: 279 score: 192.3616 average_last200: 113.7190 epis: 0.0238 loss: 71.1114 
episode: 372 count: 99 score: -25.3646 average_last200: 113.9891 epis: 0.0235 loss: 22.0954 
episode: 373 count: 76 score: -13.1457 average_last200: 113.0390 epis: 0.0233 loss: 17.4776 
episode: 374 count: 80 score: 11.0370 average_last200: 113.2547 epis: 0.0231 loss: 20.8914 
episode: 375 count: 163 score: 3.2813 average_last200: 112.3910 epis: 0.0228 loss: 40.4568 
episode: 376 count: 1000 score: 78.6925 average_last200: 112.5535 epis: 0.0226 loss: 254.6088 
episode: 377 count: 151 score: -30.6343 average_last200: 111.4351 epis: 0.0224 loss: 36.9778 
episode: 378 count: 261 score: 245.6804 average_last200: 115.8440 epis: 0.0222 loss: 71.3451 
episode: 379 count: 119 score: -11.2668 average_last200: 115.2274 epis: 0.0219 loss: 29.4755 
episode: 380 count: 202 score: 232.8755 average_last200: 115.5590 epis: 0.0217 loss: 49.1119 
episode: 381 count: 203 score: 216.1476 average_last200: 115.5804 epis: 0.0215 loss: 50.0543 
episode: 382 count: 122 score: -23.2173 average_last200: 114.7671 epis: 0.0213 loss: 30.5684 
episode: 383 count: 1000 score: 108.3319 average_last200: 114.2849 epis: 0.0211 loss: 255.3229 
episode: 384 count: 162 score: 37.6875 average_last200: 114.3971 epis: 0.0209 loss: 40.3805 
episode: 385 count: 253 score: 18.0811 average_last200: 113.5494 epis: 0.0207 loss: 60.6982 
episode: 386 count: 203 score: 206.3218 average_last200: 114.3063 epis: 0.0205 loss: 53.6619 
episode: 387 count: 152 score: 11.4288 average_last200: 114.6536 epis: 0.0203 loss: 38.2869 
episode: 388 count: 240 score: 197.5759 average_last200: 114.3636 epis: 0.0200 loss: 59.9243 
episode: 389 count: 276 score: 250.4852 average_last200: 114.7522 epis: 0.0198 loss: 70.8096 
episode: 390 count: 124 score: -11.3998 average_last200: 113.6519 epis: 0.0196 loss: 29.5972 
episode: 391 count: 190 score: -3.0099 average_last200: 113.7032 epis: 0.0195 loss: 43.2878 
episode: 392 count: 229 score: 240.4210 average_last200: 114.0667 epis: 0.0193 loss: 56.0340 
episode: 393 count: 84 score: -14.7085 average_last200: 113.6925 epis: 0.0191 loss: 20.3365 
episode: 394 count: 279 score: 257.6003 average_last200: 114.2664 epis: 0.0189 loss: 69.6963 
episode: 395 count: 168 score: 206.5521 average_last200: 114.2987 epis: 0.0187 loss: 43.8944 
episode: 396 count: 283 score: 234.7724 average_last200: 114.6321 epis: 0.0185 loss: 69.6544 
episode: 397 count: 121 score: 8.4410 average_last200: 113.7798 epis: 0.0183 loss: 30.0335 
episode: 398 count: 172 score: 214.1944 average_last200: 113.8666 epis: 0.0181 loss: 43.1211 
episode: 399 count: 167 score: 8.4683 average_last200: 112.7725 epis: 0.0180 loss: 41.0017 
episode: 400 count: 955 score: 234.2918 average_last200: 112.7295 epis: 0.0178 loss: 225.4573 
episode: 401 count: 210 score: -11.9810 average_last200: 111.6885 epis: 0.0176 loss: 49.8981 
episode: 402 count: 765 score: 179.4929 average_last200: 111.5541 epis: 0.0174 loss: 185.7649 
episode: 403 count: 1000 score: 41.2812 average_last200: 110.6692 epis: 0.0172 loss: 235.2301 
episode: 404 count: 163 score: 245.5141 average_last200: 110.9403 epis: 0.0171 loss: 39.0926 
episode: 405 count: 674 score: 186.3334 average_last200: 110.8337 epis: 0.0169 loss: 148.1922 
episode: 406 count: 159 score: 206.6005 average_last200: 110.9607 epis: 0.0167 loss: 34.1599 
episode: 407 count: 316 score: 202.2197 average_last200: 110.9945 epis: 0.0166 loss: 69.1303 
episode: 408 count: 1000 score: 76.0708 average_last200: 111.4900 epis: 0.0164 loss: 216.1381 
episode: 409 count: 320 score: 246.4095 average_last200: 111.7627 epis: 0.0162 loss: 70.4586 
episode: 410 count: 287 score: 229.0586 average_last200: 112.0505 epis: 0.0161 loss: 61.5941 
episode: 411 count: 181 score: 243.4143 average_last200: 112.2985 epis: 0.0159 loss: 37.4766 
episode: 412 count: 641 score: 161.0688 average_last200: 112.8056 epis: 0.0158 loss: 126.7558 
episode: 413 count: 1000 score: -26.6993 average_last200: 111.7771 epis: 0.0156 loss: 208.2943 
episode: 414 count: 214 score: 234.9138 average_last200: 111.9925 epis: 0.0154 loss: 43.3371 
episode: 415 count: 129 score: 205.7443 average_last200: 111.9310 epis: 0.0153 loss: 23.3003 
episode: 416 count: 461 score: 154.5919 average_last200: 111.7219 epis: 0.0151 loss: 86.4257 
episode: 417 count: 899 score: 90.0511 average_last200: 111.0440 epis: 0.0150 loss: 181.4441 
episode: 418 count: 390 score: 194.2726 average_last200: 110.8180 epis: 0.0148 loss: 74.2903 
episode: 419 count: 275 score: 232.5954 average_last200: 112.4643 epis: 0.0147 loss: 56.6360 
episode: 420 count: 399 score: 227.0412 average_last200: 112.6313 epis: 0.0145 loss: 78.3222 
episode: 421 count: 1000 score: -13.8723 average_last200: 111.6076 epis: 0.0144 loss: 187.1623 
episode: 422 count: 180 score: 216.9423 average_last200: 111.4132 epis: 0.0142 loss: 29.7413 
episode: 423 count: 484 score: 174.5961 average_last200: 111.2310 epis: 0.0141 loss: 91.6616 
episode: 424 count: 550 score: 160.7770 average_last200: 112.4816 epis: 0.0140 loss: 104.4434 
episode: 425 count: 1000 score: 13.5436 average_last200: 111.5902 epis: 0.0138 loss: 186.8677 
episode: 426 count: 134 score: -61.8212 average_last200: 110.3453 epis: 0.0137 loss: 25.3343 
episode: 427 count: 635 score: 146.7645 average_last200: 110.1470 epis: 0.0135 loss: 112.1299 
episode: 428 count: 403 score: 189.8069 average_last200: 109.9116 epis: 0.0134 loss: 77.5373 
episode: 429 count: 323 score: 189.1249 average_last200: 111.0672 epis: 0.0133 loss: 56.5621 
episode: 430 count: 136 score: 0.3839 average_last200: 111.5215 epis: 0.0131 loss: 23.0122 
episode: 431 count: 262 score: 201.3717 average_last200: 111.6633 epis: 0.0130 loss: 47.2247 
episode: 432 count: 1000 score: 75.4538 average_last200: 111.0465 epis: 0.0129 loss: 188.3557 
episode: 433 count: 912 score: 94.1739 average_last200: 111.6371 epis: 0.0128 loss: 172.8352 
episode: 434 count: 237 score: 204.5101 average_last200: 111.5614 epis: 0.0126 loss: 40.2387 
episode: 435 count: 193 score: 243.7531 average_last200: 111.7951 epis: 0.0125 loss: 33.4071 
episode: 436 count: 188 score: 200.9619 average_last200: 112.8922 epis: 0.0124 loss: 32.6096 
episode: 437 count: 270 score: 222.9266 average_last200: 113.6947 epis: 0.0123 loss: 48.7214 
episode: 438 count: 1000 score: 77.0691 average_last200: 112.9729 epis: 0.0121 loss: 190.8988 
episode: 439 count: 196 score: 261.5978 average_last200: 114.1645 epis: 0.0120 loss: 35.7395 
episode: 440 count: 560 score: 225.7365 average_last200: 115.6046 epis: 0.0119 loss: 103.5207 
episode: 441 count: 192 score: 194.9080 average_last200: 116.6549 epis: 0.0118 loss: 38.9479 
episode: 442 count: 120 score: -35.0078 average_last200: 115.5641 epis: 0.0117 loss: 25.4927 
episode: 443 count: 220 score: 243.4801 average_last200: 115.7500 epis: 0.0115 loss: 41.5022 
episode: 444 count: 219 score: 219.5538 average_last200: 115.7054 epis: 0.0114 loss: 41.0425 
episode: 445 count: 214 score: 210.6376 average_last200: 115.6245 epis: 0.0113 loss: 39.0408 
episode: 446 count: 163 score: 204.1373 average_last200: 116.9510 epis: 0.0112 loss: 30.9119 
episode: 447 count: 165 score: 5.8920 average_last200: 116.1705 epis: 0.0111 loss: 33.4626 
episode: 448 count: 200 score: 222.9416 average_last200: 117.5019 epis: 0.0110 loss: 39.6610 
episode: 449 count: 1000 score: 92.2077 average_last200: 116.9488 epis: 0.0109 loss: 192.3024 
episode: 450 count: 295 score: 217.3062 average_last200: 118.2615 epis: 0.0108 loss: 59.7954 
episode: 451 count: 206 score: 210.9065 average_last200: 118.2099 epis: 0.0106 loss: 37.0850 
episode: 452 count: 204 score: 203.2648 average_last200: 119.5151 epis: 0.0105 loss: 40.6051 
episode: 453 count: 133 score: -42.3950 average_last200: 118.4385 epis: 0.0104 loss: 27.7970 
episode: 454 count: 367 score: 223.6991 average_last200: 119.8975 epis: 0.0103 loss: 74.0311 
episode: 455 count: 205 score: 256.8425 average_last200: 121.3484 epis: 0.0102 loss: 38.1526 
episode: 456 count: 95 score: -43.2167 average_last200: 121.0720 epis: 0.0101 loss: 18.8512 
episode: 457 count: 146 score: 240.1911 average_last200: 121.3426 epis: 0.0100 loss: 25.4378 
episode: 458 count: 252 score: 238.8984 average_last200: 122.8812 epis: 0.0099 loss: 53.7334 
episode: 459 count: 139 score: -40.8510 average_last200: 122.6352 epis: 0.0098 loss: 25.4438 
episode: 460 count: 155 score: 206.3572 average_last200: 123.5855 epis: 0.0097 loss: 28.1891 
episode: 461 count: 164 score: 205.5234 average_last200: 125.2685 epis: 0.0096 loss: 32.2630 
episode: 462 count: 182 score: 201.6531 average_last200: 126.4143 epis: 0.0095 loss: 35.7383 
episode: 463 count: 425 score: 224.1452 average_last200: 127.0457 epis: 0.0094 loss: 77.7505 
episode: 464 count: 116 score: 0.3394 average_last200: 125.9533 epis: 0.0093 loss: 22.1011 
episode: 465 count: 181 score: 234.0365 average_last200: 126.0013 epis: 0.0092 loss: 34.4777 
episode: 466 count: 355 score: 227.1365 average_last200: 126.6754 epis: 0.0092 loss: 72.4896 
episode: 467 count: 199 score: 172.1481 average_last200: 126.5719 epis: 0.0091 loss: 40.4549 
episode: 468 count: 1000 score: 105.2760 average_last200: 127.2657 epis: 0.0090 loss: 196.1787 
episode: 469 count: 330 score: 207.0107 average_last200: 127.1062 epis: 0.0089 loss: 64.5100 
episode: 470 count: 166 score: 211.4704 average_last200: 128.0630 epis: 0.0088 loss: 30.6578 
episode: 471 count: 214 score: 263.0561 average_last200: 128.6694 epis: 0.0087 loss: 44.1376 
episode: 472 count: 196 score: 195.7514 average_last200: 128.6553 epis: 0.0086 loss: 40.2366 
episode: 473 count: 176 score: 222.9427 average_last200: 128.6323 epis: 0.0085 loss: 35.5291 
episode: 474 count: 192 score: 210.3348 average_last200: 128.7694 epis: 0.0084 loss: 35.7291 
episode: 475 count: 310 score: 193.7129 average_last200: 128.7270 epis: 0.0084 loss: 60.0774 
episode: 476 count: 176 score: 236.5329 average_last200: 131.5564 epis: 0.0083 loss: 33.5718 
episode: 477 count: 367 score: 218.0350 average_last200: 131.4848 epis: 0.0082 loss: 77.3813 
episode: 478 count: 140 score: -7.2730 average_last200: 131.3167 epis: 0.0081 loss: 30.1018 
episode: 479 count: 165 score: 4.0347 average_last200: 130.1091 epis: 0.0080 loss: 34.2872 
episode: 480 count: 244 score: 264.5548 average_last200: 130.5813 epis: 0.0080 loss: 47.4448 
episode: 481 count: 508 score: 191.5145 average_last200: 130.5935 epis: 0.0079 loss: 95.1289 
episode: 482 count: 158 score: 10.9277 average_last200: 131.4525 epis: 0.0078 loss: 33.3706 
episode: 483 count: 180 score: 3.0519 average_last200: 130.4859 epis: 0.0077 loss: 34.8804 
episode: 484 count: 254 score: 244.1302 average_last200: 131.6067 epis: 0.0076 loss: 47.8390 
episode: 485 count: 209 score: 240.7503 average_last200: 131.7078 epis: 0.0076 loss: 40.3148 
episode: 486 count: 447 score: 175.2349 average_last200: 132.8288 epis: 0.0075 loss: 92.5319 
episode: 487 count: 279 score: 249.3099 average_last200: 133.0036 epis: 0.0074 loss: 56.4945 
episode: 488 count: 310 score: 192.0520 average_last200: 133.3422 epis: 0.0073 loss: 63.2309 
episode: 489 count: 375 score: 186.9708 average_last200: 133.0813 epis: 0.0073 loss: 76.5623 
episode: 490 count: 1000 score: 133.3311 average_last200: 132.9870 epis: 0.0072 loss: 204.4965 
episode: 491 count: 347 score: 207.6462 average_last200: 134.0201 epis: 0.0071 loss: 63.0232 
episode: 492 count: 175 score: 2.2667 average_last200: 133.1652 epis: 0.0070 loss: 36.2735 
episode: 493 count: 435 score: 210.5626 average_last200: 132.9315 epis: 0.0070 loss: 85.8719 
episode: 494 count: 259 score: 273.4797 average_last200: 133.2234 epis: 0.0069 loss: 56.9438 
episode: 495 count: 209 score: 37.8873 average_last200: 133.3730 epis: 0.0068 loss: 42.0800 
episode: 496 count: 163 score: 10.2837 average_last200: 133.7452 epis: 0.0068 loss: 31.1546 
episode: 497 count: 474 score: 187.0455 average_last200: 133.3890 epis: 0.0067 loss: 91.3583 
episode: 498 count: 414 score: 183.1908 average_last200: 134.2143 epis: 0.0066 loss: 86.9429 
episode: 499 count: 444 score: 189.0184 average_last200: 135.3454 epis: 0.0066 loss: 83.6995 
episode: 500 count: 479 score: 170.1387 average_last200: 134.9621 epis: 0.0065 loss: 93.1614 
episode: 501 count: 140 score: -7.7770 average_last200: 134.3333 epis: 0.0064 loss: 27.7583 
episode: 502 count: 260 score: 237.9113 average_last200: 134.7873 epis: 0.0064 loss: 48.4096 
episode: 503 count: 464 score: 161.4781 average_last200: 136.5956 epis: 0.0063 loss: 87.8413 
episode: 504 count: 138 score: 10.4181 average_last200: 135.6029 epis: 0.0062 loss: 24.7734 
episode: 505 count: 170 score: -16.1827 average_last200: 134.4964 epis: 0.0062 loss: 30.0571 
episode: 506 count: 270 score: 183.9457 average_last200: 134.2536 epis: 0.0061 loss: 53.9089 
episode: 507 count: 320 score: 203.3169 average_last200: 135.0307 epis: 0.0061 loss: 57.4322 
episode: 508 count: 129 score: -9.1112 average_last200: 134.2907 epis: 0.0060 loss: 24.4152 
episode: 509 count: 829 score: 109.8576 average_last200: 133.7734 epis: 0.0059 loss: 166.4613 
episode: 510 count: 502 score: 194.1606 average_last200: 133.9503 epis: 0.0059 loss: 96.5177 
episode: 511 count: 443 score: 216.5304 average_last200: 133.7585 epis: 0.0058 loss: 85.2506 
episode: 512 count: 179 score: 7.2576 average_last200: 132.8615 epis: 0.0058 loss: 34.0522 
episode: 513 count: 497 score: 186.8937 average_last200: 132.8740 epis: 0.0057 loss: 94.7430 
episode: 514 count: 88 score: -154.6275 average_last200: 131.1588 epis: 0.0057 loss: 15.7596 
episode: 515 count: 182 score: 230.9537 average_last200: 131.2680 epis: 0.0056 loss: 32.6936 
episode: 516 count: 155 score: 230.4038 average_last200: 132.2621 epis: 0.0055 loss: 30.6945 
episode: 517 count: 292 score: 210.7499 average_last200: 132.3083 epis: 0.0055 loss: 53.0458 
episode: 518 count: 461 score: 211.2416 average_last200: 133.2840 epis: 0.0054 loss: 84.0979 
episode: 519 count: 253 score: 259.8292 average_last200: 133.8494 epis: 0.0054 loss: 48.8373 
episode: 520 count: 461 score: 214.4217 average_last200: 133.8763 epis: 0.0053 loss: 84.2414 
episode: 521 count: 268 score: 218.1711 average_last200: 134.4302 epis: 0.0053 loss: 43.8146 
episode: 522 count: 207 score: 9.2709 average_last200: 133.4621 epis: 0.0052 loss: 34.5270 
episode: 523 count: 160 score: 209.2035 average_last200: 133.3822 epis: 0.0052 loss: 28.0421 
episode: 524 count: 248 score: 211.7082 average_last200: 134.3756 epis: 0.0051 loss: 47.7338 
episode: 525 count: 139 score: -28.6193 average_last200: 133.8998 epis: 0.0051 loss: 25.6018 
episode: 526 count: 213 score: 10.4644 average_last200: 132.8560 epis: 0.0050 loss: 31.8607 
episode: 527 count: 104 score: 33.5699 average_last200: 131.9443 epis: 0.0050 loss: 17.3818 
episode: 528 count: 156 score: -7.8914 average_last200: 130.8972 epis: 0.0049 loss: 27.0547 
episode: 529 count: 1000 score: 106.7703 average_last200: 130.3910 epis: 0.0049 loss: 174.1410 
episode: 530 count: 106 score: -11.6595 average_last200: 130.7619 epis: 0.0048 loss: 17.7550 
episode: 531 count: 111 score: -14.2119 average_last200: 131.1897 epis: 0.0048 loss: 20.0524 
episode: 532 count: 255 score: 211.4219 average_last200: 132.3709 epis: 0.0047 loss: 43.7655 
episode: 533 count: 128 score: -30.5125 average_last200: 132.1610 epis: 0.0047 loss: 21.2452 
episode: 534 count: 196 score: 210.4061 average_last200: 132.0364 epis: 0.0046 loss: 34.5070 
episode: 535 count: 191 score: 206.7497 average_last200: 131.7520 epis: 0.0046 loss: 36.1967 
episode: 536 count: 157 score: -13.8978 average_last200: 130.6639 epis: 0.0045 loss: 26.1095 
episode: 537 count: 297 score: 211.8850 average_last200: 130.4164 epis: 0.0045 loss: 51.1157 
episode: 538 count: 213 score: 5.7316 average_last200: 129.1278 epis: 0.0044 loss: 38.7384 
episode: 539 count: 109 score: 2.2524 average_last200: 127.9058 epis: 0.0044 loss: 17.4584 
episode: 540 count: 134 score: 17.1243 average_last200: 128.4019 epis: 0.0044 loss: 24.7337 
episode: 541 count: 139 score: 3.2256 average_last200: 127.1622 epis: 0.0043 loss: 22.8928 
episode: 542 count: 277 score: 214.3521 average_last200: 128.5341 epis: 0.0043 loss: 54.9192 
episode: 543 count: 127 score: -40.4651 average_last200: 128.6767 epis: 0.0042 loss: 24.7810 
episode: 544 count: 329 score: 192.7973 average_last200: 129.7037 epis: 0.0042 loss: 58.1235 
episode: 545 count: 501 score: 201.8953 average_last200: 129.7111 epis: 0.0041 loss: 91.1565 
episode: 546 count: 180 score: 196.1118 average_last200: 130.6512 epis: 0.0041 loss: 29.0679 
episode: 547 count: 716 score: 241.6704 average_last200: 131.0602 epis: 0.0041 loss: 121.6971 
episode: 548 count: 115 score: -32.7282 average_last200: 131.2151 epis: 0.0040 loss: 17.6604 
episode: 549 count: 141 score: 9.8735 average_last200: 130.8561 epis: 0.0040 loss: 27.2007 
episode: 550 count: 285 score: 241.7209 average_last200: 132.1318 epis: 0.0039 loss: 52.1235 
episode: 551 count: 146 score: 15.2346 average_last200: 132.0859 epis: 0.0039 loss: 27.4686 
episode: 552 count: 108 score: 10.2647 average_last200: 131.1943 epis: 0.0039 loss: 16.5010 
episode: 553 count: 110 score: -3.5059 average_last200: 129.9813 epis: 0.0038 loss: 18.0088 
episode: 554 count: 138 score: 12.0600 average_last200: 130.1742 epis: 0.0038 loss: 23.2141 
episode: 555 count: 177 score: 28.0446 average_last200: 129.2759 epis: 0.0037 loss: 30.2539 
episode: 556 count: 220 score: 252.2760 average_last200: 129.3883 epis: 0.0037 loss: 40.6606 
episode: 557 count: 199 score: 14.7569 average_last200: 128.2549 epis: 0.0037 loss: 37.5303 
episode: 558 count: 173 score: 3.2782 average_last200: 128.1076 epis: 0.0036 loss: 28.6370 
episode: 559 count: 267 score: 223.0767 average_last200: 129.2520 epis: 0.0036 loss: 46.5545 
episode: 560 count: 140 score: 30.8002 average_last200: 128.4606 epis: 0.0036 loss: 24.0698 
episode: 561 count: 299 score: 210.8590 average_last200: 128.2222 epis: 0.0035 loss: 56.4392 
episode: 562 count: 106 score: -15.3568 average_last200: 128.2586 epis: 0.0035 loss: 16.9557 
episode: 563 count: 119 score: -18.2144 average_last200: 127.1485 epis: 0.0035 loss: 19.7181 
episode: 564 count: 1000 score: 97.9853 average_last200: 127.4623 epis: 0.0034 loss: 179.4724 
episode: 565 count: 133 score: 0.6102 average_last200: 126.4014 epis: 0.0034 loss: 22.2117 
episode: 566 count: 201 score: 21.8386 average_last200: 126.5597 epis: 0.0034 loss: 32.8792 
episode: 567 count: 163 score: -1.6691 average_last200: 125.9864 epis: 0.0033 loss: 27.0853 
episode: 568 count: 138 score: 17.8072 average_last200: 126.1738 epis: 0.0033 loss: 24.1427 
episode: 569 count: 192 score: 227.7872 average_last200: 127.6289 epis: 0.0033 loss: 34.0029 
episode: 570 count: 258 score: 230.4656 average_last200: 128.8460 epis: 0.0032 loss: 45.8257 
episode: 571 count: 253 score: 242.8829 average_last200: 129.0986 epis: 0.0032 loss: 39.2591 
episode: 572 count: 585 score: 194.0855 average_last200: 130.1959 epis: 0.0032 loss: 107.7813 
episode: 573 count: 1000 score: 89.1655 average_last200: 130.7074 epis: 0.0031 loss: 168.8375 
episode: 574 count: 212 score: 239.0674 average_last200: 131.8476 epis: 0.0031 loss: 40.5021 
episode: 575 count: 183 score: 5.1805 average_last200: 131.8571 epis: 0.0031 loss: 28.0322 
episode: 576 count: 175 score: 13.7187 average_last200: 131.5322 epis: 0.0030 loss: 29.0206 
episode: 577 count: 580 score: 225.6574 average_last200: 132.8137 epis: 0.0030 loss: 99.7099 
episode: 578 count: 1000 score: 57.3839 average_last200: 131.8722 epis: 0.0030 loss: 162.2140 
episode: 579 count: 96 score: 29.8466 average_last200: 132.0778 epis: 0.0029 loss: 15.5095 
episode: 580 count: 549 score: 203.4910 average_last200: 131.9308 epis: 0.0029 loss: 86.0791 
episode: 581 count: 134 score: 19.7898 average_last200: 130.9490 epis: 0.0029 loss: 22.0808 
episode: 582 count: 193 score: 228.5707 average_last200: 132.2080 epis: 0.0029 loss: 32.3988 
episode: 583 count: 125 score: -28.8295 average_last200: 131.5222 epis: 0.0028 loss: 20.6532 
episode: 584 count: 119 score: 31.4155 average_last200: 131.4908 epis: 0.0028 loss: 20.9944 
episode: 585 count: 189 score: 213.5349 average_last200: 132.4681 epis: 0.0028 loss: 30.8121 
episode: 586 count: 319 score: 225.6111 average_last200: 132.5645 epis: 0.0027 loss: 51.9009 
episode: 587 count: 132 score: 7.6824 average_last200: 132.5458 epis: 0.0027 loss: 20.6166 
episode: 588 count: 185 score: 20.4121 average_last200: 131.6600 epis: 0.0027 loss: 30.6611 
episode: 589 count: 216 score: 214.6868 average_last200: 131.4810 epis: 0.0027 loss: 36.9161 
episode: 590 count: 170 score: 7.8068 average_last200: 131.5770 epis: 0.0026 loss: 30.6590 
episode: 591 count: 456 score: 202.9039 average_last200: 132.6066 epis: 0.0026 loss: 77.8318 
episode: 592 count: 180 score: 11.6279 average_last200: 131.4626 epis: 0.0026 loss: 31.6526 
episode: 593 count: 254 score: 247.1187 average_last200: 132.7718 epis: 0.0026 loss: 43.1537 
episode: 594 count: 151 score: 28.2818 average_last200: 131.6252 epis: 0.0025 loss: 21.5639 
episode: 595 count: 1000 score: 90.0512 average_last200: 131.0427 epis: 0.0025 loss: 169.2114 
episode: 596 count: 142 score: 2.9506 average_last200: 129.8836 epis: 0.0025 loss: 21.7492 
episode: 597 count: 135 score: -6.4800 average_last200: 129.8090 epis: 0.0025 loss: 22.9774 
episode: 598 count: 156 score: 245.0826 average_last200: 129.9634 epis: 0.0024 loss: 28.0954 
episode: 599 count: 192 score: 30.2179 average_last200: 130.0721 epis: 0.0024 loss: 35.5228 
episode: 600 count: 122 score: 12.5337 average_last200: 128.9634 epis: 0.0024 loss: 20.3866 
episode: 601 count: 274 score: 236.2127 average_last200: 130.2043 epis: 0.0024 loss: 43.4532 
episode: 602 count: 123 score: 18.3473 average_last200: 129.3986 epis: 0.0023 loss: 20.3686 
episode: 603 count: 190 score: 217.2623 average_last200: 130.2785 epis: 0.0023 loss: 31.4260 
episode: 604 count: 170 score: -2.8340 average_last200: 129.0368 epis: 0.0023 loss: 30.1208 
episode: 605 count: 120 score: -30.3115 average_last200: 127.9535 epis: 0.0023 loss: 20.2426 
episode: 606 count: 118 score: -19.7253 average_last200: 126.8219 epis: 0.0022 loss: 22.6736 
episode: 607 count: 155 score: -12.1908 average_last200: 125.7499 epis: 0.0022 loss: 26.4973 
episode: 608 count: 235 score: 235.9627 average_last200: 126.5493 epis: 0.0022 loss: 46.6735 
episode: 609 count: 121 score: 6.5249 average_last200: 125.3499 epis: 0.0022 loss: 20.0102 
episode: 610 count: 267 score: 224.2381 average_last200: 125.3258 epis: 0.0022 loss: 45.2608 
episode: 611 count: 102 score: -40.0527 average_last200: 123.9085 epis: 0.0021 loss: 18.6029 
episode: 612 count: 105 score: -0.4260 average_last200: 123.1010 epis: 0.0021 loss: 17.6648 
episode: 613 count: 1000 score: 126.9426 average_last200: 123.8692 epis: 0.0021 loss: 167.9207 
episode: 614 count: 185 score: -8.8282 average_last200: 122.6505 epis: 0.0021 loss: 30.4993 
episode: 615 count: 120 score: -15.7703 average_last200: 121.5429 epis: 0.0020 loss: 17.8998 
episode: 616 count: 167 score: 210.6139 average_last200: 121.8230 epis: 0.0020 loss: 26.3128 
episode: 617 count: 171 score: 16.8377 average_last200: 121.4569 epis: 0.0020 loss: 27.0456 
episode: 618 count: 155 score: -2.2616 average_last200: 120.4743 epis: 0.0020 loss: 28.7024 
episode: 619 count: 101 score: 18.9399 average_last200: 119.4060 epis: 0.0020 loss: 17.9590 
episode: 620 count: 135 score: -9.2164 average_last200: 118.2247 epis: 0.0019 loss: 20.8666 
episode: 621 count: 158 score: 25.5964 average_last200: 118.4221 epis: 0.0019 loss: 25.5237 
episode: 622 count: 178 score: 217.2216 average_last200: 118.4235 epis: 0.0019 loss: 33.7358 
episode: 623 count: 307 score: 191.4712 average_last200: 118.5078 epis: 0.0019 loss: 48.9662 
episode: 624 count: 124 score: -1.1336 average_last200: 117.6983 epis: 0.0019 loss: 21.5316 
episode: 625 count: 128 score: 4.4154 average_last200: 117.6526 epis: 0.0019 loss: 18.7066 
episode: 626 count: 149 score: 29.1996 average_last200: 118.1077 epis: 0.0018 loss: 24.1296 
episode: 627 count: 165 score: 0.8990 average_last200: 117.3784 epis: 0.0018 loss: 30.0432 
episode: 628 count: 233 score: 217.7351 average_last200: 117.5181 epis: 0.0018 loss: 39.2156 
episode: 629 count: 131 score: -24.8708 average_last200: 116.4481 epis: 0.0018 loss: 21.3401 
episode: 630 count: 121 score: -18.8270 average_last200: 116.3520 epis: 0.0018 loss: 19.2897 
episode: 631 count: 282 score: 183.9850 average_last200: 116.2651 epis: 0.0017 loss: 46.1125 
episode: 632 count: 198 score: 225.1866 average_last200: 117.0137 epis: 0.0017 loss: 29.3166 
episode: 633 count: 147 score: -11.8633 average_last200: 116.4836 epis: 0.0017 loss: 23.8471 
episode: 634 count: 119 score: -1.5896 average_last200: 115.4531 epis: 0.0017 loss: 20.3475 
episode: 635 count: 557 score: 200.0634 average_last200: 115.2346 epis: 0.0017 loss: 100.2567 
episode: 636 count: 113 score: 7.3356 average_last200: 114.2665 epis: 0.0017 loss: 17.2540 
episode: 637 count: 150 score: 25.4689 average_last200: 113.2792 epis: 0.0016 loss: 23.5242 
episode: 638 count: 168 score: 251.4528 average_last200: 114.1511 epis: 0.0016 loss: 23.8857 
episode: 639 count: 193 score: 206.3913 average_last200: 113.8751 epis: 0.0016 loss: 33.3435 
episode: 640 count: 167 score: -10.3165 average_last200: 112.6948 epis: 0.0016 loss: 29.0334 
episode: 641 count: 160 score: 187.5553 average_last200: 112.6581 epis: 0.0016 loss: 28.0616 
episode: 642 count: 137 score: -20.9676 average_last200: 112.7283 epis: 0.0016 loss: 24.3094 
episode: 643 count: 299 score: 248.3891 average_last200: 112.7528 epis: 0.0015 loss: 52.2425 
episode: 644 count: 149 score: 18.7725 average_last200: 111.7489 epis: 0.0015 loss: 29.0584 
episode: 645 count: 345 score: 232.7606 average_last200: 111.8595 epis: 0.0015 loss: 56.6211 
episode: 646 count: 177 score: 225.5745 average_last200: 111.9667 epis: 0.0015 loss: 35.9816 
episode: 647 count: 215 score: 244.6943 average_last200: 113.1607 epis: 0.0015 loss: 38.9993 
episode: 648 count: 137 score: 243.9801 average_last200: 113.2659 epis: 0.0015 loss: 23.7087 
episode: 649 count: 184 score: 24.5799 average_last200: 112.9278 epis: 0.0015 loss: 34.3533 
episode: 650 count: 300 score: 242.9322 average_last200: 113.0559 epis: 0.0014 loss: 48.5708 
episode: 651 count: 344 score: 229.6745 average_last200: 113.1497 epis: 0.0014 loss: 60.2205 
episode: 652 count: 179 score: 246.1371 average_last200: 113.3641 epis: 0.0014 loss: 28.8800 
episode: 653 count: 1000 score: -73.5842 average_last200: 113.2081 epis: 0.0014 loss: 159.4217 
episode: 654 count: 1000 score: -39.7566 average_last200: 111.8909 epis: 0.0014 loss: 173.5810 
episode: 655 count: 164 score: 213.8631 average_last200: 111.6760 epis: 0.0014 loss: 26.1728 
episode: 656 count: 206 score: 226.7383 average_last200: 113.0257 epis: 0.0014 loss: 33.6737 
episode: 657 count: 202 score: 238.0170 average_last200: 113.0149 epis: 0.0013 loss: 31.6453 
episode: 658 count: 143 score: -20.2976 average_last200: 111.7189 epis: 0.0013 loss: 28.0604 
episode: 659 count: 288 score: 185.6560 average_last200: 112.8514 epis: 0.0013 loss: 46.4974 
episode: 660 count: 221 score: 255.0220 average_last200: 113.0948 epis: 0.0013 loss: 36.5191 
episode: 661 count: 235 score: 252.2172 average_last200: 113.3282 epis: 0.0013 loss: 40.8610 
episode: 662 count: 151 score: -1.8516 average_last200: 112.3107 epis: 0.0013 loss: 28.6764 
episode: 663 count: 253 score: 209.7464 average_last200: 112.2387 epis: 0.0013 loss: 39.5706 
episode: 664 count: 203 score: 226.1525 average_last200: 113.3678 epis: 0.0013 loss: 35.1041 
episode: 665 count: 218 score: 239.1873 average_last200: 113.3935 epis: 0.0012 loss: 33.7947 
episode: 666 count: 252 score: 254.0095 average_last200: 113.5279 epis: 0.0012 loss: 45.1348 
episode: 667 count: 139 score: -25.7954 average_last200: 112.5382 epis: 0.0012 loss: 23.0301 
episode: 668 count: 169 score: 209.9429 average_last200: 113.0615 epis: 0.0012 loss: 32.1615 
episode: 669 count: 224 score: 197.3981 average_last200: 113.0134 epis: 0.0012 loss: 39.2715 
episode: 670 count: 171 score: 239.7645 average_last200: 113.1549 epis: 0.0012 loss: 28.4582 
episode: 671 count: 201 score: 220.7387 average_last200: 112.9433 epis: 0.0012 loss: 37.3793 
episode: 672 count: 210 score: 211.4827 average_last200: 113.0220 epis: 0.0012 loss: 36.0124 
episode: 673 count: 179 score: 218.8284 average_last200: 113.0014 epis: 0.0011 loss: 29.5708 
episode: 674 count: 192 score: 199.2624 average_last200: 112.9460 epis: 0.0011 loss: 28.5016 
episode: 675 count: 190 score: 213.4031 average_last200: 113.0445 epis: 0.0011 loss: 33.8021 
episode: 676 count: 221 score: 236.0214 average_last200: 113.0419 epis: 0.0011 loss: 32.9033 
episode: 677 count: 287 score: -174.8864 average_last200: 111.0773 epis: 0.0011 loss: 49.0710 
episode: 678 count: 310 score: 200.8017 average_last200: 112.1177 epis: 0.0011 loss: 53.0650 
episode: 679 count: 219 score: 208.2750 average_last200: 113.1389 epis: 0.0011 loss: 36.1292 
episode: 680 count: 177 score: 197.0658 average_last200: 112.8015 epis: 0.0011 loss: 29.1075 
episode: 681 count: 203 score: 216.6109 average_last200: 112.9269 epis: 0.0011 loss: 33.5669 
episode: 682 count: 257 score: 238.6571 average_last200: 114.0656 epis: 0.0010 loss: 45.8631 
episode: 683 count: 233 score: 192.7666 average_last200: 115.0142 epis: 0.0010 loss: 37.1466 
episode: 684 count: 239 score: 242.5054 average_last200: 115.0060 epis: 0.0010 loss: 36.7397 
episode: 685 count: 245 score: 244.6567 average_last200: 115.0256 epis: 0.0010 loss: 39.8022 
episode: 686 count: 227 score: 258.0750 average_last200: 115.4398 epis: 0.0010 loss: 37.5893 
episode: 687 count: 172 score: 225.6347 average_last200: 115.3214 epis: 0.0010 loss: 31.5604 
episode: 688 count: 328 score: 199.5680 average_last200: 115.3590 epis: 0.0010 loss: 50.5781 
episode: 689 count: 280 score: 197.7205 average_last200: 115.4127 epis: 0.0010 loss: 50.0906 
episode: 690 count: 236 score: 225.7385 average_last200: 115.8748 epis: 0.0010 loss: 38.4553 
episode: 691 count: 164 score: 212.3029 average_last200: 115.8981 epis: 0.0010 loss: 27.4263 
episode: 692 count: 260 score: 206.9398 average_last200: 116.9214 epis: 0.0009 loss: 37.9939 
episode: 693 count: 215 score: 244.7144 average_last200: 117.0922 epis: 0.0009 loss: 37.5625 
episode: 694 count: 264 score: 272.1767 average_last200: 117.0857 epis: 0.0009 loss: 43.3384 
episode: 695 count: 240 score: 234.1888 average_last200: 118.0672 epis: 0.0009 loss: 37.8846 
episode: 696 count: 181 score: 239.5086 average_last200: 119.2133 epis: 0.0009 loss: 32.5814 
episode: 697 count: 186 score: 199.2255 average_last200: 119.2742 epis: 0.0009 loss: 28.5986 
episode: 698 count: 217 score: 200.9021 average_last200: 119.3627 epis: 0.0009 loss: 34.8218 
episode: 699 count: 196 score: -78.9944 average_last200: 118.0227 epis: 0.0009 loss: 34.9720 
episode: 700 count: 196 score: 234.1743 average_last200: 118.3429 epis: 0.0009 loss: 33.4930 
episode: 701 count: 184 score: 243.8978 average_last200: 119.6012 epis: 0.0009 loss: 34.1631 
episode: 702 count: 163 score: 203.2985 average_last200: 119.4282 epis: 0.0009 loss: 27.7539 
episode: 703 count: 348 score: 221.9831 average_last200: 119.7307 epis: 0.0008 loss: 56.4789 
episode: 704 count: 214 score: 213.1362 average_last200: 120.7443 epis: 0.0008 loss: 36.1657 
episode: 705 count: 211 score: -59.9809 average_last200: 120.5253 epis: 0.0008 loss: 37.7686 
episode: 706 count: 427 score: 209.3812 average_last200: 120.6525 epis: 0.0008 loss: 68.5963 
episode: 707 count: 199 score: 244.6509 average_last200: 120.8591 epis: 0.0008 loss: 35.4251 
episode: 708 count: 259 score: 238.2709 average_last200: 122.0961 epis: 0.0008 loss: 44.8086 
episode: 709 count: 328 score: 236.2863 average_last200: 122.7282 epis: 0.0008 loss: 60.0679 
episode: 710 count: 741 score: 231.9204 average_last200: 122.9170 epis: 0.0008 loss: 125.6688 
episode: 711 count: 292 score: 205.1069 average_last200: 122.8599 epis: 0.0008 loss: 49.2738 
episode: 712 count: 177 score: 224.8819 average_last200: 123.9480 epis: 0.0008 loss: 29.5136 
episode: 713 count: 174 score: 202.8841 average_last200: 124.0280 epis: 0.0008 loss: 29.7972 
episode: 714 count: 513 score: 205.6491 average_last200: 125.8293 epis: 0.0008 loss: 82.8014 
episode: 715 count: 259 score: 204.2510 average_last200: 125.6958 epis: 0.0007 loss: 45.0776 
episode: 716 count: 153 score: 33.5903 average_last200: 124.7118 epis: 0.0007 loss: 24.7145 
episode: 717 count: 330 score: 243.0202 average_last200: 124.8731 epis: 0.0007 loss: 57.7371 
episode: 718 count: 203 score: 210.4140 average_last200: 124.8690 epis: 0.0007 loss: 34.9722 
episode: 719 count: 221 score: 228.6652 average_last200: 124.7131 epis: 0.0007 loss: 36.5223 
episode: 720 count: 1000 score: 96.9728 average_last200: 124.1259 epis: 0.0007 loss: 160.4821 
episode: 721 count: 358 score: 193.4484 average_last200: 124.0023 epis: 0.0007 loss: 61.8754 
episode: 722 count: 143 score: 17.9711 average_last200: 124.0458 epis: 0.0007 loss: 25.0641 
episode: 723 count: 268 score: 231.8849 average_last200: 124.1592 epis: 0.0007 loss: 42.7230 
episode: 724 count: 217 score: 251.9127 average_last200: 124.3602 epis: 0.0007 loss: 37.0170 
episode: 725 count: 140 score: -1.9634 average_last200: 124.4935 epis: 0.0007 loss: 23.0243 
episode: 726 count: 244 score: 221.6735 average_last200: 125.5495 epis: 0.0007 loss: 39.6291 
episode: 727 count: 270 score: 230.8828 average_last200: 126.5361 epis: 0.0007 loss: 45.6425 
episode: 728 count: 132 score: -9.8110 average_last200: 126.5265 epis: 0.0007 loss: 19.4805 
episode: 729 count: 220 score: 239.4835 average_last200: 127.1901 epis: 0.0007 loss: 33.0685 
episode: 730 count: 211 score: 245.5405 average_last200: 128.4761 epis: 0.0006 loss: 33.4207 
episode: 731 count: 263 score: 196.0304 average_last200: 129.5273 epis: 0.0006 loss: 46.8004 
episode: 732 count: 240 score: 217.2832 average_last200: 129.5566 epis: 0.0006 loss: 42.3166 
episode: 733 count: 192 score: 226.2297 average_last200: 130.8403 epis: 0.0006 loss: 32.0238 
episode: 734 count: 192 score: 245.8042 average_last200: 131.0173 epis: 0.0006 loss: 29.7443 
episode: 735 count: 235 score: 234.0089 average_last200: 131.1536 epis: 0.0006 loss: 36.0647 
episode: 736 count: 186 score: 245.2644 average_last200: 132.4494 epis: 0.0006 loss: 33.3097 
episode: 737 count: 212 score: 208.2932 average_last200: 132.4314 epis: 0.0006 loss: 35.7542 
episode: 738 count: 253 score: 212.2826 average_last200: 133.4642 epis: 0.0006 loss: 41.4415 
episode: 739 count: 230 score: 206.2770 average_last200: 134.4843 epis: 0.0006 loss: 39.7420 
episode: 740 count: 186 score: 207.7473 average_last200: 135.4374 epis: 0.0006 loss: 29.5132 
episode: 741 count: 192 score: 217.7728 average_last200: 136.5102 epis: 0.0006 loss: 33.5249 
episode: 742 count: 202 score: 215.1301 average_last200: 136.5141 epis: 0.0006 loss: 35.7802 
episode: 743 count: 299 score: 219.0949 average_last200: 137.8119 epis: 0.0006 loss: 51.5093 
episode: 744 count: 280 score: 250.3933 average_last200: 138.0998 epis: 0.0006 loss: 50.8741 
episode: 745 count: 178 score: 6.3133 average_last200: 137.1219 epis: 0.0006 loss: 30.0065 
episode: 746 count: 250 score: 217.2677 average_last200: 137.2277 epis: 0.0005 loss: 47.1664 
episode: 747 count: 251 score: 199.7140 average_last200: 137.0179 epis: 0.0005 loss: 47.2209 
episode: 748 count: 217 score: 230.4376 average_last200: 138.3338 epis: 0.0005 loss: 37.0507 
episode: 749 count: 554 score: 193.5938 average_last200: 139.2524 epis: 0.0005 loss: 93.8584 
episode: 750 count: 1000 score: 88.4632 average_last200: 138.4861 epis: 0.0005 loss: 173.1178 
episode: 751 count: 608 score: -116.8114 average_last200: 137.8258 epis: 0.0005 loss: 98.6180 
episode: 752 count: 137 score: -48.3884 average_last200: 137.5326 epis: 0.0005 loss: 23.2709 
episode: 753 count: 206 score: 237.8768 average_last200: 138.7395 epis: 0.0005 loss: 37.5542 
episode: 754 count: 187 score: 8.8808 average_last200: 138.7236 epis: 0.0005 loss: 31.5721 
episode: 755 count: 139 score: 15.1757 average_last200: 138.6593 epis: 0.0005 loss: 21.9451 
episode: 756 count: 136 score: -12.8812 average_last200: 137.3335 epis: 0.0005 loss: 25.4477 
episode: 757 count: 162 score: 12.2974 average_last200: 137.3212 epis: 0.0005 loss: 29.9648 
episode: 758 count: 217 score: 221.5691 average_last200: 138.4126 epis: 0.0005 loss: 39.1623 
episode: 759 count: 136 score: 13.2241 average_last200: 137.3634 epis: 0.0005 loss: 21.3306 
episode: 760 count: 920 score: 214.1818 average_last200: 138.2803 epis: 0.0005 loss: 160.6822 
episode: 761 count: 179 score: 224.3978 average_last200: 138.3480 epis: 0.0005 loss: 30.9914 
episode: 762 count: 248 score: 231.5607 average_last200: 139.5825 epis: 0.0005 loss: 41.0160 
episode: 763 count: 124 score: 7.6848 average_last200: 139.7120 epis: 0.0005 loss: 22.1122 
episode: 764 count: 240 score: 237.5173 average_last200: 140.4097 epis: 0.0005 loss: 42.4676 
episode: 765 count: 1000 score: 119.7085 average_last200: 141.0052 epis: 0.0005 loss: 172.7123 
episode: 766 count: 150 score: 28.0488 average_last200: 141.0362 epis: 0.0004 loss: 26.4311 
episode: 767 count: 174 score: -21.7332 average_last200: 140.9359 epis: 0.0004 loss: 27.5675 
episode: 768 count: 140 score: 225.8682 average_last200: 141.9762 epis: 0.0004 loss: 20.4835 
episode: 769 count: 153 score: 227.0276 average_last200: 141.9724 epis: 0.0004 loss: 24.0221 
episode: 770 count: 126 score: -4.6080 average_last200: 140.7971 epis: 0.0004 loss: 19.5510 
episode: 771 count: 195 score: 6.4645 average_last200: 139.6150 epis: 0.0004 loss: 35.9812 
episode: 772 count: 176 score: 215.2717 average_last200: 139.7209 epis: 0.0004 loss: 31.2948 
episode: 773 count: 133 score: -30.8610 average_last200: 139.1208 epis: 0.0004 loss: 22.7154 
episode: 774 count: 240 score: 223.4470 average_last200: 139.0427 epis: 0.0004 loss: 37.7928 
episode: 775 count: 119 score: -25.9882 average_last200: 138.8868 epis: 0.0004 loss: 19.5489 
episode: 776 count: 206 score: 215.3996 average_last200: 139.8952 epis: 0.0004 loss: 41.7789 
episode: 777 count: 147 score: -0.9255 average_last200: 138.7623 epis: 0.0004 loss: 25.8815 
episode: 778 count: 206 score: 236.0437 average_last200: 139.6556 epis: 0.0004 loss: 36.6797 
episode: 779 count: 187 score: 226.2828 average_last200: 140.6378 epis: 0.0004 loss: 34.6531 
episode: 780 count: 160 score: 244.0103 average_last200: 140.8404 epis: 0.0004 loss: 24.5713 
episode: 781 count: 182 score: 242.4026 average_last200: 141.9535 epis: 0.0004 loss: 34.3684 
episode: 782 count: 191 score: 252.9458 average_last200: 142.0753 epis: 0.0004 loss: 32.0993 
episode: 783 count: 187 score: 217.1342 average_last200: 143.3052 epis: 0.0004 loss: 36.1678 
episode: 784 count: 224 score: 250.4346 average_last200: 144.4002 epis: 0.0004 loss: 35.8413 
episode: 785 count: 255 score: 259.5905 average_last200: 144.6305 epis: 0.0004 loss: 38.7465 
episode: 786 count: 185 score: 1.2477 average_last200: 143.5087 epis: 0.0004 loss: 33.7817 
episode: 787 count: 134 score: -21.1890 average_last200: 143.3644 epis: 0.0004 loss: 22.5636 
episode: 788 count: 246 score: 198.0177 average_last200: 144.2524 epis: 0.0004 loss: 46.5046 
episode: 789 count: 185 score: 10.9151 average_last200: 143.2335 epis: 0.0004 loss: 31.8905 
episode: 790 count: 134 score: -22.7454 average_last200: 143.0808 epis: 0.0004 loss: 24.6185 
episode: 791 count: 190 score: 245.9538 average_last200: 143.2960 epis: 0.0003 loss: 29.6964 
episode: 792 count: 160 score: 227.5664 average_last200: 144.3757 epis: 0.0003 loss: 31.9550 
episode: 793 count: 126 score: -14.0388 average_last200: 143.0699 epis: 0.0003 loss: 21.6815 
episode: 794 count: 124 score: 20.6455 average_last200: 143.0317 epis: 0.0003 loss: 23.3047 
episode: 795 count: 167 score: 13.8670 average_last200: 142.6508 epis: 0.0003 loss: 33.8649 
episode: 796 count: 139 score: -16.5677 average_last200: 142.5532 epis: 0.0003 loss: 25.8110 
episode: 797 count: 720 score: 224.8757 average_last200: 143.7100 epis: 0.0003 loss: 128.2457 
episode: 798 count: 185 score: -11.9117 average_last200: 142.4250 epis: 0.0003 loss: 36.1087 
episode: 799 count: 177 score: -5.1453 average_last200: 142.2482 epis: 0.0003 loss: 36.6254 
episode: 800 count: 202 score: 235.0458 average_last200: 143.3608 epis: 0.0003 loss: 38.1759 
episode: 801 count: 430 score: 233.9823 average_last200: 143.3496 epis: 0.0003 loss: 76.8804 
episode: 802 count: 180 score: -16.3905 average_last200: 143.1759 epis: 0.0003 loss: 32.2301 
episode: 803 count: 183 score: 11.1999 average_last200: 142.1456 epis: 0.0003 loss: 32.6471 
episode: 804 count: 147 score: 246.3973 average_last200: 143.3918 epis: 0.0003 loss: 25.9939 
episode: 805 count: 192 score: 241.8333 average_last200: 144.7525 epis: 0.0003 loss: 33.3437 
episode: 806 count: 148 score: 205.5688 average_last200: 145.8790 epis: 0.0003 loss: 25.1393 
episode: 807 count: 172 score: -12.6015 average_last200: 145.8769 epis: 0.0003 loss: 32.7974 
episode: 808 count: 210 score: 221.3547 average_last200: 145.8039 epis: 0.0003 loss: 44.6409 
episode: 809 count: 174 score: -23.6190 average_last200: 145.6532 epis: 0.0003 loss: 32.6053 
episode: 810 count: 755 score: 169.9458 average_last200: 145.3817 epis: 0.0003 loss: 140.6342 
episode: 811 count: 203 score: 222.9380 average_last200: 146.6966 epis: 0.0003 loss: 37.1308 
episode: 812 count: 117 score: -8.0722 average_last200: 146.6584 epis: 0.0003 loss: 19.0686 
episode: 813 count: 175 score: 29.4229 average_last200: 146.1708 epis: 0.0003 loss: 33.1105 
episode: 814 count: 131 score: 1.9833 average_last200: 146.2249 epis: 0.0003 loss: 22.5440 
episode: 815 count: 142 score: 7.8459 average_last200: 146.3430 epis: 0.0003 loss: 26.2093 
episode: 816 count: 132 score: -6.1488 average_last200: 145.2591 epis: 0.0003 loss: 24.9872 
episode: 817 count: 221 score: 245.7542 average_last200: 146.4037 epis: 0.0003 loss: 39.4629 
episode: 818 count: 179 score: 232.4584 average_last200: 147.5773 epis: 0.0003 loss: 31.1981 
episode: 819 count: 182 score: 224.2513 average_last200: 148.6039 epis: 0.0003 loss: 31.4545 
episode: 820 count: 223 score: 257.6669 average_last200: 149.9383 epis: 0.0003 loss: 46.8674 
episode: 821 count: 172 score: 12.3257 average_last200: 149.8719 epis: 0.0003 loss: 33.0463 
episode: 822 count: 144 score: -18.8717 average_last200: 148.6915 epis: 0.0003 loss: 22.9413 
episode: 823 count: 203 score: 5.4382 average_last200: 147.7613 epis: 0.0003 loss: 36.3492 
episode: 824 count: 234 score: 195.9614 average_last200: 148.7468 epis: 0.0003 loss: 40.1452 
episode: 825 count: 200 score: 244.9807 average_last200: 149.9496 epis: 0.0002 loss: 35.3371 
episode: 826 count: 222 score: 232.7802 average_last200: 150.9675 epis: 0.0002 loss: 47.0100 
episode: 827 count: 266 score: 253.9914 average_last200: 152.2330 epis: 0.0002 loss: 48.8438 
episode: 828 count: 162 score: 10.8868 average_last200: 151.1987 epis: 0.0002 loss: 29.7770 
episode: 829 count: 241 score: 226.9719 average_last200: 152.4580 epis: 0.0002 loss: 41.3987 
episode: 830 count: 200 score: 31.9239 average_last200: 152.7117 epis: 0.0002 loss: 37.2745 
episode: 831 count: 184 score: 9.2483 average_last200: 151.8380 epis: 0.0002 loss: 34.4129 
episode: 832 count: 135 score: 3.6501 average_last200: 150.7303 epis: 0.0002 loss: 26.5456 
episode: 833 count: 279 score: 239.8438 average_last200: 151.9889 epis: 0.0002 loss: 48.0350 
episode: 834 count: 216 score: 226.0633 average_last200: 153.1271 epis: 0.0002 loss: 39.5193 
episode: 835 count: 242 score: 218.4753 average_last200: 153.2192 epis: 0.0002 loss: 40.3696 
episode: 836 count: 135 score: -7.8737 average_last200: 153.1432 epis: 0.0002 loss: 24.8438 
episode: 837 count: 176 score: 226.9767 average_last200: 154.1507 epis: 0.0002 loss: 30.3614 
episode: 838 count: 184 score: 256.8029 average_last200: 154.1774 epis: 0.0002 loss: 32.5783 
episode: 839 count: 190 score: 26.8976 average_last200: 153.2800 epis: 0.0002 loss: 30.8566 
episode: 840 count: 181 score: 227.7324 average_last200: 154.4702 epis: 0.0002 loss: 34.0960 
episode: 841 count: 313 score: 233.6994 average_last200: 154.7009 epis: 0.0002 loss: 51.5371 
episode: 842 count: 209 score: 197.3854 average_last200: 155.7927 epis: 0.0002 loss: 39.4980 
episode: 843 count: 211 score: 211.7802 average_last200: 155.6097 epis: 0.0002 loss: 33.9431 
episode: 844 count: 203 score: 21.2079 average_last200: 155.6218 epis: 0.0002 loss: 35.6608 
episode: 845 count: 134 score: 7.9662 average_last200: 154.4979 epis: 0.0002 loss: 23.4699 
episode: 846 count: 186 score: 2.2371 average_last200: 153.3812 epis: 0.0002 loss: 28.7866 
episode: 847 count: 229 score: 215.5967 average_last200: 153.2357 epis: 0.0002 loss: 42.5205 
episode: 848 count: 134 score: 31.3407 average_last200: 152.1725 epis: 0.0002 loss: 23.6893 
episode: 849 count: 276 score: 244.9643 average_last200: 153.2744 epis: 0.0002 loss: 48.0733 
episode: 850 count: 245 score: 235.3213 average_last200: 153.2364 epis: 0.0002 loss: 44.6093 
episode: 851 count: 223 score: 250.4399 average_last200: 153.3402 epis: 0.0002 loss: 44.3682 
episode: 852 count: 293 score: 235.0467 average_last200: 153.2847 epis: 0.0002 loss: 53.7165 
episode: 853 count: 196 score: 250.2951 average_last200: 154.9041 epis: 0.0002 loss: 35.4581 
episode: 854 count: 353 score: 239.5202 average_last200: 156.3005 epis: 0.0002 loss: 66.1737 
episode: 855 count: 142 score: -7.3118 average_last200: 155.1946 epis: 0.0002 loss: 23.3209 
episode: 856 count: 255 score: 244.6432 average_last200: 155.2842 epis: 0.0002 loss: 45.7764 
episode: 857 count: 130 score: -3.1658 average_last200: 154.0783 epis: 0.0002 loss: 24.3455 
episode: 858 count: 205 score: 237.1838 average_last200: 155.3657 epis: 0.0002 loss: 33.4821 
episode: 859 count: 190 score: -5.4274 average_last200: 154.4102 epis: 0.0002 loss: 32.0759 
episode: 860 count: 211 score: 230.8125 average_last200: 154.2892 epis: 0.0002 loss: 41.6442 
episode: 861 count: 181 score: 231.7867 average_last200: 154.1870 epis: 0.0002 loss: 34.1977 
episode: 862 count: 223 score: 249.8894 average_last200: 155.4458 epis: 0.0002 loss: 38.6305 
episode: 863 count: 161 score: 220.3989 average_last200: 155.4990 epis: 0.0002 loss: 35.1631 
episode: 864 count: 192 score: 230.2618 average_last200: 155.5196 epis: 0.0002 loss: 36.5376 
episode: 865 count: 130 score: -2.5662 average_last200: 154.3108 epis: 0.0002 loss: 21.5699 
episode: 866 count: 180 score: 239.2337 average_last200: 154.2369 epis: 0.0002 loss: 32.6593 
episode: 867 count: 136 score: 27.5759 average_last200: 154.5038 epis: 0.0002 loss: 23.6549 
episode: 868 count: 248 score: 245.6512 average_last200: 154.6823 epis: 0.0002 loss: 44.0291 
episode: 869 count: 170 score: 243.0245 average_last200: 154.9104 epis: 0.0002 loss: 31.6679 
episode: 870 count: 192 score: 210.7239 average_last200: 154.7652 epis: 0.0002 loss: 34.2385 
episode: 871 count: 210 score: 241.4779 average_last200: 154.8689 epis: 0.0002 loss: 42.4646 
episode: 872 count: 196 score: 248.8469 average_last200: 155.0558 epis: 0.0002 loss: 37.1504 
episode: 873 count: 174 score: 207.0715 average_last200: 154.9970 epis: 0.0002 loss: 34.3816 
episode: 874 count: 196 score: 253.9087 average_last200: 155.2702 epis: 0.0002 loss: 35.6585 
episode: 875 count: 159 score: 217.4432 average_last200: 155.2904 epis: 0.0002 loss: 31.2410 
episode: 876 count: 296 score: 243.4922 average_last200: 155.3278 epis: 0.0001 loss: 50.9774 
episode: 877 count: 133 score: 4.7088 average_last200: 156.2257 epis: 0.0001 loss: 23.4574 
episode: 878 count: 177 score: 213.4608 average_last200: 156.2890 epis: 0.0001 loss: 34.4395 
episode: 879 count: 228 score: 239.9380 average_last200: 156.4473 epis: 0.0001 loss: 41.9363 
episode: 880 count: 154 score: 13.4055 average_last200: 155.5290 epis: 0.0001 loss: 31.2462 
episode: 881 count: 278 score: 245.0593 average_last200: 155.6713 epis: 0.0001 loss: 51.5112 
episode: 882 count: 192 score: 235.7624 average_last200: 155.6568 epis: 0.0001 loss: 38.9668 
episode: 883 count: 139 score: 238.4236 average_last200: 155.8851 epis: 0.0001 loss: 28.2642 
episode: 884 count: 222 score: 240.3508 average_last200: 155.8743 epis: 0.0001 loss: 36.8400 
episode: 885 count: 173 score: 217.7560 average_last200: 155.7398 epis: 0.0001 loss: 35.6634 
episode: 886 count: 203 score: 236.4998 average_last200: 155.6319 epis: 0.0001 loss: 36.6505 
episode: 887 count: 242 score: 257.7516 average_last200: 155.7925 epis: 0.0001 loss: 42.5927 
episode: 888 count: 172 score: 231.5569 average_last200: 155.9525 epis: 0.0001 loss: 33.9505 
episode: 889 count: 237 score: 237.5124 average_last200: 156.1514 epis: 0.0001 loss: 44.0313 
episode: 890 count: 189 score: 234.0011 average_last200: 156.1927 epis: 0.0001 loss: 34.1725 
episode: 891 count: 177 score: 212.2691 average_last200: 156.1926 epis: 0.0001 loss: 30.6776 
episode: 892 count: 178 score: 226.9883 average_last200: 156.2928 epis: 0.0001 loss: 30.5642 
episode: 893 count: 172 score: 218.9142 average_last200: 156.1638 epis: 0.0001 loss: 31.2236 
episode: 894 count: 209 score: 227.7915 average_last200: 155.9419 epis: 0.0001 loss: 37.2968 
episode: 895 count: 209 score: 224.9413 average_last200: 155.8957 epis: 0.0001 loss: 42.8157 
episode: 896 count: 280 score: -46.9037 average_last200: 154.4636 epis: 0.0001 loss: 48.1584 
episode: 897 count: 194 score: 227.9977 average_last200: 154.6075 epis: 0.0001 loss: 35.5192 
episode: 898 count: 248 score: 253.1573 average_last200: 154.8687 epis: 0.0001 loss: 46.0923 
episode: 899 count: 206 score: 239.8048 average_last200: 156.4627 epis: 0.0001 loss: 37.1300 
episode: 900 count: 289 score: 248.2614 average_last200: 156.5332 epis: 0.0001 loss: 53.3744 
episode: 901 count: 211 score: 237.1464 average_last200: 156.4994 epis: 0.0001 loss: 42.5620 
episode: 902 count: 187 score: 232.7886 average_last200: 156.6469 epis: 0.0001 loss: 36.0884 
episode: 903 count: 232 score: 260.4965 average_last200: 156.8394 epis: 0.0001 loss: 39.6439 
episode: 904 count: 132 score: 6.1020 average_last200: 155.8042 epis: 0.0001 loss: 19.9842 
episode: 905 count: 268 score: 257.9832 average_last200: 157.3941 epis: 0.0001 loss: 48.5316 
episode: 906 count: 198 score: 212.3446 average_last200: 157.4089 epis: 0.0001 loss: 35.7008 
episode: 907 count: 302 score: 215.9621 average_last200: 157.2654 epis: 0.0001 loss: 53.2726 
episode: 908 count: 110 score: 13.3620 average_last200: 156.1409 epis: 0.0001 loss: 18.9140 
episode: 909 count: 188 score: 234.4751 average_last200: 156.1318 epis: 0.0001 loss: 39.5305 
episode: 910 count: 276 score: 268.7605 average_last200: 156.3160 epis: 0.0001 loss: 49.3211 
episode: 911 count: 155 score: 227.9279 average_last200: 156.4301 epis: 0.0001 loss: 29.0142 
episode: 912 count: 205 score: 202.8463 average_last200: 156.3200 epis: 0.0001 loss: 35.8967 
episode: 913 count: 168 score: 227.5868 average_last200: 156.4435 epis: 0.0001 loss: 32.2716 
episode: 914 count: 193 score: 247.4130 average_last200: 156.6523 epis: 0.0001 loss: 34.8335 
episode: 915 count: 178 score: 201.4012 average_last200: 156.6381 epis: 0.0001 loss: 32.7915 
episode: 916 count: 187 score: 255.7583 average_last200: 157.7489 epis: 0.0001 loss: 32.3489 
episode: 917 count: 215 score: 233.3414 average_last200: 157.7005 epis: 0.0001 loss: 40.9525 
episode: 918 count: 256 score: 262.6687 average_last200: 157.9618 epis: 0.0001 loss: 46.9888 
episode: 919 count: 173 score: 236.8640 average_last200: 158.0028 epis: 0.0001 loss: 30.8542 
episode: 920 count: 190 score: 236.1811 average_last200: 158.6988 epis: 0.0001 loss: 37.2586 
episode: 921 count: 208 score: 28.0750 average_last200: 157.8719 epis: 0.0001 loss: 35.8980 
episode: 922 count: 111 score: -26.6680 average_last200: 157.6487 epis: 0.0001 loss: 21.6802 
episode: 923 count: 226 score: 252.4280 average_last200: 157.7515 epis: 0.0001 loss: 41.6078 
episode: 924 count: 133 score: 16.8631 average_last200: 156.5762 epis: 0.0001 loss: 23.3109 
episode: 925 count: 206 score: 202.1515 average_last200: 157.5968 epis: 0.0001 loss: 37.9951 
episode: 926 count: 218 score: 200.4953 average_last200: 157.4909 epis: 0.0001 loss: 36.8564 
episode: 927 count: 195 score: 24.4192 average_last200: 156.4586 epis: 0.0001 loss: 32.8489 
episode: 928 count: 134 score: -4.1906 average_last200: 156.4867 epis: 0.0001 loss: 25.7071 
episode: 929 count: 211 score: 240.9171 average_last200: 156.4939 epis: 0.0001 loss: 37.0528 
episode: 930 count: 307 score: 224.0858 average_last200: 156.3866 epis: 0.0001 loss: 56.7150 
episode: 931 count: 217 score: 260.2028 average_last200: 156.7074 epis: 0.0001 loss: 38.5129 
episode: 932 count: 133 score: 7.2186 average_last200: 155.6571 epis: 0.0001 loss: 26.8761 
episode: 933 count: 244 score: 251.1074 average_last200: 155.7815 epis: 0.0001 loss: 42.3284 
episode: 934 count: 208 score: 35.8756 average_last200: 154.7319 epis: 0.0001 loss: 40.5084 
episode: 935 count: 135 score: -0.9247 average_last200: 153.5572 epis: 0.0001 loss: 23.7792 
episode: 936 count: 143 score: 21.7084 average_last200: 152.4394 epis: 0.0001 loss: 26.8573 
episode: 937 count: 95 score: -4.0170 average_last200: 151.3779 epis: 0.0001 loss: 18.2153 
episode: 938 count: 128 score: -33.2341 average_last200: 150.1503 epis: 0.0001 loss: 27.7803 
episode: 939 count: 125 score: -11.0964 average_last200: 149.0634 epis: 0.0001 loss: 25.7281 
episode: 940 count: 210 score: 241.3695 average_last200: 149.2315 epis: 0.0001 loss: 39.1773 
episode: 941 count: 209 score: 9.5958 average_last200: 148.1906 epis: 0.0001 loss: 39.6324 
episode: 942 count: 128 score: 0.5647 average_last200: 147.1178 epis: 0.0001 loss: 23.7199 
episode: 943 count: 236 score: 252.3439 average_last200: 147.2841 epis: 0.0001 loss: 46.6878 
episode: 944 count: 210 score: 211.8346 average_last200: 147.0913 epis: 0.0001 loss: 35.4573 
episode: 945 count: 195 score: 234.4044 average_last200: 148.2317 epis: 0.0001 loss: 32.6550 
episode: 946 count: 120 score: 5.9081 average_last200: 147.1749 epis: 0.0001 loss: 21.2851 
episode: 947 count: 189 score: 253.2170 average_last200: 147.4424 epis: 0.0001 loss: 40.0853 
episode: 948 count: 187 score: 239.9996 average_last200: 147.4902 epis: 0.0001 loss: 34.5854 
episode: 949 count: 199 score: 24.6069 average_last200: 146.6453 epis: 0.0001 loss: 39.3243 
episode: 950 count: 177 score: 12.9021 average_last200: 146.2675 epis: 0.0001 loss: 29.7364 
episode: 951 count: 230 score: 251.9664 average_last200: 148.1114 epis: 0.0001 loss: 40.9667 
episode: 952 count: 265 score: 255.5754 average_last200: 149.6312 epis: 0.0001 loss: 48.1428 
episode: 953 count: 124 score: -9.6181 average_last200: 148.3937 epis: 0.0001 loss: 25.8327 
episode: 954 count: 251 score: 222.6447 average_last200: 149.4626 epis: 0.0001 loss: 44.4189 
episode: 955 count: 188 score: 238.7631 average_last200: 150.5805 epis: 0.0001 loss: 36.6353 
episode: 956 count: 122 score: -15.1452 average_last200: 150.5692 epis: 0.0001 loss: 21.7546 
episode: 957 count: 223 score: 255.0466 average_last200: 151.7829 epis: 0.0001 loss: 41.9901 
episode: 958 count: 130 score: 5.8885 average_last200: 150.7045 epis: 0.0001 loss: 23.3235 
episode: 959 count: 105 score: 5.4881 average_last200: 150.6658 epis: 0.0001 loss: 19.7221 
episode: 960 count: 106 score: 7.7557 average_last200: 149.6337 epis: 0.0001 loss: 19.4524 
episode: 961 count: 153 score: 13.5402 average_last200: 148.5794 epis: 0.0001 loss: 29.7237 
episode: 962 count: 189 score: 224.9262 average_last200: 148.5462 epis: 0.0001 loss: 30.5576 
episode: 963 count: 280 score: 255.8918 average_last200: 149.7873 epis: 0.0001 loss: 47.7140 
episode: 964 count: 195 score: 239.5494 average_last200: 149.7974 epis: 0.0001 loss: 37.8818 
episode: 965 count: 124 score: -2.5978 average_last200: 149.1859 epis: 0.0001 loss: 25.0675 
episode: 966 count: 136 score: -18.6727 average_last200: 148.9523 epis: 0.0001 loss: 26.2751 
episode: 967 count: 122 score: 6.4648 average_last200: 149.0933 epis: 0.0001 loss: 26.0655 
episode: 968 count: 236 score: 252.2452 average_last200: 149.2252 epis: 0.0001 loss: 46.9220 
episode: 969 count: 178 score: 209.8732 average_last200: 149.1394 epis: 0.0001 loss: 35.6669 
episode: 970 count: 176 score: 219.1598 average_last200: 150.2582 epis: 0.0001 loss: 32.4183 
episode: 971 count: 203 score: 251.9351 average_last200: 151.4856 epis: 0.0001 loss: 42.9874 
episode: 972 count: 171 score: 238.8030 average_last200: 151.6033 epis: 0.0001 loss: 34.2015 
episode: 973 count: 181 score: 218.1320 average_last200: 152.8482 epis: 0.0001 loss: 34.5394 
episode: 974 count: 170 score: 264.5241 average_last200: 153.0536 epis: 0.0001 loss: 31.0237 
episode: 975 count: 186 score: 238.6886 average_last200: 154.3770 epis: 0.0001 loss: 37.4684 
episode: 976 count: 138 score: 2.4306 average_last200: 153.3121 epis: 0.0001 loss: 25.2767 
episode: 977 count: 234 score: 242.8447 average_last200: 154.5310 epis: 0.0001 loss: 43.9458 
episode: 978 count: 395 score: 218.6125 average_last200: 154.4438 epis: 0.0001 loss: 75.7689 
episode: 979 count: 140 score: 12.8117 average_last200: 153.3765 epis: 0.0001 loss: 24.2792 
episode: 980 count: 179 score: 4.3985 average_last200: 152.1784 epis: 0.0001 loss: 34.4868 
episode: 981 count: 286 score: 262.7317 average_last200: 152.2801 epis: 0.0001 loss: 55.9900 
episode: 982 count: 226 score: 257.2594 average_last200: 152.3016 epis: 0.0001 loss: 39.2827 
episode: 983 count: 201 score: 216.4227 average_last200: 152.2981 epis: 0.0001 loss: 40.1983 
episode: 984 count: 128 score: 8.4015 average_last200: 151.0879 epis: 0.0001 loss: 25.5817 
episode: 985 count: 202 score: 236.8022 average_last200: 150.9740 epis: 0.0000 loss: 34.2092 
episode: 986 count: 255 score: 253.8048 average_last200: 152.2368 epis: 0.0000 loss: 48.0927 
episode: 987 count: 117 score: -26.4580 average_last200: 152.2104 epis: 0.0000 loss: 22.5718 
episode: 988 count: 227 score: 235.3524 average_last200: 152.3971 epis: 0.0000 loss: 43.1131 
episode: 989 count: 299 score: 247.8172 average_last200: 153.5816 epis: 0.0000 loss: 58.5017 
episode: 990 count: 163 score: 229.2570 average_last200: 154.8416 epis: 0.0000 loss: 34.3706 
episode: 991 count: 161 score: 22.1444 average_last200: 153.7226 epis: 0.0000 loss: 25.8641 
episode: 992 count: 127 score: 9.6599 average_last200: 152.6330 epis: 0.0000 loss: 21.9962 
episode: 993 count: 221 score: 221.5812 average_last200: 153.8111 epis: 0.0000 loss: 45.4655 
episode: 994 count: 208 score: 241.0939 average_last200: 154.9134 epis: 0.0000 loss: 46.5022 
episode: 995 count: 168 score: 230.3224 average_last200: 155.9956 epis: 0.0000 loss: 31.0757 
episode: 996 count: 502 score: 224.9953 average_last200: 157.2035 epis: 0.0000 loss: 87.0276 
episode: 997 count: 132 score: 17.3460 average_last200: 156.1658 epis: 0.0000 loss: 24.1680 
episode: 998 count: 141 score: 5.9659 average_last200: 156.2552 epis: 0.0000 loss: 30.4385 
episode: 999 count: 127 score: 14.1440 average_last200: 156.3516 epis: 0.0000 loss: 23.7062 
