[33mWARN: gym.spaces.Box autodetected dtype as <class 'numpy.float32'>. Please provide explicit dtype.[0m
All para: Epis 1000 memlen 500000 gamma 0.990 epsilon 0.990 alpha 0.00050 batch 200 upfreq 500
episode: 0 count: 103 score: -201.7553 average_last200: -201.7553 epis: 0.9900 loss: 0.0000 
episode: 1 count: 84 score: -166.6921 average_last200: -184.2237 epis: 0.9801 loss: 0.0000 
episode: 2 count: 127 score: -140.9426 average_last200: -169.7967 epis: 0.9703 loss: 0.0000 
episode: 3 count: 98 score: -151.9605 average_last200: -165.3376 epis: 0.9606 loss: 0.0000 
episode: 4 count: 71 score: -305.0290 average_last200: -193.2759 epis: 0.9510 loss: 0.0000 
episode: 5 count: 124 score: -219.4452 average_last200: -197.6374 epis: 0.9415 loss: 0.0000 
episode: 6 count: 136 score: -149.6131 average_last200: -190.7768 epis: 0.9321 loss: 0.0000 
episode: 7 count: 105 score: -416.8472 average_last200: -219.0356 epis: 0.9227 loss: 0.0000 
episode: 8 count: 88 score: -384.5283 average_last200: -237.4237 epis: 0.9135 loss: 0.0000 
episode: 9 count: 103 score: -374.9437 average_last200: -251.1757 epis: 0.9044 loss: 23.1746 
episode: 10 count: 91 score: -216.6974 average_last200: -248.0413 epis: 0.8953 loss: 44.6725 
episode: 11 count: 77 score: -136.9075 average_last200: -238.7802 epis: 0.8864 loss: 33.4207 
episode: 12 count: 72 score: -316.5952 average_last200: -244.7659 epis: 0.8775 loss: 29.3514 
episode: 13 count: 110 score: -137.1478 average_last200: -237.0789 epis: 0.8687 loss: 43.3235 
episode: 14 count: 86 score: -138.4038 average_last200: -230.5006 epis: 0.8601 loss: 31.4864 
episode: 15 count: 140 score: -364.2767 average_last200: -238.8616 epis: 0.8515 loss: 55.5171 
episode: 16 count: 120 score: -163.9490 average_last200: -234.4550 epis: 0.8429 loss: 43.4322 
episode: 17 count: 160 score: -153.5128 average_last200: -229.9582 epis: 0.8345 loss: 56.3342 
episode: 18 count: 111 score: -282.2311 average_last200: -232.7094 epis: 0.8262 loss: 36.4361 
episode: 19 count: 93 score: -147.1995 average_last200: -228.4339 epis: 0.8179 loss: 32.1603 
episode: 20 count: 91 score: -134.2207 average_last200: -223.9475 epis: 0.8097 loss: 30.6420 
episode: 21 count: 101 score: -190.4612 average_last200: -222.4254 epis: 0.8016 loss: 30.7564 
episode: 22 count: 105 score: -70.0888 average_last200: -215.8021 epis: 0.7936 loss: 29.7111 
episode: 23 count: 146 score: -135.1091 average_last200: -212.4399 epis: 0.7857 loss: 48.9956 
episode: 24 count: 106 score: -131.8115 average_last200: -209.2148 epis: 0.7778 loss: 30.2297 
episode: 25 count: 78 score: -121.9328 average_last200: -205.8578 epis: 0.7700 loss: 22.2519 
episode: 26 count: 131 score: -188.2462 average_last200: -205.2055 epis: 0.7623 loss: 41.5449 
episode: 27 count: 147 score: -92.5131 average_last200: -201.1808 epis: 0.7547 loss: 44.3025 
episode: 28 count: 94 score: -170.7187 average_last200: -200.1303 epis: 0.7472 loss: 31.1608 
episode: 29 count: 78 score: -190.7891 average_last200: -199.8190 epis: 0.7397 loss: 22.9507 
episode: 30 count: 122 score: -112.9166 average_last200: -197.0157 epis: 0.7323 loss: 37.5393 
episode: 31 count: 90 score: -173.0175 average_last200: -196.2657 epis: 0.7250 loss: 26.4497 
episode: 32 count: 101 score: -140.8827 average_last200: -194.5874 epis: 0.7177 loss: 32.9730 
episode: 33 count: 78 score: -180.1094 average_last200: -194.1616 epis: 0.7106 loss: 28.8194 
episode: 34 count: 120 score: -87.0176 average_last200: -191.1004 epis: 0.7034 loss: 34.6298 
episode: 35 count: 129 score: -124.1186 average_last200: -189.2398 epis: 0.6964 loss: 40.7444 
episode: 36 count: 73 score: -169.1323 average_last200: -188.6963 epis: 0.6894 loss: 22.5603 
episode: 37 count: 117 score: -133.6417 average_last200: -187.2475 epis: 0.6826 loss: 36.0625 
episode: 38 count: 138 score: -164.9499 average_last200: -186.6758 epis: 0.6757 loss: 44.4877 
episode: 39 count: 132 score: -134.4725 average_last200: -185.3707 epis: 0.6690 loss: 40.6653 
episode: 40 count: 169 score: -190.1806 average_last200: -185.4880 epis: 0.6623 loss: 50.2158 
episode: 41 count: 103 score: -93.8410 average_last200: -183.3059 epis: 0.6557 loss: 30.6883 
episode: 42 count: 107 score: -140.1351 average_last200: -182.3020 epis: 0.6491 loss: 32.3338 
episode: 43 count: 77 score: -115.6065 average_last200: -180.7862 epis: 0.6426 loss: 23.8488 
episode: 44 count: 93 score: -70.9888 average_last200: -178.3462 epis: 0.6362 loss: 27.0863 
episode: 45 count: 179 score: -97.7762 average_last200: -176.5947 epis: 0.6298 loss: 56.0897 
episode: 46 count: 116 score: -74.6398 average_last200: -174.4254 epis: 0.6235 loss: 35.7225 
episode: 47 count: 87 score: -85.0735 average_last200: -172.5639 epis: 0.6173 loss: 26.0734 
episode: 48 count: 108 score: -50.2885 average_last200: -170.0685 epis: 0.6111 loss: 30.5888 
episode: 49 count: 76 score: -128.5139 average_last200: -169.2374 epis: 0.6050 loss: 22.3964 
episode: 50 count: 147 score: -49.0035 average_last200: -166.8799 epis: 0.5990 loss: 42.5034 
episode: 51 count: 77 score: -110.9154 average_last200: -165.8037 epis: 0.5930 loss: 22.7764 
episode: 52 count: 1000 score: -38.6310 average_last200: -163.4042 epis: 0.5870 loss: 323.5722 
episode: 53 count: 205 score: -51.8527 average_last200: -161.3384 epis: 0.5812 loss: 71.1891 
episode: 54 count: 105 score: -140.4935 average_last200: -160.9594 epis: 0.5754 loss: 35.9548 
episode: 55 count: 151 score: -112.0475 average_last200: -160.0860 epis: 0.5696 loss: 50.1100 
episode: 56 count: 111 score: -50.8276 average_last200: -158.1692 epis: 0.5639 loss: 37.9458 
episode: 57 count: 311 score: -72.9560 average_last200: -156.7000 epis: 0.5583 loss: 103.5536 
episode: 58 count: 107 score: -203.4490 average_last200: -157.4923 epis: 0.5527 loss: 37.8069 
episode: 59 count: 164 score: -58.9447 average_last200: -155.8499 epis: 0.5472 loss: 55.9138 
episode: 60 count: 145 score: -62.5375 average_last200: -154.3202 epis: 0.5417 loss: 45.9390 
episode: 61 count: 137 score: -75.6028 average_last200: -153.0505 epis: 0.5363 loss: 42.8479 
episode: 62 count: 187 score: -144.3678 average_last200: -152.9127 epis: 0.5309 loss: 59.4667 
episode: 63 count: 183 score: -95.4246 average_last200: -152.0145 epis: 0.5256 loss: 57.3029 
episode: 64 count: 128 score: -102.4225 average_last200: -151.2515 epis: 0.5203 loss: 43.4759 
episode: 65 count: 459 score: -215.6092 average_last200: -152.2266 epis: 0.5151 loss: 147.8035 
episode: 66 count: 186 score: -59.8393 average_last200: -150.8477 epis: 0.5100 loss: 62.2959 
episode: 67 count: 77 score: -94.0763 average_last200: -150.0128 epis: 0.5049 loss: 24.0097 
episode: 68 count: 290 score: -237.8152 average_last200: -151.2853 epis: 0.4998 loss: 97.1266 
episode: 69 count: 918 score: -407.8412 average_last200: -154.9504 epis: 0.4948 loss: 303.5273 
episode: 70 count: 119 score: -29.8614 average_last200: -153.1886 epis: 0.4899 loss: 39.4767 
episode: 71 count: 200 score: -79.7266 average_last200: -152.1683 epis: 0.4850 loss: 64.6412 
episode: 72 count: 1000 score: -104.4010 average_last200: -151.5139 epis: 0.4801 loss: 341.0274 
episode: 73 count: 149 score: -54.6087 average_last200: -150.2044 epis: 0.4753 loss: 50.4828 
episode: 74 count: 168 score: -67.9696 average_last200: -149.1079 epis: 0.4706 loss: 55.5866 
episode: 75 count: 247 score: -174.9829 average_last200: -149.4484 epis: 0.4659 loss: 85.1746 
episode: 76 count: 178 score: -86.3207 average_last200: -148.6286 epis: 0.4612 loss: 62.4269 
episode: 77 count: 105 score: -99.4876 average_last200: -147.9986 epis: 0.4566 loss: 35.6938 
episode: 78 count: 1000 score: -81.8233 average_last200: -147.1609 epis: 0.4520 loss: 348.9571 
episode: 79 count: 436 score: -147.1449 average_last200: -147.1607 epis: 0.4475 loss: 157.0958 
episode: 80 count: 1000 score: -2.1062 average_last200: -145.3699 epis: 0.4430 loss: 374.2821 
episode: 81 count: 240 score: -105.7189 average_last200: -144.8863 epis: 0.4386 loss: 90.3233 
episode: 82 count: 1000 score: -28.0603 average_last200: -143.4788 epis: 0.4342 loss: 384.7375 
episode: 83 count: 117 score: -113.1131 average_last200: -143.1173 epis: 0.4299 loss: 44.6494 
episode: 84 count: 317 score: -181.7782 average_last200: -143.5721 epis: 0.4256 loss: 123.2026 
episode: 85 count: 146 score: -142.5015 average_last200: -143.5597 epis: 0.4213 loss: 56.6341 
episode: 86 count: 855 score: 144.3780 average_last200: -140.2501 epis: 0.4171 loss: 351.5025 
episode: 87 count: 1000 score: -4.4089 average_last200: -138.7064 epis: 0.4129 loss: 412.9069 
episode: 88 count: 345 score: -196.0508 average_last200: -139.3507 epis: 0.4088 loss: 138.3975 
episode: 89 count: 272 score: -125.0148 average_last200: -139.1914 epis: 0.4047 loss: 109.1193 
episode: 90 count: 1000 score: 47.3500 average_last200: -137.1415 epis: 0.4007 loss: 412.3067 
episode: 91 count: 1000 score: 42.6797 average_last200: -135.1870 epis: 0.3967 loss: 420.6142 
episode: 92 count: 287 score: -89.1118 average_last200: -134.6915 epis: 0.3927 loss: 129.5106 
episode: 93 count: 1000 score: 60.5548 average_last200: -132.6144 epis: 0.3888 loss: 431.0472 
episode: 94 count: 352 score: -58.5565 average_last200: -131.8349 epis: 0.3849 loss: 151.3253 
episode: 95 count: 87 score: -36.6670 average_last200: -130.8436 epis: 0.3810 loss: 38.5177 
episode: 96 count: 1000 score: 5.7016 average_last200: -129.4359 epis: 0.3772 loss: 437.3204 
episode: 97 count: 1000 score: 97.5681 average_last200: -127.1195 epis: 0.3735 loss: 447.7141 
episode: 98 count: 175 score: -52.5729 average_last200: -126.3665 epis: 0.3697 loss: 75.3615 
episode: 99 count: 93 score: -62.5250 average_last200: -125.7281 epis: 0.3660 loss: 41.8849 
episode: 100 count: 1000 score: -136.6806 average_last200: -125.8365 epis: 0.3624 loss: 442.6278 
episode: 101 count: 158 score: -39.9731 average_last200: -124.9947 epis: 0.3587 loss: 66.1572 
episode: 102 count: 1000 score: -129.1257 average_last200: -125.0348 epis: 0.3552 loss: 425.6026 
episode: 103 count: 1000 score: -4.3478 average_last200: -123.8744 epis: 0.3516 loss: 423.0556 
episode: 104 count: 1000 score: -77.5845 average_last200: -123.4335 epis: 0.3481 loss: 429.8804 
episode: 105 count: 137 score: -15.1919 average_last200: -122.4124 epis: 0.3446 loss: 58.1011 
episode: 106 count: 128 score: -128.3138 average_last200: -122.4675 epis: 0.3412 loss: 57.6577 
episode: 107 count: 134 score: -98.5433 average_last200: -122.2460 epis: 0.3378 loss: 57.0040 
episode: 108 count: 1000 score: 13.0285 average_last200: -121.0050 epis: 0.3344 loss: 414.9098 
episode: 109 count: 1000 score: 47.7915 average_last200: -119.4705 epis: 0.3310 loss: 416.0682 
episode: 110 count: 1000 score: -96.1558 average_last200: -119.2604 epis: 0.3277 loss: 410.8380 
episode: 111 count: 1000 score: 9.4996 average_last200: -118.1108 epis: 0.3244 loss: 416.0541 
episode: 112 count: 119 score: -96.4679 average_last200: -117.9192 epis: 0.3212 loss: 47.3676 
episode: 113 count: 1000 score: -102.3019 average_last200: -117.7822 epis: 0.3180 loss: 411.7624 
episode: 114 count: 1000 score: -79.8684 average_last200: -117.4526 epis: 0.3148 loss: 415.0603 
episode: 115 count: 669 score: 114.6053 average_last200: -115.4521 epis: 0.3117 loss: 272.6076 
episode: 116 count: 1000 score: -80.0827 average_last200: -115.1498 epis: 0.3085 loss: 407.0185 
episode: 117 count: 1000 score: 18.7295 average_last200: -114.0152 epis: 0.3055 loss: 404.4272 
episode: 118 count: 1000 score: 41.3496 average_last200: -112.7096 epis: 0.3024 loss: 401.6156 
episode: 119 count: 1000 score: 4.0418 average_last200: -111.7367 epis: 0.2994 loss: 401.4579 
episode: 120 count: 109 score: -52.9502 average_last200: -111.2508 epis: 0.2964 loss: 44.7723 
episode: 121 count: 1000 score: 17.3297 average_last200: -110.1969 epis: 0.2934 loss: 399.9295 
episode: 122 count: 702 score: 145.5538 average_last200: -108.1176 epis: 0.2905 loss: 270.7043 
episode: 123 count: 1000 score: -90.1325 average_last200: -107.9726 epis: 0.2876 loss: 386.5008 
episode: 124 count: 1000 score: -53.5264 average_last200: -107.5370 epis: 0.2847 loss: 377.5414 
episode: 125 count: 86 score: -5.0081 average_last200: -106.7233 epis: 0.2819 loss: 32.4266 
episode: 126 count: 1000 score: -24.0798 average_last200: -106.0726 epis: 0.2790 loss: 376.0591 
episode: 127 count: 1000 score: 6.3438 average_last200: -105.1943 epis: 0.2763 loss: 378.0383 
episode: 128 count: 1000 score: -14.4197 average_last200: -104.4906 epis: 0.2735 loss: 373.4498 
episode: 129 count: 1000 score: -0.3624 average_last200: -103.6896 epis: 0.2708 loss: 363.6876 
episode: 130 count: 123 score: -9.7425 average_last200: -102.9725 epis: 0.2680 loss: 41.5276 
episode: 131 count: 1000 score: -80.5729 average_last200: -102.8028 epis: 0.2654 loss: 361.8431 
episode: 132 count: 1000 score: -3.1851 average_last200: -102.0538 epis: 0.2627 loss: 363.8275 
episode: 133 count: 1000 score: 67.7533 average_last200: -100.7866 epis: 0.2601 loss: 368.1183 
episode: 134 count: 1000 score: 89.2386 average_last200: -99.3790 epis: 0.2575 loss: 353.8871 
episode: 135 count: 1000 score: 82.5371 average_last200: -98.0414 epis: 0.2549 loss: 351.1405 
episode: 136 count: 1000 score: 79.8416 average_last200: -96.7429 epis: 0.2524 loss: 341.6131 
episode: 137 count: 748 score: 165.4356 average_last200: -94.8431 epis: 0.2498 loss: 250.9434 
episode: 138 count: 653 score: 208.1613 average_last200: -92.6632 epis: 0.2473 loss: 222.6086 
episode: 139 count: 457 score: 210.3471 average_last200: -90.4988 epis: 0.2449 loss: 151.8869 
episode: 140 count: 1000 score: 7.0514 average_last200: -89.8070 epis: 0.2424 loss: 333.7261 
episode: 141 count: 1000 score: -24.0141 average_last200: -89.3437 epis: 0.2400 loss: 323.4802 
episode: 142 count: 1000 score: -67.7335 average_last200: -89.1926 epis: 0.2376 loss: 328.0997 
episode: 143 count: 1000 score: -48.4554 average_last200: -88.9097 epis: 0.2352 loss: 313.9951 
episode: 144 count: 1000 score: -6.7213 average_last200: -88.3428 epis: 0.2329 loss: 311.2204 
episode: 145 count: 1000 score: 5.7502 average_last200: -87.6984 epis: 0.2305 loss: 314.8448 
episode: 146 count: 1000 score: 53.0996 average_last200: -86.7406 epis: 0.2282 loss: 308.3182 
episode: 147 count: 1000 score: -63.4376 average_last200: -86.5831 epis: 0.2259 loss: 300.0295 
episode: 148 count: 1000 score: 52.3313 average_last200: -85.6508 epis: 0.2237 loss: 296.8106 
episode: 149 count: 1000 score: 104.7595 average_last200: -84.3814 epis: 0.2215 loss: 293.9513 
episode: 150 count: 167 score: -42.9309 average_last200: -84.1069 epis: 0.2192 loss: 48.6661 
episode: 151 count: 1000 score: -23.6540 average_last200: -83.7092 epis: 0.2170 loss: 289.7784 
episode: 152 count: 1000 score: 48.8421 average_last200: -82.8428 epis: 0.2149 loss: 298.8925 
episode: 153 count: 405 score: 201.7726 average_last200: -80.9947 epis: 0.2127 loss: 121.8711 
episode: 154 count: 580 score: 205.3804 average_last200: -79.1471 epis: 0.2106 loss: 169.8487 
episode: 155 count: 299 score: 215.8708 average_last200: -77.2559 epis: 0.2085 loss: 89.6513 
episode: 156 count: 1000 score: -16.8955 average_last200: -76.8715 epis: 0.2064 loss: 287.8752 
episode: 157 count: 118 score: -17.3154 average_last200: -76.4945 epis: 0.2043 loss: 33.2416 
episode: 158 count: 907 score: 125.2822 average_last200: -75.2255 epis: 0.2023 loss: 267.9112 
episode: 159 count: 844 score: 232.9327 average_last200: -73.2995 epis: 0.2003 loss: 242.4566 
episode: 160 count: 1000 score: 84.5126 average_last200: -72.3193 epis: 0.1983 loss: 281.3107 
episode: 161 count: 188 score: -50.8106 average_last200: -72.1866 epis: 0.1963 loss: 53.2592 
episode: 162 count: 849 score: 222.1942 average_last200: -70.3805 epis: 0.1943 loss: 241.0413 
episode: 163 count: 1000 score: -11.5598 average_last200: -70.0219 epis: 0.1924 loss: 289.1594 
episode: 164 count: 762 score: 149.6649 average_last200: -68.6904 epis: 0.1905 loss: 214.7528 
episode: 165 count: 488 score: 227.8575 average_last200: -66.9040 epis: 0.1886 loss: 138.4626 
episode: 166 count: 328 score: 199.0388 average_last200: -65.3115 epis: 0.1867 loss: 89.7300 
episode: 167 count: 428 score: 186.8318 average_last200: -63.8107 epis: 0.1848 loss: 120.3900 
episode: 168 count: 345 score: 252.7787 average_last200: -61.9374 epis: 0.1830 loss: 99.0858 
episode: 169 count: 1000 score: 8.0191 average_last200: -61.5259 epis: 0.1811 loss: 280.6589 
episode: 170 count: 1000 score: 42.1293 average_last200: -60.9197 epis: 0.1793 loss: 270.5297 
episode: 171 count: 827 score: 115.6643 average_last200: -59.8930 epis: 0.1775 loss: 226.1702 
episode: 172 count: 596 score: 146.7908 average_last200: -58.6983 epis: 0.1757 loss: 160.0615 
episode: 173 count: 505 score: 168.3993 average_last200: -57.3932 epis: 0.1740 loss: 132.9516 
episode: 174 count: 1000 score: -11.5721 average_last200: -57.1313 epis: 0.1722 loss: 262.0925 
episode: 175 count: 996 score: 137.6191 average_last200: -56.0248 epis: 0.1705 loss: 259.9282 
episode: 176 count: 230 score: -26.3185 average_last200: -55.8570 epis: 0.1688 loss: 58.2611 
episode: 177 count: 581 score: 185.4821 average_last200: -54.5011 epis: 0.1671 loss: 150.6067 
episode: 178 count: 1000 score: 43.8249 average_last200: -53.9518 epis: 0.1655 loss: 261.2789 
episode: 179 count: 393 score: 243.0733 average_last200: -52.3017 epis: 0.1638 loss: 99.7878 
episode: 180 count: 657 score: 207.2227 average_last200: -50.8679 epis: 0.1622 loss: 167.0577 
episode: 181 count: 305 score: 237.1777 average_last200: -49.2852 epis: 0.1605 loss: 78.5531 
episode: 182 count: 671 score: 155.7385 average_last200: -48.1648 epis: 0.1589 loss: 172.8474 
episode: 183 count: 308 score: 169.8608 average_last200: -46.9799 epis: 0.1574 loss: 78.5346 
episode: 184 count: 504 score: 183.9038 average_last200: -45.7319 epis: 0.1558 loss: 125.6339 
episode: 185 count: 449 score: 170.4068 average_last200: -44.5699 epis: 0.1542 loss: 109.3833 
episode: 186 count: 437 score: 194.5872 average_last200: -43.2909 epis: 0.1527 loss: 106.1043 
episode: 187 count: 260 score: 218.9833 average_last200: -41.8959 epis: 0.1512 loss: 62.4899 
episode: 188 count: 232 score: -22.8574 average_last200: -41.7951 epis: 0.1496 loss: 54.1294 
episode: 189 count: 440 score: 185.0052 average_last200: -40.6014 epis: 0.1481 loss: 110.9604 
episode: 190 count: 233 score: -51.4620 average_last200: -40.6583 epis: 0.1467 loss: 55.7961 
episode: 191 count: 697 score: 159.2484 average_last200: -39.6171 epis: 0.1452 loss: 174.9956 
episode: 192 count: 775 score: 190.3652 average_last200: -38.4255 epis: 0.1437 loss: 189.6514 
episode: 193 count: 655 score: 205.3925 average_last200: -37.1687 epis: 0.1423 loss: 157.3062 
episode: 194 count: 477 score: 194.5251 average_last200: -35.9805 epis: 0.1409 loss: 114.0087 
episode: 195 count: 431 score: 234.5611 average_last200: -34.6002 epis: 0.1395 loss: 100.9346 
episode: 196 count: 363 score: 210.5830 average_last200: -33.3556 epis: 0.1381 loss: 81.8772 
episode: 197 count: 566 score: 160.5003 average_last200: -32.3766 epis: 0.1367 loss: 129.6634 
episode: 198 count: 156 score: -34.3920 average_last200: -32.3867 epis: 0.1353 loss: 36.0098 
episode: 199 count: 429 score: 213.0629 average_last200: -31.1595 epis: 0.1340 loss: 99.8945 
episode: 200 count: 382 score: 161.5820 average_last200: -29.3428 epis: 0.1326 loss: 84.1497 
episode: 201 count: 263 score: 202.2159 average_last200: -27.4982 epis: 0.1313 loss: 61.3920 
episode: 202 count: 323 score: 223.4517 average_last200: -25.6763 epis: 0.1300 loss: 73.4462 
episode: 203 count: 562 score: 170.6684 average_last200: -24.0631 epis: 0.1287 loss: 128.4662 
episode: 204 count: 475 score: 157.6297 average_last200: -21.7498 epis: 0.1274 loss: 112.4283 
episode: 205 count: 494 score: 186.5336 average_last200: -19.7199 epis: 0.1261 loss: 109.3466 
episode: 206 count: 141 score: -9.7962 average_last200: -19.0208 epis: 0.1249 loss: 30.8416 
episode: 207 count: 188 score: -53.0139 average_last200: -17.2017 epis: 0.1236 loss: 41.8854 
episode: 208 count: 166 score: 212.5483 average_last200: -14.2163 epis: 0.1224 loss: 37.6052 
episode: 209 count: 90 score: -26.1939 average_last200: -12.4725 epis: 0.1212 loss: 22.1581 
episode: 210 count: 570 score: 189.3572 average_last200: -10.4423 epis: 0.1200 loss: 130.1649 
episode: 211 count: 272 score: -53.3228 average_last200: -10.0243 epis: 0.1188 loss: 62.5019 
episode: 212 count: 127 score: -39.2548 average_last200: -8.6376 epis: 0.1176 loss: 27.3165 
episode: 213 count: 586 score: 202.8720 average_last200: -6.9375 epis: 0.1164 loss: 131.2926 
episode: 214 count: 307 score: 224.3371 average_last200: -5.1238 epis: 0.1152 loss: 67.4216 
episode: 215 count: 377 score: 232.7561 average_last200: -2.1387 epis: 0.1141 loss: 85.1573 
episode: 216 count: 246 score: -3.4172 average_last200: -1.3360 epis: 0.1129 loss: 55.7442 
episode: 217 count: 146 score: -32.9330 average_last200: -0.7331 epis: 0.1118 loss: 33.1558 
episode: 218 count: 116 score: -18.3723 average_last200: 0.5862 epis: 0.1107 loss: 25.6966 
episode: 219 count: 365 score: 221.8214 average_last200: 2.4313 epis: 0.1096 loss: 79.0302 
episode: 220 count: 119 score: -36.0605 average_last200: 2.9221 epis: 0.1085 loss: 25.2588 
episode: 221 count: 134 score: -21.7476 average_last200: 3.7656 epis: 0.1074 loss: 30.1519 
episode: 222 count: 95 score: -55.6774 average_last200: 3.8377 epis: 0.1063 loss: 19.8390 
episode: 223 count: 251 score: 229.7822 average_last200: 5.6622 epis: 0.1053 loss: 54.4162 
episode: 224 count: 1000 score: 63.1521 average_last200: 6.6370 epis: 0.1042 loss: 217.7614 
episode: 225 count: 94 score: -52.7862 average_last200: 6.9827 epis: 0.1032 loss: 19.2689 
episode: 226 count: 129 score: -6.9760 average_last200: 7.8891 epis: 0.1021 loss: 29.5326 
episode: 227 count: 120 score: -52.2800 average_last200: 8.0902 epis: 0.1011 loss: 25.3824 
episode: 228 count: 197 score: -54.7384 average_last200: 8.6701 epis: 0.1001 loss: 41.2894 
episode: 229 count: 279 score: 193.0038 average_last200: 10.5891 epis: 0.0991 loss: 59.0403 
episode: 230 count: 153 score: -41.0732 average_last200: 10.9483 epis: 0.0981 loss: 31.6154 
episode: 231 count: 451 score: 152.1459 average_last200: 12.5741 epis: 0.0971 loss: 93.4905 
episode: 232 count: 105 score: -27.0682 average_last200: 13.1432 epis: 0.0962 loss: 21.3186 
episode: 233 count: 369 score: 255.8669 average_last200: 15.3231 epis: 0.0952 loss: 79.2939 
episode: 234 count: 111 score: -2.5423 average_last200: 15.7455 epis: 0.0942 loss: 23.9559 
episode: 235 count: 96 score: -12.2663 average_last200: 16.3047 epis: 0.0933 loss: 19.2932 
episode: 236 count: 124 score: -34.0892 average_last200: 16.9799 epis: 0.0924 loss: 26.5431 
episode: 237 count: 189 score: -41.0379 average_last200: 17.4430 epis: 0.0914 loss: 40.3686 
episode: 238 count: 136 score: -27.8554 average_last200: 18.1284 epis: 0.0905 loss: 27.5487 
episode: 239 count: 103 score: -72.2295 average_last200: 18.4396 epis: 0.0896 loss: 22.6453 
episode: 240 count: 206 score: -39.6449 average_last200: 19.1923 epis: 0.0887 loss: 42.2734 
episode: 241 count: 127 score: -23.1104 average_last200: 19.5460 epis: 0.0878 loss: 28.1078 
episode: 242 count: 160 score: -18.0746 average_last200: 20.1563 epis: 0.0870 loss: 32.5719 
episode: 243 count: 576 score: 182.9581 average_last200: 21.6491 epis: 0.0861 loss: 126.9937 
episode: 244 count: 202 score: 4.2059 average_last200: 22.0251 epis: 0.0852 loss: 41.3602 
episode: 245 count: 144 score: -18.5434 average_last200: 22.4212 epis: 0.0844 loss: 28.7890 
episode: 246 count: 502 score: 201.9598 average_last200: 23.8042 epis: 0.0835 loss: 104.5940 
episode: 247 count: 193 score: -14.9664 average_last200: 24.1548 epis: 0.0827 loss: 38.6864 
episode: 248 count: 213 score: 210.7105 average_last200: 25.4598 epis: 0.0819 loss: 43.5051 
episode: 249 count: 1000 score: 70.8892 average_last200: 26.4568 epis: 0.0811 loss: 207.3434 
episode: 250 count: 108 score: -14.4766 average_last200: 26.6294 epis: 0.0802 loss: 23.5405 
episode: 251 count: 155 score: -41.2517 average_last200: 26.9777 epis: 0.0794 loss: 33.6280 
episode: 252 count: 138 score: -36.1399 average_last200: 26.9902 epis: 0.0787 loss: 29.0689 
episode: 253 count: 184 score: 228.3477 average_last200: 28.3912 epis: 0.0779 loss: 38.4775 
episode: 254 count: 527 score: 225.8750 average_last200: 30.2230 epis: 0.0771 loss: 111.2191 
episode: 255 count: 302 score: 198.2272 average_last200: 31.7744 epis: 0.0763 loss: 61.3738 
episode: 256 count: 330 score: 252.3656 average_last200: 33.2904 epis: 0.0756 loss: 65.0288 
episode: 257 count: 268 score: 247.2999 average_last200: 34.8917 epis: 0.0748 loss: 55.7646 
episode: 258 count: 277 score: 176.6077 average_last200: 36.7919 epis: 0.0740 loss: 54.9714 
episode: 259 count: 133 score: -3.4491 average_last200: 37.0694 epis: 0.0733 loss: 28.7467 
episode: 260 count: 104 score: -69.0400 average_last200: 37.0369 epis: 0.0726 loss: 19.4096 
episode: 261 count: 300 score: 234.3553 average_last200: 38.5867 epis: 0.0718 loss: 61.8034 
episode: 262 count: 314 score: 243.8175 average_last200: 40.5276 epis: 0.0711 loss: 65.6399 
episode: 263 count: 113 score: -27.5998 average_last200: 40.8667 epis: 0.0704 loss: 25.2045 
episode: 264 count: 618 score: 165.3384 average_last200: 42.2055 epis: 0.0697 loss: 125.4993 
episode: 265 count: 188 score: 174.6570 average_last200: 44.1569 epis: 0.0690 loss: 36.7499 
episode: 266 count: 710 score: 225.3629 average_last200: 45.5829 epis: 0.0683 loss: 144.4802 
episode: 267 count: 198 score: 198.5126 average_last200: 47.0458 epis: 0.0676 loss: 40.1793 
episode: 268 count: 133 score: -36.5329 average_last200: 48.0522 epis: 0.0670 loss: 26.3455 
episode: 269 count: 308 score: 231.7657 average_last200: 51.2503 epis: 0.0663 loss: 63.0849 
episode: 270 count: 629 score: 243.1927 average_last200: 52.6156 epis: 0.0656 loss: 128.7680 
episode: 271 count: 423 score: 202.8895 average_last200: 54.0286 epis: 0.0650 loss: 85.7658 
episode: 272 count: 364 score: 216.6748 average_last200: 55.6340 epis: 0.0643 loss: 73.3124 
episode: 273 count: 226 score: 228.0486 average_last200: 57.0473 epis: 0.0637 loss: 42.6141 
episode: 274 count: 432 score: 215.3441 average_last200: 58.4639 epis: 0.0630 loss: 86.3118 
episode: 275 count: 146 score: -22.8301 average_last200: 59.2246 epis: 0.0624 loss: 31.8370 
episode: 276 count: 314 score: 199.2049 average_last200: 60.6523 epis: 0.0618 loss: 63.0031 
episode: 277 count: 343 score: 242.0156 average_last200: 62.3598 epis: 0.0612 loss: 72.2043 
episode: 278 count: 244 score: -69.5112 average_last200: 62.4213 epis: 0.0606 loss: 48.7178 
episode: 279 count: 264 score: 203.4275 average_last200: 64.1742 epis: 0.0600 loss: 54.5213 
episode: 280 count: 346 score: 168.2524 average_last200: 65.0260 epis: 0.0594 loss: 72.2691 
episode: 281 count: 255 score: 153.4243 average_last200: 66.3217 epis: 0.0588 loss: 51.6274 
episode: 282 count: 208 score: 196.9783 average_last200: 67.4469 epis: 0.0582 loss: 40.2647 
episode: 283 count: 329 score: -48.3351 average_last200: 67.7708 epis: 0.0576 loss: 64.1886 
episode: 284 count: 521 score: 201.9332 average_last200: 69.6893 epis: 0.0570 loss: 106.1782 
episode: 285 count: 308 score: 162.9527 average_last200: 71.2166 epis: 0.0565 loss: 60.2115 
episode: 286 count: 212 score: 227.5476 average_last200: 71.6325 epis: 0.0559 loss: 45.1695 
episode: 287 count: 239 score: -59.3514 average_last200: 71.3578 epis: 0.0553 loss: 47.4779 
episode: 288 count: 257 score: 232.7590 average_last200: 73.5018 epis: 0.0548 loss: 50.8332 
episode: 289 count: 940 score: 159.0416 average_last200: 74.9221 epis: 0.0542 loss: 192.1127 
episode: 290 count: 865 score: 191.9438 average_last200: 75.6451 epis: 0.0537 loss: 176.7134 
episode: 291 count: 133 score: -57.7690 average_last200: 75.1428 epis: 0.0531 loss: 28.1283 
episode: 292 count: 324 score: 236.8671 average_last200: 76.7727 epis: 0.0526 loss: 61.7639 
episode: 293 count: 226 score: 221.6047 average_last200: 77.5780 epis: 0.0521 loss: 44.3834 
episode: 294 count: 154 score: -45.8691 average_last200: 77.6414 epis: 0.0516 loss: 30.9775 
episode: 295 count: 1000 score: 117.5535 average_last200: 78.4125 epis: 0.0511 loss: 199.4347 
episode: 296 count: 495 score: 229.0239 average_last200: 79.5291 epis: 0.0505 loss: 96.6255 
episode: 297 count: 329 score: 233.9043 average_last200: 80.2108 epis: 0.0500 loss: 68.2605 
episode: 298 count: 318 score: 241.6511 average_last200: 81.6819 epis: 0.0495 loss: 63.2962 
episode: 299 count: 182 score: -55.2908 average_last200: 81.7181 epis: 0.0490 loss: 35.5965 
episode: 300 count: 253 score: 246.9933 average_last200: 83.6364 epis: 0.0486 loss: 48.6685 
episode: 301 count: 299 score: 212.7799 average_last200: 84.9002 epis: 0.0481 loss: 60.3924 
episode: 302 count: 153 score: -78.2332 average_last200: 85.1547 epis: 0.0476 loss: 30.5917 
episode: 303 count: 263 score: 236.7299 average_last200: 86.3601 epis: 0.0471 loss: 50.5814 
episode: 304 count: 616 score: 125.1508 average_last200: 87.3737 epis: 0.0466 loss: 120.4645 
episode: 305 count: 252 score: 257.3931 average_last200: 88.7367 epis: 0.0462 loss: 47.9135 
episode: 306 count: 146 score: -2.7983 average_last200: 89.3642 epis: 0.0457 loss: 29.4454 
episode: 307 count: 528 score: 222.3775 average_last200: 90.9688 epis: 0.0453 loss: 102.2575 
episode: 308 count: 235 score: 211.4593 average_last200: 91.9610 epis: 0.0448 loss: 46.8946 
episode: 309 count: 458 score: 217.2756 average_last200: 92.8084 epis: 0.0444 loss: 89.5521 
episode: 310 count: 218 score: 213.0502 average_last200: 94.3545 epis: 0.0439 loss: 43.2105 
episode: 311 count: 285 score: 181.1268 average_last200: 95.2126 epis: 0.0435 loss: 54.8556 
episode: 312 count: 353 score: 229.4654 average_last200: 96.8423 epis: 0.0430 loss: 69.7391 
episode: 313 count: 355 score: 218.9291 average_last200: 98.4484 epis: 0.0426 loss: 66.6796 
episode: 314 count: 678 score: 202.4786 average_last200: 99.8601 epis: 0.0422 loss: 129.4682 
episode: 315 count: 377 score: 237.2855 average_last200: 100.4735 epis: 0.0418 loss: 70.8898 
episode: 316 count: 227 score: 21.5544 average_last200: 100.9817 epis: 0.0413 loss: 43.4824 
episode: 317 count: 254 score: 234.0914 average_last200: 102.0585 epis: 0.0409 loss: 47.9431 
episode: 318 count: 139 score: -12.2283 average_last200: 101.7906 epis: 0.0405 loss: 26.7897 
episode: 319 count: 295 score: 215.4638 average_last200: 102.8478 epis: 0.0401 loss: 58.9427 
episode: 320 count: 290 score: 199.6961 average_last200: 104.1110 epis: 0.0397 loss: 57.7849 
episode: 321 count: 304 score: 229.4361 average_last200: 105.1715 epis: 0.0393 loss: 56.4245 
episode: 322 count: 132 score: -67.1336 average_last200: 104.1081 epis: 0.0389 loss: 24.7848 
episode: 323 count: 133 score: 0.9097 average_last200: 104.5633 epis: 0.0385 loss: 25.8178 
episode: 324 count: 118 score: -27.6901 average_last200: 104.6925 epis: 0.0381 loss: 24.5350 
episode: 325 count: 309 score: 217.5318 average_last200: 105.8052 epis: 0.0378 loss: 59.3548 
episode: 326 count: 387 score: 201.4231 average_last200: 106.9327 epis: 0.0374 loss: 77.2313 
episode: 327 count: 519 score: 193.3987 average_last200: 107.8680 epis: 0.0370 loss: 103.6585 
episode: 328 count: 349 score: 223.8769 average_last200: 109.0595 epis: 0.0366 loss: 70.0861 
episode: 329 count: 133 score: 35.2826 average_last200: 109.2377 epis: 0.0363 loss: 27.3375 
episode: 330 count: 546 score: 191.0115 average_last200: 110.2414 epis: 0.0359 loss: 108.4477 
episode: 331 count: 126 score: -32.8997 average_last200: 110.4798 epis: 0.0356 loss: 24.2542 
episode: 332 count: 138 score: -13.0523 average_last200: 110.4305 epis: 0.0352 loss: 27.2839 
episode: 333 count: 580 score: 229.7255 average_last200: 111.2403 epis: 0.0348 loss: 119.6720 
episode: 334 count: 124 score: -36.1415 average_last200: 110.6134 epis: 0.0345 loss: 26.0532 
episode: 335 count: 224 score: 9.5124 average_last200: 110.2483 epis: 0.0342 loss: 43.6133 
episode: 336 count: 347 score: 217.8566 average_last200: 110.9384 epis: 0.0338 loss: 69.5147 
episode: 337 count: 210 score: 195.7377 average_last200: 111.0899 epis: 0.0335 loss: 45.2005 
episode: 338 count: 320 score: 168.7899 average_last200: 110.8930 epis: 0.0331 loss: 64.7637 
episode: 339 count: 269 score: 223.1641 average_last200: 110.9571 epis: 0.0328 loss: 56.0008 
episode: 340 count: 183 score: 178.8512 average_last200: 111.8161 epis: 0.0325 loss: 37.1493 
episode: 341 count: 284 score: 232.3601 average_last200: 113.0980 epis: 0.0322 loss: 60.0647 
episode: 342 count: 540 score: 176.2399 average_last200: 114.3179 epis: 0.0318 loss: 108.6785 
episode: 343 count: 147 score: -52.2376 average_last200: 114.2990 epis: 0.0315 loss: 30.1687 
episode: 344 count: 207 score: -14.3265 average_last200: 114.2609 epis: 0.0312 loss: 40.3894 
episode: 345 count: 278 score: 234.6490 average_last200: 115.4054 epis: 0.0309 loss: 55.9345 
episode: 346 count: 253 score: 236.1918 average_last200: 116.3209 epis: 0.0306 loss: 52.6039 
episode: 347 count: 244 score: -86.5955 average_last200: 116.2051 epis: 0.0303 loss: 48.0103 
episode: 348 count: 339 score: 179.6244 average_last200: 116.8416 epis: 0.0300 loss: 70.4690 
episode: 349 count: 212 score: 0.5638 average_last200: 116.3206 epis: 0.0297 loss: 43.9750 
episode: 350 count: 222 score: 230.0118 average_last200: 117.6853 epis: 0.0294 loss: 44.9688 
episode: 351 count: 222 score: 231.1387 average_last200: 118.9593 epis: 0.0291 loss: 45.7051 
episode: 352 count: 241 score: 206.6974 average_last200: 119.7485 epis: 0.0288 loss: 51.4683 
episode: 353 count: 129 score: -43.3007 average_last200: 118.5232 epis: 0.0285 loss: 25.0773 
episode: 354 count: 138 score: -16.8166 average_last200: 117.4122 epis: 0.0282 loss: 29.5465 
episode: 355 count: 269 score: 225.4840 average_last200: 117.4602 epis: 0.0279 loss: 58.3258 
episode: 356 count: 242 score: 262.9618 average_last200: 118.8595 epis: 0.0277 loss: 50.2051 
episode: 357 count: 158 score: -32.6353 average_last200: 118.7829 epis: 0.0274 loss: 34.2623 
episode: 358 count: 129 score: 3.0210 average_last200: 118.1716 epis: 0.0271 loss: 27.3695 
episode: 359 count: 740 score: 212.0360 average_last200: 118.0671 epis: 0.0268 loss: 158.7944 
episode: 360 count: 443 score: 194.7807 average_last200: 118.6185 epis: 0.0266 loss: 89.5202 
episode: 361 count: 133 score: -24.5118 average_last200: 118.7500 epis: 0.0263 loss: 26.2373 
episode: 362 count: 381 score: 231.2284 average_last200: 118.7952 epis: 0.0260 loss: 82.8211 
episode: 363 count: 125 score: 1.0380 average_last200: 118.8581 epis: 0.0258 loss: 29.2477 
episode: 364 count: 154 score: -47.5990 average_last200: 117.8718 epis: 0.0255 loss: 32.9539 
episode: 365 count: 227 score: 117.5132 average_last200: 117.3201 epis: 0.0253 loss: 47.9491 
episode: 366 count: 191 score: 247.6644 average_last200: 117.5632 epis: 0.0250 loss: 40.6012 
episode: 367 count: 262 score: 203.0862 average_last200: 117.6445 epis: 0.0248 loss: 57.0663 
episode: 368 count: 294 score: 214.9846 average_last200: 117.4555 epis: 0.0245 loss: 62.9120 
episode: 369 count: 139 score: -9.5100 average_last200: 117.3679 epis: 0.0243 loss: 29.1014 
episode: 370 count: 517 score: 219.3215 average_last200: 118.2538 epis: 0.0240 loss: 114.5406 
episode: 371 count: 240 score: 221.8432 average_last200: 118.7847 epis: 0.0238 loss: 52.3679 
episode: 372 count: 381 score: 158.9554 average_last200: 118.8456 epis: 0.0235 loss: 85.2825 
episode: 373 count: 589 score: 194.3688 average_last200: 118.9754 epis: 0.0233 loss: 128.4555 
episode: 374 count: 258 score: 173.3013 average_last200: 119.8998 epis: 0.0231 loss: 54.0154 
episode: 375 count: 268 score: 182.6271 average_last200: 120.1248 epis: 0.0228 loss: 55.7528 
episode: 376 count: 393 score: 221.0713 average_last200: 121.3618 epis: 0.0226 loss: 85.8691 
episode: 377 count: 331 score: 142.6303 average_last200: 121.1475 epis: 0.0224 loss: 73.3047 
episode: 378 count: 192 score: 192.7813 average_last200: 121.8923 epis: 0.0222 loss: 44.0919 
episode: 379 count: 262 score: -84.5382 average_last200: 120.2542 epis: 0.0219 loss: 57.3991 
episode: 380 count: 189 score: 240.3889 average_last200: 120.4201 epis: 0.0217 loss: 42.6463 
episode: 381 count: 153 score: -35.6837 average_last200: 119.0558 epis: 0.0215 loss: 33.8001 
episode: 382 count: 632 score: 192.0970 average_last200: 119.2375 epis: 0.0213 loss: 142.2317 
episode: 383 count: 438 score: 219.4771 average_last200: 119.4856 epis: 0.0211 loss: 95.4107 
episode: 384 count: 467 score: 197.9893 average_last200: 119.5561 epis: 0.0209 loss: 107.6793 
episode: 385 count: 296 score: -84.2952 average_last200: 118.2825 epis: 0.0207 loss: 67.5187 
episode: 386 count: 854 score: 123.2500 average_last200: 117.9259 epis: 0.0205 loss: 193.6861 
episode: 387 count: 366 score: 150.3279 average_last200: 117.5826 epis: 0.0203 loss: 81.1912 
episode: 388 count: 234 score: -11.4539 average_last200: 117.6396 epis: 0.0200 loss: 53.2354 
episode: 389 count: 285 score: 208.5788 average_last200: 117.7575 epis: 0.0198 loss: 62.0551 
episode: 390 count: 304 score: 172.5135 average_last200: 118.8773 epis: 0.0196 loss: 65.2388 
episode: 391 count: 307 score: 225.8147 average_last200: 119.2102 epis: 0.0195 loss: 70.6788 
episode: 392 count: 253 score: 235.0848 average_last200: 119.4338 epis: 0.0193 loss: 58.8577 
episode: 393 count: 272 score: 221.1673 average_last200: 119.5126 epis: 0.0191 loss: 59.9131 
episode: 394 count: 347 score: 225.9389 average_last200: 119.6697 epis: 0.0189 loss: 80.6611 
episode: 395 count: 519 score: 161.3479 average_last200: 119.3037 epis: 0.0187 loss: 120.4423 
episode: 396 count: 212 score: 250.6550 average_last200: 119.5040 epis: 0.0185 loss: 47.2235 
episode: 397 count: 412 score: 195.6565 average_last200: 119.6798 epis: 0.0183 loss: 95.9437 
episode: 398 count: 326 score: 174.1122 average_last200: 120.7223 epis: 0.0181 loss: 73.8487 
episode: 399 count: 405 score: 199.3822 average_last200: 120.6539 epis: 0.0180 loss: 91.0816 
episode: 400 count: 518 score: 133.3996 average_last200: 120.5130 epis: 0.0178 loss: 116.8350 
episode: 401 count: 496 score: 210.6309 average_last200: 120.5551 epis: 0.0176 loss: 110.7705 
episode: 402 count: 501 score: 199.4978 average_last200: 120.4353 epis: 0.0174 loss: 111.9057 
episode: 403 count: 514 score: 183.3672 average_last200: 120.4988 epis: 0.0172 loss: 113.2629 
episode: 404 count: 635 score: 156.1651 average_last200: 120.4915 epis: 0.0171 loss: 139.3747 
episode: 405 count: 1000 score: 59.9938 average_last200: 119.8588 epis: 0.0169 loss: 227.8682 
episode: 406 count: 1000 score: -65.9011 average_last200: 119.5783 epis: 0.0167 loss: 224.6604 
episode: 407 count: 353 score: 184.0284 average_last200: 120.7635 epis: 0.0166 loss: 81.4463 
episode: 408 count: 244 score: 198.4964 average_last200: 120.6932 epis: 0.0164 loss: 54.6734 
episode: 409 count: 360 score: 202.5346 average_last200: 121.8368 epis: 0.0162 loss: 77.5697 
episode: 410 count: 589 score: 199.7537 average_last200: 121.8888 epis: 0.0161 loss: 135.3705 
episode: 411 count: 367 score: 203.6578 average_last200: 123.1737 epis: 0.0159 loss: 83.3328 
episode: 412 count: 395 score: 208.3537 average_last200: 124.4118 epis: 0.0158 loss: 92.7780 
episode: 413 count: 691 score: 105.9841 average_last200: 123.9273 epis: 0.0156 loss: 157.3573 
episode: 414 count: 298 score: 225.7701 average_last200: 123.9345 epis: 0.0154 loss: 65.9848 
episode: 415 count: 693 score: 110.5552 average_last200: 123.3235 epis: 0.0153 loss: 160.0201 
episode: 416 count: 774 score: 118.8563 average_last200: 123.9349 epis: 0.0151 loss: 178.9726 
episode: 417 count: 1000 score: -0.8127 average_last200: 124.0955 epis: 0.0150 loss: 223.4367 
episode: 418 count: 323 score: 210.4806 average_last200: 125.2397 epis: 0.0148 loss: 70.5753 
episode: 419 count: 557 score: 235.2882 average_last200: 125.3071 epis: 0.0147 loss: 125.7190 
episode: 420 count: 978 score: 87.5665 average_last200: 125.9252 epis: 0.0145 loss: 220.6618 
episode: 421 count: 436 score: 149.3794 average_last200: 126.7808 epis: 0.0144 loss: 97.8090 
episode: 422 count: 821 score: 138.5116 average_last200: 127.7518 epis: 0.0142 loss: 180.7779 
episode: 423 count: 611 score: 220.5012 average_last200: 127.7054 epis: 0.0141 loss: 135.5705 
episode: 424 count: 481 score: 161.2223 average_last200: 128.1957 epis: 0.0140 loss: 107.1053 
episode: 425 count: 194 score: 20.9004 average_last200: 128.5642 epis: 0.0138 loss: 45.1446 
episode: 426 count: 425 score: 173.3707 average_last200: 129.4659 epis: 0.0137 loss: 93.8063 
episode: 427 count: 453 score: 178.4773 average_last200: 130.6197 epis: 0.0135 loss: 104.9771 
episode: 428 count: 570 score: 186.7474 average_last200: 131.8271 epis: 0.0134 loss: 123.8385 
episode: 429 count: 629 score: 160.8466 average_last200: 131.6663 epis: 0.0133 loss: 139.3448 
episode: 430 count: 518 score: 180.7610 average_last200: 132.7755 epis: 0.0131 loss: 114.8616 
episode: 431 count: 532 score: 180.4321 average_last200: 132.9169 epis: 0.0130 loss: 118.1702 
episode: 432 count: 519 score: 185.5257 average_last200: 133.9799 epis: 0.0129 loss: 114.8264 
episode: 433 count: 405 score: 201.4516 average_last200: 133.7078 epis: 0.0128 loss: 89.1757 
episode: 434 count: 392 score: 231.6002 average_last200: 134.8785 epis: 0.0126 loss: 87.9284 
episode: 435 count: 331 score: 196.3631 average_last200: 135.9217 epis: 0.0125 loss: 69.1351 
episode: 436 count: 352 score: 194.0027 average_last200: 137.0621 epis: 0.0124 loss: 74.3925 
episode: 437 count: 337 score: 212.3303 average_last200: 138.3290 epis: 0.0123 loss: 71.2547 
episode: 438 count: 320 score: 193.8342 average_last200: 139.4374 epis: 0.0121 loss: 64.6948 
episode: 439 count: 418 score: 174.2880 average_last200: 140.6700 epis: 0.0120 loss: 92.8262 
episode: 440 count: 413 score: 197.3301 average_last200: 141.8549 epis: 0.0119 loss: 85.7006 
episode: 441 count: 501 score: 189.4619 average_last200: 142.9177 epis: 0.0118 loss: 103.0572 
episode: 442 count: 769 score: 153.7269 average_last200: 143.7768 epis: 0.0117 loss: 168.7061 
episode: 443 count: 415 score: 209.0426 average_last200: 143.9072 epis: 0.0115 loss: 85.7665 
episode: 444 count: 475 score: 194.0813 average_last200: 144.8566 epis: 0.0114 loss: 96.8622 
episode: 445 count: 313 score: 222.3576 average_last200: 146.0611 epis: 0.0113 loss: 64.9647 
episode: 446 count: 242 score: 224.9059 average_last200: 146.1758 epis: 0.0112 loss: 51.6728 
episode: 447 count: 385 score: 176.8354 average_last200: 147.1348 epis: 0.0111 loss: 79.7375 
episode: 448 count: 380 score: 190.7000 average_last200: 147.0347 epis: 0.0110 loss: 79.1466 
episode: 449 count: 377 score: 198.8899 average_last200: 147.6747 epis: 0.0109 loss: 76.9344 
episode: 450 count: 375 score: 198.0241 average_last200: 148.7372 epis: 0.0108 loss: 75.8480 
episode: 451 count: 527 score: 179.1042 average_last200: 149.8390 epis: 0.0106 loss: 109.5559 
episode: 452 count: 170 score: -896.1664 average_last200: 145.5389 epis: 0.0105 loss: 36.9721 
episode: 453 count: 210 score: 263.7764 average_last200: 145.7160 epis: 0.0104 loss: 43.1156 
episode: 454 count: 347 score: 162.0296 average_last200: 145.3968 epis: 0.0103 loss: 73.8789 
episode: 455 count: 318 score: 224.1448 average_last200: 145.5264 epis: 0.0102 loss: 67.4718 
episode: 456 count: 286 score: 236.4888 average_last200: 145.4470 epis: 0.0101 loss: 59.4560 
episode: 457 count: 351 score: 198.8274 average_last200: 145.2047 epis: 0.0100 loss: 75.9249 
episode: 458 count: 384 score: 189.4723 average_last200: 145.2690 epis: 0.0099 loss: 78.4377 
episode: 459 count: 339 score: 179.1509 average_last200: 146.1820 epis: 0.0098 loss: 71.7477 
episode: 460 count: 336 score: 240.9946 average_last200: 147.7322 epis: 0.0097 loss: 68.3740 
episode: 461 count: 378 score: 195.8845 average_last200: 147.5398 epis: 0.0096 loss: 84.9880 
episode: 462 count: 493 score: 213.7150 average_last200: 147.3893 epis: 0.0095 loss: 103.0714 
episode: 463 count: 316 score: 196.1360 average_last200: 148.5080 epis: 0.0094 loss: 64.5388 
episode: 464 count: 406 score: 194.1514 average_last200: 148.6520 epis: 0.0093 loss: 83.6342 
episode: 465 count: 343 score: 158.6621 average_last200: 148.5721 epis: 0.0092 loss: 70.6270 
episode: 466 count: 407 score: 193.1320 average_last200: 148.4109 epis: 0.0092 loss: 84.9929 
episode: 467 count: 322 score: 224.9654 average_last200: 148.5432 epis: 0.0091 loss: 65.5450 
episode: 468 count: 442 score: 228.0387 average_last200: 149.8660 epis: 0.0090 loss: 95.5760 
episode: 469 count: 363 score: 185.7441 average_last200: 149.6359 epis: 0.0089 loss: 75.2549 
episode: 470 count: 337 score: 182.4393 average_last200: 149.3321 epis: 0.0088 loss: 68.9107 
episode: 471 count: 362 score: 193.4783 average_last200: 149.2851 epis: 0.0087 loss: 70.5157 
episode: 472 count: 365 score: 204.6194 average_last200: 149.2248 epis: 0.0086 loss: 74.3011 
episode: 473 count: 511 score: 178.4294 average_last200: 148.9767 epis: 0.0085 loss: 108.9347 
episode: 474 count: 418 score: 214.0412 average_last200: 148.9702 epis: 0.0084 loss: 85.9165 
episode: 475 count: 426 score: 219.6754 average_last200: 150.1827 epis: 0.0084 loss: 93.4437 
episode: 476 count: 408 score: 187.5646 average_last200: 150.1245 epis: 0.0083 loss: 89.4356 
episode: 477 count: 370 score: 170.9974 average_last200: 149.7694 epis: 0.0082 loss: 72.4746 
episode: 478 count: 439 score: 221.0412 average_last200: 151.2222 epis: 0.0081 loss: 88.2431 
episode: 479 count: 316 score: 163.7741 average_last200: 151.0239 epis: 0.0080 loss: 63.2349 
episode: 480 count: 404 score: 231.8258 average_last200: 151.3418 epis: 0.0080 loss: 84.2158 
episode: 481 count: 462 score: 168.6833 average_last200: 151.4181 epis: 0.0079 loss: 97.8560 
episode: 482 count: 1000 score: -24.8775 average_last200: 150.3088 epis: 0.0078 loss: 212.1505 
episode: 483 count: 442 score: 194.8868 average_last200: 151.5249 epis: 0.0077 loss: 94.7649 
episode: 484 count: 1000 score: -91.6445 average_last200: 150.0570 epis: 0.0076 loss: 208.7864 
episode: 485 count: 414 score: 194.5266 average_last200: 150.2149 epis: 0.0076 loss: 82.7844 
episode: 486 count: 344 score: 197.0002 average_last200: 150.0622 epis: 0.0075 loss: 71.1755 
episode: 487 count: 293 score: 215.5655 average_last200: 151.4368 epis: 0.0074 loss: 59.5240 
episode: 488 count: 1000 score: 65.7946 average_last200: 150.6019 epis: 0.0073 loss: 207.0752 
episode: 489 count: 228 score: 241.0336 average_last200: 151.0119 epis: 0.0073 loss: 44.2378 
episode: 490 count: 636 score: 174.7840 average_last200: 150.9261 epis: 0.0072 loss: 129.3390 
episode: 491 count: 415 score: 162.2344 average_last200: 152.0261 epis: 0.0071 loss: 84.2878 
episode: 492 count: 301 score: 174.2361 average_last200: 151.7130 epis: 0.0070 loss: 61.0930 
episode: 493 count: 577 score: 181.8774 average_last200: 151.5143 epis: 0.0070 loss: 118.7617 
episode: 494 count: 380 score: 229.3659 average_last200: 152.8905 epis: 0.0069 loss: 85.0021 
episode: 495 count: 331 score: 220.9329 average_last200: 153.4074 epis: 0.0068 loss: 69.4765 
episode: 496 count: 847 score: 126.4237 average_last200: 152.8944 epis: 0.0068 loss: 172.0506 
episode: 497 count: 293 score: 247.2004 average_last200: 152.9609 epis: 0.0067 loss: 61.5271 
episode: 498 count: 539 score: 186.9142 average_last200: 152.6872 epis: 0.0066 loss: 109.9602 
episode: 499 count: 237 score: 191.0713 average_last200: 153.9190 epis: 0.0066 loss: 50.9444 
episode: 500 count: 1000 score: -52.1398 average_last200: 152.4233 epis: 0.0065 loss: 206.8657 
episode: 501 count: 381 score: 176.8333 average_last200: 152.2436 epis: 0.0064 loss: 78.7345 
episode: 502 count: 404 score: 194.3477 average_last200: 153.6065 epis: 0.0064 loss: 83.0599 
episode: 503 count: 378 score: 184.1379 average_last200: 153.3435 epis: 0.0063 loss: 78.0078 
episode: 504 count: 318 score: 228.5408 average_last200: 153.8605 epis: 0.0062 loss: 69.1704 
episode: 505 count: 255 score: 250.7365 average_last200: 153.8272 epis: 0.0062 loss: 56.7080 
episode: 506 count: 344 score: 166.0087 average_last200: 154.6712 epis: 0.0061 loss: 69.0802 
episode: 507 count: 373 score: 210.5805 average_last200: 154.6123 epis: 0.0061 loss: 76.2179 
episode: 508 count: 400 score: 193.2764 average_last200: 154.5213 epis: 0.0060 loss: 84.2158 
episode: 509 count: 220 score: 256.1056 average_last200: 154.7155 epis: 0.0059 loss: 45.2677 
episode: 510 count: 370 score: 196.1777 average_last200: 154.6311 epis: 0.0059 loss: 81.0269 
episode: 511 count: 410 score: 224.6994 average_last200: 154.8490 epis: 0.0058 loss: 88.5546 
episode: 512 count: 387 score: 191.4381 average_last200: 154.6589 epis: 0.0058 loss: 81.9181 
episode: 513 count: 449 score: 218.2603 average_last200: 154.6555 epis: 0.0057 loss: 94.1911 
episode: 514 count: 241 score: 193.2766 average_last200: 154.6095 epis: 0.0057 loss: 50.1227 
episode: 515 count: 291 score: 200.5772 average_last200: 154.4260 epis: 0.0056 loss: 62.7570 
episode: 516 count: 304 score: 216.7166 average_last200: 155.4018 epis: 0.0055 loss: 59.4968 
episode: 517 count: 240 score: 235.0366 average_last200: 155.4065 epis: 0.0055 loss: 50.0103 
episode: 518 count: 411 score: 223.7360 average_last200: 156.5863 epis: 0.0054 loss: 88.4735 
episode: 519 count: 223 score: 242.2934 average_last200: 156.7205 epis: 0.0054 loss: 47.2537 
episode: 520 count: 211 score: 257.5716 average_last200: 157.0098 epis: 0.0053 loss: 43.1616 
episode: 521 count: 431 score: 200.2652 average_last200: 156.8640 epis: 0.0053 loss: 94.1427 
episode: 522 count: 205 score: 228.0431 average_last200: 158.3399 epis: 0.0052 loss: 42.1241 
episode: 523 count: 306 score: 241.7492 average_last200: 159.5441 epis: 0.0052 loss: 65.7667 
episode: 524 count: 281 score: 184.5553 average_last200: 160.6053 epis: 0.0051 loss: 58.2583 
episode: 525 count: 151 score: -5.5824 average_last200: 159.4897 epis: 0.0051 loss: 33.4247 
episode: 526 count: 285 score: 224.9676 average_last200: 159.6075 epis: 0.0050 loss: 61.9615 
episode: 527 count: 319 score: 228.0024 average_last200: 159.7805 epis: 0.0050 loss: 64.4443 
episode: 528 count: 316 score: 237.4063 average_last200: 159.8481 epis: 0.0049 loss: 66.8371 
episode: 529 count: 280 score: 206.6852 average_last200: 160.7051 epis: 0.0049 loss: 58.7791 
episode: 530 count: 199 score: 233.6314 average_last200: 160.9182 epis: 0.0048 loss: 42.6378 
episode: 531 count: 181 score: 23.9288 average_last200: 161.2024 epis: 0.0048 loss: 38.7649 
episode: 532 count: 255 score: 242.8839 average_last200: 162.4821 epis: 0.0047 loss: 53.2950 
episode: 533 count: 400 score: 210.9808 average_last200: 162.3883 epis: 0.0047 loss: 80.5020 
episode: 534 count: 355 score: 222.8748 average_last200: 163.6834 epis: 0.0046 loss: 76.5156 
episode: 535 count: 437 score: 216.5095 average_last200: 164.7184 epis: 0.0046 loss: 92.4303 
episode: 536 count: 229 score: 205.1606 average_last200: 164.6549 epis: 0.0045 loss: 49.8234 
episode: 537 count: 239 score: 242.8152 average_last200: 164.8903 epis: 0.0045 loss: 49.1509 
episode: 538 count: 351 score: 154.0108 average_last200: 164.8164 epis: 0.0044 loss: 73.4903 
episode: 539 count: 1000 score: 92.0271 average_last200: 164.1607 epis: 0.0044 loss: 212.5605 
episode: 540 count: 381 score: 211.8440 average_last200: 164.3257 epis: 0.0044 loss: 82.6708 
episode: 541 count: 292 score: 209.1811 average_last200: 164.2098 epis: 0.0043 loss: 58.7306 
episode: 542 count: 230 score: 252.7107 average_last200: 164.5921 epis: 0.0043 loss: 46.1375 
episode: 543 count: 199 score: 246.6973 average_last200: 166.0868 epis: 0.0042 loss: 40.7783 
episode: 544 count: 245 score: 240.3790 average_last200: 167.3603 epis: 0.0042 loss: 54.1931 
episode: 545 count: 202 score: 230.0329 average_last200: 167.3373 epis: 0.0041 loss: 42.7430 
episode: 546 count: 236 score: 206.5992 average_last200: 167.1893 epis: 0.0041 loss: 52.5796 
episode: 547 count: 211 score: 227.1336 average_last200: 168.7579 epis: 0.0041 loss: 40.7439 
episode: 548 count: 1000 score: 49.1624 average_last200: 168.1056 epis: 0.0040 loss: 209.3768 
episode: 549 count: 162 score: 5.1949 average_last200: 168.1288 epis: 0.0040 loss: 32.8353 
episode: 550 count: 236 score: 239.0491 average_last200: 168.1740 epis: 0.0039 loss: 51.2489 
episode: 551 count: 390 score: 190.0887 average_last200: 167.9687 epis: 0.0039 loss: 80.0098 
episode: 552 count: 339 score: 203.7747 average_last200: 167.9541 epis: 0.0039 loss: 68.7859 
episode: 553 count: 207 score: 225.6369 average_last200: 169.2988 epis: 0.0038 loss: 42.4954 
episode: 554 count: 205 score: 202.9436 average_last200: 170.3976 epis: 0.0038 loss: 40.6614 
episode: 555 count: 1000 score: 86.7276 average_last200: 169.7038 epis: 0.0037 loss: 209.0353 
episode: 556 count: 330 score: 187.7967 average_last200: 169.3280 epis: 0.0037 loss: 69.2632 
episode: 557 count: 335 score: 230.6343 average_last200: 170.6443 epis: 0.0037 loss: 68.4166 
episode: 558 count: 364 score: 238.3452 average_last200: 171.8210 epis: 0.0036 loss: 74.1087 
episode: 559 count: 203 score: 234.6145 average_last200: 171.9339 epis: 0.0036 loss: 43.1449 
episode: 560 count: 285 score: 230.6936 average_last200: 172.1134 epis: 0.0036 loss: 57.7133 
episode: 561 count: 249 score: 257.7506 average_last200: 173.5247 epis: 0.0035 loss: 51.7414 
episode: 562 count: 248 score: 254.0259 average_last200: 173.6387 epis: 0.0035 loss: 50.9124 
episode: 563 count: 135 score: 2.8297 average_last200: 173.6477 epis: 0.0035 loss: 30.3730 
episode: 564 count: 155 score: -9.3284 average_last200: 173.8390 epis: 0.0034 loss: 33.7901 
episode: 565 count: 327 score: 212.5476 average_last200: 174.3142 epis: 0.0034 loss: 68.2008 
episode: 566 count: 279 score: 214.0859 average_last200: 174.1463 epis: 0.0034 loss: 59.3653 
episode: 567 count: 113 score: 27.8071 average_last200: 173.2699 epis: 0.0033 loss: 23.8217 
episode: 568 count: 358 score: 216.2942 average_last200: 173.2765 epis: 0.0033 loss: 77.5170 
episode: 569 count: 232 score: 234.1105 average_last200: 174.4946 epis: 0.0033 loss: 49.1705 
episode: 570 count: 225 score: 241.0563 average_last200: 174.6032 epis: 0.0032 loss: 48.9362 
episode: 571 count: 405 score: 204.2662 average_last200: 174.5154 epis: 0.0032 loss: 85.5010 
episode: 572 count: 1000 score: 63.6589 average_last200: 174.0389 epis: 0.0032 loss: 209.6464 
episode: 573 count: 329 score: 218.5542 average_last200: 174.1598 epis: 0.0031 loss: 69.5120 
episode: 574 count: 151 score: -2.4854 average_last200: 173.2809 epis: 0.0031 loss: 31.7716 
episode: 575 count: 223 score: 224.2608 average_last200: 173.4890 epis: 0.0031 loss: 45.2003 
episode: 576 count: 184 score: 242.3592 average_last200: 173.5955 epis: 0.0030 loss: 40.1026 
episode: 577 count: 194 score: 192.6746 average_last200: 173.8457 epis: 0.0030 loss: 39.3890 
episode: 578 count: 374 score: 207.9594 average_last200: 173.9216 epis: 0.0030 loss: 80.1088 
episode: 579 count: 1000 score: 95.2182 average_last200: 174.8204 epis: 0.0029 loss: 208.5246 
episode: 580 count: 217 score: 218.5769 average_last200: 174.7113 epis: 0.0029 loss: 47.2943 
episode: 581 count: 310 score: 212.0870 average_last200: 175.9502 epis: 0.0029 loss: 65.6087 
episode: 582 count: 404 score: 234.5741 average_last200: 176.1626 epis: 0.0029 loss: 85.0085 
episode: 583 count: 136 score: 0.7400 average_last200: 175.0689 epis: 0.0028 loss: 30.0749 
episode: 584 count: 339 score: 179.9586 average_last200: 174.9787 epis: 0.0028 loss: 72.5794 
episode: 585 count: 381 score: 248.2669 average_last200: 176.6415 epis: 0.0028 loss: 76.0526 
episode: 586 count: 696 score: 158.1432 average_last200: 176.8160 epis: 0.0027 loss: 144.4951 
episode: 587 count: 412 score: 197.5177 average_last200: 177.0519 epis: 0.0027 loss: 82.9129 
episode: 588 count: 323 score: 190.0435 average_last200: 178.0594 epis: 0.0027 loss: 67.0461 
episode: 589 count: 256 score: 260.1773 average_last200: 178.3174 epis: 0.0027 loss: 52.8809 
episode: 590 count: 365 score: 235.1145 average_last200: 178.6304 epis: 0.0026 loss: 73.4577 
episode: 591 count: 352 score: 199.0266 average_last200: 178.4965 epis: 0.0026 loss: 72.6996 
episode: 592 count: 188 score: 225.6500 average_last200: 178.4493 epis: 0.0026 loss: 39.7884 
episode: 593 count: 462 score: 189.7785 average_last200: 178.2924 epis: 0.0026 loss: 95.1143 
episode: 594 count: 118 score: 23.8454 average_last200: 177.2819 epis: 0.0025 loss: 22.4834 
episode: 595 count: 153 score: -14.5865 average_last200: 176.4022 epis: 0.0025 loss: 34.2756 
episode: 596 count: 523 score: 152.6707 average_last200: 175.9123 epis: 0.0025 loss: 114.7415 
episode: 597 count: 509 score: 181.6443 average_last200: 175.8422 epis: 0.0025 loss: 106.3528 
episode: 598 count: 134 score: 17.1485 average_last200: 175.0574 epis: 0.0024 loss: 29.0960 
episode: 599 count: 358 score: 230.7162 average_last200: 175.2141 epis: 0.0024 loss: 75.6573 
episode: 600 count: 749 score: 236.0794 average_last200: 175.7275 epis: 0.0024 loss: 159.4838 
episode: 601 count: 216 score: 246.9460 average_last200: 175.9091 epis: 0.0024 loss: 43.2073 
episode: 602 count: 208 score: 213.5598 average_last200: 175.9794 epis: 0.0023 loss: 40.8176 
episode: 603 count: 131 score: 16.9801 average_last200: 175.1474 epis: 0.0023 loss: 28.4727 
episode: 604 count: 199 score: 225.3263 average_last200: 175.4932 epis: 0.0023 loss: 42.4370 
episode: 605 count: 144 score: -11.3943 average_last200: 175.1363 epis: 0.0023 loss: 30.9090 
episode: 606 count: 377 score: 193.3519 average_last200: 176.4326 epis: 0.0022 loss: 79.0360 
episode: 607 count: 277 score: 196.4681 average_last200: 176.4948 epis: 0.0022 loss: 56.7773 
episode: 608 count: 298 score: 203.8738 average_last200: 176.5217 epis: 0.0022 loss: 62.1730 
episode: 609 count: 441 score: 198.8815 average_last200: 176.5034 epis: 0.0022 loss: 90.9544 
episode: 610 count: 252 score: 211.9722 average_last200: 176.5645 epis: 0.0022 loss: 52.8150 
episode: 611 count: 193 score: 217.5323 average_last200: 176.6339 epis: 0.0021 loss: 42.4829 
episode: 612 count: 194 score: 206.5680 average_last200: 176.6249 epis: 0.0021 loss: 37.6174 
episode: 613 count: 218 score: 223.0900 average_last200: 177.2105 epis: 0.0021 loss: 43.3194 
episode: 614 count: 205 score: 217.2721 average_last200: 177.1680 epis: 0.0021 loss: 40.3732 
episode: 615 count: 304 score: 171.4701 average_last200: 177.4725 epis: 0.0020 loss: 63.8295 
episode: 616 count: 425 score: 162.4839 average_last200: 177.6907 epis: 0.0020 loss: 84.8034 
episode: 617 count: 361 score: 165.4767 average_last200: 178.5221 epis: 0.0020 loss: 74.3976 
episode: 618 count: 207 score: 220.6796 average_last200: 178.5731 epis: 0.0020 loss: 44.6530 
episode: 619 count: 540 score: 168.7617 average_last200: 178.2405 epis: 0.0020 loss: 116.0735 
episode: 620 count: 106 score: 22.9323 average_last200: 177.9173 epis: 0.0019 loss: 22.9298 
episode: 621 count: 182 score: 207.1176 average_last200: 178.2060 epis: 0.0019 loss: 40.8032 
episode: 622 count: 131 score: -0.4065 average_last200: 177.5114 epis: 0.0019 loss: 27.9944 
episode: 623 count: 208 score: 246.8474 average_last200: 177.6432 epis: 0.0019 loss: 42.1885 
episode: 624 count: 126 score: -9.8951 average_last200: 176.7876 epis: 0.0019 loss: 26.6946 
episode: 625 count: 320 score: 212.6585 average_last200: 177.7464 epis: 0.0019 loss: 68.8310 
episode: 626 count: 207 score: 226.7235 average_last200: 178.0131 epis: 0.0018 loss: 48.0050 
episode: 627 count: 119 score: 29.0654 average_last200: 177.2661 epis: 0.0018 loss: 27.2097 
episode: 628 count: 365 score: 192.8156 average_last200: 177.2964 epis: 0.0018 loss: 78.5894 
episode: 629 count: 490 score: 161.3107 average_last200: 177.2987 epis: 0.0018 loss: 104.5211 
episode: 630 count: 237 score: 246.0425 average_last200: 177.6251 epis: 0.0018 loss: 48.6724 
episode: 631 count: 222 score: 219.8850 average_last200: 177.8224 epis: 0.0017 loss: 46.1266 
episode: 632 count: 399 score: 173.3436 average_last200: 177.7615 epis: 0.0017 loss: 87.7616 
episode: 633 count: 147 score: 14.2769 average_last200: 176.8256 epis: 0.0017 loss: 31.3670 
episode: 634 count: 216 score: 227.6534 average_last200: 176.8059 epis: 0.0017 loss: 45.2784 
episode: 635 count: 343 score: 217.3840 average_last200: 176.9110 epis: 0.0017 loss: 71.5155 
episode: 636 count: 438 score: 182.2872 average_last200: 176.8524 epis: 0.0017 loss: 95.0369 
episode: 637 count: 678 score: 184.2847 average_last200: 176.7122 epis: 0.0016 loss: 143.4847 
episode: 638 count: 138 score: -5.2183 average_last200: 175.7169 epis: 0.0016 loss: 27.1396 
episode: 639 count: 134 score: -8.8710 average_last200: 174.8011 epis: 0.0016 loss: 26.4471 
episode: 640 count: 181 score: 251.6437 average_last200: 175.0727 epis: 0.0016 loss: 37.1954 
episode: 641 count: 277 score: 261.4107 average_last200: 175.4324 epis: 0.0016 loss: 59.1977 
episode: 642 count: 138 score: 4.2247 average_last200: 174.6849 epis: 0.0016 loss: 28.9406 
episode: 643 count: 249 score: 162.3381 average_last200: 174.4514 epis: 0.0015 loss: 52.4429 
episode: 644 count: 358 score: 171.9041 average_last200: 174.3405 epis: 0.0015 loss: 73.0035 
episode: 645 count: 361 score: 199.9075 average_last200: 174.2283 epis: 0.0015 loss: 76.4694 
episode: 646 count: 192 score: 247.9682 average_last200: 174.3436 epis: 0.0015 loss: 37.8515 
episode: 647 count: 564 score: 236.2346 average_last200: 174.6406 epis: 0.0015 loss: 120.7252 
episode: 648 count: 203 score: 215.0649 average_last200: 174.7624 epis: 0.0015 loss: 42.3538 
episode: 649 count: 453 score: 153.0928 average_last200: 174.5334 epis: 0.0015 loss: 97.7841 
episode: 650 count: 542 score: 121.1179 average_last200: 174.1489 epis: 0.0014 loss: 119.6120 
episode: 651 count: 188 score: 232.3459 average_last200: 174.4151 epis: 0.0014 loss: 41.4357 
episode: 652 count: 128 score: 6.2956 average_last200: 178.9274 epis: 0.0014 loss: 27.4242 
episode: 653 count: 205 score: 235.9907 average_last200: 178.7885 epis: 0.0014 loss: 41.2892 
episode: 654 count: 179 score: 250.9381 average_last200: 179.2330 epis: 0.0014 loss: 35.5704 
episode: 655 count: 456 score: 147.8459 average_last200: 178.8515 epis: 0.0014 loss: 97.2206 
episode: 656 count: 418 score: 182.1542 average_last200: 178.5798 epis: 0.0014 loss: 89.9400 
episode: 657 count: 717 score: 88.2646 average_last200: 178.0270 epis: 0.0013 loss: 149.4043 
episode: 658 count: 544 score: 142.6466 average_last200: 177.7929 epis: 0.0013 loss: 117.4444 
episode: 659 count: 191 score: 222.3209 average_last200: 178.0087 epis: 0.0013 loss: 39.7805 
episode: 660 count: 289 score: 234.9649 average_last200: 177.9786 epis: 0.0013 loss: 62.6147 
episode: 661 count: 401 score: 203.7478 average_last200: 178.0179 epis: 0.0013 loss: 80.6367 
episode: 662 count: 423 score: 194.5439 average_last200: 177.9221 epis: 0.0013 loss: 87.6108 
episode: 663 count: 159 score: -4.6826 average_last200: 176.9180 epis: 0.0013 loss: 31.3028 
episode: 664 count: 183 score: 25.9076 average_last200: 176.0767 epis: 0.0013 loss: 40.6827 
episode: 665 count: 603 score: 169.4201 average_last200: 176.1305 epis: 0.0012 loss: 126.6170 
episode: 666 count: 294 score: 256.6316 average_last200: 176.4480 epis: 0.0012 loss: 59.5772 
episode: 667 count: 374 score: 149.9284 average_last200: 176.0729 epis: 0.0012 loss: 79.4531 
episode: 668 count: 227 score: 270.9828 average_last200: 176.2876 epis: 0.0012 loss: 50.1893 
episode: 669 count: 265 score: 234.1330 average_last200: 176.5295 epis: 0.0012 loss: 58.9643 
episode: 670 count: 281 score: 257.2707 average_last200: 176.9037 epis: 0.0012 loss: 58.8979 
episode: 671 count: 237 score: 208.6984 average_last200: 176.9798 epis: 0.0012 loss: 52.6426 
episode: 672 count: 391 score: 185.9684 average_last200: 176.8865 epis: 0.0012 loss: 81.5992 
episode: 673 count: 876 score: 143.0275 average_last200: 176.7095 epis: 0.0011 loss: 185.8936 
episode: 674 count: 210 score: 227.5899 average_last200: 176.7773 epis: 0.0011 loss: 45.6047 
episode: 675 count: 346 score: 214.5499 average_last200: 176.7516 epis: 0.0011 loss: 74.1074 
episode: 676 count: 342 score: 229.4236 average_last200: 176.9609 epis: 0.0011 loss: 70.5697 
episode: 677 count: 515 score: 158.4610 average_last200: 176.8982 epis: 0.0011 loss: 106.0942 
episode: 678 count: 163 score: -5.5978 average_last200: 175.7650 epis: 0.0011 loss: 34.2251 
episode: 679 count: 391 score: 205.6082 average_last200: 175.9742 epis: 0.0011 loss: 83.5000 
episode: 680 count: 851 score: -324.0661 average_last200: 173.1948 epis: 0.0011 loss: 175.5266 
episode: 681 count: 202 score: -6.4561 average_last200: 172.3191 epis: 0.0011 loss: 41.3938 
episode: 682 count: 208 score: 228.4659 average_last200: 173.5858 epis: 0.0010 loss: 42.2467 
episode: 683 count: 753 score: 147.4295 average_last200: 173.3485 epis: 0.0010 loss: 160.6228 
episode: 684 count: 468 score: 159.3751 average_last200: 174.6036 epis: 0.0010 loss: 98.1784 
episode: 685 count: 279 score: 249.0276 average_last200: 174.8761 epis: 0.0010 loss: 58.7150 
episode: 686 count: 296 score: 230.2815 average_last200: 175.0425 epis: 0.0010 loss: 60.1219 
episode: 687 count: 228 score: 253.6337 average_last200: 175.2328 epis: 0.0010 loss: 49.0539 
episode: 688 count: 203 score: 227.0074 average_last200: 176.0389 epis: 0.0010 loss: 43.7295 
episode: 689 count: 340 score: 214.0753 average_last200: 175.9041 epis: 0.0010 loss: 70.0785 
episode: 690 count: 273 score: 226.5575 average_last200: 176.1630 epis: 0.0010 loss: 54.7257 
episode: 691 count: 332 score: 192.3097 average_last200: 176.3134 epis: 0.0010 loss: 68.2079 
episode: 692 count: 195 score: 212.7701 average_last200: 176.5060 epis: 0.0009 loss: 42.5757 
episode: 693 count: 417 score: 169.8097 average_last200: 176.4457 epis: 0.0009 loss: 86.8135 
episode: 694 count: 203 score: 215.1603 average_last200: 176.3747 epis: 0.0009 loss: 39.1632 
episode: 695 count: 269 score: 211.4098 average_last200: 176.3270 epis: 0.0009 loss: 58.0540 
episode: 696 count: 229 score: 218.9724 average_last200: 176.7898 epis: 0.0009 loss: 48.1636 
episode: 697 count: 380 score: 224.3609 average_last200: 176.6756 epis: 0.0009 loss: 80.4772 
episode: 698 count: 282 score: 193.5872 average_last200: 176.7090 epis: 0.0009 loss: 58.6987 
episode: 699 count: 158 score: 226.5298 average_last200: 176.8862 epis: 0.0009 loss: 33.5741 
episode: 700 count: 255 score: 266.5536 average_last200: 178.4797 epis: 0.0009 loss: 52.9811 
episode: 701 count: 308 score: 198.8428 average_last200: 178.5898 epis: 0.0009 loss: 63.5465 
episode: 702 count: 447 score: 151.8515 average_last200: 178.3773 epis: 0.0009 loss: 92.5241 
episode: 703 count: 228 score: 169.2041 average_last200: 178.3026 epis: 0.0008 loss: 46.6987 
episode: 704 count: 383 score: 168.5957 average_last200: 178.0029 epis: 0.0008 loss: 82.2057 
episode: 705 count: 244 score: 260.7366 average_last200: 178.0529 epis: 0.0008 loss: 51.5237 
episode: 706 count: 502 score: 200.8891 average_last200: 178.2273 epis: 0.0008 loss: 107.5224 
episode: 707 count: 219 score: 236.6979 average_last200: 178.3579 epis: 0.0008 loss: 43.8849 
episode: 708 count: 211 score: 231.2114 average_last200: 178.5475 epis: 0.0008 loss: 43.4586 
episode: 709 count: 182 score: 23.2619 average_last200: 177.3833 epis: 0.0008 loss: 37.7849 
episode: 710 count: 379 score: 180.3897 average_last200: 177.3044 epis: 0.0008 loss: 80.6491 
episode: 711 count: 366 score: 199.5671 average_last200: 177.1787 epis: 0.0008 loss: 80.4938 
episode: 712 count: 202 score: 224.4343 average_last200: 177.3437 epis: 0.0008 loss: 42.5053 
episode: 713 count: 209 score: 260.7011 average_last200: 177.5559 epis: 0.0008 loss: 44.3271 
episode: 714 count: 184 score: 208.4259 average_last200: 177.6317 epis: 0.0008 loss: 38.7936 
episode: 715 count: 452 score: 165.5095 average_last200: 177.4563 epis: 0.0007 loss: 92.7941 
episode: 716 count: 436 score: 160.9388 average_last200: 177.1774 epis: 0.0007 loss: 92.5551 
episode: 717 count: 273 score: 212.6717 average_last200: 177.0656 epis: 0.0007 loss: 55.3106 
episode: 718 count: 278 score: 222.9743 average_last200: 177.0618 epis: 0.0007 loss: 57.1878 
episode: 719 count: 389 score: 209.4068 average_last200: 176.8974 epis: 0.0007 loss: 85.2258 
episode: 720 count: 708 score: 111.3410 average_last200: 176.1662 epis: 0.0007 loss: 149.0167 
episode: 721 count: 246 score: 241.5155 average_last200: 176.3725 epis: 0.0007 loss: 50.6127 
episode: 722 count: 574 score: 146.1474 average_last200: 175.9630 epis: 0.0007 loss: 121.4738 
episode: 723 count: 357 score: 212.7002 average_last200: 175.8177 epis: 0.0007 loss: 78.2944 
episode: 724 count: 213 score: 229.0823 average_last200: 176.0404 epis: 0.0007 loss: 44.3399 
episode: 725 count: 1000 score: -95.2070 average_last200: 175.5923 epis: 0.0007 loss: 210.5644 
episode: 726 count: 233 score: 247.4731 average_last200: 175.7048 epis: 0.0007 loss: 49.7491 
episode: 727 count: 193 score: 226.1699 average_last200: 175.6956 epis: 0.0007 loss: 39.5360 
episode: 728 count: 269 score: 192.7677 average_last200: 175.4724 epis: 0.0007 loss: 58.0322 
episode: 729 count: 236 score: 214.2246 average_last200: 175.5101 epis: 0.0007 loss: 52.2450 
episode: 730 count: 389 score: 180.8530 average_last200: 175.2462 epis: 0.0006 loss: 81.9086 
episode: 731 count: 565 score: 157.9881 average_last200: 175.9165 epis: 0.0006 loss: 123.8192 
episode: 732 count: 375 score: 177.6027 average_last200: 175.5901 epis: 0.0006 loss: 79.1432 
episode: 733 count: 236 score: 245.7148 average_last200: 175.7638 epis: 0.0006 loss: 50.8756 
episode: 734 count: 244 score: 212.0113 average_last200: 175.7095 epis: 0.0006 loss: 55.3208 
episode: 735 count: 369 score: 173.1789 average_last200: 175.4928 epis: 0.0006 loss: 81.1779 
episode: 736 count: 391 score: 209.6370 average_last200: 175.5152 epis: 0.0006 loss: 84.0129 
episode: 737 count: 161 score: 34.6563 average_last200: 174.4744 epis: 0.0006 loss: 33.2473 
episode: 738 count: 331 score: 211.7224 average_last200: 174.7630 epis: 0.0006 loss: 70.9549 
episode: 739 count: 249 score: 255.1454 average_last200: 175.5786 epis: 0.0006 loss: 53.3815 
episode: 740 count: 272 score: 239.1513 average_last200: 175.7151 epis: 0.0006 loss: 60.9121 
episode: 741 count: 363 score: 218.5994 average_last200: 175.7622 epis: 0.0006 loss: 77.4162 
episode: 742 count: 340 score: 200.0709 average_last200: 175.4990 epis: 0.0006 loss: 71.7293 
episode: 743 count: 182 score: 12.3670 average_last200: 174.3273 epis: 0.0006 loss: 39.8139 
episode: 744 count: 387 score: 223.9472 average_last200: 174.2452 epis: 0.0006 loss: 84.8238 
episode: 745 count: 238 score: 263.7323 average_last200: 174.4137 epis: 0.0006 loss: 51.4336 
episode: 746 count: 290 score: 218.5773 average_last200: 174.4736 epis: 0.0005 loss: 58.8359 
episode: 747 count: 265 score: 207.4757 average_last200: 174.3753 epis: 0.0005 loss: 54.9230 
episode: 748 count: 194 score: 9.2806 average_last200: 174.1759 epis: 0.0005 loss: 41.1063 
episode: 749 count: 808 score: 186.0788 average_last200: 175.0803 epis: 0.0005 loss: 167.7895 
episode: 750 count: 192 score: -18.0235 average_last200: 173.7949 epis: 0.0005 loss: 44.0567 
episode: 751 count: 261 score: 204.2268 average_last200: 173.8656 epis: 0.0005 loss: 55.8168 
episode: 752 count: 241 score: 248.7132 average_last200: 174.0903 epis: 0.0005 loss: 52.0272 
episode: 753 count: 291 score: 226.5009 average_last200: 174.0946 epis: 0.0005 loss: 65.4189 
episode: 754 count: 158 score: -15.2015 average_last200: 173.0039 epis: 0.0005 loss: 31.5125 
episode: 755 count: 222 score: 251.8640 average_last200: 173.8296 epis: 0.0005 loss: 47.1433 
episode: 756 count: 169 score: 35.0070 average_last200: 173.0656 epis: 0.0005 loss: 34.5936 
episode: 757 count: 255 score: 208.8904 average_last200: 172.9569 epis: 0.0005 loss: 57.7299 
episode: 758 count: 483 score: 198.1623 average_last200: 172.7560 epis: 0.0005 loss: 106.5936 
episode: 759 count: 264 score: 222.9963 average_last200: 172.6979 epis: 0.0005 loss: 60.0664 
episode: 760 count: 230 score: 246.3473 average_last200: 172.7762 epis: 0.0005 loss: 50.5119 
episode: 761 count: 233 score: 209.5720 average_last200: 172.5353 epis: 0.0005 loss: 52.5672 
episode: 762 count: 254 score: 199.4127 average_last200: 172.2622 epis: 0.0005 loss: 54.2424 
episode: 763 count: 213 score: 256.7254 average_last200: 173.5317 epis: 0.0005 loss: 48.7274 
episode: 764 count: 269 score: 240.8033 average_last200: 174.7824 epis: 0.0005 loss: 54.9877 
episode: 765 count: 203 score: -6.6588 average_last200: 173.6863 epis: 0.0005 loss: 44.3756 
episode: 766 count: 472 score: 178.6831 average_last200: 173.5093 epis: 0.0004 loss: 97.7018 
episode: 767 count: 302 score: 195.0678 average_last200: 174.3456 epis: 0.0004 loss: 65.0784 
episode: 768 count: 409 score: 174.2684 average_last200: 174.1355 epis: 0.0004 loss: 87.2030 
episode: 769 count: 273 score: 220.7605 average_last200: 174.0687 epis: 0.0004 loss: 59.0889 
episode: 770 count: 434 score: 149.4527 average_last200: 173.6107 epis: 0.0004 loss: 89.4850 
episode: 771 count: 282 score: 215.3799 average_last200: 173.6663 epis: 0.0004 loss: 61.5909 
episode: 772 count: 328 score: 209.6802 average_last200: 174.3964 epis: 0.0004 loss: 72.0231 
episode: 773 count: 228 score: 223.2626 average_last200: 174.4199 epis: 0.0004 loss: 47.8071 
episode: 774 count: 360 score: 172.4268 average_last200: 175.2945 epis: 0.0004 loss: 78.1971 
episode: 775 count: 280 score: 207.0188 average_last200: 175.2083 epis: 0.0004 loss: 62.1421 
episode: 776 count: 330 score: 202.2489 average_last200: 175.0077 epis: 0.0004 loss: 73.0460 
episode: 777 count: 434 score: 207.8810 average_last200: 175.0838 epis: 0.0004 loss: 95.0787 
episode: 778 count: 185 score: 10.4704 average_last200: 174.0963 epis: 0.0004 loss: 38.3143 
episode: 779 count: 203 score: -25.9391 average_last200: 173.4905 epis: 0.0004 loss: 41.4128 
episode: 780 count: 166 score: -8.5823 average_last200: 172.3547 epis: 0.0004 loss: 37.0774 
episode: 781 count: 157 score: -53.8024 average_last200: 171.0253 epis: 0.0004 loss: 35.5773 
episode: 782 count: 391 score: 234.2459 average_last200: 171.0236 epis: 0.0004 loss: 83.6765 
episode: 783 count: 460 score: 135.4937 average_last200: 171.6974 epis: 0.0004 loss: 97.5580 
episode: 784 count: 301 score: 235.2757 average_last200: 171.9740 epis: 0.0004 loss: 66.8384 
episode: 785 count: 511 score: 134.1241 average_last200: 171.4033 epis: 0.0004 loss: 108.3590 
episode: 786 count: 202 score: -19.8443 average_last200: 170.5134 epis: 0.0004 loss: 41.4495 
episode: 787 count: 183 score: -48.2288 average_last200: 169.2846 epis: 0.0004 loss: 40.0795 
episode: 788 count: 256 score: 135.6310 average_last200: 169.0126 epis: 0.0004 loss: 59.6094 
episode: 789 count: 157 score: -33.9678 average_last200: 167.5418 epis: 0.0004 loss: 34.1060 
episode: 790 count: 363 score: 144.5480 average_last200: 167.0890 epis: 0.0004 loss: 79.0234 
episode: 791 count: 184 score: -39.6400 average_last200: 165.8957 epis: 0.0003 loss: 40.2978 
episode: 792 count: 274 score: 198.6474 average_last200: 165.7607 epis: 0.0003 loss: 58.2774 
episode: 793 count: 116 score: -129.9368 average_last200: 164.1621 epis: 0.0003 loss: 24.4724 
episode: 794 count: 159 score: 6.8174 average_last200: 164.0769 epis: 0.0003 loss: 33.4018 
episode: 795 count: 333 score: 157.2696 average_last200: 164.9362 epis: 0.0003 loss: 70.9315 
episode: 796 count: 308 score: 190.6416 average_last200: 165.1261 epis: 0.0003 loss: 68.6865 
episode: 797 count: 280 score: 168.7151 average_last200: 165.0614 epis: 0.0003 loss: 58.3891 
episode: 798 count: 168 score: -23.5428 average_last200: 164.8580 epis: 0.0003 loss: 37.7885 
episode: 799 count: 885 score: 126.3571 average_last200: 164.3362 epis: 0.0003 loss: 191.4112 
episode: 800 count: 131 score: -6.3249 average_last200: 163.1242 epis: 0.0003 loss: 30.3954 
episode: 801 count: 121 score: -10.0827 average_last200: 161.8390 epis: 0.0003 loss: 25.7002 
episode: 802 count: 493 score: 153.2248 average_last200: 161.5373 epis: 0.0003 loss: 109.1372 
episode: 803 count: 306 score: 197.6911 average_last200: 162.4409 epis: 0.0003 loss: 64.8240 
episode: 804 count: 369 score: 213.6821 average_last200: 162.3827 epis: 0.0003 loss: 79.2254 
episode: 805 count: 125 score: -33.3124 average_last200: 162.2731 epis: 0.0003 loss: 27.4387 
episode: 806 count: 206 score: 161.9244 average_last200: 162.1159 epis: 0.0003 loss: 44.3138 
episode: 807 count: 108 score: -4.5133 average_last200: 161.1110 epis: 0.0003 loss: 23.8328 
episode: 808 count: 159 score: -47.9015 average_last200: 159.8522 epis: 0.0003 loss: 35.3391 
episode: 809 count: 171 score: -25.1498 average_last200: 158.7320 epis: 0.0003 loss: 38.0019 
episode: 810 count: 739 score: 86.7850 average_last200: 158.1061 epis: 0.0003 loss: 165.1339 
episode: 811 count: 1000 score: -22.1529 average_last200: 156.9076 epis: 0.0003 loss: 220.3563 
episode: 812 count: 465 score: 185.6909 average_last200: 156.8033 epis: 0.0003 loss: 98.0064 
episode: 813 count: 381 score: 154.5342 average_last200: 156.4605 epis: 0.0003 loss: 81.9906 
episode: 814 count: 107 score: -86.2124 average_last200: 154.9431 epis: 0.0003 loss: 25.1227 
episode: 815 count: 140 score: -41.6416 average_last200: 153.8775 epis: 0.0003 loss: 29.5479 
episode: 816 count: 879 score: 147.0695 average_last200: 153.8004 epis: 0.0003 loss: 192.0729 
episode: 817 count: 114 score: -70.9281 average_last200: 152.6184 epis: 0.0003 loss: 23.9253 
episode: 818 count: 139 score: -66.9666 average_last200: 151.1802 epis: 0.0003 loss: 31.4292 
episode: 819 count: 485 score: 140.3266 average_last200: 151.0380 epis: 0.0003 loss: 107.3129 
episode: 820 count: 122 score: -33.9910 average_last200: 150.7534 epis: 0.0003 loss: 27.8692 
episode: 821 count: 1000 score: -15.6111 average_last200: 149.6397 epis: 0.0003 loss: 216.0190 
episode: 822 count: 128 score: -54.5169 average_last200: 149.3692 epis: 0.0003 loss: 27.9345 
episode: 823 count: 684 score: 127.6998 average_last200: 148.7734 epis: 0.0003 loss: 150.1925 
episode: 824 count: 139 score: 8.6761 average_last200: 148.8663 epis: 0.0003 loss: 29.6224 
episode: 825 count: 341 score: 206.7897 average_last200: 148.8370 epis: 0.0002 loss: 77.7795 
episode: 826 count: 583 score: 175.8640 average_last200: 148.5827 epis: 0.0002 loss: 120.6141 
episode: 827 count: 148 score: -31.5535 average_last200: 148.2796 epis: 0.0002 loss: 31.1364 
episode: 828 count: 161 score: -32.9512 average_last200: 147.1507 epis: 0.0002 loss: 34.9182 
episode: 829 count: 585 score: 187.4204 average_last200: 147.2813 epis: 0.0002 loss: 126.8007 
episode: 830 count: 280 score: 190.2458 average_last200: 147.0023 epis: 0.0002 loss: 58.4879 
episode: 831 count: 188 score: -31.4148 average_last200: 145.7458 epis: 0.0002 loss: 40.9499 
episode: 832 count: 146 score: -36.8181 average_last200: 144.6950 epis: 0.0002 loss: 28.8636 
episode: 833 count: 1000 score: 50.4460 average_last200: 144.8758 epis: 0.0002 loss: 213.4249 
episode: 834 count: 1000 score: 61.9995 average_last200: 144.0476 epis: 0.0002 loss: 212.5157 
episode: 835 count: 176 score: -53.6382 average_last200: 142.6924 epis: 0.0002 loss: 36.1785 
episode: 836 count: 131 score: -16.3840 average_last200: 141.6991 epis: 0.0002 loss: 28.6491 
episode: 837 count: 210 score: -10.0737 average_last200: 140.7273 epis: 0.0002 loss: 42.7037 
episode: 838 count: 142 score: -48.9356 average_last200: 140.5087 epis: 0.0002 loss: 32.2475 
episode: 839 count: 359 score: 206.6700 average_last200: 141.5864 epis: 0.0002 loss: 74.5519 
episode: 840 count: 405 score: 180.3213 average_last200: 141.2298 epis: 0.0002 loss: 87.6538 
episode: 841 count: 224 score: 202.8520 average_last200: 140.9370 epis: 0.0002 loss: 50.6369 
episode: 842 count: 238 score: 222.3564 average_last200: 142.0277 epis: 0.0002 loss: 51.2866 
episode: 843 count: 223 score: 224.6026 average_last200: 142.3390 epis: 0.0002 loss: 46.3085 
episode: 844 count: 221 score: 225.9101 average_last200: 142.6090 epis: 0.0002 loss: 46.4654 
episode: 845 count: 132 score: -58.8712 average_last200: 141.3151 epis: 0.0002 loss: 29.3123 
episode: 846 count: 102 score: -53.8816 average_last200: 139.8059 epis: 0.0002 loss: 22.5446 
episode: 847 count: 150 score: -55.6378 average_last200: 138.3465 epis: 0.0002 loss: 32.1978 
episode: 848 count: 210 score: -46.6857 average_last200: 137.0378 epis: 0.0002 loss: 45.0648 
episode: 849 count: 172 score: -43.6423 average_last200: 136.0541 epis: 0.0002 loss: 37.5219 
episode: 850 count: 120 score: -30.1961 average_last200: 135.2975 epis: 0.0002 loss: 24.0541 
episode: 851 count: 246 score: 160.3040 average_last200: 134.9373 epis: 0.0002 loss: 51.8217 
episode: 852 count: 219 score: 218.0861 average_last200: 135.9963 epis: 0.0002 loss: 46.7268 
episode: 853 count: 311 score: 194.1858 average_last200: 135.7872 epis: 0.0002 loss: 65.0157 
episode: 854 count: 138 score: -80.4504 average_last200: 134.1303 epis: 0.0002 loss: 29.9522 
episode: 855 count: 216 score: 231.8096 average_last200: 134.5501 epis: 0.0002 loss: 43.8794 
episode: 856 count: 685 score: 220.2064 average_last200: 134.7404 epis: 0.0002 loss: 142.4963 
episode: 857 count: 411 score: 183.3597 average_last200: 135.2159 epis: 0.0002 loss: 89.9824 
episode: 858 count: 139 score: -45.3239 average_last200: 134.2760 epis: 0.0002 loss: 28.7725 
episode: 859 count: 142 score: -33.7650 average_last200: 132.9956 epis: 0.0002 loss: 30.4954 
episode: 860 count: 359 score: 215.5707 average_last200: 132.8986 epis: 0.0002 loss: 78.8634 
episode: 861 count: 195 score: 225.9214 average_last200: 133.0095 epis: 0.0002 loss: 40.5030 
episode: 862 count: 236 score: 193.6196 average_last200: 133.0048 epis: 0.0002 loss: 49.8999 
episode: 863 count: 224 score: 220.8577 average_last200: 134.1325 epis: 0.0002 loss: 44.9871 
episode: 864 count: 168 score: -26.5847 average_last200: 133.8701 epis: 0.0002 loss: 36.1176 
episode: 865 count: 291 score: 168.3449 average_last200: 133.8647 epis: 0.0002 loss: 60.1367 
episode: 866 count: 177 score: 227.6045 average_last200: 133.7196 epis: 0.0002 loss: 37.2865 
episode: 867 count: 360 score: 239.6835 average_last200: 134.1683 epis: 0.0002 loss: 74.4779 
episode: 868 count: 226 score: 204.1229 average_last200: 133.8340 epis: 0.0002 loss: 44.5815 
episode: 869 count: 605 score: 226.4023 average_last200: 133.7954 epis: 0.0002 loss: 130.1131 
episode: 870 count: 307 score: 194.0170 average_last200: 133.4791 epis: 0.0002 loss: 63.9356 
episode: 871 count: 133 score: -21.2557 average_last200: 132.3294 epis: 0.0002 loss: 28.8467 
episode: 872 count: 217 score: 206.8757 average_last200: 132.4339 epis: 0.0002 loss: 44.9328 
episode: 873 count: 271 score: 217.1949 average_last200: 132.8047 epis: 0.0002 loss: 55.6226 
episode: 874 count: 209 score: 230.2566 average_last200: 132.8181 epis: 0.0002 loss: 43.7978 
episode: 875 count: 239 score: 212.9994 average_last200: 132.8103 epis: 0.0002 loss: 49.4998 
episode: 876 count: 131 score: 0.1215 average_last200: 131.6638 epis: 0.0001 loss: 27.8176 
episode: 877 count: 193 score: 207.7488 average_last200: 131.9102 epis: 0.0001 loss: 38.9031 
episode: 878 count: 214 score: 236.7682 average_last200: 133.1221 epis: 0.0001 loss: 47.8805 
episode: 879 count: 152 score: -2.7449 average_last200: 132.0803 epis: 0.0001 loss: 32.6488 
episode: 880 count: 185 score: 219.8986 average_last200: 134.8001 epis: 0.0001 loss: 36.4963 
episode: 881 count: 247 score: 207.3633 average_last200: 135.8692 epis: 0.0001 loss: 49.9461 
episode: 882 count: 176 score: -40.0857 average_last200: 134.5265 epis: 0.0001 loss: 37.7039 
episode: 883 count: 125 score: 1.0010 average_last200: 133.7943 epis: 0.0001 loss: 25.6927 
episode: 884 count: 166 score: -4.3829 average_last200: 132.9755 epis: 0.0001 loss: 34.1151 
episode: 885 count: 230 score: 214.7761 average_last200: 132.8043 epis: 0.0001 loss: 46.9171 
episode: 886 count: 159 score: 2.9399 average_last200: 131.6676 epis: 0.0001 loss: 33.3592 
episode: 887 count: 192 score: 215.0021 average_last200: 131.4744 epis: 0.0001 loss: 39.5243 
episode: 888 count: 212 score: -32.9131 average_last200: 130.1748 epis: 0.0001 loss: 45.5368 
episode: 889 count: 147 score: 9.9476 average_last200: 129.1542 epis: 0.0001 loss: 31.3510 
episode: 890 count: 198 score: 224.3833 average_last200: 129.1433 epis: 0.0001 loss: 42.0132 
episode: 891 count: 242 score: 207.3200 average_last200: 129.2184 epis: 0.0001 loss: 49.9042 
episode: 892 count: 255 score: 220.2356 average_last200: 129.2557 epis: 0.0001 loss: 54.2840 
episode: 893 count: 243 score: 222.1418 average_last200: 129.5173 epis: 0.0001 loss: 49.0328 
episode: 894 count: 222 score: 225.0763 average_last200: 129.5669 epis: 0.0001 loss: 46.8730 
episode: 895 count: 192 score: 195.4629 average_last200: 129.4872 epis: 0.0001 loss: 40.2587 
episode: 896 count: 220 score: 217.0827 average_last200: 129.4777 epis: 0.0001 loss: 46.1999 
episode: 897 count: 302 score: 227.3278 average_last200: 129.4926 epis: 0.0001 loss: 61.2288 
episode: 898 count: 198 score: 202.6170 average_last200: 129.5377 epis: 0.0001 loss: 38.7386 
episode: 899 count: 175 score: 212.4122 average_last200: 129.4671 epis: 0.0001 loss: 38.9709 
episode: 900 count: 125 score: 29.4072 average_last200: 128.2814 epis: 0.0001 loss: 26.3812 
episode: 901 count: 182 score: 239.6803 average_last200: 128.4856 epis: 0.0001 loss: 37.5334 
episode: 902 count: 145 score: 16.5052 average_last200: 127.8089 epis: 0.0001 loss: 30.3521 
episode: 903 count: 226 score: 210.4089 average_last200: 128.0149 epis: 0.0001 loss: 46.0770 
episode: 904 count: 200 score: 241.8959 average_last200: 128.3814 epis: 0.0001 loss: 42.4132 
episode: 905 count: 283 score: 240.7659 average_last200: 128.2815 epis: 0.0001 loss: 57.4487 
episode: 906 count: 321 score: 208.3224 average_last200: 128.3187 epis: 0.0001 loss: 66.1084 
episode: 907 count: 239 score: 205.8678 average_last200: 128.1645 epis: 0.0001 loss: 51.8955 
episode: 908 count: 127 score: 25.2818 average_last200: 127.1349 epis: 0.0001 loss: 25.0159 
episode: 909 count: 286 score: 219.6450 average_last200: 128.1168 epis: 0.0001 loss: 56.0106 
episode: 910 count: 140 score: 10.4055 average_last200: 127.2669 epis: 0.0001 loss: 29.6686 
episode: 911 count: 302 score: 215.3054 average_last200: 127.3456 epis: 0.0001 loss: 59.2801 
episode: 912 count: 302 score: 192.5532 average_last200: 127.1862 epis: 0.0001 loss: 61.8202 
episode: 913 count: 146 score: -5.6186 average_last200: 125.8546 epis: 0.0001 loss: 28.4280 
episode: 914 count: 227 score: 225.1664 average_last200: 125.9383 epis: 0.0001 loss: 44.6545 
episode: 915 count: 150 score: -3.2067 average_last200: 125.0947 epis: 0.0001 loss: 28.5453 
episode: 916 count: 542 score: 195.0281 average_last200: 125.2651 epis: 0.0001 loss: 110.2315 
episode: 917 count: 188 score: 213.5717 average_last200: 125.2696 epis: 0.0001 loss: 37.5508 
episode: 918 count: 290 score: 225.5420 average_last200: 125.2825 epis: 0.0001 loss: 58.9744 
episode: 919 count: 562 score: 237.3320 average_last200: 125.4221 epis: 0.0001 loss: 111.6041 
episode: 920 count: 187 score: 234.7500 average_last200: 126.0392 epis: 0.0001 loss: 33.7342 
episode: 921 count: 1000 score: -66.3624 average_last200: 124.4998 epis: 0.0001 loss: 203.0202 
episode: 922 count: 223 score: 241.7518 average_last200: 124.9778 epis: 0.0001 loss: 43.9996 
episode: 923 count: 928 score: 86.9605 average_last200: 124.3491 epis: 0.0001 loss: 188.5334 
episode: 924 count: 220 score: 250.7395 average_last200: 124.4574 epis: 0.0001 loss: 41.9752 
episode: 925 count: 201 score: 226.5575 average_last200: 126.0662 epis: 0.0001 loss: 40.3541 
episode: 926 count: 280 score: 212.7601 average_last200: 125.8926 epis: 0.0001 loss: 55.7729 
episode: 927 count: 233 score: -33.9450 average_last200: 124.5921 epis: 0.0001 loss: 46.0492 
episode: 928 count: 134 score: -22.9198 average_last200: 123.5136 epis: 0.0001 loss: 27.3752 
episode: 929 count: 414 score: 209.5649 average_last200: 123.4903 epis: 0.0001 loss: 85.0713 
episode: 930 count: 198 score: 260.9959 average_last200: 123.8910 epis: 0.0001 loss: 38.1583 
episode: 931 count: 247 score: 220.4895 average_last200: 124.2035 epis: 0.0001 loss: 47.3127 
episode: 932 count: 881 score: 139.5491 average_last200: 124.0133 epis: 0.0001 loss: 174.1111 
episode: 933 count: 281 score: 221.6622 average_last200: 123.8930 epis: 0.0001 loss: 55.0201 
episode: 934 count: 203 score: 269.6717 average_last200: 124.1813 epis: 0.0001 loss: 40.1933 
episode: 935 count: 256 score: 265.8120 average_last200: 124.6445 epis: 0.0001 loss: 46.8350 
episode: 936 count: 284 score: 231.0558 average_last200: 124.7516 epis: 0.0001 loss: 55.5693 
episode: 937 count: 653 score: 144.4739 average_last200: 125.3007 epis: 0.0001 loss: 130.3122 
episode: 938 count: 324 score: 172.2399 average_last200: 125.1032 epis: 0.0001 loss: 64.3124 
episode: 939 count: 155 score: 4.3353 average_last200: 123.8492 epis: 0.0001 loss: 30.4926 
episode: 940 count: 251 score: 228.8067 average_last200: 123.7975 epis: 0.0001 loss: 47.9690 
episode: 941 count: 493 score: 96.7811 average_last200: 123.1884 epis: 0.0001 loss: 97.5194 
episode: 942 count: 263 score: 208.8474 average_last200: 123.2323 epis: 0.0001 loss: 49.1787 
episode: 943 count: 388 score: 171.9433 average_last200: 124.0301 epis: 0.0001 loss: 77.5463 
episode: 944 count: 225 score: 244.5417 average_last200: 124.1331 epis: 0.0001 loss: 43.3379 
episode: 945 count: 123 score: 19.7965 average_last200: 122.9134 epis: 0.0001 loss: 22.1237 
episode: 946 count: 221 score: 259.6345 average_last200: 123.1187 epis: 0.0001 loss: 43.3931 
episode: 947 count: 245 score: 201.3866 average_last200: 123.0883 epis: 0.0001 loss: 47.4528 
episode: 948 count: 256 score: 212.2145 average_last200: 124.1030 epis: 0.0001 loss: 50.2918 
episode: 949 count: 212 score: 249.3054 average_last200: 124.4191 epis: 0.0001 loss: 40.0891 
episode: 950 count: 402 score: 182.9293 average_last200: 125.4238 epis: 0.0001 loss: 82.4968 
episode: 951 count: 382 score: 193.3714 average_last200: 125.3696 epis: 0.0001 loss: 76.1553 
episode: 952 count: 386 score: 180.7324 average_last200: 125.0297 epis: 0.0001 loss: 74.7484 
episode: 953 count: 438 score: 176.3696 average_last200: 124.7790 epis: 0.0001 loss: 89.5765 
episode: 954 count: 445 score: 148.5189 average_last200: 125.5976 epis: 0.0001 loss: 86.8606 
episode: 955 count: 197 score: 249.0641 average_last200: 125.5836 epis: 0.0001 loss: 36.7266 
episode: 956 count: 281 score: 219.5734 average_last200: 126.5064 epis: 0.0001 loss: 53.0840 
episode: 957 count: 349 score: 198.3650 average_last200: 126.4538 epis: 0.0001 loss: 69.7276 
episode: 958 count: 316 score: 176.9837 average_last200: 126.3479 epis: 0.0001 loss: 60.7792 
episode: 959 count: 504 score: 169.3566 average_last200: 126.0797 epis: 0.0001 loss: 99.5624 
episode: 960 count: 153 score: 20.4791 average_last200: 124.9504 epis: 0.0001 loss: 30.7193 
episode: 961 count: 203 score: 221.6587 average_last200: 125.0108 epis: 0.0001 loss: 42.5636 
episode: 962 count: 281 score: 160.5437 average_last200: 124.8165 epis: 0.0001 loss: 53.4561 
episode: 963 count: 203 score: 243.4623 average_last200: 124.7502 epis: 0.0001 loss: 40.5561 
episode: 964 count: 112 score: -17.0466 average_last200: 123.4609 epis: 0.0001 loss: 21.2602 
episode: 965 count: 423 score: 228.3723 average_last200: 124.6361 epis: 0.0001 loss: 86.4495 
episode: 966 count: 146 score: -2.2782 average_last200: 123.7313 epis: 0.0001 loss: 29.0674 
episode: 967 count: 189 score: 18.5065 average_last200: 122.8485 epis: 0.0001 loss: 38.4934 
episode: 968 count: 440 score: 179.5500 average_last200: 122.8749 epis: 0.0001 loss: 84.9029 
episode: 969 count: 282 score: 203.9429 average_last200: 122.7908 epis: 0.0001 loss: 55.5724 
episode: 970 count: 458 score: 159.6416 average_last200: 122.8417 epis: 0.0001 loss: 92.0297 
episode: 971 count: 159 score: -18.8737 average_last200: 121.6704 epis: 0.0001 loss: 30.2879 
episode: 972 count: 469 score: 180.7932 average_last200: 121.5260 epis: 0.0001 loss: 91.8035 
episode: 973 count: 479 score: 168.8211 average_last200: 121.2538 epis: 0.0001 loss: 97.6245 
episode: 974 count: 206 score: 224.6145 average_last200: 121.5147 epis: 0.0001 loss: 44.2206 
episode: 975 count: 395 score: 188.1053 average_last200: 121.4202 epis: 0.0001 loss: 78.6216 
episode: 976 count: 188 score: 264.3097 average_last200: 121.7305 epis: 0.0001 loss: 38.1239 
episode: 977 count: 320 score: 215.3847 average_last200: 121.7680 epis: 0.0001 loss: 63.0546 
episode: 978 count: 457 score: 211.2322 average_last200: 122.7718 epis: 0.0001 loss: 86.7547 
episode: 979 count: 109 score: 6.6895 average_last200: 122.9350 epis: 0.0001 loss: 21.8543 
episode: 980 count: 356 score: 164.9081 average_last200: 123.8024 epis: 0.0001 loss: 68.9130 
episode: 981 count: 316 score: 180.4839 average_last200: 124.9738 epis: 0.0001 loss: 61.2151 
episode: 982 count: 299 score: 195.3364 average_last200: 124.7793 epis: 0.0001 loss: 61.8936 
episode: 983 count: 227 score: 222.8434 average_last200: 125.2160 epis: 0.0001 loss: 41.6433 
episode: 984 count: 679 score: 116.1667 average_last200: 124.6205 epis: 0.0001 loss: 131.3334 
episode: 985 count: 488 score: 165.5696 average_last200: 124.7777 epis: 0.0000 loss: 92.6733 
episode: 986 count: 441 score: 178.2269 average_last200: 125.7681 epis: 0.0000 loss: 87.8215 
episode: 987 count: 219 score: 247.6458 average_last200: 127.2474 epis: 0.0000 loss: 42.9294 
episode: 988 count: 149 score: 10.0755 average_last200: 126.6197 epis: 0.0000 loss: 25.8141 
episode: 989 count: 341 score: 206.4348 average_last200: 127.8217 epis: 0.0000 loss: 67.9888 
episode: 990 count: 131 score: 13.9574 average_last200: 127.1687 epis: 0.0000 loss: 26.2624 
episode: 991 count: 252 score: 229.3213 average_last200: 128.5135 epis: 0.0000 loss: 49.7974 
episode: 992 count: 297 score: -43.4475 average_last200: 127.3031 epis: 0.0000 loss: 59.0555 
episode: 993 count: 308 score: 215.2001 average_last200: 129.0287 epis: 0.0000 loss: 60.1937 
episode: 994 count: 349 score: 200.4816 average_last200: 129.9971 epis: 0.0000 loss: 67.5403 
episode: 995 count: 419 score: 178.7430 average_last200: 130.1044 epis: 0.0000 loss: 82.0327 
episode: 996 count: 348 score: 187.8166 average_last200: 130.0903 epis: 0.0000 loss: 69.8722 
episode: 997 count: 418 score: 218.2025 average_last200: 130.3377 epis: 0.0000 loss: 79.5916 
episode: 998 count: 295 score: 210.1414 average_last200: 131.5062 epis: 0.0000 loss: 59.4574 
episode: 999 count: 369 score: 170.3289 average_last200: 131.7260 epis: 0.0000 loss: 74.7100 
